2018-02-24 12:11:10,045 [6] INFO  BaseLog [(null)] - [IsAuthorized]IsCheckIP=False,IsCheckLogin=True,CheckModuleRight=,用户请求的地址=http://data1.chitunion.com/api/DataView/History?LatelyDays=-1&r=0.40911712715784965,UrlRefer=http://data1.chitunion.com/DispenseManager/DataProfiles.html
2018-02-24 12:11:10,045 [8] INFO  BaseLog [(null)] - [IsAuthorized]IsCheckIP=False,IsCheckLogin=True,CheckModuleRight=,用户请求的地址=http://data1.chitunion.com/api/Authorize/GetMenuInfo,UrlRefer=http://data1.chitunion.com/DispenseManager/DataProfiles.html
2018-02-24 12:11:10,047 [9] INFO  BaseLog [(null)] - [IsAuthorized]IsCheckIP=False,IsCheckLogin=True,CheckModuleRight=,用户请求的地址=http://data1.chitunion.com/api/DataView/Charts?Category=grab_head&LatelyDays=7,UrlRefer=http://data1.chitunion.com/DispenseManager/DataProfiles.html
2018-02-24 12:11:10,315 [14] INFO  BaseLog [(null)] - 
请求的url地址：http://data1.chitunion.com/api/DataView/History?LatelyDays=-1&r=0.40911712715784965
执行的时间:73.1947ms
请求的参数:{"CheckLogin":true}
返回的结果:{"Status":0,"Message":null,"Result":null,"IsOverdue":null}

2018-02-24 12:11:10,340 [21] INFO  BaseLog [(null)] - 
请求的url地址：http://data1.chitunion.com/api/DataView/Charts?Category=grab_head&LatelyDays=7
执行的时间:55.1471ms
请求的参数:{"CheckLogin":true,"request":{"LatelyDays":7,"Category":"grab_head","TabType":null}}
返回的结果:{"Status":0,"Message":null,"Result":{"grab_head":{"DataPie":{"DataLegend":[],"Data":[]},"DataBar":{"DataLegend":["2018-02-17","2018-02-18","2018-02-19","2018-02-20","2018-02-21","2018-02-22","2018-02-23"],"DicInfo":[],"Data":[]},"Date":{"BeginTime":"2018-02-17","EndTime":"2018-02-23"},"Info":[]},"grab_body":null,"jx_head":null,"jx_body":null,"cxpp_body":null,"wlfz":null,"wlff":null,"zf":null,"xshq":null},"IsOverdue":null}

2018-02-24 12:11:11,332 [6] INFO  BaseLog [(null)] - [IsAuthorized]IsCheckIP=False,IsCheckLogin=True,CheckModuleRight=,用户请求的地址=http://data1.chitunion.com/api/DataView/Charts?Category=jx_head&LatelyDays=7,UrlRefer=http://data1.chitunion.com/DispenseManager/DataProfiles.html
2018-02-24 12:11:11,354 [9] INFO  BaseLog [(null)] - [IsAuthorized]IsCheckIP=False,IsCheckLogin=True,CheckModuleRight=,用户请求的地址=http://data1.chitunion.com/api/DataView/Charts?Category=jx_head&LatelyDays=7,UrlRefer=http://data1.chitunion.com/DispenseManager/DataProfiles.html
2018-02-24 12:11:11,370 [8] INFO  BaseLog [(null)] - 
请求的url地址：http://data1.chitunion.com/api/DataView/Charts?Category=jx_head&LatelyDays=7
执行的时间:19.0534ms
请求的参数:{"CheckLogin":true,"request":{"LatelyDays":7,"Category":"jx_head","TabType":null}}
返回的结果:{"Status":0,"Message":null,"Result":{"grab_head":null,"grab_body":null,"jx_head":{"DataPie":{"DataLegend":[],"Data":[]},"DataBar":{"DataLegend":["2018-02-17","2018-02-18","2018-02-19","2018-02-20","2018-02-21","2018-02-22","2018-02-23"],"DicInfo":[],"Data":[]},"Date":{"BeginTime":"2018-02-17","EndTime":"2018-02-23"},"Info":[]},"jx_body":null,"cxpp_body":null,"wlfz":null,"wlff":null,"zf":null,"xshq":null},"IsOverdue":null}

2018-02-24 12:11:11,380 [21] INFO  BaseLog [(null)] - 
请求的url地址：http://data1.chitunion.com/api/DataView/Charts?Category=jx_head&LatelyDays=7
执行的时间:4.0107ms
请求的参数:{"CheckLogin":true,"request":{"LatelyDays":7,"Category":"jx_head","TabType":null}}
返回的结果:{"Status":0,"Message":null,"Result":{"grab_head":null,"grab_body":null,"jx_head":{"DataPie":{"DataLegend":[],"Data":[]},"DataBar":{"DataLegend":["2018-02-17","2018-02-18","2018-02-19","2018-02-20","2018-02-21","2018-02-22","2018-02-23"],"DicInfo":[],"Data":[]},"Date":{"BeginTime":"2018-02-17","EndTime":"2018-02-23"},"Info":[]},"jx_body":null,"cxpp_body":null,"wlfz":null,"wlff":null,"zf":null,"xshq":null},"IsOverdue":null}

2018-02-24 12:11:11,403 [9] INFO  BaseLog [(null)] - [IsAuthorized]IsCheckIP=False,IsCheckLogin=True,CheckModuleRight=,用户请求的地址=http://data1.chitunion.com/api/DataView/Charts?Category=jx_head&LatelyDays=7,UrlRefer=http://data1.chitunion.com/DispenseManager/DataProfiles.html
2018-02-24 12:11:11,426 [6] INFO  BaseLog [(null)] - 
请求的url地址：http://data1.chitunion.com/api/DataView/Charts?Category=jx_head&LatelyDays=7
执行的时间:3.0097ms
请求的参数:{"CheckLogin":true,"request":{"LatelyDays":7,"Category":"jx_head","TabType":null}}
返回的结果:{"Status":0,"Message":null,"Result":{"grab_head":null,"grab_body":null,"jx_head":{"DataPie":{"DataLegend":[],"Data":[]},"DataBar":{"DataLegend":["2018-02-17","2018-02-18","2018-02-19","2018-02-20","2018-02-21","2018-02-22","2018-02-23"],"DicInfo":[],"Data":[]},"Date":{"BeginTime":"2018-02-17","EndTime":"2018-02-23"},"Info":[]},"jx_body":null,"cxpp_body":null,"wlfz":null,"wlff":null,"zf":null,"xshq":null},"IsOverdue":null}

2018-02-24 12:11:11,449 [14] INFO  BaseLog [(null)] - [IsAuthorized]IsCheckIP=False,IsCheckLogin=True,CheckModuleRight=,用户请求的地址=http://data1.chitunion.com/api/DataView/Charts?Category=jx_head&LatelyDays=7,UrlRefer=http://data1.chitunion.com/DispenseManager/DataProfiles.html
2018-02-24 12:11:11,457 [21] INFO  BaseLog [(null)] - [IsAuthorized]IsCheckIP=False,IsCheckLogin=True,CheckModuleRight=,用户请求的地址=http://data1.chitunion.com/api/DataView/Charts?Category=jx_head&LatelyDays=7,UrlRefer=http://data1.chitunion.com/DispenseManager/DataProfiles.html
2018-02-24 12:11:11,470 [6] INFO  BaseLog [(null)] - 
请求的url地址：http://data1.chitunion.com/api/DataView/Charts?Category=jx_head&LatelyDays=7
执行的时间:2.0061ms
请求的参数:{"CheckLogin":true,"request":{"LatelyDays":7,"Category":"jx_head","TabType":null}}
返回的结果:{"Status":0,"Message":null,"Result":{"grab_head":null,"grab_body":null,"jx_head":{"DataPie":{"DataLegend":[],"Data":[]},"DataBar":{"DataLegend":["2018-02-17","2018-02-18","2018-02-19","2018-02-20","2018-02-21","2018-02-22","2018-02-23"],"DicInfo":[],"Data":[]},"Date":{"BeginTime":"2018-02-17","EndTime":"2018-02-23"},"Info":[]},"jx_body":null,"cxpp_body":null,"wlfz":null,"wlff":null,"zf":null,"xshq":null},"IsOverdue":null}

2018-02-24 12:11:11,479 [9] INFO  BaseLog [(null)] - 
请求的url地址：http://data1.chitunion.com/api/DataView/Charts?Category=jx_head&LatelyDays=7
执行的时间:5.0132ms
请求的参数:{"CheckLogin":true,"request":{"LatelyDays":7,"Category":"jx_head","TabType":null}}
返回的结果:{"Status":0,"Message":null,"Result":{"grab_head":null,"grab_body":null,"jx_head":{"DataPie":{"DataLegend":[],"Data":[]},"DataBar":{"DataLegend":["2018-02-17","2018-02-18","2018-02-19","2018-02-20","2018-02-21","2018-02-22","2018-02-23"],"DicInfo":[],"Data":[]},"Date":{"BeginTime":"2018-02-17","EndTime":"2018-02-23"},"Info":[]},"jx_body":null,"cxpp_body":null,"wlfz":null,"wlff":null,"zf":null,"xshq":null},"IsOverdue":null}

2018-02-24 12:11:15,297 [9] INFO  BaseLog [(null)] - [IsAuthorized]IsCheckIP=False,IsCheckLogin=True,CheckModuleRight=,用户请求的地址=http://data1.chitunion.com/api/chitu/GetChannel,UrlRefer=http://data1.chitunion.com/dispensemanager/datastatistics.html
2018-02-24 12:11:15,747 [6] INFO  BaseLog [(null)] - [IsAuthorized]IsCheckIP=False,IsCheckLogin=True,CheckModuleRight=,用户请求的地址=http://data1.chitunion.com/api/chitu/ChannelSummary?r=0.00725448241378801,UrlRefer=http://data1.chitunion.com/dispensemanager/datastatistics.html
2018-02-24 12:11:15,763 [21] INFO  BaseLog [(null)] - [IsAuthorized]IsCheckIP=False,IsCheckLogin=True,CheckModuleRight=,用户请求的地址=http://data1.chitunion.com/api/chitu/ChannelSummaryByDay?BeginDate=&EndDate=&ChannelID=-2&StateOfSettlement=-2&PageSize=20&PageIndex=1&r=0.42265486165225274,UrlRefer=http://data1.chitunion.com/dispensemanager/datastatistics.html
2018-02-24 12:11:15,763 [8] INFO  BaseLog [(null)] - [IsAuthorized]IsCheckIP=False,IsCheckLogin=True,CheckModuleRight=,用户请求的地址=http://data1.chitunion.com/api/Authorize/GetMenuInfo,UrlRefer=http://data1.chitunion.com/dispensemanager/datastatistics.html
2018-02-24 12:11:16,004 [14] INFO  BaseLog [(null)] - 
请求的url地址：http://data1.chitunion.com/api/chitu/ChannelSummaryByDay?BeginDate=&EndDate=&ChannelID=-2&StateOfSettlement=-2&PageSize=20&PageIndex=1&r=0.42265486165225274
执行的时间:197.5253ms
请求的参数:{"CheckLogin":true,"req":{"ChannelID":-2,"BeginDate":null,"EndDate":null,"StateOfSettlement":-2,"PageIndex":1,"PageSize":20}}
返回的结果:{"Status":0,"Message":"Success","Result":{"TotalCount":0,"List":[]},"IsOverdue":null}

2018-02-24 12:11:16,067 [14] INFO  BaseLog [(null)] - 
请求的url地址：http://data1.chitunion.com/api/chitu/ChannelSummary?r=0.00725448241378801
执行的时间:284.7558ms
请求的参数:{"CheckLogin":true}
返回的结果:{"Status":0,"Message":"Success","Result":{"ProfitOfYesterday":0.00,"ProfitOfThisMonth":0.00,"ProfitLastMonth":0.00,"Accumulated":300.00,"SettledAmount":0.00,"ChannelList":[{"ChannelName":"微博易","ProfitOfYesterday":0.00,"ProfitOfThisMonth":0.00,"ProfitLastMonth":0.00,"Accumulated":300.00,"SettledAmount":0.00}]},"IsOverdue":null}

2018-02-24 12:11:54,537 [14] INFO  BaseLog [(null)] - [IsAuthorized]IsCheckIP=False,IsCheckLogin=True,CheckModuleRight=,用户请求的地址=http://data1.chitunion.com/api/chitu/GetChannel,UrlRefer=http://data1.chitunion.com/dispensemanager/datastatistics.html
2018-02-24 12:11:54,891 [9] INFO  BaseLog [(null)] - [IsAuthorized]IsCheckIP=False,IsCheckLogin=True,CheckModuleRight=,用户请求的地址=http://data1.chitunion.com/api/chitu/ChannelSummary?r=0.37801693506885026,UrlRefer=http://data1.chitunion.com/dispensemanager/datastatistics.html
2018-02-24 12:11:54,898 [21] INFO  BaseLog [(null)] - [IsAuthorized]IsCheckIP=False,IsCheckLogin=True,CheckModuleRight=,用户请求的地址=http://data1.chitunion.com/api/chitu/ChannelSummaryByDay?BeginDate=&EndDate=&ChannelID=-2&StateOfSettlement=-2&PageSize=20&PageIndex=1&r=0.8238766663235358,UrlRefer=http://data1.chitunion.com/dispensemanager/datastatistics.html
2018-02-24 12:11:54,905 [8] INFO  BaseLog [(null)] - [IsAuthorized]IsCheckIP=False,IsCheckLogin=True,CheckModuleRight=,用户请求的地址=http://data1.chitunion.com/api/Authorize/GetMenuInfo,UrlRefer=http://data1.chitunion.com/dispensemanager/datastatistics.html
2018-02-24 12:11:55,063 [8] INFO  BaseLog [(null)] - 
请求的url地址：http://data1.chitunion.com/api/chitu/ChannelSummaryByDay?BeginDate=&EndDate=&ChannelID=-2&StateOfSettlement=-2&PageSize=20&PageIndex=1&r=0.8238766663235358
执行的时间:138.366ms
请求的参数:{"CheckLogin":true,"req":{"ChannelID":-2,"BeginDate":null,"EndDate":null,"StateOfSettlement":-2,"PageIndex":1,"PageSize":20}}
返回的结果:{"Status":0,"Message":"Success","Result":{"TotalCount":0,"List":[]},"IsOverdue":null}

2018-02-24 12:11:55,162 [23] INFO  BaseLog [(null)] - 
请求的url地址：http://data1.chitunion.com/api/chitu/ChannelSummary?r=0.37801693506885026
执行的时间:244.6504ms
请求的参数:{"CheckLogin":true}
返回的结果:{"Status":0,"Message":"Success","Result":{"ProfitOfYesterday":0.00,"ProfitOfThisMonth":0.00,"ProfitLastMonth":0.00,"Accumulated":300.00,"SettledAmount":0.00,"ChannelList":[{"ChannelName":"微博易","ProfitOfYesterday":0.00,"ProfitOfThisMonth":0.00,"ProfitLastMonth":0.00,"Accumulated":300.00,"SettledAmount":0.00}]},"IsOverdue":null}

