2018-03-26 10:51:01,176 [61] INFO  BaseLog [(null)] - 
当前操作类型:WeiXin
 查询条件信息:{"OrderName":null,"OrderStatus":-2,"TaskType":192001,"Category":-2,"BusinessType":0,"Number":null,"Name":null,"Status":-2,"PublishStatus":-2,"EndTime":-2,"Source":-2,"OrderBy":0,"PageIndex":1,"PageSize":8,"SqlWhere":null,"UserId":0}
2018-03-26 10:51:01,177 [62] INFO  BaseLog [(null)] - 
当前操作类型:WeiXin
 查询条件信息:{"OrderName":null,"OrderStatus":-2,"TaskType":192002,"Category":-2,"BusinessType":0,"Number":null,"Name":null,"Status":-2,"PublishStatus":-2,"EndTime":-2,"Source":-2,"OrderBy":0,"PageIndex":1,"PageSize":8,"SqlWhere":null,"UserId":0}
2018-03-26 10:51:01,534 [59] INFO  BaseLog [(null)] - 
请求的url地址：http://www1.chitunion.com/api/task/GetCoverImageList?PageIndex=1&PageSize=8&r=0.799435525561232
客户端IP:127.0.0.1
执行的时间:611.6235ms
请求的参数:{"request":{"OrderName":null,"OrderStatus":-2,"TaskType":-2,"Category":-2,"BusinessType":0,"Number":null,"Name":null,"Status":-2,"PublishStatus":-2,"EndTime":-2,"Source":-2,"OrderBy":0,"PageIndex":1,"PageSize":8,"SqlWhere":null,"UserId":0}}
返回的结果:{"Status":0,"Message":null,"Result":{"List":[{"TaskId":16403,"TaskName":"买车全包圆儿，立即体验","MaterialUrl":"https://h5.qichedaquan.com/jike/","BillingRuleName":"0.10元/CPC + 3元/CPL","ImgUrl":"http://op.chitunion.com/UploadFiles/BottomMaterielPic/06.png","Synopsis":"无","CPCPrice":0.10,"CPLPrice":3.00,"TaskAmount":803.00,"RuleCount":20000,"TakeCount":34},{"TaskId":16402,"TaskName":"新年更优惠，买车正当时","MaterialUrl":"https://h5.qichedaquan.com/jike/","BillingRuleName":"0.21元/CPC + 3元/CPL","ImgUrl":"http://op.chitunion.com/UploadFiles/BottomMaterielPic/03.png","Synopsis":"无","CPCPrice":0.21,"CPLPrice":3.00,"TaskAmount":910.00,"RuleCount":20000,"TakeCount":17},{"TaskId":16401,"TaskName":"买新车要试驾，立即预约","MaterialUrl":"https://h5.qichedaquan.com/jike/","BillingRuleName":"0.10元/CPC + 3元/CPL","ImgUrl":"http://op.chitunion.com/UploadFiles/BottomMaterielPic/05.png","Synopsis":"无","CPCPrice":0.10,"CPLPrice":3.00,"TaskAmount":804.00,"RuleCount":20000,"TakeCount":1},{"TaskId":16400,"TaskName":"新年更优惠，立即询底价","MaterialUrl":"https://h5.qichedaquan.com/jike/","BillingRuleName":"0.14元/CPC + 3元/CPL","ImgUrl":"http://op.chitunion.com/UploadFiles/BottomMaterielPic/08.png","Synopsis":"无","CPCPrice":0.14,"CPLPrice":3.00,"TaskAmount":849.00,"RuleCount":20000,"TakeCount":0},{"TaskId":16399,"TaskName":"小白买车，帮你选好车","MaterialUrl":"https://h5.qichedaquan.com/jike/","BillingRuleName":"0.29元/CPC + 3元/CPL","ImgUrl":"http://op.chitunion.com/UploadFiles/BottomMaterielPic/07.png","Synopsis":"无","CPCPrice":0.29,"CPLPrice":3.00,"TaskAmount":999.00,"RuleCount":20000,"TakeCount":15},{"TaskId":16398,"TaskName":"买车要砍价，找TA报价优惠多","MaterialUrl":"https://h5.qichedaquan.com/jike/","BillingRuleName":"0.27元/CPC + 3元/CPL","ImgUrl":"http://op.chitunion.com/UploadFiles/BottomMaterielPic/02.png","Synopsis":"无","CPCPrice":0.27,"CPLPrice":3.00,"TaskAmount":973.00,"RuleCount":20000,"TakeCount":14},{"TaskId":16397,"TaskName":"买新车来询价，低价马上到手","MaterialUrl":"https://h5.qichedaquan.com/jike/","BillingRuleName":"0.26元/CPC + 3元/CPL","ImgUrl":"http://op.chitunion.com/UploadFiles/BottomMaterielPic/04.png","Synopsis":"无","CPCPrice":0.26,"CPLPrice":3.00,"TaskAmount":995.00,"RuleCount":20000,"TakeCount":6},{"TaskId":16396,"TaskName":"低价买新车，立即询底价","MaterialUrl":"https://h5.qichedaquan.com/jike/","BillingRuleName":"0.10元/CPC + 0元/CPL","ImgUrl":"http://op.chitunion.com/UploadFiles/BottomMaterielPic/01.png","Synopsis":"无","CPCPrice":0.10,"CPLPrice":0.00,"TaskAmount":523.00,"RuleCount":20000,"TakeCount":0}],"TotleCount":8,"Extend":null},"IsOverdue":null}

2018-03-26 10:51:01,540 [60] INFO  BaseLog [(null)] - 
请求的url地址：http://www1.chitunion.com/api/task/GetDistrbuteList?PageIndex=1&PageSize=8&Category=-2&r=0.884360443733472
客户端IP:127.0.0.1
执行的时间:612.1245ms
请求的参数:{"request":{"OrderName":null,"OrderStatus":-2,"TaskType":-2,"Category":-2,"BusinessType":0,"Number":null,"Name":null,"Status":-2,"PublishStatus":-2,"EndTime":-2,"Source":-2,"OrderBy":0,"PageIndex":1,"PageSize":8,"SqlWhere":null,"UserId":0}}
返回的结果:{"Status":0,"Message":null,"Result":{"List":[{"TaskId":16417,"TaskName":"这款A级新家轿车专业底盘调校，5.59万买不买","MaterialUrl":"http://news1.chitu.qichedaquan.com/ct_m/20180321/10877.html","BillingRuleName":"0.16元/CPC + 0元/CPL","ImgUrl":"http://imgcdn.chitunion.com/group4/M00/8A/10/QQ0DAFqwYW2AFrB1AAA0oITRrg0371.JPG","Synopsis":"这款A级新家轿车专业底盘调校，5.59万买不买","CPCPrice":0.16,"CPLPrice":0.00,"TaskAmount":667.00,"RuleCount":20000,"TakeCount":0},{"TaskId":16416,"TaskName":"美国行之初来乍到????","MaterialUrl":"http://news1.chitu.qichedaquan.com/ct_m/20180321/10878.html","BillingRuleName":"0.21元/CPC + 0元/CPL","ImgUrl":"http://imgcdn.chitunion.com/group4/M00/D1/22/Qw0DAFqv4nWAfzhTAABBgCTtxHE497.JPG","Synopsis":"雨のmemory 2013.6.14 坐了十几个小时飞机，终于落地了，印象深刻的是飞机上服务，全是上了岁数的大妈和大叔，笑容可掬、不慌不忙慢慢做事，中途跑去看了下航拍，大片水...","CPCPrice":0.21,"CPLPrice":0.00,"TaskAmount":786.00,"RuleCount":20000,"TakeCount":0},{"TaskId":16415,"TaskName":"这里才是皇城根儿的“根”","MaterialUrl":"http://news1.chitu.qichedaquan.com/ct_m/20180321/10893.html","BillingRuleName":"0.15元/CPC + 0元/CPL","ImgUrl":"http://imgcdn.chitunion.com/group4/M00/8A/1C/QQ0DAFqwci6APzZUAAA7-QN9R80326.JPG","Synopsis":"这里才是皇城根儿的“根”","CPCPrice":0.15,"CPLPrice":0.00,"TaskAmount":627.00,"RuleCount":20000,"TakeCount":0},{"TaskId":16414,"TaskName":"1进门收纳换鞋凳，空间“0”占用！","MaterialUrl":"http://news1.chitu.qichedaquan.com/ct_m/20180321/10885.html","BillingRuleName":"0.17元/CPC + 0元/CPL","ImgUrl":"http://192.168.3.76/group4/M00/02/60/pIYBAFqvZEmAU7jZAAAkhAl47U4069.JPG","Synopsis":"玄关凳还可以和收纳彼此融合，提高空间利用率。","CPCPrice":0.17,"CPLPrice":0.00,"TaskAmount":675.00,"RuleCount":20000,"TakeCount":0},{"TaskId":16413,"TaskName":"再说李斌就哭了，蔚来江淮怎么会分手","MaterialUrl":"http://news1.chitu.qichedaquan.com/ct_m/20180321/10874.html","BillingRuleName":"0.22元/CPC + 3元/CPL","ImgUrl":"http://imgcdn.chitunion.com/group4/M00/8A/30/QQ0DAFqweYaAbrD4AAAZHMKL0sU783.JPG","Synopsis":"再说李斌就哭了，蔚来江淮怎么会分手","CPCPrice":0.22,"CPLPrice":3.00,"TaskAmount":929.00,"RuleCount":20000,"TakeCount":0},{"TaskId":16412,"TaskName":"破格晋升 测试广汽传祺GM8 320T 旗舰版","MaterialUrl":"http://news1.chitu.qichedaquan.com/ct_m/20180320/10869.html","BillingRuleName":"0.13元/CPC + 3元/CPL","ImgUrl":"http://imgcdn.chitunion.com/group4/M00/D1/24/Qw0DAFqv6hCAYPZAAAA-9lq4u78609.JPG","Synopsis":"123455677","CPCPrice":0.13,"CPLPrice":3.00,"TaskAmount":834.00,"RuleCount":20000,"TakeCount":0},{"TaskId":16411,"TaskName":"售9-11万/换装7DCT 新款哈弗M6正式上市","MaterialUrl":"http://news1.chitu.qichedaquan.com/ct_m/20180320/10861.html","BillingRuleName":"0.21元/CPC + 3元/CPL","ImgUrl":"http://imgcdn.chitunion.com/group4/M00/8A/1A/QQ0DAFqwb8yACeLcAAAlNqxkUzo811.JPG","Synopsis":"123457677","CPCPrice":0.21,"CPLPrice":3.00,"TaskAmount":913.00,"RuleCount":20000,"TakeCount":0},{"TaskId":16410,"TaskName":"全球首例！Uber自动驾驶车辆致行人死亡","MaterialUrl":"http://news1.chitu.qichedaquan.com/ct_m/20180320/10860.html","BillingRuleName":"0.20元/CPC + 3元/CPL","ImgUrl":"http://imgcdn.chitunion.com/group4/M00/8A/38/QQ0DAFqwfh6AUTM2AAAlxpkgfGM747.JPG","Synopsis":"12345678","CPCPrice":0.20,"CPLPrice":3.00,"TaskAmount":905.00,"RuleCount":20000,"TakeCount":0}],"TotleCount":533,"Extend":null},"IsOverdue":null}

2018-03-26 10:51:11,355 [67] INFO  BaseLog [(null)] - 
当前操作类型:WeiXin
 查询条件信息:{"OrderName":null,"OrderStatus":-2,"TaskType":192001,"Category":-2,"BusinessType":0,"Number":null,"Name":null,"Status":-2,"PublishStatus":-2,"EndTime":-2,"Source":-2,"OrderBy":0,"PageIndex":1,"PageSize":8,"SqlWhere":null,"UserId":0}
2018-03-26 10:51:11,355 [59] INFO  BaseLog [(null)] - 
当前操作类型:WeiXin
 查询条件信息:{"OrderName":null,"OrderStatus":-2,"TaskType":192002,"Category":-2,"BusinessType":0,"Number":null,"Name":null,"Status":-2,"PublishStatus":-2,"EndTime":-2,"Source":-2,"OrderBy":0,"PageIndex":1,"PageSize":8,"SqlWhere":null,"UserId":0}
2018-03-26 10:51:11,361 [60] INFO  BaseLog [(null)] - 
请求的url地址：http://www1.chitunion.com/api/task/GetCoverImageList?PageIndex=1&PageSize=8&r=0.8282958573151871
客户端IP:127.0.0.1
执行的时间:6.0159ms
请求的参数:{"request":{"OrderName":null,"OrderStatus":-2,"TaskType":-2,"Category":-2,"BusinessType":0,"Number":null,"Name":null,"Status":-2,"PublishStatus":-2,"EndTime":-2,"Source":-2,"OrderBy":0,"PageIndex":1,"PageSize":8,"SqlWhere":null,"UserId":0}}
返回的结果:{"Status":0,"Message":null,"Result":{"List":[{"TaskId":16403,"TaskName":"买车全包圆儿，立即体验","MaterialUrl":"https://h5.qichedaquan.com/jike/","BillingRuleName":"0.10元/CPC + 3元/CPL","ImgUrl":"http://op.chitunion.com/UploadFiles/BottomMaterielPic/06.png","Synopsis":"无","CPCPrice":0.10,"CPLPrice":3.00,"TaskAmount":803.00,"RuleCount":20000,"TakeCount":34},{"TaskId":16402,"TaskName":"新年更优惠，买车正当时","MaterialUrl":"https://h5.qichedaquan.com/jike/","BillingRuleName":"0.21元/CPC + 3元/CPL","ImgUrl":"http://op.chitunion.com/UploadFiles/BottomMaterielPic/03.png","Synopsis":"无","CPCPrice":0.21,"CPLPrice":3.00,"TaskAmount":910.00,"RuleCount":20000,"TakeCount":17},{"TaskId":16401,"TaskName":"买新车要试驾，立即预约","MaterialUrl":"https://h5.qichedaquan.com/jike/","BillingRuleName":"0.10元/CPC + 3元/CPL","ImgUrl":"http://op.chitunion.com/UploadFiles/BottomMaterielPic/05.png","Synopsis":"无","CPCPrice":0.10,"CPLPrice":3.00,"TaskAmount":804.00,"RuleCount":20000,"TakeCount":1},{"TaskId":16400,"TaskName":"新年更优惠，立即询底价","MaterialUrl":"https://h5.qichedaquan.com/jike/","BillingRuleName":"0.14元/CPC + 3元/CPL","ImgUrl":"http://op.chitunion.com/UploadFiles/BottomMaterielPic/08.png","Synopsis":"无","CPCPrice":0.14,"CPLPrice":3.00,"TaskAmount":849.00,"RuleCount":20000,"TakeCount":0},{"TaskId":16399,"TaskName":"小白买车，帮你选好车","MaterialUrl":"https://h5.qichedaquan.com/jike/","BillingRuleName":"0.29元/CPC + 3元/CPL","ImgUrl":"http://op.chitunion.com/UploadFiles/BottomMaterielPic/07.png","Synopsis":"无","CPCPrice":0.29,"CPLPrice":3.00,"TaskAmount":999.00,"RuleCount":20000,"TakeCount":15},{"TaskId":16398,"TaskName":"买车要砍价，找TA报价优惠多","MaterialUrl":"https://h5.qichedaquan.com/jike/","BillingRuleName":"0.27元/CPC + 3元/CPL","ImgUrl":"http://op.chitunion.com/UploadFiles/BottomMaterielPic/02.png","Synopsis":"无","CPCPrice":0.27,"CPLPrice":3.00,"TaskAmount":973.00,"RuleCount":20000,"TakeCount":14},{"TaskId":16397,"TaskName":"买新车来询价，低价马上到手","MaterialUrl":"https://h5.qichedaquan.com/jike/","BillingRuleName":"0.26元/CPC + 3元/CPL","ImgUrl":"http://op.chitunion.com/UploadFiles/BottomMaterielPic/04.png","Synopsis":"无","CPCPrice":0.26,"CPLPrice":3.00,"TaskAmount":995.00,"RuleCount":20000,"TakeCount":6},{"TaskId":16396,"TaskName":"低价买新车，立即询底价","MaterialUrl":"https://h5.qichedaquan.com/jike/","BillingRuleName":"0.10元/CPC + 0元/CPL","ImgUrl":"http://op.chitunion.com/UploadFiles/BottomMaterielPic/01.png","Synopsis":"无","CPCPrice":0.10,"CPLPrice":0.00,"TaskAmount":523.00,"RuleCount":20000,"TakeCount":0}],"TotleCount":8,"Extend":null},"IsOverdue":null}

2018-03-26 10:51:11,361 [67] INFO  BaseLog [(null)] - 
请求的url地址：http://www1.chitunion.com/api/task/GetDistrbuteList?PageIndex=1&PageSize=8&Category=-2&r=0.07674142463968803
客户端IP:127.0.0.1
执行的时间:6.0159ms
请求的参数:{"request":{"OrderName":null,"OrderStatus":-2,"TaskType":-2,"Category":-2,"BusinessType":0,"Number":null,"Name":null,"Status":-2,"PublishStatus":-2,"EndTime":-2,"Source":-2,"OrderBy":0,"PageIndex":1,"PageSize":8,"SqlWhere":null,"UserId":0}}
返回的结果:{"Status":0,"Message":null,"Result":{"List":[{"TaskId":16417,"TaskName":"这款A级新家轿车专业底盘调校，5.59万买不买","MaterialUrl":"http://news1.chitu.qichedaquan.com/ct_m/20180321/10877.html","BillingRuleName":"0.16元/CPC + 0元/CPL","ImgUrl":"http://imgcdn.chitunion.com/group4/M00/8A/10/QQ0DAFqwYW2AFrB1AAA0oITRrg0371.JPG","Synopsis":"这款A级新家轿车专业底盘调校，5.59万买不买","CPCPrice":0.16,"CPLPrice":0.00,"TaskAmount":667.00,"RuleCount":20000,"TakeCount":0},{"TaskId":16416,"TaskName":"美国行之初来乍到????","MaterialUrl":"http://news1.chitu.qichedaquan.com/ct_m/20180321/10878.html","BillingRuleName":"0.21元/CPC + 0元/CPL","ImgUrl":"http://imgcdn.chitunion.com/group4/M00/D1/22/Qw0DAFqv4nWAfzhTAABBgCTtxHE497.JPG","Synopsis":"雨のmemory 2013.6.14 坐了十几个小时飞机，终于落地了，印象深刻的是飞机上服务，全是上了岁数的大妈和大叔，笑容可掬、不慌不忙慢慢做事，中途跑去看了下航拍，大片水...","CPCPrice":0.21,"CPLPrice":0.00,"TaskAmount":786.00,"RuleCount":20000,"TakeCount":0},{"TaskId":16415,"TaskName":"这里才是皇城根儿的“根”","MaterialUrl":"http://news1.chitu.qichedaquan.com/ct_m/20180321/10893.html","BillingRuleName":"0.15元/CPC + 0元/CPL","ImgUrl":"http://imgcdn.chitunion.com/group4/M00/8A/1C/QQ0DAFqwci6APzZUAAA7-QN9R80326.JPG","Synopsis":"这里才是皇城根儿的“根”","CPCPrice":0.15,"CPLPrice":0.00,"TaskAmount":627.00,"RuleCount":20000,"TakeCount":0},{"TaskId":16414,"TaskName":"1进门收纳换鞋凳，空间“0”占用！","MaterialUrl":"http://news1.chitu.qichedaquan.com/ct_m/20180321/10885.html","BillingRuleName":"0.17元/CPC + 0元/CPL","ImgUrl":"http://192.168.3.76/group4/M00/02/60/pIYBAFqvZEmAU7jZAAAkhAl47U4069.JPG","Synopsis":"玄关凳还可以和收纳彼此融合，提高空间利用率。","CPCPrice":0.17,"CPLPrice":0.00,"TaskAmount":675.00,"RuleCount":20000,"TakeCount":0},{"TaskId":16413,"TaskName":"再说李斌就哭了，蔚来江淮怎么会分手","MaterialUrl":"http://news1.chitu.qichedaquan.com/ct_m/20180321/10874.html","BillingRuleName":"0.22元/CPC + 3元/CPL","ImgUrl":"http://imgcdn.chitunion.com/group4/M00/8A/30/QQ0DAFqweYaAbrD4AAAZHMKL0sU783.JPG","Synopsis":"再说李斌就哭了，蔚来江淮怎么会分手","CPCPrice":0.22,"CPLPrice":3.00,"TaskAmount":929.00,"RuleCount":20000,"TakeCount":0},{"TaskId":16412,"TaskName":"破格晋升 测试广汽传祺GM8 320T 旗舰版","MaterialUrl":"http://news1.chitu.qichedaquan.com/ct_m/20180320/10869.html","BillingRuleName":"0.13元/CPC + 3元/CPL","ImgUrl":"http://imgcdn.chitunion.com/group4/M00/D1/24/Qw0DAFqv6hCAYPZAAAA-9lq4u78609.JPG","Synopsis":"123455677","CPCPrice":0.13,"CPLPrice":3.00,"TaskAmount":834.00,"RuleCount":20000,"TakeCount":0},{"TaskId":16411,"TaskName":"售9-11万/换装7DCT 新款哈弗M6正式上市","MaterialUrl":"http://news1.chitu.qichedaquan.com/ct_m/20180320/10861.html","BillingRuleName":"0.21元/CPC + 3元/CPL","ImgUrl":"http://imgcdn.chitunion.com/group4/M00/8A/1A/QQ0DAFqwb8yACeLcAAAlNqxkUzo811.JPG","Synopsis":"123457677","CPCPrice":0.21,"CPLPrice":3.00,"TaskAmount":913.00,"RuleCount":20000,"TakeCount":0},{"TaskId":16410,"TaskName":"全球首例！Uber自动驾驶车辆致行人死亡","MaterialUrl":"http://news1.chitu.qichedaquan.com/ct_m/20180320/10860.html","BillingRuleName":"0.20元/CPC + 3元/CPL","ImgUrl":"http://imgcdn.chitunion.com/group4/M00/8A/38/QQ0DAFqwfh6AUTM2AAAlxpkgfGM747.JPG","Synopsis":"12345678","CPCPrice":0.20,"CPLPrice":3.00,"TaskAmount":905.00,"RuleCount":20000,"TakeCount":0}],"TotleCount":533,"Extend":null},"IsOverdue":null}

2018-03-26 10:51:30,879 [60] INFO  BaseLog [(null)] - [IsAuthorized]IsCheckIP=False,IsCheckLogin=True,CheckModuleRight=,用户请求的地址=http://www1.chitunion.com/api/SmartSearch/GetSmartSearchCount?r=0.12943424159555694,UrlRefer=http://www1.chitunion.com/manager/advertister/personal/PersonCenter.html
2018-03-26 10:51:30,891 [59] INFO  BaseLog [(null)] - [IsAuthorized]IsCheckIP=False,IsCheckLogin=True,CheckModuleRight=,用户请求的地址=http://www1.chitunion.com/api/SmartSearch/GetSmartSearchList?PageSize=10&PageIndex=1&r=0.12776108562774424,UrlRefer=http://www1.chitunion.com/manager/advertister/personal/PersonCenter.html
2018-03-26 10:51:30,897 [67] INFO  BaseLog [(null)] - [IsAuthorized]IsCheckIP=False,IsCheckLogin=True,CheckModuleRight=,用户请求的地址=http://www1.chitunion.com/api/Authorize/GetMenuInfo,UrlRefer=http://www1.chitunion.com/manager/advertister/personal/PersonCenter.html
2018-03-26 10:51:30,957 [63] INFO  BaseLog [(null)] - 
请求的url地址：http://www1.chitunion.com/api/SmartSearch/GetSmartSearchList?PageSize=10&PageIndex=1&r=0.12776108562774424
客户端IP:127.0.0.1
执行的时间:6.016ms
请求的参数:{"CheckLogin":true,"query":{"PageIndex":1,"PageSize":10,"Status":0,"Name":null}}
返回的结果:{"Status":-1,"Message":"没有权限","Result":null,"IsOverdue":null}

2018-03-26 10:51:30,970 [63] INFO  BaseLog [(null)] - 
请求的url地址：http://www1.chitunion.com/api/SmartSearch/GetSmartSearchCount?r=0.12943424159555694
客户端IP:127.0.0.1
执行的时间:86.7303ms
请求的参数:{"CheckLogin":true}
返回的结果:{"Status":-1,"Message":"没有权限","Result":null,"IsOverdue":null}

2018-03-26 10:51:31,356 [61] INFO  BaseLog [(null)] - [IsAuthorized]IsCheckIP=False,IsCheckLogin=True,CheckModuleRight=,用户请求的地址=http://www1.chitunion.com/api/media/GetStatistInfo?r=0.154935262597393,UrlRefer=http://www1.chitunion.com/manager/media/personal/personalCenter.html
2018-03-26 10:51:31,356 [67] INFO  BaseLog [(null)] - [IsAuthorized]IsCheckIP=False,IsCheckLogin=True,CheckModuleRight=,用户请求的地址=http://www1.chitunion.com/api/media/GetBindingsWxList?PageIndex=1&PageSize=20&r=0.5357907355279161,UrlRefer=http://www1.chitunion.com/manager/media/personal/personalCenter.html
2018-03-26 10:51:31,367 [60] INFO  BaseLog [(null)] - [IsAuthorized]IsCheckIP=False,IsCheckLogin=True,CheckModuleRight=,用户请求的地址=http://www1.chitunion.com/api/Authorize/GetMenuInfo,UrlRefer=http://www1.chitunion.com/manager/media/personal/personalCenter.html
2018-03-26 10:51:31,373 [67] INFO  BaseLog [(null)] - 
当前操作类型:WeiXin
 查询条件信息:{"BusinessType":0,"Number":null,"Name":null,"Status":-2,"PublishStatus":-2,"EndTime":-2,"Source":-2,"OrderBy":0,"PageIndex":1,"PageSize":20,"SqlWhere":null,"UserId":1427}
2018-03-26 10:51:31,510 [61] INFO  BaseLog [(null)] - 
请求的url地址：http://www1.chitunion.com/api/media/GetStatistInfo?r=0.154935262597393
客户端IP:127.0.0.1
执行的时间:134.3568ms
请求的参数:{"CheckLogin":true}
返回的结果:{"Status":0,"Message":null,"Result":{"UserId":1427,"UserHeadImg":null,"UserName":"masj_0","EarningsPrice":0.00,"OrderCount":10,"BindingsCount":0},"IsOverdue":null}

2018-03-26 10:51:31,510 [67] INFO  BaseLog [(null)] - 
请求的url地址：http://www1.chitunion.com/api/media/GetBindingsWxList?PageIndex=1&PageSize=20&r=0.5357907355279161
客户端IP:127.0.0.1
执行的时间:137.3649ms
请求的参数:{"CheckLogin":true,"request":{"BusinessType":0,"Number":null,"Name":null,"Status":-2,"PublishStatus":-2,"EndTime":-2,"Source":-2,"OrderBy":0,"PageIndex":1,"PageSize":20,"SqlWhere":null,"UserId":0}}
返回的结果:{"Status":0,"Message":null,"Result":{"List":[],"TotleCount":0,"Extend":null},"IsOverdue":null}

2018-03-26 10:52:50,230 [67] INFO  BaseLog [(null)] - [IsAuthorized]IsCheckIP=False,IsCheckLogin=False,CheckModuleRight=,用户请求的地址=http://www1.chitunion.com/api/DictInfo/GetDictInfoByTypeID?typeID=193,UrlRefer=http://www1.chitunion.com/manager/media/order/content-order.html
2018-03-26 10:52:50,287 [61] INFO  BaseLog [(null)] - [IsAuthorized]IsCheckIP=False,IsCheckLogin=True,CheckModuleRight=,用户请求的地址=http://www1.chitunion.com/api/order/GetDistributeList?PageSize=20&PageIndex=1&OrderName=&OrderStatus=-2,UrlRefer=http://www1.chitunion.com/manager/media/order/content-order.html
2018-03-26 10:52:50,300 [68] INFO  BaseLog [(null)] - [IsAuthorized]IsCheckIP=False,IsCheckLogin=True,CheckModuleRight=,用户请求的地址=http://www1.chitunion.com/api/Authorize/GetMenuInfo,UrlRefer=http://www1.chitunion.com/manager/media/order/content-order.html
2018-03-26 10:52:50,312 [61] INFO  BaseLog [(null)] - 
当前操作类型:WeiXin
 查询条件信息:{"OrderName":null,"OrderStatus":-2,"TaskType":-2,"Category":-2,"BusinessType":0,"Number":null,"Name":null,"Status":-2,"PublishStatus":-2,"EndTime":-2,"Source":-2,"OrderBy":0,"PageIndex":1,"PageSize":20,"SqlWhere":null,"UserId":1427}
2018-03-26 10:52:50,350 [63] INFO  BaseLog [(null)] - 
请求的url地址：http://www1.chitunion.com/api/order/GetDistributeList?PageSize=20&PageIndex=1&OrderName=&OrderStatus=-2
客户端IP:127.0.0.1
执行的时间:47.1254ms
请求的参数:{"CheckLogin":true,"request":{"OrderName":null,"OrderStatus":-2,"TaskType":-2,"Category":-2,"BusinessType":0,"Number":null,"Name":null,"Status":-2,"PublishStatus":-2,"EndTime":-2,"Source":-2,"OrderBy":0,"PageIndex":1,"PageSize":20,"SqlWhere":null,"UserId":0}}
返回的结果:{"Status":0,"Message":null,"Result":{"List":[{"OrderId":652,"OrderName":"20180312-02好的婚姻，都带点“傻气”","BillingRuleName":"0.16元/CPC + 3元/CPL","TotalAmount":0.00,"OrderStatus":"已结束","ReceiveTime":"2018-03-14 14:49:56","CPCPrice":0.16,"CPLPrice":3.00},{"OrderId":475,"OrderName":"热巴被嘲了，她这些年的舞蹈水平究竟如何？","BillingRuleName":"0.17元/CPC + 0元/CPL","TotalAmount":0.00,"OrderStatus":"已结束","ReceiveTime":"2018-02-23 14:39:32","CPCPrice":0.17,"CPLPrice":0.00},{"OrderId":473,"OrderName":"没有红薯的冬天是不完整的！","BillingRuleName":"0.10元/CPC + 0元/CPL","TotalAmount":0.00,"OrderStatus":"已结束","ReceiveTime":"2018-02-23 14:36:34","CPCPrice":0.10,"CPLPrice":0.00},{"OrderId":471,"OrderName":"美味又好看的包子做法来啦，赶紧收了吧~","BillingRuleName":"0.25元/CPC + 0元/CPL","TotalAmount":0.00,"OrderStatus":"已结束","ReceiveTime":"2018-02-23 14:33:53","CPCPrice":0.25,"CPLPrice":0.00},{"OrderId":470,"OrderName":"别让孩子如此让人讨厌","BillingRuleName":"0.10元/CPC + 0元/CPL","TotalAmount":0.00,"OrderStatus":"已结束","ReceiveTime":"2018-02-23 14:33:37","CPCPrice":0.10,"CPLPrice":0.00},{"OrderId":111,"OrderName":"世界最大极地海洋馆的水母馆 秒杀流窜山寨海洋馆","BillingRuleName":"0.7元/CPC + 10元/CPL","TotalAmount":0.00,"OrderStatus":"已结束","ReceiveTime":"2018-01-02 16:02:02","CPCPrice":0.0,"CPLPrice":0.0}],"TotleCount":6,"Extend":null},"IsOverdue":null}

2018-03-26 12:23:38,446 [10] INFO  BaseLog [(null)] - 
当前操作类型:WeiXin
 查询条件信息:{"OrderName":null,"OrderStatus":-2,"TaskType":192002,"Category":-2,"BusinessType":0,"Number":null,"Name":null,"Status":-2,"PublishStatus":-2,"EndTime":-2,"Source":-2,"OrderBy":0,"PageIndex":1,"PageSize":8,"SqlWhere":null,"UserId":0}
2018-03-26 12:23:38,446 [6] INFO  BaseLog [(null)] - 
当前操作类型:WeiXin
 查询条件信息:{"OrderName":null,"OrderStatus":-2,"TaskType":192001,"Category":-2,"BusinessType":0,"Number":null,"Name":null,"Status":-2,"PublishStatus":-2,"EndTime":-2,"Source":-2,"OrderBy":0,"PageIndex":1,"PageSize":8,"SqlWhere":null,"UserId":0}
2018-03-26 12:23:38,517 [8] INFO  BaseLog [(null)] - 
请求的url地址：http://www1.chitunion.com/api/task/GetCoverImageList?PageIndex=1&PageSize=8&r=0.14920723429909732
客户端IP:127.0.0.1
执行的时间:135.4665ms
请求的参数:{"request":{"OrderName":null,"OrderStatus":-2,"TaskType":-2,"Category":-2,"BusinessType":0,"Number":null,"Name":null,"Status":-2,"PublishStatus":-2,"EndTime":-2,"Source":-2,"OrderBy":0,"PageIndex":1,"PageSize":8,"SqlWhere":null,"UserId":0}}
返回的结果:{"Status":0,"Message":null,"Result":{"List":[{"TaskId":16403,"TaskName":"买车全包圆儿，立即体验","MaterialUrl":"https://h5.qichedaquan.com/jike/","BillingRuleName":"0.10元/CPC + 3元/CPL","ImgUrl":"http://op.chitunion.com/UploadFiles/BottomMaterielPic/06.png","Synopsis":"无","CPCPrice":0.10,"CPLPrice":3.00,"TaskAmount":803.00,"RuleCount":20000,"TakeCount":34},{"TaskId":16402,"TaskName":"新年更优惠，买车正当时","MaterialUrl":"https://h5.qichedaquan.com/jike/","BillingRuleName":"0.21元/CPC + 3元/CPL","ImgUrl":"http://op.chitunion.com/UploadFiles/BottomMaterielPic/03.png","Synopsis":"无","CPCPrice":0.21,"CPLPrice":3.00,"TaskAmount":910.00,"RuleCount":20000,"TakeCount":17},{"TaskId":16401,"TaskName":"买新车要试驾，立即预约","MaterialUrl":"https://h5.qichedaquan.com/jike/","BillingRuleName":"0.10元/CPC + 3元/CPL","ImgUrl":"http://op.chitunion.com/UploadFiles/BottomMaterielPic/05.png","Synopsis":"无","CPCPrice":0.10,"CPLPrice":3.00,"TaskAmount":804.00,"RuleCount":20000,"TakeCount":1},{"TaskId":16400,"TaskName":"新年更优惠，立即询底价","MaterialUrl":"https://h5.qichedaquan.com/jike/","BillingRuleName":"0.14元/CPC + 3元/CPL","ImgUrl":"http://op.chitunion.com/UploadFiles/BottomMaterielPic/08.png","Synopsis":"无","CPCPrice":0.14,"CPLPrice":3.00,"TaskAmount":849.00,"RuleCount":20000,"TakeCount":0},{"TaskId":16399,"TaskName":"小白买车，帮你选好车","MaterialUrl":"https://h5.qichedaquan.com/jike/","BillingRuleName":"0.29元/CPC + 3元/CPL","ImgUrl":"http://op.chitunion.com/UploadFiles/BottomMaterielPic/07.png","Synopsis":"无","CPCPrice":0.29,"CPLPrice":3.00,"TaskAmount":999.00,"RuleCount":20000,"TakeCount":15},{"TaskId":16398,"TaskName":"买车要砍价，找TA报价优惠多","MaterialUrl":"https://h5.qichedaquan.com/jike/","BillingRuleName":"0.27元/CPC + 3元/CPL","ImgUrl":"http://op.chitunion.com/UploadFiles/BottomMaterielPic/02.png","Synopsis":"无","CPCPrice":0.27,"CPLPrice":3.00,"TaskAmount":973.00,"RuleCount":20000,"TakeCount":14},{"TaskId":16397,"TaskName":"买新车来询价，低价马上到手","MaterialUrl":"https://h5.qichedaquan.com/jike/","BillingRuleName":"0.26元/CPC + 3元/CPL","ImgUrl":"http://op.chitunion.com/UploadFiles/BottomMaterielPic/04.png","Synopsis":"无","CPCPrice":0.26,"CPLPrice":3.00,"TaskAmount":995.00,"RuleCount":20000,"TakeCount":6},{"TaskId":16396,"TaskName":"低价买新车，立即询底价","MaterialUrl":"https://h5.qichedaquan.com/jike/","BillingRuleName":"0.10元/CPC + 0元/CPL","ImgUrl":"http://op.chitunion.com/UploadFiles/BottomMaterielPic/01.png","Synopsis":"无","CPCPrice":0.10,"CPLPrice":0.00,"TaskAmount":523.00,"RuleCount":20000,"TakeCount":0}],"TotleCount":8,"Extend":null},"IsOverdue":null}

2018-03-26 12:23:38,519 [9] INFO  BaseLog [(null)] - 
请求的url地址：http://www1.chitunion.com/api/task/GetDistrbuteList?PageIndex=1&PageSize=8&Category=-2&r=0.9948537445512271
客户端IP:127.0.0.1
执行的时间:135.4665ms
请求的参数:{"request":{"OrderName":null,"OrderStatus":-2,"TaskType":-2,"Category":-2,"BusinessType":0,"Number":null,"Name":null,"Status":-2,"PublishStatus":-2,"EndTime":-2,"Source":-2,"OrderBy":0,"PageIndex":1,"PageSize":8,"SqlWhere":null,"UserId":0}}
返回的结果:{"Status":0,"Message":null,"Result":{"List":[{"TaskId":16417,"TaskName":"这款A级新家轿车专业底盘调校，5.59万买不买","MaterialUrl":"http://news1.chitu.qichedaquan.com/ct_m/20180321/10877.html","BillingRuleName":"0.16元/CPC + 0元/CPL","ImgUrl":"http://imgcdn.chitunion.com/group4/M00/8A/10/QQ0DAFqwYW2AFrB1AAA0oITRrg0371.JPG","Synopsis":"这款A级新家轿车专业底盘调校，5.59万买不买","CPCPrice":0.16,"CPLPrice":0.00,"TaskAmount":667.00,"RuleCount":20000,"TakeCount":0},{"TaskId":16416,"TaskName":"美国行之初来乍到????","MaterialUrl":"http://news1.chitu.qichedaquan.com/ct_m/20180321/10878.html","BillingRuleName":"0.21元/CPC + 0元/CPL","ImgUrl":"http://imgcdn.chitunion.com/group4/M00/D1/22/Qw0DAFqv4nWAfzhTAABBgCTtxHE497.JPG","Synopsis":"雨のmemory 2013.6.14 坐了十几个小时飞机，终于落地了，印象深刻的是飞机上服务，全是上了岁数的大妈和大叔，笑容可掬、不慌不忙慢慢做事，中途跑去看了下航拍，大片水...","CPCPrice":0.21,"CPLPrice":0.00,"TaskAmount":786.00,"RuleCount":20000,"TakeCount":0},{"TaskId":16415,"TaskName":"这里才是皇城根儿的“根”","MaterialUrl":"http://news1.chitu.qichedaquan.com/ct_m/20180321/10893.html","BillingRuleName":"0.15元/CPC + 0元/CPL","ImgUrl":"http://imgcdn.chitunion.com/group4/M00/8A/1C/QQ0DAFqwci6APzZUAAA7-QN9R80326.JPG","Synopsis":"这里才是皇城根儿的“根”","CPCPrice":0.15,"CPLPrice":0.00,"TaskAmount":627.00,"RuleCount":20000,"TakeCount":0},{"TaskId":16414,"TaskName":"1进门收纳换鞋凳，空间“0”占用！","MaterialUrl":"http://news1.chitu.qichedaquan.com/ct_m/20180321/10885.html","BillingRuleName":"0.17元/CPC + 0元/CPL","ImgUrl":"http://192.168.3.76/group4/M00/02/60/pIYBAFqvZEmAU7jZAAAkhAl47U4069.JPG","Synopsis":"玄关凳还可以和收纳彼此融合，提高空间利用率。","CPCPrice":0.17,"CPLPrice":0.00,"TaskAmount":675.00,"RuleCount":20000,"TakeCount":0},{"TaskId":16413,"TaskName":"再说李斌就哭了，蔚来江淮怎么会分手","MaterialUrl":"http://news1.chitu.qichedaquan.com/ct_m/20180321/10874.html","BillingRuleName":"0.22元/CPC + 3元/CPL","ImgUrl":"http://imgcdn.chitunion.com/group4/M00/8A/30/QQ0DAFqweYaAbrD4AAAZHMKL0sU783.JPG","Synopsis":"再说李斌就哭了，蔚来江淮怎么会分手","CPCPrice":0.22,"CPLPrice":3.00,"TaskAmount":929.00,"RuleCount":20000,"TakeCount":0},{"TaskId":16412,"TaskName":"破格晋升 测试广汽传祺GM8 320T 旗舰版","MaterialUrl":"http://news1.chitu.qichedaquan.com/ct_m/20180320/10869.html","BillingRuleName":"0.13元/CPC + 3元/CPL","ImgUrl":"http://imgcdn.chitunion.com/group4/M00/D1/24/Qw0DAFqv6hCAYPZAAAA-9lq4u78609.JPG","Synopsis":"123455677","CPCPrice":0.13,"CPLPrice":3.00,"TaskAmount":834.00,"RuleCount":20000,"TakeCount":0},{"TaskId":16411,"TaskName":"售9-11万/换装7DCT 新款哈弗M6正式上市","MaterialUrl":"http://news1.chitu.qichedaquan.com/ct_m/20180320/10861.html","BillingRuleName":"0.21元/CPC + 3元/CPL","ImgUrl":"http://imgcdn.chitunion.com/group4/M00/8A/1A/QQ0DAFqwb8yACeLcAAAlNqxkUzo811.JPG","Synopsis":"123457677","CPCPrice":0.21,"CPLPrice":3.00,"TaskAmount":913.00,"RuleCount":20000,"TakeCount":0},{"TaskId":16410,"TaskName":"全球首例！Uber自动驾驶车辆致行人死亡","MaterialUrl":"http://news1.chitu.qichedaquan.com/ct_m/20180320/10860.html","BillingRuleName":"0.20元/CPC + 3元/CPL","ImgUrl":"http://imgcdn.chitunion.com/group4/M00/8A/38/QQ0DAFqwfh6AUTM2AAAlxpkgfGM747.JPG","Synopsis":"12345678","CPCPrice":0.20,"CPLPrice":3.00,"TaskAmount":905.00,"RuleCount":20000,"TakeCount":0}],"TotleCount":533,"Extend":null},"IsOverdue":null}

2018-03-26 13:23:43,269 [8] INFO  BaseLog [(null)] - 
当前操作类型:WeiXin
 查询条件信息:{"OrderName":null,"OrderStatus":-2,"TaskType":192002,"Category":-2,"BusinessType":0,"Number":null,"Name":null,"Status":-2,"PublishStatus":-2,"EndTime":-2,"Source":-2,"OrderBy":0,"PageIndex":1,"PageSize":8,"SqlWhere":null,"UserId":0}
2018-03-26 13:23:43,269 [9] INFO  BaseLog [(null)] - 
当前操作类型:WeiXin
 查询条件信息:{"OrderName":null,"OrderStatus":-2,"TaskType":192001,"Category":-2,"BusinessType":0,"Number":null,"Name":null,"Status":-2,"PublishStatus":-2,"EndTime":-2,"Source":-2,"OrderBy":0,"PageIndex":1,"PageSize":8,"SqlWhere":null,"UserId":0}
2018-03-26 13:23:43,352 [10] INFO  BaseLog [(null)] - 
请求的url地址：http://www1.chitunion.com/api/task/GetDistrbuteList?PageIndex=1&PageSize=8&Category=-2&r=0.7019214891041956
客户端IP:127.0.0.1
执行的时间:149.8979ms
请求的参数:{"request":{"OrderName":null,"OrderStatus":-2,"TaskType":-2,"Category":-2,"BusinessType":0,"Number":null,"Name":null,"Status":-2,"PublishStatus":-2,"EndTime":-2,"Source":-2,"OrderBy":0,"PageIndex":1,"PageSize":8,"SqlWhere":null,"UserId":0}}
返回的结果:{"Status":0,"Message":null,"Result":{"List":[{"TaskId":16417,"TaskName":"这款A级新家轿车专业底盘调校，5.59万买不买","MaterialUrl":"http://news1.chitu.qichedaquan.com/ct_m/20180321/10877.html","BillingRuleName":"0.16元/CPC + 0元/CPL","ImgUrl":"http://imgcdn.chitunion.com/group4/M00/8A/10/QQ0DAFqwYW2AFrB1AAA0oITRrg0371.JPG","Synopsis":"这款A级新家轿车专业底盘调校，5.59万买不买","CPCPrice":0.16,"CPLPrice":0.00,"TaskAmount":667.00,"RuleCount":20000,"TakeCount":0},{"TaskId":16416,"TaskName":"美国行之初来乍到????","MaterialUrl":"http://news1.chitu.qichedaquan.com/ct_m/20180321/10878.html","BillingRuleName":"0.21元/CPC + 0元/CPL","ImgUrl":"http://imgcdn.chitunion.com/group4/M00/D1/22/Qw0DAFqv4nWAfzhTAABBgCTtxHE497.JPG","Synopsis":"雨のmemory 2013.6.14 坐了十几个小时飞机，终于落地了，印象深刻的是飞机上服务，全是上了岁数的大妈和大叔，笑容可掬、不慌不忙慢慢做事，中途跑去看了下航拍，大片水...","CPCPrice":0.21,"CPLPrice":0.00,"TaskAmount":786.00,"RuleCount":20000,"TakeCount":0},{"TaskId":16415,"TaskName":"这里才是皇城根儿的“根”","MaterialUrl":"http://news1.chitu.qichedaquan.com/ct_m/20180321/10893.html","BillingRuleName":"0.15元/CPC + 0元/CPL","ImgUrl":"http://imgcdn.chitunion.com/group4/M00/8A/1C/QQ0DAFqwci6APzZUAAA7-QN9R80326.JPG","Synopsis":"这里才是皇城根儿的“根”","CPCPrice":0.15,"CPLPrice":0.00,"TaskAmount":627.00,"RuleCount":20000,"TakeCount":0},{"TaskId":16414,"TaskName":"1进门收纳换鞋凳，空间“0”占用！","MaterialUrl":"http://news1.chitu.qichedaquan.com/ct_m/20180321/10885.html","BillingRuleName":"0.17元/CPC + 0元/CPL","ImgUrl":"http://192.168.3.76/group4/M00/02/60/pIYBAFqvZEmAU7jZAAAkhAl47U4069.JPG","Synopsis":"玄关凳还可以和收纳彼此融合，提高空间利用率。","CPCPrice":0.17,"CPLPrice":0.00,"TaskAmount":675.00,"RuleCount":20000,"TakeCount":0},{"TaskId":16413,"TaskName":"再说李斌就哭了，蔚来江淮怎么会分手","MaterialUrl":"http://news1.chitu.qichedaquan.com/ct_m/20180321/10874.html","BillingRuleName":"0.22元/CPC + 3元/CPL","ImgUrl":"http://imgcdn.chitunion.com/group4/M00/8A/30/QQ0DAFqweYaAbrD4AAAZHMKL0sU783.JPG","Synopsis":"再说李斌就哭了，蔚来江淮怎么会分手","CPCPrice":0.22,"CPLPrice":3.00,"TaskAmount":929.00,"RuleCount":20000,"TakeCount":0},{"TaskId":16412,"TaskName":"破格晋升 测试广汽传祺GM8 320T 旗舰版","MaterialUrl":"http://news1.chitu.qichedaquan.com/ct_m/20180320/10869.html","BillingRuleName":"0.13元/CPC + 3元/CPL","ImgUrl":"http://imgcdn.chitunion.com/group4/M00/D1/24/Qw0DAFqv6hCAYPZAAAA-9lq4u78609.JPG","Synopsis":"123455677","CPCPrice":0.13,"CPLPrice":3.00,"TaskAmount":834.00,"RuleCount":20000,"TakeCount":0},{"TaskId":16411,"TaskName":"售9-11万/换装7DCT 新款哈弗M6正式上市","MaterialUrl":"http://news1.chitu.qichedaquan.com/ct_m/20180320/10861.html","BillingRuleName":"0.21元/CPC + 3元/CPL","ImgUrl":"http://imgcdn.chitunion.com/group4/M00/8A/1A/QQ0DAFqwb8yACeLcAAAlNqxkUzo811.JPG","Synopsis":"123457677","CPCPrice":0.21,"CPLPrice":3.00,"TaskAmount":913.00,"RuleCount":20000,"TakeCount":0},{"TaskId":16410,"TaskName":"全球首例！Uber自动驾驶车辆致行人死亡","MaterialUrl":"http://news1.chitu.qichedaquan.com/ct_m/20180320/10860.html","BillingRuleName":"0.20元/CPC + 3元/CPL","ImgUrl":"http://imgcdn.chitunion.com/group4/M00/8A/38/QQ0DAFqwfh6AUTM2AAAlxpkgfGM747.JPG","Synopsis":"12345678","CPCPrice":0.20,"CPLPrice":3.00,"TaskAmount":905.00,"RuleCount":20000,"TakeCount":0}],"TotleCount":533,"Extend":null},"IsOverdue":null}

2018-03-26 13:23:43,369 [8] INFO  BaseLog [(null)] - 
请求的url地址：http://www1.chitunion.com/api/task/GetCoverImageList?PageIndex=1&PageSize=8&r=0.3588695303301235
客户端IP:127.0.0.1
执行的时间:171.9574ms
请求的参数:{"request":{"OrderName":null,"OrderStatus":-2,"TaskType":-2,"Category":-2,"BusinessType":0,"Number":null,"Name":null,"Status":-2,"PublishStatus":-2,"EndTime":-2,"Source":-2,"OrderBy":0,"PageIndex":1,"PageSize":8,"SqlWhere":null,"UserId":0}}
返回的结果:{"Status":0,"Message":null,"Result":{"List":[{"TaskId":16403,"TaskName":"买车全包圆儿，立即体验","MaterialUrl":"https://h5.qichedaquan.com/jike/","BillingRuleName":"0.10元/CPC + 3元/CPL","ImgUrl":"http://op.chitunion.com/UploadFiles/BottomMaterielPic/06.png","Synopsis":"无","CPCPrice":0.10,"CPLPrice":3.00,"TaskAmount":803.00,"RuleCount":20000,"TakeCount":34},{"TaskId":16402,"TaskName":"新年更优惠，买车正当时","MaterialUrl":"https://h5.qichedaquan.com/jike/","BillingRuleName":"0.21元/CPC + 3元/CPL","ImgUrl":"http://op.chitunion.com/UploadFiles/BottomMaterielPic/03.png","Synopsis":"无","CPCPrice":0.21,"CPLPrice":3.00,"TaskAmount":910.00,"RuleCount":20000,"TakeCount":17},{"TaskId":16401,"TaskName":"买新车要试驾，立即预约","MaterialUrl":"https://h5.qichedaquan.com/jike/","BillingRuleName":"0.10元/CPC + 3元/CPL","ImgUrl":"http://op.chitunion.com/UploadFiles/BottomMaterielPic/05.png","Synopsis":"无","CPCPrice":0.10,"CPLPrice":3.00,"TaskAmount":804.00,"RuleCount":20000,"TakeCount":1},{"TaskId":16400,"TaskName":"新年更优惠，立即询底价","MaterialUrl":"https://h5.qichedaquan.com/jike/","BillingRuleName":"0.14元/CPC + 3元/CPL","ImgUrl":"http://op.chitunion.com/UploadFiles/BottomMaterielPic/08.png","Synopsis":"无","CPCPrice":0.14,"CPLPrice":3.00,"TaskAmount":849.00,"RuleCount":20000,"TakeCount":0},{"TaskId":16399,"TaskName":"小白买车，帮你选好车","MaterialUrl":"https://h5.qichedaquan.com/jike/","BillingRuleName":"0.29元/CPC + 3元/CPL","ImgUrl":"http://op.chitunion.com/UploadFiles/BottomMaterielPic/07.png","Synopsis":"无","CPCPrice":0.29,"CPLPrice":3.00,"TaskAmount":999.00,"RuleCount":20000,"TakeCount":15},{"TaskId":16398,"TaskName":"买车要砍价，找TA报价优惠多","MaterialUrl":"https://h5.qichedaquan.com/jike/","BillingRuleName":"0.27元/CPC + 3元/CPL","ImgUrl":"http://op.chitunion.com/UploadFiles/BottomMaterielPic/02.png","Synopsis":"无","CPCPrice":0.27,"CPLPrice":3.00,"TaskAmount":973.00,"RuleCount":20000,"TakeCount":14},{"TaskId":16397,"TaskName":"买新车来询价，低价马上到手","MaterialUrl":"https://h5.qichedaquan.com/jike/","BillingRuleName":"0.26元/CPC + 3元/CPL","ImgUrl":"http://op.chitunion.com/UploadFiles/BottomMaterielPic/04.png","Synopsis":"无","CPCPrice":0.26,"CPLPrice":3.00,"TaskAmount":995.00,"RuleCount":20000,"TakeCount":6},{"TaskId":16396,"TaskName":"低价买新车，立即询底价","MaterialUrl":"https://h5.qichedaquan.com/jike/","BillingRuleName":"0.10元/CPC + 0元/CPL","ImgUrl":"http://op.chitunion.com/UploadFiles/BottomMaterielPic/01.png","Synopsis":"无","CPCPrice":0.10,"CPLPrice":0.00,"TaskAmount":523.00,"RuleCount":20000,"TakeCount":0}],"TotleCount":8,"Extend":null},"IsOverdue":null}

2018-03-26 13:24:52,347 [8] INFO  BaseLog [(null)] - 
当前操作类型:WeiXin
 查询条件信息:{"OrderName":null,"OrderStatus":-2,"TaskType":192001,"Category":-2,"BusinessType":0,"Number":null,"Name":null,"Status":-2,"PublishStatus":-2,"EndTime":-2,"Source":-2,"OrderBy":0,"PageIndex":1,"PageSize":8,"SqlWhere":null,"UserId":0}
2018-03-26 13:24:52,349 [9] INFO  BaseLog [(null)] - 
当前操作类型:WeiXin
 查询条件信息:{"OrderName":null,"OrderStatus":-2,"TaskType":192002,"Category":-2,"BusinessType":0,"Number":null,"Name":null,"Status":-2,"PublishStatus":-2,"EndTime":-2,"Source":-2,"OrderBy":0,"PageIndex":1,"PageSize":8,"SqlWhere":null,"UserId":0}
2018-03-26 13:24:52,350 [10] INFO  BaseLog [(null)] - 
请求的url地址：http://www1.chitunion.com/api/task/GetDistrbuteList?PageIndex=1&PageSize=8&Category=-2&r=0.06111710114348168
客户端IP:127.0.0.1
执行的时间:3.5104ms
请求的参数:{"request":{"OrderName":null,"OrderStatus":-2,"TaskType":-2,"Category":-2,"BusinessType":0,"Number":null,"Name":null,"Status":-2,"PublishStatus":-2,"EndTime":-2,"Source":-2,"OrderBy":0,"PageIndex":1,"PageSize":8,"SqlWhere":null,"UserId":0}}
返回的结果:{"Status":0,"Message":null,"Result":{"List":[{"TaskId":16417,"TaskName":"这款A级新家轿车专业底盘调校，5.59万买不买","MaterialUrl":"http://news1.chitu.qichedaquan.com/ct_m/20180321/10877.html","BillingRuleName":"0.16元/CPC + 0元/CPL","ImgUrl":"http://imgcdn.chitunion.com/group4/M00/8A/10/QQ0DAFqwYW2AFrB1AAA0oITRrg0371.JPG","Synopsis":"这款A级新家轿车专业底盘调校，5.59万买不买","CPCPrice":0.16,"CPLPrice":0.00,"TaskAmount":667.00,"RuleCount":20000,"TakeCount":0},{"TaskId":16416,"TaskName":"美国行之初来乍到????","MaterialUrl":"http://news1.chitu.qichedaquan.com/ct_m/20180321/10878.html","BillingRuleName":"0.21元/CPC + 0元/CPL","ImgUrl":"http://imgcdn.chitunion.com/group4/M00/D1/22/Qw0DAFqv4nWAfzhTAABBgCTtxHE497.JPG","Synopsis":"雨のmemory 2013.6.14 坐了十几个小时飞机，终于落地了，印象深刻的是飞机上服务，全是上了岁数的大妈和大叔，笑容可掬、不慌不忙慢慢做事，中途跑去看了下航拍，大片水...","CPCPrice":0.21,"CPLPrice":0.00,"TaskAmount":786.00,"RuleCount":20000,"TakeCount":0},{"TaskId":16415,"TaskName":"这里才是皇城根儿的“根”","MaterialUrl":"http://news1.chitu.qichedaquan.com/ct_m/20180321/10893.html","BillingRuleName":"0.15元/CPC + 0元/CPL","ImgUrl":"http://imgcdn.chitunion.com/group4/M00/8A/1C/QQ0DAFqwci6APzZUAAA7-QN9R80326.JPG","Synopsis":"这里才是皇城根儿的“根”","CPCPrice":0.15,"CPLPrice":0.00,"TaskAmount":627.00,"RuleCount":20000,"TakeCount":0},{"TaskId":16414,"TaskName":"1进门收纳换鞋凳，空间“0”占用！","MaterialUrl":"http://news1.chitu.qichedaquan.com/ct_m/20180321/10885.html","BillingRuleName":"0.17元/CPC + 0元/CPL","ImgUrl":"http://192.168.3.76/group4/M00/02/60/pIYBAFqvZEmAU7jZAAAkhAl47U4069.JPG","Synopsis":"玄关凳还可以和收纳彼此融合，提高空间利用率。","CPCPrice":0.17,"CPLPrice":0.00,"TaskAmount":675.00,"RuleCount":20000,"TakeCount":0},{"TaskId":16413,"TaskName":"再说李斌就哭了，蔚来江淮怎么会分手","MaterialUrl":"http://news1.chitu.qichedaquan.com/ct_m/20180321/10874.html","BillingRuleName":"0.22元/CPC + 3元/CPL","ImgUrl":"http://imgcdn.chitunion.com/group4/M00/8A/30/QQ0DAFqweYaAbrD4AAAZHMKL0sU783.JPG","Synopsis":"再说李斌就哭了，蔚来江淮怎么会分手","CPCPrice":0.22,"CPLPrice":3.00,"TaskAmount":929.00,"RuleCount":20000,"TakeCount":0},{"TaskId":16412,"TaskName":"破格晋升 测试广汽传祺GM8 320T 旗舰版","MaterialUrl":"http://news1.chitu.qichedaquan.com/ct_m/20180320/10869.html","BillingRuleName":"0.13元/CPC + 3元/CPL","ImgUrl":"http://imgcdn.chitunion.com/group4/M00/D1/24/Qw0DAFqv6hCAYPZAAAA-9lq4u78609.JPG","Synopsis":"123455677","CPCPrice":0.13,"CPLPrice":3.00,"TaskAmount":834.00,"RuleCount":20000,"TakeCount":0},{"TaskId":16411,"TaskName":"售9-11万/换装7DCT 新款哈弗M6正式上市","MaterialUrl":"http://news1.chitu.qichedaquan.com/ct_m/20180320/10861.html","BillingRuleName":"0.21元/CPC + 3元/CPL","ImgUrl":"http://imgcdn.chitunion.com/group4/M00/8A/1A/QQ0DAFqwb8yACeLcAAAlNqxkUzo811.JPG","Synopsis":"123457677","CPCPrice":0.21,"CPLPrice":3.00,"TaskAmount":913.00,"RuleCount":20000,"TakeCount":0},{"TaskId":16410,"TaskName":"全球首例！Uber自动驾驶车辆致行人死亡","MaterialUrl":"http://news1.chitu.qichedaquan.com/ct_m/20180320/10860.html","BillingRuleName":"0.20元/CPC + 3元/CPL","ImgUrl":"http://imgcdn.chitunion.com/group4/M00/8A/38/QQ0DAFqwfh6AUTM2AAAlxpkgfGM747.JPG","Synopsis":"12345678","CPCPrice":0.20,"CPLPrice":3.00,"TaskAmount":905.00,"RuleCount":20000,"TakeCount":0}],"TotleCount":533,"Extend":null},"IsOverdue":null}

2018-03-26 13:24:52,353 [11] INFO  BaseLog [(null)] - 
请求的url地址：http://www1.chitunion.com/api/task/GetCoverImageList?PageIndex=1&PageSize=8&r=0.8647434957170925
客户端IP:127.0.0.1
执行的时间:3.5023ms
请求的参数:{"request":{"OrderName":null,"OrderStatus":-2,"TaskType":-2,"Category":-2,"BusinessType":0,"Number":null,"Name":null,"Status":-2,"PublishStatus":-2,"EndTime":-2,"Source":-2,"OrderBy":0,"PageIndex":1,"PageSize":8,"SqlWhere":null,"UserId":0}}
返回的结果:{"Status":0,"Message":null,"Result":{"List":[{"TaskId":16403,"TaskName":"买车全包圆儿，立即体验","MaterialUrl":"https://h5.qichedaquan.com/jike/","BillingRuleName":"0.10元/CPC + 3元/CPL","ImgUrl":"http://op.chitunion.com/UploadFiles/BottomMaterielPic/06.png","Synopsis":"无","CPCPrice":0.10,"CPLPrice":3.00,"TaskAmount":803.00,"RuleCount":20000,"TakeCount":34},{"TaskId":16402,"TaskName":"新年更优惠，买车正当时","MaterialUrl":"https://h5.qichedaquan.com/jike/","BillingRuleName":"0.21元/CPC + 3元/CPL","ImgUrl":"http://op.chitunion.com/UploadFiles/BottomMaterielPic/03.png","Synopsis":"无","CPCPrice":0.21,"CPLPrice":3.00,"TaskAmount":910.00,"RuleCount":20000,"TakeCount":17},{"TaskId":16401,"TaskName":"买新车要试驾，立即预约","MaterialUrl":"https://h5.qichedaquan.com/jike/","BillingRuleName":"0.10元/CPC + 3元/CPL","ImgUrl":"http://op.chitunion.com/UploadFiles/BottomMaterielPic/05.png","Synopsis":"无","CPCPrice":0.10,"CPLPrice":3.00,"TaskAmount":804.00,"RuleCount":20000,"TakeCount":1},{"TaskId":16400,"TaskName":"新年更优惠，立即询底价","MaterialUrl":"https://h5.qichedaquan.com/jike/","BillingRuleName":"0.14元/CPC + 3元/CPL","ImgUrl":"http://op.chitunion.com/UploadFiles/BottomMaterielPic/08.png","Synopsis":"无","CPCPrice":0.14,"CPLPrice":3.00,"TaskAmount":849.00,"RuleCount":20000,"TakeCount":0},{"TaskId":16399,"TaskName":"小白买车，帮你选好车","MaterialUrl":"https://h5.qichedaquan.com/jike/","BillingRuleName":"0.29元/CPC + 3元/CPL","ImgUrl":"http://op.chitunion.com/UploadFiles/BottomMaterielPic/07.png","Synopsis":"无","CPCPrice":0.29,"CPLPrice":3.00,"TaskAmount":999.00,"RuleCount":20000,"TakeCount":15},{"TaskId":16398,"TaskName":"买车要砍价，找TA报价优惠多","MaterialUrl":"https://h5.qichedaquan.com/jike/","BillingRuleName":"0.27元/CPC + 3元/CPL","ImgUrl":"http://op.chitunion.com/UploadFiles/BottomMaterielPic/02.png","Synopsis":"无","CPCPrice":0.27,"CPLPrice":3.00,"TaskAmount":973.00,"RuleCount":20000,"TakeCount":14},{"TaskId":16397,"TaskName":"买新车来询价，低价马上到手","MaterialUrl":"https://h5.qichedaquan.com/jike/","BillingRuleName":"0.26元/CPC + 3元/CPL","ImgUrl":"http://op.chitunion.com/UploadFiles/BottomMaterielPic/04.png","Synopsis":"无","CPCPrice":0.26,"CPLPrice":3.00,"TaskAmount":995.00,"RuleCount":20000,"TakeCount":6},{"TaskId":16396,"TaskName":"低价买新车，立即询底价","MaterialUrl":"https://h5.qichedaquan.com/jike/","BillingRuleName":"0.10元/CPC + 0元/CPL","ImgUrl":"http://op.chitunion.com/UploadFiles/BottomMaterielPic/01.png","Synopsis":"无","CPCPrice":0.10,"CPLPrice":0.00,"TaskAmount":523.00,"RuleCount":20000,"TakeCount":0}],"TotleCount":8,"Extend":null},"IsOverdue":null}

