2018-01-04 12:20:18,474 [15] INFO  BaseLog [(null)] - [IsAuthorized]IsCheckIP=False,IsCheckLogin=True,CheckModuleRight=,用户请求的地址=http://www1.chitunion.com/api/Authorize/GetMenuInfo,UrlRefer=http://www1.chitunion.com/manager/advertister/personal/PersonCenter.html
2018-01-04 12:20:18,474 [22] INFO  BaseLog [(null)] - [IsAuthorized]IsCheckIP=False,IsCheckLogin=True,CheckModuleRight=,用户请求的地址=http://www1.chitunion.com/api/SmartSearch/GetSmartSearchCount,UrlRefer=http://www1.chitunion.com/manager/advertister/personal/PersonCenter.html
2018-01-04 12:20:18,474 [12] INFO  BaseLog [(null)] - [IsAuthorized]IsCheckIP=False,IsCheckLogin=True,CheckModuleRight=,用户请求的地址=http://www1.chitunion.com/api/SmartSearch/GetSmartSearchList?PageSize=10&PageIndex=1,UrlRefer=http://www1.chitunion.com/manager/advertister/personal/PersonCenter.html
2018-01-04 12:20:18,820 [23] INFO  BaseLog [(null)] - 
请求的url地址：http://www1.chitunion.com/api/SmartSearch/GetSmartSearchList?PageSize=10&PageIndex=1
执行的时间:63.1667ms
请求的参数:{"CheckLogin":true,"query":{"PageIndex":1,"PageSize":10,"Status":0,"Name":null}}
返回的结果:{"Status":0,"Message":"OK","Result":{"List":[],"TotalCount":0},"IsOverdue":null}

2018-01-04 12:20:19,067 [23] INFO  BaseLog [(null)] - 
请求的url地址：http://www1.chitunion.com/api/SmartSearch/GetSmartSearchCount
执行的时间:381.0134ms
请求的参数:{"CheckLogin":true}
返回的结果:{"Status":0,"Message":"OK","Result":{"PromotionCount":0},"IsOverdue":null}

2018-01-04 12:26:42,595 [39] INFO  BaseLog [(null)] - [IsAuthorized]IsCheckIP=False,IsCheckLogin=True,CheckModuleRight=,用户请求的地址=http://www1.chitunion.com/api/SmartSearch/GetSmartSearchList?PageSize=10&PageIndex=1,UrlRefer=http://www1.chitunion.com/manager/advertister/personal/PersonCenter.html
2018-01-04 12:26:42,595 [33] INFO  BaseLog [(null)] - [IsAuthorized]IsCheckIP=False,IsCheckLogin=True,CheckModuleRight=,用户请求的地址=http://www1.chitunion.com/api/SmartSearch/GetSmartSearchCount,UrlRefer=http://www1.chitunion.com/manager/advertister/personal/PersonCenter.html
2018-01-04 12:26:42,776 [37] INFO  BaseLog [(null)] - 
请求的url地址：http://www1.chitunion.com/api/SmartSearch/GetSmartSearchCount
执行的时间:51.1369ms
请求的参数:{"CheckLogin":true}
返回的结果:{"Status":0,"Message":"OK","Result":{"PromotionCount":0},"IsOverdue":null}

2018-01-04 12:26:42,782 [38] INFO  BaseLog [(null)] - 
请求的url地址：http://www1.chitunion.com/api/SmartSearch/GetSmartSearchList?PageSize=10&PageIndex=1
执行的时间:32.0857ms
请求的参数:{"CheckLogin":true,"query":{"PageIndex":1,"PageSize":10,"Status":0,"Name":null}}
返回的结果:{"Status":0,"Message":"OK","Result":{"List":[],"TotalCount":0},"IsOverdue":null}

2018-01-04 12:26:42,806 [33] INFO  BaseLog [(null)] - [IsAuthorized]IsCheckIP=False,IsCheckLogin=True,CheckModuleRight=,用户请求的地址=http://www1.chitunion.com/api/Authorize/GetMenuInfo,UrlRefer=http://www1.chitunion.com/manager/advertister/personal/PersonCenter.html
2018-01-04 12:29:26,004 [6] INFO  BaseLog [(null)] - [IsAuthorized]IsCheckIP=False,IsCheckLogin=True,CheckModuleRight=,用户请求的地址=http://www1.chitunion.com/api/SmartSearch/GetSmartSearchList?PageSize=10&PageIndex=1,UrlRefer=http://www1.chitunion.com/manager/advertister/personal/PersonCenter.html
2018-01-04 12:29:26,018 [37] INFO  BaseLog [(null)] - [IsAuthorized]IsCheckIP=False,IsCheckLogin=True,CheckModuleRight=,用户请求的地址=http://www1.chitunion.com/api/SmartSearch/GetSmartSearchCount,UrlRefer=http://www1.chitunion.com/manager/advertister/personal/PersonCenter.html
2018-01-04 12:29:26,022 [28] INFO  BaseLog [(null)] - 
请求的url地址：http://www1.chitunion.com/api/SmartSearch/GetSmartSearchList?PageSize=10&PageIndex=1
执行的时间:14.0399ms
请求的参数:{"CheckLogin":true,"query":{"PageIndex":1,"PageSize":10,"Status":0,"Name":null}}
返回的结果:{"Status":0,"Message":"OK","Result":{"List":[],"TotalCount":0},"IsOverdue":null}

2018-01-04 12:29:26,040 [6] INFO  BaseLog [(null)] - 
请求的url地址：http://www1.chitunion.com/api/SmartSearch/GetSmartSearchCount
执行的时间:15.0395ms
请求的参数:{"CheckLogin":true}
返回的结果:{"Status":0,"Message":"OK","Result":{"PromotionCount":0},"IsOverdue":null}

2018-01-04 12:29:26,042 [6] INFO  BaseLog [(null)] - [IsAuthorized]IsCheckIP=False,IsCheckLogin=True,CheckModuleRight=,用户请求的地址=http://www1.chitunion.com/api/Authorize/GetMenuInfo,UrlRefer=http://www1.chitunion.com/manager/advertister/personal/PersonCenter.html
2018-01-04 12:57:00,474 [58] INFO  BaseLog [(null)] - [IsAuthorized]IsCheckIP=False,IsCheckLogin=True,CheckModuleRight=,用户请求的地址=http://www1.chitunion.com/api/media/GetStatistInfo?r=0.5945914275944233,UrlRefer=http://www1.chitunion.com/manager/media/personal/personalCenter.html
2018-01-04 12:57:00,491 [62] INFO  BaseLog [(null)] - [IsAuthorized]IsCheckIP=False,IsCheckLogin=True,CheckModuleRight=,用户请求的地址=http://www1.chitunion.com/api/media/GetBindingsWxList?PageIndex=1&PageSize=20&r=0.09086589445360005,UrlRefer=http://www1.chitunion.com/manager/media/personal/personalCenter.html
2018-01-04 12:57:00,492 [61] INFO  BaseLog [(null)] - [IsAuthorized]IsCheckIP=False,IsCheckLogin=True,CheckModuleRight=,用户请求的地址=http://www1.chitunion.com/api/Authorize/GetMenuInfo,UrlRefer=http://www1.chitunion.com/manager/media/personal/personalCenter.html
2018-01-04 12:57:00,637 [55] INFO  BaseLog [(null)] - 
请求的url地址：http://www1.chitunion.com/api/media/GetStatistInfo?r=0.5945914275944233
执行的时间:149.3976ms
请求的参数:{"CheckLogin":true}
返回的结果:{"Status":0,"Message":null,"Result":{"UserId":1427,"UserHeadImg":null,"UserName":"masj_0","EarningsPrice":0.0,"OrderCount":1,"BindingsCount":0},"IsOverdue":null}

2018-01-04 12:57:00,669 [62] INFO  BaseLog [(null)] - 
当前操作类型:WeiXin
 查询条件信息:{"BusinessType":0,"Number":null,"Name":null,"Status":-2,"PublishStatus":-2,"EndTime":-2,"Source":-2,"OrderBy":0,"PageIndex":1,"PageSize":20,"SqlWhere":null,"UserId":1427}
2018-01-04 12:57:00,723 [54] INFO  BaseLog [(null)] - 
请求的url地址：http://www1.chitunion.com/api/media/GetBindingsWxList?PageIndex=1&PageSize=20&r=0.09086589445360005
执行的时间:134.3574ms
请求的参数:{"CheckLogin":true,"request":{"BusinessType":0,"Number":null,"Name":null,"Status":-2,"PublishStatus":-2,"EndTime":-2,"Source":-2,"OrderBy":0,"PageIndex":1,"PageSize":20,"SqlWhere":null,"UserId":0}}
返回的结果:{"Status":0,"Message":null,"Result":{"List":[],"TotleCount":0,"Extend":null},"IsOverdue":null}

2018-01-04 12:57:05,714 [55] INFO  BaseLog [(null)] - [IsAuthorized]IsCheckIP=False,IsCheckLogin=True,CheckModuleRight=,用户请求的地址=http://www1.chitunion.com/api/media/GetStatistInfo?r=0.6810950227081776,UrlRefer=http://www1.chitunion.com/manager/media/personal/personalCenter.html
2018-01-04 12:57:05,731 [59] INFO  BaseLog [(null)] - [IsAuthorized]IsCheckIP=False,IsCheckLogin=True,CheckModuleRight=,用户请求的地址=http://www1.chitunion.com/api/media/GetBindingsWxList?PageIndex=1&PageSize=20&r=0.6151321264915168,UrlRefer=http://www1.chitunion.com/manager/media/personal/personalCenter.html
2018-01-04 12:57:05,733 [58] INFO  BaseLog [(null)] - [IsAuthorized]IsCheckIP=False,IsCheckLogin=True,CheckModuleRight=,用户请求的地址=http://www1.chitunion.com/api/Authorize/GetMenuInfo,UrlRefer=http://www1.chitunion.com/manager/media/personal/personalCenter.html
2018-01-04 12:57:05,742 [55] INFO  BaseLog [(null)] - 
请求的url地址：http://www1.chitunion.com/api/media/GetStatistInfo?r=0.6810950227081776
执行的时间:18.048ms
请求的参数:{"CheckLogin":true}
返回的结果:{"Status":0,"Message":null,"Result":{"UserId":1427,"UserHeadImg":null,"UserName":"masj_0","EarningsPrice":0.0,"OrderCount":1,"BindingsCount":0},"IsOverdue":null}

2018-01-04 12:57:05,780 [59] INFO  BaseLog [(null)] - 
当前操作类型:WeiXin
 查询条件信息:{"BusinessType":0,"Number":null,"Name":null,"Status":-2,"PublishStatus":-2,"EndTime":-2,"Source":-2,"OrderBy":0,"PageIndex":1,"PageSize":20,"SqlWhere":null,"UserId":1427}
2018-01-04 12:57:05,796 [59] INFO  BaseLog [(null)] - 
请求的url地址：http://www1.chitunion.com/api/media/GetBindingsWxList?PageIndex=1&PageSize=20&r=0.6151321264915168
执行的时间:58.1543ms
请求的参数:{"CheckLogin":true,"request":{"BusinessType":0,"Number":null,"Name":null,"Status":-2,"PublishStatus":-2,"EndTime":-2,"Source":-2,"OrderBy":0,"PageIndex":1,"PageSize":20,"SqlWhere":null,"UserId":0}}
返回的结果:{"Status":0,"Message":null,"Result":{"List":[],"TotleCount":0,"Extend":null},"IsOverdue":null}

2018-01-04 12:57:11,508 [54] INFO  BaseLog [(null)] - [IsAuthorized]IsCheckIP=False,IsCheckLogin=True,CheckModuleRight=,用户请求的地址=http://www1.chitunion.com/api/media/GetStatistInfo?r=0.24176743277348578,UrlRefer=http://www1.chitunion.com/manager/media/personal/personalCenter.html
2018-01-04 12:57:11,515 [59] INFO  BaseLog [(null)] - [IsAuthorized]IsCheckIP=False,IsCheckLogin=True,CheckModuleRight=,用户请求的地址=http://www1.chitunion.com/api/media/GetBindingsWxList?PageIndex=1&PageSize=20&r=0.016522879246622324,UrlRefer=http://www1.chitunion.com/manager/media/personal/personalCenter.html
2018-01-04 12:57:11,536 [61] INFO  BaseLog [(null)] - 
请求的url地址：http://www1.chitunion.com/api/media/GetStatistInfo?r=0.24176743277348578
执行的时间:18.0575ms
请求的参数:{"CheckLogin":true}
返回的结果:{"Status":0,"Message":null,"Result":{"UserId":1427,"UserHeadImg":null,"UserName":"masj_0","EarningsPrice":0.0,"OrderCount":1,"BindingsCount":0},"IsOverdue":null}

2018-01-04 12:57:11,541 [59] INFO  BaseLog [(null)] - 
当前操作类型:WeiXin
 查询条件信息:{"BusinessType":0,"Number":null,"Name":null,"Status":-2,"PublishStatus":-2,"EndTime":-2,"Source":-2,"OrderBy":0,"PageIndex":1,"PageSize":20,"SqlWhere":null,"UserId":1427}
2018-01-04 12:57:11,543 [61] INFO  BaseLog [(null)] - [IsAuthorized]IsCheckIP=False,IsCheckLogin=True,CheckModuleRight=,用户请求的地址=http://www1.chitunion.com/api/Authorize/GetMenuInfo,UrlRefer=http://www1.chitunion.com/manager/media/personal/personalCenter.html
2018-01-04 12:57:11,558 [59] INFO  BaseLog [(null)] - 
请求的url地址：http://www1.chitunion.com/api/media/GetBindingsWxList?PageIndex=1&PageSize=20&r=0.016522879246622324
执行的时间:24.0643ms
请求的参数:{"CheckLogin":true,"request":{"BusinessType":0,"Number":null,"Name":null,"Status":-2,"PublishStatus":-2,"EndTime":-2,"Source":-2,"OrderBy":0,"PageIndex":1,"PageSize":20,"SqlWhere":null,"UserId":0}}
返回的结果:{"Status":0,"Message":null,"Result":{"List":[],"TotleCount":0,"Extend":null},"IsOverdue":null}

2018-01-04 12:57:12,259 [55] INFO  BaseLog [(null)] - [IsAuthorized]IsCheckIP=False,IsCheckLogin=True,CheckModuleRight=,用户请求的地址=http://www1.chitunion.com/api/media/GetStatistInfo?r=0.12787588080391288,UrlRefer=http://www1.chitunion.com/manager/media/personal/personalCenter.html
2018-01-04 12:57:12,279 [59] INFO  BaseLog [(null)] - [IsAuthorized]IsCheckIP=False,IsCheckLogin=True,CheckModuleRight=,用户请求的地址=http://www1.chitunion.com/api/Authorize/GetMenuInfo,UrlRefer=http://www1.chitunion.com/manager/media/personal/personalCenter.html
2018-01-04 12:57:12,279 [55] INFO  BaseLog [(null)] - 
请求的url地址：http://www1.chitunion.com/api/media/GetStatistInfo?r=0.12787588080391288
执行的时间:15.0398ms
请求的参数:{"CheckLogin":true}
返回的结果:{"Status":0,"Message":null,"Result":{"UserId":1427,"UserHeadImg":null,"UserName":"masj_0","EarningsPrice":0.0,"OrderCount":1,"BindingsCount":0},"IsOverdue":null}

2018-01-04 12:57:12,283 [63] INFO  BaseLog [(null)] - [IsAuthorized]IsCheckIP=False,IsCheckLogin=True,CheckModuleRight=,用户请求的地址=http://www1.chitunion.com/api/media/GetBindingsWxList?PageIndex=1&PageSize=20&r=0.07664282782934606,UrlRefer=http://www1.chitunion.com/manager/media/personal/personalCenter.html
2018-01-04 12:57:12,326 [63] INFO  BaseLog [(null)] - 
当前操作类型:WeiXin
 查询条件信息:{"BusinessType":0,"Number":null,"Name":null,"Status":-2,"PublishStatus":-2,"EndTime":-2,"Source":-2,"OrderBy":0,"PageIndex":1,"PageSize":20,"SqlWhere":null,"UserId":1427}
2018-01-04 12:57:12,340 [63] INFO  BaseLog [(null)] - 
请求的url地址：http://www1.chitunion.com/api/media/GetBindingsWxList?PageIndex=1&PageSize=20&r=0.07664282782934606
执行的时间:39.1042ms
请求的参数:{"CheckLogin":true,"request":{"BusinessType":0,"Number":null,"Name":null,"Status":-2,"PublishStatus":-2,"EndTime":-2,"Source":-2,"OrderBy":0,"PageIndex":1,"PageSize":20,"SqlWhere":null,"UserId":0}}
返回的结果:{"Status":0,"Message":null,"Result":{"List":[],"TotleCount":0,"Extend":null},"IsOverdue":null}

2018-01-04 12:57:12,805 [63] INFO  BaseLog [(null)] - [IsAuthorized]IsCheckIP=False,IsCheckLogin=True,CheckModuleRight=,用户请求的地址=http://www1.chitunion.com/api/media/GetStatistInfo?r=0.36413558456115425,UrlRefer=http://www1.chitunion.com/manager/media/personal/personalCenter.html
2018-01-04 12:57:12,814 [55] INFO  BaseLog [(null)] - [IsAuthorized]IsCheckIP=False,IsCheckLogin=True,CheckModuleRight=,用户请求的地址=http://www1.chitunion.com/api/media/GetBindingsWxList?PageIndex=1&PageSize=20&r=0.6492371980566531,UrlRefer=http://www1.chitunion.com/manager/media/personal/personalCenter.html
2018-01-04 12:57:12,820 [58] INFO  BaseLog [(null)] - [IsAuthorized]IsCheckIP=False,IsCheckLogin=True,CheckModuleRight=,用户请求的地址=http://www1.chitunion.com/api/Authorize/GetMenuInfo,UrlRefer=http://www1.chitunion.com/manager/media/personal/personalCenter.html
2018-01-04 12:57:12,826 [55] INFO  BaseLog [(null)] - 
当前操作类型:WeiXin
 查询条件信息:{"BusinessType":0,"Number":null,"Name":null,"Status":-2,"PublishStatus":-2,"EndTime":-2,"Source":-2,"OrderBy":0,"PageIndex":1,"PageSize":20,"SqlWhere":null,"UserId":1427}
2018-01-04 12:57:12,831 [64] INFO  BaseLog [(null)] - 
请求的url地址：http://www1.chitunion.com/api/media/GetStatistInfo?r=0.36413558456115425
执行的时间:18.0483ms
请求的参数:{"CheckLogin":true}
返回的结果:{"Status":0,"Message":null,"Result":{"UserId":1427,"UserHeadImg":null,"UserName":"masj_0","EarningsPrice":0.0,"OrderCount":1,"BindingsCount":0},"IsOverdue":null}

2018-01-04 12:57:12,845 [55] INFO  BaseLog [(null)] - 
请求的url地址：http://www1.chitunion.com/api/media/GetBindingsWxList?PageIndex=1&PageSize=20&r=0.6492371980566531
执行的时间:22.0586ms
请求的参数:{"CheckLogin":true,"request":{"BusinessType":0,"Number":null,"Name":null,"Status":-2,"PublishStatus":-2,"EndTime":-2,"Source":-2,"OrderBy":0,"PageIndex":1,"PageSize":20,"SqlWhere":null,"UserId":0}}
返回的结果:{"Status":0,"Message":null,"Result":{"List":[],"TotleCount":0,"Extend":null},"IsOverdue":null}

2018-01-04 12:57:13,347 [61] INFO  BaseLog [(null)] - [IsAuthorized]IsCheckIP=False,IsCheckLogin=True,CheckModuleRight=,用户请求的地址=http://www1.chitunion.com/api/media/GetStatistInfo?r=0.2881363187916577,UrlRefer=http://www1.chitunion.com/manager/media/personal/personalCenter.html
2018-01-04 12:57:13,364 [54] INFO  BaseLog [(null)] - [IsAuthorized]IsCheckIP=False,IsCheckLogin=True,CheckModuleRight=,用户请求的地址=http://www1.chitunion.com/api/media/GetBindingsWxList?PageIndex=1&PageSize=20&r=0.4484763841610402,UrlRefer=http://www1.chitunion.com/manager/media/personal/personalCenter.html
2018-01-04 12:57:13,366 [64] INFO  BaseLog [(null)] - [IsAuthorized]IsCheckIP=False,IsCheckLogin=True,CheckModuleRight=,用户请求的地址=http://www1.chitunion.com/api/Authorize/GetMenuInfo,UrlRefer=http://www1.chitunion.com/manager/media/personal/personalCenter.html
2018-01-04 12:57:13,375 [61] INFO  BaseLog [(null)] - 
请求的url地址：http://www1.chitunion.com/api/media/GetStatistInfo?r=0.2881363187916577
执行的时间:18.0483ms
请求的参数:{"CheckLogin":true}
返回的结果:{"Status":0,"Message":null,"Result":{"UserId":1427,"UserHeadImg":null,"UserName":"masj_0","EarningsPrice":0.0,"OrderCount":1,"BindingsCount":0},"IsOverdue":null}

2018-01-04 12:57:13,386 [54] INFO  BaseLog [(null)] - 
当前操作类型:WeiXin
 查询条件信息:{"BusinessType":0,"Number":null,"Name":null,"Status":-2,"PublishStatus":-2,"EndTime":-2,"Source":-2,"OrderBy":0,"PageIndex":1,"PageSize":20,"SqlWhere":null,"UserId":1427}
2018-01-04 12:57:13,402 [54] INFO  BaseLog [(null)] - 
请求的url地址：http://www1.chitunion.com/api/media/GetBindingsWxList?PageIndex=1&PageSize=20&r=0.4484763841610402
执行的时间:31.0814ms
请求的参数:{"CheckLogin":true,"request":{"BusinessType":0,"Number":null,"Name":null,"Status":-2,"PublishStatus":-2,"EndTime":-2,"Source":-2,"OrderBy":0,"PageIndex":1,"PageSize":20,"SqlWhere":null,"UserId":0}}
返回的结果:{"Status":0,"Message":null,"Result":{"List":[],"TotleCount":0,"Extend":null},"IsOverdue":null}

2018-01-04 12:57:34,628 [59] INFO  BaseLog [(null)] - [IsAuthorized]IsCheckIP=False,IsCheckLogin=True,CheckModuleRight=,用户请求的地址=http://www1.chitunion.com/api/media/GetStatistInfo?r=0.7361730148550123,UrlRefer=http://www1.chitunion.com/manager/media/personal/personalCenter.html
2018-01-04 12:57:34,639 [63] INFO  BaseLog [(null)] - [IsAuthorized]IsCheckIP=False,IsCheckLogin=True,CheckModuleRight=,用户请求的地址=http://www1.chitunion.com/api/media/GetBindingsWxList?PageIndex=1&PageSize=20&r=0.6674032027367502,UrlRefer=http://www1.chitunion.com/manager/media/personal/personalCenter.html
2018-01-04 12:57:34,640 [53] INFO  BaseLog [(null)] - [IsAuthorized]IsCheckIP=False,IsCheckLogin=True,CheckModuleRight=,用户请求的地址=http://www1.chitunion.com/api/Authorize/GetMenuInfo,UrlRefer=http://www1.chitunion.com/manager/media/personal/personalCenter.html
2018-01-04 12:57:34,647 [64] INFO  BaseLog [(null)] - 
请求的url地址：http://www1.chitunion.com/api/media/GetStatistInfo?r=0.7361730148550123
执行的时间:14.038ms
请求的参数:{"CheckLogin":true}
返回的结果:{"Status":0,"Message":null,"Result":{"UserId":1427,"UserHeadImg":null,"UserName":"masj_0","EarningsPrice":0.0,"OrderCount":1,"BindingsCount":0},"IsOverdue":null}

2018-01-04 12:57:34,661 [63] INFO  BaseLog [(null)] - 
当前操作类型:WeiXin
 查询条件信息:{"BusinessType":0,"Number":null,"Name":null,"Status":-2,"PublishStatus":-2,"EndTime":-2,"Source":-2,"OrderBy":0,"PageIndex":1,"PageSize":20,"SqlWhere":null,"UserId":1427}
2018-01-04 12:57:34,675 [54] INFO  BaseLog [(null)] - 
请求的url地址：http://www1.chitunion.com/api/media/GetBindingsWxList?PageIndex=1&PageSize=20&r=0.6674032027367502
执行的时间:25.0668ms
请求的参数:{"CheckLogin":true,"request":{"BusinessType":0,"Number":null,"Name":null,"Status":-2,"PublishStatus":-2,"EndTime":-2,"Source":-2,"OrderBy":0,"PageIndex":1,"PageSize":20,"SqlWhere":null,"UserId":0}}
返回的结果:{"Status":0,"Message":null,"Result":{"List":[],"TotleCount":0,"Extend":null},"IsOverdue":null}

2018-01-04 12:57:36,194 [61] INFO  BaseLog [(null)] - [IsAuthorized]IsCheckIP=False,IsCheckLogin=False,CheckModuleRight=,用户请求的地址=http://www1.chitunion.com/api/DictInfo/GetDictInfoByTypeID?typeID=193,UrlRefer=http://www1.chitunion.com/manager/media/order/patch-order.html
2018-01-04 12:57:36,260 [59] INFO  BaseLog [(null)] - [IsAuthorized]IsCheckIP=False,IsCheckLogin=True,CheckModuleRight=,用户请求的地址=http://www1.chitunion.com/api/order/GetCoverImageList?PageSize=20&PageIndex=1&OrderName=&OrderStatus=-2,UrlRefer=http://www1.chitunion.com/manager/media/order/patch-order.html
2018-01-04 12:57:36,265 [58] INFO  BaseLog [(null)] - [IsAuthorized]IsCheckIP=False,IsCheckLogin=True,CheckModuleRight=,用户请求的地址=http://www1.chitunion.com/api/Authorize/GetMenuInfo,UrlRefer=http://www1.chitunion.com/manager/media/order/patch-order.html
2018-01-04 12:57:36,281 [59] INFO  BaseLog [(null)] - 
当前操作类型:WeiXin
 查询条件信息:{"OrderName":null,"OrderStatus":-2,"TaskType":-2,"Category":-2,"BusinessType":0,"Number":null,"Name":null,"Status":-2,"PublishStatus":-2,"EndTime":-2,"Source":-2,"OrderBy":0,"PageIndex":1,"PageSize":20,"SqlWhere":null,"UserId":1427}
2018-01-04 12:57:36,297 [54] INFO  BaseLog [(null)] - 
请求的url地址：http://www1.chitunion.com/api/order/GetCoverImageList?PageSize=20&PageIndex=1&OrderName=&OrderStatus=-2
执行的时间:18.0502ms
请求的参数:{"CheckLogin":true,"request":{"OrderName":null,"OrderStatus":-2,"TaskType":-2,"Category":-2,"BusinessType":0,"Number":null,"Name":null,"Status":-2,"PublishStatus":-2,"EndTime":-2,"Source":-2,"OrderBy":0,"PageIndex":1,"PageSize":20,"SqlWhere":null,"UserId":0}}
返回的结果:{"Status":0,"Message":null,"Result":{"List":[],"TotleCount":0,"Extend":null},"IsOverdue":null}

2018-01-04 12:57:37,309 [63] INFO  BaseLog [(null)] - [IsAuthorized]IsCheckIP=False,IsCheckLogin=False,CheckModuleRight=,用户请求的地址=http://www1.chitunion.com/api/DictInfo/GetDictInfoByTypeID?typeID=193,UrlRefer=http://www1.chitunion.com/manager/media/order/content-order.html
2018-01-04 12:57:37,337 [62] INFO  BaseLog [(null)] - [IsAuthorized]IsCheckIP=False,IsCheckLogin=True,CheckModuleRight=,用户请求的地址=http://www1.chitunion.com/api/order/GetCoverImageList?PageSize=20&PageIndex=1&OrderName=&OrderStatus=-2,UrlRefer=http://www1.chitunion.com/manager/media/order/content-order.html
2018-01-04 12:57:37,348 [55] INFO  BaseLog [(null)] - [IsAuthorized]IsCheckIP=False,IsCheckLogin=True,CheckModuleRight=,用户请求的地址=http://www1.chitunion.com/api/Authorize/GetMenuInfo,UrlRefer=http://www1.chitunion.com/manager/media/order/content-order.html
2018-01-04 12:57:37,351 [62] INFO  BaseLog [(null)] - 
当前操作类型:WeiXin
 查询条件信息:{"OrderName":null,"OrderStatus":-2,"TaskType":-2,"Category":-2,"BusinessType":0,"Number":null,"Name":null,"Status":-2,"PublishStatus":-2,"EndTime":-2,"Source":-2,"OrderBy":0,"PageIndex":1,"PageSize":20,"SqlWhere":null,"UserId":1427}
2018-01-04 12:57:37,358 [58] INFO  BaseLog [(null)] - 
请求的url地址：http://www1.chitunion.com/api/order/GetCoverImageList?PageSize=20&PageIndex=1&OrderName=&OrderStatus=-2
执行的时间:14.0388ms
请求的参数:{"CheckLogin":true,"request":{"OrderName":null,"OrderStatus":-2,"TaskType":-2,"Category":-2,"BusinessType":0,"Number":null,"Name":null,"Status":-2,"PublishStatus":-2,"EndTime":-2,"Source":-2,"OrderBy":0,"PageIndex":1,"PageSize":20,"SqlWhere":null,"UserId":0}}
返回的结果:{"Status":0,"Message":null,"Result":{"List":[],"TotleCount":0,"Extend":null},"IsOverdue":null}

2018-01-04 12:57:42,433 [54] INFO  BaseLog [(null)] - [IsAuthorized]IsCheckIP=False,IsCheckLogin=False,CheckModuleRight=,用户请求的地址=http://www1.chitunion.com/api/DictInfo/GetDictInfoByTypeID?typeID=193,UrlRefer=http://www1.chitunion.com/manager/media/order/patch-order.html
2018-01-04 12:57:42,464 [64] INFO  BaseLog [(null)] - [IsAuthorized]IsCheckIP=False,IsCheckLogin=True,CheckModuleRight=,用户请求的地址=http://www1.chitunion.com/api/order/GetCoverImageList?PageSize=20&PageIndex=1&OrderName=&OrderStatus=-2,UrlRefer=http://www1.chitunion.com/manager/media/order/patch-order.html
2018-01-04 12:57:42,479 [64] INFO  BaseLog [(null)] - 
当前操作类型:WeiXin
 查询条件信息:{"OrderName":null,"OrderStatus":-2,"TaskType":-2,"Category":-2,"BusinessType":0,"Number":null,"Name":null,"Status":-2,"PublishStatus":-2,"EndTime":-2,"Source":-2,"OrderBy":0,"PageIndex":1,"PageSize":20,"SqlWhere":null,"UserId":1427}
2018-01-04 12:57:42,483 [58] INFO  BaseLog [(null)] - [IsAuthorized]IsCheckIP=False,IsCheckLogin=True,CheckModuleRight=,用户请求的地址=http://www1.chitunion.com/api/Authorize/GetMenuInfo,UrlRefer=http://www1.chitunion.com/manager/media/order/patch-order.html
2018-01-04 12:57:42,488 [55] INFO  BaseLog [(null)] - 
请求的url地址：http://www1.chitunion.com/api/order/GetCoverImageList?PageSize=20&PageIndex=1&OrderName=&OrderStatus=-2
执行的时间:14.0388ms
请求的参数:{"CheckLogin":true,"request":{"OrderName":null,"OrderStatus":-2,"TaskType":-2,"Category":-2,"BusinessType":0,"Number":null,"Name":null,"Status":-2,"PublishStatus":-2,"EndTime":-2,"Source":-2,"OrderBy":0,"PageIndex":1,"PageSize":20,"SqlWhere":null,"UserId":0}}
返回的结果:{"Status":0,"Message":null,"Result":{"List":[],"TotleCount":0,"Extend":null},"IsOverdue":null}

2018-01-04 12:57:44,899 [63] INFO  BaseLog [(null)] - 
当前操作类型:WeiXin
 查询条件信息:{"OrderName":null,"OrderStatus":-2,"TaskType":192002,"Category":-2,"BusinessType":0,"Number":null,"Name":null,"Status":-2,"PublishStatus":-2,"EndTime":-2,"Source":-2,"OrderBy":0,"PageIndex":1,"PageSize":20,"SqlWhere":null,"UserId":0}
2018-01-04 12:57:44,912 [61] INFO  BaseLog [(null)] - 
当前操作类型:WeiXin
 查询条件信息:{"OrderName":null,"OrderStatus":-2,"TaskType":192001,"Category":-2,"BusinessType":0,"Number":null,"Name":null,"Status":-2,"PublishStatus":-2,"EndTime":-2,"Source":-2,"OrderBy":0,"PageIndex":1,"PageSize":20,"SqlWhere":null,"UserId":0}
2018-01-04 12:57:44,952 [54] INFO  BaseLog [(null)] - 
请求的url地址：http://www1.chitunion.com/api/task/GetDistrbuteList?PageIndex=1&PageSize=20&r=0.9078718097880483
执行的时间:34.0907ms
请求的参数:{"request":{"OrderName":null,"OrderStatus":-2,"TaskType":-2,"Category":-2,"BusinessType":0,"Number":null,"Name":null,"Status":-2,"PublishStatus":-2,"EndTime":-2,"Source":-2,"OrderBy":0,"PageIndex":1,"PageSize":20,"SqlWhere":null,"UserId":0}}
返回的结果:{"Status":0,"Message":null,"Result":{"List":[{"TaskId":187,"TaskName":"莉莉・柯林斯因瘦而被拒绝上杂志版面","BillingRuleName":"0.2元/CPC + 10元/CPL","MaterialUrl":"http://news1.chitu.qichedaquan.com/materiel/chitunion/mobile/20171223/203.html","RuleCount":200000,"TakeCount":2,"TaskAmount":819.00,"CPCPrice":0.20,"CPLPrice":10.00,"ImgUrl":"/UploadFiles/Task/QRImage/2017/12/25/17/新年更优惠.png","Synopsis":"爱的色放vsad"},{"TaskId":186,"TaskName":"这是一篇有味道的文章，那些超臭却又让人欲罢不能的食物，你吃过吗?","BillingRuleName":"0.7元/CPC + 10元/CPL","MaterialUrl":"http://news1.chitu.qichedaquan.com/materiel/chitunion/mobile/20171223/200.html","RuleCount":200000,"TakeCount":1,"TaskAmount":959.00,"CPCPrice":0.70,"CPLPrice":10.00,"ImgUrl":"http://192.168.3.71/group1/M00/08/7D/oYYBAFo6BNqAOCcpAAAjIWHPMbk397.JPG","Synopsis":"一般大家吃东西，都注重的是“色香味俱全”"},{"TaskId":185,"TaskName":"2017理财投资的一次契机!上班族5万存款如何翻倍理财！","BillingRuleName":"0.3元/CPC + 10元/CPL","MaterialUrl":"http://news1.chitu.qichedaquan.com/materiel/chitunion/mobile/20171223/201.html","RuleCount":200000,"TakeCount":1,"TaskAmount":851.00,"CPCPrice":0.30,"CPLPrice":10.00,"ImgUrl":"http://192.168.3.71/group1/M00/08/7C/oYYBAFo55CaALXkkAAAkTJR9eWg526.JPG","Synopsis":"温度突然发我佛挡杀佛"},{"TaskId":183,"TaskName":"因为子君的一个失误，《我的前半生》至少多了5集","BillingRuleName":"0.5元/CPC + 10元/CPL","MaterialUrl":"http://news1.chitu.qichedaquan.com/materiel/chitunion/mobile/20171223/199.html","RuleCount":200000,"TakeCount":1,"TaskAmount":888.00,"CPCPrice":0.50,"CPLPrice":10.00,"ImgUrl":"http://192.168.3.71/group1/M00/08/7D/oYYBAFo6BTeAFEIuAABsNvswZuY929.GIF","Synopsis":"sdafds"},{"TaskId":182,"TaskName":"晚安丨心有猛虎，细嗅蔷薇。","BillingRuleName":"0.4元/CPC + 10元/CPL","MaterialUrl":"http://news1.chitu.qichedaquan.com/materiel/chitunion/mobile/20171223/198.html","RuleCount":200000,"TakeCount":1,"TaskAmount":859.00,"CPCPrice":0.40,"CPLPrice":10.00,"ImgUrl":"http://192.168.3.71/group1/M00/08/7D/oYYBAFo6BV6ACTZpAAAt-glDCxw679.JPG","Synopsis":"但愿每个人心里住着一只猛虎"},{"TaskId":176,"TaskName":"走进美国 | 小心！在内华达自驾时千万别走错，不然让你碰见外星人","BillingRuleName":"0.7元/CPC + 10元/CPL","MaterialUrl":"http://news1.chitu.qichedaquan.com/materiel/qichedaquan/mobile/20171219/190.html","RuleCount":200000,"TakeCount":1,"TaskAmount":0.00,"CPCPrice":0.70,"CPLPrice":10.00,"ImgUrl":"http://192.168.3.71/group1/M00/08/75/oYYBAFo3lq6AflC8AAA80XOVzmo488.JPG","Synopsis":"心动！11111"},{"TaskId":175,"TaskName":"走进美国 | 小心！在内华达自驾时千万别走错，不然让你碰见外星人","BillingRuleName":"0.7元/CPC + 10元/CPL","MaterialUrl":"http://news1.chitu.qichedaquan.com/materiel/chitunion/mobile/20171219/189.html","RuleCount":200000,"TakeCount":1,"TaskAmount":0.00,"CPCPrice":0.70,"CPLPrice":10.00,"ImgUrl":"http://192.168.3.71/group1/M00/08/75/oYYBAFo3lq6AflC8AAA80XOVzmo488.JPG","Synopsis":"心动！11111"},{"TaskId":174,"TaskName":"40万买辆奥迪S3玩的不爽？再花30万爆改，这种情怀有谁能懂？","BillingRuleName":"0.7元/CPC + 10元/CPL","MaterialUrl":"http://news1.chitu.qichedaquan.com/materiel/qichedaquan/mobile/20171218/188.html","RuleCount":200000,"TakeCount":1,"TaskAmount":0.00,"CPCPrice":0.70,"CPLPrice":10.00,"ImgUrl":"http://192.168.3.71/group1/M00/08/75/oYYBAFo3lq6AflC8AAA80XOVzmo488.JPG","Synopsis":"中国最具人气的改装车公众平台，欢迎更多改装车友关注，一起加入这里交流学习。"},{"TaskId":173,"TaskName":"超级罕见的手动挡宝马M5，竟然被改装成宽体\"陆地坦克\"！","BillingRuleName":"0.7元/CPC + 10元/CPL","MaterialUrl":"http://news1.chitu.qichedaquan.com/materiel/qichedaquan/mobile/20171218/187.html","RuleCount":200000,"TakeCount":6,"TaskAmount":0.00,"CPCPrice":0.70,"CPLPrice":10.00,"ImgUrl":"http://192.168.3.71/group1/M00/08/75/oYYBAFo3lq6AflC8AAA80XOVzmo488.JPG","Synopsis":"中国最具人气的改装车公众平台，欢迎更多改装车友关注，一起加入这里交流学习。"},{"TaskId":172,"TaskName":"10月亮相 雷克萨斯将推RX七座版车型","BillingRuleName":"0.7元/CPC + 10元/CPL","MaterialUrl":"http://dealer.h5.qichedaquan.com/25238/KonwledgeDetail/912386/0","RuleCount":200000,"TakeCount":4,"TaskAmount":0.00,"CPCPrice":0.70,"CPLPrice":10.00,"ImgUrl":"http://192.168.3.71/group1/M00/08/75/oYYBAFo3lq6AflC8AAA80XOVzmo488.JPG","Synopsis":null},{"TaskId":171,"TaskName":"一个酷炫的黑科技装置 是怎样一步步变身为互撩神器的","BillingRuleName":"0.7元/CPC + 10元/CPL","MaterialUrl":"http://dealer.h5.qichedaquan.com/300020/KonwledgeDetail/46728/0","RuleCount":200000,"TakeCount":3,"TaskAmount":0.00,"CPCPrice":0.70,"CPLPrice":10.00,"ImgUrl":"http://192.168.3.71/group1/M00/08/75/oYYBAFo3lq6AflC8AAA80XOVzmo488.JPG","Synopsis":null},{"TaskId":170,"TaskName":"一个酷炫的黑科技装置 是怎样一步步变身为互撩神器的","BillingRuleName":"0.7元/CPC + 10元/CPL","MaterialUrl":"http://dealer.h5.qichedaquan.com/300020/KonwledgeDetail/46728/0","RuleCount":200000,"TakeCount":1,"TaskAmount":0.00,"CPCPrice":0.70,"CPLPrice":10.00,"ImgUrl":"http://192.168.3.71/group1/M00/08/75/oYYBAFo3lq6AflC8AAA80XOVzmo488.JPG","Synopsis":null},{"TaskId":169,"TaskName":"年底了，歇歇吧！我带你去木渎古镇晒太阳","BillingRuleName":"0.7元/CPC + 10元/CPL","MaterialUrl":"http://dealer.h5.qichedaquan.com/300020/KonwledgeDetail/46728/0","RuleCount":200000,"TakeCount":1,"TaskAmount":0.00,"CPCPrice":0.70,"CPLPrice":10.00,"ImgUrl":"http://192.168.3.71/group1/M00/08/75/oYYBAFo3lq6AflC8AAA80XOVzmo488.JPG","Synopsis":null},{"TaskId":168,"TaskName":"惊艳时光！四川最美七条公路！每一条都是绝美的风景！","BillingRuleName":"0.7元/CPC + 10元/CPL","MaterialUrl":"http://dealer.h5.qichedaquan.com/300020/KonwledgeDetail/46728/0","RuleCount":200000,"TakeCount":1,"TaskAmount":0.00,"CPCPrice":0.70,"CPLPrice":10.00,"ImgUrl":"http://192.168.3.71/group1/M00/08/75/oYYBAFo3lq6AflC8AAA80XOVzmo488.JPG","Synopsis":null},{"TaskId":167,"TaskName":"独家旅行保险 超超超级大促来了！","BillingRuleName":"0.7元/CPC + 10元/CPL","MaterialUrl":"http://dealer.h5.qichedaquan.com/300020/KonwledgeDetail/46728/0","RuleCount":200000,"TakeCount":1,"TaskAmount":0.00,"CPCPrice":0.70,"CPLPrice":10.00,"ImgUrl":"http://192.168.3.71/group1/M00/08/75/oYYBAFo3lq6AflC8AAA80XOVzmo488.JPG","Synopsis":null},{"TaskId":166,"TaskName":"夏天就要凉爽，带你熟知西班牙国民饮品horchata，瓦伦西亚出团，火热报名中~","BillingRuleName":"0.7元/CPC + 10元/CPL","MaterialUrl":"http://dealer.h5.qichedaquan.com/300020/KonwledgeDetail/46728/0","RuleCount":200000,"TakeCount":1,"TaskAmount":0.00,"CPCPrice":0.70,"CPLPrice":10.00,"ImgUrl":"http://192.168.3.71/group1/M00/08/75/oYYBAFo3lq6AflC8AAA80XOVzmo488.JPG","Synopsis":null},{"TaskId":165,"TaskName":"西湖销夏都江堰，江南忆里忆江南！","BillingRuleName":"0.7元/CPC + 10元/CPL","MaterialUrl":"http://dealer.h5.qichedaquan.com/300020/KonwledgeDetail/46728/0","RuleCount":200000,"TakeCount":1,"TaskAmount":0.00,"CPCPrice":0.70,"CPLPrice":10.00,"ImgUrl":"http://192.168.3.71/group1/M00/08/75/oYYBAFo3lq6AflC8AAA80XOVzmo488.JPG","Synopsis":null},{"TaskId":164,"TaskName":"世界最大极地海洋馆的水母馆 秒杀流窜山寨海洋馆","BillingRuleName":"0.7元/CPC + 10元/CPL","MaterialUrl":"http://dealer.h5.qichedaquan.com/300020/KonwledgeDetail/46728/0","RuleCount":200000,"TakeCount":2,"TaskAmount":0.00,"CPCPrice":0.70,"CPLPrice":10.00,"ImgUrl":"http://192.168.3.71/group1/M00/08/75/oYYBAFo3lq6AflC8AAA80XOVzmo488.JPG","Synopsis":null},{"TaskId":163,"TaskName":"这个广东省内鲜为人知的世外桃源，日后必火！趁着现在人少赶紧去……","BillingRuleName":"0.7元/CPC + 10元/CPL","MaterialUrl":"http://dealer.h5.qichedaquan.com/300020/KonwledgeDetail/46728/0","RuleCount":200000,"TakeCount":1,"TaskAmount":0.00,"CPCPrice":0.70,"CPLPrice":10.00,"ImgUrl":"http://192.168.3.71/group1/M00/08/75/oYYBAFo3lq6AflC8AAA80XOVzmo488.JPG","Synopsis":null},{"TaskId":162,"TaskName":"这条路让你在极美与极危险里极度受虐丨道尔顿公路 Dalton Highway","BillingRuleName":"0.7元/CPC + 10元/CPL","MaterialUrl":"http://dealer.h5.qichedaquan.com/300020/KonwledgeDetail/46728/0","RuleCount":200000,"TakeCount":1,"TaskAmount":0.00,"CPCPrice":0.70,"CPLPrice":10.00,"ImgUrl":"http://192.168.3.71/group1/M00/08/75/oYYBAFo3lq6AflC8AAA80XOVzmo488.JPG","Synopsis":null}],"TotleCount":46,"Extend":null},"IsOverdue":null}

2018-01-04 12:57:44,952 [61] INFO  BaseLog [(null)] - 
请求的url地址：http://www1.chitunion.com/api/task/GetCoverImageList?PageIndex=1&PageSize=20&r=0.1712252947036177
执行的时间:46.1219ms
请求的参数:{"request":{"OrderName":null,"OrderStatus":-2,"TaskType":-2,"Category":-2,"BusinessType":0,"Number":null,"Name":null,"Status":-2,"PublishStatus":-2,"EndTime":-2,"Source":-2,"OrderBy":0,"PageIndex":1,"PageSize":20,"SqlWhere":null,"UserId":0}}
返回的结果:{"Status":0,"Message":null,"Result":{"List":[{"TaskId":196,"TaskName":"低价买新车，立即询底价","MaterialUrl":"https://h5.qichedaquan.com/jike/","BillingRuleName":"0.6元/CPC + 10元/CPL","ImgUrl":"http://op.chitunion.com/UploadFiles/BottomMaterielPic/01.png","Synopsis":"无","CPCPrice":0.60,"CPLPrice":10.00,"TaskAmount":945.00,"RuleCount":20000,"TakeCount":4},{"TaskId":195,"TaskName":"买车全包圆儿，立即体验","BillingRuleName":"0.5元/CPC + 10元/CPL","MaterialUrl":"https://h5.qichedaquan.com/jike/","RuleCount":20000,"TakeCount":3,"TaskAmount":923.00,"CPCPrice":0.50,"CPLPrice":10.00,"ImgUrl":"http://op.chitunion.com/UploadFiles/BottomMaterielPic/06.png","Synopsis":"无"},{"TaskId":194,"TaskName":"新年更优惠，买车正当时","BillingRuleName":"0.3元/CPC + 10元/CPL","MaterialUrl":"https://h5.qichedaquan.com/jike/","RuleCount":20000,"TakeCount":1,"TaskAmount":844.00,"CPCPrice":0.30,"CPLPrice":10.00,"ImgUrl":"http://op.chitunion.com/UploadFiles/BottomMaterielPic/03.png","Synopsis":"无"},{"TaskId":193,"TaskName":"买新车要试驾，立即预约","BillingRuleName":"0.2元/CPC + 10元/CPL","MaterialUrl":"https://h5.qichedaquan.com/jike/","RuleCount":20000,"TakeCount":0,"TaskAmount":831.00,"CPCPrice":0.20,"CPLPrice":10.00,"ImgUrl":"http://op.chitunion.com/UploadFiles/BottomMaterielPic/05.png","Synopsis":"无"},{"TaskId":192,"TaskName":"新年更优惠，立即询底价","BillingRuleName":"0.3元/CPC + 10元/CPL","MaterialUrl":"https://h5.qichedaquan.com/jike/","RuleCount":20000,"TakeCount":1,"TaskAmount":857.00,"CPCPrice":0.30,"CPLPrice":10.00,"ImgUrl":"http://op.chitunion.com/UploadFiles/BottomMaterielPic/08.png","Synopsis":"无"},{"TaskId":191,"TaskName":"小白买车，帮你选好车","BillingRuleName":"0.2元/CPC + 10元/CPL","MaterialUrl":"https://h5.qichedaquan.com/jike/","RuleCount":20000,"TakeCount":1,"TaskAmount":825.00,"CPCPrice":0.20,"CPLPrice":10.00,"ImgUrl":"http://op.chitunion.com/UploadFiles/BottomMaterielPic/07.png","Synopsis":"无"},{"TaskId":190,"TaskName":"买车要砍价，找TA报价优惠多","BillingRuleName":"0.4元/CPC + 10元/CPL","MaterialUrl":"https://h5.qichedaquan.com/jike/","RuleCount":20000,"TakeCount":1,"TaskAmount":890.00,"CPCPrice":0.40,"CPLPrice":10.00,"ImgUrl":"http://op.chitunion.com/UploadFiles/BottomMaterielPic/02.png","Synopsis":"无"},{"TaskId":189,"TaskName":"买新车来询价，低价马上到手","BillingRuleName":"0.6元/CPC + 10元/CPL","MaterialUrl":"https://h5.qichedaquan.com/jike/","RuleCount":20000,"TakeCount":1,"TaskAmount":961.00,"CPCPrice":0.60,"CPLPrice":10.00,"ImgUrl":"http://op.chitunion.com/UploadFiles/BottomMaterielPic/04.png","Synopsis":"无"},{"TaskId":188,"TaskName":"低价买新车，立即询底价","BillingRuleName":"0.7元/CPC + 10元/CPL","MaterialUrl":"https://h5.qichedaquan.com/jike/","RuleCount":20000,"TakeCount":1,"TaskAmount":980.00,"CPCPrice":0.70,"CPLPrice":10.00,"ImgUrl":"http://op.chitunion.com/UploadFiles/BottomMaterielPic/01.png","Synopsis":"无"}],"TotleCount":9,"Extend":null},"IsOverdue":null}

2018-01-04 12:57:53,133 [55] INFO  BaseLog [(null)] - [IsAuthorized]IsCheckIP=False,IsCheckLogin=True,CheckModuleRight=,用户请求的地址=http://www1.chitunion.com/api/task/Receive,UrlRefer=http://www1.chitunion.com/static/media/contentDistribution.html?rob=1
2018-01-04 12:57:54,075 [59] INFO  BaseLog [(null)] - 
请求的url地址：http://www1.chitunion.com/api/task/Receive
执行的时间:890.3678ms
请求的参数:{"CheckLogin":true,"request":{"TaskType":192002,"TaskId":193,"MediaId":0,"UserIdentity":null}}
返回的结果:{"Status":0,"Message":"操作成功","Result":{"OrderId":112,"Title":"买新车要试驾，立即预约","OrderUrl":"https://h5.qichedaquan.com/jike/?utm_source=chitu&utm_term=ZnoLMVwfkz","PasterUrl":"http://192.168.3.71/group1/M00/09/1E/oYYBAFpNtQSAIT4RAAGBD9IshbU015.png"},"IsOverdue":null}

2018-01-04 12:57:58,623 [61] INFO  BaseLog [(null)] - [IsAuthorized]IsCheckIP=False,IsCheckLogin=True,CheckModuleRight=,用户请求的地址=http://www1.chitunion.com/api/media/GetStatistInfo?r=0.8074225336313248,UrlRefer=http://www1.chitunion.com/manager/media/personal/personalCenter.html
2018-01-04 12:57:58,636 [63] INFO  BaseLog [(null)] - [IsAuthorized]IsCheckIP=False,IsCheckLogin=True,CheckModuleRight=,用户请求的地址=http://www1.chitunion.com/api/media/GetBindingsWxList?PageIndex=1&PageSize=20&r=0.8345514715183526,UrlRefer=http://www1.chitunion.com/manager/media/personal/personalCenter.html
2018-01-04 12:57:58,657 [63] INFO  BaseLog [(null)] - 
当前操作类型:WeiXin
 查询条件信息:{"BusinessType":0,"Number":null,"Name":null,"Status":-2,"PublishStatus":-2,"EndTime":-2,"Source":-2,"OrderBy":0,"PageIndex":1,"PageSize":20,"SqlWhere":null,"UserId":1427}
2018-01-04 12:57:58,660 [55] INFO  BaseLog [(null)] - 
请求的url地址：http://www1.chitunion.com/api/media/GetStatistInfo?r=0.8074225336313248
执行的时间:17.0462ms
请求的参数:{"CheckLogin":true}
返回的结果:{"Status":0,"Message":null,"Result":{"UserId":1427,"UserHeadImg":null,"UserName":"masj_0","EarningsPrice":0.0,"OrderCount":2,"BindingsCount":0},"IsOverdue":null}

2018-01-04 12:57:58,664 [53] INFO  BaseLog [(null)] - [IsAuthorized]IsCheckIP=False,IsCheckLogin=True,CheckModuleRight=,用户请求的地址=http://www1.chitunion.com/api/Authorize/GetMenuInfo,UrlRefer=http://www1.chitunion.com/manager/media/personal/personalCenter.html
2018-01-04 12:57:58,673 [54] INFO  BaseLog [(null)] - 
请求的url地址：http://www1.chitunion.com/api/media/GetBindingsWxList?PageIndex=1&PageSize=20&r=0.8345514715183526
执行的时间:28.0746ms
请求的参数:{"CheckLogin":true,"request":{"BusinessType":0,"Number":null,"Name":null,"Status":-2,"PublishStatus":-2,"EndTime":-2,"Source":-2,"OrderBy":0,"PageIndex":1,"PageSize":20,"SqlWhere":null,"UserId":0}}
返回的结果:{"Status":0,"Message":null,"Result":{"List":[],"TotleCount":0,"Extend":null},"IsOverdue":null}

2018-01-04 12:57:59,965 [58] INFO  BaseLog [(null)] - [IsAuthorized]IsCheckIP=False,IsCheckLogin=False,CheckModuleRight=,用户请求的地址=http://www1.chitunion.com/api/DictInfo/GetDictInfoByTypeID?typeID=193,UrlRefer=http://www1.chitunion.com/manager/media/order/patch-order.html
2018-01-04 12:57:59,994 [62] INFO  BaseLog [(null)] - [IsAuthorized]IsCheckIP=False,IsCheckLogin=True,CheckModuleRight=,用户请求的地址=http://www1.chitunion.com/api/order/GetCoverImageList?PageSize=20&PageIndex=1&OrderName=&OrderStatus=-2,UrlRefer=http://www1.chitunion.com/manager/media/order/patch-order.html
2018-01-04 12:58:00,006 [62] INFO  BaseLog [(null)] - 
当前操作类型:WeiXin
 查询条件信息:{"OrderName":null,"OrderStatus":-2,"TaskType":-2,"Category":-2,"BusinessType":0,"Number":null,"Name":null,"Status":-2,"PublishStatus":-2,"EndTime":-2,"Source":-2,"OrderBy":0,"PageIndex":1,"PageSize":20,"SqlWhere":null,"UserId":1427}
2018-01-04 12:58:00,020 [62] INFO  BaseLog [(null)] - 
请求的url地址：http://www1.chitunion.com/api/order/GetCoverImageList?PageSize=20&PageIndex=1&OrderName=&OrderStatus=-2
执行的时间:12.0331ms
请求的参数:{"CheckLogin":true,"request":{"OrderName":null,"OrderStatus":-2,"TaskType":-2,"Category":-2,"BusinessType":0,"Number":null,"Name":null,"Status":-2,"PublishStatus":-2,"EndTime":-2,"Source":-2,"OrderBy":0,"PageIndex":1,"PageSize":20,"SqlWhere":null,"UserId":0}}
返回的结果:{"Status":0,"Message":null,"Result":{"List":[{"MediaName":null,"OrderId":112,"OrderName":"买新车要试驾，立即预约","BillingRuleName":"0.2元/CPC + 10元/CPL","TotalAmount":0.00,"OrderStatus":"进行中","ReceiveTime":"2018-01-04 12:57:54","CPCPrice":0.20,"CPLPrice":10.00}],"TotleCount":1,"Extend":null},"IsOverdue":null}

2018-01-04 12:58:00,042 [55] INFO  BaseLog [(null)] - [IsAuthorized]IsCheckIP=False,IsCheckLogin=True,CheckModuleRight=,用户请求的地址=http://www1.chitunion.com/api/Authorize/GetMenuInfo,UrlRefer=http://www1.chitunion.com/manager/media/order/patch-order.html
2018-01-04 12:58:01,755 [63] INFO  BaseLog [(null)] - [IsAuthorized]IsCheckIP=False,IsCheckLogin=True,CheckModuleRight=,用户请求的地址=http://www1.chitunion.com/api/order/GetInfo?OrderId=112,UrlRefer=http://www1.chitunion.com/manager/media/order/patch-detail.html?OrderId=112
2018-01-04 12:58:01,806 [55] INFO  BaseLog [(null)] - 
请求的url地址：http://www1.chitunion.com/api/order/GetInfo?OrderId=112
执行的时间:44.117ms
请求的参数:{"CheckLogin":true,"request":{"OrderId":112}}
返回的结果:{"Status":0,"Message":null,"Result":{"OrderUrl":"https://h5.qichedaquan.com/jike/?utm_source=chitu&utm_term=ZnoLMVwfkz","PasterUrl":"http://192.168.3.71/group1/M00/09/1E/oYYBAFpNtQSAIT4RAAGBD9IshbU015.png","OrderId":112,"OrderName":"买新车要试驾，立即预约","BillingRuleName":"0.2元/CPC + 10元/CPL","TotalAmount":0.00,"OrderStatus":"进行中","ReceiveTime":"2018-01-04 12:57:54","CPCPrice":0.20,"CPLPrice":10.00},"IsOverdue":null}

2018-01-04 12:58:01,823 [59] INFO  BaseLog [(null)] - [IsAuthorized]IsCheckIP=False,IsCheckLogin=True,CheckModuleRight=,用户请求的地址=http://www1.chitunion.com/api/order/GetIncomeDetails?OrderId=112,UrlRefer=http://www1.chitunion.com/manager/media/order/patch-detail.html?OrderId=112
2018-01-04 12:58:01,843 [58] INFO  BaseLog [(null)] - 
请求的url地址：http://www1.chitunion.com/api/order/GetIncomeDetails?OrderId=112
执行的时间:13.0356ms
请求的参数:{"CheckLogin":true,"request":{"OrderId":112}}
返回的结果:{"Status":0,"Message":null,"Result":{"List":[],"Extend":{"TotalCPCTotalPrice":null,"TotalCPLTotalPrice":null,"TotalMoney":null}},"IsOverdue":null}

2018-01-04 12:58:01,882 [59] INFO  BaseLog [(null)] - [IsAuthorized]IsCheckIP=False,IsCheckLogin=True,CheckModuleRight=,用户请求的地址=http://www1.chitunion.com/api/Authorize/GetMenuInfo,UrlRefer=http://www1.chitunion.com/manager/media/order/patch-detail.html?OrderId=112
2018-01-04 12:58:06,687 [55] INFO  BaseLog [(null)] - [IsAuthorized]IsCheckIP=False,IsCheckLogin=True,CheckModuleRight=,用户请求的地址=http://www1.chitunion.com/api/order/GetInfo?OrderId=112,UrlRefer=http://www1.chitunion.com/manager/media/order/patch-detail.html?OrderId=112
2018-01-04 12:58:06,695 [54] INFO  BaseLog [(null)] - 
请求的url地址：http://www1.chitunion.com/api/order/GetInfo?OrderId=112
执行的时间:5.0128ms
请求的参数:{"CheckLogin":true,"request":{"OrderId":112}}
返回的结果:{"Status":0,"Message":null,"Result":{"OrderUrl":"https://h5.qichedaquan.com/jike/?utm_source=chitu&utm_term=ZnoLMVwfkz","PasterUrl":"http://192.168.3.71/group1/M00/09/1E/oYYBAFpNtQSAIT4RAAGBD9IshbU015.png","OrderId":112,"OrderName":"买新车要试驾，立即预约","BillingRuleName":"0.2元/CPC + 10元/CPL","TotalAmount":0.00,"OrderStatus":"进行中","ReceiveTime":"2018-01-04 12:57:54","CPCPrice":0.20,"CPLPrice":10.00},"IsOverdue":null}

2018-01-04 12:58:06,712 [62] INFO  BaseLog [(null)] - [IsAuthorized]IsCheckIP=False,IsCheckLogin=True,CheckModuleRight=,用户请求的地址=http://www1.chitunion.com/api/order/GetIncomeDetails?OrderId=112,UrlRefer=http://www1.chitunion.com/manager/media/order/patch-detail.html?OrderId=112
2018-01-04 12:58:06,720 [64] INFO  BaseLog [(null)] - 
请求的url地址：http://www1.chitunion.com/api/order/GetIncomeDetails?OrderId=112
执行的时间:4.0103ms
请求的参数:{"CheckLogin":true,"request":{"OrderId":112}}
返回的结果:{"Status":0,"Message":null,"Result":{"List":[],"Extend":{"TotalCPCTotalPrice":null,"TotalCPLTotalPrice":null,"TotalMoney":null}},"IsOverdue":null}

2018-01-04 12:58:06,749 [53] INFO  BaseLog [(null)] - [IsAuthorized]IsCheckIP=False,IsCheckLogin=True,CheckModuleRight=,用户请求的地址=http://www1.chitunion.com/api/Authorize/GetMenuInfo,UrlRefer=http://www1.chitunion.com/manager/media/order/patch-detail.html?OrderId=112
2018-01-04 12:58:09,909 [55] INFO  BaseLog [(null)] - [IsAuthorized]IsCheckIP=False,IsCheckLogin=False,CheckModuleRight=,用户请求的地址=http://www1.chitunion.com/api/DictInfo/GetDictInfoByTypeID?typeID=193,UrlRefer=http://www1.chitunion.com/manager/media/order/patch-order.html
2018-01-04 12:58:09,955 [61] INFO  BaseLog [(null)] - [IsAuthorized]IsCheckIP=False,IsCheckLogin=True,CheckModuleRight=,用户请求的地址=http://www1.chitunion.com/api/order/GetCoverImageList?PageSize=20&PageIndex=1&OrderName=&OrderStatus=-2,UrlRefer=http://www1.chitunion.com/manager/media/order/patch-order.html
2018-01-04 12:58:09,961 [63] INFO  BaseLog [(null)] - [IsAuthorized]IsCheckIP=False,IsCheckLogin=True,CheckModuleRight=,用户请求的地址=http://www1.chitunion.com/api/Authorize/GetMenuInfo,UrlRefer=http://www1.chitunion.com/manager/media/order/patch-order.html
2018-01-04 12:58:09,969 [61] INFO  BaseLog [(null)] - 
当前操作类型:WeiXin
 查询条件信息:{"OrderName":null,"OrderStatus":-2,"TaskType":-2,"Category":-2,"BusinessType":0,"Number":null,"Name":null,"Status":-2,"PublishStatus":-2,"EndTime":-2,"Source":-2,"OrderBy":0,"PageIndex":1,"PageSize":20,"SqlWhere":null,"UserId":1427}
2018-01-04 12:58:09,977 [61] INFO  BaseLog [(null)] - 
请求的url地址：http://www1.chitunion.com/api/order/GetCoverImageList?PageSize=20&PageIndex=1&OrderName=&OrderStatus=-2
执行的时间:12.0316ms
请求的参数:{"CheckLogin":true,"request":{"OrderName":null,"OrderStatus":-2,"TaskType":-2,"Category":-2,"BusinessType":0,"Number":null,"Name":null,"Status":-2,"PublishStatus":-2,"EndTime":-2,"Source":-2,"OrderBy":0,"PageIndex":1,"PageSize":20,"SqlWhere":null,"UserId":0}}
返回的结果:{"Status":0,"Message":null,"Result":{"List":[{"MediaName":null,"OrderId":112,"OrderName":"买新车要试驾，立即预约","BillingRuleName":"0.2元/CPC + 10元/CPL","TotalAmount":0.00,"OrderStatus":"进行中","ReceiveTime":"2018-01-04 12:57:54","CPCPrice":0.20,"CPLPrice":10.00}],"TotleCount":1,"Extend":null},"IsOverdue":null}

2018-01-04 12:58:10,680 [53] INFO  BaseLog [(null)] - [IsAuthorized]IsCheckIP=False,IsCheckLogin=False,CheckModuleRight=,用户请求的地址=http://www1.chitunion.com/api/DictInfo/GetDictInfoByTypeID?typeID=193,UrlRefer=http://www1.chitunion.com/manager/media/order/patch-order.html
2018-01-04 12:58:10,711 [59] INFO  BaseLog [(null)] - [IsAuthorized]IsCheckIP=False,IsCheckLogin=True,CheckModuleRight=,用户请求的地址=http://www1.chitunion.com/api/order/GetCoverImageList?PageSize=20&PageIndex=1&OrderName=&OrderStatus=-2,UrlRefer=http://www1.chitunion.com/manager/media/order/patch-order.html
2018-01-04 12:58:10,724 [59] INFO  BaseLog [(null)] - 
当前操作类型:WeiXin
 查询条件信息:{"OrderName":null,"OrderStatus":-2,"TaskType":-2,"Category":-2,"BusinessType":0,"Number":null,"Name":null,"Status":-2,"PublishStatus":-2,"EndTime":-2,"Source":-2,"OrderBy":0,"PageIndex":1,"PageSize":20,"SqlWhere":null,"UserId":1427}
2018-01-04 12:58:10,734 [55] INFO  BaseLog [(null)] - 
请求的url地址：http://www1.chitunion.com/api/order/GetCoverImageList?PageSize=20&PageIndex=1&OrderName=&OrderStatus=-2
执行的时间:14.037ms
请求的参数:{"CheckLogin":true,"request":{"OrderName":null,"OrderStatus":-2,"TaskType":-2,"Category":-2,"BusinessType":0,"Number":null,"Name":null,"Status":-2,"PublishStatus":-2,"EndTime":-2,"Source":-2,"OrderBy":0,"PageIndex":1,"PageSize":20,"SqlWhere":null,"UserId":0}}
返回的结果:{"Status":0,"Message":null,"Result":{"List":[{"MediaName":null,"OrderId":112,"OrderName":"买新车要试驾，立即预约","BillingRuleName":"0.2元/CPC + 10元/CPL","TotalAmount":0.00,"OrderStatus":"进行中","ReceiveTime":"2018-01-04 12:57:54","CPCPrice":0.20,"CPLPrice":10.00}],"TotleCount":1,"Extend":null},"IsOverdue":null}

2018-01-04 12:58:10,742 [64] INFO  BaseLog [(null)] - [IsAuthorized]IsCheckIP=False,IsCheckLogin=True,CheckModuleRight=,用户请求的地址=http://www1.chitunion.com/api/Authorize/GetMenuInfo,UrlRefer=http://www1.chitunion.com/manager/media/order/patch-order.html
2018-01-04 12:58:11,602 [55] INFO  BaseLog [(null)] - [IsAuthorized]IsCheckIP=False,IsCheckLogin=False,CheckModuleRight=,用户请求的地址=http://www1.chitunion.com/api/DictInfo/GetDictInfoByTypeID?typeID=193,UrlRefer=http://www1.chitunion.com/manager/media/order/patch-order.html
2018-01-04 12:58:11,638 [58] INFO  BaseLog [(null)] - [IsAuthorized]IsCheckIP=False,IsCheckLogin=True,CheckModuleRight=,用户请求的地址=http://www1.chitunion.com/api/order/GetCoverImageList?PageSize=20&PageIndex=1&OrderName=&OrderStatus=-2,UrlRefer=http://www1.chitunion.com/manager/media/order/patch-order.html
2018-01-04 12:58:11,653 [58] INFO  BaseLog [(null)] - 
当前操作类型:WeiXin
 查询条件信息:{"OrderName":null,"OrderStatus":-2,"TaskType":-2,"Category":-2,"BusinessType":0,"Number":null,"Name":null,"Status":-2,"PublishStatus":-2,"EndTime":-2,"Source":-2,"OrderBy":0,"PageIndex":1,"PageSize":20,"SqlWhere":null,"UserId":1427}
2018-01-04 12:58:11,654 [61] INFO  BaseLog [(null)] - [IsAuthorized]IsCheckIP=False,IsCheckLogin=True,CheckModuleRight=,用户请求的地址=http://www1.chitunion.com/api/Authorize/GetMenuInfo,UrlRefer=http://www1.chitunion.com/manager/media/order/patch-order.html
2018-01-04 12:58:11,660 [64] INFO  BaseLog [(null)] - 
请求的url地址：http://www1.chitunion.com/api/order/GetCoverImageList?PageSize=20&PageIndex=1&OrderName=&OrderStatus=-2
执行的时间:13.0356ms
请求的参数:{"CheckLogin":true,"request":{"OrderName":null,"OrderStatus":-2,"TaskType":-2,"Category":-2,"BusinessType":0,"Number":null,"Name":null,"Status":-2,"PublishStatus":-2,"EndTime":-2,"Source":-2,"OrderBy":0,"PageIndex":1,"PageSize":20,"SqlWhere":null,"UserId":0}}
返回的结果:{"Status":0,"Message":null,"Result":{"List":[{"MediaName":null,"OrderId":112,"OrderName":"买新车要试驾，立即预约","BillingRuleName":"0.2元/CPC + 10元/CPL","TotalAmount":0.00,"OrderStatus":"进行中","ReceiveTime":"2018-01-04 12:57:54","CPCPrice":0.20,"CPLPrice":10.00}],"TotleCount":1,"Extend":null},"IsOverdue":null}

2018-01-04 12:58:13,242 [64] INFO  BaseLog [(null)] - 
当前操作类型:WeiXin
 查询条件信息:{"OrderName":null,"OrderStatus":-2,"TaskType":192001,"Category":-2,"BusinessType":0,"Number":null,"Name":null,"Status":-2,"PublishStatus":-2,"EndTime":-2,"Source":-2,"OrderBy":0,"PageIndex":1,"PageSize":20,"SqlWhere":null,"UserId":0}
2018-01-04 12:58:13,242 [54] INFO  BaseLog [(null)] - 
当前操作类型:WeiXin
 查询条件信息:{"OrderName":null,"OrderStatus":-2,"TaskType":192002,"Category":-2,"BusinessType":0,"Number":null,"Name":null,"Status":-2,"PublishStatus":-2,"EndTime":-2,"Source":-2,"OrderBy":0,"PageIndex":1,"PageSize":20,"SqlWhere":null,"UserId":0}
2018-01-04 12:58:13,254 [54] INFO  BaseLog [(null)] - 
请求的url地址：http://www1.chitunion.com/api/task/GetCoverImageList?PageIndex=1&PageSize=20&r=0.8452865534927696
执行的时间:8.0199ms
请求的参数:{"request":{"OrderName":null,"OrderStatus":-2,"TaskType":-2,"Category":-2,"BusinessType":0,"Number":null,"Name":null,"Status":-2,"PublishStatus":-2,"EndTime":-2,"Source":-2,"OrderBy":0,"PageIndex":1,"PageSize":20,"SqlWhere":null,"UserId":0}}
返回的结果:{"Status":0,"Message":null,"Result":{"List":[{"TaskId":196,"TaskName":"低价买新车，立即询底价","BillingRuleName":"0.6元/CPC + 10元/CPL","MaterialUrl":"https://h5.qichedaquan.com/jike/","RuleCount":20000,"TakeCount":4,"TaskAmount":945.00,"CPCPrice":0.60,"CPLPrice":10.00,"ImgUrl":"http://op.chitunion.com/UploadFiles/BottomMaterielPic/01.png","Synopsis":"无"},{"TaskId":195,"TaskName":"买车全包圆儿，立即体验","BillingRuleName":"0.5元/CPC + 10元/CPL","MaterialUrl":"https://h5.qichedaquan.com/jike/","RuleCount":20000,"TakeCount":3,"TaskAmount":923.00,"CPCPrice":0.50,"CPLPrice":10.00,"ImgUrl":"http://op.chitunion.com/UploadFiles/BottomMaterielPic/06.png","Synopsis":"无"},{"TaskId":194,"TaskName":"新年更优惠，买车正当时","BillingRuleName":"0.3元/CPC + 10元/CPL","MaterialUrl":"https://h5.qichedaquan.com/jike/","RuleCount":20000,"TakeCount":1,"TaskAmount":844.00,"CPCPrice":0.30,"CPLPrice":10.00,"ImgUrl":"http://op.chitunion.com/UploadFiles/BottomMaterielPic/03.png","Synopsis":"无"},{"TaskId":193,"TaskName":"买新车要试驾，立即预约","BillingRuleName":"0.2元/CPC + 10元/CPL","MaterialUrl":"https://h5.qichedaquan.com/jike/","RuleCount":20000,"TakeCount":1,"TaskAmount":831.00,"CPCPrice":0.20,"CPLPrice":10.00,"ImgUrl":"http://op.chitunion.com/UploadFiles/BottomMaterielPic/05.png","Synopsis":"无"},{"TaskId":192,"TaskName":"新年更优惠，立即询底价","BillingRuleName":"0.3元/CPC + 10元/CPL","MaterialUrl":"https://h5.qichedaquan.com/jike/","RuleCount":20000,"TakeCount":1,"TaskAmount":857.00,"CPCPrice":0.30,"CPLPrice":10.00,"ImgUrl":"http://op.chitunion.com/UploadFiles/BottomMaterielPic/08.png","Synopsis":"无"},{"TaskId":191,"TaskName":"小白买车，帮你选好车","BillingRuleName":"0.2元/CPC + 10元/CPL","MaterialUrl":"https://h5.qichedaquan.com/jike/","RuleCount":20000,"TakeCount":1,"TaskAmount":825.00,"CPCPrice":0.20,"CPLPrice":10.00,"ImgUrl":"http://op.chitunion.com/UploadFiles/BottomMaterielPic/07.png","Synopsis":"无"},{"TaskId":190,"TaskName":"买车要砍价，找TA报价优惠多","BillingRuleName":"0.4元/CPC + 10元/CPL","MaterialUrl":"https://h5.qichedaquan.com/jike/","RuleCount":20000,"TakeCount":1,"TaskAmount":890.00,"CPCPrice":0.40,"CPLPrice":10.00,"ImgUrl":"http://op.chitunion.com/UploadFiles/BottomMaterielPic/02.png","Synopsis":"无"},{"TaskId":189,"TaskName":"买新车来询价，低价马上到手","BillingRuleName":"0.6元/CPC + 10元/CPL","MaterialUrl":"https://h5.qichedaquan.com/jike/","RuleCount":20000,"TakeCount":1,"TaskAmount":961.00,"CPCPrice":0.60,"CPLPrice":10.00,"ImgUrl":"http://op.chitunion.com/UploadFiles/BottomMaterielPic/04.png","Synopsis":"无"},{"TaskId":188,"TaskName":"低价买新车，立即询底价","BillingRuleName":"0.7元/CPC + 10元/CPL","MaterialUrl":"https://h5.qichedaquan.com/jike/","RuleCount":20000,"TakeCount":1,"TaskAmount":980.00,"CPCPrice":0.70,"CPLPrice":10.00,"ImgUrl":"http://op.chitunion.com/UploadFiles/BottomMaterielPic/01.png","Synopsis":"无"}],"TotleCount":9,"Extend":null},"IsOverdue":null}

2018-01-04 12:58:13,254 [54] INFO  BaseLog [(null)] - 
请求的url地址：http://www1.chitunion.com/api/task/GetDistrbuteList?PageIndex=1&PageSize=20&r=0.8423010837286711
执行的时间:9.0228ms
请求的参数:{"request":{"OrderName":null,"OrderStatus":-2,"TaskType":-2,"Category":-2,"BusinessType":0,"Number":null,"Name":null,"Status":-2,"PublishStatus":-2,"EndTime":-2,"Source":-2,"OrderBy":0,"PageIndex":1,"PageSize":20,"SqlWhere":null,"UserId":0}}
返回的结果:{"Status":0,"Message":null,"Result":{"List":[{"TaskId":187,"TaskName":"莉莉・柯林斯因瘦而被拒绝上杂志版面","BillingRuleName":"0.2元/CPC + 10元/CPL","MaterialUrl":"http://news1.chitu.qichedaquan.com/materiel/chitunion/mobile/20171223/203.html","RuleCount":200000,"TakeCount":2,"TaskAmount":819.00,"CPCPrice":0.20,"CPLPrice":10.00,"ImgUrl":"/UploadFiles/Task/QRImage/2017/12/25/17/新年更优惠.png","Synopsis":"爱的色放vsad"},{"TaskId":186,"TaskName":"这是一篇有味道的文章，那些超臭却又让人欲罢不能的食物，你吃过吗?","BillingRuleName":"0.7元/CPC + 10元/CPL","MaterialUrl":"http://news1.chitu.qichedaquan.com/materiel/chitunion/mobile/20171223/200.html","RuleCount":200000,"TakeCount":1,"TaskAmount":959.00,"CPCPrice":0.70,"CPLPrice":10.00,"ImgUrl":"http://192.168.3.71/group1/M00/08/7D/oYYBAFo6BNqAOCcpAAAjIWHPMbk397.JPG","Synopsis":"一般大家吃东西，都注重的是“色香味俱全”"},{"TaskId":185,"TaskName":"2017理财投资的一次契机!上班族5万存款如何翻倍理财！","BillingRuleName":"0.3元/CPC + 10元/CPL","MaterialUrl":"http://news1.chitu.qichedaquan.com/materiel/chitunion/mobile/20171223/201.html","RuleCount":200000,"TakeCount":1,"TaskAmount":851.00,"CPCPrice":0.30,"CPLPrice":10.00,"ImgUrl":"http://192.168.3.71/group1/M00/08/7C/oYYBAFo55CaALXkkAAAkTJR9eWg526.JPG","Synopsis":"温度突然发我佛挡杀佛"},{"TaskId":183,"TaskName":"因为子君的一个失误，《我的前半生》至少多了5集","BillingRuleName":"0.5元/CPC + 10元/CPL","MaterialUrl":"http://news1.chitu.qichedaquan.com/materiel/chitunion/mobile/20171223/199.html","RuleCount":200000,"TakeCount":1,"TaskAmount":888.00,"CPCPrice":0.50,"CPLPrice":10.00,"ImgUrl":"http://192.168.3.71/group1/M00/08/7D/oYYBAFo6BTeAFEIuAABsNvswZuY929.GIF","Synopsis":"sdafds"},{"TaskId":182,"TaskName":"晚安丨心有猛虎，细嗅蔷薇。","BillingRuleName":"0.4元/CPC + 10元/CPL","MaterialUrl":"http://news1.chitu.qichedaquan.com/materiel/chitunion/mobile/20171223/198.html","RuleCount":200000,"TakeCount":1,"TaskAmount":859.00,"CPCPrice":0.40,"CPLPrice":10.00,"ImgUrl":"http://192.168.3.71/group1/M00/08/7D/oYYBAFo6BV6ACTZpAAAt-glDCxw679.JPG","Synopsis":"但愿每个人心里住着一只猛虎"},{"TaskId":176,"TaskName":"走进美国 | 小心！在内华达自驾时千万别走错，不然让你碰见外星人","BillingRuleName":"0.7元/CPC + 10元/CPL","MaterialUrl":"http://news1.chitu.qichedaquan.com/materiel/qichedaquan/mobile/20171219/190.html","RuleCount":200000,"TakeCount":1,"TaskAmount":0.00,"CPCPrice":0.70,"CPLPrice":10.00,"ImgUrl":"http://192.168.3.71/group1/M00/08/75/oYYBAFo3lq6AflC8AAA80XOVzmo488.JPG","Synopsis":"心动！11111"},{"TaskId":175,"TaskName":"走进美国 | 小心！在内华达自驾时千万别走错，不然让你碰见外星人","BillingRuleName":"0.7元/CPC + 10元/CPL","MaterialUrl":"http://news1.chitu.qichedaquan.com/materiel/chitunion/mobile/20171219/189.html","RuleCount":200000,"TakeCount":1,"TaskAmount":0.00,"CPCPrice":0.70,"CPLPrice":10.00,"ImgUrl":"http://192.168.3.71/group1/M00/08/75/oYYBAFo3lq6AflC8AAA80XOVzmo488.JPG","Synopsis":"心动！11111"},{"TaskId":174,"TaskName":"40万买辆奥迪S3玩的不爽？再花30万爆改，这种情怀有谁能懂？","BillingRuleName":"0.7元/CPC + 10元/CPL","MaterialUrl":"http://news1.chitu.qichedaquan.com/materiel/qichedaquan/mobile/20171218/188.html","RuleCount":200000,"TakeCount":1,"TaskAmount":0.00,"CPCPrice":0.70,"CPLPrice":10.00,"ImgUrl":"http://192.168.3.71/group1/M00/08/75/oYYBAFo3lq6AflC8AAA80XOVzmo488.JPG","Synopsis":"中国最具人气的改装车公众平台，欢迎更多改装车友关注，一起加入这里交流学习。"},{"TaskId":173,"TaskName":"超级罕见的手动挡宝马M5，竟然被改装成宽体\"陆地坦克\"！","BillingRuleName":"0.7元/CPC + 10元/CPL","MaterialUrl":"http://news1.chitu.qichedaquan.com/materiel/qichedaquan/mobile/20171218/187.html","RuleCount":200000,"TakeCount":6,"TaskAmount":0.00,"CPCPrice":0.70,"CPLPrice":10.00,"ImgUrl":"http://192.168.3.71/group1/M00/08/75/oYYBAFo3lq6AflC8AAA80XOVzmo488.JPG","Synopsis":"中国最具人气的改装车公众平台，欢迎更多改装车友关注，一起加入这里交流学习。"},{"TaskId":172,"TaskName":"10月亮相 雷克萨斯将推RX七座版车型","BillingRuleName":"0.7元/CPC + 10元/CPL","MaterialUrl":"http://dealer.h5.qichedaquan.com/25238/KonwledgeDetail/912386/0","RuleCount":200000,"TakeCount":4,"TaskAmount":0.00,"CPCPrice":0.70,"CPLPrice":10.00,"ImgUrl":"http://192.168.3.71/group1/M00/08/75/oYYBAFo3lq6AflC8AAA80XOVzmo488.JPG","Synopsis":null},{"TaskId":171,"TaskName":"一个酷炫的黑科技装置 是怎样一步步变身为互撩神器的","BillingRuleName":"0.7元/CPC + 10元/CPL","MaterialUrl":"http://dealer.h5.qichedaquan.com/300020/KonwledgeDetail/46728/0","RuleCount":200000,"TakeCount":3,"TaskAmount":0.00,"CPCPrice":0.70,"CPLPrice":10.00,"ImgUrl":"http://192.168.3.71/group1/M00/08/75/oYYBAFo3lq6AflC8AAA80XOVzmo488.JPG","Synopsis":null},{"TaskId":170,"TaskName":"一个酷炫的黑科技装置 是怎样一步步变身为互撩神器的","BillingRuleName":"0.7元/CPC + 10元/CPL","MaterialUrl":"http://dealer.h5.qichedaquan.com/300020/KonwledgeDetail/46728/0","RuleCount":200000,"TakeCount":1,"TaskAmount":0.00,"CPCPrice":0.70,"CPLPrice":10.00,"ImgUrl":"http://192.168.3.71/group1/M00/08/75/oYYBAFo3lq6AflC8AAA80XOVzmo488.JPG","Synopsis":null},{"TaskId":169,"TaskName":"年底了，歇歇吧！我带你去木渎古镇晒太阳","BillingRuleName":"0.7元/CPC + 10元/CPL","MaterialUrl":"http://dealer.h5.qichedaquan.com/300020/KonwledgeDetail/46728/0","RuleCount":200000,"TakeCount":1,"TaskAmount":0.00,"CPCPrice":0.70,"CPLPrice":10.00,"ImgUrl":"http://192.168.3.71/group1/M00/08/75/oYYBAFo3lq6AflC8AAA80XOVzmo488.JPG","Synopsis":null},{"TaskId":168,"TaskName":"惊艳时光！四川最美七条公路！每一条都是绝美的风景！","BillingRuleName":"0.7元/CPC + 10元/CPL","MaterialUrl":"http://dealer.h5.qichedaquan.com/300020/KonwledgeDetail/46728/0","RuleCount":200000,"TakeCount":1,"TaskAmount":0.00,"CPCPrice":0.70,"CPLPrice":10.00,"ImgUrl":"http://192.168.3.71/group1/M00/08/75/oYYBAFo3lq6AflC8AAA80XOVzmo488.JPG","Synopsis":null},{"TaskId":167,"TaskName":"独家旅行保险 超超超级大促来了！","BillingRuleName":"0.7元/CPC + 10元/CPL","MaterialUrl":"http://dealer.h5.qichedaquan.com/300020/KonwledgeDetail/46728/0","RuleCount":200000,"TakeCount":1,"TaskAmount":0.00,"CPCPrice":0.70,"CPLPrice":10.00,"ImgUrl":"http://192.168.3.71/group1/M00/08/75/oYYBAFo3lq6AflC8AAA80XOVzmo488.JPG","Synopsis":null},{"TaskId":166,"TaskName":"夏天就要凉爽，带你熟知西班牙国民饮品horchata，瓦伦西亚出团，火热报名中~","BillingRuleName":"0.7元/CPC + 10元/CPL","MaterialUrl":"http://dealer.h5.qichedaquan.com/300020/KonwledgeDetail/46728/0","RuleCount":200000,"TakeCount":1,"TaskAmount":0.00,"CPCPrice":0.70,"CPLPrice":10.00,"ImgUrl":"http://192.168.3.71/group1/M00/08/75/oYYBAFo3lq6AflC8AAA80XOVzmo488.JPG","Synopsis":null},{"TaskId":165,"TaskName":"西湖销夏都江堰，江南忆里忆江南！","BillingRuleName":"0.7元/CPC + 10元/CPL","MaterialUrl":"http://dealer.h5.qichedaquan.com/300020/KonwledgeDetail/46728/0","RuleCount":200000,"TakeCount":1,"TaskAmount":0.00,"CPCPrice":0.70,"CPLPrice":10.00,"ImgUrl":"http://192.168.3.71/group1/M00/08/75/oYYBAFo3lq6AflC8AAA80XOVzmo488.JPG","Synopsis":null},{"TaskId":164,"TaskName":"世界最大极地海洋馆的水母馆 秒杀流窜山寨海洋馆","BillingRuleName":"0.7元/CPC + 10元/CPL","MaterialUrl":"http://dealer.h5.qichedaquan.com/300020/KonwledgeDetail/46728/0","RuleCount":200000,"TakeCount":2,"TaskAmount":0.00,"CPCPrice":0.70,"CPLPrice":10.00,"ImgUrl":"http://192.168.3.71/group1/M00/08/75/oYYBAFo3lq6AflC8AAA80XOVzmo488.JPG","Synopsis":null},{"TaskId":163,"TaskName":"这个广东省内鲜为人知的世外桃源，日后必火！趁着现在人少赶紧去……","BillingRuleName":"0.7元/CPC + 10元/CPL","MaterialUrl":"http://dealer.h5.qichedaquan.com/300020/KonwledgeDetail/46728/0","RuleCount":200000,"TakeCount":1,"TaskAmount":0.00,"CPCPrice":0.70,"CPLPrice":10.00,"ImgUrl":"http://192.168.3.71/group1/M00/08/75/oYYBAFo3lq6AflC8AAA80XOVzmo488.JPG","Synopsis":null},{"TaskId":162,"TaskName":"这条路让你在极美与极危险里极度受虐丨道尔顿公路 Dalton Highway","BillingRuleName":"0.7元/CPC + 10元/CPL","MaterialUrl":"http://dealer.h5.qichedaquan.com/300020/KonwledgeDetail/46728/0","RuleCount":200000,"TakeCount":1,"TaskAmount":0.00,"CPCPrice":0.70,"CPLPrice":10.00,"ImgUrl":"http://192.168.3.71/group1/M00/08/75/oYYBAFo3lq6AflC8AAA80XOVzmo488.JPG","Synopsis":null}],"TotleCount":46,"Extend":null},"IsOverdue":null}

2018-01-04 12:58:24,168 [63] INFO  BaseLog [(null)] - 
当前操作类型:WeiXin
 查询条件信息:{"OrderName":null,"OrderStatus":-2,"TaskType":192001,"Category":-2,"BusinessType":0,"Number":null,"Name":null,"Status":-2,"PublishStatus":-2,"EndTime":-2,"Source":-2,"OrderBy":0,"PageIndex":1,"PageSize":20,"SqlWhere":null,"UserId":0}
2018-01-04 12:58:24,172 [54] INFO  BaseLog [(null)] - 
请求的url地址：http://www1.chitunion.com/api/task/GetDistrbuteList?PageIndex=1&PageSize=20&r=0.47341393562965095
执行的时间:3.0086ms
请求的参数:{"request":{"OrderName":null,"OrderStatus":-2,"TaskType":-2,"Category":-2,"BusinessType":0,"Number":null,"Name":null,"Status":-2,"PublishStatus":-2,"EndTime":-2,"Source":-2,"OrderBy":0,"PageIndex":1,"PageSize":20,"SqlWhere":null,"UserId":0}}
返回的结果:{"Status":0,"Message":null,"Result":{"List":[{"TaskId":187,"TaskName":"莉莉・柯林斯因瘦而被拒绝上杂志版面","BillingRuleName":"0.2元/CPC + 10元/CPL","MaterialUrl":"http://news1.chitu.qichedaquan.com/materiel/chitunion/mobile/20171223/203.html","RuleCount":200000,"TakeCount":2,"TaskAmount":819.00,"CPCPrice":0.20,"CPLPrice":10.00,"ImgUrl":"/UploadFiles/Task/QRImage/2017/12/25/17/新年更优惠.png","Synopsis":"爱的色放vsad"},{"TaskId":186,"TaskName":"这是一篇有味道的文章，那些超臭却又让人欲罢不能的食物，你吃过吗?","BillingRuleName":"0.7元/CPC + 10元/CPL","MaterialUrl":"http://news1.chitu.qichedaquan.com/materiel/chitunion/mobile/20171223/200.html","RuleCount":200000,"TakeCount":1,"TaskAmount":959.00,"CPCPrice":0.70,"CPLPrice":10.00,"ImgUrl":"http://192.168.3.71/group1/M00/08/7D/oYYBAFo6BNqAOCcpAAAjIWHPMbk397.JPG","Synopsis":"一般大家吃东西，都注重的是“色香味俱全”"},{"TaskId":185,"TaskName":"2017理财投资的一次契机!上班族5万存款如何翻倍理财！","BillingRuleName":"0.3元/CPC + 10元/CPL","MaterialUrl":"http://news1.chitu.qichedaquan.com/materiel/chitunion/mobile/20171223/201.html","RuleCount":200000,"TakeCount":1,"TaskAmount":851.00,"CPCPrice":0.30,"CPLPrice":10.00,"ImgUrl":"http://192.168.3.71/group1/M00/08/7C/oYYBAFo55CaALXkkAAAkTJR9eWg526.JPG","Synopsis":"温度突然发我佛挡杀佛"},{"TaskId":183,"TaskName":"因为子君的一个失误，《我的前半生》至少多了5集","BillingRuleName":"0.5元/CPC + 10元/CPL","MaterialUrl":"http://news1.chitu.qichedaquan.com/materiel/chitunion/mobile/20171223/199.html","RuleCount":200000,"TakeCount":1,"TaskAmount":888.00,"CPCPrice":0.50,"CPLPrice":10.00,"ImgUrl":"http://192.168.3.71/group1/M00/08/7D/oYYBAFo6BTeAFEIuAABsNvswZuY929.GIF","Synopsis":"sdafds"},{"TaskId":182,"TaskName":"晚安丨心有猛虎，细嗅蔷薇。","BillingRuleName":"0.4元/CPC + 10元/CPL","MaterialUrl":"http://news1.chitu.qichedaquan.com/materiel/chitunion/mobile/20171223/198.html","RuleCount":200000,"TakeCount":1,"TaskAmount":859.00,"CPCPrice":0.40,"CPLPrice":10.00,"ImgUrl":"http://192.168.3.71/group1/M00/08/7D/oYYBAFo6BV6ACTZpAAAt-glDCxw679.JPG","Synopsis":"但愿每个人心里住着一只猛虎"},{"TaskId":176,"TaskName":"走进美国 | 小心！在内华达自驾时千万别走错，不然让你碰见外星人","BillingRuleName":"0.7元/CPC + 10元/CPL","MaterialUrl":"http://news1.chitu.qichedaquan.com/materiel/qichedaquan/mobile/20171219/190.html","RuleCount":200000,"TakeCount":1,"TaskAmount":0.00,"CPCPrice":0.70,"CPLPrice":10.00,"ImgUrl":"http://192.168.3.71/group1/M00/08/75/oYYBAFo3lq6AflC8AAA80XOVzmo488.JPG","Synopsis":"心动！11111"},{"TaskId":175,"TaskName":"走进美国 | 小心！在内华达自驾时千万别走错，不然让你碰见外星人","BillingRuleName":"0.7元/CPC + 10元/CPL","MaterialUrl":"http://news1.chitu.qichedaquan.com/materiel/chitunion/mobile/20171219/189.html","RuleCount":200000,"TakeCount":1,"TaskAmount":0.00,"CPCPrice":0.70,"CPLPrice":10.00,"ImgUrl":"http://192.168.3.71/group1/M00/08/75/oYYBAFo3lq6AflC8AAA80XOVzmo488.JPG","Synopsis":"心动！11111"},{"TaskId":174,"TaskName":"40万买辆奥迪S3玩的不爽？再花30万爆改，这种情怀有谁能懂？","BillingRuleName":"0.7元/CPC + 10元/CPL","MaterialUrl":"http://news1.chitu.qichedaquan.com/materiel/qichedaquan/mobile/20171218/188.html","RuleCount":200000,"TakeCount":1,"TaskAmount":0.00,"CPCPrice":0.70,"CPLPrice":10.00,"ImgUrl":"http://192.168.3.71/group1/M00/08/75/oYYBAFo3lq6AflC8AAA80XOVzmo488.JPG","Synopsis":"中国最具人气的改装车公众平台，欢迎更多改装车友关注，一起加入这里交流学习。"},{"TaskId":173,"TaskName":"超级罕见的手动挡宝马M5，竟然被改装成宽体\"陆地坦克\"！","BillingRuleName":"0.7元/CPC + 10元/CPL","MaterialUrl":"http://news1.chitu.qichedaquan.com/materiel/qichedaquan/mobile/20171218/187.html","RuleCount":200000,"TakeCount":6,"TaskAmount":0.00,"CPCPrice":0.70,"CPLPrice":10.00,"ImgUrl":"http://192.168.3.71/group1/M00/08/75/oYYBAFo3lq6AflC8AAA80XOVzmo488.JPG","Synopsis":"中国最具人气的改装车公众平台，欢迎更多改装车友关注，一起加入这里交流学习。"},{"TaskId":172,"TaskName":"10月亮相 雷克萨斯将推RX七座版车型","BillingRuleName":"0.7元/CPC + 10元/CPL","MaterialUrl":"http://dealer.h5.qichedaquan.com/25238/KonwledgeDetail/912386/0","RuleCount":200000,"TakeCount":4,"TaskAmount":0.00,"CPCPrice":0.70,"CPLPrice":10.00,"ImgUrl":"http://192.168.3.71/group1/M00/08/75/oYYBAFo3lq6AflC8AAA80XOVzmo488.JPG","Synopsis":null},{"TaskId":171,"TaskName":"一个酷炫的黑科技装置 是怎样一步步变身为互撩神器的","BillingRuleName":"0.7元/CPC + 10元/CPL","MaterialUrl":"http://dealer.h5.qichedaquan.com/300020/KonwledgeDetail/46728/0","RuleCount":200000,"TakeCount":3,"TaskAmount":0.00,"CPCPrice":0.70,"CPLPrice":10.00,"ImgUrl":"http://192.168.3.71/group1/M00/08/75/oYYBAFo3lq6AflC8AAA80XOVzmo488.JPG","Synopsis":null},{"TaskId":170,"TaskName":"一个酷炫的黑科技装置 是怎样一步步变身为互撩神器的","BillingRuleName":"0.7元/CPC + 10元/CPL","MaterialUrl":"http://dealer.h5.qichedaquan.com/300020/KonwledgeDetail/46728/0","RuleCount":200000,"TakeCount":1,"TaskAmount":0.00,"CPCPrice":0.70,"CPLPrice":10.00,"ImgUrl":"http://192.168.3.71/group1/M00/08/75/oYYBAFo3lq6AflC8AAA80XOVzmo488.JPG","Synopsis":null},{"TaskId":169,"TaskName":"年底了，歇歇吧！我带你去木渎古镇晒太阳","BillingRuleName":"0.7元/CPC + 10元/CPL","MaterialUrl":"http://dealer.h5.qichedaquan.com/300020/KonwledgeDetail/46728/0","RuleCount":200000,"TakeCount":1,"TaskAmount":0.00,"CPCPrice":0.70,"CPLPrice":10.00,"ImgUrl":"http://192.168.3.71/group1/M00/08/75/oYYBAFo3lq6AflC8AAA80XOVzmo488.JPG","Synopsis":null},{"TaskId":168,"TaskName":"惊艳时光！四川最美七条公路！每一条都是绝美的风景！","BillingRuleName":"0.7元/CPC + 10元/CPL","MaterialUrl":"http://dealer.h5.qichedaquan.com/300020/KonwledgeDetail/46728/0","RuleCount":200000,"TakeCount":1,"TaskAmount":0.00,"CPCPrice":0.70,"CPLPrice":10.00,"ImgUrl":"http://192.168.3.71/group1/M00/08/75/oYYBAFo3lq6AflC8AAA80XOVzmo488.JPG","Synopsis":null},{"TaskId":167,"TaskName":"独家旅行保险 超超超级大促来了！","BillingRuleName":"0.7元/CPC + 10元/CPL","MaterialUrl":"http://dealer.h5.qichedaquan.com/300020/KonwledgeDetail/46728/0","RuleCount":200000,"TakeCount":1,"TaskAmount":0.00,"CPCPrice":0.70,"CPLPrice":10.00,"ImgUrl":"http://192.168.3.71/group1/M00/08/75/oYYBAFo3lq6AflC8AAA80XOVzmo488.JPG","Synopsis":null},{"TaskId":166,"TaskName":"夏天就要凉爽，带你熟知西班牙国民饮品horchata，瓦伦西亚出团，火热报名中~","BillingRuleName":"0.7元/CPC + 10元/CPL","MaterialUrl":"http://dealer.h5.qichedaquan.com/300020/KonwledgeDetail/46728/0","RuleCount":200000,"TakeCount":1,"TaskAmount":0.00,"CPCPrice":0.70,"CPLPrice":10.00,"ImgUrl":"http://192.168.3.71/group1/M00/08/75/oYYBAFo3lq6AflC8AAA80XOVzmo488.JPG","Synopsis":null},{"TaskId":165,"TaskName":"西湖销夏都江堰，江南忆里忆江南！","BillingRuleName":"0.7元/CPC + 10元/CPL","MaterialUrl":"http://dealer.h5.qichedaquan.com/300020/KonwledgeDetail/46728/0","RuleCount":200000,"TakeCount":1,"TaskAmount":0.00,"CPCPrice":0.70,"CPLPrice":10.00,"ImgUrl":"http://192.168.3.71/group1/M00/08/75/oYYBAFo3lq6AflC8AAA80XOVzmo488.JPG","Synopsis":null},{"TaskId":164,"TaskName":"世界最大极地海洋馆的水母馆 秒杀流窜山寨海洋馆","BillingRuleName":"0.7元/CPC + 10元/CPL","MaterialUrl":"http://dealer.h5.qichedaquan.com/300020/KonwledgeDetail/46728/0","RuleCount":200000,"TakeCount":2,"TaskAmount":0.00,"CPCPrice":0.70,"CPLPrice":10.00,"ImgUrl":"http://192.168.3.71/group1/M00/08/75/oYYBAFo3lq6AflC8AAA80XOVzmo488.JPG","Synopsis":null},{"TaskId":163,"TaskName":"这个广东省内鲜为人知的世外桃源，日后必火！趁着现在人少赶紧去……","BillingRuleName":"0.7元/CPC + 10元/CPL","MaterialUrl":"http://dealer.h5.qichedaquan.com/300020/KonwledgeDetail/46728/0","RuleCount":200000,"TakeCount":1,"TaskAmount":0.00,"CPCPrice":0.70,"CPLPrice":10.00,"ImgUrl":"http://192.168.3.71/group1/M00/08/75/oYYBAFo3lq6AflC8AAA80XOVzmo488.JPG","Synopsis":null},{"TaskId":162,"TaskName":"这条路让你在极美与极危险里极度受虐丨道尔顿公路 Dalton Highway","BillingRuleName":"0.7元/CPC + 10元/CPL","MaterialUrl":"http://dealer.h5.qichedaquan.com/300020/KonwledgeDetail/46728/0","RuleCount":200000,"TakeCount":1,"TaskAmount":0.00,"CPCPrice":0.70,"CPLPrice":10.00,"ImgUrl":"http://192.168.3.71/group1/M00/08/75/oYYBAFo3lq6AflC8AAA80XOVzmo488.JPG","Synopsis":null}],"TotleCount":46,"Extend":null},"IsOverdue":null}

2018-01-04 12:58:24,294 [63] INFO  BaseLog [(null)] - 
当前操作类型:WeiXin
 查询条件信息:{"OrderName":null,"OrderStatus":-2,"TaskType":192002,"Category":-2,"BusinessType":0,"Number":null,"Name":null,"Status":-2,"PublishStatus":-2,"EndTime":-2,"Source":-2,"OrderBy":0,"PageIndex":1,"PageSize":20,"SqlWhere":null,"UserId":0}
2018-01-04 12:58:24,300 [63] INFO  BaseLog [(null)] - 
请求的url地址：http://www1.chitunion.com/api/task/GetCoverImageList?PageIndex=1&PageSize=20&r=0.8834596388041973
执行的时间:3.0074ms
请求的参数:{"request":{"OrderName":null,"OrderStatus":-2,"TaskType":-2,"Category":-2,"BusinessType":0,"Number":null,"Name":null,"Status":-2,"PublishStatus":-2,"EndTime":-2,"Source":-2,"OrderBy":0,"PageIndex":1,"PageSize":20,"SqlWhere":null,"UserId":0}}
返回的结果:{"Status":0,"Message":null,"Result":{"List":[{"TaskId":196,"TaskName":"低价买新车，立即询底价","BillingRuleName":"0.6元/CPC + 10元/CPL","MaterialUrl":"https://h5.qichedaquan.com/jike/","RuleCount":20000,"TakeCount":4,"TaskAmount":945.00,"CPCPrice":0.60,"CPLPrice":10.00,"ImgUrl":"http://op.chitunion.com/UploadFiles/BottomMaterielPic/01.png","Synopsis":"无"},{"TaskId":195,"TaskName":"买车全包圆儿，立即体验","BillingRuleName":"0.5元/CPC + 10元/CPL","MaterialUrl":"https://h5.qichedaquan.com/jike/","RuleCount":20000,"TakeCount":3,"TaskAmount":923.00,"CPCPrice":0.50,"CPLPrice":10.00,"ImgUrl":"http://op.chitunion.com/UploadFiles/BottomMaterielPic/06.png","Synopsis":"无"},{"TaskId":194,"TaskName":"新年更优惠，买车正当时","BillingRuleName":"0.3元/CPC + 10元/CPL","MaterialUrl":"https://h5.qichedaquan.com/jike/","RuleCount":20000,"TakeCount":1,"TaskAmount":844.00,"CPCPrice":0.30,"CPLPrice":10.00,"ImgUrl":"http://op.chitunion.com/UploadFiles/BottomMaterielPic/03.png","Synopsis":"无"},{"TaskId":193,"TaskName":"买新车要试驾，立即预约","BillingRuleName":"0.2元/CPC + 10元/CPL","MaterialUrl":"https://h5.qichedaquan.com/jike/","RuleCount":20000,"TakeCount":1,"TaskAmount":831.00,"CPCPrice":0.20,"CPLPrice":10.00,"ImgUrl":"http://op.chitunion.com/UploadFiles/BottomMaterielPic/05.png","Synopsis":"无"},{"TaskId":192,"TaskName":"新年更优惠，立即询底价","BillingRuleName":"0.3元/CPC + 10元/CPL","MaterialUrl":"https://h5.qichedaquan.com/jike/","RuleCount":20000,"TakeCount":1,"TaskAmount":857.00,"CPCPrice":0.30,"CPLPrice":10.00,"ImgUrl":"http://op.chitunion.com/UploadFiles/BottomMaterielPic/08.png","Synopsis":"无"},{"TaskId":191,"TaskName":"小白买车，帮你选好车","BillingRuleName":"0.2元/CPC + 10元/CPL","MaterialUrl":"https://h5.qichedaquan.com/jike/","RuleCount":20000,"TakeCount":1,"TaskAmount":825.00,"CPCPrice":0.20,"CPLPrice":10.00,"ImgUrl":"http://op.chitunion.com/UploadFiles/BottomMaterielPic/07.png","Synopsis":"无"},{"TaskId":190,"TaskName":"买车要砍价，找TA报价优惠多","BillingRuleName":"0.4元/CPC + 10元/CPL","MaterialUrl":"https://h5.qichedaquan.com/jike/","RuleCount":20000,"TakeCount":1,"TaskAmount":890.00,"CPCPrice":0.40,"CPLPrice":10.00,"ImgUrl":"http://op.chitunion.com/UploadFiles/BottomMaterielPic/02.png","Synopsis":"无"},{"TaskId":189,"TaskName":"买新车来询价，低价马上到手","BillingRuleName":"0.6元/CPC + 10元/CPL","MaterialUrl":"https://h5.qichedaquan.com/jike/","RuleCount":20000,"TakeCount":1,"TaskAmount":961.00,"CPCPrice":0.60,"CPLPrice":10.00,"ImgUrl":"http://op.chitunion.com/UploadFiles/BottomMaterielPic/04.png","Synopsis":"无"},{"TaskId":188,"TaskName":"低价买新车，立即询底价","BillingRuleName":"0.7元/CPC + 10元/CPL","MaterialUrl":"https://h5.qichedaquan.com/jike/","RuleCount":20000,"TakeCount":1,"TaskAmount":980.00,"CPCPrice":0.70,"CPLPrice":10.00,"ImgUrl":"http://op.chitunion.com/UploadFiles/BottomMaterielPic/01.png","Synopsis":"无"}],"TotleCount":9,"Extend":null},"IsOverdue":null}

2018-01-04 12:58:28,697 [54] INFO  BaseLog [(null)] - [IsAuthorized]IsCheckIP=False,IsCheckLogin=True,CheckModuleRight=,用户请求的地址=http://www1.chitunion.com/api/task/Receive,UrlRefer=http://www1.chitunion.com/static/media/contentDistribution.html?rob=1
2018-01-04 12:58:29,195 [62] INFO  BaseLog [(null)] - 
请求的url地址：http://www1.chitunion.com/api/task/Receive
执行的时间:479.2726ms
请求的参数:{"CheckLogin":true,"request":{"TaskType":192002,"TaskId":196,"MediaId":0,"UserIdentity":null}}
返回的结果:{"Status":0,"Message":"操作成功","Result":{"OrderId":113,"Title":"低价买新车，立即询底价","OrderUrl":"https://h5.qichedaquan.com/jike/?utm_source=chitu&utm_term=rlVQ06ajqQ","PasterUrl":"http://192.168.3.71/group1/M00/09/1E/oYYBAFpNtSeAFDFDAAIW1FazjUA957.png"},"IsOverdue":null}

2018-01-04 12:58:31,493 [54] INFO  BaseLog [(null)] - [IsAuthorized]IsCheckIP=False,IsCheckLogin=False,CheckModuleRight=,用户请求的地址=http://www1.chitunion.com/api/DictInfo/GetDictInfoByTypeID?typeID=193,UrlRefer=http://www1.chitunion.com/manager/media/order/patch-order.html
2018-01-04 12:58:31,518 [55] INFO  BaseLog [(null)] - [IsAuthorized]IsCheckIP=False,IsCheckLogin=True,CheckModuleRight=,用户请求的地址=http://www1.chitunion.com/api/order/GetCoverImageList?PageSize=20&PageIndex=1&OrderName=&OrderStatus=-2,UrlRefer=http://www1.chitunion.com/manager/media/order/patch-order.html
2018-01-04 12:58:31,531 [55] INFO  BaseLog [(null)] - 
当前操作类型:WeiXin
 查询条件信息:{"OrderName":null,"OrderStatus":-2,"TaskType":-2,"Category":-2,"BusinessType":0,"Number":null,"Name":null,"Status":-2,"PublishStatus":-2,"EndTime":-2,"Source":-2,"OrderBy":0,"PageIndex":1,"PageSize":20,"SqlWhere":null,"UserId":1427}
2018-01-04 12:58:31,537 [55] INFO  BaseLog [(null)] - 
请求的url地址：http://www1.chitunion.com/api/order/GetCoverImageList?PageSize=20&PageIndex=1&OrderName=&OrderStatus=-2
执行的时间:10.0271ms
请求的参数:{"CheckLogin":true,"request":{"OrderName":null,"OrderStatus":-2,"TaskType":-2,"Category":-2,"BusinessType":0,"Number":null,"Name":null,"Status":-2,"PublishStatus":-2,"EndTime":-2,"Source":-2,"OrderBy":0,"PageIndex":1,"PageSize":20,"SqlWhere":null,"UserId":0}}
返回的结果:{"Status":0,"Message":null,"Result":{"List":[{"MediaName":null,"OrderId":113,"OrderName":"低价买新车，立即询底价","BillingRuleName":"0.6元/CPC + 10元/CPL","TotalAmount":0.00,"OrderStatus":"进行中","ReceiveTime":"2018-01-04 12:58:29","CPCPrice":0.60,"CPLPrice":10.00},{"MediaName":null,"OrderId":112,"OrderName":"买新车要试驾，立即预约","BillingRuleName":"0.2元/CPC + 10元/CPL","TotalAmount":0.00,"OrderStatus":"进行中","ReceiveTime":"2018-01-04 12:57:54","CPCPrice":0.20,"CPLPrice":10.00}],"TotleCount":2,"Extend":null},"IsOverdue":null}

2018-01-04 12:58:31,604 [59] INFO  BaseLog [(null)] - [IsAuthorized]IsCheckIP=False,IsCheckLogin=True,CheckModuleRight=,用户请求的地址=http://www1.chitunion.com/api/Authorize/GetMenuInfo,UrlRefer=http://www1.chitunion.com/manager/media/order/patch-order.html
2018-01-04 12:58:32,233 [61] INFO  BaseLog [(null)] - [IsAuthorized]IsCheckIP=False,IsCheckLogin=True,CheckModuleRight=,用户请求的地址=http://www1.chitunion.com/api/order/GetCoverImageList?PageSize=20&PageIndex=1&OrderName=&OrderStatus=-2,UrlRefer=http://www1.chitunion.com/manager/media/order/patch-order.html
2018-01-04 12:58:32,239 [61] INFO  BaseLog [(null)] - 
当前操作类型:WeiXin
 查询条件信息:{"OrderName":null,"OrderStatus":-2,"TaskType":-2,"Category":-2,"BusinessType":0,"Number":null,"Name":null,"Status":-2,"PublishStatus":-2,"EndTime":-2,"Source":-2,"OrderBy":0,"PageIndex":1,"PageSize":20,"SqlWhere":null,"UserId":1427}
2018-01-04 12:58:32,243 [58] INFO  BaseLog [(null)] - 
请求的url地址：http://www1.chitunion.com/api/order/GetCoverImageList?PageSize=20&PageIndex=1&OrderName=&OrderStatus=-2
执行的时间:6.0149ms
请求的参数:{"CheckLogin":true,"request":{"OrderName":null,"OrderStatus":-2,"TaskType":-2,"Category":-2,"BusinessType":0,"Number":null,"Name":null,"Status":-2,"PublishStatus":-2,"EndTime":-2,"Source":-2,"OrderBy":0,"PageIndex":1,"PageSize":20,"SqlWhere":null,"UserId":0}}
返回的结果:{"Status":0,"Message":null,"Result":{"List":[{"MediaName":null,"OrderId":113,"OrderName":"低价买新车，立即询底价","BillingRuleName":"0.6元/CPC + 10元/CPL","TotalAmount":0.00,"OrderStatus":"进行中","ReceiveTime":"2018-01-04 12:58:29","CPCPrice":0.60,"CPLPrice":10.00},{"MediaName":null,"OrderId":112,"OrderName":"买新车要试驾，立即预约","BillingRuleName":"0.2元/CPC + 10元/CPL","TotalAmount":0.00,"OrderStatus":"进行中","ReceiveTime":"2018-01-04 12:57:54","CPCPrice":0.20,"CPLPrice":10.00}],"TotleCount":2,"Extend":null},"IsOverdue":null}

2018-01-04 12:58:33,579 [64] INFO  BaseLog [(null)] - [IsAuthorized]IsCheckIP=False,IsCheckLogin=True,CheckModuleRight=,用户请求的地址=http://www1.chitunion.com/api/order/GetInfo?OrderId=113,UrlRefer=http://www1.chitunion.com/manager/media/order/patch-detail.html?OrderId=113
2018-01-04 12:58:33,593 [55] INFO  BaseLog [(null)] - 
请求的url地址：http://www1.chitunion.com/api/order/GetInfo?OrderId=113
执行的时间:8.021ms
请求的参数:{"CheckLogin":true,"request":{"OrderId":113}}
返回的结果:{"Status":0,"Message":null,"Result":{"OrderUrl":"https://h5.qichedaquan.com/jike/?utm_source=chitu&utm_term=rlVQ06ajqQ","PasterUrl":"http://192.168.3.71/group1/M00/09/1E/oYYBAFpNtSeAFDFDAAIW1FazjUA957.png","OrderId":113,"OrderName":"低价买新车，立即询底价","BillingRuleName":"0.6元/CPC + 10元/CPL","TotalAmount":0.00,"OrderStatus":"进行中","ReceiveTime":"2018-01-04 12:58:29","CPCPrice":0.60,"CPLPrice":10.00},"IsOverdue":null}

2018-01-04 12:58:33,617 [59] INFO  BaseLog [(null)] - [IsAuthorized]IsCheckIP=False,IsCheckLogin=True,CheckModuleRight=,用户请求的地址=http://www1.chitunion.com/api/order/GetIncomeDetails?OrderId=113,UrlRefer=http://www1.chitunion.com/manager/media/order/patch-detail.html?OrderId=113
2018-01-04 12:58:33,625 [55] INFO  BaseLog [(null)] - 
请求的url地址：http://www1.chitunion.com/api/order/GetIncomeDetails?OrderId=113
执行的时间:4.0103ms
请求的参数:{"CheckLogin":true,"request":{"OrderId":113}}
返回的结果:{"Status":0,"Message":null,"Result":{"List":[],"Extend":{"TotalCPCTotalPrice":null,"TotalCPLTotalPrice":null,"TotalMoney":null}},"IsOverdue":null}

2018-01-04 12:58:33,658 [62] INFO  BaseLog [(null)] - [IsAuthorized]IsCheckIP=False,IsCheckLogin=True,CheckModuleRight=,用户请求的地址=http://www1.chitunion.com/api/Authorize/GetMenuInfo,UrlRefer=http://www1.chitunion.com/manager/media/order/patch-detail.html?OrderId=113
2018-01-04 12:58:45,942 [63] INFO  BaseLog [(null)] - [IsAuthorized]IsCheckIP=False,IsCheckLogin=True,CheckModuleRight=,用户请求的地址=http://www1.chitunion.com/api/order/GetInfo?OrderId=113,UrlRefer=http://www1.chitunion.com/manager/media/order/patch-detail.html?OrderId=113
2018-01-04 12:58:45,964 [58] INFO  BaseLog [(null)] - 
请求的url地址：http://www1.chitunion.com/api/order/GetInfo?OrderId=113
执行的时间:12.0331ms
请求的参数:{"CheckLogin":true,"request":{"OrderId":113}}
返回的结果:{"Status":0,"Message":null,"Result":{"OrderUrl":"https://h5.qichedaquan.com/jike/?utm_source=chitu&utm_term=rlVQ06ajqQ","PasterUrl":"http://192.168.3.71/group1/M00/09/1E/oYYBAFpNtSeAFDFDAAIW1FazjUA957.png","OrderId":113,"OrderName":"低价买新车，立即询底价","BillingRuleName":"0.6元/CPC + 10元/CPL","TotalAmount":0.00,"OrderStatus":"进行中","ReceiveTime":"2018-01-04 12:58:29","CPCPrice":0.60,"CPLPrice":10.00},"IsOverdue":null}

2018-01-04 12:58:46,152 [62] INFO  BaseLog [(null)] - [IsAuthorized]IsCheckIP=False,IsCheckLogin=True,CheckModuleRight=,用户请求的地址=http://www1.chitunion.com/api/order/GetIncomeDetails?OrderId=113,UrlRefer=http://www1.chitunion.com/manager/media/order/patch-detail.html?OrderId=113
2018-01-04 12:58:46,165 [55] INFO  BaseLog [(null)] - 
请求的url地址：http://www1.chitunion.com/api/order/GetIncomeDetails?OrderId=113
执行的时间:9.0253ms
请求的参数:{"CheckLogin":true,"request":{"OrderId":113}}
返回的结果:{"Status":0,"Message":null,"Result":{"List":[],"Extend":{"TotalCPCTotalPrice":null,"TotalCPLTotalPrice":null,"TotalMoney":null}},"IsOverdue":null}

2018-01-04 12:58:46,267 [53] INFO  BaseLog [(null)] - [IsAuthorized]IsCheckIP=False,IsCheckLogin=True,CheckModuleRight=,用户请求的地址=http://www1.chitunion.com/api/Authorize/GetMenuInfo,UrlRefer=http://www1.chitunion.com/manager/media/order/patch-detail.html?OrderId=113
2018-01-04 12:58:49,089 [64] INFO  BaseLog [(null)] - [IsAuthorized]IsCheckIP=False,IsCheckLogin=False,CheckModuleRight=,用户请求的地址=http://www1.chitunion.com/api/DictInfo/GetDictInfoByTypeID?typeID=193,UrlRefer=http://www1.chitunion.com/manager/media/order/patch-order.html
2018-01-04 12:58:49,370 [54] INFO  BaseLog [(null)] - [IsAuthorized]IsCheckIP=False,IsCheckLogin=True,CheckModuleRight=,用户请求的地址=http://www1.chitunion.com/api/order/GetCoverImageList?PageSize=20&PageIndex=1&OrderName=&OrderStatus=-2,UrlRefer=http://www1.chitunion.com/manager/media/order/patch-order.html
2018-01-04 12:58:49,384 [54] INFO  BaseLog [(null)] - 
当前操作类型:WeiXin
 查询条件信息:{"OrderName":null,"OrderStatus":-2,"TaskType":-2,"Category":-2,"BusinessType":0,"Number":null,"Name":null,"Status":-2,"PublishStatus":-2,"EndTime":-2,"Source":-2,"OrderBy":0,"PageIndex":1,"PageSize":20,"SqlWhere":null,"UserId":1427}
2018-01-04 12:58:49,388 [58] INFO  BaseLog [(null)] - [IsAuthorized]IsCheckIP=False,IsCheckLogin=True,CheckModuleRight=,用户请求的地址=http://www1.chitunion.com/api/Authorize/GetMenuInfo,UrlRefer=http://www1.chitunion.com/manager/media/order/patch-order.html
2018-01-04 12:58:49,390 [54] INFO  BaseLog [(null)] - 
请求的url地址：http://www1.chitunion.com/api/order/GetCoverImageList?PageSize=20&PageIndex=1&OrderName=&OrderStatus=-2
执行的时间:9.0253ms
请求的参数:{"CheckLogin":true,"request":{"OrderName":null,"OrderStatus":-2,"TaskType":-2,"Category":-2,"BusinessType":0,"Number":null,"Name":null,"Status":-2,"PublishStatus":-2,"EndTime":-2,"Source":-2,"OrderBy":0,"PageIndex":1,"PageSize":20,"SqlWhere":null,"UserId":0}}
返回的结果:{"Status":0,"Message":null,"Result":{"List":[{"MediaName":null,"OrderId":113,"OrderName":"低价买新车，立即询底价","BillingRuleName":"0.6元/CPC + 10元/CPL","TotalAmount":0.00,"OrderStatus":"进行中","ReceiveTime":"2018-01-04 12:58:29","CPCPrice":0.60,"CPLPrice":10.00},{"MediaName":null,"OrderId":112,"OrderName":"买新车要试驾，立即预约","BillingRuleName":"0.2元/CPC + 10元/CPL","TotalAmount":0.00,"OrderStatus":"进行中","ReceiveTime":"2018-01-04 12:57:54","CPCPrice":0.20,"CPLPrice":10.00}],"TotleCount":2,"Extend":null},"IsOverdue":null}

2018-01-04 12:59:01,209 [62] INFO  BaseLog [(null)] - 
当前操作类型:WeiXin
 查询条件信息:{"OrderName":null,"OrderStatus":-2,"TaskType":192001,"Category":-2,"BusinessType":0,"Number":null,"Name":null,"Status":-2,"PublishStatus":-2,"EndTime":-2,"Source":-2,"OrderBy":0,"PageIndex":1,"PageSize":20,"SqlWhere":null,"UserId":0}
2018-01-04 12:59:01,214 [64] INFO  BaseLog [(null)] - 
当前操作类型:WeiXin
 查询条件信息:{"OrderName":null,"OrderStatus":-2,"TaskType":192002,"Category":-2,"BusinessType":0,"Number":null,"Name":null,"Status":-2,"PublishStatus":-2,"EndTime":-2,"Source":-2,"OrderBy":0,"PageIndex":1,"PageSize":20,"SqlWhere":null,"UserId":0}
2018-01-04 12:59:01,216 [54] INFO  BaseLog [(null)] - 
请求的url地址：http://www1.chitunion.com/api/task/GetDistrbuteList?PageIndex=1&PageSize=20&r=0.2531863600564269
执行的时间:5.0139ms
请求的参数:{"request":{"OrderName":null,"OrderStatus":-2,"TaskType":-2,"Category":-2,"BusinessType":0,"Number":null,"Name":null,"Status":-2,"PublishStatus":-2,"EndTime":-2,"Source":-2,"OrderBy":0,"PageIndex":1,"PageSize":20,"SqlWhere":null,"UserId":0}}
返回的结果:{"Status":0,"Message":null,"Result":{"List":[{"TaskId":187,"TaskName":"莉莉・柯林斯因瘦而被拒绝上杂志版面","BillingRuleName":"0.2元/CPC + 10元/CPL","MaterialUrl":"http://news1.chitu.qichedaquan.com/materiel/chitunion/mobile/20171223/203.html","RuleCount":200000,"TakeCount":2,"TaskAmount":819.00,"CPCPrice":0.20,"CPLPrice":10.00,"ImgUrl":"/UploadFiles/Task/QRImage/2017/12/25/17/新年更优惠.png","Synopsis":"爱的色放vsad"},{"TaskId":186,"TaskName":"这是一篇有味道的文章，那些超臭却又让人欲罢不能的食物，你吃过吗?","BillingRuleName":"0.7元/CPC + 10元/CPL","MaterialUrl":"http://news1.chitu.qichedaquan.com/materiel/chitunion/mobile/20171223/200.html","RuleCount":200000,"TakeCount":1,"TaskAmount":959.00,"CPCPrice":0.70,"CPLPrice":10.00,"ImgUrl":"http://192.168.3.71/group1/M00/08/7D/oYYBAFo6BNqAOCcpAAAjIWHPMbk397.JPG","Synopsis":"一般大家吃东西，都注重的是“色香味俱全”"},{"TaskId":185,"TaskName":"2017理财投资的一次契机!上班族5万存款如何翻倍理财！","BillingRuleName":"0.3元/CPC + 10元/CPL","MaterialUrl":"http://news1.chitu.qichedaquan.com/materiel/chitunion/mobile/20171223/201.html","RuleCount":200000,"TakeCount":1,"TaskAmount":851.00,"CPCPrice":0.30,"CPLPrice":10.00,"ImgUrl":"http://192.168.3.71/group1/M00/08/7C/oYYBAFo55CaALXkkAAAkTJR9eWg526.JPG","Synopsis":"温度突然发我佛挡杀佛"},{"TaskId":183,"TaskName":"因为子君的一个失误，《我的前半生》至少多了5集","BillingRuleName":"0.5元/CPC + 10元/CPL","MaterialUrl":"http://news1.chitu.qichedaquan.com/materiel/chitunion/mobile/20171223/199.html","RuleCount":200000,"TakeCount":1,"TaskAmount":888.00,"CPCPrice":0.50,"CPLPrice":10.00,"ImgUrl":"http://192.168.3.71/group1/M00/08/7D/oYYBAFo6BTeAFEIuAABsNvswZuY929.GIF","Synopsis":"sdafds"},{"TaskId":182,"TaskName":"晚安丨心有猛虎，细嗅蔷薇。","BillingRuleName":"0.4元/CPC + 10元/CPL","MaterialUrl":"http://news1.chitu.qichedaquan.com/materiel/chitunion/mobile/20171223/198.html","RuleCount":200000,"TakeCount":1,"TaskAmount":859.00,"CPCPrice":0.40,"CPLPrice":10.00,"ImgUrl":"http://192.168.3.71/group1/M00/08/7D/oYYBAFo6BV6ACTZpAAAt-glDCxw679.JPG","Synopsis":"但愿每个人心里住着一只猛虎"},{"TaskId":176,"TaskName":"走进美国 | 小心！在内华达自驾时千万别走错，不然让你碰见外星人","BillingRuleName":"0.7元/CPC + 10元/CPL","MaterialUrl":"http://news1.chitu.qichedaquan.com/materiel/qichedaquan/mobile/20171219/190.html","RuleCount":200000,"TakeCount":1,"TaskAmount":0.00,"CPCPrice":0.70,"CPLPrice":10.00,"ImgUrl":"http://192.168.3.71/group1/M00/08/75/oYYBAFo3lq6AflC8AAA80XOVzmo488.JPG","Synopsis":"心动！11111"},{"TaskId":175,"TaskName":"走进美国 | 小心！在内华达自驾时千万别走错，不然让你碰见外星人","BillingRuleName":"0.7元/CPC + 10元/CPL","MaterialUrl":"http://news1.chitu.qichedaquan.com/materiel/chitunion/mobile/20171219/189.html","RuleCount":200000,"TakeCount":1,"TaskAmount":0.00,"CPCPrice":0.70,"CPLPrice":10.00,"ImgUrl":"http://192.168.3.71/group1/M00/08/75/oYYBAFo3lq6AflC8AAA80XOVzmo488.JPG","Synopsis":"心动！11111"},{"TaskId":174,"TaskName":"40万买辆奥迪S3玩的不爽？再花30万爆改，这种情怀有谁能懂？","BillingRuleName":"0.7元/CPC + 10元/CPL","MaterialUrl":"http://news1.chitu.qichedaquan.com/materiel/qichedaquan/mobile/20171218/188.html","RuleCount":200000,"TakeCount":1,"TaskAmount":0.00,"CPCPrice":0.70,"CPLPrice":10.00,"ImgUrl":"http://192.168.3.71/group1/M00/08/75/oYYBAFo3lq6AflC8AAA80XOVzmo488.JPG","Synopsis":"中国最具人气的改装车公众平台，欢迎更多改装车友关注，一起加入这里交流学习。"},{"TaskId":173,"TaskName":"超级罕见的手动挡宝马M5，竟然被改装成宽体\"陆地坦克\"！","BillingRuleName":"0.7元/CPC + 10元/CPL","MaterialUrl":"http://news1.chitu.qichedaquan.com/materiel/qichedaquan/mobile/20171218/187.html","RuleCount":200000,"TakeCount":6,"TaskAmount":0.00,"CPCPrice":0.70,"CPLPrice":10.00,"ImgUrl":"http://192.168.3.71/group1/M00/08/75/oYYBAFo3lq6AflC8AAA80XOVzmo488.JPG","Synopsis":"中国最具人气的改装车公众平台，欢迎更多改装车友关注，一起加入这里交流学习。"},{"TaskId":172,"TaskName":"10月亮相 雷克萨斯将推RX七座版车型","BillingRuleName":"0.7元/CPC + 10元/CPL","MaterialUrl":"http://dealer.h5.qichedaquan.com/25238/KonwledgeDetail/912386/0","RuleCount":200000,"TakeCount":4,"TaskAmount":0.00,"CPCPrice":0.70,"CPLPrice":10.00,"ImgUrl":"http://192.168.3.71/group1/M00/08/75/oYYBAFo3lq6AflC8AAA80XOVzmo488.JPG","Synopsis":null},{"TaskId":171,"TaskName":"一个酷炫的黑科技装置 是怎样一步步变身为互撩神器的","BillingRuleName":"0.7元/CPC + 10元/CPL","MaterialUrl":"http://dealer.h5.qichedaquan.com/300020/KonwledgeDetail/46728/0","RuleCount":200000,"TakeCount":3,"TaskAmount":0.00,"CPCPrice":0.70,"CPLPrice":10.00,"ImgUrl":"http://192.168.3.71/group1/M00/08/75/oYYBAFo3lq6AflC8AAA80XOVzmo488.JPG","Synopsis":null},{"TaskId":170,"TaskName":"一个酷炫的黑科技装置 是怎样一步步变身为互撩神器的","BillingRuleName":"0.7元/CPC + 10元/CPL","MaterialUrl":"http://dealer.h5.qichedaquan.com/300020/KonwledgeDetail/46728/0","RuleCount":200000,"TakeCount":1,"TaskAmount":0.00,"CPCPrice":0.70,"CPLPrice":10.00,"ImgUrl":"http://192.168.3.71/group1/M00/08/75/oYYBAFo3lq6AflC8AAA80XOVzmo488.JPG","Synopsis":null},{"TaskId":169,"TaskName":"年底了，歇歇吧！我带你去木渎古镇晒太阳","BillingRuleName":"0.7元/CPC + 10元/CPL","MaterialUrl":"http://dealer.h5.qichedaquan.com/300020/KonwledgeDetail/46728/0","RuleCount":200000,"TakeCount":1,"TaskAmount":0.00,"CPCPrice":0.70,"CPLPrice":10.00,"ImgUrl":"http://192.168.3.71/group1/M00/08/75/oYYBAFo3lq6AflC8AAA80XOVzmo488.JPG","Synopsis":null},{"TaskId":168,"TaskName":"惊艳时光！四川最美七条公路！每一条都是绝美的风景！","BillingRuleName":"0.7元/CPC + 10元/CPL","MaterialUrl":"http://dealer.h5.qichedaquan.com/300020/KonwledgeDetail/46728/0","RuleCount":200000,"TakeCount":1,"TaskAmount":0.00,"CPCPrice":0.70,"CPLPrice":10.00,"ImgUrl":"http://192.168.3.71/group1/M00/08/75/oYYBAFo3lq6AflC8AAA80XOVzmo488.JPG","Synopsis":null},{"TaskId":167,"TaskName":"独家旅行保险 超超超级大促来了！","BillingRuleName":"0.7元/CPC + 10元/CPL","MaterialUrl":"http://dealer.h5.qichedaquan.com/300020/KonwledgeDetail/46728/0","RuleCount":200000,"TakeCount":1,"TaskAmount":0.00,"CPCPrice":0.70,"CPLPrice":10.00,"ImgUrl":"http://192.168.3.71/group1/M00/08/75/oYYBAFo3lq6AflC8AAA80XOVzmo488.JPG","Synopsis":null},{"TaskId":166,"TaskName":"夏天就要凉爽，带你熟知西班牙国民饮品horchata，瓦伦西亚出团，火热报名中~","BillingRuleName":"0.7元/CPC + 10元/CPL","MaterialUrl":"http://dealer.h5.qichedaquan.com/300020/KonwledgeDetail/46728/0","RuleCount":200000,"TakeCount":1,"TaskAmount":0.00,"CPCPrice":0.70,"CPLPrice":10.00,"ImgUrl":"http://192.168.3.71/group1/M00/08/75/oYYBAFo3lq6AflC8AAA80XOVzmo488.JPG","Synopsis":null},{"TaskId":165,"TaskName":"西湖销夏都江堰，江南忆里忆江南！","BillingRuleName":"0.7元/CPC + 10元/CPL","MaterialUrl":"http://dealer.h5.qichedaquan.com/300020/KonwledgeDetail/46728/0","RuleCount":200000,"TakeCount":1,"TaskAmount":0.00,"CPCPrice":0.70,"CPLPrice":10.00,"ImgUrl":"http://192.168.3.71/group1/M00/08/75/oYYBAFo3lq6AflC8AAA80XOVzmo488.JPG","Synopsis":null},{"TaskId":164,"TaskName":"世界最大极地海洋馆的水母馆 秒杀流窜山寨海洋馆","BillingRuleName":"0.7元/CPC + 10元/CPL","MaterialUrl":"http://dealer.h5.qichedaquan.com/300020/KonwledgeDetail/46728/0","RuleCount":200000,"TakeCount":2,"TaskAmount":0.00,"CPCPrice":0.70,"CPLPrice":10.00,"ImgUrl":"http://192.168.3.71/group1/M00/08/75/oYYBAFo3lq6AflC8AAA80XOVzmo488.JPG","Synopsis":null},{"TaskId":163,"TaskName":"这个广东省内鲜为人知的世外桃源，日后必火！趁着现在人少赶紧去……","BillingRuleName":"0.7元/CPC + 10元/CPL","MaterialUrl":"http://dealer.h5.qichedaquan.com/300020/KonwledgeDetail/46728/0","RuleCount":200000,"TakeCount":1,"TaskAmount":0.00,"CPCPrice":0.70,"CPLPrice":10.00,"ImgUrl":"http://192.168.3.71/group1/M00/08/75/oYYBAFo3lq6AflC8AAA80XOVzmo488.JPG","Synopsis":null},{"TaskId":162,"TaskName":"这条路让你在极美与极危险里极度受虐丨道尔顿公路 Dalton Highway","BillingRuleName":"0.7元/CPC + 10元/CPL","MaterialUrl":"http://dealer.h5.qichedaquan.com/300020/KonwledgeDetail/46728/0","RuleCount":200000,"TakeCount":1,"TaskAmount":0.00,"CPCPrice":0.70,"CPLPrice":10.00,"ImgUrl":"http://192.168.3.71/group1/M00/08/75/oYYBAFo3lq6AflC8AAA80XOVzmo488.JPG","Synopsis":null}],"TotleCount":46,"Extend":null},"IsOverdue":null}

2018-01-04 12:59:01,220 [64] INFO  BaseLog [(null)] - 
请求的url地址：http://www1.chitunion.com/api/task/GetCoverImageList?PageIndex=1&PageSize=20&r=0.39419778362167035
执行的时间:4.0099ms
请求的参数:{"request":{"OrderName":null,"OrderStatus":-2,"TaskType":-2,"Category":-2,"BusinessType":0,"Number":null,"Name":null,"Status":-2,"PublishStatus":-2,"EndTime":-2,"Source":-2,"OrderBy":0,"PageIndex":1,"PageSize":20,"SqlWhere":null,"UserId":0}}
返回的结果:{"Status":0,"Message":null,"Result":{"List":[{"TaskId":196,"TaskName":"低价买新车，立即询底价","BillingRuleName":"0.6元/CPC + 10元/CPL","MaterialUrl":"https://h5.qichedaquan.com/jike/","RuleCount":20000,"TakeCount":5,"TaskAmount":945.00,"CPCPrice":0.60,"CPLPrice":10.00,"ImgUrl":"http://op.chitunion.com/UploadFiles/BottomMaterielPic/01.png","Synopsis":"无"},{"TaskId":195,"TaskName":"买车全包圆儿，立即体验","BillingRuleName":"0.5元/CPC + 10元/CPL","MaterialUrl":"https://h5.qichedaquan.com/jike/","RuleCount":20000,"TakeCount":3,"TaskAmount":923.00,"CPCPrice":0.50,"CPLPrice":10.00,"ImgUrl":"http://op.chitunion.com/UploadFiles/BottomMaterielPic/06.png","Synopsis":"无"},{"TaskId":194,"TaskName":"新年更优惠，买车正当时","BillingRuleName":"0.3元/CPC + 10元/CPL","MaterialUrl":"https://h5.qichedaquan.com/jike/","RuleCount":20000,"TakeCount":1,"TaskAmount":844.00,"CPCPrice":0.30,"CPLPrice":10.00,"ImgUrl":"http://op.chitunion.com/UploadFiles/BottomMaterielPic/03.png","Synopsis":"无"},{"TaskId":193,"TaskName":"买新车要试驾，立即预约","BillingRuleName":"0.2元/CPC + 10元/CPL","MaterialUrl":"https://h5.qichedaquan.com/jike/","RuleCount":20000,"TakeCount":1,"TaskAmount":831.00,"CPCPrice":0.20,"CPLPrice":10.00,"ImgUrl":"http://op.chitunion.com/UploadFiles/BottomMaterielPic/05.png","Synopsis":"无"},{"TaskId":192,"TaskName":"新年更优惠，立即询底价","BillingRuleName":"0.3元/CPC + 10元/CPL","MaterialUrl":"https://h5.qichedaquan.com/jike/","RuleCount":20000,"TakeCount":1,"TaskAmount":857.00,"CPCPrice":0.30,"CPLPrice":10.00,"ImgUrl":"http://op.chitunion.com/UploadFiles/BottomMaterielPic/08.png","Synopsis":"无"},{"TaskId":191,"TaskName":"小白买车，帮你选好车","BillingRuleName":"0.2元/CPC + 10元/CPL","MaterialUrl":"https://h5.qichedaquan.com/jike/","RuleCount":20000,"TakeCount":1,"TaskAmount":825.00,"CPCPrice":0.20,"CPLPrice":10.00,"ImgUrl":"http://op.chitunion.com/UploadFiles/BottomMaterielPic/07.png","Synopsis":"无"},{"TaskId":190,"TaskName":"买车要砍价，找TA报价优惠多","BillingRuleName":"0.4元/CPC + 10元/CPL","MaterialUrl":"https://h5.qichedaquan.com/jike/","RuleCount":20000,"TakeCount":1,"TaskAmount":890.00,"CPCPrice":0.40,"CPLPrice":10.00,"ImgUrl":"http://op.chitunion.com/UploadFiles/BottomMaterielPic/02.png","Synopsis":"无"},{"TaskId":189,"TaskName":"买新车来询价，低价马上到手","BillingRuleName":"0.6元/CPC + 10元/CPL","MaterialUrl":"https://h5.qichedaquan.com/jike/","RuleCount":20000,"TakeCount":1,"TaskAmount":961.00,"CPCPrice":0.60,"CPLPrice":10.00,"ImgUrl":"http://op.chitunion.com/UploadFiles/BottomMaterielPic/04.png","Synopsis":"无"},{"TaskId":188,"TaskName":"低价买新车，立即询底价","BillingRuleName":"0.7元/CPC + 10元/CPL","MaterialUrl":"https://h5.qichedaquan.com/jike/","RuleCount":20000,"TakeCount":1,"TaskAmount":980.00,"CPCPrice":0.70,"CPLPrice":10.00,"ImgUrl":"http://op.chitunion.com/UploadFiles/BottomMaterielPic/01.png","Synopsis":"无"}],"TotleCount":9,"Extend":null},"IsOverdue":null}

2018-01-04 12:59:05,432 [54] INFO  BaseLog [(null)] - [IsAuthorized]IsCheckIP=False,IsCheckLogin=True,CheckModuleRight=,用户请求的地址=http://www1.chitunion.com/api/task/Receive,UrlRefer=http://www1.chitunion.com/static/media/contentDistribution.html?rob=1
2018-01-04 12:59:05,519 [53] INFO  BaseLog [(null)] - 
请求的url地址：http://www1.chitunion.com/api/task/Receive
执行的时间:84.2237ms
请求的参数:{"CheckLogin":true,"request":{"TaskType":192002,"TaskId":190,"MediaId":0,"UserIdentity":null}}
返回的结果:{"Status":0,"Message":"操作成功","Result":{"OrderId":114,"Title":"买车要砍价，找TA报价优惠多","OrderUrl":"https://h5.qichedaquan.com/jike/?utm_source=chitu&utm_term=WPidVNiMUZ","PasterUrl":"http://192.168.3.71/group1/M00/09/1E/oYYBAFpNtUuASy9sAAENP2_lJr8001.png"},"IsOverdue":null}

2018-01-04 12:59:08,181 [55] INFO  BaseLog [(null)] - [IsAuthorized]IsCheckIP=False,IsCheckLogin=False,CheckModuleRight=,用户请求的地址=http://www1.chitunion.com/api/DictInfo/GetDictInfoByTypeID?typeID=193,UrlRefer=http://www1.chitunion.com/manager/media/order/patch-order.html
2018-01-04 12:59:08,986 [62] INFO  BaseLog [(null)] - [IsAuthorized]IsCheckIP=False,IsCheckLogin=False,CheckModuleRight=,用户请求的地址=http://www1.chitunion.com/api/DictInfo/GetDictInfoByTypeID?typeID=193,UrlRefer=http://www1.chitunion.com/manager/media/order/patch-order.html
2018-01-04 12:59:09,246 [63] INFO  BaseLog [(null)] - [IsAuthorized]IsCheckIP=False,IsCheckLogin=True,CheckModuleRight=,用户请求的地址=http://www1.chitunion.com/api/Authorize/GetMenuInfo,UrlRefer=http://www1.chitunion.com/manager/media/order/patch-order.html
2018-01-04 12:59:09,250 [61] INFO  BaseLog [(null)] - [IsAuthorized]IsCheckIP=False,IsCheckLogin=True,CheckModuleRight=,用户请求的地址=http://www1.chitunion.com/api/order/GetCoverImageList?PageSize=20&PageIndex=1&OrderName=&OrderStatus=-2,UrlRefer=http://www1.chitunion.com/manager/media/order/patch-order.html
2018-01-04 12:59:09,265 [61] INFO  BaseLog [(null)] - 
当前操作类型:WeiXin
 查询条件信息:{"OrderName":null,"OrderStatus":-2,"TaskType":-2,"Category":-2,"BusinessType":0,"Number":null,"Name":null,"Status":-2,"PublishStatus":-2,"EndTime":-2,"Source":-2,"OrderBy":0,"PageIndex":1,"PageSize":20,"SqlWhere":null,"UserId":1427}
2018-01-04 12:59:09,271 [61] INFO  BaseLog [(null)] - 
请求的url地址：http://www1.chitunion.com/api/order/GetCoverImageList?PageSize=20&PageIndex=1&OrderName=&OrderStatus=-2
执行的时间:8.014ms
请求的参数:{"CheckLogin":true,"request":{"OrderName":null,"OrderStatus":-2,"TaskType":-2,"Category":-2,"BusinessType":0,"Number":null,"Name":null,"Status":-2,"PublishStatus":-2,"EndTime":-2,"Source":-2,"OrderBy":0,"PageIndex":1,"PageSize":20,"SqlWhere":null,"UserId":0}}
返回的结果:{"Status":0,"Message":null,"Result":{"List":[{"MediaName":null,"OrderId":114,"OrderName":"买车要砍价，找TA报价优惠多","BillingRuleName":"0.4元/CPC + 10元/CPL","TotalAmount":0.00,"OrderStatus":"进行中","ReceiveTime":"2018-01-04 12:59:05","CPCPrice":0.40,"CPLPrice":10.00},{"MediaName":null,"OrderId":113,"OrderName":"低价买新车，立即询底价","BillingRuleName":"0.6元/CPC + 10元/CPL","TotalAmount":0.00,"OrderStatus":"进行中","ReceiveTime":"2018-01-04 12:58:29","CPCPrice":0.60,"CPLPrice":10.00},{"MediaName":null,"OrderId":112,"OrderName":"买新车要试驾，立即预约","BillingRuleName":"0.2元/CPC + 10元/CPL","TotalAmount":0.00,"OrderStatus":"进行中","ReceiveTime":"2018-01-04 12:57:54","CPCPrice":0.20,"CPLPrice":10.00}],"TotleCount":3,"Extend":null},"IsOverdue":null}

2018-01-04 12:59:13,140 [54] INFO  BaseLog [(null)] - [IsAuthorized]IsCheckIP=False,IsCheckLogin=True,CheckModuleRight=,用户请求的地址=http://www1.chitunion.com/api/order/GetInfo?OrderId=114,UrlRefer=http://www1.chitunion.com/manager/media/order/patch-detail.html?OrderId=114
2018-01-04 12:59:13,161 [54] INFO  BaseLog [(null)] - 
请求的url地址：http://www1.chitunion.com/api/order/GetInfo?OrderId=114
执行的时间:11.0302ms
请求的参数:{"CheckLogin":true,"request":{"OrderId":114}}
返回的结果:{"Status":0,"Message":null,"Result":{"OrderUrl":"https://h5.qichedaquan.com/jike/?utm_source=chitu&utm_term=WPidVNiMUZ","PasterUrl":"http://192.168.3.71/group1/M00/09/1E/oYYBAFpNtUuASy9sAAENP2_lJr8001.png","OrderId":114,"OrderName":"买车要砍价，找TA报价优惠多","BillingRuleName":"0.4元/CPC + 10元/CPL","TotalAmount":0.00,"OrderStatus":"进行中","ReceiveTime":"2018-01-04 12:59:05","CPCPrice":0.40,"CPLPrice":10.00},"IsOverdue":null}

2018-01-04 12:59:13,318 [58] INFO  BaseLog [(null)] - [IsAuthorized]IsCheckIP=False,IsCheckLogin=True,CheckModuleRight=,用户请求的地址=http://www1.chitunion.com/api/order/GetIncomeDetails?OrderId=114,UrlRefer=http://www1.chitunion.com/manager/media/order/patch-detail.html?OrderId=114
2018-01-04 12:59:13,328 [54] INFO  BaseLog [(null)] - 
请求的url地址：http://www1.chitunion.com/api/order/GetIncomeDetails?OrderId=114
执行的时间:5.0142ms
请求的参数:{"CheckLogin":true,"request":{"OrderId":114}}
返回的结果:{"Status":0,"Message":null,"Result":{"List":[],"Extend":{"TotalCPCTotalPrice":null,"TotalCPLTotalPrice":null,"TotalMoney":null}},"IsOverdue":null}

2018-01-04 12:59:13,390 [54] INFO  BaseLog [(null)] - [IsAuthorized]IsCheckIP=False,IsCheckLogin=True,CheckModuleRight=,用户请求的地址=http://www1.chitunion.com/api/Authorize/GetMenuInfo,UrlRefer=http://www1.chitunion.com/manager/media/order/patch-detail.html?OrderId=114
