2018-02-26 13:46:28,336 [10] INFO  BaseLog [(null)] - [IsAuthorized]IsCheckIP=False,IsCheckLogin=True,CheckModuleRight=,用户请求的地址=http://www1.chitunion.com/api/media/GetBindingsWxList?PageIndex=1&PageSize=20&r=0.8158002821168968,UrlRefer=http://www1.chitunion.com/manager/media/personal/personalCenter.html
2018-02-26 13:46:28,338 [8] INFO  BaseLog [(null)] - [IsAuthorized]IsCheckIP=False,IsCheckLogin=True,CheckModuleRight=,用户请求的地址=http://www1.chitunion.com/api/media/GetStatistInfo?r=0.07475898790265645,UrlRefer=http://www1.chitunion.com/manager/media/personal/personalCenter.html
2018-02-26 13:46:28,336 [6] INFO  BaseLog [(null)] - [IsAuthorized]IsCheckIP=False,IsCheckLogin=True,CheckModuleRight=,用户请求的地址=http://www1.chitunion.com/api/Authorize/GetMenuInfo,UrlRefer=http://www1.chitunion.com/manager/media/personal/personalCenter.html
2018-02-26 13:46:28,614 [10] INFO  BaseLog [(null)] - 
当前操作类型:WeiXin
 查询条件信息:{"BusinessType":0,"Number":null,"Name":null,"Status":-2,"PublishStatus":-2,"EndTime":-2,"Source":-2,"OrderBy":0,"PageIndex":1,"PageSize":20,"SqlWhere":null,"UserId":1427}
2018-02-26 13:46:28,642 [9] INFO  BaseLog [(null)] - 
请求的url地址：http://www1.chitunion.com/api/media/GetStatistInfo?r=0.07475898790265645
客户端IP:127.0.0.1
执行的时间:32.0856ms
请求的参数:{"CheckLogin":true}
返回的结果:{"Status":0,"Message":null,"Result":{"UserId":1427,"UserHeadImg":null,"UserName":"masj_0","EarningsPrice":0.00,"OrderCount":8,"BindingsCount":0},"IsOverdue":null}

2018-02-26 13:46:28,645 [5] INFO  BaseLog [(null)] - 
请求的url地址：http://www1.chitunion.com/api/media/GetBindingsWxList?PageIndex=1&PageSize=20&r=0.8158002821168968
客户端IP:127.0.0.1
执行的时间:34.0906ms
请求的参数:{"CheckLogin":true,"request":{"BusinessType":0,"Number":null,"Name":null,"Status":-2,"PublishStatus":-2,"EndTime":-2,"Source":-2,"OrderBy":0,"PageIndex":1,"PageSize":20,"SqlWhere":null,"UserId":0}}
返回的结果:{"Status":0,"Message":null,"Result":{"List":[],"TotleCount":0,"Extend":null},"IsOverdue":null}

2018-02-26 18:46:21,020 [24] INFO  BaseLog [(null)] - [IsAuthorized]IsCheckIP=False,IsCheckLogin=True,CheckModuleRight=,用户请求的地址=http://www1.chitunion.com/api/Authorize/GetMenuInfo,UrlRefer=http://www1.chitunion.com/manager/media/personal/personalCenter.html
2018-02-26 18:46:21,020 [25] INFO  BaseLog [(null)] - [IsAuthorized]IsCheckIP=False,IsCheckLogin=True,CheckModuleRight=,用户请求的地址=http://www1.chitunion.com/api/media/GetStatistInfo?r=0.13461604146067407,UrlRefer=http://www1.chitunion.com/manager/media/personal/personalCenter.html
2018-02-26 18:46:21,022 [23] INFO  BaseLog [(null)] - [IsAuthorized]IsCheckIP=False,IsCheckLogin=True,CheckModuleRight=,用户请求的地址=http://www1.chitunion.com/api/media/GetBindingsWxList?PageIndex=1&PageSize=20&r=0.9675504981158186,UrlRefer=http://www1.chitunion.com/manager/media/personal/personalCenter.html
2018-02-26 18:46:21,228 [23] INFO  BaseLog [(null)] - 
当前操作类型:WeiXin
 查询条件信息:{"BusinessType":0,"Number":null,"Name":null,"Status":-2,"PublishStatus":-2,"EndTime":-2,"Source":-2,"OrderBy":0,"PageIndex":1,"PageSize":20,"SqlWhere":null,"UserId":1427}
2018-02-26 18:46:21,239 [27] INFO  BaseLog [(null)] - 
请求的url地址：http://www1.chitunion.com/api/media/GetStatistInfo?r=0.13461604146067407
客户端IP:127.0.0.1
执行的时间:42.112ms
请求的参数:{"CheckLogin":true}
返回的结果:{"Status":0,"Message":null,"Result":{"UserId":1427,"UserHeadImg":null,"UserName":"masj_0","EarningsPrice":0.00,"OrderCount":8,"BindingsCount":0},"IsOverdue":null}

2018-02-26 18:46:21,276 [27] INFO  BaseLog [(null)] - 
请求的url地址：http://www1.chitunion.com/api/media/GetBindingsWxList?PageIndex=1&PageSize=20&r=0.9675504981158186
客户端IP:127.0.0.1
执行的时间:66.6773ms
请求的参数:{"CheckLogin":true,"request":{"BusinessType":0,"Number":null,"Name":null,"Status":-2,"PublishStatus":-2,"EndTime":-2,"Source":-2,"OrderBy":0,"PageIndex":1,"PageSize":20,"SqlWhere":null,"UserId":0}}
返回的结果:{"Status":0,"Message":null,"Result":{"List":[],"TotleCount":0,"Extend":null},"IsOverdue":null}

2018-02-26 18:47:19,898 [27] INFO  BaseLog [(null)] - [IsAuthorized]IsCheckIP=False,IsCheckLogin=True,CheckModuleRight=,用户请求的地址=http://www1.chitunion.com/api/media/GetStatistInfo?r=0.786993159207998,UrlRefer=http://www1.chitunion.com/manager/media/personal/personalCenter.html
2018-02-26 18:47:19,918 [22] INFO  BaseLog [(null)] - [IsAuthorized]IsCheckIP=False,IsCheckLogin=True,CheckModuleRight=,用户请求的地址=http://www1.chitunion.com/api/media/GetBindingsWxList?PageIndex=1&PageSize=20&r=0.5698009424899247,UrlRefer=http://www1.chitunion.com/manager/media/personal/personalCenter.html
2018-02-26 18:47:19,923 [24] INFO  BaseLog [(null)] - [IsAuthorized]IsCheckIP=False,IsCheckLogin=True,CheckModuleRight=,用户请求的地址=http://www1.chitunion.com/api/Authorize/GetMenuInfo,UrlRefer=http://www1.chitunion.com/manager/media/personal/personalCenter.html
2018-02-26 18:47:19,928 [23] INFO  BaseLog [(null)] - 
请求的url地址：http://www1.chitunion.com/api/media/GetStatistInfo?r=0.786993159207998
客户端IP:127.0.0.1
执行的时间:19.0508ms
请求的参数:{"CheckLogin":true}
返回的结果:{"Status":0,"Message":null,"Result":{"UserId":1427,"UserHeadImg":null,"UserName":"masj_0","EarningsPrice":0.00,"OrderCount":8,"BindingsCount":0},"IsOverdue":null}

2018-02-26 18:47:19,939 [22] INFO  BaseLog [(null)] - 
当前操作类型:WeiXin
 查询条件信息:{"BusinessType":0,"Number":null,"Name":null,"Status":-2,"PublishStatus":-2,"EndTime":-2,"Source":-2,"OrderBy":0,"PageIndex":1,"PageSize":20,"SqlWhere":null,"UserId":1427}
2018-02-26 18:47:19,959 [22] INFO  BaseLog [(null)] - 
请求的url地址：http://www1.chitunion.com/api/media/GetBindingsWxList?PageIndex=1&PageSize=20&r=0.5698009424899247
客户端IP:127.0.0.1
执行的时间:24.0654ms
请求的参数:{"CheckLogin":true,"request":{"BusinessType":0,"Number":null,"Name":null,"Status":-2,"PublishStatus":-2,"EndTime":-2,"Source":-2,"OrderBy":0,"PageIndex":1,"PageSize":20,"SqlWhere":null,"UserId":0}}
返回的结果:{"Status":0,"Message":null,"Result":{"List":[],"TotleCount":0,"Extend":null},"IsOverdue":null}

