2018-02-06 12:12:28,975 [8] INFO  BaseLog [(null)] - 
请求的url地址：http://www1.chitunion.com/api/ThirdBusiness/OrderStorage
客户端IP:127.0.0.1
执行的时间:140.7849ms
请求的参数:{"request":{"TaskId":38,"UserIdentity":"ttttttt","ChannelId":101002,"UserId":0,"OrderUrl":null}}
返回的结果:{"Status":1001,"Message":"任务信息不存在","Result":null,"IsOverdue":null}

2018-02-06 12:12:31,908 [7] INFO  BaseLog [(null)] - 
请求的url地址：http://www1.chitunion.com/api/ThirdBusiness/OrderStorage
客户端IP:127.0.0.1
执行的时间:10.0263ms
请求的参数:{"request":{"TaskId":38,"UserIdentity":"test","ChannelId":101002,"UserId":0,"OrderUrl":null}}
返回的结果:{"Status":1001,"Message":"任务信息不存在","Result":null,"IsOverdue":null}

2018-02-06 12:12:57,489 [14] INFO  BaseLog [(null)] - 
请求的url地址：http://www1.chitunion.com/api/ThirdBusiness/OrderStorage
客户端IP:127.0.0.1
执行的时间:14.0373ms
请求的参数:{"request":{"TaskId":38,"UserIdentity":"ttttttt","ChannelId":101002,"UserId":0,"OrderUrl":null}}
返回的结果:{"Status":1001,"Message":"任务信息不存在","Result":null,"IsOverdue":null}

2018-02-06 12:12:59,955 [6] INFO  BaseLog [(null)] - 
请求的url地址：http://www1.chitunion.com/api/ThirdBusiness/OrderStorage
客户端IP:127.0.0.1
执行的时间:9.5263ms
请求的参数:{"request":{"TaskId":38,"UserIdentity":"test","ChannelId":101002,"UserId":0,"OrderUrl":null}}
返回的结果:{"Status":1001,"Message":"任务信息不存在","Result":null,"IsOverdue":null}

