2018-02-05 10:57:05,961 [25] INFO  BaseLog [(null)] - [IsAuthorized]IsCheckIP=False,IsCheckLogin=False,CheckModuleRight=,用户请求的地址=http://www1.chitunion.com/api/DictInfo/GetDictInfoByTypeID?typeID=6,UrlRefer=http://www1.chitunion.com/static/advertister/sort_list.html?type=0&keyword=
2018-02-05 10:57:05,961 [42] INFO  BaseLog [(null)] - [IsAuthorized]IsCheckIP=False,IsCheckLogin=True,CheckModuleRight=,用户请求的地址=http://www1.chitunion.com/api/MediaMatching/GetCartCount,UrlRefer=http://www1.chitunion.com/static/advertister/sort_list.html?type=0&keyword=
2018-02-05 10:57:05,964 [34] INFO  BaseLog [(null)] - [IsAuthorized]IsCheckIP=False,IsCheckLogin=False,CheckModuleRight=,用户请求的地址=http://www1.chitunion.com/api/DictInfo/GetDictInfoByTypeID?typeID=47,UrlRefer=http://www1.chitunion.com/static/advertister/sort_list.html?type=0&keyword=
2018-02-05 10:57:05,985 [42] INFO  BaseLog [(null)] - [AuthorizedResult]用户验证失败,CheckLogin=False
2018-02-05 10:57:06,043 [30] INFO  BaseLog [(null)] - [IsAuthorized]IsCheckIP=False,IsCheckLogin=False,CheckModuleRight=,用户请求的地址=http://www1.chitunion.com/api/MediaMatching/GetMediaMatchingList?ListType=wx_list&keyword=&PageIndex=1&PageSize=20&CategoryID=NaN&MaxFansCount=-1&MinFansCount=-1&MaxPrice=-1&MinPrice=-1&ProvinceID=-1&CityID=-1&ADPositionID=-1&ReferenceType=-1&SortField=-1&SortIndex=-1,UrlRefer=http://www1.chitunion.com/static/advertister/sort_list.html?type=0&keyword=
2018-02-05 10:57:06,044 [25] INFO  BaseLog [(null)] - [IsAuthorized]IsCheckIP=False,IsCheckLogin=False,CheckModuleRight=,用户请求的地址=http://www1.chitunion.com/api/DictInfo/GetDictInfoByTypeID?typeID=47,UrlRefer=http://www1.chitunion.com/static/advertister/sort_list.html?type=0&keyword=
2018-02-05 10:57:06,916 [34] INFO  BaseLog [(null)] - [IsAuthorized]IsCheckIP=False,IsCheckLogin=False,CheckModuleRight=,用户请求的地址=http://www1.chitunion.com/api/MediaMatching/GetMediaMatchingList?ListType=wx_list&keyword=&PageIndex=1&PageSize=20&CategoryID=NaN&MaxFansCount=-1&MinFansCount=-1&MaxPrice=-1&MinPrice=-1&ProvinceID=-1&CityID=-1&ADPositionID=-1&ReferenceType=-1&SortField=-1&SortIndex=-1,UrlRefer=http://www1.chitunion.com/static/advertister/sort_list.html?type=0&keyword=
2018-02-05 16:53:17,769 [6] INFO  BaseLog [(null)] - [IsAuthorized]IsCheckIP=False,IsCheckLogin=True,CheckModuleRight=,用户请求的地址=http://www1.chitunion.com/api/Authorize/GetMenuInfo,UrlRefer=http://www1.chitunion.com/test/main.html
2018-02-05 16:53:17,789 [6] INFO  BaseLog [(null)] - [AuthorizedResult]用户验证失败,CheckLogin=False
2018-02-05 16:53:45,862 [6] INFO  BaseLog [(null)] - [IsAuthorized]IsCheckIP=False,IsCheckLogin=True,CheckModuleRight=,用户请求的地址=http://www1.chitunion.com/api/Authorize/GetMenuInfo,UrlRefer=http://www1.chitunion.com/test/main.html
2018-02-05 16:53:45,862 [6] INFO  BaseLog [(null)] - [AuthorizedResult]用户验证失败,CheckLogin=False
2018-02-05 16:54:01,248 [16] INFO  BaseLog [(null)] - [IsAuthorized]IsCheckIP=False,IsCheckLogin=True,CheckModuleRight=,用户请求的地址=http://www1.chitunion.com/api/Authorize/GetMenuInfo,UrlRefer=http://www1.chitunion.com/test/main.html
2018-02-05 16:54:01,248 [16] INFO  BaseLog [(null)] - [AuthorizedResult]用户验证失败,CheckLogin=False
2018-02-05 17:03:19,288 [19] INFO  BaseLog [(null)] - [IsAuthorized]IsCheckIP=False,IsCheckLogin=True,CheckModuleRight=,用户请求的地址=http://www1.chitunion.com/api/Authorize/GetMenuInfo,UrlRefer=http://www1.chitunion.com/test/main.html
2018-02-05 17:03:19,288 [19] INFO  BaseLog [(null)] - [AuthorizedResult]用户验证失败,CheckLogin=False
2018-02-05 17:03:37,751 [26] INFO  BaseLog [(null)] - [IsAuthorized]IsCheckIP=False,IsCheckLogin=True,CheckModuleRight=,用户请求的地址=http://www1.chitunion.com/api/Authorize/GetMenuInfo,UrlRefer=http://www1.chitunion.com/test/main.html
2018-02-05 17:03:37,751 [26] INFO  BaseLog [(null)] - [AuthorizedResult]用户验证失败,CheckLogin=False
2018-02-05 17:12:26,543 [29] INFO  BaseLog [(null)] - [IsAuthorized]IsCheckIP=False,IsCheckLogin=True,CheckModuleRight=,用户请求的地址=http://www1.chitunion.com/api/SmartSearch/GetSmartSearchCount,UrlRefer=http://www1.chitunion.com/manager/advertister/personal/PersonCenter.html
2018-02-05 17:12:26,544 [26] INFO  BaseLog [(null)] - [IsAuthorized]IsCheckIP=False,IsCheckLogin=True,CheckModuleRight=,用户请求的地址=http://www1.chitunion.com/api/Authorize/GetMenuInfo,UrlRefer=http://www1.chitunion.com/manager/advertister/personal/PersonCenter.html
2018-02-05 17:12:26,548 [28] INFO  BaseLog [(null)] - [IsAuthorized]IsCheckIP=False,IsCheckLogin=True,CheckModuleRight=,用户请求的地址=http://www1.chitunion.com/api/SmartSearch/GetSmartSearchList?PageSize=10&PageIndex=1,UrlRefer=http://www1.chitunion.com/manager/advertister/personal/PersonCenter.html
2018-02-05 17:12:38,955 [28] INFO  BaseLog [(null)] - [IsAuthorized]IsCheckIP=False,IsCheckLogin=True,CheckModuleRight=,用户请求的地址=http://www1.chitunion.com/api/SmartSearch/GetSmartSearchList?PageSize=10&PageIndex=1,UrlRefer=http://www1.chitunion.com/manager/advertister/personal/PersonCenter.html
2018-02-05 17:12:38,970 [31] INFO  BaseLog [(null)] - [IsAuthorized]IsCheckIP=False,IsCheckLogin=True,CheckModuleRight=,用户请求的地址=http://www1.chitunion.com/api/Authorize/GetMenuInfo,UrlRefer=http://www1.chitunion.com/manager/advertister/personal/PersonCenter.html
2018-02-05 17:12:38,971 [5] INFO  BaseLog [(null)] - [IsAuthorized]IsCheckIP=False,IsCheckLogin=True,CheckModuleRight=,用户请求的地址=http://www1.chitunion.com/api/SmartSearch/GetSmartSearchCount,UrlRefer=http://www1.chitunion.com/manager/advertister/personal/PersonCenter.html
2018-02-05 17:13:11,418 [28] INFO  BaseLog [(null)] - [IsAuthorized]IsCheckIP=False,IsCheckLogin=True,CheckModuleRight=,用户请求的地址=http://www1.chitunion.com/api/Authorize/GetMenuInfo,UrlRefer=http://www1.chitunion.com/manager/advertister/personal/PersonCenter.html
2018-02-05 17:13:11,423 [5] INFO  BaseLog [(null)] - [IsAuthorized]IsCheckIP=False,IsCheckLogin=True,CheckModuleRight=,用户请求的地址=http://www1.chitunion.com/api/SmartSearch/GetSmartSearchCount,UrlRefer=http://www1.chitunion.com/manager/advertister/personal/PersonCenter.html
2018-02-05 17:13:11,426 [31] INFO  BaseLog [(null)] - [IsAuthorized]IsCheckIP=False,IsCheckLogin=True,CheckModuleRight=,用户请求的地址=http://www1.chitunion.com/api/SmartSearch/GetSmartSearchList?PageSize=10&PageIndex=1,UrlRefer=http://www1.chitunion.com/manager/advertister/personal/PersonCenter.html
2018-02-05 17:13:47,515 [28] INFO  BaseLog [(null)] - [IsAuthorized]IsCheckIP=False,IsCheckLogin=True,CheckModuleRight=,用户请求的地址=http://www1.chitunion.com/api/SmartSearch/GetSmartSearchList?PageSize=10&PageIndex=1,UrlRefer=http://www1.chitunion.com/manager/advertister/personal/PersonCenter.html
2018-02-05 17:13:47,515 [5] INFO  BaseLog [(null)] - [IsAuthorized]IsCheckIP=False,IsCheckLogin=True,CheckModuleRight=,用户请求的地址=http://www1.chitunion.com/api/SmartSearch/GetSmartSearchCount,UrlRefer=http://www1.chitunion.com/manager/advertister/personal/PersonCenter.html
2018-02-05 17:13:47,527 [29] INFO  BaseLog [(null)] - [IsAuthorized]IsCheckIP=False,IsCheckLogin=True,CheckModuleRight=,用户请求的地址=http://www1.chitunion.com/api/Authorize/GetMenuInfo,UrlRefer=http://www1.chitunion.com/manager/advertister/personal/PersonCenter.html
2018-02-05 17:13:47,973 [28] INFO  BaseLog [(null)] - 
请求的url地址：http://www1.chitunion.com/api/SmartSearch/GetSmartSearchList?PageSize=10&PageIndex=1
客户端IP:127.0.0.1
执行的时间:126.5952ms
请求的参数:{"CheckLogin":true,"query":{"PageIndex":1,"PageSize":10,"Status":0,"Name":null}}
返回的结果:{"Status":0,"Message":"OK","Result":{"SourceTagList":null,"List":[],"TotalCount":0},"IsOverdue":null}

2018-02-05 17:13:48,121 [28] INFO  BaseLog [(null)] - 
请求的url地址：http://www1.chitunion.com/api/SmartSearch/GetSmartSearchCount
客户端IP:127.0.0.1
执行的时间:339.6662ms
请求的参数:{"CheckLogin":true}
返回的结果:{"Status":0,"Message":"OK","Result":{"PromotionCount":0},"IsOverdue":null}

2018-02-05 17:14:01,994 [28] INFO  BaseLog [(null)] - [IsAuthorized]IsCheckIP=False,IsCheckLogin=True,CheckModuleRight=,用户请求的地址=http://www1.chitunion.com/api/SmartSearch/GetSmartSearchList?PageSize=10&PageIndex=1,UrlRefer=http://www1.chitunion.com/manager/advertister/personal/PersonCenter.html
2018-02-05 17:14:01,995 [31] INFO  BaseLog [(null)] - [IsAuthorized]IsCheckIP=False,IsCheckLogin=True,CheckModuleRight=,用户请求的地址=http://www1.chitunion.com/api/Authorize/GetMenuInfo,UrlRefer=http://www1.chitunion.com/manager/advertister/personal/PersonCenter.html
2018-02-05 17:14:01,996 [29] INFO  BaseLog [(null)] - [IsAuthorized]IsCheckIP=False,IsCheckLogin=True,CheckModuleRight=,用户请求的地址=http://www1.chitunion.com/api/SmartSearch/GetSmartSearchCount,UrlRefer=http://www1.chitunion.com/manager/advertister/personal/PersonCenter.html
2018-02-05 17:14:02,221 [29] INFO  BaseLog [(null)] - 
请求的url地址：http://www1.chitunion.com/api/SmartSearch/GetSmartSearchCount
客户端IP:127.0.0.1
执行的时间:32.0438ms
请求的参数:{"CheckLogin":true}
返回的结果:{"Status":0,"Message":"OK","Result":{"PromotionCount":0},"IsOverdue":null}

2018-02-05 17:14:02,229 [28] INFO  BaseLog [(null)] - 
请求的url地址：http://www1.chitunion.com/api/SmartSearch/GetSmartSearchList?PageSize=10&PageIndex=1
客户端IP:127.0.0.1
执行的时间:33.0462ms
请求的参数:{"CheckLogin":true,"query":{"PageIndex":1,"PageSize":10,"Status":0,"Name":null}}
返回的结果:{"Status":0,"Message":"OK","Result":{"SourceTagList":null,"List":[],"TotalCount":0},"IsOverdue":null}

2018-02-05 17:14:13,295 [31] INFO  BaseLog [(null)] - [IsAuthorized]IsCheckIP=False,IsCheckLogin=True,CheckModuleRight=,用户请求的地址=http://www1.chitunion.com/api/Authorize/GetMenuInfo,UrlRefer=http://www1.chitunion.com/test/main.html
2018-02-05 17:14:47,005 [5] INFO  BaseLog [(null)] - [IsAuthorized]IsCheckIP=False,IsCheckLogin=True,CheckModuleRight=,用户请求的地址=http://www1.chitunion.com/api/Authorize/GetMenuInfo,UrlRefer=http://www1.chitunion.com/test/main.html
2018-02-05 17:15:19,115 [5] INFO  BaseLog [(null)] - [IsAuthorized]IsCheckIP=False,IsCheckLogin=True,CheckModuleRight=,用户请求的地址=http://www1.chitunion.com/api/Authorize/GetMenuInfo,UrlRefer=http://www1.chitunion.com/test/main.html
2018-02-05 17:16:44,109 [8] INFO  BaseLog [(null)] - [IsAuthorized]IsCheckIP=False,IsCheckLogin=True,CheckModuleRight=,用户请求的地址=http://www1.chitunion.com/api/Authorize/GetMenuInfo,UrlRefer=http://www1.chitunion.com/test/main.html
2018-02-05 18:13:34,082 [7] INFO  BaseLog [(null)] - [IsAuthorized]IsCheckIP=False,IsCheckLogin=True,CheckModuleRight=,用户请求的地址=http://www1.chitunion.com/api/Authorize/GetMenuInfo,UrlRefer=http://www1.chitunion.com/test/main.html
2018-02-05 18:16:28,836 [8] INFO  BaseLog [(null)] - [IsAuthorized]IsCheckIP=False,IsCheckLogin=True,CheckModuleRight=,用户请求的地址=http://www1.chitunion.com/api/CarSerial/QueryBrand,UrlRefer=http://www1.chitunion.com/test/main.html
2018-02-05 18:16:30,261 [26] INFO  BaseLog [(null)] - [IsAuthorized]IsCheckIP=False,IsCheckLogin=True,CheckModuleRight=,用户请求的地址=http://www1.chitunion.com/api/Authorize/GetMenuInfo,UrlRefer=http://www1.chitunion.com/test/main.html
2018-02-05 18:17:31,081 [13] INFO  BaseLog [(null)] - [IsAuthorized]IsCheckIP=False,IsCheckLogin=True,CheckModuleRight=,用户请求的地址=http://www1.chitunion.com/api/Authorize/GetMenuInfo,UrlRefer=http://www1.chitunion.com/test/main.html
2018-02-05 18:19:59,200 [6] INFO  BaseLog [(null)] - [IsAuthorized]IsCheckIP=False,IsCheckLogin=True,CheckModuleRight=,用户请求的地址=http://www1.chitunion.com/api/Authorize/GetMenuInfo,UrlRefer=http://www1.chitunion.com/test/main.html
2018-02-05 18:25:25,620 [29] INFO  BaseLog [(null)] - [IsAuthorized]IsCheckIP=False,IsCheckLogin=True,CheckModuleRight=,用户请求的地址=http://www1.chitunion.com/api/Authorize/GetMenuInfo,UrlRefer=http://www1.chitunion.com/test/main.html
2018-02-05 18:26:43,052 [16] INFO  BaseLog [(null)] - [IsAuthorized]IsCheckIP=False,IsCheckLogin=True,CheckModuleRight=,用户请求的地址=http://www1.chitunion.com/api/Authorize/GetMenuInfo,UrlRefer=http://www1.chitunion.com/test/main.html
2018-02-05 18:26:43,075 [16] INFO  BaseLog [(null)] - [AuthorizedResult]用户验证失败,CheckLogin=False
2018-02-05 18:26:54,922 [19] INFO  BaseLog [(null)] - [IsAuthorized]IsCheckIP=False,IsCheckLogin=True,CheckModuleRight=,用户请求的地址=http://www1.chitunion.com/api/Authorize/GetMenuInfo,UrlRefer=http://www1.chitunion.com/test/main.html
2018-02-05 18:27:09,726 [19] INFO  BaseLog [(null)] - [AuthorizedResult]用户验证失败,CheckLogin=False
2018-02-05 18:27:17,642 [27] INFO  BaseLog [(null)] - [IsAuthorized]IsCheckIP=False,IsCheckLogin=True,CheckModuleRight=,用户请求的地址=http://www1.chitunion.com/api/Authorize/GetMenuInfo,UrlRefer=http://www1.chitunion.com/test/main.html
2018-02-05 18:27:17,642 [27] INFO  BaseLog [(null)] - [AuthorizedResult]用户验证失败,CheckLogin=False
2018-02-05 18:27:49,966 [19] INFO  BaseLog [(null)] - [IsAuthorized]IsCheckIP=False,IsCheckLogin=True,CheckModuleRight=,用户请求的地址=http://www1.chitunion.com/api/media/GetBindingsWxList?PageIndex=1&PageSize=20&r=0.87887818946703,UrlRefer=http://www1.chitunion.com/manager/media/personal/personalCenter.html
2018-02-05 18:27:49,971 [29] INFO  BaseLog [(null)] - [IsAuthorized]IsCheckIP=False,IsCheckLogin=True,CheckModuleRight=,用户请求的地址=http://www1.chitunion.com/api/media/GetStatistInfo?r=0.8409636512499163,UrlRefer=http://www1.chitunion.com/manager/media/personal/personalCenter.html
2018-02-05 18:27:49,997 [33] INFO  BaseLog [(null)] - [IsAuthorized]IsCheckIP=False,IsCheckLogin=True,CheckModuleRight=,用户请求的地址=http://www1.chitunion.com/api/Authorize/GetMenuInfo,UrlRefer=http://www1.chitunion.com/manager/media/personal/personalCenter.html
2018-02-05 18:28:04,660 [19] INFO  BaseLog [(null)] - [AuthorizedResult]用户验证失败,CheckLogin=False
2018-02-05 18:28:04,682 [33] INFO  BaseLog [(null)] - [AuthorizedResult]用户验证失败,CheckLogin=False
2018-02-05 18:28:04,709 [29] INFO  BaseLog [(null)] - [AuthorizedResult]用户验证失败,CheckLogin=False
2018-02-05 18:28:16,904 [21] INFO  BaseLog [(null)] - [IsAuthorized]IsCheckIP=False,IsCheckLogin=True,CheckModuleRight=,用户请求的地址=http://www1.chitunion.com/api/Authorize/GetMenuInfo,UrlRefer=http://www1.chitunion.com/test/main.html
2018-02-05 18:28:24,336 [23] INFO  BaseLog [(null)] - [IsAuthorized]IsCheckIP=False,IsCheckLogin=True,CheckModuleRight=,用户请求的地址=http://www1.chitunion.com/api/Authorize/GetMenuInfo,UrlRefer=http://www1.chitunion.com/test/main.html
