2017-12-23 12:48:02,053 [12] INFO  BaseLog [(null)] - [IsAuthorized]IsCheckIP=False,IsCheckLogin=True,CheckModuleRight=,用户请求的地址=http://www1.chitunion.com/api/Authorize/GetMenuInfo,UrlRefer=http://www1.chitunion.com/test/main2-1.html
2017-12-23 12:48:11,554 [13] INFO  BaseLog [(null)] - [IsAuthorized]IsCheckIP=False,IsCheckLogin=True,CheckModuleRight=,用户请求的地址=http://www1.chitunion.com/api/Authorize/GetMenuInfo,UrlRefer=http://www1.chitunion.com/test/main.html
2017-12-23 13:26:08,946 [8] INFO  BaseLog [(null)] - [IsAuthorized]IsCheckIP=False,IsCheckLogin=True,CheckModuleRight=,用户请求的地址=http://www1.chitunion.com/api/Authorize/GetMenuInfo,UrlRefer=http://www1.chitunion.com/test/main.html
2017-12-23 13:26:10,974 [8] INFO  BaseLog [(null)] - [IsAuthorized]IsCheckIP=False,IsCheckLogin=True,CheckModuleRight=,用户请求的地址=http://www1.chitunion.com/api/Authorize/GetMenuInfo,UrlRefer=http://www1.chitunion.com/test/main.html
2017-12-23 14:21:29,004 [7] INFO  BaseLog [(null)] - [IsAuthorized]IsCheckIP=False,IsCheckLogin=True,CheckModuleRight=,用户请求的地址=http://www1.chitunion.com/api/Authorize/GetMenuInfo,UrlRefer=http://www1.chitunion.com/test/main.html
2017-12-23 14:21:38,141 [7] INFO  BaseLog [(null)] - [IsAuthorized]IsCheckIP=False,IsCheckLogin=True,CheckModuleRight=,用户请求的地址=http://www1.chitunion.com/api/Authorize/GetMenuInfo,UrlRefer=http://www1.chitunion.com/test/main.html
2017-12-23 14:21:59,185 [14] INFO  BaseLog [(null)] - [IsAuthorized]IsCheckIP=False,IsCheckLogin=True,CheckModuleRight=,用户请求的地址=http://www1.chitunion.com/api/Authorize/GetMenuInfo,UrlRefer=http://www1.chitunion.com/test/main.html
2017-12-23 14:22:42,040 [8] INFO  BaseLog [(null)] - [IsAuthorized]IsCheckIP=False,IsCheckLogin=True,CheckModuleRight=,用户请求的地址=http://www1.chitunion.com/api/Authorize/GetMenuInfo,UrlRefer=http://www1.chitunion.com/test/main.html
2017-12-23 14:22:53,391 [16] INFO  BaseLog [(null)] - [IsAuthorized]IsCheckIP=False,IsCheckLogin=True,CheckModuleRight=,用户请求的地址=http://www1.chitunion.com/api/Authorize/GetMenuInfo,UrlRefer=http://www1.chitunion.com/test/main.html
2017-12-23 14:22:58,613 [9] INFO  BaseLog [(null)] - [IsAuthorized]IsCheckIP=False,IsCheckLogin=True,CheckModuleRight=,用户请求的地址=http://www1.chitunion.com/api/Authorize/GetMenuInfo,UrlRefer=http://www1.chitunion.com/test/main.html
2017-12-23 15:03:22,483 [37] INFO  BaseLog [(null)] - [IsAuthorized]IsCheckIP=False,IsCheckLogin=True,CheckModuleRight=,用户请求的地址=http://www1.chitunion.com/api/Authorize/GetMenuInfo,UrlRefer=http://www1.chitunion.com/test/main.html
2017-12-23 15:03:36,119 [37] INFO  BaseLog [(null)] - [IsAuthorized]IsCheckIP=False,IsCheckLogin=True,CheckModuleRight=,用户请求的地址=http://www1.chitunion.com/api/Authorize/GetMenuInfo,UrlRefer=http://www1.chitunion.com/test/main.html
2017-12-23 15:11:15,381 [11] INFO  BaseLog [(null)] - [IsAuthorized]IsCheckIP=False,IsCheckLogin=True,CheckModuleRight=,用户请求的地址=http://www1.chitunion.com/api/Authorize/GetMenuInfo,UrlRefer=http://www1.chitunion.com/test/main.html
2017-12-23 15:17:30,100 [34] INFO  BaseLog [(null)] - [IsAuthorized]IsCheckIP=False,IsCheckLogin=True,CheckModuleRight=,用户请求的地址=http://www1.chitunion.com/api/Authorize/GetMenuInfo,UrlRefer=http://www1.chitunion.com/test/main.html
2017-12-23 15:52:15,749 [6] INFO  BaseLog [(null)] - [IsAuthorized]IsCheckIP=False,IsCheckLogin=True,CheckModuleRight=,用户请求的地址=http://client.www1.chitunion.com/api/Authorize/GetMenuInfo,UrlRefer=http://client.www1.chitunion.com/test/main.html
2017-12-23 15:52:22,525 [8] INFO  BaseLog [(null)] - [IsAuthorized]IsCheckIP=False,IsCheckLogin=True,CheckModuleRight=,用户请求的地址=http://client.www1.chitunion.com/api/Authorize/GetMenuInfo,UrlRefer=http://client.www1.chitunion.com/test/main.html
2017-12-23 16:37:38,060 [6] INFO  BaseLog [(null)] - [IsAuthorized]IsCheckIP=False,IsCheckLogin=True,CheckModuleRight=,用户请求的地址=http://www1.chitunion.com/api/Authorize/GetMenuInfo,UrlRefer=http://www1.chitunion.com/test/main.html
2017-12-23 16:37:41,598 [7] INFO  BaseLog [(null)] - [IsAuthorized]IsCheckIP=False,IsCheckLogin=True,CheckModuleRight=,用户请求的地址=http://www1.chitunion.com/api/Authorize/GetMenuInfo,UrlRefer=http://www1.chitunion.com/test/main.html
2017-12-23 17:32:51,492 [9] INFO  BaseLog [(null)] - [IsAuthorized]IsCheckIP=False,IsCheckLogin=False,CheckModuleRight=,用户请求的地址=http://www1.chitunion.com/api/DictInfo/GetDictInfoByTypeID?typeID=93,UrlRefer=http://www1.chitunion.com/manager/media/order/patch-order.html
2017-12-23 17:32:51,887 [6] INFO  BaseLog [(null)] - [IsAuthorized]IsCheckIP=False,IsCheckLogin=True,CheckModuleRight=,用户请求的地址=http://www1.chitunion.com/api/order/GetCoverImageList?PageSize=20&PageIndex=1&OrderName=&OrderStatus=-2,UrlRefer=http://www1.chitunion.com/manager/media/order/patch-order.html
2017-12-23 17:32:51,889 [10] INFO  BaseLog [(null)] - [IsAuthorized]IsCheckIP=False,IsCheckLogin=True,CheckModuleRight=,用户请求的地址=http://www1.chitunion.com/api/Authorize/GetMenuInfo,UrlRefer=http://www1.chitunion.com/manager/media/order/patch-order.html
2017-12-23 17:32:52,243 [6] INFO  BaseLog [(null)] - 
当前操作类型:WeiXin
 查询条件信息:{"OrderName":null,"OrderStatus":-2,"TaskType":-2,"BusinessType":0,"Number":null,"Name":null,"Status":-2,"PublishStatus":-2,"EndTime":-2,"Source":-2,"OrderBy":0,"PageIndex":1,"PageSize":20,"SqlWhere":null,"UserId":1409}
2017-12-23 17:32:52,292 [9] INFO  BaseLog [(null)] - 
请求的url地址：http://www1.chitunion.com/api/order/GetCoverImageList?PageSize=20&PageIndex=1&OrderName=&OrderStatus=-2
执行的时间:49.1308ms
请求的参数:{"CheckLogin":true,"request":{"OrderName":null,"OrderStatus":-2,"TaskType":-2,"BusinessType":0,"Number":null,"Name":null,"Status":-2,"PublishStatus":-2,"EndTime":-2,"Source":-2,"OrderBy":0,"PageIndex":1,"PageSize":20,"SqlWhere":null,"UserId":0}}
返回的结果:{"Status":0,"Message":null,"Result":{"List":[{"MediaName":null,"OrderId":10,"OrderName":"不用刨冰机，只要一把叉子就能在家做芋圆红豆冰沙！","BillingRuleName":"0.7元/CPC + 10元/CPL","TotalAmount":0.00,"OrderStatus":"进行中","ReceiveTime":"0001-01-01 00:00:00"},{"MediaName":null,"OrderId":9,"OrderName":"一个酷炫的黑科技装置 是怎样一步步变身为互撩神器的","BillingRuleName":"0.7元/CPC + 10元/CPL","TotalAmount":0.00,"OrderStatus":"进行中","ReceiveTime":"0001-01-01 00:00:00"}],"TotleCount":2,"Extend":null},"IsOverdue":null}

2017-12-23 18:10:14,768 [39] INFO  BaseLog [(null)] - [IsAuthorized]IsCheckIP=False,IsCheckLogin=False,CheckModuleRight=,用户请求的地址=http://www1.chitunion.com/api/DictInfo/GetDictInfoByTypeID?typeID=93,UrlRefer=http://www1.chitunion.com/manager/media/order/patch-order.html
2017-12-23 18:10:15,021 [24] INFO  BaseLog [(null)] - [IsAuthorized]IsCheckIP=False,IsCheckLogin=True,CheckModuleRight=,用户请求的地址=http://www1.chitunion.com/api/order/GetCoverImageList?PageSize=20&PageIndex=1&OrderName=&OrderStatus=-2,UrlRefer=http://www1.chitunion.com/manager/media/order/patch-order.html
2017-12-23 18:10:15,023 [24] INFO  BaseLog [(null)] - [AuthorizedResult]用户验证失败,CheckLogin=False
2017-12-23 18:10:25,914 [18] INFO  BaseLog [(null)] - [IsAuthorized]IsCheckIP=False,IsCheckLogin=False,CheckModuleRight=,用户请求的地址=http://www1.chitunion.com/api/DictInfo/GetDictInfoByTypeID?typeID=93,UrlRefer=http://www1.chitunion.com/manager/media/order/patch-order.html
2017-12-23 18:10:26,088 [41] INFO  BaseLog [(null)] - [IsAuthorized]IsCheckIP=False,IsCheckLogin=True,CheckModuleRight=,用户请求的地址=http://www1.chitunion.com/api/order/GetCoverImageList?PageSize=20&PageIndex=1&OrderName=&OrderStatus=-2,UrlRefer=http://www1.chitunion.com/manager/media/order/patch-order.html
2017-12-23 18:10:26,088 [41] INFO  BaseLog [(null)] - [AuthorizedResult]用户验证失败,CheckLogin=False
2017-12-23 18:10:28,873 [41] INFO  BaseLog [(null)] - [IsAuthorized]IsCheckIP=False,IsCheckLogin=False,CheckModuleRight=,用户请求的地址=http://www1.chitunion.com/api/DictInfo/GetDictInfoByTypeID?typeID=93,UrlRefer=http://www1.chitunion.com/manager/media/order/patch-order.html
2017-12-23 18:10:29,027 [30] INFO  BaseLog [(null)] - [IsAuthorized]IsCheckIP=False,IsCheckLogin=True,CheckModuleRight=,用户请求的地址=http://www1.chitunion.com/api/order/GetCoverImageList?PageSize=20&PageIndex=1&OrderName=&OrderStatus=-2,UrlRefer=http://www1.chitunion.com/manager/media/order/patch-order.html
2017-12-23 18:10:29,027 [30] INFO  BaseLog [(null)] - [AuthorizedResult]用户验证失败,CheckLogin=False
2017-12-23 18:10:35,244 [30] INFO  BaseLog [(null)] - [IsAuthorized]IsCheckIP=False,IsCheckLogin=False,CheckModuleRight=,用户请求的地址=http://www1.chitunion.com/api/DictInfo/GetDictInfoByTypeID?typeID=93,UrlRefer=http://www1.chitunion.com/manager/media/order/patch-order.html
2017-12-23 18:10:35,403 [26] INFO  BaseLog [(null)] - [IsAuthorized]IsCheckIP=False,IsCheckLogin=True,CheckModuleRight=,用户请求的地址=http://www1.chitunion.com/api/order/GetCoverImageList?PageSize=20&PageIndex=1&OrderName=&OrderStatus=-2,UrlRefer=http://www1.chitunion.com/manager/media/order/patch-order.html
2017-12-23 18:10:35,403 [26] INFO  BaseLog [(null)] - [AuthorizedResult]用户验证失败,CheckLogin=False
2017-12-23 18:10:36,296 [41] INFO  BaseLog [(null)] - [IsAuthorized]IsCheckIP=False,IsCheckLogin=False,CheckModuleRight=,用户请求的地址=http://www1.chitunion.com/api/DictInfo/GetDictInfoByTypeID?typeID=93,UrlRefer=http://www1.chitunion.com/manager/media/order/patch-order.html
2017-12-23 18:10:36,457 [30] INFO  BaseLog [(null)] - [IsAuthorized]IsCheckIP=False,IsCheckLogin=True,CheckModuleRight=,用户请求的地址=http://www1.chitunion.com/api/order/GetCoverImageList?PageSize=20&PageIndex=1&OrderName=&OrderStatus=-2,UrlRefer=http://www1.chitunion.com/manager/media/order/patch-order.html
2017-12-23 18:10:36,457 [30] INFO  BaseLog [(null)] - [AuthorizedResult]用户验证失败,CheckLogin=False
2017-12-23 18:33:10,351 [34] INFO  BaseLog [(null)] - [IsAuthorized]IsCheckIP=False,IsCheckLogin=True,CheckModuleRight=,用户请求的地址=http://www1.chitunion.com/api/Authorize/GetMenuInfo,UrlRefer=http://www1.chitunion.com/test/main.html
2017-12-23 18:33:13,858 [26] INFO  BaseLog [(null)] - [IsAuthorized]IsCheckIP=False,IsCheckLogin=True,CheckModuleRight=,用户请求的地址=http://www1.chitunion.com/api/Authorize/GetMenuInfo,UrlRefer=http://www1.chitunion.com/test/main.html
2017-12-23 18:46:16,364 [30] INFO  BaseLog [(null)] - [IsAuthorized]IsCheckIP=False,IsCheckLogin=False,CheckModuleRight=,用户请求的地址=http://www1.chitunion.com/api/DictInfo/GetDictInfoByTypeID?typeID=93,UrlRefer=http://www1.chitunion.com/manager/media/order/patch-order.html
2017-12-23 18:46:16,602 [40] INFO  BaseLog [(null)] - [IsAuthorized]IsCheckIP=False,IsCheckLogin=True,CheckModuleRight=,用户请求的地址=http://www1.chitunion.com/api/order/GetCoverImageList?PageSize=20&PageIndex=1&OrderName=&OrderStatus=-2,UrlRefer=http://www1.chitunion.com/manager/media/order/patch-order.html
2017-12-23 18:46:16,658 [40] INFO  BaseLog [(null)] - 
当前操作类型:WeiXin
 查询条件信息:{"OrderName":null,"OrderStatus":-2,"TaskType":-2,"BusinessType":0,"Number":null,"Name":null,"Status":-2,"PublishStatus":-2,"EndTime":-2,"Source":-2,"OrderBy":0,"PageIndex":1,"PageSize":20,"SqlWhere":null,"UserId":1409}
2017-12-23 18:46:16,677 [26] INFO  BaseLog [(null)] - 
请求的url地址：http://www1.chitunion.com/api/order/GetCoverImageList?PageSize=20&PageIndex=1&OrderName=&OrderStatus=-2
执行的时间:19.0497ms
请求的参数:{"CheckLogin":true,"request":{"OrderName":null,"OrderStatus":-2,"TaskType":-2,"BusinessType":0,"Number":null,"Name":null,"Status":-2,"PublishStatus":-2,"EndTime":-2,"Source":-2,"OrderBy":0,"PageIndex":1,"PageSize":20,"SqlWhere":null,"UserId":0}}
返回的结果:{"Status":0,"Message":null,"Result":{"List":[{"MediaName":null,"OrderId":10,"OrderName":"不用刨冰机，只要一把叉子就能在家做芋圆红豆冰沙！","BillingRuleName":"0.7元/CPC + 10元/CPL","TotalAmount":0.00,"OrderStatus":"进行中","ReceiveTime":"0001-01-01 00:00:00"},{"MediaName":null,"OrderId":9,"OrderName":"一个酷炫的黑科技装置 是怎样一步步变身为互撩神器的","BillingRuleName":"0.7元/CPC + 10元/CPL","TotalAmount":0.00,"OrderStatus":"进行中","ReceiveTime":"0001-01-01 00:00:00"}],"TotleCount":2,"Extend":null},"IsOverdue":null}

2017-12-23 18:46:21,893 [39] INFO  BaseLog [(null)] - [IsAuthorized]IsCheckIP=False,IsCheckLogin=False,CheckModuleRight=,用户请求的地址=http://www1.chitunion.com/api/DictInfo/GetDictInfoByTypeID?typeID=93,UrlRefer=http://www1.chitunion.com/manager/media/order/patch-order.html
2017-12-23 18:46:21,960 [18] INFO  BaseLog [(null)] - [IsAuthorized]IsCheckIP=False,IsCheckLogin=True,CheckModuleRight=,用户请求的地址=http://www1.chitunion.com/api/order/GetCoverImageList?PageSize=20&PageIndex=1&OrderName=&OrderStatus=-2,UrlRefer=http://www1.chitunion.com/manager/media/order/patch-order.html
2017-12-23 18:46:21,983 [18] INFO  BaseLog [(null)] - 
当前操作类型:WeiXin
 查询条件信息:{"OrderName":null,"OrderStatus":-2,"TaskType":-2,"BusinessType":0,"Number":null,"Name":null,"Status":-2,"PublishStatus":-2,"EndTime":-2,"Source":-2,"OrderBy":0,"PageIndex":1,"PageSize":20,"SqlWhere":null,"UserId":1409}
2017-12-23 18:46:21,992 [26] INFO  BaseLog [(null)] - 
请求的url地址：http://www1.chitunion.com/api/order/GetCoverImageList?PageSize=20&PageIndex=1&OrderName=&OrderStatus=-2
执行的时间:14.0369ms
请求的参数:{"CheckLogin":true,"request":{"OrderName":null,"OrderStatus":-2,"TaskType":-2,"BusinessType":0,"Number":null,"Name":null,"Status":-2,"PublishStatus":-2,"EndTime":-2,"Source":-2,"OrderBy":0,"PageIndex":1,"PageSize":20,"SqlWhere":null,"UserId":0}}
返回的结果:{"Status":0,"Message":null,"Result":{"List":[{"MediaName":null,"OrderId":10,"OrderName":"不用刨冰机，只要一把叉子就能在家做芋圆红豆冰沙！","BillingRuleName":"0.7元/CPC + 10元/CPL","TotalAmount":0.00,"OrderStatus":"进行中","ReceiveTime":"0001-01-01 00:00:00"},{"MediaName":null,"OrderId":9,"OrderName":"一个酷炫的黑科技装置 是怎样一步步变身为互撩神器的","BillingRuleName":"0.7元/CPC + 10元/CPL","TotalAmount":0.00,"OrderStatus":"进行中","ReceiveTime":"0001-01-01 00:00:00"}],"TotleCount":2,"Extend":null},"IsOverdue":null}

2017-12-23 18:46:55,603 [39] INFO  BaseLog [(null)] - [IsAuthorized]IsCheckIP=False,IsCheckLogin=False,CheckModuleRight=,用户请求的地址=http://www1.chitunion.com/api/DictInfo/GetDictInfoByTypeID?typeID=93,UrlRefer=http://www1.chitunion.com/manager/media/order/patch-order.html
2017-12-23 18:46:55,921 [24] INFO  BaseLog [(null)] - [IsAuthorized]IsCheckIP=False,IsCheckLogin=True,CheckModuleRight=,用户请求的地址=http://www1.chitunion.com/api/order/GetCoverImageList?PageSize=20&PageIndex=1&OrderName=&OrderStatus=-2,UrlRefer=http://www1.chitunion.com/manager/media/order/patch-order.html
2017-12-23 18:46:55,982 [24] INFO  BaseLog [(null)] - 
当前操作类型:WeiXin
 查询条件信息:{"OrderName":null,"OrderStatus":-2,"TaskType":-2,"BusinessType":0,"Number":null,"Name":null,"Status":-2,"PublishStatus":-2,"EndTime":-2,"Source":-2,"OrderBy":0,"PageIndex":1,"PageSize":20,"SqlWhere":null,"UserId":1409}
2017-12-23 18:46:56,006 [18] INFO  BaseLog [(null)] - 
请求的url地址：http://www1.chitunion.com/api/order/GetCoverImageList?PageSize=20&PageIndex=1&OrderName=&OrderStatus=-2
执行的时间:23.0622ms
请求的参数:{"CheckLogin":true,"request":{"OrderName":null,"OrderStatus":-2,"TaskType":-2,"BusinessType":0,"Number":null,"Name":null,"Status":-2,"PublishStatus":-2,"EndTime":-2,"Source":-2,"OrderBy":0,"PageIndex":1,"PageSize":20,"SqlWhere":null,"UserId":0}}
返回的结果:{"Status":0,"Message":null,"Result":{"List":[{"MediaName":null,"OrderId":10,"OrderName":"不用刨冰机，只要一把叉子就能在家做芋圆红豆冰沙！","BillingRuleName":"0.7元/CPC + 10元/CPL","TotalAmount":0.00,"OrderStatus":"进行中","ReceiveTime":"0001-01-01 00:00:00"},{"MediaName":null,"OrderId":9,"OrderName":"一个酷炫的黑科技装置 是怎样一步步变身为互撩神器的","BillingRuleName":"0.7元/CPC + 10元/CPL","TotalAmount":0.00,"OrderStatus":"进行中","ReceiveTime":"0001-01-01 00:00:00"}],"TotleCount":2,"Extend":null},"IsOverdue":null}

2017-12-23 18:47:04,173 [39] INFO  BaseLog [(null)] - [IsAuthorized]IsCheckIP=False,IsCheckLogin=False,CheckModuleRight=,用户请求的地址=http://www1.chitunion.com/api/DictInfo/GetDictInfoByTypeID?typeID=93,UrlRefer=http://www1.chitunion.com/manager/media/order/patch-order.html
2017-12-23 18:47:04,414 [24] INFO  BaseLog [(null)] - [IsAuthorized]IsCheckIP=False,IsCheckLogin=True,CheckModuleRight=,用户请求的地址=http://www1.chitunion.com/api/order/GetCoverImageList?PageSize=20&PageIndex=1&OrderName=&OrderStatus=-2,UrlRefer=http://www1.chitunion.com/manager/media/order/patch-order.html
2017-12-23 18:47:04,425 [24] INFO  BaseLog [(null)] - 
当前操作类型:WeiXin
 查询条件信息:{"OrderName":null,"OrderStatus":-2,"TaskType":-2,"BusinessType":0,"Number":null,"Name":null,"Status":-2,"PublishStatus":-2,"EndTime":-2,"Source":-2,"OrderBy":0,"PageIndex":1,"PageSize":20,"SqlWhere":null,"UserId":1409}
2017-12-23 18:47:04,431 [40] INFO  BaseLog [(null)] - 
请求的url地址：http://www1.chitunion.com/api/order/GetCoverImageList?PageSize=20&PageIndex=1&OrderName=&OrderStatus=-2
执行的时间:9.9866ms
请求的参数:{"CheckLogin":true,"request":{"OrderName":null,"OrderStatus":-2,"TaskType":-2,"BusinessType":0,"Number":null,"Name":null,"Status":-2,"PublishStatus":-2,"EndTime":-2,"Source":-2,"OrderBy":0,"PageIndex":1,"PageSize":20,"SqlWhere":null,"UserId":0}}
返回的结果:{"Status":0,"Message":null,"Result":{"List":[{"MediaName":null,"OrderId":10,"OrderName":"不用刨冰机，只要一把叉子就能在家做芋圆红豆冰沙！","BillingRuleName":"0.7元/CPC + 10元/CPL","TotalAmount":0.00,"OrderStatus":"进行中","ReceiveTime":"0001-01-01 00:00:00"},{"MediaName":null,"OrderId":9,"OrderName":"一个酷炫的黑科技装置 是怎样一步步变身为互撩神器的","BillingRuleName":"0.7元/CPC + 10元/CPL","TotalAmount":0.00,"OrderStatus":"进行中","ReceiveTime":"0001-01-01 00:00:00"}],"TotleCount":2,"Extend":null},"IsOverdue":null}

2017-12-23 18:47:15,454 [39] INFO  BaseLog [(null)] - [IsAuthorized]IsCheckIP=False,IsCheckLogin=False,CheckModuleRight=,用户请求的地址=http://www1.chitunion.com/api/DictInfo/GetDictInfoByTypeID?typeID=93,UrlRefer=http://www1.chitunion.com/manager/media/order/patch-order.html
2017-12-23 18:47:15,723 [34] INFO  BaseLog [(null)] - [IsAuthorized]IsCheckIP=False,IsCheckLogin=True,CheckModuleRight=,用户请求的地址=http://www1.chitunion.com/api/order/GetCoverImageList?PageSize=20&PageIndex=1&OrderName=&OrderStatus=-2,UrlRefer=http://www1.chitunion.com/manager/media/order/patch-order.html
2017-12-23 18:47:15,732 [34] INFO  BaseLog [(null)] - 
当前操作类型:WeiXin
 查询条件信息:{"OrderName":null,"OrderStatus":-2,"TaskType":-2,"BusinessType":0,"Number":null,"Name":null,"Status":-2,"PublishStatus":-2,"EndTime":-2,"Source":-2,"OrderBy":0,"PageIndex":1,"PageSize":20,"SqlWhere":null,"UserId":1409}
2017-12-23 18:47:15,738 [30] INFO  BaseLog [(null)] - 
请求的url地址：http://www1.chitunion.com/api/order/GetCoverImageList?PageSize=20&PageIndex=1&OrderName=&OrderStatus=-2
执行的时间:10.0266ms
请求的参数:{"CheckLogin":true,"request":{"OrderName":null,"OrderStatus":-2,"TaskType":-2,"BusinessType":0,"Number":null,"Name":null,"Status":-2,"PublishStatus":-2,"EndTime":-2,"Source":-2,"OrderBy":0,"PageIndex":1,"PageSize":20,"SqlWhere":null,"UserId":0}}
返回的结果:{"Status":0,"Message":null,"Result":{"List":[{"MediaName":null,"OrderId":10,"OrderName":"不用刨冰机，只要一把叉子就能在家做芋圆红豆冰沙！","BillingRuleName":"0.7元/CPC + 10元/CPL","TotalAmount":0.00,"OrderStatus":"进行中","ReceiveTime":"0001-01-01 00:00:00"},{"MediaName":null,"OrderId":9,"OrderName":"一个酷炫的黑科技装置 是怎样一步步变身为互撩神器的","BillingRuleName":"0.7元/CPC + 10元/CPL","TotalAmount":0.00,"OrderStatus":"进行中","ReceiveTime":"0001-01-01 00:00:00"}],"TotleCount":2,"Extend":null},"IsOverdue":null}

2017-12-23 18:47:34,998 [41] INFO  BaseLog [(null)] - [IsAuthorized]IsCheckIP=False,IsCheckLogin=True,CheckModuleRight=,用户请求的地址=http://www1.chitunion.com/api/Authorize/GetMenuInfo,UrlRefer=http://www1.chitunion.com/test/main.html
2017-12-23 18:59:24,523 [20] INFO  BaseLog [(null)] - [IsAuthorized]IsCheckIP=False,IsCheckLogin=True,CheckModuleRight=,用户请求的地址=http://www1.chitunion.com/api/Authorize/GetMenuInfo,UrlRefer=http://www1.chitunion.com/test/main.html
2017-12-23 19:05:38,308 [6] INFO  BaseLog [(null)] - [IsAuthorized]IsCheckIP=False,IsCheckLogin=True,CheckModuleRight=,用户请求的地址=http://www1.chitunion.com/api/SmartSearch/GetSmartSearchList?PageIndex=1&PageSize=20&Name=&Status=-2&r=0.5176370716714827,UrlRefer=http://www1.chitunion.com/manager/advertister/extension/IntelligentSearchList.html
2017-12-23 19:05:38,308 [38] INFO  BaseLog [(null)] - [IsAuthorized]IsCheckIP=False,IsCheckLogin=False,CheckModuleRight=,用户请求的地址=http://www1.chitunion.com/api/DictInfo/GetDictInfoByTypeID?typeID=93&r=0.1229409648579527,UrlRefer=http://www1.chitunion.com/manager/advertister/extension/IntelligentSearchList.html
2017-12-23 19:05:38,308 [26] INFO  BaseLog [(null)] - [IsAuthorized]IsCheckIP=False,IsCheckLogin=True,CheckModuleRight=,用户请求的地址=http://www1.chitunion.com/api/Authorize/GetMenuInfo,UrlRefer=http://www1.chitunion.com/manager/advertister/extension/IntelligentSearchList.html
2017-12-23 19:05:38,523 [21] INFO  BaseLog [(null)] - 
请求的url地址：http://www1.chitunion.com/api/SmartSearch/GetSmartSearchList?PageIndex=1&PageSize=20&Name=&Status=-2&r=0.5176370716714827
执行的时间:45.1231ms
请求的参数:{"CheckLogin":true,"query":{"PageIndex":1,"PageSize":20,"Status":-2,"Name":null}}
返回的结果:{"Status":0,"Message":"OK","Result":{"List":[],"TotalCount":0},"IsOverdue":null}

2017-12-23 19:14:48,329 [36] INFO  BaseLog [(null)] - [IsAuthorized]IsCheckIP=False,IsCheckLogin=True,CheckModuleRight=,用户请求的地址=http://www1.chitunion.com/api/SmartSearch/GetSmartSearchList?PageSize=10&PageIndex=1,UrlRefer=http://www1.chitunion.com/manager/advertister/personal/PersonCenter.html
2017-12-23 19:14:48,329 [26] INFO  BaseLog [(null)] - [IsAuthorized]IsCheckIP=False,IsCheckLogin=True,CheckModuleRight=,用户请求的地址=http://www1.chitunion.com/api/Authorize/GetMenuInfo,UrlRefer=http://www1.chitunion.com/manager/advertister/personal/PersonCenter.html
2017-12-23 19:14:48,618 [26] INFO  BaseLog [(null)] - 
请求的url地址：http://www1.chitunion.com/api/SmartSearch/GetSmartSearchList?PageSize=10&PageIndex=1
执行的时间:22.0583ms
请求的参数:{"CheckLogin":true,"query":{"PageIndex":1,"PageSize":10,"Status":0,"Name":null}}
返回的结果:{"Status":-1,"Message":"没有权限","Result":null,"IsOverdue":null}

2017-12-23 19:14:54,530 [33] INFO  BaseLog [(null)] - [IsAuthorized]IsCheckIP=False,IsCheckLogin=False,CheckModuleRight=,用户请求的地址=http://www1.chitunion.com/api/DictInfo/GetDictInfoByTypeID?typeID=93,UrlRefer=http://www1.chitunion.com/manager/media/order/patch-order.html
2017-12-23 19:14:54,709 [38] INFO  BaseLog [(null)] - [IsAuthorized]IsCheckIP=False,IsCheckLogin=True,CheckModuleRight=,用户请求的地址=http://www1.chitunion.com/api/order/GetCoverImageList?PageSize=20&PageIndex=1&OrderName=&OrderStatus=-2,UrlRefer=http://www1.chitunion.com/manager/media/order/patch-order.html
2017-12-23 19:14:54,738 [26] INFO  BaseLog [(null)] - [IsAuthorized]IsCheckIP=False,IsCheckLogin=True,CheckModuleRight=,用户请求的地址=http://www1.chitunion.com/api/Authorize/GetMenuInfo,UrlRefer=http://www1.chitunion.com/manager/media/order/patch-order.html
2017-12-23 19:14:54,870 [38] INFO  BaseLog [(null)] - 
当前操作类型:WeiXin
 查询条件信息:{"OrderName":null,"OrderStatus":-2,"TaskType":-2,"BusinessType":0,"Number":null,"Name":null,"Status":-2,"PublishStatus":-2,"EndTime":-2,"Source":-2,"OrderBy":0,"PageIndex":1,"PageSize":20,"SqlWhere":null,"UserId":1427}
2017-12-23 19:14:54,958 [26] INFO  BaseLog [(null)] - 
请求的url地址：http://www1.chitunion.com/api/order/GetCoverImageList?PageSize=20&PageIndex=1&OrderName=&OrderStatus=-2
执行的时间:125.3317ms
请求的参数:{"CheckLogin":true,"request":{"OrderName":null,"OrderStatus":-2,"TaskType":-2,"BusinessType":0,"Number":null,"Name":null,"Status":-2,"PublishStatus":-2,"EndTime":-2,"Source":-2,"OrderBy":0,"PageIndex":1,"PageSize":20,"SqlWhere":null,"UserId":0}}
返回的结果:{"Status":0,"Message":null,"Result":{"List":[],"TotleCount":0,"Extend":null},"IsOverdue":null}

2017-12-23 19:17:36,980 [26] INFO  BaseLog [(null)] - [IsAuthorized]IsCheckIP=False,IsCheckLogin=True,CheckModuleRight=,用户请求的地址=http://www1.chitunion.com/api/Authorize/GetMenuInfo,UrlRefer=http://www1.chitunion.com/manager/advertister/personal/PersonCenter.html
2017-12-23 19:17:36,981 [36] INFO  BaseLog [(null)] - [IsAuthorized]IsCheckIP=False,IsCheckLogin=True,CheckModuleRight=,用户请求的地址=http://www1.chitunion.com/api/SmartSearch/GetSmartSearchList?PageSize=10&PageIndex=1,UrlRefer=http://www1.chitunion.com/manager/advertister/personal/PersonCenter.html
2017-12-23 19:17:37,076 [33] INFO  BaseLog [(null)] - 
请求的url地址：http://www1.chitunion.com/api/SmartSearch/GetSmartSearchList?PageSize=10&PageIndex=1
执行的时间:57.1522ms
请求的参数:{"CheckLogin":true,"query":{"PageIndex":1,"PageSize":10,"Status":0,"Name":null}}
返回的结果:{"Status":-1,"Message":"没有权限","Result":null,"IsOverdue":null}

2017-12-23 20:12:07,770 [31] INFO  BaseLog [(null)] - [IsAuthorized]IsCheckIP=False,IsCheckLogin=True,CheckModuleRight=,用户请求的地址=http://www1.chitunion.com/api/SmartSearch/GetSmartSearchList?PageSize=10&PageIndex=1,UrlRefer=http://www1.chitunion.com/manager/advertister/personal/PersonCenter.html
2017-12-23 20:12:07,770 [23] INFO  BaseLog [(null)] - [IsAuthorized]IsCheckIP=False,IsCheckLogin=True,CheckModuleRight=,用户请求的地址=http://www1.chitunion.com/api/Authorize/GetMenuInfo,UrlRefer=http://www1.chitunion.com/manager/advertister/personal/PersonCenter.html
2017-12-23 20:12:08,030 [11] INFO  BaseLog [(null)] - 
请求的url地址：http://www1.chitunion.com/api/SmartSearch/GetSmartSearchList?PageSize=10&PageIndex=1
执行的时间:11.0292ms
请求的参数:{"CheckLogin":true,"query":{"PageIndex":1,"PageSize":10,"Status":0,"Name":null}}
返回的结果:{"Status":-1,"Message":"没有权限","Result":null,"IsOverdue":null}

2017-12-23 20:12:16,633 [30] INFO  BaseLog [(null)] - [IsAuthorized]IsCheckIP=False,IsCheckLogin=True,CheckModuleRight=,用户请求的地址=http://www1.chitunion.com/api/media/GetStatistInfo?r=0.25828798034084777,UrlRefer=http://www1.chitunion.com/manager/media/personal/personalCenter.html
2017-12-23 20:12:16,636 [31] INFO  BaseLog [(null)] - [IsAuthorized]IsCheckIP=False,IsCheckLogin=True,CheckModuleRight=,用户请求的地址=http://www1.chitunion.com/api/media/GetBindingsWxList?PageIndex=1&PageSize=20&r=0.02067178615180787,UrlRefer=http://www1.chitunion.com/manager/media/personal/personalCenter.html
2017-12-23 20:12:16,645 [9] INFO  BaseLog [(null)] - [IsAuthorized]IsCheckIP=False,IsCheckLogin=True,CheckModuleRight=,用户请求的地址=http://www1.chitunion.com/api/Authorize/GetMenuInfo,UrlRefer=http://www1.chitunion.com/manager/media/personal/personalCenter.html
2017-12-23 20:12:16,710 [8] INFO  BaseLog [(null)] - 
请求的url地址：http://www1.chitunion.com/api/media/GetStatistInfo?r=0.25828798034084777
执行的时间:64.1704ms
请求的参数:{"CheckLogin":true}
返回的结果:{"Status":0,"Message":null,"Result":{"UserId":1430,"UserHeadImg":null,"UserName":"masj_03","EarningsPrice":0,"OrderCount":0,"BindingsCount":0},"IsOverdue":null}

2017-12-23 20:12:16,759 [31] INFO  BaseLog [(null)] - 
当前操作类型:WeiXin
 查询条件信息:{"BusinessType":0,"Number":null,"Name":null,"Status":-2,"PublishStatus":-2,"EndTime":-2,"Source":-2,"OrderBy":0,"PageIndex":1,"PageSize":20,"SqlWhere":null,"UserId":1430}
2017-12-23 20:12:16,815 [32] INFO  BaseLog [(null)] - 
请求的url地址：http://www1.chitunion.com/api/media/GetBindingsWxList?PageIndex=1&PageSize=20&r=0.02067178615180787
执行的时间:77.2048ms
请求的参数:{"CheckLogin":true,"request":{"BusinessType":0,"Number":null,"Name":null,"Status":-2,"PublishStatus":-2,"EndTime":-2,"Source":-2,"OrderBy":0,"PageIndex":1,"PageSize":20,"SqlWhere":null,"UserId":0}}
返回的结果:{"Status":0,"Message":null,"Result":{"List":[],"TotleCount":0,"Extend":null},"IsOverdue":null}

2017-12-23 20:12:22,550 [14] INFO  BaseLog [(null)] - [IsAuthorized]IsCheckIP=False,IsCheckLogin=True,CheckModuleRight=,用户请求的地址=http://www1.chitunion.com/api/media/GetStatistInfo?r=0.4987059053459091,UrlRefer=http://www1.chitunion.com/manager/media/personal/personalCenter.html
2017-12-23 20:12:22,551 [28] INFO  BaseLog [(null)] - [IsAuthorized]IsCheckIP=False,IsCheckLogin=True,CheckModuleRight=,用户请求的地址=http://www1.chitunion.com/api/media/GetBindingsWxList?PageIndex=1&PageSize=20&r=0.48298279815877254,UrlRefer=http://www1.chitunion.com/manager/media/personal/personalCenter.html
2017-12-23 20:12:22,552 [31] INFO  BaseLog [(null)] - [IsAuthorized]IsCheckIP=False,IsCheckLogin=True,CheckModuleRight=,用户请求的地址=http://www1.chitunion.com/api/Authorize/GetMenuInfo,UrlRefer=http://www1.chitunion.com/manager/media/personal/personalCenter.html
2017-12-23 20:12:22,570 [28] INFO  BaseLog [(null)] - 
当前操作类型:WeiXin
 查询条件信息:{"BusinessType":0,"Number":null,"Name":null,"Status":-2,"PublishStatus":-2,"EndTime":-2,"Source":-2,"OrderBy":0,"PageIndex":1,"PageSize":20,"SqlWhere":null,"UserId":1430}
2017-12-23 20:12:22,577 [14] INFO  BaseLog [(null)] - 
请求的url地址：http://www1.chitunion.com/api/media/GetStatistInfo?r=0.4987059053459091
执行的时间:20.0533ms
请求的参数:{"CheckLogin":true}
返回的结果:{"Status":0,"Message":null,"Result":{"UserId":1430,"UserHeadImg":null,"UserName":"masj_03","EarningsPrice":0,"OrderCount":0,"BindingsCount":0},"IsOverdue":null}

2017-12-23 20:12:22,582 [28] INFO  BaseLog [(null)] - 
请求的url地址：http://www1.chitunion.com/api/media/GetBindingsWxList?PageIndex=1&PageSize=20&r=0.48298279815877254
执行的时间:21.0565ms
请求的参数:{"CheckLogin":true,"request":{"BusinessType":0,"Number":null,"Name":null,"Status":-2,"PublishStatus":-2,"EndTime":-2,"Source":-2,"OrderBy":0,"PageIndex":1,"PageSize":20,"SqlWhere":null,"UserId":0}}
返回的结果:{"Status":0,"Message":null,"Result":{"List":[],"TotleCount":0,"Extend":null},"IsOverdue":null}

2017-12-23 20:12:25,007 [32] INFO  BaseLog [(null)] - [IsAuthorized]IsCheckIP=False,IsCheckLogin=True,CheckModuleRight=,用户请求的地址=http://www1.chitunion.com/api/media/GetStatistInfo?r=0.9759380401165594,UrlRefer=http://www1.chitunion.com/manager/media/personal/personalcenter.html
2017-12-23 20:12:25,011 [8] INFO  BaseLog [(null)] - [IsAuthorized]IsCheckIP=False,IsCheckLogin=True,CheckModuleRight=,用户请求的地址=http://www1.chitunion.com/api/media/GetBindingsWxList?PageIndex=1&PageSize=20&r=0.6824094288868235,UrlRefer=http://www1.chitunion.com/manager/media/personal/personalcenter.html
2017-12-23 20:12:25,017 [23] INFO  BaseLog [(null)] - [IsAuthorized]IsCheckIP=False,IsCheckLogin=True,CheckModuleRight=,用户请求的地址=http://www1.chitunion.com/api/Authorize/GetMenuInfo,UrlRefer=http://www1.chitunion.com/manager/media/personal/personalcenter.html
2017-12-23 20:12:25,019 [25] INFO  BaseLog [(null)] - 
请求的url地址：http://www1.chitunion.com/api/media/GetStatistInfo?r=0.9759380401165594
执行的时间:8.0213ms
请求的参数:{"CheckLogin":true}
返回的结果:{"Status":0,"Message":null,"Result":{"UserId":1430,"UserHeadImg":null,"UserName":"masj_03","EarningsPrice":0,"OrderCount":0,"BindingsCount":0},"IsOverdue":null}

2017-12-23 20:12:25,023 [8] INFO  BaseLog [(null)] - 
当前操作类型:WeiXin
 查询条件信息:{"BusinessType":0,"Number":null,"Name":null,"Status":-2,"PublishStatus":-2,"EndTime":-2,"Source":-2,"OrderBy":0,"PageIndex":1,"PageSize":20,"SqlWhere":null,"UserId":1430}
2017-12-23 20:12:25,030 [27] INFO  BaseLog [(null)] - 
请求的url地址：http://www1.chitunion.com/api/media/GetBindingsWxList?PageIndex=1&PageSize=20&r=0.6824094288868235
执行的时间:11.0287ms
请求的参数:{"CheckLogin":true,"request":{"BusinessType":0,"Number":null,"Name":null,"Status":-2,"PublishStatus":-2,"EndTime":-2,"Source":-2,"OrderBy":0,"PageIndex":1,"PageSize":20,"SqlWhere":null,"UserId":0}}
返回的结果:{"Status":0,"Message":null,"Result":{"List":[],"TotleCount":0,"Extend":null},"IsOverdue":null}

2017-12-23 20:12:28,709 [32] INFO  BaseLog [(null)] - [IsAuthorized]IsCheckIP=False,IsCheckLogin=True,CheckModuleRight=,用户请求的地址=http://www1.chitunion.com/api/media/GetStatistInfo?r=0.12457191558754166,UrlRefer=http://www1.chitunion.com/manager/media/personal/personalCenter.html
2017-12-23 20:12:28,720 [29] INFO  BaseLog [(null)] - [IsAuthorized]IsCheckIP=False,IsCheckLogin=True,CheckModuleRight=,用户请求的地址=http://www1.chitunion.com/api/media/GetBindingsWxList?PageIndex=1&PageSize=20&r=0.2451951810102686,UrlRefer=http://www1.chitunion.com/manager/media/personal/personalCenter.html
2017-12-23 20:12:28,727 [23] INFO  BaseLog [(null)] - [IsAuthorized]IsCheckIP=False,IsCheckLogin=True,CheckModuleRight=,用户请求的地址=http://www1.chitunion.com/api/Authorize/GetMenuInfo,UrlRefer=http://www1.chitunion.com/manager/media/personal/personalCenter.html
2017-12-23 20:12:28,805 [29] INFO  BaseLog [(null)] - 
当前操作类型:WeiXin
 查询条件信息:{"BusinessType":0,"Number":null,"Name":null,"Status":-2,"PublishStatus":-2,"EndTime":-2,"Source":-2,"OrderBy":0,"PageIndex":1,"PageSize":20,"SqlWhere":null,"UserId":1430}
2017-12-23 20:12:28,811 [27] INFO  BaseLog [(null)] - 
请求的url地址：http://www1.chitunion.com/api/media/GetBindingsWxList?PageIndex=1&PageSize=20&r=0.2451951810102686
执行的时间:12.0324ms
请求的参数:{"CheckLogin":true,"request":{"BusinessType":0,"Number":null,"Name":null,"Status":-2,"PublishStatus":-2,"EndTime":-2,"Source":-2,"OrderBy":0,"PageIndex":1,"PageSize":20,"SqlWhere":null,"UserId":0}}
返回的结果:{"Status":0,"Message":null,"Result":{"List":[],"TotleCount":0,"Extend":null},"IsOverdue":null}

2017-12-23 20:12:28,814 [25] INFO  BaseLog [(null)] - 
请求的url地址：http://www1.chitunion.com/api/media/GetStatistInfo?r=0.12457191558754166
执行的时间:17.0448ms
请求的参数:{"CheckLogin":true}
返回的结果:{"Status":0,"Message":null,"Result":{"UserId":1430,"UserHeadImg":null,"UserName":"masj_03","EarningsPrice":0,"OrderCount":0,"BindingsCount":0},"IsOverdue":null}

2017-12-23 20:12:29,799 [9] INFO  BaseLog [(null)] - [IsAuthorized]IsCheckIP=False,IsCheckLogin=True,CheckModuleRight=,用户请求的地址=http://www1.chitunion.com/api/SmartSearch/GetSmartSearchList?PageSize=10&PageIndex=1,UrlRefer=http://www1.chitunion.com/manager/advertister/personal/PersonCenter.html
2017-12-23 20:12:29,804 [25] INFO  BaseLog [(null)] - [IsAuthorized]IsCheckIP=False,IsCheckLogin=True,CheckModuleRight=,用户请求的地址=http://www1.chitunion.com/api/Authorize/GetMenuInfo,UrlRefer=http://www1.chitunion.com/manager/advertister/personal/PersonCenter.html
2017-12-23 20:12:29,812 [31] INFO  BaseLog [(null)] - 
请求的url地址：http://www1.chitunion.com/api/SmartSearch/GetSmartSearchList?PageSize=10&PageIndex=1
执行的时间:6.0153ms
请求的参数:{"CheckLogin":true,"query":{"PageIndex":1,"PageSize":10,"Status":0,"Name":null}}
返回的结果:{"Status":-1,"Message":"没有权限","Result":null,"IsOverdue":null}

2017-12-23 20:13:59,557 [31] INFO  BaseLog [(null)] - [IsAuthorized]IsCheckIP=False,IsCheckLogin=False,CheckModuleRight=,用户请求的地址=http://www1.chitunion.com/api/DictInfo/GetDictInfoByTypeID?typeID=93,UrlRefer=http://www1.chitunion.com/manager/media/order/patch-order.html
2017-12-23 20:13:59,766 [29] INFO  BaseLog [(null)] - [IsAuthorized]IsCheckIP=False,IsCheckLogin=True,CheckModuleRight=,用户请求的地址=http://www1.chitunion.com/api/order/GetCoverImageList?PageSize=20&PageIndex=1&OrderName=&OrderStatus=-2,UrlRefer=http://www1.chitunion.com/manager/media/order/patch-order.html
2017-12-23 20:13:59,772 [11] INFO  BaseLog [(null)] - [IsAuthorized]IsCheckIP=False,IsCheckLogin=True,CheckModuleRight=,用户请求的地址=http://www1.chitunion.com/api/Authorize/GetMenuInfo,UrlRefer=http://www1.chitunion.com/manager/media/order/patch-order.html
2017-12-23 20:13:59,784 [29] INFO  BaseLog [(null)] - 
当前操作类型:WeiXin
 查询条件信息:{"OrderName":null,"OrderStatus":-2,"TaskType":-2,"BusinessType":0,"Number":null,"Name":null,"Status":-2,"PublishStatus":-2,"EndTime":-2,"Source":-2,"OrderBy":0,"PageIndex":1,"PageSize":20,"SqlWhere":null,"UserId":1430}
2017-12-23 20:13:59,805 [8] INFO  BaseLog [(null)] - 
请求的url地址：http://www1.chitunion.com/api/order/GetCoverImageList?PageSize=20&PageIndex=1&OrderName=&OrderStatus=-2
执行的时间:21.0562ms
请求的参数:{"CheckLogin":true,"request":{"OrderName":null,"OrderStatus":-2,"TaskType":-2,"BusinessType":0,"Number":null,"Name":null,"Status":-2,"PublishStatus":-2,"EndTime":-2,"Source":-2,"OrderBy":0,"PageIndex":1,"PageSize":20,"SqlWhere":null,"UserId":0}}
返回的结果:{"Status":0,"Message":null,"Result":{"List":[],"TotleCount":0,"Extend":null},"IsOverdue":null}

2017-12-23 20:14:04,682 [34] INFO  BaseLog [(null)] - [IsAuthorized]IsCheckIP=False,IsCheckLogin=True,CheckModuleRight=,用户请求的地址=http://www1.chitunion.com/api/media/GetStatistInfo?r=0.22408291811284964,UrlRefer=http://www1.chitunion.com/manager/media/personal/personalcenter.html
2017-12-23 20:14:04,694 [8] INFO  BaseLog [(null)] - [IsAuthorized]IsCheckIP=False,IsCheckLogin=True,CheckModuleRight=,用户请求的地址=http://www1.chitunion.com/api/media/GetBindingsWxList?PageIndex=1&PageSize=20&r=0.4156953964281519,UrlRefer=http://www1.chitunion.com/manager/media/personal/personalcenter.html
2017-12-23 20:14:04,696 [31] INFO  BaseLog [(null)] - [IsAuthorized]IsCheckIP=False,IsCheckLogin=True,CheckModuleRight=,用户请求的地址=http://www1.chitunion.com/api/Authorize/GetMenuInfo,UrlRefer=http://www1.chitunion.com/manager/media/personal/personalcenter.html
2017-12-23 20:14:04,701 [27] INFO  BaseLog [(null)] - 
请求的url地址：http://www1.chitunion.com/api/media/GetStatistInfo?r=0.22408291811284964
执行的时间:13.0334ms
请求的参数:{"CheckLogin":true}
返回的结果:{"Status":0,"Message":null,"Result":{"UserId":1430,"UserHeadImg":null,"UserName":"masj_03","EarningsPrice":0,"OrderCount":0,"BindingsCount":0},"IsOverdue":null}

2017-12-23 20:14:04,705 [8] INFO  BaseLog [(null)] - 
当前操作类型:WeiXin
 查询条件信息:{"BusinessType":0,"Number":null,"Name":null,"Status":-2,"PublishStatus":-2,"EndTime":-2,"Source":-2,"OrderBy":0,"PageIndex":1,"PageSize":20,"SqlWhere":null,"UserId":1430}
2017-12-23 20:14:04,713 [9] INFO  BaseLog [(null)] - 
请求的url地址：http://www1.chitunion.com/api/media/GetBindingsWxList?PageIndex=1&PageSize=20&r=0.4156953964281519
执行的时间:13.0319ms
请求的参数:{"CheckLogin":true,"request":{"BusinessType":0,"Number":null,"Name":null,"Status":-2,"PublishStatus":-2,"EndTime":-2,"Source":-2,"OrderBy":0,"PageIndex":1,"PageSize":20,"SqlWhere":null,"UserId":0}}
返回的结果:{"Status":0,"Message":null,"Result":{"List":[],"TotleCount":0,"Extend":null},"IsOverdue":null}

2017-12-23 20:14:06,468 [34] INFO  BaseLog [(null)] - [IsAuthorized]IsCheckIP=False,IsCheckLogin=False,CheckModuleRight=,用户请求的地址=http://www1.chitunion.com/api/DictInfo/GetDictInfoByTypeID?typeID=93,UrlRefer=http://www1.chitunion.com/manager/media/order/patch-order.html
2017-12-23 20:14:06,644 [32] INFO  BaseLog [(null)] - [IsAuthorized]IsCheckIP=False,IsCheckLogin=True,CheckModuleRight=,用户请求的地址=http://www1.chitunion.com/api/Authorize/GetMenuInfo,UrlRefer=http://www1.chitunion.com/manager/media/order/patch-order.html
2017-12-23 20:14:06,644 [8] INFO  BaseLog [(null)] - [IsAuthorized]IsCheckIP=False,IsCheckLogin=True,CheckModuleRight=,用户请求的地址=http://www1.chitunion.com/api/order/GetCoverImageList?PageSize=20&PageIndex=1&OrderName=&OrderStatus=-2,UrlRefer=http://www1.chitunion.com/manager/media/order/patch-order.html
2017-12-23 20:14:06,656 [8] INFO  BaseLog [(null)] - 
当前操作类型:WeiXin
 查询条件信息:{"OrderName":null,"OrderStatus":-2,"TaskType":-2,"BusinessType":0,"Number":null,"Name":null,"Status":-2,"PublishStatus":-2,"EndTime":-2,"Source":-2,"OrderBy":0,"PageIndex":1,"PageSize":20,"SqlWhere":null,"UserId":1430}
2017-12-23 20:14:06,661 [32] INFO  BaseLog [(null)] - 
请求的url地址：http://www1.chitunion.com/api/order/GetCoverImageList?PageSize=20&PageIndex=1&OrderName=&OrderStatus=-2
执行的时间:8.0213ms
请求的参数:{"CheckLogin":true,"request":{"OrderName":null,"OrderStatus":-2,"TaskType":-2,"BusinessType":0,"Number":null,"Name":null,"Status":-2,"PublishStatus":-2,"EndTime":-2,"Source":-2,"OrderBy":0,"PageIndex":1,"PageSize":20,"SqlWhere":null,"UserId":0}}
返回的结果:{"Status":0,"Message":null,"Result":{"List":[],"TotleCount":0,"Extend":null},"IsOverdue":null}

2017-12-23 20:14:10,276 [8] INFO  BaseLog [(null)] - [IsAuthorized]IsCheckIP=False,IsCheckLogin=False,CheckModuleRight=,用户请求的地址=http://www1.chitunion.com/api/DictInfo/GetDictInfoByTypeID?typeID=93,UrlRefer=http://www1.chitunion.com/manager/media/order/patch-order.html
2017-12-23 20:14:10,593 [30] INFO  BaseLog [(null)] - [IsAuthorized]IsCheckIP=False,IsCheckLogin=True,CheckModuleRight=,用户请求的地址=http://www1.chitunion.com/api/order/GetCoverImageList?PageSize=20&PageIndex=1&OrderName=&OrderStatus=-2,UrlRefer=http://www1.chitunion.com/manager/media/order/patch-order.html
2017-12-23 20:14:10,597 [31] INFO  BaseLog [(null)] - [IsAuthorized]IsCheckIP=False,IsCheckLogin=True,CheckModuleRight=,用户请求的地址=http://www1.chitunion.com/api/Authorize/GetMenuInfo,UrlRefer=http://www1.chitunion.com/manager/media/order/patch-order.html
2017-12-23 20:14:10,603 [30] INFO  BaseLog [(null)] - 
当前操作类型:WeiXin
 查询条件信息:{"OrderName":null,"OrderStatus":-2,"TaskType":-2,"BusinessType":0,"Number":null,"Name":null,"Status":-2,"PublishStatus":-2,"EndTime":-2,"Source":-2,"OrderBy":0,"PageIndex":1,"PageSize":20,"SqlWhere":null,"UserId":1430}
2017-12-23 20:14:10,609 [9] INFO  BaseLog [(null)] - 
请求的url地址：http://www1.chitunion.com/api/order/GetCoverImageList?PageSize=20&PageIndex=1&OrderName=&OrderStatus=-2
执行的时间:11.0292ms
请求的参数:{"CheckLogin":true,"request":{"OrderName":null,"OrderStatus":-2,"TaskType":-2,"BusinessType":0,"Number":null,"Name":null,"Status":-2,"PublishStatus":-2,"EndTime":-2,"Source":-2,"OrderBy":0,"PageIndex":1,"PageSize":20,"SqlWhere":null,"UserId":0}}
返回的结果:{"Status":0,"Message":null,"Result":{"List":[],"TotleCount":0,"Extend":null},"IsOverdue":null}

2017-12-23 20:14:14,958 [8] INFO  BaseLog [(null)] - [IsAuthorized]IsCheckIP=False,IsCheckLogin=True,CheckModuleRight=,用户请求的地址=http://www1.chitunion.com/api/UserMange/QueryUserBasicInfo?UserID=1430&r=0.9270107904534451,UrlRefer=http://www1.chitunion.com/manager/advertister/account/accountmanage.html
2017-12-23 20:14:14,978 [11] INFO  BaseLog [(null)] - [IsAuthorized]IsCheckIP=False,IsCheckLogin=True,CheckModuleRight=,用户请求的地址=http://www1.chitunion.com/api/Authorize/GetMenuInfo,UrlRefer=http://www1.chitunion.com/manager/advertister/account/accountmanage.html
2017-12-23 20:14:15,075 [9] INFO  BaseLog [(null)] - 
请求的url地址：http://www1.chitunion.com/api/UserMange/QueryUserBasicInfo?UserID=1430&r=0.9270107904534451
执行的时间:108.2895ms
请求的参数:{"CheckLogin":true,"req":{"UserID":1430}}
返回的结果:{"Status":0,"Message":"OK","Result":{"BasicInfo":{"Category":29002,"UserName":"masj_03","Mobile":"13240110346","ProvinceID":-2,"CityID":-2,"Address":""},"AuthenticationInfo":null,"BankAccountInfo":null},"IsOverdue":null}

2017-12-23 20:14:21,168 [30] INFO  BaseLog [(null)] - [IsAuthorized]IsCheckIP=False,IsCheckLogin=True,CheckModuleRight=,用户请求的地址=http://www1.chitunion.com/api/media/GetStatistInfo?r=0.23635017282933224,UrlRefer=http://www1.chitunion.com/manager/media/personal/personalCenter.html
2017-12-23 20:14:21,174 [31] INFO  BaseLog [(null)] - [IsAuthorized]IsCheckIP=False,IsCheckLogin=True,CheckModuleRight=,用户请求的地址=http://www1.chitunion.com/api/media/GetBindingsWxList?PageIndex=1&PageSize=20&r=0.20156093593069635,UrlRefer=http://www1.chitunion.com/manager/media/personal/personalCenter.html
2017-12-23 20:14:21,180 [30] INFO  BaseLog [(null)] - 
请求的url地址：http://www1.chitunion.com/api/media/GetStatistInfo?r=0.23635017282933224
执行的时间:7.0178ms
请求的参数:{"CheckLogin":true}
返回的结果:{"Status":0,"Message":null,"Result":{"UserId":1430,"UserHeadImg":null,"UserName":"masj_03","EarningsPrice":0,"OrderCount":0,"BindingsCount":0},"IsOverdue":null}

2017-12-23 20:14:21,182 [29] INFO  BaseLog [(null)] - [IsAuthorized]IsCheckIP=False,IsCheckLogin=True,CheckModuleRight=,用户请求的地址=http://www1.chitunion.com/api/Authorize/GetMenuInfo,UrlRefer=http://www1.chitunion.com/manager/media/personal/personalCenter.html
2017-12-23 20:14:21,186 [31] INFO  BaseLog [(null)] - 
当前操作类型:WeiXin
 查询条件信息:{"BusinessType":0,"Number":null,"Name":null,"Status":-2,"PublishStatus":-2,"EndTime":-2,"Source":-2,"OrderBy":0,"PageIndex":1,"PageSize":20,"SqlWhere":null,"UserId":1430}
2017-12-23 20:14:21,193 [13] INFO  BaseLog [(null)] - 
请求的url地址：http://www1.chitunion.com/api/media/GetBindingsWxList?PageIndex=1&PageSize=20&r=0.20156093593069635
执行的时间:11.0302ms
请求的参数:{"CheckLogin":true,"request":{"BusinessType":0,"Number":null,"Name":null,"Status":-2,"PublishStatus":-2,"EndTime":-2,"Source":-2,"OrderBy":0,"PageIndex":1,"PageSize":20,"SqlWhere":null,"UserId":0}}
返回的结果:{"Status":0,"Message":null,"Result":{"List":[],"TotleCount":0,"Extend":null},"IsOverdue":null}

2017-12-23 20:29:11,102 [36] INFO  BaseLog [(null)] - [IsAuthorized]IsCheckIP=False,IsCheckLogin=False,CheckModuleRight=,用户请求的地址=http://www1.chitunion.com/api/DictInfo/GetDictInfoByTypeID?typeID=20,UrlRefer=http://www1.chitunion.com/static/advertister/sort_list.html
2017-12-23 20:29:11,102 [38] INFO  BaseLog [(null)] - [IsAuthorized]IsCheckIP=False,IsCheckLogin=True,CheckModuleRight=,用户请求的地址=http://www1.chitunion.com/api/MediaMatching/GetCartCount,UrlRefer=http://www1.chitunion.com/static/advertister/sort_list.html
2017-12-23 20:29:11,126 [38] INFO  BaseLog [(null)] - [AuthorizedResult]用户验证失败,CheckLogin=False
2017-12-23 20:29:11,249 [26] INFO  BaseLog [(null)] - [IsAuthorized]IsCheckIP=False,IsCheckLogin=False,CheckModuleRight=,用户请求的地址=http://www1.chitunion.com/api/MediaMatching/GetMediaMatchingList?ListType=wx_list&keyword=&PageIndex=1&PageSize=20&CategoryID=-1&MaxFansCount=-1&MinFansCount=-1&MaxPrice=-1&MinPrice=-1&ProvinceID=-1&CityID=-1&ADPositionID=-1&ReferenceType=-1&SortField=-1&SortIndex=-1,UrlRefer=http://www1.chitunion.com/static/advertister/sort_list.html
2017-12-23 20:29:11,325 [38] INFO  BaseLog [(null)] - 
请求的url地址：http://www1.chitunion.com/api/MediaMatching/GetMediaMatchingList?ListType=wx_list&keyword=&PageIndex=1&PageSize=20&CategoryID=-1&MaxFansCount=-1&MinFansCount=-1&MaxPrice=-1&MinPrice=-1&ProvinceID=-1&CityID=-1&ADPositionID=-1&ReferenceType=-1&SortField=-1&SortIndex=-1
执行的时间:21.0562ms
请求的参数:{"queryArgs":{"Keyword":null,"ListType":"wx_list","PageIndex":1,"PageSize":20,"CategoryID":-1,"MaxFansCount":-1,"MinFansCount":-1,"MaxPrice":-1,"MinPrice":-1,"ProvinceID":-1,"CityID":-1,"ADPositionID":-1,"ReferenceType":-1,"SortField":-1,"SortIndex":-1}}
返回的结果:{"Status":0,"Message":"OK","Result":{"WeiXinList":{"List":[],"TotalCount":0}},"IsOverdue":null}

2017-12-23 20:30:18,140 [20] INFO  BaseLog [(null)] - [IsAuthorized]IsCheckIP=False,IsCheckLogin=False,CheckModuleRight=,用户请求的地址=http://www1.chitunion.com/api/DictInfo/GetDictInfoByTypeID?typeID=93,UrlRefer=http://www1.chitunion.com/manager/media/order/patch-order.html
2017-12-23 20:30:18,163 [21] INFO  BaseLog [(null)] - [IsAuthorized]IsCheckIP=False,IsCheckLogin=True,CheckModuleRight=,用户请求的地址=http://www1.chitunion.com/api/order/GetCoverImageList?PageSize=20&PageIndex=1&OrderName=&OrderStatus=-2,UrlRefer=http://www1.chitunion.com/manager/media/order/patch-order.html
2017-12-23 20:30:18,183 [21] INFO  BaseLog [(null)] - 
当前操作类型:WeiXin
 查询条件信息:{"OrderName":null,"OrderStatus":-2,"TaskType":-2,"BusinessType":0,"Number":null,"Name":null,"Status":-2,"PublishStatus":-2,"EndTime":-2,"Source":-2,"OrderBy":0,"PageIndex":1,"PageSize":20,"SqlWhere":null,"UserId":1409}
2017-12-23 20:30:18,205 [18] INFO  BaseLog [(null)] - 
请求的url地址：http://www1.chitunion.com/api/order/GetCoverImageList?PageSize=20&PageIndex=1&OrderName=&OrderStatus=-2
执行的时间:18.0476ms
请求的参数:{"CheckLogin":true,"request":{"OrderName":null,"OrderStatus":-2,"TaskType":-2,"BusinessType":0,"Number":null,"Name":null,"Status":-2,"PublishStatus":-2,"EndTime":-2,"Source":-2,"OrderBy":0,"PageIndex":1,"PageSize":20,"SqlWhere":null,"UserId":0}}
返回的结果:{"Status":0,"Message":null,"Result":{"List":[{"MediaName":null,"OrderId":10,"OrderName":"不用刨冰机，只要一把叉子就能在家做芋圆红豆冰沙！","BillingRuleName":"0.7元/CPC + 10元/CPL","TotalAmount":0.00,"OrderStatus":"进行中","ReceiveTime":"0001-01-01 00:00:00"},{"MediaName":null,"OrderId":9,"OrderName":"一个酷炫的黑科技装置 是怎样一步步变身为互撩神器的","BillingRuleName":"0.7元/CPC + 10元/CPL","TotalAmount":0.00,"OrderStatus":"进行中","ReceiveTime":"0001-01-01 00:00:00"}],"TotleCount":2,"Extend":null},"IsOverdue":null}

2017-12-23 20:30:23,471 [38] INFO  BaseLog [(null)] - [IsAuthorized]IsCheckIP=False,IsCheckLogin=False,CheckModuleRight=,用户请求的地址=http://www1.chitunion.com/api/DictInfo/GetDictInfoByTypeID?typeID=6,UrlRefer=http://www1.chitunion.com/static/advertister/sort_list.html
2017-12-23 20:30:23,480 [44] INFO  BaseLog [(null)] - [IsAuthorized]IsCheckIP=False,IsCheckLogin=False,CheckModuleRight=,用户请求的地址=http://www1.chitunion.com/api/DictInfo/GetDictInfoByTypeID?typeID=20,UrlRefer=http://www1.chitunion.com/static/advertister/sort_list.html
2017-12-23 20:30:23,497 [33] INFO  BaseLog [(null)] - [IsAuthorized]IsCheckIP=False,IsCheckLogin=False,CheckModuleRight=,用户请求的地址=http://www1.chitunion.com/api/MediaMatching/GetMediaMatchingList?ListType=wx_list&keyword=&PageIndex=1&PageSize=20&CategoryID=-1&MaxFansCount=-1&MinFansCount=-1&MaxPrice=-1&MinPrice=-1&ProvinceID=-1&CityID=-1&ADPositionID=-1&ReferenceType=-1&SortField=-1&SortIndex=-1,UrlRefer=http://www1.chitunion.com/static/advertister/sort_list.html
2017-12-23 20:30:23,498 [21] INFO  BaseLog [(null)] - 
请求的url地址：http://www1.chitunion.com/api/MediaMatching/GetMediaMatchingList?ListType=wx_list&keyword=&PageIndex=1&PageSize=20&CategoryID=-1&MaxFansCount=-1&MinFansCount=-1&MaxPrice=-1&MinPrice=-1&ProvinceID=-1&CityID=-1&ADPositionID=-1&ReferenceType=-1&SortField=-1&SortIndex=-1
执行的时间:0ms
请求的参数:{"queryArgs":{"Keyword":null,"ListType":"wx_list","PageIndex":1,"PageSize":20,"CategoryID":-1,"MaxFansCount":-1,"MinFansCount":-1,"MaxPrice":-1,"MinPrice":-1,"ProvinceID":-1,"CityID":-1,"ADPositionID":-1,"ReferenceType":-1,"SortField":-1,"SortIndex":-1}}
返回的结果:{"Status":0,"Message":"OK","Result":{"WeiXinList":{"List":[],"TotalCount":0}},"IsOverdue":null}

2017-12-23 20:30:27,653 [38] INFO  BaseLog [(null)] - [IsAuthorized]IsCheckIP=False,IsCheckLogin=False,CheckModuleRight=,用户请求的地址=http://www1.chitunion.com/api/MediaMatching/GetMediaMatchingList?ListType=wx_list&keyword=&PageIndex=1&PageSize=20&CategoryID=20009&MaxFansCount=-1&MinFansCount=-1&MaxPrice=-1&MinPrice=-1&ProvinceID=-1&CityID=-1&ADPositionID=-1&ReferenceType=-1&SortField=-1&SortIndex=-1,UrlRefer=http://www1.chitunion.com/static/advertister/sort_list.html
2017-12-23 20:30:27,655 [36] INFO  BaseLog [(null)] - 
请求的url地址：http://www1.chitunion.com/api/MediaMatching/GetMediaMatchingList?ListType=wx_list&keyword=&PageIndex=1&PageSize=20&CategoryID=20009&MaxFansCount=-1&MinFansCount=-1&MaxPrice=-1&MinPrice=-1&ProvinceID=-1&CityID=-1&ADPositionID=-1&ReferenceType=-1&SortField=-1&SortIndex=-1
执行的时间:0ms
请求的参数:{"queryArgs":{"Keyword":null,"ListType":"wx_list","PageIndex":1,"PageSize":20,"CategoryID":20009,"MaxFansCount":-1,"MinFansCount":-1,"MaxPrice":-1,"MinPrice":-1,"ProvinceID":-1,"CityID":-1,"ADPositionID":-1,"ReferenceType":-1,"SortField":-1,"SortIndex":-1}}
返回的结果:{"Status":0,"Message":"OK","Result":{"WeiXinList":{"List":[],"TotalCount":0}},"IsOverdue":null}

2017-12-23 20:30:27,898 [39] INFO  BaseLog [(null)] - [IsAuthorized]IsCheckIP=False,IsCheckLogin=False,CheckModuleRight=,用户请求的地址=http://www1.chitunion.com/api/MediaMatching/GetMediaMatchingList?ListType=wx_list&keyword=&PageIndex=1&PageSize=20&CategoryID=20009&MaxFansCount=-1&MinFansCount=-1&MaxPrice=-1&MinPrice=-1&ProvinceID=-1&CityID=-1&ADPositionID=-1&ReferenceType=-1&SortField=-1&SortIndex=-1,UrlRefer=http://www1.chitunion.com/static/advertister/sort_list.html
2017-12-23 20:30:27,899 [18] INFO  BaseLog [(null)] - 
请求的url地址：http://www1.chitunion.com/api/MediaMatching/GetMediaMatchingList?ListType=wx_list&keyword=&PageIndex=1&PageSize=20&CategoryID=20009&MaxFansCount=-1&MinFansCount=-1&MaxPrice=-1&MinPrice=-1&ProvinceID=-1&CityID=-1&ADPositionID=-1&ReferenceType=-1&SortField=-1&SortIndex=-1
执行的时间:0.9985ms
请求的参数:{"queryArgs":{"Keyword":null,"ListType":"wx_list","PageIndex":1,"PageSize":20,"CategoryID":20009,"MaxFansCount":-1,"MinFansCount":-1,"MaxPrice":-1,"MinPrice":-1,"ProvinceID":-1,"CityID":-1,"ADPositionID":-1,"ReferenceType":-1,"SortField":-1,"SortIndex":-1}}
返回的结果:{"Status":0,"Message":"OK","Result":{"WeiXinList":{"List":[],"TotalCount":0}},"IsOverdue":null}

2017-12-23 20:30:28,306 [38] INFO  BaseLog [(null)] - [IsAuthorized]IsCheckIP=False,IsCheckLogin=False,CheckModuleRight=,用户请求的地址=http://www1.chitunion.com/api/MediaMatching/GetMediaMatchingList?ListType=wx_list&keyword=&PageIndex=1&PageSize=20&CategoryID=20022&MaxFansCount=-1&MinFansCount=-1&MaxPrice=-1&MinPrice=-1&ProvinceID=-1&CityID=-1&ADPositionID=-1&ReferenceType=-1&SortField=-1&SortIndex=-1,UrlRefer=http://www1.chitunion.com/static/advertister/sort_list.html
2017-12-23 20:30:28,307 [26] INFO  BaseLog [(null)] - 
请求的url地址：http://www1.chitunion.com/api/MediaMatching/GetMediaMatchingList?ListType=wx_list&keyword=&PageIndex=1&PageSize=20&CategoryID=20022&MaxFansCount=-1&MinFansCount=-1&MaxPrice=-1&MinPrice=-1&ProvinceID=-1&CityID=-1&ADPositionID=-1&ReferenceType=-1&SortField=-1&SortIndex=-1
执行的时间:0ms
请求的参数:{"queryArgs":{"Keyword":null,"ListType":"wx_list","PageIndex":1,"PageSize":20,"CategoryID":20022,"MaxFansCount":-1,"MinFansCount":-1,"MaxPrice":-1,"MinPrice":-1,"ProvinceID":-1,"CityID":-1,"ADPositionID":-1,"ReferenceType":-1,"SortField":-1,"SortIndex":-1}}
返回的结果:{"Status":0,"Message":"OK","Result":{"WeiXinList":{"List":[],"TotalCount":0}},"IsOverdue":null}

2017-12-23 20:30:28,723 [20] INFO  BaseLog [(null)] - [IsAuthorized]IsCheckIP=False,IsCheckLogin=False,CheckModuleRight=,用户请求的地址=http://www1.chitunion.com/api/MediaMatching/GetMediaMatchingList?ListType=wx_list&keyword=&PageIndex=1&PageSize=20&CategoryID=20005&MaxFansCount=-1&MinFansCount=-1&MaxPrice=-1&MinPrice=-1&ProvinceID=-1&CityID=-1&ADPositionID=-1&ReferenceType=-1&SortField=-1&SortIndex=-1,UrlRefer=http://www1.chitunion.com/static/advertister/sort_list.html
2017-12-23 20:30:28,725 [39] INFO  BaseLog [(null)] - 
请求的url地址：http://www1.chitunion.com/api/MediaMatching/GetMediaMatchingList?ListType=wx_list&keyword=&PageIndex=1&PageSize=20&CategoryID=20005&MaxFansCount=-1&MinFansCount=-1&MaxPrice=-1&MinPrice=-1&ProvinceID=-1&CityID=-1&ADPositionID=-1&ReferenceType=-1&SortField=-1&SortIndex=-1
执行的时间:1.0091ms
请求的参数:{"queryArgs":{"Keyword":null,"ListType":"wx_list","PageIndex":1,"PageSize":20,"CategoryID":20005,"MaxFansCount":-1,"MinFansCount":-1,"MaxPrice":-1,"MinPrice":-1,"ProvinceID":-1,"CityID":-1,"ADPositionID":-1,"ReferenceType":-1,"SortField":-1,"SortIndex":-1}}
返回的结果:{"Status":0,"Message":"OK","Result":{"WeiXinList":{"List":[],"TotalCount":0}},"IsOverdue":null}

2017-12-23 20:30:30,618 [36] INFO  BaseLog [(null)] - [IsAuthorized]IsCheckIP=False,IsCheckLogin=False,CheckModuleRight=,用户请求的地址=http://www1.chitunion.com/api/DictInfo/GetDictInfoByTypeID?typeID=91,UrlRefer=http://www1.chitunion.com/static/advertister/sort_list.html
2017-12-23 20:30:30,629 [42] INFO  BaseLog [(null)] - [IsAuthorized]IsCheckIP=False,IsCheckLogin=False,CheckModuleRight=,用户请求的地址=http://www1.chitunion.com/api/MediaMatching/GetMediaMatchingList?ListType=wb_list&keyword=&PageIndex=1&PageSize=20&CategoryID=-1&MaxFansCount=-1&MinFansCount=-1&MaxPrice=-1&MinPrice=-1&ProvinceID=-1&CityID=-1&ADPositionID=-1&ReferenceType=-1&SortField=-1&SortIndex=-1,UrlRefer=http://www1.chitunion.com/static/advertister/sort_list.html
2017-12-23 20:30:30,643 [33] INFO  BaseLog [(null)] - 
请求的url地址：http://www1.chitunion.com/api/MediaMatching/GetMediaMatchingList?ListType=wb_list&keyword=&PageIndex=1&PageSize=20&CategoryID=-1&MaxFansCount=-1&MinFansCount=-1&MaxPrice=-1&MinPrice=-1&ProvinceID=-1&CityID=-1&ADPositionID=-1&ReferenceType=-1&SortField=-1&SortIndex=-1
执行的时间:4.0117ms
请求的参数:{"queryArgs":{"Keyword":null,"ListType":"wb_list","PageIndex":1,"PageSize":20,"CategoryID":-1,"MaxFansCount":-1,"MinFansCount":-1,"MaxPrice":-1,"MinPrice":-1,"ProvinceID":-1,"CityID":-1,"ADPositionID":-1,"ReferenceType":-1,"SortField":-1,"SortIndex":-1}}
返回的结果:{"Status":0,"Message":"OK","Result":{"WeiBoList":{"List":[],"TotalCount":0}},"IsOverdue":null}

2017-12-23 20:30:31,759 [44] INFO  BaseLog [(null)] - [IsAuthorized]IsCheckIP=False,IsCheckLogin=False,CheckModuleRight=,用户请求的地址=http://www1.chitunion.com/api/MediaMatching/GetMediaMatchingList?ListType=wb_list&keyword=&PageIndex=1&PageSize=20&CategoryID=-1&MaxFansCount=-1&MinFansCount=-1&MaxPrice=-1&MinPrice=-1&ProvinceID=-1&CityID=-1&ADPositionID=-1&ReferenceType=-1&SortField=-1&SortIndex=-1,UrlRefer=http://www1.chitunion.com/static/advertister/sort_list.html
2017-12-23 20:30:31,760 [20] INFO  BaseLog [(null)] - 
请求的url地址：http://www1.chitunion.com/api/MediaMatching/GetMediaMatchingList?ListType=wb_list&keyword=&PageIndex=1&PageSize=20&CategoryID=-1&MaxFansCount=-1&MinFansCount=-1&MaxPrice=-1&MinPrice=-1&ProvinceID=-1&CityID=-1&ADPositionID=-1&ReferenceType=-1&SortField=-1&SortIndex=-1
执行的时间:0ms
请求的参数:{"queryArgs":{"Keyword":null,"ListType":"wb_list","PageIndex":1,"PageSize":20,"CategoryID":-1,"MaxFansCount":-1,"MinFansCount":-1,"MaxPrice":-1,"MinPrice":-1,"ProvinceID":-1,"CityID":-1,"ADPositionID":-1,"ReferenceType":-1,"SortField":-1,"SortIndex":-1}}
返回的结果:{"Status":0,"Message":"OK","Result":{"WeiBoList":{"List":[],"TotalCount":0}},"IsOverdue":null}

2017-12-23 20:30:33,035 [37] INFO  BaseLog [(null)] - [IsAuthorized]IsCheckIP=False,IsCheckLogin=False,CheckModuleRight=,用户请求的地址=http://www1.chitunion.com/api/DictInfo/GetDictInfoByTypeID?typeID=22,UrlRefer=http://www1.chitunion.com/static/advertister/sort_list.html
2017-12-23 20:30:33,046 [39] INFO  BaseLog [(null)] - [IsAuthorized]IsCheckIP=False,IsCheckLogin=False,CheckModuleRight=,用户请求的地址=http://www1.chitunion.com/api/MediaMatching/GetMediaMatchingList?ListType=app_list&keyword=&PageIndex=1&PageSize=20&CategoryID=-1&MaxFansCount=-1&MinFansCount=-1&MaxPrice=-1&MinPrice=-1&ProvinceID=-1&CityID=-1&ADPositionID=-1&ReferenceType=-1&SortField=-1&SortIndex=-1,UrlRefer=http://www1.chitunion.com/static/advertister/sort_list.html
2017-12-23 20:30:33,047 [43] INFO  BaseLog [(null)] - 
请求的url地址：http://www1.chitunion.com/api/MediaMatching/GetMediaMatchingList?ListType=app_list&keyword=&PageIndex=1&PageSize=20&CategoryID=-1&MaxFansCount=-1&MinFansCount=-1&MaxPrice=-1&MinPrice=-1&ProvinceID=-1&CityID=-1&ADPositionID=-1&ReferenceType=-1&SortField=-1&SortIndex=-1
执行的时间:1.0047ms
请求的参数:{"queryArgs":{"Keyword":null,"ListType":"app_list","PageIndex":1,"PageSize":20,"CategoryID":-1,"MaxFansCount":-1,"MinFansCount":-1,"MaxPrice":-1,"MinPrice":-1,"ProvinceID":-1,"CityID":-1,"ADPositionID":-1,"ReferenceType":-1,"SortField":-1,"SortIndex":-1}}
返回的结果:

2017-12-23 20:30:33,079 [39] ERROR BaseLog [(null)] - Chitunion_WebApi――异常
System.NullReferenceException: 未将对象引用设置到对象的实例。
   在 XYAuto.ITSC.Chitunion2017.BLL.ChituMedia.MediaBll.GetAppList(MediaQueryArgs queryArgs) 位置 D:\GitRoot（C）\A5信息系统研发\销售业务管理平台\赤兔联盟系统\XYAuto.ITSC.Chitunion2017.BLL\ChituMedia\MediaBll.cs:行号 572
   在 XYAuto.ITSC.Chitunion2017.BLL.ChituMedia.MediaBll.<GetMediaMatchingList>b__7_2(MediaQueryArgs m) 位置 D:\GitRoot（C）\A5信息系统研发\销售业务管理平台\赤兔联盟系统\XYAuto.ITSC.Chitunion2017.BLL\ChituMedia\MediaBll.cs:行号 82
   在 XYAuto.ITSC.Chitunion2017.BLL.ChituMedia.MediaBll.GetMediaMatchingList(MediaQueryArgs queryArgs) 位置 D:\GitRoot（C）\A5信息系统研发\销售业务管理平台\赤兔联盟系统\XYAuto.ITSC.Chitunion2017.BLL\ChituMedia\MediaBll.cs:行号 92
   在 XYAuto.BUOC.Chitunion2017.NewWebAPI.Controllers.MediaMatchingController.GetMediaMatchingList(MediaQueryArgs queryArgs) 位置 D:\GitRoot（C）\A5信息系统研发\销售业务管理平台\赤兔联盟系统\XYAuto.BUOC.Chitunion2017.NewWebAPI\Controllers\MediaMatchingController.cs:行号 28
   在 lambda_method(Closure , Object , Object[] )
   在 System.Web.Http.Controllers.ReflectedHttpActionDescriptor.ActionExecutor.<>c__DisplayClass10.<GetExecutor>b__9(Object instance, Object[] methodParameters)
   在 System.Web.Http.Controllers.ReflectedHttpActionDescriptor.ActionExecutor.Execute(Object instance, Object[] arguments)
   在 System.Web.Http.Controllers.ReflectedHttpActionDescriptor.ExecuteAsync(HttpControllerContext controllerContext, IDictionary`2 arguments, CancellationToken cancellationToken)
--- 引发异常的上一位置中堆栈跟踪的末尾 ---
   在 System.Runtime.CompilerServices.TaskAwaiter.ThrowForNonSuccess(Task task)
   在 System.Runtime.CompilerServices.TaskAwaiter.HandleNonSuccessAndDebuggerNotification(Task task)
   在 System.Web.Http.Controllers.ApiControllerActionInvoker.<InvokeActionAsyncCore>d__0.MoveNext()
--- 引发异常的上一位置中堆栈跟踪的末尾 ---
   在 System.Runtime.CompilerServices.TaskAwaiter.ThrowForNonSuccess(Task task)
   在 System.Runtime.CompilerServices.TaskAwaiter.HandleNonSuccessAndDebuggerNotification(Task task)
   在 System.Web.Http.Filters.ActionFilterAttribute.<CallOnActionExecutedAsync>d__5.MoveNext()
--- 引发异常的上一位置中堆栈跟踪的末尾 ---
   在 System.Web.Http.Filters.ActionFilterAttribute.<CallOnActionExecutedAsync>d__5.MoveNext()
--- 引发异常的上一位置中堆栈跟踪的末尾 ---
   在 System.Runtime.CompilerServices.TaskAwaiter.ThrowForNonSuccess(Task task)
   在 System.Runtime.CompilerServices.TaskAwaiter.HandleNonSuccessAndDebuggerNotification(Task task)
   在 System.Web.Http.Filters.ActionFilterAttribute.<ExecuteActionFilterAsyncCore>d__0.MoveNext()
--- 引发异常的上一位置中堆栈跟踪的末尾 ---
   在 System.Runtime.CompilerServices.TaskAwaiter.ThrowForNonSuccess(Task task)
   在 System.Runtime.CompilerServices.TaskAwaiter.HandleNonSuccessAndDebuggerNotification(Task task)
   在 System.Web.Http.Filters.ActionFilterAttribute.<CallOnActionExecutedAsync>d__5.MoveNext()
--- 引发异常的上一位置中堆栈跟踪的末尾 ---
   在 System.Web.Http.Filters.ActionFilterAttribute.<CallOnActionExecutedAsync>d__5.MoveNext()
--- 引发异常的上一位置中堆栈跟踪的末尾 ---
   在 System.Runtime.CompilerServices.TaskAwaiter.ThrowForNonSuccess(Task task)
   在 System.Runtime.CompilerServices.TaskAwaiter.HandleNonSuccessAndDebuggerNotification(Task task)
   在 System.Web.Http.Filters.ActionFilterAttribute.<ExecuteActionFilterAsyncCore>d__0.MoveNext()
--- 引发异常的上一位置中堆栈跟踪的末尾 ---
   在 System.Runtime.CompilerServices.TaskAwaiter.ThrowForNonSuccess(Task task)
   在 System.Runtime.CompilerServices.TaskAwaiter.HandleNonSuccessAndDebuggerNotification(Task task)
   在 System.Web.Http.Filters.ActionFilterAttribute.<CallOnActionExecutedAsync>d__5.MoveNext()
--- 引发异常的上一位置中堆栈跟踪的末尾 ---
   在 System.Web.Http.Filters.ActionFilterAttribute.<CallOnActionExecutedAsync>d__5.MoveNext()
--- 引发异常的上一位置中堆栈跟踪的末尾 ---
   在 System.Runtime.CompilerServices.TaskAwaiter.ThrowForNonSuccess(Task task)
   在 System.Runtime.CompilerServices.TaskAwaiter.HandleNonSuccessAndDebuggerNotification(Task task)
   在 System.Web.Http.Filters.ActionFilterAttribute.<ExecuteActionFilterAsyncCore>d__0.MoveNext()
--- 引发异常的上一位置中堆栈跟踪的末尾 ---
   在 System.Runtime.CompilerServices.TaskAwaiter.ThrowForNonSuccess(Task task)
   在 System.Runtime.CompilerServices.TaskAwaiter.HandleNonSuccessAndDebuggerNotification(Task task)
   在 System.Web.Http.Controllers.ActionFilterResult.<ExecuteAsync>d__2.MoveNext()
--- 引发异常的上一位置中堆栈跟踪的末尾 ---
   在 System.Runtime.CompilerServices.TaskAwaiter.ThrowForNonSuccess(Task task)
   在 System.Runtime.CompilerServices.TaskAwaiter.HandleNonSuccessAndDebuggerNotification(Task task)
   在 System.Web.Http.Filters.AuthorizationFilterAttribute.<ExecuteAuthorizationFilterAsyncCore>d__2.MoveNext()
--- 引发异常的上一位置中堆栈跟踪的末尾 ---
   在 System.Runtime.CompilerServices.TaskAwaiter.ThrowForNonSuccess(Task task)
   在 System.Runtime.CompilerServices.TaskAwaiter.HandleNonSuccessAndDebuggerNotification(Task task)
   在 System.Web.Http.Controllers.ExceptionFilterResult.<ExecuteAsync>d__0.MoveNext()
2017-12-23 20:30:33,088 [39] INFO  BaseLog [(null)] - 发邮件开始：
2017-12-23 20:30:33,115 [39] INFO  BaseLog [(null)] - 发送邮件给谁:masj@xingyuanauto.com
2017-12-23 20:30:33,115 [39] INFO  BaseLog [(null)] - 发送邮件给谁:lix@xingyuanauto.com
2017-12-23 20:30:33,115 [39] INFO  BaseLog [(null)] - 发送邮件给谁:hant@xingyuanauto.com
2017-12-23 20:30:33,115 [39] INFO  BaseLog [(null)] - 发送邮件给谁:lihf@xingyuanauto.com
2017-12-23 20:30:33,115 [39] INFO  BaseLog [(null)] - 发送邮件给谁:zhanglb@xingyuanauto.com
2017-12-23 20:30:33,115 [39] INFO  BaseLog [(null)] - 发送邮件给谁:zhangjl@xingyuanauto.com
2017-12-23 20:30:33,117 [39] ERROR BaseLog [(null)] - 发邮件失败: 
System.IO.DirectoryNotFoundException: 未能找到路径“D:\GitRoot（C）\A5信息系统研发\销售业务管理平台\赤兔联盟系统\XYAuto.BUOC.Chitunion2017.NewWebAPI\MailTemplat\mailSysError.html”的一部分。
   在 System.IO.__Error.WinIOError(Int32 errorCode, String maybeFullPath)
   在 System.IO.FileStream.Init(String path, FileMode mode, FileAccess access, Int32 rights, Boolean useRights, FileShare share, Int32 bufferSize, FileOptions options, SECURITY_ATTRIBUTES secAttrs, String msgPath, Boolean bFromProxy, Boolean useLongPath, Boolean checkHost)
   在 System.IO.FileStream..ctor(String path, FileMode mode, FileAccess access, FileShare share, Int32 bufferSize, FileOptions options, String msgPath, Boolean bFromProxy, Boolean useLongPath, Boolean checkHost)
   在 System.IO.StreamReader..ctor(String path, Encoding encoding, Boolean detectEncodingFromByteOrderMarks, Int32 bufferSize, Boolean checkHost)
   在 System.IO.File.InternalReadAllText(String path, Encoding encoding, Boolean checkHost)
   在 System.IO.File.ReadAllText(String path)
   在 XYAuto.YanFa.SysRightManager.Common.IsdcMail.GetBody()
   在 XYAuto.YanFa.SysRightManager.Common.IsdcMail.GetMail()
   在 XYAuto.YanFa.SysRightManager.Common.IsdcMail.Send(String host, String userName, String password)
   在 XYAuto.YanFa.SysRightManager.Common.IsdcMail.Send()
   在 XYAuto.ITSC.Chitunion2017.BLL.EmailHelper.SendMailByTemplate(String templateName, String[] mailBody, String subject, String[] reciver) 位置 D:\GitRoot（C）\A5信息系统研发\销售业务管理平台\赤兔联盟系统\XYAuto.ITSC.Chitunion2017.BLL\EmailHelper.cs:行号 44
2017-12-23 20:30:33,118 [39] INFO  BaseLog [(null)] - 发邮件结束！
2017-12-23 20:30:35,357 [33] INFO  BaseLog [(null)] - [IsAuthorized]IsCheckIP=False,IsCheckLogin=False,CheckModuleRight=,用户请求的地址=http://www1.chitunion.com/api/DictInfo/GetDictInfoByTypeID?typeID=91,UrlRefer=http://www1.chitunion.com/static/advertister/sort_list.html
2017-12-23 20:30:35,370 [18] INFO  BaseLog [(null)] - [IsAuthorized]IsCheckIP=False,IsCheckLogin=False,CheckModuleRight=,用户请求的地址=http://www1.chitunion.com/api/MediaMatching/GetMediaMatchingList?ListType=wb_list&keyword=&PageIndex=1&PageSize=20&CategoryID=-1&MaxFansCount=-1&MinFansCount=-1&MaxPrice=-1&MinPrice=-1&ProvinceID=-1&CityID=-1&ADPositionID=-1&ReferenceType=-1&SortField=-1&SortIndex=-1,UrlRefer=http://www1.chitunion.com/static/advertister/sort_list.html
2017-12-23 20:30:35,371 [38] INFO  BaseLog [(null)] - 
请求的url地址：http://www1.chitunion.com/api/MediaMatching/GetMediaMatchingList?ListType=wb_list&keyword=&PageIndex=1&PageSize=20&CategoryID=-1&MaxFansCount=-1&MinFansCount=-1&MaxPrice=-1&MinPrice=-1&ProvinceID=-1&CityID=-1&ADPositionID=-1&ReferenceType=-1&SortField=-1&SortIndex=-1
执行的时间:0ms
请求的参数:{"queryArgs":{"Keyword":null,"ListType":"wb_list","PageIndex":1,"PageSize":20,"CategoryID":-1,"MaxFansCount":-1,"MinFansCount":-1,"MaxPrice":-1,"MinPrice":-1,"ProvinceID":-1,"CityID":-1,"ADPositionID":-1,"ReferenceType":-1,"SortField":-1,"SortIndex":-1}}
返回的结果:{"Status":0,"Message":"OK","Result":{"WeiBoList":{"List":[],"TotalCount":0}},"IsOverdue":null}

2017-12-23 20:30:36,008 [39] INFO  BaseLog [(null)] - [IsAuthorized]IsCheckIP=False,IsCheckLogin=False,CheckModuleRight=,用户请求的地址=http://www1.chitunion.com/api/DictInfo/GetDictInfoByTypeID?typeID=20,UrlRefer=http://www1.chitunion.com/static/advertister/sort_list.html
2017-12-23 20:30:36,321 [26] INFO  BaseLog [(null)] - [IsAuthorized]IsCheckIP=False,IsCheckLogin=False,CheckModuleRight=,用户请求的地址=http://www1.chitunion.com/api/MediaMatching/GetMediaMatchingList?ListType=wx_list&keyword=&PageIndex=1&PageSize=20&CategoryID=-1&MaxFansCount=-1&MinFansCount=-1&MaxPrice=-1&MinPrice=-1&ProvinceID=-1&CityID=-1&ADPositionID=-1&ReferenceType=-1&SortField=-1&SortIndex=-1,UrlRefer=http://www1.chitunion.com/static/advertister/sort_list.html
2017-12-23 20:30:36,322 [36] INFO  BaseLog [(null)] - 
请求的url地址：http://www1.chitunion.com/api/MediaMatching/GetMediaMatchingList?ListType=wx_list&keyword=&PageIndex=1&PageSize=20&CategoryID=-1&MaxFansCount=-1&MinFansCount=-1&MaxPrice=-1&MinPrice=-1&ProvinceID=-1&CityID=-1&ADPositionID=-1&ReferenceType=-1&SortField=-1&SortIndex=-1
执行的时间:1.0441ms
请求的参数:{"queryArgs":{"Keyword":null,"ListType":"wx_list","PageIndex":1,"PageSize":20,"CategoryID":-1,"MaxFansCount":-1,"MinFansCount":-1,"MaxPrice":-1,"MinPrice":-1,"ProvinceID":-1,"CityID":-1,"ADPositionID":-1,"ReferenceType":-1,"SortField":-1,"SortIndex":-1}}
返回的结果:{"Status":0,"Message":"OK","Result":{"WeiXinList":{"List":[],"TotalCount":0}},"IsOverdue":null}

2017-12-23 20:30:38,022 [42] INFO  BaseLog [(null)] - [IsAuthorized]IsCheckIP=False,IsCheckLogin=False,CheckModuleRight=,用户请求的地址=http://www1.chitunion.com/api/MediaMatching/GetMediaMatchingList?ListType=wx_list&keyword=&PageIndex=1&PageSize=20&CategoryID=-1&MaxFansCount=-1&MinFansCount=-1&MaxPrice=-1&MinPrice=-1&ProvinceID=5&CityID=502&ADPositionID=-1&ReferenceType=-1&SortField=-1&SortIndex=-1,UrlRefer=http://www1.chitunion.com/static/advertister/sort_list.html
2017-12-23 20:30:38,023 [39] INFO  BaseLog [(null)] - 
请求的url地址：http://www1.chitunion.com/api/MediaMatching/GetMediaMatchingList?ListType=wx_list&keyword=&PageIndex=1&PageSize=20&CategoryID=-1&MaxFansCount=-1&MinFansCount=-1&MaxPrice=-1&MinPrice=-1&ProvinceID=5&CityID=502&ADPositionID=-1&ReferenceType=-1&SortField=-1&SortIndex=-1
执行的时间:0ms
请求的参数:{"queryArgs":{"Keyword":null,"ListType":"wx_list","PageIndex":1,"PageSize":20,"CategoryID":-1,"MaxFansCount":-1,"MinFansCount":-1,"MaxPrice":-1,"MinPrice":-1,"ProvinceID":5,"CityID":502,"ADPositionID":-1,"ReferenceType":-1,"SortField":-1,"SortIndex":-1}}
返回的结果:{"Status":0,"Message":"OK","Result":{"WeiXinList":{"List":[],"TotalCount":0}},"IsOverdue":null}

2017-12-23 20:30:38,431 [37] INFO  BaseLog [(null)] - [IsAuthorized]IsCheckIP=False,IsCheckLogin=False,CheckModuleRight=,用户请求的地址=http://www1.chitunion.com/api/MediaMatching/GetMediaMatchingList?ListType=wx_list&keyword=&PageIndex=1&PageSize=20&CategoryID=-1&MaxFansCount=-1&MinFansCount=-1&MaxPrice=-1&MinPrice=-1&ProvinceID=5&CityID=501&ADPositionID=-1&ReferenceType=-1&SortField=-1&SortIndex=-1,UrlRefer=http://www1.chitunion.com/static/advertister/sort_list.html
2017-12-23 20:30:38,433 [43] INFO  BaseLog [(null)] - 
请求的url地址：http://www1.chitunion.com/api/MediaMatching/GetMediaMatchingList?ListType=wx_list&keyword=&PageIndex=1&PageSize=20&CategoryID=-1&MaxFansCount=-1&MinFansCount=-1&MaxPrice=-1&MinPrice=-1&ProvinceID=5&CityID=501&ADPositionID=-1&ReferenceType=-1&SortField=-1&SortIndex=-1
执行的时间:0ms
请求的参数:{"queryArgs":{"Keyword":null,"ListType":"wx_list","PageIndex":1,"PageSize":20,"CategoryID":-1,"MaxFansCount":-1,"MinFansCount":-1,"MaxPrice":-1,"MinPrice":-1,"ProvinceID":5,"CityID":501,"ADPositionID":-1,"ReferenceType":-1,"SortField":-1,"SortIndex":-1}}
返回的结果:{"Status":0,"Message":"OK","Result":{"WeiXinList":{"List":[],"TotalCount":0}},"IsOverdue":null}

2017-12-23 20:30:40,431 [42] INFO  BaseLog [(null)] - [IsAuthorized]IsCheckIP=False,IsCheckLogin=False,CheckModuleRight=,用户请求的地址=http://www1.chitunion.com/api/MediaMatching/GetMediaMatchingList?ListType=wx_list&keyword=&PageIndex=1&PageSize=20&CategoryID=-1&MaxFansCount=-1&MinFansCount=-1&MaxPrice=-1&MinPrice=-1&ProvinceID=-1&CityID=-1&ADPositionID=-1&ReferenceType=-1&SortField=-1&SortIndex=-1,UrlRefer=http://www1.chitunion.com/static/advertister/sort_list.html
2017-12-23 20:30:40,432 [44] INFO  BaseLog [(null)] - 
请求的url地址：http://www1.chitunion.com/api/MediaMatching/GetMediaMatchingList?ListType=wx_list&keyword=&PageIndex=1&PageSize=20&CategoryID=-1&MaxFansCount=-1&MinFansCount=-1&MaxPrice=-1&MinPrice=-1&ProvinceID=-1&CityID=-1&ADPositionID=-1&ReferenceType=-1&SortField=-1&SortIndex=-1
执行的时间:0ms
请求的参数:{"queryArgs":{"Keyword":null,"ListType":"wx_list","PageIndex":1,"PageSize":20,"CategoryID":-1,"MaxFansCount":-1,"MinFansCount":-1,"MaxPrice":-1,"MinPrice":-1,"ProvinceID":-1,"CityID":-1,"ADPositionID":-1,"ReferenceType":-1,"SortField":-1,"SortIndex":-1}}
返回的结果:{"Status":0,"Message":"OK","Result":{"WeiXinList":{"List":[],"TotalCount":0}},"IsOverdue":null}

2017-12-23 20:30:44,876 [20] INFO  BaseLog [(null)] - [IsAuthorized]IsCheckIP=False,IsCheckLogin=True,CheckModuleRight=,用户请求的地址=http://www1.chitunion.com/api/MediaMatching/GetCartInfoList,UrlRefer=http://www1.chitunion.com/static/advertister/sort_list.html
2017-12-23 20:30:44,899 [42] INFO  BaseLog [(null)] - 
请求的url地址：http://www1.chitunion.com/api/MediaMatching/GetCartInfoList
执行的时间:16.0427ms
请求的参数:{"CheckLogin":true}
返回的结果:{"Status":0,"Message":"OK","Result":[{"MediaID":6,"Name":"","LogUrl":"","MediaText":"","MediaType":14001},{"MediaID":8,"Name":"为你读诗","LogUrl":"http://spiderapi.xyauto.com/Pic/HeadImg/2017-05-02/3b91bd55-dc31-4400-9227-97ab3da63c05.jpg","MediaText":"thepoemforyou","MediaType":14001},{"MediaID":11,"Name":"海伦画报","LogUrl":"http://spiderapi.xyauto.com/Pic/HeadImg/2017-05-02/5266ff0c-be97-46a5-851f-e457967ca129.jpg","MediaText":"helenview","MediaType":14001},{"MediaID":12,"Name":"","LogUrl":"","MediaText":"","MediaType":14001},{"MediaID":13,"Name":"","LogUrl":"","MediaText":"","MediaType":14001},{"MediaID":14,"Name":"","LogUrl":"","MediaText":"","MediaType":14001},{"MediaID":15,"Name":"","LogUrl":"","MediaText":"","MediaType":14001},{"MediaID":16,"Name":"张立彬测试3","LogUrl":"http://www.chitunion.com/UploadFiles/2017/3/27/13/timg$1ee4bd5d-e7c7-4230-a8a7-d4dd018b1024.jpg","MediaText":"zhanglb测试2","MediaType":14001},{"MediaID":17,"Name":"张立彬测试2","LogUrl":"http://www.chitunion.com/UploadFiles/2017/3/27/13/QQ图片20170314164628$a272d0e1-66d7-4360-8012-f545d2946069.gif","MediaText":"lscd5588","MediaType":14001},{"MediaID":18,"Name":"lixiong测试添加微信","LogUrl":"/UploadFiles/2017/3/27/13/55689209201208281549023849547194135_001$5deda973-1b97-4d14-9d3b-b43c0087235a.jpg","MediaText":"lixiong测试添加微信","MediaType":14001},{"MediaID":19,"Name":"张立彬测试31","LogUrl":"/UploadFiles/2017/3/27/13/03cbcaef2d734d5196b7bdab85340c8c_th$16352a23-f24f-41d2-993c-b3dceec16aeb.jpg","MediaText":"张立彬测试31","MediaType":14001},{"MediaID":20,"Name":"不加刊例测试","LogUrl":"http://www.chitunion.com/images/default_touxiang.png","MediaText":"不加刊例测试","MediaType":14001},{"MediaID":21,"Name":"54353","LogUrl":"http://www.chitunion.com/images/default_touxiang.png","MediaText":"34534","MediaType":14001},{"MediaID":22,"Name":"测试","LogUrl":"http://www.chitunion.com/UploadFiles/2017/3/31/11/u1794894692,1423685501fm116gp0$0079f1ff-12f6-455c-9b91-7e4035304c92.jpg","MediaText":"测试","MediaType":14001},{"MediaID":2,"Name":"","LogUrl":"","MediaText":"","MediaType":14001},{"MediaID":5,"Name":"","LogUrl":"","MediaText":"","MediaType":14001}],"IsOverdue":null}

2017-12-23 20:30:44,910 [21] INFO  BaseLog [(null)] - [IsAuthorized]IsCheckIP=False,IsCheckLogin=True,CheckModuleRight=,用户请求的地址=http://www1.chitunion.com/api/MediaMatching/GetCartCount,UrlRefer=http://www1.chitunion.com/static/advertister/sort_list.html
2017-12-23 20:30:45,263 [38] INFO  BaseLog [(null)] - 
请求的url地址：http://www1.chitunion.com/api/MediaMatching/GetCartCount
执行的时间:344.9181ms
请求的参数:{"CheckLogin":true}
返回的结果:{"Status":0,"Message":"OK","Result":{"CartCount":16},"IsOverdue":null}

2017-12-23 20:30:45,763 [42] INFO  BaseLog [(null)] - [IsAuthorized]IsCheckIP=False,IsCheckLogin=True,CheckModuleRight=,用户请求的地址=http://www1.chitunion.com/api/MediaMatching/GetCartInfoList,UrlRefer=http://www1.chitunion.com/static/advertister/sort_list.html
2017-12-23 20:30:45,778 [36] INFO  BaseLog [(null)] - 
请求的url地址：http://www1.chitunion.com/api/MediaMatching/GetCartInfoList
执行的时间:11.0291ms
请求的参数:{"CheckLogin":true}
返回的结果:{"Status":0,"Message":"OK","Result":[{"MediaID":6,"Name":"","LogUrl":"","MediaText":"","MediaType":14001},{"MediaID":8,"Name":"为你读诗","LogUrl":"http://spiderapi.xyauto.com/Pic/HeadImg/2017-05-02/3b91bd55-dc31-4400-9227-97ab3da63c05.jpg","MediaText":"thepoemforyou","MediaType":14001},{"MediaID":11,"Name":"海伦画报","LogUrl":"http://spiderapi.xyauto.com/Pic/HeadImg/2017-05-02/5266ff0c-be97-46a5-851f-e457967ca129.jpg","MediaText":"helenview","MediaType":14001},{"MediaID":12,"Name":"","LogUrl":"","MediaText":"","MediaType":14001},{"MediaID":13,"Name":"","LogUrl":"","MediaText":"","MediaType":14001},{"MediaID":14,"Name":"","LogUrl":"","MediaText":"","MediaType":14001},{"MediaID":15,"Name":"","LogUrl":"","MediaText":"","MediaType":14001},{"MediaID":16,"Name":"张立彬测试3","LogUrl":"http://www.chitunion.com/UploadFiles/2017/3/27/13/timg$1ee4bd5d-e7c7-4230-a8a7-d4dd018b1024.jpg","MediaText":"zhanglb测试2","MediaType":14001},{"MediaID":17,"Name":"张立彬测试2","LogUrl":"http://www.chitunion.com/UploadFiles/2017/3/27/13/QQ图片20170314164628$a272d0e1-66d7-4360-8012-f545d2946069.gif","MediaText":"lscd5588","MediaType":14001},{"MediaID":18,"Name":"lixiong测试添加微信","LogUrl":"/UploadFiles/2017/3/27/13/55689209201208281549023849547194135_001$5deda973-1b97-4d14-9d3b-b43c0087235a.jpg","MediaText":"lixiong测试添加微信","MediaType":14001},{"MediaID":19,"Name":"张立彬测试31","LogUrl":"/UploadFiles/2017/3/27/13/03cbcaef2d734d5196b7bdab85340c8c_th$16352a23-f24f-41d2-993c-b3dceec16aeb.jpg","MediaText":"张立彬测试31","MediaType":14001},{"MediaID":20,"Name":"不加刊例测试","LogUrl":"http://www.chitunion.com/images/default_touxiang.png","MediaText":"不加刊例测试","MediaType":14001},{"MediaID":21,"Name":"54353","LogUrl":"http://www.chitunion.com/images/default_touxiang.png","MediaText":"34534","MediaType":14001},{"MediaID":22,"Name":"测试","LogUrl":"http://www.chitunion.com/UploadFiles/2017/3/31/11/u1794894692,1423685501fm116gp0$0079f1ff-12f6-455c-9b91-7e4035304c92.jpg","MediaText":"测试","MediaType":14001},{"MediaID":2,"Name":"","LogUrl":"","MediaText":"","MediaType":14001},{"MediaID":5,"Name":"","LogUrl":"","MediaText":"","MediaType":14001}],"IsOverdue":null}

2017-12-23 20:30:45,788 [39] INFO  BaseLog [(null)] - [IsAuthorized]IsCheckIP=False,IsCheckLogin=True,CheckModuleRight=,用户请求的地址=http://www1.chitunion.com/api/MediaMatching/GetCartCount,UrlRefer=http://www1.chitunion.com/static/advertister/sort_list.html
2017-12-23 20:30:45,801 [37] INFO  BaseLog [(null)] - 
请求的url地址：http://www1.chitunion.com/api/MediaMatching/GetCartCount
执行的时间:9.0242ms
请求的参数:{"CheckLogin":true}
返回的结果:{"Status":0,"Message":"OK","Result":{"CartCount":16},"IsOverdue":null}

2017-12-23 20:30:50,155 [20] INFO  BaseLog [(null)] - [IsAuthorized]IsCheckIP=False,IsCheckLogin=True,CheckModuleRight=,用户请求的地址=http://www1.chitunion.com/api/Authorize/GetMenuInfo,UrlRefer=http://www1.chitunion.com/manager/advertister/extension/shoppingCart01.html
2017-12-23 20:30:52,619 [26] INFO  BaseLog [(null)] - [IsAuthorized]IsCheckIP=False,IsCheckLogin=True,CheckModuleRight=,用户请求的地址=http://www1.chitunion.com/api/ContentDistribute/GetContentDistributeList?PageIndex=1&PageSize=20&Name=&Status=0&r=0.7907771553145089,UrlRefer=http://www1.chitunion.com/manager/advertister/extension/distributegeneralizelist.html
2017-12-23 20:30:52,626 [21] INFO  BaseLog [(null)] - [IsAuthorized]IsCheckIP=False,IsCheckLogin=True,CheckModuleRight=,用户请求的地址=http://www1.chitunion.com/api/Authorize/GetMenuInfo,UrlRefer=http://www1.chitunion.com/manager/advertister/extension/distributegeneralizelist.html
2017-12-23 20:30:53,802 [37] INFO  BaseLog [(null)] - [IsAuthorized]IsCheckIP=False,IsCheckLogin=True,CheckModuleRight=,用户请求的地址=http://www1.chitunion.com/api/Authorize/GetMenuInfo,UrlRefer=http://www1.chitunion.com/manager/media/order/auto-order.html
2017-12-23 20:31:58,120 [36] INFO  BaseLog [(null)] - [IsAuthorized]IsCheckIP=False,IsCheckLogin=True,CheckModuleRight=,用户请求的地址=http://www1.chitunion.com/api/MediaPromotion/GetMediaPromotionList?PageIndex=1&PageSize=20&Name=&Status=0&r=0.4675547384920755,UrlRefer=http://www1.chitunion.com/manager/advertister/extension/mediarealizationlist.html
2017-12-23 20:31:58,155 [42] INFO  BaseLog [(null)] - [IsAuthorized]IsCheckIP=False,IsCheckLogin=True,CheckModuleRight=,用户请求的地址=http://www1.chitunion.com/api/Authorize/GetMenuInfo,UrlRefer=http://www1.chitunion.com/manager/advertister/extension/mediarealizationlist.html
2017-12-23 20:32:01,248 [44] INFO  BaseLog [(null)] - [IsAuthorized]IsCheckIP=False,IsCheckLogin=True,CheckModuleRight=,用户请求的地址=http://www1.chitunion.com/api/Authorize/GetMenuInfo,UrlRefer=http://www1.chitunion.com/manager/advertister/extension/mediaRealizationCreate.html
2017-12-23 20:32:10,807 [18] INFO  BaseLog [(null)] - [IsAuthorized]IsCheckIP=False,IsCheckLogin=True,CheckModuleRight=,用户请求的地址=http://www1.chitunion.com/api/MediaPromotion/GetMediaPromotionList?PageIndex=1&PageSize=20&Name=&Status=0&r=0.2024985727117592,UrlRefer=http://www1.chitunion.com/manager/advertister/extension/mediarealizationlist.html
2017-12-23 20:32:12,735 [18] INFO  BaseLog [(null)] - [IsAuthorized]IsCheckIP=False,IsCheckLogin=True,CheckModuleRight=,用户请求的地址=http://www1.chitunion.com/api/ContentDistribute/GetContentDistributeList?PageIndex=1&PageSize=20&Name=&Status=0&r=0.39482458929149367,UrlRefer=http://www1.chitunion.com/manager/advertister/extension/distributegeneralizelist.html
2017-12-23 20:32:12,741 [39] INFO  BaseLog [(null)] - [IsAuthorized]IsCheckIP=False,IsCheckLogin=True,CheckModuleRight=,用户请求的地址=http://www1.chitunion.com/api/Authorize/GetMenuInfo,UrlRefer=http://www1.chitunion.com/manager/advertister/extension/distributegeneralizelist.html
2017-12-23 20:32:14,091 [37] INFO  BaseLog [(null)] - [IsAuthorized]IsCheckIP=False,IsCheckLogin=True,CheckModuleRight=,用户请求的地址=http://www1.chitunion.com/api/Authorize/GetMenuInfo,UrlRefer=http://www1.chitunion.com/manager/advertister/extension/distributeGeneralizeCreate.html
2017-12-23 20:32:18,041 [36] INFO  BaseLog [(null)] - [IsAuthorized]IsCheckIP=False,IsCheckLogin=True,CheckModuleRight=,用户请求的地址=http://www1.chitunion.com/api/MediaPromotion/GetMediaPromotionList?PageIndex=1&PageSize=20&Name=&Status=0&r=0.27925892835177635,UrlRefer=http://www1.chitunion.com/manager/advertister/extension/mediarealizationlist.html
2017-12-23 20:32:18,045 [26] INFO  BaseLog [(null)] - [IsAuthorized]IsCheckIP=False,IsCheckLogin=True,CheckModuleRight=,用户请求的地址=http://www1.chitunion.com/api/Authorize/GetMenuInfo,UrlRefer=http://www1.chitunion.com/manager/advertister/extension/mediarealizationlist.html
2017-12-23 20:32:47,977 [17] INFO  BaseLog [(null)] - [IsAuthorized]IsCheckIP=False,IsCheckLogin=False,CheckModuleRight=,用户请求的地址=http://www1.chitunion.com/api/DictInfo/GetDictInfoByTypeID?typeID=93,UrlRefer=http://www1.chitunion.com/manager/media/order/patch-order.html
2017-12-23 20:32:48,026 [39] INFO  BaseLog [(null)] - [IsAuthorized]IsCheckIP=False,IsCheckLogin=True,CheckModuleRight=,用户请求的地址=http://www1.chitunion.com/api/order/GetCoverImageList?PageSize=20&PageIndex=1&OrderName=&OrderStatus=-2,UrlRefer=http://www1.chitunion.com/manager/media/order/patch-order.html
2017-12-23 20:32:48,036 [39] INFO  BaseLog [(null)] - 
当前操作类型:WeiXin
 查询条件信息:{"OrderName":null,"OrderStatus":-2,"TaskType":-2,"BusinessType":0,"Number":null,"Name":null,"Status":-2,"PublishStatus":-2,"EndTime":-2,"Source":-2,"OrderBy":0,"PageIndex":1,"PageSize":20,"SqlWhere":null,"UserId":1409}
2017-12-23 20:32:48,037 [18] INFO  BaseLog [(null)] - [IsAuthorized]IsCheckIP=False,IsCheckLogin=True,CheckModuleRight=,用户请求的地址=http://www1.chitunion.com/api/Authorize/GetMenuInfo,UrlRefer=http://www1.chitunion.com/manager/media/order/patch-order.html
2017-12-23 20:32:48,040 [44] INFO  BaseLog [(null)] - 
请求的url地址：http://www1.chitunion.com/api/order/GetCoverImageList?PageSize=20&PageIndex=1&OrderName=&OrderStatus=-2
执行的时间:9.0246ms
请求的参数:{"CheckLogin":true,"request":{"OrderName":null,"OrderStatus":-2,"TaskType":-2,"BusinessType":0,"Number":null,"Name":null,"Status":-2,"PublishStatus":-2,"EndTime":-2,"Source":-2,"OrderBy":0,"PageIndex":1,"PageSize":20,"SqlWhere":null,"UserId":0}}
返回的结果:{"Status":0,"Message":null,"Result":{"List":[{"MediaName":null,"OrderId":10,"OrderName":"不用刨冰机，只要一把叉子就能在家做芋圆红豆冰沙！","BillingRuleName":"0.7元/CPC + 10元/CPL","TotalAmount":0.00,"OrderStatus":"进行中","ReceiveTime":"0001-01-01 00:00:00"},{"MediaName":null,"OrderId":9,"OrderName":"一个酷炫的黑科技装置 是怎样一步步变身为互撩神器的","BillingRuleName":"0.7元/CPC + 10元/CPL","TotalAmount":0.00,"OrderStatus":"进行中","ReceiveTime":"0001-01-01 00:00:00"}],"TotleCount":2,"Extend":null},"IsOverdue":null}

2017-12-23 20:32:56,110 [20] INFO  BaseLog [(null)] - [IsAuthorized]IsCheckIP=False,IsCheckLogin=False,CheckModuleRight=,用户请求的地址=http://www1.chitunion.com/api/DictInfo/GetDictInfoByTypeID?typeID=93,UrlRefer=http://www1.chitunion.com/manager/media/order/content-order.html
2017-12-23 20:32:56,138 [33] INFO  BaseLog [(null)] - [IsAuthorized]IsCheckIP=False,IsCheckLogin=True,CheckModuleRight=,用户请求的地址=http://www1.chitunion.com/api/order/GetCoverImageList?PageSize=20&PageIndex=1&OrderName=&OrderStatus=-2,UrlRefer=http://www1.chitunion.com/manager/media/order/content-order.html
2017-12-23 20:32:56,148 [33] INFO  BaseLog [(null)] - 
当前操作类型:WeiXin
 查询条件信息:{"OrderName":null,"OrderStatus":-2,"TaskType":-2,"BusinessType":0,"Number":null,"Name":null,"Status":-2,"PublishStatus":-2,"EndTime":-2,"Source":-2,"OrderBy":0,"PageIndex":1,"PageSize":20,"SqlWhere":null,"UserId":1409}
2017-12-23 20:32:56,152 [39] INFO  BaseLog [(null)] - 
请求的url地址：http://www1.chitunion.com/api/order/GetCoverImageList?PageSize=20&PageIndex=1&OrderName=&OrderStatus=-2
执行的时间:9.025ms
请求的参数:{"CheckLogin":true,"request":{"OrderName":null,"OrderStatus":-2,"TaskType":-2,"BusinessType":0,"Number":null,"Name":null,"Status":-2,"PublishStatus":-2,"EndTime":-2,"Source":-2,"OrderBy":0,"PageIndex":1,"PageSize":20,"SqlWhere":null,"UserId":0}}
返回的结果:{"Status":0,"Message":null,"Result":{"List":[{"MediaName":null,"OrderId":10,"OrderName":"不用刨冰机，只要一把叉子就能在家做芋圆红豆冰沙！","BillingRuleName":"0.7元/CPC + 10元/CPL","TotalAmount":0.00,"OrderStatus":"进行中","ReceiveTime":"0001-01-01 00:00:00"},{"MediaName":null,"OrderId":9,"OrderName":"一个酷炫的黑科技装置 是怎样一步步变身为互撩神器的","BillingRuleName":"0.7元/CPC + 10元/CPL","TotalAmount":0.00,"OrderStatus":"进行中","ReceiveTime":"0001-01-01 00:00:00"}],"TotleCount":2,"Extend":null},"IsOverdue":null}

2017-12-23 20:32:56,158 [17] INFO  BaseLog [(null)] - [IsAuthorized]IsCheckIP=False,IsCheckLogin=True,CheckModuleRight=,用户请求的地址=http://www1.chitunion.com/api/Authorize/GetMenuInfo,UrlRefer=http://www1.chitunion.com/manager/media/order/content-order.html
2017-12-23 20:32:57,191 [21] INFO  BaseLog [(null)] - [IsAuthorized]IsCheckIP=False,IsCheckLogin=True,CheckModuleRight=,用户请求的地址=http://www1.chitunion.com/api/Authorize/GetMenuInfo,UrlRefer=http://www1.chitunion.com/manager/media/order/auto-order.html
2017-12-23 20:44:31,431 [44] INFO  BaseLog [(null)] - [IsAuthorized]IsCheckIP=False,IsCheckLogin=True,CheckModuleRight=,用户请求的地址=http://www1.chitunion.com/api/SmartSearch/GetSmartSearchList?PageSize=10&PageIndex=1,UrlRefer=http://www1.chitunion.com/manager/advertister/personal/PersonCenter.html
2017-12-23 20:44:31,437 [42] INFO  BaseLog [(null)] - [IsAuthorized]IsCheckIP=False,IsCheckLogin=True,CheckModuleRight=,用户请求的地址=http://www1.chitunion.com/api/Authorize/GetMenuInfo,UrlRefer=http://www1.chitunion.com/manager/advertister/personal/PersonCenter.html
2017-12-23 20:44:31,480 [38] INFO  BaseLog [(null)] - 
请求的url地址：http://www1.chitunion.com/api/SmartSearch/GetSmartSearchList?PageSize=10&PageIndex=1
执行的时间:38.1017ms
请求的参数:{"CheckLogin":true,"query":{"PageIndex":1,"PageSize":10,"Status":0,"Name":null}}
返回的结果:{"Status":0,"Message":"OK","Result":{"List":[],"TotalCount":0},"IsOverdue":null}

