2017-12-29 00:28:52,293 [29] INFO  BaseLog [(null)] - [IsAuthorized]IsCheckIP=False,IsCheckLogin=True,CheckModuleRight=,用户请求的地址=http://www1.chitunion.com/api/SmartSearch/GetSmartSearchList?PageSize=10&PageIndex=1,UrlRefer=http://www1.chitunion.com/manager/advertister/personal/PersonCenter.html
2017-12-29 00:28:52,447 [26] INFO  BaseLog [(null)] - [IsAuthorized]IsCheckIP=False,IsCheckLogin=True,CheckModuleRight=,用户请求的地址=http://www1.chitunion.com/api/SmartSearch/GetSmartSearchCount,UrlRefer=http://www1.chitunion.com/manager/advertister/personal/PersonCenter.html
2017-12-29 00:28:52,649 [32] INFO  BaseLog [(null)] - 
请求的url地址：http://www1.chitunion.com/api/SmartSearch/GetSmartSearchList?PageSize=10&PageIndex=1
执行的时间:110.2945ms
请求的参数:{"CheckLogin":true,"query":{"PageIndex":1,"PageSize":10,"Status":0,"Name":null}}
返回的结果:{"Status":0,"Message":"OK","Result":{"List":[],"TotalCount":0},"IsOverdue":null}

2017-12-29 00:28:52,671 [29] INFO  BaseLog [(null)] - [IsAuthorized]IsCheckIP=False,IsCheckLogin=True,CheckModuleRight=,用户请求的地址=http://www1.chitunion.com/api/Authorize/GetMenuInfo,UrlRefer=http://www1.chitunion.com/manager/advertister/personal/PersonCenter.html
2017-12-29 00:28:52,919 [32] INFO  BaseLog [(null)] - 
请求的url地址：http://www1.chitunion.com/api/SmartSearch/GetSmartSearchCount
执行的时间:431.146ms
请求的参数:{"CheckLogin":true}
返回的结果:{"Status":0,"Message":"OK","Result":{"PromotionCount":0},"IsOverdue":null}

2017-12-29 01:02:33,255 [5] INFO  BaseLog [(null)] - [IsAuthorized]IsCheckIP=False,IsCheckLogin=True,CheckModuleRight=,用户请求的地址=http://www1.chitunion.com/api/MediaPromotion/GetMediaPromotionList?PageIndex=1&PageSize=20&Name=&Status=0&r=0.8226497203945089,UrlRefer=http://www1.chitunion.com/manager/advertister/extension/mediarealizationlist.html
2017-12-29 01:02:33,255 [6] INFO  BaseLog [(null)] - [IsAuthorized]IsCheckIP=False,IsCheckLogin=True,CheckModuleRight=,用户请求的地址=http://www1.chitunion.com/api/Authorize/GetMenuInfo,UrlRefer=http://www1.chitunion.com/manager/advertister/extension/mediarealizationlist.html
2017-12-29 01:02:33,291 [5] INFO  BaseLog [(null)] - [AuthorizedResult]用户验证失败,CheckLogin=False
2017-12-29 01:02:33,315 [6] INFO  BaseLog [(null)] - [AuthorizedResult]用户验证失败,CheckLogin=False
2017-12-29 01:03:11,531 [5] INFO  BaseLog [(null)] - [IsAuthorized]IsCheckIP=False,IsCheckLogin=True,CheckModuleRight=,用户请求的地址=http://www1.chitunion.com/api/Authorize/GetMenuInfo,UrlRefer=http://www1.chitunion.com/manager/advertister/personal/PersonCenter.html
2017-12-29 01:03:11,542 [6] INFO  BaseLog [(null)] - [IsAuthorized]IsCheckIP=False,IsCheckLogin=True,CheckModuleRight=,用户请求的地址=http://www1.chitunion.com/api/SmartSearch/GetSmartSearchCount,UrlRefer=http://www1.chitunion.com/manager/advertister/personal/PersonCenter.html
2017-12-29 01:03:11,573 [14] INFO  BaseLog [(null)] - [IsAuthorized]IsCheckIP=False,IsCheckLogin=True,CheckModuleRight=,用户请求的地址=http://www1.chitunion.com/api/SmartSearch/GetSmartSearchList?PageSize=10&PageIndex=1,UrlRefer=http://www1.chitunion.com/manager/advertister/personal/PersonCenter.html
2017-12-29 01:03:11,820 [8] INFO  BaseLog [(null)] - 
请求的url地址：http://www1.chitunion.com/api/SmartSearch/GetSmartSearchList?PageSize=10&PageIndex=1
执行的时间:107.2841ms
请求的参数:{"CheckLogin":true,"query":{"PageIndex":1,"PageSize":10,"Status":0,"Name":null}}
返回的结果:{"Status":0,"Message":"OK","Result":{"List":[],"TotalCount":0},"IsOverdue":null}

2017-12-29 01:03:12,134 [14] INFO  BaseLog [(null)] - 
请求的url地址：http://www1.chitunion.com/api/SmartSearch/GetSmartSearchCount
执行的时间:555.4763ms
请求的参数:{"CheckLogin":true}
返回的结果:{"Status":0,"Message":"OK","Result":{"PromotionCount":0},"IsOverdue":null}

2017-12-29 01:03:14,120 [5] INFO  BaseLog [(null)] - [IsAuthorized]IsCheckIP=False,IsCheckLogin=False,CheckModuleRight=,用户请求的地址=http://www1.chitunion.com/api/DictInfo/GetDictInfoByTypeID?typeID=100&r=0.2059740600902682,UrlRefer=http://www1.chitunion.com/manager/advertister/extension/intelligentsearchlist.html
2017-12-29 01:03:14,123 [6] INFO  BaseLog [(null)] - [IsAuthorized]IsCheckIP=False,IsCheckLogin=True,CheckModuleRight=,用户请求的地址=http://www1.chitunion.com/api/SmartSearch/GetSmartSearchList?PageIndex=1&PageSize=20&Name=&Status=-2&r=0.2802012098867064,UrlRefer=http://www1.chitunion.com/manager/advertister/extension/intelligentsearchlist.html
2017-12-29 01:03:14,136 [8] INFO  BaseLog [(null)] - [IsAuthorized]IsCheckIP=False,IsCheckLogin=True,CheckModuleRight=,用户请求的地址=http://www1.chitunion.com/api/Authorize/GetMenuInfo,UrlRefer=http://www1.chitunion.com/manager/advertister/extension/intelligentsearchlist.html
2017-12-29 01:03:14,220 [14] INFO  BaseLog [(null)] - 
请求的url地址：http://www1.chitunion.com/api/SmartSearch/GetSmartSearchList?PageIndex=1&PageSize=20&Name=&Status=-2&r=0.2802012098867064
执行的时间:66.1767ms
请求的参数:{"CheckLogin":true,"query":{"PageIndex":1,"PageSize":20,"Status":-2,"Name":null}}
返回的结果:{"Status":0,"Message":"OK","Result":{"List":[],"TotalCount":0},"IsOverdue":null}

2017-12-29 01:04:01,133 [6] INFO  BaseLog [(null)] - [IsAuthorized]IsCheckIP=False,IsCheckLogin=False,CheckModuleRight=,用户请求的地址=http://www1.chitunion.com/api/DictInfo/GetDictInfoByTypeID?typeID=100&r=0.7941346592542239,UrlRefer=http://www1.chitunion.com/manager/advertister/extension/intelligentsearchlist.html
2017-12-29 01:04:01,172 [8] INFO  BaseLog [(null)] - [IsAuthorized]IsCheckIP=False,IsCheckLogin=True,CheckModuleRight=,用户请求的地址=http://www1.chitunion.com/api/SmartSearch/GetSmartSearchList?PageIndex=1&PageSize=20&Name=&Status=-2&r=0.29226446569490083,UrlRefer=http://www1.chitunion.com/manager/advertister/extension/intelligentsearchlist.html
2017-12-29 01:04:01,209 [5] INFO  BaseLog [(null)] - 
请求的url地址：http://www1.chitunion.com/api/SmartSearch/GetSmartSearchList?PageIndex=1&PageSize=20&Name=&Status=-2&r=0.29226446569490083
执行的时间:27.0725ms
请求的参数:{"CheckLogin":true,"query":{"PageIndex":1,"PageSize":20,"Status":-2,"Name":null}}
返回的结果:{"Status":0,"Message":"OK","Result":{"List":[],"TotalCount":0},"IsOverdue":null}

2017-12-29 01:04:01,210 [5] INFO  BaseLog [(null)] - [IsAuthorized]IsCheckIP=False,IsCheckLogin=True,CheckModuleRight=,用户请求的地址=http://www1.chitunion.com/api/Authorize/GetMenuInfo,UrlRefer=http://www1.chitunion.com/manager/advertister/extension/intelligentsearchlist.html
2017-12-29 01:04:05,455 [6] INFO  BaseLog [(null)] - [IsAuthorized]IsCheckIP=False,IsCheckLogin=False,CheckModuleRight=,用户请求的地址=http://www1.chitunion.com/api/DictInfo/GetDictInfoByTypeID?typeID=100&r=0.7672846320222583,UrlRefer=http://www1.chitunion.com/manager/advertister/extension/intelligentsearchlist.html
2017-12-29 01:04:05,462 [14] INFO  BaseLog [(null)] - [IsAuthorized]IsCheckIP=False,IsCheckLogin=True,CheckModuleRight=,用户请求的地址=http://www1.chitunion.com/api/SmartSearch/GetSmartSearchList?PageIndex=1&PageSize=20&Name=&Status=-2&r=0.7318225309813485,UrlRefer=http://www1.chitunion.com/manager/advertister/extension/intelligentsearchlist.html
2017-12-29 01:04:05,470 [8] INFO  BaseLog [(null)] - [IsAuthorized]IsCheckIP=False,IsCheckLogin=True,CheckModuleRight=,用户请求的地址=http://www1.chitunion.com/api/Authorize/GetMenuInfo,UrlRefer=http://www1.chitunion.com/manager/advertister/extension/intelligentsearchlist.html
2017-12-29 01:04:05,511 [5] INFO  BaseLog [(null)] - 
请求的url地址：http://www1.chitunion.com/api/SmartSearch/GetSmartSearchList?PageIndex=1&PageSize=20&Name=&Status=-2&r=0.7318225309813485
执行的时间:30.0793ms
请求的参数:{"CheckLogin":true,"query":{"PageIndex":1,"PageSize":20,"Status":-2,"Name":null}}
返回的结果:{"Status":0,"Message":"OK","Result":{"List":[],"TotalCount":0},"IsOverdue":null}

2017-12-29 01:04:18,708 [8] INFO  BaseLog [(null)] - [IsAuthorized]IsCheckIP=False,IsCheckLogin=True,CheckModuleRight=,用户请求的地址=http://www1.chitunion.com/api/Authorize/GetMenuInfo,UrlRefer=http://www1.chitunion.com/manager/advertister/extension/distributegeneralizelist.html
2017-12-29 01:04:18,714 [14] INFO  BaseLog [(null)] - [IsAuthorized]IsCheckIP=False,IsCheckLogin=True,CheckModuleRight=,用户请求的地址=http://www1.chitunion.com/api/ContentDistribute/GetContentDistributeList?PageIndex=1&PageSize=20&Name=&Status=0&r=0.652619455079344,UrlRefer=http://www1.chitunion.com/manager/advertister/extension/distributegeneralizelist.html
2017-12-29 01:31:32,490 [7] INFO  BaseLog [(null)] - [IsAuthorized]IsCheckIP=False,IsCheckLogin=True,CheckModuleRight=,用户请求的地址=http://www1.chitunion.com/api/SmartSearch/GetSmartSearchList?PageSize=10&PageIndex=1,UrlRefer=http://www1.chitunion.com/manager/advertister/personal/PersonCenter.html
2017-12-29 01:31:32,490 [8] INFO  BaseLog [(null)] - [IsAuthorized]IsCheckIP=False,IsCheckLogin=True,CheckModuleRight=,用户请求的地址=http://www1.chitunion.com/api/Authorize/GetMenuInfo,UrlRefer=http://www1.chitunion.com/manager/advertister/personal/PersonCenter.html
2017-12-29 01:31:32,490 [12] INFO  BaseLog [(null)] - [IsAuthorized]IsCheckIP=False,IsCheckLogin=True,CheckModuleRight=,用户请求的地址=http://www1.chitunion.com/api/SmartSearch/GetSmartSearchCount,UrlRefer=http://www1.chitunion.com/manager/advertister/personal/PersonCenter.html
2017-12-29 01:31:32,713 [9] INFO  BaseLog [(null)] - 
请求的url地址：http://www1.chitunion.com/api/SmartSearch/GetSmartSearchList?PageSize=10&PageIndex=1
执行的时间:42.1123ms
请求的参数:{"CheckLogin":true,"query":{"PageIndex":1,"PageSize":10,"Status":0,"Name":null}}
返回的结果:{"Status":0,"Message":"OK","Result":{"List":[],"TotalCount":0},"IsOverdue":null}

2017-12-29 01:31:32,926 [6] INFO  BaseLog [(null)] - 
请求的url地址：http://www1.chitunion.com/api/SmartSearch/GetSmartSearchCount
执行的时间:296.7912ms
请求的参数:{"CheckLogin":true}
返回的结果:{"Status":0,"Message":"OK","Result":{"PromotionCount":0},"IsOverdue":null}

2017-12-29 01:31:34,702 [6] INFO  BaseLog [(null)] - [IsAuthorized]IsCheckIP=False,IsCheckLogin=False,CheckModuleRight=,用户请求的地址=http://www1.chitunion.com/api/DictInfo/GetDictInfoByTypeID?typeID=193,UrlRefer=http://www1.chitunion.com/manager/media/order/content-order.html
2017-12-29 01:31:34,902 [7] INFO  BaseLog [(null)] - [IsAuthorized]IsCheckIP=False,IsCheckLogin=True,CheckModuleRight=,用户请求的地址=http://www1.chitunion.com/api/order/GetDistributeList?PageSize=20&PageIndex=1&OrderName=&OrderStatus=-2,UrlRefer=http://www1.chitunion.com/manager/media/order/content-order.html
2017-12-29 01:31:34,905 [8] INFO  BaseLog [(null)] - [IsAuthorized]IsCheckIP=False,IsCheckLogin=True,CheckModuleRight=,用户请求的地址=http://www1.chitunion.com/api/Authorize/GetMenuInfo,UrlRefer=http://www1.chitunion.com/manager/media/order/content-order.html
2017-12-29 01:31:34,927 [7] INFO  BaseLog [(null)] - 
当前操作类型:WeiXin
 查询条件信息:{"OrderName":null,"OrderStatus":-2,"TaskType":-2,"Category":-2,"BusinessType":0,"Number":null,"Name":null,"Status":-2,"PublishStatus":-2,"EndTime":-2,"Source":-2,"OrderBy":0,"PageIndex":1,"PageSize":20,"SqlWhere":null,"UserId":1409}
2017-12-29 01:31:34,994 [9] INFO  BaseLog [(null)] - 
请求的url地址：http://www1.chitunion.com/api/order/GetDistributeList?PageSize=20&PageIndex=1&OrderName=&OrderStatus=-2
执行的时间:72.1902ms
请求的参数:{"CheckLogin":true,"request":{"OrderName":null,"OrderStatus":-2,"TaskType":-2,"Category":-2,"BusinessType":0,"Number":null,"Name":null,"Status":-2,"PublishStatus":-2,"EndTime":-2,"Source":-2,"OrderBy":0,"PageIndex":1,"PageSize":20,"SqlWhere":null,"UserId":0}}
返回的结果:{"Status":0,"Message":null,"Result":{"List":[],"TotleCount":0,"Extend":null},"IsOverdue":null}

2017-12-29 01:31:51,628 [7] INFO  BaseLog [(null)] - [IsAuthorized]IsCheckIP=False,IsCheckLogin=True,CheckModuleRight=,用户请求的地址=http://www1.chitunion.com/api/SmartSearch/GetSmartSearchList?PageSize=10&PageIndex=1,UrlRefer=http://www1.chitunion.com/manager/advertister/personal/PersonCenter.html
2017-12-29 01:31:51,632 [8] INFO  BaseLog [(null)] - [IsAuthorized]IsCheckIP=False,IsCheckLogin=True,CheckModuleRight=,用户请求的地址=http://www1.chitunion.com/api/SmartSearch/GetSmartSearchCount,UrlRefer=http://www1.chitunion.com/manager/advertister/personal/PersonCenter.html
2017-12-29 01:31:51,638 [9] INFO  BaseLog [(null)] - [IsAuthorized]IsCheckIP=False,IsCheckLogin=True,CheckModuleRight=,用户请求的地址=http://www1.chitunion.com/api/Authorize/GetMenuInfo,UrlRefer=http://www1.chitunion.com/manager/advertister/personal/PersonCenter.html
2017-12-29 01:31:51,669 [12] INFO  BaseLog [(null)] - 
请求的url地址：http://www1.chitunion.com/api/SmartSearch/GetSmartSearchCount
执行的时间:28.0747ms
请求的参数:{"CheckLogin":true}
返回的结果:{"Status":0,"Message":"OK","Result":{"PromotionCount":0},"IsOverdue":null}

2017-12-29 01:31:51,687 [12] INFO  BaseLog [(null)] - 
请求的url地址：http://www1.chitunion.com/api/SmartSearch/GetSmartSearchList?PageSize=10&PageIndex=1
执行的时间:50.1333ms
请求的参数:{"CheckLogin":true,"query":{"PageIndex":1,"PageSize":10,"Status":0,"Name":null}}
返回的结果:{"Status":0,"Message":"OK","Result":{"List":[],"TotalCount":0},"IsOverdue":null}

2017-12-29 01:32:04,690 [7] INFO  BaseLog [(null)] - [IsAuthorized]IsCheckIP=False,IsCheckLogin=False,CheckModuleRight=,用户请求的地址=http://www1.chitunion.com/api/DictInfo/GetDictInfoByTypeID?typeID=100&r=0.05181546877499965,UrlRefer=http://www1.chitunion.com/manager/advertister/extension/intelligentsearchlist.html
2017-12-29 01:32:04,694 [12] INFO  BaseLog [(null)] - [IsAuthorized]IsCheckIP=False,IsCheckLogin=True,CheckModuleRight=,用户请求的地址=http://www1.chitunion.com/api/SmartSearch/GetSmartSearchList?PageIndex=1&PageSize=20&Name=&Status=-2&r=0.06912088671499483,UrlRefer=http://www1.chitunion.com/manager/advertister/extension/intelligentsearchlist.html
2017-12-29 01:32:04,699 [8] INFO  BaseLog [(null)] - [IsAuthorized]IsCheckIP=False,IsCheckLogin=True,CheckModuleRight=,用户请求的地址=http://www1.chitunion.com/api/Authorize/GetMenuInfo,UrlRefer=http://www1.chitunion.com/manager/advertister/extension/intelligentsearchlist.html
2017-12-29 01:32:04,748 [9] INFO  BaseLog [(null)] - 
请求的url地址：http://www1.chitunion.com/api/SmartSearch/GetSmartSearchList?PageIndex=1&PageSize=20&Name=&Status=-2&r=0.06912088671499483
执行的时间:44.1173ms
请求的参数:{"CheckLogin":true,"query":{"PageIndex":1,"PageSize":20,"Status":-2,"Name":null}}
返回的结果:{"Status":0,"Message":"OK","Result":{"List":[],"TotalCount":0},"IsOverdue":null}

2017-12-29 02:12:56,162 [13] INFO  BaseLog [(null)] - [IsAuthorized]IsCheckIP=False,IsCheckLogin=True,CheckModuleRight=,用户请求的地址=http://www1.chitunion.com/api/SmartSearch/GetSmartSearchCount,UrlRefer=http://www1.chitunion.com/manager/advertister/personal/PersonCenter.html
2017-12-29 02:12:56,163 [26] INFO  BaseLog [(null)] - [IsAuthorized]IsCheckIP=False,IsCheckLogin=True,CheckModuleRight=,用户请求的地址=http://www1.chitunion.com/api/Authorize/GetMenuInfo,UrlRefer=http://www1.chitunion.com/manager/advertister/personal/PersonCenter.html
2017-12-29 02:12:56,176 [17] INFO  BaseLog [(null)] - [IsAuthorized]IsCheckIP=False,IsCheckLogin=True,CheckModuleRight=,用户请求的地址=http://www1.chitunion.com/api/SmartSearch/GetSmartSearchList?PageSize=10&PageIndex=1,UrlRefer=http://www1.chitunion.com/manager/advertister/personal/PersonCenter.html
2017-12-29 02:12:56,466 [38] INFO  BaseLog [(null)] - 
请求的url地址：http://www1.chitunion.com/api/SmartSearch/GetSmartSearchCount
执行的时间:27.0726ms
请求的参数:{"CheckLogin":true}
返回的结果:{"Status":-1,"Message":"没有权限","Result":null,"IsOverdue":null}

2017-12-29 02:12:56,467 [42] INFO  BaseLog [(null)] - 
请求的url地址：http://www1.chitunion.com/api/SmartSearch/GetSmartSearchList?PageSize=10&PageIndex=1
执行的时间:21.0561ms
请求的参数:{"CheckLogin":true,"query":{"PageIndex":1,"PageSize":10,"Status":0,"Name":null}}
返回的结果:{"Status":-1,"Message":"没有权限","Result":null,"IsOverdue":null}

2017-12-29 02:12:56,730 [6] INFO  BaseLog [(null)] - [IsAuthorized]IsCheckIP=False,IsCheckLogin=True,CheckModuleRight=,用户请求的地址=http://www1.chitunion.com/api/media/GetStatistInfo?r=0.5545101540587118,UrlRefer=http://www1.chitunion.com/manager/media/personal/personalCenter.html
2017-12-29 02:12:56,740 [14] INFO  BaseLog [(null)] - [IsAuthorized]IsCheckIP=False,IsCheckLogin=True,CheckModuleRight=,用户请求的地址=http://www1.chitunion.com/api/media/GetBindingsWxList?PageIndex=1&PageSize=20&r=0.7184094318564637,UrlRefer=http://www1.chitunion.com/manager/media/personal/personalCenter.html
2017-12-29 02:12:56,749 [40] INFO  BaseLog [(null)] - [IsAuthorized]IsCheckIP=False,IsCheckLogin=True,CheckModuleRight=,用户请求的地址=http://www1.chitunion.com/api/Authorize/GetMenuInfo,UrlRefer=http://www1.chitunion.com/manager/media/personal/personalCenter.html
2017-12-29 02:12:56,773 [14] INFO  BaseLog [(null)] - 
当前操作类型:WeiXin
 查询条件信息:{"BusinessType":0,"Number":null,"Name":null,"Status":-2,"PublishStatus":-2,"EndTime":-2,"Source":-2,"OrderBy":0,"PageIndex":1,"PageSize":20,"SqlWhere":null,"UserId":1427}
2017-12-29 02:12:56,935 [8] INFO  BaseLog [(null)] - 
请求的url地址：http://www1.chitunion.com/api/media/GetStatistInfo?r=0.5545101540587118
执行的时间:190.5067ms
请求的参数:{"CheckLogin":true}
返回的结果:{"Status":0,"Message":null,"Result":{"UserId":1427,"UserHeadImg":null,"UserName":"masj_0","EarningsPrice":0.0,"OrderCount":0,"BindingsCount":0},"IsOverdue":null}

2017-12-29 02:12:56,966 [40] INFO  BaseLog [(null)] - 
请求的url地址：http://www1.chitunion.com/api/media/GetBindingsWxList?PageIndex=1&PageSize=20&r=0.7184094318564637
执行的时间:205.5472ms
请求的参数:{"CheckLogin":true,"request":{"BusinessType":0,"Number":null,"Name":null,"Status":-2,"PublishStatus":-2,"EndTime":-2,"Source":-2,"OrderBy":0,"PageIndex":1,"PageSize":20,"SqlWhere":null,"UserId":0}}
返回的结果:{"Status":0,"Message":null,"Result":{"List":[],"TotleCount":0,"Extend":null},"IsOverdue":null}

