2018-03-14 14:48:45,891 [11] INFO  BaseLog [(null)] - [IsAuthorized]IsCheckIP=False,IsCheckLogin=True,CheckModuleRight=,用户请求的地址=http://www1.chitunion.com/api/SmartSearch/GetSmartSearchList?PageSize=10&PageIndex=1&r=0.09652865084769024,UrlRefer=http://www1.chitunion.com/manager/advertister/personal/PersonCenter.html
2018-03-14 14:48:45,891 [18] INFO  BaseLog [(null)] - [IsAuthorized]IsCheckIP=False,IsCheckLogin=True,CheckModuleRight=,用户请求的地址=http://www1.chitunion.com/api/Authorize/GetMenuInfo,UrlRefer=http://www1.chitunion.com/manager/advertister/personal/PersonCenter.html
2018-03-14 14:48:45,891 [15] INFO  BaseLog [(null)] - [IsAuthorized]IsCheckIP=False,IsCheckLogin=True,CheckModuleRight=,用户请求的地址=http://www1.chitunion.com/api/SmartSearch/GetSmartSearchCount?r=0.9918738226477383,UrlRefer=http://www1.chitunion.com/manager/advertister/personal/PersonCenter.html
2018-03-14 14:48:46,146 [6] INFO  BaseLog [(null)] - 
请求的url地址：http://www1.chitunion.com/api/SmartSearch/GetSmartSearchCount?r=0.9918738226477383
客户端IP:127.0.0.1
执行的时间:9.0246ms
请求的参数:{"CheckLogin":true}
返回的结果:{"Status":-1,"Message":"没有权限","Result":null,"IsOverdue":null}

2018-03-14 14:48:46,153 [11] INFO  BaseLog [(null)] - 
请求的url地址：http://www1.chitunion.com/api/SmartSearch/GetSmartSearchList?PageSize=10&PageIndex=1&r=0.09652865084769024
客户端IP:127.0.0.1
执行的时间:4.5117ms
请求的参数:{"CheckLogin":true,"query":{"PageIndex":1,"PageSize":10,"Status":0,"Name":null}}
返回的结果:{"Status":-1,"Message":"没有权限","Result":null,"IsOverdue":null}

2018-03-14 14:48:46,305 [15] INFO  BaseLog [(null)] - [IsAuthorized]IsCheckIP=False,IsCheckLogin=True,CheckModuleRight=,用户请求的地址=http://www1.chitunion.com/api/media/GetStatistInfo?r=0.1907119567313993,UrlRefer=http://www1.chitunion.com/manager/media/personal/personalCenter.html
2018-03-14 14:48:46,310 [17] INFO  BaseLog [(null)] - [IsAuthorized]IsCheckIP=False,IsCheckLogin=True,CheckModuleRight=,用户请求的地址=http://www1.chitunion.com/api/media/GetBindingsWxList?PageIndex=1&PageSize=20&r=0.17602148949230012,UrlRefer=http://www1.chitunion.com/manager/media/personal/personalCenter.html
2018-03-14 14:48:46,317 [20] INFO  BaseLog [(null)] - [IsAuthorized]IsCheckIP=False,IsCheckLogin=True,CheckModuleRight=,用户请求的地址=http://www1.chitunion.com/api/Authorize/GetMenuInfo,UrlRefer=http://www1.chitunion.com/manager/media/personal/personalCenter.html
2018-03-14 14:48:46,372 [17] INFO  BaseLog [(null)] - 
当前操作类型:WeiXin
 查询条件信息:{"BusinessType":0,"Number":null,"Name":null,"Status":-2,"PublishStatus":-2,"EndTime":-2,"Source":-2,"OrderBy":0,"PageIndex":1,"PageSize":20,"SqlWhere":null,"UserId":1427}
2018-03-14 14:48:46,377 [15] INFO  BaseLog [(null)] - 
请求的url地址：http://www1.chitunion.com/api/media/GetStatistInfo?r=0.1907119567313993
客户端IP:127.0.0.1
执行的时间:62.1653ms
请求的参数:{"CheckLogin":true}
返回的结果:{"Status":0,"Message":null,"Result":{"UserId":1427,"UserHeadImg":null,"UserName":"masj_0","EarningsPrice":0.00,"OrderCount":8,"BindingsCount":0},"IsOverdue":null}

2018-03-14 14:48:46,398 [11] INFO  BaseLog [(null)] - 
请求的url地址：http://www1.chitunion.com/api/media/GetBindingsWxList?PageIndex=1&PageSize=20&r=0.17602148949230012
客户端IP:127.0.0.1
执行的时间:29.5782ms
请求的参数:{"CheckLogin":true,"request":{"BusinessType":0,"Number":null,"Name":null,"Status":-2,"PublishStatus":-2,"EndTime":-2,"Source":-2,"OrderBy":0,"PageIndex":1,"PageSize":20,"SqlWhere":null,"UserId":0}}
返回的结果:{"Status":0,"Message":null,"Result":{"List":[],"TotleCount":0,"Extend":null},"IsOverdue":null}

2018-03-14 14:48:48,303 [17] INFO  BaseLog [(null)] - [IsAuthorized]IsCheckIP=False,IsCheckLogin=False,CheckModuleRight=,用户请求的地址=http://www1.chitunion.com/api/DictInfo/GetDictInfoByTypeID?typeID=193,UrlRefer=http://www1.chitunion.com/manager/media/order/content-order.html
2018-03-14 14:48:48,674 [18] INFO  BaseLog [(null)] - [IsAuthorized]IsCheckIP=False,IsCheckLogin=True,CheckModuleRight=,用户请求的地址=http://www1.chitunion.com/api/Authorize/GetMenuInfo,UrlRefer=http://www1.chitunion.com/manager/media/order/content-order.html
2018-03-14 14:48:48,675 [15] INFO  BaseLog [(null)] - [IsAuthorized]IsCheckIP=False,IsCheckLogin=True,CheckModuleRight=,用户请求的地址=http://www1.chitunion.com/api/order/GetDistributeList?PageSize=20&PageIndex=1&OrderName=&OrderStatus=-2,UrlRefer=http://www1.chitunion.com/manager/media/order/content-order.html
2018-03-14 14:48:48,690 [15] INFO  BaseLog [(null)] - 
当前操作类型:WeiXin
 查询条件信息:{"OrderName":null,"OrderStatus":-2,"TaskType":-2,"Category":-2,"BusinessType":0,"Number":null,"Name":null,"Status":-2,"PublishStatus":-2,"EndTime":-2,"Source":-2,"OrderBy":0,"PageIndex":1,"PageSize":20,"SqlWhere":null,"UserId":1427}
2018-03-14 14:48:48,711 [11] INFO  BaseLog [(null)] - 
请求的url地址：http://www1.chitunion.com/api/order/GetDistributeList?PageSize=20&PageIndex=1&OrderName=&OrderStatus=-2
客户端IP:127.0.0.1
执行的时间:16.546ms
请求的参数:{"CheckLogin":true,"request":{"OrderName":null,"OrderStatus":-2,"TaskType":-2,"Category":-2,"BusinessType":0,"Number":null,"Name":null,"Status":-2,"PublishStatus":-2,"EndTime":-2,"Source":-2,"OrderBy":0,"PageIndex":1,"PageSize":20,"SqlWhere":null,"UserId":0}}
返回的结果:{"Status":0,"Message":null,"Result":{"List":[{"OrderId":475,"OrderName":"热巴被嘲了，她这些年的舞蹈水平究竟如何？","BillingRuleName":"0.17元/CPC + 0元/CPL","TotalAmount":0.00,"OrderStatus":"已结束","ReceiveTime":"2018-02-23 14:39:32","CPCPrice":0.17,"CPLPrice":0.00},{"OrderId":473,"OrderName":"没有红薯的冬天是不完整的！","BillingRuleName":"0.10元/CPC + 0元/CPL","TotalAmount":0.00,"OrderStatus":"已结束","ReceiveTime":"2018-02-23 14:36:34","CPCPrice":0.10,"CPLPrice":0.00},{"OrderId":471,"OrderName":"美味又好看的包子做法来啦，赶紧收了吧~","BillingRuleName":"0.25元/CPC + 0元/CPL","TotalAmount":0.00,"OrderStatus":"已结束","ReceiveTime":"2018-02-23 14:33:53","CPCPrice":0.25,"CPLPrice":0.00},{"OrderId":470,"OrderName":"别让孩子如此让人讨厌","BillingRuleName":"0.10元/CPC + 0元/CPL","TotalAmount":0.00,"OrderStatus":"已结束","ReceiveTime":"2018-02-23 14:33:37","CPCPrice":0.10,"CPLPrice":0.00},{"OrderId":111,"OrderName":"世界最大极地海洋馆的水母馆 秒杀流窜山寨海洋馆","BillingRuleName":"0.7元/CPC + 10元/CPL","TotalAmount":0.00,"OrderStatus":"已结束","ReceiveTime":"2018-01-02 16:02:02","CPCPrice":0.0,"CPLPrice":0.0}],"TotleCount":5,"Extend":null},"IsOverdue":null}

2018-03-14 14:49:36,260 [18] INFO  BaseLog [(null)] - [IsAuthorized]IsCheckIP=False,IsCheckLogin=True,CheckModuleRight=,用户请求的地址=http://www1.chitunion.com/api/Authorize/GetMenuInfo,UrlRefer=http://www1.chitunion.com/manager/advertister/account/accountmanage.html
2018-03-14 14:49:36,267 [21] INFO  BaseLog [(null)] - [IsAuthorized]IsCheckIP=False,IsCheckLogin=True,CheckModuleRight=,用户请求的地址=http://www1.chitunion.com/api/UserMange/QueryUserBasicInfo?UserID=1427&r=0.679992625992692,UrlRefer=http://www1.chitunion.com/manager/advertister/account/accountmanage.html
2018-03-14 14:49:36,432 [17] INFO  BaseLog [(null)] - 
请求的url地址：http://www1.chitunion.com/api/UserMange/QueryUserBasicInfo?UserID=1427&r=0.679992625992692
客户端IP:127.0.0.1
执行的时间:48.128ms
请求的参数:{"CheckLogin":true,"req":{"UserID":1427}}
返回的结果:{"Status":0,"Message":"OK","Result":{"BasicInfo":{"Category":29002,"UserName":"masj_0","Mobile":"13146611863","ProvinceID":-2,"CityID":-2,"Address":"","NickName":"","RegisterType":199001},"AuthenticationInfo":{"Type":1001,"TrueName":"444444","IdentityNo":"","IDCardFrontURL":"","IDCardBackURL":"","BLicenceURL":"未能加载文件或程序集“FastDFS, Version=0.0.0.0, Culture=neutral, PublicKeyToken=null”或它的某一个依赖项。系统找不到指定的文件。","Status":1,"Reason":"0000"},"BankAccountInfo":null},"IsOverdue":null}

2018-03-14 14:49:36,560 [5] INFO  BaseLog [(null)] - [IsAuthorized]IsCheckIP=False,IsCheckLogin=True,CheckModuleRight=,用户请求的地址=http://www1.chitunion.com/api/UserMange/VerifyPassword,UrlRefer=http://www1.chitunion.com/manager/advertister/account/accountmanage.html
2018-03-14 14:49:36,613 [21] INFO  BaseLog [(null)] - 
请求的url地址：http://www1.chitunion.com/api/UserMange/VerifyPassword
客户端IP:127.0.0.1
执行的时间:45.6311ms
请求的参数:{"CheckLogin":true}
返回的结果:{"Status":50011,"Message":"修改密码","Result":null,"IsOverdue":null}

2018-03-14 14:49:40,959 [15] INFO  BaseLog [(null)] - [IsAuthorized]IsCheckIP=False,IsCheckLogin=False,CheckModuleRight=,用户请求的地址=http://www1.chitunion.com/api/DictInfo/GetDictInfoByTypeID?typeID=193,UrlRefer=http://www1.chitunion.com/manager/media/order/content-order.html
2018-03-14 14:49:41,306 [5] INFO  BaseLog [(null)] - [IsAuthorized]IsCheckIP=False,IsCheckLogin=True,CheckModuleRight=,用户请求的地址=http://www1.chitunion.com/api/order/GetDistributeList?PageSize=20&PageIndex=1&OrderName=&OrderStatus=-2,UrlRefer=http://www1.chitunion.com/manager/media/order/content-order.html
2018-03-14 14:49:41,308 [18] INFO  BaseLog [(null)] - [IsAuthorized]IsCheckIP=False,IsCheckLogin=True,CheckModuleRight=,用户请求的地址=http://www1.chitunion.com/api/Authorize/GetMenuInfo,UrlRefer=http://www1.chitunion.com/manager/media/order/content-order.html
2018-03-14 14:49:41,314 [5] INFO  BaseLog [(null)] - 
当前操作类型:WeiXin
 查询条件信息:{"OrderName":null,"OrderStatus":-2,"TaskType":-2,"Category":-2,"BusinessType":0,"Number":null,"Name":null,"Status":-2,"PublishStatus":-2,"EndTime":-2,"Source":-2,"OrderBy":0,"PageIndex":1,"PageSize":20,"SqlWhere":null,"UserId":1427}
2018-03-14 14:49:41,318 [21] INFO  BaseLog [(null)] - 
请求的url地址：http://www1.chitunion.com/api/order/GetDistributeList?PageSize=20&PageIndex=1&OrderName=&OrderStatus=-2
客户端IP:127.0.0.1
执行的时间:8.0217ms
请求的参数:{"CheckLogin":true,"request":{"OrderName":null,"OrderStatus":-2,"TaskType":-2,"Category":-2,"BusinessType":0,"Number":null,"Name":null,"Status":-2,"PublishStatus":-2,"EndTime":-2,"Source":-2,"OrderBy":0,"PageIndex":1,"PageSize":20,"SqlWhere":null,"UserId":0}}
返回的结果:{"Status":0,"Message":null,"Result":{"List":[{"OrderId":475,"OrderName":"热巴被嘲了，她这些年的舞蹈水平究竟如何？","BillingRuleName":"0.17元/CPC + 0元/CPL","TotalAmount":0.00,"OrderStatus":"已结束","ReceiveTime":"2018-02-23 14:39:32","CPCPrice":0.17,"CPLPrice":0.00},{"OrderId":473,"OrderName":"没有红薯的冬天是不完整的！","BillingRuleName":"0.10元/CPC + 0元/CPL","TotalAmount":0.00,"OrderStatus":"已结束","ReceiveTime":"2018-02-23 14:36:34","CPCPrice":0.10,"CPLPrice":0.00},{"OrderId":471,"OrderName":"美味又好看的包子做法来啦，赶紧收了吧~","BillingRuleName":"0.25元/CPC + 0元/CPL","TotalAmount":0.00,"OrderStatus":"已结束","ReceiveTime":"2018-02-23 14:33:53","CPCPrice":0.25,"CPLPrice":0.00},{"OrderId":470,"OrderName":"别让孩子如此让人讨厌","BillingRuleName":"0.10元/CPC + 0元/CPL","TotalAmount":0.00,"OrderStatus":"已结束","ReceiveTime":"2018-02-23 14:33:37","CPCPrice":0.10,"CPLPrice":0.00},{"OrderId":111,"OrderName":"世界最大极地海洋馆的水母馆 秒杀流窜山寨海洋馆","BillingRuleName":"0.7元/CPC + 10元/CPL","TotalAmount":0.00,"OrderStatus":"已结束","ReceiveTime":"2018-01-02 16:02:02","CPCPrice":0.0,"CPLPrice":0.0}],"TotleCount":5,"Extend":null},"IsOverdue":null}

2018-03-14 14:49:42,941 [21] INFO  BaseLog [(null)] - 
当前操作类型:WeiXin
 查询条件信息:{"OrderName":null,"OrderStatus":-2,"TaskType":192001,"Category":-2,"BusinessType":0,"Number":null,"Name":null,"Status":-2,"PublishStatus":-2,"EndTime":-2,"Source":-2,"OrderBy":0,"PageIndex":1,"PageSize":20,"SqlWhere":null,"UserId":0}
2018-03-14 14:49:42,959 [5] INFO  BaseLog [(null)] - 
请求的url地址：http://www1.chitunion.com/api/task/GetDistrbuteList?PageIndex=1&PageSize=20&r=0.35182551992071787
客户端IP:127.0.0.1
执行的时间:10.027ms
请求的参数:{"request":{"OrderName":null,"OrderStatus":-2,"TaskType":-2,"Category":-2,"BusinessType":0,"Number":null,"Name":null,"Status":-2,"PublishStatus":-2,"EndTime":-2,"Source":-2,"OrderBy":0,"PageIndex":1,"PageSize":20,"SqlWhere":null,"UserId":0}}
返回的结果:{"Status":0,"Message":null,"Result":{"List":[{"TaskId":16405,"TaskName":"20180312-02好的婚姻，都带点“傻气”","MaterialUrl":"http://news1.chitu.qichedaquan.com/ct_m/20180312/10841.html","BillingRuleName":"0.16元/CPC + 3元/CPL","ImgUrl":"http://192.168.3.76/group4/M00/00/48/pIYBAFp1ZQKAIhRcAAAqvcDqwY8460.JPG","Synopsis":"爸妈营，300万精英爸妈在这里，一起学、玩、买！","CPCPrice":0.16,"CPLPrice":3.00,"TaskAmount":867.00,"RuleCount":20000,"TakeCount":0},{"TaskId":16404,"TaskName":"20180312-01抹一抹年轻十岁！！自带按摩功能的网红眼霜，让眼纹、眼袋、黑眼圈全靠边","MaterialUrl":"http://news1.chitu.qichedaquan.com/ct_m/20180312/294.html","BillingRuleName":"0.29元/CPC + 3元/CPL","ImgUrl":"http://192.168.3.71/group1/M00/0C/7F/oYYBAFpXRlGAGA4KAAAlMvCP9Rw724.JPG","Synopsis":"都说爱笑的女孩运气不会太差，但眼纹也不会少，眼部是肌肤的重灾区，女生真的赌不起。","CPCPrice":0.29,"CPLPrice":3.00,"TaskAmount":990.00,"RuleCount":20000,"TakeCount":0},{"TaskId":16395,"TaskName":"别让孩子如此让人讨厌","MaterialUrl":"http://newscdn.chitunion.com/ct_m/20180111/55719.html","BillingRuleName":"0.10元/CPC + 0元/CPL","ImgUrl":"http://img4.qcdqcdn.com/group4/M00/C9/95/QQ0DAFpVhU6APgvmAAB75Gov3pc046.GIF","Synopsis":"最近有一则熊孩子在地铁里抢陌生乘客蛋卷的事儿，家长居然还对孩子说：吃完再要。　　我也是震惊了，他们虽说是","CPCPrice":0.10,"CPLPrice":0.00,"TaskAmount":511.00,"RuleCount":30000,"TakeCount":20005},{"TaskId":16394,"TaskName":"美味又好看的包子做法来啦，赶紧收了吧~","MaterialUrl":"http://newscdn.chitunion.com/ct_m/20180111/55717.html","BillingRuleName":"0.25元/CPC + 0元/CPL","ImgUrl":"http://img4.qcdqcdn.com/group4/M00/C9/F2/QQ0DAFpVxOSAGOs_AAArthx1CMo803.JPG","Synopsis":"鸡汁生煎包食材：300g鸡爪、25ml料酒、300g猪前夹肉、1个鸡蛋、400g中筋面粉、3小勺盐、适量生姜","CPCPrice":0.25,"CPLPrice":0.00,"TaskAmount":886.00,"RuleCount":30000,"TakeCount":20005},{"TaskId":16393,"TaskName":"没有红薯的冬天是不完整的！","MaterialUrl":"http://newscdn.chitunion.com/ct_m/20180111/55715.html","BillingRuleName":"0.10元/CPC + 0元/CPL","ImgUrl":"http://img4.qcdqcdn.com/group4/M00/C9/FD/QQ0DAFpVyaKACEilAAAq1JKk7Ow314.JPG","Synopsis":"大冬天的走在路上，可能只有喷香的烤红薯能让人驻足片刻，跺着脚等待美味了。","CPCPrice":0.10,"CPLPrice":0.00,"TaskAmount":521.00,"RuleCount":30000,"TakeCount":20005},{"TaskId":16392,"TaskName":"吃不了香菜的原因，居然是因为基因变异！","MaterialUrl":"http://newscdn.chitunion.com/ct_m/20180111/55713.html","BillingRuleName":"0.22元/CPC + 0元/CPL","ImgUrl":"http://img4.qcdqcdn.com/group4/M00/C9/FC/QQ0DAFpVyX-AbzooAAA1wRydh9g733.JPG","Synopsis":"香菜来啦！","CPCPrice":0.22,"CPLPrice":0.00,"TaskAmount":814.00,"RuleCount":30000,"TakeCount":20002},{"TaskId":16391,"TaskName":"热巴被嘲了，她这些年的舞蹈水平究竟如何？","MaterialUrl":"http://newscdn.chitunion.com/ct_m/20180111/55711.html","BillingRuleName":"0.17元/CPC + 0元/CPL","ImgUrl":"http://img4.qcdqcdn.com/group4/M00/CC/C8/QQ0DAFpXHRyAbzVEAAArUR2-vVw911.JPG","Synopsis":"热巴伴着她最喜欢的西班牙舞曲《Despacito》热舞了一小段，要说美是真美！","CPCPrice":0.17,"CPLPrice":0.00,"TaskAmount":689.00,"RuleCount":30000,"TakeCount":20009},{"TaskId":16390,"TaskName":"这样到爱情才会走到最后！","MaterialUrl":"http://newscdn.chitunion.com/ct_m/20180111/55709.html","BillingRuleName":"0.23元/CPC + 0元/CPL","ImgUrl":"http://img4.qcdqcdn.com/group4/M00/CD/22/QQ0DAFpXKm6AbpnRAAAeX_gpqCA084.JPG","Synopsis":"这样到爱情才会走到最后,也没有经历所谓老天的各种考验,这才是爱情里的烟火气,毕竟我身边的女孩中没几个敢这样,但就是会在你的世界里发光。","CPCPrice":0.23,"CPLPrice":0.00,"TaskAmount":825.00,"RuleCount":30000,"TakeCount":20006},{"TaskId":16389,"TaskName":"新的一年，多用语言表达对孩子的爱吧！","MaterialUrl":"http://newscdn.chitunion.com/ct_m/20180111/55707.html","BillingRuleName":"0.17元/CPC + 0元/CPL","ImgUrl":"http://img4.qcdqcdn.com/group4/M00/CD/29/QQ0DAFpXKyuADXFwAAA8fuzJsOI524.JPG","Synopsis":"一个充满爱的甜蜜家庭，一定是最幸福的","CPCPrice":0.17,"CPLPrice":0.00,"TaskAmount":699.00,"RuleCount":30000,"TakeCount":20003},{"TaskId":16388,"TaskName":"被前任3看哭的，这部当然也不能落下","MaterialUrl":"http://newscdn.chitunion.com/ct_m/20180111/55705.html","BillingRuleName":"0.12元/CPC + 0元/CPL","ImgUrl":"http://img4.qcdqcdn.com/group4/M00/CD/5D/QQ0DAFpXMP-AVEX0AAAm0Nc1lX4425.JPG","Synopsis":"看着别人的故事，留着自己的眼泪","CPCPrice":0.12,"CPLPrice":0.00,"TaskAmount":574.00,"RuleCount":30000,"TakeCount":20003},{"TaskId":16387,"TaskName":"这个冬天，你只需要一件黑色高领衫！","MaterialUrl":"http://newscdn.chitunion.com/ct_m/20180111/55703.html","BillingRuleName":"0.27元/CPC + 0元/CPL","ImgUrl":"http://img4.qcdqcdn.com/group4/M00/CD/61/QQ0DAFpXMZuAXyZ1AAAw1J-jkmg304.JPG","Synopsis":"普通的黑色高领衫怎样穿出时髦又高级的感觉？","CPCPrice":0.27,"CPLPrice":0.00,"TaskAmount":948.00,"RuleCount":30000,"TakeCount":20002},{"TaskId":16386,"TaskName":"她说除了漂亮，自己没有优势....","MaterialUrl":"http://newscdn.chitunion.com/ct_m/20180111/55701.html","BillingRuleName":"0.10元/CPC + 0元/CPL","ImgUrl":"http://img4.qcdqcdn.com/group4/M00/CD/27/QQ0DAFpXKuuAY3NCAAAj5Esufjo657.JPG","Synopsis":"相对而言，女主妹妹的择偶条件听起来更符合当下追求？","CPCPrice":0.10,"CPLPrice":0.00,"TaskAmount":502.00,"RuleCount":30000,"TakeCount":20002},{"TaskId":16385,"TaskName":"现在“干枯玫瑰粉”才最时髦，显高级！！","MaterialUrl":"http://newscdn.chitunion.com/ct_m/20180111/55699.html","BillingRuleName":"0.21元/CPC + 0元/CPL","ImgUrl":"http://img4.qcdqcdn.com/group4/M00/CD/5F/QQ0DAFpXMTiAbOXoAAAxz96DIR8785.JPG","Synopsis":"焦糖色烂大街？","CPCPrice":0.21,"CPLPrice":0.00,"TaskAmount":795.00,"RuleCount":30000,"TakeCount":20002},{"TaskId":16384,"TaskName":"千万不要找路人帮你拍照！","MaterialUrl":"http://newscdn.chitunion.com/ct_m/20180111/55697.html","BillingRuleName":"0.23元/CPC + 0元/CPL","ImgUrl":"http://img4.qcdqcdn.com/group4/M00/CD/8E/QQ0DAFpXN3-AY-J6AAA4V4mL29U146.JPG","Synopsis":"看看有多少人有相同的遭遇……","CPCPrice":0.23,"CPLPrice":0.00,"TaskAmount":849.00,"RuleCount":30000,"TakeCount":20001},{"TaskId":16383,"TaskName":"分手都剪短发,娜扎却反常惊呆了众人……","MaterialUrl":"http://newscdn.chitunion.com/ct_m/20180111/55695.html","BillingRuleName":"0.26元/CPC + 0元/CPL","ImgUrl":"http://img4.qcdqcdn.com/group4/M00/CD/66/QQ0DAFpXMi2ARdwlAAAkzWkupIo175.JPG","Synopsis":"反正都是从“头”开始另一半或发型，该换就换，有什么不一样！","CPCPrice":0.26,"CPLPrice":0.00,"TaskAmount":903.00,"RuleCount":30000,"TakeCount":20001},{"TaskId":16382,"TaskName":"想在2018，来一场说走就走的旅行！","MaterialUrl":"http://newscdn.chitunion.com/ct_m/20180111/55693.html","BillingRuleName":"0.21元/CPC + 0元/CPL","ImgUrl":"http://img4.qcdqcdn.com/group4/M00/CD/58/QQ0DAFpXME2ABqaMAAASPt-2CO8613.JPG","Synopsis":"走完这12条路线！","CPCPrice":0.21,"CPLPrice":0.00,"TaskAmount":778.00,"RuleCount":30000,"TakeCount":20000},{"TaskId":16381,"TaskName":"看完“冰花”男孩，你还有什么好抱怨！","MaterialUrl":"http://newscdn.chitunion.com/ct_m/20180111/55691.html","BillingRuleName":"0.18元/CPC + 0元/CPL","ImgUrl":"http://img4.qcdqcdn.com/group4/M00/CD/3B/QQ0DAFpXLXmAD1UBAAApV0xoEzI726.JPG","Synopsis":"手提着书包站在教室里，背后是同学们的笑脸","CPCPrice":0.18,"CPLPrice":0.00,"TaskAmount":706.00,"RuleCount":30000,"TakeCount":20000},{"TaskId":16380,"TaskName":"生命如此美好，又如此短暂","MaterialUrl":"http://newscdn.chitunion.com/ct_m/20180111/55689.html","BillingRuleName":"0.24元/CPC + 0元/CPL","ImgUrl":"http://img4.qcdqcdn.com/group4/M00/CD/70/QQ0DAFpXM0iATOcZAAAd6-QBq7M693.JPG","Synopsis":"时间也会告诉你,你是如何失去一个愿意用生命爱你的人,其实有时候我们只是把这些时间用来了犹豫,你要学会习惯,要知道我们没那么多时间去浪费。","CPCPrice":0.24,"CPLPrice":0.00,"TaskAmount":858.00,"RuleCount":30000,"TakeCount":20000},{"TaskId":16379,"TaskName":"冬天裙子这么穿，保暖还时髦仙炸天！","MaterialUrl":"http://newscdn.chitunion.com/ct_m/20180111/55687.html","BillingRuleName":"0.12元/CPC + 0元/CPL","ImgUrl":"http://img4.qcdqcdn.com/group4/M00/CD/67/QQ0DAFpXMk2AHnNYAAAirMzxe1I062.JPG","Synopsis":"很多小可爱看到露腿的街拍示范会说，这样也太冷了吧！","CPCPrice":0.12,"CPLPrice":0.00,"TaskAmount":553.00,"RuleCount":30000,"TakeCount":20001},{"TaskId":16378,"TaskName":"这8种学生永远拿不到高分！早看早受益！","MaterialUrl":"http://newscdn.chitunion.com/ct_m/20180111/55685.html","BillingRuleName":"0.21元/CPC + 0元/CPL","ImgUrl":"http://img4.qcdqcdn.com/group4/M00/CD/42/QQ0DAFpXLlSAfFxiAAArx6rACgY197.JPG","Synopsis":"分别对应8类孩子，如果你的孩子也在其中，请告诉他如何改正。","CPCPrice":0.21,"CPLPrice":0.00,"TaskAmount":786.00,"RuleCount":30000,"TakeCount":20001}],"TotleCount":521,"Extend":null},"IsOverdue":null}

2018-03-14 14:49:42,977 [15] INFO  BaseLog [(null)] - 
请求的url地址：http://www1.chitunion.com/api/task/GetCategoryList
客户端IP:127.0.0.1
执行的时间:42.1131ms
请求的参数:{}
返回的结果:{"Status":0,"Message":null,"Result":[{"CategoryId":16,"CategoryName":"时尚"}],"IsOverdue":null}

2018-03-14 14:49:56,111 [15] INFO  BaseLog [(null)] - [IsAuthorized]IsCheckIP=False,IsCheckLogin=True,CheckModuleRight=,用户请求的地址=http://www1.chitunion.com/api/task/VerifyEffective,UrlRefer=http://www1.chitunion.com/static/media/contentDistribution.html
2018-03-14 14:49:56,177 [18] INFO  BaseLog [(null)] - 
请求的url地址：http://www1.chitunion.com/api/task/VerifyEffective
客户端IP:127.0.0.1
执行的时间:63.5518ms
请求的参数:{"CheckLogin":true}
返回的结果:{"Status":0,"Message":"操作成功","Result":null,"IsOverdue":null}

2018-03-14 14:49:56,240 [18] INFO  BaseLog [(null)] - [IsAuthorized]IsCheckIP=False,IsCheckLogin=True,CheckModuleRight=,用户请求的地址=http://www1.chitunion.com/api/task/Receive,UrlRefer=http://www1.chitunion.com/static/media/contentDistribution.html
2018-03-14 14:49:56,524 [18] INFO  BaseLog [(null)] - pasterUrl=http://192.168.3.76/group4/M00/02/5B/pIYBAFqoxzGASAqDAAA-E1u3drg658.png
2018-03-14 14:49:56,619 [5] INFO  BaseLog [(null)] - 
请求的url地址：http://www1.chitunion.com/api/task/Receive
客户端IP:127.0.0.1
执行的时间:341.9094ms
请求的参数:{"CheckLogin":true,"request":{"TaskType":192001,"TaskId":16405,"MediaId":0,"IP":null,"ChannelId":101001,"OrderUrl":null,"UserId":0,"ShareType":0}}
返回的结果:{"Status":0,"Message":"操作成功","Result":{"OrderId":652,"Title":"20180312-02好的婚姻，都带点“傻气”","OrderUrl":"http://news1.chitu.qichedaquan.com/ct_m/20180312/10841.html?utm_source=chitu&utm_term=NXxndOWBMh","PasterUrl":"http://192.168.3.76/group4/M00/02/5B/pIYBAFqoxzGASAqDAAA-E1u3drg658.png","ShareTempQrImage":"http://192.168.3.76/group4/M00/02/5B/pIYBAFqoxzGASAqDAAA-E1u3drg658.png"},"IsOverdue":null}

2018-03-14 14:50:03,080 [25] INFO  BaseLog [(null)] - 
当前操作类型:WeiXin
 查询条件信息:{"OrderName":null,"OrderStatus":-2,"TaskType":192002,"Category":-2,"BusinessType":0,"Number":null,"Name":null,"Status":-2,"PublishStatus":-2,"EndTime":-2,"Source":-2,"OrderBy":0,"PageIndex":1,"PageSize":20,"SqlWhere":null,"UserId":0}
2018-03-14 14:50:03,085 [15] INFO  BaseLog [(null)] - 
请求的url地址：http://www1.chitunion.com/api/task/GetCoverImageList?PageIndex=1&PageSize=20&r=0.4434643804713835
客户端IP:127.0.0.1
执行的时间:6.0962ms
请求的参数:{"request":{"OrderName":null,"OrderStatus":-2,"TaskType":-2,"Category":-2,"BusinessType":0,"Number":null,"Name":null,"Status":-2,"PublishStatus":-2,"EndTime":-2,"Source":-2,"OrderBy":0,"PageIndex":1,"PageSize":20,"SqlWhere":null,"UserId":0}}
返回的结果:{"Status":0,"Message":null,"Result":{"List":[{"TaskId":16403,"TaskName":"买车全包圆儿，立即体验","MaterialUrl":"https://h5.qichedaquan.com/jike/","BillingRuleName":"0.10元/CPC + 3元/CPL","ImgUrl":"http://op.chitunion.com/UploadFiles/BottomMaterielPic/06.png","Synopsis":"无","CPCPrice":0.10,"CPLPrice":3.00,"TaskAmount":803.00,"RuleCount":20000,"TakeCount":33},{"TaskId":16402,"TaskName":"新年更优惠，买车正当时","MaterialUrl":"https://h5.qichedaquan.com/jike/","BillingRuleName":"0.21元/CPC + 3元/CPL","ImgUrl":"http://op.chitunion.com/UploadFiles/BottomMaterielPic/03.png","Synopsis":"无","CPCPrice":0.21,"CPLPrice":3.00,"TaskAmount":910.00,"RuleCount":20000,"TakeCount":17},{"TaskId":16401,"TaskName":"买新车要试驾，立即预约","MaterialUrl":"https://h5.qichedaquan.com/jike/","BillingRuleName":"0.10元/CPC + 3元/CPL","ImgUrl":"http://op.chitunion.com/UploadFiles/BottomMaterielPic/05.png","Synopsis":"无","CPCPrice":0.10,"CPLPrice":3.00,"TaskAmount":804.00,"RuleCount":20000,"TakeCount":1},{"TaskId":16400,"TaskName":"新年更优惠，立即询底价","MaterialUrl":"https://h5.qichedaquan.com/jike/","BillingRuleName":"0.14元/CPC + 3元/CPL","ImgUrl":"http://op.chitunion.com/UploadFiles/BottomMaterielPic/08.png","Synopsis":"无","CPCPrice":0.14,"CPLPrice":3.00,"TaskAmount":849.00,"RuleCount":20000,"TakeCount":0},{"TaskId":16399,"TaskName":"小白买车，帮你选好车","MaterialUrl":"https://h5.qichedaquan.com/jike/","BillingRuleName":"0.29元/CPC + 3元/CPL","ImgUrl":"http://op.chitunion.com/UploadFiles/BottomMaterielPic/07.png","Synopsis":"无","CPCPrice":0.29,"CPLPrice":3.00,"TaskAmount":999.00,"RuleCount":20000,"TakeCount":15},{"TaskId":16398,"TaskName":"买车要砍价，找TA报价优惠多","MaterialUrl":"https://h5.qichedaquan.com/jike/","BillingRuleName":"0.27元/CPC + 3元/CPL","ImgUrl":"http://op.chitunion.com/UploadFiles/BottomMaterielPic/02.png","Synopsis":"无","CPCPrice":0.27,"CPLPrice":3.00,"TaskAmount":973.00,"RuleCount":20000,"TakeCount":14},{"TaskId":16397,"TaskName":"买新车来询价，低价马上到手","MaterialUrl":"https://h5.qichedaquan.com/jike/","BillingRuleName":"0.26元/CPC + 3元/CPL","ImgUrl":"http://op.chitunion.com/UploadFiles/BottomMaterielPic/04.png","Synopsis":"无","CPCPrice":0.26,"CPLPrice":3.00,"TaskAmount":995.00,"RuleCount":20000,"TakeCount":6},{"TaskId":16396,"TaskName":"低价买新车，立即询底价","MaterialUrl":"https://h5.qichedaquan.com/jike/","BillingRuleName":"0.10元/CPC + 0元/CPL","ImgUrl":"http://op.chitunion.com/UploadFiles/BottomMaterielPic/01.png","Synopsis":"无","CPCPrice":0.10,"CPLPrice":0.00,"TaskAmount":523.00,"RuleCount":20000,"TakeCount":0}],"TotleCount":8,"Extend":null},"IsOverdue":null}

2018-03-14 14:50:04,219 [15] INFO  BaseLog [(null)] - [IsAuthorized]IsCheckIP=False,IsCheckLogin=True,CheckModuleRight=,用户请求的地址=http://www1.chitunion.com/api/task/VerifyEffective,UrlRefer=http://www1.chitunion.com/static/media/contentDistribution.html
2018-03-14 14:50:04,226 [17] INFO  BaseLog [(null)] - 
请求的url地址：http://www1.chitunion.com/api/task/VerifyEffective
客户端IP:127.0.0.1
执行的时间:3.6985ms
请求的参数:{"CheckLogin":true}
返回的结果:{"Status":0,"Message":"操作成功","Result":null,"IsOverdue":null}

2018-03-14 14:50:04,244 [15] INFO  BaseLog [(null)] - [IsAuthorized]IsCheckIP=False,IsCheckLogin=True,CheckModuleRight=,用户请求的地址=http://www1.chitunion.com/api/task/Receive,UrlRefer=http://www1.chitunion.com/static/media/contentDistribution.html
2018-03-14 14:50:04,388 [15] INFO  BaseLog [(null)] - pasterUrl=http://192.168.3.76/group4/M00/02/5B/pIYBAFqoxzmADqjUAAFex4hTVVk779.png
2018-03-14 14:50:04,406 [21] INFO  BaseLog [(null)] - 
请求的url地址：http://www1.chitunion.com/api/task/Receive
客户端IP:127.0.0.1
执行的时间:157.9195ms
请求的参数:{"CheckLogin":true,"request":{"TaskType":192002,"TaskId":16403,"MediaId":0,"IP":null,"ChannelId":101001,"OrderUrl":null,"UserId":0,"ShareType":0}}
返回的结果:{"Status":0,"Message":"操作成功","Result":{"OrderId":653,"Title":"买车全包圆儿，立即体验","OrderUrl":"https://h5.qichedaquan.com/jike/?utm_source=chitu&utm_term=BhQ7m2pCtf","PasterUrl":"http://192.168.3.76/group4/M00/02/5B/pIYBAFqoxzmADqjUAAFex4hTVVk779.png","ShareTempQrImage":"/UploadFiles/temp/2018/3/14/temp_e64ab047-c303-4b81-9bf1-dbce29976950.png"},"IsOverdue":null}

2018-03-14 14:50:09,154 [21] INFO  BaseLog [(null)] - [IsAuthorized]IsCheckIP=False,IsCheckLogin=True,CheckModuleRight=,用户请求的地址=http://www1.chitunion.com/api/order/GetInfo?OrderId=653,UrlRefer=http://www1.chitunion.com/manager/media/order/patch-detail.html?OrderId=653
2018-03-14 14:50:09,206 [5] INFO  BaseLog [(null)] - 
请求的url地址：http://www1.chitunion.com/api/order/GetInfo?OrderId=653
客户端IP:127.0.0.1
执行的时间:43.6156ms
请求的参数:{"CheckLogin":true,"request":{"OrderId":653}}
返回的结果:{"Status":0,"Message":null,"Result":{"OrderUrl":"https://h5.qichedaquan.com/jike/?utm_source=chitu&utm_term=BhQ7m2pCtf","PasterUrl":"http://192.168.3.76/group4/M00/02/5B/pIYBAFqoxzmADqjUAAFex4hTVVk779.png","OrderId":653,"OrderName":"买车全包圆儿，立即体验","BillingRuleName":"0.10元/CPC + 3元/CPL","TotalAmount":0.00,"OrderStatus":"进行中","ReceiveTime":"2018-03-14 14:50:04","CPCPrice":0.10,"CPLPrice":3.00},"IsOverdue":null}

2018-03-14 14:50:09,462 [17] INFO  BaseLog [(null)] - [IsAuthorized]IsCheckIP=False,IsCheckLogin=True,CheckModuleRight=,用户请求的地址=http://www1.chitunion.com/api/order/GetIncomeDetails?OrderId=653,UrlRefer=http://www1.chitunion.com/manager/media/order/patch-detail.html?OrderId=653
2018-03-14 14:50:09,491 [15] INFO  BaseLog [(null)] - 
请求的url地址：http://www1.chitunion.com/api/order/GetIncomeDetails?OrderId=653
客户端IP:127.0.0.1
执行的时间:17.5469ms
请求的参数:{"CheckLogin":true,"request":{"OrderId":653}}
返回的结果:{"Status":0,"Message":null,"Result":{"List":[],"Extend":{"TotalCPCTotalPrice":null,"TotalCPLTotalPrice":null,"TotalMoney":null,"TotalCPCCount":0,"TotalCPLCount":0}},"IsOverdue":null}

2018-03-14 14:50:09,632 [15] INFO  BaseLog [(null)] - [IsAuthorized]IsCheckIP=False,IsCheckLogin=True,CheckModuleRight=,用户请求的地址=http://www1.chitunion.com/api/Authorize/GetMenuInfo,UrlRefer=http://www1.chitunion.com/manager/media/order/patch-detail.html?OrderId=653
