2018-01-19 10:54:06,182 [6] INFO  BaseLog [(null)] - [IsAuthorized]IsCheckIP=False,IsCheckLogin=True,CheckModuleRight=,用户请求的地址=http://www1.chitunion.com/api/SmartSearch/GetSmartSearchCount,UrlRefer=http://www1.chitunion.com/manager/advertister/personal/PersonCenter.html
2018-01-19 10:54:06,184 [5] INFO  BaseLog [(null)] - [IsAuthorized]IsCheckIP=False,IsCheckLogin=True,CheckModuleRight=,用户请求的地址=http://www1.chitunion.com/api/SmartSearch/GetSmartSearchList?PageSize=10&PageIndex=1,UrlRefer=http://www1.chitunion.com/manager/advertister/personal/PersonCenter.html
2018-01-19 10:54:06,187 [8] INFO  BaseLog [(null)] - [IsAuthorized]IsCheckIP=False,IsCheckLogin=True,CheckModuleRight=,用户请求的地址=http://www1.chitunion.com/api/Authorize/GetMenuInfo,UrlRefer=http://www1.chitunion.com/manager/advertister/personal/PersonCenter.html
2018-01-19 10:54:06,799 [7] INFO  BaseLog [(null)] - 
请求的url地址：http://www1.chitunion.com/api/SmartSearch/GetSmartSearchList?PageSize=10&PageIndex=1
执行的时间:61.1628ms
请求的参数:{"CheckLogin":true,"query":{"PageIndex":1,"PageSize":10,"Status":0,"Name":null}}
返回的结果:{"Status":0,"Message":"OK","Result":{"List":[],"TotalCount":0},"IsOverdue":null}

2018-01-19 10:54:06,849 [7] INFO  BaseLog [(null)] - 
请求的url地址：http://www1.chitunion.com/api/SmartSearch/GetSmartSearchCount
执行的时间:197.5258ms
请求的参数:{"CheckLogin":true}
返回的结果:{"Status":0,"Message":"OK","Result":{"PromotionCount":0},"IsOverdue":null}

2018-01-19 14:04:07,695 [7] INFO  BaseLog [(null)] - [IsAuthorized]IsCheckIP=False,IsCheckLogin=True,CheckModuleRight=,用户请求的地址=http://www1.chitunion.com/api/Authorize/GetMenuInfo,UrlRefer=http://www1.chitunion.com/test/main.html
2018-01-19 14:05:29,753 [12] INFO  BaseLog [(null)] - [IsAuthorized]IsCheckIP=False,IsCheckLogin=True,CheckModuleRight=,用户请求的地址=http://www1.chitunion.com/api/Authorize/GetMenuInfo,UrlRefer=http://www1.chitunion.com/test/main.html
2018-01-19 14:05:29,755 [12] INFO  BaseLog [(null)] - [AuthorizedResult]用户验证失败,CheckLogin=False
2018-01-19 14:06:10,736 [6] INFO  BaseLog [(null)] - [IsAuthorized]IsCheckIP=False,IsCheckLogin=True,CheckModuleRight=,用户请求的地址=http://www1.chitunion.com/api/Authorize/GetMenuInfo,UrlRefer=http://www1.chitunion.com/test/main.html
2018-01-19 14:08:30,789 [12] INFO  BaseLog [(null)] - [IsAuthorized]IsCheckIP=False,IsCheckLogin=True,CheckModuleRight=,用户请求的地址=http://www1.chitunion.com/api/Authorize/GetMenuInfo,UrlRefer=http://www1.chitunion.com/test/main.html
2018-01-19 14:08:42,337 [19] INFO  BaseLog [(null)] - [IsAuthorized]IsCheckIP=False,IsCheckLogin=True,CheckModuleRight=,用户请求的地址=http://www1.chitunion.com/api/Authorize/GetMenuInfo,UrlRefer=http://www1.chitunion.com/test/main.html
2018-01-19 17:22:41,686 [8] INFO  BaseLog [(null)] - [IsAuthorized]IsCheckIP=False,IsCheckLogin=True,CheckModuleRight=,用户请求的地址=http://www1.chitunion.com/api/Authorize/GetMenuInfo,UrlRefer=http://www1.chitunion.com/test/main.html
2018-01-19 17:22:41,709 [8] INFO  BaseLog [(null)] - [AuthorizedResult]用户验证失败,CheckLogin=False
