2018-01-09 13:10:57,729 [10] INFO  BaseLog [(null)] - [IsAuthorized]IsCheckIP=False,IsCheckLogin=True,CheckModuleRight=,用户请求的地址=http://www1.chitunion.com/api/Authorize/GetMenuInfo,UrlRefer=http://www1.chitunion.com/manager/advertister/personal/PersonCenter.html
2018-01-09 13:10:57,739 [8] INFO  BaseLog [(null)] - [IsAuthorized]IsCheckIP=False,IsCheckLogin=True,CheckModuleRight=,用户请求的地址=http://www1.chitunion.com/api/SmartSearch/GetSmartSearchCount,UrlRefer=http://www1.chitunion.com/manager/advertister/personal/PersonCenter.html
2018-01-09 13:10:57,741 [6] INFO  BaseLog [(null)] - [IsAuthorized]IsCheckIP=False,IsCheckLogin=True,CheckModuleRight=,用户请求的地址=http://www1.chitunion.com/api/SmartSearch/GetSmartSearchList?PageSize=10&PageIndex=1,UrlRefer=http://www1.chitunion.com/manager/advertister/personal/PersonCenter.html
2018-01-09 13:10:58,013 [16] INFO  BaseLog [(null)] - 
请求的url地址：http://www1.chitunion.com/api/SmartSearch/GetSmartSearchCount
执行的时间:44.9473ms
请求的参数:{"CheckLogin":true}
返回的结果:{"Status":-1,"Message":"没有权限","Result":null,"IsOverdue":null}

2018-01-09 13:10:58,013 [5] INFO  BaseLog [(null)] - 
请求的url地址：http://www1.chitunion.com/api/SmartSearch/GetSmartSearchList?PageSize=10&PageIndex=1
执行的时间:7.0189ms
请求的参数:{"CheckLogin":true,"query":{"PageIndex":1,"PageSize":10,"Status":0,"Name":null}}
返回的结果:{"Status":-1,"Message":"没有权限","Result":null,"IsOverdue":null}

2018-01-09 13:11:01,498 [16] INFO  BaseLog [(null)] - [IsAuthorized]IsCheckIP=False,IsCheckLogin=True,CheckModuleRight=,用户请求的地址=http://www1.chitunion.com/api/Authorize/GetMenuInfo,UrlRefer=http://www1.chitunion.com/manager/advertister/personal/PersonCenter.html
2018-01-09 13:11:01,498 [8] INFO  BaseLog [(null)] - [IsAuthorized]IsCheckIP=False,IsCheckLogin=True,CheckModuleRight=,用户请求的地址=http://www1.chitunion.com/api/SmartSearch/GetSmartSearchCount,UrlRefer=http://www1.chitunion.com/manager/advertister/personal/PersonCenter.html
2018-01-09 13:11:01,506 [10] INFO  BaseLog [(null)] - [IsAuthorized]IsCheckIP=False,IsCheckLogin=True,CheckModuleRight=,用户请求的地址=http://www1.chitunion.com/api/SmartSearch/GetSmartSearchList?PageSize=10&PageIndex=1,UrlRefer=http://www1.chitunion.com/manager/advertister/personal/PersonCenter.html
2018-01-09 13:11:01,512 [5] INFO  BaseLog [(null)] - 
请求的url地址：http://www1.chitunion.com/api/SmartSearch/GetSmartSearchCount
执行的时间:8.021ms
请求的参数:{"CheckLogin":true}
返回的结果:{"Status":-1,"Message":"没有权限","Result":null,"IsOverdue":null}

2018-01-09 13:11:01,520 [10] INFO  BaseLog [(null)] - 
请求的url地址：http://www1.chitunion.com/api/SmartSearch/GetSmartSearchList?PageSize=10&PageIndex=1
执行的时间:6.0171ms
请求的参数:{"CheckLogin":true,"query":{"PageIndex":1,"PageSize":10,"Status":0,"Name":null}}
返回的结果:{"Status":-1,"Message":"没有权限","Result":null,"IsOverdue":null}

2018-01-09 13:13:53,232 [6] INFO  BaseLog [(null)] - [IsAuthorized]IsCheckIP=False,IsCheckLogin=True,CheckModuleRight=,用户请求的地址=http://www1.chitunion.com/api/Authorize/GetMenuInfo,UrlRefer=
2018-01-09 13:18:39,720 [8] INFO  BaseLog [(null)] - [IsAuthorized]IsCheckIP=False,IsCheckLogin=True,CheckModuleRight=,用户请求的地址=http://www1.chitunion.com/api/Authorize/GetMenuInfo,UrlRefer=
2018-01-09 13:18:39,726 [8] INFO  BaseLog [(null)] - [AuthorizedResult]用户验证失败,CheckLogin=False
2018-01-09 13:18:41,050 [6] INFO  BaseLog [(null)] - [IsAuthorized]IsCheckIP=False,IsCheckLogin=True,CheckModuleRight=,用户请求的地址=http://www1.chitunion.com/api/Authorize/GetMenuInfo,UrlRefer=
2018-01-09 13:18:41,053 [6] INFO  BaseLog [(null)] - [AuthorizedResult]用户验证失败,CheckLogin=False
2018-01-09 13:18:41,531 [8] INFO  BaseLog [(null)] - [IsAuthorized]IsCheckIP=False,IsCheckLogin=True,CheckModuleRight=,用户请求的地址=http://www1.chitunion.com/api/Authorize/GetMenuInfo,UrlRefer=
2018-01-09 13:18:41,535 [8] INFO  BaseLog [(null)] - [AuthorizedResult]用户验证失败,CheckLogin=False
2018-01-09 13:18:41,713 [8] INFO  BaseLog [(null)] - [IsAuthorized]IsCheckIP=False,IsCheckLogin=True,CheckModuleRight=,用户请求的地址=http://www1.chitunion.com/api/Authorize/GetMenuInfo,UrlRefer=
2018-01-09 13:18:41,718 [8] INFO  BaseLog [(null)] - [AuthorizedResult]用户验证失败,CheckLogin=False
2018-01-09 13:18:41,909 [21] INFO  BaseLog [(null)] - [IsAuthorized]IsCheckIP=False,IsCheckLogin=True,CheckModuleRight=,用户请求的地址=http://www1.chitunion.com/api/Authorize/GetMenuInfo,UrlRefer=
2018-01-09 13:18:41,913 [21] INFO  BaseLog [(null)] - [AuthorizedResult]用户验证失败,CheckLogin=False
2018-01-09 13:18:42,086 [26] INFO  BaseLog [(null)] - [IsAuthorized]IsCheckIP=False,IsCheckLogin=True,CheckModuleRight=,用户请求的地址=http://www1.chitunion.com/api/Authorize/GetMenuInfo,UrlRefer=
2018-01-09 13:18:42,090 [26] INFO  BaseLog [(null)] - [AuthorizedResult]用户验证失败,CheckLogin=False
2018-01-09 13:18:42,287 [8] INFO  BaseLog [(null)] - [IsAuthorized]IsCheckIP=False,IsCheckLogin=True,CheckModuleRight=,用户请求的地址=http://www1.chitunion.com/api/Authorize/GetMenuInfo,UrlRefer=
2018-01-09 13:18:42,292 [8] INFO  BaseLog [(null)] - [AuthorizedResult]用户验证失败,CheckLogin=False
2018-01-09 13:18:42,571 [6] INFO  BaseLog [(null)] - [IsAuthorized]IsCheckIP=False,IsCheckLogin=True,CheckModuleRight=,用户请求的地址=http://www1.chitunion.com/api/Authorize/GetMenuInfo,UrlRefer=
2018-01-09 13:18:42,575 [6] INFO  BaseLog [(null)] - [AuthorizedResult]用户验证失败,CheckLogin=False
2018-01-09 13:18:42,799 [8] INFO  BaseLog [(null)] - [IsAuthorized]IsCheckIP=False,IsCheckLogin=True,CheckModuleRight=,用户请求的地址=http://www1.chitunion.com/api/Authorize/GetMenuInfo,UrlRefer=
2018-01-09 13:18:42,803 [8] INFO  BaseLog [(null)] - [AuthorizedResult]用户验证失败,CheckLogin=False
2018-01-09 13:18:43,836 [8] INFO  BaseLog [(null)] - [IsAuthorized]IsCheckIP=False,IsCheckLogin=True,CheckModuleRight=,用户请求的地址=http://www1.chitunion.com/api/Authorize/GetMenuInfo,UrlRefer=
2018-01-09 13:18:43,840 [8] INFO  BaseLog [(null)] - [AuthorizedResult]用户验证失败,CheckLogin=False
2018-01-09 13:18:44,349 [19] INFO  BaseLog [(null)] - [IsAuthorized]IsCheckIP=False,IsCheckLogin=True,CheckModuleRight=,用户请求的地址=http://www1.chitunion.com/api/Authorize/GetMenuInfo,UrlRefer=
2018-01-09 13:18:44,352 [19] INFO  BaseLog [(null)] - [AuthorizedResult]用户验证失败,CheckLogin=False
2018-01-09 13:18:44,568 [19] INFO  BaseLog [(null)] - [IsAuthorized]IsCheckIP=False,IsCheckLogin=True,CheckModuleRight=,用户请求的地址=http://www1.chitunion.com/api/Authorize/GetMenuInfo,UrlRefer=
2018-01-09 13:18:44,572 [19] INFO  BaseLog [(null)] - [AuthorizedResult]用户验证失败,CheckLogin=False
2018-01-09 13:18:44,797 [19] INFO  BaseLog [(null)] - [IsAuthorized]IsCheckIP=False,IsCheckLogin=True,CheckModuleRight=,用户请求的地址=http://www1.chitunion.com/api/Authorize/GetMenuInfo,UrlRefer=
2018-01-09 13:18:44,801 [19] INFO  BaseLog [(null)] - [AuthorizedResult]用户验证失败,CheckLogin=False
2018-01-09 13:18:45,235 [6] INFO  BaseLog [(null)] - [IsAuthorized]IsCheckIP=False,IsCheckLogin=True,CheckModuleRight=,用户请求的地址=http://www1.chitunion.com/api/Authorize/GetMenuInfo,UrlRefer=
2018-01-09 13:18:45,239 [6] INFO  BaseLog [(null)] - [AuthorizedResult]用户验证失败,CheckLogin=False
2018-01-09 13:18:45,513 [26] INFO  BaseLog [(null)] - [IsAuthorized]IsCheckIP=False,IsCheckLogin=True,CheckModuleRight=,用户请求的地址=http://www1.chitunion.com/api/Authorize/GetMenuInfo,UrlRefer=
2018-01-09 13:18:45,518 [26] INFO  BaseLog [(null)] - [AuthorizedResult]用户验证失败,CheckLogin=False
2018-01-09 13:18:47,985 [8] INFO  BaseLog [(null)] - [IsAuthorized]IsCheckIP=False,IsCheckLogin=True,CheckModuleRight=,用户请求的地址=http://www1.chitunion.com/api/Authorize/GetMenuInfo,UrlRefer=
2018-01-09 13:18:47,989 [8] INFO  BaseLog [(null)] - [AuthorizedResult]用户验证失败,CheckLogin=False
2018-01-09 13:18:49,177 [8] INFO  BaseLog [(null)] - [IsAuthorized]IsCheckIP=False,IsCheckLogin=True,CheckModuleRight=,用户请求的地址=http://www1.chitunion.com/api/Authorize/GetMenuInfo,UrlRefer=
2018-01-09 13:18:49,180 [8] INFO  BaseLog [(null)] - [AuthorizedResult]用户验证失败,CheckLogin=False
2018-01-09 13:18:49,576 [8] INFO  BaseLog [(null)] - [IsAuthorized]IsCheckIP=False,IsCheckLogin=True,CheckModuleRight=,用户请求的地址=http://www1.chitunion.com/api/Authorize/GetMenuInfo,UrlRefer=
2018-01-09 13:18:49,580 [8] INFO  BaseLog [(null)] - [AuthorizedResult]用户验证失败,CheckLogin=False
2018-01-09 13:18:49,817 [8] INFO  BaseLog [(null)] - [IsAuthorized]IsCheckIP=False,IsCheckLogin=True,CheckModuleRight=,用户请求的地址=http://www1.chitunion.com/api/Authorize/GetMenuInfo,UrlRefer=
2018-01-09 13:18:49,822 [8] INFO  BaseLog [(null)] - [AuthorizedResult]用户验证失败,CheckLogin=False
2018-01-09 13:19:38,849 [38] INFO  BaseLog [(null)] - [IsAuthorized]IsCheckIP=False,IsCheckLogin=True,CheckModuleRight=,用户请求的地址=http://www1.chitunion.com/api/SmartSearch/GetSmartSearchList?PageSize=10&PageIndex=1,UrlRefer=http://www1.chitunion.com/manager/advertister/personal/PersonCenter.html
2018-01-09 13:19:38,860 [33] INFO  BaseLog [(null)] - [IsAuthorized]IsCheckIP=False,IsCheckLogin=True,CheckModuleRight=,用户请求的地址=http://www1.chitunion.com/api/SmartSearch/GetSmartSearchCount,UrlRefer=http://www1.chitunion.com/manager/advertister/personal/PersonCenter.html
2018-01-09 13:19:38,862 [38] INFO  BaseLog [(null)] - 
请求的url地址：http://www1.chitunion.com/api/SmartSearch/GetSmartSearchList?PageSize=10&PageIndex=1
执行的时间:7.0192ms
请求的参数:{"CheckLogin":true,"query":{"PageIndex":1,"PageSize":10,"Status":0,"Name":null}}
返回的结果:{"Status":-1,"Message":"没有权限","Result":null,"IsOverdue":null}

2018-01-09 13:19:38,883 [39] INFO  BaseLog [(null)] - 
请求的url地址：http://www1.chitunion.com/api/SmartSearch/GetSmartSearchCount
执行的时间:4.0114ms
请求的参数:{"CheckLogin":true}
返回的结果:{"Status":-1,"Message":"没有权限","Result":null,"IsOverdue":null}

2018-01-09 13:19:38,914 [42] INFO  BaseLog [(null)] - [IsAuthorized]IsCheckIP=False,IsCheckLogin=True,CheckModuleRight=,用户请求的地址=http://www1.chitunion.com/api/Authorize/GetMenuInfo,UrlRefer=http://www1.chitunion.com/manager/advertister/personal/PersonCenter.html
