2018-03-01 13:55:09,206 [13] INFO  BaseLog [(null)] - [IsAuthorized]IsCheckIP=False,IsCheckLogin=True,CheckModuleRight=,用户请求的地址=http://www1.chitunion.com/api/SmartSearch/GetSmartSearchList?PageSize=10&PageIndex=1&r=0.8386087034233386,UrlRefer=http://www1.chitunion.com/manager/advertister/personal/PersonCenter.html
2018-03-01 13:55:09,214 [11] INFO  BaseLog [(null)] - [IsAuthorized]IsCheckIP=False,IsCheckLogin=True,CheckModuleRight=,用户请求的地址=http://www1.chitunion.com/api/Authorize/GetMenuInfo,UrlRefer=http://www1.chitunion.com/manager/advertister/personal/PersonCenter.html
2018-03-01 13:55:09,215 [12] INFO  BaseLog [(null)] - [IsAuthorized]IsCheckIP=False,IsCheckLogin=True,CheckModuleRight=,用户请求的地址=http://www1.chitunion.com/api/SmartSearch/GetSmartSearchCount?r=0.4004727196497716,UrlRefer=http://www1.chitunion.com/manager/advertister/personal/PersonCenter.html
2018-03-01 13:55:09,541 [5] INFO  BaseLog [(null)] - 
请求的url地址：http://www1.chitunion.com/api/SmartSearch/GetSmartSearchCount?r=0.4004727196497716
客户端IP:127.0.0.1
执行的时间:32.3355ms
请求的参数:{"CheckLogin":true}
返回的结果:{"Status":-1,"Message":"没有权限","Result":null,"IsOverdue":null}

2018-03-01 13:55:09,554 [12] INFO  BaseLog [(null)] - 
请求的url地址：http://www1.chitunion.com/api/SmartSearch/GetSmartSearchList?PageSize=10&PageIndex=1&r=0.8386087034233386
客户端IP:127.0.0.1
执行的时间:10.0262ms
请求的参数:{"CheckLogin":true,"query":{"PageIndex":1,"PageSize":10,"Status":0,"Name":null}}
返回的结果:{"Status":-1,"Message":"没有权限","Result":null,"IsOverdue":null}

2018-03-01 13:55:10,208 [12] INFO  BaseLog [(null)] - [IsAuthorized]IsCheckIP=False,IsCheckLogin=True,CheckModuleRight=,用户请求的地址=http://www1.chitunion.com/api/media/GetStatistInfo?r=0.2937837384784284,UrlRefer=http://www1.chitunion.com/manager/media/personal/personalCenter.html
2018-03-01 13:55:10,209 [13] INFO  BaseLog [(null)] - [IsAuthorized]IsCheckIP=False,IsCheckLogin=True,CheckModuleRight=,用户请求的地址=http://www1.chitunion.com/api/media/GetBindingsWxList?PageIndex=1&PageSize=20&r=0.672323537651707,UrlRefer=http://www1.chitunion.com/manager/media/personal/personalCenter.html
2018-03-01 13:55:10,233 [6] INFO  BaseLog [(null)] - [IsAuthorized]IsCheckIP=False,IsCheckLogin=True,CheckModuleRight=,用户请求的地址=http://www1.chitunion.com/api/Authorize/GetMenuInfo,UrlRefer=http://www1.chitunion.com/manager/media/personal/personalCenter.html
2018-03-01 13:55:10,239 [13] INFO  BaseLog [(null)] - 
当前操作类型:WeiXin
 查询条件信息:{"BusinessType":0,"Number":null,"Name":null,"Status":-2,"PublishStatus":-2,"EndTime":-2,"Source":-2,"OrderBy":0,"PageIndex":1,"PageSize":20,"SqlWhere":null,"UserId":1427}
2018-03-01 13:55:10,409 [6] INFO  BaseLog [(null)] - 
请求的url地址：http://www1.chitunion.com/api/media/GetBindingsWxList?PageIndex=1&PageSize=20&r=0.672323537651707
客户端IP:127.0.0.1
执行的时间:166.492ms
请求的参数:{"CheckLogin":true,"request":{"BusinessType":0,"Number":null,"Name":null,"Status":-2,"PublishStatus":-2,"EndTime":-2,"Source":-2,"OrderBy":0,"PageIndex":1,"PageSize":20,"SqlWhere":null,"UserId":0}}
返回的结果:{"Status":0,"Message":null,"Result":{"List":[],"TotleCount":0,"Extend":null},"IsOverdue":null}

2018-03-01 13:55:10,497 [13] INFO  BaseLog [(null)] - 
请求的url地址：http://www1.chitunion.com/api/media/GetStatistInfo?r=0.2937837384784284
客户端IP:127.0.0.1
执行的时间:271.7812ms
请求的参数:{"CheckLogin":true}
返回的结果:{"Status":0,"Message":null,"Result":{"UserId":1427,"UserHeadImg":null,"UserName":"masj_0","EarningsPrice":0.00,"OrderCount":8,"BindingsCount":0},"IsOverdue":null}

2018-03-01 18:52:31,529 [8] INFO  BaseLog [(null)] - [IsAuthorized]IsCheckIP=False,IsCheckLogin=True,CheckModuleRight=,用户请求的地址=http://www1.chitunion.com/api/Authorize/GetMenuInfo,UrlRefer=http://www1.chitunion.com/test/main.html
2018-03-01 18:52:31,545 [8] INFO  BaseLog [(null)] - [AuthorizedResult]用户验证失败,CheckLogin=False
2018-03-01 18:52:48,955 [12] INFO  BaseLog [(null)] - [IsAuthorized]IsCheckIP=False,IsCheckLogin=True,CheckModuleRight=,用户请求的地址=http://www1.chitunion.com/api/Authorize/GetMenuInfo,UrlRefer=http://www1.chitunion.com/test/test_uploadfile.html
2018-03-01 18:52:48,955 [12] INFO  BaseLog [(null)] - [AuthorizedResult]用户验证失败,CheckLogin=False
2018-03-01 18:53:07,387 [8] INFO  BaseLog [(null)] - [IsAuthorized]IsCheckIP=False,IsCheckLogin=True,CheckModuleRight=,用户请求的地址=http://www1.chitunion.com/api/Authorize/GetMenuInfo,UrlRefer=http://www1.chitunion.com/test/test_uploadfile.html
2018-03-01 18:53:07,387 [8] INFO  BaseLog [(null)] - [AuthorizedResult]用户验证失败,CheckLogin=False
2018-03-01 18:54:51,367 [11] INFO  BaseLog [(null)] - [IsAuthorized]IsCheckIP=False,IsCheckLogin=True,CheckModuleRight=,用户请求的地址=http://www1.chitunion.com/api/Authorize/GetMenuInfo,UrlRefer=http://www1.chitunion.com/test/test_uploadfile.html?nsukey=bVeEvKUN5nEh8kBrQm11dWEsPBmqgN561t979PybhglcUEcHttt1KmhS0nIdAtEvEgzcFpzhAGx7VuXDSeW29BiOMlXtqRyC%2FNABDRj4pv0tVQqBBVQmINyflxrG1BaIBGfiz8BTT7Pp2V3KlzOwJFCReY8%2FEZniZtrkBesxjFQ5Rvuzo50jNPPpap7ACuTahJywMqAQWwPt7IrVqhmyuw%3D%3D
2018-03-01 18:54:51,367 [11] INFO  BaseLog [(null)] - [AuthorizedResult]用户验证失败,CheckLogin=False
2018-03-01 18:55:40,481 [18] INFO  BaseLog [(null)] - [IsAuthorized]IsCheckIP=False,IsCheckLogin=True,CheckModuleRight=,用户请求的地址=http://www1.chitunion.com/api/CarSerial/QueryBrand,UrlRefer=http://www1.chitunion.com/test/test_uploadfile.html?nsukey=bVeEvKUN5nEh8kBrQm11dWEsPBmqgN561t979PybhglcUEcHttt1KmhS0nIdAtEvEgzcFpzhAGx7VuXDSeW29BiOMlXtqRyC%2FNABDRj4pv0tVQqBBVQmINyflxrG1BaIBGfiz8BTT7Pp2V3KlzOwJFCReY8%2FEZniZtrkBesxjFQ5Rvuzo50jNPPpap7ACuTahJywMqAQWwPt7IrVqhmyuw%3D%3D
2018-03-01 18:55:40,481 [18] INFO  BaseLog [(null)] - [AuthorizedResult]用户验证失败,CheckLogin=False
2018-03-01 18:55:42,327 [25] INFO  BaseLog [(null)] - [IsAuthorized]IsCheckIP=False,IsCheckLogin=True,CheckModuleRight=,用户请求的地址=http://www1.chitunion.com/api/CarSerial/QueryBrand,UrlRefer=http://www1.chitunion.com/test/test_uploadfile.html?nsukey=bVeEvKUN5nEh8kBrQm11dWEsPBmqgN561t979PybhglcUEcHttt1KmhS0nIdAtEvEgzcFpzhAGx7VuXDSeW29BiOMlXtqRyC%2FNABDRj4pv0tVQqBBVQmINyflxrG1BaIBGfiz8BTT7Pp2V3KlzOwJFCReY8%2FEZniZtrkBesxjFQ5Rvuzo50jNPPpap7ACuTahJywMqAQWwPt7IrVqhmyuw%3D%3D
2018-03-01 18:55:42,327 [25] INFO  BaseLog [(null)] - [AuthorizedResult]用户验证失败,CheckLogin=False
2018-03-01 18:56:31,318 [11] INFO  BaseLog [(null)] - [IsAuthorized]IsCheckIP=False,IsCheckLogin=True,CheckModuleRight=,用户请求的地址=http://www1.chitunion.com/api/Authorize/GetMenuInfo,UrlRefer=http://www1.chitunion.com/test/test_uploadfile.html
2018-03-01 18:56:31,318 [11] INFO  BaseLog [(null)] - [AuthorizedResult]用户验证失败,CheckLogin=False
2018-03-01 18:57:36,087 [17] INFO  BaseLog [(null)] - [IsAuthorized]IsCheckIP=False,IsCheckLogin=True,CheckModuleRight=,用户请求的地址=http://www1.chitunion.com/api/SmartSearch/GetSmartSearchList?PageSize=10&PageIndex=1&r=0.8324882387179121,UrlRefer=http://www1.chitunion.com/manager/advertister/personal/PersonCenter.html
2018-03-01 18:57:36,104 [16] INFO  BaseLog [(null)] - [IsAuthorized]IsCheckIP=False,IsCheckLogin=True,CheckModuleRight=,用户请求的地址=http://www1.chitunion.com/api/SmartSearch/GetSmartSearchCount?r=0.6423474602150767,UrlRefer=http://www1.chitunion.com/manager/advertister/personal/PersonCenter.html
2018-03-01 18:57:36,152 [11] INFO  BaseLog [(null)] - [IsAuthorized]IsCheckIP=False,IsCheckLogin=True,CheckModuleRight=,用户请求的地址=http://www1.chitunion.com/api/Authorize/GetMenuInfo,UrlRefer=http://www1.chitunion.com/manager/advertister/personal/PersonCenter.html
2018-03-01 18:57:36,191 [14] INFO  BaseLog [(null)] - 
请求的url地址：http://www1.chitunion.com/api/SmartSearch/GetSmartSearchCount?r=0.6423474602150767
客户端IP:127.0.0.1
执行的时间:44.4572ms
请求的参数:{"CheckLogin":true}
返回的结果:{"Status":-1,"Message":"没有权限","Result":null,"IsOverdue":null}

2018-03-01 18:57:36,256 [17] INFO  BaseLog [(null)] - 
请求的url地址：http://www1.chitunion.com/api/SmartSearch/GetSmartSearchList?PageSize=10&PageIndex=1&r=0.8324882387179121
客户端IP:127.0.0.1
执行的时间:16.0452ms
请求的参数:{"CheckLogin":true,"query":{"PageIndex":1,"PageSize":10,"Status":0,"Name":null}}
返回的结果:{"Status":-1,"Message":"没有权限","Result":null,"IsOverdue":null}

2018-03-01 18:57:37,608 [22] INFO  BaseLog [(null)] - [IsAuthorized]IsCheckIP=False,IsCheckLogin=True,CheckModuleRight=,用户请求的地址=http://www1.chitunion.com/api/media/GetStatistInfo?r=0.16238823188268303,UrlRefer=http://www1.chitunion.com/manager/media/personal/personalCenter.html
2018-03-01 18:57:37,609 [16] INFO  BaseLog [(null)] - [IsAuthorized]IsCheckIP=False,IsCheckLogin=True,CheckModuleRight=,用户请求的地址=http://www1.chitunion.com/api/media/GetBindingsWxList?PageIndex=1&PageSize=20&r=0.9885142561197466,UrlRefer=http://www1.chitunion.com/manager/media/personal/personalCenter.html
2018-03-01 18:57:37,618 [15] INFO  BaseLog [(null)] - [IsAuthorized]IsCheckIP=False,IsCheckLogin=True,CheckModuleRight=,用户请求的地址=http://www1.chitunion.com/api/Authorize/GetMenuInfo,UrlRefer=http://www1.chitunion.com/manager/media/personal/personalCenter.html
2018-03-01 18:57:37,670 [17] INFO  BaseLog [(null)] - 
请求的url地址：http://www1.chitunion.com/api/media/GetStatistInfo?r=0.16238823188268303
客户端IP:127.0.0.1
执行的时间:36.8132ms
请求的参数:{"CheckLogin":true}
返回的结果:{"Status":0,"Message":null,"Result":{"UserId":1427,"UserHeadImg":null,"UserName":"masj_0","EarningsPrice":0.00,"OrderCount":8,"BindingsCount":0},"IsOverdue":null}

2018-03-01 18:57:37,681 [16] INFO  BaseLog [(null)] - 
当前操作类型:WeiXin
 查询条件信息:{"BusinessType":0,"Number":null,"Name":null,"Status":-2,"PublishStatus":-2,"EndTime":-2,"Source":-2,"OrderBy":0,"PageIndex":1,"PageSize":20,"SqlWhere":null,"UserId":1427}
2018-03-01 18:57:37,712 [15] INFO  BaseLog [(null)] - 
请求的url地址：http://www1.chitunion.com/api/media/GetBindingsWxList?PageIndex=1&PageSize=20&r=0.9885142561197466
客户端IP:127.0.0.1
执行的时间:72.4122ms
请求的参数:{"CheckLogin":true,"request":{"BusinessType":0,"Number":null,"Name":null,"Status":-2,"PublishStatus":-2,"EndTime":-2,"Source":-2,"OrderBy":0,"PageIndex":1,"PageSize":20,"SqlWhere":null,"UserId":0}}
返回的结果:{"Status":0,"Message":null,"Result":{"List":[],"TotleCount":0,"Extend":null},"IsOverdue":null}

2018-03-01 18:57:41,174 [24] INFO  BaseLog [(null)] - [IsAuthorized]IsCheckIP=False,IsCheckLogin=True,CheckModuleRight=,用户请求的地址=http://www1.chitunion.com/api/Authorize/GetMenuInfo,UrlRefer=http://www1.chitunion.com/test/test_uploadfile.html
2018-03-01 18:58:28,708 [31] INFO  BaseLog [(null)] - [IsAuthorized]IsCheckIP=False,IsCheckLogin=True,CheckModuleRight=,用户请求的地址=http://www1.chitunion.com/api/Authorize/GetMenuInfo,UrlRefer=http://www1.chitunion.com/test/test_uploadfile.html
2018-03-01 18:58:48,356 [11] INFO  BaseLog [(null)] - [IsAuthorized]IsCheckIP=False,IsCheckLogin=True,CheckModuleRight=,用户请求的地址=http://www1.chitunion.com/api/Authorize/GetMenuInfo,UrlRefer=http://www1.chitunion.com/test/test_uploadfile.html
2018-03-01 18:58:48,356 [11] INFO  BaseLog [(null)] - [AuthorizedResult]用户验证失败,CheckLogin=False
2018-03-01 19:00:55,408 [14] INFO  BaseLog [(null)] - [IsAuthorized]IsCheckIP=False,IsCheckLogin=True,CheckModuleRight=,用户请求的地址=http://www1.chitunion.com/api/SmartSearch/GetSmartSearchList?PageSize=10&PageIndex=1&r=0.2741121020727877,UrlRefer=http://www1.chitunion.com/manager/advertister/personal/PersonCenter.html
2018-03-01 19:00:55,419 [33] INFO  BaseLog [(null)] - [IsAuthorized]IsCheckIP=False,IsCheckLogin=True,CheckModuleRight=,用户请求的地址=http://www1.chitunion.com/api/SmartSearch/GetSmartSearchCount?r=0.15865909001444245,UrlRefer=http://www1.chitunion.com/manager/advertister/personal/PersonCenter.html
2018-03-01 19:00:55,439 [11] INFO  BaseLog [(null)] - 
请求的url地址：http://www1.chitunion.com/api/SmartSearch/GetSmartSearchList?PageSize=10&PageIndex=1&r=0.2741121020727877
客户端IP:127.0.0.1
执行的时间:12.3799ms
请求的参数:{"CheckLogin":true,"query":{"PageIndex":1,"PageSize":10,"Status":0,"Name":null}}
返回的结果:{"Status":-1,"Message":"没有权限","Result":null,"IsOverdue":null}

2018-03-01 19:00:55,447 [14] INFO  BaseLog [(null)] - 
请求的url地址：http://www1.chitunion.com/api/SmartSearch/GetSmartSearchCount?r=0.15865909001444245
客户端IP:127.0.0.1
执行的时间:12.8813ms
请求的参数:{"CheckLogin":true}
返回的结果:{"Status":-1,"Message":"没有权限","Result":null,"IsOverdue":null}

2018-03-01 19:00:55,448 [11] INFO  BaseLog [(null)] - [IsAuthorized]IsCheckIP=False,IsCheckLogin=True,CheckModuleRight=,用户请求的地址=http://www1.chitunion.com/api/Authorize/GetMenuInfo,UrlRefer=http://www1.chitunion.com/manager/advertister/personal/PersonCenter.html
2018-03-01 19:00:55,799 [35] INFO  BaseLog [(null)] - [IsAuthorized]IsCheckIP=False,IsCheckLogin=True,CheckModuleRight=,用户请求的地址=http://www1.chitunion.com/api/media/GetStatistInfo?r=0.8338537821627487,UrlRefer=http://www1.chitunion.com/manager/media/personal/personalCenter.html
2018-03-01 19:00:55,808 [14] INFO  BaseLog [(null)] - [IsAuthorized]IsCheckIP=False,IsCheckLogin=True,CheckModuleRight=,用户请求的地址=http://www1.chitunion.com/api/media/GetBindingsWxList?PageIndex=1&PageSize=20&r=0.020931138445528852,UrlRefer=http://www1.chitunion.com/manager/media/personal/personalCenter.html
2018-03-01 19:00:55,826 [11] INFO  BaseLog [(null)] - [IsAuthorized]IsCheckIP=False,IsCheckLogin=True,CheckModuleRight=,用户请求的地址=http://www1.chitunion.com/api/Authorize/GetMenuInfo,UrlRefer=http://www1.chitunion.com/manager/media/personal/personalCenter.html
2018-03-01 19:00:55,848 [14] INFO  BaseLog [(null)] - 
当前操作类型:WeiXin
 查询条件信息:{"BusinessType":0,"Number":null,"Name":null,"Status":-2,"PublishStatus":-2,"EndTime":-2,"Source":-2,"OrderBy":0,"PageIndex":1,"PageSize":20,"SqlWhere":null,"UserId":1427}
2018-03-01 19:00:55,850 [33] INFO  BaseLog [(null)] - 
请求的url地址：http://www1.chitunion.com/api/media/GetStatistInfo?r=0.8338537821627487
客户端IP:127.0.0.1
执行的时间:40.9975ms
请求的参数:{"CheckLogin":true}
返回的结果:{"Status":0,"Message":null,"Result":{"UserId":1427,"UserHeadImg":null,"UserName":"masj_0","EarningsPrice":0.00,"OrderCount":8,"BindingsCount":0},"IsOverdue":null}

2018-03-01 19:00:55,887 [14] INFO  BaseLog [(null)] - 
请求的url地址：http://www1.chitunion.com/api/media/GetBindingsWxList?PageIndex=1&PageSize=20&r=0.020931138445528852
客户端IP:127.0.0.1
执行的时间:55.6478ms
请求的参数:{"CheckLogin":true,"request":{"BusinessType":0,"Number":null,"Name":null,"Status":-2,"PublishStatus":-2,"EndTime":-2,"Source":-2,"OrderBy":0,"PageIndex":1,"PageSize":20,"SqlWhere":null,"UserId":0}}
返回的结果:{"Status":0,"Message":null,"Result":{"List":[],"TotleCount":0,"Extend":null},"IsOverdue":null}

2018-03-01 19:00:59,094 [36] INFO  BaseLog [(null)] - [IsAuthorized]IsCheckIP=False,IsCheckLogin=True,CheckModuleRight=,用户请求的地址=http://www1.chitunion.com/api/Authorize/GetMenuInfo,UrlRefer=http://www1.chitunion.com/test/test_uploadfile.html
2018-03-01 19:02:45,817 [11] INFO  BaseLog [(null)] - [IsAuthorized]IsCheckIP=False,IsCheckLogin=True,CheckModuleRight=,用户请求的地址=http://www1.chitunion.com/api/Authorize/GetMenuInfo,UrlRefer=http://www1.chitunion.com/test/test_uploadfile.html?nsukey=qA97vb2G6qiWh5GuDV%2B69zrm9lHG16BzgaBUjWcHWJHp5lHmK%2B51fD%2BoAUfJ1V7agdMLnlO7uOgyQvL%2BJOBxGki1JLhbd%2BGfiby1d47VqZyaqZKpaXo0ZgdD%2F9rI1Gxc4M8E12z00lfL%2FwU%2BlVllTVkzoK0z6iwwHveWZM9TNBvnVu7%2BKLe%2Bg5UEr11k4jY8Us1lqlXOhOQKJMa5p7tDAw%3D%3D
2018-03-01 19:03:32,790 [35] INFO  BaseLog [(null)] - [IsAuthorized]IsCheckIP=False,IsCheckLogin=True,CheckModuleRight=,用户请求的地址=http://www1.chitunion.com/api/Authorize/GetMenuInfo,UrlRefer=http://www1.chitunion.com/test/test_uploadfile.html
2018-03-01 19:03:32,790 [35] INFO  BaseLog [(null)] - [AuthorizedResult]用户验证失败,CheckLogin=False
2018-03-01 19:04:26,458 [37] INFO  BaseLog [(null)] - [IsAuthorized]IsCheckIP=False,IsCheckLogin=True,CheckModuleRight=,用户请求的地址=http://www1.chitunion.com/api/Authorize/GetMenuInfo,UrlRefer=http://www1.chitunion.com/test/test_uploadfile.html?nsukey=A3BXpw1%2B4LSDIEJkskrcDW%2BKS6%2B6dnI7GW1ZDTmeqMaQXcw18yuOHA30zP2G5lJZh9Q1TcEwVR9xOGUlyWtEs7neEEeQ0%2FIN7pdfkobkeYxqTwxCxV6DFVdCUFalTwJBYI6wQC1lH6GS5dHqLg76Z7iTbCLNRJyxA1O9RTn4Ed8sqU7kMMjqZxo1S6IJMR7pFq%2FB4NfABRucZN5Or%2F7jjg%3D%3D
2018-03-01 20:24:22,333 [6] INFO  BaseLog [(null)] - [IsAuthorized]IsCheckIP=False,IsCheckLogin=True,CheckModuleRight=,用户请求的地址=http://www1.chitunion.com/api/media/GetStatistInfo?r=0.5422840727265492,UrlRefer=http://www1.chitunion.com/manager/media/personal/personalCenter.html
2018-03-01 20:24:22,424 [9] INFO  BaseLog [(null)] - [IsAuthorized]IsCheckIP=False,IsCheckLogin=True,CheckModuleRight=,用户请求的地址=http://www1.chitunion.com/api/media/GetBindingsWxList?PageIndex=1&PageSize=20&r=0.7538155739804703,UrlRefer=http://www1.chitunion.com/manager/media/personal/personalCenter.html
2018-03-01 20:24:22,485 [10] INFO  BaseLog [(null)] - [IsAuthorized]IsCheckIP=False,IsCheckLogin=True,CheckModuleRight=,用户请求的地址=http://www1.chitunion.com/api/Authorize/GetMenuInfo,UrlRefer=http://www1.chitunion.com/manager/media/personal/personalCenter.html
2018-03-01 20:24:22,548 [9] INFO  BaseLog [(null)] - 
当前操作类型:WeiXin
 查询条件信息:{"BusinessType":0,"Number":null,"Name":null,"Status":-2,"PublishStatus":-2,"EndTime":-2,"Source":-2,"OrderBy":0,"PageIndex":1,"PageSize":20,"SqlWhere":null,"UserId":1427}
2018-03-01 20:24:22,590 [8] INFO  BaseLog [(null)] - 
请求的url地址：http://www1.chitunion.com/api/media/GetStatistInfo?r=0.5422840727265492
客户端IP:127.0.0.1
执行的时间:121.8966ms
请求的参数:{"CheckLogin":true}
返回的结果:{"Status":0,"Message":null,"Result":{"UserId":1427,"UserHeadImg":null,"UserName":"masj_0","EarningsPrice":0.00,"OrderCount":8,"BindingsCount":0},"IsOverdue":null}

2018-03-01 20:24:22,602 [9] INFO  BaseLog [(null)] - 
请求的url地址：http://www1.chitunion.com/api/media/GetBindingsWxList?PageIndex=1&PageSize=20&r=0.7538155739804703
客户端IP:127.0.0.1
执行的时间:33.0874ms
请求的参数:{"CheckLogin":true,"request":{"BusinessType":0,"Number":null,"Name":null,"Status":-2,"PublishStatus":-2,"EndTime":-2,"Source":-2,"OrderBy":0,"PageIndex":1,"PageSize":20,"SqlWhere":null,"UserId":0}}
返回的结果:{"Status":0,"Message":null,"Result":{"List":[],"TotleCount":0,"Extend":null},"IsOverdue":null}

