2018-02-09 19:04:58,287 [31] INFO  BaseLog [(null)] - 
当前操作类型:WeiXin
 查询条件信息:{"Category":0,"BusinessType":0,"Number":null,"Name":null,"Status":-2,"PublishStatus":-2,"EndTime":-2,"Source":-2,"OrderBy":0,"PageIndex":1,"PageSize":10,"SqlWhere":null,"UserId":0}
2018-02-09 19:04:58,425 [26] INFO  BaseLog [(null)] - 
请求的url地址：http://www1.chitunion.com/api/task/GetH5List?PageIndex=1&PageSize=10&Categorys=
客户端IP:127.0.0.1
执行的时间:172.4578ms
请求的参数:{"request":{"Category":0,"BusinessType":0,"Number":null,"Name":null,"Status":-2,"PublishStatus":-2,"EndTime":-2,"Source":-2,"OrderBy":0,"PageIndex":1,"PageSize":10,"SqlWhere":null,"UserId":0}}
返回的结果:{"Status":0,"Message":null,"Result":{"List":[],"TotleCount":0,"Extend":null},"IsOverdue":null}

2018-02-09 19:05:12,183 [26] INFO  BaseLog [(null)] - 
当前操作类型:WeiXin
 查询条件信息:{"Category":0,"BusinessType":0,"Number":null,"Name":null,"Status":-2,"PublishStatus":-2,"EndTime":-2,"Source":-2,"OrderBy":0,"PageIndex":1,"PageSize":10,"SqlWhere":null,"UserId":0}
2018-02-09 19:05:12,216 [27] INFO  BaseLog [(null)] - 
请求的url地址：http://www1.chitunion.com/api/task/GetH5List?PageIndex=1&PageSize=10&Categorys=
客户端IP:127.0.0.1
执行的时间:33.0867ms
请求的参数:{"request":{"Category":0,"BusinessType":0,"Number":null,"Name":null,"Status":-2,"PublishStatus":-2,"EndTime":-2,"Source":-2,"OrderBy":0,"PageIndex":1,"PageSize":10,"SqlWhere":null,"UserId":0}}
返回的结果:{"Status":0,"Message":null,"Result":{"List":[],"TotleCount":0,"Extend":null},"IsOverdue":null}

2018-02-09 19:06:22,627 [31] INFO  BaseLog [(null)] - 
当前操作类型:WeiXin
 查询条件信息:{"Category":0,"BusinessType":0,"Number":null,"Name":null,"Status":-2,"PublishStatus":-2,"EndTime":-2,"Source":-2,"OrderBy":0,"PageIndex":1,"PageSize":10,"SqlWhere":null,"UserId":0}
2018-02-09 19:06:22,716 [29] INFO  BaseLog [(null)] - 
请求的url地址：http://www1.chitunion.com/api/task/GetH5List?PageIndex=1&PageSize=10&Categorys=
客户端IP:127.0.0.1
执行的时间:140.3721ms
请求的参数:{"request":{"Category":0,"BusinessType":0,"Number":null,"Name":null,"Status":-2,"PublishStatus":-2,"EndTime":-2,"Source":-2,"OrderBy":0,"PageIndex":1,"PageSize":10,"SqlWhere":null,"UserId":0}}
返回的结果:{"Status":0,"Message":null,"Result":{"List":[],"TotleCount":0,"Extend":null},"IsOverdue":null}

2018-02-09 19:06:31,208 [25] INFO  BaseLog [(null)] - 
当前操作类型:WeiXin
 查询条件信息:{"Category":0,"BusinessType":0,"Number":null,"Name":null,"Status":-2,"PublishStatus":-2,"EndTime":-2,"Source":-2,"OrderBy":0,"PageIndex":1,"PageSize":10,"SqlWhere":null,"UserId":0}
2018-02-09 19:06:31,278 [28] INFO  BaseLog [(null)] - 
请求的url地址：http://www1.chitunion.com/api/task/GetH5List?PageIndex=1&PageSize=10&Categorys=
客户端IP:127.0.0.1
执行的时间:68.1806ms
请求的参数:{"request":{"Category":0,"BusinessType":0,"Number":null,"Name":null,"Status":-2,"PublishStatus":-2,"EndTime":-2,"Source":-2,"OrderBy":0,"PageIndex":1,"PageSize":10,"SqlWhere":null,"UserId":0}}
返回的结果:{"Status":0,"Message":null,"Result":{"List":[],"TotleCount":0,"Extend":null},"IsOverdue":null}

2018-02-09 19:06:36,280 [31] INFO  BaseLog [(null)] - 
当前操作类型:WeiXin
 查询条件信息:{"Category":0,"BusinessType":0,"Number":null,"Name":null,"Status":-2,"PublishStatus":-2,"EndTime":-2,"Source":-2,"OrderBy":0,"PageIndex":1,"PageSize":10,"SqlWhere":null,"UserId":0}
2018-02-09 19:06:36,291 [30] INFO  BaseLog [(null)] - 
请求的url地址：http://www1.chitunion.com/api/task/GetH5List?PageIndex=1&PageSize=10&Categorys=
客户端IP:127.0.0.1
执行的时间:12.0306ms
请求的参数:{"request":{"Category":0,"BusinessType":0,"Number":null,"Name":null,"Status":-2,"PublishStatus":-2,"EndTime":-2,"Source":-2,"OrderBy":0,"PageIndex":1,"PageSize":10,"SqlWhere":null,"UserId":0}}
返回的结果:{"Status":0,"Message":null,"Result":{"List":[],"TotleCount":0,"Extend":null},"IsOverdue":null}

2018-02-09 19:06:37,281 [30] INFO  BaseLog [(null)] - 
当前操作类型:WeiXin
 查询条件信息:{"Category":0,"BusinessType":0,"Number":null,"Name":null,"Status":-2,"PublishStatus":-2,"EndTime":-2,"Source":-2,"OrderBy":0,"PageIndex":1,"PageSize":10,"SqlWhere":null,"UserId":0}
2018-02-09 19:06:37,288 [27] INFO  BaseLog [(null)] - 
请求的url地址：http://www1.chitunion.com/api/task/GetH5List?PageIndex=1&PageSize=10&Categorys=
客户端IP:127.0.0.1
执行的时间:7.0178ms
请求的参数:{"request":{"Category":0,"BusinessType":0,"Number":null,"Name":null,"Status":-2,"PublishStatus":-2,"EndTime":-2,"Source":-2,"OrderBy":0,"PageIndex":1,"PageSize":10,"SqlWhere":null,"UserId":0}}
返回的结果:{"Status":0,"Message":null,"Result":{"List":[],"TotleCount":0,"Extend":null},"IsOverdue":null}

2018-02-09 19:06:38,903 [30] INFO  BaseLog [(null)] - 
当前操作类型:WeiXin
 查询条件信息:{"Category":0,"BusinessType":0,"Number":null,"Name":null,"Status":-2,"PublishStatus":-2,"EndTime":-2,"Source":-2,"OrderBy":0,"PageIndex":1,"PageSize":10,"SqlWhere":null,"UserId":0}
2018-02-09 19:06:38,912 [27] INFO  BaseLog [(null)] - 
请求的url地址：http://www1.chitunion.com/api/task/GetH5List?PageIndex=1&PageSize=10&Categorys=
客户端IP:127.0.0.1
执行的时间:7.0174ms
请求的参数:{"request":{"Category":0,"BusinessType":0,"Number":null,"Name":null,"Status":-2,"PublishStatus":-2,"EndTime":-2,"Source":-2,"OrderBy":0,"PageIndex":1,"PageSize":10,"SqlWhere":null,"UserId":0}}
返回的结果:{"Status":0,"Message":null,"Result":{"List":[],"TotleCount":0,"Extend":null},"IsOverdue":null}

2018-02-09 19:06:40,103 [29] INFO  BaseLog [(null)] - 
当前操作类型:WeiXin
 查询条件信息:{"Category":0,"BusinessType":0,"Number":null,"Name":null,"Status":-2,"PublishStatus":-2,"EndTime":-2,"Source":-2,"OrderBy":0,"PageIndex":1,"PageSize":10,"SqlWhere":null,"UserId":0}
2018-02-09 19:06:40,111 [27] INFO  BaseLog [(null)] - 
请求的url地址：http://www1.chitunion.com/api/task/GetH5List?PageIndex=1&PageSize=10&Categorys=
客户端IP:127.0.0.1
执行的时间:7.5195ms
请求的参数:{"request":{"Category":0,"BusinessType":0,"Number":null,"Name":null,"Status":-2,"PublishStatus":-2,"EndTime":-2,"Source":-2,"OrderBy":0,"PageIndex":1,"PageSize":10,"SqlWhere":null,"UserId":0}}
返回的结果:{"Status":0,"Message":null,"Result":{"List":[],"TotleCount":0,"Extend":null},"IsOverdue":null}

2018-02-09 19:06:51,486 [27] INFO  BaseLog [(null)] - 
当前操作类型:WeiXin
 查询条件信息:{"Category":0,"BusinessType":0,"Number":null,"Name":null,"Status":-2,"PublishStatus":-2,"EndTime":-2,"Source":-2,"OrderBy":0,"PageIndex":1,"PageSize":10,"SqlWhere":null,"UserId":0}
2018-02-09 19:06:51,494 [26] INFO  BaseLog [(null)] - 
请求的url地址：http://www1.chitunion.com/api/task/GetH5List?PageIndex=1&PageSize=10&Categorys=
客户端IP:127.0.0.1
执行的时间:7.5195ms
请求的参数:{"request":{"Category":0,"BusinessType":0,"Number":null,"Name":null,"Status":-2,"PublishStatus":-2,"EndTime":-2,"Source":-2,"OrderBy":0,"PageIndex":1,"PageSize":10,"SqlWhere":null,"UserId":0}}
返回的结果:{"Status":0,"Message":null,"Result":{"List":[],"TotleCount":0,"Extend":null},"IsOverdue":null}

2018-02-09 19:07:05,293 [27] INFO  BaseLog [(null)] - 
当前操作类型:WeiXin
 查询条件信息:{"Category":0,"BusinessType":0,"Number":null,"Name":null,"Status":-2,"PublishStatus":-2,"EndTime":-2,"Source":-2,"OrderBy":0,"PageIndex":1,"PageSize":10,"SqlWhere":null,"UserId":0}
2018-02-09 19:07:05,300 [26] INFO  BaseLog [(null)] - 
请求的url地址：http://www1.chitunion.com/api/task/GetH5List?PageIndex=1&PageSize=10&Categorys=
客户端IP:127.0.0.1
执行的时间:6.5641ms
请求的参数:{"request":{"Category":0,"BusinessType":0,"Number":null,"Name":null,"Status":-2,"PublishStatus":-2,"EndTime":-2,"Source":-2,"OrderBy":0,"PageIndex":1,"PageSize":10,"SqlWhere":null,"UserId":0}}
返回的结果:{"Status":0,"Message":null,"Result":{"List":[],"TotleCount":0,"Extend":null},"IsOverdue":null}

2018-02-09 19:07:06,124 [26] INFO  BaseLog [(null)] - 
当前操作类型:WeiXin
 查询条件信息:{"Category":0,"BusinessType":0,"Number":null,"Name":null,"Status":-2,"PublishStatus":-2,"EndTime":-2,"Source":-2,"OrderBy":0,"PageIndex":1,"PageSize":10,"SqlWhere":null,"UserId":0}
2018-02-09 19:07:06,132 [30] INFO  BaseLog [(null)] - 
请求的url地址：http://www1.chitunion.com/api/task/GetH5List?PageIndex=1&PageSize=10&Categorys=
客户端IP:127.0.0.1
执行的时间:7.5199ms
请求的参数:{"request":{"Category":0,"BusinessType":0,"Number":null,"Name":null,"Status":-2,"PublishStatus":-2,"EndTime":-2,"Source":-2,"OrderBy":0,"PageIndex":1,"PageSize":10,"SqlWhere":null,"UserId":0}}
返回的结果:{"Status":0,"Message":null,"Result":{"List":[],"TotleCount":0,"Extend":null},"IsOverdue":null}

2018-02-09 19:07:06,886 [30] INFO  BaseLog [(null)] - 
当前操作类型:WeiXin
 查询条件信息:{"Category":0,"BusinessType":0,"Number":null,"Name":null,"Status":-2,"PublishStatus":-2,"EndTime":-2,"Source":-2,"OrderBy":0,"PageIndex":1,"PageSize":10,"SqlWhere":null,"UserId":0}
2018-02-09 19:07:06,895 [27] INFO  BaseLog [(null)] - 
请求的url地址：http://www1.chitunion.com/api/task/GetH5List?PageIndex=1&PageSize=10&Categorys=
客户端IP:127.0.0.1
执行的时间:9.0231ms
请求的参数:{"request":{"Category":0,"BusinessType":0,"Number":null,"Name":null,"Status":-2,"PublishStatus":-2,"EndTime":-2,"Source":-2,"OrderBy":0,"PageIndex":1,"PageSize":10,"SqlWhere":null,"UserId":0}}
返回的结果:{"Status":0,"Message":null,"Result":{"List":[],"TotleCount":0,"Extend":null},"IsOverdue":null}

2018-02-09 19:07:07,295 [26] INFO  BaseLog [(null)] - 
当前操作类型:WeiXin
 查询条件信息:{"Category":0,"BusinessType":0,"Number":null,"Name":null,"Status":-2,"PublishStatus":-2,"EndTime":-2,"Source":-2,"OrderBy":0,"PageIndex":1,"PageSize":10,"SqlWhere":null,"UserId":0}
2018-02-09 19:07:07,302 [29] INFO  BaseLog [(null)] - 
请求的url地址：http://www1.chitunion.com/api/task/GetH5List?PageIndex=1&PageSize=10&Categorys=
客户端IP:127.0.0.1
执行的时间:6.555ms
请求的参数:{"request":{"Category":0,"BusinessType":0,"Number":null,"Name":null,"Status":-2,"PublishStatus":-2,"EndTime":-2,"Source":-2,"OrderBy":0,"PageIndex":1,"PageSize":10,"SqlWhere":null,"UserId":0}}
返回的结果:{"Status":0,"Message":null,"Result":{"List":[],"TotleCount":0,"Extend":null},"IsOverdue":null}

2018-02-09 19:07:07,650 [26] INFO  BaseLog [(null)] - 
当前操作类型:WeiXin
 查询条件信息:{"Category":0,"BusinessType":0,"Number":null,"Name":null,"Status":-2,"PublishStatus":-2,"EndTime":-2,"Source":-2,"OrderBy":0,"PageIndex":1,"PageSize":10,"SqlWhere":null,"UserId":0}
2018-02-09 19:07:07,657 [29] INFO  BaseLog [(null)] - 
请求的url地址：http://www1.chitunion.com/api/task/GetH5List?PageIndex=1&PageSize=10&Categorys=
客户端IP:127.0.0.1
执行的时间:6.6684ms
请求的参数:{"request":{"Category":0,"BusinessType":0,"Number":null,"Name":null,"Status":-2,"PublishStatus":-2,"EndTime":-2,"Source":-2,"OrderBy":0,"PageIndex":1,"PageSize":10,"SqlWhere":null,"UserId":0}}
返回的结果:{"Status":0,"Message":null,"Result":{"List":[],"TotleCount":0,"Extend":null},"IsOverdue":null}

2018-02-09 19:07:09,833 [27] INFO  BaseLog [(null)] - 
当前操作类型:WeiXin
 查询条件信息:{"Category":0,"BusinessType":0,"Number":null,"Name":null,"Status":-2,"PublishStatus":-2,"EndTime":-2,"Source":-2,"OrderBy":0,"PageIndex":1,"PageSize":10,"SqlWhere":null,"UserId":0}
2018-02-09 19:07:09,843 [29] INFO  BaseLog [(null)] - 
请求的url地址：http://www1.chitunion.com/api/task/GetH5List?PageIndex=1&PageSize=10&Categorys=
客户端IP:127.0.0.1
执行的时间:9.4253ms
请求的参数:{"request":{"Category":0,"BusinessType":0,"Number":null,"Name":null,"Status":-2,"PublishStatus":-2,"EndTime":-2,"Source":-2,"OrderBy":0,"PageIndex":1,"PageSize":10,"SqlWhere":null,"UserId":0}}
返回的结果:{"Status":0,"Message":null,"Result":{"List":[],"TotleCount":0,"Extend":null},"IsOverdue":null}

2018-02-09 19:07:11,350 [29] INFO  BaseLog [(null)] - 
当前操作类型:WeiXin
 查询条件信息:{"Category":0,"BusinessType":0,"Number":null,"Name":null,"Status":-2,"PublishStatus":-2,"EndTime":-2,"Source":-2,"OrderBy":0,"PageIndex":1,"PageSize":10,"SqlWhere":null,"UserId":0}
2018-02-09 19:07:11,357 [27] INFO  BaseLog [(null)] - 
请求的url地址：http://www1.chitunion.com/api/task/GetH5List?PageIndex=1&PageSize=10&Categorys=
客户端IP:127.0.0.1
执行的时间:7.0166ms
请求的参数:{"request":{"Category":0,"BusinessType":0,"Number":null,"Name":null,"Status":-2,"PublishStatus":-2,"EndTime":-2,"Source":-2,"OrderBy":0,"PageIndex":1,"PageSize":10,"SqlWhere":null,"UserId":0}}
返回的结果:{"Status":0,"Message":null,"Result":{"List":[],"TotleCount":0,"Extend":null},"IsOverdue":null}

2018-02-09 19:07:13,065 [29] INFO  BaseLog [(null)] - 
当前操作类型:WeiXin
 查询条件信息:{"Category":0,"BusinessType":0,"Number":null,"Name":null,"Status":-2,"PublishStatus":-2,"EndTime":-2,"Source":-2,"OrderBy":0,"PageIndex":1,"PageSize":10,"SqlWhere":null,"UserId":0}
2018-02-09 19:07:13,073 [25] INFO  BaseLog [(null)] - 
请求的url地址：http://www1.chitunion.com/api/task/GetH5List?PageIndex=1&PageSize=10&Categorys=
客户端IP:127.0.0.1
执行的时间:8.0203ms
请求的参数:{"request":{"Category":0,"BusinessType":0,"Number":null,"Name":null,"Status":-2,"PublishStatus":-2,"EndTime":-2,"Source":-2,"OrderBy":0,"PageIndex":1,"PageSize":10,"SqlWhere":null,"UserId":0}}
返回的结果:{"Status":0,"Message":null,"Result":{"List":[],"TotleCount":0,"Extend":null},"IsOverdue":null}

2018-02-09 19:07:21,465 [27] INFO  BaseLog [(null)] - 
当前操作类型:WeiXin
 查询条件信息:{"Category":0,"BusinessType":0,"Number":null,"Name":null,"Status":-2,"PublishStatus":-2,"EndTime":-2,"Source":-2,"OrderBy":0,"PageIndex":1,"PageSize":10,"SqlWhere":null,"UserId":0}
2018-02-09 19:07:21,473 [31] INFO  BaseLog [(null)] - 
请求的url地址：http://www1.chitunion.com/api/task/GetH5List?PageIndex=1&PageSize=10&Categorys=
客户端IP:127.0.0.1
执行的时间:7.5195ms
请求的参数:{"request":{"Category":0,"BusinessType":0,"Number":null,"Name":null,"Status":-2,"PublishStatus":-2,"EndTime":-2,"Source":-2,"OrderBy":0,"PageIndex":1,"PageSize":10,"SqlWhere":null,"UserId":0}}
返回的结果:{"Status":0,"Message":null,"Result":{"List":[],"TotleCount":0,"Extend":null},"IsOverdue":null}

2018-02-09 19:07:27,617 [29] INFO  BaseLog [(null)] - 
当前操作类型:WeiXin
 查询条件信息:{"Category":0,"BusinessType":0,"Number":null,"Name":null,"Status":-2,"PublishStatus":-2,"EndTime":-2,"Source":-2,"OrderBy":0,"PageIndex":1,"PageSize":10,"SqlWhere":null,"UserId":0}
2018-02-09 19:07:27,625 [27] INFO  BaseLog [(null)] - 
请求的url地址：http://www1.chitunion.com/api/task/GetH5List?PageIndex=1&PageSize=10&Categorys=
客户端IP:127.0.0.1
执行的时间:7.5195ms
请求的参数:{"request":{"Category":0,"BusinessType":0,"Number":null,"Name":null,"Status":-2,"PublishStatus":-2,"EndTime":-2,"Source":-2,"OrderBy":0,"PageIndex":1,"PageSize":10,"SqlWhere":null,"UserId":0}}
返回的结果:{"Status":0,"Message":null,"Result":{"List":[],"TotleCount":0,"Extend":null},"IsOverdue":null}

2018-02-09 19:07:38,732 [25] INFO  BaseLog [(null)] - 
当前操作类型:WeiXin
 查询条件信息:{"Category":0,"BusinessType":0,"Number":null,"Name":null,"Status":-2,"PublishStatus":-2,"EndTime":-2,"Source":-2,"OrderBy":0,"PageIndex":2,"PageSize":10,"SqlWhere":null,"UserId":0}
2018-02-09 19:07:38,747 [26] INFO  BaseLog [(null)] - 
请求的url地址：http://www1.chitunion.com/api/task/GetH5List?PageIndex=2&PageSize=10&Categorys=
客户端IP:127.0.0.1
执行的时间:15.0401ms
请求的参数:{"request":{"Category":0,"BusinessType":0,"Number":null,"Name":null,"Status":-2,"PublishStatus":-2,"EndTime":-2,"Source":-2,"OrderBy":0,"PageIndex":2,"PageSize":10,"SqlWhere":null,"UserId":0}}
返回的结果:{"Status":0,"Message":null,"Result":{"List":[],"TotleCount":0,"Extend":null},"IsOverdue":null}

2018-02-09 19:07:39,558 [25] INFO  BaseLog [(null)] - 
当前操作类型:WeiXin
 查询条件信息:{"Category":0,"BusinessType":0,"Number":null,"Name":null,"Status":-2,"PublishStatus":-2,"EndTime":-2,"Source":-2,"OrderBy":0,"PageIndex":1,"PageSize":10,"SqlWhere":null,"UserId":0}
2018-02-09 19:07:39,567 [30] INFO  BaseLog [(null)] - 
请求的url地址：http://www1.chitunion.com/api/task/GetH5List?PageIndex=1&PageSize=10&Categorys=
客户端IP:127.0.0.1
执行的时间:8.5228ms
请求的参数:{"request":{"Category":0,"BusinessType":0,"Number":null,"Name":null,"Status":-2,"PublishStatus":-2,"EndTime":-2,"Source":-2,"OrderBy":0,"PageIndex":1,"PageSize":10,"SqlWhere":null,"UserId":0}}
返回的结果:{"Status":0,"Message":null,"Result":{"List":[],"TotleCount":0,"Extend":null},"IsOverdue":null}

2018-02-09 19:07:40,182 [25] INFO  BaseLog [(null)] - 
当前操作类型:WeiXin
 查询条件信息:{"Category":0,"BusinessType":0,"Number":null,"Name":null,"Status":-2,"PublishStatus":-2,"EndTime":-2,"Source":-2,"OrderBy":0,"PageIndex":2,"PageSize":10,"SqlWhere":null,"UserId":0}
2018-02-09 19:07:40,190 [28] INFO  BaseLog [(null)] - 
请求的url地址：http://www1.chitunion.com/api/task/GetH5List?PageIndex=2&PageSize=10&Categorys=
客户端IP:127.0.0.1
执行的时间:7.5308ms
请求的参数:{"request":{"Category":0,"BusinessType":0,"Number":null,"Name":null,"Status":-2,"PublishStatus":-2,"EndTime":-2,"Source":-2,"OrderBy":0,"PageIndex":2,"PageSize":10,"SqlWhere":null,"UserId":0}}
返回的结果:{"Status":0,"Message":null,"Result":{"List":[],"TotleCount":0,"Extend":null},"IsOverdue":null}

2018-02-09 19:07:41,397 [27] INFO  BaseLog [(null)] - 
当前操作类型:WeiXin
 查询条件信息:{"Category":0,"BusinessType":0,"Number":null,"Name":null,"Status":-2,"PublishStatus":-2,"EndTime":-2,"Source":-2,"OrderBy":0,"PageIndex":3,"PageSize":10,"SqlWhere":null,"UserId":0}
2018-02-09 19:07:41,412 [28] INFO  BaseLog [(null)] - 
请求的url地址：http://www1.chitunion.com/api/task/GetH5List?PageIndex=3&PageSize=10&Categorys=
客户端IP:127.0.0.1
执行的时间:14.5384ms
请求的参数:{"request":{"Category":0,"BusinessType":0,"Number":null,"Name":null,"Status":-2,"PublishStatus":-2,"EndTime":-2,"Source":-2,"OrderBy":0,"PageIndex":3,"PageSize":10,"SqlWhere":null,"UserId":0}}
返回的结果:{"Status":0,"Message":null,"Result":{"List":[],"TotleCount":0,"Extend":null},"IsOverdue":null}

2018-02-09 19:07:42,847 [29] INFO  BaseLog [(null)] - 
当前操作类型:WeiXin
 查询条件信息:{"Category":0,"BusinessType":0,"Number":null,"Name":null,"Status":-2,"PublishStatus":-2,"EndTime":-2,"Source":-2,"OrderBy":0,"PageIndex":4,"PageSize":10,"SqlWhere":null,"UserId":0}
2018-02-09 19:07:42,863 [30] INFO  BaseLog [(null)] - 
请求的url地址：http://www1.chitunion.com/api/task/GetH5List?PageIndex=4&PageSize=10&Categorys=
客户端IP:127.0.0.1
执行的时间:14.5369ms
请求的参数:{"request":{"Category":0,"BusinessType":0,"Number":null,"Name":null,"Status":-2,"PublishStatus":-2,"EndTime":-2,"Source":-2,"OrderBy":0,"PageIndex":4,"PageSize":10,"SqlWhere":null,"UserId":0}}
返回的结果:{"Status":0,"Message":null,"Result":{"List":[],"TotleCount":0,"Extend":null},"IsOverdue":null}

2018-02-09 19:07:54,564 [31] INFO  BaseLog [(null)] - 
当前操作类型:WeiXin
 查询条件信息:{"Category":0,"BusinessType":0,"Number":null,"Name":null,"Status":-2,"PublishStatus":-2,"EndTime":-2,"Source":-2,"OrderBy":0,"PageIndex":5,"PageSize":10,"SqlWhere":null,"UserId":0}
2018-02-09 19:07:54,580 [26] INFO  BaseLog [(null)] - 
请求的url地址：http://www1.chitunion.com/api/task/GetH5List?PageIndex=5&PageSize=10&Categorys=
客户端IP:127.0.0.1
执行的时间:15.0398ms
请求的参数:{"request":{"Category":0,"BusinessType":0,"Number":null,"Name":null,"Status":-2,"PublishStatus":-2,"EndTime":-2,"Source":-2,"OrderBy":0,"PageIndex":5,"PageSize":10,"SqlWhere":null,"UserId":0}}
返回的结果:{"Status":0,"Message":null,"Result":{"List":[],"TotleCount":0,"Extend":null},"IsOverdue":null}

2018-02-09 19:07:55,780 [30] INFO  BaseLog [(null)] - 
当前操作类型:WeiXin
 查询条件信息:{"Category":0,"BusinessType":0,"Number":null,"Name":null,"Status":-2,"PublishStatus":-2,"EndTime":-2,"Source":-2,"OrderBy":0,"PageIndex":6,"PageSize":10,"SqlWhere":null,"UserId":0}
2018-02-09 19:07:55,795 [26] INFO  BaseLog [(null)] - 
请求的url地址：http://www1.chitunion.com/api/task/GetH5List?PageIndex=6&PageSize=10&Categorys=
客户端IP:127.0.0.1
执行的时间:14.5304ms
请求的参数:{"request":{"Category":0,"BusinessType":0,"Number":null,"Name":null,"Status":-2,"PublishStatus":-2,"EndTime":-2,"Source":-2,"OrderBy":0,"PageIndex":6,"PageSize":10,"SqlWhere":null,"UserId":0}}
返回的结果:{"Status":0,"Message":null,"Result":{"List":[],"TotleCount":0,"Extend":null},"IsOverdue":null}

2018-02-09 19:07:56,780 [26] INFO  BaseLog [(null)] - 
当前操作类型:WeiXin
 查询条件信息:{"Category":0,"BusinessType":0,"Number":null,"Name":null,"Status":-2,"PublishStatus":-2,"EndTime":-2,"Source":-2,"OrderBy":0,"PageIndex":7,"PageSize":10,"SqlWhere":null,"UserId":0}
2018-02-09 19:07:56,795 [27] INFO  BaseLog [(null)] - 
请求的url地址：http://www1.chitunion.com/api/task/GetH5List?PageIndex=7&PageSize=10&Categorys=
客户端IP:127.0.0.1
执行的时间:15.5405ms
请求的参数:{"request":{"Category":0,"BusinessType":0,"Number":null,"Name":null,"Status":-2,"PublishStatus":-2,"EndTime":-2,"Source":-2,"OrderBy":0,"PageIndex":7,"PageSize":10,"SqlWhere":null,"UserId":0}}
返回的结果:{"Status":0,"Message":null,"Result":{"List":[],"TotleCount":0,"Extend":null},"IsOverdue":null}

2018-02-09 19:07:57,963 [30] INFO  BaseLog [(null)] - 
当前操作类型:WeiXin
 查询条件信息:{"Category":0,"BusinessType":0,"Number":null,"Name":null,"Status":-2,"PublishStatus":-2,"EndTime":-2,"Source":-2,"OrderBy":0,"PageIndex":8,"PageSize":10,"SqlWhere":null,"UserId":0}
2018-02-09 19:07:57,977 [26] INFO  BaseLog [(null)] - 
请求的url地址：http://www1.chitunion.com/api/task/GetH5List?PageIndex=8&PageSize=10&Categorys=
客户端IP:127.0.0.1
执行的时间:14.0366ms
请求的参数:{"request":{"Category":0,"BusinessType":0,"Number":null,"Name":null,"Status":-2,"PublishStatus":-2,"EndTime":-2,"Source":-2,"OrderBy":0,"PageIndex":8,"PageSize":10,"SqlWhere":null,"UserId":0}}
返回的结果:{"Status":0,"Message":null,"Result":{"List":[],"TotleCount":0,"Extend":null},"IsOverdue":null}

2018-02-09 19:07:59,648 [30] INFO  BaseLog [(null)] - 
当前操作类型:WeiXin
 查询条件信息:{"Category":0,"BusinessType":0,"Number":null,"Name":null,"Status":-2,"PublishStatus":-2,"EndTime":-2,"Source":-2,"OrderBy":0,"PageIndex":9,"PageSize":10,"SqlWhere":null,"UserId":0}
2018-02-09 19:07:59,665 [28] INFO  BaseLog [(null)] - 
请求的url地址：http://www1.chitunion.com/api/task/GetH5List?PageIndex=9&PageSize=10&Categorys=
客户端IP:127.0.0.1
执行的时间:15.042ms
请求的参数:{"request":{"Category":0,"BusinessType":0,"Number":null,"Name":null,"Status":-2,"PublishStatus":-2,"EndTime":-2,"Source":-2,"OrderBy":0,"PageIndex":9,"PageSize":10,"SqlWhere":null,"UserId":0}}
返回的结果:{"Status":0,"Message":null,"Result":{"List":[],"TotleCount":0,"Extend":null},"IsOverdue":null}

2018-02-09 19:08:00,479 [30] INFO  BaseLog [(null)] - 
当前操作类型:WeiXin
 查询条件信息:{"Category":0,"BusinessType":0,"Number":null,"Name":null,"Status":-2,"PublishStatus":-2,"EndTime":-2,"Source":-2,"OrderBy":0,"PageIndex":10,"PageSize":10,"SqlWhere":null,"UserId":0}
2018-02-09 19:08:00,493 [25] INFO  BaseLog [(null)] - 
请求的url地址：http://www1.chitunion.com/api/task/GetH5List?PageIndex=10&PageSize=10&Categorys=
客户端IP:127.0.0.1
执行的时间:14.0407ms
请求的参数:{"request":{"Category":0,"BusinessType":0,"Number":null,"Name":null,"Status":-2,"PublishStatus":-2,"EndTime":-2,"Source":-2,"OrderBy":0,"PageIndex":10,"PageSize":10,"SqlWhere":null,"UserId":0}}
返回的结果:{"Status":0,"Message":null,"Result":{"List":[],"TotleCount":0,"Extend":null},"IsOverdue":null}

2018-02-09 19:08:05,751 [28] INFO  BaseLog [(null)] - 
当前操作类型:WeiXin
 查询条件信息:{"Category":0,"BusinessType":0,"Number":null,"Name":null,"Status":-2,"PublishStatus":-2,"EndTime":-2,"Source":-2,"OrderBy":0,"PageIndex":1,"PageSize":10,"SqlWhere":null,"UserId":0}
2018-02-09 19:08:05,759 [25] INFO  BaseLog [(null)] - 
请求的url地址：http://www1.chitunion.com/api/task/GetH5List?PageIndex=1&PageSize=10&Categorys=
客户端IP:127.0.0.1
执行的时间:8.0202ms
请求的参数:{"request":{"Category":0,"BusinessType":0,"Number":null,"Name":null,"Status":-2,"PublishStatus":-2,"EndTime":-2,"Source":-2,"OrderBy":0,"PageIndex":1,"PageSize":10,"SqlWhere":null,"UserId":0}}
返回的结果:{"Status":0,"Message":null,"Result":{"List":[],"TotleCount":0,"Extend":null},"IsOverdue":null}

2018-02-09 19:08:18,215 [29] INFO  BaseLog [(null)] - 
当前操作类型:WeiXin
 查询条件信息:{"Category":0,"BusinessType":0,"Number":null,"Name":null,"Status":-2,"PublishStatus":-2,"EndTime":-2,"Source":-2,"OrderBy":0,"PageIndex":1,"PageSize":10,"SqlWhere":null,"UserId":0}
2018-02-09 19:08:18,225 [26] INFO  BaseLog [(null)] - 
请求的url地址：http://www1.chitunion.com/api/task/GetH5List?PageIndex=1&PageSize=10&Categorys=
客户端IP:127.0.0.1
执行的时间:8.5227ms
请求的参数:{"request":{"Category":0,"BusinessType":0,"Number":null,"Name":null,"Status":-2,"PublishStatus":-2,"EndTime":-2,"Source":-2,"OrderBy":0,"PageIndex":1,"PageSize":10,"SqlWhere":null,"UserId":0}}
返回的结果:{"Status":0,"Message":null,"Result":{"List":[],"TotleCount":0,"Extend":null},"IsOverdue":null}

2018-02-09 19:08:35,251 [31] INFO  BaseLog [(null)] - 
当前操作类型:WeiXin
 查询条件信息:{"Category":25,"BusinessType":0,"Number":null,"Name":null,"Status":-2,"PublishStatus":-2,"EndTime":-2,"Source":-2,"OrderBy":0,"PageIndex":1,"PageSize":20,"SqlWhere":null,"UserId":0}
2018-02-09 19:08:35,294 [28] INFO  BaseLog [(null)] - 
请求的url地址：http://www1.chitunion.com/api/task/GetH5List?PageIndex=1&PageSize=20&Category=25
客户端IP:127.0.0.1
执行的时间:41.1102ms
请求的参数:{"request":{"Category":25,"BusinessType":0,"Number":null,"Name":null,"Status":-2,"PublishStatus":-2,"EndTime":-2,"Source":-2,"OrderBy":0,"PageIndex":1,"PageSize":20,"SqlWhere":null,"UserId":0}}
返回的结果:{"Status":0,"Message":null,"Result":{"List":[{"TaskId":234,"TaskName":"攻略：西北大环线深度游，8天自由行","Synopsis":"你喜欢沿路风光无限的旅行吗？一路上看尽雪山、大漠、戈壁、草原、湖泊、高原等地形地貌，领略最美的西北风光。@图","ReadCount":477,"HeadImg":"http://192.168.3.71/group1/M00/08/7A/oYYBAFo53yuAc38oAAA_h3oLdr4172.JPG","HeadImg2":null,"HeadImg3":null},{"TaskId":211,"TaskName":"走进美国 | 小心！在内华达自驾时千万别走错，不然让你碰见外星人","Synopsis":"心动！11111","ReadCount":462,"HeadImg":"http://192.168.3.71/group1/M00/08/76/oYYBAFo4cuWAExAMAABDgj7_lDs288.JPG","HeadImg2":null,"HeadImg3":null},{"TaskId":210,"TaskName":"走进美国 | 小心！在内华达自驾时千万别走错，不然让你碰见外星人","Synopsis":"心动！11111","ReadCount":462,"HeadImg":"http://192.168.3.71/group1/M00/08/76/oYYBAFo4cuWAExAMAABDgj7_lDs288.JPG","HeadImg2":null,"HeadImg3":null},{"TaskId":176,"TaskName":"走进美国 | 小心！在内华达自驾时千万别走错，不然让你碰见外星人","Synopsis":"心动！11111","ReadCount":462,"HeadImg":"http://192.168.3.71/group1/M00/08/76/oYYBAFo4cuWAExAMAABDgj7_lDs288.JPG","HeadImg2":null,"HeadImg3":null},{"TaskId":175,"TaskName":"走进美国 | 小心！在内华达自驾时千万别走错，不然让你碰见外星人","Synopsis":"心动！11111","ReadCount":462,"HeadImg":"http://192.168.3.71/group1/M00/08/76/oYYBAFo4cuWAExAMAABDgj7_lDs288.JPG","HeadImg2":null,"HeadImg3":null}],"TotleCount":5,"Extend":null},"IsOverdue":null}

2018-02-09 19:08:45,558 [26] INFO  BaseLog [(null)] - 
当前操作类型:WeiXin
 查询条件信息:{"Category":25,"BusinessType":0,"Number":null,"Name":null,"Status":-2,"PublishStatus":-2,"EndTime":-2,"Source":-2,"OrderBy":0,"PageIndex":1,"PageSize":20,"SqlWhere":null,"UserId":0}
2018-02-09 19:08:45,565 [25] INFO  BaseLog [(null)] - 
请求的url地址：http://www1.chitunion.com/api/task/GetH5List?PageIndex=1&PageSize=20&Category=25
客户端IP:127.0.0.1
执行的时间:6.477ms
请求的参数:{"request":{"Category":25,"BusinessType":0,"Number":null,"Name":null,"Status":-2,"PublishStatus":-2,"EndTime":-2,"Source":-2,"OrderBy":0,"PageIndex":1,"PageSize":20,"SqlWhere":null,"UserId":0}}
返回的结果:{"Status":0,"Message":null,"Result":{"List":[{"TaskId":234,"TaskName":"攻略：西北大环线深度游，8天自由行","Synopsis":"你喜欢沿路风光无限的旅行吗？一路上看尽雪山、大漠、戈壁、草原、湖泊、高原等地形地貌，领略最美的西北风光。@图","ReadCount":477,"HeadImg":"http://192.168.3.71/group1/M00/08/7A/oYYBAFo53yuAc38oAAA_h3oLdr4172.JPG","HeadImg2":null,"HeadImg3":null},{"TaskId":211,"TaskName":"走进美国 | 小心！在内华达自驾时千万别走错，不然让你碰见外星人","Synopsis":"心动！11111","ReadCount":462,"HeadImg":"http://192.168.3.71/group1/M00/08/76/oYYBAFo4cuWAExAMAABDgj7_lDs288.JPG","HeadImg2":null,"HeadImg3":null},{"TaskId":210,"TaskName":"走进美国 | 小心！在内华达自驾时千万别走错，不然让你碰见外星人","Synopsis":"心动！11111","ReadCount":462,"HeadImg":"http://192.168.3.71/group1/M00/08/76/oYYBAFo4cuWAExAMAABDgj7_lDs288.JPG","HeadImg2":null,"HeadImg3":null},{"TaskId":176,"TaskName":"走进美国 | 小心！在内华达自驾时千万别走错，不然让你碰见外星人","Synopsis":"心动！11111","ReadCount":462,"HeadImg":"http://192.168.3.71/group1/M00/08/76/oYYBAFo4cuWAExAMAABDgj7_lDs288.JPG","HeadImg2":null,"HeadImg3":null},{"TaskId":175,"TaskName":"走进美国 | 小心！在内华达自驾时千万别走错，不然让你碰见外星人","Synopsis":"心动！11111","ReadCount":462,"HeadImg":"http://192.168.3.71/group1/M00/08/76/oYYBAFo4cuWAExAMAABDgj7_lDs288.JPG","HeadImg2":null,"HeadImg3":null}],"TotleCount":5,"Extend":null},"IsOverdue":null}

2018-02-09 19:08:48,786 [30] INFO  BaseLog [(null)] - 
当前操作类型:WeiXin
 查询条件信息:{"Category":25,"BusinessType":0,"Number":null,"Name":null,"Status":-2,"PublishStatus":-2,"EndTime":-2,"Source":-2,"OrderBy":0,"PageIndex":1,"PageSize":20,"SqlWhere":null,"UserId":0}
2018-02-09 19:08:48,792 [31] INFO  BaseLog [(null)] - 
请求的url地址：http://www1.chitunion.com/api/task/GetH5List?PageIndex=1&PageSize=20&Category=25
客户端IP:127.0.0.1
执行的时间:6.0164ms
请求的参数:{"request":{"Category":25,"BusinessType":0,"Number":null,"Name":null,"Status":-2,"PublishStatus":-2,"EndTime":-2,"Source":-2,"OrderBy":0,"PageIndex":1,"PageSize":20,"SqlWhere":null,"UserId":0}}
返回的结果:{"Status":0,"Message":null,"Result":{"List":[{"TaskId":234,"TaskName":"攻略：西北大环线深度游，8天自由行","Synopsis":"你喜欢沿路风光无限的旅行吗？一路上看尽雪山、大漠、戈壁、草原、湖泊、高原等地形地貌，领略最美的西北风光。@图","ReadCount":477,"HeadImg":"http://192.168.3.71/group1/M00/08/7A/oYYBAFo53yuAc38oAAA_h3oLdr4172.JPG","HeadImg2":null,"HeadImg3":null},{"TaskId":211,"TaskName":"走进美国 | 小心！在内华达自驾时千万别走错，不然让你碰见外星人","Synopsis":"心动！11111","ReadCount":462,"HeadImg":"http://192.168.3.71/group1/M00/08/76/oYYBAFo4cuWAExAMAABDgj7_lDs288.JPG","HeadImg2":null,"HeadImg3":null},{"TaskId":210,"TaskName":"走进美国 | 小心！在内华达自驾时千万别走错，不然让你碰见外星人","Synopsis":"心动！11111","ReadCount":462,"HeadImg":"http://192.168.3.71/group1/M00/08/76/oYYBAFo4cuWAExAMAABDgj7_lDs288.JPG","HeadImg2":null,"HeadImg3":null},{"TaskId":176,"TaskName":"走进美国 | 小心！在内华达自驾时千万别走错，不然让你碰见外星人","Synopsis":"心动！11111","ReadCount":462,"HeadImg":"http://192.168.3.71/group1/M00/08/76/oYYBAFo4cuWAExAMAABDgj7_lDs288.JPG","HeadImg2":null,"HeadImg3":null},{"TaskId":175,"TaskName":"走进美国 | 小心！在内华达自驾时千万别走错，不然让你碰见外星人","Synopsis":"心动！11111","ReadCount":462,"HeadImg":"http://192.168.3.71/group1/M00/08/76/oYYBAFo4cuWAExAMAABDgj7_lDs288.JPG","HeadImg2":null,"HeadImg3":null}],"TotleCount":5,"Extend":null},"IsOverdue":null}

2018-02-09 19:08:54,275 [27] INFO  BaseLog [(null)] - 
当前操作类型:WeiXin
 查询条件信息:{"Category":22,"BusinessType":0,"Number":null,"Name":null,"Status":-2,"PublishStatus":-2,"EndTime":-2,"Source":-2,"OrderBy":0,"PageIndex":1,"PageSize":20,"SqlWhere":null,"UserId":0}
2018-02-09 19:08:54,291 [25] INFO  BaseLog [(null)] - 
请求的url地址：http://www1.chitunion.com/api/task/GetH5List?PageIndex=1&PageSize=20&Category=22
客户端IP:127.0.0.1
执行的时间:16.0434ms
请求的参数:{"request":{"Category":22,"BusinessType":0,"Number":null,"Name":null,"Status":-2,"PublishStatus":-2,"EndTime":-2,"Source":-2,"OrderBy":0,"PageIndex":1,"PageSize":20,"SqlWhere":null,"UserId":0}}
返回的结果:{"Status":0,"Message":null,"Result":{"List":[{"TaskId":209,"TaskName":"40万买辆奥迪S3玩的不爽？再花30万爆改，这种情怀有谁能懂？","Synopsis":"中国最具人气的改装车公众平台，欢迎更多改装车友关注，一起加入这里交流学习。","ReadCount":462,"HeadImg":"http://192.168.3.71/group1/M00/08/75/oYYBAFo3lq6AflC8AAA80XOVzmo488.JPG","HeadImg2":null,"HeadImg3":null},{"TaskId":208,"TaskName":"超级罕见的手动挡宝马M5，竟然被改装成宽体\"陆地坦克\"！","Synopsis":"中国最具人气的改装车公众平台，欢迎更多改装车友关注，一起加入这里交流学习。","ReadCount":462,"HeadImg":"http://192.168.3.71/group1/M00/08/75/oYYBAFo3k_iAGbj5AAA__j7hcZU977.JPG","HeadImg2":null,"HeadImg3":null},{"TaskId":174,"TaskName":"40万买辆奥迪S3玩的不爽？再花30万爆改，这种情怀有谁能懂？","Synopsis":"中国最具人气的改装车公众平台，欢迎更多改装车友关注，一起加入这里交流学习。","ReadCount":462,"HeadImg":"http://192.168.3.71/group1/M00/08/75/oYYBAFo3lq6AflC8AAA80XOVzmo488.JPG","HeadImg2":null,"HeadImg3":null},{"TaskId":173,"TaskName":"超级罕见的手动挡宝马M5，竟然被改装成宽体\"陆地坦克\"！","Synopsis":"中国最具人气的改装车公众平台，欢迎更多改装车友关注，一起加入这里交流学习。","ReadCount":462,"HeadImg":"http://192.168.3.71/group1/M00/08/75/oYYBAFo3k_iAGbj5AAA__j7hcZU977.JPG","HeadImg2":null,"HeadImg3":null}],"TotleCount":4,"Extend":null},"IsOverdue":null}

2018-02-09 19:08:55,891 [28] INFO  BaseLog [(null)] - 
当前操作类型:WeiXin
 查询条件信息:{"Category":24,"BusinessType":0,"Number":null,"Name":null,"Status":-2,"PublishStatus":-2,"EndTime":-2,"Source":-2,"OrderBy":0,"PageIndex":1,"PageSize":20,"SqlWhere":null,"UserId":0}
2018-02-09 19:08:55,908 [31] INFO  BaseLog [(null)] - 
请求的url地址：http://www1.chitunion.com/api/task/GetH5List?PageIndex=1&PageSize=20&Category=24
客户端IP:127.0.0.1
执行的时间:16.5427ms
请求的参数:{"request":{"Category":24,"BusinessType":0,"Number":null,"Name":null,"Status":-2,"PublishStatus":-2,"EndTime":-2,"Source":-2,"OrderBy":0,"PageIndex":1,"PageSize":20,"SqlWhere":null,"UserId":0}}
返回的结果:{"Status":0,"Message":null,"Result":{"List":[{"TaskId":219,"TaskName":"摆好菜，定好时，就回房吹空调的菜谱，你Get了吗？","Synopsis":"拯救懒人的妙招~","ReadCount":313,"HeadImg":"http://192.168.3.76/group4/M00/00/00/pIYBAFpuiViAbtRjAAAyEldOh5I978.JPG","HeadImg2":null,"HeadImg3":null},{"TaskId":216,"TaskName":"这是一篇有味道的文章，那些超臭却又让人欲罢不能的食物，你吃过吗?","Synopsis":"一般大家吃东西，都注重的是“色香味俱全”","ReadCount":477,"HeadImg":"http://192.168.3.71/group1/M00/08/7D/oYYBAFo6BNqAOCcpAAAjIWHPMbk397.JPG","HeadImg2":null,"HeadImg3":null},{"TaskId":186,"TaskName":"这是一篇有味道的文章，那些超臭却又让人欲罢不能的食物，你吃过吗?","Synopsis":"一般大家吃东西，都注重的是“色香味俱全”","ReadCount":477,"HeadImg":"http://192.168.3.71/group1/M00/08/7D/oYYBAFo6BNqAOCcpAAAjIWHPMbk397.JPG","HeadImg2":null,"HeadImg3":null}],"TotleCount":3,"Extend":null},"IsOverdue":null}

2018-02-09 19:08:59,614 [25] INFO  BaseLog [(null)] - 
当前操作类型:WeiXin
 查询条件信息:{"Category":22,"BusinessType":0,"Number":null,"Name":null,"Status":-2,"PublishStatus":-2,"EndTime":-2,"Source":-2,"OrderBy":0,"PageIndex":1,"PageSize":20,"SqlWhere":null,"UserId":0}
2018-02-09 19:08:59,620 [31] INFO  BaseLog [(null)] - 
请求的url地址：http://www1.chitunion.com/api/task/GetH5List?PageIndex=1&PageSize=20&Category=22
客户端IP:127.0.0.1
执行的时间:5.5123ms
请求的参数:{"request":{"Category":22,"BusinessType":0,"Number":null,"Name":null,"Status":-2,"PublishStatus":-2,"EndTime":-2,"Source":-2,"OrderBy":0,"PageIndex":1,"PageSize":20,"SqlWhere":null,"UserId":0}}
返回的结果:{"Status":0,"Message":null,"Result":{"List":[{"TaskId":209,"TaskName":"40万买辆奥迪S3玩的不爽？再花30万爆改，这种情怀有谁能懂？","Synopsis":"中国最具人气的改装车公众平台，欢迎更多改装车友关注，一起加入这里交流学习。","ReadCount":462,"HeadImg":"http://192.168.3.71/group1/M00/08/75/oYYBAFo3lq6AflC8AAA80XOVzmo488.JPG","HeadImg2":null,"HeadImg3":null},{"TaskId":208,"TaskName":"超级罕见的手动挡宝马M5，竟然被改装成宽体\"陆地坦克\"！","Synopsis":"中国最具人气的改装车公众平台，欢迎更多改装车友关注，一起加入这里交流学习。","ReadCount":462,"HeadImg":"http://192.168.3.71/group1/M00/08/75/oYYBAFo3k_iAGbj5AAA__j7hcZU977.JPG","HeadImg2":null,"HeadImg3":null},{"TaskId":174,"TaskName":"40万买辆奥迪S3玩的不爽？再花30万爆改，这种情怀有谁能懂？","Synopsis":"中国最具人气的改装车公众平台，欢迎更多改装车友关注，一起加入这里交流学习。","ReadCount":462,"HeadImg":"http://192.168.3.71/group1/M00/08/75/oYYBAFo3lq6AflC8AAA80XOVzmo488.JPG","HeadImg2":null,"HeadImg3":null},{"TaskId":173,"TaskName":"超级罕见的手动挡宝马M5，竟然被改装成宽体\"陆地坦克\"！","Synopsis":"中国最具人气的改装车公众平台，欢迎更多改装车友关注，一起加入这里交流学习。","ReadCount":462,"HeadImg":"http://192.168.3.71/group1/M00/08/75/oYYBAFo3k_iAGbj5AAA__j7hcZU977.JPG","HeadImg2":null,"HeadImg3":null}],"TotleCount":4,"Extend":null},"IsOverdue":null}

2018-02-09 19:09:02,858 [31] INFO  BaseLog [(null)] - 
当前操作类型:WeiXin
 查询条件信息:{"Category":4,"BusinessType":0,"Number":null,"Name":null,"Status":-2,"PublishStatus":-2,"EndTime":-2,"Source":-2,"OrderBy":0,"PageIndex":1,"PageSize":20,"SqlWhere":null,"UserId":0}
2018-02-09 19:09:02,875 [29] INFO  BaseLog [(null)] - 
请求的url地址：http://www1.chitunion.com/api/task/GetH5List?PageIndex=1&PageSize=20&Category=4
客户端IP:127.0.0.1
执行的时间:16.0437ms
请求的参数:{"request":{"Category":4,"BusinessType":0,"Number":null,"Name":null,"Status":-2,"PublishStatus":-2,"EndTime":-2,"Source":-2,"OrderBy":0,"PageIndex":1,"PageSize":20,"SqlWhere":null,"UserId":0}}
返回的结果:{"Status":0,"Message":null,"Result":{"List":[{"TaskId":260,"TaskName":"这些吃货  界的大神，   请收下  我的膝盖","Synopsis":"面对美食时，吃货们表现出来的智慧让人佩服！","ReadCount":477,"HeadImg":"http://192.168.3.71/group1/M00/09/3C/oYYBAFpO3PmAZ0JMAABnRaql-iY855.GIF","HeadImg2":null,"HeadImg3":null},{"TaskId":217,"TaskName":"莉莉・柯林斯因瘦而被拒绝上杂志版面","Synopsis":"爱的色放vsad","ReadCount":477,"HeadImg":"http://192.168.3.71/group1/M00/08/7C/oYYBAFo55DyAUGi5AAA6lEEoG50557.JPG","HeadImg2":null,"HeadImg3":null},{"TaskId":187,"TaskName":"莉莉・柯林斯因瘦而被拒绝上杂志版面","Synopsis":"爱的色放vsad","ReadCount":477,"HeadImg":"http://192.168.3.71/group1/M00/08/7C/oYYBAFo55DyAUGi5AAA6lEEoG50557.JPG","HeadImg2":null,"HeadImg3":null}],"TotleCount":3,"Extend":null},"IsOverdue":null}

2018-02-09 19:09:04,556 [28] INFO  BaseLog [(null)] - 
当前操作类型:WeiXin
 查询条件信息:{"Category":34,"BusinessType":0,"Number":null,"Name":null,"Status":-2,"PublishStatus":-2,"EndTime":-2,"Source":-2,"OrderBy":0,"PageIndex":1,"PageSize":20,"SqlWhere":null,"UserId":0}
2018-02-09 19:09:04,572 [26] INFO  BaseLog [(null)] - 
请求的url地址：http://www1.chitunion.com/api/task/GetH5List?PageIndex=1&PageSize=20&Category=34
客户端IP:127.0.0.1
执行的时间:16.5452ms
请求的参数:{"request":{"Category":34,"BusinessType":0,"Number":null,"Name":null,"Status":-2,"PublishStatus":-2,"EndTime":-2,"Source":-2,"OrderBy":0,"PageIndex":1,"PageSize":20,"SqlWhere":null,"UserId":0}}
返回的结果:{"Status":0,"Message":null,"Result":{"List":[{"TaskId":6342,"TaskName":"晚安丨如果你讨厌我，我一点也不介意，我活着不是为了取悦你。","Synopsis":"每个人不要为别人而活~","ReadCount":313,"HeadImg":"http://192.168.3.76/group4/M00/07/D3/pIYBAFp6XI6ARtMLAAA8qF2sZyA298.JPG","HeadImg2":null,"HeadImg3":null},{"TaskId":222,"TaskName":"晚安丨别问我为什么喜欢你，因为我喜欢，就这样！","Synopsis":"喜欢你，不要去问为什么，你只管幸福就行。","ReadCount":477,"HeadImg":"http://192.168.3.71/group1/M00/09/3C/oYYBAFpO3OWAYS6oAAAaO7izS1E314.JPG","HeadImg2":null,"HeadImg3":null}],"TotleCount":2,"Extend":null},"IsOverdue":null}

2018-02-09 19:09:06,290 [28] INFO  BaseLog [(null)] - 
当前操作类型:WeiXin
 查询条件信息:{"Category":46,"BusinessType":0,"Number":null,"Name":null,"Status":-2,"PublishStatus":-2,"EndTime":-2,"Source":-2,"OrderBy":0,"PageIndex":1,"PageSize":20,"SqlWhere":null,"UserId":0}
2018-02-09 19:09:06,308 [25] INFO  BaseLog [(null)] - 
请求的url地址：http://www1.chitunion.com/api/task/GetH5List?PageIndex=1&PageSize=20&Category=46
客户端IP:127.0.0.1
执行的时间:16.0452ms
请求的参数:{"request":{"Category":46,"BusinessType":0,"Number":null,"Name":null,"Status":-2,"PublishStatus":-2,"EndTime":-2,"Source":-2,"OrderBy":0,"PageIndex":1,"PageSize":20,"SqlWhere":null,"UserId":0}}
返回的结果:{"Status":0,"Message":null,"Result":{"List":[{"TaskId":215,"TaskName":"2017理财投资的一次契机!上班族5万存款如何翻倍理财！","Synopsis":"温度突然发我佛挡杀佛","ReadCount":477,"HeadImg":"http://192.168.3.71/group1/M00/08/7C/oYYBAFo55CaALXkkAAAkTJR9eWg526.JPG","HeadImg2":null,"HeadImg3":null},{"TaskId":185,"TaskName":"2017理财投资的一次契机!上班族5万存款如何翻倍理财！","Synopsis":"温度突然发我佛挡杀佛","ReadCount":477,"HeadImg":"http://192.168.3.71/group1/M00/08/7C/oYYBAFo55CaALXkkAAAkTJR9eWg526.JPG","HeadImg2":null,"HeadImg3":null}],"TotleCount":2,"Extend":null},"IsOverdue":null}

2018-02-09 19:09:08,189 [26] INFO  BaseLog [(null)] - 
当前操作类型:WeiXin
 查询条件信息:{"Category":31,"BusinessType":0,"Number":null,"Name":null,"Status":-2,"PublishStatus":-2,"EndTime":-2,"Source":-2,"OrderBy":0,"PageIndex":1,"PageSize":20,"SqlWhere":null,"UserId":0}
2018-02-09 19:09:08,206 [28] INFO  BaseLog [(null)] - 
请求的url地址：http://www1.chitunion.com/api/task/GetH5List?PageIndex=1&PageSize=20&Category=31
客户端IP:127.0.0.1
执行的时间:15.5405ms
请求的参数:{"request":{"Category":31,"BusinessType":0,"Number":null,"Name":null,"Status":-2,"PublishStatus":-2,"EndTime":-2,"Source":-2,"OrderBy":0,"PageIndex":1,"PageSize":20,"SqlWhere":null,"UserId":0}}
返回的结果:{"Status":0,"Message":null,"Result":{"List":[],"TotleCount":0,"Extend":null},"IsOverdue":null}

2018-02-09 19:09:10,006 [30] INFO  BaseLog [(null)] - 
当前操作类型:WeiXin
 查询条件信息:{"Category":32,"BusinessType":0,"Number":null,"Name":null,"Status":-2,"PublishStatus":-2,"EndTime":-2,"Source":-2,"OrderBy":0,"PageIndex":1,"PageSize":20,"SqlWhere":null,"UserId":0}
2018-02-09 19:09:10,029 [30] INFO  BaseLog [(null)] - 
请求的url地址：http://www1.chitunion.com/api/task/GetH5List?PageIndex=1&PageSize=20&Category=32
客户端IP:127.0.0.1
执行的时间:19.0497ms
请求的参数:{"request":{"Category":32,"BusinessType":0,"Number":null,"Name":null,"Status":-2,"PublishStatus":-2,"EndTime":-2,"Source":-2,"OrderBy":0,"PageIndex":1,"PageSize":20,"SqlWhere":null,"UserId":0}}
返回的结果:{"Status":0,"Message":null,"Result":{"List":[],"TotleCount":0,"Extend":null},"IsOverdue":null}

2018-02-09 19:09:11,605 [25] INFO  BaseLog [(null)] - 
当前操作类型:WeiXin
 查询条件信息:{"Category":3,"BusinessType":0,"Number":null,"Name":null,"Status":-2,"PublishStatus":-2,"EndTime":-2,"Source":-2,"OrderBy":0,"PageIndex":1,"PageSize":20,"SqlWhere":null,"UserId":0}
2018-02-09 19:09:11,621 [26] INFO  BaseLog [(null)] - 
请求的url地址：http://www1.chitunion.com/api/task/GetH5List?PageIndex=1&PageSize=20&Category=3
客户端IP:127.0.0.1
执行的时间:15.5081ms
请求的参数:{"request":{"Category":3,"BusinessType":0,"Number":null,"Name":null,"Status":-2,"PublishStatus":-2,"EndTime":-2,"Source":-2,"OrderBy":0,"PageIndex":1,"PageSize":20,"SqlWhere":null,"UserId":0}}
返回的结果:{"Status":0,"Message":null,"Result":{"List":[],"TotleCount":0,"Extend":null},"IsOverdue":null}

2018-02-09 19:11:15,560 [26] INFO  BaseLog [(null)] - 
当前操作类型:WeiXin
 查询条件信息:{"Category":25,"BusinessType":0,"Number":null,"Name":null,"Status":-2,"PublishStatus":-2,"EndTime":-2,"Source":-2,"OrderBy":0,"PageIndex":1,"PageSize":20,"SqlWhere":null,"UserId":0}
2018-02-09 19:11:15,566 [30] INFO  BaseLog [(null)] - 
请求的url地址：http://www1.chitunion.com/api/task/GetH5List?PageIndex=1&PageSize=20&Category=25
客户端IP:127.0.0.1
执行的时间:6.0152ms
请求的参数:{"request":{"Category":25,"BusinessType":0,"Number":null,"Name":null,"Status":-2,"PublishStatus":-2,"EndTime":-2,"Source":-2,"OrderBy":0,"PageIndex":1,"PageSize":20,"SqlWhere":null,"UserId":0}}
返回的结果:{"Status":0,"Message":null,"Result":{"List":[{"TaskId":234,"TaskName":"攻略：西北大环线深度游，8天自由行","Synopsis":"你喜欢沿路风光无限的旅行吗？一路上看尽雪山、大漠、戈壁、草原、湖泊、高原等地形地貌，领略最美的西北风光。@图","ReadCount":477,"HeadImg":"http://192.168.3.71/group1/M00/08/7A/oYYBAFo53yuAc38oAAA_h3oLdr4172.JPG","HeadImg2":null,"HeadImg3":null},{"TaskId":211,"TaskName":"走进美国 | 小心！在内华达自驾时千万别走错，不然让你碰见外星人","Synopsis":"心动！11111","ReadCount":462,"HeadImg":"http://192.168.3.71/group1/M00/08/76/oYYBAFo4cuWAExAMAABDgj7_lDs288.JPG","HeadImg2":null,"HeadImg3":null},{"TaskId":210,"TaskName":"走进美国 | 小心！在内华达自驾时千万别走错，不然让你碰见外星人","Synopsis":"心动！11111","ReadCount":462,"HeadImg":"http://192.168.3.71/group1/M00/08/76/oYYBAFo4cuWAExAMAABDgj7_lDs288.JPG","HeadImg2":null,"HeadImg3":null},{"TaskId":176,"TaskName":"走进美国 | 小心！在内华达自驾时千万别走错，不然让你碰见外星人","Synopsis":"心动！11111","ReadCount":462,"HeadImg":"http://192.168.3.71/group1/M00/08/76/oYYBAFo4cuWAExAMAABDgj7_lDs288.JPG","HeadImg2":null,"HeadImg3":null},{"TaskId":175,"TaskName":"走进美国 | 小心！在内华达自驾时千万别走错，不然让你碰见外星人","Synopsis":"心动！11111","ReadCount":462,"HeadImg":"http://192.168.3.71/group1/M00/08/76/oYYBAFo4cuWAExAMAABDgj7_lDs288.JPG","HeadImg2":null,"HeadImg3":null}],"TotleCount":5,"Extend":null},"IsOverdue":null}

2018-02-09 19:11:19,944 [27] INFO  BaseLog [(null)] - 
当前操作类型:WeiXin
 查询条件信息:{"Category":25,"BusinessType":0,"Number":null,"Name":null,"Status":-2,"PublishStatus":-2,"EndTime":-2,"Source":-2,"OrderBy":0,"PageIndex":1,"PageSize":20,"SqlWhere":null,"UserId":0}
2018-02-09 19:11:19,953 [28] INFO  BaseLog [(null)] - 
请求的url地址：http://www1.chitunion.com/api/task/GetH5List?PageIndex=1&PageSize=20&Category=25
客户端IP:127.0.0.1
执行的时间:9.0235ms
请求的参数:{"request":{"Category":25,"BusinessType":0,"Number":null,"Name":null,"Status":-2,"PublishStatus":-2,"EndTime":-2,"Source":-2,"OrderBy":0,"PageIndex":1,"PageSize":20,"SqlWhere":null,"UserId":0}}
返回的结果:{"Status":0,"Message":null,"Result":{"List":[{"TaskId":234,"TaskName":"攻略：西北大环线深度游，8天自由行","Synopsis":"你喜欢沿路风光无限的旅行吗？一路上看尽雪山、大漠、戈壁、草原、湖泊、高原等地形地貌，领略最美的西北风光。@图","ReadCount":477,"HeadImg":"http://192.168.3.71/group1/M00/08/7A/oYYBAFo53yuAc38oAAA_h3oLdr4172.JPG","HeadImg2":null,"HeadImg3":null},{"TaskId":211,"TaskName":"走进美国 | 小心！在内华达自驾时千万别走错，不然让你碰见外星人","Synopsis":"心动！11111","ReadCount":462,"HeadImg":"http://192.168.3.71/group1/M00/08/76/oYYBAFo4cuWAExAMAABDgj7_lDs288.JPG","HeadImg2":null,"HeadImg3":null},{"TaskId":210,"TaskName":"走进美国 | 小心！在内华达自驾时千万别走错，不然让你碰见外星人","Synopsis":"心动！11111","ReadCount":462,"HeadImg":"http://192.168.3.71/group1/M00/08/76/oYYBAFo4cuWAExAMAABDgj7_lDs288.JPG","HeadImg2":null,"HeadImg3":null},{"TaskId":176,"TaskName":"走进美国 | 小心！在内华达自驾时千万别走错，不然让你碰见外星人","Synopsis":"心动！11111","ReadCount":462,"HeadImg":"http://192.168.3.71/group1/M00/08/76/oYYBAFo4cuWAExAMAABDgj7_lDs288.JPG","HeadImg2":null,"HeadImg3":null},{"TaskId":175,"TaskName":"走进美国 | 小心！在内华达自驾时千万别走错，不然让你碰见外星人","Synopsis":"心动！11111","ReadCount":462,"HeadImg":"http://192.168.3.71/group1/M00/08/76/oYYBAFo4cuWAExAMAABDgj7_lDs288.JPG","HeadImg2":null,"HeadImg3":null}],"TotleCount":5,"Extend":null},"IsOverdue":null}

2018-02-09 19:11:24,347 [29] INFO  BaseLog [(null)] - 
当前操作类型:WeiXin
 查询条件信息:{"Category":25,"BusinessType":0,"Number":null,"Name":null,"Status":-2,"PublishStatus":-2,"EndTime":-2,"Source":-2,"OrderBy":0,"PageIndex":1,"PageSize":20,"SqlWhere":null,"UserId":0}
2018-02-09 19:11:24,353 [25] INFO  BaseLog [(null)] - 
请求的url地址：http://www1.chitunion.com/api/task/GetH5List?PageIndex=1&PageSize=20&Category=25
客户端IP:127.0.0.1
执行的时间:6.0167ms
请求的参数:{"request":{"Category":25,"BusinessType":0,"Number":null,"Name":null,"Status":-2,"PublishStatus":-2,"EndTime":-2,"Source":-2,"OrderBy":0,"PageIndex":1,"PageSize":20,"SqlWhere":null,"UserId":0}}
返回的结果:{"Status":0,"Message":null,"Result":{"List":[{"TaskId":234,"TaskName":"攻略：西北大环线深度游，8天自由行","Synopsis":"你喜欢沿路风光无限的旅行吗？一路上看尽雪山、大漠、戈壁、草原、湖泊、高原等地形地貌，领略最美的西北风光。@图","ReadCount":477,"HeadImg":"http://192.168.3.71/group1/M00/08/7A/oYYBAFo53yuAc38oAAA_h3oLdr4172.JPG","HeadImg2":null,"HeadImg3":null},{"TaskId":211,"TaskName":"走进美国 | 小心！在内华达自驾时千万别走错，不然让你碰见外星人","Synopsis":"心动！11111","ReadCount":462,"HeadImg":"http://192.168.3.71/group1/M00/08/76/oYYBAFo4cuWAExAMAABDgj7_lDs288.JPG","HeadImg2":null,"HeadImg3":null},{"TaskId":210,"TaskName":"走进美国 | 小心！在内华达自驾时千万别走错，不然让你碰见外星人","Synopsis":"心动！11111","ReadCount":462,"HeadImg":"http://192.168.3.71/group1/M00/08/76/oYYBAFo4cuWAExAMAABDgj7_lDs288.JPG","HeadImg2":null,"HeadImg3":null},{"TaskId":176,"TaskName":"走进美国 | 小心！在内华达自驾时千万别走错，不然让你碰见外星人","Synopsis":"心动！11111","ReadCount":462,"HeadImg":"http://192.168.3.71/group1/M00/08/76/oYYBAFo4cuWAExAMAABDgj7_lDs288.JPG","HeadImg2":null,"HeadImg3":null},{"TaskId":175,"TaskName":"走进美国 | 小心！在内华达自驾时千万别走错，不然让你碰见外星人","Synopsis":"心动！11111","ReadCount":462,"HeadImg":"http://192.168.3.71/group1/M00/08/76/oYYBAFo4cuWAExAMAABDgj7_lDs288.JPG","HeadImg2":null,"HeadImg3":null}],"TotleCount":5,"Extend":null},"IsOverdue":null}

2018-02-09 19:56:29,785 [15] INFO  BaseLog [(null)] - 
当前操作类型:WeiXin
 查询条件信息:{"Category":25,"BusinessType":0,"Number":null,"Name":null,"Status":-2,"PublishStatus":-2,"EndTime":-2,"Source":-2,"OrderBy":0,"PageIndex":1,"PageSize":20,"SqlWhere":null,"UserId":0}
2018-02-09 19:56:29,916 [6] INFO  BaseLog [(null)] - 
请求的url地址：http://www1.chitunion.com/api/task/GetH5List?PageIndex=1&PageSize=20&Category=25
客户端IP:127.0.0.1
执行的时间:171.4517ms
请求的参数:{"request":{"Category":25,"BusinessType":0,"Number":null,"Name":null,"Status":-2,"PublishStatus":-2,"EndTime":-2,"Source":-2,"OrderBy":0,"PageIndex":1,"PageSize":20,"SqlWhere":null,"UserId":0}}
返回的结果:{"Status":0,"Message":null,"Result":{"List":[{"TaskId":234,"TaskName":"攻略：西北大环线深度游，8天自由行","Synopsis":"你喜欢沿路风光无限的旅行吗？一路上看尽雪山、大漠、戈壁、草原、湖泊、高原等地形地貌，领略最美的西北风光。@图","ReadCount":429,"HeadImg":"http://192.168.3.71/group1/M00/08/7A/oYYBAFo53yuAc38oAAA_h3oLdr4172.JPG","HeadImg2":null,"HeadImg3":null},{"TaskId":211,"TaskName":"走进美国 | 小心！在内华达自驾时千万别走错，不然让你碰见外星人","Synopsis":"心动！11111","ReadCount":569,"HeadImg":"http://192.168.3.71/group1/M00/08/76/oYYBAFo4cuWAExAMAABDgj7_lDs288.JPG","HeadImg2":null,"HeadImg3":null},{"TaskId":210,"TaskName":"走进美国 | 小心！在内华达自驾时千万别走错，不然让你碰见外星人","Synopsis":"心动！11111","ReadCount":569,"HeadImg":"http://192.168.3.71/group1/M00/08/76/oYYBAFo4cuWAExAMAABDgj7_lDs288.JPG","HeadImg2":null,"HeadImg3":null},{"TaskId":176,"TaskName":"走进美国 | 小心！在内华达自驾时千万别走错，不然让你碰见外星人","Synopsis":"心动！11111","ReadCount":569,"HeadImg":"http://192.168.3.71/group1/M00/08/76/oYYBAFo4cuWAExAMAABDgj7_lDs288.JPG","HeadImg2":null,"HeadImg3":null},{"TaskId":175,"TaskName":"走进美国 | 小心！在内华达自驾时千万别走错，不然让你碰见外星人","Synopsis":"心动！11111","ReadCount":569,"HeadImg":"http://192.168.3.71/group1/M00/08/76/oYYBAFo4cuWAExAMAABDgj7_lDs288.JPG","HeadImg2":null,"HeadImg3":null}],"TotleCount":5,"Extend":null},"IsOverdue":null}

2018-02-09 21:14:19,473 [9] INFO  BaseLog [(null)] - 
当前操作类型:WeiXin
 查询条件信息:{"Category":25,"BusinessType":0,"Number":null,"Name":null,"Status":-2,"PublishStatus":-2,"EndTime":-2,"Source":-2,"OrderBy":0,"PageIndex":1,"PageSize":20,"SqlWhere":null,"UserId":0}
2018-02-09 21:14:19,639 [13] INFO  BaseLog [(null)] - 
请求的url地址：http://www1.chitunion.com/api/task/GetH5List?PageIndex=1&PageSize=20&Category=25
客户端IP:127.0.0.1
执行的时间:247.6592ms
请求的参数:{"request":{"Category":25,"BusinessType":0,"Number":null,"Name":null,"Status":-2,"PublishStatus":-2,"EndTime":-2,"Source":-2,"OrderBy":0,"PageIndex":1,"PageSize":20,"SqlWhere":null,"UserId":0}}
返回的结果:{"Status":0,"Message":null,"Result":{"List":[{"TaskId":234,"TaskName":"攻略：西北大环线深度游，8天自由行","Synopsis":"你喜欢沿路风光无限的旅行吗？一路上看尽雪山、大漠、戈壁、草原、湖泊、高原等地形地貌，领略最美的西北风光。@图","ReadCount":536,"HeadImg":"http://192.168.3.71/group1/M00/08/7A/oYYBAFo53yuAc38oAAA_h3oLdr4172.JPG","HeadImg2":null,"HeadImg3":null},{"TaskId":211,"TaskName":"走进美国 | 小心！在内华达自驾时千万别走错，不然让你碰见外星人","Synopsis":"心动！11111","ReadCount":522,"HeadImg":"http://192.168.3.71/group1/M00/08/76/oYYBAFo4cuWAExAMAABDgj7_lDs288.JPG","HeadImg2":null,"HeadImg3":null},{"TaskId":210,"TaskName":"走进美国 | 小心！在内华达自驾时千万别走错，不然让你碰见外星人","Synopsis":"心动！11111","ReadCount":522,"HeadImg":"http://192.168.3.71/group1/M00/08/76/oYYBAFo4cuWAExAMAABDgj7_lDs288.JPG","HeadImg2":null,"HeadImg3":null},{"TaskId":176,"TaskName":"走进美国 | 小心！在内华达自驾时千万别走错，不然让你碰见外星人","Synopsis":"心动！11111","ReadCount":522,"HeadImg":"http://192.168.3.71/group1/M00/08/76/oYYBAFo4cuWAExAMAABDgj7_lDs288.JPG","HeadImg2":null,"HeadImg3":null},{"TaskId":175,"TaskName":"走进美国 | 小心！在内华达自驾时千万别走错，不然让你碰见外星人","Synopsis":"心动！11111","ReadCount":522,"HeadImg":"http://192.168.3.71/group1/M00/08/76/oYYBAFo4cuWAExAMAABDgj7_lDs288.JPG","HeadImg2":null,"HeadImg3":null}],"TotleCount":5,"Extend":null},"IsOverdue":null}

