2018-04-10 09:06:50,782 [11] INFO  BaseLog [(null)] - [IsAuthorized]IsCheckIP=False,IsCheckLogin=True,CheckModuleRight=,用户请求的地址=http://www1.chitunion.com/api/SmartSearch/GetSmartSearchCount?r=0.712989321294162,UrlRefer=http://www1.chitunion.com/manager/advertister/personal/PersonCenter.html
2018-04-10 09:06:50,783 [6] INFO  BaseLog [(null)] - [IsAuthorized]IsCheckIP=False,IsCheckLogin=True,CheckModuleRight=,用户请求的地址=http://www1.chitunion.com/api/SmartSearch/GetSmartSearchList?PageSize=10&PageIndex=1&r=0.836728883231523,UrlRefer=http://www1.chitunion.com/manager/advertister/personal/PersonCenter.html
2018-04-10 09:06:50,782 [12] INFO  BaseLog [(null)] - [IsAuthorized]IsCheckIP=False,IsCheckLogin=True,CheckModuleRight=,用户请求的地址=http://www1.chitunion.com/api/media/GetStatistInfo?r=0.1487059911710804,UrlRefer=http://www1.chitunion.com/manager/media/personal/personalCenter.html
2018-04-10 09:06:50,788 [15] INFO  BaseLog [(null)] - [IsAuthorized]IsCheckIP=False,IsCheckLogin=True,CheckModuleRight=,用户请求的地址=http://www1.chitunion.com/api/Authorize/GetMenuInfo,UrlRefer=http://www1.chitunion.com/manager/advertister/personal/PersonCenter.html
2018-04-10 09:06:50,870 [11] ERROR BaseLog [(null)] - Chitunion_WebApi――异常
System.OperationCanceledException: 已取消该操作。
   在 System.Threading.CancellationToken.ThrowOperationCanceledException()
   在 System.Web.Http.Filters.ActionFilterAttribute.<CallOnActionExecutedAsync>d__5.MoveNext()
--- 引发异常的上一位置中堆栈跟踪的末尾 ---
   在 System.Runtime.CompilerServices.TaskAwaiter.ThrowForNonSuccess(Task task)
   在 System.Runtime.CompilerServices.TaskAwaiter.HandleNonSuccessAndDebuggerNotification(Task task)
   在 System.Web.Http.Filters.ActionFilterAttribute.<ExecuteActionFilterAsyncCore>d__0.MoveNext()
--- 引发异常的上一位置中堆栈跟踪的末尾 ---
   在 System.Runtime.CompilerServices.TaskAwaiter.ThrowForNonSuccess(Task task)
   在 System.Runtime.CompilerServices.TaskAwaiter.HandleNonSuccessAndDebuggerNotification(Task task)
   在 System.Web.Http.Controllers.ActionFilterResult.<ExecuteAsync>d__2.MoveNext()
--- 引发异常的上一位置中堆栈跟踪的末尾 ---
   在 System.Runtime.CompilerServices.TaskAwaiter.ThrowForNonSuccess(Task task)
   在 System.Runtime.CompilerServices.TaskAwaiter.HandleNonSuccessAndDebuggerNotification(Task task)
   在 System.Web.Http.Filters.AuthorizationFilterAttribute.<ExecuteAuthorizationFilterAsyncCore>d__2.MoveNext()
--- 引发异常的上一位置中堆栈跟踪的末尾 ---
   在 System.Runtime.CompilerServices.TaskAwaiter.ThrowForNonSuccess(Task task)
   在 System.Runtime.CompilerServices.TaskAwaiter.HandleNonSuccessAndDebuggerNotification(Task task)
   在 System.Web.Http.Controllers.ExceptionFilterResult.<ExecuteAsync>d__0.MoveNext()
2018-04-10 09:06:50,871 [15] ERROR BaseLog [(null)] - Chitunion_WebApi――异常
System.OperationCanceledException: 已取消该操作。
   在 System.Threading.CancellationToken.ThrowOperationCanceledException()
   在 System.Web.Http.Filters.ActionFilterAttribute.<CallOnActionExecutedAsync>d__5.MoveNext()
--- 引发异常的上一位置中堆栈跟踪的末尾 ---
   在 System.Runtime.CompilerServices.TaskAwaiter.ThrowForNonSuccess(Task task)
   在 System.Runtime.CompilerServices.TaskAwaiter.HandleNonSuccessAndDebuggerNotification(Task task)
   在 System.Web.Http.Filters.ActionFilterAttribute.<ExecuteActionFilterAsyncCore>d__0.MoveNext()
--- 引发异常的上一位置中堆栈跟踪的末尾 ---
   在 System.Runtime.CompilerServices.TaskAwaiter.ThrowForNonSuccess(Task task)
   在 System.Runtime.CompilerServices.TaskAwaiter.HandleNonSuccessAndDebuggerNotification(Task task)
   在 System.Web.Http.Controllers.ActionFilterResult.<ExecuteAsync>d__2.MoveNext()
--- 引发异常的上一位置中堆栈跟踪的末尾 ---
   在 System.Runtime.CompilerServices.TaskAwaiter.ThrowForNonSuccess(Task task)
   在 System.Runtime.CompilerServices.TaskAwaiter.HandleNonSuccessAndDebuggerNotification(Task task)
   在 System.Web.Http.Filters.AuthorizationFilterAttribute.<ExecuteAuthorizationFilterAsyncCore>d__2.MoveNext()
--- 引发异常的上一位置中堆栈跟踪的末尾 ---
   在 System.Runtime.CompilerServices.TaskAwaiter.ThrowForNonSuccess(Task task)
   在 System.Runtime.CompilerServices.TaskAwaiter.HandleNonSuccessAndDebuggerNotification(Task task)
   在 System.Web.Http.Controllers.ExceptionFilterResult.<ExecuteAsync>d__0.MoveNext()
2018-04-10 09:06:50,941 [6] ERROR BaseLog [(null)] - Chitunion_WebApi――异常
System.OperationCanceledException: 已取消该操作。
   在 System.Threading.CancellationToken.ThrowOperationCanceledException()
   在 System.Web.Http.Filters.ActionFilterAttribute.<CallOnActionExecutedAsync>d__5.MoveNext()
--- 引发异常的上一位置中堆栈跟踪的末尾 ---
   在 System.Runtime.CompilerServices.TaskAwaiter.ThrowForNonSuccess(Task task)
   在 System.Runtime.CompilerServices.TaskAwaiter.HandleNonSuccessAndDebuggerNotification(Task task)
   在 System.Web.Http.Filters.ActionFilterAttribute.<ExecuteActionFilterAsyncCore>d__0.MoveNext()
--- 引发异常的上一位置中堆栈跟踪的末尾 ---
   在 System.Runtime.CompilerServices.TaskAwaiter.ThrowForNonSuccess(Task task)
   在 System.Runtime.CompilerServices.TaskAwaiter.HandleNonSuccessAndDebuggerNotification(Task task)
   在 System.Web.Http.Controllers.ActionFilterResult.<ExecuteAsync>d__2.MoveNext()
--- 引发异常的上一位置中堆栈跟踪的末尾 ---
   在 System.Runtime.CompilerServices.TaskAwaiter.ThrowForNonSuccess(Task task)
   在 System.Runtime.CompilerServices.TaskAwaiter.HandleNonSuccessAndDebuggerNotification(Task task)
   在 System.Web.Http.Filters.AuthorizationFilterAttribute.<ExecuteAuthorizationFilterAsyncCore>d__2.MoveNext()
--- 引发异常的上一位置中堆栈跟踪的末尾 ---
   在 System.Runtime.CompilerServices.TaskAwaiter.ThrowForNonSuccess(Task task)
   在 System.Runtime.CompilerServices.TaskAwaiter.HandleNonSuccessAndDebuggerNotification(Task task)
   在 System.Web.Http.Controllers.ExceptionFilterResult.<ExecuteAsync>d__0.MoveNext()
2018-04-10 09:06:50,992 [6] INFO  BaseLog [(null)] - 发邮件开始：
2018-04-10 09:06:50,992 [15] INFO  BaseLog [(null)] - 发邮件开始：
2018-04-10 09:06:50,994 [11] INFO  BaseLog [(null)] - 发邮件开始：
2018-04-10 09:06:51,315 [6] INFO  BaseLog [(null)] - 发送邮件给谁:masj@xingyuanauto.com
2018-04-10 09:06:51,315 [15] INFO  BaseLog [(null)] - 发送邮件给谁:masj@xingyuanauto.com
2018-04-10 09:06:51,315 [15] INFO  BaseLog [(null)] - 发送邮件给谁:lix@xingyuanauto.com
2018-04-10 09:06:51,316 [15] INFO  BaseLog [(null)] - 发送邮件给谁:hant@xingyuanauto.com
2018-04-10 09:06:51,316 [15] INFO  BaseLog [(null)] - 发送邮件给谁:lihf@xingyuanauto.com
2018-04-10 09:06:51,316 [15] INFO  BaseLog [(null)] - 发送邮件给谁:zhanglb@xingyuanauto.com
2018-04-10 09:06:51,316 [15] INFO  BaseLog [(null)] - 发送邮件给谁:zhangjl@xingyuanauto.com
2018-04-10 09:06:51,315 [6] INFO  BaseLog [(null)] - 发送邮件给谁:lix@xingyuanauto.com
2018-04-10 09:06:51,316 [6] INFO  BaseLog [(null)] - 发送邮件给谁:hant@xingyuanauto.com
2018-04-10 09:06:51,316 [6] INFO  BaseLog [(null)] - 发送邮件给谁:lihf@xingyuanauto.com
2018-04-10 09:06:51,316 [6] INFO  BaseLog [(null)] - 发送邮件给谁:zhanglb@xingyuanauto.com
2018-04-10 09:06:51,316 [6] INFO  BaseLog [(null)] - 发送邮件给谁:zhangjl@xingyuanauto.com
2018-04-10 09:06:51,315 [11] INFO  BaseLog [(null)] - 发送邮件给谁:masj@xingyuanauto.com
2018-04-10 09:06:51,316 [11] INFO  BaseLog [(null)] - 发送邮件给谁:lix@xingyuanauto.com
2018-04-10 09:06:51,316 [11] INFO  BaseLog [(null)] - 发送邮件给谁:hant@xingyuanauto.com
2018-04-10 09:06:51,316 [11] INFO  BaseLog [(null)] - 发送邮件给谁:lihf@xingyuanauto.com
2018-04-10 09:06:51,316 [11] INFO  BaseLog [(null)] - 发送邮件给谁:zhanglb@xingyuanauto.com
2018-04-10 09:06:51,316 [11] INFO  BaseLog [(null)] - 发送邮件给谁:zhangjl@xingyuanauto.com
2018-04-10 09:06:51,730 [12] INFO  BaseLog [(null)] - [IsAuthorized]IsCheckIP=False,IsCheckLogin=True,CheckModuleRight=,用户请求的地址=http://www1.chitunion.com/api/media/GetBindingsWxList?PageIndex=1&PageSize=20&r=0.41245849303699034,UrlRefer=http://www1.chitunion.com/manager/media/personal/personalCenter.html
2018-04-10 09:06:51,759 [12] INFO  BaseLog [(null)] - 
当前操作类型:WeiXin
 查询条件信息:{"BusinessType":0,"Number":null,"Name":null,"Status":-2,"PublishStatus":-2,"EndTime":-2,"Source":-2,"OrderBy":0,"PageIndex":1,"PageSize":20,"SqlWhere":null,"UserId":1427}
2018-04-10 09:06:51,794 [12] INFO  BaseLog [(null)] - 
请求的url地址：http://www1.chitunion.com/api/media/GetStatistInfo?r=0.1487059911710804
客户端IP:127.0.0.1
执行的时间:414.9293ms
请求的参数:{"CheckLogin":true}
返回的结果:{"Status":0,"Message":null,"Result":{"UserId":1427,"UserHeadImg":null,"UserName":"masj_0","EarningsPrice":0.00,"OrderCount":10,"BindingsCount":0},"IsOverdue":null}

2018-04-10 09:06:51,794 [12] INFO  BaseLog [(null)] - 
请求的url地址：http://www1.chitunion.com/api/media/GetBindingsWxList?PageIndex=1&PageSize=20&r=0.41245849303699034
客户端IP:127.0.0.1
执行的时间:34.5603ms
请求的参数:{"CheckLogin":true,"request":{"BusinessType":0,"Number":null,"Name":null,"Status":-2,"PublishStatus":-2,"EndTime":-2,"Source":-2,"OrderBy":0,"PageIndex":1,"PageSize":20,"SqlWhere":null,"UserId":0}}
返回的结果:{"Status":0,"Message":null,"Result":{"List":[],"TotleCount":0,"Extend":null},"IsOverdue":null}

2018-04-10 09:06:51,796 [12] INFO  BaseLog [(null)] - [IsAuthorized]IsCheckIP=False,IsCheckLogin=True,CheckModuleRight=,用户请求的地址=http://www1.chitunion.com/api/Authorize/GetMenuInfo,UrlRefer=http://www1.chitunion.com/manager/media/personal/personalCenter.html
2018-04-10 09:06:51,977 [15] ERROR BaseLog [(null)] - 发邮件失败: 
System.Net.Mail.SmtpException: 命令顺序不正确。 服务器响应为:RCPT account isn't a local account
   在 System.Net.Mail.RecipientCommand.CheckResponse(SmtpStatusCode statusCode, String response)
   在 System.Net.Mail.SmtpTransport.SendMail(MailAddress sender, MailAddressCollection recipients, String deliveryNotify, Boolean allowUnicode, SmtpFailedRecipientException& exception)
   在 System.Net.Mail.SmtpClient.Send(MailMessage message)
   在 XYAuto.YanFa.SysRightManager.Common.IsdcMail.Send(String host, String userName, String password)
   在 XYAuto.YanFa.SysRightManager.Common.IsdcMail.Send()
   在 XYAuto.ITSC.Chitunion2017.BLL.EmailHelper.SendMailByTemplate(String templateName, String[] mailBody, String subject, String[] reciver) 位置 D:\GitRoot（C）\A5信息系统研发\销售业务管理平台\赤兔联盟系统\XYAuto.ITSC.Chitunion2017.BLL\EmailHelper.cs:行号 44
2018-04-10 09:06:51,977 [11] ERROR BaseLog [(null)] - 发邮件失败: 
System.Net.Mail.SmtpException: 命令顺序不正确。 服务器响应为:RCPT account isn't a local account
   在 System.Net.Mail.RecipientCommand.CheckResponse(SmtpStatusCode statusCode, String response)
   在 System.Net.Mail.SmtpTransport.SendMail(MailAddress sender, MailAddressCollection recipients, String deliveryNotify, Boolean allowUnicode, SmtpFailedRecipientException& exception)
   在 System.Net.Mail.SmtpClient.Send(MailMessage message)
   在 XYAuto.YanFa.SysRightManager.Common.IsdcMail.Send(String host, String userName, String password)
   在 XYAuto.YanFa.SysRightManager.Common.IsdcMail.Send()
   在 XYAuto.ITSC.Chitunion2017.BLL.EmailHelper.SendMailByTemplate(String templateName, String[] mailBody, String subject, String[] reciver) 位置 D:\GitRoot（C）\A5信息系统研发\销售业务管理平台\赤兔联盟系统\XYAuto.ITSC.Chitunion2017.BLL\EmailHelper.cs:行号 44
2018-04-10 09:06:51,999 [6] ERROR BaseLog [(null)] - 发邮件失败: 
System.Net.Mail.SmtpException: 命令顺序不正确。 服务器响应为:RCPT account isn't a local account
   在 System.Net.Mail.RecipientCommand.CheckResponse(SmtpStatusCode statusCode, String response)
   在 System.Net.Mail.SmtpTransport.SendMail(MailAddress sender, MailAddressCollection recipients, String deliveryNotify, Boolean allowUnicode, SmtpFailedRecipientException& exception)
   在 System.Net.Mail.SmtpClient.Send(MailMessage message)
   在 XYAuto.YanFa.SysRightManager.Common.IsdcMail.Send(String host, String userName, String password)
   在 XYAuto.YanFa.SysRightManager.Common.IsdcMail.Send()
   在 XYAuto.ITSC.Chitunion2017.BLL.EmailHelper.SendMailByTemplate(String templateName, String[] mailBody, String subject, String[] reciver) 位置 D:\GitRoot（C）\A5信息系统研发\销售业务管理平台\赤兔联盟系统\XYAuto.ITSC.Chitunion2017.BLL\EmailHelper.cs:行号 44
2018-04-10 09:06:52,050 [11] INFO  BaseLog [(null)] - 发邮件结束！
2018-04-10 09:06:52,050 [6] INFO  BaseLog [(null)] - 发邮件结束！
2018-04-10 09:06:52,049 [15] INFO  BaseLog [(null)] - 发邮件结束！
2018-04-10 10:00:53,374 [8] INFO  BaseLog [(null)] - [IsAuthorized]IsCheckIP=False,IsCheckLogin=False,CheckModuleRight=,用户请求的地址=http://www1.chitunion.com/api/DictInfo/GetDictInfoByTypeID?typeID=47&r=0.8379602040092204,UrlRefer=http://www1.chitunion.com/static/advertister/sort_list.html?type=0&keyword=
2018-04-10 10:00:53,374 [6] INFO  BaseLog [(null)] - [IsAuthorized]IsCheckIP=False,IsCheckLogin=False,CheckModuleRight=,用户请求的地址=http://www1.chitunion.com/api/DictInfo/GetDictInfoByTypeID?typeID=6&r=0.8746890044216513&_=1523325653044,UrlRefer=http://www1.chitunion.com/static/advertister/sort_list.html?type=0&keyword=
2018-04-10 10:00:53,655 [8] INFO  BaseLog [(null)] - [IsAuthorized]IsCheckIP=False,IsCheckLogin=False,CheckModuleRight=,用户请求的地址=http://www1.chitunion.com/api/MediaMatching/GetMediaMatchingList?ListType=wx_list&keyword=&PageIndex=1&PageSize=20&CategoryID=-1&MaxFansCount=-1&MinFansCount=-1&MaxPrice=-1&MinPrice=-1&ProvinceID=-1&CityID=-1&ADPositionID=-1&ReferenceType=-1&SortField=-1&SortIndex=-1,UrlRefer=http://www1.chitunion.com/static/advertister/sort_list.html?type=0&keyword=
2018-04-10 10:00:53,789 [6] INFO  BaseLog [(null)] - 
请求的url地址：http://www1.chitunion.com/api/MediaMatching/GetMediaMatchingList?ListType=wx_list&keyword=&PageIndex=1&PageSize=20&CategoryID=-1&MaxFansCount=-1&MinFansCount=-1&MaxPrice=-1&MinPrice=-1&ProvinceID=-1&CityID=-1&ADPositionID=-1&ReferenceType=-1&SortField=-1&SortIndex=-1
客户端IP:127.0.0.1
执行的时间:47.6272ms
请求的参数:{"queryArgs":{"Keyword":null,"ListType":"wx_list","PageIndex":1,"PageSize":20,"CategoryID":-1,"MaxFansCount":-1,"MinFansCount":-1,"MaxPrice":-1,"MinPrice":-1,"ProvinceID":-1,"CityID":-1,"ADPositionID":-1,"ReferenceType":-1,"SortField":-1,"SortIndex":-1}}
返回的结果:{"Status":0,"Message":"OK","Result":{"WeiXinList":{"SourceTagList":null,"List":[],"TotalCount":0}},"IsOverdue":null}

2018-04-10 14:35:15,965 [6] INFO  BaseLog [(null)] - [IsAuthorized]IsCheckIP=False,IsCheckLogin=True,CheckModuleRight=,用户请求的地址=http://www1.chitunion.com/api/SmartSearch/GetSmartSearchCount?r=0.5952336988200362,UrlRefer=http://www1.chitunion.com/manager/advertister/personal/PersonCenter.html
2018-04-10 14:35:15,965 [7] INFO  BaseLog [(null)] - [IsAuthorized]IsCheckIP=False,IsCheckLogin=True,CheckModuleRight=,用户请求的地址=http://www1.chitunion.com/api/media/GetBindingsWxList?PageIndex=1&PageSize=20&r=0.7473141400048442,UrlRefer=http://www1.chitunion.com/manager/media/personal/personalCenter.html
2018-04-10 14:35:15,965 [5] INFO  BaseLog [(null)] - [IsAuthorized]IsCheckIP=False,IsCheckLogin=True,CheckModuleRight=,用户请求的地址=http://www1.chitunion.com/api/media/GetStatistInfo?r=0.19128367275662583,UrlRefer=http://www1.chitunion.com/manager/media/personal/personalCenter.html
2018-04-10 14:35:15,970 [8] INFO  BaseLog [(null)] - [IsAuthorized]IsCheckIP=False,IsCheckLogin=True,CheckModuleRight=,用户请求的地址=http://www1.chitunion.com/api/Authorize/GetMenuInfo,UrlRefer=http://www1.chitunion.com/manager/advertister/personal/PersonCenter.html
2018-04-10 14:35:15,981 [14] INFO  BaseLog [(null)] - [IsAuthorized]IsCheckIP=False,IsCheckLogin=True,CheckModuleRight=,用户请求的地址=http://www1.chitunion.com/api/SmartSearch/GetSmartSearchList?PageSize=10&PageIndex=1&r=0.9399454942258272,UrlRefer=http://www1.chitunion.com/manager/advertister/personal/PersonCenter.html
2018-04-10 14:35:16,019 [8] ERROR BaseLog [(null)] - Chitunion_WebApi――异常
System.OperationCanceledException: 已取消该操作。
   在 System.Threading.CancellationToken.ThrowOperationCanceledException()
   在 System.Web.Http.Filters.ActionFilterAttribute.<CallOnActionExecutedAsync>d__5.MoveNext()
--- 引发异常的上一位置中堆栈跟踪的末尾 ---
   在 System.Runtime.CompilerServices.TaskAwaiter.ThrowForNonSuccess(Task task)
   在 System.Runtime.CompilerServices.TaskAwaiter.HandleNonSuccessAndDebuggerNotification(Task task)
   在 System.Web.Http.Filters.ActionFilterAttribute.<ExecuteActionFilterAsyncCore>d__0.MoveNext()
--- 引发异常的上一位置中堆栈跟踪的末尾 ---
   在 System.Runtime.CompilerServices.TaskAwaiter.ThrowForNonSuccess(Task task)
   在 System.Runtime.CompilerServices.TaskAwaiter.HandleNonSuccessAndDebuggerNotification(Task task)
   在 System.Web.Http.Controllers.ActionFilterResult.<ExecuteAsync>d__2.MoveNext()
--- 引发异常的上一位置中堆栈跟踪的末尾 ---
   在 System.Runtime.CompilerServices.TaskAwaiter.ThrowForNonSuccess(Task task)
   在 System.Runtime.CompilerServices.TaskAwaiter.HandleNonSuccessAndDebuggerNotification(Task task)
   在 System.Web.Http.Filters.AuthorizationFilterAttribute.<ExecuteAuthorizationFilterAsyncCore>d__2.MoveNext()
--- 引发异常的上一位置中堆栈跟踪的末尾 ---
   在 System.Runtime.CompilerServices.TaskAwaiter.ThrowForNonSuccess(Task task)
   在 System.Runtime.CompilerServices.TaskAwaiter.HandleNonSuccessAndDebuggerNotification(Task task)
   在 System.Web.Http.Controllers.ExceptionFilterResult.<ExecuteAsync>d__0.MoveNext()
2018-04-10 14:35:16,034 [8] INFO  BaseLog [(null)] - 发邮件开始：
2018-04-10 14:35:16,034 [6] ERROR BaseLog [(null)] - Chitunion_WebApi――异常
System.OperationCanceledException: 已取消该操作。
   在 System.Threading.CancellationToken.ThrowOperationCanceledException()
   在 System.Web.Http.Filters.ActionFilterAttribute.<CallOnActionExecutedAsync>d__5.MoveNext()
--- 引发异常的上一位置中堆栈跟踪的末尾 ---
   在 System.Runtime.CompilerServices.TaskAwaiter.ThrowForNonSuccess(Task task)
   在 System.Runtime.CompilerServices.TaskAwaiter.HandleNonSuccessAndDebuggerNotification(Task task)
   在 System.Web.Http.Filters.ActionFilterAttribute.<ExecuteActionFilterAsyncCore>d__0.MoveNext()
--- 引发异常的上一位置中堆栈跟踪的末尾 ---
   在 System.Runtime.CompilerServices.TaskAwaiter.ThrowForNonSuccess(Task task)
   在 System.Runtime.CompilerServices.TaskAwaiter.HandleNonSuccessAndDebuggerNotification(Task task)
   在 System.Web.Http.Controllers.ActionFilterResult.<ExecuteAsync>d__2.MoveNext()
--- 引发异常的上一位置中堆栈跟踪的末尾 ---
   在 System.Runtime.CompilerServices.TaskAwaiter.ThrowForNonSuccess(Task task)
   在 System.Runtime.CompilerServices.TaskAwaiter.HandleNonSuccessAndDebuggerNotification(Task task)
   在 System.Web.Http.Filters.AuthorizationFilterAttribute.<ExecuteAuthorizationFilterAsyncCore>d__2.MoveNext()
--- 引发异常的上一位置中堆栈跟踪的末尾 ---
   在 System.Runtime.CompilerServices.TaskAwaiter.ThrowForNonSuccess(Task task)
   在 System.Runtime.CompilerServices.TaskAwaiter.HandleNonSuccessAndDebuggerNotification(Task task)
   在 System.Web.Http.Controllers.ExceptionFilterResult.<ExecuteAsync>d__0.MoveNext()
2018-04-10 14:35:16,035 [6] INFO  BaseLog [(null)] - 发邮件开始：
2018-04-10 14:35:16,035 [8] INFO  BaseLog [(null)] - 发送邮件给谁:masj@xingyuanauto.com
2018-04-10 14:35:16,035 [8] INFO  BaseLog [(null)] - 发送邮件给谁:lix@xingyuanauto.com
2018-04-10 14:35:16,035 [8] INFO  BaseLog [(null)] - 发送邮件给谁:hant@xingyuanauto.com
2018-04-10 14:35:16,035 [8] INFO  BaseLog [(null)] - 发送邮件给谁:lihf@xingyuanauto.com
2018-04-10 14:35:16,035 [8] INFO  BaseLog [(null)] - 发送邮件给谁:zhanglb@xingyuanauto.com
2018-04-10 14:35:16,035 [8] INFO  BaseLog [(null)] - 发送邮件给谁:zhangjl@xingyuanauto.com
2018-04-10 14:35:16,035 [6] INFO  BaseLog [(null)] - 发送邮件给谁:masj@xingyuanauto.com
2018-04-10 14:35:16,035 [6] INFO  BaseLog [(null)] - 发送邮件给谁:lix@xingyuanauto.com
2018-04-10 14:35:16,035 [6] INFO  BaseLog [(null)] - 发送邮件给谁:hant@xingyuanauto.com
2018-04-10 14:35:16,035 [6] INFO  BaseLog [(null)] - 发送邮件给谁:lihf@xingyuanauto.com
2018-04-10 14:35:16,035 [6] INFO  BaseLog [(null)] - 发送邮件给谁:zhanglb@xingyuanauto.com
2018-04-10 14:35:16,035 [6] INFO  BaseLog [(null)] - 发送邮件给谁:zhangjl@xingyuanauto.com
2018-04-10 14:35:16,063 [14] ERROR BaseLog [(null)] - Chitunion_WebApi――异常
System.OperationCanceledException: 已取消该操作。
   在 System.Threading.CancellationToken.ThrowOperationCanceledException()
   在 System.Web.Http.Filters.ActionFilterAttribute.<CallOnActionExecutedAsync>d__5.MoveNext()
--- 引发异常的上一位置中堆栈跟踪的末尾 ---
   在 System.Runtime.CompilerServices.TaskAwaiter.ThrowForNonSuccess(Task task)
   在 System.Runtime.CompilerServices.TaskAwaiter.HandleNonSuccessAndDebuggerNotification(Task task)
   在 System.Web.Http.Filters.ActionFilterAttribute.<ExecuteActionFilterAsyncCore>d__0.MoveNext()
--- 引发异常的上一位置中堆栈跟踪的末尾 ---
   在 System.Runtime.CompilerServices.TaskAwaiter.ThrowForNonSuccess(Task task)
   在 System.Runtime.CompilerServices.TaskAwaiter.HandleNonSuccessAndDebuggerNotification(Task task)
   在 System.Web.Http.Controllers.ActionFilterResult.<ExecuteAsync>d__2.MoveNext()
--- 引发异常的上一位置中堆栈跟踪的末尾 ---
   在 System.Runtime.CompilerServices.TaskAwaiter.ThrowForNonSuccess(Task task)
   在 System.Runtime.CompilerServices.TaskAwaiter.HandleNonSuccessAndDebuggerNotification(Task task)
   在 System.Web.Http.Filters.AuthorizationFilterAttribute.<ExecuteAuthorizationFilterAsyncCore>d__2.MoveNext()
--- 引发异常的上一位置中堆栈跟踪的末尾 ---
   在 System.Runtime.CompilerServices.TaskAwaiter.ThrowForNonSuccess(Task task)
   在 System.Runtime.CompilerServices.TaskAwaiter.HandleNonSuccessAndDebuggerNotification(Task task)
   在 System.Web.Http.Controllers.ExceptionFilterResult.<ExecuteAsync>d__0.MoveNext()
2018-04-10 14:35:16,063 [14] INFO  BaseLog [(null)] - 发邮件开始：
2018-04-10 14:35:16,064 [14] INFO  BaseLog [(null)] - 发送邮件给谁:masj@xingyuanauto.com
2018-04-10 14:35:16,064 [14] INFO  BaseLog [(null)] - 发送邮件给谁:lix@xingyuanauto.com
2018-04-10 14:35:16,064 [14] INFO  BaseLog [(null)] - 发送邮件给谁:hant@xingyuanauto.com
2018-04-10 14:35:16,064 [14] INFO  BaseLog [(null)] - 发送邮件给谁:lihf@xingyuanauto.com
2018-04-10 14:35:16,064 [14] INFO  BaseLog [(null)] - 发送邮件给谁:zhanglb@xingyuanauto.com
2018-04-10 14:35:16,064 [14] INFO  BaseLog [(null)] - 发送邮件给谁:zhangjl@xingyuanauto.com
2018-04-10 14:35:16,178 [7] INFO  BaseLog [(null)] - 
当前操作类型:WeiXin
 查询条件信息:{"BusinessType":0,"Number":null,"Name":null,"Status":-2,"PublishStatus":-2,"EndTime":-2,"Source":-2,"OrderBy":0,"PageIndex":1,"PageSize":20,"SqlWhere":null,"UserId":1427}
2018-04-10 14:35:16,210 [7] INFO  BaseLog [(null)] - [IsAuthorized]IsCheckIP=False,IsCheckLogin=True,CheckModuleRight=,用户请求的地址=http://www1.chitunion.com/api/Authorize/GetMenuInfo,UrlRefer=http://www1.chitunion.com/manager/media/personal/personalCenter.html
2018-04-10 14:35:16,210 [5] INFO  BaseLog [(null)] - 
请求的url地址：http://www1.chitunion.com/api/media/GetStatistInfo?r=0.19128367275662583
客户端IP:127.0.0.1
执行的时间:53.6425ms
请求的参数:{"CheckLogin":true}
返回的结果:{"Status":0,"Message":null,"Result":{"UserId":1427,"UserHeadImg":null,"UserName":"masj_0","EarningsPrice":0.00,"OrderCount":10,"BindingsCount":0},"IsOverdue":null}

2018-04-10 14:35:16,210 [5] INFO  BaseLog [(null)] - 
请求的url地址：http://www1.chitunion.com/api/media/GetBindingsWxList?PageIndex=1&PageSize=20&r=0.7473141400048442
客户端IP:127.0.0.1
执行的时间:23.5633ms
请求的参数:{"CheckLogin":true,"request":{"BusinessType":0,"Number":null,"Name":null,"Status":-2,"PublishStatus":-2,"EndTime":-2,"Source":-2,"OrderBy":0,"PageIndex":1,"PageSize":20,"SqlWhere":null,"UserId":0}}
返回的结果:{"Status":0,"Message":null,"Result":{"List":[],"TotleCount":0,"Extend":null},"IsOverdue":null}

2018-04-10 14:35:16,512 [6] ERROR BaseLog [(null)] - 发邮件失败: 
System.Net.Mail.SmtpException: 命令顺序不正确。 服务器响应为:RCPT account isn't a local account
   在 System.Net.Mail.RecipientCommand.CheckResponse(SmtpStatusCode statusCode, String response)
   在 System.Net.Mail.SmtpTransport.SendMail(MailAddress sender, MailAddressCollection recipients, String deliveryNotify, Boolean allowUnicode, SmtpFailedRecipientException& exception)
   在 System.Net.Mail.SmtpClient.Send(MailMessage message)
   在 XYAuto.YanFa.SysRightManager.Common.IsdcMail.Send(String host, String userName, String password)
   在 XYAuto.YanFa.SysRightManager.Common.IsdcMail.Send()
   在 XYAuto.ITSC.Chitunion2017.BLL.EmailHelper.SendMailByTemplate(String templateName, String[] mailBody, String subject, String[] reciver) 位置 D:\GitRoot（C）\A5信息系统研发\销售业务管理平台\赤兔联盟系统\XYAuto.ITSC.Chitunion2017.BLL\EmailHelper.cs:行号 44
2018-04-10 14:35:16,518 [8] ERROR BaseLog [(null)] - 发邮件失败: 
System.Net.Mail.SmtpException: 命令顺序不正确。 服务器响应为:RCPT account isn't a local account
   在 System.Net.Mail.RecipientCommand.CheckResponse(SmtpStatusCode statusCode, String response)
   在 System.Net.Mail.SmtpTransport.SendMail(MailAddress sender, MailAddressCollection recipients, String deliveryNotify, Boolean allowUnicode, SmtpFailedRecipientException& exception)
   在 System.Net.Mail.SmtpClient.Send(MailMessage message)
   在 XYAuto.YanFa.SysRightManager.Common.IsdcMail.Send(String host, String userName, String password)
   在 XYAuto.YanFa.SysRightManager.Common.IsdcMail.Send()
   在 XYAuto.ITSC.Chitunion2017.BLL.EmailHelper.SendMailByTemplate(String templateName, String[] mailBody, String subject, String[] reciver) 位置 D:\GitRoot（C）\A5信息系统研发\销售业务管理平台\赤兔联盟系统\XYAuto.ITSC.Chitunion2017.BLL\EmailHelper.cs:行号 44
2018-04-10 14:35:16,537 [14] ERROR BaseLog [(null)] - 发邮件失败: 
System.Net.Mail.SmtpException: 命令顺序不正确。 服务器响应为:RCPT account isn't a local account
   在 System.Net.Mail.RecipientCommand.CheckResponse(SmtpStatusCode statusCode, String response)
   在 System.Net.Mail.SmtpTransport.SendMail(MailAddress sender, MailAddressCollection recipients, String deliveryNotify, Boolean allowUnicode, SmtpFailedRecipientException& exception)
   在 System.Net.Mail.SmtpClient.Send(MailMessage message)
   在 XYAuto.YanFa.SysRightManager.Common.IsdcMail.Send(String host, String userName, String password)
   在 XYAuto.YanFa.SysRightManager.Common.IsdcMail.Send()
   在 XYAuto.ITSC.Chitunion2017.BLL.EmailHelper.SendMailByTemplate(String templateName, String[] mailBody, String subject, String[] reciver) 位置 D:\GitRoot（C）\A5信息系统研发\销售业务管理平台\赤兔联盟系统\XYAuto.ITSC.Chitunion2017.BLL\EmailHelper.cs:行号 44
2018-04-10 14:35:16,615 [14] INFO  BaseLog [(null)] - 发邮件结束！
2018-04-10 14:35:16,615 [8] INFO  BaseLog [(null)] - 发邮件结束！
2018-04-10 14:35:16,615 [6] INFO  BaseLog [(null)] - 发邮件结束！
2018-04-10 16:59:38,341 [11] INFO  BaseLog [(null)] - [IsAuthorized]IsCheckIP=False,IsCheckLogin=True,CheckModuleRight=,用户请求的地址=http://www1.chitunion.com/api/Authorize/GetMenuInfo,UrlRefer=http://www1.chitunion.com/test/main.html
2018-04-10 16:59:38,361 [11] INFO  BaseLog [(null)] - [AuthorizedResult]用户验证失败,CheckLogin=False
2018-04-10 16:59:38,891 [11] INFO  BaseLog [(null)] - 
当前操作类型:WeiXin
 查询条件信息:{"OrderName":null,"OrderStatus":-2,"TaskType":192001,"Category":-2,"BusinessType":0,"Number":null,"Name":null,"Status":-2,"PublishStatus":-2,"EndTime":-2,"Source":-2,"OrderBy":0,"PageIndex":1,"PageSize":20,"SqlWhere":null,"UserId":0}
2018-04-10 16:59:39,235 [11] INFO  BaseLog [(null)] - 
请求的url地址：http://www1.chitunion.com/api/task/GetDistrbuteList?PageIndex=1&PageSize=20&r=0.9979370923247188
客户端IP:127.0.0.1
执行的时间:321.8549ms
请求的参数:{"request":{"OrderName":null,"OrderStatus":-2,"TaskType":-2,"Category":-2,"BusinessType":0,"Number":null,"Name":null,"Status":-2,"PublishStatus":-2,"EndTime":-2,"Source":-2,"OrderBy":0,"PageIndex":1,"PageSize":20,"SqlWhere":null,"UserId":0}}
返回的结果:{"Status":0,"Message":null,"Result":{"List":[{"TaskId":16442,"TaskName":"做到这些，你的轮胎就安全了！","MaterialUrl":"http://news1.chitu.qichedaquan.com/ct_m/20180402/11039.html","BillingRuleName":"0.22元/CPC + 0元/CPL","ImgUrl":"http://imgcdn.chitunion.com/group4/M00/D0/DA/Qw0DAFqvdreANsEUAAAjr2L1NK0692.JPG","Synopsis":"111111111111111111111111111111111111111","CPCPrice":0.22,"CPLPrice":0.00,"TaskAmount":813.00,"RuleCount":20000,"TakeCount":0},{"TaskId":16441,"TaskName":"创作谈：她们――关于《中年妇女恋爱史》（张楚）","MaterialUrl":"http://wx-ct.qichedaquan.com/NewsFolder/ct_m/20180323/10930.html","BillingRuleName":"0.14元/CPC + 0元/CPL","ImgUrl":"http://imgcdn.chitunion.com/group4/M00/8A/14/QQ0DAFqwaWqAXjP9AABACfRJHfc072.JPG","Synopsis":"创作谈：她们――关于《中年妇女恋爱史》（张楚）","CPCPrice":0.14,"CPLPrice":0.00,"TaskAmount":616.00,"RuleCount":20000,"TakeCount":0},{"TaskId":16440,"TaskName":"活在朋友圈外的李宗盛","MaterialUrl":"http://news1.chitu.qichedaquan.com/ct_m/20180402/11041.html","BillingRuleName":"0.28元/CPC + 0元/CPL","ImgUrl":"http://imgcdn.chitunion.com/group4/M00/8A/14/QQ0DAFqwaJyAP4kvAAAiDmH-8pE099.JPG","Synopsis":"有朋友说，因为喜欢林夕，所以喜欢上张国荣。一个写词的人也有这样的吸引力。 在我眼里但凡好的词人都有一颗诗人的心，相比较林夕活得太细腻诡谲，宗盛大叔，应该算个闷酒醉头、清醒又恍...","CPCPrice":0.28,"CPLPrice":0.00,"TaskAmount":970.00,"RuleCount":20000,"TakeCount":0},{"TaskId":16439,"TaskName":"《西游记?女儿国》掉不下眼泪的揪心","MaterialUrl":"http://news1.chitu.qichedaquan.com/ct_m/20180404/11043.html","BillingRuleName":"0.26元/CPC + 0元/CPL","ImgUrl":"http://imgcdn.chitunion.com/group4/M00/89/FB/QQ0DAFqwQraAYYHpAAAvh1CgIp4983.JPG","Synopsis":"本该在节里去看了的片子，这是一部前几天一直不敢看的片子。听说了些许，怕是又如《猫妖传》看罢后，浓了情，虐了心，毁了关。 没想的，还是绷不住，想要一样的了解下这是一部怎样的片。...","CPCPrice":0.26,"CPLPrice":0.00,"TaskAmount":911.00,"RuleCount":20000,"TakeCount":0},{"TaskId":16438,"TaskName":"iMac Pro惊鸿现身 一起看看真机风采","MaterialUrl":"http://newscdn.chitunion.com/ct_m/20180314/155755.html","BillingRuleName":"0.18元/CPC + 0元/CPL","ImgUrl":"http://img4.qcdqcdn.com/group4/M00/3B/37/Qw0DAFp4HW2Ac5PFAAAmA-QzzA8987.JPG","Synopsis":"就已经开始为全新的iMacPro所需要的高端显卡","CPCPrice":0.18,"CPLPrice":0.00,"TaskAmount":701.00,"RuleCount":20000,"TakeCount":0},{"TaskId":16437,"TaskName":"买苹果表选铝合金还是不锈钢？五张图告诉你它们的区别","MaterialUrl":"http://newscdn.chitunion.com/ct_m/20180314/155752.html","BillingRuleName":"0.21元/CPC + 0元/CPL","ImgUrl":"http://img4.qcdqcdn.com/group4/M00/3B/37/Qw0DAFp4HYiAC9ksAAAvL6toggU889.JPG","Synopsis":"他们不知道深空黑不锈钢和深空灰铝合金AppleWatch到底有哪些区别","CPCPrice":0.21,"CPLPrice":0.00,"TaskAmount":799.00,"RuleCount":20000,"TakeCount":0},{"TaskId":16436,"TaskName":"孙勇专栏 | 关税下调和股比放开，谁是这两个政策的受益者？","MaterialUrl":"http://newscdn.chitunion.com/ct_m/20180314/155749.html","BillingRuleName":"0.13元/CPC + 0元/CPL","ImgUrl":"http://img4.qcdqcdn.com/group4/M00/FD/92/QQ0DAFp3_CWASVZ5AAA1mjKW65k964.JPG","Synopsis":"我还要强调的一点是，长期主要依靠分享合资公司利润过日子的几大国有汽车集团应该警醒起来","CPCPrice":0.13,"CPLPrice":0.00,"TaskAmount":576.00,"RuleCount":20000,"TakeCount":0},{"TaskId":16435,"TaskName":"豆腐君，麻辣清鲜总相宜","MaterialUrl":"http://newscdn.chitunion.com/ct_m/20180314/155745.html","BillingRuleName":"0.24元/CPC + 0元/CPL","ImgUrl":"http://imgcdn.chitunion.com/group4/M00/1C/46/QQ0DAFqABzqAQ5YQAAA9aUCqTto162.JPG","Synopsis":"小时候不懂欣赏豆腐的美，总嫌它白白的而且还没什么味道。","CPCPrice":0.24,"CPLPrice":0.00,"TaskAmount":853.00,"RuleCount":20000,"TakeCount":0},{"TaskId":16434,"TaskName":"财务人薪水揭秘：财务总监和出纳之间隔了6个会计！","MaterialUrl":"http://newscdn.chitunion.com/ct_m/20180314/155743.html","BillingRuleName":"0.28元/CPC + 0元/CPL","ImgUrl":"http://imgcdn.chitunion.com/group4/M00/41/55/QQ0DAFqKizSAOv_zAAAzxZX2j5A513.JPG","Synopsis":"一直以来，会计都被认为是一个入行门槛不高的行业。","CPCPrice":0.28,"CPLPrice":0.00,"TaskAmount":950.00,"RuleCount":20000,"TakeCount":0},{"TaskId":16433,"TaskName":"海口上万车辆滞留飞北上广机票过万","MaterialUrl":"http://newscdn.chitunion.com/ct_m/20180314/155739.html","BillingRuleName":"0.15元/CPC + 0元/CPL","ImgUrl":"http://imgcdn.chitunion.com/group4/M00/4A/98/QQ0DAFqNHcGAdgzcAAEvrliOZ7I174.PNG","Synopsis":"――海口上万车辆滞留飞北上广机票过万 今天是戊戌初六（2.21.）我照常坚持清晨的骑行。","CPCPrice":0.15,"CPLPrice":0.00,"TaskAmount":630.00,"RuleCount":20000,"TakeCount":0},{"TaskId":16432,"TaskName":"2018哈苏大师摄影赛揭晓，最专业的摄影竟然这么美！","MaterialUrl":"http://newscdn.chitunion.com/ct_m/20180314/155735.html","BillingRuleName":"0.19元/CPC + 0元/CPL","ImgUrl":"http://imgcdn.chitunion.com/group4/M00/55/11/QQ0DAFqP4oCAXevSAAA3L3LGSwc527.JPG","Synopsis":"“哈苏大师赛”这个名字在摄影师圈子里不会陌生。","CPCPrice":0.19,"CPLPrice":0.00,"TaskAmount":727.00,"RuleCount":20000,"TakeCount":0},{"TaskId":16431,"TaskName":"真相大白！这起震惊日本的恶劣事件不是中国游客干的","MaterialUrl":"http://newscdn.chitunion.com/ct_m/20180314/155733.html","BillingRuleName":"0.23元/CPC + 0元/CPL","ImgUrl":"http://imgcdn.chitunion.com/group4/M00/57/E4/QQ0DAFqRCviAcTMBAAAhOypoN7o595.JPG","Synopsis":"有游客用荧光颜料用中文和英文涂鸦，\n\n有网友把矛头直接指向“中国情侣。","CPCPrice":0.23,"CPLPrice":0.00,"TaskAmount":825.00,"RuleCount":20000,"TakeCount":0},{"TaskId":16430,"TaskName":"费德勒天赋异禀，但同样战术超群！","MaterialUrl":"http://newscdn.chitunion.com/ct_m/20180314/155730.html","BillingRuleName":"0.10元/CPC + 0元/CPL","ImgUrl":"http://imgcdn.chitunion.com/group4/M00/4B/4B/Qw0DAFqRjwCAWgBTAAAvrvhV2Uo706.JPG","Synopsis":"2006年，英国体育专栏记者西蒙巴恩斯就当时的世界第一写了一段话：当费德勒火力全开，挥洒艺术的时候","CPCPrice":0.10,"CPLPrice":0.00,"TaskAmount":504.00,"RuleCount":20000,"TakeCount":0},{"TaskId":16429,"TaskName":"30岁之前，做什么最重要？","MaterialUrl":"http://newscdn.chitunion.com/ct_m/20180314/155726.html","BillingRuleName":"0.14元/CPC + 0元/CPL","ImgUrl":"http://imgcdn.chitunion.com/group4/M00/5B/D3/QQ0DAFqSG--AXhvSAAAwMNkpGdk454.JPG","Synopsis":"本篇回： 01 中国有句古话，叫做“三十而立”； 而我们也习惯了在跟人聊天时候，将30岁作为一个分水岭！","CPCPrice":0.14,"CPLPrice":0.00,"TaskAmount":602.00,"RuleCount":20000,"TakeCount":0},{"TaskId":16428,"TaskName":"文昌宋氏祖居珍贵的全家福","MaterialUrl":"http://newscdn.chitunion.com/ct_m/20180314/155722.html","BillingRuleName":"0.17元/CPC + 0元/CPL","ImgUrl":"http://imgcdn.chitunion.com/group4/M00/4C/12/Qw0DAFqTT-CADgd1AAAhGEn7qso551.JPG","Synopsis":"―― 冬季到海南文昌作候鸟有三年了，每次来的文昌，都想去参观仰慕已久的宋氏祖居。","CPCPrice":0.17,"CPLPrice":0.00,"TaskAmount":699.00,"RuleCount":20000,"TakeCount":0},{"TaskId":16427,"TaskName":"我国每年约有20万儿童失踪!","MaterialUrl":"http://newscdn.chitunion.com/ct_m/20180314/155718.html","BillingRuleName":"0.25元/CPC + 0元/CPL","ImgUrl":"http://imgcdn.chitunion.com/group4/M00/6F/15/Qw0DAFqY_o2AWV9oAAAiIc5f8J4135.JPG","Synopsis":"人头攒动的火车站。一位妈妈一手牵着孩子，一手艰难地拿着一堆行李，好不容易才走到检票口。","CPCPrice":0.25,"CPLPrice":0.00,"TaskAmount":879.00,"RuleCount":20000,"TakeCount":0},{"TaskId":16426,"TaskName":"汽车站刚刚出的事！手段惊人，赶快告诉家人...","MaterialUrl":"http://newscdn.chitunion.com/ct_m/20180314/155716.html","BillingRuleName":"0.29元/CPC + 0元/CPL","ImgUrl":"http://imgcdn.chitunion.com/group4/M00/7D/58/Qw0DAFqbtYuACN02AAApjlBsPA4409.JPG","Synopsis":"怀化最有影响力的公众号!本土力量,为怀化发声!小编微信号mohuan","CPCPrice":0.29,"CPLPrice":0.00,"TaskAmount":976.00,"RuleCount":20000,"TakeCount":0},{"TaskId":16425,"TaskName":"旅行青蛙：每个人都是一座孤独的岛","MaterialUrl":"http://newscdn.chitunion.com/ct_m/20180314/155709.html","BillingRuleName":"0.23元/CPC + 0元/CPL","ImgUrl":"http://imgcdn.chitunion.com/group4/M00/80/9D/Qw0DAFqc7c6AUiJYAAAnS0G_hwg682.JPG","Synopsis":"《旅行青蛙》这款游戏特别“佛系”，只有一只小青蛙，每天在一间小屋子里，孤独地吃饭、看书、写信。时间到了，就背","CPCPrice":0.23,"CPLPrice":0.00,"TaskAmount":835.00,"RuleCount":20000,"TakeCount":0},{"TaskId":16424,"TaskName":"【酱香通鉴】秦朝“车同轨”究竟是什么意思？","MaterialUrl":"http://newscdn.chitunion.com/ct_m/20180314/155707.html","BillingRuleName":"0.27元/CPC + 0元/CPL","ImgUrl":"http://imgcdn.chitunion.com/group4/M00/7E/E6/Qw0DAFqcvr6AHIafAAA7MiM0-j8152.JPG","Synopsis":"很早以前，就对“车同轨”有些迷惑，现代的卡车、轿车、货车就没有“同轨”，古代的马车，牛车，又不是轨道列车，为什么要“同轨”？ 车同轨，最早见于《礼记・中庸》：今天下车同轨，书...","CPCPrice":0.27,"CPLPrice":0.00,"TaskAmount":933.00,"RuleCount":20000,"TakeCount":0},{"TaskId":16423,"TaskName":"互联赋能共享零售 国美用心成就美好“家・生活”","MaterialUrl":"http://newscdn.chitunion.com/ct_m/20180314/155702.html","BillingRuleName":"0.11元/CPC + 0元/CPL","ImgUrl":"http://imgcdn.chitunion.com/group4/M00/79/34/QQ0DAFqh_dSAc4yDAAA6MtjBlCM051.JPG","Synopsis":"改革开放40年，中国百姓的生活发生了巨大改变，科技进步、消费升级两轮驱动，推动零售业转型升级。31年前，国美从北京前门一家不足百平米的小店起步，开创中国电器连锁经营模式，成长为中国零售业中流砥柱的标杆性企业。","CPCPrice":0.11,"CPLPrice":0.00,"TaskAmount":530.00,"RuleCount":20000,"TakeCount":0}],"TotleCount":558,"Extend":null},"IsOverdue":null}

2018-04-10 16:59:39,236 [12] INFO  BaseLog [(null)] - 
请求的url地址：http://www1.chitunion.com/api/task/GetCategoryList
客户端IP:127.0.0.1
执行的时间:469.2476ms
请求的参数:{}
返回的结果:{"Status":0,"Message":null,"Result":[{"CategoryId":3,"CategoryName":"育儿"},{"CategoryId":4,"CategoryName":"娱乐"},{"CategoryId":22,"CategoryName":"汽车"},{"CategoryId":24,"CategoryName":"美食"},{"CategoryId":25,"CategoryName":"旅游"},{"CategoryId":31,"CategoryName":"教育"},{"CategoryId":32,"CategoryName":"家居"},{"CategoryId":34,"CategoryName":"婚恋"},{"CategoryId":46,"CategoryName":"财经"},{"CategoryId":16,"CategoryName":"时尚"}],"IsOverdue":null}

2018-04-10 16:59:39,238 [11] INFO  BaseLog [(null)] - 
当前操作类型:WeiXin
 查询条件信息:{"OrderName":null,"OrderStatus":-2,"TaskType":192002,"Category":-2,"BusinessType":0,"Number":null,"Name":null,"Status":-2,"PublishStatus":-2,"EndTime":-2,"Source":-2,"OrderBy":0,"PageIndex":1,"PageSize":20,"SqlWhere":null,"UserId":0}
2018-04-10 16:59:39,245 [11] INFO  BaseLog [(null)] - 
请求的url地址：http://www1.chitunion.com/api/task/GetCoverImageList?PageIndex=1&PageSize=20&r=0.44103788980282843
客户端IP:127.0.0.1
执行的时间:7.0185ms
请求的参数:{"request":{"OrderName":null,"OrderStatus":-2,"TaskType":-2,"Category":-2,"BusinessType":0,"Number":null,"Name":null,"Status":-2,"PublishStatus":-2,"EndTime":-2,"Source":-2,"OrderBy":0,"PageIndex":1,"PageSize":20,"SqlWhere":null,"UserId":0}}
返回的结果:{"Status":0,"Message":null,"Result":{"List":[{"TaskId":16403,"TaskName":"买车全包圆儿，立即体验","MaterialUrl":"https://h5.qichedaquan.com/jike/","BillingRuleName":"0.10元/CPC + 3元/CPL","ImgUrl":"http://op.chitunion.com/UploadFiles/BottomMaterielPic/06.png","Synopsis":"无","CPCPrice":0.10,"CPLPrice":3.00,"TaskAmount":803.00,"RuleCount":20000,"TakeCount":34},{"TaskId":16402,"TaskName":"新年更优惠，买车正当时","MaterialUrl":"https://h5.qichedaquan.com/jike/","BillingRuleName":"0.21元/CPC + 3元/CPL","ImgUrl":"http://op.chitunion.com/UploadFiles/BottomMaterielPic/03.png","Synopsis":"无","CPCPrice":0.21,"CPLPrice":3.00,"TaskAmount":910.00,"RuleCount":20000,"TakeCount":17},{"TaskId":16401,"TaskName":"买新车要试驾，立即预约","MaterialUrl":"https://h5.qichedaquan.com/jike/","BillingRuleName":"0.10元/CPC + 3元/CPL","ImgUrl":"http://op.chitunion.com/UploadFiles/BottomMaterielPic/05.png","Synopsis":"无","CPCPrice":0.10,"CPLPrice":3.00,"TaskAmount":804.00,"RuleCount":20000,"TakeCount":1},{"TaskId":16400,"TaskName":"新年更优惠，立即询底价","MaterialUrl":"https://h5.qichedaquan.com/jike/","BillingRuleName":"0.14元/CPC + 3元/CPL","ImgUrl":"http://op.chitunion.com/UploadFiles/BottomMaterielPic/08.png","Synopsis":"无","CPCPrice":0.14,"CPLPrice":3.00,"TaskAmount":849.00,"RuleCount":20000,"TakeCount":0},{"TaskId":16399,"TaskName":"小白买车，帮你选好车","MaterialUrl":"https://h5.qichedaquan.com/jike/","BillingRuleName":"0.29元/CPC + 3元/CPL","ImgUrl":"http://op.chitunion.com/UploadFiles/BottomMaterielPic/07.png","Synopsis":"无","CPCPrice":0.29,"CPLPrice":3.00,"TaskAmount":999.00,"RuleCount":20000,"TakeCount":15},{"TaskId":16398,"TaskName":"买车要砍价，找TA报价优惠多","MaterialUrl":"https://h5.qichedaquan.com/jike/","BillingRuleName":"0.27元/CPC + 3元/CPL","ImgUrl":"http://op.chitunion.com/UploadFiles/BottomMaterielPic/02.png","Synopsis":"无","CPCPrice":0.27,"CPLPrice":3.00,"TaskAmount":973.00,"RuleCount":20000,"TakeCount":14},{"TaskId":16397,"TaskName":"买新车来询价，低价马上到手","MaterialUrl":"https://h5.qichedaquan.com/jike/","BillingRuleName":"0.26元/CPC + 3元/CPL","ImgUrl":"http://op.chitunion.com/UploadFiles/BottomMaterielPic/04.png","Synopsis":"无","CPCPrice":0.26,"CPLPrice":3.00,"TaskAmount":995.00,"RuleCount":20000,"TakeCount":6},{"TaskId":16396,"TaskName":"低价买新车，立即询底价","MaterialUrl":"https://h5.qichedaquan.com/jike/","BillingRuleName":"0.10元/CPC + 0元/CPL","ImgUrl":"http://op.chitunion.com/UploadFiles/BottomMaterielPic/01.png","Synopsis":"无","CPCPrice":0.10,"CPLPrice":0.00,"TaskAmount":523.00,"RuleCount":20000,"TakeCount":0}],"TotleCount":8,"Extend":null},"IsOverdue":null}

2018-04-10 16:59:39,723 [12] INFO  BaseLog [(null)] - 
当前操作类型:WeiXin
 查询条件信息:{"OrderName":null,"OrderStatus":-2,"TaskType":192002,"Category":-2,"BusinessType":0,"Number":null,"Name":null,"Status":-2,"PublishStatus":-2,"EndTime":-2,"Source":-2,"OrderBy":0,"PageIndex":1,"PageSize":20,"SqlWhere":null,"UserId":0}
2018-04-10 16:59:39,726 [11] INFO  BaseLog [(null)] - 
请求的url地址：http://www1.chitunion.com/api/task/GetCoverImageList?PageIndex=1&PageSize=20&r=0.947297781240195
客户端IP:127.0.0.1
执行的时间:3.0078ms
请求的参数:{"request":{"OrderName":null,"OrderStatus":-2,"TaskType":-2,"Category":-2,"BusinessType":0,"Number":null,"Name":null,"Status":-2,"PublishStatus":-2,"EndTime":-2,"Source":-2,"OrderBy":0,"PageIndex":1,"PageSize":20,"SqlWhere":null,"UserId":0}}
返回的结果:{"Status":0,"Message":null,"Result":{"List":[{"TaskId":16403,"TaskName":"买车全包圆儿，立即体验","MaterialUrl":"https://h5.qichedaquan.com/jike/","BillingRuleName":"0.10元/CPC + 3元/CPL","ImgUrl":"http://op.chitunion.com/UploadFiles/BottomMaterielPic/06.png","Synopsis":"无","CPCPrice":0.10,"CPLPrice":3.00,"TaskAmount":803.00,"RuleCount":20000,"TakeCount":34},{"TaskId":16402,"TaskName":"新年更优惠，买车正当时","MaterialUrl":"https://h5.qichedaquan.com/jike/","BillingRuleName":"0.21元/CPC + 3元/CPL","ImgUrl":"http://op.chitunion.com/UploadFiles/BottomMaterielPic/03.png","Synopsis":"无","CPCPrice":0.21,"CPLPrice":3.00,"TaskAmount":910.00,"RuleCount":20000,"TakeCount":17},{"TaskId":16401,"TaskName":"买新车要试驾，立即预约","MaterialUrl":"https://h5.qichedaquan.com/jike/","BillingRuleName":"0.10元/CPC + 3元/CPL","ImgUrl":"http://op.chitunion.com/UploadFiles/BottomMaterielPic/05.png","Synopsis":"无","CPCPrice":0.10,"CPLPrice":3.00,"TaskAmount":804.00,"RuleCount":20000,"TakeCount":1},{"TaskId":16400,"TaskName":"新年更优惠，立即询底价","MaterialUrl":"https://h5.qichedaquan.com/jike/","BillingRuleName":"0.14元/CPC + 3元/CPL","ImgUrl":"http://op.chitunion.com/UploadFiles/BottomMaterielPic/08.png","Synopsis":"无","CPCPrice":0.14,"CPLPrice":3.00,"TaskAmount":849.00,"RuleCount":20000,"TakeCount":0},{"TaskId":16399,"TaskName":"小白买车，帮你选好车","MaterialUrl":"https://h5.qichedaquan.com/jike/","BillingRuleName":"0.29元/CPC + 3元/CPL","ImgUrl":"http://op.chitunion.com/UploadFiles/BottomMaterielPic/07.png","Synopsis":"无","CPCPrice":0.29,"CPLPrice":3.00,"TaskAmount":999.00,"RuleCount":20000,"TakeCount":15},{"TaskId":16398,"TaskName":"买车要砍价，找TA报价优惠多","MaterialUrl":"https://h5.qichedaquan.com/jike/","BillingRuleName":"0.27元/CPC + 3元/CPL","ImgUrl":"http://op.chitunion.com/UploadFiles/BottomMaterielPic/02.png","Synopsis":"无","CPCPrice":0.27,"CPLPrice":3.00,"TaskAmount":973.00,"RuleCount":20000,"TakeCount":14},{"TaskId":16397,"TaskName":"买新车来询价，低价马上到手","MaterialUrl":"https://h5.qichedaquan.com/jike/","BillingRuleName":"0.26元/CPC + 3元/CPL","ImgUrl":"http://op.chitunion.com/UploadFiles/BottomMaterielPic/04.png","Synopsis":"无","CPCPrice":0.26,"CPLPrice":3.00,"TaskAmount":995.00,"RuleCount":20000,"TakeCount":6},{"TaskId":16396,"TaskName":"低价买新车，立即询底价","MaterialUrl":"https://h5.qichedaquan.com/jike/","BillingRuleName":"0.10元/CPC + 0元/CPL","ImgUrl":"http://op.chitunion.com/UploadFiles/BottomMaterielPic/01.png","Synopsis":"无","CPCPrice":0.10,"CPLPrice":0.00,"TaskAmount":523.00,"RuleCount":20000,"TakeCount":0}],"TotleCount":8,"Extend":null},"IsOverdue":null}

