2018-03-02 10:57:05,829 [10] INFO  BaseLog [(null)] - [IsAuthorized]IsCheckIP=False,IsCheckLogin=True,CheckModuleRight=,用户请求的地址=http://www1.chitunion.com/api/media/GetBindingsWxList?PageIndex=1&PageSize=20&r=0.045965691139961073,UrlRefer=http://www1.chitunion.com/manager/media/personal/personalCenter.html
2018-03-02 10:57:05,832 [9] INFO  BaseLog [(null)] - [IsAuthorized]IsCheckIP=False,IsCheckLogin=True,CheckModuleRight=,用户请求的地址=http://www1.chitunion.com/api/Authorize/GetMenuInfo,UrlRefer=http://www1.chitunion.com/manager/media/personal/personalCenter.html
2018-03-02 10:57:05,842 [8] INFO  BaseLog [(null)] - [IsAuthorized]IsCheckIP=False,IsCheckLogin=True,CheckModuleRight=,用户请求的地址=http://www1.chitunion.com/api/media/GetStatistInfo?r=0.43261204440128387,UrlRefer=http://www1.chitunion.com/manager/media/personal/personalCenter.html
2018-03-02 10:57:06,043 [10] INFO  BaseLog [(null)] - 
当前操作类型:WeiXin
 查询条件信息:{"BusinessType":0,"Number":null,"Name":null,"Status":-2,"PublishStatus":-2,"EndTime":-2,"Source":-2,"OrderBy":0,"PageIndex":1,"PageSize":20,"SqlWhere":null,"UserId":1427}
2018-03-02 10:57:06,054 [6] INFO  BaseLog [(null)] - 
请求的url地址：http://www1.chitunion.com/api/media/GetStatistInfo?r=0.43261204440128387
客户端IP:127.0.0.1
执行的时间:30.7936ms
请求的参数:{"CheckLogin":true}
返回的结果:{"Status":0,"Message":null,"Result":{"UserId":1427,"UserHeadImg":null,"UserName":"masj_0","EarningsPrice":0.00,"OrderCount":8,"BindingsCount":0},"IsOverdue":null}

2018-03-02 10:57:06,065 [10] INFO  BaseLog [(null)] - 
请求的url地址：http://www1.chitunion.com/api/media/GetBindingsWxList?PageIndex=1&PageSize=20&r=0.045965691139961073
客户端IP:127.0.0.1
执行的时间:38.1013ms
请求的参数:{"CheckLogin":true,"request":{"BusinessType":0,"Number":null,"Name":null,"Status":-2,"PublishStatus":-2,"EndTime":-2,"Source":-2,"OrderBy":0,"PageIndex":1,"PageSize":20,"SqlWhere":null,"UserId":0}}
返回的结果:{"Status":0,"Message":null,"Result":{"List":[],"TotleCount":0,"Extend":null},"IsOverdue":null}

2018-03-02 10:57:15,387 [10] INFO  BaseLog [(null)] - [IsAuthorized]IsCheckIP=False,IsCheckLogin=True,CheckModuleRight=,用户请求的地址=http://www1.chitunion.com/api/Authorize/GetMenuInfo,UrlRefer=http://www1.chitunion.com/manager/advertister/account/accountmanage.html
2018-03-02 10:57:15,410 [9] INFO  BaseLog [(null)] - [IsAuthorized]IsCheckIP=False,IsCheckLogin=True,CheckModuleRight=,用户请求的地址=http://www1.chitunion.com/api/UserMange/QueryUserBasicInfo?UserID=1427&r=0.3664172683467336,UrlRefer=http://www1.chitunion.com/manager/advertister/account/accountmanage.html
2018-03-02 10:57:15,541 [9] INFO  BaseLog [(null)] - 
请求的url地址：http://www1.chitunion.com/api/UserMange/QueryUserBasicInfo?UserID=1427&r=0.3664172683467336
客户端IP:127.0.0.1
执行的时间:70.1866ms
请求的参数:{"CheckLogin":true,"req":{"UserID":1427}}
返回的结果:{"Status":0,"Message":"OK","Result":{"BasicInfo":{"Category":29002,"UserName":"masj_0","Mobile":"13146611863","ProvinceID":-2,"CityID":-2,"Address":"","NickName":"","RegisterType":199001},"AuthenticationInfo":{"Type":1001,"TrueName":"444444","IdentityNo":"","IDCardFrontURL":"","IDCardBackURL":"","BLicenceURL":"未能加载文件或程序集“FastDFS, Version=0.0.0.0, Culture=neutral, PublicKeyToken=null”或它的某一个依赖项。系统找不到指定的文件。","Status":1,"Reason":"0000"},"BankAccountInfo":null},"IsOverdue":null}

2018-03-02 10:57:15,861 [12] INFO  BaseLog [(null)] - [IsAuthorized]IsCheckIP=False,IsCheckLogin=True,CheckModuleRight=,用户请求的地址=http://www1.chitunion.com/api/UserMange/VerifyPassword,UrlRefer=http://www1.chitunion.com/manager/advertister/account/accountmanage.html
2018-03-02 10:57:15,898 [6] INFO  BaseLog [(null)] - 
请求的url地址：http://www1.chitunion.com/api/UserMange/VerifyPassword
客户端IP:127.0.0.1
执行的时间:31.0835ms
请求的参数:{"CheckLogin":true}
返回的结果:{"Status":50011,"Message":"修改密码","Result":null,"IsOverdue":null}

2018-03-02 10:59:58,051 [9] INFO  BaseLog [(null)] - [IsAuthorized]IsCheckIP=False,IsCheckLogin=True,CheckModuleRight=,用户请求的地址=http://www1.chitunion.com/api/UserMange/EditUserMobileInfo,UrlRefer=http://www1.chitunion.com/manager/advertister/account/accountmanage.html
2018-03-02 10:59:58,153 [8] INFO  BaseLog [(null)] - 
请求的url地址：http://www1.chitunion.com/api/UserMange/EditUserMobileInfo
客户端IP:127.0.0.1
执行的时间:11.5298ms
请求的参数:{"CheckLogin":true,"req":{"UserID":1427,"Mobile":"13240110346","ValidateCode":"1486"}}
返回的结果:{"Status":-2,"Message":"手机号已经注册，请更换其它手机号!","Result":"操作失败","IsOverdue":null}

2018-03-02 11:20:33,219 [53] INFO  BaseLog [(null)] - [IsAuthorized]IsCheckIP=False,IsCheckLogin=True,CheckModuleRight=,用户请求的地址=http://www1.chitunion.com/api/Authorize/GetMenuInfo,UrlRefer=http://www1.chitunion.com/test/test_uploadfile.html
2018-03-02 15:48:20,238 [8] INFO  BaseLog [(null)] - [IsAuthorized]IsCheckIP=False,IsCheckLogin=True,CheckModuleRight=,用户请求的地址=http://www1.chitunion.com/api/media/GetStatistInfo?r=0.304189456308,UrlRefer=http://www1.chitunion.com/manager/media/personal/personalCenter.html
2018-03-02 15:48:20,238 [9] INFO  BaseLog [(null)] - [IsAuthorized]IsCheckIP=False,IsCheckLogin=True,CheckModuleRight=,用户请求的地址=http://www1.chitunion.com/api/media/GetBindingsWxList?PageIndex=1&PageSize=20&r=0.5287395823744845,UrlRefer=http://www1.chitunion.com/manager/media/personal/personalCenter.html
2018-03-02 15:48:20,238 [11] INFO  BaseLog [(null)] - [IsAuthorized]IsCheckIP=False,IsCheckLogin=True,CheckModuleRight=,用户请求的地址=http://www1.chitunion.com/api/Authorize/GetMenuInfo,UrlRefer=http://www1.chitunion.com/manager/media/personal/personalCenter.html
2018-03-02 15:48:20,503 [9] INFO  BaseLog [(null)] - 
当前操作类型:WeiXin
 查询条件信息:{"BusinessType":0,"Number":null,"Name":null,"Status":-2,"PublishStatus":-2,"EndTime":-2,"Source":-2,"OrderBy":0,"PageIndex":1,"PageSize":20,"SqlWhere":null,"UserId":1427}
2018-03-02 15:48:20,521 [6] INFO  BaseLog [(null)] - 
请求的url地址：http://www1.chitunion.com/api/media/GetStatistInfo?r=0.304189456308
客户端IP:127.0.0.1
执行的时间:40.107ms
请求的参数:{"CheckLogin":true}
返回的结果:{"Status":0,"Message":null,"Result":{"UserId":1427,"UserHeadImg":null,"UserName":"masj_0","EarningsPrice":0.00,"OrderCount":8,"BindingsCount":0},"IsOverdue":null}

2018-03-02 15:48:20,540 [9] INFO  BaseLog [(null)] - 
请求的url地址：http://www1.chitunion.com/api/media/GetBindingsWxList?PageIndex=1&PageSize=20&r=0.5287395823744845
客户端IP:127.0.0.1
执行的时间:38.6064ms
请求的参数:{"CheckLogin":true,"request":{"BusinessType":0,"Number":null,"Name":null,"Status":-2,"PublishStatus":-2,"EndTime":-2,"Source":-2,"OrderBy":0,"PageIndex":1,"PageSize":20,"SqlWhere":null,"UserId":0}}
返回的结果:{"Status":0,"Message":null,"Result":{"List":[],"TotleCount":0,"Extend":null},"IsOverdue":null}

2018-03-02 15:49:05,777 [6] INFO  BaseLog [(null)] - [IsAuthorized]IsCheckIP=False,IsCheckLogin=True,CheckModuleRight=,用户请求的地址=http://www1.chitunion.com/api/Authorize/GetMenuInfo,UrlRefer=http://www1.chitunion.com/manager/advertister/account/accountmanage.html
2018-03-02 15:49:05,777 [8] INFO  BaseLog [(null)] - [IsAuthorized]IsCheckIP=False,IsCheckLogin=True,CheckModuleRight=,用户请求的地址=http://www1.chitunion.com/api/UserMange/QueryUserBasicInfo?UserID=1427&r=0.009520742906345303,UrlRefer=http://www1.chitunion.com/manager/advertister/account/accountmanage.html
2018-03-02 15:49:05,816 [9] INFO  BaseLog [(null)] - 
请求的url地址：http://www1.chitunion.com/api/UserMange/QueryUserBasicInfo?UserID=1427&r=0.009520742906345303
客户端IP:127.0.0.1
执行的时间:20.053ms
请求的参数:{"CheckLogin":true,"req":{"UserID":1427}}
返回的结果:{"Status":0,"Message":"OK","Result":{"BasicInfo":{"Category":29002,"UserName":"masj_0","Mobile":"13146611863","ProvinceID":-2,"CityID":-2,"Address":"","NickName":"","RegisterType":199001},"AuthenticationInfo":{"Type":1001,"TrueName":"444444","IdentityNo":"","IDCardFrontURL":"","IDCardBackURL":"","BLicenceURL":"未能加载文件或程序集“FastDFS, Version=0.0.0.0, Culture=neutral, PublicKeyToken=null”或它的某一个依赖项。系统找不到指定的文件。","Status":1,"Reason":"0000"},"BankAccountInfo":null},"IsOverdue":null}

2018-03-02 15:49:06,198 [8] INFO  BaseLog [(null)] - [IsAuthorized]IsCheckIP=False,IsCheckLogin=True,CheckModuleRight=,用户请求的地址=http://www1.chitunion.com/api/UserMange/VerifyPassword,UrlRefer=http://www1.chitunion.com/manager/advertister/account/accountmanage.html
2018-03-02 15:49:06,222 [6] INFO  BaseLog [(null)] - 
请求的url地址：http://www1.chitunion.com/api/UserMange/VerifyPassword
客户端IP:127.0.0.1
执行的时间:17.0473ms
请求的参数:{"CheckLogin":true}
返回的结果:{"Status":50011,"Message":"修改密码","Result":null,"IsOverdue":null}

2018-03-02 15:50:21,607 [9] INFO  BaseLog [(null)] - [IsAuthorized]IsCheckIP=False,IsCheckLogin=True,CheckModuleRight=,用户请求的地址=http://www1.chitunion.com/api/UserMange/QueryUserBasicInfo?UserID=1427&r=0.6932074530051971,UrlRefer=http://www1.chitunion.com/manager/advertister/account/accountmanage.html
2018-03-02 15:50:21,607 [23] INFO  BaseLog [(null)] - [IsAuthorized]IsCheckIP=False,IsCheckLogin=True,CheckModuleRight=,用户请求的地址=http://www1.chitunion.com/api/Authorize/GetMenuInfo,UrlRefer=http://www1.chitunion.com/manager/advertister/account/accountmanage.html
2018-03-02 15:50:21,896 [22] INFO  BaseLog [(null)] - 
请求的url地址：http://www1.chitunion.com/api/UserMange/QueryUserBasicInfo?UserID=1427&r=0.6932074530051971
客户端IP:127.0.0.1
执行的时间:26.0711ms
请求的参数:{"CheckLogin":true,"req":{"UserID":1427}}
返回的结果:{"Status":0,"Message":"OK","Result":{"BasicInfo":{"Category":29002,"UserName":"masj_0","Mobile":"13146611863","ProvinceID":-2,"CityID":-2,"Address":"","NickName":"","RegisterType":199001},"AuthenticationInfo":{"Type":1001,"TrueName":"444444","IdentityNo":"","IDCardFrontURL":"","IDCardBackURL":"","BLicenceURL":"未能加载文件或程序集“FastDFS, Version=0.0.0.0, Culture=neutral, PublicKeyToken=null”或它的某一个依赖项。系统找不到指定的文件。","Status":1,"Reason":"0000"},"BankAccountInfo":null},"IsOverdue":null}

2018-03-02 15:50:21,986 [21] INFO  BaseLog [(null)] - [IsAuthorized]IsCheckIP=False,IsCheckLogin=True,CheckModuleRight=,用户请求的地址=http://www1.chitunion.com/api/UserMange/VerifyPassword,UrlRefer=http://www1.chitunion.com/manager/advertister/account/accountmanage.html
2018-03-02 15:50:22,020 [6] INFO  BaseLog [(null)] - 
请求的url地址：http://www1.chitunion.com/api/UserMange/VerifyPassword
客户端IP:127.0.0.1
执行的时间:25.0672ms
请求的参数:{"CheckLogin":true}
返回的结果:{"Status":50011,"Message":"修改密码","Result":null,"IsOverdue":null}

2018-03-02 16:01:14,134 [33] INFO  BaseLog [(null)] - [IsAuthorized]IsCheckIP=False,IsCheckLogin=True,CheckModuleRight=,用户请求的地址=http://www1.chitunion.com/api/media/GetStatistInfo?r=0.08848289317388103,UrlRefer=http://www1.chitunion.com/manager/media/personal/personalCenter.html
2018-03-02 16:01:14,134 [36] INFO  BaseLog [(null)] - [IsAuthorized]IsCheckIP=False,IsCheckLogin=True,CheckModuleRight=,用户请求的地址=http://www1.chitunion.com/api/media/GetBindingsWxList?PageIndex=1&PageSize=20&r=0.1428112524879882,UrlRefer=http://www1.chitunion.com/manager/media/personal/personalCenter.html
2018-03-02 16:01:14,134 [46] INFO  BaseLog [(null)] - [IsAuthorized]IsCheckIP=False,IsCheckLogin=True,CheckModuleRight=,用户请求的地址=http://www1.chitunion.com/api/Authorize/GetMenuInfo,UrlRefer=http://www1.chitunion.com/manager/media/personal/personalCenter.html
2018-03-02 16:01:14,315 [36] INFO  BaseLog [(null)] - 
当前操作类型:WeiXin
 查询条件信息:{"BusinessType":0,"Number":null,"Name":null,"Status":-2,"PublishStatus":-2,"EndTime":-2,"Source":-2,"OrderBy":0,"PageIndex":1,"PageSize":20,"SqlWhere":null,"UserId":1427}
2018-03-02 16:01:14,322 [10] INFO  BaseLog [(null)] - 
请求的url地址：http://www1.chitunion.com/api/media/GetStatistInfo?r=0.08848289317388103
客户端IP:127.0.0.1
执行的时间:21.0562ms
请求的参数:{"CheckLogin":true}
返回的结果:{"Status":0,"Message":null,"Result":{"UserId":1427,"UserHeadImg":null,"UserName":"masj_0","EarningsPrice":0.00,"OrderCount":8,"BindingsCount":0},"IsOverdue":null}

2018-03-02 16:01:14,340 [44] INFO  BaseLog [(null)] - 
请求的url地址：http://www1.chitunion.com/api/media/GetBindingsWxList?PageIndex=1&PageSize=20&r=0.1428112524879882
客户端IP:127.0.0.1
执行的时间:31.6539ms
请求的参数:{"CheckLogin":true,"request":{"BusinessType":0,"Number":null,"Name":null,"Status":-2,"PublishStatus":-2,"EndTime":-2,"Source":-2,"OrderBy":0,"PageIndex":1,"PageSize":20,"SqlWhere":null,"UserId":0}}
返回的结果:{"Status":0,"Message":null,"Result":{"List":[],"TotleCount":0,"Extend":null},"IsOverdue":null}

2018-03-02 16:01:18,135 [36] INFO  BaseLog [(null)] - [IsAuthorized]IsCheckIP=False,IsCheckLogin=True,CheckModuleRight=,用户请求的地址=http://www1.chitunion.com/api/UserMange/QueryUserBasicInfo?UserID=1427&r=0.949265988107587,UrlRefer=http://www1.chitunion.com/manager/advertister/account/accountmanage.html
2018-03-02 16:01:18,168 [44] INFO  BaseLog [(null)] - [IsAuthorized]IsCheckIP=False,IsCheckLogin=True,CheckModuleRight=,用户请求的地址=http://www1.chitunion.com/api/Authorize/GetMenuInfo,UrlRefer=http://www1.chitunion.com/manager/advertister/account/accountmanage.html
2018-03-02 16:01:18,175 [43] INFO  BaseLog [(null)] - 
请求的url地址：http://www1.chitunion.com/api/UserMange/QueryUserBasicInfo?UserID=1427&r=0.949265988107587
客户端IP:127.0.0.1
执行的时间:25.0701ms
请求的参数:{"CheckLogin":true,"req":{"UserID":1427}}
返回的结果:{"Status":0,"Message":"OK","Result":{"BasicInfo":{"Category":29002,"UserName":"masj_0","Mobile":"13146611863","ProvinceID":-2,"CityID":-2,"Address":"","NickName":"","RegisterType":199001},"AuthenticationInfo":{"Type":1001,"TrueName":"444444","IdentityNo":"","IDCardFrontURL":"","IDCardBackURL":"","BLicenceURL":"未能加载文件或程序集“FastDFS, Version=0.0.0.0, Culture=neutral, PublicKeyToken=null”或它的某一个依赖项。系统找不到指定的文件。","Status":1,"Reason":"0000"},"BankAccountInfo":null},"IsOverdue":null}

2018-03-02 16:01:18,629 [45] INFO  BaseLog [(null)] - [IsAuthorized]IsCheckIP=False,IsCheckLogin=True,CheckModuleRight=,用户请求的地址=http://www1.chitunion.com/api/UserMange/VerifyPassword,UrlRefer=http://www1.chitunion.com/manager/advertister/account/accountmanage.html
2018-03-02 16:01:18,650 [33] INFO  BaseLog [(null)] - 
请求的url地址：http://www1.chitunion.com/api/UserMange/VerifyPassword
客户端IP:127.0.0.1
执行的时间:13.0355ms
请求的参数:{"CheckLogin":true}
返回的结果:{"Status":50011,"Message":"修改密码","Result":null,"IsOverdue":null}

2018-03-02 16:01:58,065 [44] INFO  BaseLog [(null)] - [IsAuthorized]IsCheckIP=False,IsCheckLogin=True,CheckModuleRight=,用户请求的地址=http://www1.chitunion.com/api/Authorize/GetMenuInfo,UrlRefer=http://www1.chitunion.com/manager/advertister/account/accountmanage.html
2018-03-02 16:01:58,065 [46] INFO  BaseLog [(null)] - [IsAuthorized]IsCheckIP=False,IsCheckLogin=True,CheckModuleRight=,用户请求的地址=http://www1.chitunion.com/api/UserMange/QueryUserBasicInfo?UserID=1427&r=0.23051814095125733,UrlRefer=http://www1.chitunion.com/manager/advertister/account/accountmanage.html
2018-03-02 16:01:58,295 [36] INFO  BaseLog [(null)] - 
请求的url地址：http://www1.chitunion.com/api/UserMange/QueryUserBasicInfo?UserID=1427&r=0.23051814095125733
客户端IP:127.0.0.1
执行的时间:26.5714ms
请求的参数:{"CheckLogin":true,"req":{"UserID":1427}}
返回的结果:{"Status":0,"Message":"OK","Result":{"BasicInfo":{"Category":29002,"UserName":"masj_0","Mobile":"13146611863","ProvinceID":-2,"CityID":-2,"Address":"","NickName":"","RegisterType":199001},"AuthenticationInfo":{"Type":1001,"TrueName":"444444","IdentityNo":"","IDCardFrontURL":"","IDCardBackURL":"","BLicenceURL":"未能加载文件或程序集“FastDFS, Version=0.0.0.0, Culture=neutral, PublicKeyToken=null”或它的某一个依赖项。系统找不到指定的文件。","Status":1,"Reason":"0000"},"BankAccountInfo":null},"IsOverdue":null}

2018-03-02 16:01:58,463 [42] INFO  BaseLog [(null)] - [IsAuthorized]IsCheckIP=False,IsCheckLogin=True,CheckModuleRight=,用户请求的地址=http://www1.chitunion.com/api/UserMange/VerifyPassword,UrlRefer=http://www1.chitunion.com/manager/advertister/account/accountmanage.html
2018-03-02 16:01:58,488 [42] INFO  BaseLog [(null)] - 
请求的url地址：http://www1.chitunion.com/api/UserMange/VerifyPassword
客户端IP:127.0.0.1
执行的时间:15.5442ms
请求的参数:{"CheckLogin":true}
返回的结果:{"Status":50011,"Message":"修改密码","Result":null,"IsOverdue":null}

