2018-02-13 16:36:47,523 [104] INFO  BaseLog [(null)] - [IsAuthorized]IsCheckIP=False,IsCheckLogin=True,CheckModuleRight=,用户请求的地址=http://www1.chitunion.com/api/media/GetBindingsWxList?PageIndex=1&PageSize=20&r=0.8424914686480378,UrlRefer=http://www1.chitunion.com/manager/media/personal/personalCenter.html
2018-02-13 16:36:47,523 [81] INFO  BaseLog [(null)] - [IsAuthorized]IsCheckIP=False,IsCheckLogin=True,CheckModuleRight=,用户请求的地址=http://www1.chitunion.com/api/media/GetStatistInfo?r=0.36198101374951763,UrlRefer=http://www1.chitunion.com/manager/media/personal/personalCenter.html
2018-02-13 16:36:47,523 [92] INFO  BaseLog [(null)] - [IsAuthorized]IsCheckIP=False,IsCheckLogin=True,CheckModuleRight=,用户请求的地址=http://www1.chitunion.com/api/Authorize/GetMenuInfo,UrlRefer=http://www1.chitunion.com/manager/media/personal/personalCenter.html
2018-02-13 16:36:47,757 [104] INFO  BaseLog [(null)] - 
当前操作类型:WeiXin
 查询条件信息:{"BusinessType":0,"Number":null,"Name":null,"Status":-2,"PublishStatus":-2,"EndTime":-2,"Source":-2,"OrderBy":0,"PageIndex":1,"PageSize":20,"SqlWhere":null,"UserId":1613}
2018-02-13 16:36:47,836 [98] INFO  BaseLog [(null)] - 
请求的url地址：http://www1.chitunion.com/api/media/GetBindingsWxList?PageIndex=1&PageSize=20&r=0.8424914686480378
客户端IP:127.0.0.1
执行的时间:79.2104ms
请求的参数:{"CheckLogin":true,"request":{"BusinessType":0,"Number":null,"Name":null,"Status":-2,"PublishStatus":-2,"EndTime":-2,"Source":-2,"OrderBy":0,"PageIndex":1,"PageSize":20,"SqlWhere":null,"UserId":0}}
返回的结果:{"Status":0,"Message":null,"Result":{"List":[],"TotleCount":0,"Extend":null},"IsOverdue":null}

2018-02-13 16:36:47,872 [92] INFO  BaseLog [(null)] - 
请求的url地址：http://www1.chitunion.com/api/media/GetStatistInfo?r=0.36198101374951763
客户端IP:127.0.0.1
执行的时间:156.052ms
请求的参数:{"CheckLogin":true}
返回的结果:{"Status":0,"Message":null,"Result":{"UserId":1613,"UserHeadImg":null,"UserName":"masj_024","EarningsPrice":0.0,"OrderCount":0,"BindingsCount":0},"IsOverdue":null}

2018-02-13 17:46:42,969 [131] INFO  BaseLog [(null)] - [IsAuthorized]IsCheckIP=False,IsCheckLogin=True,CheckModuleRight=,用户请求的地址=http://www1.chitunion.com/api/Authorize/GetMenuInfo,UrlRefer=http://www1.chitunion.com/manager/advertister/personal/PersonCenter.html
2018-02-13 17:46:42,969 [120] INFO  BaseLog [(null)] - [IsAuthorized]IsCheckIP=False,IsCheckLogin=True,CheckModuleRight=,用户请求的地址=http://www1.chitunion.com/api/SmartSearch/GetSmartSearchCount,UrlRefer=http://www1.chitunion.com/manager/advertister/personal/PersonCenter.html
2018-02-13 17:46:42,969 [122] INFO  BaseLog [(null)] - [IsAuthorized]IsCheckIP=False,IsCheckLogin=True,CheckModuleRight=,用户请求的地址=http://www1.chitunion.com/api/SmartSearch/GetSmartSearchList?PageSize=10&PageIndex=1,UrlRefer=http://www1.chitunion.com/manager/advertister/personal/PersonCenter.html
2018-02-13 17:46:43,178 [109] INFO  BaseLog [(null)] - 
请求的url地址：http://www1.chitunion.com/api/SmartSearch/GetSmartSearchList?PageSize=10&PageIndex=1
客户端IP:127.0.0.1
执行的时间:34.5917ms
请求的参数:{"CheckLogin":true,"query":{"PageIndex":1,"PageSize":10,"Status":0,"Name":null}}
返回的结果:{"Status":0,"Message":"OK","Result":{"SourceTagList":null,"List":[],"TotalCount":0},"IsOverdue":null}

2018-02-13 17:46:43,204 [109] INFO  BaseLog [(null)] - 
请求的url地址：http://www1.chitunion.com/api/SmartSearch/GetSmartSearchCount
客户端IP:127.0.0.1
执行的时间:67.6788ms
请求的参数:{"CheckLogin":true}
返回的结果:{"Status":0,"Message":"OK","Result":{"PromotionCount":0},"IsOverdue":null}

2018-02-13 17:46:56,882 [131] INFO  BaseLog [(null)] - [IsAuthorized]IsCheckIP=False,IsCheckLogin=True,CheckModuleRight=,用户请求的地址=http://www1.chitunion.com/api/SmartSearch/GetSmartSearchList?PageSize=10&PageIndex=1,UrlRefer=http://www1.chitunion.com/manager/advertister/personal/PersonCenter.html
2018-02-13 17:46:56,886 [109] INFO  BaseLog [(null)] - [IsAuthorized]IsCheckIP=False,IsCheckLogin=True,CheckModuleRight=,用户请求的地址=http://www1.chitunion.com/api/SmartSearch/GetSmartSearchCount,UrlRefer=http://www1.chitunion.com/manager/advertister/personal/PersonCenter.html
2018-02-13 17:46:56,892 [119] INFO  BaseLog [(null)] - [IsAuthorized]IsCheckIP=False,IsCheckLogin=True,CheckModuleRight=,用户请求的地址=http://www1.chitunion.com/api/Authorize/GetMenuInfo,UrlRefer=http://www1.chitunion.com/manager/advertister/personal/PersonCenter.html
2018-02-13 17:46:56,908 [120] INFO  BaseLog [(null)] - 
请求的url地址：http://www1.chitunion.com/api/SmartSearch/GetSmartSearchCount
客户端IP:127.0.0.1
执行的时间:8.5217ms
请求的参数:{"CheckLogin":true}
返回的结果:{"Status":-1,"Message":"没有权限","Result":null,"IsOverdue":null}

2018-02-13 17:46:56,960 [120] INFO  BaseLog [(null)] - 
请求的url地址：http://www1.chitunion.com/api/SmartSearch/GetSmartSearchList?PageSize=10&PageIndex=1
客户端IP:127.0.0.1
执行的时间:66.6807ms
请求的参数:{"CheckLogin":true,"query":{"PageIndex":1,"PageSize":10,"Status":0,"Name":null}}
返回的结果:{"Status":-1,"Message":"没有权限","Result":null,"IsOverdue":null}

2018-02-13 17:46:57,100 [120] INFO  BaseLog [(null)] - [IsAuthorized]IsCheckIP=False,IsCheckLogin=True,CheckModuleRight=,用户请求的地址=http://www1.chitunion.com/api/media/GetStatistInfo?r=0.33499922030118867,UrlRefer=http://www1.chitunion.com/manager/media/personal/personalCenter.html
2018-02-13 17:46:57,104 [109] INFO  BaseLog [(null)] - [IsAuthorized]IsCheckIP=False,IsCheckLogin=True,CheckModuleRight=,用户请求的地址=http://www1.chitunion.com/api/media/GetBindingsWxList?PageIndex=1&PageSize=20&r=0.12688240648698845,UrlRefer=http://www1.chitunion.com/manager/media/personal/personalCenter.html
2018-02-13 17:46:57,107 [131] INFO  BaseLog [(null)] - [IsAuthorized]IsCheckIP=False,IsCheckLogin=True,CheckModuleRight=,用户请求的地址=http://www1.chitunion.com/api/Authorize/GetMenuInfo,UrlRefer=http://www1.chitunion.com/manager/media/personal/personalCenter.html
2018-02-13 17:46:57,137 [109] INFO  BaseLog [(null)] - 
当前操作类型:WeiXin
 查询条件信息:{"BusinessType":0,"Number":null,"Name":null,"Status":-2,"PublishStatus":-2,"EndTime":-2,"Source":-2,"OrderBy":0,"PageIndex":1,"PageSize":20,"SqlWhere":null,"UserId":1427}
2018-02-13 17:46:57,151 [119] INFO  BaseLog [(null)] - 
请求的url地址：http://www1.chitunion.com/api/media/GetStatistInfo?r=0.33499922030118867
客户端IP:127.0.0.1
执行的时间:31.0781ms
请求的参数:{"CheckLogin":true}
返回的结果:{"Status":0,"Message":null,"Result":{"UserId":1427,"UserHeadImg":null,"UserName":"masj_0","EarningsPrice":0.00,"OrderCount":4,"BindingsCount":0},"IsOverdue":null}

2018-02-13 17:46:57,175 [120] INFO  BaseLog [(null)] - 
请求的url地址：http://www1.chitunion.com/api/media/GetBindingsWxList?PageIndex=1&PageSize=20&r=0.12688240648698845
客户端IP:127.0.0.1
执行的时间:48.1287ms
请求的参数:{"CheckLogin":true,"request":{"BusinessType":0,"Number":null,"Name":null,"Status":-2,"PublishStatus":-2,"EndTime":-2,"Source":-2,"OrderBy":0,"PageIndex":1,"PageSize":20,"SqlWhere":null,"UserId":0}}
返回的结果:{"Status":0,"Message":null,"Result":{"List":[],"TotleCount":0,"Extend":null},"IsOverdue":null}

2018-02-13 17:46:58,462 [131] INFO  BaseLog [(null)] - [IsAuthorized]IsCheckIP=False,IsCheckLogin=False,CheckModuleRight=,用户请求的地址=http://www1.chitunion.com/api/DictInfo/GetDictInfoByTypeID?typeID=193,UrlRefer=http://www1.chitunion.com/manager/media/order/content-order.html
2018-02-13 17:46:58,532 [119] INFO  BaseLog [(null)] - [IsAuthorized]IsCheckIP=False,IsCheckLogin=True,CheckModuleRight=,用户请求的地址=http://www1.chitunion.com/api/order/GetDistributeList?PageSize=20&PageIndex=1&OrderName=&OrderStatus=-2,UrlRefer=http://www1.chitunion.com/manager/media/order/content-order.html
2018-02-13 17:46:58,534 [120] INFO  BaseLog [(null)] - [IsAuthorized]IsCheckIP=False,IsCheckLogin=True,CheckModuleRight=,用户请求的地址=http://www1.chitunion.com/api/Authorize/GetMenuInfo,UrlRefer=http://www1.chitunion.com/manager/media/order/content-order.html
2018-02-13 17:46:58,558 [119] INFO  BaseLog [(null)] - 
当前操作类型:WeiXin
 查询条件信息:{"OrderName":null,"OrderStatus":-2,"TaskType":-2,"Category":-2,"BusinessType":0,"Number":null,"Name":null,"Status":-2,"PublishStatus":-2,"EndTime":-2,"Source":-2,"OrderBy":0,"PageIndex":1,"PageSize":20,"SqlWhere":null,"UserId":1427}
2018-02-13 17:46:58,602 [120] INFO  BaseLog [(null)] - 
请求的url地址：http://www1.chitunion.com/api/order/GetDistributeList?PageSize=20&PageIndex=1&OrderName=&OrderStatus=-2
客户端IP:127.0.0.1
执行的时间:43.1148ms
请求的参数:{"CheckLogin":true,"request":{"OrderName":null,"OrderStatus":-2,"TaskType":-2,"Category":-2,"BusinessType":0,"Number":null,"Name":null,"Status":-2,"PublishStatus":-2,"EndTime":-2,"Source":-2,"OrderBy":0,"PageIndex":1,"PageSize":20,"SqlWhere":null,"UserId":0}}
返回的结果:{"Status":0,"Message":null,"Result":{"List":[{"OrderId":111,"OrderName":"世界最大极地海洋馆的水母馆 秒杀流窜山寨海洋馆","BillingRuleName":"0.7元/CPC + 10元/CPL","TotalAmount":0.00,"OrderStatus":"已结束","ReceiveTime":"2018-01-02 16:02:02","CPCPrice":0.0,"CPLPrice":0.0}],"TotleCount":1,"Extend":null},"IsOverdue":null}

2018-02-13 17:46:59,602 [131] INFO  BaseLog [(null)] - [IsAuthorized]IsCheckIP=False,IsCheckLogin=False,CheckModuleRight=,用户请求的地址=http://www1.chitunion.com/api/DictInfo/GetDictInfoByTypeID?typeID=193,UrlRefer=http://www1.chitunion.com/manager/media/order/content-order.html
2018-02-13 17:46:59,631 [120] INFO  BaseLog [(null)] - [IsAuthorized]IsCheckIP=False,IsCheckLogin=True,CheckModuleRight=,用户请求的地址=http://www1.chitunion.com/api/order/GetDistributeList?PageSize=20&PageIndex=1&OrderName=&OrderStatus=-2,UrlRefer=http://www1.chitunion.com/manager/media/order/content-order.html
2018-02-13 17:46:59,643 [109] INFO  BaseLog [(null)] - [IsAuthorized]IsCheckIP=False,IsCheckLogin=True,CheckModuleRight=,用户请求的地址=http://www1.chitunion.com/api/Authorize/GetMenuInfo,UrlRefer=http://www1.chitunion.com/manager/media/order/content-order.html
2018-02-13 17:46:59,652 [120] INFO  BaseLog [(null)] - 
当前操作类型:WeiXin
 查询条件信息:{"OrderName":null,"OrderStatus":-2,"TaskType":-2,"Category":-2,"BusinessType":0,"Number":null,"Name":null,"Status":-2,"PublishStatus":-2,"EndTime":-2,"Source":-2,"OrderBy":0,"PageIndex":1,"PageSize":20,"SqlWhere":null,"UserId":1427}
2018-02-13 17:46:59,665 [131] INFO  BaseLog [(null)] - 
请求的url地址：http://www1.chitunion.com/api/order/GetDistributeList?PageSize=20&PageIndex=1&OrderName=&OrderStatus=-2
客户端IP:127.0.0.1
执行的时间:19.0508ms
请求的参数:{"CheckLogin":true,"request":{"OrderName":null,"OrderStatus":-2,"TaskType":-2,"Category":-2,"BusinessType":0,"Number":null,"Name":null,"Status":-2,"PublishStatus":-2,"EndTime":-2,"Source":-2,"OrderBy":0,"PageIndex":1,"PageSize":20,"SqlWhere":null,"UserId":0}}
返回的结果:{"Status":0,"Message":null,"Result":{"List":[{"OrderId":111,"OrderName":"世界最大极地海洋馆的水母馆 秒杀流窜山寨海洋馆","BillingRuleName":"0.7元/CPC + 10元/CPL","TotalAmount":0.00,"OrderStatus":"已结束","ReceiveTime":"2018-01-02 16:02:02","CPCPrice":0.0,"CPLPrice":0.0}],"TotleCount":1,"Extend":null},"IsOverdue":null}

2018-02-13 17:47:00,518 [121] INFO  BaseLog [(null)] - [IsAuthorized]IsCheckIP=False,IsCheckLogin=False,CheckModuleRight=,用户请求的地址=http://www1.chitunion.com/api/DictInfo/GetDictInfoByTypeID?typeID=193,UrlRefer=http://www1.chitunion.com/manager/media/order/patch-order.html
2018-02-13 17:47:00,535 [119] INFO  BaseLog [(null)] - [IsAuthorized]IsCheckIP=False,IsCheckLogin=True,CheckModuleRight=,用户请求的地址=http://www1.chitunion.com/api/order/GetCoverImageList?PageSize=20&PageIndex=1&OrderName=&OrderStatus=-2,UrlRefer=http://www1.chitunion.com/manager/media/order/patch-order.html
2018-02-13 17:47:00,545 [109] INFO  BaseLog [(null)] - [IsAuthorized]IsCheckIP=False,IsCheckLogin=True,CheckModuleRight=,用户请求的地址=http://www1.chitunion.com/api/Authorize/GetMenuInfo,UrlRefer=http://www1.chitunion.com/manager/media/order/patch-order.html
2018-02-13 17:47:00,556 [119] INFO  BaseLog [(null)] - 
当前操作类型:WeiXin
 查询条件信息:{"OrderName":null,"OrderStatus":-2,"TaskType":-2,"Category":-2,"BusinessType":0,"Number":null,"Name":null,"Status":-2,"PublishStatus":-2,"EndTime":-2,"Source":-2,"OrderBy":0,"PageIndex":1,"PageSize":20,"SqlWhere":null,"UserId":1427}
2018-02-13 17:47:00,585 [131] INFO  BaseLog [(null)] - 
请求的url地址：http://www1.chitunion.com/api/order/GetCoverImageList?PageSize=20&PageIndex=1&OrderName=&OrderStatus=-2
客户端IP:127.0.0.1
执行的时间:32.0853ms
请求的参数:{"CheckLogin":true,"request":{"OrderName":null,"OrderStatus":-2,"TaskType":-2,"Category":-2,"BusinessType":0,"Number":null,"Name":null,"Status":-2,"PublishStatus":-2,"EndTime":-2,"Source":-2,"OrderBy":0,"PageIndex":1,"PageSize":20,"SqlWhere":null,"UserId":0}}
返回的结果:{"Status":0,"Message":null,"Result":{"List":[{"MediaName":null,"OrderId":114,"OrderName":"买车要砍价，找TA报价优惠多","BillingRuleName":"0.4元/CPC + 10元/CPL","TotalAmount":0.00,"OrderStatus":"已结束","ReceiveTime":"2018-01-04 12:59:05","CPCPrice":0.0,"CPLPrice":0.0},{"MediaName":null,"OrderId":113,"OrderName":"低价买新车，立即询底价","BillingRuleName":"0.6元/CPC + 10元/CPL","TotalAmount":0.00,"OrderStatus":"已结束","ReceiveTime":"2018-01-04 12:58:29","CPCPrice":0.0,"CPLPrice":0.0},{"MediaName":null,"OrderId":112,"OrderName":"买新车要试驾，立即预约","BillingRuleName":"0.2元/CPC + 10元/CPL","TotalAmount":0.00,"OrderStatus":"已结束","ReceiveTime":"2018-01-04 12:57:54","CPCPrice":0.0,"CPLPrice":0.0}],"TotleCount":3,"Extend":null},"IsOverdue":null}

2018-02-13 17:47:02,036 [120] INFO  BaseLog [(null)] - [IsAuthorized]IsCheckIP=False,IsCheckLogin=True,CheckModuleRight=,用户请求的地址=http://www1.chitunion.com/api/Authorize/GetMenuInfo,UrlRefer=http://www1.chitunion.com/manager/media/order/auto-order.html
2018-02-13 17:47:02,805 [132] INFO  BaseLog [(null)] - [IsAuthorized]IsCheckIP=False,IsCheckLogin=True,CheckModuleRight=,用户请求的地址=http://www1.chitunion.com/api/order/GetIncomeInfo,UrlRefer=http://www1.chitunion.com/manager/media/income/income.html
2018-02-13 17:47:02,826 [120] INFO  BaseLog [(null)] - 
请求的url地址：http://www1.chitunion.com/api/order/GetIncomeInfo
客户端IP:127.0.0.1
执行的时间:10.5281ms
请求的参数:{"CheckLogin":true}
返回的结果:{"Status":0,"Message":null,"Result":{"CanWithdrawalsMoney":0.00,"EarningsPrice":0.00,"AlreadyWithdrawalsMoney":0.00,"WithdrawalsMoneyIng":0.00},"IsOverdue":null}

2018-02-13 17:47:02,858 [109] INFO  BaseLog [(null)] - [IsAuthorized]IsCheckIP=False,IsCheckLogin=True,CheckModuleRight=,用户请求的地址=http://www1.chitunion.com/api/UserMange/QueryUserBasicInfo?UserID=1427&r=0.27141549166464474,UrlRefer=http://www1.chitunion.com/manager/media/income/income.html
2018-02-13 17:47:02,859 [121] INFO  BaseLog [(null)] - [IsAuthorized]IsCheckIP=False,IsCheckLogin=False,CheckModuleRight=,用户请求的地址=http://www1.chitunion.com/api/DictInfo/GetDictInfoByTypeID?typeID=195&r=0.3961442004037814,UrlRefer=http://www1.chitunion.com/manager/media/income/income.html
2018-02-13 17:47:02,884 [121] INFO  BaseLog [(null)] - [IsAuthorized]IsCheckIP=False,IsCheckLogin=True,CheckModuleRight=,用户请求的地址=http://www1.chitunion.com/api/Authorize/GetMenuInfo,UrlRefer=http://www1.chitunion.com/manager/media/income/income.html
2018-02-13 17:47:02,934 [132] INFO  BaseLog [(null)] - 
请求的url地址：http://www1.chitunion.com/api/UserMange/QueryUserBasicInfo?UserID=1427&r=0.27141549166464474
客户端IP:127.0.0.1
执行的时间:49.6316ms
请求的参数:{"CheckLogin":true,"req":{"UserID":1427}}
返回的结果:{"Status":0,"Message":"OK","Result":{"BasicInfo":{"Category":29002,"UserName":"masj_0","Mobile":"13146611863","ProvinceID":-2,"CityID":-2,"Address":"","NickName":"","RegisterType":199001},"AuthenticationInfo":{"Type":1001,"TrueName":"444444","IdentityNo":"","IDCardFrontURL":"","IDCardBackURL":"","BLicenceURL":"未能加载文件或程序集“FastDFS, Version=0.0.0.0, Culture=neutral, PublicKeyToken=null”或它的某一个依赖项。系统找不到指定的文件。","Status":1,"Reason":"0000"},"BankAccountInfo":null},"IsOverdue":null}

2018-02-13 17:47:03,808 [120] INFO  BaseLog [(null)] - [IsAuthorized]IsCheckIP=False,IsCheckLogin=True,CheckModuleRight=,用户请求的地址=http://www1.chitunion.com/api/UserMange/QueryUserBasicInfo?UserID=1427&r=0.9381359291692908,UrlRefer=http://www1.chitunion.com/manager/advertister/account/accountmanage.html
2018-02-13 17:47:03,826 [109] INFO  BaseLog [(null)] - 
请求的url地址：http://www1.chitunion.com/api/UserMange/QueryUserBasicInfo?UserID=1427&r=0.9381359291692908
客户端IP:127.0.0.1
执行的时间:10.0266ms
请求的参数:{"CheckLogin":true,"req":{"UserID":1427}}
返回的结果:{"Status":0,"Message":"OK","Result":{"BasicInfo":{"Category":29002,"UserName":"masj_0","Mobile":"13146611863","ProvinceID":-2,"CityID":-2,"Address":"","NickName":"","RegisterType":199001},"AuthenticationInfo":{"Type":1001,"TrueName":"444444","IdentityNo":"","IDCardFrontURL":"","IDCardBackURL":"","BLicenceURL":"未能加载文件或程序集“FastDFS, Version=0.0.0.0, Culture=neutral, PublicKeyToken=null”或它的某一个依赖项。系统找不到指定的文件。","Status":1,"Reason":"0000"},"BankAccountInfo":null},"IsOverdue":null}

2018-02-13 17:47:03,835 [120] INFO  BaseLog [(null)] - [IsAuthorized]IsCheckIP=False,IsCheckLogin=True,CheckModuleRight=,用户请求的地址=http://www1.chitunion.com/api/Authorize/GetMenuInfo,UrlRefer=http://www1.chitunion.com/manager/advertister/account/accountmanage.html
2018-02-13 17:47:05,757 [131] INFO  BaseLog [(null)] - [IsAuthorized]IsCheckIP=False,IsCheckLogin=True,CheckModuleRight=,用户请求的地址=http://www1.chitunion.com/api/order/GetIncomeInfo,UrlRefer=http://www1.chitunion.com/manager/media/income/income.html
2018-02-13 17:47:05,776 [120] INFO  BaseLog [(null)] - 
请求的url地址：http://www1.chitunion.com/api/order/GetIncomeInfo
客户端IP:127.0.0.1
执行的时间:8.5228ms
请求的参数:{"CheckLogin":true}
返回的结果:{"Status":0,"Message":null,"Result":{"CanWithdrawalsMoney":0.00,"EarningsPrice":0.00,"AlreadyWithdrawalsMoney":0.00,"WithdrawalsMoneyIng":0.00},"IsOverdue":null}

2018-02-13 17:47:05,788 [132] INFO  BaseLog [(null)] - [IsAuthorized]IsCheckIP=False,IsCheckLogin=True,CheckModuleRight=,用户请求的地址=http://www1.chitunion.com/api/UserMange/QueryUserBasicInfo?UserID=1427&r=0.6120631296217567,UrlRefer=http://www1.chitunion.com/manager/media/income/income.html
2018-02-13 17:47:05,793 [120] INFO  BaseLog [(null)] - [IsAuthorized]IsCheckIP=False,IsCheckLogin=False,CheckModuleRight=,用户请求的地址=http://www1.chitunion.com/api/DictInfo/GetDictInfoByTypeID?typeID=195&r=0.9265795003111086,UrlRefer=http://www1.chitunion.com/manager/media/income/income.html
2018-02-13 17:47:05,814 [132] INFO  BaseLog [(null)] - 
请求的url地址：http://www1.chitunion.com/api/UserMange/QueryUserBasicInfo?UserID=1427&r=0.6120631296217567
客户端IP:127.0.0.1
执行的时间:13.5359ms
请求的参数:{"CheckLogin":true,"req":{"UserID":1427}}
返回的结果:{"Status":0,"Message":"OK","Result":{"BasicInfo":{"Category":29002,"UserName":"masj_0","Mobile":"13146611863","ProvinceID":-2,"CityID":-2,"Address":"","NickName":"","RegisterType":199001},"AuthenticationInfo":{"Type":1001,"TrueName":"444444","IdentityNo":"","IDCardFrontURL":"","IDCardBackURL":"","BLicenceURL":"未能加载文件或程序集“FastDFS, Version=0.0.0.0, Culture=neutral, PublicKeyToken=null”或它的某一个依赖项。系统找不到指定的文件。","Status":1,"Reason":"0000"},"BankAccountInfo":null},"IsOverdue":null}

2018-02-13 17:47:05,823 [119] INFO  BaseLog [(null)] - [IsAuthorized]IsCheckIP=False,IsCheckLogin=True,CheckModuleRight=,用户请求的地址=http://www1.chitunion.com/api/Authorize/GetMenuInfo,UrlRefer=http://www1.chitunion.com/manager/media/income/income.html
2018-02-13 17:47:07,040 [119] INFO  BaseLog [(null)] - [IsAuthorized]IsCheckIP=False,IsCheckLogin=True,CheckModuleRight=,用户请求的地址=http://www1.chitunion.com/api/UserMange/QueryUserBasicInfo?UserID=1427&r=0.08989179480877163,UrlRefer=http://www1.chitunion.com/manager/advertister/account/accountmanage.html?selected=2
2018-02-13 17:47:07,054 [120] INFO  BaseLog [(null)] - [IsAuthorized]IsCheckIP=False,IsCheckLogin=True,CheckModuleRight=,用户请求的地址=http://www1.chitunion.com/api/Authorize/GetMenuInfo,UrlRefer=http://www1.chitunion.com/manager/advertister/account/accountmanage.html?selected=2
2018-02-13 17:47:07,063 [119] INFO  BaseLog [(null)] - 
请求的url地址：http://www1.chitunion.com/api/UserMange/QueryUserBasicInfo?UserID=1427&r=0.08989179480877163
客户端IP:127.0.0.1
执行的时间:10.5288ms
请求的参数:{"CheckLogin":true,"req":{"UserID":1427}}
返回的结果:{"Status":0,"Message":"OK","Result":{"BasicInfo":{"Category":29002,"UserName":"masj_0","Mobile":"13146611863","ProvinceID":-2,"CityID":-2,"Address":"","NickName":"","RegisterType":199001},"AuthenticationInfo":{"Type":1001,"TrueName":"444444","IdentityNo":"","IDCardFrontURL":"","IDCardBackURL":"","BLicenceURL":"未能加载文件或程序集“FastDFS, Version=0.0.0.0, Culture=neutral, PublicKeyToken=null”或它的某一个依赖项。系统找不到指定的文件。","Status":1,"Reason":"0000"},"BankAccountInfo":null},"IsOverdue":null}

2018-02-13 17:47:08,771 [132] INFO  BaseLog [(null)] - [IsAuthorized]IsCheckIP=False,IsCheckLogin=True,CheckModuleRight=,用户请求的地址=http://www1.chitunion.com/api/order/GetIncomeInfo,UrlRefer=http://www1.chitunion.com/manager/media/income/income.html
2018-02-13 17:47:08,793 [119] INFO  BaseLog [(null)] - 
请求的url地址：http://www1.chitunion.com/api/order/GetIncomeInfo
客户端IP:127.0.0.1
执行的时间:11.0291ms
请求的参数:{"CheckLogin":true}
返回的结果:{"Status":0,"Message":null,"Result":{"CanWithdrawalsMoney":0.00,"EarningsPrice":0.00,"AlreadyWithdrawalsMoney":0.00,"WithdrawalsMoneyIng":0.00},"IsOverdue":null}

2018-02-13 17:47:08,804 [131] INFO  BaseLog [(null)] - [IsAuthorized]IsCheckIP=False,IsCheckLogin=True,CheckModuleRight=,用户请求的地址=http://www1.chitunion.com/api/UserMange/QueryUserBasicInfo?UserID=1427&r=0.5345967494826325,UrlRefer=http://www1.chitunion.com/manager/media/income/income.html
2018-02-13 17:47:08,810 [119] INFO  BaseLog [(null)] - [IsAuthorized]IsCheckIP=False,IsCheckLogin=False,CheckModuleRight=,用户请求的地址=http://www1.chitunion.com/api/DictInfo/GetDictInfoByTypeID?typeID=195&r=0.46311053437104,UrlRefer=http://www1.chitunion.com/manager/media/income/income.html
2018-02-13 17:47:08,822 [119] INFO  BaseLog [(null)] - [IsAuthorized]IsCheckIP=False,IsCheckLogin=True,CheckModuleRight=,用户请求的地址=http://www1.chitunion.com/api/Authorize/GetMenuInfo,UrlRefer=http://www1.chitunion.com/manager/media/income/income.html
2018-02-13 17:47:08,833 [132] INFO  BaseLog [(null)] - 
请求的url地址：http://www1.chitunion.com/api/UserMange/QueryUserBasicInfo?UserID=1427&r=0.5345967494826325
客户端IP:127.0.0.1
执行的时间:16.0427ms
请求的参数:{"CheckLogin":true,"req":{"UserID":1427}}
返回的结果:{"Status":0,"Message":"OK","Result":{"BasicInfo":{"Category":29002,"UserName":"masj_0","Mobile":"13146611863","ProvinceID":-2,"CityID":-2,"Address":"","NickName":"","RegisterType":199001},"AuthenticationInfo":{"Type":1001,"TrueName":"444444","IdentityNo":"","IDCardFrontURL":"","IDCardBackURL":"","BLicenceURL":"未能加载文件或程序集“FastDFS, Version=0.0.0.0, Culture=neutral, PublicKeyToken=null”或它的某一个依赖项。系统找不到指定的文件。","Status":1,"Reason":"0000"},"BankAccountInfo":null},"IsOverdue":null}

