2017-12-18 15:01:39,692 [6] INFO  BaseLog [(null)] - [IsAuthorized]IsCheckIP=True,IsCheckLogin=True,CheckModuleRight=,用户请求的地址=http://www1.chitunion.com/api/Authorize/GetLoginInfo,UrlRefer=
2017-12-18 15:01:39,717 [6] INFO  BaseLog [(null)] - [AuthorizedResult]用户验证失败,CheckLogin=False
2017-12-18 15:01:39,717 [6] INFO  BaseLog [(null)] - [AuthorizedResult]用户验证失败,CheckIP=True,用户IP=127.0.0.1,用户请求的地址=http://www1.chitunion.com/api/Authorize/GetLoginInfo,UrlRefer=
2017-12-18 15:10:46,021 [7] INFO  BaseLog [(null)] - [IsAuthorized]IsCheckIP=True,IsCheckLogin=True,CheckModuleRight=,用户请求的地址=http://www1.chitunion.com/api/Authorize/GetLoginInfo,UrlRefer=
2017-12-18 15:10:59,650 [15] INFO  BaseLog [(null)] - [IsAuthorized]IsCheckIP=True,IsCheckLogin=True,CheckModuleRight=,用户请求的地址=http://www1.chitunion.com/api/Authorize/GetLoginInfo,UrlRefer=
2017-12-18 15:11:00,172 [15] INFO  BaseLog [(null)] - [IsAuthorized]IsCheckIP=True,IsCheckLogin=True,CheckModuleRight=,用户请求的地址=http://www1.chitunion.com/api/Authorize/GetLoginInfo,UrlRefer=
2017-12-18 15:17:38,692 [5] INFO  BaseLog [(null)] - [IsAuthorized]IsCheckIP=True,IsCheckLogin=True,CheckModuleRight=,用户请求的地址=http://www1.chitunion.com/api/Authorize/GetLoginInfo,UrlRefer=
2017-12-18 15:17:39,361 [17] INFO  BaseLog [(null)] - [IsAuthorized]IsCheckIP=True,IsCheckLogin=True,CheckModuleRight=,用户请求的地址=http://www1.chitunion.com/api/Authorize/GetLoginInfo,UrlRefer=
2017-12-18 15:17:39,864 [5] INFO  BaseLog [(null)] - [IsAuthorized]IsCheckIP=True,IsCheckLogin=True,CheckModuleRight=,用户请求的地址=http://www1.chitunion.com/api/Authorize/GetLoginInfo,UrlRefer=
2017-12-18 15:17:40,145 [18] INFO  BaseLog [(null)] - [IsAuthorized]IsCheckIP=True,IsCheckLogin=True,CheckModuleRight=,用户请求的地址=http://www1.chitunion.com/api/Authorize/GetLoginInfo,UrlRefer=
2017-12-18 15:18:39,921 [16] INFO  BaseLog [(null)] - [IsAuthorized]IsCheckIP=True,IsCheckLogin=True,CheckModuleRight=,用户请求的地址=http://www1.chitunion.com/api/Authorize/GetLoginInfo,UrlRefer=
2017-12-18 15:18:40,703 [18] INFO  BaseLog [(null)] - [IsAuthorized]IsCheckIP=True,IsCheckLogin=True,CheckModuleRight=,用户请求的地址=http://www1.chitunion.com/api/Authorize/GetLoginInfo,UrlRefer=
2017-12-18 15:18:41,060 [15] INFO  BaseLog [(null)] - [IsAuthorized]IsCheckIP=True,IsCheckLogin=True,CheckModuleRight=,用户请求的地址=http://www1.chitunion.com/api/Authorize/GetLoginInfo,UrlRefer=
2017-12-18 15:18:41,363 [18] INFO  BaseLog [(null)] - [IsAuthorized]IsCheckIP=True,IsCheckLogin=True,CheckModuleRight=,用户请求的地址=http://www1.chitunion.com/api/Authorize/GetLoginInfo,UrlRefer=
2017-12-18 15:19:56,516 [8] INFO  BaseLog [(null)] - [IsAuthorized]IsCheckIP=True,IsCheckLogin=True,CheckModuleRight=,用户请求的地址=http://www1.chitunion.com/api/Authorize/GetLoginInfo,UrlRefer=
2017-12-18 15:27:32,026 [6] INFO  BaseLog [(null)] - [IsAuthorized]IsCheckIP=True,IsCheckLogin=True,CheckModuleRight=,用户请求的地址=http://www1.chitunion.com/api/Authorize/GetLoginInfo,UrlRefer=
2017-12-18 17:16:16,460 [6] INFO  BaseLog [(null)] - [IsAuthorized]IsCheckIP=True,IsCheckLogin=True,CheckModuleRight=,用户请求的地址=http://www1.chitunion.com/api/Authorize/GetLoginInfo,UrlRefer=
2017-12-18 17:16:16,478 [6] INFO  BaseLog [(null)] - [AuthorizedResult]用户验证失败,CheckLogin=False
2017-12-18 17:16:16,479 [6] INFO  BaseLog [(null)] - [AuthorizedResult]用户验证失败,CheckIP=True,用户IP=127.0.0.1,用户请求的地址=http://www1.chitunion.com/api/Authorize/GetLoginInfo,UrlRefer=
2017-12-18 17:16:32,102 [11] INFO  BaseLog [(null)] - [IsAuthorized]IsCheckIP=True,IsCheckLogin=True,CheckModuleRight=,用户请求的地址=http://www1.chitunion.com/api/Authorize/GetLoginInfo,UrlRefer=
2017-12-18 20:14:21,434 [21] INFO  BaseLog [(null)] - [IsAuthorized]IsCheckIP=True,IsCheckLogin=True,CheckModuleRight=,用户请求的地址=http://www1.chitunion.com/api/Authorize/GetLoginInfo,UrlRefer=
2017-12-18 20:14:21,445 [21] INFO  BaseLog [(null)] - [AuthorizedResult]用户验证失败,CheckLogin=False
2017-12-18 20:14:21,445 [21] INFO  BaseLog [(null)] - [AuthorizedResult]用户验证失败,CheckIP=True,用户IP=127.0.0.1,用户请求的地址=http://www1.chitunion.com/api/Authorize/GetLoginInfo,UrlRefer=
2017-12-18 20:14:23,055 [22] INFO  BaseLog [(null)] - [IsAuthorized]IsCheckIP=True,IsCheckLogin=True,CheckModuleRight=,用户请求的地址=http://www1.chitunion.com/api/Authorize/GetLoginInfo,UrlRefer=
2017-12-18 20:14:23,055 [22] INFO  BaseLog [(null)] - [AuthorizedResult]用户验证失败,CheckLogin=False
2017-12-18 20:14:23,055 [22] INFO  BaseLog [(null)] - [AuthorizedResult]用户验证失败,CheckIP=True,用户IP=127.0.0.1,用户请求的地址=http://www1.chitunion.com/api/Authorize/GetLoginInfo,UrlRefer=
2017-12-18 21:00:29,622 [13] INFO  BaseLog [(null)] - [IsAuthorized]IsCheckIP=False,IsCheckLogin=True,CheckModuleRight=,用户请求的地址=http://www1.chitunion.com/api/Authorize/GetMenuInfo,UrlRefer=http://www1.chitunion.com/test/main.html
2017-12-18 21:00:48,194 [10] INFO  BaseLog [(null)] - [IsAuthorized]IsCheckIP=False,IsCheckLogin=True,CheckModuleRight=,用户请求的地址=http://www1.chitunion.com/api/Authorize/GetMenuInfo,UrlRefer=http://www1.chitunion.com/test/main.html
2017-12-18 21:01:39,038 [8] INFO  BaseLog [(null)] - [IsAuthorized]IsCheckIP=False,IsCheckLogin=True,CheckModuleRight=,用户请求的地址=http://www1.chitunion.com/api/Authorize/GetMenuInfo,UrlRefer=http://www1.chitunion.com/test/main.html
2017-12-18 21:05:54,119 [18] INFO  BaseLog [(null)] - [IsAuthorized]IsCheckIP=False,IsCheckLogin=True,CheckModuleRight=,用户请求的地址=http://www1.chitunion.com/api/Authorize/GetMenuInfo,UrlRefer=http://www1.chitunion.com/test/main.html
2017-12-18 21:07:41,223 [13] INFO  BaseLog [(null)] - [IsAuthorized]IsCheckIP=False,IsCheckLogin=True,CheckModuleRight=,用户请求的地址=http://www1.chitunion.com/api/Authorize/GetMenuInfo,UrlRefer=http://www1.chitunion.com/test/main.html
2017-12-18 21:07:55,792 [9] INFO  BaseLog [(null)] - [IsAuthorized]IsCheckIP=False,IsCheckLogin=True,CheckModuleRight=,用户请求的地址=http://www1.chitunion.com/api/Authorize/GetMenuInfo,UrlRefer=http://www1.chitunion.com/test/main.html
2017-12-18 21:07:57,298 [11] INFO  BaseLog [(null)] - [IsAuthorized]IsCheckIP=False,IsCheckLogin=True,CheckModuleRight=,用户请求的地址=http://www1.chitunion.com/api/Authorize/GetMenuInfo,UrlRefer=http://www1.chitunion.com/test/main.html
2017-12-18 21:07:59,756 [13] INFO  BaseLog [(null)] - [IsAuthorized]IsCheckIP=False,IsCheckLogin=True,CheckModuleRight=,用户请求的地址=http://www1.chitunion.com/api/Authorize/GetMenuInfo,UrlRefer=http://www1.chitunion.com/test/main.html
2017-12-18 21:08:05,431 [15] INFO  BaseLog [(null)] - [IsAuthorized]IsCheckIP=False,IsCheckLogin=True,CheckModuleRight=,用户请求的地址=http://www1.chitunion.com/api/Authorize/GetMenuInfo,UrlRefer=http://www1.chitunion.com/test/main.html
2017-12-18 21:11:21,841 [9] INFO  BaseLog [(null)] - [IsAuthorized]IsCheckIP=False,IsCheckLogin=True,CheckModuleRight=,用户请求的地址=http://www1.chitunion.com/api/Authorize/GetMenuInfo,UrlRefer=http://www1.chitunion.com/test/main.html
2017-12-18 21:11:28,263 [18] INFO  BaseLog [(null)] - [IsAuthorized]IsCheckIP=False,IsCheckLogin=True,CheckModuleRight=,用户请求的地址=http://www1.chitunion.com/api/Authorize/GetMenuInfo,UrlRefer=http://www1.chitunion.com/test/main.html
2017-12-18 21:11:30,349 [8] INFO  BaseLog [(null)] - [IsAuthorized]IsCheckIP=False,IsCheckLogin=True,CheckModuleRight=,用户请求的地址=http://www1.chitunion.com/api/Authorize/GetMenuInfo,UrlRefer=http://www1.chitunion.com/test/main.html
2017-12-18 21:11:34,142 [9] INFO  BaseLog [(null)] - [IsAuthorized]IsCheckIP=False,IsCheckLogin=True,CheckModuleRight=,用户请求的地址=http://www1.chitunion.com/api/Authorize/GetMenuInfo,UrlRefer=http://www1.chitunion.com/test/main.html
2017-12-18 21:11:53,977 [13] INFO  BaseLog [(null)] - [IsAuthorized]IsCheckIP=False,IsCheckLogin=True,CheckModuleRight=,用户请求的地址=http://www1.chitunion.com/api/Authorize/GetMenuInfo,UrlRefer=http://www1.chitunion.com/test/main.html
2017-12-18 21:13:02,946 [8] INFO  BaseLog [(null)] - [IsAuthorized]IsCheckIP=False,IsCheckLogin=True,CheckModuleRight=,用户请求的地址=http://www1.chitunion.com/api/Authorize/GetMenuInfo,UrlRefer=http://www1.chitunion.com/test/main.html
2017-12-18 21:14:21,140 [12] INFO  BaseLog [(null)] - [IsAuthorized]IsCheckIP=False,IsCheckLogin=True,CheckModuleRight=,用户请求的地址=http://www1.chitunion.com/api/Authorize/GetMenuInfo,UrlRefer=http://www1.chitunion.com/test/main.html
2017-12-18 21:14:33,654 [12] INFO  BaseLog [(null)] - [IsAuthorized]IsCheckIP=False,IsCheckLogin=True,CheckModuleRight=,用户请求的地址=http://www1.chitunion.com/api/Authorize/GetMenuInfo,UrlRefer=http://www1.chitunion.com/test/main.html
2017-12-18 21:15:03,414 [17] INFO  BaseLog [(null)] - [IsAuthorized]IsCheckIP=False,IsCheckLogin=True,CheckModuleRight=,用户请求的地址=http://www1.chitunion.com/api/Authorize/GetMenuInfo,UrlRefer=http://www1.chitunion.com/test/main.html
2017-12-18 21:15:43,741 [13] INFO  BaseLog [(null)] - [IsAuthorized]IsCheckIP=False,IsCheckLogin=True,CheckModuleRight=,用户请求的地址=http://www1.chitunion.com/api/Authorize/GetMenuInfo,UrlRefer=http://www1.chitunion.com/test/main.html
2017-12-18 21:18:31,596 [13] INFO  BaseLog [(null)] - [IsAuthorized]IsCheckIP=False,IsCheckLogin=True,CheckModuleRight=,用户请求的地址=http://www1.chitunion.com/api/Authorize/GetMenuInfo,UrlRefer=http://www1.chitunion.com/test/main.html
2017-12-18 21:18:38,987 [13] INFO  BaseLog [(null)] - [IsAuthorized]IsCheckIP=False,IsCheckLogin=True,CheckModuleRight=,用户请求的地址=http://www1.chitunion.com/api/Authorize/GetMenuInfo,UrlRefer=http://www1.chitunion.com/test/main.html
2017-12-18 21:18:43,270 [14] INFO  BaseLog [(null)] - [IsAuthorized]IsCheckIP=False,IsCheckLogin=True,CheckModuleRight=,用户请求的地址=http://www1.chitunion.com/api/Authorize/GetMenuInfo,UrlRefer=http://www1.chitunion.com/test/main.html
2017-12-18 21:19:06,926 [12] INFO  BaseLog [(null)] - [IsAuthorized]IsCheckIP=False,IsCheckLogin=True,CheckModuleRight=,用户请求的地址=http://www1.chitunion.com/api/Authorize/GetMenuInfo,UrlRefer=http://www1.chitunion.com/test/main2-2.html
2017-12-18 21:19:25,250 [6] INFO  BaseLog [(null)] - [IsAuthorized]IsCheckIP=False,IsCheckLogin=True,CheckModuleRight=,用户请求的地址=http://www1.chitunion.com/api/Authorize/GetMenuInfo,UrlRefer=http://www1.chitunion.com/test/main2-1.html
2017-12-18 21:19:30,917 [12] INFO  BaseLog [(null)] - [IsAuthorized]IsCheckIP=False,IsCheckLogin=True,CheckModuleRight=,用户请求的地址=http://www1.chitunion.com/api/Authorize/GetMenuInfo,UrlRefer=http://www1.chitunion.com/test/main2-2.html
2017-12-18 21:19:33,631 [13] INFO  BaseLog [(null)] - [IsAuthorized]IsCheckIP=False,IsCheckLogin=True,CheckModuleRight=,用户请求的地址=http://www1.chitunion.com/api/Authorize/GetMenuInfo,UrlRefer=http://www1.chitunion.com/test/main2-2.html
2017-12-18 21:19:34,810 [13] INFO  BaseLog [(null)] - [IsAuthorized]IsCheckIP=False,IsCheckLogin=True,CheckModuleRight=,用户请求的地址=http://www1.chitunion.com/api/Authorize/GetMenuInfo,UrlRefer=http://www1.chitunion.com/test/main2-1.html
2017-12-18 21:19:37,330 [13] INFO  BaseLog [(null)] - [IsAuthorized]IsCheckIP=False,IsCheckLogin=True,CheckModuleRight=,用户请求的地址=http://www1.chitunion.com/api/Authorize/GetMenuInfo,UrlRefer=http://www1.chitunion.com/test/main2-1.html
2017-12-18 21:19:38,585 [14] INFO  BaseLog [(null)] - [IsAuthorized]IsCheckIP=False,IsCheckLogin=True,CheckModuleRight=,用户请求的地址=http://www1.chitunion.com/api/Authorize/GetMenuInfo,UrlRefer=http://www1.chitunion.com/test/main2-2.html
2017-12-18 21:19:39,989 [13] INFO  BaseLog [(null)] - [IsAuthorized]IsCheckIP=False,IsCheckLogin=True,CheckModuleRight=,用户请求的地址=http://www1.chitunion.com/api/Authorize/GetMenuInfo,UrlRefer=http://www1.chitunion.com/test/main2-1.html
2017-12-18 21:19:53,522 [12] INFO  BaseLog [(null)] - [IsAuthorized]IsCheckIP=False,IsCheckLogin=True,CheckModuleRight=,用户请求的地址=http://www1.chitunion.com/api/Authorize/GetMenuInfo,UrlRefer=http://www1.chitunion.com/test/main.html
2017-12-18 21:19:59,501 [13] INFO  BaseLog [(null)] - [IsAuthorized]IsCheckIP=False,IsCheckLogin=True,CheckModuleRight=,用户请求的地址=http://www1.chitunion.com/api/Authorize/GetMenuInfo,UrlRefer=http://www1.chitunion.com/test/main.html
2017-12-18 21:20:03,368 [12] INFO  BaseLog [(null)] - [IsAuthorized]IsCheckIP=False,IsCheckLogin=True,CheckModuleRight=,用户请求的地址=http://www1.chitunion.com/api/Authorize/GetMenuInfo,UrlRefer=http://www1.chitunion.com/test/main.html
2017-12-18 21:20:06,027 [13] INFO  BaseLog [(null)] - [IsAuthorized]IsCheckIP=False,IsCheckLogin=True,CheckModuleRight=,用户请求的地址=http://www1.chitunion.com/api/Authorize/GetMenuInfo,UrlRefer=http://www1.chitunion.com/test/main2-2.html
2017-12-18 21:20:07,967 [14] INFO  BaseLog [(null)] - [IsAuthorized]IsCheckIP=False,IsCheckLogin=True,CheckModuleRight=,用户请求的地址=http://www1.chitunion.com/api/Authorize/GetMenuInfo,UrlRefer=http://www1.chitunion.com/test/main2-1.html
2017-12-18 21:20:11,021 [10] INFO  BaseLog [(null)] - [IsAuthorized]IsCheckIP=False,IsCheckLogin=True,CheckModuleRight=,用户请求的地址=http://www1.chitunion.com/api/Authorize/GetMenuInfo,UrlRefer=http://www1.chitunion.com/test/main2-2.html
2017-12-18 21:20:12,891 [12] INFO  BaseLog [(null)] - [IsAuthorized]IsCheckIP=False,IsCheckLogin=True,CheckModuleRight=,用户请求的地址=http://www1.chitunion.com/api/Authorize/GetMenuInfo,UrlRefer=http://www1.chitunion.com/test/main2-1.html
2017-12-18 21:20:16,495 [14] INFO  BaseLog [(null)] - [IsAuthorized]IsCheckIP=False,IsCheckLogin=True,CheckModuleRight=,用户请求的地址=http://www1.chitunion.com/api/Authorize/GetMenuInfo,UrlRefer=http://www1.chitunion.com/test/main2-1.html
2017-12-18 21:23:13,819 [14] INFO  BaseLog [(null)] - [IsAuthorized]IsCheckIP=False,IsCheckLogin=True,CheckModuleRight=,用户请求的地址=http://www1.chitunion.com/api/Authorize/GetMenuInfo,UrlRefer=http://www1.chitunion.com/test/main2-1.html
2017-12-18 21:23:16,271 [10] INFO  BaseLog [(null)] - [IsAuthorized]IsCheckIP=False,IsCheckLogin=True,CheckModuleRight=,用户请求的地址=http://www1.chitunion.com/api/Authorize/GetMenuInfo,UrlRefer=http://www1.chitunion.com/test/main.html
2017-12-18 21:23:19,208 [21] INFO  BaseLog [(null)] - [IsAuthorized]IsCheckIP=False,IsCheckLogin=True,CheckModuleRight=,用户请求的地址=http://www1.chitunion.com/api/Authorize/GetMenuInfo,UrlRefer=http://www1.chitunion.com/test/main2-2.html
