2013-04-03 09:28:33	error	   在 System.Security.Cryptography.CryptographicException.ThrowCryptogaphicException(Int32 hr)
   在 System.Security.Cryptography.Utils._DecryptData(SafeKeyHandle hKey, Byte[] data, Int32 ib, Int32 cb, Byte[]& outputBuffer, Int32 outputOffset, PaddingMode PaddingMode, Boolean fDone)
   在 System.Security.Cryptography.CryptoAPITransform.TransformFinalBlock(Byte[] inputBuffer, Int32 inputOffset, Int32 inputCount)
   在 System.Security.Cryptography.CryptoStream.FlushFinalBlock()
   在 BitAuto.Utils.Security.DESEncryptor.Decrypt(String encryptedText, String decryptKey)
   在 BitAuto.YanFa.SysRightManager.Common.UserInfo.IsLogin()不正确的数据。

2013-04-03 09:28:33	error	   在 System.Security.Cryptography.CryptographicException.ThrowCryptogaphicException(Int32 hr)
   在 System.Security.Cryptography.Utils._DecryptData(SafeKeyHandle hKey, Byte[] data, Int32 ib, Int32 cb, Byte[]& outputBuffer, Int32 outputOffset, PaddingMode PaddingMode, Boolean fDone)
   在 System.Security.Cryptography.CryptoAPITransform.TransformFinalBlock(Byte[] inputBuffer, Int32 inputOffset, Int32 inputCount)
   在 System.Security.Cryptography.CryptoStream.FlushFinalBlock()
   在 BitAuto.Utils.Security.DESEncryptor.Decrypt(String encryptedText, String decryptKey)
   在 BitAuto.YanFa.SysRightManager.Common.UserInfo.IsLogin()不正确的数据。

2013-04-03 09:28:33	error	   在 System.Security.Cryptography.CryptographicException.ThrowCryptogaphicException(Int32 hr)
   在 System.Security.Cryptography.Utils._DecryptData(SafeKeyHandle hKey, Byte[] data, Int32 ib, Int32 cb, Byte[]& outputBuffer, Int32 outputOffset, PaddingMode PaddingMode, Boolean fDone)
   在 System.Security.Cryptography.CryptoAPITransform.TransformFinalBlock(Byte[] inputBuffer, Int32 inputOffset, Int32 inputCount)
   在 System.Security.Cryptography.CryptoStream.FlushFinalBlock()
   在 BitAuto.Utils.Security.DESEncryptor.Decrypt(String encryptedText, String decryptKey)
   在 BitAuto.YanFa.SysRightManager.Common.UserInfo.IsLogin()不正确的数据。

2013-04-03 15:59:27	error	   在 System.Security.Cryptography.CryptographicException.ThrowCryptogaphicException(Int32 hr)
   在 System.Security.Cryptography.Utils._DecryptData(SafeKeyHandle hKey, Byte[] data, Int32 ib, Int32 cb, Byte[]& outputBuffer, Int32 outputOffset, PaddingMode PaddingMode, Boolean fDone)
   在 System.Security.Cryptography.CryptoAPITransform.TransformFinalBlock(Byte[] inputBuffer, Int32 inputOffset, Int32 inputCount)
   在 System.Security.Cryptography.CryptoStream.FlushFinalBlock()
   在 BitAuto.Utils.Security.DESEncryptor.Decrypt(String encryptedText, String decryptKey)
   在 BitAuto.YanFa.SysRightManager.Common.UserInfo.IsLogin()不正确的数据。

