2013-07-22 09:53:31	error	   在 System.Security.Cryptography.CryptographicException.ThrowCryptogaphicException(Int32 hr)
   在 System.Security.Cryptography.Utils._DecryptData(SafeKeyHandle hKey, Byte[] data, Int32 ib, Int32 cb, Byte[]& outputBuffer, Int32 outputOffset, PaddingMode PaddingMode, Boolean fDone)
   在 System.Security.Cryptography.CryptoAPITransform.TransformFinalBlock(Byte[] inputBuffer, Int32 inputOffset, Int32 inputCount)
   在 System.Security.Cryptography.CryptoStream.FlushFinalBlock()
   在 BitAuto.Utils.Security.DESEncryptor.Decrypt(String encryptedText, String decryptKey)
   在 BitAuto.YanFa.SysRightManager.Common.UserInfo.IsLogin()不正确的数据。

2013-07-22 09:53:32	error	   在 System.Security.Cryptography.CryptographicException.ThrowCryptogaphicException(Int32 hr)
   在 System.Security.Cryptography.Utils._DecryptData(SafeKeyHandle hKey, Byte[] data, Int32 ib, Int32 cb, Byte[]& outputBuffer, Int32 outputOffset, PaddingMode PaddingMode, Boolean fDone)
   在 System.Security.Cryptography.CryptoAPITransform.TransformFinalBlock(Byte[] inputBuffer, Int32 inputOffset, Int32 inputCount)
   在 System.Security.Cryptography.CryptoStream.FlushFinalBlock()
   在 BitAuto.Utils.Security.DESEncryptor.Decrypt(String encryptedText, String decryptKey)
   在 BitAuto.YanFa.SysRightManager.Common.UserInfo.IsLogin()不正确的数据。

2013-07-22 13:37:29	error	   在 System.Security.Cryptography.CryptographicException.ThrowCryptogaphicException(Int32 hr)
   在 System.Security.Cryptography.Utils._DecryptData(SafeKeyHandle hKey, Byte[] data, Int32 ib, Int32 cb, Byte[]& outputBuffer, Int32 outputOffset, PaddingMode PaddingMode, Boolean fDone)
   在 System.Security.Cryptography.CryptoAPITransform.TransformFinalBlock(Byte[] inputBuffer, Int32 inputOffset, Int32 inputCount)
   在 System.Security.Cryptography.CryptoStream.FlushFinalBlock()
   在 BitAuto.Utils.Security.DESEncryptor.Decrypt(String encryptedText, String decryptKey)
   在 BitAuto.YanFa.SysRightManager.Common.UserInfo.IsLogin()不正确的数据。

2013-07-22 15:42:28	error	   在 System.Security.Cryptography.CryptographicException.ThrowCryptogaphicException(Int32 hr)
   在 System.Security.Cryptography.Utils._DecryptData(SafeKeyHandle hKey, Byte[] data, Int32 ib, Int32 cb, Byte[]& outputBuffer, Int32 outputOffset, PaddingMode PaddingMode, Boolean fDone)
   在 System.Security.Cryptography.CryptoAPITransform.TransformFinalBlock(Byte[] inputBuffer, Int32 inputOffset, Int32 inputCount)
   在 System.Security.Cryptography.CryptoStream.FlushFinalBlock()
   在 BitAuto.Utils.Security.DESEncryptor.Decrypt(String encryptedText, String decryptKey)
   在 BitAuto.YanFa.SysRightManager.Common.UserInfo.IsLogin()不正确的数据。

