2014-11-20 16:45:03	error	   在 System.Security.Cryptography.CryptographicException.ThrowCryptogaphicException(Int32 hr)
   在 System.Security.Cryptography.Utils._DecryptData(SafeKeyHandle hKey, Byte[] data, Int32 ib, Int32 cb, Byte[]& outputBuffer, Int32 outputOffset, PaddingMode PaddingMode, Boolean fDone)
   在 System.Security.Cryptography.CryptoAPITransform.TransformFinalBlock(Byte[] inputBuffer, Int32 inputOffset, Int32 inputCount)
   在 System.Security.Cryptography.CryptoStream.FlushFinalBlock()
   在 BitAuto.Utils.Security.DESEncryptor.Decrypt(String encryptedText, String decryptKey)
   在 BitAuto.YanFa.SysRightManager.Common.UserInfo.IsLogin()不正确的数据。

2014-11-20 17:05:06	info	GetEmployeeAgent
2014-11-20 17:05:06	info	SELECT  BusinessGroup.* ,
                                    EmployeeAgent.UserID
                                    FROM    EmployeeAgent
                                    INNER JOIN dbo.BusinessGroup ON EmployeeAgent.BGID = BusinessGroup.BGID 
                                    WHERE BusinessGroup.Status=0 AND EmployeeAgent.UserID=10658
2014-11-20 17:05:06	info	GetInUseBusinessGroup
2014-11-20 17:05:06	info	SELECT bg.*,CallNum FROM BusinessGroup as bg Left Join CallDisplay as cd on bg.CDID=cd.CDID where bg.Status=0 AND bg.BGID IN ( SELECT BGID
                         FROM   dbo.UserGroupDataRigth ugd
                         WHERE  ugd.UserID =  10658) 
2014-11-20 17:09:04	info	GetEmployeeAgent
2014-11-20 17:09:04	info	SELECT  BusinessGroup.* ,
                                    EmployeeAgent.UserID
                                    FROM    EmployeeAgent
                                    INNER JOIN dbo.BusinessGroup ON EmployeeAgent.BGID = BusinessGroup.BGID 
                                    WHERE BusinessGroup.Status=0 AND EmployeeAgent.UserID=10658
2014-11-20 17:09:04	info	GetInUseBusinessGroup
2014-11-20 17:09:04	info	SELECT bg.*,CallNum FROM BusinessGroup as bg Left Join CallDisplay as cd on bg.CDID=cd.CDID where bg.Status=0 AND bg.BGID IN ( SELECT BGID
                         FROM   dbo.UserGroupDataRigth ugd
                         WHERE  ugd.UserID =  10658) 
2014-11-20 17:09:15	info	GetEmployeeAgent
2014-11-20 17:09:15	info	SELECT  BusinessGroup.* ,
                                    EmployeeAgent.UserID
                                    FROM    EmployeeAgent
                                    INNER JOIN dbo.BusinessGroup ON EmployeeAgent.BGID = BusinessGroup.BGID 
                                    WHERE BusinessGroup.Status=0 AND EmployeeAgent.UserID=10658
2014-11-20 17:09:15	info	GetInUseBusinessGroup
2014-11-20 17:09:15	info	SELECT bg.*,CallNum FROM BusinessGroup as bg Left Join CallDisplay as cd on bg.CDID=cd.CDID where bg.Status=0 AND bg.BGID IN ( SELECT BGID
                         FROM   dbo.UserGroupDataRigth ugd
                         WHERE  ugd.UserID =  10658) 
2014-11-20 17:13:41	info	GetEmployeeAgent
2014-11-20 17:13:41	info	SELECT  BusinessGroup.* ,
                                    EmployeeAgent.UserID
                                    FROM    EmployeeAgent
                                    INNER JOIN dbo.BusinessGroup ON EmployeeAgent.BGID = BusinessGroup.BGID 
                                    WHERE BusinessGroup.Status=0 AND EmployeeAgent.UserID=10658
2014-11-20 17:13:41	info	GetInUseBusinessGroup
2014-11-20 17:13:41	info	SELECT bg.*,CallNum FROM BusinessGroup as bg Left Join CallDisplay as cd on bg.CDID=cd.CDID where bg.Status=0 AND bg.BGID IN ( SELECT BGID
                         FROM   dbo.UserGroupDataRigth ugd
                         WHERE  ugd.UserID =  10658) 
2014-11-20 17:23:01	info	GetEmployeeAgent
2014-11-20 17:23:01	info	SELECT  BusinessGroup.* ,
                                    EmployeeAgent.UserID
                                    FROM    EmployeeAgent
                                    INNER JOIN dbo.BusinessGroup ON EmployeeAgent.BGID = BusinessGroup.BGID 
                                    WHERE BusinessGroup.Status=0 AND EmployeeAgent.UserID=10658
2014-11-20 17:23:02	info	GetInUseBusinessGroup
2014-11-20 17:23:02	info	SELECT bg.*,CallNum FROM BusinessGroup as bg Left Join CallDisplay as cd on bg.CDID=cd.CDID where bg.Status=0 AND bg.BGID IN ( SELECT BGID
                         FROM   dbo.UserGroupDataRigth ugd
                         WHERE  ugd.UserID =  10658) 
2014-11-20 17:59:54	info	GetEmployeeAgent
2014-11-20 17:59:54	info	SELECT  BusinessGroup.* ,
                                    EmployeeAgent.UserID
                                    FROM    EmployeeAgent
                                    INNER JOIN dbo.BusinessGroup ON EmployeeAgent.BGID = BusinessGroup.BGID 
                                    WHERE BusinessGroup.Status=0 AND EmployeeAgent.UserID=10658
2014-11-20 17:59:54	info	GetInUseBusinessGroup
2014-11-20 17:59:54	info	SELECT bg.*,CallNum FROM BusinessGroup as bg Left Join CallDisplay as cd on bg.CDID=cd.CDID where bg.Status=0 AND bg.BGID IN ( SELECT BGID
                         FROM   dbo.UserGroupDataRigth ugd
                         WHERE  ugd.UserID =  10658) 
