2014-12-08 09:56:34	error	   在 System.Security.Cryptography.CryptographicException.ThrowCryptogaphicException(Int32 hr)
   在 System.Security.Cryptography.Utils._DecryptData(SafeKeyHandle hKey, Byte[] data, Int32 ib, Int32 cb, Byte[]& outputBuffer, Int32 outputOffset, PaddingMode PaddingMode, Boolean fDone)
   在 System.Security.Cryptography.CryptoAPITransform.TransformFinalBlock(Byte[] inputBuffer, Int32 inputOffset, Int32 inputCount)
   在 System.Security.Cryptography.CryptoStream.FlushFinalBlock()
   在 BitAuto.Utils.Security.DESEncryptor.Decrypt(String encryptedText, String decryptKey)
   在 BitAuto.YanFa.SysRightManager.Common.UserInfo.IsLogin()不正确的数据。

2014-12-08 09:56:35	error	   在 System.Security.Cryptography.CryptographicException.ThrowCryptogaphicException(Int32 hr)
   在 System.Security.Cryptography.Utils._DecryptData(SafeKeyHandle hKey, Byte[] data, Int32 ib, Int32 cb, Byte[]& outputBuffer, Int32 outputOffset, PaddingMode PaddingMode, Boolean fDone)
   在 System.Security.Cryptography.CryptoAPITransform.TransformFinalBlock(Byte[] inputBuffer, Int32 inputOffset, Int32 inputCount)
   在 System.Security.Cryptography.CryptoStream.FlushFinalBlock()
   在 BitAuto.Utils.Security.DESEncryptor.Decrypt(String encryptedText, String decryptKey)
   在 BitAuto.YanFa.SysRightManager.Common.UserInfo.IsLogin()不正确的数据。

2014-12-08 14:02:16	error	   在 System.Security.Cryptography.CryptographicException.ThrowCryptogaphicException(Int32 hr)
   在 System.Security.Cryptography.Utils._DecryptData(SafeKeyHandle hKey, Byte[] data, Int32 ib, Int32 cb, Byte[]& outputBuffer, Int32 outputOffset, PaddingMode PaddingMode, Boolean fDone)
   在 System.Security.Cryptography.CryptoAPITransform.TransformFinalBlock(Byte[] inputBuffer, Int32 inputOffset, Int32 inputCount)
   在 System.Security.Cryptography.CryptoStream.FlushFinalBlock()
   在 BitAuto.Utils.Security.DESEncryptor.Decrypt(String encryptedText, String decryptKey)
   在 BitAuto.YanFa.SysRightManager.Common.UserInfo.IsLogin()不正确的数据。

2014-12-08 14:02:23	error	   在 System.Security.Cryptography.CryptographicException.ThrowCryptogaphicException(Int32 hr)
   在 System.Security.Cryptography.Utils._DecryptData(SafeKeyHandle hKey, Byte[] data, Int32 ib, Int32 cb, Byte[]& outputBuffer, Int32 outputOffset, PaddingMode PaddingMode, Boolean fDone)
   在 System.Security.Cryptography.CryptoAPITransform.TransformFinalBlock(Byte[] inputBuffer, Int32 inputOffset, Int32 inputCount)
   在 System.Security.Cryptography.CryptoStream.FlushFinalBlock()
   在 BitAuto.Utils.Security.DESEncryptor.Decrypt(String encryptedText, String decryptKey)
   在 BitAuto.YanFa.SysRightManager.Common.UserInfo.IsLogin()不正确的数据。

2014-12-08 14:02:34	info	GetEmployeeAgent
2014-12-08 14:02:34	info	SELECT  BusinessGroup.* ,
                                    EmployeeAgent.UserID
                                    FROM    EmployeeAgent
                                    INNER JOIN dbo.BusinessGroup ON EmployeeAgent.BGID = BusinessGroup.BGID 
                                    WHERE BusinessGroup.Status=0 AND EmployeeAgent.UserID=10658
2014-12-08 14:02:34	info	GetInUseBusinessGroup
2014-12-08 14:02:34	info	SELECT bg.*,CallNum FROM BusinessGroup as bg Left Join CallDisplay as cd on bg.CDID=cd.CDID where bg.Status=0 AND bg.BGID IN ( SELECT BGID
                         FROM   dbo.UserGroupDataRigth ugd
                         WHERE  ugd.UserID =  10658) 
2014-12-08 14:09:32	info	GetEmployeeAgent
2014-12-08 14:09:32	info	SELECT  BusinessGroup.* ,
                                    EmployeeAgent.UserID
                                    FROM    EmployeeAgent
                                    INNER JOIN dbo.BusinessGroup ON EmployeeAgent.BGID = BusinessGroup.BGID 
                                    WHERE BusinessGroup.Status=0 AND EmployeeAgent.UserID=10658
2014-12-08 14:09:32	info	GetInUseBusinessGroup
2014-12-08 14:09:32	info	SELECT bg.*,CallNum FROM BusinessGroup as bg Left Join CallDisplay as cd on bg.CDID=cd.CDID where bg.Status=0 AND bg.BGID IN ( SELECT BGID
                         FROM   dbo.UserGroupDataRigth ugd
                         WHERE  ugd.UserID =  10658) 
2014-12-08 14:10:08	info	GetEmployeeAgent
2014-12-08 14:10:08	info	SELECT  BusinessGroup.* ,
                                    EmployeeAgent.UserID
                                    FROM    EmployeeAgent
                                    INNER JOIN dbo.BusinessGroup ON EmployeeAgent.BGID = BusinessGroup.BGID 
                                    WHERE BusinessGroup.Status=0 AND EmployeeAgent.UserID=10658
2014-12-08 14:10:08	info	GetInUseBusinessGroup
2014-12-08 14:10:08	info	SELECT bg.*,CallNum FROM BusinessGroup as bg Left Join CallDisplay as cd on bg.CDID=cd.CDID where bg.Status=0 AND bg.BGID IN ( SELECT BGID
                         FROM   dbo.UserGroupDataRigth ugd
                         WHERE  ugd.UserID =  10658) 
2014-12-08 14:10:09	info	GetEmployeeAgent
2014-12-08 14:10:09	info	SELECT  BusinessGroup.* ,
                                    EmployeeAgent.UserID
                                    FROM    EmployeeAgent
                                    INNER JOIN dbo.BusinessGroup ON EmployeeAgent.BGID = BusinessGroup.BGID 
                                    WHERE BusinessGroup.Status=0 AND EmployeeAgent.UserID=10658
2014-12-08 14:10:09	info	GetInUseBusinessGroup
2014-12-08 14:10:09	info	SELECT bg.*,CallNum FROM BusinessGroup as bg Left Join CallDisplay as cd on bg.CDID=cd.CDID where bg.Status=0 AND bg.BGID IN ( SELECT BGID
                         FROM   dbo.UserGroupDataRigth ugd
                         WHERE  ugd.UserID =  10658) 
2014-12-08 14:10:41	info	GetEmployeeAgent
2014-12-08 14:10:41	info	SELECT  BusinessGroup.* ,
                                    EmployeeAgent.UserID
                                    FROM    EmployeeAgent
                                    INNER JOIN dbo.BusinessGroup ON EmployeeAgent.BGID = BusinessGroup.BGID 
                                    WHERE BusinessGroup.Status=0 AND EmployeeAgent.UserID=10658
2014-12-08 14:10:41	info	GetInUseBusinessGroup
2014-12-08 14:10:41	info	SELECT bg.*,CallNum FROM BusinessGroup as bg Left Join CallDisplay as cd on bg.CDID=cd.CDID where bg.Status=0 AND bg.BGID IN ( SELECT BGID
                         FROM   dbo.UserGroupDataRigth ugd
                         WHERE  ugd.UserID =  10658) 
2014-12-08 14:10:41	info	GetEmployeeAgent
2014-12-08 14:10:41	info	SELECT  BusinessGroup.* ,
                                    EmployeeAgent.UserID
                                    FROM    EmployeeAgent
                                    INNER JOIN dbo.BusinessGroup ON EmployeeAgent.BGID = BusinessGroup.BGID 
                                    WHERE BusinessGroup.Status=0 AND EmployeeAgent.UserID=10658
2014-12-08 14:10:41	info	GetInUseBusinessGroup
2014-12-08 14:10:41	info	SELECT bg.*,CallNum FROM BusinessGroup as bg Left Join CallDisplay as cd on bg.CDID=cd.CDID where bg.Status=0 AND bg.BGID IN ( SELECT BGID
                         FROM   dbo.UserGroupDataRigth ugd
                         WHERE  ugd.UserID =  10658) 
2014-12-08 14:10:48	info	GetEmployeeAgent
2014-12-08 14:10:48	info	SELECT  BusinessGroup.* ,
                                    EmployeeAgent.UserID
                                    FROM    EmployeeAgent
                                    INNER JOIN dbo.BusinessGroup ON EmployeeAgent.BGID = BusinessGroup.BGID 
                                    WHERE BusinessGroup.Status=0 AND EmployeeAgent.UserID=10658
2014-12-08 14:10:48	info	GetInUseBusinessGroup
2014-12-08 14:10:48	info	SELECT bg.*,CallNum FROM BusinessGroup as bg Left Join CallDisplay as cd on bg.CDID=cd.CDID where bg.Status=0 AND bg.BGID IN ( SELECT BGID
                         FROM   dbo.UserGroupDataRigth ugd
                         WHERE  ugd.UserID =  10658) 
2014-12-08 14:10:52	info	GetEmployeeAgent
2014-12-08 14:10:52	info	SELECT  BusinessGroup.* ,
                                    EmployeeAgent.UserID
                                    FROM    EmployeeAgent
                                    INNER JOIN dbo.BusinessGroup ON EmployeeAgent.BGID = BusinessGroup.BGID 
                                    WHERE BusinessGroup.Status=0 AND EmployeeAgent.UserID=10658
2014-12-08 14:10:52	info	GetInUseBusinessGroup
2014-12-08 14:10:52	info	SELECT bg.*,CallNum FROM BusinessGroup as bg Left Join CallDisplay as cd on bg.CDID=cd.CDID where bg.Status=0 AND bg.BGID IN ( SELECT BGID
                         FROM   dbo.UserGroupDataRigth ugd
                         WHERE  ugd.UserID =  10658) 
2014-12-08 14:10:55	info	GetEmployeeAgent
2014-12-08 14:10:55	info	SELECT  BusinessGroup.* ,
                                    EmployeeAgent.UserID
                                    FROM    EmployeeAgent
                                    INNER JOIN dbo.BusinessGroup ON EmployeeAgent.BGID = BusinessGroup.BGID 
                                    WHERE BusinessGroup.Status=0 AND EmployeeAgent.UserID=10658
2014-12-08 14:10:55	info	GetInUseBusinessGroup
2014-12-08 14:10:55	info	SELECT bg.*,CallNum FROM BusinessGroup as bg Left Join CallDisplay as cd on bg.CDID=cd.CDID where bg.Status=0 AND bg.BGID IN ( SELECT BGID
                         FROM   dbo.UserGroupDataRigth ugd
                         WHERE  ugd.UserID =  10658) 
