2014-09-25 09:24:12	error	   在 System.Security.Cryptography.CryptographicException.ThrowCryptogaphicException(Int32 hr)
   在 System.Security.Cryptography.Utils._DecryptData(SafeKeyHandle hKey, Byte[] data, Int32 ib, Int32 cb, Byte[]& outputBuffer, Int32 outputOffset, PaddingMode PaddingMode, Boolean fDone)
   在 System.Security.Cryptography.CryptoAPITransform.TransformFinalBlock(Byte[] inputBuffer, Int32 inputOffset, Int32 inputCount)
   在 System.Security.Cryptography.CryptoStream.FlushFinalBlock()
   在 BitAuto.Utils.Security.DESEncryptor.Decrypt(String encryptedText, String decryptKey)
   在 BitAuto.YanFa.SysRightManager.Common.UserInfo.IsLogin()不正确的数据。

2014-09-25 09:24:14	error	   在 System.Security.Cryptography.CryptographicException.ThrowCryptogaphicException(Int32 hr)
   在 System.Security.Cryptography.Utils._DecryptData(SafeKeyHandle hKey, Byte[] data, Int32 ib, Int32 cb, Byte[]& outputBuffer, Int32 outputOffset, PaddingMode PaddingMode, Boolean fDone)
   在 System.Security.Cryptography.CryptoAPITransform.TransformFinalBlock(Byte[] inputBuffer, Int32 inputOffset, Int32 inputCount)
   在 System.Security.Cryptography.CryptoStream.FlushFinalBlock()
   在 BitAuto.Utils.Security.DESEncryptor.Decrypt(String encryptedText, String decryptKey)
   在 BitAuto.YanFa.SysRightManager.Common.UserInfo.IsLogin()不正确的数据。

2014-09-25 13:23:26	error	   在 System.Security.Cryptography.CryptographicException.ThrowCryptogaphicException(Int32 hr)
   在 System.Security.Cryptography.Utils._DecryptData(SafeKeyHandle hKey, Byte[] data, Int32 ib, Int32 cb, Byte[]& outputBuffer, Int32 outputOffset, PaddingMode PaddingMode, Boolean fDone)
   在 System.Security.Cryptography.CryptoAPITransform.TransformFinalBlock(Byte[] inputBuffer, Int32 inputOffset, Int32 inputCount)
   在 System.Security.Cryptography.CryptoStream.FlushFinalBlock()
   在 BitAuto.Utils.Security.DESEncryptor.Decrypt(String encryptedText, String decryptKey)
   在 BitAuto.YanFa.SysRightManager.Common.UserInfo.IsLogin()不正确的数据。

2014-09-25 13:23:28	error	   在 System.Security.Cryptography.CryptographicException.ThrowCryptogaphicException(Int32 hr)
   在 System.Security.Cryptography.Utils._DecryptData(SafeKeyHandle hKey, Byte[] data, Int32 ib, Int32 cb, Byte[]& outputBuffer, Int32 outputOffset, PaddingMode PaddingMode, Boolean fDone)
   在 System.Security.Cryptography.CryptoAPITransform.TransformFinalBlock(Byte[] inputBuffer, Int32 inputOffset, Int32 inputCount)
   在 System.Security.Cryptography.CryptoStream.FlushFinalBlock()
   在 BitAuto.Utils.Security.DESEncryptor.Decrypt(String encryptedText, String decryptKey)
   在 BitAuto.YanFa.SysRightManager.Common.UserInfo.IsLogin()不正确的数据。

2014-09-25 14:21:17	info	GetEmployeeAgent
2014-09-25 14:21:17	info	SELECT  BusinessGroup.* ,
                                    EmployeeAgent.UserID
                                    FROM    EmployeeAgent
                                    INNER JOIN dbo.BusinessGroup ON EmployeeAgent.BGID = BusinessGroup.BGID 
                                    WHERE BusinessGroup.Status=0 AND EmployeeAgent.UserID=10658
2014-09-25 15:15:01	error	   在 System.Security.Cryptography.CryptographicException.ThrowCryptogaphicException(Int32 hr)
   在 System.Security.Cryptography.Utils._DecryptData(SafeKeyHandle hKey, Byte[] data, Int32 ib, Int32 cb, Byte[]& outputBuffer, Int32 outputOffset, PaddingMode PaddingMode, Boolean fDone)
   在 System.Security.Cryptography.CryptoAPITransform.TransformFinalBlock(Byte[] inputBuffer, Int32 inputOffset, Int32 inputCount)
   在 System.Security.Cryptography.CryptoStream.FlushFinalBlock()
   在 BitAuto.Utils.Security.DESEncryptor.Decrypt(String encryptedText, String decryptKey)
   在 BitAuto.YanFa.SysRightManager.Common.UserInfo.IsLogin()不正确的数据。

2014-09-25 15:15:05	error	   在 System.Security.Cryptography.CryptographicException.ThrowCryptogaphicException(Int32 hr)
   在 System.Security.Cryptography.Utils._DecryptData(SafeKeyHandle hKey, Byte[] data, Int32 ib, Int32 cb, Byte[]& outputBuffer, Int32 outputOffset, PaddingMode PaddingMode, Boolean fDone)
   在 System.Security.Cryptography.CryptoAPITransform.TransformFinalBlock(Byte[] inputBuffer, Int32 inputOffset, Int32 inputCount)
   在 System.Security.Cryptography.CryptoStream.FlushFinalBlock()
   在 BitAuto.Utils.Security.DESEncryptor.Decrypt(String encryptedText, String decryptKey)
   在 BitAuto.YanFa.SysRightManager.Common.UserInfo.IsLogin()不正确的数据。

