2014-11-18 11:19:22	error	   在 System.Security.Cryptography.CryptographicException.ThrowCryptogaphicException(Int32 hr)
   在 System.Security.Cryptography.Utils._DecryptData(SafeKeyHandle hKey, Byte[] data, Int32 ib, Int32 cb, Byte[]& outputBuffer, Int32 outputOffset, PaddingMode PaddingMode, Boolean fDone)
   在 System.Security.Cryptography.CryptoAPITransform.TransformFinalBlock(Byte[] inputBuffer, Int32 inputOffset, Int32 inputCount)
   在 System.Security.Cryptography.CryptoStream.FlushFinalBlock()
   在 BitAuto.Utils.Security.DESEncryptor.Decrypt(String encryptedText, String decryptKey)
   在 BitAuto.YanFa.SysRightManager.Common.UserInfo.IsLogin()不正确的数据。

2014-11-18 11:19:25	error	   在 System.Security.Cryptography.CryptographicException.ThrowCryptogaphicException(Int32 hr)
   在 System.Security.Cryptography.Utils._DecryptData(SafeKeyHandle hKey, Byte[] data, Int32 ib, Int32 cb, Byte[]& outputBuffer, Int32 outputOffset, PaddingMode PaddingMode, Boolean fDone)
   在 System.Security.Cryptography.CryptoAPITransform.TransformFinalBlock(Byte[] inputBuffer, Int32 inputOffset, Int32 inputCount)
   在 System.Security.Cryptography.CryptoStream.FlushFinalBlock()
   在 BitAuto.Utils.Security.DESEncryptor.Decrypt(String encryptedText, String decryptKey)
   在 BitAuto.YanFa.SysRightManager.Common.UserInfo.IsLogin()不正确的数据。

2014-11-18 11:20:47	info	GetEmployeeAgent
2014-11-18 11:20:47	info	SELECT  BusinessGroup.* ,
                                    EmployeeAgent.UserID
                                    FROM    EmployeeAgent
                                    INNER JOIN dbo.BusinessGroup ON EmployeeAgent.BGID = BusinessGroup.BGID 
                                    WHERE BusinessGroup.Status=0 AND EmployeeAgent.UserID=10658
2014-11-18 11:20:47	info	GetInUseBusinessGroup
2014-11-18 11:20:47	info	SELECT bg.*,CallNum FROM BusinessGroup as bg Left Join CallDisplay as cd on bg.CDID=cd.CDID where bg.Status=0 AND bg.BGID IN ( SELECT BGID
                         FROM   dbo.UserGroupDataRigth ugd
                         WHERE  ugd.UserID =  10658) 
2014-11-18 11:22:50	info	GetEmployeeAgent
2014-11-18 11:22:50	info	SELECT  BusinessGroup.* ,
                                    EmployeeAgent.UserID
                                    FROM    EmployeeAgent
                                    INNER JOIN dbo.BusinessGroup ON EmployeeAgent.BGID = BusinessGroup.BGID 
                                    WHERE BusinessGroup.Status=0 AND EmployeeAgent.UserID=10658
2014-11-18 11:22:50	info	GetInUseBusinessGroup
2014-11-18 11:22:50	info	SELECT bg.*,CallNum FROM BusinessGroup as bg Left Join CallDisplay as cd on bg.CDID=cd.CDID where bg.Status=0 AND bg.BGID IN ( SELECT BGID
                         FROM   dbo.UserGroupDataRigth ugd
                         WHERE  ugd.UserID =  10658) 
2014-11-18 11:35:47	info	GetEmployeeAgent
2014-11-18 11:35:47	info	SELECT  BusinessGroup.* ,
                                    EmployeeAgent.UserID
                                    FROM    EmployeeAgent
                                    INNER JOIN dbo.BusinessGroup ON EmployeeAgent.BGID = BusinessGroup.BGID 
                                    WHERE BusinessGroup.Status=0 AND EmployeeAgent.UserID=10658
2014-11-18 11:35:47	info	GetInUseBusinessGroup
2014-11-18 11:35:47	info	SELECT bg.*,CallNum FROM BusinessGroup as bg Left Join CallDisplay as cd on bg.CDID=cd.CDID where bg.Status=0 AND bg.BGID IN ( SELECT BGID
                         FROM   dbo.UserGroupDataRigth ugd
                         WHERE  ugd.UserID =  10658) 
2014-11-18 11:58:57	info	GetEmployeeAgent
2014-11-18 11:58:57	info	SELECT  BusinessGroup.* ,
                                    EmployeeAgent.UserID
                                    FROM    EmployeeAgent
                                    INNER JOIN dbo.BusinessGroup ON EmployeeAgent.BGID = BusinessGroup.BGID 
                                    WHERE BusinessGroup.Status=0 AND EmployeeAgent.UserID=10658
2014-11-18 11:58:57	info	GetInUseBusinessGroup
2014-11-18 11:58:57	info	SELECT bg.*,CallNum FROM BusinessGroup as bg Left Join CallDisplay as cd on bg.CDID=cd.CDID where bg.Status=0 AND bg.BGID IN ( SELECT BGID
                         FROM   dbo.UserGroupDataRigth ugd
                         WHERE  ugd.UserID =  10658) 
2014-11-18 11:59:19	info	GetEmployeeAgent
2014-11-18 11:59:19	info	SELECT  BusinessGroup.* ,
                                    EmployeeAgent.UserID
                                    FROM    EmployeeAgent
                                    INNER JOIN dbo.BusinessGroup ON EmployeeAgent.BGID = BusinessGroup.BGID 
                                    WHERE BusinessGroup.Status=0 AND EmployeeAgent.UserID=10658
2014-11-18 11:59:19	info	GetInUseBusinessGroup
2014-11-18 11:59:19	info	SELECT bg.*,CallNum FROM BusinessGroup as bg Left Join CallDisplay as cd on bg.CDID=cd.CDID where bg.Status=0 AND bg.BGID IN ( SELECT BGID
                         FROM   dbo.UserGroupDataRigth ugd
                         WHERE  ugd.UserID =  10658) 
2014-11-18 14:26:02	error	   在 System.Security.Cryptography.CryptographicException.ThrowCryptogaphicException(Int32 hr)
   在 System.Security.Cryptography.Utils._DecryptData(SafeKeyHandle hKey, Byte[] data, Int32 ib, Int32 cb, Byte[]& outputBuffer, Int32 outputOffset, PaddingMode PaddingMode, Boolean fDone)
   在 System.Security.Cryptography.CryptoAPITransform.TransformFinalBlock(Byte[] inputBuffer, Int32 inputOffset, Int32 inputCount)
   在 System.Security.Cryptography.CryptoStream.FlushFinalBlock()
   在 BitAuto.Utils.Security.DESEncryptor.Decrypt(String encryptedText, String decryptKey)
   在 BitAuto.YanFa.SysRightManager.Common.UserInfo.IsLogin()不正确的数据。

2014-11-18 14:26:04	error	   在 System.Security.Cryptography.CryptographicException.ThrowCryptogaphicException(Int32 hr)
   在 System.Security.Cryptography.Utils._DecryptData(SafeKeyHandle hKey, Byte[] data, Int32 ib, Int32 cb, Byte[]& outputBuffer, Int32 outputOffset, PaddingMode PaddingMode, Boolean fDone)
   在 System.Security.Cryptography.CryptoAPITransform.TransformFinalBlock(Byte[] inputBuffer, Int32 inputOffset, Int32 inputCount)
   在 System.Security.Cryptography.CryptoStream.FlushFinalBlock()
   在 BitAuto.Utils.Security.DESEncryptor.Decrypt(String encryptedText, String decryptKey)
   在 BitAuto.YanFa.SysRightManager.Common.UserInfo.IsLogin()不正确的数据。

2014-11-18 14:26:22	info	GetEmployeeAgent
2014-11-18 14:26:22	info	SELECT  BusinessGroup.* ,
                                    EmployeeAgent.UserID
                                    FROM    EmployeeAgent
                                    INNER JOIN dbo.BusinessGroup ON EmployeeAgent.BGID = BusinessGroup.BGID 
                                    WHERE BusinessGroup.Status=0 AND EmployeeAgent.UserID=10658
2014-11-18 14:26:22	info	GetInUseBusinessGroup
2014-11-18 14:26:22	info	SELECT bg.*,CallNum FROM BusinessGroup as bg Left Join CallDisplay as cd on bg.CDID=cd.CDID where bg.Status=0 AND bg.BGID IN ( SELECT BGID
                         FROM   dbo.UserGroupDataRigth ugd
                         WHERE  ugd.UserID =  10658) 
2014-11-18 15:42:40	info	GetEmployeeAgent
2014-11-18 15:42:40	info	SELECT  BusinessGroup.* ,
                                    EmployeeAgent.UserID
                                    FROM    EmployeeAgent
                                    INNER JOIN dbo.BusinessGroup ON EmployeeAgent.BGID = BusinessGroup.BGID 
                                    WHERE BusinessGroup.Status=0 AND EmployeeAgent.UserID=10658
2014-11-18 15:42:40	info	GetInUseBusinessGroup
2014-11-18 15:42:40	info	SELECT bg.*,CallNum FROM BusinessGroup as bg Left Join CallDisplay as cd on bg.CDID=cd.CDID where bg.Status=0 AND bg.BGID IN ( SELECT BGID
                         FROM   dbo.UserGroupDataRigth ugd
                         WHERE  ugd.UserID =  10658) 
2014-11-18 15:42:40	info	GetEmployeeAgent
2014-11-18 15:42:40	info	SELECT  BusinessGroup.* ,
                                    EmployeeAgent.UserID
                                    FROM    EmployeeAgent
                                    INNER JOIN dbo.BusinessGroup ON EmployeeAgent.BGID = BusinessGroup.BGID 
                                    WHERE BusinessGroup.Status=0 AND EmployeeAgent.UserID=10658
2014-11-18 15:42:40	info	GetInUseBusinessGroup
2014-11-18 15:42:40	info	SELECT bg.*,CallNum FROM BusinessGroup as bg Left Join CallDisplay as cd on bg.CDID=cd.CDID where bg.Status=0 AND bg.BGID IN ( SELECT BGID
                         FROM   dbo.UserGroupDataRigth ugd
                         WHERE  ugd.UserID =  10658) 
2014-11-18 15:43:00	info	GetEmployeeAgent
2014-11-18 15:43:00	info	SELECT  BusinessGroup.* ,
                                    EmployeeAgent.UserID
                                    FROM    EmployeeAgent
                                    INNER JOIN dbo.BusinessGroup ON EmployeeAgent.BGID = BusinessGroup.BGID 
                                    WHERE BusinessGroup.Status=0 AND EmployeeAgent.UserID=10658
2014-11-18 15:43:00	info	GetInUseBusinessGroup
2014-11-18 15:43:00	info	SELECT bg.*,CallNum FROM BusinessGroup as bg Left Join CallDisplay as cd on bg.CDID=cd.CDID where bg.Status=0 AND bg.BGID IN ( SELECT BGID
                         FROM   dbo.UserGroupDataRigth ugd
                         WHERE  ugd.UserID =  10658) 
2014-11-18 15:43:00	info	GetEmployeeAgent
2014-11-18 15:43:00	info	SELECT  BusinessGroup.* ,
                                    EmployeeAgent.UserID
                                    FROM    EmployeeAgent
                                    INNER JOIN dbo.BusinessGroup ON EmployeeAgent.BGID = BusinessGroup.BGID 
                                    WHERE BusinessGroup.Status=0 AND EmployeeAgent.UserID=10658
2014-11-18 15:43:00	info	GetInUseBusinessGroup
2014-11-18 15:43:00	info	SELECT bg.*,CallNum FROM BusinessGroup as bg Left Join CallDisplay as cd on bg.CDID=cd.CDID where bg.Status=0 AND bg.BGID IN ( SELECT BGID
                         FROM   dbo.UserGroupDataRigth ugd
                         WHERE  ugd.UserID =  10658) 
