2014-11-24 10:42:35	info	GetEmployeeAgent
2014-11-24 10:42:35	info	SELECT  BusinessGroup.* ,
                                    EmployeeAgent.UserID
                                    FROM    EmployeeAgent
                                    INNER JOIN dbo.BusinessGroup ON EmployeeAgent.BGID = BusinessGroup.BGID 
                                    WHERE BusinessGroup.Status=0 AND EmployeeAgent.UserID=10658
2014-11-24 10:42:35	info	GetInUseBusinessGroup
2014-11-24 10:42:35	info	SELECT bg.*,CallNum FROM BusinessGroup as bg Left Join CallDisplay as cd on bg.CDID=cd.CDID where bg.Status=0 AND bg.BGID IN ( SELECT BGID
                         FROM   dbo.UserGroupDataRigth ugd
                         WHERE  ugd.UserID =  10658) 
2014-11-24 10:44:15	info	GetEmployeeAgent
2014-11-24 10:44:15	info	SELECT  BusinessGroup.* ,
                                    EmployeeAgent.UserID
                                    FROM    EmployeeAgent
                                    INNER JOIN dbo.BusinessGroup ON EmployeeAgent.BGID = BusinessGroup.BGID 
                                    WHERE BusinessGroup.Status=0 AND EmployeeAgent.UserID=10658
2014-11-24 10:44:15	info	GetInUseBusinessGroup
2014-11-24 10:44:15	info	SELECT bg.*,CallNum FROM BusinessGroup as bg Left Join CallDisplay as cd on bg.CDID=cd.CDID where bg.Status=0 AND bg.BGID IN ( SELECT BGID
                         FROM   dbo.UserGroupDataRigth ugd
                         WHERE  ugd.UserID =  10658) 
2014-11-24 10:54:13	info	GetEmployeeAgent
2014-11-24 10:54:13	info	SELECT  BusinessGroup.* ,
                                    EmployeeAgent.UserID
                                    FROM    EmployeeAgent
                                    INNER JOIN dbo.BusinessGroup ON EmployeeAgent.BGID = BusinessGroup.BGID 
                                    WHERE BusinessGroup.Status=0 AND EmployeeAgent.UserID=10658
2014-11-24 10:54:13	info	GetInUseBusinessGroup
2014-11-24 10:54:13	info	SELECT bg.*,CallNum FROM BusinessGroup as bg Left Join CallDisplay as cd on bg.CDID=cd.CDID where bg.Status=0 AND bg.BGID IN ( SELECT BGID
                         FROM   dbo.UserGroupDataRigth ugd
                         WHERE  ugd.UserID =  10658) 
2014-11-24 10:54:19	info	GetEmployeeAgent
2014-11-24 10:54:19	info	SELECT  BusinessGroup.* ,
                                    EmployeeAgent.UserID
                                    FROM    EmployeeAgent
                                    INNER JOIN dbo.BusinessGroup ON EmployeeAgent.BGID = BusinessGroup.BGID 
                                    WHERE BusinessGroup.Status=0 AND EmployeeAgent.UserID=10658
2014-11-24 10:54:19	info	GetInUseBusinessGroup
2014-11-24 10:54:19	info	SELECT bg.*,CallNum FROM BusinessGroup as bg Left Join CallDisplay as cd on bg.CDID=cd.CDID where bg.Status=0 AND bg.BGID IN ( SELECT BGID
                         FROM   dbo.UserGroupDataRigth ugd
                         WHERE  ugd.UserID =  10658) 
2014-11-24 10:55:50	info	GetEmployeeAgent
2014-11-24 10:55:50	info	SELECT  BusinessGroup.* ,
                                    EmployeeAgent.UserID
                                    FROM    EmployeeAgent
                                    INNER JOIN dbo.BusinessGroup ON EmployeeAgent.BGID = BusinessGroup.BGID 
                                    WHERE BusinessGroup.Status=0 AND EmployeeAgent.UserID=10658
2014-11-24 10:55:50	info	GetInUseBusinessGroup
2014-11-24 10:55:50	info	SELECT bg.*,CallNum FROM BusinessGroup as bg Left Join CallDisplay as cd on bg.CDID=cd.CDID where bg.Status=0 AND bg.BGID IN ( SELECT BGID
                         FROM   dbo.UserGroupDataRigth ugd
                         WHERE  ugd.UserID =  10658) 
2014-11-24 10:55:54	info	GetEmployeeAgent
2014-11-24 10:55:54	info	SELECT  BusinessGroup.* ,
                                    EmployeeAgent.UserID
                                    FROM    EmployeeAgent
                                    INNER JOIN dbo.BusinessGroup ON EmployeeAgent.BGID = BusinessGroup.BGID 
                                    WHERE BusinessGroup.Status=0 AND EmployeeAgent.UserID=10658
2014-11-24 10:55:54	info	GetInUseBusinessGroup
2014-11-24 10:55:54	info	SELECT bg.*,CallNum FROM BusinessGroup as bg Left Join CallDisplay as cd on bg.CDID=cd.CDID where bg.Status=0 AND bg.BGID IN ( SELECT BGID
                         FROM   dbo.UserGroupDataRigth ugd
                         WHERE  ugd.UserID =  10658) 
2014-11-24 10:56:10	info	GetEmployeeAgent
2014-11-24 10:56:10	info	SELECT  BusinessGroup.* ,
                                    EmployeeAgent.UserID
                                    FROM    EmployeeAgent
                                    INNER JOIN dbo.BusinessGroup ON EmployeeAgent.BGID = BusinessGroup.BGID 
                                    WHERE BusinessGroup.Status=0 AND EmployeeAgent.UserID=10658
2014-11-24 10:56:10	info	GetInUseBusinessGroup
2014-11-24 10:56:10	info	SELECT bg.*,CallNum FROM BusinessGroup as bg Left Join CallDisplay as cd on bg.CDID=cd.CDID where bg.Status=0 AND bg.BGID IN ( SELECT BGID
                         FROM   dbo.UserGroupDataRigth ugd
                         WHERE  ugd.UserID =  10658) 
2014-11-24 10:56:35	info	GetEmployeeAgent
2014-11-24 10:56:35	info	SELECT  BusinessGroup.* ,
                                    EmployeeAgent.UserID
                                    FROM    EmployeeAgent
                                    INNER JOIN dbo.BusinessGroup ON EmployeeAgent.BGID = BusinessGroup.BGID 
                                    WHERE BusinessGroup.Status=0 AND EmployeeAgent.UserID=10658
2014-11-24 10:56:35	info	GetInUseBusinessGroup
2014-11-24 10:56:35	info	SELECT bg.*,CallNum FROM BusinessGroup as bg Left Join CallDisplay as cd on bg.CDID=cd.CDID where bg.Status=0 AND bg.BGID IN ( SELECT BGID
                         FROM   dbo.UserGroupDataRigth ugd
                         WHERE  ugd.UserID =  10658) 
2014-11-24 11:00:32	info	GetEmployeeAgent
2014-11-24 11:00:32	info	SELECT  BusinessGroup.* ,
                                    EmployeeAgent.UserID
                                    FROM    EmployeeAgent
                                    INNER JOIN dbo.BusinessGroup ON EmployeeAgent.BGID = BusinessGroup.BGID 
                                    WHERE BusinessGroup.Status=0 AND EmployeeAgent.UserID=10658
2014-11-24 11:00:32	info	GetInUseBusinessGroup
2014-11-24 11:00:32	info	SELECT bg.*,CallNum FROM BusinessGroup as bg Left Join CallDisplay as cd on bg.CDID=cd.CDID where bg.Status=0 AND bg.BGID IN ( SELECT BGID
                         FROM   dbo.UserGroupDataRigth ugd
                         WHERE  ugd.UserID =  10658) 
2014-11-24 11:02:54	info	GetEmployeeAgent
2014-11-24 11:02:54	info	SELECT  BusinessGroup.* ,
                                    EmployeeAgent.UserID
                                    FROM    EmployeeAgent
                                    INNER JOIN dbo.BusinessGroup ON EmployeeAgent.BGID = BusinessGroup.BGID 
                                    WHERE BusinessGroup.Status=0 AND EmployeeAgent.UserID=10658
2014-11-24 11:02:54	info	GetInUseBusinessGroup
2014-11-24 11:02:54	info	SELECT bg.*,CallNum FROM BusinessGroup as bg Left Join CallDisplay as cd on bg.CDID=cd.CDID where bg.Status=0 AND bg.BGID IN ( SELECT BGID
                         FROM   dbo.UserGroupDataRigth ugd
                         WHERE  ugd.UserID =  10658) 
2014-11-24 11:06:10	info	GetEmployeeAgent
2014-11-24 11:06:10	info	SELECT  BusinessGroup.* ,
                                    EmployeeAgent.UserID
                                    FROM    EmployeeAgent
                                    INNER JOIN dbo.BusinessGroup ON EmployeeAgent.BGID = BusinessGroup.BGID 
                                    WHERE BusinessGroup.Status=0 AND EmployeeAgent.UserID=10658
2014-11-24 11:06:10	info	GetInUseBusinessGroup
2014-11-24 11:06:10	info	SELECT bg.*,CallNum FROM BusinessGroup as bg Left Join CallDisplay as cd on bg.CDID=cd.CDID where bg.Status=0 AND bg.BGID IN ( SELECT BGID
                         FROM   dbo.UserGroupDataRigth ugd
                         WHERE  ugd.UserID =  10658) 
2014-11-24 11:10:46	info	GetEmployeeAgent
2014-11-24 11:10:46	info	SELECT  BusinessGroup.* ,
                                    EmployeeAgent.UserID
                                    FROM    EmployeeAgent
                                    INNER JOIN dbo.BusinessGroup ON EmployeeAgent.BGID = BusinessGroup.BGID 
                                    WHERE BusinessGroup.Status=0 AND EmployeeAgent.UserID=10658
2014-11-24 11:10:46	info	GetInUseBusinessGroup
2014-11-24 11:10:46	info	SELECT bg.*,CallNum FROM BusinessGroup as bg Left Join CallDisplay as cd on bg.CDID=cd.CDID where bg.Status=0 AND bg.BGID IN ( SELECT BGID
                         FROM   dbo.UserGroupDataRigth ugd
                         WHERE  ugd.UserID =  10658) 
2014-11-24 11:11:00	error	   在 System.Security.Cryptography.CryptographicException.ThrowCryptogaphicException(Int32 hr)
   在 System.Security.Cryptography.Utils._DecryptData(SafeKeyHandle hKey, Byte[] data, Int32 ib, Int32 cb, Byte[]& outputBuffer, Int32 outputOffset, PaddingMode PaddingMode, Boolean fDone)
   在 System.Security.Cryptography.CryptoAPITransform.TransformFinalBlock(Byte[] inputBuffer, Int32 inputOffset, Int32 inputCount)
   在 System.Security.Cryptography.CryptoStream.FlushFinalBlock()
   在 BitAuto.Utils.Security.DESEncryptor.Decrypt(String encryptedText, String decryptKey)
   在 BitAuto.YanFa.SysRightManager.Common.UserInfo.IsLogin()不正确的数据。

2014-11-24 11:11:01	error	   在 System.Security.Cryptography.CryptographicException.ThrowCryptogaphicException(Int32 hr)
   在 System.Security.Cryptography.Utils._DecryptData(SafeKeyHandle hKey, Byte[] data, Int32 ib, Int32 cb, Byte[]& outputBuffer, Int32 outputOffset, PaddingMode PaddingMode, Boolean fDone)
   在 System.Security.Cryptography.CryptoAPITransform.TransformFinalBlock(Byte[] inputBuffer, Int32 inputOffset, Int32 inputCount)
   在 System.Security.Cryptography.CryptoStream.FlushFinalBlock()
   在 BitAuto.Utils.Security.DESEncryptor.Decrypt(String encryptedText, String decryptKey)
   在 BitAuto.YanFa.SysRightManager.Common.UserInfo.IsLogin()不正确的数据。

2014-11-24 11:31:55	info	GetEmployeeAgent
2014-11-24 11:31:55	info	SELECT  BusinessGroup.* ,
                                    EmployeeAgent.UserID
                                    FROM    EmployeeAgent
                                    INNER JOIN dbo.BusinessGroup ON EmployeeAgent.BGID = BusinessGroup.BGID 
                                    WHERE BusinessGroup.Status=0 AND EmployeeAgent.UserID=10658
2014-11-24 11:31:55	info	GetInUseBusinessGroup
2014-11-24 11:31:55	info	SELECT bg.*,CallNum FROM BusinessGroup as bg Left Join CallDisplay as cd on bg.CDID=cd.CDID where bg.Status=0 AND bg.BGID IN ( SELECT BGID
                         FROM   dbo.UserGroupDataRigth ugd
                         WHERE  ugd.UserID =  10658) 
2014-11-24 11:36:49	info	GetEmployeeAgent
2014-11-24 11:36:49	info	SELECT  BusinessGroup.* ,
                                    EmployeeAgent.UserID
                                    FROM    EmployeeAgent
                                    INNER JOIN dbo.BusinessGroup ON EmployeeAgent.BGID = BusinessGroup.BGID 
                                    WHERE BusinessGroup.Status=0 AND EmployeeAgent.UserID=10658
2014-11-24 11:36:49	info	GetInUseBusinessGroup
2014-11-24 11:36:49	info	SELECT bg.*,CallNum FROM BusinessGroup as bg Left Join CallDisplay as cd on bg.CDID=cd.CDID where bg.Status=0 AND bg.BGID IN ( SELECT BGID
                         FROM   dbo.UserGroupDataRigth ugd
                         WHERE  ugd.UserID =  10658) 
2014-11-24 11:37:43	info	GetEmployeeAgent
2014-11-24 11:37:43	info	SELECT  BusinessGroup.* ,
                                    EmployeeAgent.UserID
                                    FROM    EmployeeAgent
                                    INNER JOIN dbo.BusinessGroup ON EmployeeAgent.BGID = BusinessGroup.BGID 
                                    WHERE BusinessGroup.Status=0 AND EmployeeAgent.UserID=10658
2014-11-24 11:37:43	info	GetInUseBusinessGroup
2014-11-24 11:37:43	info	SELECT bg.*,CallNum FROM BusinessGroup as bg Left Join CallDisplay as cd on bg.CDID=cd.CDID where bg.Status=0 AND bg.BGID IN ( SELECT BGID
                         FROM   dbo.UserGroupDataRigth ugd
                         WHERE  ugd.UserID =  10658) 
2014-11-24 11:39:30	info	GetEmployeeAgent
2014-11-24 11:39:30	info	SELECT  BusinessGroup.* ,
                                    EmployeeAgent.UserID
                                    FROM    EmployeeAgent
                                    INNER JOIN dbo.BusinessGroup ON EmployeeAgent.BGID = BusinessGroup.BGID 
                                    WHERE BusinessGroup.Status=0 AND EmployeeAgent.UserID=10658
2014-11-24 11:39:30	info	GetInUseBusinessGroup
2014-11-24 11:39:30	info	SELECT bg.*,CallNum FROM BusinessGroup as bg Left Join CallDisplay as cd on bg.CDID=cd.CDID where bg.Status=0 AND bg.BGID IN ( SELECT BGID
                         FROM   dbo.UserGroupDataRigth ugd
                         WHERE  ugd.UserID =  10658) 
2014-11-24 11:52:59	info	GetEmployeeAgent
2014-11-24 11:52:59	info	SELECT  BusinessGroup.* ,
                                    EmployeeAgent.UserID
                                    FROM    EmployeeAgent
                                    INNER JOIN dbo.BusinessGroup ON EmployeeAgent.BGID = BusinessGroup.BGID 
                                    WHERE BusinessGroup.Status=0 AND EmployeeAgent.UserID=10658
2014-11-24 11:52:59	info	GetInUseBusinessGroup
2014-11-24 11:52:59	info	SELECT bg.*,CallNum FROM BusinessGroup as bg Left Join CallDisplay as cd on bg.CDID=cd.CDID where bg.Status=0 AND bg.BGID IN ( SELECT BGID
                         FROM   dbo.UserGroupDataRigth ugd
                         WHERE  ugd.UserID =  10658) 
2014-11-24 16:06:29	error	   在 System.Security.Cryptography.CryptographicException.ThrowCryptogaphicException(Int32 hr)
   在 System.Security.Cryptography.Utils._DecryptData(SafeKeyHandle hKey, Byte[] data, Int32 ib, Int32 cb, Byte[]& outputBuffer, Int32 outputOffset, PaddingMode PaddingMode, Boolean fDone)
   在 System.Security.Cryptography.CryptoAPITransform.TransformFinalBlock(Byte[] inputBuffer, Int32 inputOffset, Int32 inputCount)
   在 System.Security.Cryptography.CryptoStream.FlushFinalBlock()
   在 BitAuto.Utils.Security.DESEncryptor.Decrypt(String encryptedText, String decryptKey)
   在 BitAuto.YanFa.SysRightManager.Common.UserInfo.IsLogin()不正确的数据。

2014-11-24 16:06:29	error	   在 System.Security.Cryptography.CryptographicException.ThrowCryptogaphicException(Int32 hr)
   在 System.Security.Cryptography.Utils._DecryptData(SafeKeyHandle hKey, Byte[] data, Int32 ib, Int32 cb, Byte[]& outputBuffer, Int32 outputOffset, PaddingMode PaddingMode, Boolean fDone)
   在 System.Security.Cryptography.CryptoAPITransform.TransformFinalBlock(Byte[] inputBuffer, Int32 inputOffset, Int32 inputCount)
   在 System.Security.Cryptography.CryptoStream.FlushFinalBlock()
   在 BitAuto.Utils.Security.DESEncryptor.Decrypt(String encryptedText, String decryptKey)
   在 BitAuto.YanFa.SysRightManager.Common.UserInfo.IsLogin()不正确的数据。

2014-11-24 16:06:30	error	   在 System.Security.Cryptography.CryptographicException.ThrowCryptogaphicException(Int32 hr)
   在 System.Security.Cryptography.Utils._DecryptData(SafeKeyHandle hKey, Byte[] data, Int32 ib, Int32 cb, Byte[]& outputBuffer, Int32 outputOffset, PaddingMode PaddingMode, Boolean fDone)
   在 System.Security.Cryptography.CryptoAPITransform.TransformFinalBlock(Byte[] inputBuffer, Int32 inputOffset, Int32 inputCount)
   在 System.Security.Cryptography.CryptoStream.FlushFinalBlock()
   在 BitAuto.Utils.Security.DESEncryptor.Decrypt(String encryptedText, String decryptKey)
   在 BitAuto.YanFa.SysRightManager.Common.UserInfo.IsLogin()不正确的数据。

2014-11-24 16:06:33	error	   在 System.Security.Cryptography.CryptographicException.ThrowCryptogaphicException(Int32 hr)
   在 System.Security.Cryptography.Utils._DecryptData(SafeKeyHandle hKey, Byte[] data, Int32 ib, Int32 cb, Byte[]& outputBuffer, Int32 outputOffset, PaddingMode PaddingMode, Boolean fDone)
   在 System.Security.Cryptography.CryptoAPITransform.TransformFinalBlock(Byte[] inputBuffer, Int32 inputOffset, Int32 inputCount)
   在 System.Security.Cryptography.CryptoStream.FlushFinalBlock()
   在 BitAuto.Utils.Security.DESEncryptor.Decrypt(String encryptedText, String decryptKey)
   在 BitAuto.YanFa.SysRightManager.Common.UserInfo.IsLogin()不正确的数据。

