2014-06-28 15:06:56	error	未能找到文件“D:\TFS-Root\A5信息系统研发\销售业务管理平台\客户关系管理\BitAuto.ISDC.CC2012.Web\AreaManageConfig.xml”。   在 System.IO.__Error.WinIOError(Int32 errorCode, String maybeFullPath)
   在 System.IO.FileStream.Init(String path, FileMode mode, FileAccess access, Int32 rights, Boolean useRights, FileShare share, Int32 bufferSize, FileOptions options, SECURITY_ATTRIBUTES secAttrs, String msgPath, Boolean bFromProxy)
   在 System.IO.FileStream..ctor(String path, FileMode mode, FileAccess access, FileShare share, Int32 bufferSize)
   在 System.Xml.XmlDownloadManager.GetStream(Uri uri, ICredentials credentials)
   在 System.Xml.XmlUrlResolver.GetEntity(Uri absoluteUri, String role, Type ofObjectToReturn)
   在 System.Xml.XmlReader.Create(String inputUri, XmlReaderSettings settings, XmlParserContext inputContext)
   在 System.Xml.XmlReader.Create(String inputUri, XmlReaderSettings settings)
   在 BitAuto.YanFa.Crm2009.BLL.Util.ReadXmlDocument(String path) 位置 D:\TFS-Root\A5信息系统研发\销售业务管理平台\客户关系管理\BitAuto.YanFa.Crm2009.BLL\Util.cs:行号 3046
   在 BitAuto.YanFa.Crm2009.BLL.Util.GetAllNodeContentByFile[T,S](String path, String keyNm, String valueNm, String nodePath) 位置 D:\TFS-Root\A5信息系统研发\销售业务管理平台\客户关系管理\BitAuto.YanFa.Crm2009.BLL\Util.cs:行号 3028
   在 BitAuto.ISDC.CC2012.Web.AjaxServers.ZuoxiManage.AreaManageConfig.ReadFile(String area) 位置 D:\TFS-Root\A5信息系统研发\销售业务管理平台\客户关系管理\BitAuto.ISDC.CC2012.Web\AjaxServers\ZuoxiManage\AreaManageConfig.cs:行号 43
2014-06-28 15:06:56	error	未能找到文件“D:\TFS-Root\A5信息系统研发\销售业务管理平台\客户关系管理\BitAuto.ISDC.CC2012.Web\AreaManageConfig.xml”。   在 System.IO.__Error.WinIOError(Int32 errorCode, String maybeFullPath)
   在 System.IO.FileStream.Init(String path, FileMode mode, FileAccess access, Int32 rights, Boolean useRights, FileShare share, Int32 bufferSize, FileOptions options, SECURITY_ATTRIBUTES secAttrs, String msgPath, Boolean bFromProxy)
   在 System.IO.FileStream..ctor(String path, FileMode mode, FileAccess access, FileShare share, Int32 bufferSize)
   在 System.Xml.XmlDownloadManager.GetStream(Uri uri, ICredentials credentials)
   在 System.Xml.XmlUrlResolver.GetEntity(Uri absoluteUri, String role, Type ofObjectToReturn)
   在 System.Xml.XmlReader.Create(String inputUri, XmlReaderSettings settings, XmlParserContext inputContext)
   在 System.Xml.XmlReader.Create(String inputUri, XmlReaderSettings settings)
   在 BitAuto.YanFa.Crm2009.BLL.Util.ReadXmlDocument(String path) 位置 D:\TFS-Root\A5信息系统研发\销售业务管理平台\客户关系管理\BitAuto.YanFa.Crm2009.BLL\Util.cs:行号 3046
   在 BitAuto.YanFa.Crm2009.BLL.Util.GetAllNodeContentByFile[T,S](String path, String keyNm, String valueNm, String nodePath) 位置 D:\TFS-Root\A5信息系统研发\销售业务管理平台\客户关系管理\BitAuto.YanFa.Crm2009.BLL\Util.cs:行号 3028
   在 BitAuto.ISDC.CC2012.Web.AjaxServers.ZuoxiManage.AreaManageConfig.ReadFile(String area) 位置 D:\TFS-Root\A5信息系统研发\销售业务管理平台\客户关系管理\BitAuto.ISDC.CC2012.Web\AjaxServers\ZuoxiManage\AreaManageConfig.cs:行号 43
2014-06-28 15:07:00	error	未能找到文件“D:\TFS-Root\A5信息系统研发\销售业务管理平台\客户关系管理\BitAuto.ISDC.CC2012.Web\AreaManageConfig.xml”。   在 System.IO.__Error.WinIOError(Int32 errorCode, String maybeFullPath)
   在 System.IO.FileStream.Init(String path, FileMode mode, FileAccess access, Int32 rights, Boolean useRights, FileShare share, Int32 bufferSize, FileOptions options, SECURITY_ATTRIBUTES secAttrs, String msgPath, Boolean bFromProxy)
   在 System.IO.FileStream..ctor(String path, FileMode mode, FileAccess access, FileShare share, Int32 bufferSize)
   在 System.Xml.XmlDownloadManager.GetStream(Uri uri, ICredentials credentials)
   在 System.Xml.XmlUrlResolver.GetEntity(Uri absoluteUri, String role, Type ofObjectToReturn)
   在 System.Xml.XmlReader.Create(String inputUri, XmlReaderSettings settings, XmlParserContext inputContext)
   在 System.Xml.XmlReader.Create(String inputUri, XmlReaderSettings settings)
   在 BitAuto.YanFa.Crm2009.BLL.Util.ReadXmlDocument(String path) 位置 D:\TFS-Root\A5信息系统研发\销售业务管理平台\客户关系管理\BitAuto.YanFa.Crm2009.BLL\Util.cs:行号 3046
   在 BitAuto.YanFa.Crm2009.BLL.Util.GetAllNodeContentByFile[T,S](String path, String keyNm, String valueNm, String nodePath) 位置 D:\TFS-Root\A5信息系统研发\销售业务管理平台\客户关系管理\BitAuto.YanFa.Crm2009.BLL\Util.cs:行号 3028
   在 BitAuto.ISDC.CC2012.Web.AjaxServers.ZuoxiManage.AreaManageConfig.ReadFile(String area) 位置 D:\TFS-Root\A5信息系统研发\销售业务管理平台\客户关系管理\BitAuto.ISDC.CC2012.Web\AjaxServers\ZuoxiManage\AreaManageConfig.cs:行号 43
2014-06-28 15:07:00	error	未能找到文件“D:\TFS-Root\A5信息系统研发\销售业务管理平台\客户关系管理\BitAuto.ISDC.CC2012.Web\AreaManageConfig.xml”。   在 System.IO.__Error.WinIOError(Int32 errorCode, String maybeFullPath)
   在 System.IO.FileStream.Init(String path, FileMode mode, FileAccess access, Int32 rights, Boolean useRights, FileShare share, Int32 bufferSize, FileOptions options, SECURITY_ATTRIBUTES secAttrs, String msgPath, Boolean bFromProxy)
   在 System.IO.FileStream..ctor(String path, FileMode mode, FileAccess access, FileShare share, Int32 bufferSize)
   在 System.Xml.XmlDownloadManager.GetStream(Uri uri, ICredentials credentials)
   在 System.Xml.XmlUrlResolver.GetEntity(Uri absoluteUri, String role, Type ofObjectToReturn)
   在 System.Xml.XmlReader.Create(String inputUri, XmlReaderSettings settings, XmlParserContext inputContext)
   在 System.Xml.XmlReader.Create(String inputUri, XmlReaderSettings settings)
   在 BitAuto.YanFa.Crm2009.BLL.Util.ReadXmlDocument(String path) 位置 D:\TFS-Root\A5信息系统研发\销售业务管理平台\客户关系管理\BitAuto.YanFa.Crm2009.BLL\Util.cs:行号 3046
   在 BitAuto.YanFa.Crm2009.BLL.Util.GetAllNodeContentByFile[T,S](String path, String keyNm, String valueNm, String nodePath) 位置 D:\TFS-Root\A5信息系统研发\销售业务管理平台\客户关系管理\BitAuto.YanFa.Crm2009.BLL\Util.cs:行号 3028
   在 BitAuto.ISDC.CC2012.Web.AjaxServers.ZuoxiManage.AreaManageConfig.ReadFile(String area) 位置 D:\TFS-Root\A5信息系统研发\销售业务管理平台\客户关系管理\BitAuto.ISDC.CC2012.Web\AjaxServers\ZuoxiManage\AreaManageConfig.cs:行号 43
2014-06-28 15:07:01	error	未能找到文件“D:\TFS-Root\A5信息系统研发\销售业务管理平台\客户关系管理\BitAuto.ISDC.CC2012.Web\AreaManageConfig.xml”。   在 System.IO.__Error.WinIOError(Int32 errorCode, String maybeFullPath)
   在 System.IO.FileStream.Init(String path, FileMode mode, FileAccess access, Int32 rights, Boolean useRights, FileShare share, Int32 bufferSize, FileOptions options, SECURITY_ATTRIBUTES secAttrs, String msgPath, Boolean bFromProxy)
   在 System.IO.FileStream..ctor(String path, FileMode mode, FileAccess access, FileShare share, Int32 bufferSize)
   在 System.Xml.XmlDownloadManager.GetStream(Uri uri, ICredentials credentials)
   在 System.Xml.XmlUrlResolver.GetEntity(Uri absoluteUri, String role, Type ofObjectToReturn)
   在 System.Xml.XmlReader.Create(String inputUri, XmlReaderSettings settings, XmlParserContext inputContext)
   在 System.Xml.XmlReader.Create(String inputUri, XmlReaderSettings settings)
   在 BitAuto.YanFa.Crm2009.BLL.Util.ReadXmlDocument(String path) 位置 D:\TFS-Root\A5信息系统研发\销售业务管理平台\客户关系管理\BitAuto.YanFa.Crm2009.BLL\Util.cs:行号 3046
   在 BitAuto.YanFa.Crm2009.BLL.Util.GetAllNodeContentByFile[T,S](String path, String keyNm, String valueNm, String nodePath) 位置 D:\TFS-Root\A5信息系统研发\销售业务管理平台\客户关系管理\BitAuto.YanFa.Crm2009.BLL\Util.cs:行号 3028
   在 BitAuto.ISDC.CC2012.Web.AjaxServers.ZuoxiManage.AreaManageConfig.ReadFile(String area) 位置 D:\TFS-Root\A5信息系统研发\销售业务管理平台\客户关系管理\BitAuto.ISDC.CC2012.Web\AjaxServers\ZuoxiManage\AreaManageConfig.cs:行号 43
2014-06-28 15:07:01	error	未能找到文件“D:\TFS-Root\A5信息系统研发\销售业务管理平台\客户关系管理\BitAuto.ISDC.CC2012.Web\AreaManageConfig.xml”。   在 System.IO.__Error.WinIOError(Int32 errorCode, String maybeFullPath)
   在 System.IO.FileStream.Init(String path, FileMode mode, FileAccess access, Int32 rights, Boolean useRights, FileShare share, Int32 bufferSize, FileOptions options, SECURITY_ATTRIBUTES secAttrs, String msgPath, Boolean bFromProxy)
   在 System.IO.FileStream..ctor(String path, FileMode mode, FileAccess access, FileShare share, Int32 bufferSize)
   在 System.Xml.XmlDownloadManager.GetStream(Uri uri, ICredentials credentials)
   在 System.Xml.XmlUrlResolver.GetEntity(Uri absoluteUri, String role, Type ofObjectToReturn)
   在 System.Xml.XmlReader.Create(String inputUri, XmlReaderSettings settings, XmlParserContext inputContext)
   在 System.Xml.XmlReader.Create(String inputUri, XmlReaderSettings settings)
   在 BitAuto.YanFa.Crm2009.BLL.Util.ReadXmlDocument(String path) 位置 D:\TFS-Root\A5信息系统研发\销售业务管理平台\客户关系管理\BitAuto.YanFa.Crm2009.BLL\Util.cs:行号 3046
   在 BitAuto.YanFa.Crm2009.BLL.Util.GetAllNodeContentByFile[T,S](String path, String keyNm, String valueNm, String nodePath) 位置 D:\TFS-Root\A5信息系统研发\销售业务管理平台\客户关系管理\BitAuto.YanFa.Crm2009.BLL\Util.cs:行号 3028
   在 BitAuto.ISDC.CC2012.Web.AjaxServers.ZuoxiManage.AreaManageConfig.ReadFile(String area) 位置 D:\TFS-Root\A5信息系统研发\销售业务管理平台\客户关系管理\BitAuto.ISDC.CC2012.Web\AjaxServers\ZuoxiManage\AreaManageConfig.cs:行号 43
2014-06-28 15:07:35	error	未能找到文件“D:\TFS-Root\A5信息系统研发\销售业务管理平台\客户关系管理\BitAuto.ISDC.CC2012.Web\AreaManageConfig.xml”。   在 System.IO.__Error.WinIOError(Int32 errorCode, String maybeFullPath)
   在 System.IO.FileStream.Init(String path, FileMode mode, FileAccess access, Int32 rights, Boolean useRights, FileShare share, Int32 bufferSize, FileOptions options, SECURITY_ATTRIBUTES secAttrs, String msgPath, Boolean bFromProxy)
   在 System.IO.FileStream..ctor(String path, FileMode mode, FileAccess access, FileShare share, Int32 bufferSize)
   在 System.Xml.XmlDownloadManager.GetStream(Uri uri, ICredentials credentials)
   在 System.Xml.XmlUrlResolver.GetEntity(Uri absoluteUri, String role, Type ofObjectToReturn)
   在 System.Xml.XmlReader.Create(String inputUri, XmlReaderSettings settings, XmlParserContext inputContext)
   在 System.Xml.XmlReader.Create(String inputUri, XmlReaderSettings settings)
   在 BitAuto.YanFa.Crm2009.BLL.Util.ReadXmlDocument(String path) 位置 D:\TFS-Root\A5信息系统研发\销售业务管理平台\客户关系管理\BitAuto.YanFa.Crm2009.BLL\Util.cs:行号 3046
   在 BitAuto.YanFa.Crm2009.BLL.Util.GetAllNodeContentByFile[T,S](String path, String keyNm, String valueNm, String nodePath) 位置 D:\TFS-Root\A5信息系统研发\销售业务管理平台\客户关系管理\BitAuto.YanFa.Crm2009.BLL\Util.cs:行号 3028
   在 BitAuto.ISDC.CC2012.Web.AjaxServers.ZuoxiManage.AreaManageConfig.ReadFile(String area) 位置 D:\TFS-Root\A5信息系统研发\销售业务管理平台\客户关系管理\BitAuto.ISDC.CC2012.Web\AjaxServers\ZuoxiManage\AreaManageConfig.cs:行号 43
2014-06-28 15:07:35	error	未能找到文件“D:\TFS-Root\A5信息系统研发\销售业务管理平台\客户关系管理\BitAuto.ISDC.CC2012.Web\AreaManageConfig.xml”。   在 System.IO.__Error.WinIOError(Int32 errorCode, String maybeFullPath)
   在 System.IO.FileStream.Init(String path, FileMode mode, FileAccess access, Int32 rights, Boolean useRights, FileShare share, Int32 bufferSize, FileOptions options, SECURITY_ATTRIBUTES secAttrs, String msgPath, Boolean bFromProxy)
   在 System.IO.FileStream..ctor(String path, FileMode mode, FileAccess access, FileShare share, Int32 bufferSize)
   在 System.Xml.XmlDownloadManager.GetStream(Uri uri, ICredentials credentials)
   在 System.Xml.XmlUrlResolver.GetEntity(Uri absoluteUri, String role, Type ofObjectToReturn)
   在 System.Xml.XmlReader.Create(String inputUri, XmlReaderSettings settings, XmlParserContext inputContext)
   在 System.Xml.XmlReader.Create(String inputUri, XmlReaderSettings settings)
   在 BitAuto.YanFa.Crm2009.BLL.Util.ReadXmlDocument(String path) 位置 D:\TFS-Root\A5信息系统研发\销售业务管理平台\客户关系管理\BitAuto.YanFa.Crm2009.BLL\Util.cs:行号 3046
   在 BitAuto.YanFa.Crm2009.BLL.Util.GetAllNodeContentByFile[T,S](String path, String keyNm, String valueNm, String nodePath) 位置 D:\TFS-Root\A5信息系统研发\销售业务管理平台\客户关系管理\BitAuto.YanFa.Crm2009.BLL\Util.cs:行号 3028
   在 BitAuto.ISDC.CC2012.Web.AjaxServers.ZuoxiManage.AreaManageConfig.ReadFile(String area) 位置 D:\TFS-Root\A5信息系统研发\销售业务管理平台\客户关系管理\BitAuto.ISDC.CC2012.Web\AjaxServers\ZuoxiManage\AreaManageConfig.cs:行号 43
2014-06-28 15:07:52	error	未能找到文件“D:\TFS-Root\A5信息系统研发\销售业务管理平台\客户关系管理\BitAuto.ISDC.CC2012.Web\AreaManageConfig.xml”。   在 System.IO.__Error.WinIOError(Int32 errorCode, String maybeFullPath)
   在 System.IO.FileStream.Init(String path, FileMode mode, FileAccess access, Int32 rights, Boolean useRights, FileShare share, Int32 bufferSize, FileOptions options, SECURITY_ATTRIBUTES secAttrs, String msgPath, Boolean bFromProxy)
   在 System.IO.FileStream..ctor(String path, FileMode mode, FileAccess access, FileShare share, Int32 bufferSize)
   在 System.Xml.XmlDownloadManager.GetStream(Uri uri, ICredentials credentials)
   在 System.Xml.XmlUrlResolver.GetEntity(Uri absoluteUri, String role, Type ofObjectToReturn)
   在 System.Xml.XmlReader.Create(String inputUri, XmlReaderSettings settings, XmlParserContext inputContext)
   在 System.Xml.XmlReader.Create(String inputUri, XmlReaderSettings settings)
   在 BitAuto.YanFa.Crm2009.BLL.Util.ReadXmlDocument(String path) 位置 D:\TFS-Root\A5信息系统研发\销售业务管理平台\客户关系管理\BitAuto.YanFa.Crm2009.BLL\Util.cs:行号 3046
   在 BitAuto.YanFa.Crm2009.BLL.Util.GetAllNodeContentByFile[T,S](String path, String keyNm, String valueNm, String nodePath) 位置 D:\TFS-Root\A5信息系统研发\销售业务管理平台\客户关系管理\BitAuto.YanFa.Crm2009.BLL\Util.cs:行号 3028
   在 BitAuto.ISDC.CC2012.Web.AjaxServers.ZuoxiManage.AreaManageConfig.ReadFile(String area) 位置 D:\TFS-Root\A5信息系统研发\销售业务管理平台\客户关系管理\BitAuto.ISDC.CC2012.Web\AjaxServers\ZuoxiManage\AreaManageConfig.cs:行号 43
2014-06-28 17:24:59	error	   在 System.Security.Cryptography.CryptographicException.ThrowCryptogaphicException(Int32 hr)
   在 System.Security.Cryptography.Utils._DecryptData(SafeKeyHandle hKey, Byte[] data, Int32 ib, Int32 cb, Byte[]& outputBuffer, Int32 outputOffset, PaddingMode PaddingMode, Boolean fDone)
   在 System.Security.Cryptography.CryptoAPITransform.TransformFinalBlock(Byte[] inputBuffer, Int32 inputOffset, Int32 inputCount)
   在 System.Security.Cryptography.CryptoStream.FlushFinalBlock()
   在 BitAuto.Utils.Security.DESEncryptor.Decrypt(String encryptedText, String decryptKey)
   在 BitAuto.YanFa.SysRightManager.Common.UserInfo.IsLogin()不正确的数据。

2014-06-28 17:28:08	error	   在 System.Security.Cryptography.CryptographicException.ThrowCryptogaphicException(Int32 hr)
   在 System.Security.Cryptography.Utils._DecryptData(SafeKeyHandle hKey, Byte[] data, Int32 ib, Int32 cb, Byte[]& outputBuffer, Int32 outputOffset, PaddingMode PaddingMode, Boolean fDone)
   在 System.Security.Cryptography.CryptoAPITransform.TransformFinalBlock(Byte[] inputBuffer, Int32 inputOffset, Int32 inputCount)
   在 System.Security.Cryptography.CryptoStream.FlushFinalBlock()
   在 BitAuto.Utils.Security.DESEncryptor.Decrypt(String encryptedText, String decryptKey)
   在 BitAuto.YanFa.SysRightManager.Common.UserInfo.IsLogin()不正确的数据。

