2015-12-07 11:06:48	info	查询北京自动外呼项目表（933050）,查询结果：0 压缩：0.018 MB
2015-12-07 11:06:48	info	查询北京自动外呼任务表（933049）,查询结果：0 压缩：0.018 MB
2015-12-07 11:06:48	info	获取统计表最大时间戳：7808
2015-12-07 11:06:48	info	获取明细表最大时间戳：7807
2015-12-07 11:07:48	info	查询北京自动外呼项目表（933050）,查询结果：0 压缩：0.018 MB
2015-12-07 11:07:48	info	查询北京自动外呼任务表（933049）,查询结果：0 压缩：0.018 MB
2015-12-07 11:08:49	info	查询北京自动外呼项目表（933050）,查询结果：0 压缩：0.018 MB
2015-12-07 11:08:49	info	查询北京自动外呼任务表（933049）,查询结果：0 压缩：0.018 MB
2015-12-07 11:09:34	info	调用接口UpdateCallRecordORIGByHolly == 工作方式： 同步未接
2015-12-07 11:09:34	info	传入数据量：5000
2015-12-07 11:09:34	info	BulkCopyToDB：
2015-12-07 11:09:34	info	清除重复数据：0
2015-12-07 11:09:35	info	未接来电数据批量插入留言表（来源：1 留言 2未接来电）0
2015-12-07 11:09:35	info	操作结果：5000 
2015-12-07 11:09:36	info	调用接口UpdateCallRecordORIGByHolly == 工作方式： 同步未接
2015-12-07 11:09:36	info	传入数据量：5000
2015-12-07 11:09:36	info	BulkCopyToDB：
2015-12-07 11:09:36	info	清除重复数据：0
2015-12-07 11:09:36	info	未接来电数据批量插入留言表（来源：1 留言 2未接来电）0
2015-12-07 11:09:36	info	操作结果：5000 
2015-12-07 11:09:37	info	调用接口UpdateCallRecordORIGByHolly == 工作方式： 同步未接
2015-12-07 11:09:37	info	传入数据量：5000
2015-12-07 11:09:38	info	BulkCopyToDB：
2015-12-07 11:09:38	info	清除重复数据：0
2015-12-07 11:09:38	info	未接来电数据批量插入留言表（来源：1 留言 2未接来电）0
2015-12-07 11:09:38	info	操作结果：5000 
2015-12-07 11:09:39	info	调用接口UpdateCallRecordORIGByHolly == 工作方式： 同步未接
2015-12-07 11:09:39	info	传入数据量：5000
2015-12-07 11:09:39	info	BulkCopyToDB：
2015-12-07 11:09:39	info	清除重复数据：0
2015-12-07 11:09:40	info	未接来电数据批量插入留言表（来源：1 留言 2未接来电）0
2015-12-07 11:09:40	info	操作结果：5000 
2015-12-07 11:09:41	info	调用接口UpdateCallRecordORIGByHolly == 工作方式： 同步未接
2015-12-07 11:09:41	info	传入数据量：5000
2015-12-07 11:09:41	info	BulkCopyToDB：
2015-12-07 11:09:41	info	清除重复数据：0
2015-12-07 11:09:41	info	未接来电数据批量插入留言表（来源：1 留言 2未接来电）0
2015-12-07 11:09:41	info	操作结果：5000 
2015-12-07 11:09:42	info	调用接口UpdateCallRecordORIGByHolly == 工作方式： 同步未接
2015-12-07 11:09:42	info	传入数据量：5000
2015-12-07 11:09:42	info	BulkCopyToDB：
2015-12-07 11:09:42	info	清除重复数据：0
2015-12-07 11:09:42	info	未接来电数据批量插入留言表（来源：1 留言 2未接来电）0
2015-12-07 11:09:42	info	操作结果：5000 
2015-12-07 11:09:43	info	调用接口UpdateCallRecordORIGByHolly == 工作方式： 同步未接
2015-12-07 11:09:43	info	传入数据量：5000
2015-12-07 11:09:43	info	BulkCopyToDB：
2015-12-07 11:09:43	info	清除重复数据：0
2015-12-07 11:09:44	info	未接来电数据批量插入留言表（来源：1 留言 2未接来电）0
2015-12-07 11:09:44	info	操作结果：5000 
2015-12-07 11:09:44	info	调用接口UpdateCallRecordORIGByHolly == 工作方式： 同步未接
2015-12-07 11:09:44	info	传入数据量：5000
2015-12-07 11:09:45	info	BulkCopyToDB：
2015-12-07 11:09:45	info	清除重复数据：0
2015-12-07 11:09:45	info	未接来电数据批量插入留言表（来源：1 留言 2未接来电）0
2015-12-07 11:09:45	info	操作结果：5000 
2015-12-07 11:09:46	info	调用接口UpdateCallRecordORIGByHolly == 工作方式： 同步未接
2015-12-07 11:09:46	info	传入数据量：5000
2015-12-07 11:09:46	info	BulkCopyToDB：
2015-12-07 11:09:46	info	清除重复数据：0
2015-12-07 11:09:46	info	未接来电数据批量插入留言表（来源：1 留言 2未接来电）0
2015-12-07 11:09:46	info	操作结果：5000 
2015-12-07 11:09:47	info	调用接口UpdateCallRecordORIGByHolly == 工作方式： 同步未接
2015-12-07 11:09:47	info	传入数据量：5000
2015-12-07 11:09:47	info	BulkCopyToDB：
2015-12-07 11:09:47	info	清除重复数据：0
2015-12-07 11:09:48	info	未接来电数据批量插入留言表（来源：1 留言 2未接来电）0
2015-12-07 11:09:48	info	操作结果：5000 
2015-12-07 11:09:48	info	调用接口UpdateCallRecordORIGByHolly == 工作方式： 同步未接
2015-12-07 11:09:48	info	传入数据量：5000
2015-12-07 11:09:49	info	查询北京自动外呼项目表（933050）,查询结果：0 压缩：0.018 MB
2015-12-07 11:09:49	info	查询北京自动外呼任务表（933049）,查询结果：0 压缩：0.018 MB
2015-12-07 11:09:49	info	BulkCopyToDB：
2015-12-07 11:09:49	info	清除重复数据：0
2015-12-07 11:09:49	info	未接来电数据批量插入留言表（来源：1 留言 2未接来电）0
2015-12-07 11:09:49	info	操作结果：5000 
2015-12-07 11:09:50	info	调用接口UpdateCallRecordORIGByHolly == 工作方式： 同步未接
2015-12-07 11:09:50	info	传入数据量：5000
2015-12-07 11:09:50	info	BulkCopyToDB：
2015-12-07 11:09:50	info	清除重复数据：0
2015-12-07 11:09:50	info	未接来电数据批量插入留言表（来源：1 留言 2未接来电）0
2015-12-07 11:09:50	info	操作结果：5000 
2015-12-07 11:09:51	info	调用接口UpdateCallRecordORIGByHolly == 工作方式： 同步未接
2015-12-07 11:09:51	info	传入数据量：5000
2015-12-07 11:09:51	info	BulkCopyToDB：
2015-12-07 11:09:51	info	清除重复数据：0
2015-12-07 11:09:51	info	未接来电数据批量插入留言表（来源：1 留言 2未接来电）0
2015-12-07 11:09:51	info	操作结果：5000 
2015-12-07 11:09:52	info	调用接口UpdateCallRecordORIGByHolly == 工作方式： 同步未接
2015-12-07 11:09:52	info	传入数据量：5000
2015-12-07 11:09:52	info	BulkCopyToDB：
2015-12-07 11:09:52	info	清除重复数据：0
2015-12-07 11:09:53	info	未接来电数据批量插入留言表（来源：1 留言 2未接来电）0
2015-12-07 11:09:53	info	操作结果：5000 
2015-12-07 11:09:53	info	调用接口UpdateCallRecordORIGByHolly == 工作方式： 同步未接
2015-12-07 11:09:53	info	传入数据量：5000
2015-12-07 11:09:54	info	BulkCopyToDB：
2015-12-07 11:09:54	info	清除重复数据：0
2015-12-07 11:09:54	info	未接来电数据批量插入留言表（来源：1 留言 2未接来电）0
2015-12-07 11:09:54	info	操作结果：5000 
2015-12-07 11:09:54	info	调用接口UpdateCallRecordORIGByHolly == 工作方式： 同步未接
2015-12-07 11:09:55	info	传入数据量：5000
2015-12-07 11:09:55	info	BulkCopyToDB：
2015-12-07 11:09:55	info	清除重复数据：0
2015-12-07 11:09:55	info	未接来电数据批量插入留言表（来源：1 留言 2未接来电）0
2015-12-07 11:09:55	info	操作结果：5000 
2015-12-07 11:09:56	info	调用接口UpdateCallRecordORIGByHolly == 工作方式： 同步未接
2015-12-07 11:09:56	info	传入数据量：5000
2015-12-07 11:09:56	info	BulkCopyToDB：
2015-12-07 11:09:56	info	清除重复数据：0
2015-12-07 11:09:56	info	未接来电数据批量插入留言表（来源：1 留言 2未接来电）0
2015-12-07 11:09:56	info	操作结果：5000 
2015-12-07 11:09:57	info	调用接口UpdateCallRecordORIGByHolly == 工作方式： 同步未接
2015-12-07 11:09:57	info	传入数据量：5000
2015-12-07 11:09:57	info	BulkCopyToDB：
2015-12-07 11:09:57	info	清除重复数据：0
2015-12-07 11:09:58	info	未接来电数据批量插入留言表（来源：1 留言 2未接来电）0
2015-12-07 11:09:58	info	操作结果：5000 
2015-12-07 11:09:58	info	调用接口UpdateCallRecordORIGByHolly == 工作方式： 同步未接
2015-12-07 11:09:58	info	传入数据量：5000
2015-12-07 11:09:59	info	BulkCopyToDB：
2015-12-07 11:09:59	info	清除重复数据：0
2015-12-07 11:09:59	info	未接来电数据批量插入留言表（来源：1 留言 2未接来电）0
2015-12-07 11:09:59	info	操作结果：5000 
2015-12-07 11:10:00	info	调用接口UpdateCallRecordORIGByHolly == 工作方式： 同步未接
2015-12-07 11:10:00	info	传入数据量：5000
2015-12-07 11:10:00	info	BulkCopyToDB：
2015-12-07 11:10:00	info	清除重复数据：0
2015-12-07 11:10:01	info	未接来电数据批量插入留言表（来源：1 留言 2未接来电）156
2015-12-07 11:10:01	info	操作结果：5000 
2015-12-07 11:10:02	info	调用接口UpdateCallRecordORIGByHolly == 工作方式： 同步未接
2015-12-07 11:10:02	info	传入数据量：5000
2015-12-07 11:10:02	info	BulkCopyToDB：
2015-12-07 11:10:02	info	清除重复数据：0
2015-12-07 11:10:02	info	未接来电数据批量插入留言表（来源：1 留言 2未接来电）0
2015-12-07 11:10:02	info	操作结果：5000 
2015-12-07 11:10:03	info	调用接口UpdateCallRecordORIGByHolly == 工作方式： 同步未接
2015-12-07 11:10:03	info	传入数据量：5000
2015-12-07 11:10:04	info	BulkCopyToDB：
2015-12-07 11:10:04	info	清除重复数据：0
2015-12-07 11:10:04	info	未接来电数据批量插入留言表（来源：1 留言 2未接来电）0
2015-12-07 11:10:04	info	操作结果：5000 
2015-12-07 11:10:04	info	调用接口UpdateCallRecordORIGByHolly == 工作方式： 同步未接
2015-12-07 11:10:04	info	传入数据量：1686
2015-12-07 11:10:05	info	BulkCopyToDB：
2015-12-07 11:10:05	info	清除重复数据：0
2015-12-07 11:10:05	info	未接来电数据批量插入留言表（来源：1 留言 2未接来电）0
2015-12-07 11:10:05	info	操作结果：1686 
2015-12-07 11:10:07	info	调用接口GetSynBlackWhiteData_Insert
2015-12-07 11:10:07	info	调用接口GetSynBlackWhiteData_Update
2015-12-07 11:10:07	info	调用接口GetAllCallDisplay
2015-12-07 11:10:49	info	查询北京自动外呼项目表（933050）,查询结果：0 压缩：0.018 MB
2015-12-07 11:10:49	info	查询北京自动外呼任务表（933049）,查询结果：0 压缩：0.018 MB
2015-12-07 11:11:07	error	用户Cookies异常：System.Web.HttpCookie
2015-12-07 11:11:49	info	查询北京自动外呼项目表（933050）,查询结果：0 压缩：0.018 MB
2015-12-07 11:11:49	info	查询北京自动外呼任务表（933049）,查询结果：0 压缩：0.018 MB
2015-12-07 11:11:49	info	获取统计表最大时间戳：7808
2015-12-07 11:11:49	info	获取明细表最大时间戳：7807
2015-12-07 11:12:49	info	查询北京自动外呼项目表（933050）,查询结果：0 压缩：0.018 MB
2015-12-07 11:12:49	info	查询北京自动外呼任务表（933049）,查询结果：0 压缩：0.018 MB
2015-12-07 11:13:49	info	查询北京自动外呼项目表（933050）,查询结果：0 压缩：0.018 MB
2015-12-07 11:13:49	info	查询北京自动外呼任务表（933049）,查询结果：0 压缩：0.018 MB
2015-12-07 11:14:51	info	查询北京自动外呼项目表（933050）,查询结果：0 压缩：0.018 MB
2015-12-07 11:14:51	info	查询北京自动外呼任务表（933049）,查询结果：0 压缩：0.018 MB
2015-12-07 11:16:01	info	查询北京自动外呼项目表（933050）,查询结果：0 压缩：0.018 MB
2015-12-07 11:16:01	info	查询北京自动外呼任务表（933049）,查询结果：0 压缩：0.018 MB
2015-12-07 11:17:08	info	查询北京自动外呼项目表（933050）,查询结果：0 压缩：0.018 MB
2015-12-07 11:17:08	info	查询北京自动外呼任务表（933049）,查询结果：0 压缩：0.018 MB
2015-12-07 11:17:08	info	获取统计表最大时间戳：7808
2015-12-07 11:17:08	info	获取明细表最大时间戳：7807
