2015-02-02 15:29:42	info	GetEmployeeAgent
2015-02-02 15:29:42	info	SELECT  BusinessGroup.* ,
                                    EmployeeAgent.UserID
                                    FROM    EmployeeAgent
                                    INNER JOIN dbo.BusinessGroup ON EmployeeAgent.BGID = BusinessGroup.BGID 
                                    WHERE BusinessGroup.Status=0 AND EmployeeAgent.UserID=10658
2015-02-02 15:29:42	info	GetInUseBusinessGroup
2015-02-02 15:29:42	info	SELECT bg.*,CallNum FROM BusinessGroup as bg Left Join CallDisplay as cd on bg.CDID=cd.CDID where bg.Status=0 AND bg.BGID IN ( SELECT BGID
                         FROM   dbo.UserGroupDataRigth ugd
                         WHERE  ugd.UserID =  10658) 
2015-02-02 15:35:41	info	GetEmployeeAgent
2015-02-02 15:35:41	info	SELECT  BusinessGroup.* ,
                                    EmployeeAgent.UserID
                                    FROM    EmployeeAgent
                                    INNER JOIN dbo.BusinessGroup ON EmployeeAgent.BGID = BusinessGroup.BGID 
                                    WHERE BusinessGroup.Status=0 AND EmployeeAgent.UserID=10658
2015-02-02 15:35:41	info	GetInUseBusinessGroup
2015-02-02 15:35:41	info	SELECT bg.*,CallNum FROM BusinessGroup as bg Left Join CallDisplay as cd on bg.CDID=cd.CDID where bg.Status=0 AND bg.BGID IN ( SELECT BGID
                         FROM   dbo.UserGroupDataRigth ugd
                         WHERE  ugd.UserID =  10658) 
