2016-03-22 10:54:17	error	用户Cookies异常：System.Web.HttpCookie
2016-03-22 10:56:49	error	用户Cookies异常：System.Web.HttpCookie
2016-03-22 10:57:03	WebLog	RequestURL:ncc.sys1.bitauto.com/CRMStopCust/List.aspx|Para:|LoadTime:4723|TrueName:马双君
2016-03-22 10:57:43	WebLog	RequestURL:ncc.sys1.bitauto.com/OtherTask/OtherTaskList.aspx|Para:|LoadTime:2482|TrueName:马双君
2016-03-22 10:57:56	AjaxLog	RequestURL:ncc.sys1.bitauto.com/AjaxServers/OtherTask/OtherTaskList.aspx|Para:?PTID=&projectName=&status=2&group=&category=&creater=&oper=&beginTime=2015-12-23&endTime=2016-03-22&Agent=-2&pageSize=&CustID=&CustName=&r=0.778325475708189|LoadTime:9385|TrueName:马双君
2016-03-22 10:58:51	AjaxLog	RequestURL:ncc.sys1.bitauto.com/AjaxServers/OtherTask/OtherTaskList.aspx|Para:?PTID=&projectName=&status=-1&group=&category=&creater=&oper=&beginTime=2015-12-23&endTime=2016-03-22&Agent=-2&pageSize=&CustID=&CustName=&r=0.5218033152188709|LoadTime:2094|TrueName:马双君
2016-03-22 11:10:29	WebLog	RequestURL:ncc.sys1.bitauto.com/OtherTask/OtherTaskDeal.aspx|Para:?OtherTaskID=OTH0283693&r=0.0392941032925298|LoadTime:3759|TrueName:马双君
2016-03-22 11:11:04	WebLog	RequestURL:ncc.sys1.bitauto.com/OtherTask/OtherTaskDeal.aspx|Para:?OtherTaskID=OTH0283693&r=0.0392941032925298|LoadTime:2058|TrueName:马双君
2016-03-22 11:13:23	WebLog	RequestURL:ncc.sys1.bitauto.com/OtherTask/OtherTaskDeal.aspx|Para:?OtherTaskID=OTH0283693&r=0.0392941032925298|LoadTime:3802|TrueName:马双君
2016-03-22 11:13:46	WebLog	RequestURL:ncc.sys1.bitauto.com/OtherTask/OtherTaskDeal.aspx|Para:?OtherTaskID=OTH0283693&r=0.0392941032925298|LoadTime:4339|TrueName:马双君
2016-03-22 11:27:08	error	用户Cookies异常：System.Web.HttpCookie
2016-03-22 11:27:23	error	用户Cookies异常：System.Web.HttpCookie
2016-03-22 11:27:39	WebLog	RequestURL:ncc.sys1.bitauto.com/CustBaseInfo/List.aspx|Para:|LoadTime:5015|TrueName:马双君
2016-03-22 11:29:16	WebLog	RequestURL:ncc.sys1.bitauto.com/CustBaseInfo/AddCustBaseInfo.aspx|Para:|LoadTime:6513|TrueName:马双君
2016-03-22 11:29:27	WebLog	RequestURL:ncc.sys1.bitauto.com/CustBaseInfo/AddCustBaseInfo.aspx|Para:|LoadTime:4654|TrueName:马双君
2016-03-22 11:29:39	WebLog	RequestURL:ncc.sys1.bitauto.com/CustBaseInfo/AddCustBaseInfo.aspx|Para:|LoadTime:3445|TrueName:马双君
2016-03-22 11:29:54	WebLog	RequestURL:ncc.sys1.bitauto.com/CustBaseInfo/AddCustBaseInfo.aspx|Para:|LoadTime:3804|TrueName:马双君
2016-03-22 11:31:39	WebLog	RequestURL:ncc.sys1.bitauto.com/CRMStopCust/List.aspx|Para:|LoadTime:1471|TrueName:马双君
2016-03-22 11:36:08	AjaxLog	RequestURL:ncc.sys1.bitauto.com/AjaxServers/CustBaseInfo/List.aspx|Para:?CustName=&Sexs=&CallTime=-1&CustTel=&DealerName=&BeginTime=&EndTime=&ProvinceID=-1&CityID=-1&CountyID=-1&AreaIDs=&DataSources=&CityScopes=&CustCategorys=&AgentNum=&R=0.5810170675495984|LoadTime:419|TrueName:马双君
2016-03-22 11:37:55	WebLog	RequestURL:ncc.sys1.bitauto.com/CustBaseInfo/EditCustBaseInfo.aspx|Para:?CustID=CB145579456718823|LoadTime:2599|TrueName:马双君
2016-03-22 11:39:18	WebLog	RequestURL:ncc.sys1.bitauto.com/CustBaseInfo/EditCustBaseInfo.aspx|Para:?From=CTI&IsClientOpen=1&BeginRingTime=2016-03-22%2011:39:16&CalledNum=01068492026&DataSource=5&CallType=1&CustID=CB145581089895987|LoadTime:781|TrueName:马双君
2016-03-22 11:40:11	WebLog	RequestURL:ncc.sys1.bitauto.com/CustBaseInfo/EditCustBaseInfo.aspx|Para:?From=CTI&IsClientOpen=1&BeginRingTime=2016-03-22%2011:39:16&CalledNum=01068492026&DataSource=5&CallType=1&CustID=CB145581089895987|LoadTime:3529|TrueName:马双君
2016-03-22 11:40:28	WebLog	RequestURL:ncc.sys1.bitauto.com/CustBaseInfo/EditCustBaseInfo.aspx|Para:?From=CTI&IsClientOpen=1&BeginRingTime=2016-03-22%2011:39:16&CalledNum=01068492026&DataSource=5&CallType=1&CustID=CB145581089895987|LoadTime:5899|TrueName:马双君
2016-03-22 13:14:42	error	用户Cookies异常：System.Web.HttpCookie
2016-03-22 13:14:46	error	用户Cookies异常：System.Web.HttpCookie
2016-03-22 13:15:03	WebLog	RequestURL:ncc.sys1.bitauto.com/CustBaseInfo/EditCustBaseInfo.aspx|Para:?From=CTI&IsClientOpen=1&BeginRingTime=2016-03-22%2011:39:16&CalledNum=01068492026&DataSource=5&CallType=1&CustID=CB145581089895987|LoadTime:4524|TrueName:马双君
2016-03-22 13:16:00	WebLog	RequestURL:ncc.sys1.bitauto.com/CustBaseInfo/EditCustBaseInfo.aspx|Para:?From=CTI&IsClientOpen=1&BeginRingTime=2016-03-22%2011:39:16&CalledNum=01068492026&DataSource=5&CallType=1&CustID=CB145581089895987|LoadTime:4285|TrueName:马双君
2016-03-22 13:17:14	WebLog	RequestURL:ncc.sys1.bitauto.com/CRMStopCust/List.aspx|Para:|LoadTime:3310|TrueName:马双君
2016-03-22 13:17:19	WebLog	RequestURL:ncc.sys1.bitauto.com/CustBaseInfo/List.aspx|Para:|LoadTime:2435|TrueName:马双君
2016-03-22 13:17:27	WebLog	RequestURL:ncc.sys1.bitauto.com/CustBaseInfo/AddCustBaseInfo.aspx|Para:|LoadTime:1548|TrueName:马双君
2016-03-22 13:18:01	WebLog	RequestURL:ncc.sys1.bitauto.com/CustBaseInfo/AddCustBaseInfo.aspx|Para:|LoadTime:13121|TrueName:马双君
2016-03-22 13:22:02	WebLog	RequestURL:ncc.sys1.bitauto.com/CustBaseInfo/EditCustBaseInfo.aspx|Para:?From=CTI&IsClientOpen=1&BeginRingTime=2016-03-22%2011:39:16&CalledNum=01068492026&DataSource=5&CallType=1&CustID=CB145581089895987|LoadTime:4191|TrueName:马双君
2016-03-22 13:28:40	WebLog	RequestURL:ncc.sys1.bitauto.com/CustBaseInfo/EditCustBaseInfo.aspx|Para:?From=CTI&IsClientOpen=1&BeginRingTime=2016-03-22%2011:39:16&CalledNum=01068492026&DataSource=5&CallType=1&CustID=CB145581089895987|LoadTime:5721|TrueName:马双君
2016-03-22 13:29:08	WebLog	RequestURL:ncc.sys1.bitauto.com/CustBaseInfo/AddCustBaseInfo.aspx|Para:|LoadTime:2015|TrueName:马双君
2016-03-22 15:21:22	error	用户Cookies异常：System.Web.HttpCookie
2016-03-22 15:24:50	WebLog	RequestURL:ncc.sys1.bitauto.com/CRMStopCust/List.aspx|Para:|LoadTime:1828|TrueName:马双君
2016-03-22 18:09:00	WebLog	RequestURL:ncc.sys1.bitauto.com/CRMStopCust/List.aspx|Para:|LoadTime:4766|TrueName:马双君
