2016-05-04 10:06:59	WebLog	RequestURL:ncc.sys1.bitauto.com/CustBaseInfo/AddCustBaseInfo.aspx|Para:|LoadTime:5754|TrueName:马双君|BGName:|RoleName|
2016-05-04 10:08:26	WebLog	RequestURL:ncc.sys1.bitauto.com/CRMStopCust/List.aspx|Para:|LoadTime:3692|TrueName:马双君|BGName:商城运营支持部（IM）|RoleName|超级管理员
2016-05-04 10:11:10	WebLog	RequestURL:ncc.sys1.bitauto.com/CustBaseInfo/List.aspx|Para:|LoadTime:1734|TrueName:马双君|BGName:商城运营支持部（IM）|RoleName|超级管理员
2016-05-04 10:11:15	WebLog	RequestURL:ncc.sys1.bitauto.com/CustBaseInfo/AddCustBaseInfo.aspx|Para:|LoadTime:1488|TrueName:马双君|BGName:商城运营支持部（IM）|RoleName|超级管理员
2016-05-04 13:15:36	WebLog	RequestURL:ncc.sys1.bitauto.com/CustBaseInfo/List.aspx|Para:|LoadTime:30625|TrueName:马双君|BGName:|RoleName|
2016-05-04 13:15:43	WebLog	RequestURL:ncc.sys1.bitauto.com/CRMStopCust/List.aspx|Para:|LoadTime:4019|TrueName:马双君|BGName:商城运营支持部（IM）|RoleName|超级管理员
2016-05-04 13:15:46	WebLog	RequestURL:ncc.sys1.bitauto.com/ReturnVisit/ReturnVisitCustList.aspx|Para:|LoadTime:1260|TrueName:马双君|BGName:商城运营支持部（IM）|RoleName|超级管理员
2016-05-04 13:15:56	AjaxLog	RequestURL:ncc.sys1.bitauto.com/AjaxServers/ReturnVisit/ReturnVisitCustList.aspx|Para:?pagesize=&CustName=&Brand=&Province=-1&City=&County=&SearchTrueNameID=&StartTime=&EndTime=&Contact=-2&ClientType=&CarType=&ProjectName=&NoResponser=-2&TagID=0|LoadTime:10089|TrueName:马双君|BGName:商城运营支持部（IM）|RoleName|超级管理员
2016-05-04 13:16:02	AjaxLog	RequestURL:ncc.sys1.bitauto.com/AjaxServers/ReturnVisit/ReturnVisitCustList.aspx|Para:?pagesize=&CustName=&Brand=&Province=-1&City=&County=&SearchTrueNameID=&StartTime=&EndTime=&Contact=-2&ClientType=&CarType=&ProjectName=&NoResponser=-2&TagID=0|LoadTime:2965|TrueName:马双君|BGName:商城运营支持部（IM）|RoleName|超级管理员
2016-05-04 13:16:48	AjaxLog	RequestURL:ncc.sys1.bitauto.com/AjaxServers/ReturnVisit/ReturnVisitCustList.aspx|Para:?pagesize=&CustName=&Brand=&Province=-1&City=&County=&SearchTrueNameID=&StartTime=&EndTime=&Contact=-2&ClientType=&CarType=&ProjectName=&NoResponser=-2&TagID=0|LoadTime:3532|TrueName:马双君|BGName:|RoleName|
2016-05-04 13:16:50	AjaxLog	RequestURL:ncc.sys1.bitauto.com/AjaxServers/ReturnVisit/ReturnVisitCustList.aspx|Para:?pagesize=&CustName=&Brand=&Province=-1&City=&County=&SearchTrueNameID=&StartTime=&EndTime=&Contact=-2&ClientType=&CarType=&ProjectName=&NoResponser=-2&TagID=0|LoadTime:715|TrueName:马双君|BGName:商城运营支持部（IM）|RoleName|超级管理员
2016-05-04 13:17:36	AjaxLog	RequestURL:ncc.sys1.bitauto.com/AjaxServers/ReturnVisit/ReturnVisitCustList.aspx|Para:?pagesize=&CustName=&Brand=&Province=-1&City=&County=&SearchTrueNameID=&StartTime=&EndTime=&Contact=-2&ClientType=&CarType=&ProjectName=&NoResponser=-2&TagID=0|LoadTime:2841|TrueName:马双君|BGName:|RoleName|
2016-05-04 13:17:37	AjaxLog	RequestURL:ncc.sys1.bitauto.com/AjaxServers/ReturnVisit/ReturnVisitCustList.aspx|Para:?pagesize=&CustName=&Brand=&Province=-1&City=&County=&SearchTrueNameID=&StartTime=&EndTime=&Contact=-2&ClientType=&CarType=&ProjectName=&NoResponser=-2&TagID=0|LoadTime:726|TrueName:马双君|BGName:商城运营支持部（IM）|RoleName|超级管理员
2016-05-04 13:17:39	AjaxLog	RequestURL:ncc.sys1.bitauto.com/AjaxServers/ReturnVisit/ReturnVisitCustList.aspx|Para:?pagesize=&CustName=&Brand=&Province=-1&City=&County=&SearchTrueNameID=&StartTime=&EndTime=&Contact=-2&ClientType=&CarType=&ProjectName=&NoResponser=-2&TagID=0|LoadTime:709|TrueName:马双君|BGName:商城运营支持部（IM）|RoleName|超级管理员
2016-05-04 13:23:06	AjaxLog	RequestURL:ncc.sys1.bitauto.com/AjaxServers/ReturnVisit/ReturnVisitCustList.aspx|Para:?pagesize=&CustName=&Brand=&Province=-1&City=&County=&SearchTrueNameID=&StartTime=&EndTime=&Contact=-2&ClientType=&CarType=&ProjectName=&NoResponser=-2&TagID=0|LoadTime:8460|TrueName:马双君|BGName:|RoleName|
2016-05-04 13:23:08	AjaxLog	RequestURL:ncc.sys1.bitauto.com/AjaxServers/ReturnVisit/ReturnVisitCustList.aspx|Para:?pagesize=&CustName=&Brand=&Province=-1&City=&County=&SearchTrueNameID=&StartTime=&EndTime=&Contact=-2&ClientType=&CarType=&ProjectName=&NoResponser=-2&TagID=0|LoadTime:824|TrueName:马双君|BGName:商城运营支持部（IM）|RoleName|超级管理员
2016-05-04 13:24:59	AjaxLog	RequestURL:ncc.sys1.bitauto.com/AjaxServers/ReturnVisit/ReturnVisitCustList.aspx|Para:?pagesize=&CustName=&Brand=&Province=-1&City=&County=&SearchTrueNameID=&StartTime=&EndTime=&Contact=-2&ClientType=&CarType=&ProjectName=&NoResponser=-2&TagID=0|LoadTime:19497|TrueName:马双君|BGName:商城运营支持部（IM）|RoleName|超级管理员
2016-05-04 13:25:01	AjaxLog	RequestURL:ncc.sys1.bitauto.com/AjaxServers/ReturnVisit/ReturnVisitCustList.aspx|Para:?pagesize=&CustName=&Brand=&Province=-1&City=&County=&SearchTrueNameID=&StartTime=&EndTime=&Contact=-2&ClientType=&CarType=&ProjectName=&NoResponser=-2&TagID=0|LoadTime:833|TrueName:马双君|BGName:商城运营支持部（IM）|RoleName|超级管理员
2016-05-04 15:50:24	error	用户Cookies异常：System.Web.HttpCookie
2016-05-04 15:50:27	error	用户Cookies异常：System.Web.HttpCookie
2016-05-04 15:50:28	AjaxLog	RequestURL:ncc.sys1.bitauto.com/CRMStopCust/AjaxList.aspx|Para:?CustID=&AreaName=-1&SubmitBeginTime=&SubmitEndTime=&CustName=&OperID=-1&TaskStatus=-1&ApplyType=1&Reason=-1&Remark=-1&ApplerName=&Browser=FF|LoadTime:19983|TrueName:|BGName:|RoleName|
2016-05-04 15:50:47	WebLog	RequestURL:ncc.sys1.bitauto.com/CRMStopCust/List.aspx|Para:|LoadTime:8383|TrueName:马双君|BGName:测试测试测试|RoleName|超级管理员
2016-05-04 15:51:31	WebLog	RequestURL:ncc.sys1.bitauto.com/ReturnVisit/ReturnVisitCustList.aspx|Para:|LoadTime:1940|TrueName:马双君|BGName:测试测试测试|RoleName|超级管理员
2016-05-04 15:51:32	AjaxLog	RequestURL:ncc.sys1.bitauto.com/AjaxServers/ReturnVisit/ReturnVisitCustList.aspx|Para:?pagesize=&CustName=&Brand=&Province=-1&City=&County=&SearchTrueNameID=&StartTime=&EndTime=&Contact=-2&ClientType=&CarType=&ProjectName=&NoResponser=-2&TagID=0|LoadTime:41147|TrueName:马双君|BGName:测试测试测试|RoleName|超级管理员
2016-05-04 15:52:17	AjaxLog	RequestURL:ncc.sys1.bitauto.com/AjaxServers/ReturnVisit/ReturnVisitCustList.aspx|Para:?pagesize=&CustName=&Brand=&Province=-1&City=&County=&SearchTrueNameID=&StartTime=&EndTime=&Contact=-2&ClientType=&CarType=&ProjectName=&NoResponser=-2&TagID=0|LoadTime:3596|TrueName:马双君|BGName:|RoleName|
2016-05-04 15:52:34	AjaxLog	RequestURL:ncc.sys1.bitauto.com/AjaxServers/ReturnVisit/ReturnVisitCustList.aspx|Para:?pagesize=&CustName=&Brand=&Province=-1&City=&County=&SearchTrueNameID=&StartTime=&EndTime=&Contact=-2&ClientType=&CarType=&ProjectName=&NoResponser=-2&TagID=0|LoadTime:1279|TrueName:马双君|BGName:测试测试测试|RoleName|超级管理员
2016-05-04 16:27:21	AjaxLog	RequestURL:ncc.sys1.bitauto.com/AjaxServers/ReturnVisit/ReturnVisitCustList.aspx|Para:?pagesize=&CustName=&Brand=&Province=-1&City=&County=&SearchTrueNameID=&StartTime=&EndTime=&Contact=-2&ClientType=&CarType=&ProjectName=&NoResponser=-2&TagID=0|LoadTime:19300|TrueName:马双君|BGName:|RoleName|
2016-05-04 16:27:23	AjaxLog	RequestURL:ncc.sys1.bitauto.com/AjaxServers/ReturnVisit/ReturnVisitCustList.aspx|Para:?pagesize=&CustName=&Brand=&Province=-1&City=&County=&SearchTrueNameID=&StartTime=&EndTime=&Contact=-2&ClientType=&CarType=&ProjectName=&NoResponser=-2&TagID=0|LoadTime:814|TrueName:马双君|BGName:测试测试测试|RoleName|超级管理员
2016-05-04 16:42:31	WebLog	RequestURL:ncc.sys1.bitauto.com/TrafficManage/AnswerPhone.aspx|Para:|LoadTime:1534|TrueName:马双君|BGName:测试测试测试|RoleName|超级管理员
2016-05-04 16:42:35	AjaxLog	RequestURL:ncc.sys1.bitauto.com/AjaxServers/TrafficManage/AnswerList.aspx|Para:?CallID=&IncomingSource=&IVRScore=-1&selSolve=-1&Name=&ANI=&Agent=&TaskID=&BeginTime=2016-04-28&EndTime=2016-05-04&AgentNum=&PhoneNum=&TaskCategory=&SpanTime1=&SpanTime2=&AgentGroup=-1&CallStatus=1&selCategory=&selBusinessType=-1&r=0.22718745274537644|LoadTime:3955|TrueName:马双君|BGName:测试测试测试|RoleName|超级管理员
