2016-03-24 11:44:52	WebLog	RequestURL:ncc.sys1.bitauto.com/KnowledgeLib/Personalization/QuestionManage.aspx|Para:|LoadTime:5837|TrueName:马双君
2016-03-24 11:45:17	WebLog	RequestURL:ncc.sys1.bitauto.com/KnowledgeLib/Knowledge.aspx|Para:|LoadTime:1366|TrueName:马双君
2016-03-24 11:51:01	WebLog	RequestURL:ncc.sys1.bitauto.com/KnowledgeLib/Personalization/QuestionManage.aspx|Para:|LoadTime:2698|TrueName:马双君
2016-03-24 11:53:20	WebLog	RequestURL:ncc.sys1.bitauto.com/KnowledgeLib/Personalization/QuestionManage.aspx|Para:|LoadTime:1062|TrueName:马双君
2016-03-24 11:53:37	WebLog	RequestURL:ncc.sys1.bitauto.com/CRMStopCust/List.aspx|Para:|LoadTime:1331|TrueName:刘萍
2016-03-24 11:53:42	WebLog	RequestURL:ncc.sys1.bitauto.com/KnowledgeLib/Personalization/QuestionManage.aspx|Para:|LoadTime:1529|TrueName:刘萍
2016-03-24 11:54:41	WebLog	RequestURL:ncc.sys1.bitauto.com/KnowledgeLib/Personalization/QuestionManage.aspx|Para:|LoadTime:1662|TrueName:刘萍
2016-03-24 11:54:53	WebLog	RequestURL:ncc.sys1.bitauto.com/KnowledgeLib/Personalization/QuestionAnswered.aspx|Para:|LoadTime:1322|TrueName:刘萍
2016-03-24 11:55:09	WebLog	RequestURL:ncc.sys1.bitauto.com/KnowledgeLib/Personalization/PersonalCollection.aspx|Para:|LoadTime:900|TrueName:刘萍
2016-03-24 11:55:17	WebLog	RequestURL:ncc.sys1.bitauto.com/KnowledgeLib/Personalization/QuestionManage.aspx|Para:|LoadTime:933|TrueName:刘萍
2016-03-24 11:59:37	WebLog	RequestURL:ncc.sys1.bitauto.com/KnowledgeLib/Personalization/QuestionManage.aspx|Para:|LoadTime:1643|TrueName:刘萍
2016-03-24 12:05:50	WebLog	RequestURL:ncc.sys1.bitauto.com/KnowledgeLib/Personalization/QuestionManage.aspx|Para:|LoadTime:1908|TrueName:刘萍
2016-03-24 13:26:49	WebLog	RequestURL:ncc.sys1.bitauto.com/KnowledgeLib/KnowledgeLibList.aspx|Para:|LoadTime:2789|TrueName:刘萍
2016-03-24 13:27:33	WebLog	RequestURL:ncc.sys1.bitauto.com/KnowledgeLib/Personalization/QuestionManage.aspx|Para:|LoadTime:2026|TrueName:刘萍
2016-03-24 13:41:34	WebLog	RequestURL:ncc.sys1.bitauto.com/KnowledgeLib/Personalization/QuestionManage.aspx|Para:|LoadTime:1466|TrueName:刘萍
2016-03-24 13:44:06	WebLog	RequestURL:ncc.sys1.bitauto.com/KnowledgeLib/Personalization/QuestionManage.aspx|Para:|LoadTime:376|TrueName:刘萍
2016-03-24 13:46:18	WebLog	RequestURL:ncc.sys1.bitauto.com/KnowledgeLib/Personalization/QuestionManage.aspx|Para:|LoadTime:1504|TrueName:刘萍
2016-03-24 13:59:29	WebLog	RequestURL:ncc.sys1.bitauto.com/ExamOnline/ExamScoreManagement/ExamScoreList.aspx|Para:|LoadTime:929|TrueName:刘萍
2016-03-24 15:10:12	error	用户Cookies异常：System.Web.HttpCookie
2016-03-24 15:10:23	error	用户Cookies异常：System.Web.HttpCookie
2016-03-24 15:10:35	WebLog	RequestURL:ncc.sys1.bitauto.com/KnowledgeLib/KnowledgeLibList.aspx|Para:|LoadTime:1095|TrueName:马双君
