2016-03-30 09:12:17	error	用户Cookies异常：System.Web.HttpCookie
2016-03-30 09:12:25	error	用户Cookies异常：System.Web.HttpCookie
2016-03-30 09:12:35	WebLog	RequestURL:ncc.sys1.bitauto.com/TrafficManage/CallRecord.aspx|Para:|LoadTime:2143|TrueName:马双君
2016-03-30 09:12:52	AjaxLog	RequestURL:ncc.sys1.bitauto.com/TrafficManage/AjaxList.aspx|Para:?CallID=&TaskID=&BeginTime=2016-03-24&EndTime=2016-03-30&PhoneNum=&ANI=&SpanTime1=&SpanTime2=&AgentNum=&BusinessGroup=-2|LoadTime:7333|TrueName:马双君
2016-03-30 09:12:59	AjaxLog	RequestURL:ncc.sys1.bitauto.com/TrafficManage/AjaxList.aspx|Para:?CallID=&TaskID=&BeginTime=2016-03-24&EndTime=2016-03-30&PhoneNum=&ANI=&SpanTime1=&SpanTime2=&AgentNum=&BusinessGroup=-2&CustID=CB00084699&CustID=CB144984195821489&CustID=CB144984195821489&CustID=CB145130978091940&CustID=CB144717495001116&CustID=CB145925063820833&CustID=CB144723953534400&CustID=CB144723953534400&CustID=CB144723953534400&CustID=CB144723953534400&CustID=CB144723953534400&CustID=CB144864501372567|LoadTime:377|TrueName:马双君
2016-03-30 09:16:25	AjaxLog	RequestURL:ncc.sys1.bitauto.com/TrafficManage/AjaxList.aspx|Para:?CallID=&TaskID=&BeginTime=2016-03-24&EndTime=2016-03-30&PhoneNum=&ANI=&SpanTime1=&SpanTime2=&AgentNum=&BusinessGroup=-2&CustID=CB00084699&CustID=CB144984195821489&CustID=CB144984195821489&CustID=CB145130978091940&CustID=CB144717495001116&CustID=CB145925063820833&CustID=CB144723953534400&CustID=CB144723953534400&CustID=CB144723953534400&CustID=CB144723953534400&CustID=CB144723953534400&CustID=CB144864501372567|LoadTime:123385|TrueName:马双君
2016-03-30 09:45:56	WebLog	RequestURL:ncc.sys1.bitauto.com/KnowledgeLib/Knowledge.aspx|Para:|LoadTime:1760|TrueName:马双君
2016-03-30 09:46:07	WebLog	RequestURL:ncc.sys1.bitauto.com/QualityStandard/List.aspx|Para:|LoadTime:4202|TrueName:马双君
2016-03-30 09:47:27	WebLog	RequestURL:ncc.sys1.bitauto.com/QualityStandard/List.aspx|Para:|LoadTime:1956|TrueName:马双君
2016-03-30 09:47:31	WebLog	RequestURL:ncc.sys1.bitauto.com/QualityStandard/IMList.aspx|Para:|LoadTime:1461|TrueName:马双君
2016-03-30 09:50:22	WebLog	RequestURL:ncc.sys1.bitauto.com/QualityStandard/IMList.aspx|Para:|LoadTime:1861|TrueName:马双君
2016-03-30 09:50:31	WebLog	RequestURL:ncc.sys1.bitauto.com/QualityStandard/IMList.aspx|Para:|LoadTime:1629|TrueName:马双君
2016-03-30 10:02:40	WebLog	RequestURL:ncc.sys1.bitauto.com/QualityStandard/IMList.aspx|Para:|LoadTime:2246|TrueName:马双君
2016-03-30 10:02:45	WebLog	RequestURL:ncc.sys1.bitauto.com/QualityStandard/IMList.aspx|Para:|LoadTime:1632|TrueName:马双君
2016-03-30 10:03:47	WebLog	RequestURL:ncc.sys1.bitauto.com/QualityStandard/IMList.aspx|Para:|LoadTime:1857|TrueName:马双君
2016-03-30 10:05:30	WebLog	RequestURL:ncc.sys1.bitauto.com/QualityStandard/IMList.aspx|Para:|LoadTime:1625|TrueName:马双君
2016-03-30 10:05:53	WebLog	RequestURL:ncc.sys1.bitauto.com/QualityStandard/IMList.aspx|Para:|LoadTime:1763|TrueName:马双君
2016-03-30 10:06:27	WebLog	RequestURL:ncc.sys1.bitauto.com/QualityStandard/IMList.aspx|Para:|LoadTime:1892|TrueName:马双君
2016-03-30 10:07:10	WebLog	RequestURL:ncc.sys1.bitauto.com/QualityStandard/IMList.aspx|Para:|LoadTime:1943|TrueName:马双君
2016-03-30 10:09:31	WebLog	RequestURL:ncc.sys1.bitauto.com/QualityStandard/IMList.aspx|Para:|LoadTime:1715|TrueName:马双君
2016-03-30 10:11:17	WebLog	RequestURL:ncc.sys1.bitauto.com/QualityStandard/IMList.aspx|Para:|LoadTime:1631|TrueName:马双君
2016-03-30 10:11:36	WebLog	RequestURL:ncc.sys1.bitauto.com/QualityStandard/IMList.aspx|Para:|LoadTime:1436|TrueName:马双君
2016-03-30 10:16:15	WebLog	RequestURL:ncc.sys1.bitauto.com/QualityStandard/IMList.aspx|Para:|LoadTime:1952|TrueName:马双君
2016-03-30 10:17:39	WebLog	RequestURL:ncc.sys1.bitauto.com/QualityStandard/IMList.aspx|Para:|LoadTime:1806|TrueName:马双君
2016-03-30 10:18:04	WebLog	RequestURL:ncc.sys1.bitauto.com/QualityStandard/IMList.aspx|Para:|LoadTime:1644|TrueName:马双君
2016-03-30 10:18:19	WebLog	RequestURL:ncc.sys1.bitauto.com/QualityStandard/IMList.aspx|Para:|LoadTime:7621|TrueName:马双君
2016-03-30 10:19:28	WebLog	RequestURL:ncc.sys1.bitauto.com/QualityStandard/IMList.aspx|Para:|LoadTime:1519|TrueName:马双君
2016-03-30 10:19:34	WebLog	RequestURL:ncc.sys1.bitauto.com/QualityStandard/IMList.aspx|Para:|LoadTime:1223|TrueName:马双君
2016-03-30 10:20:03	AjaxLog	RequestURL:ncc.sys1.bitauto.com/AjaxServers/QualityStandard/IMList.aspx|Para:?CSID=&BeginTime=2015-12-3100:00:00&EndTime=2016-03-3023:59:59&BeginCount=&EndCount=&ScoreTable=-1&AgentUserID=&ScoreBeginTime=&ScoreEndTime=&ScoreCreater=-1&BGID=-1&AppealBeginTime=&AppealEndTime=&QSResultScore=-1&PerQSResultScore=-1&ProQSResultScore=-1&QSResultStatus=20006&QSStateResult=1&Browser=IE|LoadTime:1745|TrueName:马双君
2016-03-30 10:20:14	AjaxLog	RequestURL:ncc.sys1.bitauto.com/AjaxServers/QualityStandard/IMList.aspx|Para:?CSID=&BeginTime=2015-12-3100:00:00&EndTime=2016-03-3023:59:59&BeginCount=&EndCount=&ScoreTable=-1&AgentUserID=&ScoreBeginTime=&ScoreEndTime=&ScoreCreater=-1&BGID=-1&AppealBeginTime=&AppealEndTime=&QSResultScore=-1&PerQSResultScore=-1&ProQSResultScore=-1&QSResultStatus=20006&QSStateResult=1&Browser=FF|LoadTime:270|TrueName:马双君
2016-03-30 10:20:47	AjaxLog	RequestURL:ncc.sys1.bitauto.com/AjaxServers/QualityStandard/IMList.aspx|Para:?CSID=&BeginTime=2015-12-3100:00:00&EndTime=2016-03-3023:59:59&BeginCount=&EndCount=&ScoreTable=-1&AgentUserID=&ScoreBeginTime=&ScoreEndTime=&ScoreCreater=-1&BGID=-1&AppealBeginTime=&AppealEndTime=&QSResultScore=-1&PerQSResultScore=-1&ProQSResultScore=-1&QSResultStatus=20006&QSStateResult=2&Browser=FF|LoadTime:463|TrueName:马双君
2016-03-30 10:22:22	AjaxLog	RequestURL:ncc.sys1.bitauto.com/AjaxServers/QualityStandard/IMList.aspx|Para:?CSID=&BeginTime=2015-12-3100:00:00&EndTime=2016-03-3023:59:59&BeginCount=&EndCount=&ScoreTable=-1&AgentUserID=&ScoreBeginTime=&ScoreEndTime=&ScoreCreater=-1&BGID=-1&AppealBeginTime=&AppealEndTime=&QSResultScore=-1&PerQSResultScore=-1&ProQSResultScore=-1&QSResultStatus=20006&QSStateResult=2&Browser=FF|LoadTime:665|TrueName:马双君
2016-03-30 10:22:25	AjaxLog	RequestURL:ncc.sys1.bitauto.com/AjaxServers/QualityStandard/IMList.aspx|Para:?CSID=&BeginTime=2015-12-3100:00:00&EndTime=2016-03-3023:59:59&BeginCount=&EndCount=&ScoreTable=-1&AgentUserID=&ScoreBeginTime=&ScoreEndTime=&ScoreCreater=-1&BGID=-1&AppealBeginTime=&AppealEndTime=&QSResultScore=-1&PerQSResultScore=-1&ProQSResultScore=-1&QSResultStatus=20006&QSStateResult=2&Browser=FF|LoadTime:234|TrueName:马双君
2016-03-30 10:22:30	AjaxLog	RequestURL:ncc.sys1.bitauto.com/AjaxServers/QualityStandard/IMList.aspx|Para:?CSID=&BeginTime=2015-12-3100:00:00&EndTime=2016-03-3023:59:59&BeginCount=&EndCount=&ScoreTable=-1&AgentUserID=&ScoreBeginTime=&ScoreEndTime=&ScoreCreater=-1&BGID=-1&AppealBeginTime=&AppealEndTime=&QSResultScore=-1&PerQSResultScore=-1&ProQSResultScore=-1&QSResultStatus=20006&QSStateResult=2&Browser=FF|LoadTime:300|TrueName:马双君
2016-03-30 10:22:58	AjaxLog	RequestURL:ncc.sys1.bitauto.com/AjaxServers/QualityStandard/IMList.aspx|Para:?CSID=&BeginTime=2015-12-3100:00:00&EndTime=2016-03-3023:59:59&BeginCount=&EndCount=&ScoreTable=-1&AgentUserID=&ScoreBeginTime=&ScoreEndTime=&ScoreCreater=-1&BGID=-1&AppealBeginTime=&AppealEndTime=&QSResultScore=-1&PerQSResultScore=-1&ProQSResultScore=-1&QSResultStatus=20006&QSStateResult=1&Browser=FF|LoadTime:269|TrueName:马双君
2016-03-30 10:23:09	AjaxLog	RequestURL:ncc.sys1.bitauto.com/AjaxServers/QualityStandard/IMList.aspx|Para:?CSID=&BeginTime=2015-12-3100:00:00&EndTime=2016-03-3023:59:59&BeginCount=&EndCount=&ScoreTable=-1&AgentUserID=&ScoreBeginTime=&ScoreEndTime=&ScoreCreater=-1&BGID=-1&AppealBeginTime=&AppealEndTime=&QSResultScore=-1&PerQSResultScore=-1&ProQSResultScore=-1&QSResultStatus=20006&Browser=FF&QSStateResult=1,2|LoadTime:1058|TrueName:马双君
2016-03-30 10:23:40	AjaxLog	RequestURL:ncc.sys1.bitauto.com/AjaxServers/QualityStandard/IMList.aspx|Para:?CSID=&BeginTime=2015-12-3100:00:00&EndTime=2016-03-3023:59:59&BeginCount=&EndCount=&ScoreTable=-1&AgentUserID=&ScoreBeginTime=&ScoreEndTime=&ScoreCreater=-1&BGID=-1&AppealBeginTime=&AppealEndTime=&QSResultScore=-1&PerQSResultScore=-1&ProQSResultScore=-1&QSResultStatus=20006&Browser=FF|LoadTime:932|TrueName:马双君
2016-03-30 10:29:23	WebLog	RequestURL:ncc.sys1.bitauto.com/CRMStopCust/List.aspx|Para:|LoadTime:806|TrueName:马双君
2016-03-30 10:31:12	WebLog	RequestURL:ncc.sys1.bitauto.com/QualityStandard/IMList.aspx|Para:|LoadTime:1688|TrueName:马双君
2016-03-30 10:31:31	WebLog	RequestURL:ncc.sys1.bitauto.com/CRMStopCust/List.aspx|Para:|LoadTime:139|TrueName:马双君
2016-03-30 10:31:33	WebLog	RequestURL:ncc.sys1.bitauto.com/QualityStandard/List.aspx|Para:|LoadTime:462|TrueName:马双君
2016-03-30 10:31:41	AjaxLog	RequestURL:ncc.sys1.bitauto.com/AjaxServers/QualityStandard/List.aspx|Para:?PhoneNum=&BeginTime=2016-03-2400:00:00&EndTime=2016-03-3023:59:59&BGID=-1&SCID=-1&ANI=&SpanTime1=&SpanTime2=&ScoreTable=-1&BusinessID=&ScoreBeginTime=&ScoreEndTime=&ScoreCreater=-1&CallID=&CreateUserID=&SelSolve=-1&IVRScore=-1&QSResultStatus=-1&Browser=IE|LoadTime:1826|TrueName:马双君
2016-03-30 10:31:43	WebLog	RequestURL:ncc.sys1.bitauto.com/QualityStandard/IMList.aspx|Para:|LoadTime:323|TrueName:马双君
2016-03-30 10:31:57	AjaxLog	RequestURL:ncc.sys1.bitauto.com/AjaxServers/QualityStandard/IMList.aspx|Para:?CSID=&BeginTime=2015-12-3100:00:00&EndTime=2016-03-3023:59:59&BeginCount=&EndCount=&ScoreTable=-1&AgentUserID=&ScoreBeginTime=&ScoreEndTime=&ScoreCreater=-1&BGID=-1&AppealBeginTime=&AppealEndTime=&QSResultScore=0&PerQSResultScore=-1&ProQSResultScore=-1&QSResultStatus=20006&Browser=IE|LoadTime:177|TrueName:马双君
2016-03-30 10:32:00	AjaxLog	RequestURL:ncc.sys1.bitauto.com/AjaxServers/QualityStandard/IMList.aspx|Para:?CSID=&BeginTime=2015-12-3100:00:00&EndTime=2016-03-3023:59:59&BeginCount=&EndCount=&ScoreTable=-1&AgentUserID=&ScoreBeginTime=&ScoreEndTime=&ScoreCreater=-1&BGID=-1&AppealBeginTime=&AppealEndTime=&QSResultScore=-1&PerQSResultScore=-1&ProQSResultScore=-1&QSResultStatus=-1&Browser=IE|LoadTime:136|TrueName:马双君
2016-03-30 10:32:04	WebLog	RequestURL:ncc.sys1.bitauto.com/QualityStandard/IMList.aspx|Para:|LoadTime:240|TrueName:马双君
2016-03-30 10:32:05	AjaxLog	RequestURL:ncc.sys1.bitauto.com/AjaxServers/QualityStandard/IMList.aspx|Para:?CSID=&BeginTime=2015-12-3100:00:00&EndTime=2016-03-3023:59:59&BeginCount=&EndCount=&ScoreTable=-1&AgentUserID=&ScoreBeginTime=&ScoreEndTime=&ScoreCreater=-1&BGID=-1&AppealBeginTime=&AppealEndTime=&QSResultScore=-1&PerQSResultScore=-1&ProQSResultScore=-1&QSResultStatus=-1&Browser=IE|LoadTime:47|TrueName:马双君
2016-03-30 10:32:07	WebLog	RequestURL:ncc.sys1.bitauto.com/QualityStandard/List.aspx|Para:|LoadTime:402|TrueName:马双君
2016-03-30 10:32:08	AjaxLog	RequestURL:ncc.sys1.bitauto.com/AjaxServers/QualityStandard/List.aspx|Para:?PhoneNum=&BeginTime=2016-03-2400:00:00&EndTime=2016-03-3023:59:59&BGID=-1&SCID=-1&ANI=&SpanTime1=&SpanTime2=&ScoreTable=-1&BusinessID=&ScoreBeginTime=&ScoreEndTime=&ScoreCreater=-1&CallID=&CreateUserID=&SelSolve=-1&IVRScore=-1&QSResultStatus=-1&Browser=IE|LoadTime:459|TrueName:马双君
2016-03-30 15:43:13	error	用户Cookies异常：System.Web.HttpCookie
2016-03-30 15:43:15	error	用户Cookies异常：System.Web.HttpCookie
2016-03-30 17:01:37	WebLog	RequestURL:ncc.sys1.bitauto.com/CustBaseInfo/List.aspx|Para:|LoadTime:1494|TrueName:马双君
2016-03-30 17:01:44	WebLog	RequestURL:ncc.sys1.bitauto.com/CRMStopCust/List.aspx|Para:|LoadTime:1734|TrueName:马双君
2016-03-30 17:01:47	WebLog	RequestURL:ncc.sys1.bitauto.com/ReturnVisit/ReturnVisitCustList.aspx|Para:|LoadTime:1285|TrueName:马双君
2016-03-30 17:02:01	AjaxLog	RequestURL:ncc.sys1.bitauto.com/AjaxServers/ReturnVisit/ReturnVisitCustList.aspx|Para:?pagesize=&CustName=&Brand=&Province=-1&City=&County=&SearchTrueNameID=&StartTime=&EndTime=&Contact=-2&ClientType=&CarType=&ProjectName=&NoResponser=-2&TagID=0|LoadTime:13552|TrueName:马双君
2016-03-30 17:11:09	WebLog	RequestURL:ncc.sys1.bitauto.com/QualityStandard/List.aspx|Para:|LoadTime:2148|TrueName:马双君
2016-03-30 17:11:28	AjaxLog	RequestURL:ncc.sys1.bitauto.com/AjaxServers/QualityStandard/List.aspx|Para:?PhoneNum=&BeginTime=2016-03-2400:00:00&EndTime=2016-03-3023:59:59&BGID=-1&SCID=-1&ANI=&SpanTime1=&SpanTime2=&ScoreTable=-1&BusinessID=&ScoreBeginTime=&ScoreEndTime=&ScoreCreater=-1&CallID=&CreateUserID=&CallType=1&SelSolve=-1&IVRScore=-1&QSResultStatus=-1&Browser=FF|LoadTime:620|TrueName:马双君
2016-03-30 17:11:53	AjaxLog	RequestURL:ncc.sys1.bitauto.com/AjaxServers/QualityStandard/List.aspx|Para:?PhoneNum=&BeginTime=2016-03-2400:00:00&EndTime=2016-03-3023:59:59&BGID=-1&SCID=-1&ANI=&SpanTime1=&SpanTime2=&ScoreTable=-1&BusinessID=&ScoreBeginTime=&ScoreEndTime=&ScoreCreater=-1&CallID=&CreateUserID=&CallType=2&SelSolve=-1&IVRScore=-1&QSResultStatus=-1&Browser=FF&CustID=CB145925063820833|LoadTime:1689|TrueName:马双君
2016-03-30 17:14:45	error	用户Cookies异常：System.Web.HttpCookie
2016-03-30 17:14:48	error	用户Cookies异常：System.Web.HttpCookie
2016-03-30 17:14:56	WebLog	RequestURL:ncc.sys1.bitauto.com/QualityStandard/List.aspx|Para:|LoadTime:1140|TrueName:马双君
2016-03-30 17:15:05	AjaxLog	RequestURL:ncc.sys1.bitauto.com/AjaxServers/QualityStandard/List.aspx|Para:?PhoneNum=&BeginTime=2016-03-2400:00:00&EndTime=2016-03-3023:59:59&BGID=-1&SCID=-1&ANI=&SpanTime1=&SpanTime2=&ScoreTable=-1&BusinessID=&ScoreBeginTime=&ScoreEndTime=&ScoreCreater=-1&CallID=&CreateUserID=&SelSolve=-1&IVRScore=-1&QSResultStatus=-1&Browser=FF|LoadTime:1799|TrueName:马双君
2016-03-30 17:15:51	WebLog	RequestURL:ncc.sys1.bitauto.com/QualityStandard/List.aspx|Para:|LoadTime:1903|TrueName:马双君
2016-03-30 17:34:39	WebLog	RequestURL:ncc.sys1.bitauto.com/ZuoxiManage/MainList.aspx|Para:|LoadTime:1429|TrueName:马双君
2016-03-30 17:34:51	WebLog	RequestURL:ncc.sys1.bitauto.com/TrafficManage/AnswerPhone.aspx|Para:|LoadTime:1718|TrueName:马双君
2016-03-30 17:35:00	AjaxLog	RequestURL:ncc.sys1.bitauto.com/AjaxServers/TrafficManage/AnswerList.aspx|Para:?CallID=&IncomingSource=&IVRScore=-1&selSolve=-1&Name=&ANI=&Agent=&TaskID=&BeginTime=2016-03-24&EndTime=2016-03-30&AgentNum=&PhoneNum=&TaskCategory=&SpanTime1=&SpanTime2=&AgentGroup=-1&CallStatus=1&selCategory=&selBusinessType=-1&r=0.6993230661461591|LoadTime:9306|TrueName:马双君
2016-03-30 17:35:25	WebLog	RequestURL:ncc.sys1.bitauto.com/BlackWhite/BlackList.aspx|Para:|LoadTime:1603|TrueName:马双君
2016-03-30 17:35:44	WebLog	RequestURL:ncc.sys1.bitauto.com/CRMStopCust/List.aspx|Para:|LoadTime:1575|TrueName:马双君
2016-03-30 17:35:52	WebLog	RequestURL:ncc.sys1.bitauto.com/OtherTask/OtherTaskList.aspx|Para:|LoadTime:1349|TrueName:马双君
2016-03-30 17:36:11	AjaxLog	RequestURL:ncc.sys1.bitauto.com/AjaxServers/OtherTask/OtherTaskList.aspx|Para:?PTID=&projectName=&status=2&group=&category=&creater=&oper=&beginTime=2015-12-31&endTime=2016-03-30&Agent=-2&pageSize=&CustID=&CustName=&r=0.6729469942353802|LoadTime:2083|TrueName:马双君
2016-03-30 17:36:13	AjaxLog	RequestURL:ncc.sys1.bitauto.com/AjaxServers/OtherTask/OtherTaskList.aspx|Para:?PTID=&projectName=&status=3&group=&category=&creater=&oper=&beginTime=2015-12-31&endTime=2016-03-30&Agent=-2&pageSize=&CustID=&CustName=&r=0.9774312075342139|LoadTime:496|TrueName:马双君
2016-03-30 17:36:22	WebLog	RequestURL:ncc.sys1.bitauto.com/OtherTask/OtherTaskDeal.aspx|Para:?OtherTaskID=OTH0273110&r=0.5810033215863103|LoadTime:4066|TrueName:马双君
2016-03-30 17:50:14	WebLog	RequestURL:ncc.sys1.bitauto.com/OtherTask/OtherTaskDeal.aspx|Para:?OtherTaskID=OTH0273110&r=0.5810033215863103|LoadTime:2944|TrueName:马双君
