2016-05-17 09:23:11	error	用户Cookies异常：System.Web.HttpCookie
2016-05-17 09:29:54	error	用户Cookies异常：System.Web.HttpCookie
2016-05-17 09:30:49	WebLog	RequestURL:ncc.sys1.bitauto.com/CustBaseInfo/MemberSearch.aspx|Para:|LoadTime:1231|TrueName:马双君|BGName:测试测试测试|RoleName|超级管理员
2016-05-17 09:31:03	AjaxLog	RequestURL:ncc.sys1.bitauto.com/AjaxServers/Statistics/MemberList.aspx|Para:?DMSMemberCode=&DMSMemberName=&ProvinceID=-1&CityID=-1&CountyID=-1&selectDeptID=-1&strDeptS=&AddMemberFlag=&UserMappingFlag=&ReturnVisitFlag=&MemberCooperateStatus=&MemberCreateTimeStart=&MemberCreateTimeEnd=&ReturnVisitTimeStart=&ReturnVisitTimeEnd=&ConfirmDateStart=&ConfirmDateEnd=&BrandIDs=&CooperatedStatusIDs=&BeginMemberCooperatedTime=&EndMemberCooperatedTime=&BeginNoMemberCooperatedTime=&EndNoMemberCooperatedTime=&MemberTypeIDs=&ComeExcel=1&ContactOfficeTypeCode=-1&IsReturnMagazine=&ExecCycle=%E7%AC%AC10%E6%9C%9F&StartMemberCooperatedBeginTime=&EndMemberCooperatedBeginTime=&MemberSyncStatus=-1|LoadTime:11476|TrueName:马双君|BGName:测试测试测试|RoleName|超级管理员
2016-05-17 09:31:38	AjaxLog	RequestURL:ncc.sys1.bitauto.com/AjaxServers/Statistics/MemberList.aspx|Para:?DMSMemberCode=&DMSMemberName=&ProvinceID=-1&CityID=-1&CountyID=-1&selectDeptID=-1&strDeptS=&AddMemberFlag=&UserMappingFlag=&ReturnVisitFlag=&MemberCooperateStatus=&MemberCreateTimeStart=&MemberCreateTimeEnd=&ReturnVisitTimeStart=&ReturnVisitTimeEnd=&ConfirmDateStart=&ConfirmDateEnd=&BrandIDs=&CooperatedStatusIDs=&BeginMemberCooperatedTime=&EndMemberCooperatedTime=&BeginNoMemberCooperatedTime=&EndNoMemberCooperatedTime=&MemberTypeIDs=2&ComeExcel=1&ContactOfficeTypeCode=-1&IsReturnMagazine=&ExecCycle=%E7%AC%AC10%E6%9C%9F&StartMemberCooperatedBeginTime=&EndMemberCooperatedBeginTime=&MemberSyncStatus=-1|LoadTime:5188|TrueName:马双君|BGName:测试测试测试|RoleName|超级管理员
2016-05-17 09:31:58	AjaxLog	RequestURL:ncc.sys1.bitauto.com/AjaxServers/Statistics/MemberList.aspx|Para:?DMSMemberCode=&DMSMemberName=&ProvinceID=-1&CityID=-1&CountyID=-1&selectDeptID=-1&strDeptS=&AddMemberFlag=&UserMappingFlag=&ReturnVisitFlag=&MemberCooperateStatus=&MemberCreateTimeStart=&MemberCreateTimeEnd=&ReturnVisitTimeStart=&ReturnVisitTimeEnd=&ConfirmDateStart=&ConfirmDateEnd=&BrandIDs=&CooperatedStatusIDs=&BeginMemberCooperatedTime=&EndMemberCooperatedTime=&BeginNoMemberCooperatedTime=&EndNoMemberCooperatedTime=&MemberTypeIDs=3&ComeExcel=1&ContactOfficeTypeCode=-1&IsReturnMagazine=&ExecCycle=%E7%AC%AC10%E6%9C%9F&StartMemberCooperatedBeginTime=&EndMemberCooperatedBeginTime=&MemberSyncStatus=-1|LoadTime:3826|TrueName:马双君|BGName:测试测试测试|RoleName|超级管理员
2016-05-17 09:32:04	AjaxLog	RequestURL:ncc.sys1.bitauto.com/AjaxServers/Statistics/MemberList.aspx|Para:?DMSMemberCode=&DMSMemberName=&ProvinceID=-1&CityID=-1&CountyID=-1&selectDeptID=-1&strDeptS=&AddMemberFlag=&UserMappingFlag=&ReturnVisitFlag=&MemberCooperateStatus=&MemberCreateTimeStart=&MemberCreateTimeEnd=&ReturnVisitTimeStart=&ReturnVisitTimeEnd=&ConfirmDateStart=&ConfirmDateEnd=&BrandIDs=&CooperatedStatusIDs=&BeginMemberCooperatedTime=&EndMemberCooperatedTime=&BeginNoMemberCooperatedTime=&EndNoMemberCooperatedTime=&MemberTypeIDs=2&ComeExcel=1&ContactOfficeTypeCode=-1&IsReturnMagazine=&ExecCycle=%E7%AC%AC10%E6%9C%9F&StartMemberCooperatedBeginTime=&EndMemberCooperatedBeginTime=&MemberSyncStatus=-1|LoadTime:2346|TrueName:马双君|BGName:测试测试测试|RoleName|超级管理员
2016-05-17 09:33:20	WebLog	RequestURL:ncc.sys1.bitauto.com/CustBaseInfo/MemberSearch.aspx|Para:|LoadTime:1899|TrueName:马双君|BGName:|RoleName|
2016-05-17 09:33:38	AjaxLog	RequestURL:ncc.sys1.bitauto.com/AjaxServers/Statistics/MemberList.aspx|Para:?DMSMemberCode=&DMSMemberName=&ProvinceID=-1&CityID=-1&CountyID=-1&selectDeptID=-1&strDeptS=&AddMemberFlag=&UserMappingFlag=&ReturnVisitFlag=&MemberCooperateStatus=&MemberCreateTimeStart=&MemberCreateTimeEnd=&ReturnVisitTimeStart=&ReturnVisitTimeEnd=&ConfirmDateStart=&ConfirmDateEnd=&BrandIDs=&CooperatedStatusIDs=&BeginMemberCooperatedTime=&EndMemberCooperatedTime=&BeginNoMemberCooperatedTime=&EndNoMemberCooperatedTime=&MemberTypeIDs=2&ComeExcel=1&ContactOfficeTypeCode=-1&IsReturnMagazine=&ExecCycle=%E7%AC%AC10%E6%9C%9F&StartMemberCooperatedBeginTime=&EndMemberCooperatedBeginTime=&MemberSyncStatus=-1|LoadTime:3854|TrueName:马双君|BGName:测试测试测试|RoleName|超级管理员
2016-05-17 09:34:01	AjaxLog	RequestURL:ncc.sys1.bitauto.com/AjaxServers/Statistics/MemberList.aspx|Para:?DMSMemberCode=&DMSMemberName=&ProvinceID=-1&CityID=-1&CountyID=-1&selectDeptID=-1&strDeptS=&AddMemberFlag=&UserMappingFlag=&ReturnVisitFlag=&MemberCooperateStatus=&MemberCreateTimeStart=&MemberCreateTimeEnd=&ReturnVisitTimeStart=&ReturnVisitTimeEnd=&ConfirmDateStart=&ConfirmDateEnd=&BrandIDs=&CooperatedStatusIDs=&BeginMemberCooperatedTime=&EndMemberCooperatedTime=&BeginNoMemberCooperatedTime=&EndNoMemberCooperatedTime=&MemberTypeIDs=4&ComeExcel=1&ContactOfficeTypeCode=-1&IsReturnMagazine=&ExecCycle=%E7%AC%AC10%E6%9C%9F&StartMemberCooperatedBeginTime=&EndMemberCooperatedBeginTime=&MemberSyncStatus=-1|LoadTime:2846|TrueName:马双君|BGName:测试测试测试|RoleName|超级管理员
2016-05-17 09:34:09	AjaxLog	RequestURL:ncc.sys1.bitauto.com/AjaxServers/Statistics/MemberList.aspx|Para:?DMSMemberCode=&DMSMemberName=&ProvinceID=-1&CityID=-1&CountyID=-1&selectDeptID=-1&strDeptS=&AddMemberFlag=&UserMappingFlag=&ReturnVisitFlag=&MemberCooperateStatus=&MemberCreateTimeStart=&MemberCreateTimeEnd=&ReturnVisitTimeStart=&ReturnVisitTimeEnd=&ConfirmDateStart=&ConfirmDateEnd=&BrandIDs=&CooperatedStatusIDs=&BeginMemberCooperatedTime=&EndMemberCooperatedTime=&BeginNoMemberCooperatedTime=&EndNoMemberCooperatedTime=&MemberTypeIDs=4&ComeExcel=1&ContactOfficeTypeCode=-1&IsReturnMagazine=&ExecCycle=%E7%AC%AC10%E6%9C%9F&StartMemberCooperatedBeginTime=&EndMemberCooperatedBeginTime=&MemberSyncStatus=-1|LoadTime:1920|TrueName:马双君|BGName:测试测试测试|RoleName|超级管理员
2016-05-17 09:34:13	AjaxLog	RequestURL:ncc.sys1.bitauto.com/AjaxServers/Statistics/MemberList.aspx|Para:?DMSMemberCode=&DMSMemberName=&ProvinceID=-1&CityID=-1&CountyID=-1&selectDeptID=-1&strDeptS=&AddMemberFlag=&UserMappingFlag=&ReturnVisitFlag=&MemberCooperateStatus=&MemberCreateTimeStart=&MemberCreateTimeEnd=&ReturnVisitTimeStart=&ReturnVisitTimeEnd=&ConfirmDateStart=&ConfirmDateEnd=&BrandIDs=&CooperatedStatusIDs=&BeginMemberCooperatedTime=&EndMemberCooperatedTime=&BeginNoMemberCooperatedTime=&EndNoMemberCooperatedTime=&MemberTypeIDs=&ComeExcel=1&ContactOfficeTypeCode=-1&IsReturnMagazine=&ExecCycle=%E7%AC%AC10%E6%9C%9F&StartMemberCooperatedBeginTime=&EndMemberCooperatedBeginTime=&MemberSyncStatus=-1|LoadTime:2245|TrueName:马双君|BGName:测试测试测试|RoleName|超级管理员
2016-05-17 10:54:06	error	用户Cookies异常：System.Web.HttpCookie
2016-05-17 10:54:11	error	用户Cookies异常：System.Web.HttpCookie
2016-05-17 11:33:54	error	用户Cookies异常：System.Web.HttpCookie
2016-05-17 11:33:57	error	用户Cookies异常：System.Web.HttpCookie
2016-05-17 11:49:46	WebLog	RequestURL:ncc.sys1.bitauto.com/CRMStopCust/List.aspx|Para:|LoadTime:1481|TrueName:马双君|BGName:|RoleName|
2016-05-17 11:49:54	WebLog	RequestURL:ncc.sys1.bitauto.com/CustBaseInfo/List.aspx|Para:|LoadTime:1250|TrueName:马双君|BGName:测试测试测试|RoleName|超级管理员
2016-05-17 11:49:58	WebLog	RequestURL:ncc.sys1.bitauto.com/CustBaseInfo/CustSearch.aspx|Para:|LoadTime:385|TrueName:马双君|BGName:测试测试测试|RoleName|超级管理员
2016-05-17 11:50:08	AjaxLog	RequestURL:ncc.sys1.bitauto.com/AjaxServers/Statistics/CrmCustList.aspx|Para:?CustName=&CustAbbr=&ProvinceID=-1&CityID=-1&CountyID=&BrandIDs=&DistrictName=&CustStatus=&CustLockStatus=&CustHaveMember=false&CustHaveNoMember=false&Address=&CustID=&CreateCustStartDate=&CreateCustEndDate=&DataSource=&CooperatedStatusIDs=&BeginMemberCooperatedTime=&EndMemberCooperatedTime=&BeginNoMemberCooperatedTime=&EndNoMemberCooperatedTime=&MemberCooperateStatus=&CarType=&TradeMarketID=&CustType=|LoadTime:8844|TrueName:马双君|BGName:测试测试测试|RoleName|超级管理员
2016-05-17 11:51:01	error	用户Cookies异常：System.Web.HttpCookie
2016-05-17 11:51:02	error	用户Cookies异常：System.Web.HttpCookie
2016-05-17 12:40:56	WebLog	RequestURL:ncc.sys1.bitauto.com/CRMStopCust/List.aspx|Para:|LoadTime:1507|TrueName:马双君|BGName:|RoleName|
2016-05-17 12:41:00	WebLog	RequestURL:ncc.sys1.bitauto.com/ZuoxiManage/MainList.aspx|Para:|LoadTime:796|TrueName:马双君|BGName:测试测试测试|RoleName|超级管理员
2016-05-17 12:41:09	WebLog	RequestURL:ncc.sys1.bitauto.com/ProjectManage/ProjectList.aspx|Para:|LoadTime:1397|TrueName:马双君|BGName:测试测试测试|RoleName|超级管理员
2016-05-17 12:43:15	WebLog	RequestURL:ncc.sys1.bitauto.com/CRMStopCust/List.aspx|Para:|LoadTime:1073|TrueName:马双君|BGName:测试测试测试|RoleName|超级管理员
2016-05-17 12:43:24	WebLog	RequestURL:ncc.sys1.bitauto.com/OtherTask/OtherTaskList.aspx|Para:|LoadTime:1803|TrueName:马双君|BGName:测试测试测试|RoleName|超级管理员
2016-05-17 12:43:26	AjaxLog	RequestURL:ncc.sys1.bitauto.com/AjaxServers/OtherTask/OtherTaskList.aspx|Para:?PTID=&projectName=&status=2&group=-2&category=&creater=&oper=&beginTime=2016-04-17&endTime=2016-05-17&Agent=-2&pageSize=&CustID=&CustName=&r=0.28158562914608787|LoadTime:2964|TrueName:马双君|BGName:测试测试测试|RoleName|超级管理员
2016-05-17 12:43:26	AjaxLog	RequestURL:ncc.sys1.bitauto.com/AjaxServers/OtherTask/OtherTaskList.aspx|Para:?PTID=&projectName=test-masj002&status=2&group=-2&category=&creater=&oper=&beginTime=2016-04-17&endTime=2016-05-17&Agent=-2&pageSize=&CustID=&CustName=&r=0.8939242349758774|LoadTime:193|TrueName:马双君|BGName:测试测试测试|RoleName|超级管理员
2016-05-17 12:43:28	AjaxLog	RequestURL:ncc.sys1.bitauto.com/AjaxServers/OtherTask/OtherTaskList.aspx|Para:?PTID=&projectName=test-masj002&status=2&group=-2&category=&creater=&oper=&beginTime=2016-04-17&endTime=2016-05-17&Agent=-2&pageSize=&CustID=&CustName=&r=0.07470283764917496|LoadTime:118|TrueName:马双君|BGName:测试测试测试|RoleName|超级管理员
2016-05-17 12:43:31	WebLog	RequestURL:ncc.sys1.bitauto.com/ReturnVisit/ReturnVisitCustList.aspx|Para:|LoadTime:1143|TrueName:马双君|BGName:测试测试测试|RoleName|超级管理员
2016-05-17 12:43:44	AjaxLog	RequestURL:ncc.sys1.bitauto.com/AjaxServers/ReturnVisit/ReturnVisitCustList.aspx|Para:?pagesize=&CustName=&Brand=&Province=-1&City=&County=&SearchTrueNameID=&StartTime=&EndTime=&Contact=-2&ClientType=&CarType=&ProjectName=&NoResponser=-2&TagID=0|LoadTime:13270|TrueName:马双君|BGName:测试测试测试|RoleName|超级管理员
2016-05-17 12:43:55	WebLog	RequestURL:ncc.sys1.bitauto.com/ZuoxiManage/MainList.aspx|Para:|LoadTime:795|TrueName:马双君|BGName:测试测试测试|RoleName|超级管理员
2016-05-17 12:44:03	WebLog	RequestURL:ncc.sys1.bitauto.com/ProjectManage/ProjectList.aspx|Para:|LoadTime:1175|TrueName:马双君|BGName:测试测试测试|RoleName|超级管理员
2016-05-17 13:09:22	WebLog	RequestURL:ncc.sys1.bitauto.com/CRMStopCust/List.aspx|Para:|LoadTime:1301|TrueName:马双君|BGName:|RoleName|
2016-05-17 13:09:25	WebLog	RequestURL:ncc.sys1.bitauto.com/ReturnVisit/ReturnVisitCustList.aspx|Para:|LoadTime:871|TrueName:马双君|BGName:测试测试测试|RoleName|超级管理员
2016-05-17 13:09:26	AjaxLog	RequestURL:ncc.sys1.bitauto.com/AjaxServers/ReturnVisit/ReturnVisitCustList.aspx|Para:?pagesize=&CustName=&Brand=&Province=-1&City=&County=&SearchTrueNameID=&StartTime=&EndTime=&Contact=-2&ClientType=&CarType=&ProjectName=&NoResponser=-2&TagID=0|LoadTime:1988|TrueName:马双君|BGName:测试测试测试|RoleName|超级管理员
2016-05-17 13:52:59	WebLog	RequestURL:ncc.sys1.bitauto.com/CRMStopCust/List.aspx|Para:|LoadTime:6209|TrueName:马双君|BGName:测试测试测试|RoleName|超级管理员
2016-05-17 13:53:43	WebLog	RequestURL:ncc.sys1.bitauto.com/CustBaseInfo/List.aspx|Para:|LoadTime:1374|TrueName:马双君|BGName:测试测试测试|RoleName|超级管理员
2016-05-17 14:11:09	error	用户Cookies异常：System.Web.HttpCookie
2016-05-17 14:11:11	error	用户Cookies异常：System.Web.HttpCookie
2016-05-17 14:11:18	WebLog	RequestURL:ncc.sys1.bitauto.com/zuoxiManage/MainList.aspx|Para:|LoadTime:1240|TrueName:马双君|BGName:测试测试测试|RoleName|超级管理员
2016-05-17 14:11:56	Info	删除用户(ID：167785)在系统（ID：SYS024）下所有角色。
2016-05-17 14:11:56	Info	删除用户(ID：167785)在系统（ID：SYS032）下所有角色。
2016-05-17 14:12:59	Info	删除用户(ID：10523)在系统（ID：SYS024）下所有角色。
2016-05-17 14:12:59	Info	删除用户(ID：10523)在系统（ID：SYS032）下所有角色。
2016-05-17 14:26:40	Info	删除用户(ID：167785)在系统（ID：SYS024）下所有角色。
2016-05-17 14:26:40	Info	删除用户(ID：167785)在系统（ID：SYS032）下所有角色。
2016-05-17 14:27:25	Info	删除用户(ID：167785)在系统（ID：SYS024）下所有角色。
2016-05-17 14:27:26	Info	删除用户(ID：167785)在系统（ID：SYS032）下所有角色。
2016-05-17 14:30:18	WebLog	RequestURL:ncc.sys1.bitauto.com/ReturnVisit/ReturnVisitCustList.aspx|Para:|LoadTime:2265|TrueName:马双君|BGName:测试测试测试|RoleName|超级管理员
2016-05-17 14:30:36	AjaxLog	RequestURL:ncc.sys1.bitauto.com/AjaxServers/ReturnVisit/ReturnVisitCustList.aspx|Para:?pagesize=&CustName=&Brand=&Province=-1&City=&County=&SearchTrueNameID=&StartTime=&EndTime=&Contact=-2&ClientType=&CarType=&ProjectName=&NoResponser=-2&TagID=0|LoadTime:18801|TrueName:马双君|BGName:测试测试测试|RoleName|超级管理员
2016-05-17 14:31:33	AjaxLog	RequestURL:ncc.sys1.bitauto.com/AjaxServers/ReturnVisit/ReturnVisitCustList.aspx|Para:?pagesize=&CustName=&Brand=&Province=-1&City=&County=&SearchTrueNameID=&StartTime=&EndTime=&Contact=-2&ClientType=&CarType=&ProjectName=&NoResponser=-2&TagID=0|LoadTime:21569|TrueName:马双君|BGName:测试测试测试|RoleName|超级管理员
