2016-03-25 09:26:06	WebLog	RequestURL:ncc.sys1.bitauto.com/CRMStopCust/List.aspx|Para:|LoadTime:34221|TrueName:马双君
2016-03-25 09:26:15	WebLog	RequestURL:ncc.sys1.bitauto.com/OtherTask/OtherTaskList.aspx|Para:|LoadTime:856|TrueName:马双君
2016-03-25 09:26:23	AjaxLog	RequestURL:ncc.sys1.bitauto.com/AjaxServers/OtherTask/OtherTaskList.aspx|Para:?PTID=&projectName=&status=-1&group=&category=&creater=&oper=&beginTime=2015-12-26&endTime=2016-03-25&Agent=-2&pageSize=&CustID=&CustName=&r=0.6224415557376406|LoadTime:4798|TrueName:马双君
2016-03-25 09:26:42	AjaxLog	RequestURL:ncc.sys1.bitauto.com/AjaxServers/OtherTask/OtherTaskList.aspx|Para:?PTID=&projectName=%E6%B5%8B%E8%AF%95%E8%B0%83%E6%9F%A5%E9%97%AE%E5%8D%B7%E7%BB%93%E6%9E%9C%E5%AF%BC%E5%87%BA&status=-1&group=&category=&creater=&oper=&beginTime=2015-12-26&endTime=2016-03-25&Agent=-2&pageSize=&CustID=&CustName=&r=0.5562712169092089|LoadTime:763|TrueName:马双君
2016-03-25 09:26:50	WebLog	RequestURL:ncc.sys1.bitauto.com/OtherTask/OtherTaskDeal.aspx|Para:?OtherTaskID=OTH0283693&r=0.7758569215323633|LoadTime:1181|TrueName:马双君
2016-03-25 09:31:18	AjaxLog	RequestURL:ncc.sys1.bitauto.com/AjaxServers/OtherTask/OtherTaskList.aspx|Para:?PTID=&projectName=%E6%B5%8B%E8%AF%95%E8%B0%83%E6%9F%A5%E9%97%AE%E5%8D%B7%E7%BB%93%E6%9E%9C%E5%AF%BC%E5%87%BA&status=-1&group=&category=&creater=&oper=&beginTime=2015-12-26&endTime=2016-03-25&Agent=-2&pageSize=&CustID=&CustName=&r=0.04078484591848541|LoadTime:1026|TrueName:马双君
2016-03-25 11:24:20	WebLog	RequestURL:ncc.sys1.bitauto.com/OtherTask/OtherTaskList.aspx|Para:|LoadTime:954|TrueName:马双君
2016-03-25 11:24:23	AjaxLog	RequestURL:ncc.sys1.bitauto.com/AjaxServers/OtherTask/OtherTaskList.aspx|Para:?PTID=&projectName=%E6%B5%8B%E8%AF%95%E8%B0%83%E6%9F%A5%E9%97%AE%E5%8D%B7%E7%BB%93%E6%9E%9C%E5%AF%BC%E5%87%BA&status=2&group=&category=&creater=&oper=&beginTime=2015-12-26&endTime=2016-03-25&Agent=-2&pageSize=&CustID=&CustName=&r=0.9987333419008599|LoadTime:896|TrueName:马双君
2016-03-25 11:24:28	WebLog	RequestURL:ncc.sys1.bitauto.com/OtherTask/OtherTaskDeal.aspx|Para:?OtherTaskID=OTH0283694&r=0.05946866193705447|LoadTime:1416|TrueName:马双君
2016-03-25 11:28:02	WebLog	RequestURL:ncc.sys1.bitauto.com/OtherTask/OtherTaskDeal.aspx|Para:?OtherTaskID=OTH0283694&r=0.05946866193705447|LoadTime:2561|TrueName:马双君
2016-03-25 11:29:58	WebLog	RequestURL:ncc.sys1.bitauto.com/OtherTask/OtherTaskDeal.aspx|Para:?OtherTaskID=OTH0283694&r=0.05946866193705447|LoadTime:2947|TrueName:马双君
2016-03-25 11:30:30	WebLog	RequestURL:ncc.sys1.bitauto.com/OtherTask/OtherTaskDeal.aspx|Para:?OtherTaskID=OTH0283694&r=0.05946866193705447|LoadTime:2836|TrueName:马双君
2016-03-25 11:43:04	WebLog	RequestURL:ncc.sys1.bitauto.com/OtherTask/OtherTaskDeal.aspx|Para:?OtherTaskID=OTH0283694&r=0.05946866193705447|LoadTime:1791|TrueName:马双君
2016-03-25 11:43:42	WebLog	RequestURL:ncc.sys1.bitauto.com/OtherTask/OtherTaskDeal.aspx|Para:?OtherTaskID=OTH0283694&r=0.05946866193705447|LoadTime:2139|TrueName:马双君
2016-03-25 11:46:33	WebLog	RequestURL:ncc.sys1.bitauto.com/OtherTask/OtherTaskDeal.aspx|Para:?OtherTaskID=OTH0283694&r=0.05946866193705447|LoadTime:1032|TrueName:马双君
2016-03-25 11:49:42	WebLog	RequestURL:ncc.sys1.bitauto.com/OtherTask/OtherTaskDeal.aspx|Para:?OtherTaskID=OTH0283694&r=0.05946866193705447|LoadTime:1340|TrueName:马双君
2016-03-25 11:54:42	WebLog	RequestURL:ncc.sys1.bitauto.com/OtherTask/OtherTaskDeal.aspx|Para:?OtherTaskID=OTH0283694&r=0.05946866193705447|LoadTime:1696|TrueName:马双君
2016-03-25 12:00:47	WebLog	RequestURL:ncc.sys1.bitauto.com/OtherTask/OtherTaskDeal.aspx|Para:?OtherTaskID=OTH0283694&r=0.05946866193705447|LoadTime:2453|TrueName:马双君
2016-03-25 12:01:31	WebLog	RequestURL:ncc.sys1.bitauto.com/OtherTask/OtherTaskDeal.aspx|Para:?OtherTaskID=OTH0283694&r=0.05946866193705447|LoadTime:2091|TrueName:马双君
2016-03-25 12:06:38	WebLog	RequestURL:ncc.sys1.bitauto.com/OtherTask/OtherTaskDeal.aspx|Para:?OtherTaskID=OTH0283694&r=0.05946866193705447|LoadTime:1194|TrueName:马双君
2016-03-25 12:07:37	WebLog	RequestURL:ncc.sys1.bitauto.com/OtherTask/OtherTaskDeal.aspx|Para:?OtherTaskID=OTH0283694&r=0.05946866193705447|LoadTime:2565|TrueName:马双君
2016-03-25 12:11:47	WebLog	RequestURL:ncc.sys1.bitauto.com/OtherTask/OtherTaskDeal.aspx|Para:?OtherTaskID=OTH0283694&r=0.05946866193705447|LoadTime:2852|TrueName:马双君
2016-03-25 12:39:33	AjaxLog	RequestURL:ncc.sys1.bitauto.com/AjaxServers/OtherTask/OtherTaskList.aspx|Para:?PTID=&projectName=%E6%B5%8B%E8%AF%95%E8%B0%83%E6%9F%A5%E9%97%AE%E5%8D%B7%E7%BB%93%E6%9E%9C%E5%AF%BC%E5%87%BA&status=2&group=&category=&creater=&oper=&beginTime=2015-12-26&endTime=2016-03-25&Agent=-2&pageSize=&CustID=&CustName=&r=0.04321355531946525|LoadTime:986|TrueName:马双君
2016-03-25 12:41:18	AjaxLog	RequestURL:ncc.sys1.bitauto.com/AjaxServers/OtherTask/OtherTaskList.aspx|Para:?PTID=&projectName=%E6%B5%8B%E8%AF%95%E8%B0%83%E6%9F%A5%E9%97%AE%E5%8D%B7%E7%BB%93%E6%9E%9C%E5%AF%BC%E5%87%BA&status=2&group=&category=&creater=&oper=&beginTime=2015-12-26&endTime=2016-03-25&Agent=-2&pageSize=&CustID=&CustName=&r=0.047930324659513635|LoadTime:188|TrueName:马双君
2016-03-25 12:41:22	WebLog	RequestURL:ncc.sys1.bitauto.com/OtherTask/OtherTaskDeal.aspx|Para:?OtherTaskID=OTH0283697&r=0.6711144138641345|LoadTime:1499|TrueName:马双君
2016-03-25 12:42:34	AjaxLog	RequestURL:ncc.sys1.bitauto.com/AjaxServers/OtherTask/OtherTaskList.aspx|Para:?PTID=&projectName=%E6%B5%8B%E8%AF%95%E8%B0%83%E6%9F%A5%E9%97%AE%E5%8D%B7%E7%BB%93%E6%9E%9C%E5%AF%BC%E5%87%BA&status=2&group=&category=&creater=&oper=&beginTime=2015-12-26&endTime=2016-03-25&Agent=-2&pageSize=&CustID=&CustName=&r=0.1536042417231045|LoadTime:787|TrueName:马双君
2016-03-25 12:43:00	WebLog	RequestURL:ncc.sys1.bitauto.com/OtherTask/OtherTaskDeal.aspx|Para:?OtherTaskID=OTH0283698&r=0.9212019248128934|LoadTime:2597|TrueName:马双君
2016-03-25 15:12:01	WebLog	RequestURL:ncc.sys1.bitauto.com/OtherTask/OtherTaskDeal.aspx|Para:?OtherTaskID=OTH0283698&r=0.9212019248128934|LoadTime:2495|TrueName:马双君
2016-03-25 15:12:18	WebLog	RequestURL:ncc.sys1.bitauto.com/OtherTask/OtherTaskDeal.aspx|Para:?OtherTaskID=OTH0283698&r=0.9212019248128934|LoadTime:2818|TrueName:马双君
2016-03-25 15:14:49	WebLog	RequestURL:ncc.sys1.bitauto.com/OtherTask/OtherTaskDeal.aspx|Para:?OtherTaskID=OTH0283698&r=0.9212019248128934|LoadTime:2404|TrueName:马双君
2016-03-25 15:15:52	AjaxLog	RequestURL:ncc.sys1.bitauto.com/AjaxServers/OtherTask/OtherTaskList.aspx|Para:?PTID=&projectName=%E6%B5%8B%E8%AF%95%E8%B0%83%E6%9F%A5%E9%97%AE%E5%8D%B7%E7%BB%93%E6%9E%9C%E5%AF%BC%E5%87%BA&status=2&group=&category=&creater=&oper=&beginTime=2015-12-26&endTime=2016-03-25&Agent=-2&pageSize=&CustID=&CustName=&r=0.6456796036390077|LoadTime:1073|TrueName:马双君
2016-03-25 15:16:11	AjaxLog	RequestURL:ncc.sys1.bitauto.com/AjaxServers/OtherTask/OtherTaskList.aspx|Para:?PTID=&projectName=%E6%B5%8B%E8%AF%95%E8%B0%83%E6%9F%A5%E9%97%AE%E5%8D%B7%E7%BB%93%E6%9E%9C%E5%AF%BC%E5%87%BA&status=2&group=&category=&creater=&oper=&beginTime=2015-12-26&endTime=2016-03-25&Agent=-2&pageSize=&CustID=&CustName=&r=0.37592325999154697|LoadTime:168|TrueName:马双君
2016-03-25 15:16:21	AjaxLog	RequestURL:ncc.sys1.bitauto.com/AjaxServers/OtherTask/OtherTaskList.aspx|Para:?PTID=&projectName=%E6%B5%8B%E8%AF%95%E8%B0%83%E6%9F%A5%E9%97%AE%E5%8D%B7%E7%BB%93%E6%9E%9C%E5%AF%BC%E5%87%BA&status=2&group=&category=&creater=&oper=&beginTime=2015-12-26&endTime=2016-03-25&Agent=-2&pageSize=&CustID=&CustName=&r=0.5295670575960149|LoadTime:139|TrueName:马双君
2016-03-25 15:16:27	WebLog	RequestURL:ncc.sys1.bitauto.com/OtherTask/OtherTaskDeal.aspx|Para:?OtherTaskID=OTH0283701&r=0.9729338808403323|LoadTime:2578|TrueName:马双君
2016-03-25 15:16:35	WebLog	RequestURL:ncc.sys1.bitauto.com/OtherTask/OtherTaskDeal.aspx|Para:?OtherTaskID=OTH0283701&r=0.9729338808403323|LoadTime:2957|TrueName:马双君
2016-03-25 15:16:59	AjaxLog	RequestURL:ncc.sys1.bitauto.com/AjaxServers/OtherTask/OtherTaskList.aspx|Para:?PTID=&projectName=%E6%B5%8B%E8%AF%95%E8%B0%83%E6%9F%A5%E9%97%AE%E5%8D%B7%E7%BB%93%E6%9E%9C%E5%AF%BC%E5%87%BA&status=2&group=&category=&creater=&oper=&beginTime=2015-12-26&endTime=2016-03-25&Agent=-2&pageSize=&CustID=&CustName=&r=0.20450705238820133|LoadTime:1040|TrueName:马双君
2016-03-25 15:21:47	AjaxLog	RequestURL:ncc.sys1.bitauto.com/AjaxServers/OtherTask/OtherTaskList.aspx|Para:?PTID=&projectName=%E6%B5%8B%E8%AF%95%E8%B0%83%E6%9F%A5%E9%97%AE%E5%8D%B7%E7%BB%93%E6%9E%9C%E5%AF%BC%E5%87%BA&status=2&group=&category=&creater=&oper=&beginTime=2015-12-26&endTime=2016-03-25&Agent=-2&pageSize=&CustID=&CustName=&r=0.35223397053335515|LoadTime:7395|TrueName:马双君
2016-03-25 15:21:54	WebLog	RequestURL:ncc.sys1.bitauto.com/OtherTask/OtherTaskDeal.aspx|Para:?OtherTaskID=OTH0283700&r=0.9677954037889785|LoadTime:1273|TrueName:马双君
2016-03-25 15:22:04	WebLog	RequestURL:ncc.sys1.bitauto.com/OtherTask/OtherTaskDeal.aspx|Para:?OtherTaskID=OTH0283700&r=0.9677954037889785|LoadTime:2565|TrueName:马双君
2016-03-25 15:23:18	AjaxLog	RequestURL:ncc.sys1.bitauto.com/AjaxServers/OtherTask/OtherTaskList.aspx|Para:?PTID=&projectName=%E6%B5%8B%E8%AF%95%E8%B0%83%E6%9F%A5%E9%97%AE%E5%8D%B7%E7%BB%93%E6%9E%9C%E5%AF%BC%E5%87%BA&status=2&group=&category=&creater=&oper=&beginTime=2015-12-26&endTime=2016-03-25&Agent=-2&pageSize=&CustID=&CustName=&r=0.6769149795495519|LoadTime:731|TrueName:马双君
2016-03-25 15:26:07	AjaxLog	RequestURL:ncc.sys1.bitauto.com/AjaxServers/OtherTask/OtherTaskList.aspx|Para:?PTID=&projectName=%E6%B5%8B%E8%AF%95%E8%B0%83%E6%9F%A5%E9%97%AE%E5%8D%B7%E7%BB%93%E6%9E%9C%E5%AF%BC%E5%87%BA&status=2&group=&category=&creater=&oper=&beginTime=2015-12-26&endTime=2016-03-25&Agent=-2&pageSize=&CustID=&CustName=&r=0.5081313245151743|LoadTime:6529|TrueName:马双君
2016-03-25 15:26:13	WebLog	RequestURL:ncc.sys1.bitauto.com/OtherTask/OtherTaskDeal.aspx|Para:?OtherTaskID=OTH0283702&r=0.17133583453991064|LoadTime:1962|TrueName:马双君
2016-03-25 15:26:45	AjaxLog	RequestURL:ncc.sys1.bitauto.com/AjaxServers/OtherTask/OtherTaskList.aspx|Para:?PTID=&projectName=%E6%B5%8B%E8%AF%95%E8%B0%83%E6%9F%A5%E9%97%AE%E5%8D%B7%E7%BB%93%E6%9E%9C%E5%AF%BC%E5%87%BA&status=2&group=&category=&creater=&oper=&beginTime=2015-12-26&endTime=2016-03-25&Agent=-2&pageSize=&CustID=&CustName=&r=0.4701017599769136|LoadTime:572|TrueName:马双君
2016-03-25 15:27:08	AjaxLog	RequestURL:ncc.sys1.bitauto.com/AjaxServers/OtherTask/OtherTaskList.aspx|Para:?PTID=&projectName=%E6%B5%8B%E8%AF%95%E8%B0%83%E6%9F%A5%E9%97%AE%E5%8D%B7%E7%BB%93%E6%9E%9C%E5%AF%BC%E5%87%BA&status=2&group=&category=&creater=&oper=&beginTime=2015-12-26&endTime=2016-03-25&Agent=-2&pageSize=&CustID=&CustName=&r=0.3559886661918882|LoadTime:102|TrueName:马双君
2016-03-25 15:27:11	WebLog	RequestURL:ncc.sys1.bitauto.com/OtherTask/OtherTaskDeal.aspx|Para:?OtherTaskID=OTH0283699&r=0.7682396155476647|LoadTime:1028|TrueName:马双君
2016-03-25 15:27:35	AjaxLog	RequestURL:ncc.sys1.bitauto.com/AjaxServers/OtherTask/OtherTaskList.aspx|Para:?PTID=&projectName=%E6%B5%8B%E8%AF%95%E8%B0%83%E6%9F%A5%E9%97%AE%E5%8D%B7%E7%BB%93%E6%9E%9C%E5%AF%BC%E5%87%BA&status=2&group=&category=&creater=&oper=&beginTime=2015-12-26&endTime=2016-03-25&Agent=-2&pageSize=&CustID=&CustName=&r=0.5313969027201969|LoadTime:876|TrueName:马双君
2016-03-25 15:27:53	AjaxLog	RequestURL:ncc.sys1.bitauto.com/AjaxServers/OtherTask/OtherTaskList.aspx|Para:?PTID=&projectName=%E6%B5%8B%E8%AF%95%E8%B0%83%E6%9F%A5%E9%97%AE%E5%8D%B7%E7%BB%93%E6%9E%9C%E5%AF%BC%E5%87%BA&status=2&group=&category=&creater=&oper=&beginTime=2015-12-26&endTime=2016-03-25&Agent=-2&pageSize=&CustID=&CustName=&r=0.4915763278477726|LoadTime:194|TrueName:马双君
2016-03-25 15:27:57	WebLog	RequestURL:ncc.sys1.bitauto.com/OtherTask/OtherTaskDeal.aspx|Para:?OtherTaskID=OTH0283696&r=0.8046610952795515|LoadTime:2131|TrueName:马双君
2016-03-25 15:28:17	AjaxLog	RequestURL:ncc.sys1.bitauto.com/AjaxServers/OtherTask/OtherTaskList.aspx|Para:?PTID=&projectName=%E6%B5%8B%E8%AF%95%E8%B0%83%E6%9F%A5%E9%97%AE%E5%8D%B7%E7%BB%93%E6%9E%9C%E5%AF%BC%E5%87%BA&status=2&group=&category=&creater=&oper=&beginTime=2015-12-26&endTime=2016-03-25&Agent=-2&pageSize=&CustID=&CustName=&r=0.9074683117380568|LoadTime:786|TrueName:马双君
2016-03-25 15:28:30	AjaxLog	RequestURL:ncc.sys1.bitauto.com/AjaxServers/OtherTask/OtherTaskList.aspx|Para:?PTID=OTH0283696&projectName=&status=2&group=&category=&creater=&oper=&beginTime=2015-12-26&endTime=2016-03-25&Agent=-2&pageSize=&CustID=&CustName=&r=0.5684139725832851|LoadTime:226|TrueName:马双君
2016-03-25 15:28:32	AjaxLog	RequestURL:ncc.sys1.bitauto.com/AjaxServers/OtherTask/OtherTaskList.aspx|Para:?PTID=OTH0283696&projectName=&status=-1&group=&category=&creater=&oper=&beginTime=2015-12-26&endTime=2016-03-25&Agent=-2&pageSize=&CustID=&CustName=&r=0.2636073475299333|LoadTime:223|TrueName:马双君
2016-03-25 15:32:09	WebLog	RequestURL:ncc.sys1.bitauto.com/OtherTask/OtherTaskList.aspx|Para:|LoadTime:3273|TrueName:马双君
2016-03-25 15:32:16	WebLog	RequestURL:ncc.sys1.bitauto.com/ZuoxiManage/MainList.aspx|Para:|LoadTime:1071|TrueName:马双君
2016-03-25 15:32:24	WebLog	RequestURL:ncc.sys1.bitauto.com/SurveyInfo/SurveyMapping/SurveyMappingList.aspx|Para:|LoadTime:1377|TrueName:马双君
