2016-03-29 14:09:09	error	用户Cookies异常：System.Web.HttpCookie
2016-03-29 14:09:47	error	用户Cookies异常：System.Web.HttpCookie
2016-03-29 14:10:21	WebLog	RequestURL:ncc.sys1.bitauto.com/QualityStandard/List.aspx|Para:|LoadTime:3471|TrueName:马双君
2016-03-29 14:18:25	WebLog	RequestURL:ncc.sys1.bitauto.com/QualityStandard/List.aspx|Para:|LoadTime:1218|TrueName:马双君
2016-03-29 14:19:10	WebLog	RequestURL:ncc.sys1.bitauto.com/QualityStandard/List.aspx|Para:|LoadTime:1257|TrueName:马双君
2016-03-29 14:19:28	WebLog	RequestURL:ncc.sys1.bitauto.com/QualityStandard/List.aspx|Para:|LoadTime:1984|TrueName:马双君
2016-03-29 14:19:51	AjaxLog	RequestURL:ncc.sys1.bitauto.com/AjaxServers/QualityStandard/List.aspx|Para:?PhoneNum=&BeginTime=2016-03-2300:00:00&EndTime=2016-03-2923:59:59&BGID=-1&SCID=-1&ANI=&SpanTime1=&SpanTime2=&ScoreTable=-1&BusinessID=&ScoreBeginTime=&ScoreEndTime=&ScoreCreater=-1&CallID=&CreateUserID=&SelSolve=-1&IVRScore=-1&QSResultStatus=-1&Browser=FF|LoadTime:3384|TrueName:马双君
2016-03-29 14:27:02	WebLog	RequestURL:ncc.sys1.bitauto.com/QualityStandard/List.aspx|Para:|LoadTime:1749|TrueName:马双君
2016-03-29 14:27:07	AjaxLog	RequestURL:ncc.sys1.bitauto.com/AjaxServers/QualityStandard/List.aspx|Para:?PhoneNum=&BeginTime=2016-03-2300:00:00&EndTime=2016-03-2923:59:59&BGID=-1&SCID=-1&ANI=&SpanTime1=&SpanTime2=&ScoreTable=-1&BusinessID=&ScoreBeginTime=&ScoreEndTime=&ScoreCreater=-1&CallID=&CreateUserID=&SelSolve=-1&IVRScore=-1&Qualified=-1&QSResultStatus=-1&Browser=FF|LoadTime:236|TrueName:马双君
2016-03-29 14:27:23	AjaxLog	RequestURL:ncc.sys1.bitauto.com/AjaxServers/QualityStandard/List.aspx|Para:?PhoneNum=&BeginTime=2016-03-2300:00:00&EndTime=2016-03-2923:59:59&BGID=-1&SCID=-1&ANI=&SpanTime1=&SpanTime2=&ScoreTable=-1&BusinessID=&ScoreBeginTime=&ScoreEndTime=&ScoreCreater=-1&CallID=&CreateUserID=&SelSolve=-1&IVRScore=-1&QSResultStatus=-1&Browser=FF|LoadTime:513|TrueName:马双君
2016-03-29 14:27:25	AjaxLog	RequestURL:ncc.sys1.bitauto.com/AjaxServers/QualityStandard/List.aspx|Para:?PhoneNum=&BeginTime=2016-03-2300:00:00&EndTime=2016-03-2923:59:59&BGID=-1&SCID=-1&ANI=&SpanTime1=&SpanTime2=&ScoreTable=-1&BusinessID=&ScoreBeginTime=&ScoreEndTime=&ScoreCreater=-1&CallID=&CreateUserID=&SelSolve=-1&IVRScore=-1&QSResultStatus=-1&Browser=FF&CustID=CB145925063820833&CustID=CB144723953534400&CustID=CB144864501372567&CustID=CB144864501372567&CustID=CB144864501372567&CustID=CB144864501372567&CustID=CB144864501372567&CustID=CB144864501372567&CustID=CB144864501372567&CustID=CB144864501372567&CustID=CB144864501372567&CustID=CB144864501372567&CustID=CB144864501372567&CustID=CB144864501372567&CustID=CB144864501372567&CustID=CB144864501372567&CustID=CB144864501372567&CustID=CB144864501372567&CustID=CB145884045134121|LoadTime:607|TrueName:马双君
2016-03-29 14:27:57	AjaxLog	RequestURL:ncc.sys1.bitauto.com/AjaxServers/QualityStandard/List.aspx|Para:?PhoneNum=&BeginTime=2016-03-2300:00:00&EndTime=2016-03-2923:59:59&BGID=-1&SCID=-1&ANI=&SpanTime1=&SpanTime2=&ScoreTable=-1&BusinessID=&ScoreBeginTime=&ScoreEndTime=&ScoreCreater=-1&CallID=&CreateUserID=&SelSolve=-1&IVRScore=-1&Qualified=1&QSResultStatus=-1&Browser=FF&CustID=CB145925063820833&CustID=CB144723953534400&CustID=CB144864501372567&CustID=CB144864501372567&CustID=CB144864501372567&CustID=CB144864501372567&CustID=CB144864501372567&CustID=CB144864501372567&CustID=CB144864501372567&CustID=CB144864501372567&CustID=CB144864501372567&CustID=CB144864501372567&CustID=CB144864501372567&CustID=CB144864501372567&CustID=CB144864501372567&CustID=CB144864501372567&CustID=CB144864501372567&CustID=CB144864501372567&CustID=CB145884045134121|LoadTime:356|TrueName:马双君
2016-03-29 14:28:09	AjaxLog	RequestURL:ncc.sys1.bitauto.com/AjaxServers/QualityStandard/List.aspx|Para:?PhoneNum=&BeginTime=2016-03-2300:00:00&EndTime=2016-03-2923:59:59&BGID=-1&SCID=-1&ANI=&SpanTime1=&SpanTime2=&ScoreTable=-1&BusinessID=&ScoreBeginTime=&ScoreEndTime=&ScoreCreater=-1&CallID=&CreateUserID=&SelSolve=-1&IVRScore=-1&QSResultStatus=-1&Browser=FF|LoadTime:544|TrueName:马双君
2016-03-29 14:28:51	AjaxLog	RequestURL:ncc.sys1.bitauto.com/AjaxServers/QualityStandard/List.aspx|Para:?PhoneNum=&BeginTime=2016-03-2300:00:00&EndTime=2016-03-2923:59:59&BGID=-1&SCID=-1&ANI=&SpanTime1=&SpanTime2=&ScoreTable=-1&BusinessID=&ScoreBeginTime=&ScoreEndTime=&ScoreCreater=-1&CallID=&CreateUserID=&SelSolve=-1&IVRScore=-1&Qualified=-1&QSResultStatus=-1&Browser=FF&CustID=CB145925063820833&CustID=CB144723953534400&CustID=CB144864501372567&CustID=CB144864501372567&CustID=CB144864501372567&CustID=CB144864501372567&CustID=CB144864501372567&CustID=CB144864501372567&CustID=CB144864501372567&CustID=CB144864501372567&CustID=CB144864501372567&CustID=CB144864501372567&CustID=CB144864501372567&CustID=CB144864501372567&CustID=CB144864501372567&CustID=CB144864501372567&CustID=CB144864501372567&CustID=CB144864501372567&CustID=CB145884045134121|LoadTime:211|TrueName:马双君
2016-03-29 14:29:10	AjaxLog	RequestURL:ncc.sys1.bitauto.com/AjaxServers/QualityStandard/List.aspx|Para:?PhoneNum=&BeginTime=2016-03-2300:00:00&EndTime=2016-03-2923:59:59&BGID=-1&SCID=-1&ANI=&SpanTime1=&SpanTime2=&ScoreTable=-1&BusinessID=&ScoreBeginTime=&ScoreEndTime=&ScoreCreater=-1&CallID=&CreateUserID=&SelSolve=-1&IVRScore=-1&QSResultStatus=-1&Browser=FF&Qualified=1,-1|LoadTime:300|TrueName:马双君
2016-03-29 14:30:57	WebLog	RequestURL:ncc.sys1.bitauto.com/QualityStandard/ScoreTableManage/List.aspx|Para:|LoadTime:1305|TrueName:马双君
2016-03-29 14:30:58	AjaxLog	RequestURL:ncc.sys1.bitauto.com/AjaxServers/QualityStandard/ScoreTableManage/List.aspx|Para:?Name=&CreateUserID=-1&BeginTime=&EndTime=|LoadTime:1157|TrueName:马双君
2016-03-29 14:31:10	WebLog	RequestURL:ncc.sys1.bitauto.com/QualityStandard/ApplyRange/ApplyRangeList.aspx|Para:|LoadTime:720|TrueName:马双君
2016-03-29 14:31:16	WebLog	RequestURL:ncc.sys1.bitauto.com/QualityStandard/StatManage/ScoreStat.aspx|Para:|LoadTime:1182|TrueName:马双君
2016-03-29 14:31:18	AjaxLog	RequestURL:ncc.sys1.bitauto.com/AjaxServers/QualityStandard/StatManage/ScoreStat.aspx|Para:?UserID=&GroupID=-1&BeginTime=2015-12-29&EndTime=2016-03-29&RecordBeginTime=&RecordEndTime=|LoadTime:1311|TrueName:马双君
2016-03-29 14:31:23	WebLog	RequestURL:ncc.sys1.bitauto.com/KnowledgeLib/Personalization/FrequencyStatistics.aspx|Para:|LoadTime:1522|TrueName:马双君
2016-03-29 14:32:21	WebLog	RequestURL:ncc.sys1.bitauto.com/QualityStandard/StatManage/ScoreStat.aspx|Para:|LoadTime:1375|TrueName:马双君
2016-03-29 14:32:21	AjaxLog	RequestURL:ncc.sys1.bitauto.com/AjaxServers/QualityStandard/StatManage/ScoreStat.aspx|Para:?UserID=&GroupID=-1&BeginTime=2015-12-29&EndTime=2016-03-29&RecordBeginTime=&RecordEndTime=|LoadTime:277|TrueName:马双君
2016-03-29 14:33:17	WebLog	RequestURL:ncc.sys1.bitauto.com/KnowledgeLib/Personalization/GradeStatistics.aspx|Para:|LoadTime:654|TrueName:马双君
2016-03-29 14:33:31	WebLog	RequestURL:ncc.sys1.bitauto.com/QualityStandard/StatManage/AppealStat.aspx|Para:|LoadTime:1266|TrueName:马双君
2016-03-29 14:33:43	WebLog	RequestURL:ncc.sys1.bitauto.com/QualityStandard/StatManage/WorkloadStat.aspx|Para:|LoadTime:1303|TrueName:马双君
2016-03-29 14:33:54	WebLog	RequestURL:ncc.sys1.bitauto.com/QualityStandard/StatManage/ScoreStat.aspx|Para:|LoadTime:1253|TrueName:马双君
2016-03-29 14:33:54	AjaxLog	RequestURL:ncc.sys1.bitauto.com/AjaxServers/QualityStandard/StatManage/ScoreStat.aspx|Para:?UserID=&GroupID=-1&BeginTime=2015-12-29&EndTime=2016-03-29&RecordBeginTime=&RecordEndTime=|LoadTime:212|TrueName:马双君
2016-03-29 14:35:48	WebLog	RequestURL:ncc.sys1.bitauto.com/QualityStandard/List.aspx|Para:|LoadTime:1533|TrueName:马双君
2016-03-29 14:35:51	AjaxLog	RequestURL:ncc.sys1.bitauto.com/AjaxServers/QualityStandard/List.aspx|Para:?PhoneNum=&BeginTime=2016-03-2300:00:00&EndTime=2016-03-2923:59:59&BGID=-1&SCID=-1&ANI=&SpanTime1=&SpanTime2=&ScoreTable=-1&BusinessID=&ScoreBeginTime=&ScoreEndTime=&ScoreCreater=-1&CallID=&CreateUserID=&SelSolve=-1&IVRScore=-1&QSResultStatus=-1&Browser=FF|LoadTime:836|TrueName:马双君
2016-03-29 14:47:18	WebLog	RequestURL:ncc.sys1.bitauto.com/QualityStandard/List.aspx|Para:|LoadTime:1536|TrueName:马双君
2016-03-29 14:48:55	WebLog	RequestURL:ncc.sys1.bitauto.com/QualityStandard/List.aspx|Para:|LoadTime:1842|TrueName:马双君
2016-03-29 14:49:01	AjaxLog	RequestURL:ncc.sys1.bitauto.com/AjaxServers/QualityStandard/List.aspx|Para:?PhoneNum=&BeginTime=2016-03-2300:00:00&EndTime=2016-03-2923:59:59&BGID=-1&SCID=-1&ANI=&SpanTime1=&SpanTime2=&ScoreTable=-1&BusinessID=&ScoreBeginTime=&ScoreEndTime=&ScoreCreater=-1&CallID=&CreateUserID=&SelSolve=-1&IVRScore=-1&QSResultStatus=-1&Browser=FF|LoadTime:2721|TrueName:马双君
2016-03-29 14:49:11	AjaxLog	RequestURL:ncc.sys1.bitauto.com/AjaxServers/QualityStandard/List.aspx|Para:?PhoneNum=&BeginTime=2016-03-2300:00:00&EndTime=2016-03-2923:59:59&BGID=-1&SCID=-1&ANI=&SpanTime1=&SpanTime2=&ScoreTable=58&BusinessID=&ScoreBeginTime=&ScoreEndTime=&ScoreCreater=-1&CallID=&CreateUserID=&SelSolve=-1&IVRScore=-1&QSResultStatus=-1&Browser=FF&CustID=CB145925063820833&CustID=CB144723953534400&CustID=CB144864501372567&CustID=CB144864501372567&CustID=CB144864501372567&CustID=CB144864501372567&CustID=CB144864501372567&CustID=CB144864501372567&CustID=CB144864501372567&CustID=CB144864501372567&CustID=CB144864501372567&CustID=CB144864501372567&CustID=CB144864501372567&CustID=CB144864501372567&CustID=CB144864501372567&CustID=CB144864501372567&CustID=CB144864501372567&CustID=CB144864501372567&CustID=CB145884045134121|LoadTime:496|TrueName:马双君
2016-03-29 14:49:17	AjaxLog	RequestURL:ncc.sys1.bitauto.com/AjaxServers/QualityStandard/List.aspx|Para:?PhoneNum=&BeginTime=2016-03-2300:00:00&EndTime=2016-03-2923:59:59&BGID=-1&SCID=-1&ANI=&SpanTime1=&SpanTime2=&ScoreTable=42&BusinessID=&ScoreBeginTime=&ScoreEndTime=&ScoreCreater=-1&CallID=&CreateUserID=&SelSolve=-1&IVRScore=-1&QSResultStatus=-1&Browser=FF|LoadTime:734|TrueName:马双君
2016-03-29 14:49:21	AjaxLog	RequestURL:ncc.sys1.bitauto.com/AjaxServers/QualityStandard/List.aspx|Para:?PhoneNum=&BeginTime=2016-03-2300:00:00&EndTime=2016-03-2923:59:59&BGID=-1&SCID=-1&ANI=&SpanTime1=&SpanTime2=&ScoreTable=1&BusinessID=&ScoreBeginTime=&ScoreEndTime=&ScoreCreater=-1&CallID=&CreateUserID=&SelSolve=-1&IVRScore=-1&QSResultStatus=-1&Browser=FF|LoadTime:360|TrueName:马双君
2016-03-29 14:49:25	AjaxLog	RequestURL:ncc.sys1.bitauto.com/AjaxServers/QualityStandard/List.aspx|Para:?PhoneNum=&BeginTime=2016-03-2300:00:00&EndTime=2016-03-2923:59:59&BGID=-1&SCID=-1&ANI=&SpanTime1=&SpanTime2=&ScoreTable=3&BusinessID=&ScoreBeginTime=&ScoreEndTime=&ScoreCreater=-1&CallID=&CreateUserID=&SelSolve=-1&IVRScore=-1&QSResultStatus=-1&Browser=FF|LoadTime:767|TrueName:马双君
2016-03-29 14:49:28	AjaxLog	RequestURL:ncc.sys1.bitauto.com/AjaxServers/QualityStandard/List.aspx|Para:?PhoneNum=&BeginTime=2016-03-2300:00:00&EndTime=2016-03-2923:59:59&BGID=-1&SCID=-1&ANI=&SpanTime1=&SpanTime2=&ScoreTable=4&BusinessID=&ScoreBeginTime=&ScoreEndTime=&ScoreCreater=-1&CallID=&CreateUserID=&SelSolve=-1&IVRScore=-1&QSResultStatus=-1&Browser=FF|LoadTime:328|TrueName:马双君
2016-03-29 14:49:32	AjaxLog	RequestURL:ncc.sys1.bitauto.com/AjaxServers/QualityStandard/List.aspx|Para:?PhoneNum=&BeginTime=2016-03-2300:00:00&EndTime=2016-03-2923:59:59&BGID=-1&SCID=-1&ANI=&SpanTime1=&SpanTime2=&ScoreTable=7&BusinessID=&ScoreBeginTime=&ScoreEndTime=&ScoreCreater=-1&CallID=&CreateUserID=&SelSolve=-1&IVRScore=-1&QSResultStatus=-1&Browser=FF|LoadTime:692|TrueName:马双君
2016-03-29 14:49:35	AjaxLog	RequestURL:ncc.sys1.bitauto.com/AjaxServers/QualityStandard/List.aspx|Para:?PhoneNum=&BeginTime=2016-03-2300:00:00&EndTime=2016-03-2923:59:59&BGID=-1&SCID=-1&ANI=&SpanTime1=&SpanTime2=&ScoreTable=8&BusinessID=&ScoreBeginTime=&ScoreEndTime=&ScoreCreater=-1&CallID=&CreateUserID=&SelSolve=-1&IVRScore=-1&QSResultStatus=-1&Browser=FF|LoadTime:364|TrueName:马双君
2016-03-29 14:49:38	AjaxLog	RequestURL:ncc.sys1.bitauto.com/AjaxServers/QualityStandard/List.aspx|Para:?PhoneNum=&BeginTime=2016-03-2300:00:00&EndTime=2016-03-2923:59:59&BGID=-1&SCID=-1&ANI=&SpanTime1=&SpanTime2=&ScoreTable=11&BusinessID=&ScoreBeginTime=&ScoreEndTime=&ScoreCreater=-1&CallID=&CreateUserID=&SelSolve=-1&IVRScore=-1&QSResultStatus=-1&Browser=FF|LoadTime:410|TrueName:马双君
2016-03-29 14:49:41	AjaxLog	RequestURL:ncc.sys1.bitauto.com/AjaxServers/QualityStandard/List.aspx|Para:?PhoneNum=&BeginTime=2016-03-2300:00:00&EndTime=2016-03-2923:59:59&BGID=-1&SCID=-1&ANI=&SpanTime1=&SpanTime2=&ScoreTable=22&BusinessID=&ScoreBeginTime=&ScoreEndTime=&ScoreCreater=-1&CallID=&CreateUserID=&SelSolve=-1&IVRScore=-1&QSResultStatus=-1&Browser=FF|LoadTime:483|TrueName:马双君
2016-03-29 14:49:44	AjaxLog	RequestURL:ncc.sys1.bitauto.com/AjaxServers/QualityStandard/List.aspx|Para:?PhoneNum=&BeginTime=2016-03-2300:00:00&EndTime=2016-03-2923:59:59&BGID=-1&SCID=-1&ANI=&SpanTime1=&SpanTime2=&ScoreTable=26&BusinessID=&ScoreBeginTime=&ScoreEndTime=&ScoreCreater=-1&CallID=&CreateUserID=&SelSolve=-1&IVRScore=-1&QSResultStatus=-1&Browser=FF|LoadTime:451|TrueName:马双君
2016-03-29 14:49:48	AjaxLog	RequestURL:ncc.sys1.bitauto.com/AjaxServers/QualityStandard/List.aspx|Para:?PhoneNum=&BeginTime=2016-03-2300:00:00&EndTime=2016-03-2923:59:59&BGID=-1&SCID=-1&ANI=&SpanTime1=&SpanTime2=&ScoreTable=28&BusinessID=&ScoreBeginTime=&ScoreEndTime=&ScoreCreater=-1&CallID=&CreateUserID=&SelSolve=-1&IVRScore=-1&QSResultStatus=-1&Browser=FF|LoadTime:843|TrueName:马双君
2016-03-29 14:49:51	AjaxLog	RequestURL:ncc.sys1.bitauto.com/AjaxServers/QualityStandard/List.aspx|Para:?PhoneNum=&BeginTime=2016-03-2300:00:00&EndTime=2016-03-2923:59:59&BGID=-1&SCID=-1&ANI=&SpanTime1=&SpanTime2=&ScoreTable=37&BusinessID=&ScoreBeginTime=&ScoreEndTime=&ScoreCreater=-1&CallID=&CreateUserID=&SelSolve=-1&IVRScore=-1&QSResultStatus=-1&Browser=FF|LoadTime:399|TrueName:马双君
2016-03-29 14:49:54	AjaxLog	RequestURL:ncc.sys1.bitauto.com/AjaxServers/QualityStandard/List.aspx|Para:?PhoneNum=&BeginTime=2016-03-2300:00:00&EndTime=2016-03-2923:59:59&BGID=-1&SCID=-1&ANI=&SpanTime1=&SpanTime2=&ScoreTable=40&BusinessID=&ScoreBeginTime=&ScoreEndTime=&ScoreCreater=-1&CallID=&CreateUserID=&SelSolve=-1&IVRScore=-1&QSResultStatus=-1&Browser=FF|LoadTime:495|TrueName:马双君
2016-03-29 14:49:57	AjaxLog	RequestURL:ncc.sys1.bitauto.com/AjaxServers/QualityStandard/List.aspx|Para:?PhoneNum=&BeginTime=2016-03-2300:00:00&EndTime=2016-03-2923:59:59&BGID=-1&SCID=-1&ANI=&SpanTime1=&SpanTime2=&ScoreTable=42&BusinessID=&ScoreBeginTime=&ScoreEndTime=&ScoreCreater=-1&CallID=&CreateUserID=&SelSolve=-1&IVRScore=-1&QSResultStatus=-1&Browser=FF|LoadTime:256|TrueName:马双君
2016-03-29 14:50:01	AjaxLog	RequestURL:ncc.sys1.bitauto.com/AjaxServers/QualityStandard/List.aspx|Para:?PhoneNum=&BeginTime=2016-03-2300:00:00&EndTime=2016-03-2923:59:59&BGID=-1&SCID=-1&ANI=&SpanTime1=&SpanTime2=&ScoreTable=43&BusinessID=&ScoreBeginTime=&ScoreEndTime=&ScoreCreater=-1&CallID=&CreateUserID=&SelSolve=-1&IVRScore=-1&QSResultStatus=-1&Browser=FF|LoadTime:409|TrueName:马双君
2016-03-29 14:50:06	AjaxLog	RequestURL:ncc.sys1.bitauto.com/AjaxServers/QualityStandard/List.aspx|Para:?PhoneNum=&BeginTime=2016-03-2300:00:00&EndTime=2016-03-2923:59:59&BGID=-1&SCID=-1&ANI=&SpanTime1=&SpanTime2=&ScoreTable=44&BusinessID=&ScoreBeginTime=&ScoreEndTime=&ScoreCreater=-1&CallID=&CreateUserID=&SelSolve=-1&IVRScore=-1&QSResultStatus=-1&Browser=FF|LoadTime:426|TrueName:马双君
2016-03-29 14:50:11	AjaxLog	RequestURL:ncc.sys1.bitauto.com/AjaxServers/QualityStandard/List.aspx|Para:?PhoneNum=&BeginTime=2016-03-2300:00:00&EndTime=2016-03-2923:59:59&BGID=-1&SCID=-1&ANI=&SpanTime1=&SpanTime2=&ScoreTable=48&BusinessID=&ScoreBeginTime=&ScoreEndTime=&ScoreCreater=-1&CallID=&CreateUserID=&SelSolve=-1&IVRScore=-1&QSResultStatus=-1&Browser=FF|LoadTime:315|TrueName:马双君
2016-03-29 14:50:14	AjaxLog	RequestURL:ncc.sys1.bitauto.com/AjaxServers/QualityStandard/List.aspx|Para:?PhoneNum=&BeginTime=2016-03-2300:00:00&EndTime=2016-03-2923:59:59&BGID=-1&SCID=-1&ANI=&SpanTime1=&SpanTime2=&ScoreTable=58&BusinessID=&ScoreBeginTime=&ScoreEndTime=&ScoreCreater=-1&CallID=&CreateUserID=&SelSolve=-1&IVRScore=-1&QSResultStatus=-1&Browser=FF|LoadTime:237|TrueName:马双君
2016-03-29 14:50:16	AjaxLog	RequestURL:ncc.sys1.bitauto.com/AjaxServers/QualityStandard/List.aspx|Para:?PhoneNum=&BeginTime=2016-03-2300:00:00&EndTime=2016-03-2923:59:59&BGID=-1&SCID=-1&ANI=&SpanTime1=&SpanTime2=&ScoreTable=65&BusinessID=&ScoreBeginTime=&ScoreEndTime=&ScoreCreater=-1&CallID=&CreateUserID=&SelSolve=-1&IVRScore=-1&QSResultStatus=-1&Browser=FF|LoadTime:343|TrueName:马双君
2016-03-29 14:50:23	AjaxLog	RequestURL:ncc.sys1.bitauto.com/AjaxServers/QualityStandard/List.aspx|Para:?PhoneNum=&BeginTime=2016-03-2300:00:00&EndTime=2016-03-2923:59:59&BGID=-1&SCID=-1&ANI=&SpanTime1=&SpanTime2=&ScoreTable=-1&BusinessID=&ScoreBeginTime=&ScoreEndTime=&ScoreCreater=-1&CallID=&CreateUserID=&SelSolve=-1&IVRScore=-1&QSResultStatus=-1&Browser=FF|LoadTime:719|TrueName:马双君
2016-03-29 14:50:36	AjaxLog	RequestURL:ncc.sys1.bitauto.com/AjaxServers/QualityStandard/List.aspx|Para:?PhoneNum=&BeginTime=2016-03-2300:00:00&EndTime=2016-03-2923:59:59&BGID=-1&SCID=-1&ANI=&SpanTime1=&SpanTime2=&ScoreTable=58&BusinessID=&ScoreBeginTime=&ScoreEndTime=&ScoreCreater=-1&CallID=&CreateUserID=&SelSolve=-1&IVRScore=-1&QSResultStatus=-1&Browser=FF&CustID=CB145925063820833&CustID=CB144723953534400&CustID=CB144864501372567&CustID=CB144864501372567&CustID=CB144864501372567&CustID=CB144864501372567&CustID=CB144864501372567&CustID=CB144864501372567&CustID=CB144864501372567&CustID=CB144864501372567&CustID=CB144864501372567&CustID=CB144864501372567&CustID=CB144864501372567&CustID=CB144864501372567&CustID=CB144864501372567&CustID=CB144864501372567&CustID=CB144864501372567&CustID=CB144864501372567&CustID=CB145884045134121|LoadTime:396|TrueName:马双君
2016-03-29 14:51:19	WebLog	RequestURL:ncc.sys1.bitauto.com/QualityStandard/IMList.aspx|Para:|LoadTime:1425|TrueName:马双君
2016-03-29 14:52:18	AjaxLog	RequestURL:ncc.sys1.bitauto.com/AjaxServers/QualityStandard/IMList.aspx|Para:?CSID=&BeginTime=2015-12-3000:00:00&EndTime=2016-03-2923:59:59&BeginCount=&EndCount=&AgentUserID=&ScoreBeginTime=&ScoreEndTime=&ScoreTable=-1&BGID=-1&AppealBeginTime=&AppealEndTime=&ScoreCreater=-1&QSResultScore=-1&PerQSResultScore=-1&ProQSResultScore=-1&QSResultStatus=-1&Browser=FF|LoadTime:841|TrueName:马双君
2016-03-29 14:52:24	AjaxLog	RequestURL:ncc.sys1.bitauto.com/AjaxServers/QualityStandard/IMList.aspx|Para:?CSID=&BeginTime=2015-12-3000:00:00&EndTime=2016-03-2923:59:59&BeginCount=&EndCount=&Qualified=-1&AgentUserID=&ScoreBeginTime=&ScoreEndTime=&ScoreTable=-1&BGID=-1&AppealBeginTime=&AppealEndTime=&ScoreCreater=-1&QSResultScore=-1&PerQSResultScore=-1&ProQSResultScore=-1&QSResultStatus=-1&Browser=FF|LoadTime:338|TrueName:马双君
2016-03-29 14:52:34	AjaxLog	RequestURL:ncc.sys1.bitauto.com/AjaxServers/QualityStandard/IMList.aspx|Para:?CSID=&BeginTime=2015-12-3000:00:00&EndTime=2016-03-2923:59:59&BeginCount=&EndCount=&AgentUserID=&ScoreBeginTime=&ScoreEndTime=&ScoreTable=-1&BGID=-1&AppealBeginTime=&AppealEndTime=&ScoreCreater=-1&QSResultScore=-1&PerQSResultScore=-1&ProQSResultScore=-1&QSResultStatus=-1&Browser=FF|LoadTime:239|TrueName:马双君
2016-03-29 14:52:36	AjaxLog	RequestURL:ncc.sys1.bitauto.com/AjaxServers/QualityStandard/IMList.aspx|Para:?CSID=&BeginTime=2015-12-3000:00:00&EndTime=2016-03-2923:59:59&BeginCount=&EndCount=&AgentUserID=&ScoreBeginTime=&ScoreEndTime=&ScoreTable=-1&BGID=-1&AppealBeginTime=&AppealEndTime=&ScoreCreater=-1&QSResultScore=-1&PerQSResultScore=-1&ProQSResultScore=-1&QSResultStatus=-1&Browser=FF|LoadTime:225|TrueName:马双君
2016-03-29 14:52:54	AjaxLog	RequestURL:ncc.sys1.bitauto.com/AjaxServers/QualityStandard/IMList.aspx|Para:?CSID=&BeginTime=2015-12-3000:00:00&EndTime=2016-03-2923:59:59&BeginCount=&EndCount=&Qualified=1&AgentUserID=&ScoreBeginTime=&ScoreEndTime=&ScoreTable=-1&BGID=-1&AppealBeginTime=&AppealEndTime=&ScoreCreater=-1&QSResultScore=-1&PerQSResultScore=-1&ProQSResultScore=-1&QSResultStatus=-1&Browser=FF|LoadTime:353|TrueName:马双君
2016-03-29 14:54:49	WebLog	RequestURL:ncc.sys1.bitauto.com/QualityStandard/IMList.aspx|Para:|LoadTime:1756|TrueName:马双君
2016-03-29 14:56:25	WebLog	RequestURL:ncc.sys1.bitauto.com/QualityStandard/IMList.aspx|Para:|LoadTime:1670|TrueName:马双君
2016-03-29 14:58:28	WebLog	RequestURL:ncc.sys1.bitauto.com/QualityStandard/IMList.aspx|Para:|LoadTime:1823|TrueName:马双君
2016-03-29 14:58:34	WebLog	RequestURL:ncc.sys1.bitauto.com/QualityStandard/IMList.aspx|Para:|LoadTime:3040|TrueName:马双君
2016-03-29 14:58:43	WebLog	RequestURL:ncc.sys1.bitauto.com/QualityStandard/IMList.aspx|Para:|LoadTime:1679|TrueName:马双君
2016-03-29 14:59:32	WebLog	RequestURL:ncc.sys1.bitauto.com/QualityStandard/IMList.aspx|Para:|LoadTime:2056|TrueName:马双君
2016-03-29 15:00:41	WebLog	RequestURL:ncc.sys1.bitauto.com/QualityStandard/IMList.aspx|Para:|LoadTime:1501|TrueName:马双君
2016-03-29 15:02:13	WebLog	RequestURL:ncc.sys1.bitauto.com/QualityStandard/IMList.aspx|Para:|LoadTime:1521|TrueName:马双君
2016-03-29 15:02:56	WebLog	RequestURL:ncc.sys1.bitauto.com/QualityStandard/IMList.aspx|Para:|LoadTime:1760|TrueName:马双君
2016-03-29 15:05:11	WebLog	RequestURL:ncc.sys1.bitauto.com/QualityStandard/List.aspx|Para:|LoadTime:1700|TrueName:马双君
2016-03-29 15:07:15	WebLog	RequestURL:ncc.sys1.bitauto.com/QualityStandard/List.aspx|Para:|LoadTime:1885|TrueName:马双君
2016-03-29 15:07:47	WebLog	RequestURL:ncc.sys1.bitauto.com/QualityStandard/List.aspx|Para:|LoadTime:1613|TrueName:马双君
2016-03-29 16:33:07	WebLog	RequestURL:ncc.sys1.bitauto.com/QualityStandard/List.aspx|Para:|LoadTime:2957|TrueName:马双君
2016-03-29 16:33:46	WebLog	RequestURL:ncc.sys1.bitauto.com/QualityStandard/List.aspx|Para:|LoadTime:1663|TrueName:马双君
2016-03-29 16:34:06	WebLog	RequestURL:ncc.sys1.bitauto.com/QualityStandard/List.aspx|Para:|LoadTime:1986|TrueName:马双君
2016-03-29 16:34:14	AjaxLog	RequestURL:ncc.sys1.bitauto.com/AjaxServers/QualityStandard/List.aspx|Para:?PhoneNum=&BeginTime=2016-03-2300:00:00&EndTime=2016-03-2923:59:59&BGID=-1&SCID=-1&ANI=&SpanTime1=&SpanTime2=&ScoreTable=-1&BusinessID=&ScoreBeginTime=&ScoreEndTime=&ScoreCreater=-1&CallID=&CreateUserID=&SelSolve=-1&IVRScore=-1&QSResultStatus=20006&Browser=FF|LoadTime:2220|TrueName:马双君
2016-03-29 16:34:41	WebLog	RequestURL:ncc.sys1.bitauto.com/QualityStandard/List.aspx|Para:|LoadTime:1554|TrueName:马双君
2016-03-29 16:34:47	WebLog	RequestURL:ncc.sys1.bitauto.com/QualityStandard/List.aspx|Para:|LoadTime:1212|TrueName:马双君
2016-03-29 16:34:52	AjaxLog	RequestURL:ncc.sys1.bitauto.com/AjaxServers/QualityStandard/List.aspx|Para:?PhoneNum=&BeginTime=2016-03-2300:00:00&EndTime=2016-03-2923:59:59&BGID=-1&SCID=-1&ANI=&SpanTime1=&SpanTime2=&ScoreTable=-1&BusinessID=&ScoreBeginTime=&ScoreEndTime=&ScoreCreater=-1&CallID=&CreateUserID=&SelSolve=-1&IVRScore=-1&QSResultStatus=20002&Browser=IE|LoadTime:378|TrueName:马双君
2016-03-29 16:34:54	AjaxLog	RequestURL:ncc.sys1.bitauto.com/AjaxServers/QualityStandard/List.aspx|Para:?PhoneNum=&BeginTime=2016-03-2300:00:00&EndTime=2016-03-2923:59:59&BGID=-1&SCID=-1&ANI=&SpanTime1=&SpanTime2=&ScoreTable=-1&BusinessID=&ScoreBeginTime=&ScoreEndTime=&ScoreCreater=-1&CallID=&CreateUserID=&SelSolve=-1&IVRScore=-1&QSResultStatus=20006&Browser=IE|LoadTime:165|TrueName:马双君
2016-03-29 16:35:07	AjaxLog	RequestURL:ncc.sys1.bitauto.com/AjaxServers/QualityStandard/List.aspx|Para:?PhoneNum=&BeginTime=2016-03-2300:00:00&EndTime=2016-03-2923:59:59&BGID=-1&SCID=-1&ANI=&SpanTime1=&SpanTime2=&ScoreTable=43&BusinessID=&ScoreBeginTime=&ScoreEndTime=&ScoreCreater=-1&CallID=&CreateUserID=&SelSolve=-1&IVRScore=-1&QSResultStatus=20006&Browser=IE|LoadTime:374|TrueName:马双君
2016-03-29 16:35:13	AjaxLog	RequestURL:ncc.sys1.bitauto.com/AjaxServers/QualityStandard/List.aspx|Para:?PhoneNum=&BeginTime=2016-03-2300:00:00&EndTime=2016-03-2923:59:59&BGID=-1&SCID=-1&ANI=&SpanTime1=&SpanTime2=&ScoreTable=43&BusinessID=&ScoreBeginTime=&ScoreEndTime=&ScoreCreater=-1&CallID=&CreateUserID=&SelSolve=-1&IVRScore=-1&QSResultStatus=-1&Browser=IE|LoadTime:3198|TrueName:马双君
2016-03-29 16:35:21	WebLog	RequestURL:ncc.sys1.bitauto.com/QualityStandard/List.aspx|Para:|LoadTime:1186|TrueName:马双君
2016-03-29 16:35:26	AjaxLog	RequestURL:ncc.sys1.bitauto.com/AjaxServers/QualityStandard/List.aspx|Para:?PhoneNum=&BeginTime=2016-03-2300:00:00&EndTime=2016-03-2923:59:59&BGID=-1&SCID=-1&ANI=&SpanTime1=&SpanTime2=&ScoreTable=-1&BusinessID=&ScoreBeginTime=&ScoreEndTime=&ScoreCreater=-1&CallID=&CreateUserID=&SelSolve=-1&IVRScore=-1&QSResultStatus=20006&Browser=IE|LoadTime:246|TrueName:马双君
2016-03-29 16:35:30	AjaxLog	RequestURL:ncc.sys1.bitauto.com/AjaxServers/QualityStandard/List.aspx|Para:?PhoneNum=&BeginTime=2016-03-2300:00:00&EndTime=2016-03-2923:59:59&BGID=-1&SCID=-1&ANI=&SpanTime1=&SpanTime2=&ScoreTable=-1&BusinessID=&ScoreBeginTime=&ScoreEndTime=&ScoreCreater=-1&CallID=&CreateUserID=&SelSolve=-1&IVRScore=-1&QSResultStatus=20006&QSStateResult=2&Browser=IE|LoadTime:576|TrueName:马双君
2016-03-29 16:35:33	AjaxLog	RequestURL:ncc.sys1.bitauto.com/AjaxServers/QualityStandard/List.aspx|Para:?PhoneNum=&BeginTime=2016-03-2300:00:00&EndTime=2016-03-2923:59:59&BGID=-1&SCID=-1&ANI=&SpanTime1=&SpanTime2=&ScoreTable=-1&BusinessID=&ScoreBeginTime=&ScoreEndTime=&ScoreCreater=-1&CallID=&CreateUserID=&SelSolve=-1&IVRScore=-1&QSResultStatus=20006&QSStateResult=1&Browser=IE|LoadTime:355|TrueName:马双君
2016-03-29 16:35:38	AjaxLog	RequestURL:ncc.sys1.bitauto.com/AjaxServers/QualityStandard/List.aspx|Para:?PhoneNum=&BeginTime=2016-03-2300:00:00&EndTime=2016-03-2923:59:59&BGID=-1&SCID=-1&ANI=&SpanTime1=&SpanTime2=&ScoreTable=-1&BusinessID=&ScoreBeginTime=&ScoreEndTime=&ScoreCreater=-1&CallID=&CreateUserID=&SelSolve=-1&IVRScore=-1&QSResultStatus=-1&Browser=IE|LoadTime:672|TrueName:马双君
2016-03-29 16:35:46	WebLog	RequestURL:ncc.sys1.bitauto.com/QualityStandard/IMList.aspx|Para:|LoadTime:347|TrueName:马双君
2016-03-29 16:36:28	WebLog	RequestURL:ncc.sys1.bitauto.com/QualityStandard/IMList.aspx|Para:|LoadTime:1625|TrueName:马双君
2016-03-29 16:36:46	WebLog	RequestURL:ncc.sys1.bitauto.com/QualityStandard/IMList.aspx|Para:|LoadTime:1817|TrueName:马双君
2016-03-29 16:38:38	WebLog	RequestURL:ncc.sys1.bitauto.com/QualityStandard/IMList.aspx|Para:|LoadTime:2099|TrueName:马双君
2016-03-29 16:39:19	AjaxLog	RequestURL:ncc.sys1.bitauto.com/AjaxServers/QualityStandard/IMList.aspx|Para:?CSID=&BeginTime=2015-12-3000:00:00&EndTime=2016-03-2923:59:59&BeginCount=&EndCount=&AgentUserID=&ScoreBeginTime=&ScoreEndTime=&ScoreTable=-1&BGID=-1&AppealBeginTime=&AppealEndTime=&ScoreCreater=-1&QSResultScore=0&PerQSResultScore=-1&ProQSResultScore=-1&QSResultStatus=20006&Browser=FF|LoadTime:3396|TrueName:马双君
2016-03-29 16:44:53	WebLog	RequestURL:ncc.sys1.bitauto.com/QualityStandard/IMList.aspx|Para:|LoadTime:5278|TrueName:马双君
2016-03-29 16:47:48	WebLog	RequestURL:ncc.sys1.bitauto.com/QualityStandard/IMList.aspx|Para:|LoadTime:1884|TrueName:马双君
2016-03-29 16:52:41	WebLog	RequestURL:ncc.sys1.bitauto.com/QualityStandard/IMList.aspx|Para:|LoadTime:1212|TrueName:马双君
2016-03-29 16:54:36	WebLog	RequestURL:ncc.sys1.bitauto.com/QualityStandard/IMList.aspx|Para:|LoadTime:1917|TrueName:马双君
2016-03-29 16:55:39	WebLog	RequestURL:ncc.sys1.bitauto.com/QualityStandard/IMList.aspx|Para:|LoadTime:2048|TrueName:马双君
2016-03-29 16:56:07	WebLog	RequestURL:ncc.sys1.bitauto.com/QualityStandard/IMList.aspx|Para:|LoadTime:1937|TrueName:马双君
2016-03-29 16:58:14	WebLog	RequestURL:ncc.sys1.bitauto.com/QualityStandard/IMList.aspx|Para:|LoadTime:2182|TrueName:马双君
2016-03-29 17:00:57	WebLog	RequestURL:ncc.sys1.bitauto.com/QualityStandard/IMList.aspx|Para:|LoadTime:1884|TrueName:马双君
2016-03-29 17:09:24	AjaxLog	RequestURL:ncc.sys1.bitauto.com/AjaxServers/QualityStandard/IMList.aspx|Para:?CSID=&BeginTime=2015-12-3000:00:00&EndTime=2016-03-2923:59:59&BeginCount=&EndCount=&AgentUserID=&ScoreBeginTime=&ScoreEndTime=&ScoreTable=48&BGID=-1&AppealBeginTime=&AppealEndTime=&ScoreCreater=-1&QSResultScore=-1&PerQSResultScore=-1&ProQSResultScore=-1&QSResultStatus=-1&Browser=FF|LoadTime:2229|TrueName:马双君
2016-03-29 17:27:03	WebLog	RequestURL:ncc.sys1.bitauto.com/QualityStandard/IMList.aspx|Para:|LoadTime:1710|TrueName:马双君
2016-03-29 17:29:57	WebLog	RequestURL:ncc.sys1.bitauto.com/QualityStandard/IMList.aspx|Para:|LoadTime:2134|TrueName:马双君
2016-03-29 17:30:12	WebLog	RequestURL:ncc.sys1.bitauto.com/QualityStandard/IMList.aspx|Para:|LoadTime:2877|TrueName:马双君
2016-03-29 17:30:27	WebLog	RequestURL:ncc.sys1.bitauto.com/QualityStandard/IMList.aspx|Para:|LoadTime:2028|TrueName:马双君
2016-03-29 17:30:55	WebLog	RequestURL:ncc.sys1.bitauto.com/QualityStandard/IMList.aspx|Para:|LoadTime:1521|TrueName:马双君
2016-03-29 17:46:26	WebLog	RequestURL:ncc.sys1.bitauto.com/CRMStopCust/List.aspx|Para:|LoadTime:7706|TrueName:马双君
2016-03-29 17:58:41	WebLog	RequestURL:ncc.sys1.bitauto.com/TrafficManage/AnswerPhone.aspx|Para:|LoadTime:1304|TrueName:马双君
2016-03-29 17:58:51	AjaxLog	RequestURL:ncc.sys1.bitauto.com/AjaxServers/TrafficManage/AnswerList.aspx|Para:?CallID=&IncomingSource=&IVRScore=-1&selSolve=-1&Name=&ANI=&Agent=&TaskID=&BeginTime=2016-03-23&EndTime=2016-03-29&AgentNum=&PhoneNum=&TaskCategory=&SpanTime1=&SpanTime2=&AgentGroup=-1&CallStatus=1&selCategory=&selBusinessType=-1&r=0.5139151146826215|LoadTime:11030|TrueName:马双君
