2016-04-06 10:00:07	error	用户Cookies异常：System.Web.HttpCookie
2016-04-06 10:00:27	error	用户Cookies异常：System.Web.HttpCookie
2016-04-06 10:00:43	WebLog	RequestURL:ncc.sys1.bitauto.com/CustBaseInfo/List.aspx|Para:|LoadTime:2153|TrueName:马双君|BGName:测试测试测试|RoleName|超级管理员
2016-04-06 10:01:01	WebLog	RequestURL:ncc.sys1.bitauto.com/CRMStopCust/List.aspx|Para:|LoadTime:7048|TrueName:马双君|BGName:测试测试测试|RoleName|超级管理员
2016-04-06 10:01:29	WebLog	RequestURL:ncc.sys1.bitauto.com/WorkOrder/WorkOrderList.aspx|Para:|LoadTime:3384|TrueName:马双君|BGName:测试测试测试|RoleName|超级管理员
2016-04-06 10:01:36	AjaxLog	RequestURL:ncc.sys1.bitauto.com/WorkOrder/AjaxServers/WorkOrderList.aspx|Para:?OrderID=&CustName=&BeginCreateTime=2016-01-07&EndCreateTime=2016-04-06&CreateUserID=&WorkOrderStatus=-1&CategoryID=-1&PriorityLevel=-1&IsReCheck=&WorkCategory=2&AreaID=-1&ContactTel=&BGID=-1&TagBGID=-2&TagID=-2&OrderCreateTime=&R=0.4259009109554174|LoadTime:6197|TrueName:马双君|BGName:测试测试测试|RoleName|超级管理员
2016-04-06 10:05:58	WebLog	RequestURL:ncc.sys1.bitauto.com/ZuoxiManage/MainList.aspx|Para:|LoadTime:884|TrueName:马双君|BGName:测试测试测试|RoleName|超级管理员
2016-04-06 10:07:35	WebLog	RequestURL:ncc.sys1.bitauto.com/CRMStopCust/List.aspx|Para:|LoadTime:962|TrueName:马双君|BGName:测试测试测试|RoleName|超级管理员
2016-04-06 10:07:38	WebLog	RequestURL:ncc.sys1.bitauto.com/WorkOrder/WorkOrderList.aspx|Para:|LoadTime:1755|TrueName:马双君|BGName:测试测试测试|RoleName|超级管理员
2016-04-06 10:07:47	AjaxLog	RequestURL:ncc.sys1.bitauto.com/WorkOrder/AjaxServers/WorkOrderList.aspx|Para:?OrderID=&CustName=&BeginCreateTime=2016-01-07&EndCreateTime=2016-04-06&CreateUserID=&WorkOrderStatus=-1&CategoryID=-1&PriorityLevel=-1&IsReCheck=&WorkCategory=1&AreaID=-1&ContactTel=&BGID=-1&TagBGID=-2&TagID=-2&OrderCreateTime=&R=0.5630763043813608|LoadTime:2177|TrueName:马双君|BGName:测试测试测试|RoleName|超级管理员
2016-04-06 10:14:33	WebLog	RequestURL:ncc.sys1.bitauto.com/WorkOrder/WorkOrderList.aspx|Para:|LoadTime:2017|TrueName:马双君|BGName:测试测试测试|RoleName|超级管理员
2016-04-06 10:14:57	AjaxLog	RequestURL:ncc.sys1.bitauto.com/WorkOrder/AjaxServers/WorkOrderList.aspx|Para:?OrderID=&CustName=&BeginCreateTime=2016-01-07&EndCreateTime=2016-04-06&CreateUserID=&WorkOrderStatus=-1&CategoryID=-1&PriorityLevel=-1&IsReCheck=&WorkCategory=2&AreaID=-1&ContactTel=&BGID=-1&TagBGID=-2&TagID=-2&OrderCreateTime=&R=0.39253599580611187|LoadTime:22034|TrueName:马双君|BGName:测试测试测试|RoleName|超级管理员
2016-04-06 10:18:04	AjaxLog	RequestURL:ncc.sys1.bitauto.com/WorkOrder/AjaxServers/WorkOrderList.aspx|Para:?OrderID=&CustName=&BeginCreateTime=2016-01-07&EndCreateTime=2016-04-06&CreateUserID=&WorkOrderStatus=2&CategoryID=-1&PriorityLevel=-1&IsReCheck=&WorkCategory=2&AreaID=-1&ContactTel=&BGID=-1&TagBGID=-2&TagID=-2&OrderCreateTime=&R=0.7695701425168329|LoadTime:1828|TrueName:马双君|BGName:测试测试测试|RoleName|超级管理员
2016-04-06 10:19:05	error	用户Cookies异常：System.Web.HttpCookie
2016-04-06 10:19:07	error	用户Cookies异常：System.Web.HttpCookie
2016-04-06 10:19:17	WebLog	RequestURL:ncc.sys1.bitauto.com/WorkOrder/WorkOrderList.aspx|Para:|LoadTime:1840|TrueName:马双君|BGName:电商运营支持部--商城组|RoleName|超级管理员
2016-04-06 10:19:43	AjaxLog	RequestURL:ncc.sys1.bitauto.com/WorkOrder/AjaxServers/WorkOrderList.aspx|Para:?OrderID=&CustName=&BeginCreateTime=2016-01-07&EndCreateTime=2016-04-06&CreateUserID=&WorkOrderStatus=-1&CategoryID=-1&PriorityLevel=-1&IsReCheck=&WorkCategory=2&AreaID=-1&ContactTel=&BGID=-1&TagBGID=-2&TagID=-2&OrderCreateTime=&R=0.3298102254583508|LoadTime:2078|TrueName:马双君|BGName:电商运营支持部--商城组|RoleName|超级管理员
2016-04-06 10:26:37	WebLog	RequestURL:ncc.sys1.bitauto.com/CRMStopCust/List.aspx|Para:|LoadTime:1343|TrueName:刘颖|BGName:电商运营支持部--商城组|RoleName|超级管理员
2016-04-06 10:26:45	WebLog	RequestURL:ncc.sys1.bitauto.com/WorkOrder/WorkOrderList.aspx|Para:|LoadTime:2326|TrueName:刘颖|BGName:电商运营支持部--商城组|RoleName|超级管理员
2016-04-06 10:26:48	AjaxLog	RequestURL:ncc.sys1.bitauto.com/WorkOrder/AjaxServers/WorkOrderList.aspx|Para:?OrderID=&CustName=&BeginCreateTime=2016-01-07&EndCreateTime=2016-04-06&CreateUserID=&WorkOrderStatus=-1&CategoryID=-1&PriorityLevel=-1&IsReCheck=&WorkCategory=2&AreaID=-1&ContactTel=&BGID=-1&TagBGID=-2&TagID=-2&OrderCreateTime=&R=0.7579683835996893|LoadTime:1555|TrueName:刘颖|BGName:电商运营支持部--商城组|RoleName|超级管理员
2016-04-06 10:26:55	AjaxLog	RequestURL:ncc.sys1.bitauto.com/WorkOrder/AjaxServers/WorkOrderList.aspx|Para:?OrderID=&CustName=&BeginCreateTime=2016-01-07&EndCreateTime=2016-04-06&CreateUserID=&WorkOrderStatus=2&CategoryID=-1&PriorityLevel=-1&IsReCheck=&WorkCategory=2&AreaID=-1&ContactTel=&BGID=-1&TagBGID=-2&TagID=-2&OrderCreateTime=&R=0.522373444445874|LoadTime:446|TrueName:刘颖|BGName:电商运营支持部--商城组|RoleName|超级管理员
2016-04-06 10:27:03	WebLog	RequestURL:ncc.sys1.bitauto.com/WorkOrder/WorkOrderList.aspx|Para:|LoadTime:1515|TrueName:刘颖|BGName:电商运营支持部--商城组|RoleName|超级管理员
2016-04-06 10:27:11	WebLog	RequestURL:ncc.sys1.bitauto.com/OtherTask/OtherTaskList.aspx|Para:|LoadTime:1002|TrueName:刘颖|BGName:电商运营支持部--商城组|RoleName|超级管理员
2016-04-06 10:43:29	WebLog	RequestURL:ncc.sys1.bitauto.com/TrafficManage/AnswerPhone.aspx|Para:|LoadTime:2771|TrueName:刘颖|BGName:|RoleName|
2016-04-06 10:43:34	AjaxLog	RequestURL:ncc.sys1.bitauto.com/AjaxServers/TrafficManage/AnswerList.aspx|Para:?CallID=&IncomingSource=&IVRScore=-1&selSolve=-1&Name=&ANI=&Agent=&TaskID=&BeginTime=2016-03-31&EndTime=2016-04-06&AgentNum=&PhoneNum=&TaskCategory=&SpanTime1=&SpanTime2=&AgentGroup=-1&CallStatus=1&selCategory=&selBusinessType=-1&r=0.8623995304500215|LoadTime:4917|TrueName:刘颖|BGName:电商运营支持部--商城组|RoleName|超级管理员
2016-04-06 11:10:53	WebLog	RequestURL:ncc.sys1.bitauto.com/CRMStopCust/List.aspx|Para:|LoadTime:1905|TrueName:马双君|BGName:电商运营支持部--商城组|RoleName|超级管理员
2016-04-06 11:11:07	WebLog	RequestURL:ncc.sys1.bitauto.com/WorkOrder/WorkOrderList.aspx|Para:|LoadTime:4944|TrueName:马双君|BGName:电商运营支持部--商城组|RoleName|超级管理员
2016-04-06 11:11:11	AjaxLog	RequestURL:ncc.sys1.bitauto.com/WorkOrder/AjaxServers/WorkOrderList.aspx|Para:?OrderID=&CustName=&BeginCreateTime=2016-01-07&EndCreateTime=2016-04-06&CreateUserID=&WorkOrderStatus=3&CategoryID=-1&PriorityLevel=-1&IsReCheck=&WorkCategory=2&AreaID=-1&ContactTel=&BGID=-1&TagBGID=-2&TagID=-2&OrderCreateTime=&R=0.7160835081195067|LoadTime:1409|TrueName:马双君|BGName:电商运营支持部--商城组|RoleName|超级管理员
2016-04-06 11:11:20	AjaxLog	RequestURL:ncc.sys1.bitauto.com/WorkOrder/AjaxServers/WorkOrderList.aspx|Para:?OrderID=&CustName=&BeginCreateTime=2016-01-07&EndCreateTime=2016-04-06&CreateUserID=&WorkOrderStatus=2&CategoryID=-1&PriorityLevel=-1&IsReCheck=&WorkCategory=2&AreaID=-1&ContactTel=&BGID=-1&TagBGID=-2&TagID=-2&OrderCreateTime=&R=0.3595405129019741|LoadTime:432|TrueName:马双君|BGName:电商运营支持部--商城组|RoleName|超级管理员
2016-04-06 11:11:38	WebLog	RequestURL:ncc.sys1.bitauto.com/CRMStopCust/List.aspx|Para:|LoadTime:1792|TrueName:刘萍|BGName:电商运营支持部--商城组|RoleName|超级管理员
2016-04-06 11:11:41	WebLog	RequestURL:ncc.sys1.bitauto.com/WorkOrder/WorkOrderList.aspx|Para:|LoadTime:1669|TrueName:刘萍|BGName:电商运营支持部--商城组|RoleName|超级管理员
2016-04-06 11:11:48	AjaxLog	RequestURL:ncc.sys1.bitauto.com/WorkOrder/AjaxServers/WorkOrderList.aspx|Para:?OrderID=&CustName=&BeginCreateTime=2016-01-07&EndCreateTime=2016-04-06&CreateUserID=&WorkOrderStatus=2&CategoryID=-1&PriorityLevel=-1&IsReCheck=&WorkCategory=2&AreaID=-1&ContactTel=&BGID=-1&TagBGID=-2&TagID=-2&OrderCreateTime=&R=0.6854297521522663|LoadTime:629|TrueName:刘萍|BGName:电商运营支持部--商城组|RoleName|超级管理员
2016-04-06 11:18:46	WebLog	RequestURL:ncc.sys1.bitauto.com/ReturnVisit/ReturnVisitCustList.aspx|Para:|LoadTime:1520|TrueName:刘萍|BGName:|RoleName|
2016-04-06 11:18:48	AjaxLog	RequestURL:ncc.sys1.bitauto.com/AjaxServers/ReturnVisit/ReturnVisitCustList.aspx|Para:?pagesize=&CustName=&Brand=&Province=-1&City=&County=&SearchTrueNameID=&StartTime=&EndTime=&Contact=-2&ClientType=&CarType=&ProjectName=&NoResponser=-2&TagID=0|LoadTime:4116|TrueName:刘萍|BGName:电商运营支持部--商城组|RoleName|超级管理员
2016-04-06 11:24:56	WebLog	RequestURL:ncc.sys1.bitauto.com/WorkOrder/WorkOrderList.aspx|Para:|LoadTime:1900|TrueName:刘萍|BGName:|RoleName|
2016-04-06 11:25:04	WebLog	RequestURL:ncc.sys1.bitauto.com/OtherTask/OtherTaskList.aspx|Para:|LoadTime:1490|TrueName:刘萍|BGName:电商运营支持部--商城组|RoleName|超级管理员
2016-04-06 11:25:06	AjaxLog	RequestURL:ncc.sys1.bitauto.com/AjaxServers/OtherTask/OtherTaskList.aspx|Para:?PTID=&projectName=&status=2&group=&category=&creater=&oper=&beginTime=2016-01-07&endTime=2016-04-06&Agent=-2&pageSize=&CustID=&CustName=&r=0.7146684813291949|LoadTime:1507|TrueName:刘萍|BGName:电商运营支持部--商城组|RoleName|超级管理员
2016-04-06 11:25:32	AjaxLog	RequestURL:ncc.sys1.bitauto.com/AjaxServers/OtherTask/OtherTaskList.aspx|Para:?PTID=&projectName=&status=2&group=&category=&creater=&oper=&beginTime=2016-01-07&endTime=2016-04-06&Agent=-2&pageSize=&CustID=&CustName=&r=0.9169147506394338|LoadTime:395|TrueName:刘萍|BGName:电商运营支持部--商城组|RoleName|超级管理员
2016-04-06 11:25:39	WebLog	RequestURL:ncc.sys1.bitauto.com/OtherTask/OtherTaskDeal.aspx|Para:?OtherTaskID=OTH0283853&r=0.549968332536032|LoadTime:3029|TrueName:刘萍|BGName:电商运营支持部--商城组|RoleName|超级管理员
2016-04-06 11:28:25	WebLog	RequestURL:ncc.sys1.bitauto.com/OtherTask/OtherTaskDeal.aspx|Para:?OtherTaskID=OTH0283853&r=0.549968332536032|LoadTime:3366|TrueName:刘萍|BGName:电商运营支持部--商城组|RoleName|超级管理员
2016-04-06 11:38:23	WebLog	RequestURL:ncc.sys1.bitauto.com/OtherTask/OtherTaskDeal.aspx|Para:?OtherTaskID=OTH0283853&r=0.549968332536032|LoadTime:3306|TrueName:刘萍|BGName:|RoleName|
2016-04-06 11:55:24	WebLog	RequestURL:ncc.sys1.bitauto.com/OtherTask/OtherTaskDeal.aspx|Para:?OtherTaskID=OTH0283768&r=0.549968332536032|LoadTime:2716|TrueName:刘萍|BGName:|RoleName|
2016-04-06 11:57:04	WebLog	RequestURL:ncc.sys1.bitauto.com/OtherTask/OtherTaskDeal.aspx|Para:?OtherTaskID=OTH0283768&r=0.549968332536032|LoadTime:5897|TrueName:刘萍|BGName:|RoleName|
2016-04-06 11:57:45	WebLog	RequestURL:ncc.sys1.bitauto.com/ReturnVisit/ReturnVisitCustList.aspx|Para:|LoadTime:1650|TrueName:刘萍|BGName:电商运营支持部--商城组|RoleName|超级管理员
2016-04-06 11:57:48	AjaxLog	RequestURL:ncc.sys1.bitauto.com/AjaxServers/ReturnVisit/ReturnVisitCustList.aspx|Para:?pagesize=&CustName=&Brand=&Province=-1&City=&County=&SearchTrueNameID=&StartTime=&EndTime=&Contact=-2&ClientType=&CarType=&ProjectName=&NoResponser=-2&TagID=0|LoadTime:3643|TrueName:刘萍|BGName:电商运营支持部--商城组|RoleName|超级管理员
2016-04-06 12:03:43	WebLog	RequestURL:ncc.sys1.bitauto.com/OtherTask/OtherTaskDeal.aspx|Para:?OtherTaskID=OTH0257468&r=0.5923427881207317|LoadTime:2332|TrueName:刘萍|BGName:|RoleName|
2016-04-06 13:09:09	AjaxLog	RequestURL:ncc.sys1.bitauto.com/CRMStopCust/AjaxList.aspx|Para:?CustID=&AreaName=-1&SubmitBeginTime=&SubmitEndTime=&CustName=&OperID=-1&TaskStatus=-1&ApplyType=1&Reason=-1&Remark=-1&ApplerName=&Browser=FF|LoadTime:1537|TrueName:刘萍|BGName:|RoleName|
2016-04-06 13:09:19	AjaxLog	RequestURL:ncc.sys1.bitauto.com/CRMStopCust/AjaxList.aspx|Para:?CustID=&AreaName=-1&SubmitBeginTime=&SubmitEndTime=&CustName=&OperID=-1&TaskStatus=-1&ApplyType=1&Reason=-1&Remark=-1&ApplerName=&Browser=FF|LoadTime:310|TrueName:刘萍|BGName:电商运营支持部--商城组|RoleName|超级管理员
2016-04-06 15:02:04	WebLog	RequestURL:ncc.sys1.bitauto.com/OtherTask/OtherTaskList.aspx|Para:|LoadTime:1580|TrueName:刘萍|BGName:|RoleName|
2016-04-06 15:02:14	AjaxLog	RequestURL:ncc.sys1.bitauto.com/AjaxServers/OtherTask/OtherTaskList.aspx|Para:?PTID=&projectName=&status=2&group=&category=&creater=&oper=&beginTime=2016-01-07&endTime=2016-04-06&Agent=-2&pageSize=&CustID=&CustName=&r=0.34432643640508065|LoadTime:7025|TrueName:刘萍|BGName:电商运营支持部--商城组|RoleName|超级管理员
2016-04-06 15:02:19	WebLog	RequestURL:ncc.sys1.bitauto.com/OtherTask/OtherTaskDeal.aspx|Para:?OtherTaskID=OTH0283853&r=0.9800333972332504|LoadTime:2367|TrueName:刘萍|BGName:电商运营支持部--商城组|RoleName|超级管理员
2016-04-06 15:02:54	WebLog	RequestURL:ncc.sys1.bitauto.com/ReturnVisit/ReturnVisitCustList.aspx|Para:|LoadTime:1017|TrueName:刘萍|BGName:电商运营支持部--商城组|RoleName|超级管理员
2016-04-06 15:03:01	AjaxLog	RequestURL:ncc.sys1.bitauto.com/AjaxServers/ReturnVisit/ReturnVisitCustList.aspx|Para:?pagesize=&CustName=&Brand=&Province=-1&City=&County=&SearchTrueNameID=&StartTime=&EndTime=&Contact=-2&ClientType=&CarType=&ProjectName=&NoResponser=-2&TagID=0|LoadTime:7836|TrueName:刘萍|BGName:电商运营支持部--商城组|RoleName|超级管理员
2016-04-06 15:09:34	WebLog	RequestURL:ncc.sys1.bitauto.com/CRMStopCust/List.aspx|Para:|LoadTime:1508|TrueName:刘萍|BGName:电商运营支持部--商城组|RoleName|超级管理员
2016-04-06 15:09:38	AjaxLog	RequestURL:ncc.sys1.bitauto.com/CRMStopCust/AjaxList.aspx|Para:?CustID=&AreaName=-1&SubmitBeginTime=&SubmitEndTime=&CustName=&OperID=-1&TaskStatus=-1&ApplyType=1&Reason=-1&Remark=-1&ApplerName=&Browser=FF|LoadTime:589|TrueName:刘萍|BGName:电商运营支持部--商城组|RoleName|超级管理员
2016-04-06 15:14:40	WebLog	RequestURL:ncc.sys1.bitauto.com/OtherTask/OtherTaskDeal.aspx|Para:?OtherTaskID=OTH0257468&r=0.5923427881207317%20%20%E4%B8%89%E4%B8%AA|LoadTime:3012|TrueName:刘萍|BGName:电商运营支持部--商城组|RoleName|超级管理员
2016-04-06 15:14:45	WebLog	RequestURL:ncc.sys1.bitauto.com/OtherTask/OtherTaskDeal.aspx|Para:?OtherTaskID=OTH0257468&r=0.5923427881207317|LoadTime:1945|TrueName:刘萍|BGName:电商运营支持部--商城组|RoleName|超级管理员
2016-04-06 15:15:42	WebLog	RequestURL:ncc.sys1.bitauto.com/OtherTask/OtherTaskDeal.aspx|Para:?OtherTaskID=OTH0257468&r=0.5923427881207317|LoadTime:2434|TrueName:刘萍|BGName:电商运营支持部--商城组|RoleName|超级管理员
2016-04-06 15:16:30	WebLog	RequestURL:ncc.sys1.bitauto.com/OtherTask/OtherTaskDeal.aspx|Para:?OtherTaskID=OTH0257468&r=0.5923427881207317|LoadTime:2534|TrueName:刘萍|BGName:电商运营支持部--商城组|RoleName|超级管理员
2016-04-06 15:25:31	WebLog	RequestURL:ncc.sys1.bitauto.com/CustBaseInfo/List.aspx|Para:?CustTel=13522443037|LoadTime:1413|TrueName:刘萍|BGName:电商运营支持部--商城组|RoleName|超级管理员
2016-04-06 15:25:34	AjaxLog	RequestURL:ncc.sys1.bitauto.com/AjaxServers/CustBaseInfo/List.aspx|Para:?CustName=&Sexs=&CallTime=&CustTel=13522443037&DealerName=&BeginTime=&EndTime=&ProvinceID=-1&CityID=-1&CountyID=-1&AreaIDs=&DataSources=&CityScopes=&CustCategorys=&AgentNum=&R=0.8458894448065953|LoadTime:428|TrueName:刘萍|BGName:电商运营支持部--商城组|RoleName|超级管理员
2016-04-06 15:52:27	error	用户Cookies异常：System.Web.HttpCookie
2016-04-06 15:52:28	error	用户Cookies异常：System.Web.HttpCookie
2016-04-06 15:52:41	WebLog	RequestURL:ncc.sys1.bitauto.com/ZuoxiManage/MainList.aspx|Para:|LoadTime:1366|TrueName:马双君|BGName:电商运营支持部--商城组|RoleName|超级管理员
2016-04-06 15:52:47	WebLog	RequestURL:ncc.sys1.bitauto.com/TrafficManage/AnswerPhone.aspx|Para:|LoadTime:2176|TrueName:马双君|BGName:电商运营支持部--商城组|RoleName|超级管理员
2016-04-06 15:52:51	AjaxLog	RequestURL:ncc.sys1.bitauto.com/AjaxServers/TrafficManage/AnswerList.aspx|Para:?CallID=&IncomingSource=&IVRScore=-1&selSolve=-1&Name=&ANI=&Agent=&TaskID=&BeginTime=2016-03-31&EndTime=2016-04-06&AgentNum=&PhoneNum=&TaskCategory=&SpanTime1=&SpanTime2=&AgentGroup=-1&CallStatus=1&selCategory=&selBusinessType=-1&r=0.45064351789155577|LoadTime:3706|TrueName:马双君|BGName:电商运营支持部--商城组|RoleName|超级管理员
2016-04-06 15:52:57	WebLog	RequestURL:ncc.sys1.bitauto.com/BlackWhite/BlackList.aspx|Para:|LoadTime:1237|TrueName:马双君|BGName:电商运营支持部--商城组|RoleName|超级管理员
2016-04-06 15:54:34	WebLog	RequestURL:ncc.sys1.bitauto.com/QualityStandard/List.aspx|Para:|LoadTime:1838|TrueName:马双君|BGName:电商运营支持部--商城组|RoleName|超级管理员
2016-04-06 15:54:39	WebLog	RequestURL:ncc.sys1.bitauto.com/QualityStandard/IMList.aspx|Para:|LoadTime:1451|TrueName:马双君|BGName:电商运营支持部--商城组|RoleName|超级管理员
2016-04-06 16:21:13	WebLog	RequestURL:ncc.sys1.bitauto.com/CRMStopCust/List.aspx|Para:|LoadTime:1416|TrueName:马双君|BGName:|RoleName|
2016-04-06 16:22:01	AjaxLog	RequestURL:ncc.sys1.bitauto.com/CRMStopCust/AjaxList.aspx|Para:?CustID=&AreaName=-1&SubmitBeginTime=&SubmitEndTime=&CustName=&OperID=-1&TaskStatus=-1&ApplyType=1&Reason=-1&Remark=-1&ApplerName=&Browser=FF|LoadTime:617|TrueName:马双君|BGName:电商运营支持部--商城组|RoleName|超级管理员
2016-04-06 16:24:45	WebLog	RequestURL:ncc.sys1.bitauto.com/OtherTask/OtherTaskList.aspx|Para:|LoadTime:1727|TrueName:马双君|BGName:电商运营支持部--商城组|RoleName|超级管理员
2016-04-06 16:24:52	error	用户Cookies异常：System.Web.HttpCookie
2016-04-06 16:24:53	error	用户Cookies异常：System.Web.HttpCookie
2016-04-06 16:25:01	WebLog	RequestURL:ncc.sys1.bitauto.com/OtherTask/OtherTaskList.aspx|Para:|LoadTime:1273|TrueName:马双君|BGName:电商运营支持部--商城组|RoleName|超级管理员
2016-04-06 16:25:16	AjaxLog	RequestURL:ncc.sys1.bitauto.com/AjaxServers/ReturnVisit/ReturnVisitCustList.aspx|Para:?pagesize=&CustName=&Brand=&Province=-1&City=&County=&SearchTrueNameID=&StartTime=&EndTime=&Contact=-2&ClientType=&CarType=&ProjectName=&NoResponser=-2&TagID=0|LoadTime:7940|TrueName:马双君|BGName:电商运营支持部--商城组|RoleName|超级管理员
2016-04-06 16:25:16	WebLog	RequestURL:ncc.sys1.bitauto.com/ReturnVisit/ReturnVisitCustList.aspx|Para:|LoadTime:446|TrueName:马双君|BGName:电商运营支持部--商城组|RoleName|超级管理员
2016-04-06 16:25:17	WebLog	RequestURL:ncc.sys1.bitauto.com/OtherTask/OtherTaskList.aspx|Para:|LoadTime:459|TrueName:马双君|BGName:电商运营支持部--商城组|RoleName|超级管理员
2016-04-06 16:25:22	WebLog	RequestURL:ncc.sys1.bitauto.com/OtherTask/OtherTaskList.aspx|Para:|LoadTime:341|TrueName:马双君|BGName:电商运营支持部--商城组|RoleName|超级管理员
2016-04-06 16:25:27	WebLog	RequestURL:ncc.sys1.bitauto.com/OtherTask/OtherTaskList.aspx|Para:|LoadTime:417|TrueName:马双君|BGName:电商运营支持部--商城组|RoleName|超级管理员
2016-04-06 16:26:01	WebLog	RequestURL:ncc.sys1.bitauto.com/ReturnVisit/ReturnVisitCustList.aspx|Para:|LoadTime:380|TrueName:马双君|BGName:电商运营支持部--商城组|RoleName|超级管理员
2016-04-06 16:26:01	AjaxLog	RequestURL:ncc.sys1.bitauto.com/AjaxServers/ReturnVisit/ReturnVisitCustList.aspx|Para:?pagesize=&CustName=&Brand=&Province=-1&City=&County=&SearchTrueNameID=&StartTime=&EndTime=&Contact=-2&ClientType=&CarType=&ProjectName=&NoResponser=-2&TagID=0|LoadTime:527|TrueName:马双君|BGName:电商运营支持部--商城组|RoleName|超级管理员
2016-04-06 16:26:28	WebLog	RequestURL:ncc.sys1.bitauto.com/OtherTask/OtherTaskList.aspx|Para:|LoadTime:712|TrueName:马双君|BGName:电商运营支持部--商城组|RoleName|超级管理员
2016-04-06 16:29:00	WebLog	RequestURL:ncc.sys1.bitauto.com/OtherTask/OtherTaskList.aspx|Para:|LoadTime:1303|TrueName:马双君|BGName:电商运营支持部--商城组|RoleName|超级管理员
2016-04-06 16:29:03	AjaxLog	RequestURL:ncc.sys1.bitauto.com/AjaxServers/OtherTask/OtherTaskList.aspx|Para:?PTID=&projectName=&status=2&group=&category=&creater=&oper=&beginTime=2016-01-07&endTime=2016-04-06&Agent=-2&pageSize=&CustID=&CustName=&r=0.2547246919229864|LoadTime:1187|TrueName:马双君|BGName:电商运营支持部--商城组|RoleName|超级管理员
2016-04-06 16:29:35	AjaxLog	RequestURL:ncc.sys1.bitauto.com/AjaxServers/OtherTask/OtherTaskList.aspx|Para:?PTID=&projectName=&status=2&group=&category=&creater=&oper=&beginTime=2016-01-07&endTime=2016-04-06&Agent=-2&pageSize=&CustID=&CustName=&r=0.059331570860253535|LoadTime:393|TrueName:马双君|BGName:电商运营支持部--商城组|RoleName|超级管理员
2016-04-06 16:29:39	WebLog	RequestURL:ncc.sys1.bitauto.com/OtherTask/OtherTaskDeal.aspx|Para:?OtherTaskID=OTH0257464&r=0.7581566269446801|LoadTime:2099|TrueName:马双君|BGName:电商运营支持部--商城组|RoleName|超级管理员
2016-04-06 16:31:43	WebLog	RequestURL:ncc.sys1.bitauto.com/OtherTask/OtherTaskDeal.aspx|Para:?OtherTaskID=OTH0257464&r=0.7581566269446801|LoadTime:2873|TrueName:马双君|BGName:|RoleName|
2016-04-06 16:32:37	WebLog	RequestURL:ncc.sys1.bitauto.com/OtherTask/OtherTaskDeal.aspx|Para:?OtherTaskID=OTH0257464&r=0.7581566269446801|LoadTime:6636|TrueName:马双君|BGName:电商运营支持部--商城组|RoleName|超级管理员
2016-04-06 16:36:22	WebLog	RequestURL:ncc.sys1.bitauto.com/OtherTask/OtherTaskDeal.aspx|Para:?OtherTaskID=OTH0257464&r=0.7581566269446801|LoadTime:2986|TrueName:马双君|BGName:|RoleName|
2016-04-06 17:42:40	error	用户Cookies异常：System.Web.HttpCookie
2016-04-06 18:36:57	error	用户Cookies异常：System.Web.HttpCookie
2016-04-06 18:46:01	WebLog	RequestURL:ncc.sys1.bitauto.com/CRMStopCust/List.aspx|Para:|LoadTime:2034|TrueName:马双君|BGName:电商运营支持部--商城组|RoleName|超级管理员
2016-04-06 18:47:06	WebLog	RequestURL:ncc.sys1.bitauto.com/CustBaseInfo/EditCustBaseInfo.aspx|Para:?From=CTI&IsClientOpen=1&BeginRingTime=2016-04-06%2018:46:57&CalledNum=01068492026&DataSource=5&CallType=1&CallID=351971459939615806&CustID=CB145581089895987|LoadTime:2897|TrueName:马双君|BGName:电商运营支持部--商城组|RoleName|超级管理员
2016-04-06 18:48:04	WebLog	RequestURL:ncc.sys1.bitauto.com/CustBaseInfo/EditCustBaseInfo.aspx|Para:?From=CTI&IsClientOpen=1&BeginRingTime=2016-04-06%2018:48:02&CalledNum=01068492026&DataSource=5&CallType=1&CallID=351971459939682802&CustID=CB145581089895987|LoadTime:740|TrueName:马双君|BGName:电商运营支持部--商城组|RoleName|超级管理员
2016-04-06 18:50:45	WebLog	RequestURL:ncc.sys1.bitauto.com/CustBaseInfo/EditCustBaseInfo.aspx|Para:?From=CTI&IsClientOpen=1&BeginRingTime=2016-04-06%2018:50:43&CalledNum=18066610180&DataSource=5&CallType=1&CallID=351971459939843567&CustID=CB145915937849963|LoadTime:629|TrueName:马双君|BGName:电商运营支持部--商城组|RoleName|超级管理员
