2016-05-13 09:26:57	error	用户Cookies异常：System.Web.HttpCookie
2016-05-13 09:27:00	error	用户Cookies异常：System.Web.HttpCookie
2016-05-13 09:27:08	WebLog	RequestURL:ncc.sys1.bitauto.com/CustomerCallin/MissedCallsList.aspx|Para:|LoadTime:1263|TrueName:马双君|BGName:测试测试测试|RoleName|超级管理员
2016-05-13 11:13:29	WebLog	RequestURL:ncc.sys1.bitauto.com/ZuoxiManage/MainList.aspx|Para:|LoadTime:904|TrueName:马双君|BGName:|RoleName|
2016-05-13 15:17:14	WebLog	RequestURL:ncc.sys1.bitauto.com/ZuoxiManage/MainList.aspx|Para:|LoadTime:6042|TrueName:|BGName:|RoleName|
2016-05-13 15:17:20	error	用户Cookies异常：System.Web.HttpCookie
2016-05-13 15:17:21	error	用户Cookies异常：System.Web.HttpCookie
2016-05-13 15:17:21	error	用户Cookies异常：System.Web.HttpCookie
2016-05-13 15:17:22	error	用户Cookies异常：System.Web.HttpCookie
2016-05-13 15:17:31	error	用户Cookies异常：System.Web.HttpCookie
2016-05-13 15:17:43	WebLog	RequestURL:ncc.sys1.bitauto.com/ExamOnline/ExamPaperStorage/ExamPaperList.aspx|Para:|LoadTime:544|TrueName:马双君|BGName:测试测试测试|RoleName|超级管理员
2016-05-13 15:32:40	WebLog	RequestURL:ncc.sys1.bitauto.com/ExamOnline/ExamPaperStorage/ExamPaperList.aspx|Para:|LoadTime:539|TrueName:马双君|BGName:|RoleName|
2016-05-13 15:38:23	WebLog	RequestURL:ncc.sys1.bitauto.com/ExamOnline/ExamPaperStorage/ExamPaperList.aspx|Para:|LoadTime:1408|TrueName:马双君|BGName:测试测试测试|RoleName|超级管理员
2016-05-13 15:39:36	WebLog	RequestURL:ncc.sys1.bitauto.com/ExamOnline/ExamPaperStorage/ExamPaperList.aspx|Para:|LoadTime:1014|TrueName:马双君|BGName:|RoleName|
2016-05-13 15:45:02	WebLog	RequestURL:ncc.sys1.bitauto.com/ExamOnline/ExamPaperStorage/ExamPaperList.aspx|Para:|LoadTime:717|TrueName:马双君|BGName:|RoleName|
2016-05-13 15:48:08	WebLog	RequestURL:ncc.sys1.bitauto.com/ExamOnline/ExamPaperStorage/ExamPaperList.aspx|Para:|LoadTime:1122|TrueName:马双君|BGName:|RoleName|
2016-05-13 15:51:39	WebLog	RequestURL:ncc.sys1.bitauto.com/ExamOnline/ExamPaperStorage/ExamPaperList.aspx|Para:|LoadTime:1616|TrueName:马双君|BGName:|RoleName|
2016-05-13 16:03:45	WebLog	RequestURL:ncc.sys1.bitauto.com/ExamOnline/ExamPaperStorage/ExamPaperList.aspx|Para:|LoadTime:755|TrueName:马双君|BGName:|RoleName|
2016-05-13 16:14:35	WebLog	RequestURL:ncc.sys1.bitauto.com/ExamOnline/ExamPaperStorage/ExamPaperList.aspx|Para:|LoadTime:1000|TrueName:马双君|BGName:|RoleName|
2016-05-13 16:15:21	WebLog	RequestURL:ncc.sys1.bitauto.com/ExamOnline/ExamPaperStorage/ExamPaperList.aspx|Para:|LoadTime:633|TrueName:马双君|BGName:测试测试测试|RoleName|超级管理员
2016-05-13 16:18:51	WebLog	RequestURL:ncc.sys1.bitauto.com/ExamOnline/ExamPaperStorage/ExamPaperList.aspx|Para:|LoadTime:703|TrueName:马双君|BGName:|RoleName|
2016-05-13 16:20:11	WebLog	RequestURL:ncc.sys1.bitauto.com/ExamOnline/ExamPaperStorage/ExamPaperList.aspx|Para:|LoadTime:570|TrueName:马双君|BGName:|RoleName|
2016-05-13 16:20:52	WebLog	RequestURL:ncc.sys1.bitauto.com/ExamOnline/ExamPaperStorage/ExamPaperList.aspx|Para:|LoadTime:695|TrueName:马双君|BGName:测试测试测试|RoleName|超级管理员
2016-05-13 16:24:25	WebLog	RequestURL:ncc.sys1.bitauto.com/ExamOnline/ExamPaperStorage/ExamPaperList.aspx|Para:|LoadTime:2370|TrueName:马双君|BGName:|RoleName|
2016-05-13 16:28:05	error	用户Cookies异常：System.Web.HttpCookie
2016-05-13 16:28:08	error	用户Cookies异常：System.Web.HttpCookie
2016-05-13 16:28:14	WebLog	RequestURL:ncc.sys1.bitauto.com/ExamOnline/ExamPaperStorage/ExamPaperList.aspx|Para:|LoadTime:511|TrueName:马双君|BGName:测试测试测试|RoleName|超级管理员
2016-05-13 16:31:42	WebLog	RequestURL:ncc.sys1.bitauto.com/ExamOnline/ExamPaperStorage/ExamPaperList.aspx|Para:|LoadTime:1625|TrueName:马双君|BGName:|RoleName|
2016-05-13 16:36:02	WebLog	RequestURL:ncc.sys1.bitauto.com/ExamOnline/ExamPaperStorage/ExamPaperList.aspx|Para:|LoadTime:1438|TrueName:马双君|BGName:|RoleName|
2016-05-13 16:40:37	WebLog	RequestURL:ncc.sys1.bitauto.com/ExamOnline/ExamPaperStorage/ExamPaperList.aspx|Para:|LoadTime:780|TrueName:马双君|BGName:|RoleName|
2016-05-13 16:43:33	WebLog	RequestURL:ncc.sys1.bitauto.com/ExamOnline/ExamPaperStorage/ExamPaperList.aspx|Para:|LoadTime:1809|TrueName:马双君|BGName:|RoleName|
2016-05-13 16:49:15	WebLog	RequestURL:ncc.sys1.bitauto.com/ExamOnline/ExamPaperStorage/ExamPaperList.aspx|Para:|LoadTime:1753|TrueName:马双君|BGName:|RoleName|
2016-05-13 16:49:15	WebLog	RequestURL:ncc.sys1.bitauto.com/ExamOnline/ExamPaperStorage/ExamPaperList.aspx|Para:|LoadTime:2226|TrueName:马双君|BGName:测试测试测试|RoleName|超级管理员
2016-05-13 16:55:17	WebLog	RequestURL:ncc.sys1.bitauto.com/ExamOnline/ExamPaperStorage/ExamPaperList.aspx|Para:|LoadTime:498|TrueName:马双君|BGName:|RoleName|
2016-05-13 16:57:08	WebLog	RequestURL:ncc.sys1.bitauto.com/ExamOnline/ExamPaperStorage/ExamPaperList.aspx|Para:|LoadTime:1449|TrueName:马双君|BGName:|RoleName|
2016-05-13 16:57:22	WebLog	RequestURL:ncc.sys1.bitauto.com/ExamOnline/ExamPaperStorage/ExamPaperList.aspx|Para:|LoadTime:1467|TrueName:马双君|BGName:测试测试测试|RoleName|超级管理员
2016-05-13 17:01:17	WebLog	RequestURL:ncc.sys1.bitauto.com/ExamOnline/ExamPaperStorage/ExamPaperList.aspx|Para:|LoadTime:1449|TrueName:马双君|BGName:|RoleName|
2016-05-13 17:16:09	WebLog	RequestURL:ncc.sys1.bitauto.com/ExamOnline/ExamPaperStorage/ExamPaperList.aspx|Para:|LoadTime:1458|TrueName:马双君|BGName:|RoleName|
2016-05-13 17:17:16	WebLog	RequestURL:ncc.sys1.bitauto.com/ExamOnline/ExamPaperStorage/ExamPaperList.aspx|Para:|LoadTime:875|TrueName:马双君|BGName:测试测试测试|RoleName|超级管理员
2016-05-13 17:17:19	WebLog	RequestURL:ncc.sys1.bitauto.com/ExamOnline/ExamPaperStorage/ExamPaperList.aspx|Para:|LoadTime:717|TrueName:马双君|BGName:测试测试测试|RoleName|超级管理员
