2016-05-11 10:47:56,064 [9] INFO  {10658 - 马双君} [(null)] - 【其他任务查询Step1――数据库Where条件】：  and (te.userID='10658' or ProjectInfo.BGID in (37,36,35,33,32,31,30,21,18,17,16,15,14,13,12,11,9,8,7,6,5,4,3,1,41,39,38,29,28,27,26,25,22,20,19,2)) AND OtherTaskInfo.LastOptTime>='2016-04-11 0:00:000' AND OtherTaskInfo.LastOptTime<='2016-05-11 23:59:29' and ( OtherTaskInfo.TaskStatus='2' )
2016-05-11 10:47:56,206 [9] INFO  {10658 - 马双君} [(null)] - 【其他任务查询Step2――数据库查询耗时】：36.6675毫秒
2016-05-11 10:47:56,279 [9] INFO  {10658 - 马双君} [(null)] - 【其他任务查询Step3――总耗时】：769.4291毫秒
2016-05-11 10:47:56,926 [3] INFO  {10658 - 马双君} [(null)] - 【其他任务查询Step1――数据库Where条件】：  and (te.userID='10658' or ProjectInfo.BGID in (37,36,35,33,32,31,30,21,18,17,16,15,14,13,12,11,9,8,7,6,5,4,3,1,41,39,38,29,28,27,26,25,22,20,19,2)) AND OtherTaskInfo.LastOptTime>='2016-04-11 0:00:000' AND OtherTaskInfo.LastOptTime<='2016-05-11 23:59:29' and ( OtherTaskInfo.TaskStatus='2' )
2016-05-11 10:47:56,936 [3] INFO  {10658 - 马双君} [(null)] - 【其他任务查询Step2――数据库查询耗时】：10.2349毫秒
2016-05-11 10:47:56,966 [3] INFO  {10658 - 马双君} [(null)] - 【其他任务查询Step3――总耗时】：50.7015毫秒
2016-05-11 10:47:57,182 [6] INFO  {10658 - 马双君} [(null)] - 【其他任务查询Step1――数据库Where条件】：  and (te.userID='10658' or ProjectInfo.BGID in (37,36,35,33,32,31,30,21,18,17,16,15,14,13,12,11,9,8,7,6,5,4,3,1,41,39,38,29,28,27,26,25,22,20,19,2)) AND OtherTaskInfo.LastOptTime>='2016-04-11 0:00:000' AND OtherTaskInfo.LastOptTime<='2016-05-11 23:59:29' and ( OtherTaskInfo.TaskStatus='2' )
2016-05-11 10:47:57,194 [6] INFO  {10658 - 马双君} [(null)] - 【其他任务查询Step2――数据库查询耗时】：11.1492毫秒
2016-05-11 10:47:57,225 [6] INFO  {10658 - 马双君} [(null)] - 【其他任务查询Step3――总耗时】：54.3559毫秒
2016-05-11 10:47:57,258 [3] INFO  {10658 - 马双君} [(null)] - 【其他任务查询Step1――数据库Where条件】：  and (te.userID='10658' or ProjectInfo.BGID in (37,36,35,33,32,31,30,21,18,17,16,15,14,13,12,11,9,8,7,6,5,4,3,1,41,39,38,29,28,27,26,25,22,20,19,2)) AND OtherTaskInfo.LastOptTime>='2016-04-11 0:00:000' AND OtherTaskInfo.LastOptTime<='2016-05-11 23:59:29' and ( OtherTaskInfo.TaskStatus='2' )
2016-05-11 10:47:57,277 [3] INFO  {10658 - 马双君} [(null)] - 【其他任务查询Step2――数据库查询耗时】：19.701毫秒
2016-05-11 10:47:57,310 [3] INFO  {10658 - 马双君} [(null)] - 【其他任务查询Step3――总耗时】：66.5823毫秒
2016-05-11 10:47:57,604 [9] INFO  {10658 - 马双君} [(null)] - 【其他任务查询Step1――数据库Where条件】：  and (te.userID='10658' or ProjectInfo.BGID in (37,36,35,33,32,31,30,21,18,17,16,15,14,13,12,11,9,8,7,6,5,4,3,1,41,39,38,29,28,27,26,25,22,20,19,2)) AND OtherTaskInfo.LastOptTime>='2016-04-11 0:00:000' AND OtherTaskInfo.LastOptTime<='2016-05-11 23:59:29' and ( OtherTaskInfo.TaskStatus='2' )
2016-05-11 10:47:57,637 [9] INFO  {10658 - 马双君} [(null)] - 【其他任务查询Step2――数据库查询耗时】：32.763毫秒
2016-05-11 10:47:57,670 [9] INFO  {10658 - 马双君} [(null)] - 【其他任务查询Step3――总耗时】：88.5912毫秒
2016-05-11 10:47:57,703 [11] INFO  {10658 - 马双君} [(null)] - 【其他任务查询Step1――数据库Where条件】：  and (te.userID='10658' or ProjectInfo.BGID in (37,36,35,33,32,31,30,21,18,17,16,15,14,13,12,11,9,8,7,6,5,4,3,1,41,39,38,29,28,27,26,25,22,20,19,2)) AND OtherTaskInfo.LastOptTime>='2016-04-11 0:00:000' AND OtherTaskInfo.LastOptTime<='2016-05-11 23:59:29' and ( OtherTaskInfo.TaskStatus='2' )
2016-05-11 10:47:57,726 [11] INFO  {10658 - 马双君} [(null)] - 【其他任务查询Step2――数据库查询耗时】：22.4565毫秒
2016-05-11 10:47:57,773 [11] INFO  {10658 - 马双君} [(null)] - 【其他任务查询Step3――总耗时】：89.4518毫秒
2016-05-11 10:47:57,889 [10] INFO  {10658 - 马双君} [(null)] - 【其他任务查询Step1――数据库Where条件】：  and (te.userID='10658' or ProjectInfo.BGID in (37,36,35,33,32,31,30,21,18,17,16,15,14,13,12,11,9,8,7,6,5,4,3,1,41,39,38,29,28,27,26,25,22,20,19,2)) AND OtherTaskInfo.LastOptTime>='2016-04-11 0:00:000' AND OtherTaskInfo.LastOptTime<='2016-05-11 23:59:29' and ( OtherTaskInfo.TaskStatus='2' )
2016-05-11 10:47:57,909 [10] INFO  {10658 - 马双君} [(null)] - 【其他任务查询Step2――数据库查询耗时】：19.8243毫秒
2016-05-11 10:47:57,953 [10] INFO  {10658 - 马双君} [(null)] - 【其他任务查询Step3――总耗时】：82.0027毫秒
2016-05-11 10:47:58,172 [8] INFO  {10658 - 马双君} [(null)] - 【其他任务查询Step1――数据库Where条件】：  and (te.userID='10658' or ProjectInfo.BGID in (37,36,35,33,32,31,30,21,18,17,16,15,14,13,12,11,9,8,7,6,5,4,3,1,41,39,38,29,28,27,26,25,22,20,19,2)) AND OtherTaskInfo.LastOptTime>='2016-04-11 0:00:000' AND OtherTaskInfo.LastOptTime<='2016-05-11 23:59:29' and ( OtherTaskInfo.TaskStatus='2' )
2016-05-11 10:47:58,192 [8] INFO  {10658 - 马双君} [(null)] - 【其他任务查询Step2――数据库查询耗时】：20.0823毫秒
2016-05-11 10:47:58,227 [8] INFO  {10658 - 马双君} [(null)] - 【其他任务查询Step3――总耗时】：71.8361毫秒
2016-05-11 10:47:58,688 [12] INFO  {10658 - 马双君} [(null)] - 【其他任务查询Step1――数据库Where条件】：  and (te.userID='10658' or ProjectInfo.BGID in (37,36,35,33,32,31,30,21,18,17,16,15,14,13,12,11,9,8,7,6,5,4,3,1,41,39,38,29,28,27,26,25,22,20,19,2)) AND OtherTaskInfo.LastOptTime>='2016-04-11 0:00:000' AND OtherTaskInfo.LastOptTime<='2016-05-11 23:59:29' and ( OtherTaskInfo.TaskStatus='2' )
2016-05-11 10:47:58,707 [12] INFO  {10658 - 马双君} [(null)] - 【其他任务查询Step2――数据库查询耗时】：19.4956毫秒
2016-05-11 10:47:58,740 [12] INFO  {10658 - 马双君} [(null)] - 【其他任务查询Step3――总耗时】：70.2991毫秒
2016-05-11 10:49:25,589 [11] INFO  {10658 - 马双君} [(null)] - 【其他任务查询Step1――数据库Where条件】：  and (te.userID='10658' or ProjectInfo.BGID in (37,36,35,33,32,31,30,21,18,17,16,15,14,13,12,11,9,8,7,6,5,4,3,1,41,39,38,29,28,27,26,25,22,20,19,2)) AND OtherTaskInfo.LastOptTime>='2016-04-11 0:00:000' AND OtherTaskInfo.LastOptTime<='2016-05-11 23:59:29' and ( OtherTaskInfo.TaskStatus='2' )
2016-05-11 10:49:25,715 [11] INFO  {10658 - 马双君} [(null)] - 【其他任务查询Step2――数据库查询耗时】：32.3746毫秒
2016-05-11 10:49:25,776 [11] INFO  {10658 - 马双君} [(null)] - 【其他任务查询Step3――总耗时】：694.5731毫秒
2016-05-11 10:49:46,112 [9] INFO  {10658 - 马双君} [(null)] - 【其他任务查询Step1――数据库Where条件】：  and (te.userID='10658' or ProjectInfo.BGID in (37,36,35,33,32,31,30,21,18,17,16,15,14,13,12,11,9,8,7,6,5,4,3,1,41,39,38,29,28,27,26,25,22,20,19,2)) AND OtherTaskInfo.LastOptTime>='2016-04-11 0:00:000' AND OtherTaskInfo.LastOptTime<='2016-05-11 23:59:29' and ( OtherTaskInfo.TaskStatus='2' )
2016-05-11 10:49:46,208 [9] INFO  {10658 - 马双君} [(null)] - 【其他任务查询Step2――数据库查询耗时】：95.6847毫秒
2016-05-11 10:49:46,241 [9] INFO  {10658 - 马双君} [(null)] - 【其他任务查询Step3――总耗时】：155.106毫秒
2016-05-11 10:49:46,619 [12] INFO  {10658 - 马双君} [(null)] - 【其他任务查询Step1――数据库Where条件】：  and (te.userID='10658' or ProjectInfo.BGID in (37,36,35,33,32,31,30,21,18,17,16,15,14,13,12,11,9,8,7,6,5,4,3,1,41,39,38,29,28,27,26,25,22,20,19,2)) AND OtherTaskInfo.LastOptTime>='2016-04-11 0:00:000' AND OtherTaskInfo.LastOptTime<='2016-05-11 23:59:29' and ( OtherTaskInfo.TaskStatus='2' )
2016-05-11 10:49:46,638 [12] INFO  {10658 - 马双君} [(null)] - 【其他任务查询Step2――数据库查询耗时】：17.9728毫秒
2016-05-11 10:49:46,671 [12] INFO  {10658 - 马双君} [(null)] - 【其他任务查询Step3――总耗时】：68.3441毫秒
2016-05-11 10:49:46,821 [8] INFO  {10658 - 马双君} [(null)] - 【其他任务查询Step1――数据库Where条件】：  and (te.userID='10658' or ProjectInfo.BGID in (37,36,35,33,32,31,30,21,18,17,16,15,14,13,12,11,9,8,7,6,5,4,3,1,41,39,38,29,28,27,26,25,22,20,19,2)) AND OtherTaskInfo.LastOptTime>='2016-04-11 0:00:000' AND OtherTaskInfo.LastOptTime<='2016-05-11 23:59:29' and ( OtherTaskInfo.TaskStatus='2' )
2016-05-11 10:49:46,841 [8] INFO  {10658 - 马双君} [(null)] - 【其他任务查询Step2――数据库查询耗时】：19.4035毫秒
2016-05-11 10:49:46,872 [8] INFO  {10658 - 马双君} [(null)] - 【其他任务查询Step3――总耗时】：66.0647毫秒
2016-05-11 10:49:46,897 [3] INFO  {10658 - 马双君} [(null)] - 【其他任务查询Step1――数据库Where条件】：  and (te.userID='10658' or ProjectInfo.BGID in (37,36,35,33,32,31,30,21,18,17,16,15,14,13,12,11,9,8,7,6,5,4,3,1,41,39,38,29,28,27,26,25,22,20,19,2)) AND OtherTaskInfo.LastOptTime>='2016-04-11 0:00:000' AND OtherTaskInfo.LastOptTime<='2016-05-11 23:59:29' and ( OtherTaskInfo.TaskStatus='2' )
2016-05-11 10:49:46,917 [3] INFO  {10658 - 马双君} [(null)] - 【其他任务查询Step2――数据库查询耗时】：19.6509毫秒
2016-05-11 10:49:46,949 [3] INFO  {10658 - 马双君} [(null)] - 【其他任务查询Step3――总耗时】：71.066毫秒
2016-05-11 10:49:47,219 [6] INFO  {10658 - 马双君} [(null)] - 【其他任务查询Step1――数据库Where条件】：  and (te.userID='10658' or ProjectInfo.BGID in (37,36,35,33,32,31,30,21,18,17,16,15,14,13,12,11,9,8,7,6,5,4,3,1,41,39,38,29,28,27,26,25,22,20,19,2)) AND OtherTaskInfo.LastOptTime>='2016-04-11 0:00:000' AND OtherTaskInfo.LastOptTime<='2016-05-11 23:59:29' and ( OtherTaskInfo.TaskStatus='2' )
2016-05-11 10:49:47,239 [6] INFO  {10658 - 马双君} [(null)] - 【其他任务查询Step2――数据库查询耗时】：19.8516毫秒
2016-05-11 10:49:47,272 [6] INFO  {10658 - 马双君} [(null)] - 【其他任务查询Step3――总耗时】：70.2592毫秒
2016-05-11 15:43:15,332 [11] INFO  {BitAuto.ISDC.CC2012.BLL.Loger} [(null)] - [AgentTimeState.asmx]GetUserSkillGroupIdAndPriorty ...获取用户技能组数据结束...UserId：10658
2016-05-11 15:43:15,606 [11] INFO  {BitAuto.ISDC.CC2012.BLL.Loger} [(null)] - [AgentTimeState.asmx]GetUserSkillGroupIdAndPriorty ...获取用户技能组数据结束!
