2018-06-13 21:08:16,428 [10] INFO  BaseLog [(null)] - 统计微信数据-----服务开始
2018-06-13 21:09:58,565 [10] INFO  BaseLog [(null)] - 统计微信数据-----服务开始
2018-06-13 21:11:17,092 [9] INFO  BaseLog [(null)] - 统计微信数据-----服务开始
2018-06-13 21:12:00,275 [9] INFO  BaseLog [(null)] - 统计微信数据-----服务开始
2018-06-13 21:17:55,084 [9] INFO  BaseLog [(null)] - 统计微信数据-----服务开始
2018-06-13 21:20:39,139 [9] INFO  BaseLog [(null)] - 统计微信数据-----服务开始
2018-06-13 21:22:25,889 [9] INFO  BaseLog [(null)] - 统计微信数据-----服务开始
2018-06-13 21:23:19,634 [10] INFO  BaseLog [(null)] - 统计微信数据-----服务开始
2018-06-13 21:24:16,960 [6] ERROR BaseLog [(null)] - 在appid=wxf0eea6fec2756b45中，给openid=ohvZzwKcecjCO9EXUSlwPec0PlW4，用模板id=kq9axyB6oKNKm6SSfuMVu5bD19oSbNjUewfFtUyUlgM，发送消息失败
Senparc.Weixin.Exceptions.UnRegisterAppIdException: 此appId（wxf0eea6fec2756b45）尚未注册，请先使用AccessTokenContainer.Register完成注册（全局执行一次即可）！模块：MP
   在 Senparc.Weixin.CommonAPIs.ApiHandlerWapper.ApiHandlerWapperBase.TryCommonApiBase[T](PlatformType platformType, Func`1 accessTokenContainer_GetFirstOrDefaultAppIdFunc, Func`2 accessTokenContainer_CheckRegisteredFunc, Func`3 accessTokenContainer_GetAccessTokenResultFunc, Int32 invalidCredentialValue, Func`2 fun, String accessTokenOrAppId, Boolean retryIfFaild)
   在 Senparc.Weixin.MP.ApiHandlerWapper.TryCommonApi[T](Func`2 fun, String accessTokenOrAppId, Boolean retryIfFaild)
   在 Senparc.Weixin.MP.AdvancedAPIs.TemplateApi.SendTemplateMessage(String accessTokenOrAppId, String openId, String templateId, String url, Object data, TempleteModel_MiniProgram miniProgram, Int32 timeOut)
   在 XYAuto.ITSC.Chitunion2017.BLL.WeChat.TempHelper.SendTempMsg(String appId, String openId, String templateId, String url, Object objData) 位置 D:\GitRoot（C）\A5信息系统研发\销售业务管理平台\赤兔联盟系统\XYAuto.ITSC.Chitunion2017.BLL\WeChat\TempHelper.cs:行号 53
2018-06-13 21:24:17,037 [6] INFO  BaseLog [(null)] - 给用户UserID=1701,openid=ohvZzwKcecjCO9EXUSlwPec0PlW4,appid=wxf0eea6fec2756b45,tempID=kq9axyB6oKNKm6SSfuMVu5bD19oSbNjUewfFtUyUlgM,tempName=收益到账提醒,发送模板消息=失败
2018-06-13 21:24:17,047 [6] ERROR BaseLog [(null)] - 在appid=wxf0eea6fec2756b45中，给openid=ohvZzwDiVhUP0Tqo3R9-8_HGYjeg，用模板id=kq9axyB6oKNKm6SSfuMVu5bD19oSbNjUewfFtUyUlgM，发送消息失败
Senparc.Weixin.Exceptions.UnRegisterAppIdException: 此appId（wxf0eea6fec2756b45）尚未注册，请先使用AccessTokenContainer.Register完成注册（全局执行一次即可）！模块：MP
   在 Senparc.Weixin.CommonAPIs.ApiHandlerWapper.ApiHandlerWapperBase.TryCommonApiBase[T](PlatformType platformType, Func`1 accessTokenContainer_GetFirstOrDefaultAppIdFunc, Func`2 accessTokenContainer_CheckRegisteredFunc, Func`3 accessTokenContainer_GetAccessTokenResultFunc, Int32 invalidCredentialValue, Func`2 fun, String accessTokenOrAppId, Boolean retryIfFaild)
   在 Senparc.Weixin.MP.ApiHandlerWapper.TryCommonApi[T](Func`2 fun, String accessTokenOrAppId, Boolean retryIfFaild)
   在 Senparc.Weixin.MP.AdvancedAPIs.TemplateApi.SendTemplateMessage(String accessTokenOrAppId, String openId, String templateId, String url, Object data, TempleteModel_MiniProgram miniProgram, Int32 timeOut)
   在 XYAuto.ITSC.Chitunion2017.BLL.WeChat.TempHelper.SendTempMsg(String appId, String openId, String templateId, String url, Object objData) 位置 D:\GitRoot（C）\A5信息系统研发\销售业务管理平台\赤兔联盟系统\XYAuto.ITSC.Chitunion2017.BLL\WeChat\TempHelper.cs:行号 53
2018-06-13 21:24:17,047 [6] INFO  BaseLog [(null)] - 给用户UserID=1722,openid=ohvZzwDiVhUP0Tqo3R9-8_HGYjeg,appid=wxf0eea6fec2756b45,tempID=kq9axyB6oKNKm6SSfuMVu5bD19oSbNjUewfFtUyUlgM,tempName=收益到账提醒,发送模板消息=失败
2018-06-13 21:24:17,057 [6] ERROR BaseLog [(null)] - 在appid=wxf0eea6fec2756b45中，给openid=ohvZzwEibVOXvd_9nZ2UwBlWEzek，用模板id=kq9axyB6oKNKm6SSfuMVu5bD19oSbNjUewfFtUyUlgM，发送消息失败
Senparc.Weixin.Exceptions.UnRegisterAppIdException: 此appId（wxf0eea6fec2756b45）尚未注册，请先使用AccessTokenContainer.Register完成注册（全局执行一次即可）！模块：MP
   在 Senparc.Weixin.CommonAPIs.ApiHandlerWapper.ApiHandlerWapperBase.TryCommonApiBase[T](PlatformType platformType, Func`1 accessTokenContainer_GetFirstOrDefaultAppIdFunc, Func`2 accessTokenContainer_CheckRegisteredFunc, Func`3 accessTokenContainer_GetAccessTokenResultFunc, Int32 invalidCredentialValue, Func`2 fun, String accessTokenOrAppId, Boolean retryIfFaild)
   在 Senparc.Weixin.MP.ApiHandlerWapper.TryCommonApi[T](Func`2 fun, String accessTokenOrAppId, Boolean retryIfFaild)
   在 Senparc.Weixin.MP.AdvancedAPIs.TemplateApi.SendTemplateMessage(String accessTokenOrAppId, String openId, String templateId, String url, Object data, TempleteModel_MiniProgram miniProgram, Int32 timeOut)
   在 XYAuto.ITSC.Chitunion2017.BLL.WeChat.TempHelper.SendTempMsg(String appId, String openId, String templateId, String url, Object objData) 位置 D:\GitRoot（C）\A5信息系统研发\销售业务管理平台\赤兔联盟系统\XYAuto.ITSC.Chitunion2017.BLL\WeChat\TempHelper.cs:行号 53
2018-06-13 21:24:17,057 [6] INFO  BaseLog [(null)] - 给用户UserID=1725,openid=ohvZzwEibVOXvd_9nZ2UwBlWEzek,appid=wxf0eea6fec2756b45,tempID=kq9axyB6oKNKm6SSfuMVu5bD19oSbNjUewfFtUyUlgM,tempName=收益到账提醒,发送模板消息=失败
2018-06-13 21:28:19,596 [6] ERROR BaseLog [(null)] - 在appid=wxf0eea6fec2756b45中，给openid=ohvZzwIpMW_ROfDf7N9IvbdNrpHg，用模板id=kq9axyB6oKNKm6SSfuMVu5bD19oSbNjUewfFtUyUlgM，发送消息失败
Senparc.Weixin.Exceptions.UnRegisterAppIdException: 此appId（wxf0eea6fec2756b45）尚未注册，请先使用AccessTokenContainer.Register完成注册（全局执行一次即可）！模块：MP
   在 Senparc.Weixin.CommonAPIs.ApiHandlerWapper.ApiHandlerWapperBase.TryCommonApiBase[T](PlatformType platformType, Func`1 accessTokenContainer_GetFirstOrDefaultAppIdFunc, Func`2 accessTokenContainer_CheckRegisteredFunc, Func`3 accessTokenContainer_GetAccessTokenResultFunc, Int32 invalidCredentialValue, Func`2 fun, String accessTokenOrAppId, Boolean retryIfFaild)
   在 Senparc.Weixin.MP.ApiHandlerWapper.TryCommonApi[T](Func`2 fun, String accessTokenOrAppId, Boolean retryIfFaild)
   在 Senparc.Weixin.MP.AdvancedAPIs.TemplateApi.SendTemplateMessage(String accessTokenOrAppId, String openId, String templateId, String url, Object data, TempleteModel_MiniProgram miniProgram, Int32 timeOut)
   在 XYAuto.ITSC.Chitunion2017.BLL.WeChat.TempHelper.SendTempMsg(String appId, String openId, String templateId, String url, Object objData) 位置 D:\GitRoot（C）\A5信息系统研发\销售业务管理平台\赤兔联盟系统\XYAuto.ITSC.Chitunion2017.BLL\WeChat\TempHelper.cs:行号 53
2018-06-13 21:29:33,855 [9] INFO  BaseLog [(null)] - 统计微信数据-----服务开始
2018-06-13 21:29:35,168 [11] ERROR BaseLog [(null)] - 在appid=wxf0eea6fec2756b45中，给openid=ohvZzwKcecjCO9EXUSlwPec0PlW4，用模板id=kq9axyB6oKNKm6SSfuMVu5bD19oSbNjUewfFtUyUlgM，发送消息失败
Senparc.Weixin.Exceptions.UnRegisterAppIdException: 此appId（wxf0eea6fec2756b45）尚未注册，请先使用AccessTokenContainer.Register完成注册（全局执行一次即可）！模块：MP
   在 Senparc.Weixin.CommonAPIs.ApiHandlerWapper.ApiHandlerWapperBase.TryCommonApiBase[T](PlatformType platformType, Func`1 accessTokenContainer_GetFirstOrDefaultAppIdFunc, Func`2 accessTokenContainer_CheckRegisteredFunc, Func`3 accessTokenContainer_GetAccessTokenResultFunc, Int32 invalidCredentialValue, Func`2 fun, String accessTokenOrAppId, Boolean retryIfFaild)
   在 Senparc.Weixin.MP.ApiHandlerWapper.TryCommonApi[T](Func`2 fun, String accessTokenOrAppId, Boolean retryIfFaild)
   在 Senparc.Weixin.MP.AdvancedAPIs.TemplateApi.SendTemplateMessage(String accessTokenOrAppId, String openId, String templateId, String url, Object data, TempleteModel_MiniProgram miniProgram, Int32 timeOut)
   在 XYAuto.ITSC.Chitunion2017.BLL.WeChat.TempHelper.SendTempMsg(String appId, String openId, String templateId, String url, Object objData) 位置 D:\GitRoot（C）\A5信息系统研发\销售业务管理平台\赤兔联盟系统\XYAuto.ITSC.Chitunion2017.BLL\WeChat\TempHelper.cs:行号 53
2018-06-13 21:29:35,176 [11] INFO  BaseLog [(null)] - 给用户UserID=1701,openid=ohvZzwKcecjCO9EXUSlwPec0PlW4,appid=wxf0eea6fec2756b45,tempID=kq9axyB6oKNKm6SSfuMVu5bD19oSbNjUewfFtUyUlgM,tempName=收益到账提醒,发送模板消息=失败
2018-06-13 21:29:35,194 [11] ERROR BaseLog [(null)] - 在appid=wxf0eea6fec2756b45中，给openid=ohvZzwDiVhUP0Tqo3R9-8_HGYjeg，用模板id=kq9axyB6oKNKm6SSfuMVu5bD19oSbNjUewfFtUyUlgM，发送消息失败
Senparc.Weixin.Exceptions.UnRegisterAppIdException: 此appId（wxf0eea6fec2756b45）尚未注册，请先使用AccessTokenContainer.Register完成注册（全局执行一次即可）！模块：MP
   在 Senparc.Weixin.CommonAPIs.ApiHandlerWapper.ApiHandlerWapperBase.TryCommonApiBase[T](PlatformType platformType, Func`1 accessTokenContainer_GetFirstOrDefaultAppIdFunc, Func`2 accessTokenContainer_CheckRegisteredFunc, Func`3 accessTokenContainer_GetAccessTokenResultFunc, Int32 invalidCredentialValue, Func`2 fun, String accessTokenOrAppId, Boolean retryIfFaild)
   在 Senparc.Weixin.MP.ApiHandlerWapper.TryCommonApi[T](Func`2 fun, String accessTokenOrAppId, Boolean retryIfFaild)
   在 Senparc.Weixin.MP.AdvancedAPIs.TemplateApi.SendTemplateMessage(String accessTokenOrAppId, String openId, String templateId, String url, Object data, TempleteModel_MiniProgram miniProgram, Int32 timeOut)
   在 XYAuto.ITSC.Chitunion2017.BLL.WeChat.TempHelper.SendTempMsg(String appId, String openId, String templateId, String url, Object objData) 位置 D:\GitRoot（C）\A5信息系统研发\销售业务管理平台\赤兔联盟系统\XYAuto.ITSC.Chitunion2017.BLL\WeChat\TempHelper.cs:行号 53
2018-06-13 21:29:35,195 [11] INFO  BaseLog [(null)] - 给用户UserID=1722,openid=ohvZzwDiVhUP0Tqo3R9-8_HGYjeg,appid=wxf0eea6fec2756b45,tempID=kq9axyB6oKNKm6SSfuMVu5bD19oSbNjUewfFtUyUlgM,tempName=收益到账提醒,发送模板消息=失败
2018-06-13 21:29:35,205 [11] ERROR BaseLog [(null)] - 在appid=wxf0eea6fec2756b45中，给openid=ohvZzwEibVOXvd_9nZ2UwBlWEzek，用模板id=kq9axyB6oKNKm6SSfuMVu5bD19oSbNjUewfFtUyUlgM，发送消息失败
Senparc.Weixin.Exceptions.UnRegisterAppIdException: 此appId（wxf0eea6fec2756b45）尚未注册，请先使用AccessTokenContainer.Register完成注册（全局执行一次即可）！模块：MP
   在 Senparc.Weixin.CommonAPIs.ApiHandlerWapper.ApiHandlerWapperBase.TryCommonApiBase[T](PlatformType platformType, Func`1 accessTokenContainer_GetFirstOrDefaultAppIdFunc, Func`2 accessTokenContainer_CheckRegisteredFunc, Func`3 accessTokenContainer_GetAccessTokenResultFunc, Int32 invalidCredentialValue, Func`2 fun, String accessTokenOrAppId, Boolean retryIfFaild)
   在 Senparc.Weixin.MP.ApiHandlerWapper.TryCommonApi[T](Func`2 fun, String accessTokenOrAppId, Boolean retryIfFaild)
   在 Senparc.Weixin.MP.AdvancedAPIs.TemplateApi.SendTemplateMessage(String accessTokenOrAppId, String openId, String templateId, String url, Object data, TempleteModel_MiniProgram miniProgram, Int32 timeOut)
   在 XYAuto.ITSC.Chitunion2017.BLL.WeChat.TempHelper.SendTempMsg(String appId, String openId, String templateId, String url, Object objData) 位置 D:\GitRoot（C）\A5信息系统研发\销售业务管理平台\赤兔联盟系统\XYAuto.ITSC.Chitunion2017.BLL\WeChat\TempHelper.cs:行号 53
2018-06-13 21:29:35,205 [11] INFO  BaseLog [(null)] - 给用户UserID=1725,openid=ohvZzwEibVOXvd_9nZ2UwBlWEzek,appid=wxf0eea6fec2756b45,tempID=kq9axyB6oKNKm6SSfuMVu5bD19oSbNjUewfFtUyUlgM,tempName=收益到账提醒,发送模板消息=失败
2018-06-13 21:29:52,124 [10] INFO  BaseLog [(null)] - 统计微信数据-----服务开始
2018-06-13 21:30:30,414 [9] INFO  BaseLog [(null)] - 统计微信数据-----服务开始
2018-06-13 21:30:39,401 [11] INFO  BaseLog [(null)] - 发送模板消息完成，appId=wxf0eea6fec2756b45,openId=ohvZzwKcecjCO9EXUSlwPec0PlW4,templateId=kq9axyB6oKNKm6SSfuMVu5bD19oSbNjUewfFtUyUlgM,url=http://wx.73mfmfk05.cn/index.html, objData={"first":{"value":"12345678901234567890123456789012，您昨日的任务收益已到账，可在【收益】页面查看哦！","color":"#173177"},"keyword1":{"value":"昨日","color":"#173177"},"keyword2":{"value":"元","color":"#173177"},"keyword3":{"value":"赤兔联盟","color":"#173177"},"remark":{"value":"今日奖励已经为您奉上！参与抽奖最高可获千元现金，赶紧领取>>","color":"#173177"}},result={"msgid":323874122524377092,"errcode":0,"ErrorCodeValue":0,"errmsg":"ok","P2PData":null}
2018-06-13 21:30:39,401 [11] INFO  BaseLog [(null)] - 给用户UserID=1701,openid=ohvZzwKcecjCO9EXUSlwPec0PlW4,appid=wxf0eea6fec2756b45,tempID=kq9axyB6oKNKm6SSfuMVu5bD19oSbNjUewfFtUyUlgM,tempName=收益到账提醒,发送模板消息=成功
2018-06-13 21:30:39,565 [11] INFO  BaseLog [(null)] - 发送模板消息完成，appId=wxf0eea6fec2756b45,openId=ohvZzwDiVhUP0Tqo3R9-8_HGYjeg,templateId=kq9axyB6oKNKm6SSfuMVu5bD19oSbNjUewfFtUyUlgM,url=http://wx.73mfmfk05.cn/index.html, objData={"first":{"value":"三分苦咖啡，您昨日的任务收益已到账，可在【收益】页面查看哦！","color":"#173177"},"keyword1":{"value":"昨日","color":"#173177"},"keyword2":{"value":"元","color":"#173177"},"keyword3":{"value":"赤兔联盟","color":"#173177"},"remark":{"value":"今日奖励已经为您奉上！参与抽奖最高可获千元现金，赶紧领取>>","color":"#173177"}},result={"msgid":323874126383054849,"errcode":0,"ErrorCodeValue":0,"errmsg":"ok","P2PData":null}
2018-06-13 21:30:39,565 [11] INFO  BaseLog [(null)] - 给用户UserID=1722,openid=ohvZzwDiVhUP0Tqo3R9-8_HGYjeg,appid=wxf0eea6fec2756b45,tempID=kq9axyB6oKNKm6SSfuMVu5bD19oSbNjUewfFtUyUlgM,tempName=收益到账提醒,发送模板消息=成功
2018-06-13 21:30:39,714 [11] INFO  BaseLog [(null)] - 发送模板消息完成，appId=wxf0eea6fec2756b45,openId=ohvZzwEibVOXvd_9nZ2UwBlWEzek,templateId=kq9axyB6oKNKm6SSfuMVu5bD19oSbNjUewfFtUyUlgM,url=http://wx.73mfmfk05.cn/index.html, objData={"first":{"value":"科波拉，您昨日的任务收益已到账，可在【收益】页面查看哦！","color":"#173177"},"keyword1":{"value":"昨日","color":"#173177"},"keyword2":{"value":"元","color":"#173177"},"keyword3":{"value":"赤兔联盟","color":"#173177"},"remark":{"value":"今日奖励已经为您奉上！参与抽奖最高可获千元现金，赶紧领取>>","color":"#173177"}},result={"msgid":323874128681598978,"errcode":0,"ErrorCodeValue":0,"errmsg":"ok","P2PData":null}
2018-06-13 21:30:39,714 [11] INFO  BaseLog [(null)] - 给用户UserID=1725,openid=ohvZzwEibVOXvd_9nZ2UwBlWEzek,appid=wxf0eea6fec2756b45,tempID=kq9axyB6oKNKm6SSfuMVu5bD19oSbNjUewfFtUyUlgM,tempName=收益到账提醒,发送模板消息=成功
2018-06-13 21:31:08,965 [11] INFO  BaseLog [(null)] - 发送模板消息完成，appId=wxf0eea6fec2756b45,openId=ohvZzwIpMW_ROfDf7N9IvbdNrpHg,templateId=kq9axyB6oKNKm6SSfuMVu5bD19oSbNjUewfFtUyUlgM,url=http://wx.73mfmfk05.cn/index.html, objData={"first":{"value":"南浔蓿您昨日的任务收益已到账，可在【收益】页面查看哦！","color":"#173177"},"keyword1":{"value":"昨日","color":"#173177"},"keyword2":{"value":"0.10元","color":"#173177"},"keyword3":{"value":"赤兔联盟","color":"#173177"},"remark":{"value":"今日奖励已经为您奉上！参与抽奖最高可获千元现金，赶紧领取>>","color":"#173177"}},result={"msgid":323874619280867328,"errcode":0,"ErrorCodeValue":0,"errmsg":"ok","P2PData":null}
2018-06-13 21:31:12,360 [11] INFO  BaseLog [(null)] - 给用户UserID=1728,openid=ohvZzwIpMW_ROfDf7N9IvbdNrpHg,appid=wxf0eea6fec2756b45,tempID=kq9axyB6oKNKm6SSfuMVu5bD19oSbNjUewfFtUyUlgM,tempName=收益到账提醒,发送模板消息=成功
2018-06-13 21:37:51,468 [9] INFO  BaseLog [(null)] - 统计微信数据-----服务开始
2018-06-13 21:38:06,028 [11] INFO  BaseLog [(null)] - 发送模板消息完成，appId=wxf0eea6fec2756b45,openId=ohvZzwKcecjCO9EXUSlwPec0PlW4,templateId=kq9axyB6oKNKm6SSfuMVu5bD19oSbNjUewfFtUyUlgM,url=http://wx.73mfmfk05.cn/index.html, objData={"first":{"value":"12345678901234567890123456789012，您昨日的任务收益已到账，可在【收益】页面查看哦！","color":"#173177"},"keyword1":{"value":"昨日","color":"#173177"},"keyword2":{"value":"元","color":"#173177"},"keyword3":{"value":"赤兔联盟","color":"#173177"},"remark":{"value":"今日奖励已经为您奉上！参与抽奖最高可获千元现金，赶紧领取>>","color":"#173177"}},result={"msgid":323881615732359169,"errcode":0,"ErrorCodeValue":0,"errmsg":"ok","P2PData":null}
2018-06-13 21:38:06,028 [11] INFO  BaseLog [(null)] - 给用户UserID=1701,openid=ohvZzwKcecjCO9EXUSlwPec0PlW4,appid=wxf0eea6fec2756b45,tempID=kq9axyB6oKNKm6SSfuMVu5bD19oSbNjUewfFtUyUlgM,tempName=收益到账提醒,发送模板消息=成功
2018-06-13 21:38:45,353 [9] INFO  BaseLog [(null)] - 统计微信数据-----服务开始
2018-06-13 21:39:35,714 [8] INFO  BaseLog [(null)] - 统计微信数据-----服务开始
2018-06-13 21:40:08,178 [10] ERROR BaseLog [(null)] - 在appid=wxf0eea6fec2756b45中，给openid=ohvZzwIpMW_ROfDf7N9IvbdNrpHg，用模板id=PE4oc5xDAMFaFPIIaD43GRop2-LXOs18-ezTAOHliBU	，发送消息失败
Senparc.Weixin.Exceptions.ErrorJsonResultException: 微信Post请求发生错误！错误代码：40037，说明：invalid template_id hint: [umci50241ge25]
   在 Senparc.Weixin.HttpUtility.Post.GetResult[T](String returnText)
   在 Senparc.Weixin.HttpUtility.Post.PostGetJson[T](String url, CookieContainer cookieContainer, Stream fileStream, Encoding encoding, X509Certificate2 cer, Boolean useAjax, Int32 timeOut, Boolean checkValidationResult)
   在 Senparc.Weixin.CommonAPIs.CommonJsonSend.Send[T](String accessToken, String urlFormat, Object data, CommonJsonSendType sendType, Int32 timeOut, Boolean checkValidationResult, JsonSetting jsonSetting)
   在 Senparc.Weixin.MP.CommonAPIs.CommonJsonSend.Send[T](String accessToken, String urlFormat, Object data, CommonJsonSendType sendType, Int32 timeOut, Boolean checkValidationResult, JsonSetting jsonSetting)
   在 Senparc.Weixin.MP.AdvancedAPIs.TemplateApi.<>c__DisplayClass1_0.<SendTemplateMessage>b__0(String accessToken)
   在 Senparc.Weixin.CommonAPIs.ApiHandlerWapper.ApiHandlerWapperBase.TryCommonApiBase[T](PlatformType platformType, Func`1 accessTokenContainer_GetFirstOrDefaultAppIdFunc, Func`2 accessTokenContainer_CheckRegisteredFunc, Func`3 accessTokenContainer_GetAccessTokenResultFunc, Int32 invalidCredentialValue, Func`2 fun, String accessTokenOrAppId, Boolean retryIfFaild)
   在 Senparc.Weixin.MP.ApiHandlerWapper.TryCommonApi[T](Func`2 fun, String accessTokenOrAppId, Boolean retryIfFaild)
   在 Senparc.Weixin.MP.AdvancedAPIs.TemplateApi.SendTemplateMessage(String accessTokenOrAppId, String openId, String templateId, String url, Object data, TempleteModel_MiniProgram miniProgram, Int32 timeOut)
   在 XYAuto.ITSC.Chitunion2017.BLL.WeChat.TempHelper.SendTempMsg(String appId, String openId, String templateId, String url, Object objData) 位置 D:\GitRoot（C）\A5信息系统研发\销售业务管理平台\赤兔联盟系统\XYAuto.ITSC.Chitunion2017.BLL\WeChat\TempHelper.cs:行号 53
2018-06-13 21:40:34,540 [10] INFO  BaseLog [(null)] - 统计微信数据-----服务开始
2018-06-13 21:40:41,694 [6] INFO  BaseLog [(null)] - 发送模板消息完成，appId=wxf0eea6fec2756b45,openId=ohvZzwKcecjCO9EXUSlwPec0PlW4,templateId=PE4oc5xDAMFaFPIIaD43GRop2-LXOs18-ezTAOHliBU,url=http://wx.73mfmfk05.cn/index.html, objData={"first":{"value":"恭喜您注册成功！今日特别送上3次抽奖机会，最高100%中奖，千元现金红包在等你！","color":"#173177"},"keyword1":{"value":"12345678901234567890123456789012","color":"#173177"},"keyword2":{"value":"2018-05-11 11:24:13","color":"#173177"},"remark":{"value":"抽奖机会将在今晚24点前失效，点击立即参与>>","color":"#173177"}},result={"msgid":323884227206692864,"errcode":0,"ErrorCodeValue":0,"errmsg":"ok","P2PData":null}
2018-06-13 21:40:41,694 [6] INFO  BaseLog [(null)] - 给用户UserID=1701,openid=ohvZzwKcecjCO9EXUSlwPec0PlW4,appid=wxf0eea6fec2756b45,tempID=PE4oc5xDAMFaFPIIaD43GRop2-LXOs18-ezTAOHliBU,tempName=注册成功通知,发送模板消息=成功
2018-06-13 21:40:44,453 [6] INFO  BaseLog [(null)] - 发送模板消息完成，appId=wxf0eea6fec2756b45,openId=ohvZzwDiVhUP0Tqo3R9-8_HGYjeg,templateId=PE4oc5xDAMFaFPIIaD43GRop2-LXOs18-ezTAOHliBU,url=http://wx.73mfmfk05.cn/index.html, objData={"first":{"value":"恭喜您注册成功！今日特别送上3次抽奖机会，最高100%中奖，千元现金红包在等你！","color":"#173177"},"keyword1":{"value":"三分苦咖啡","color":"#173177"},"keyword2":{"value":"2018-05-25 05:34:43","color":"#173177"},"remark":{"value":"抽奖机会将在今晚24点前失效，点击立即参与>>","color":"#173177"}},result={"msgid":323884274283479040,"errcode":0,"ErrorCodeValue":0,"errmsg":"ok","P2PData":null}
2018-06-13 21:40:44,453 [6] INFO  BaseLog [(null)] - 给用户UserID=1722,openid=ohvZzwDiVhUP0Tqo3R9-8_HGYjeg,appid=wxf0eea6fec2756b45,tempID=PE4oc5xDAMFaFPIIaD43GRop2-LXOs18-ezTAOHliBU,tempName=注册成功通知,发送模板消息=成功
2018-06-13 21:41:12,864 [6] INFO  BaseLog [(null)] - 发送模板消息完成，appId=wxf0eea6fec2756b45,openId=ohvZzwIpMW_ROfDf7N9IvbdNrpHg,templateId=PE4oc5xDAMFaFPIIaD43GRop2-LXOs18-ezTAOHliBU,url=http://wx.73mfmfk05.cn/index.html, objData={"first":{"value":"恭喜您注册成功！今日特别送上3次抽奖机会，最高100%中奖，千元现金红包在等你！","color":"#173177"},"keyword1":{"value":"科波拉","color":"#173177"},"keyword2":{"value":"2018-06-04 10:04:08","color":"#173177"},"remark":{"value":"抽奖机会将在今晚24点前失效，点击立即参与>>","color":"#173177"}},result={"msgid":323884751108718592,"errcode":0,"ErrorCodeValue":0,"errmsg":"ok","P2PData":null}
