2017-12-12 17:20:25,093 [8] INFO  BaseLog [(null)] - [IsAuthorized]IsCheckIP=False,IsCheckLogin=True,CheckModuleRight=,用户请求的地址=http://data1.chitunion.com/api/DataView/Charts?Category=grab_head&LatelyDays=7,UrlRefer=http://data1.chitunion.com/dispensemanager/dataprofiles.html
2017-12-12 17:20:25,093 [9] INFO  BaseLog [(null)] - [IsAuthorized]IsCheckIP=False,IsCheckLogin=True,CheckModuleRight=,用户请求的地址=http://data1.chitunion.com/api/DataView/History?LatelyDays=-1&r=0.15760142532151977,UrlRefer=http://data1.chitunion.com/dispensemanager/dataprofiles.html
2017-12-12 17:20:25,093 [6] INFO  BaseLog [(null)] - [IsAuthorized]IsCheckIP=False,IsCheckLogin=True,CheckModuleRight=,用户请求的地址=http://data1.chitunion.com/api/Authorize/GetMenuInfo,UrlRefer=http://data1.chitunion.com/dispensemanager/dataprofiles.html
2017-12-12 17:20:25,332 [7] INFO  BaseLog [(null)] - 
请求的url地址：http://data1.chitunion.com/api/DataView/History?LatelyDays=-1&r=0.15760142532151977
执行的时间:65.1731ms
请求的参数:{"CheckLogin":true}
返回的结果:{"Status":0,"Message":null,"Result":{"HeadArticle":12725,"HeadArticleAccount":2819,"HeadAutoClean":0,"HeadAutoCleanAccount":0,"WaistArticle":0,"WaistArticleClean":0,"WaistArticleMatched":0,"WaistArticleUnmatched":0,"MaterialPackaged":0,"MaterialDistribute":0,"MaterialForward":0,"Clues":0},"IsOverdue":null}

2017-12-12 17:20:25,350 [9] INFO  BaseLog [(null)] - 
请求的url地址：http://data1.chitunion.com/api/DataView/Charts?Category=grab_head&LatelyDays=7
执行的时间:44.1173ms
请求的参数:{"CheckLogin":true,"request":{"LatelyDays":7,"Category":"grab_head","TabType":null}}
返回的结果:{"Status":0,"Message":null,"Result":{"grab_head":{"DataPie":{"DataLegend":["微信公众号"],"Data":[{"value":91640,"name":"微信公众号"}]},"DataBar":{"DataLegend":["2017-12-05","2017-12-06","2017-12-07","2017-12-08","2017-12-09","2017-12-10","2017-12-11"],"DicInfo":[{"TypeId":0,"Name":"累计抓取"},{"TypeId":1,"Name":"微信公众号"}],"Data":[{"TypeId":0,"TypeMatchId":0,"name":"累计抓取","data":[14737,12629,12779,13003,12568,13199,12725]},{"TypeId":1,"TypeMatchId":0,"name":"微信公众号","data":[14737,12629,12779,13003,12568,13199,12725]}]},"Date":{"BeginTime":"2017-12-05","EndTime":"2017-12-11"},"Info":[{"Name":"累计抓取","ArticleCount":91640,"AccountCount":3653,"TypeId":0},{"Name":"微信公众号","ArticleCount":91640,"AccountCount":3653,"TypeId":0}]},"grab_body":null,"jx_head":null,"jx_body":null,"cxpp_body":null,"wlfz":null,"wlff":null,"zf":null,"xshq":null},"IsOverdue":null}

2017-12-12 20:03:52,007 [8] INFO  BaseLog [(null)] - [IsAuthorized]IsCheckIP=False,IsCheckLogin=True,CheckModuleRight=,用户请求的地址=http://data1.chitunion.com/api/DataView/History?LatelyDays=-1&r=0.9375753196153239,UrlRefer=http://data1.chitunion.com/dispensemanager/dataprofiles.html
2017-12-12 20:03:52,007 [6] INFO  BaseLog [(null)] - [IsAuthorized]IsCheckIP=False,IsCheckLogin=True,CheckModuleRight=,用户请求的地址=http://data1.chitunion.com/api/Authorize/GetMenuInfo,UrlRefer=http://data1.chitunion.com/dispensemanager/dataprofiles.html
2017-12-12 20:03:52,007 [9] INFO  BaseLog [(null)] - [IsAuthorized]IsCheckIP=False,IsCheckLogin=True,CheckModuleRight=,用户请求的地址=http://data1.chitunion.com/api/DataView/Charts?Category=grab_head&LatelyDays=7,UrlRefer=http://data1.chitunion.com/dispensemanager/dataprofiles.html
2017-12-12 20:03:52,254 [7] INFO  BaseLog [(null)] - 
请求的url地址：http://data1.chitunion.com/api/DataView/History?LatelyDays=-1&r=0.9375753196153239
执行的时间:67.1784ms
请求的参数:{"CheckLogin":true}
返回的结果:{"Status":0,"Message":null,"Result":{"HeadArticle":12725,"HeadArticleAccount":2819,"HeadAutoClean":0,"HeadAutoCleanAccount":0,"WaistArticle":0,"WaistArticleClean":0,"WaistArticleMatched":0,"WaistArticleUnmatched":0,"MaterialPackaged":0,"MaterialDistribute":0,"MaterialForward":0,"Clues":0},"IsOverdue":null}

2017-12-12 20:03:52,279 [8] INFO  BaseLog [(null)] - 
请求的url地址：http://data1.chitunion.com/api/DataView/Charts?Category=grab_head&LatelyDays=7
执行的时间:42.613ms
请求的参数:{"CheckLogin":true,"request":{"LatelyDays":7,"Category":"grab_head","TabType":null}}
返回的结果:{"Status":0,"Message":null,"Result":{"grab_head":{"DataPie":{"DataLegend":["微信公众号"],"Data":[{"value":91640,"name":"微信公众号"}]},"DataBar":{"DataLegend":["2017-12-05","2017-12-06","2017-12-07","2017-12-08","2017-12-09","2017-12-10","2017-12-11"],"DicInfo":[{"TypeId":0,"Name":"累计抓取"},{"TypeId":1,"Name":"微信公众号"}],"Data":[{"TypeId":0,"TypeMatchId":0,"name":"累计抓取","data":[14737,12629,12779,13003,12568,13199,12725]},{"TypeId":1,"TypeMatchId":0,"name":"微信公众号","data":[14737,12629,12779,13003,12568,13199,12725]}]},"Date":{"BeginTime":"2017-12-05","EndTime":"2017-12-11"},"Info":[{"Name":"累计抓取","ArticleCount":91640,"AccountCount":3653,"TypeId":0},{"Name":"微信公众号","ArticleCount":91640,"AccountCount":3653,"TypeId":0}]},"grab_body":null,"jx_head":null,"jx_body":null,"cxpp_body":null,"wlfz":null,"wlff":null,"zf":null,"xshq":null},"IsOverdue":null}

