2018-02-23 10:36:55,270 [6] INFO  BaseLog [(null)] - [IsAuthorized]IsCheckIP=False,IsCheckLogin=True,CheckModuleRight=,用户请求的地址=http://data1.chitunion.com/api/chitu/GetChannel,UrlRefer=http://data1.chitunion.com/dispensemanager/datastatistics.html
2018-02-23 10:36:55,745 [10] INFO  BaseLog [(null)] - [IsAuthorized]IsCheckIP=False,IsCheckLogin=True,CheckModuleRight=,用户请求的地址=http://data1.chitunion.com/api/chitu/ChannelSummary?r=0.09826719354379865,UrlRefer=http://data1.chitunion.com/dispensemanager/datastatistics.html
2018-02-23 10:36:55,747 [14] INFO  BaseLog [(null)] - [IsAuthorized]IsCheckIP=False,IsCheckLogin=True,CheckModuleRight=,用户请求的地址=http://data1.chitunion.com/api/Authorize/GetMenuInfo,UrlRefer=http://data1.chitunion.com/dispensemanager/datastatistics.html
2018-02-23 10:36:55,748 [7] INFO  BaseLog [(null)] - [IsAuthorized]IsCheckIP=False,IsCheckLogin=True,CheckModuleRight=,用户请求的地址=http://data1.chitunion.com/api/chitu/ChannelSummaryByDay?BeginDate=&EndDate=&ChannelID=-2&StateOfSettlement=-2&PageSize=20&PageIndex=1&r=0.806436666018949,UrlRefer=http://data1.chitunion.com/dispensemanager/datastatistics.html
2018-02-23 10:36:56,005 [7] INFO  BaseLog [(null)] - 
请求的url地址：http://data1.chitunion.com/api/chitu/ChannelSummaryByDay?BeginDate=&EndDate=&ChannelID=-2&StateOfSettlement=-2&PageSize=20&PageIndex=1&r=0.806436666018949
执行的时间:148.3956ms
请求的参数:{"CheckLogin":true,"req":{"ChannelID":-2,"BeginDate":null,"EndDate":null,"StateOfSettlement":-2,"PageIndex":1,"PageSize":20}}
返回的结果:{"Status":0,"Message":"Success","Result":{"TotalCount":0,"List":[]},"IsOverdue":null}

2018-02-23 10:36:56,046 [7] INFO  BaseLog [(null)] - 
请求的url地址：http://data1.chitunion.com/api/chitu/ChannelSummary?r=0.09826719354379865
执行的时间:258.687ms
请求的参数:{"CheckLogin":true}
返回的结果:{"Status":0,"Message":"Success","Result":{"ProfitOfYesterday":0.00,"ProfitOfThisMonth":0.00,"ProfitLastMonth":0.00,"Accumulated":300.00,"SettledAmount":0.00,"ChannelList":[{"ChannelName":"微博易","ProfitOfYesterday":0.00,"ProfitOfThisMonth":0.00,"ProfitLastMonth":0.00,"Accumulated":300.00,"SettledAmount":0.00}]},"IsOverdue":null}

2018-02-23 10:37:21,811 [6] INFO  BaseLog [(null)] - [IsAuthorized]IsCheckIP=False,IsCheckLogin=True,CheckModuleRight=,用户请求的地址=http://data1.chitunion.com/api/chitu/GetChannel,UrlRefer=http://data1.chitunion.com/dispensemanager/channelorder.html
2018-02-23 10:37:22,114 [18] INFO  BaseLog [(null)] - [IsAuthorized]IsCheckIP=False,IsCheckLogin=True,CheckModuleRight=,用户请求的地址=http://data1.chitunion.com/api/Authorize/GetMenuInfo,UrlRefer=http://data1.chitunion.com/dispensemanager/channelorder.html
2018-02-23 10:37:22,115 [7] INFO  BaseLog [(null)] - [IsAuthorized]IsCheckIP=False,IsCheckLogin=True,CheckModuleRight=,用户请求的地址=http://data1.chitunion.com/api/chitu/Order?Status=193001&BeginTime=&EndTime=&ChannelID=-2&OrderType=-2&OrderID=&TaskID=&PageSize=20&PageIndex=1&r=0.24947531887745,UrlRefer=http://data1.chitunion.com/dispensemanager/channelorder.html
2018-02-23 10:37:22,354 [14] INFO  BaseLog [(null)] - 
请求的url地址：http://data1.chitunion.com/api/chitu/Order?Status=193001&BeginTime=&EndTime=&ChannelID=-2&OrderType=-2&OrderID=&TaskID=&PageSize=20&PageIndex=1&r=0.24947531887745
执行的时间:103.2922ms
请求的参数:{"CheckLogin":true,"req":{"Status":193001,"BeginTime":null,"EndTime":null,"OrderType":-2,"ChannelID":-2,"OrderID":0,"TaskID":0,"PageIndex":1,"PageSize":20}}
返回的结果:{"Status":0,"Message":"Success","Result":{"TotalCount":0,"List":[]},"IsOverdue":null}

2018-02-23 10:37:25,185 [14] INFO  BaseLog [(null)] - [IsAuthorized]IsCheckIP=False,IsCheckLogin=True,CheckModuleRight=,用户请求的地址=http://data1.chitunion.com/api/chitu/GetChannel,UrlRefer=http://data1.chitunion.com/dispensemanager/clearinginformation.html
2018-02-23 10:37:25,465 [18] INFO  BaseLog [(null)] - [IsAuthorized]IsCheckIP=False,IsCheckLogin=True,CheckModuleRight=,用户请求的地址=http://data1.chitunion.com/api/chitu/ChannelSummaryByMonth?BeginTime=&EndTime=&ChannelID=-2&StateOfSettlement=-2&PageSize=20&PageIndex=1&r=0.6134695447898623,UrlRefer=http://data1.chitunion.com/dispensemanager/clearinginformation.html
2018-02-23 10:37:25,475 [10] INFO  BaseLog [(null)] - [IsAuthorized]IsCheckIP=False,IsCheckLogin=True,CheckModuleRight=,用户请求的地址=http://data1.chitunion.com/api/Authorize/GetMenuInfo,UrlRefer=http://data1.chitunion.com/dispensemanager/clearinginformation.html
2018-02-23 10:37:25,605 [7] INFO  BaseLog [(null)] - 
请求的url地址：http://data1.chitunion.com/api/chitu/ChannelSummaryByMonth?BeginTime=&EndTime=&ChannelID=-2&StateOfSettlement=-2&PageSize=20&PageIndex=1&r=0.6134695447898623
执行的时间:106.6092ms
请求的参数:{"CheckLogin":true,"req":{"BeginTime":null,"EndTime":null,"ChannelID":-2,"StateOfSettlement":-2,"PageIndex":1,"PageSize":20}}
返回的结果:{"Status":0,"Message":"Success","Result":{"TotalCount":0,"List":[]},"IsOverdue":null}

2018-02-23 10:37:27,353 [18] INFO  BaseLog [(null)] - [IsAuthorized]IsCheckIP=False,IsCheckLogin=True,CheckModuleRight=,用户请求的地址=http://data1.chitunion.com/api/chitu/GetChannel,UrlRefer=http://data1.chitunion.com/dispensemanager/datastatistics.html
2018-02-23 10:37:27,634 [14] INFO  BaseLog [(null)] - [IsAuthorized]IsCheckIP=False,IsCheckLogin=True,CheckModuleRight=,用户请求的地址=http://data1.chitunion.com/api/chitu/ChannelSummary?r=0.7238089176860804,UrlRefer=http://data1.chitunion.com/dispensemanager/datastatistics.html
2018-02-23 10:37:27,645 [18] INFO  BaseLog [(null)] - [IsAuthorized]IsCheckIP=False,IsCheckLogin=True,CheckModuleRight=,用户请求的地址=http://data1.chitunion.com/api/Authorize/GetMenuInfo,UrlRefer=http://data1.chitunion.com/dispensemanager/datastatistics.html
2018-02-23 10:37:27,642 [6] INFO  BaseLog [(null)] - [IsAuthorized]IsCheckIP=False,IsCheckLogin=True,CheckModuleRight=,用户请求的地址=http://data1.chitunion.com/api/chitu/ChannelSummaryByDay?BeginDate=&EndDate=&ChannelID=-2&StateOfSettlement=-2&PageSize=20&PageIndex=1&r=0.15049317622838954,UrlRefer=http://data1.chitunion.com/dispensemanager/datastatistics.html
2018-02-23 10:37:27,815 [18] INFO  BaseLog [(null)] - 
请求的url地址：http://data1.chitunion.com/api/chitu/ChannelSummaryByDay?BeginDate=&EndDate=&ChannelID=-2&StateOfSettlement=-2&PageSize=20&PageIndex=1&r=0.15049317622838954
执行的时间:120.3195ms
请求的参数:{"CheckLogin":true,"req":{"ChannelID":-2,"BeginDate":null,"EndDate":null,"StateOfSettlement":-2,"PageIndex":1,"PageSize":20}}
返回的结果:{"Status":0,"Message":"Success","Result":{"TotalCount":0,"List":[]},"IsOverdue":null}

2018-02-23 10:37:27,878 [6] INFO  BaseLog [(null)] - 
请求的url地址：http://data1.chitunion.com/api/chitu/ChannelSummary?r=0.7238089176860804
执行的时间:215.0051ms
请求的参数:{"CheckLogin":true}
返回的结果:{"Status":0,"Message":"Success","Result":{"ProfitOfYesterday":0.00,"ProfitOfThisMonth":0.00,"ProfitLastMonth":0.00,"Accumulated":300.00,"SettledAmount":0.00,"ChannelList":[{"ChannelName":"微博易","ProfitOfYesterday":0.00,"ProfitOfThisMonth":0.00,"ProfitLastMonth":0.00,"Accumulated":300.00,"SettledAmount":0.00}]},"IsOverdue":null}

2018-02-23 10:37:30,140 [14] INFO  BaseLog [(null)] - [IsAuthorized]IsCheckIP=False,IsCheckLogin=True,CheckModuleRight=,用户请求的地址=http://data1.chitunion.com/api/chitu/ChannelSummaryByDay?BeginDate=&EndDate=&ChannelID=-2&StateOfSettlement=-2&PageSize=20&PageIndex=1&r=0.1467150875061185,UrlRefer=http://data1.chitunion.com/dispensemanager/datastatistics.html
2018-02-23 10:37:30,236 [7] INFO  BaseLog [(null)] - 
请求的url地址：http://data1.chitunion.com/api/chitu/ChannelSummaryByDay?BeginDate=&EndDate=&ChannelID=-2&StateOfSettlement=-2&PageSize=20&PageIndex=1&r=0.1467150875061185
执行的时间:78.205ms
请求的参数:{"CheckLogin":true,"req":{"ChannelID":-2,"BeginDate":null,"EndDate":null,"StateOfSettlement":-2,"PageIndex":1,"PageSize":20}}
返回的结果:{"Status":0,"Message":"Success","Result":{"TotalCount":0,"List":[]},"IsOverdue":null}

2018-02-23 10:37:40,568 [10] INFO  BaseLog [(null)] - [IsAuthorized]IsCheckIP=False,IsCheckLogin=True,CheckModuleRight=,用户请求的地址=http://data1.chitunion.com/api/chitu/GetChannel,UrlRefer=http://data1.chitunion.com/dispensemanager/datastatistics.html
2018-02-23 10:37:40,885 [6] INFO  BaseLog [(null)] - [IsAuthorized]IsCheckIP=False,IsCheckLogin=True,CheckModuleRight=,用户请求的地址=http://data1.chitunion.com/api/chitu/ChannelSummary?r=0.8944798883021771,UrlRefer=http://data1.chitunion.com/dispensemanager/datastatistics.html
2018-02-23 10:37:40,891 [18] INFO  BaseLog [(null)] - [IsAuthorized]IsCheckIP=False,IsCheckLogin=True,CheckModuleRight=,用户请求的地址=http://data1.chitunion.com/api/chitu/ChannelSummaryByDay?BeginDate=&EndDate=&ChannelID=-2&StateOfSettlement=-2&PageSize=20&PageIndex=1&r=0.8806706084332244,UrlRefer=http://data1.chitunion.com/dispensemanager/datastatistics.html
2018-02-23 10:37:40,900 [14] INFO  BaseLog [(null)] - [IsAuthorized]IsCheckIP=False,IsCheckLogin=True,CheckModuleRight=,用户请求的地址=http://data1.chitunion.com/api/Authorize/GetMenuInfo,UrlRefer=http://data1.chitunion.com/dispensemanager/datastatistics.html
2018-02-23 10:37:41,084 [7] INFO  BaseLog [(null)] - 
请求的url地址：http://data1.chitunion.com/api/chitu/ChannelSummaryByDay?BeginDate=&EndDate=&ChannelID=-2&StateOfSettlement=-2&PageSize=20&PageIndex=1&r=0.8806706084332244
执行的时间:151.4026ms
请求的参数:{"CheckLogin":true,"req":{"ChannelID":-2,"BeginDate":null,"EndDate":null,"StateOfSettlement":-2,"PageIndex":1,"PageSize":20}}
返回的结果:{"Status":0,"Message":"Success","Result":{"TotalCount":0,"List":[]},"IsOverdue":null}

2018-02-23 10:37:41,153 [10] INFO  BaseLog [(null)] - 
请求的url地址：http://data1.chitunion.com/api/chitu/ChannelSummary?r=0.8944798883021771
执行的时间:244.6537ms
请求的参数:{"CheckLogin":true}
返回的结果:{"Status":0,"Message":"Success","Result":{"ProfitOfYesterday":0.00,"ProfitOfThisMonth":0.00,"ProfitLastMonth":0.00,"Accumulated":300.00,"SettledAmount":0.00,"ChannelList":[{"ChannelName":"微博易","ProfitOfYesterday":0.00,"ProfitOfThisMonth":0.00,"ProfitLastMonth":0.00,"Accumulated":300.00,"SettledAmount":0.00}]},"IsOverdue":null}

2018-02-23 10:39:47,132 [6] INFO  BaseLog [(null)] - [IsAuthorized]IsCheckIP=False,IsCheckLogin=True,CheckModuleRight=,用户请求的地址=http://data1.chitunion.com/api/chitu/GetChannel,UrlRefer=http://data1.chitunion.com/dispensemanager/datastatistics.html
2018-02-23 10:39:47,443 [29] INFO  BaseLog [(null)] - [IsAuthorized]IsCheckIP=False,IsCheckLogin=True,CheckModuleRight=,用户请求的地址=http://data1.chitunion.com/api/chitu/ChannelSummary?r=0.02756458058704714,UrlRefer=http://data1.chitunion.com/dispensemanager/datastatistics.html
2018-02-23 10:39:47,454 [24] INFO  BaseLog [(null)] - [IsAuthorized]IsCheckIP=False,IsCheckLogin=True,CheckModuleRight=,用户请求的地址=http://data1.chitunion.com/api/chitu/ChannelSummaryByDay?BeginDate=&EndDate=&ChannelID=101002&StateOfSettlement=-2&PageSize=20&PageIndex=1&r=0.6000705312463903,UrlRefer=http://data1.chitunion.com/dispensemanager/datastatistics.html
2018-02-23 10:39:47,460 [27] INFO  BaseLog [(null)] - [IsAuthorized]IsCheckIP=False,IsCheckLogin=True,CheckModuleRight=,用户请求的地址=http://data1.chitunion.com/api/Authorize/GetMenuInfo,UrlRefer=http://data1.chitunion.com/dispensemanager/datastatistics.html
2018-02-23 10:39:47,503 [23] INFO  BaseLog [(null)] - 
请求的url地址：http://data1.chitunion.com/api/chitu/ChannelSummaryByDay?BeginDate=&EndDate=&ChannelID=101002&StateOfSettlement=-2&PageSize=20&PageIndex=1&r=0.6000705312463903
执行的时间:28.0732ms
请求的参数:{"CheckLogin":true,"req":{"ChannelID":101002,"BeginDate":null,"EndDate":null,"StateOfSettlement":-2,"PageIndex":1,"PageSize":20}}
返回的结果:{"Status":0,"Message":"Success","Result":{"TotalCount":0,"List":[]},"IsOverdue":null}

2018-02-23 10:39:47,552 [24] INFO  BaseLog [(null)] - 
请求的url地址：http://data1.chitunion.com/api/chitu/ChannelSummary?r=0.02756458058704714
执行的时间:90.2399ms
请求的参数:{"CheckLogin":true}
返回的结果:{"Status":0,"Message":"Success","Result":{"ProfitOfYesterday":0.00,"ProfitOfThisMonth":0.00,"ProfitLastMonth":0.00,"Accumulated":300.00,"SettledAmount":0.00,"ChannelList":[]},"IsOverdue":null}

2018-02-23 10:39:51,674 [10] INFO  BaseLog [(null)] - [IsAuthorized]IsCheckIP=False,IsCheckLogin=True,CheckModuleRight=,用户请求的地址=http://data1.chitunion.com/api/chitu/ChannelSummaryByDay?BeginDate=&EndDate=&ChannelID=101002&StateOfSettlement=-2&PageSize=20&PageIndex=1&r=0.530910059372851,UrlRefer=http://data1.chitunion.com/dispensemanager/datastatistics.html
2018-02-23 10:39:51,710 [26] INFO  BaseLog [(null)] - 
请求的url地址：http://data1.chitunion.com/api/chitu/ChannelSummaryByDay?BeginDate=&EndDate=&ChannelID=101002&StateOfSettlement=-2&PageSize=20&PageIndex=1&r=0.530910059372851
执行的时间:23.0622ms
请求的参数:{"CheckLogin":true,"req":{"ChannelID":101002,"BeginDate":null,"EndDate":null,"StateOfSettlement":-2,"PageIndex":1,"PageSize":20}}
返回的结果:{"Status":0,"Message":"Success","Result":{"TotalCount":0,"List":[]},"IsOverdue":null}

2018-02-23 11:03:30,158 [8] INFO  BaseLog [(null)] - [IsAuthorized]IsCheckIP=False,IsCheckLogin=True,CheckModuleRight=,用户请求的地址=http://data1.chitunion.com/api/chitu/GetChannel,UrlRefer=http://data1.chitunion.com/dispensemanager/datastatistics.html
2018-02-23 11:03:30,800 [7] INFO  BaseLog [(null)] - [IsAuthorized]IsCheckIP=False,IsCheckLogin=True,CheckModuleRight=,用户请求的地址=http://data1.chitunion.com/api/chitu/ChannelSummary?r=0.35474692489999915,UrlRefer=http://data1.chitunion.com/dispensemanager/datastatistics.html
2018-02-23 11:03:30,801 [6] INFO  BaseLog [(null)] - [IsAuthorized]IsCheckIP=False,IsCheckLogin=True,CheckModuleRight=,用户请求的地址=http://data1.chitunion.com/api/Authorize/GetMenuInfo,UrlRefer=http://data1.chitunion.com/dispensemanager/datastatistics.html
2018-02-23 11:03:30,804 [9] INFO  BaseLog [(null)] - [IsAuthorized]IsCheckIP=False,IsCheckLogin=True,CheckModuleRight=,用户请求的地址=http://data1.chitunion.com/api/chitu/ChannelSummaryByDay?BeginDate=&EndDate=&ChannelID=101002&StateOfSettlement=-2&PageSize=20&PageIndex=1&r=0.6135518574871777,UrlRefer=http://data1.chitunion.com/dispensemanager/datastatistics.html
2018-02-23 11:03:30,942 [8] INFO  BaseLog [(null)] - 
请求的url地址：http://data1.chitunion.com/api/chitu/ChannelSummary?r=0.35474692489999915
执行的时间:103.2747ms
请求的参数:{"CheckLogin":true}
返回的结果:{"Status":0,"Message":"Success","Result":{"ProfitOfYesterday":0.00,"ProfitOfThisMonth":0.00,"ProfitLastMonth":0.00,"Accumulated":300.00,"SettledAmount":0.00,"ChannelList":[]},"IsOverdue":null}

2018-02-23 11:03:30,967 [9] INFO  BaseLog [(null)] - 
请求的url地址：http://data1.chitunion.com/api/chitu/ChannelSummaryByDay?BeginDate=&EndDate=&ChannelID=101002&StateOfSettlement=-2&PageSize=20&PageIndex=1&r=0.6135518574871777
执行的时间:37.0984ms
请求的参数:{"CheckLogin":true,"req":{"ChannelID":101002,"BeginDate":null,"EndDate":null,"StateOfSettlement":-2,"PageIndex":1,"PageSize":20}}
返回的结果:{"Status":0,"Message":"Success","Result":{"TotalCount":0,"List":[]},"IsOverdue":null}

2018-02-23 11:03:45,617 [6] INFO  BaseLog [(null)] - [IsAuthorized]IsCheckIP=False,IsCheckLogin=True,CheckModuleRight=,用户请求的地址=http://data1.chitunion.com/api/chitu/GetChannel,UrlRefer=http://data1.chitunion.com/dispensemanager/datastatistics.html
2018-02-23 11:03:45,939 [5] INFO  BaseLog [(null)] - [IsAuthorized]IsCheckIP=False,IsCheckLogin=True,CheckModuleRight=,用户请求的地址=http://data1.chitunion.com/api/chitu/ChannelSummary?r=0.7148881146099012,UrlRefer=http://data1.chitunion.com/dispensemanager/datastatistics.html
2018-02-23 11:03:45,952 [8] INFO  BaseLog [(null)] - [IsAuthorized]IsCheckIP=False,IsCheckLogin=True,CheckModuleRight=,用户请求的地址=http://data1.chitunion.com/api/chitu/ChannelSummaryByDay?BeginDate=&EndDate=&ChannelID=101002&StateOfSettlement=-2&PageSize=20&PageIndex=1&r=0.5745539471586938,UrlRefer=http://data1.chitunion.com/dispensemanager/datastatistics.html
2018-02-23 11:03:45,952 [7] INFO  BaseLog [(null)] - [IsAuthorized]IsCheckIP=False,IsCheckLogin=True,CheckModuleRight=,用户请求的地址=http://data1.chitunion.com/api/Authorize/GetMenuInfo,UrlRefer=http://data1.chitunion.com/dispensemanager/datastatistics.html
2018-02-23 11:03:45,994 [6] INFO  BaseLog [(null)] - 
请求的url地址：http://data1.chitunion.com/api/chitu/ChannelSummaryByDay?BeginDate=&EndDate=&ChannelID=101002&StateOfSettlement=-2&PageSize=20&PageIndex=1&r=0.5745539471586938
执行的时间:26.0635ms
请求的参数:{"CheckLogin":true,"req":{"ChannelID":101002,"BeginDate":null,"EndDate":null,"StateOfSettlement":-2,"PageIndex":1,"PageSize":20}}
返回的结果:{"Status":0,"Message":"Success","Result":{"TotalCount":0,"List":[]},"IsOverdue":null}

2018-02-23 11:03:46,064 [9] INFO  BaseLog [(null)] - 
请求的url地址：http://data1.chitunion.com/api/chitu/ChannelSummary?r=0.7148881146099012
执行的时间:106.2833ms
请求的参数:{"CheckLogin":true}
返回的结果:{"Status":0,"Message":"Success","Result":{"ProfitOfYesterday":0.00,"ProfitOfThisMonth":0.00,"ProfitLastMonth":0.00,"Accumulated":300.00,"SettledAmount":0.00,"ChannelList":[]},"IsOverdue":null}

2018-02-23 11:09:17,688 [8] INFO  BaseLog [(null)] - [IsAuthorized]IsCheckIP=False,IsCheckLogin=True,CheckModuleRight=,用户请求的地址=http://data1.chitunion.com/api/chitu/GetChannel,UrlRefer=http://data1.chitunion.com/dispensemanager/datastatistics.html
2018-02-23 11:09:18,081 [6] INFO  BaseLog [(null)] - [IsAuthorized]IsCheckIP=False,IsCheckLogin=True,CheckModuleRight=,用户请求的地址=http://data1.chitunion.com/api/chitu/ChannelSummary?r=0.8023522791574542,UrlRefer=http://data1.chitunion.com/dispensemanager/datastatistics.html
2018-02-23 11:09:18,086 [15] INFO  BaseLog [(null)] - [IsAuthorized]IsCheckIP=False,IsCheckLogin=True,CheckModuleRight=,用户请求的地址=http://data1.chitunion.com/api/chitu/ChannelSummaryByDay?BeginDate=&EndDate=&ChannelID=101002&StateOfSettlement=-2&PageSize=20&PageIndex=1&r=0.24373897152578505,UrlRefer=http://data1.chitunion.com/dispensemanager/datastatistics.html
2018-02-23 11:09:18,090 [23] INFO  BaseLog [(null)] - [IsAuthorized]IsCheckIP=False,IsCheckLogin=True,CheckModuleRight=,用户请求的地址=http://data1.chitunion.com/api/Authorize/GetMenuInfo,UrlRefer=http://data1.chitunion.com/dispensemanager/datastatistics.html
2018-02-23 11:09:18,221 [15] INFO  BaseLog [(null)] - 
请求的url地址：http://data1.chitunion.com/api/chitu/ChannelSummaryByDay?BeginDate=&EndDate=&ChannelID=101002&StateOfSettlement=-2&PageSize=20&PageIndex=1&r=0.24373897152578505
执行的时间:48.1275ms
请求的参数:{"CheckLogin":true,"req":{"ChannelID":101002,"BeginDate":null,"EndDate":null,"StateOfSettlement":-2,"PageIndex":1,"PageSize":20}}
返回的结果:{"Status":0,"Message":"Success","Result":{"TotalCount":0,"List":[]},"IsOverdue":null}

2018-02-23 11:09:18,222 [6] INFO  BaseLog [(null)] - 
请求的url地址：http://data1.chitunion.com/api/chitu/ChannelSummary?r=0.8023522791574542
执行的时间:96.2559ms
请求的参数:{"CheckLogin":true}
返回的结果:{"Status":0,"Message":"Success","Result":{"ProfitOfYesterday":0.00,"ProfitOfThisMonth":0.00,"ProfitLastMonth":0.00,"Accumulated":300.00,"SettledAmount":0.00,"ChannelList":[]},"IsOverdue":null}

2018-02-23 11:09:31,434 [6] INFO  BaseLog [(null)] - [IsAuthorized]IsCheckIP=False,IsCheckLogin=True,CheckModuleRight=,用户请求的地址=http://data1.chitunion.com/api/chitu/ChannelSummaryByDay?BeginDate=&EndDate=&ChannelID=101002&StateOfSettlement=-2&PageSize=20&PageIndex=1&r=0.46432679891967166,UrlRefer=http://data1.chitunion.com/dispensemanager/datastatistics.html
2018-02-23 11:09:31,614 [15] INFO  BaseLog [(null)] - 
请求的url地址：http://data1.chitunion.com/api/chitu/ChannelSummaryByDay?BeginDate=&EndDate=&ChannelID=101002&StateOfSettlement=-2&PageSize=20&PageIndex=1&r=0.46432679891967166
执行的时间:118.169ms
请求的参数:{"CheckLogin":true,"req":{"ChannelID":101002,"BeginDate":null,"EndDate":null,"StateOfSettlement":-2,"PageIndex":1,"PageSize":20}}
返回的结果:{"Status":0,"Message":"Success","Result":{"TotalCount":0,"List":[]},"IsOverdue":null}

2018-02-23 11:09:41,200 [6] INFO  BaseLog [(null)] - [IsAuthorized]IsCheckIP=False,IsCheckLogin=True,CheckModuleRight=,用户请求的地址=http://data1.chitunion.com/api/chitu/ChannelSummaryByDay?BeginDate=&EndDate=&ChannelID=101002&StateOfSettlement=-2&PageSize=20&PageIndex=1&r=0.18706355326883906,UrlRefer=http://data1.chitunion.com/dispensemanager/datastatistics.html
2018-02-23 11:09:41,334 [15] INFO  BaseLog [(null)] - 
请求的url地址：http://data1.chitunion.com/api/chitu/ChannelSummaryByDay?BeginDate=&EndDate=&ChannelID=101002&StateOfSettlement=-2&PageSize=20&PageIndex=1&r=0.18706355326883906
执行的时间:106.2828ms
请求的参数:{"CheckLogin":true,"req":{"ChannelID":101002,"BeginDate":null,"EndDate":null,"StateOfSettlement":-2,"PageIndex":1,"PageSize":20}}
返回的结果:{"Status":0,"Message":"Success","Result":{"TotalCount":0,"List":[]},"IsOverdue":null}

2018-02-23 11:09:50,045 [23] INFO  BaseLog [(null)] - [IsAuthorized]IsCheckIP=False,IsCheckLogin=True,CheckModuleRight=,用户请求的地址=http://data1.chitunion.com/api/chitu/ChannelSummaryByDay?BeginDate=&EndDate=&ChannelID=101002&StateOfSettlement=-2&PageSize=20&PageIndex=1&r=0.974508403044428,UrlRefer=http://data1.chitunion.com/dispensemanager/datastatistics.html
2018-02-23 11:10:03,769 [27] INFO  BaseLog [(null)] - 
请求的url地址：http://data1.chitunion.com/api/chitu/ChannelSummaryByDay?BeginDate=&EndDate=&ChannelID=101002&StateOfSettlement=-2&PageSize=20&PageIndex=1&r=0.974508403044428
执行的时间:11957.1759ms
请求的参数:{"CheckLogin":true,"req":{"ChannelID":101002,"BeginDate":null,"EndDate":null,"StateOfSettlement":-2,"PageIndex":1,"PageSize":20}}
返回的结果:{"Status":0,"Message":"Success","Result":{"TotalCount":0,"List":[]},"IsOverdue":null}

2018-02-23 11:10:05,848 [6] INFO  BaseLog [(null)] - [IsAuthorized]IsCheckIP=False,IsCheckLogin=True,CheckModuleRight=,用户请求的地址=http://data1.chitunion.com/api/chitu/ChannelSummaryByDay?BeginDate=&EndDate=&ChannelID=101002&StateOfSettlement=-2&PageSize=20&PageIndex=1&r=0.021744868999579836,UrlRefer=http://data1.chitunion.com/dispensemanager/datastatistics.html
2018-02-23 11:10:18,404 [15] INFO  BaseLog [(null)] - 
请求的url地址：http://data1.chitunion.com/api/chitu/ChannelSummaryByDay?BeginDate=&EndDate=&ChannelID=101002&StateOfSettlement=-2&PageSize=20&PageIndex=1&r=0.021744868999579836
执行的时间:12533.2039ms
请求的参数:{"CheckLogin":true,"req":{"ChannelID":101002,"BeginDate":null,"EndDate":null,"StateOfSettlement":-2,"PageIndex":1,"PageSize":20}}
返回的结果:{"Status":0,"Message":"Success","Result":{"TotalCount":0,"List":[]},"IsOverdue":null}

2018-02-23 11:10:20,117 [6] INFO  BaseLog [(null)] - [IsAuthorized]IsCheckIP=False,IsCheckLogin=True,CheckModuleRight=,用户请求的地址=http://data1.chitunion.com/api/chitu/ChannelSummaryByDay?BeginDate=&EndDate=&ChannelID=101002&StateOfSettlement=-2&PageSize=20&PageIndex=1&r=0.6926283164560749,UrlRefer=http://data1.chitunion.com/dispensemanager/datastatistics.html
2018-02-23 11:10:26,398 [15] INFO  BaseLog [(null)] - 
请求的url地址：http://data1.chitunion.com/api/chitu/ChannelSummaryByDay?BeginDate=&EndDate=&ChannelID=101002&StateOfSettlement=-2&PageSize=20&PageIndex=1&r=0.6926283164560749
执行的时间:6255.4428ms
请求的参数:{"CheckLogin":true,"req":{"ChannelID":101002,"BeginDate":null,"EndDate":null,"StateOfSettlement":-2,"PageIndex":1,"PageSize":20}}
返回的结果:{"Status":0,"Message":"Success","Result":{"TotalCount":0,"List":[]},"IsOverdue":null}

2018-02-23 11:10:28,593 [15] INFO  BaseLog [(null)] - [IsAuthorized]IsCheckIP=False,IsCheckLogin=True,CheckModuleRight=,用户请求的地址=http://data1.chitunion.com/api/chitu/ChannelSummaryByDay?BeginDate=&EndDate=&ChannelID=101002&StateOfSettlement=-2&PageSize=20&PageIndex=1&r=0.8936031427992176,UrlRefer=http://data1.chitunion.com/dispensemanager/datastatistics.html
2018-02-23 11:11:09,365 [23] INFO  BaseLog [(null)] - 
请求的url地址：http://data1.chitunion.com/api/chitu/ChannelSummaryByDay?BeginDate=&EndDate=&ChannelID=101002&StateOfSettlement=-2&PageSize=20&PageIndex=1&r=0.8936031427992176
执行的时间:40748.415ms
请求的参数:{"CheckLogin":true,"req":{"ChannelID":101002,"BeginDate":null,"EndDate":null,"StateOfSettlement":-2,"PageIndex":1,"PageSize":20}}
返回的结果:{"Status":0,"Message":"Success","Result":{"TotalCount":0,"List":[]},"IsOverdue":null}

2018-02-23 11:12:12,607 [6] INFO  BaseLog [(null)] - [IsAuthorized]IsCheckIP=False,IsCheckLogin=True,CheckModuleRight=,用户请求的地址=http://data1.chitunion.com/api/chitu/ChannelSummaryByDay?BeginDate=&EndDate=&ChannelID=101002&StateOfSettlement=-2&PageSize=20&PageIndex=1&r=0.7146961805803991,UrlRefer=http://data1.chitunion.com/dispensemanager/datastatistics.html
2018-02-23 11:26:49,396 [36] INFO  BaseLog [(null)] - 
请求的url地址：http://data1.chitunion.com/api/chitu/ChannelSummaryByDay?BeginDate=&EndDate=&ChannelID=101002&StateOfSettlement=-2&PageSize=20&PageIndex=1&r=0.7146961805803991
执行的时间:876373.6039ms
请求的参数:{"CheckLogin":true,"req":{"ChannelID":101002,"BeginDate":null,"EndDate":null,"StateOfSettlement":-2,"PageIndex":1,"PageSize":20}}
返回的结果:{"Status":0,"Message":"Success","Result":{"TotalCount":0,"List":[]},"IsOverdue":null}

