2016-12-27 09:33:55,649 [6] INFO  APPReport_WebApi [(null)] - [LoginAuthorize]用户验证失败，用户IP 127.0.0.1, 用户请求的地址为 http://ar.sys1.bitauto.com/api/ptfgyh/GetData?r=0.36057880048776936,UrlRefer为 http://ar.sys1.bitauto.com/html/平台覆盖用户/ptfgyh.htm
2016-12-27 09:34:23,068 [9] ERROR OASysRightManager2016.Common [(null)] - [GetJsonDataByResult]报错
System.NullReferenceException: 未将对象引用设置到对象的实例。
   在 BitAuto.DSC.OASysRightManager2016.Common.Common.Util.GetJsonDataByResult(Object obj, String message)
2016-12-27 09:34:23,782 [5] ERROR OASysRightManager2016.Common [(null)] - [GetJsonDataByResult]报错
System.NullReferenceException: 未将对象引用设置到对象的实例。
   在 BitAuto.DSC.OASysRightManager2016.Common.Common.Util.GetJsonDataByResult(Object obj, String message)
2016-12-27 09:34:24,825 [11] ERROR OASysRightManager2016.Common [(null)] - [GetJsonDataByResult]报错
System.NullReferenceException: 未将对象引用设置到对象的实例。
   在 BitAuto.DSC.OASysRightManager2016.Common.Common.Util.GetJsonDataByResult(Object obj, String message)
2016-12-27 09:34:26,405 [5] ERROR OASysRightManager2016.Common [(null)] - [GetJsonDataByResult]报错
System.NullReferenceException: 未将对象引用设置到对象的实例。
   在 BitAuto.DSC.OASysRightManager2016.Common.Common.Util.GetJsonDataByResult(Object obj, String message)
2016-12-27 09:34:26,999 [6] ERROR OASysRightManager2016.Common [(null)] - [GetJsonDataByResult]报错
System.NullReferenceException: 未将对象引用设置到对象的实例。
   在 BitAuto.DSC.OASysRightManager2016.Common.Common.Util.GetJsonDataByResult(Object obj, String message)
2016-12-27 09:34:27,371 [5] ERROR OASysRightManager2016.Common [(null)] - [GetJsonDataByResult]报错
System.NullReferenceException: 未将对象引用设置到对象的实例。
   在 BitAuto.DSC.OASysRightManager2016.Common.Common.Util.GetJsonDataByResult(Object obj, String message)
2016-12-27 13:45:57,870 [7] ERROR OASysRightManager2016.Common [(null)] - [GetJsonDataByResult]报错
System.NullReferenceException: 未将对象引用设置到对象的实例。
   在 BitAuto.DSC.OASysRightManager2016.Common.Common.Util.GetJsonDataByResult(Object obj, String message)
2016-12-27 13:45:57,870 [6] ERROR OASysRightManager2016.Common [(null)] - [GetJsonDataByResult]报错
System.NullReferenceException: 未将对象引用设置到对象的实例。
   在 BitAuto.DSC.OASysRightManager2016.Common.Common.Util.GetJsonDataByResult(Object obj, String message)
2016-12-27 13:49:16,106 [21] ERROR OASysRightManager2016.Common [(null)] - [GetJsonDataByResult]报错
System.NullReferenceException: 未将对象引用设置到对象的实例。
   在 BitAuto.DSC.OASysRightManager2016.Common.Common.Util.GetJsonDataByResult(Object obj, String message)
2016-12-27 13:49:16,505 [10] ERROR OASysRightManager2016.Common [(null)] - [GetJsonDataByResult]报错
System.NullReferenceException: 未将对象引用设置到对象的实例。
   在 BitAuto.DSC.OASysRightManager2016.Common.Common.Util.GetJsonDataByResult(Object obj, String message)
2016-12-27 13:49:17,229 [16] ERROR OASysRightManager2016.Common [(null)] - [GetJsonDataByResult]报错
System.NullReferenceException: 未将对象引用设置到对象的实例。
   在 BitAuto.DSC.OASysRightManager2016.Common.Common.Util.GetJsonDataByResult(Object obj, String message)
2016-12-27 13:49:41,000 [10] ERROR OASysRightManager2016.Common [(null)] - [GetJsonDataByResult]报错
System.NullReferenceException: 未将对象引用设置到对象的实例。
   在 BitAuto.DSC.OASysRightManager2016.Common.Common.Util.GetJsonDataByResult(Object obj, String message)
2016-12-27 13:49:42,756 [16] ERROR OASysRightManager2016.Common [(null)] - [GetJsonDataByResult]报错
System.NullReferenceException: 未将对象引用设置到对象的实例。
   在 BitAuto.DSC.OASysRightManager2016.Common.Common.Util.GetJsonDataByResult(Object obj, String message)
2016-12-27 13:49:43,846 [10] ERROR OASysRightManager2016.Common [(null)] - [GetJsonDataByResult]报错
System.NullReferenceException: 未将对象引用设置到对象的实例。
   在 BitAuto.DSC.OASysRightManager2016.Common.Common.Util.GetJsonDataByResult(Object obj, String message)
2016-12-27 13:49:45,767 [21] ERROR OASysRightManager2016.Common [(null)] - [GetJsonDataByResult]报错
System.NullReferenceException: 未将对象引用设置到对象的实例。
   在 BitAuto.DSC.OASysRightManager2016.Common.Common.Util.GetJsonDataByResult(Object obj, String message)
2016-12-27 13:49:46,626 [18] ERROR OASysRightManager2016.Common [(null)] - [GetJsonDataByResult]报错
System.NullReferenceException: 未将对象引用设置到对象的实例。
   在 BitAuto.DSC.OASysRightManager2016.Common.Common.Util.GetJsonDataByResult(Object obj, String message)
2016-12-27 13:49:54,927 [5] ERROR OASysRightManager2016.Common [(null)] - [GetJsonDataByResult]报错
System.NullReferenceException: 未将对象引用设置到对象的实例。
   在 BitAuto.DSC.OASysRightManager2016.Common.Common.Util.GetJsonDataByResult(Object obj, String message)
2016-12-27 13:49:54,933 [10] ERROR OASysRightManager2016.Common [(null)] - [GetJsonDataByResult]报错
System.NullReferenceException: 未将对象引用设置到对象的实例。
   在 BitAuto.DSC.OASysRightManager2016.Common.Common.Util.GetJsonDataByResult(Object obj, String message)
2016-12-27 13:50:08,089 [9] DEBUG EmpolyeeController [(null)] - {"Success":true,"Message":"成功","Data":{"seriesname":["员工数","增长率"],"datakey":["2016-01","2016-02","2016-03","2016-04","2016-05","2016-06","2016-07","2016-08","2016-09","2016-10","2016-11","2016-12"],"dataval":[["2959","2922","2263","4735","1097","4117","2739","244","3639","1955","1549","500"],["3.2670","10.2906","11.7533","-4.9748","15.0942","3.6348","11.8097","-2.0631","17.4728","1.2710","-1.7024","-3.0216"]]}}
2016-12-27 13:50:08,089 [9] ERROR OASysRightManager2016.Common [(null)] - [GetJsonDataByResult]报错
System.NullReferenceException: 未将对象引用设置到对象的实例。
   在 BitAuto.DSC.OASysRightManager2016.Common.Common.Util.GetJsonDataByResult(Object obj, String message)
2016-12-27 13:50:08,096 [10] DEBUG EmpolyeeController [(null)] - {"Success":true,"Message":"成功","Data":{"yearmonth":"201612","total":"500","entry":"149","dimission":"81","male":"2000","female":"3000","malepercent":4.0,"femalepercent":6.0}}
2016-12-27 13:50:08,096 [10] ERROR OASysRightManager2016.Common [(null)] - [GetJsonDataByResult]报错
System.NullReferenceException: 未将对象引用设置到对象的实例。
   在 BitAuto.DSC.OASysRightManager2016.Common.Common.Util.GetJsonDataByResult(Object obj, String message)
2016-12-27 13:50:29,668 [21] DEBUG EmpolyeeController [(null)] - {"Success":true,"Message":"成功","Data":{"yearmonth":"201612","total":"500","entry":"149","dimission":"81","male":"2000","female":"3000","malepercent":4.0,"femalepercent":6.0}}
2016-12-27 13:50:29,669 [21] ERROR OASysRightManager2016.Common [(null)] - [GetJsonDataByResult]报错
System.NullReferenceException: 未将对象引用设置到对象的实例。
   在 BitAuto.DSC.OASysRightManager2016.Common.Common.Util.GetJsonDataByResult(Object obj, String message)
2016-12-27 13:50:29,671 [9] DEBUG EmpolyeeController [(null)] - {"Success":true,"Message":"成功","Data":{"seriesname":["员工数","增长率"],"datakey":["2016-01","2016-02","2016-03","2016-04","2016-05","2016-06","2016-07","2016-08","2016-09","2016-10","2016-11","2016-12"],"dataval":[["2959","2922","2263","4735","1097","4117","2739","244","3639","1955","1549","500"],["3.2670","10.2906","11.7533","-4.9748","15.0942","3.6348","11.8097","-2.0631","17.4728","1.2710","-1.7024","-3.0216"]]}}
2016-12-27 13:50:29,672 [9] ERROR OASysRightManager2016.Common [(null)] - [GetJsonDataByResult]报错
System.NullReferenceException: 未将对象引用设置到对象的实例。
   在 BitAuto.DSC.OASysRightManager2016.Common.Common.Util.GetJsonDataByResult(Object obj, String message)
2016-12-27 13:50:44,194 [7] DEBUG EmpolyeeController [(null)] - {"Success":true,"Message":"成功","Data":{"yearmonth":"201612","total":"500","entry":"149","dimission":"81","male":"2000","female":"3000","malepercent":4.0,"femalepercent":6.0}}
2016-12-27 13:50:44,194 [7] ERROR OASysRightManager2016.Common [(null)] - [GetJsonDataByResult]报错
System.NullReferenceException: 未将对象引用设置到对象的实例。
   在 BitAuto.DSC.OASysRightManager2016.Common.Common.Util.GetJsonDataByResult(Object obj, String message)
2016-12-27 13:50:44,344 [21] DEBUG EmpolyeeController [(null)] - {"Success":true,"Message":"成功","Data":[{"Name":"1年以下","ItemId":"40001","Count":"1565"},{"Name":"1-3年","ItemId":"40002","Count":"4850"},{"Name":"3-5年","ItemId":"40003","Count":"4464"},{"Name":"5年以上","ItemId":"40004","Count":"1629"}]}
2016-12-27 13:50:44,344 [21] ERROR OASysRightManager2016.Common [(null)] - [GetJsonDataByResult]报错
System.NullReferenceException: 未将对象引用设置到对象的实例。
   在 BitAuto.DSC.OASysRightManager2016.Common.Common.Util.GetJsonDataByResult(Object obj, String message)
2016-12-27 13:50:44,344 [23] DEBUG EmpolyeeController [(null)] - {"Success":true,"Message":"成功","Data":[{"Name":"管理类","ItemId":"60001","Count":"1366"},{"Name":"销售客服类","ItemId":"60002","Count":"268"},{"Name":"产品开发类","ItemId":"60003","Count":"4774"},{"Name":"支持类","ItemId":"60004","Count":"3475"},{"Name":"编辑类","ItemId":"60005","Count":"3376"},{"Name":"市场类","ItemId":"60006","Count":"3360"}]}
2016-12-27 13:50:44,344 [23] ERROR OASysRightManager2016.Common [(null)] - [GetJsonDataByResult]报错
System.NullReferenceException: 未将对象引用设置到对象的实例。
   在 BitAuto.DSC.OASysRightManager2016.Common.Common.Util.GetJsonDataByResult(Object obj, String message)
2016-12-27 13:50:44,346 [15] DEBUG EmpolyeeController [(null)] - {"Success":true,"Message":"成功","Data":{"seriesname":[],"datakey":["G1","G2","G3","G4","G5","G6","G7","G8"],"dataval":[["1810","2314","4249","","4350","4659","3100","877"],["0.1693","0.3378","0.1567","","0.1104","0.1417","0.0465","0.3360"]]}}
2016-12-27 13:50:44,347 [15] ERROR OASysRightManager2016.Common [(null)] - [GetJsonDataByResult]报错
System.NullReferenceException: 未将对象引用设置到对象的实例。
   在 BitAuto.DSC.OASysRightManager2016.Common.Common.Util.GetJsonDataByResult(Object obj, String message)
2016-12-27 13:50:44,347 [5] DEBUG EmpolyeeController [(null)] - {"Success":true,"Message":"成功","Data":{"seriesname":[],"datakey":["25岁以下","26-30岁","31-35岁","36-40岁","41岁以上"],"dataval":[["2012","4678","465","2307","774"],["0.1136","0.1782","0.2709","0.0382","0.1279"]]}}
2016-12-27 13:50:44,347 [5] ERROR OASysRightManager2016.Common [(null)] - [GetJsonDataByResult]报错
System.NullReferenceException: 未将对象引用设置到对象的实例。
   在 BitAuto.DSC.OASysRightManager2016.Common.Common.Util.GetJsonDataByResult(Object obj, String message)
2016-12-27 13:51:19,325 [23] ERROR OASysRightManager2016.Common [(null)] - [GetJsonDataByResult]报错
System.NullReferenceException: 未将对象引用设置到对象的实例。
   在 BitAuto.DSC.OASysRightManager2016.Common.Common.Util.GetJsonDataByResult(Object obj, String message)
2016-12-27 13:51:19,954 [9] ERROR OASysRightManager2016.Common [(null)] - [GetJsonDataByResult]报错
System.NullReferenceException: 未将对象引用设置到对象的实例。
   在 BitAuto.DSC.OASysRightManager2016.Common.Common.Util.GetJsonDataByResult(Object obj, String message)
2016-12-27 13:51:29,430 [21] ERROR OASysRightManager2016.Common [(null)] - [GetJsonDataByResult]报错
System.NullReferenceException: 未将对象引用设置到对象的实例。
   在 BitAuto.DSC.OASysRightManager2016.Common.Common.Util.GetJsonDataByResult(Object obj, String message)
2016-12-27 13:51:29,435 [24] DEBUG xchyhzController [(null)] - {"Success":true,"Message":"成功","Data":{"year":2016,"allavg":"49872.326546","cmtavg":"63019.130833","cytavg":"53543.949166","wxtavg":"47205.215000"}}
2016-12-27 13:51:29,435 [24] ERROR OASysRightManager2016.Common [(null)] - [GetJsonDataByResult]报错
System.NullReferenceException: 未将对象引用设置到对象的实例。
   在 BitAuto.DSC.OASysRightManager2016.Common.Common.Util.GetJsonDataByResult(Object obj, String message)
2016-12-27 13:51:29,465 [25] DEBUG xchyhzController [(null)] - {"Success":true,"Message":"成功","Data":{"seriesname":["总体","车易通","车盟通","微信通"],"datakey":["2016Q1","2016Q2","2016Q3","2016Q4"],"dataval":[["1645719.67","1058163.90","565292.55","2400.00"],["553335.49","318387.09","238335.44","800.00"],["638765.72","398901.05","193286.17","800.00"],["453618.46","340875.76","133670.94","800.00"]]}}
2016-12-27 13:51:29,466 [25] ERROR OASysRightManager2016.Common [(null)] - [GetJsonDataByResult]报错
System.NullReferenceException: 未将对象引用设置到对象的实例。
   在 BitAuto.DSC.OASysRightManager2016.Common.Common.Util.GetJsonDataByResult(Object obj, String message)
2016-12-27 13:51:29,471 [9] ERROR OASysRightManager2016.Common [(null)] - [GetJsonDataByResult]报错
System.NullReferenceException: 未将对象引用设置到对象的实例。
   在 BitAuto.DSC.OASysRightManager2016.Common.Common.Util.GetJsonDataByResult(Object obj, String message)
2016-12-27 13:51:41,593 [25] DEBUG xchyhzController [(null)] - {"Success":true,"Message":"成功","Data":[{"Name":"车易通","TypeID":"90001","Percent":"0","Count":"0","Total":"4800"},{"Name":"车盟通","TypeID":"90002","Percent":"0","Count":"0","Total":"5200"},{"Name":"微信通","TypeID":"90003","Percent":"0","Count":"0","Total":"4000"}]}
2016-12-27 13:51:41,594 [25] ERROR OASysRightManager2016.Common [(null)] - [GetJsonDataByResult]报错
System.NullReferenceException: 未将对象引用设置到对象的实例。
   在 BitAuto.DSC.OASysRightManager2016.Common.Common.Util.GetJsonDataByResult(Object obj, String message)
2016-12-27 13:51:42,112 [25] ERROR OASysRightManager2016.Common [(null)] - [GetJsonDataByResult]报错
System.NullReferenceException: 未将对象引用设置到对象的实例。
   在 BitAuto.DSC.OASysRightManager2016.Common.Common.Util.GetJsonDataByResult(Object obj, String message)
2016-12-27 13:52:00,079 [25] ERROR OASysRightManager2016.Common [(null)] - [GetJsonDataByResult]报错
System.NullReferenceException: 未将对象引用设置到对象的实例。
   在 BitAuto.DSC.OASysRightManager2016.Common.Common.Util.GetJsonDataByResult(Object obj, String message)
2016-12-27 13:52:00,079 [5] ERROR OASysRightManager2016.Common [(null)] - [GetJsonDataByResult]报错
System.NullReferenceException: 未将对象引用设置到对象的实例。
   在 BitAuto.DSC.OASysRightManager2016.Common.Common.Util.GetJsonDataByResult(Object obj, String message)
2016-12-27 13:52:00,087 [15] DEBUG xchyhzController [(null)] - {"Success":true,"Message":"成功","Data":{"year":2016,"allavg":"49872.326546","cmtavg":"63019.130833","cytavg":"53543.949166","wxtavg":"47205.215000"}}
2016-12-27 13:52:00,087 [15] ERROR OASysRightManager2016.Common [(null)] - [GetJsonDataByResult]报错
System.NullReferenceException: 未将对象引用设置到对象的实例。
   在 BitAuto.DSC.OASysRightManager2016.Common.Common.Util.GetJsonDataByResult(Object obj, String message)
2016-12-27 13:52:00,088 [18] DEBUG xchyhzController [(null)] - {"Success":true,"Message":"成功","Data":{"seriesname":["总体","车易通","车盟通","微信通"],"datakey":["2016Q1","2016Q2","2016Q3","2016Q4"],"dataval":[["1645719.67","1058163.90","565292.55","2400.00"],["553335.49","318387.09","238335.44","800.00"],["638765.72","398901.05","193286.17","800.00"],["453618.46","340875.76","133670.94","800.00"]]}}
2016-12-27 13:52:00,088 [18] ERROR OASysRightManager2016.Common [(null)] - [GetJsonDataByResult]报错
System.NullReferenceException: 未将对象引用设置到对象的实例。
   在 BitAuto.DSC.OASysRightManager2016.Common.Common.Util.GetJsonDataByResult(Object obj, String message)
2016-12-27 13:52:02,234 [10] DEBUG xchyhzController [(null)] - {"Success":true,"Message":"成功","Data":[{"Name":"车易通","TypeID":"90001","Percent":"0","Count":"0","Total":"4800"},{"Name":"车盟通","TypeID":"90002","Percent":"0","Count":"0","Total":"5200"},{"Name":"微信通","TypeID":"90003","Percent":"0","Count":"0","Total":"4000"}]}
2016-12-27 13:52:02,234 [10] ERROR OASysRightManager2016.Common [(null)] - [GetJsonDataByResult]报错
System.NullReferenceException: 未将对象引用设置到对象的实例。
   在 BitAuto.DSC.OASysRightManager2016.Common.Common.Util.GetJsonDataByResult(Object obj, String message)
2016-12-27 13:52:02,482 [23] ERROR OASysRightManager2016.Common [(null)] - [GetJsonDataByResult]报错
System.NullReferenceException: 未将对象引用设置到对象的实例。
   在 BitAuto.DSC.OASysRightManager2016.Common.Common.Util.GetJsonDataByResult(Object obj, String message)
2016-12-27 13:52:05,563 [23] DEBUG xchyhzController [(null)] - {"Success":true,"Message":"成功","Data":{"year":2016,"allavg":"49872.326546","cmtavg":"63019.130833","cytavg":"53543.949166","wxtavg":"47205.215000"}}
2016-12-27 13:52:05,563 [23] ERROR OASysRightManager2016.Common [(null)] - [GetJsonDataByResult]报错
System.NullReferenceException: 未将对象引用设置到对象的实例。
   在 BitAuto.DSC.OASysRightManager2016.Common.Common.Util.GetJsonDataByResult(Object obj, String message)
2016-12-27 13:52:05,566 [25] DEBUG xchyhzController [(null)] - {"Success":true,"Message":"成功","Data":{"seriesname":["总体","车易通","车盟通","微信通"],"datakey":["2016Q1","2016Q2","2016Q3","2016Q4"],"dataval":[["1645719.67","1058163.90","565292.55","2400.00"],["553335.49","318387.09","238335.44","800.00"],["638765.72","398901.05","193286.17","800.00"],["453618.46","340875.76","133670.94","800.00"]]}}
2016-12-27 13:52:05,566 [5] ERROR OASysRightManager2016.Common [(null)] - [GetJsonDataByResult]报错
System.NullReferenceException: 未将对象引用设置到对象的实例。
   在 BitAuto.DSC.OASysRightManager2016.Common.Common.Util.GetJsonDataByResult(Object obj, String message)
2016-12-27 13:52:05,566 [25] ERROR OASysRightManager2016.Common [(null)] - [GetJsonDataByResult]报错
System.NullReferenceException: 未将对象引用设置到对象的实例。
   在 BitAuto.DSC.OASysRightManager2016.Common.Common.Util.GetJsonDataByResult(Object obj, String message)
2016-12-27 13:52:05,570 [16] ERROR OASysRightManager2016.Common [(null)] - [GetJsonDataByResult]报错
System.NullReferenceException: 未将对象引用设置到对象的实例。
   在 BitAuto.DSC.OASysRightManager2016.Common.Common.Util.GetJsonDataByResult(Object obj, String message)
2016-12-27 13:52:07,920 [25] DEBUG xchyhzController [(null)] - {"Success":true,"Message":"成功","Data":[{"Name":"车易通","TypeID":"90001","Percent":"0","Count":"0","Total":"4800"},{"Name":"车盟通","TypeID":"90002","Percent":"0","Count":"0","Total":"5200"},{"Name":"微信通","TypeID":"90003","Percent":"0","Count":"0","Total":"4000"}]}
2016-12-27 13:52:07,921 [25] ERROR OASysRightManager2016.Common [(null)] - [GetJsonDataByResult]报错
System.NullReferenceException: 未将对象引用设置到对象的实例。
   在 BitAuto.DSC.OASysRightManager2016.Common.Common.Util.GetJsonDataByResult(Object obj, String message)
2016-12-27 13:52:08,116 [26] ERROR OASysRightManager2016.Common [(null)] - [GetJsonDataByResult]报错
System.NullReferenceException: 未将对象引用设置到对象的实例。
   在 BitAuto.DSC.OASysRightManager2016.Common.Common.Util.GetJsonDataByResult(Object obj, String message)
2016-12-27 13:52:25,791 [29] ERROR OASysRightManager2016.Common [(null)] - [GetJsonDataByResult]报错
System.NullReferenceException: 未将对象引用设置到对象的实例。
   在 BitAuto.DSC.OASysRightManager2016.Common.Common.Util.GetJsonDataByResult(Object obj, String message)
2016-12-27 13:52:26,663 [26] ERROR OASysRightManager2016.Common [(null)] - [GetJsonDataByResult]报错
System.NullReferenceException: 未将对象引用设置到对象的实例。
   在 BitAuto.DSC.OASysRightManager2016.Common.Common.Util.GetJsonDataByResult(Object obj, String message)
2016-12-27 13:52:27,445 [29] ERROR OASysRightManager2016.Common [(null)] - [GetJsonDataByResult]报错
System.NullReferenceException: 未将对象引用设置到对象的实例。
   在 BitAuto.DSC.OASysRightManager2016.Common.Common.Util.GetJsonDataByResult(Object obj, String message)
2016-12-27 13:52:37,854 [18] ERROR OASysRightManager2016.Common [(null)] - [GetJsonDataByResult]报错
System.NullReferenceException: 未将对象引用设置到对象的实例。
   在 BitAuto.DSC.OASysRightManager2016.Common.Common.Util.GetJsonDataByResult(Object obj, String message)
2016-12-27 13:52:37,866 [31] ERROR OASysRightManager2016.Common [(null)] - [GetJsonDataByResult]报错
System.NullReferenceException: 未将对象引用设置到对象的实例。
   在 BitAuto.DSC.OASysRightManager2016.Common.Common.Util.GetJsonDataByResult(Object obj, String message)
2016-12-27 13:52:37,877 [29] ERROR OASysRightManager2016.Common [(null)] - [GetJsonDataByResult]报错
System.NullReferenceException: 未将对象引用设置到对象的实例。
   在 BitAuto.DSC.OASysRightManager2016.Common.Common.Util.GetJsonDataByResult(Object obj, String message)
2016-12-27 13:52:53,072 [29] ERROR OASysRightManager2016.Common [(null)] - [GetJsonDataByResult]报错
System.NullReferenceException: 未将对象引用设置到对象的实例。
   在 BitAuto.DSC.OASysRightManager2016.Common.Common.Util.GetJsonDataByResult(Object obj, String message)
2016-12-27 13:52:53,296 [5] ERROR OASysRightManager2016.Common [(null)] - [GetJsonDataByResult]报错
System.NullReferenceException: 未将对象引用设置到对象的实例。
   在 BitAuto.DSC.OASysRightManager2016.Common.Common.Util.GetJsonDataByResult(Object obj, String message)
2016-12-27 13:52:53,509 [25] ERROR OASysRightManager2016.Common [(null)] - [GetJsonDataByResult]报错
System.NullReferenceException: 未将对象引用设置到对象的实例。
   在 BitAuto.DSC.OASysRightManager2016.Common.Common.Util.GetJsonDataByResult(Object obj, String message)
2016-12-27 13:52:53,531 [5] ERROR OASysRightManager2016.Common [(null)] - [GetJsonDataByResult]报错
System.NullReferenceException: 未将对象引用设置到对象的实例。
   在 BitAuto.DSC.OASysRightManager2016.Common.Common.Util.GetJsonDataByResult(Object obj, String message)
2016-12-27 13:53:16,924 [23] ERROR OASysRightManager2016.Common [(null)] - [GetJsonDataByResult]报错
System.NullReferenceException: 未将对象引用设置到对象的实例。
   在 BitAuto.DSC.OASysRightManager2016.Common.Common.Util.GetJsonDataByResult(Object obj, String message)
2016-12-27 13:53:17,187 [29] ERROR OASysRightManager2016.Common [(null)] - [GetJsonDataByResult]报错
System.NullReferenceException: 未将对象引用设置到对象的实例。
   在 BitAuto.DSC.OASysRightManager2016.Common.Common.Util.GetJsonDataByResult(Object obj, String message)
2016-12-27 13:53:17,401 [22] ERROR OASysRightManager2016.Common [(null)] - [GetJsonDataByResult]报错
System.NullReferenceException: 未将对象引用设置到对象的实例。
   在 BitAuto.DSC.OASysRightManager2016.Common.Common.Util.GetJsonDataByResult(Object obj, String message)
2016-12-27 13:53:17,403 [5] ERROR OASysRightManager2016.Common [(null)] - [GetJsonDataByResult]报错
System.NullReferenceException: 未将对象引用设置到对象的实例。
   在 BitAuto.DSC.OASysRightManager2016.Common.Common.Util.GetJsonDataByResult(Object obj, String message)
2016-12-27 13:53:22,832 [31] ERROR OASysRightManager2016.Common [(null)] - [GetJsonDataByResult]报错
System.NullReferenceException: 未将对象引用设置到对象的实例。
   在 BitAuto.DSC.OASysRightManager2016.Common.Common.Util.GetJsonDataByResult(Object obj, String message)
2016-12-27 13:53:23,050 [18] ERROR OASysRightManager2016.Common [(null)] - [GetJsonDataByResult]报错
System.NullReferenceException: 未将对象引用设置到对象的实例。
   在 BitAuto.DSC.OASysRightManager2016.Common.Common.Util.GetJsonDataByResult(Object obj, String message)
2016-12-27 13:53:23,223 [29] ERROR OASysRightManager2016.Common [(null)] - [GetJsonDataByResult]报错
System.NullReferenceException: 未将对象引用设置到对象的实例。
   在 BitAuto.DSC.OASysRightManager2016.Common.Common.Util.GetJsonDataByResult(Object obj, String message)
2016-12-27 13:53:23,224 [18] ERROR OASysRightManager2016.Common [(null)] - [GetJsonDataByResult]报错
System.NullReferenceException: 未将对象引用设置到对象的实例。
   在 BitAuto.DSC.OASysRightManager2016.Common.Common.Util.GetJsonDataByResult(Object obj, String message)
2016-12-27 13:56:31,631 [5] ERROR OASysRightManager2016.Common [(null)] - [GetJsonDataByResult]报错
System.NullReferenceException: 未将对象引用设置到对象的实例。
   在 BitAuto.DSC.OASysRightManager2016.Common.Common.Util.GetJsonDataByResult(Object obj, String message)
2016-12-27 13:56:31,636 [34] ERROR OASysRightManager2016.Common [(null)] - [GetJsonDataByResult]报错
System.NullReferenceException: 未将对象引用设置到对象的实例。
   在 BitAuto.DSC.OASysRightManager2016.Common.Common.Util.GetJsonDataByResult(Object obj, String message)
2016-12-27 14:03:06,712 [28] ERROR OASysRightManager2016.Common [(null)] - [GetJsonDataByResult]报错
System.NullReferenceException: 未将对象引用设置到对象的实例。
   在 BitAuto.DSC.OASysRightManager2016.Common.Common.Util.GetJsonDataByResult(Object obj, String message)
2016-12-27 14:03:07,442 [25] ERROR OASysRightManager2016.Common [(null)] - [GetJsonDataByResult]报错
System.NullReferenceException: 未将对象引用设置到对象的实例。
   在 BitAuto.DSC.OASysRightManager2016.Common.Common.Util.GetJsonDataByResult(Object obj, String message)
2016-12-27 14:03:07,618 [23] ERROR OASysRightManager2016.Common [(null)] - [GetJsonDataByResult]报错
System.NullReferenceException: 未将对象引用设置到对象的实例。
   在 BitAuto.DSC.OASysRightManager2016.Common.Common.Util.GetJsonDataByResult(Object obj, String message)
2016-12-27 14:03:07,655 [30] ERROR OASysRightManager2016.Common [(null)] - [GetJsonDataByResult]报错
System.NullReferenceException: 未将对象引用设置到对象的实例。
   在 BitAuto.DSC.OASysRightManager2016.Common.Common.Util.GetJsonDataByResult(Object obj, String message)
2016-12-27 14:04:43,339 [20] ERROR OASysRightManager2016.Common [(null)] - [GetJsonDataByResult]报错
System.NullReferenceException: 未将对象引用设置到对象的实例。
   在 BitAuto.DSC.OASysRightManager2016.Common.Common.Util.GetJsonDataByResult(Object obj, String message)
2016-12-27 14:04:43,556 [18] ERROR OASysRightManager2016.Common [(null)] - [GetJsonDataByResult]报错
System.NullReferenceException: 未将对象引用设置到对象的实例。
   在 BitAuto.DSC.OASysRightManager2016.Common.Common.Util.GetJsonDataByResult(Object obj, String message)
2016-12-27 14:04:43,769 [28] ERROR OASysRightManager2016.Common [(null)] - [GetJsonDataByResult]报错
System.NullReferenceException: 未将对象引用设置到对象的实例。
   在 BitAuto.DSC.OASysRightManager2016.Common.Common.Util.GetJsonDataByResult(Object obj, String message)
2016-12-27 14:04:43,775 [24] ERROR OASysRightManager2016.Common [(null)] - [GetJsonDataByResult]报错
System.NullReferenceException: 未将对象引用设置到对象的实例。
   在 BitAuto.DSC.OASysRightManager2016.Common.Common.Util.GetJsonDataByResult(Object obj, String message)
2016-12-27 14:06:05,786 [30] ERROR OASysRightManager2016.Common [(null)] - [GetJsonDataByResult]报错
System.NullReferenceException: 未将对象引用设置到对象的实例。
   在 BitAuto.DSC.OASysRightManager2016.Common.Common.Util.GetJsonDataByResult(Object obj, String message)
2016-12-27 14:06:06,898 [18] ERROR OASysRightManager2016.Common [(null)] - [GetJsonDataByResult]报错
System.NullReferenceException: 未将对象引用设置到对象的实例。
   在 BitAuto.DSC.OASysRightManager2016.Common.Common.Util.GetJsonDataByResult(Object obj, String message)
2016-12-27 14:06:07,198 [35] ERROR OASysRightManager2016.Common [(null)] - [GetJsonDataByResult]报错
System.NullReferenceException: 未将对象引用设置到对象的实例。
   在 BitAuto.DSC.OASysRightManager2016.Common.Common.Util.GetJsonDataByResult(Object obj, String message)
2016-12-27 14:06:07,229 [30] ERROR OASysRightManager2016.Common [(null)] - [GetJsonDataByResult]报错
System.NullReferenceException: 未将对象引用设置到对象的实例。
   在 BitAuto.DSC.OASysRightManager2016.Common.Common.Util.GetJsonDataByResult(Object obj, String message)
2016-12-27 14:07:51,374 [11] ERROR OASysRightManager2016.Common [(null)] - [GetJsonDataByResult]报错
System.NullReferenceException: 未将对象引用设置到对象的实例。
   在 BitAuto.DSC.OASysRightManager2016.Common.Common.Util.GetJsonDataByResult(Object obj, String message)
2016-12-27 14:07:51,482 [17] ERROR OASysRightManager2016.Common [(null)] - [GetJsonDataByResult]报错
System.NullReferenceException: 未将对象引用设置到对象的实例。
   在 BitAuto.DSC.OASysRightManager2016.Common.Common.Util.GetJsonDataByResult(Object obj, String message)
2016-12-27 14:07:51,698 [24] ERROR OASysRightManager2016.Common [(null)] - [GetJsonDataByResult]报错
System.NullReferenceException: 未将对象引用设置到对象的实例。
   在 BitAuto.DSC.OASysRightManager2016.Common.Common.Util.GetJsonDataByResult(Object obj, String message)
2016-12-27 14:07:59,979 [18] ERROR OASysRightManager2016.Common [(null)] - [GetJsonDataByResult]报错
System.NullReferenceException: 未将对象引用设置到对象的实例。
   在 BitAuto.DSC.OASysRightManager2016.Common.Common.Util.GetJsonDataByResult(Object obj, String message)
2016-12-27 14:08:00,026 [24] DEBUG xchyhzController [(null)] - {"Success":true,"Message":"成功","Data":{"year":2016,"allavg":"49872.326546","cmtavg":"63019.130833","cytavg":"53543.949166","wxtavg":"47205.215000"}}
2016-12-27 14:08:00,026 [24] ERROR OASysRightManager2016.Common [(null)] - [GetJsonDataByResult]报错
System.NullReferenceException: 未将对象引用设置到对象的实例。
   在 BitAuto.DSC.OASysRightManager2016.Common.Common.Util.GetJsonDataByResult(Object obj, String message)
2016-12-27 14:08:00,027 [10] DEBUG xchyhzController [(null)] - {"Success":true,"Message":"成功","Data":{"seriesname":["总体","车易通","车盟通","微信通"],"datakey":["2016Q1","2016Q2","2016Q3","2016Q4"],"dataval":[["1645719.67","1058163.90","565292.55","2400.00"],["553335.49","318387.09","238335.44","800.00"],["638765.72","398901.05","193286.17","800.00"],["453618.46","340875.76","133670.94","800.00"]]}}
2016-12-27 14:08:00,027 [10] ERROR OASysRightManager2016.Common [(null)] - [GetJsonDataByResult]报错
System.NullReferenceException: 未将对象引用设置到对象的实例。
   在 BitAuto.DSC.OASysRightManager2016.Common.Common.Util.GetJsonDataByResult(Object obj, String message)
2016-12-27 14:08:00,031 [30] ERROR OASysRightManager2016.Common [(null)] - [GetJsonDataByResult]报错
System.NullReferenceException: 未将对象引用设置到对象的实例。
   在 BitAuto.DSC.OASysRightManager2016.Common.Common.Util.GetJsonDataByResult(Object obj, String message)
2016-12-27 14:12:52,595 [9] INFO  APPReport_WebApi [(null)] - [LoginAuthorize]用户验证失败，用户IP 127.0.0.1, 用户请求的地址为 http://ar.sys1.bitauto.com/api/sjjk/GetLeadsPieChartData?type=1&date=&r=0.23179978132247925,UrlRefer为 http://ar.sys1.bitauto.com/html/商机监控/ptwd.htm
2016-12-27 14:13:10,019 [11] ERROR OASysRightManager2016.Common [(null)] - [GetJsonDataByResult]报错
System.NullReferenceException: 未将对象引用设置到对象的实例。
   在 BitAuto.DSC.OASysRightManager2016.Common.Common.Util.GetJsonDataByResult(Object obj, String message)
2016-12-27 14:13:10,234 [8] ERROR OASysRightManager2016.Common [(null)] - [GetJsonDataByResult]报错
System.NullReferenceException: 未将对象引用设置到对象的实例。
   在 BitAuto.DSC.OASysRightManager2016.Common.Common.Util.GetJsonDataByResult(Object obj, String message)
2016-12-27 14:13:10,286 [30] ERROR OASysRightManager2016.Common [(null)] - [GetJsonDataByResult]报错
System.NullReferenceException: 未将对象引用设置到对象的实例。
   在 BitAuto.DSC.OASysRightManager2016.Common.Common.Util.GetJsonDataByResult(Object obj, String message)
2016-12-27 14:13:10,332 [18] ERROR OASysRightManager2016.Common [(null)] - [GetJsonDataByResult]报错
System.NullReferenceException: 未将对象引用设置到对象的实例。
   在 BitAuto.DSC.OASysRightManager2016.Common.Common.Util.GetJsonDataByResult(Object obj, String message)
2016-12-27 14:13:18,074 [30] ERROR OASysRightManager2016.Common [(null)] - [GetJsonDataByResult]报错
System.NullReferenceException: 未将对象引用设置到对象的实例。
   在 BitAuto.DSC.OASysRightManager2016.Common.Common.Util.GetJsonDataByResult(Object obj, String message)
2016-12-27 14:13:18,271 [9] ERROR OASysRightManager2016.Common [(null)] - [GetJsonDataByResult]报错
System.NullReferenceException: 未将对象引用设置到对象的实例。
   在 BitAuto.DSC.OASysRightManager2016.Common.Common.Util.GetJsonDataByResult(Object obj, String message)
2016-12-27 14:13:18,382 [9] ERROR OASysRightManager2016.Common [(null)] - [GetJsonDataByResult]报错
System.NullReferenceException: 未将对象引用设置到对象的实例。
   在 BitAuto.DSC.OASysRightManager2016.Common.Common.Util.GetJsonDataByResult(Object obj, String message)
2016-12-27 14:13:18,406 [30] ERROR OASysRightManager2016.Common [(null)] - [GetJsonDataByResult]报错
System.NullReferenceException: 未将对象引用设置到对象的实例。
   在 BitAuto.DSC.OASysRightManager2016.Common.Common.Util.GetJsonDataByResult(Object obj, String message)
2016-12-27 14:13:31,843 [30] ERROR OASysRightManager2016.Common [(null)] - [GetJsonDataByResult]报错
System.NullReferenceException: 未将对象引用设置到对象的实例。
   在 BitAuto.DSC.OASysRightManager2016.Common.Common.Util.GetJsonDataByResult(Object obj, String message)
2016-12-27 14:13:31,997 [18] ERROR OASysRightManager2016.Common [(null)] - [GetJsonDataByResult]报错
System.NullReferenceException: 未将对象引用设置到对象的实例。
   在 BitAuto.DSC.OASysRightManager2016.Common.Common.Util.GetJsonDataByResult(Object obj, String message)
2016-12-27 14:13:32,089 [8] ERROR OASysRightManager2016.Common [(null)] - [GetJsonDataByResult]报错
System.NullReferenceException: 未将对象引用设置到对象的实例。
   在 BitAuto.DSC.OASysRightManager2016.Common.Common.Util.GetJsonDataByResult(Object obj, String message)
2016-12-27 14:13:32,122 [46] ERROR OASysRightManager2016.Common [(null)] - [GetJsonDataByResult]报错
System.NullReferenceException: 未将对象引用设置到对象的实例。
   在 BitAuto.DSC.OASysRightManager2016.Common.Common.Util.GetJsonDataByResult(Object obj, String message)
2016-12-27 14:13:38,443 [46] ERROR OASysRightManager2016.Common [(null)] - [GetJsonDataByResult]报错
System.NullReferenceException: 未将对象引用设置到对象的实例。
   在 BitAuto.DSC.OASysRightManager2016.Common.Common.Util.GetJsonDataByResult(Object obj, String message)
2016-12-27 14:13:38,633 [6] ERROR OASysRightManager2016.Common [(null)] - [GetJsonDataByResult]报错
System.NullReferenceException: 未将对象引用设置到对象的实例。
   在 BitAuto.DSC.OASysRightManager2016.Common.Common.Util.GetJsonDataByResult(Object obj, String message)
2016-12-27 14:13:38,708 [8] ERROR OASysRightManager2016.Common [(null)] - [GetJsonDataByResult]报错
System.NullReferenceException: 未将对象引用设置到对象的实例。
   在 BitAuto.DSC.OASysRightManager2016.Common.Common.Util.GetJsonDataByResult(Object obj, String message)
2016-12-27 14:13:38,726 [45] ERROR OASysRightManager2016.Common [(null)] - [GetJsonDataByResult]报错
System.NullReferenceException: 未将对象引用设置到对象的实例。
   在 BitAuto.DSC.OASysRightManager2016.Common.Common.Util.GetJsonDataByResult(Object obj, String message)
2016-12-27 14:13:44,111 [6] ERROR OASysRightManager2016.Common [(null)] - [GetJsonDataByResult]报错
System.NullReferenceException: 未将对象引用设置到对象的实例。
   在 BitAuto.DSC.OASysRightManager2016.Common.Common.Util.GetJsonDataByResult(Object obj, String message)
2016-12-27 14:13:44,234 [10] ERROR OASysRightManager2016.Common [(null)] - [GetJsonDataByResult]报错
System.NullReferenceException: 未将对象引用设置到对象的实例。
   在 BitAuto.DSC.OASysRightManager2016.Common.Common.Util.GetJsonDataByResult(Object obj, String message)
2016-12-27 14:13:44,293 [46] ERROR OASysRightManager2016.Common [(null)] - [GetJsonDataByResult]报错
System.NullReferenceException: 未将对象引用设置到对象的实例。
   在 BitAuto.DSC.OASysRightManager2016.Common.Common.Util.GetJsonDataByResult(Object obj, String message)
2016-12-27 14:13:44,315 [47] ERROR OASysRightManager2016.Common [(null)] - [GetJsonDataByResult]报错
System.NullReferenceException: 未将对象引用设置到对象的实例。
   在 BitAuto.DSC.OASysRightManager2016.Common.Common.Util.GetJsonDataByResult(Object obj, String message)
2016-12-27 14:13:47,175 [44] ERROR OASysRightManager2016.Common [(null)] - [GetJsonDataByResult]报错
System.NullReferenceException: 未将对象引用设置到对象的实例。
   在 BitAuto.DSC.OASysRightManager2016.Common.Common.Util.GetJsonDataByResult(Object obj, String message)
2016-12-27 14:13:47,191 [46] ERROR OASysRightManager2016.Common [(null)] - [GetJsonDataByResult]报错
System.NullReferenceException: 未将对象引用设置到对象的实例。
   在 BitAuto.DSC.OASysRightManager2016.Common.Common.Util.GetJsonDataByResult(Object obj, String message)
2016-12-27 14:13:47,905 [6] ERROR OASysRightManager2016.Common [(null)] - [GetJsonDataByResult]报错
System.NullReferenceException: 未将对象引用设置到对象的实例。
   在 BitAuto.DSC.OASysRightManager2016.Common.Common.Util.GetJsonDataByResult(Object obj, String message)
2016-12-27 14:13:47,909 [9] ERROR OASysRightManager2016.Common [(null)] - [GetJsonDataByResult]报错
System.NullReferenceException: 未将对象引用设置到对象的实例。
   在 BitAuto.DSC.OASysRightManager2016.Common.Common.Util.GetJsonDataByResult(Object obj, String message)
2016-12-27 14:13:48,353 [30] ERROR OASysRightManager2016.Common [(null)] - [GetJsonDataByResult]报错
System.NullReferenceException: 未将对象引用设置到对象的实例。
   在 BitAuto.DSC.OASysRightManager2016.Common.Common.Util.GetJsonDataByResult(Object obj, String message)
2016-12-27 14:13:48,358 [6] ERROR OASysRightManager2016.Common [(null)] - [GetJsonDataByResult]报错
System.NullReferenceException: 未将对象引用设置到对象的实例。
   在 BitAuto.DSC.OASysRightManager2016.Common.Common.Util.GetJsonDataByResult(Object obj, String message)
2016-12-27 14:13:48,888 [44] ERROR OASysRightManager2016.Common [(null)] - [GetJsonDataByResult]报错
System.NullReferenceException: 未将对象引用设置到对象的实例。
   在 BitAuto.DSC.OASysRightManager2016.Common.Common.Util.GetJsonDataByResult(Object obj, String message)
2016-12-27 14:13:48,902 [8] ERROR OASysRightManager2016.Common [(null)] - [GetJsonDataByResult]报错
System.NullReferenceException: 未将对象引用设置到对象的实例。
   在 BitAuto.DSC.OASysRightManager2016.Common.Common.Util.GetJsonDataByResult(Object obj, String message)
2016-12-27 14:13:50,823 [18] ERROR OASysRightManager2016.Common [(null)] - [GetJsonDataByResult]报错
System.NullReferenceException: 未将对象引用设置到对象的实例。
   在 BitAuto.DSC.OASysRightManager2016.Common.Common.Util.GetJsonDataByResult(Object obj, String message)
2016-12-27 14:13:50,894 [47] ERROR OASysRightManager2016.Common [(null)] - [GetJsonDataByResult]报错
System.NullReferenceException: 未将对象引用设置到对象的实例。
   在 BitAuto.DSC.OASysRightManager2016.Common.Common.Util.GetJsonDataByResult(Object obj, String message)
2016-12-27 14:13:50,942 [47] ERROR OASysRightManager2016.Common [(null)] - [GetJsonDataByResult]报错
System.NullReferenceException: 未将对象引用设置到对象的实例。
   在 BitAuto.DSC.OASysRightManager2016.Common.Common.Util.GetJsonDataByResult(Object obj, String message)
2016-12-27 14:13:50,953 [8] ERROR OASysRightManager2016.Common [(null)] - [GetJsonDataByResult]报错
System.NullReferenceException: 未将对象引用设置到对象的实例。
   在 BitAuto.DSC.OASysRightManager2016.Common.Common.Util.GetJsonDataByResult(Object obj, String message)
2016-12-27 14:14:17,223 [30] ERROR OASysRightManager2016.Common [(null)] - [GetJsonDataByResult]报错
System.NullReferenceException: 未将对象引用设置到对象的实例。
   在 BitAuto.DSC.OASysRightManager2016.Common.Common.Util.GetJsonDataByResult(Object obj, String message)
2016-12-27 14:14:18,143 [8] ERROR OASysRightManager2016.Common [(null)] - [GetJsonDataByResult]报错
System.NullReferenceException: 未将对象引用设置到对象的实例。
   在 BitAuto.DSC.OASysRightManager2016.Common.Common.Util.GetJsonDataByResult(Object obj, String message)
2016-12-27 14:14:18,254 [10] ERROR OASysRightManager2016.Common [(null)] - [GetJsonDataByResult]报错
System.NullReferenceException: 未将对象引用设置到对象的实例。
   在 BitAuto.DSC.OASysRightManager2016.Common.Common.Util.GetJsonDataByResult(Object obj, String message)
2016-12-27 14:14:18,305 [30] ERROR OASysRightManager2016.Common [(null)] - [GetJsonDataByResult]报错
System.NullReferenceException: 未将对象引用设置到对象的实例。
   在 BitAuto.DSC.OASysRightManager2016.Common.Common.Util.GetJsonDataByResult(Object obj, String message)
2016-12-27 14:14:50,387 [10] ERROR OASysRightManager2016.Common [(null)] - [GetJsonDataByResult]报错
System.NullReferenceException: 未将对象引用设置到对象的实例。
   在 BitAuto.DSC.OASysRightManager2016.Common.Common.Util.GetJsonDataByResult(Object obj, String message)
2016-12-27 14:14:50,556 [50] ERROR OASysRightManager2016.Common [(null)] - [GetJsonDataByResult]报错
System.NullReferenceException: 未将对象引用设置到对象的实例。
   在 BitAuto.DSC.OASysRightManager2016.Common.Common.Util.GetJsonDataByResult(Object obj, String message)
2016-12-27 14:14:50,615 [10] ERROR OASysRightManager2016.Common [(null)] - [GetJsonDataByResult]报错
System.NullReferenceException: 未将对象引用设置到对象的实例。
   在 BitAuto.DSC.OASysRightManager2016.Common.Common.Util.GetJsonDataByResult(Object obj, String message)
2016-12-27 14:14:50,641 [53] ERROR OASysRightManager2016.Common [(null)] - [GetJsonDataByResult]报错
System.NullReferenceException: 未将对象引用设置到对象的实例。
   在 BitAuto.DSC.OASysRightManager2016.Common.Common.Util.GetJsonDataByResult(Object obj, String message)
2016-12-27 14:17:03,336 [30] ERROR OASysRightManager2016.Common [(null)] - [GetJsonDataByResult]报错
System.NullReferenceException: 未将对象引用设置到对象的实例。
   在 BitAuto.DSC.OASysRightManager2016.Common.Common.Util.GetJsonDataByResult(Object obj, String message)
2016-12-27 14:17:03,337 [53] ERROR OASysRightManager2016.Common [(null)] - [GetJsonDataByResult]报错
System.NullReferenceException: 未将对象引用设置到对象的实例。
   在 BitAuto.DSC.OASysRightManager2016.Common.Common.Util.GetJsonDataByResult(Object obj, String message)
2016-12-27 14:17:28,914 [52] ERROR OASysRightManager2016.Common [(null)] - [GetJsonDataByResult]报错
System.NullReferenceException: 未将对象引用设置到对象的实例。
   在 BitAuto.DSC.OASysRightManager2016.Common.Common.Util.GetJsonDataByResult(Object obj, String message)
2016-12-27 14:17:28,990 [46] ERROR OASysRightManager2016.Common [(null)] - [GetJsonDataByResult]报错
System.NullReferenceException: 未将对象引用设置到对象的实例。
   在 BitAuto.DSC.OASysRightManager2016.Common.Common.Util.GetJsonDataByResult(Object obj, String message)
2016-12-27 14:18:51,724 [55] ERROR OASysRightManager2016.Common [(null)] - [GetJsonDataByResult]报错
System.NullReferenceException: 未将对象引用设置到对象的实例。
   在 BitAuto.DSC.OASysRightManager2016.Common.Common.Util.GetJsonDataByResult(Object obj, String message)
2016-12-27 14:18:51,725 [49] ERROR OASysRightManager2016.Common [(null)] - [GetJsonDataByResult]报错
System.NullReferenceException: 未将对象引用设置到对象的实例。
   在 BitAuto.DSC.OASysRightManager2016.Common.Common.Util.GetJsonDataByResult(Object obj, String message)
2016-12-27 14:18:52,206 [50] ERROR OASysRightManager2016.Common [(null)] - [GetJsonDataByResult]报错
System.NullReferenceException: 未将对象引用设置到对象的实例。
   在 BitAuto.DSC.OASysRightManager2016.Common.Common.Util.GetJsonDataByResult(Object obj, String message)
2016-12-27 14:18:52,536 [18] ERROR OASysRightManager2016.Common [(null)] - [GetJsonDataByResult]报错
System.NullReferenceException: 未将对象引用设置到对象的实例。
   在 BitAuto.DSC.OASysRightManager2016.Common.Common.Util.GetJsonDataByResult(Object obj, String message)
2016-12-27 14:18:52,775 [45] ERROR OASysRightManager2016.Common [(null)] - [GetJsonDataByResult]报错
System.NullReferenceException: 未将对象引用设置到对象的实例。
   在 BitAuto.DSC.OASysRightManager2016.Common.Common.Util.GetJsonDataByResult(Object obj, String message)
2016-12-27 14:18:52,802 [50] ERROR OASysRightManager2016.Common [(null)] - [GetJsonDataByResult]报错
System.NullReferenceException: 未将对象引用设置到对象的实例。
   在 BitAuto.DSC.OASysRightManager2016.Common.Common.Util.GetJsonDataByResult(Object obj, String message)
2016-12-27 14:18:54,586 [53] ERROR OASysRightManager2016.Common [(null)] - [GetJsonDataByResult]报错
System.NullReferenceException: 未将对象引用设置到对象的实例。
   在 BitAuto.DSC.OASysRightManager2016.Common.Common.Util.GetJsonDataByResult(Object obj, String message)
2016-12-27 14:18:54,755 [46] ERROR OASysRightManager2016.Common [(null)] - [GetJsonDataByResult]报错
System.NullReferenceException: 未将对象引用设置到对象的实例。
   在 BitAuto.DSC.OASysRightManager2016.Common.Common.Util.GetJsonDataByResult(Object obj, String message)
2016-12-27 14:18:54,918 [46] ERROR OASysRightManager2016.Common [(null)] - [GetJsonDataByResult]报错
System.NullReferenceException: 未将对象引用设置到对象的实例。
   在 BitAuto.DSC.OASysRightManager2016.Common.Common.Util.GetJsonDataByResult(Object obj, String message)
2016-12-27 14:18:58,329 [50] ERROR OASysRightManager2016.Common [(null)] - [GetJsonDataByResult]报错
System.NullReferenceException: 未将对象引用设置到对象的实例。
   在 BitAuto.DSC.OASysRightManager2016.Common.Common.Util.GetJsonDataByResult(Object obj, String message)
2016-12-27 14:18:58,624 [57] ERROR OASysRightManager2016.Common [(null)] - [GetJsonDataByResult]报错
System.NullReferenceException: 未将对象引用设置到对象的实例。
   在 BitAuto.DSC.OASysRightManager2016.Common.Common.Util.GetJsonDataByResult(Object obj, String message)
2016-12-27 14:18:58,837 [18] ERROR OASysRightManager2016.Common [(null)] - [GetJsonDataByResult]报错
System.NullReferenceException: 未将对象引用设置到对象的实例。
   在 BitAuto.DSC.OASysRightManager2016.Common.Common.Util.GetJsonDataByResult(Object obj, String message)
2016-12-27 14:19:19,642 [55] ERROR OASysRightManager2016.Common [(null)] - [GetJsonDataByResult]报错
System.NullReferenceException: 未将对象引用设置到对象的实例。
   在 BitAuto.DSC.OASysRightManager2016.Common.Common.Util.GetJsonDataByResult(Object obj, String message)
2016-12-27 14:19:19,821 [50] ERROR OASysRightManager2016.Common [(null)] - [GetJsonDataByResult]报错
System.NullReferenceException: 未将对象引用设置到对象的实例。
   在 BitAuto.DSC.OASysRightManager2016.Common.Common.Util.GetJsonDataByResult(Object obj, String message)
2016-12-27 14:19:19,974 [46] ERROR OASysRightManager2016.Common [(null)] - [GetJsonDataByResult]报错
System.NullReferenceException: 未将对象引用设置到对象的实例。
   在 BitAuto.DSC.OASysRightManager2016.Common.Common.Util.GetJsonDataByResult(Object obj, String message)
2016-12-27 14:19:22,572 [49] ERROR OASysRightManager2016.Common [(null)] - [GetJsonDataByResult]报错
System.NullReferenceException: 未将对象引用设置到对象的实例。
   在 BitAuto.DSC.OASysRightManager2016.Common.Common.Util.GetJsonDataByResult(Object obj, String message)
2016-12-27 14:19:22,782 [57] ERROR OASysRightManager2016.Common [(null)] - [GetJsonDataByResult]报错
System.NullReferenceException: 未将对象引用设置到对象的实例。
   在 BitAuto.DSC.OASysRightManager2016.Common.Common.Util.GetJsonDataByResult(Object obj, String message)
2016-12-27 14:19:23,260 [18] ERROR OASysRightManager2016.Common [(null)] - [GetJsonDataByResult]报错
System.NullReferenceException: 未将对象引用设置到对象的实例。
   在 BitAuto.DSC.OASysRightManager2016.Common.Common.Util.GetJsonDataByResult(Object obj, String message)
2016-12-27 14:19:31,018 [18] ERROR OASysRightManager2016.Common [(null)] - [GetJsonDataByResult]报错
System.NullReferenceException: 未将对象引用设置到对象的实例。
   在 BitAuto.DSC.OASysRightManager2016.Common.Common.Util.GetJsonDataByResult(Object obj, String message)
2016-12-27 14:19:31,269 [45] ERROR OASysRightManager2016.Common [(null)] - [GetJsonDataByResult]报错
System.NullReferenceException: 未将对象引用设置到对象的实例。
   在 BitAuto.DSC.OASysRightManager2016.Common.Common.Util.GetJsonDataByResult(Object obj, String message)
2016-12-27 14:19:31,365 [57] ERROR OASysRightManager2016.Common [(null)] - [GetJsonDataByResult]报错
System.NullReferenceException: 未将对象引用设置到对象的实例。
   在 BitAuto.DSC.OASysRightManager2016.Common.Common.Util.GetJsonDataByResult(Object obj, String message)
2016-12-27 14:19:31,397 [50] ERROR OASysRightManager2016.Common [(null)] - [GetJsonDataByResult]报错
System.NullReferenceException: 未将对象引用设置到对象的实例。
   在 BitAuto.DSC.OASysRightManager2016.Common.Common.Util.GetJsonDataByResult(Object obj, String message)
2016-12-27 14:19:34,152 [45] ERROR OASysRightManager2016.Common [(null)] - [GetJsonDataByResult]报错
System.NullReferenceException: 未将对象引用设置到对象的实例。
   在 BitAuto.DSC.OASysRightManager2016.Common.Common.Util.GetJsonDataByResult(Object obj, String message)
2016-12-27 14:19:34,434 [57] ERROR OASysRightManager2016.Common [(null)] - [GetJsonDataByResult]报错
System.NullReferenceException: 未将对象引用设置到对象的实例。
   在 BitAuto.DSC.OASysRightManager2016.Common.Common.Util.GetJsonDataByResult(Object obj, String message)
2016-12-27 14:19:34,487 [53] ERROR OASysRightManager2016.Common [(null)] - [GetJsonDataByResult]报错
System.NullReferenceException: 未将对象引用设置到对象的实例。
   在 BitAuto.DSC.OASysRightManager2016.Common.Common.Util.GetJsonDataByResult(Object obj, String message)
2016-12-27 14:19:34,507 [53] ERROR OASysRightManager2016.Common [(null)] - [GetJsonDataByResult]报错
System.NullReferenceException: 未将对象引用设置到对象的实例。
   在 BitAuto.DSC.OASysRightManager2016.Common.Common.Util.GetJsonDataByResult(Object obj, String message)
2016-12-27 14:20:33,210 [59] ERROR OASysRightManager2016.Common [(null)] - [GetJsonDataByResult]报错
System.NullReferenceException: 未将对象引用设置到对象的实例。
   在 BitAuto.DSC.OASysRightManager2016.Common.Common.Util.GetJsonDataByResult(Object obj, String message)
2016-12-27 14:20:33,343 [53] ERROR OASysRightManager2016.Common [(null)] - [GetJsonDataByResult]报错
System.NullReferenceException: 未将对象引用设置到对象的实例。
   在 BitAuto.DSC.OASysRightManager2016.Common.Common.Util.GetJsonDataByResult(Object obj, String message)
2016-12-27 14:20:33,397 [57] ERROR OASysRightManager2016.Common [(null)] - [GetJsonDataByResult]报错
System.NullReferenceException: 未将对象引用设置到对象的实例。
   在 BitAuto.DSC.OASysRightManager2016.Common.Common.Util.GetJsonDataByResult(Object obj, String message)
2016-12-27 14:20:33,417 [18] ERROR OASysRightManager2016.Common [(null)] - [GetJsonDataByResult]报错
System.NullReferenceException: 未将对象引用设置到对象的实例。
   在 BitAuto.DSC.OASysRightManager2016.Common.Common.Util.GetJsonDataByResult(Object obj, String message)
2016-12-27 14:20:40,051 [45] ERROR OASysRightManager2016.Common [(null)] - [GetJsonDataByResult]报错
System.NullReferenceException: 未将对象引用设置到对象的实例。
   在 BitAuto.DSC.OASysRightManager2016.Common.Common.Util.GetJsonDataByResult(Object obj, String message)
2016-12-27 14:20:40,157 [45] ERROR OASysRightManager2016.Common [(null)] - [GetJsonDataByResult]报错
System.NullReferenceException: 未将对象引用设置到对象的实例。
   在 BitAuto.DSC.OASysRightManager2016.Common.Common.Util.GetJsonDataByResult(Object obj, String message)
2016-12-27 14:20:40,210 [58] ERROR OASysRightManager2016.Common [(null)] - [GetJsonDataByResult]报错
System.NullReferenceException: 未将对象引用设置到对象的实例。
   在 BitAuto.DSC.OASysRightManager2016.Common.Common.Util.GetJsonDataByResult(Object obj, String message)
2016-12-27 14:20:40,217 [59] ERROR OASysRightManager2016.Common [(null)] - [GetJsonDataByResult]报错
System.NullReferenceException: 未将对象引用设置到对象的实例。
   在 BitAuto.DSC.OASysRightManager2016.Common.Common.Util.GetJsonDataByResult(Object obj, String message)
2016-12-27 14:21:21,781 [59] ERROR OASysRightManager2016.Common [(null)] - [GetJsonDataByResult]报错
System.NullReferenceException: 未将对象引用设置到对象的实例。
   在 BitAuto.DSC.OASysRightManager2016.Common.Common.Util.GetJsonDataByResult(Object obj, String message)
2016-12-27 14:21:21,977 [50] ERROR OASysRightManager2016.Common [(null)] - [GetJsonDataByResult]报错
System.NullReferenceException: 未将对象引用设置到对象的实例。
   在 BitAuto.DSC.OASysRightManager2016.Common.Common.Util.GetJsonDataByResult(Object obj, String message)
2016-12-27 14:21:22,077 [18] ERROR OASysRightManager2016.Common [(null)] - [GetJsonDataByResult]报错
System.NullReferenceException: 未将对象引用设置到对象的实例。
   在 BitAuto.DSC.OASysRightManager2016.Common.Common.Util.GetJsonDataByResult(Object obj, String message)
2016-12-27 14:21:30,656 [53] ERROR OASysRightManager2016.Common [(null)] - [GetJsonDataByResult]报错
System.NullReferenceException: 未将对象引用设置到对象的实例。
   在 BitAuto.DSC.OASysRightManager2016.Common.Common.Util.GetJsonDataByResult(Object obj, String message)
2016-12-27 14:21:30,994 [53] ERROR OASysRightManager2016.Common [(null)] - [GetJsonDataByResult]报错
System.NullReferenceException: 未将对象引用设置到对象的实例。
   在 BitAuto.DSC.OASysRightManager2016.Common.Common.Util.GetJsonDataByResult(Object obj, String message)
2016-12-27 14:21:31,218 [18] ERROR OASysRightManager2016.Common [(null)] - [GetJsonDataByResult]报错
System.NullReferenceException: 未将对象引用设置到对象的实例。
   在 BitAuto.DSC.OASysRightManager2016.Common.Common.Util.GetJsonDataByResult(Object obj, String message)
2016-12-27 14:22:31,680 [45] ERROR OASysRightManager2016.Common [(null)] - [GetJsonDataByResult]报错
System.NullReferenceException: 未将对象引用设置到对象的实例。
   在 BitAuto.DSC.OASysRightManager2016.Common.Common.Util.GetJsonDataByResult(Object obj, String message)
2016-12-27 14:22:31,931 [45] ERROR OASysRightManager2016.Common [(null)] - [GetJsonDataByResult]报错
System.NullReferenceException: 未将对象引用设置到对象的实例。
   在 BitAuto.DSC.OASysRightManager2016.Common.Common.Util.GetJsonDataByResult(Object obj, String message)
2016-12-27 14:22:32,085 [58] ERROR OASysRightManager2016.Common [(null)] - [GetJsonDataByResult]报错
System.NullReferenceException: 未将对象引用设置到对象的实例。
   在 BitAuto.DSC.OASysRightManager2016.Common.Common.Util.GetJsonDataByResult(Object obj, String message)
2016-12-27 14:34:58,619 [103] ERROR OASysRightManager2016.Common [(null)] - [GetJsonDataByResult]报错
System.NullReferenceException: 未将对象引用设置到对象的实例。
   在 BitAuto.DSC.OASysRightManager2016.Common.Common.Util.GetJsonDataByResult(Object obj, String message)
2016-12-27 14:34:58,620 [102] ERROR OASysRightManager2016.Common [(null)] - [GetJsonDataByResult]报错
System.NullReferenceException: 未将对象引用设置到对象的实例。
   在 BitAuto.DSC.OASysRightManager2016.Common.Common.Util.GetJsonDataByResult(Object obj, String message)
2016-12-27 14:34:59,931 [100] ERROR OASysRightManager2016.Common [(null)] - [GetJsonDataByResult]报错
System.NullReferenceException: 未将对象引用设置到对象的实例。
   在 BitAuto.DSC.OASysRightManager2016.Common.Common.Util.GetJsonDataByResult(Object obj, String message)
2016-12-27 14:34:59,972 [103] ERROR OASysRightManager2016.Common [(null)] - [GetJsonDataByResult]报错
System.NullReferenceException: 未将对象引用设置到对象的实例。
   在 BitAuto.DSC.OASysRightManager2016.Common.Common.Util.GetJsonDataByResult(Object obj, String message)
2016-12-27 14:35:26,108 [104] ERROR OASysRightManager2016.Common [(null)] - [GetJsonDataByResult]报错
System.NullReferenceException: 未将对象引用设置到对象的实例。
   在 BitAuto.DSC.OASysRightManager2016.Common.Common.Util.GetJsonDataByResult(Object obj, String message)
2016-12-27 14:35:26,108 [102] ERROR OASysRightManager2016.Common [(null)] - [GetJsonDataByResult]报错
System.NullReferenceException: 未将对象引用设置到对象的实例。
   在 BitAuto.DSC.OASysRightManager2016.Common.Common.Util.GetJsonDataByResult(Object obj, String message)
2016-12-27 16:24:52,159 [9] ERROR OASysRightManager2016.Common [(null)] - [GetJsonDataByResult]报错
System.NullReferenceException: 未将对象引用设置到对象的实例。
   在 BitAuto.DSC.OASysRightManager2016.Common.Common.Util.GetJsonDataByResult(Object obj, String message)
2016-12-27 16:25:20,724 [12] ERROR OASysRightManager2016.Common [(null)] - [GetJsonDataByResult]报错
System.NullReferenceException: 未将对象引用设置到对象的实例。
   在 BitAuto.DSC.OASysRightManager2016.Common.Common.Util.GetJsonDataByResult(Object obj, String message)
2016-12-27 16:25:20,849 [11] ERROR OASysRightManager2016.Common [(null)] - [GetJsonDataByResult]报错
System.NullReferenceException: 未将对象引用设置到对象的实例。
   在 BitAuto.DSC.OASysRightManager2016.Common.Common.Util.GetJsonDataByResult(Object obj, String message)
2016-12-27 16:25:34,743 [9] ERROR OASysRightManager2016.Common [(null)] - [GetJsonDataByResult]报错
System.NullReferenceException: 未将对象引用设置到对象的实例。
   在 BitAuto.DSC.OASysRightManager2016.Common.Common.Util.GetJsonDataByResult(Object obj, String message)
2016-12-27 16:25:35,305 [8] ERROR OASysRightManager2016.Common [(null)] - [GetJsonDataByResult]报错
System.NullReferenceException: 未将对象引用设置到对象的实例。
   在 BitAuto.DSC.OASysRightManager2016.Common.Common.Util.GetJsonDataByResult(Object obj, String message)
2016-12-27 16:25:36,025 [15] ERROR OASysRightManager2016.Common [(null)] - [GetJsonDataByResult]报错
System.NullReferenceException: 未将对象引用设置到对象的实例。
   在 BitAuto.DSC.OASysRightManager2016.Common.Common.Util.GetJsonDataByResult(Object obj, String message)
2016-12-27 16:25:43,942 [9] ERROR OASysRightManager2016.Common [(null)] - [GetJsonDataByResult]报错
System.NullReferenceException: 未将对象引用设置到对象的实例。
   在 BitAuto.DSC.OASysRightManager2016.Common.Common.Util.GetJsonDataByResult(Object obj, String message)
2016-12-27 16:25:46,143 [7] ERROR OASysRightManager2016.Common [(null)] - [GetJsonDataByResult]报错
System.NullReferenceException: 未将对象引用设置到对象的实例。
   在 BitAuto.DSC.OASysRightManager2016.Common.Common.Util.GetJsonDataByResult(Object obj, String message)
2016-12-27 16:25:49,881 [15] ERROR OASysRightManager2016.Common [(null)] - [GetJsonDataByResult]报错
System.NullReferenceException: 未将对象引用设置到对象的实例。
   在 BitAuto.DSC.OASysRightManager2016.Common.Common.Util.GetJsonDataByResult(Object obj, String message)
2016-12-27 16:26:21,549 [15] ERROR OASysRightManager2016.Common [(null)] - [GetJsonDataByResult]报错
System.NullReferenceException: 未将对象引用设置到对象的实例。
   在 BitAuto.DSC.OASysRightManager2016.Common.Common.Util.GetJsonDataByResult(Object obj, String message)
2016-12-27 17:28:13,660 [6] ERROR OASysRightManager2016.Common [(null)] - [GetJsonDataByResult]报错
System.NullReferenceException: 未将对象引用设置到对象的实例。
   在 BitAuto.DSC.OASysRightManager2016.Common.Common.Util.GetJsonDataByResult(Object obj, String message)
2016-12-27 17:28:17,915 [7] ERROR OASysRightManager2016.Common [(null)] - [GetJsonDataByResult]报错
System.NullReferenceException: 未将对象引用设置到对象的实例。
   在 BitAuto.DSC.OASysRightManager2016.Common.Common.Util.GetJsonDataByResult(Object obj, String message)
2016-12-27 17:28:18,233 [6] ERROR OASysRightManager2016.Common [(null)] - [GetJsonDataByResult]报错
System.NullReferenceException: 未将对象引用设置到对象的实例。
   在 BitAuto.DSC.OASysRightManager2016.Common.Common.Util.GetJsonDataByResult(Object obj, String message)
2016-12-27 17:28:55,556 [13] ERROR OASysRightManager2016.Common [(null)] - [GetJsonDataByResult]报错
System.NullReferenceException: 未将对象引用设置到对象的实例。
   在 BitAuto.DSC.OASysRightManager2016.Common.Common.Util.GetJsonDataByResult(Object obj, String message)
2016-12-27 17:28:55,563 [10] ERROR OASysRightManager2016.Common [(null)] - [GetJsonDataByResult]报错
System.NullReferenceException: 未将对象引用设置到对象的实例。
   在 BitAuto.DSC.OASysRightManager2016.Common.Common.Util.GetJsonDataByResult(Object obj, String message)
2016-12-27 17:29:03,045 [6] ERROR OASysRightManager2016.Common [(null)] - [GetJsonDataByResult]报错
System.NullReferenceException: 未将对象引用设置到对象的实例。
   在 BitAuto.DSC.OASysRightManager2016.Common.Common.Util.GetJsonDataByResult(Object obj, String message)
2016-12-27 17:29:04,331 [15] ERROR OASysRightManager2016.Common [(null)] - [GetJsonDataByResult]报错
System.NullReferenceException: 未将对象引用设置到对象的实例。
   在 BitAuto.DSC.OASysRightManager2016.Common.Common.Util.GetJsonDataByResult(Object obj, String message)
2016-12-27 17:29:04,534 [15] ERROR OASysRightManager2016.Common [(null)] - [GetJsonDataByResult]报错
System.NullReferenceException: 未将对象引用设置到对象的实例。
   在 BitAuto.DSC.OASysRightManager2016.Common.Common.Util.GetJsonDataByResult(Object obj, String message)
2016-12-27 17:29:04,580 [10] ERROR OASysRightManager2016.Common [(null)] - [GetJsonDataByResult]报错
System.NullReferenceException: 未将对象引用设置到对象的实例。
   在 BitAuto.DSC.OASysRightManager2016.Common.Common.Util.GetJsonDataByResult(Object obj, String message)
2016-12-27 17:29:08,517 [12] ERROR OASysRightManager2016.Common [(null)] - [GetJsonDataByResult]报错
System.NullReferenceException: 未将对象引用设置到对象的实例。
   在 BitAuto.DSC.OASysRightManager2016.Common.Common.Util.GetJsonDataByResult(Object obj, String message)
2016-12-27 17:29:08,571 [12] ERROR OASysRightManager2016.Common [(null)] - [GetJsonDataByResult]报错
System.NullReferenceException: 未将对象引用设置到对象的实例。
   在 BitAuto.DSC.OASysRightManager2016.Common.Common.Util.GetJsonDataByResult(Object obj, String message)
2016-12-27 17:29:09,330 [5] ERROR OASysRightManager2016.Common [(null)] - [GetJsonDataByResult]报错
System.NullReferenceException: 未将对象引用设置到对象的实例。
   在 BitAuto.DSC.OASysRightManager2016.Common.Common.Util.GetJsonDataByResult(Object obj, String message)
2016-12-27 17:29:09,333 [15] ERROR OASysRightManager2016.Common [(null)] - [GetJsonDataByResult]报错
System.NullReferenceException: 未将对象引用设置到对象的实例。
   在 BitAuto.DSC.OASysRightManager2016.Common.Common.Util.GetJsonDataByResult(Object obj, String message)
2016-12-27 17:29:09,731 [5] ERROR OASysRightManager2016.Common [(null)] - [GetJsonDataByResult]报错
System.NullReferenceException: 未将对象引用设置到对象的实例。
   在 BitAuto.DSC.OASysRightManager2016.Common.Common.Util.GetJsonDataByResult(Object obj, String message)
2016-12-27 17:29:09,731 [10] ERROR OASysRightManager2016.Common [(null)] - [GetJsonDataByResult]报错
System.NullReferenceException: 未将对象引用设置到对象的实例。
   在 BitAuto.DSC.OASysRightManager2016.Common.Common.Util.GetJsonDataByResult(Object obj, String message)
2016-12-27 17:29:13,551 [7] ERROR OASysRightManager2016.Common [(null)] - [GetJsonDataByResult]报错
System.NullReferenceException: 未将对象引用设置到对象的实例。
   在 BitAuto.DSC.OASysRightManager2016.Common.Common.Util.GetJsonDataByResult(Object obj, String message)
2016-12-27 17:29:13,555 [10] ERROR OASysRightManager2016.Common [(null)] - [GetJsonDataByResult]报错
System.NullReferenceException: 未将对象引用设置到对象的实例。
   在 BitAuto.DSC.OASysRightManager2016.Common.Common.Util.GetJsonDataByResult(Object obj, String message)
2016-12-27 17:29:13,598 [5] ERROR OASysRightManager2016.Common [(null)] - [GetJsonDataByResult]报错
System.NullReferenceException: 未将对象引用设置到对象的实例。
   在 BitAuto.DSC.OASysRightManager2016.Common.Common.Util.GetJsonDataByResult(Object obj, String message)
2016-12-27 17:29:13,607 [11] ERROR OASysRightManager2016.Common [(null)] - [GetJsonDataByResult]报错
System.NullReferenceException: 未将对象引用设置到对象的实例。
   在 BitAuto.DSC.OASysRightManager2016.Common.Common.Util.GetJsonDataByResult(Object obj, String message)
2016-12-27 17:29:26,365 [15] ERROR OASysRightManager2016.Common [(null)] - [GetJsonDataByResult]报错
System.NullReferenceException: 未将对象引用设置到对象的实例。
   在 BitAuto.DSC.OASysRightManager2016.Common.Common.Util.GetJsonDataByResult(Object obj, String message)
2016-12-27 17:29:26,369 [12] ERROR OASysRightManager2016.Common [(null)] - [GetJsonDataByResult]报错
System.NullReferenceException: 未将对象引用设置到对象的实例。
   在 BitAuto.DSC.OASysRightManager2016.Common.Common.Util.GetJsonDataByResult(Object obj, String message)
2016-12-27 17:29:27,272 [13] ERROR OASysRightManager2016.Common [(null)] - [GetJsonDataByResult]报错
System.NullReferenceException: 未将对象引用设置到对象的实例。
   在 BitAuto.DSC.OASysRightManager2016.Common.Common.Util.GetJsonDataByResult(Object obj, String message)
2016-12-27 17:29:27,283 [12] ERROR OASysRightManager2016.Common [(null)] - [GetJsonDataByResult]报错
System.NullReferenceException: 未将对象引用设置到对象的实例。
   在 BitAuto.DSC.OASysRightManager2016.Common.Common.Util.GetJsonDataByResult(Object obj, String message)
2016-12-27 17:29:27,794 [7] ERROR OASysRightManager2016.Common [(null)] - [GetJsonDataByResult]报错
System.NullReferenceException: 未将对象引用设置到对象的实例。
   在 BitAuto.DSC.OASysRightManager2016.Common.Common.Util.GetJsonDataByResult(Object obj, String message)
2016-12-27 17:29:27,798 [10] ERROR OASysRightManager2016.Common [(null)] - [GetJsonDataByResult]报错
System.NullReferenceException: 未将对象引用设置到对象的实例。
   在 BitAuto.DSC.OASysRightManager2016.Common.Common.Util.GetJsonDataByResult(Object obj, String message)
2016-12-27 17:29:28,574 [6] ERROR OASysRightManager2016.Common [(null)] - [GetJsonDataByResult]报错
System.NullReferenceException: 未将对象引用设置到对象的实例。
   在 BitAuto.DSC.OASysRightManager2016.Common.Common.Util.GetJsonDataByResult(Object obj, String message)
2016-12-27 17:29:28,575 [9] ERROR OASysRightManager2016.Common [(null)] - [GetJsonDataByResult]报错
System.NullReferenceException: 未将对象引用设置到对象的实例。
   在 BitAuto.DSC.OASysRightManager2016.Common.Common.Util.GetJsonDataByResult(Object obj, String message)
