2016-12-16 09:48:01	error	[IsLoginByAPP]   在 BitAuto.YanFa.OASysRightManager2011.Common.EmployeeInfo.IsLoginByAPP()索引超出了数组界限。
2016-12-16 09:48:01	error	[IsLoginByAPP]   在 BitAuto.YanFa.OASysRightManager2011.Common.EmployeeInfo.IsLoginByAPP()索引超出了数组界限。
2016-12-16 09:48:32	info	[IsOverdueByCookies方法]中，timeStamp=1481852795，CurrentDate=2016/12/16 9:48:32，CookiesContentDate=2016/12/16 9:46:35，ts.Minutes=1,loginOverdueTime=5
2016-12-16 09:48:33	info	[IsOverdueByCookies方法]中，timeStamp=1481852795，CurrentDate=2016/12/16 9:48:33，CookiesContentDate=2016/12/16 9:48:33，ts.Minutes=0,loginOverdueTime=5
2016-12-16 09:51:02	info	[IsOverdueByCookies方法]中，timeStamp=1481852795，CurrentDate=2016/12/16 9:51:02，CookiesContentDate=2016/12/16 9:48:33，ts.Minutes=2,loginOverdueTime=5
2016-12-16 09:51:03	info	[IsOverdueByCookies方法]中，timeStamp=1481852795，CurrentDate=2016/12/16 9:51:03，CookiesContentDate=2016/12/16 9:48:33，ts.Minutes=2,loginOverdueTime=5
2016-12-16 09:51:57	info	[IsOverdueByCookies方法]中，timeStamp=1481852795，CurrentDate=2016/12/16 9:51:57，CookiesContentDate=2016/12/16 9:48:33，ts.Minutes=3,loginOverdueTime=5
2016-12-16 09:51:57	info	[IsOverdueByCookies方法]中，timeStamp=1481852795，CurrentDate=2016/12/16 9:51:57，CookiesContentDate=2016/12/16 9:48:33，ts.Minutes=3,loginOverdueTime=5
2016-12-16 09:53:07	info	[IsOverdueByCookies方法]中，timeStamp=1481853072，CurrentDate=2016/12/16 9:53:07，CookiesContentDate=2016/12/16 9:51:12，ts.Minutes=1,loginOverdueTime=5
2016-12-16 09:53:07	info	[IsOverdueByCookies方法]中，timeStamp=1481853072，CurrentDate=2016/12/16 9:53:07，CookiesContentDate=2016/12/16 9:51:12，ts.Minutes=1,loginOverdueTime=5
2016-12-16 09:53:38	info	[IsOverdueByCookies方法]中，timeStamp=1481853072，CurrentDate=2016/12/16 9:53:38，CookiesContentDate=2016/12/16 9:51:12，ts.Minutes=2,loginOverdueTime=5
2016-12-16 09:53:39	info	[IsOverdueByCookies方法]中，timeStamp=1481853072，CurrentDate=2016/12/16 9:53:39，CookiesContentDate=2016/12/16 9:51:12，ts.Minutes=2,loginOverdueTime=5
2016-12-16 09:53:52	info	[IsOverdueByCookies方法]中，timeStamp=1481853072，CurrentDate=2016/12/16 9:53:52，CookiesContentDate=2016/12/16 9:51:12，ts.Minutes=2,loginOverdueTime=5
2016-12-16 09:53:52	info	[IsOverdueByCookies方法]中，timeStamp=1481853072，CurrentDate=2016/12/16 9:53:52，CookiesContentDate=2016/12/16 9:51:12，ts.Minutes=2,loginOverdueTime=5
2016-12-16 09:57:24	error	[IsLoginByAPP]   在 BitAuto.YanFa.OASysRightManager2011.Common.EmployeeInfo.IsLoginByAPP()索引超出了数组界限。
2016-12-16 09:57:24	error	[IsLoginByAPP]   在 BitAuto.YanFa.OASysRightManager2011.Common.EmployeeInfo.IsLoginByAPP()索引超出了数组界限。
2016-12-16 10:03:35	error	[IsLoginByAPP]   在 BitAuto.YanFa.OASysRightManager2011.Common.EmployeeInfo.IsLoginByAPP()索引超出了数组界限。
2016-12-16 10:03:35	error	[IsLoginByAPP]   在 BitAuto.YanFa.OASysRightManager2011.Common.EmployeeInfo.IsLoginByAPP()索引超出了数组界限。
2016-12-16 10:03:50	info	[IsOverdueByCookies方法]中，timeStamp=1481853714，CurrentDate=2016/12/16 10:03:50，CookiesContentDate=2016/12/16 10:01:53，ts.Minutes=1,loginOverdueTime=5
2016-12-16 10:03:50	info	[IsOverdueByCookies方法]中，timeStamp=1481853714，CurrentDate=2016/12/16 10:03:50，CookiesContentDate=2016/12/16 10:01:53，ts.Minutes=1,loginOverdueTime=5
2016-12-16 10:04:01	info	[IsOverdueByCookies方法]中，timeStamp=1481853714，CurrentDate=2016/12/16 10:04:01，CookiesContentDate=2016/12/16 10:01:53，ts.Minutes=2,loginOverdueTime=5
2016-12-16 10:04:01	info	[IsOverdueByCookies方法]中，timeStamp=1481853714，CurrentDate=2016/12/16 10:04:01，CookiesContentDate=2016/12/16 10:01:53，ts.Minutes=2,loginOverdueTime=5
2016-12-16 10:04:47	info	[IsOverdueByCookies方法]中，timeStamp=1481853714，CurrentDate=2016/12/16 10:04:47，CookiesContentDate=2016/12/16 10:01:53，ts.Minutes=2,loginOverdueTime=5
2016-12-16 10:04:48	info	[IsOverdueByCookies方法]中，timeStamp=1481853714，CurrentDate=2016/12/16 10:04:48，CookiesContentDate=2016/12/16 10:01:53，ts.Minutes=2,loginOverdueTime=5
2016-12-16 10:04:55	info	[IsOverdueByCookies方法]中，timeStamp=1481853714，CurrentDate=2016/12/16 10:04:55，CookiesContentDate=2016/12/16 10:01:53，ts.Minutes=3,loginOverdueTime=5
2016-12-16 10:04:56	info	[IsOverdueByCookies方法]中，timeStamp=1481853714，CurrentDate=2016/12/16 10:04:56，CookiesContentDate=2016/12/16 10:01:53，ts.Minutes=3,loginOverdueTime=5
2016-12-16 10:05:03	info	[IsOverdueByCookies方法]中，timeStamp=1481853714，CurrentDate=2016/12/16 10:05:03，CookiesContentDate=2016/12/16 10:01:53，ts.Minutes=3,loginOverdueTime=5
2016-12-16 10:05:03	info	[IsOverdueByCookies方法]中，timeStamp=1481853714，CurrentDate=2016/12/16 10:05:03，CookiesContentDate=2016/12/16 10:01:53，ts.Minutes=3,loginOverdueTime=5
2016-12-16 10:06:49	info	[IsOverdueByCookies方法]中，timeStamp=1481853714，CurrentDate=2016/12/16 10:06:49，CookiesContentDate=2016/12/16 10:01:53，ts.Minutes=4,loginOverdueTime=5
2016-12-16 10:06:50	info	[IsOverdueByCookies方法]中，timeStamp=1481853714，CurrentDate=2016/12/16 10:06:50，CookiesContentDate=2016/12/16 10:01:53，ts.Minutes=4,loginOverdueTime=5
2016-12-16 10:07:21	info	[IsOverdueByCookies方法]中，timeStamp=1481853714，CurrentDate=2016/12/16 10:07:21，CookiesContentDate=2016/12/16 10:01:53，ts.Minutes=5,loginOverdueTime=5
2016-12-16 10:07:21	info	[IsOverdueByCookies方法]中，timeStamp=1481853714，CurrentDate=2016/12/16 10:07:21，CookiesContentDate=2016/12/16 10:01:53，ts.Minutes=5,loginOverdueTime=5
2016-12-16 10:07:31	info	[IsLoginByAPP],解析Cookies内容——strCookiesEncrypt=EF2980B5C56C0DF957438F4127D9B01057C7636C277FB099AAFBC80D6B96745380CAA60CA48C4C46DBE07A4C1D29F4B414E589A3EFF2A1D83857E9BC5E7EDD19EE83710E217DB73E6C7185FA720C07D5ADCB96503F5BDDE9
2016-12-16 10:07:31	info	[IsLoginByAPP],解析Cookies内容——loginEmployeeNumber=0370
2016-12-16 10:07:31	info	[IsOverdueByCookies方法]中，timeStamp=1481853714，CurrentDate=2016/12/16 10:07:31，CookiesContentDate=2016/12/16 10:01:53，ts.Minutes=5,loginOverdueTime=5
2016-12-16 10:07:31	info	[IsLoginByAPP],IsOverdueByCookies(0370)=False
2016-12-16 10:07:31	error	[IsLoginByAPP]   在 System.Security.Cryptography.CryptographicException.ThrowCryptographicException(Int32 hr)
   在 System.Security.Cryptography.Utils._DecryptData(SafeKeyHandle hKey, Byte[] data, Int32 ib, Int32 cb, Byte[]& outputBuffer, Int32 outputOffset, PaddingMode PaddingMode, Boolean fDone)
   在 System.Security.Cryptography.CryptoAPITransform.TransformFinalBlock(Byte[] inputBuffer, Int32 inputOffset, Int32 inputCount)
   在 System.Security.Cryptography.CryptoStream.FlushFinalBlock()
   在 BitAuto.YanFa.OASysRightManager2011.Common.Tools.DESEncrypt.Decrypt(String Text, String sKey)
   在 BitAuto.YanFa.OASysRightManager2011.Common.EmployeeInfo.IsLoginByAPP()不正确的数据。

2016-12-16 10:07:32	info	[IsLoginByAPP],解析Cookies内容——strCookiesEncrypt=EF2980B5C56C0DF957438F4127D9B01057C7636C277FB099AAFBC80D6B96745380CAA60CA48C4C46DBE07A4C1D29F4B414E589A3EFF2A1D83857E9BC5E7EDD19EE83710E217DB73E6C7185FA720C07D5ADCB96503F5BDDE9
2016-12-16 10:07:32	info	[IsLoginByAPP],解析Cookies内容——loginEmployeeNumber=0370
2016-12-16 10:07:32	info	[IsOverdueByCookies方法]中，timeStamp=1481853714，CurrentDate=2016/12/16 10:07:32，CookiesContentDate=2016/12/16 10:01:53，ts.Minutes=5,loginOverdueTime=5
2016-12-16 10:07:32	info	[IsLoginByAPP],IsOverdueByCookies(0370)=False
2016-12-16 10:07:32	error	[IsLoginByAPP]   在 System.Security.Cryptography.CryptographicException.ThrowCryptographicException(Int32 hr)
   在 System.Security.Cryptography.Utils._DecryptData(SafeKeyHandle hKey, Byte[] data, Int32 ib, Int32 cb, Byte[]& outputBuffer, Int32 outputOffset, PaddingMode PaddingMode, Boolean fDone)
   在 System.Security.Cryptography.CryptoAPITransform.TransformFinalBlock(Byte[] inputBuffer, Int32 inputOffset, Int32 inputCount)
   在 System.Security.Cryptography.CryptoStream.FlushFinalBlock()
   在 BitAuto.YanFa.OASysRightManager2011.Common.Tools.DESEncrypt.Decrypt(String Text, String sKey)
   在 BitAuto.YanFa.OASysRightManager2011.Common.EmployeeInfo.IsLoginByAPP()不正确的数据。

2016-12-16 10:07:39	info	[IsOverdueByCookies方法]中，timeStamp=1481853944，CurrentDate=2016/12/16 10:07:39，CookiesContentDate=2016/12/16 10:05:44，ts.Minutes=1,loginOverdueTime=5
2016-12-16 10:07:39	info	[IsOverdueByCookies方法]中，timeStamp=1481853944，CurrentDate=2016/12/16 10:07:39，CookiesContentDate=2016/12/16 10:05:44，ts.Minutes=1,loginOverdueTime=5
2016-12-16 10:07:42	info	[IsOverdueByCookies方法]中，timeStamp=1481853944，CurrentDate=2016/12/16 10:07:42，CookiesContentDate=2016/12/16 10:05:44，ts.Minutes=1,loginOverdueTime=5
2016-12-16 10:07:43	info	[IsOverdueByCookies方法]中，timeStamp=1481853944，CurrentDate=2016/12/16 10:07:43，CookiesContentDate=2016/12/16 10:05:44，ts.Minutes=1,loginOverdueTime=5
2016-12-16 10:07:48	info	[IsOverdueByCookies方法]中，timeStamp=1481853944，CurrentDate=2016/12/16 10:07:48，CookiesContentDate=2016/12/16 10:05:44，ts.Minutes=2,loginOverdueTime=5
2016-12-16 10:07:48	info	[IsOverdueByCookies方法]中，timeStamp=1481853944，CurrentDate=2016/12/16 10:07:48，CookiesContentDate=2016/12/16 10:05:44，ts.Minutes=2,loginOverdueTime=5
2016-12-16 10:07:51	info	[IsOverdueByCookies方法]中，timeStamp=1481853944，CurrentDate=2016/12/16 10:07:51，CookiesContentDate=2016/12/16 10:05:44，ts.Minutes=2,loginOverdueTime=5
2016-12-16 10:07:52	info	[IsOverdueByCookies方法]中，timeStamp=1481853944，CurrentDate=2016/12/16 10:07:52，CookiesContentDate=2016/12/16 10:07:51，ts.Minutes=0,loginOverdueTime=5
2016-12-16 10:07:52	info	[IsOverdueByCookies方法]中，timeStamp=1481853944，CurrentDate=2016/12/16 10:07:52，CookiesContentDate=2016/12/16 10:07:52，ts.Minutes=0,loginOverdueTime=5
2016-12-16 10:07:54	info	[IsOverdueByCookies方法]中，timeStamp=1481853944，CurrentDate=2016/12/16 10:07:54，CookiesContentDate=2016/12/16 10:07:52，ts.Minutes=0,loginOverdueTime=5
2016-12-16 10:07:54	info	[IsOverdueByCookies方法]中，timeStamp=1481853944，CurrentDate=2016/12/16 10:07:54，CookiesContentDate=2016/12/16 10:07:54，ts.Minutes=0,loginOverdueTime=5
2016-12-16 10:16:57	info	[IsLoginByAPP],解析Cookies内容——strCookiesEncrypt=0060F88015AA295E2C7CBF5D02B999A41CF7555868E58BDA440EAA5526816978AD0DF2A377AECFCF3C4D5A00E6A3227510596F719D513F3EE25C8B3114EC67860F040D68C64297AF7F9A33750D8A3CAD0F2F5EA7D5E8446A
2016-12-16 10:16:57	info	[IsLoginByAPP],解析Cookies内容——strCookiesEncrypt=0060F88015AA295E2C7CBF5D02B999A41CF7555868E58BDA440EAA5526816978AD0DF2A377AECFCF3C4D5A00E6A3227510596F719D513F3EE25C8B3114EC67860F040D68C64297AF7F9A33750D8A3CAD0F2F5EA7D5E8446A
2016-12-16 10:16:57	info	[IsLoginByAPP],解析Cookies内容——loginEmployeeNumber=0370
2016-12-16 10:16:57	info	[IsLoginByAPP],解析Cookies内容——loginEmployeeNumber=0370
2016-12-16 10:16:57	info	[IsOverdueByCookies方法]中，timeStamp=1481853944，CurrentDate=2016/12/16 10:16:57，CookiesContentDate=2016/12/16 10:07:54，ts.Minutes=9,loginOverdueTime=5
2016-12-16 10:16:57	info	[IsOverdueByCookies方法]中，timeStamp=1481853944，CurrentDate=2016/12/16 10:16:57，CookiesContentDate=2016/12/16 10:07:54，ts.Minutes=9,loginOverdueTime=5
2016-12-16 10:16:57	info	[IsLoginByAPP],IsOverdueByCookies(0370)=False
2016-12-16 10:16:57	info	[IsLoginByAPP],IsOverdueByCookies(0370)=False
2016-12-16 10:16:57	error	[IsLoginByAPP]   在 System.Security.Cryptography.CryptographicException.ThrowCryptographicException(Int32 hr)
   在 System.Security.Cryptography.Utils._DecryptData(SafeKeyHandle hKey, Byte[] data, Int32 ib, Int32 cb, Byte[]& outputBuffer, Int32 outputOffset, PaddingMode PaddingMode, Boolean fDone)
   在 System.Security.Cryptography.CryptoAPITransform.TransformFinalBlock(Byte[] inputBuffer, Int32 inputOffset, Int32 inputCount)
   在 System.Security.Cryptography.CryptoStream.FlushFinalBlock()
   在 BitAuto.YanFa.OASysRightManager2011.Common.Tools.DESEncrypt.Decrypt(String Text, String sKey)
   在 BitAuto.YanFa.OASysRightManager2011.Common.EmployeeInfo.IsLoginByAPP()不正确的数据。

2016-12-16 10:16:57	error	[IsLoginByAPP]   在 System.Security.Cryptography.CryptographicException.ThrowCryptographicException(Int32 hr)
   在 System.Security.Cryptography.Utils._DecryptData(SafeKeyHandle hKey, Byte[] data, Int32 ib, Int32 cb, Byte[]& outputBuffer, Int32 outputOffset, PaddingMode PaddingMode, Boolean fDone)
   在 System.Security.Cryptography.CryptoAPITransform.TransformFinalBlock(Byte[] inputBuffer, Int32 inputOffset, Int32 inputCount)
   在 System.Security.Cryptography.CryptoStream.FlushFinalBlock()
   在 BitAuto.YanFa.OASysRightManager2011.Common.Tools.DESEncrypt.Decrypt(String Text, String sKey)
   在 BitAuto.YanFa.OASysRightManager2011.Common.EmployeeInfo.IsLoginByAPP()不正确的数据。

2016-12-16 10:17:19	info	[IsOverdueByCookies方法]中，timeStamp=1481854522，CurrentDate=2016/12/16 10:17:19，CookiesContentDate=2016/12/16 10:15:22，ts.Minutes=1,loginOverdueTime=5
2016-12-16 10:17:19	info	[IsOverdueByCookies方法]中，timeStamp=1481854522，CurrentDate=2016/12/16 10:17:19，CookiesContentDate=2016/12/16 10:15:22，ts.Minutes=1,loginOverdueTime=5
2016-12-16 10:59:39	error	[IsLoginByAPP]   在 BitAuto.YanFa.OASysRightManager2011.Common.EmployeeInfo.IsLoginByAPP()索引超出了数组界限。
2016-12-16 10:59:39	error	[IsLoginByAPP]   在 BitAuto.YanFa.OASysRightManager2011.Common.EmployeeInfo.IsLoginByAPP()索引超出了数组界限。
2016-12-16 11:00:30	info	[IsLoginByAPP],解析Cookies内容——strCookiesEncrypt=588DE2872CCADF2BC666054B65522ACC96CF598858A69BCBCE30E29E1CC916A2346869E8E541503497E937A850CD147D67205BD4588AC1363F8E09C366A35A7A74808CBE54B44018EE759123EAAADA80A7936418AFFEC1D3
2016-12-16 11:00:30	info	[IsLoginByAPP],解析Cookies内容——loginEmployeeNumber=0370
2016-12-16 11:00:30	info	[IsLoginByAPP],解析Cookies内容——strCookiesEncrypt=588DE2872CCADF2BC666054B65522ACC96CF598858A69BCBCE30E29E1CC916A2346869E8E541503497E937A850CD147D67205BD4588AC1363F8E09C366A35A7A74808CBE54B44018EE759123EAAADA80A7936418AFFEC1D3
2016-12-16 11:00:30	info	[IsLoginByAPP],解析Cookies内容——loginEmployeeNumber=0370
2016-12-16 11:00:30	info	[IsOverdueByCookies方法]中，timeStamp=1481857093，CurrentDate=2016/12/16 11:00:30，CookiesContentDate=2016/12/16 10:58:12，ts.Minutes=2,loginOverdueTime=5
2016-12-16 11:00:30	info	[IsLoginByAPP],IsOverdueByCookies(0370)=False
2016-12-16 11:00:30	info	[IsOverdueByCookies方法]中，timeStamp=1481857093，CurrentDate=2016/12/16 11:00:30，CookiesContentDate=2016/12/16 10:58:12，ts.Minutes=2,loginOverdueTime=5
2016-12-16 11:00:30	info	[IsLoginByAPP],IsOverdueByCookies(0370)=False
2016-12-16 11:00:30	info	[IsLoginByAPP],strEncryptKey=1481857093999297
2016-12-16 11:00:30	info	[IsLoginByAPP],cookieValue=3130CD5172300DBD|91D2064693A24F6E|8330BB259B5539DC|8DA0A3FF4B049981|0A483B04B3ECDBFE
2016-12-16 11:00:30	info	[IsLoginByAPP],strEncryptKey=1481857093999297
2016-12-16 11:00:30	info	[IsLoginByAPP],cookieValue=3130CD5172300DBD|91D2064693A24F6E|8330BB259B5539DC|8DA0A3FF4B049981|0A483B04B3ECDBFE
2016-12-16 11:02:31	info	[IsOverdueByCookies方法]中，timeStamp=1481857236，CurrentDate=2016/12/16 11:02:31，CookiesContentDate=2016/12/16 11:00:35，ts.Minutes=1,loginOverdueTime=5
2016-12-16 11:02:31	info	[IsOverdueByCookies方法]中，timeStamp=1481857236，CurrentDate=2016/12/16 11:02:31，CookiesContentDate=2016/12/16 11:02:31，ts.Minutes=0,loginOverdueTime=5
2016-12-16 11:03:58	error	[IsLoginByAPP]   在 BitAuto.YanFa.OASysRightManager2011.Common.EmployeeInfo.IsLoginByAPP()索引超出了数组界限。
2016-12-16 11:03:59	error	[IsLoginByAPP]   在 BitAuto.YanFa.OASysRightManager2011.Common.EmployeeInfo.IsLoginByAPP()索引超出了数组界限。
2016-12-16 11:04:04	info	[IsOverdueByCookies方法]中，timeStamp=1481857331，CurrentDate=2016/12/16 11:04:04，CookiesContentDate=2016/12/16 11:02:10，ts.Minutes=1,loginOverdueTime=5
2016-12-16 11:04:05	info	[IsOverdueByCookies方法]中，timeStamp=1481857331，CurrentDate=2016/12/16 11:04:05，CookiesContentDate=2016/12/16 11:04:04，ts.Minutes=0,loginOverdueTime=5
2016-12-16 11:04:18	info	[IsOverdueByCookies方法]中，timeStamp=1481857331，CurrentDate=2016/12/16 11:04:18，CookiesContentDate=2016/12/16 11:04:05，ts.Minutes=0,loginOverdueTime=5
2016-12-16 11:04:18	info	[IsOverdueByCookies方法]中，timeStamp=1481857331，CurrentDate=2016/12/16 11:04:18，CookiesContentDate=2016/12/16 11:04:18，ts.Minutes=0,loginOverdueTime=5
2016-12-16 11:05:16	info	[IsOverdueByCookies方法]中，timeStamp=1481857331，CurrentDate=2016/12/16 11:05:16，CookiesContentDate=2016/12/16 11:04:18，ts.Minutes=0,loginOverdueTime=5
2016-12-16 11:05:16	info	[IsOverdueByCookies方法]中，timeStamp=1481857331，CurrentDate=2016/12/16 11:05:16，CookiesContentDate=2016/12/16 11:05:16，ts.Minutes=0,loginOverdueTime=5
2016-12-16 11:05:16	info	[IsOverdueByCookies方法]中，timeStamp=1481857331，CurrentDate=2016/12/16 11:05:16，CookiesContentDate=2016/12/16 11:05:16，ts.Minutes=0,loginOverdueTime=5
2016-12-16 11:06:17	info	[IsOverdueByCookies方法]中，timeStamp=1481857331，CurrentDate=2016/12/16 11:06:17，CookiesContentDate=2016/12/16 11:05:16，ts.Minutes=1,loginOverdueTime=5
2016-12-16 11:06:17	info	[IsOverdueByCookies方法]中，timeStamp=1481857331，CurrentDate=2016/12/16 11:06:17，CookiesContentDate=2016/12/16 11:06:17，ts.Minutes=0,loginOverdueTime=5
2016-12-16 11:06:17	info	[IsOverdueByCookies方法]中，timeStamp=1481857331，CurrentDate=2016/12/16 11:06:17，CookiesContentDate=2016/12/16 11:06:17，ts.Minutes=0,loginOverdueTime=5
2016-12-16 11:06:19	info	[IsOverdueByCookies方法]中，timeStamp=1481857331，CurrentDate=2016/12/16 11:06:19，CookiesContentDate=2016/12/16 11:06:17，ts.Minutes=0,loginOverdueTime=5
2016-12-16 11:06:21	info	[IsOverdueByCookies方法]中，timeStamp=1481857331，CurrentDate=2016/12/16 11:06:21，CookiesContentDate=2016/12/16 11:06:19，ts.Minutes=0,loginOverdueTime=5
2016-12-16 11:10:46	info	[IsLoginByAPP],解析Cookies内容——strCookiesEncrypt=CD953D11ABDAB4D06F50B4BAB2D2471B533D90D37C0A616E5C5E2ABD0C6B819E9512F3840FA0439EE4F88554F73ECA380C73780225943B5D2A0323DA2B14529E52195CD5DF0CAB1AF484ECC45203D2BC5F7FF39B29C46D99
2016-12-16 11:10:46	info	[IsLoginByAPP],解析Cookies内容——loginEmployeeNumber=0370
2016-12-16 11:10:46	info	[IsOverdueByCookies方法]中，timeStamp=1481857331，CurrentDate=2016/12/16 11:10:46，CookiesContentDate=2016/12/16 11:06:21，ts.Minutes=4,loginOverdueTime=5
2016-12-16 11:10:46	info	[IsLoginByAPP],IsOverdueByCookies(0370)=False
2016-12-16 11:10:46	info	[IsLoginByAPP],strEncryptKey=1481857331825788
2016-12-16 11:10:46	info	[IsLoginByAPP],cookieValue=D0B3C4B41FE42622|0F2A15E1C379A789|E461F5510F850F9C|AD55BC26D1976DDF|2ED0ADE0477EB41F
2016-12-16 11:10:47	info	[IsOverdueByCookies方法]中，timeStamp=1481857331，CurrentDate=2016/12/16 11:10:47，CookiesContentDate=2016/12/16 11:10:46，ts.Minutes=0,loginOverdueTime=5
2016-12-16 11:10:48	info	[IsOverdueByCookies方法]中，timeStamp=1481857331，CurrentDate=2016/12/16 11:10:48，CookiesContentDate=2016/12/16 11:10:47，ts.Minutes=0,loginOverdueTime=5
2016-12-16 11:10:55	info	[IsOverdueByCookies方法]中，timeStamp=1481857331，CurrentDate=2016/12/16 11:10:55，CookiesContentDate=2016/12/16 11:10:48，ts.Minutes=0,loginOverdueTime=5
2016-12-16 11:10:57	info	[IsOverdueByCookies方法]中，timeStamp=1481857331，CurrentDate=2016/12/16 11:10:57，CookiesContentDate=2016/12/16 11:10:56，ts.Minutes=0,loginOverdueTime=5
2016-12-16 11:10:57	info	[IsOverdueByCookies方法]中，timeStamp=1481857331，CurrentDate=2016/12/16 11:10:57，CookiesContentDate=2016/12/16 11:10:57，ts.Minutes=0,loginOverdueTime=5
2016-12-16 11:10:58	info	[IsOverdueByCookies方法]中，timeStamp=1481857331，CurrentDate=2016/12/16 11:10:58，CookiesContentDate=2016/12/16 11:10:57，ts.Minutes=0,loginOverdueTime=5
2016-12-16 11:11:05	info	[IsOverdueByCookies方法]中，timeStamp=1481857331，CurrentDate=2016/12/16 11:11:05，CookiesContentDate=2016/12/16 11:10:59，ts.Minutes=0,loginOverdueTime=5
2016-12-16 11:11:05	info	[IsOverdueByCookies方法]中，timeStamp=1481857331，CurrentDate=2016/12/16 11:11:05，CookiesContentDate=2016/12/16 11:11:05，ts.Minutes=0,loginOverdueTime=5
2016-12-16 11:11:05	info	[IsOverdueByCookies方法]中，timeStamp=1481857331，CurrentDate=2016/12/16 11:11:05，CookiesContentDate=2016/12/16 11:11:05，ts.Minutes=0,loginOverdueTime=5
2016-12-16 11:11:05	info	[IsOverdueByCookies方法]中，timeStamp=1481857331，CurrentDate=2016/12/16 11:11:05，CookiesContentDate=2016/12/16 11:11:05，ts.Minutes=0,loginOverdueTime=5
2016-12-16 11:11:42	info	[IsOverdueByCookies方法]中，timeStamp=1481857331，CurrentDate=2016/12/16 11:11:42，CookiesContentDate=2016/12/16 11:11:05，ts.Minutes=0,loginOverdueTime=5
2016-12-16 11:11:43	info	[IsOverdueByCookies方法]中，timeStamp=1481857331，CurrentDate=2016/12/16 11:11:43，CookiesContentDate=2016/12/16 11:11:42，ts.Minutes=0,loginOverdueTime=5
2016-12-16 11:11:43	info	[IsOverdueByCookies方法]中，timeStamp=1481857331，CurrentDate=2016/12/16 11:11:43，CookiesContentDate=2016/12/16 11:11:43，ts.Minutes=0,loginOverdueTime=5
2016-12-16 11:11:43	info	[IsOverdueByCookies方法]中，timeStamp=1481857331，CurrentDate=2016/12/16 11:11:43，CookiesContentDate=2016/12/16 11:11:43，ts.Minutes=0,loginOverdueTime=5
2016-12-16 11:11:47	info	[IsOverdueByCookies方法]中，timeStamp=1481857331，CurrentDate=2016/12/16 11:11:47，CookiesContentDate=2016/12/16 11:11:43，ts.Minutes=0,loginOverdueTime=5
2016-12-16 11:11:47	info	[IsOverdueByCookies方法]中，timeStamp=1481857331，CurrentDate=2016/12/16 11:11:47，CookiesContentDate=2016/12/16 11:11:47，ts.Minutes=0,loginOverdueTime=5
2016-12-16 11:11:48	info	[IsOverdueByCookies方法]中，timeStamp=1481857331，CurrentDate=2016/12/16 11:11:48，CookiesContentDate=2016/12/16 11:11:47，ts.Minutes=0,loginOverdueTime=5
2016-12-16 11:11:48	info	[IsOverdueByCookies方法]中，timeStamp=1481857331，CurrentDate=2016/12/16 11:11:48，CookiesContentDate=2016/12/16 11:11:48，ts.Minutes=0,loginOverdueTime=5
2016-12-16 11:11:52	info	[IsOverdueByCookies方法]中，timeStamp=1481857331，CurrentDate=2016/12/16 11:11:52，CookiesContentDate=2016/12/16 11:11:48，ts.Minutes=0,loginOverdueTime=5
2016-12-16 11:11:52	info	[IsOverdueByCookies方法]中，timeStamp=1481857331，CurrentDate=2016/12/16 11:11:52，CookiesContentDate=2016/12/16 11:11:52，ts.Minutes=0,loginOverdueTime=5
2016-12-16 11:11:52	info	[IsOverdueByCookies方法]中，timeStamp=1481857331，CurrentDate=2016/12/16 11:11:52，CookiesContentDate=2016/12/16 11:11:52，ts.Minutes=0,loginOverdueTime=5
2016-12-16 11:11:52	info	[IsOverdueByCookies方法]中，timeStamp=1481857331，CurrentDate=2016/12/16 11:11:52，CookiesContentDate=2016/12/16 11:11:52，ts.Minutes=0,loginOverdueTime=5
2016-12-16 11:13:06	info	[IsLoginByAPP],解析Cookies内容——strCookiesEncrypt=CD953D11ABDAB4D06F50B4BAB2D2471B533D90D37C0A616E5C5E2ABD0C6B819E9512F3840FA0439EE4F88554F73ECA380C73780225943B5D2A0323DA2B14529E52195CD5DF0CAB1AF484ECC45203D2BC5F7FF39B29C46D99
2016-12-16 11:13:06	info	[IsLoginByAPP],解析Cookies内容——loginEmployeeNumber=0370
2016-12-16 11:13:06	info	[IsOverdueByCookies方法]中，timeStamp=1481857331，CurrentDate=2016/12/16 11:13:06，CookiesContentDate=2016/12/16 11:11:52，ts.Minutes=1,loginOverdueTime=5
2016-12-16 11:13:06	info	[IsLoginByAPP],IsOverdueByCookies(0370)=False
2016-12-16 11:13:06	info	[IsLoginByAPP],strEncryptKey=1481857331825788
2016-12-16 11:13:06	info	[IsLoginByAPP],cookieValue=D0B3C4B41FE42622|0F2A15E1C379A789|E461F5510F850F9C|AD55BC26D1976DDF|2ED0ADE0477EB41F
2016-12-16 11:13:08	info	[IsOverdueByCookies方法]中，timeStamp=1481857331，CurrentDate=2016/12/16 11:13:08，CookiesContentDate=2016/12/16 11:13:07，ts.Minutes=0,loginOverdueTime=5
2016-12-16 11:13:08	info	[IsOverdueByCookies方法]中，timeStamp=1481857331，CurrentDate=2016/12/16 11:13:08，CookiesContentDate=2016/12/16 11:13:08，ts.Minutes=0,loginOverdueTime=5
2016-12-16 11:13:08	info	[IsOverdueByCookies方法]中，timeStamp=1481857331，CurrentDate=2016/12/16 11:13:08，CookiesContentDate=2016/12/16 11:13:08，ts.Minutes=0,loginOverdueTime=5
2016-12-16 11:13:10	info	[IsOverdueByCookies方法]中，timeStamp=1481857331，CurrentDate=2016/12/16 11:13:10，CookiesContentDate=2016/12/16 11:13:08，ts.Minutes=0,loginOverdueTime=5
2016-12-16 11:13:10	info	[IsOverdueByCookies方法]中，timeStamp=1481857331，CurrentDate=2016/12/16 11:13:10，CookiesContentDate=2016/12/16 11:13:10，ts.Minutes=0,loginOverdueTime=5
2016-12-16 11:13:11	info	[IsOverdueByCookies方法]中，timeStamp=1481857331，CurrentDate=2016/12/16 11:13:11，CookiesContentDate=2016/12/16 11:13:10，ts.Minutes=0,loginOverdueTime=5
2016-12-16 11:13:11	info	[IsOverdueByCookies方法]中，timeStamp=1481857331，CurrentDate=2016/12/16 11:13:11，CookiesContentDate=2016/12/16 11:13:11，ts.Minutes=0,loginOverdueTime=5
2016-12-16 11:13:14	info	[IsOverdueByCookies方法]中，timeStamp=1481857331，CurrentDate=2016/12/16 11:13:14，CookiesContentDate=2016/12/16 11:13:11，ts.Minutes=0,loginOverdueTime=5
2016-12-16 11:13:14	info	[IsOverdueByCookies方法]中，timeStamp=1481857331，CurrentDate=2016/12/16 11:13:14，CookiesContentDate=2016/12/16 11:13:14，ts.Minutes=0,loginOverdueTime=5
2016-12-16 11:13:15	info	[IsOverdueByCookies方法]中，timeStamp=1481857331，CurrentDate=2016/12/16 11:13:15，CookiesContentDate=2016/12/16 11:13:14，ts.Minutes=0,loginOverdueTime=5
2016-12-16 11:13:15	info	[IsOverdueByCookies方法]中，timeStamp=1481857331，CurrentDate=2016/12/16 11:13:15，CookiesContentDate=2016/12/16 11:13:15，ts.Minutes=0,loginOverdueTime=5
2016-12-16 11:13:21	info	[IsOverdueByCookies方法]中，timeStamp=1481857331，CurrentDate=2016/12/16 11:13:21，CookiesContentDate=2016/12/16 11:13:15，ts.Minutes=0,loginOverdueTime=5
2016-12-16 11:13:21	info	[IsOverdueByCookies方法]中，timeStamp=1481857331，CurrentDate=2016/12/16 11:13:21，CookiesContentDate=2016/12/16 11:13:21，ts.Minutes=0,loginOverdueTime=5
2016-12-16 11:13:21	info	[IsOverdueByCookies方法]中，timeStamp=1481857331，CurrentDate=2016/12/16 11:13:21，CookiesContentDate=2016/12/16 11:13:21，ts.Minutes=0,loginOverdueTime=5
2016-12-16 11:13:28	info	[IsOverdueByCookies方法]中，timeStamp=1481857331，CurrentDate=2016/12/16 11:13:28，CookiesContentDate=2016/12/16 11:13:21，ts.Minutes=0,loginOverdueTime=5
2016-12-16 11:13:28	info	[IsOverdueByCookies方法]中，timeStamp=1481857331，CurrentDate=2016/12/16 11:13:28，CookiesContentDate=2016/12/16 11:13:28，ts.Minutes=0,loginOverdueTime=5
2016-12-16 11:13:29	info	[IsOverdueByCookies方法]中，timeStamp=1481857331，CurrentDate=2016/12/16 11:13:29，CookiesContentDate=2016/12/16 11:13:28，ts.Minutes=0,loginOverdueTime=5
2016-12-16 11:14:31	info	[IsLoginByAPP],解析Cookies内容——strCookiesEncrypt=CD953D11ABDAB4D06F50B4BAB2D2471B533D90D37C0A616E5C5E2ABD0C6B819E9512F3840FA0439EE4F88554F73ECA380C73780225943B5D2A0323DA2B14529E52195CD5DF0CAB1AF484ECC45203D2BC5F7FF39B29C46D99
2016-12-16 11:14:31	info	[IsLoginByAPP],解析Cookies内容——loginEmployeeNumber=0370
2016-12-16 11:14:31	info	[IsOverdueByCookies方法]中，timeStamp=1481857331，CurrentDate=2016/12/16 11:14:31，CookiesContentDate=2016/12/16 11:13:29，ts.Minutes=1,loginOverdueTime=5
2016-12-16 11:14:31	info	[IsLoginByAPP],IsOverdueByCookies(0370)=False
2016-12-16 11:14:31	info	[IsLoginByAPP],strEncryptKey=1481857331825788
2016-12-16 11:14:31	info	[IsLoginByAPP],cookieValue=D0B3C4B41FE42622|0F2A15E1C379A789|E461F5510F850F9C|AD55BC26D1976DDF|2ED0ADE0477EB41F
2016-12-16 11:14:32	info	[IsOverdueByCookies方法]中，timeStamp=1481857331，CurrentDate=2016/12/16 11:14:32，CookiesContentDate=2016/12/16 11:14:31，ts.Minutes=0,loginOverdueTime=5
2016-12-16 11:14:32	info	[IsOverdueByCookies方法]中，timeStamp=1481857331，CurrentDate=2016/12/16 11:14:32，CookiesContentDate=2016/12/16 11:14:32，ts.Minutes=0,loginOverdueTime=5
2016-12-16 11:14:36	info	[IsOverdueByCookies方法]中，timeStamp=1481857331，CurrentDate=2016/12/16 11:14:36，CookiesContentDate=2016/12/16 11:14:33，ts.Minutes=0,loginOverdueTime=5
2016-12-16 11:14:36	info	[IsOverdueByCookies方法]中，timeStamp=1481857331，CurrentDate=2016/12/16 11:14:36，CookiesContentDate=2016/12/16 11:14:36，ts.Minutes=0,loginOverdueTime=5
2016-12-16 11:14:37	info	[IsOverdueByCookies方法]中，timeStamp=1481857331，CurrentDate=2016/12/16 11:14:37，CookiesContentDate=2016/12/16 11:14:36，ts.Minutes=0,loginOverdueTime=5
2016-12-16 11:15:17	info	[IsOverdueByCookies方法]中，timeStamp=1481857331，CurrentDate=2016/12/16 11:15:17，CookiesContentDate=2016/12/16 11:14:37，ts.Minutes=0,loginOverdueTime=5
2016-12-16 11:15:17	info	[IsOverdueByCookies方法]中，timeStamp=1481857331，CurrentDate=2016/12/16 11:15:17，CookiesContentDate=2016/12/16 11:15:17，ts.Minutes=0,loginOverdueTime=5
2016-12-16 11:23:03	info	[IsOverdueByCookies方法]中，timeStamp=1481857331，CurrentDate=2016/12/16 11:23:03，CookiesContentDate=2016/12/16 11:15:17，ts.Minutes=7,loginOverdueTime=5
2016-12-16 11:23:16	info	[IsOverdueByCookies方法]中，timeStamp=1481858478，CurrentDate=2016/12/16 11:23:16，CookiesContentDate=2016/12/16 11:21:18，ts.Minutes=1,loginOverdueTime=5
2016-12-16 11:23:16	info	[IsOverdueByCookies方法]中，timeStamp=1481858478，CurrentDate=2016/12/16 11:23:16，CookiesContentDate=2016/12/16 11:23:16，ts.Minutes=0,loginOverdueTime=5
2016-12-16 11:23:19	info	[IsOverdueByCookies方法]中，timeStamp=1481858478，CurrentDate=2016/12/16 11:23:19，CookiesContentDate=2016/12/16 11:23:16，ts.Minutes=0,loginOverdueTime=5
2016-12-16 11:23:19	info	[IsOverdueByCookies方法]中，timeStamp=1481858478，CurrentDate=2016/12/16 11:23:19，CookiesContentDate=2016/12/16 11:23:19，ts.Minutes=0,loginOverdueTime=5
2016-12-16 11:23:34	info	[IsOverdueByCookies方法]中，timeStamp=1481858478，CurrentDate=2016/12/16 11:23:34，CookiesContentDate=2016/12/16 11:23:19，ts.Minutes=0,loginOverdueTime=5
2016-12-16 11:23:34	info	[IsOverdueByCookies方法]中，timeStamp=1481858478，CurrentDate=2016/12/16 11:23:34，CookiesContentDate=2016/12/16 11:23:34，ts.Minutes=0,loginOverdueTime=5
2016-12-16 11:24:38	info	[IsOverdueByCookies方法]中，timeStamp=1481858478，CurrentDate=2016/12/16 11:24:38，CookiesContentDate=2016/12/16 11:23:34，ts.Minutes=1,loginOverdueTime=5
2016-12-16 11:24:38	info	[IsOverdueByCookies方法]中，timeStamp=1481858478，CurrentDate=2016/12/16 11:24:38，CookiesContentDate=2016/12/16 11:24:38，ts.Minutes=0,loginOverdueTime=5
2016-12-16 11:24:41	info	[IsOverdueByCookies方法]中，timeStamp=1481858478，CurrentDate=2016/12/16 11:24:41，CookiesContentDate=2016/12/16 11:24:38，ts.Minutes=0,loginOverdueTime=5
2016-12-16 11:24:45	info	[IsOverdueByCookies方法]中，timeStamp=1481858478，CurrentDate=2016/12/16 11:24:45，CookiesContentDate=2016/12/16 11:24:41，ts.Minutes=0,loginOverdueTime=5
2016-12-16 11:24:46	info	[IsOverdueByCookies方法]中，timeStamp=1481858478，CurrentDate=2016/12/16 11:24:46，CookiesContentDate=2016/12/16 11:24:45，ts.Minutes=0,loginOverdueTime=5
2016-12-16 11:24:46	info	[IsOverdueByCookies方法]中，timeStamp=1481858478，CurrentDate=2016/12/16 11:24:46，CookiesContentDate=2016/12/16 11:24:46，ts.Minutes=0,loginOverdueTime=5
2016-12-16 11:25:01	info	[IsOverdueByCookies方法]中，timeStamp=1481858478，CurrentDate=2016/12/16 11:25:01，CookiesContentDate=2016/12/16 11:24:46，ts.Minutes=0,loginOverdueTime=5
2016-12-16 11:25:01	info	[IsOverdueByCookies方法]中，timeStamp=1481858478，CurrentDate=2016/12/16 11:25:01，CookiesContentDate=2016/12/16 11:25:01，ts.Minutes=0,loginOverdueTime=5
2016-12-16 11:25:01	info	[IsOverdueByCookies方法]中，timeStamp=1481858478，CurrentDate=2016/12/16 11:25:01，CookiesContentDate=2016/12/16 11:25:01，ts.Minutes=0,loginOverdueTime=5
2016-12-16 11:46:22	info	[IsLoginByAPP],解析Cookies内容——strCookiesEncrypt=337D98D48E7B6E5D4FECCDF2B08E70E2764CCA6C7B601359289242E7D9FA5429593C6F0FEC584CA401DDDA22B55C2275AB2B3272ABAE7CB411EB83330D97EFC166CD81FD70F9E949B4FEA0248AF7817B14AC148D3A5D29F8
2016-12-16 11:46:22	info	[IsLoginByAPP],解析Cookies内容——loginEmployeeNumber=0370
2016-12-16 11:46:23	info	[IsOverdueByCookies方法]中，timeStamp=1481858478，CurrentDate=2016/12/16 11:46:23，CookiesContentDate=2016/12/16 11:25:01，ts.Minutes=21,loginOverdueTime=5
2016-12-16 11:46:23	info	[IsLoginByAPP],IsOverdueByCookies(0370)=False
2016-12-16 11:46:23	info	[IsLoginByAPP],strEncryptKey=1481858478141825
2016-12-16 11:46:23	info	[IsLoginByAPP],cookieValue=F2FE4E80CEDA376E|0C6D86B99785D5E6|10F3A97D23BCEA80|B2628C3BB166EBD4|1DB2A3F2D949D116
2016-12-16 11:46:32	info	[IsOverdueByCookies方法]中，timeStamp=1481859878，CurrentDate=2016/12/16 11:46:32，CookiesContentDate=2016/12/16 11:44:38，ts.Minutes=1,loginOverdueTime=5
2016-12-16 11:46:33	info	[IsOverdueByCookies方法]中，timeStamp=1481859878，CurrentDate=2016/12/16 11:46:33，CookiesContentDate=2016/12/16 11:46:32，ts.Minutes=0,loginOverdueTime=5
2016-12-16 11:46:35	info	[IsOverdueByCookies方法]中，timeStamp=1481859878，CurrentDate=2016/12/16 11:46:35，CookiesContentDate=2016/12/16 11:46:33，ts.Minutes=0,loginOverdueTime=5
2016-12-16 11:46:36	info	[IsOverdueByCookies方法]中，timeStamp=1481859878，CurrentDate=2016/12/16 11:46:36，CookiesContentDate=2016/12/16 11:46:35，ts.Minutes=0,loginOverdueTime=5
2016-12-16 11:47:25	info	[IsOverdueByCookies方法]中，timeStamp=1481859878，CurrentDate=2016/12/16 11:47:25，CookiesContentDate=2016/12/16 11:46:36，ts.Minutes=0,loginOverdueTime=5
2016-12-16 11:47:25	info	[IsOverdueByCookies方法]中，timeStamp=1481859878，CurrentDate=2016/12/16 11:47:25，CookiesContentDate=2016/12/16 11:47:25，ts.Minutes=0,loginOverdueTime=5
2016-12-16 11:49:12	info	[IsOverdueByCookies方法]中，timeStamp=1481860037，CurrentDate=2016/12/16 11:49:12，CookiesContentDate=2016/12/16 11:47:16，ts.Minutes=1,loginOverdueTime=5
2016-12-16 11:49:12	info	[IsOverdueByCookies方法]中，timeStamp=1481860037，CurrentDate=2016/12/16 11:49:12，CookiesContentDate=2016/12/16 11:49:12，ts.Minutes=0,loginOverdueTime=5
2016-12-16 11:50:12	info	[IsOverdueByCookies方法]中，timeStamp=1481860037，CurrentDate=2016/12/16 11:50:12，CookiesContentDate=2016/12/16 11:49:12，ts.Minutes=1,loginOverdueTime=5
2016-12-16 11:50:13	info	[IsOverdueByCookies方法]中，timeStamp=1481860037，CurrentDate=2016/12/16 11:50:13，CookiesContentDate=2016/12/16 11:50:12，ts.Minutes=0,loginOverdueTime=5
2016-12-16 11:50:13	info	[IsOverdueByCookies方法]中，timeStamp=1481860037，CurrentDate=2016/12/16 11:50:13，CookiesContentDate=2016/12/16 11:50:13，ts.Minutes=0,loginOverdueTime=5
2016-12-16 11:50:50	info	[IsOverdueByCookies方法]中，timeStamp=1481860037，CurrentDate=2016/12/16 11:50:50，CookiesContentDate=2016/12/16 11:50:13，ts.Minutes=0,loginOverdueTime=5
2016-12-16 11:50:50	info	[IsOverdueByCookies方法]中，timeStamp=1481860037，CurrentDate=2016/12/16 11:50:50，CookiesContentDate=2016/12/16 11:50:50，ts.Minutes=0,loginOverdueTime=5
2016-12-16 11:51:07	info	[IsOverdueByCookies方法]中，timeStamp=1481860037，CurrentDate=2016/12/16 11:51:07，CookiesContentDate=2016/12/16 11:50:50，ts.Minutes=0,loginOverdueTime=5
2016-12-16 11:51:08	info	[IsOverdueByCookies方法]中，timeStamp=1481860037，CurrentDate=2016/12/16 11:51:08，CookiesContentDate=2016/12/16 11:51:07，ts.Minutes=0,loginOverdueTime=5
2016-12-16 11:51:08	info	[IsOverdueByCookies方法]中，timeStamp=1481860037，CurrentDate=2016/12/16 11:51:08，CookiesContentDate=2016/12/16 11:51:08，ts.Minutes=0,loginOverdueTime=5
2016-12-16 11:51:20	info	[IsOverdueByCookies方法]中，timeStamp=1481860037，CurrentDate=2016/12/16 11:51:20，CookiesContentDate=2016/12/16 11:51:08，ts.Minutes=0,loginOverdueTime=5
2016-12-16 11:51:21	info	[IsOverdueByCookies方法]中，timeStamp=1481860037，CurrentDate=2016/12/16 11:51:21，CookiesContentDate=2016/12/16 11:51:21，ts.Minutes=0,loginOverdueTime=5
2016-12-16 11:51:22	info	[IsOverdueByCookies方法]中，timeStamp=1481860037，CurrentDate=2016/12/16 11:51:22，CookiesContentDate=2016/12/16 11:51:21，ts.Minutes=0,loginOverdueTime=5
2016-12-16 11:51:22	info	[IsOverdueByCookies方法]中，timeStamp=1481860037，CurrentDate=2016/12/16 11:51:22，CookiesContentDate=2016/12/16 11:51:22，ts.Minutes=0,loginOverdueTime=5
2016-12-16 11:51:32	info	[IsOverdueByCookies方法]中，timeStamp=1481860037，CurrentDate=2016/12/16 11:51:32，CookiesContentDate=2016/12/16 11:51:22，ts.Minutes=0,loginOverdueTime=5
2016-12-16 11:51:32	info	[IsOverdueByCookies方法]中，timeStamp=1481860037，CurrentDate=2016/12/16 11:51:32，CookiesContentDate=2016/12/16 11:51:32，ts.Minutes=0,loginOverdueTime=5
2016-12-16 11:51:33	info	[IsOverdueByCookies方法]中，timeStamp=1481860037，CurrentDate=2016/12/16 11:51:33，CookiesContentDate=2016/12/16 11:51:32，ts.Minutes=0,loginOverdueTime=5
2016-12-16 11:51:33	info	[IsOverdueByCookies方法]中，timeStamp=1481860037，CurrentDate=2016/12/16 11:51:33，CookiesContentDate=2016/12/16 11:51:33，ts.Minutes=0,loginOverdueTime=5
2016-12-16 11:52:04	info	[IsOverdueByCookies方法]中，timeStamp=1481860037，CurrentDate=2016/12/16 11:52:04，CookiesContentDate=2016/12/16 11:51:33，ts.Minutes=0,loginOverdueTime=5
2016-12-16 11:52:05	info	[IsOverdueByCookies方法]中，timeStamp=1481860037，CurrentDate=2016/12/16 11:52:05，CookiesContentDate=2016/12/16 11:52:04，ts.Minutes=0,loginOverdueTime=5
2016-12-16 11:52:06	info	[IsOverdueByCookies方法]中，timeStamp=1481860037，CurrentDate=2016/12/16 11:52:06，CookiesContentDate=2016/12/16 11:52:05，ts.Minutes=0,loginOverdueTime=5
2016-12-16 11:52:08	info	[IsOverdueByCookies方法]中，timeStamp=1481860037，CurrentDate=2016/12/16 11:52:08，CookiesContentDate=2016/12/16 11:52:06，ts.Minutes=0,loginOverdueTime=5
2016-12-16 11:52:15	info	[IsOverdueByCookies方法]中，timeStamp=1481860037，CurrentDate=2016/12/16 11:52:15，CookiesContentDate=2016/12/16 11:52:08，ts.Minutes=0,loginOverdueTime=5
2016-12-16 11:52:15	info	[IsOverdueByCookies方法]中，timeStamp=1481860037，CurrentDate=2016/12/16 11:52:15，CookiesContentDate=2016/12/16 11:52:15，ts.Minutes=0,loginOverdueTime=5
2016-12-16 11:52:21	info	[IsOverdueByCookies方法]中，timeStamp=1481860037，CurrentDate=2016/12/16 11:52:21，CookiesContentDate=2016/12/16 11:52:15，ts.Minutes=0,loginOverdueTime=5
2016-12-16 11:52:22	info	[IsOverdueByCookies方法]中，timeStamp=1481860037，CurrentDate=2016/12/16 11:52:22，CookiesContentDate=2016/12/16 11:52:21，ts.Minutes=0,loginOverdueTime=5
2016-12-16 11:52:30	info	[IsOverdueByCookies方法]中，timeStamp=1481860037，CurrentDate=2016/12/16 11:52:30，CookiesContentDate=2016/12/16 11:52:22，ts.Minutes=0,loginOverdueTime=5
2016-12-16 11:52:31	info	[IsOverdueByCookies方法]中，timeStamp=1481860037，CurrentDate=2016/12/16 11:52:31，CookiesContentDate=2016/12/16 11:52:31，ts.Minutes=0,loginOverdueTime=5
2016-12-16 11:52:41	info	[IsOverdueByCookies方法]中，timeStamp=1481860037，CurrentDate=2016/12/16 11:52:41，CookiesContentDate=2016/12/16 11:52:31，ts.Minutes=0,loginOverdueTime=5
2016-12-16 11:52:41	info	[IsOverdueByCookies方法]中，timeStamp=1481860037，CurrentDate=2016/12/16 11:52:41，CookiesContentDate=2016/12/16 11:52:41，ts.Minutes=0,loginOverdueTime=5
2016-12-16 11:52:43	info	[IsOverdueByCookies方法]中，timeStamp=1481860037，CurrentDate=2016/12/16 11:52:43，CookiesContentDate=2016/12/16 11:52:41，ts.Minutes=0,loginOverdueTime=5
2016-12-16 11:52:43	info	[IsOverdueByCookies方法]中，timeStamp=1481860037，CurrentDate=2016/12/16 11:52:43，CookiesContentDate=2016/12/16 11:52:43，ts.Minutes=0,loginOverdueTime=5
2016-12-16 11:52:48	info	[IsOverdueByCookies方法]中，timeStamp=1481860037，CurrentDate=2016/12/16 11:52:48，CookiesContentDate=2016/12/16 11:52:43，ts.Minutes=0,loginOverdueTime=5
2016-12-16 11:52:49	info	[IsOverdueByCookies方法]中，timeStamp=1481860037，CurrentDate=2016/12/16 11:52:49，CookiesContentDate=2016/12/16 11:52:48，ts.Minutes=0,loginOverdueTime=5
2016-12-16 11:52:49	info	[IsOverdueByCookies方法]中，timeStamp=1481860037，CurrentDate=2016/12/16 11:52:49，CookiesContentDate=2016/12/16 11:52:49，ts.Minutes=0,loginOverdueTime=5
2016-12-16 11:52:50	info	[IsOverdueByCookies方法]中，timeStamp=1481860037，CurrentDate=2016/12/16 11:52:50，CookiesContentDate=2016/12/16 11:52:50，ts.Minutes=0,loginOverdueTime=5
2016-12-16 11:53:33	info	[IsOverdueByCookies方法]中，timeStamp=1481860037，CurrentDate=2016/12/16 11:53:33，CookiesContentDate=2016/12/16 11:52:51，ts.Minutes=0,loginOverdueTime=5
2016-12-16 11:53:34	info	[IsOverdueByCookies方法]中，timeStamp=1481860037，CurrentDate=2016/12/16 11:53:34，CookiesContentDate=2016/12/16 11:53:33，ts.Minutes=0,loginOverdueTime=5
2016-12-16 11:53:42	info	[IsOverdueByCookies方法]中，timeStamp=1481860037，CurrentDate=2016/12/16 11:53:42，CookiesContentDate=2016/12/16 11:53:34，ts.Minutes=0,loginOverdueTime=5
2016-12-16 11:53:42	info	[IsOverdueByCookies方法]中，timeStamp=1481860037，CurrentDate=2016/12/16 11:53:42，CookiesContentDate=2016/12/16 11:53:42，ts.Minutes=0,loginOverdueTime=5
2016-12-16 11:53:43	info	[IsOverdueByCookies方法]中，timeStamp=1481860037，CurrentDate=2016/12/16 11:53:43，CookiesContentDate=2016/12/16 11:53:42，ts.Minutes=0,loginOverdueTime=5
2016-12-16 13:02:01	info	[IsOverdueByCookies方法]中，timeStamp=1481864400，CurrentDate=2016/12/16 13:02:01，CookiesContentDate=2016/12/16 13:00:00，ts.Minutes=2,loginOverdueTime=10
2016-12-16 13:02:03	info	[IsOverdueByCookies方法]中，timeStamp=1481864400，CurrentDate=2016/12/16 13:02:03，CookiesContentDate=2016/12/16 13:02:01，ts.Minutes=0,loginOverdueTime=10
2016-12-16 13:09:42	info	[IsLoginByAPP],解析Cookies内容——strCookiesEncrypt=A80C8EF58500B6BA3A4570503338AF2C1D3DFE0638725E56C687170611717C1C39C8D9E5F9867B689BDA312D52B9486CDB2BF8F831CFC6F46183DA1CADECD57D3333D120FB41CFAF44ED4E77914A809AC203ED260D3FD632
2016-12-16 13:09:42	info	[IsLoginByAPP],解析Cookies内容——loginEmployeeNumber=0370
2016-12-16 13:09:42	info	[IsLoginByAPP],解析Cookies内容——strCookiesEncrypt=A80C8EF58500B6BA3A4570503338AF2C1D3DFE0638725E56C687170611717C1C39C8D9E5F9867B689BDA312D52B9486CDB2BF8F831CFC6F46183DA1CADECD57D3333D120FB41CFAF44ED4E77914A809AC203ED260D3FD632
2016-12-16 13:09:42	info	[IsLoginByAPP],解析Cookies内容——loginEmployeeNumber=0370
2016-12-16 13:09:42	info	[IsOverdueByCookies方法]中，timeStamp=1481864400，CurrentDate=2016/12/16 13:09:42，CookiesContentDate=2016/12/16 13:02:03，ts.Minutes=7,loginOverdueTime=10
2016-12-16 13:09:42	info	[IsLoginByAPP],IsOverdueByCookies(0370)=False
2016-12-16 13:09:42	info	[IsOverdueByCookies方法]中，timeStamp=1481864400，CurrentDate=2016/12/16 13:09:42，CookiesContentDate=2016/12/16 13:02:03，ts.Minutes=7,loginOverdueTime=10
2016-12-16 13:09:42	info	[IsLoginByAPP],IsOverdueByCookies(0370)=False
2016-12-16 13:09:42	info	[IsLoginByAPP],strEncryptKey=1481864400350945
2016-12-16 13:09:42	info	[IsLoginByAPP],cookieValue=F59CEF65124876A9|5BEA7CCC10B9D699|48B40A35D4285363|B7F166CBB1F34B2F|96BB0F7B23A04AD3
2016-12-16 13:09:42	info	[IsLoginByAPP],strEncryptKey=1481864400350945
2016-12-16 13:09:42	info	[IsLoginByAPP],cookieValue=F59CEF65124876A9|5BEA7CCC10B9D699|48B40A35D4285363|B7F166CBB1F34B2F|96BB0F7B23A04AD3
2016-12-16 13:09:49	info	[IsOverdueByCookies方法]中，timeStamp=1481864400，CurrentDate=2016/12/16 13:09:49，CookiesContentDate=2016/12/16 13:09:43，ts.Minutes=0,loginOverdueTime=10
2016-12-16 13:09:49	info	[IsOverdueByCookies方法]中，timeStamp=1481864400，CurrentDate=2016/12/16 13:09:49，CookiesContentDate=2016/12/16 13:09:49，ts.Minutes=0,loginOverdueTime=10
2016-12-16 13:09:49	info	[IsOverdueByCookies方法]中，timeStamp=1481864400，CurrentDate=2016/12/16 13:09:49，CookiesContentDate=2016/12/16 13:09:49，ts.Minutes=0,loginOverdueTime=10
2016-12-16 13:09:50	info	[IsOverdueByCookies方法]中，timeStamp=1481864400，CurrentDate=2016/12/16 13:09:50，CookiesContentDate=2016/12/16 13:09:49，ts.Minutes=0,loginOverdueTime=10
2016-12-16 13:09:51	info	[IsOverdueByCookies方法]中，timeStamp=1481864400，CurrentDate=2016/12/16 13:09:51，CookiesContentDate=2016/12/16 13:09:50，ts.Minutes=0,loginOverdueTime=10
2016-12-16 13:09:52	info	[IsOverdueByCookies方法]中，timeStamp=1481864400，CurrentDate=2016/12/16 13:09:52，CookiesContentDate=2016/12/16 13:09:51，ts.Minutes=0,loginOverdueTime=10
2016-12-16 13:10:05	info	[IsOverdueByCookies方法]中，timeStamp=1481864400，CurrentDate=2016/12/16 13:10:05，CookiesContentDate=2016/12/16 13:09:52，ts.Minutes=0,loginOverdueTime=10
2016-12-16 13:10:06	info	[IsOverdueByCookies方法]中，timeStamp=1481864400，CurrentDate=2016/12/16 13:10:06，CookiesContentDate=2016/12/16 13:10:05，ts.Minutes=0,loginOverdueTime=10
2016-12-16 13:14:28	info	[IsOverdueByCookies方法]中，timeStamp=1481864400，CurrentDate=2016/12/16 13:14:28，CookiesContentDate=2016/12/16 13:10:06，ts.Minutes=4,loginOverdueTime=10
2016-12-16 13:14:28	info	[IsOverdueByCookies方法]中，timeStamp=1481864400，CurrentDate=2016/12/16 13:14:28，CookiesContentDate=2016/12/16 13:14:28，ts.Minutes=0,loginOverdueTime=10
2016-12-16 13:15:42	info	[IsOverdueByCookies方法]中，timeStamp=1481864400，CurrentDate=2016/12/16 13:15:42，CookiesContentDate=2016/12/16 13:14:28，ts.Minutes=1,loginOverdueTime=10
2016-12-16 13:15:43	info	[IsOverdueByCookies方法]中，timeStamp=1481864400，CurrentDate=2016/12/16 13:15:43，CookiesContentDate=2016/12/16 13:15:42，ts.Minutes=0,loginOverdueTime=10
2016-12-16 13:16:07	info	[IsOverdueByCookies方法]中，timeStamp=1481864400，CurrentDate=2016/12/16 13:16:07，CookiesContentDate=2016/12/16 13:15:43，ts.Minutes=0,loginOverdueTime=10
2016-12-16 13:16:07	info	[IsOverdueByCookies方法]中，timeStamp=1481864400，CurrentDate=2016/12/16 13:16:07，CookiesContentDate=2016/12/16 13:16:07，ts.Minutes=0,loginOverdueTime=10
2016-12-16 13:21:43	info	[IsOverdueByCookies方法]中，timeStamp=1481864400，CurrentDate=2016/12/16 13:21:43，CookiesContentDate=2016/12/16 13:16:07，ts.Minutes=5,loginOverdueTime=10
2016-12-16 13:21:44	info	[IsOverdueByCookies方法]中，timeStamp=1481864400，CurrentDate=2016/12/16 13:21:44，CookiesContentDate=2016/12/16 13:21:43，ts.Minutes=0,loginOverdueTime=10
2016-12-16 13:22:48	info	[IsOverdueByCookies方法]中，timeStamp=1481864400，CurrentDate=2016/12/16 13:22:48，CookiesContentDate=2016/12/16 13:21:44，ts.Minutes=1,loginOverdueTime=10
2016-12-16 13:22:48	info	[IsOverdueByCookies方法]中，timeStamp=1481864400，CurrentDate=2016/12/16 13:22:48，CookiesContentDate=2016/12/16 13:22:48，ts.Minutes=0,loginOverdueTime=10
2016-12-16 13:23:05	info	[IsOverdueByCookies方法]中，timeStamp=1481864400，CurrentDate=2016/12/16 13:23:05，CookiesContentDate=2016/12/16 13:22:48，ts.Minutes=0,loginOverdueTime=10
2016-12-16 13:23:06	info	[IsOverdueByCookies方法]中，timeStamp=1481864400，CurrentDate=2016/12/16 13:23:06，CookiesContentDate=2016/12/16 13:23:05，ts.Minutes=0,loginOverdueTime=10
2016-12-16 14:29:33	info	[IsLoginByAPP],解析Cookies内容——strCookiesEncrypt=A80C8EF58500B6BA3A4570503338AF2C1D3DFE0638725E56C687170611717C1C39C8D9E5F9867B689BDA312D52B9486CDB2BF8F831CFC6F46183DA1CADECD57D3333D120FB41CFAF44ED4E77914A809AC203ED260D3FD632
2016-12-16 14:29:33	info	[IsLoginByAPP],解析Cookies内容——loginEmployeeNumber=0370
2016-12-16 14:29:33	info	[IsOverdueByCookies方法]中，timeStamp=1481864400，CurrentDate=2016/12/16 14:29:33，CookiesContentDate=2016/12/16 13:23:06，ts.Minutes=6,loginOverdueTime=10
2016-12-16 14:29:34	info	[IsLoginByAPP],IsOverdueByCookies(0370)=False
2016-12-16 14:29:34	info	[IsLoginByAPP],strEncryptKey=1481864400350945
2016-12-16 14:29:34	info	[IsLoginByAPP],cookieValue=F59CEF65124876A9|5BEA7CCC10B9D699|48B40A35D4285363|B7F166CBB1F34B2F|96BB0F7B23A04AD3
2016-12-16 14:29:35	info	[IsOverdueByCookies方法]中，timeStamp=1481864400，CurrentDate=2016/12/16 14:29:35，CookiesContentDate=2016/12/16 14:29:34，ts.Minutes=0,loginOverdueTime=10
2016-12-16 14:29:36	info	[IsOverdueByCookies方法]中，timeStamp=1481864400，CurrentDate=2016/12/16 14:29:36，CookiesContentDate=2016/12/16 14:29:35，ts.Minutes=0,loginOverdueTime=10
2016-12-16 14:29:36	info	[IsOverdueByCookies方法]中，timeStamp=1481864400，CurrentDate=2016/12/16 14:29:36，CookiesContentDate=2016/12/16 14:29:36，ts.Minutes=0,loginOverdueTime=10
2016-12-16 16:00:16	error	[IsLoginByAPP]   在 BitAuto.YanFa.OASysRightManager2011.Common.EmployeeInfo.IsLoginByAPP()索引超出了数组界限。
2016-12-16 16:08:32	info	[IsOverdueByCookies方法]中，timeStamp=1481875545，CurrentDate=2016/12/16 16:08:32，CookiesContentDate=2016/12/16 16:05:45，ts.Minutes=2,loginOverdueTime=10
2016-12-16 16:08:33	info	[IsOverdueByCookies方法]中，timeStamp=1481875545，CurrentDate=2016/12/16 16:08:33，CookiesContentDate=2016/12/16 16:08:33，ts.Minutes=0,loginOverdueTime=10
2016-12-16 16:13:11	info	[IsLoginByAPP],解析Cookies内容——strCookiesEncrypt=847FA79E79CB403B029B491FD2BD25ADD94842ABCE418F60D396A2A346E436D55A38D0C7D655403287097B651B704033D83E562C6AEA2B2893CBE96BAB0A2A096CDDF38B5DCA961EEA74FC596F240C2D4F58348620E626BF
2016-12-16 16:13:11	info	[IsLoginByAPP],解析Cookies内容——loginEmployeeNumber=0370
2016-12-16 16:13:11	info	[IsLoginByAPP],解析Cookies内容——strCookiesEncrypt=847FA79E79CB403B029B491FD2BD25ADD94842ABCE418F60D396A2A346E436D55A38D0C7D655403287097B651B704033D83E562C6AEA2B2893CBE96BAB0A2A096CDDF38B5DCA961EEA74FC596F240C2D4F58348620E626BF
2016-12-16 16:13:11	info	[IsLoginByAPP],解析Cookies内容——loginEmployeeNumber=0370
2016-12-16 16:13:11	info	[IsOverdueByCookies方法]中，timeStamp=1481875545，CurrentDate=2016/12/16 16:13:11，CookiesContentDate=2016/12/16 16:08:33，ts.Minutes=4,loginOverdueTime=10
2016-12-16 16:13:11	info	[IsLoginByAPP],IsOverdueByCookies(0370)=False
2016-12-16 16:13:11	info	[IsOverdueByCookies方法]中，timeStamp=1481875545，CurrentDate=2016/12/16 16:13:11，CookiesContentDate=2016/12/16 16:08:33，ts.Minutes=4,loginOverdueTime=10
2016-12-16 16:13:11	info	[IsLoginByAPP],IsOverdueByCookies(0370)=False
2016-12-16 16:13:11	info	[IsLoginByAPP],strEncryptKey=1481875545270112
2016-12-16 16:13:11	info	[IsLoginByAPP],cookieValue=AAB804C22E8F0A52|ABD05085D5218136|D128269BCEA03549|BDFE86C9B8B79015|BA1E2D9593ECF16C
2016-12-16 16:13:11	info	[IsLoginByAPP],strEncryptKey=1481875545270112
2016-12-16 16:13:11	info	[IsLoginByAPP],cookieValue=AAB804C22E8F0A52|ABD05085D5218136|D128269BCEA03549|BDFE86C9B8B79015|BA1E2D9593ECF16C
2016-12-16 16:14:43	info	[IsLoginByAPP],解析Cookies内容——strCookiesEncrypt=847FA79E79CB403B029B491FD2BD25ADD94842ABCE418F60D396A2A346E436D55A38D0C7D655403287097B651B704033D83E562C6AEA2B2893CBE96BAB0A2A096CDDF38B5DCA961EEA74FC596F240C2D4F58348620E626BF
2016-12-16 16:14:43	info	[IsLoginByAPP],解析Cookies内容——loginEmployeeNumber=0370
2016-12-16 16:14:43	info	[IsOverdueByCookies方法]中，timeStamp=1481875545，CurrentDate=2016/12/16 16:14:43，CookiesContentDate=2016/12/16 16:13:12，ts.Minutes=1,loginOverdueTime=10
2016-12-16 16:14:43	info	[IsLoginByAPP],IsOverdueByCookies(0370)=False
2016-12-16 16:14:43	info	[IsLoginByAPP],strEncryptKey=1481875545270112
2016-12-16 16:14:43	info	[IsLoginByAPP],cookieValue=AAB804C22E8F0A52|ABD05085D5218136|D128269BCEA03549|BDFE86C9B8B79015|BA1E2D9593ECF16C
2016-12-16 16:14:47	info	[IsOverdueByCookies方法]中，timeStamp=1481875545，CurrentDate=2016/12/16 16:14:47，CookiesContentDate=2016/12/16 16:14:46，ts.Minutes=0,loginOverdueTime=10
2016-12-16 16:14:47	info	[IsOverdueByCookies方法]中，timeStamp=1481875545，CurrentDate=2016/12/16 16:14:47，CookiesContentDate=2016/12/16 16:14:47，ts.Minutes=0,loginOverdueTime=10
2016-12-16 16:17:40	info	[IsLoginByAPP],解析Cookies内容——strCookiesEncrypt=847FA79E79CB403B029B491FD2BD25ADD94842ABCE418F60D396A2A346E436D55A38D0C7D655403287097B651B704033D83E562C6AEA2B2893CBE96BAB0A2A096CDDF38B5DCA961EEA74FC596F240C2D4F58348620E626BF
2016-12-16 16:17:40	info	[IsLoginByAPP],解析Cookies内容——loginEmployeeNumber=0370
2016-12-16 16:17:40	info	[IsOverdueByCookies方法]中，timeStamp=1481875545，CurrentDate=2016/12/16 16:17:40，CookiesContentDate=2016/12/16 16:14:48，ts.Minutes=2,loginOverdueTime=10
2016-12-16 16:17:40	info	[IsLoginByAPP],IsOverdueByCookies(0370)=False
2016-12-16 16:17:40	info	[IsLoginByAPP],strEncryptKey=1481875545270112
2016-12-16 16:17:40	info	[IsLoginByAPP],cookieValue=AAB804C22E8F0A52|ABD05085D5218136|D128269BCEA03549|BDFE86C9B8B79015|BA1E2D9593ECF16C
2016-12-16 16:17:41	info	[IsOverdueByCookies方法]中，timeStamp=1481875545，CurrentDate=2016/12/16 16:17:41，CookiesContentDate=2016/12/16 16:17:40，ts.Minutes=0,loginOverdueTime=10
2016-12-16 16:17:42	info	[IsOverdueByCookies方法]中，timeStamp=1481875545，CurrentDate=2016/12/16 16:17:42，CookiesContentDate=2016/12/16 16:17:41，ts.Minutes=0,loginOverdueTime=10
2016-12-16 16:28:12	info	[IsLoginByAPP],解析Cookies内容——strCookiesEncrypt=BA917A2C00E27244C97D48B975BF1041582DA89114A05EF6C46D8CFCD5CD501335972CCF00BCC5E405A28DFF78550985CADB9EF8BAC224D695A0D181E58748FA2F2EB5A1504BE6CF1B3A2FF1360D0DF74354D6CE9FDA4F5A
2016-12-16 16:28:12	info	[IsLoginByAPP],解析Cookies内容——loginEmployeeNumber=0370
2016-12-16 16:28:12	info	[IsOverdueByCookies方法]中，timeStamp=1481875545，CurrentDate=2016/12/16 16:28:12，CookiesContentDate=2016/12/16 16:17:42，ts.Minutes=10,loginOverdueTime=10
2016-12-16 16:28:12	info	[IsLoginByAPP],IsOverdueByCookies(0370)=False
2016-12-16 16:28:12	error	[IsLoginByAPP]   在 System.Security.Cryptography.CryptographicException.ThrowCryptographicException(Int32 hr)
   在 System.Security.Cryptography.Utils._DecryptData(SafeKeyHandle hKey, Byte[] data, Int32 ib, Int32 cb, Byte[]& outputBuffer, Int32 outputOffset, PaddingMode PaddingMode, Boolean fDone)
   在 System.Security.Cryptography.CryptoAPITransform.TransformFinalBlock(Byte[] inputBuffer, Int32 inputOffset, Int32 inputCount)
   在 System.Security.Cryptography.CryptoStream.FlushFinalBlock()
   在 BitAuto.YanFa.OASysRightManager2011.Common.Tools.DESEncrypt.Decrypt(String Text, String sKey)
   在 BitAuto.YanFa.OASysRightManager2011.Common.EmployeeInfo.IsLoginByAPP()不正确的数据。

2016-12-16 16:28:16	info	[IsOverdueByCookies方法]中，timeStamp=1481876781，CurrentDate=2016/12/16 16:28:16，CookiesContentDate=2016/12/16 16:26:21，ts.Minutes=1,loginOverdueTime=10
2016-12-16 16:28:16	info	[IsOverdueByCookies方法]中，timeStamp=1481876781，CurrentDate=2016/12/16 16:28:16，CookiesContentDate=2016/12/16 16:28:16，ts.Minutes=0,loginOverdueTime=10
2016-12-16 16:28:16	info	[IsOverdueByCookies方法]中，timeStamp=1481876781，CurrentDate=2016/12/16 16:28:16，CookiesContentDate=2016/12/16 16:28:16，ts.Minutes=0,loginOverdueTime=10
2016-12-16 16:28:18	info	[IsOverdueByCookies方法]中，timeStamp=1481876781，CurrentDate=2016/12/16 16:28:18，CookiesContentDate=2016/12/16 16:28:16，ts.Minutes=0,loginOverdueTime=10
2016-12-16 16:28:18	info	[IsOverdueByCookies方法]中，timeStamp=1481876781，CurrentDate=2016/12/16 16:28:18，CookiesContentDate=2016/12/16 16:28:18，ts.Minutes=0,loginOverdueTime=10
2016-12-16 16:28:25	info	[IsOverdueByCookies方法]中，timeStamp=1481876781，CurrentDate=2016/12/16 16:28:25，CookiesContentDate=2016/12/16 16:28:18，ts.Minutes=0,loginOverdueTime=10
2016-12-16 16:28:29	info	[IsOverdueByCookies方法]中，timeStamp=1481876781，CurrentDate=2016/12/16 16:28:29，CookiesContentDate=2016/12/16 16:28:25，ts.Minutes=0,loginOverdueTime=10
2016-12-16 16:31:14	info	[IsOverdueByCookies方法]中，timeStamp=1481876781，CurrentDate=2016/12/16 16:31:14，CookiesContentDate=2016/12/16 16:28:29，ts.Minutes=2,loginOverdueTime=10
2016-12-16 16:31:15	info	[IsOverdueByCookies方法]中，timeStamp=1481876781，CurrentDate=2016/12/16 16:31:15，CookiesContentDate=2016/12/16 16:31:14，ts.Minutes=0,loginOverdueTime=10
2016-12-16 16:31:15	info	[IsOverdueByCookies方法]中，timeStamp=1481876781，CurrentDate=2016/12/16 16:31:15，CookiesContentDate=2016/12/16 16:31:15，ts.Minutes=0,loginOverdueTime=10
2016-12-16 16:37:53	info	[IsLoginByAPP],解析Cookies内容——strCookiesEncrypt=847FA79E79CB403B029B491FD2BD25ADD94842ABCE418F60D396A2A346E436D55A38D0C7D655403287097B651B704033D83E562C6AEA2B2893CBE96BAB0A2A096CDDF38B5DCA961EEA74FC596F240C2D4F58348620E626BF
2016-12-16 16:37:53	info	[IsLoginByAPP],解析Cookies内容——loginEmployeeNumber=0370
2016-12-16 16:37:53	info	[IsOverdueByCookies方法]中，timeStamp=1481876781，CurrentDate=2016/12/16 16:37:53，CookiesContentDate=2016/12/16 16:31:15，ts.Minutes=6,loginOverdueTime=10
2016-12-16 16:37:53	info	[IsLoginByAPP],IsOverdueByCookies(0370)=False
2016-12-16 16:37:53	error	[IsLoginByAPP]   在 System.Security.Cryptography.CryptographicException.ThrowCryptographicException(Int32 hr)
   在 System.Security.Cryptography.Utils._DecryptData(SafeKeyHandle hKey, Byte[] data, Int32 ib, Int32 cb, Byte[]& outputBuffer, Int32 outputOffset, PaddingMode PaddingMode, Boolean fDone)
   在 System.Security.Cryptography.CryptoAPITransform.TransformFinalBlock(Byte[] inputBuffer, Int32 inputOffset, Int32 inputCount)
   在 System.Security.Cryptography.CryptoStream.FlushFinalBlock()
   在 BitAuto.YanFa.OASysRightManager2011.Common.Tools.DESEncrypt.Decrypt(String Text, String sKey)
   在 BitAuto.YanFa.OASysRightManager2011.Common.EmployeeInfo.IsLoginByAPP()不正确的数据。

2016-12-16 16:37:53	info	[IsLoginByAPP],解析Cookies内容——strCookiesEncrypt=847FA79E79CB403B029B491FD2BD25ADD94842ABCE418F60D396A2A346E436D55A38D0C7D655403287097B651B704033D83E562C6AEA2B2893CBE96BAB0A2A096CDDF38B5DCA961EEA74FC596F240C2D4F58348620E626BF
2016-12-16 16:37:53	info	[IsLoginByAPP],解析Cookies内容——loginEmployeeNumber=0370
2016-12-16 16:37:53	info	[IsOverdueByCookies方法]中，timeStamp=1481876781，CurrentDate=2016/12/16 16:37:53，CookiesContentDate=2016/12/16 16:31:15，ts.Minutes=6,loginOverdueTime=10
2016-12-16 16:37:53	info	[IsLoginByAPP],IsOverdueByCookies(0370)=False
2016-12-16 16:37:53	error	[IsLoginByAPP]   在 System.Security.Cryptography.CryptographicException.ThrowCryptographicException(Int32 hr)
   在 System.Security.Cryptography.Utils._DecryptData(SafeKeyHandle hKey, Byte[] data, Int32 ib, Int32 cb, Byte[]& outputBuffer, Int32 outputOffset, PaddingMode PaddingMode, Boolean fDone)
   在 System.Security.Cryptography.CryptoAPITransform.TransformFinalBlock(Byte[] inputBuffer, Int32 inputOffset, Int32 inputCount)
   在 System.Security.Cryptography.CryptoStream.FlushFinalBlock()
   在 BitAuto.YanFa.OASysRightManager2011.Common.Tools.DESEncrypt.Decrypt(String Text, String sKey)
   在 BitAuto.YanFa.OASysRightManager2011.Common.EmployeeInfo.IsLoginByAPP()不正确的数据。

2016-12-16 16:38:03	info	[IsLoginByAPP],解析Cookies内容——strCookiesEncrypt=847FA79E79CB403B029B491FD2BD25ADD94842ABCE418F60D396A2A346E436D55A38D0C7D655403287097B651B704033D83E562C6AEA2B2893CBE96BAB0A2A096CDDF38B5DCA961EEA74FC596F240C2D4F58348620E626BF
2016-12-16 16:38:03	info	[IsLoginByAPP],解析Cookies内容——loginEmployeeNumber=0370
2016-12-16 16:38:03	info	[IsOverdueByCookies方法]中，timeStamp=1481876781，CurrentDate=2016/12/16 16:38:03，CookiesContentDate=2016/12/16 16:31:15，ts.Minutes=6,loginOverdueTime=10
2016-12-16 16:38:03	info	[IsLoginByAPP],IsOverdueByCookies(0370)=False
2016-12-16 16:38:03	error	[IsLoginByAPP]   在 System.Security.Cryptography.CryptographicException.ThrowCryptographicException(Int32 hr)
   在 System.Security.Cryptography.Utils._DecryptData(SafeKeyHandle hKey, Byte[] data, Int32 ib, Int32 cb, Byte[]& outputBuffer, Int32 outputOffset, PaddingMode PaddingMode, Boolean fDone)
   在 System.Security.Cryptography.CryptoAPITransform.TransformFinalBlock(Byte[] inputBuffer, Int32 inputOffset, Int32 inputCount)
   在 System.Security.Cryptography.CryptoStream.FlushFinalBlock()
   在 BitAuto.YanFa.OASysRightManager2011.Common.Tools.DESEncrypt.Decrypt(String Text, String sKey)
   在 BitAuto.YanFa.OASysRightManager2011.Common.EmployeeInfo.IsLoginByAPP()不正确的数据。

2016-12-16 16:38:03	info	[IsLoginByAPP],解析Cookies内容——strCookiesEncrypt=847FA79E79CB403B029B491FD2BD25ADD94842ABCE418F60D396A2A346E436D55A38D0C7D655403287097B651B704033D83E562C6AEA2B2893CBE96BAB0A2A096CDDF38B5DCA961EEA74FC596F240C2D4F58348620E626BF
2016-12-16 16:38:03	info	[IsLoginByAPP],解析Cookies内容——loginEmployeeNumber=0370
2016-12-16 16:38:03	info	[IsOverdueByCookies方法]中，timeStamp=1481876781，CurrentDate=2016/12/16 16:38:03，CookiesContentDate=2016/12/16 16:31:15，ts.Minutes=6,loginOverdueTime=10
2016-12-16 16:38:03	info	[IsLoginByAPP],IsOverdueByCookies(0370)=False
2016-12-16 16:38:03	error	[IsLoginByAPP]   在 System.Security.Cryptography.CryptographicException.ThrowCryptographicException(Int32 hr)
   在 System.Security.Cryptography.Utils._DecryptData(SafeKeyHandle hKey, Byte[] data, Int32 ib, Int32 cb, Byte[]& outputBuffer, Int32 outputOffset, PaddingMode PaddingMode, Boolean fDone)
   在 System.Security.Cryptography.CryptoAPITransform.TransformFinalBlock(Byte[] inputBuffer, Int32 inputOffset, Int32 inputCount)
   在 System.Security.Cryptography.CryptoStream.FlushFinalBlock()
   在 BitAuto.YanFa.OASysRightManager2011.Common.Tools.DESEncrypt.Decrypt(String Text, String sKey)
   在 BitAuto.YanFa.OASysRightManager2011.Common.EmployeeInfo.IsLoginByAPP()不正确的数据。

2016-12-16 16:38:22	info	[IsOverdueByCookies方法]中，timeStamp=1481877384，CurrentDate=2016/12/16 16:38:22，CookiesContentDate=2016/12/16 16:36:24，ts.Minutes=1,loginOverdueTime=10
2016-12-16 16:38:22	info	[IsOverdueByCookies方法]中，timeStamp=1481877384，CurrentDate=2016/12/16 16:38:22，CookiesContentDate=2016/12/16 16:38:22，ts.Minutes=0,loginOverdueTime=10
2016-12-16 16:45:20	info	[IsOverdueByCookies方法]中，timeStamp=1481877803，CurrentDate=2016/12/16 16:45:20，CookiesContentDate=2016/12/16 16:43:22，ts.Minutes=1,loginOverdueTime=10
2016-12-16 16:45:21	info	[IsOverdueByCookies方法]中，timeStamp=1481877803，CurrentDate=2016/12/16 16:45:21，CookiesContentDate=2016/12/16 16:45:20，ts.Minutes=0,loginOverdueTime=10
2016-12-16 16:45:30	info	[IsOverdueByCookies方法]中，timeStamp=1481877803，CurrentDate=2016/12/16 16:45:30，CookiesContentDate=2016/12/16 16:45:21，ts.Minutes=0,loginOverdueTime=10
2016-12-16 16:45:31	info	[IsOverdueByCookies方法]中，timeStamp=1481877803，CurrentDate=2016/12/16 16:45:31，CookiesContentDate=2016/12/16 16:45:30，ts.Minutes=0,loginOverdueTime=10
2016-12-16 16:47:01	info	[IsLoginByAPP],解析Cookies内容——strCookiesEncrypt=E9A5029B4A5E64F2FDB97736B44722055C141A23DE16AC18AE0E005A732F11B0F39D0680C2378FC17C241C8F3930CFB1A65D7C0EA1A153660CB555D2F7F540F39FC1C5B3C168DDD1DC2F027514AD18830CCEBD78A50290A9
2016-12-16 16:47:01	info	[IsLoginByAPP],解析Cookies内容——strCookiesEncrypt=E9A5029B4A5E64F2FDB97736B44722055C141A23DE16AC18AE0E005A732F11B0F39D0680C2378FC17C241C8F3930CFB1A65D7C0EA1A153660CB555D2F7F540F39FC1C5B3C168DDD1DC2F027514AD18830CCEBD78A50290A9
2016-12-16 16:47:01	info	[IsLoginByAPP],解析Cookies内容——loginEmployeeNumber=0370
2016-12-16 16:47:01	info	[IsLoginByAPP],解析Cookies内容——loginEmployeeNumber=0370
2016-12-16 16:47:01	info	[IsOverdueByCookies方法]中，timeStamp=1481877803，CurrentDate=2016/12/16 16:47:01，CookiesContentDate=2016/12/16 16:45:31，ts.Minutes=1,loginOverdueTime=10
2016-12-16 16:47:01	info	[IsOverdueByCookies方法]中，timeStamp=1481877803，CurrentDate=2016/12/16 16:47:01，CookiesContentDate=2016/12/16 16:45:31，ts.Minutes=1,loginOverdueTime=10
2016-12-16 16:47:01	info	[IsLoginByAPP],IsOverdueByCookies(0370)=False
2016-12-16 16:47:01	info	[IsLoginByAPP],IsOverdueByCookies(0370)=False
2016-12-16 16:47:01	info	[IsLoginByAPP],strEncryptKey=1481877803371463
2016-12-16 16:47:01	info	[IsLoginByAPP],strEncryptKey=1481877803371463
2016-12-16 16:47:01	info	[IsLoginByAPP],cookieValue=CEFB820D4AFACE50|D2D9F2D8477A27F2|BC9692FBE0D59E7A|A739C5E00CDF43AD|81E3F780D80A408A
2016-12-16 16:47:01	info	[IsLoginByAPP],cookieValue=CEFB820D4AFACE50|D2D9F2D8477A27F2|BC9692FBE0D59E7A|A739C5E00CDF43AD|81E3F780D80A408A
2016-12-16 16:47:06	info	[IsOverdueByCookies方法]中，timeStamp=1481877803，CurrentDate=2016/12/16 16:47:06，CookiesContentDate=2016/12/16 16:47:01，ts.Minutes=0,loginOverdueTime=10
2016-12-16 16:47:06	info	[IsOverdueByCookies方法]中，timeStamp=1481877803，CurrentDate=2016/12/16 16:47:06，CookiesContentDate=2016/12/16 16:47:06，ts.Minutes=0,loginOverdueTime=10
2016-12-16 16:48:38	info	[IsLoginByAPP],解析Cookies内容——strCookiesEncrypt=BB3B518AFC0FC66D8C1FB30F8D7CCF2E439271F2E6D54257DAC176B07717CE175A7F665101D163E084DAF52E2B108656A998E1DBD992C2E44D5EAD59FDEF931CE1F851A8FE25870BB491ED192523EE3FB2FA5EB69C107EE0
2016-12-16 16:48:38	info	[IsLoginByAPP],解析Cookies内容——loginEmployeeNumber=0370
2016-12-16 16:48:38	info	[IsOverdueByCookies方法]中，timeStamp=1481877803，CurrentDate=2016/12/16 16:48:38，CookiesContentDate=2016/12/16 16:47:06，ts.Minutes=1,loginOverdueTime=10
2016-12-16 16:48:38	info	[IsLoginByAPP],IsOverdueByCookies(0370)=False
2016-12-16 16:48:38	error	[IsLoginByAPP]   在 System.Security.Cryptography.CryptographicException.ThrowCryptographicException(Int32 hr)
   在 System.Security.Cryptography.Utils._DecryptData(SafeKeyHandle hKey, Byte[] data, Int32 ib, Int32 cb, Byte[]& outputBuffer, Int32 outputOffset, PaddingMode PaddingMode, Boolean fDone)
   在 System.Security.Cryptography.CryptoAPITransform.TransformFinalBlock(Byte[] inputBuffer, Int32 inputOffset, Int32 inputCount)
   在 System.Security.Cryptography.CryptoStream.FlushFinalBlock()
   在 BitAuto.YanFa.OASysRightManager2011.Common.Tools.DESEncrypt.Decrypt(String Text, String sKey)
   在 BitAuto.YanFa.OASysRightManager2011.Common.EmployeeInfo.IsLoginByAPP()不正确的数据。

2016-12-16 16:48:39	info	[IsLoginByAPP],解析Cookies内容——strCookiesEncrypt=BB3B518AFC0FC66D8C1FB30F8D7CCF2E439271F2E6D54257DAC176B07717CE175A7F665101D163E084DAF52E2B108656A998E1DBD992C2E44D5EAD59FDEF931CE1F851A8FE25870BB491ED192523EE3FB2FA5EB69C107EE0
2016-12-16 16:48:39	info	[IsLoginByAPP],解析Cookies内容——loginEmployeeNumber=0370
2016-12-16 16:48:39	info	[IsOverdueByCookies方法]中，timeStamp=1481877803，CurrentDate=2016/12/16 16:48:39，CookiesContentDate=2016/12/16 16:47:06，ts.Minutes=1,loginOverdueTime=10
2016-12-16 16:48:39	info	[IsLoginByAPP],IsOverdueByCookies(0370)=False
2016-12-16 16:48:39	error	[IsLoginByAPP]   在 System.Security.Cryptography.CryptographicException.ThrowCryptographicException(Int32 hr)
   在 System.Security.Cryptography.Utils._DecryptData(SafeKeyHandle hKey, Byte[] data, Int32 ib, Int32 cb, Byte[]& outputBuffer, Int32 outputOffset, PaddingMode PaddingMode, Boolean fDone)
   在 System.Security.Cryptography.CryptoAPITransform.TransformFinalBlock(Byte[] inputBuffer, Int32 inputOffset, Int32 inputCount)
   在 System.Security.Cryptography.CryptoStream.FlushFinalBlock()
   在 BitAuto.YanFa.OASysRightManager2011.Common.Tools.DESEncrypt.Decrypt(String Text, String sKey)
   在 BitAuto.YanFa.OASysRightManager2011.Common.EmployeeInfo.IsLoginByAPP()不正确的数据。

2016-12-16 16:48:40	info	[IsOverdueByCookies方法]中，timeStamp=1481877803，CurrentDate=2016/12/16 16:48:40，CookiesContentDate=2016/12/16 16:47:06，ts.Minutes=1,loginOverdueTime=10
2016-12-16 16:48:40	info	[IsOverdueByCookies方法]中，timeStamp=1481877803，CurrentDate=2016/12/16 16:48:40，CookiesContentDate=2016/12/16 16:48:40，ts.Minutes=0,loginOverdueTime=10
2016-12-16 16:48:48	info	[IsOverdueByCookies方法]中，timeStamp=1481877803，CurrentDate=2016/12/16 16:48:48，CookiesContentDate=2016/12/16 16:48:40，ts.Minutes=0,loginOverdueTime=10
2016-12-16 16:48:48	info	[IsOverdueByCookies方法]中，timeStamp=1481877803，CurrentDate=2016/12/16 16:48:48，CookiesContentDate=2016/12/16 16:48:48，ts.Minutes=0,loginOverdueTime=10
2016-12-16 16:49:55	info	[IsOverdueByCookies方法]中，timeStamp=1481877803，CurrentDate=2016/12/16 16:49:55，CookiesContentDate=2016/12/16 16:48:48，ts.Minutes=1,loginOverdueTime=10
2016-12-16 16:49:55	info	[IsOverdueByCookies方法]中，timeStamp=1481877803，CurrentDate=2016/12/16 16:49:55，CookiesContentDate=2016/12/16 16:49:55，ts.Minutes=0,loginOverdueTime=10
2016-12-16 16:51:21	info	[IsOverdueByCookies方法]中，timeStamp=1481877803，CurrentDate=2016/12/16 16:51:21，CookiesContentDate=2016/12/16 16:49:55，ts.Minutes=1,loginOverdueTime=10
2016-12-16 16:51:22	info	[IsOverdueByCookies方法]中，timeStamp=1481877803，CurrentDate=2016/12/16 16:51:22，CookiesContentDate=2016/12/16 16:51:21，ts.Minutes=0,loginOverdueTime=10
2016-12-16 17:02:45	info	[IsLoginByAPP],解析Cookies内容——strCookiesEncrypt=BB3B518AFC0FC66D8C1FB30F8D7CCF2E439271F2E6D54257DAC176B07717CE175A7F665101D163E084DAF52E2B108656A998E1DBD992C2E44D5EAD59FDEF931CE1F851A8FE25870BB491ED192523EE3FB2FA5EB69C107EE0
2016-12-16 17:02:45	info	[IsLoginByAPP],解析Cookies内容——loginEmployeeNumber=0370
2016-12-16 17:02:45	info	[IsLoginByAPP],解析Cookies内容——strCookiesEncrypt=BB3B518AFC0FC66D8C1FB30F8D7CCF2E439271F2E6D54257DAC176B07717CE175A7F665101D163E084DAF52E2B108656A998E1DBD992C2E44D5EAD59FDEF931CE1F851A8FE25870BB491ED192523EE3FB2FA5EB69C107EE0
2016-12-16 17:02:45	info	[IsLoginByAPP],解析Cookies内容——loginEmployeeNumber=0370
2016-12-16 17:02:45	info	[IsOverdueByCookies方法]中，timeStamp=1481878852，CurrentDate=2016/12/16 17:02:45，CookiesContentDate=2016/12/16 17:00:51，ts.Minutes=1,loginOverdueTime=10
2016-12-16 17:02:45	info	[IsOverdueByCookies方法]中，timeStamp=1481878852，CurrentDate=2016/12/16 17:02:45，CookiesContentDate=2016/12/16 17:00:51，ts.Minutes=1,loginOverdueTime=10
2016-12-16 17:02:45	info	[IsLoginByAPP],IsOverdueByCookies(0370)=False
2016-12-16 17:02:45	info	[IsLoginByAPP],IsOverdueByCookies(0370)=False
2016-12-16 17:02:45	error	[IsLoginByAPP]   在 System.Security.Cryptography.CryptographicException.ThrowCryptographicException(Int32 hr)
   在 System.Security.Cryptography.Utils._DecryptData(SafeKeyHandle hKey, Byte[] data, Int32 ib, Int32 cb, Byte[]& outputBuffer, Int32 outputOffset, PaddingMode PaddingMode, Boolean fDone)
   在 System.Security.Cryptography.CryptoAPITransform.TransformFinalBlock(Byte[] inputBuffer, Int32 inputOffset, Int32 inputCount)
   在 System.Security.Cryptography.CryptoStream.FlushFinalBlock()
   在 BitAuto.YanFa.OASysRightManager2011.Common.Tools.DESEncrypt.Decrypt(String Text, String sKey)
   在 BitAuto.YanFa.OASysRightManager2011.Common.EmployeeInfo.IsLoginByAPP()不正确的数据。

2016-12-16 17:02:45	error	[IsLoginByAPP]   在 System.Security.Cryptography.CryptographicException.ThrowCryptographicException(Int32 hr)
   在 System.Security.Cryptography.Utils._DecryptData(SafeKeyHandle hKey, Byte[] data, Int32 ib, Int32 cb, Byte[]& outputBuffer, Int32 outputOffset, PaddingMode PaddingMode, Boolean fDone)
   在 System.Security.Cryptography.CryptoAPITransform.TransformFinalBlock(Byte[] inputBuffer, Int32 inputOffset, Int32 inputCount)
   在 System.Security.Cryptography.CryptoStream.FlushFinalBlock()
   在 BitAuto.YanFa.OASysRightManager2011.Common.Tools.DESEncrypt.Decrypt(String Text, String sKey)
   在 BitAuto.YanFa.OASysRightManager2011.Common.EmployeeInfo.IsLoginByAPP()不正确的数据。

2016-12-16 17:02:51	info	[IsOverdueByCookies方法]中，timeStamp=1481878852，CurrentDate=2016/12/16 17:02:51，CookiesContentDate=2016/12/16 17:00:51，ts.Minutes=2,loginOverdueTime=10
2016-12-16 17:02:51	info	[IsOverdueByCookies方法]中，timeStamp=1481878852，CurrentDate=2016/12/16 17:02:51，CookiesContentDate=2016/12/16 17:02:51，ts.Minutes=0,loginOverdueTime=10
2016-12-16 17:16:23	info	[IsLoginByAPP],解析Cookies内容——strCookiesEncrypt=7D9ADC86D612191EF80D818E962182E6A2E16D0FD75EEEF50997805F39197DE55F1B67EBF98046EDE913A75211EA4FC749EE29E9595A3406C65B923A290CB54D91B52E3EAD67F3146F4D2D70F9048A0EE2A40DA779D8373E
2016-12-16 17:16:23	info	[IsLoginByAPP],解析Cookies内容——loginEmployeeNumber=0370
2016-12-16 17:16:23	info	[IsOverdueByCookies方法]中，timeStamp=1481879359，CurrentDate=2016/12/16 17:16:23，CookiesContentDate=2016/12/16 17:14:23，ts.Minutes=2,loginOverdueTime=10
2016-12-16 17:16:23	info	[IsLoginByAPP],IsOverdueByCookies(0370)=False
2016-12-16 17:16:23	error	[IsLoginByAPP]   在 System.Security.Cryptography.CryptographicException.ThrowCryptographicException(Int32 hr)
   在 System.Security.Cryptography.Utils._DecryptData(SafeKeyHandle hKey, Byte[] data, Int32 ib, Int32 cb, Byte[]& outputBuffer, Int32 outputOffset, PaddingMode PaddingMode, Boolean fDone)
   在 System.Security.Cryptography.CryptoAPITransform.TransformFinalBlock(Byte[] inputBuffer, Int32 inputOffset, Int32 inputCount)
   在 System.Security.Cryptography.CryptoStream.FlushFinalBlock()
   在 BitAuto.YanFa.OASysRightManager2011.Common.Tools.DESEncrypt.Decrypt(String Text, String sKey)
   在 BitAuto.YanFa.OASysRightManager2011.Common.EmployeeInfo.IsLoginByAPP()不正确的数据。

2016-12-16 17:16:43	info	[IsOverdueByCookies方法]中，timeStamp=1481879683，CurrentDate=2016/12/16 17:16:43，CookiesContentDate=2016/12/16 17:14:43，ts.Minutes=2,loginOverdueTime=10
2016-12-16 17:16:44	info	[IsOverdueByCookies方法]中，timeStamp=1481879683，CurrentDate=2016/12/16 17:16:44，CookiesContentDate=2016/12/16 17:16:44，ts.Minutes=0,loginOverdueTime=10
2016-12-16 17:16:56	info	[IsOverdueByCookies方法]中，timeStamp=1481879683，CurrentDate=2016/12/16 17:16:56，CookiesContentDate=2016/12/16 17:16:44，ts.Minutes=0,loginOverdueTime=10
2016-12-16 17:16:57	info	[IsOverdueByCookies方法]中，timeStamp=1481879683，CurrentDate=2016/12/16 17:16:57，CookiesContentDate=2016/12/16 17:16:56，ts.Minutes=0,loginOverdueTime=10
2016-12-16 17:17:20	info	[IsOverdueByCookies方法]中，timeStamp=1481879683，CurrentDate=2016/12/16 17:17:20，CookiesContentDate=2016/12/16 17:16:57，ts.Minutes=0,loginOverdueTime=10
2016-12-16 17:17:21	info	[IsOverdueByCookies方法]中，timeStamp=1481879683，CurrentDate=2016/12/16 17:17:21，CookiesContentDate=2016/12/16 17:17:20，ts.Minutes=0,loginOverdueTime=10
2016-12-16 17:17:21	info	[IsOverdueByCookies方法]中，timeStamp=1481879683，CurrentDate=2016/12/16 17:17:21，CookiesContentDate=2016/12/16 17:17:21，ts.Minutes=0,loginOverdueTime=10
2016-12-16 17:24:26	info	[IsLoginByAPP],解析Cookies内容——strCookiesEncrypt=2EC032B8985503A527EF1789CFE683AD8DF8251BEB3A5D799A797C1BCCFFF191433436ADC84AA062DE0C3FBB89A58C75BAF18485900190F71252125B9699761B4A2D07C7B213F1659C13E0F665ADBC551CBD48B22915A503
2016-12-16 17:24:26	info	[IsLoginByAPP],解析Cookies内容——loginEmployeeNumber=0370
2016-12-16 17:24:26	info	[IsOverdueByCookies方法]中，timeStamp=1481879683，CurrentDate=2016/12/16 17:24:26，CookiesContentDate=2016/12/16 17:17:22，ts.Minutes=7,loginOverdueTime=10
2016-12-16 17:24:26	info	[IsLoginByAPP],IsOverdueByCookies(0370)=False
2016-12-16 17:24:26	info	[IsLoginByAPP],strEncryptKey=1481879683432984
2016-12-16 17:24:26	info	[IsLoginByAPP],cookieValue=F69C83DD3A5FE772|A00142DA94AF4C56|A383A9BC29AC8259|0E448F3A4A0207D7|1CCA21A6EFE7B081
2016-12-16 17:24:27	info	[IsOverdueByCookies方法]中，timeStamp=1481879683，CurrentDate=2016/12/16 17:24:27，CookiesContentDate=2016/12/16 17:24:26，ts.Minutes=0,loginOverdueTime=10
2016-12-16 17:24:28	info	[IsOverdueByCookies方法]中，timeStamp=1481879683，CurrentDate=2016/12/16 17:24:28，CookiesContentDate=2016/12/16 17:24:27，ts.Minutes=0,loginOverdueTime=10
2016-12-16 17:24:28	info	[IsOverdueByCookies方法]中，timeStamp=1481879683，CurrentDate=2016/12/16 17:24:28，CookiesContentDate=2016/12/16 17:24:28，ts.Minutes=0,loginOverdueTime=10
2016-12-16 17:27:38	info	[IsOverdueByCookies方法]中，timeStamp=1481879683，CurrentDate=2016/12/16 17:27:38，CookiesContentDate=2016/12/16 17:24:28，ts.Minutes=3,loginOverdueTime=10
2016-12-16 17:27:39	info	[IsOverdueByCookies方法]中，timeStamp=1481879683，CurrentDate=2016/12/16 17:27:39，CookiesContentDate=2016/12/16 17:27:38，ts.Minutes=0,loginOverdueTime=10
2016-12-16 17:27:39	info	[IsOverdueByCookies方法]中，timeStamp=1481879683，CurrentDate=2016/12/16 17:27:39，CookiesContentDate=2016/12/16 17:27:39，ts.Minutes=0,loginOverdueTime=10
2016-12-16 17:28:50	info	[IsOverdueByCookies方法]中，timeStamp=1481879683，CurrentDate=2016/12/16 17:28:50，CookiesContentDate=2016/12/16 17:27:39，ts.Minutes=1,loginOverdueTime=10
2016-12-16 17:28:51	info	[IsOverdueByCookies方法]中，timeStamp=1481879683，CurrentDate=2016/12/16 17:28:51，CookiesContentDate=2016/12/16 17:28:50，ts.Minutes=0,loginOverdueTime=10
2016-12-16 17:28:51	info	[IsOverdueByCookies方法]中，timeStamp=1481879683，CurrentDate=2016/12/16 17:28:51，CookiesContentDate=2016/12/16 17:28:51，ts.Minutes=0,loginOverdueTime=10
2016-12-16 17:30:05	info	[IsLoginByAPP],解析Cookies内容——strCookiesEncrypt=2EC032B8985503A527EF1789CFE683AD8DF8251BEB3A5D799A797C1BCCFFF191433436ADC84AA062DE0C3FBB89A58C75BAF18485900190F71252125B9699761B4A2D07C7B213F1659C13E0F665ADBC551CBD48B22915A503
2016-12-16 17:30:05	info	[IsLoginByAPP],解析Cookies内容——loginEmployeeNumber=0370
2016-12-16 17:30:05	info	[IsOverdueByCookies方法]中，timeStamp=1481879683，CurrentDate=2016/12/16 17:30:05，CookiesContentDate=2016/12/16 17:28:51，ts.Minutes=1,loginOverdueTime=10
2016-12-16 17:30:05	info	[IsLoginByAPP],IsOverdueByCookies(0370)=False
2016-12-16 17:30:05	info	[IsLoginByAPP],strEncryptKey=1481879683432984
2016-12-16 17:30:05	info	[IsLoginByAPP],cookieValue=F69C83DD3A5FE772|A00142DA94AF4C56|A383A9BC29AC8259|0E448F3A4A0207D7|1CCA21A6EFE7B081
2016-12-16 17:30:06	info	[IsOverdueByCookies方法]中，timeStamp=1481879683，CurrentDate=2016/12/16 17:30:06，CookiesContentDate=2016/12/16 17:30:05，ts.Minutes=0,loginOverdueTime=10
2016-12-16 17:30:07	info	[IsOverdueByCookies方法]中，timeStamp=1481879683，CurrentDate=2016/12/16 17:30:07，CookiesContentDate=2016/12/16 17:30:06，ts.Minutes=0,loginOverdueTime=10
2016-12-16 17:31:07	info	[IsLoginByAPP],解析Cookies内容——strCookiesEncrypt=E9A5029B4A5E64F2FDB97736B44722055C141A23DE16AC18AE0E005A732F11B0F39D0680C2378FC17C241C8F3930CFB1A65D7C0EA1A153660CB555D2F7F540F39FC1C5B3C168DDD1DC2F027514AD18830CCEBD78A50290A9
2016-12-16 17:31:07	info	[IsLoginByAPP],解析Cookies内容——loginEmployeeNumber=0370
2016-12-16 17:31:07	info	[IsOverdueByCookies方法]中，timeStamp=1481879683，CurrentDate=2016/12/16 17:31:07，CookiesContentDate=2016/12/16 17:30:07，ts.Minutes=1,loginOverdueTime=10
2016-12-16 17:31:07	info	[IsLoginByAPP],IsOverdueByCookies(0370)=False
2016-12-16 17:31:07	error	[IsLoginByAPP]   在 System.Security.Cryptography.CryptographicException.ThrowCryptographicException(Int32 hr)
   在 System.Security.Cryptography.Utils._DecryptData(SafeKeyHandle hKey, Byte[] data, Int32 ib, Int32 cb, Byte[]& outputBuffer, Int32 outputOffset, PaddingMode PaddingMode, Boolean fDone)
   在 System.Security.Cryptography.CryptoAPITransform.TransformFinalBlock(Byte[] inputBuffer, Int32 inputOffset, Int32 inputCount)
   在 System.Security.Cryptography.CryptoStream.FlushFinalBlock()
   在 BitAuto.YanFa.OASysRightManager2011.Common.Tools.DESEncrypt.Decrypt(String Text, String sKey)
   在 BitAuto.YanFa.OASysRightManager2011.Common.EmployeeInfo.IsLoginByAPP()不正确的数据。

2016-12-16 17:31:20	info	[IsOverdueByCookies方法]中，timeStamp=1481880563，CurrentDate=2016/12/16 17:31:20，CookiesContentDate=2016/12/16 17:29:23，ts.Minutes=1,loginOverdueTime=10
2016-12-16 17:31:20	info	[IsOverdueByCookies方法]中，timeStamp=1481880563，CurrentDate=2016/12/16 17:31:20，CookiesContentDate=2016/12/16 17:31:20，ts.Minutes=0,loginOverdueTime=10
2016-12-16 17:31:20	info	[IsOverdueByCookies方法]中，timeStamp=1481880563，CurrentDate=2016/12/16 17:31:20，CookiesContentDate=2016/12/16 17:31:20，ts.Minutes=0,loginOverdueTime=10
2016-12-16 17:31:25	info	[IsOverdueByCookies方法]中，timeStamp=1481880563，CurrentDate=2016/12/16 17:31:25，CookiesContentDate=2016/12/16 17:31:20，ts.Minutes=0,loginOverdueTime=10
2016-12-16 17:31:25	info	[IsOverdueByCookies方法]中，timeStamp=1481880563，CurrentDate=2016/12/16 17:31:25，CookiesContentDate=2016/12/16 17:31:25，ts.Minutes=0,loginOverdueTime=10
2016-12-16 17:31:25	info	[IsOverdueByCookies方法]中，timeStamp=1481880563，CurrentDate=2016/12/16 17:31:25，CookiesContentDate=2016/12/16 17:31:25，ts.Minutes=0,loginOverdueTime=10
2016-12-16 17:31:36	info	[IsOverdueByCookies方法]中，timeStamp=1481880563，CurrentDate=2016/12/16 17:31:36，CookiesContentDate=2016/12/16 17:31:25，ts.Minutes=0,loginOverdueTime=10
2016-12-16 17:31:36	info	[IsOverdueByCookies方法]中，timeStamp=1481880563，CurrentDate=2016/12/16 17:31:36，CookiesContentDate=2016/12/16 17:31:36，ts.Minutes=0,loginOverdueTime=10
2016-12-16 17:31:37	info	[IsOverdueByCookies方法]中，timeStamp=1481880563，CurrentDate=2016/12/16 17:31:37，CookiesContentDate=2016/12/16 17:31:36，ts.Minutes=0,loginOverdueTime=10
2016-12-16 17:32:59	info	[IsLoginByAPP],解析Cookies内容——strCookiesEncrypt=2EC032B8985503A527EF1789CFE683AD8DF8251BEB3A5D799A797C1BCCFFF191433436ADC84AA062DE0C3FBB89A58C75BAF18485900190F71252125B9699761B4A2D07C7B213F1659C13E0F665ADBC551CBD48B22915A503
2016-12-16 17:32:59	info	[IsLoginByAPP],解析Cookies内容——loginEmployeeNumber=0370
2016-12-16 17:32:59	info	[IsOverdueByCookies方法]中，timeStamp=1481880666，CurrentDate=2016/12/16 17:32:59，CookiesContentDate=2016/12/16 17:31:05，ts.Minutes=1,loginOverdueTime=10
2016-12-16 17:32:59	info	[IsLoginByAPP],IsOverdueByCookies(0370)=False
2016-12-16 17:32:59	error	[IsLoginByAPP]   在 System.Security.Cryptography.CryptographicException.ThrowCryptographicException(Int32 hr)
   在 System.Security.Cryptography.Utils._DecryptData(SafeKeyHandle hKey, Byte[] data, Int32 ib, Int32 cb, Byte[]& outputBuffer, Int32 outputOffset, PaddingMode PaddingMode, Boolean fDone)
   在 System.Security.Cryptography.CryptoAPITransform.TransformFinalBlock(Byte[] inputBuffer, Int32 inputOffset, Int32 inputCount)
   在 System.Security.Cryptography.CryptoStream.FlushFinalBlock()
   在 BitAuto.YanFa.OASysRightManager2011.Common.Tools.DESEncrypt.Decrypt(String Text, String sKey)
   在 BitAuto.YanFa.OASysRightManager2011.Common.EmployeeInfo.IsLoginByAPP()不正确的数据。

2016-12-16 17:33:01	info	[IsOverdueByCookies方法]中，timeStamp=1481880666，CurrentDate=2016/12/16 17:33:01，CookiesContentDate=2016/12/16 17:31:05，ts.Minutes=1,loginOverdueTime=10
2016-12-16 17:33:02	info	[IsOverdueByCookies方法]中，timeStamp=1481880666，CurrentDate=2016/12/16 17:33:02，CookiesContentDate=2016/12/16 17:33:01，ts.Minutes=0,loginOverdueTime=10
2016-12-16 17:33:02	info	[IsOverdueByCookies方法]中，timeStamp=1481880666，CurrentDate=2016/12/16 17:33:02，CookiesContentDate=2016/12/16 17:33:02，ts.Minutes=0,loginOverdueTime=10
2016-12-16 17:33:28	info	[IsOverdueByCookies方法]中，timeStamp=1481880666，CurrentDate=2016/12/16 17:33:28，CookiesContentDate=2016/12/16 17:33:02，ts.Minutes=0,loginOverdueTime=10
2016-12-16 17:33:28	info	[IsOverdueByCookies方法]中，timeStamp=1481880666，CurrentDate=2016/12/16 17:33:28，CookiesContentDate=2016/12/16 17:33:28，ts.Minutes=0,loginOverdueTime=10
2016-12-16 17:36:30	info	[IsLoginByAPP],解析Cookies内容——strCookiesEncrypt=7854F98E13A0ECA9F74214BAD09E040935E6AD2BE787078D53B57D86BC3AB555A17282365DED83F4EF46E8BB6C75314FD3DE9E97B96324A3749E98990ABEBC31115D67A8BD818E04F3560D9E176B8D856D0B1B05F77D5354
2016-12-16 17:36:30	info	[IsLoginByAPP],解析Cookies内容——loginEmployeeNumber=0370
2016-12-16 17:36:30	info	[IsOverdueByCookies方法]中，timeStamp=1481880666，CurrentDate=2016/12/16 17:36:30，CookiesContentDate=2016/12/16 17:33:28，ts.Minutes=3,loginOverdueTime=10
2016-12-16 17:36:30	info	[IsLoginByAPP],IsOverdueByCookies(0370)=False
2016-12-16 17:36:30	info	[IsLoginByAPP],strEncryptKey=1481880666659658
2016-12-16 17:36:30	info	[IsLoginByAPP],cookieValue=E4026199DA18E55F|81CA9915F47504FB|21A5BD305EC4FC74|7A995DB809E7905C|86688CA49C1D01AF
2016-12-16 17:36:31	info	[IsOverdueByCookies方法]中，timeStamp=1481880666，CurrentDate=2016/12/16 17:36:31，CookiesContentDate=2016/12/16 17:36:30，ts.Minutes=0,loginOverdueTime=10
2016-12-16 17:36:31	info	[IsOverdueByCookies方法]中，timeStamp=1481880666，CurrentDate=2016/12/16 17:36:31，CookiesContentDate=2016/12/16 17:36:31，ts.Minutes=0,loginOverdueTime=10
2016-12-16 17:37:24	info	[IsLoginByAPP],解析Cookies内容——strCookiesEncrypt=7854F98E13A0ECA9F74214BAD09E040935E6AD2BE787078D53B57D86BC3AB555A17282365DED83F4EF46E8BB6C75314FD3DE9E97B96324A3749E98990ABEBC31115D67A8BD818E04F3560D9E176B8D856D0B1B05F77D5354
2016-12-16 17:37:24	info	[IsLoginByAPP],解析Cookies内容——loginEmployeeNumber=0370
2016-12-16 17:37:24	info	[IsOverdueByCookies方法]中，timeStamp=1481880666，CurrentDate=2016/12/16 17:37:24，CookiesContentDate=2016/12/16 17:36:31，ts.Minutes=0,loginOverdueTime=10
2016-12-16 17:37:24	info	[IsLoginByAPP],IsOverdueByCookies(0370)=False
2016-12-16 17:37:24	info	[IsLoginByAPP],strEncryptKey=1481880666659658
2016-12-16 17:37:24	info	[IsLoginByAPP],cookieValue=E4026199DA18E55F|81CA9915F47504FB|21A5BD305EC4FC74|7A995DB809E7905C|86688CA49C1D01AF
2016-12-16 17:37:25	info	[IsOverdueByCookies方法]中，timeStamp=1481880666，CurrentDate=2016/12/16 17:37:25，CookiesContentDate=2016/12/16 17:37:24，ts.Minutes=0,loginOverdueTime=10
2016-12-16 17:37:26	info	[IsOverdueByCookies方法]中，timeStamp=1481880666，CurrentDate=2016/12/16 17:37:26，CookiesContentDate=2016/12/16 17:37:25，ts.Minutes=0,loginOverdueTime=10
2016-12-16 17:37:26	info	[IsOverdueByCookies方法]中，timeStamp=1481880666，CurrentDate=2016/12/16 17:37:26，CookiesContentDate=2016/12/16 17:37:26，ts.Minutes=0,loginOverdueTime=10
2016-12-16 17:37:32	info	[IsOverdueByCookies方法]中，timeStamp=1481880666，CurrentDate=2016/12/16 17:37:31，CookiesContentDate=2016/12/16 17:37:26，ts.Minutes=0,loginOverdueTime=10
2016-12-16 17:37:32	info	[IsOverdueByCookies方法]中，timeStamp=1481880666，CurrentDate=2016/12/16 17:37:32，CookiesContentDate=2016/12/16 17:37:32，ts.Minutes=0,loginOverdueTime=10
2016-12-16 17:37:32	info	[IsOverdueByCookies方法]中，timeStamp=1481880666，CurrentDate=2016/12/16 17:37:32，CookiesContentDate=2016/12/16 17:37:32，ts.Minutes=0,loginOverdueTime=10
2016-12-16 17:37:33	info	[IsOverdueByCookies方法]中，timeStamp=1481880666，CurrentDate=2016/12/16 17:37:33，CookiesContentDate=2016/12/16 17:37:32，ts.Minutes=0,loginOverdueTime=10
2016-12-16 17:37:44	info	[IsOverdueByCookies方法]中，timeStamp=1481880666，CurrentDate=2016/12/16 17:37:44，CookiesContentDate=2016/12/16 17:37:33，ts.Minutes=0,loginOverdueTime=10
2016-12-16 17:37:44	info	[IsOverdueByCookies方法]中，timeStamp=1481880666，CurrentDate=2016/12/16 17:37:44，CookiesContentDate=2016/12/16 17:37:44，ts.Minutes=0,loginOverdueTime=10
2016-12-16 17:37:44	info	[IsOverdueByCookies方法]中，timeStamp=1481880666，CurrentDate=2016/12/16 17:37:44，CookiesContentDate=2016/12/16 17:37:44，ts.Minutes=0,loginOverdueTime=10
2016-12-16 17:37:45	info	[IsOverdueByCookies方法]中，timeStamp=1481880666，CurrentDate=2016/12/16 17:37:45，CookiesContentDate=2016/12/16 17:37:44，ts.Minutes=0,loginOverdueTime=10
