2016-12-14 09:11:09,863 [99] ERROR APPReport2016.BLL [(null)] - IsAuthorized验证失败
System.NullReferenceException: 未将对象引用设置到对象的实例。
   在 BitAuto.YanFa.OASysRightManager2011.Common.EmployeeInfo.CheckRight(String moduleID, String sysID)
   在 BitAuto.DSC.APPReport2016.WebAPI.Filter.LoginAuthorize.IsAuthorized(HttpActionContext actionContext) 位置 D:\TFS-Root\A5信息系统研发\内部办公信息化\APP报表展示系统\Src\BitAuto.DSC.APPReport2016.WebAPI\Filter\LoginAuthorize.cs:行号 47
2016-12-14 09:11:10,029 [99] INFO  APPReport_WebApi [(null)] - [LoginAuthorize]用户验证失败，用户IP 127.0.0.1, 用户请求的地址为 http://ar.sys1.bitauto.com/api/ptfgyh/GetData?r=0.5789601807482541,UrlRefer为 http://ar.sys1.bitauto.com/html/平台覆盖用户/ptfgyh.htm
2016-12-14 09:11:55,323 [95] ERROR APPReport2016.BLL [(null)] - IsAuthorized验证失败
System.NullReferenceException: 未将对象引用设置到对象的实例。
   在 BitAuto.YanFa.OASysRightManager2011.Common.EmployeeInfo.CheckRight(String moduleID, String sysID)
   在 BitAuto.DSC.APPReport2016.WebAPI.Filter.LoginAuthorize.IsAuthorized(HttpActionContext actionContext) 位置 D:\TFS-Root\A5信息系统研发\内部办公信息化\APP报表展示系统\Src\BitAuto.DSC.APPReport2016.WebAPI\Filter\LoginAuthorize.cs:行号 47
2016-12-14 09:11:55,324 [95] INFO  APPReport_WebApi [(null)] - [LoginAuthorize]用户验证失败，用户IP 127.0.0.1, 用户请求的地址为 http://ar.sys1.bitauto.com/api/ptfgyh/GetData?r=0.7988401570919559,UrlRefer为 http://ar.sys1.bitauto.com/html/平台覆盖用户/ptfgyh.htm
2016-12-14 09:20:35,400 [113] ERROR APPReport2016.BLL [(null)] - IsAuthorized验证失败
System.NullReferenceException: 未将对象引用设置到对象的实例。
   在 BitAuto.YanFa.OASysRightManager2011.Common.EmployeeInfo.CheckRight(String moduleID, String sysID)
   在 BitAuto.DSC.APPReport2016.WebAPI.Filter.LoginAuthorize.IsAuthorized(HttpActionContext actionContext) 位置 D:\TFS-Root\A5信息系统研发\内部办公信息化\APP报表展示系统\Src\BitAuto.DSC.APPReport2016.WebAPI\Filter\LoginAuthorize.cs:行号 47
2016-12-14 09:20:35,497 [113] INFO  APPReport_WebApi [(null)] - [LoginAuthorize]用户验证失败，用户IP 127.0.0.1, 用户请求的地址为 http://ar.sys1.bitauto.com/api/ptfgyh/GetData?r=0.01621347083710134,UrlRefer为 http://ar.sys1.bitauto.com/html/平台覆盖用户/ptfgyh.htm
2016-12-14 09:29:49,793 [90] ERROR APPReport2016.BLL [(null)] - IsAuthorized验证失败
System.NullReferenceException: 未将对象引用设置到对象的实例。
   在 BitAuto.YanFa.OASysRightManager2011.Common.EmployeeInfo.CheckRight(String moduleID, String sysID)
   在 BitAuto.DSC.APPReport2016.WebAPI.Filter.LoginAuthorize.IsAuthorized(HttpActionContext actionContext) 位置 D:\TFS-Root\A5信息系统研发\内部办公信息化\APP报表展示系统\Src\BitAuto.DSC.APPReport2016.WebAPI\Filter\LoginAuthorize.cs:行号 47
2016-12-14 09:29:49,879 [90] INFO  APPReport_WebApi [(null)] - [LoginAuthorize]用户验证失败，用户IP 127.0.0.1, 用户请求的地址为 http://ar.sys1.bitauto.com/api/sjjk/GetLeadsPieChartData?type=1&date=&r=0.3058166222918973,UrlRefer为 http://ar.sys1.bitauto.com/html/商机监控/ptwd.htm
2016-12-14 09:31:20,844 [81] DEBUG EmpolyeeController [(null)] - {"Success":true,"Message":"成功","Data":{"yearmonth":"201712","total":"49645","entry":"9","dimission":"115","male":"1203","female":"2258","malepercent":"2.4%","femalepercent":"4.5%"}}
2016-12-14 09:31:21,011 [93] DEBUG EmpolyeeController [(null)] - {"Success":true,"Message":"成功","Data":{"seriesname":["员工数","增长率"],"datakey":["2016-01","2016-02","2016-03","2016-04","2016-05","2016-06","2016-07","2016-08","2016-09","2016-10","2016-11","2016-12"],"dataval":[["29591","29228","22638","47355","10977","41174","27399","2445","36392","19554","15490","20838"],["3.2670","10.2906","11.7533","-4.9748","15.0942","3.6348","11.8097","-2.0631","17.4728","1.2710","-1.7024","-3.0216"]]}}
2016-12-14 09:31:22,671 [86] DEBUG EmpolyeeController [(null)] - {"Success":true,"Message":"成功","Data":[{"Name":"1年以下","ItemId":"40001","Count":"1565"},{"Name":"1-3年","ItemId":"40002","Count":"4850"},{"Name":"3-5年","ItemId":"40003","Count":"4464"},{"Name":"5年以上","ItemId":"40004","Count":"1629"}]}
2016-12-14 09:31:22,737 [96] DEBUG EmpolyeeController [(null)] - {"Success":true,"Message":"成功","Data":[{"Name":"管理类","ItemId":"60001","Count":"1366"},{"Name":"销售客服类","ItemId":"60002","Count":"268"},{"Name":"产品开发类","ItemId":"60003","Count":"4774"},{"Name":"支持类","ItemId":"60004","Count":"3475"},{"Name":"编辑类","ItemId":"60005","Count":"3376"},{"Name":"市场类","ItemId":"60006","Count":"3360"}]}
2016-12-14 09:31:22,893 [81] DEBUG EmpolyeeController [(null)] - {"Success":true,"Message":"成功","Data":{"seriesname":[],"datakey":["G1","G2","G3","G4","G5","G6","G7","G8"],"dataval":[["1810","2314","4249","","4350","4659","3100","877"],["0.1693","0.3378","0.1567","","0.1104","0.1417","0.0465","0.3360"]]}}
2016-12-14 09:31:23,252 [95] DEBUG EmpolyeeController [(null)] - {"Success":true,"Message":"成功","Data":{"seriesname":[],"datakey":["25岁以下","26-30岁","31-35岁","36-40岁","41岁以上"],"dataval":[["2012","4678","465","2307","774"],["0.1136","0.1782","0.2709","0.0382","0.1279"]]}}
2016-12-14 09:31:41,055 [90] DEBUG xchyhzController [(null)] - {"Success":true,"Message":"成功","Data":{"year":2016,"allavg":"50874.994892","cmtavg":"66751.117500","cytavg":"57332.781666","wxtavg":"51298.637500"}}
2016-12-14 09:31:41,670 [105] DEBUG xchyhzController [(null)] - {"Success":true,"Message":"成功","Data":{"seriesname":["总体","车易通","车盟通","微信通"],"datakey":["2016Q1","2016Q2","2016Q3","2016Q4"],"dataval":[["141770.90"],["598801.48","363853.08","283801.43","46265.99"],["683549.56","443684.89","238070.01","45583.84"],["502739.53","389996.83","182792.01","49921.07"]]}}
2016-12-14 09:31:46,306 [90] DEBUG xchyhzController [(null)] - {"Success":true,"Message":"成功","Data":[{"Name":"车易通","TypeID":"90001","Percent":"0.8739","Count":"1612339303","Total":"1845012381"},{"Name":"车盟通","TypeID":"90002","Percent":"0.1459","Count":"248408088","Total":"1702252005"},{"Name":"微信通","TypeID":"90003","Percent":"2.9242","Count":"1988113897","Total":"679882102"}]}
2016-12-14 10:00:22,511 [23] ERROR APPReport2016.BLL [(null)] - IsAuthorized验证失败
System.NullReferenceException: 未将对象引用设置到对象的实例。
   在 BitAuto.YanFa.OASysRightManager2011.Common.EmployeeInfo.CheckRight(String moduleID, String sysID)
   在 BitAuto.DSC.APPReport2016.WebAPI.Filter.LoginAuthorize.IsAuthorized(HttpActionContext actionContext) 位置 D:\TFS-Root\A5信息系统研发\内部办公信息化\APP报表展示系统\Src\BitAuto.DSC.APPReport2016.WebAPI\Filter\LoginAuthorize.cs:行号 47
2016-12-14 10:00:22,655 [23] INFO  APPReport_WebApi [(null)] - [LoginAuthorize]用户验证失败，用户IP 127.0.0.1, 用户请求的地址为 http://ar.sys1.bitauto.com/api/ptfgyh/GetData?r=0.6774650827781317,UrlRefer为 http://ar.sys1.bitauto.com/html/平台覆盖用户/ptfgyh.htm
2016-12-14 10:33:05,982 [44] ERROR APPReport2016.BLL [(null)] - IsAuthorized验证失败
System.NullReferenceException: 未将对象引用设置到对象的实例。
   在 BitAuto.YanFa.OASysRightManager2011.Common.EmployeeInfo.CheckRight(String moduleID, String sysID)
   在 BitAuto.DSC.APPReport2016.WebAPI.Filter.LoginAuthorize.IsAuthorized(HttpActionContext actionContext) 位置 D:\TFS-Root\A5信息系统研发\内部办公信息化\APP报表展示系统\Src\BitAuto.DSC.APPReport2016.WebAPI\Filter\LoginAuthorize.cs:行号 47
2016-12-14 10:33:06,151 [44] INFO  APPReport_WebApi [(null)] - [LoginAuthorize]用户验证失败，用户IP 127.0.0.1, 用户请求的地址为 http://ar.sys1.bitauto.com/api/ptfgyh/GetData?r=0.5953230005688965,UrlRefer为 http://ar.sys1.bitauto.com/html/平台覆盖用户/ptfgyh.htm
2016-12-14 10:39:37,527 [53] ERROR APPReport2016.BLL [(null)] - IsAuthorized验证失败
System.NullReferenceException: 未将对象引用设置到对象的实例。
   在 BitAuto.YanFa.OASysRightManager2011.Common.EmployeeInfo.CheckRight(String moduleID, String sysID)
   在 BitAuto.DSC.APPReport2016.WebAPI.Filter.LoginAuthorize.IsAuthorized(HttpActionContext actionContext) 位置 D:\TFS-Root\A5信息系统研发\内部办公信息化\APP报表展示系统\Src\BitAuto.DSC.APPReport2016.WebAPI\Filter\LoginAuthorize.cs:行号 47
2016-12-14 10:39:37,638 [53] INFO  APPReport_WebApi [(null)] - [LoginAuthorize]用户验证失败，用户IP 127.0.0.1, 用户请求的地址为 http://ar.sys1.bitauto.com/api/sjjk/GetLeadsPieChartData?type=1&date=&r=0.9337102173399128,UrlRefer为 http://ar.sys1.bitauto.com/html/商机监控/ptwd.htm
2016-12-14 10:45:21,423 [44] DEBUG EmpolyeeController [(null)] - {"Success":true,"Message":"成功","Data":{"yearmonth":"201712","total":"49645","entry":"9","dimission":"115","male":"1203","female":"2258","malepercent":"2.4%","femalepercent":"4.5%"}}
2016-12-14 10:45:21,789 [50] DEBUG EmpolyeeController [(null)] - {"Success":true,"Message":"成功","Data":{"seriesname":["员工数","增长率"],"datakey":["2016-01","2016-02","2016-03","2016-04","2016-05","2016-06","2016-07","2016-08","2016-09","2016-10","2016-11","2016-12"],"dataval":[["29591","29228","22638","47355","10977","41174","27399","2445","36392","19554","15490","20838"],["3.2670","10.2906","11.7533","-4.9748","15.0942","3.6348","11.8097","-2.0631","17.4728","1.2710","-1.7024","-3.0216"]]}}
2016-12-14 10:45:25,548 [43] DEBUG EmpolyeeController [(null)] - {"Success":true,"Message":"成功","Data":[{"Name":"1年以下","ItemId":"40001","Count":"1565"},{"Name":"1-3年","ItemId":"40002","Count":"4850"},{"Name":"3-5年","ItemId":"40003","Count":"4464"},{"Name":"5年以上","ItemId":"40004","Count":"1629"}]}
2016-12-14 10:45:25,709 [44] DEBUG EmpolyeeController [(null)] - {"Success":true,"Message":"成功","Data":[{"Name":"管理类","ItemId":"60001","Count":"1366"},{"Name":"销售客服类","ItemId":"60002","Count":"268"},{"Name":"产品开发类","ItemId":"60003","Count":"4774"},{"Name":"支持类","ItemId":"60004","Count":"3475"},{"Name":"编辑类","ItemId":"60005","Count":"3376"},{"Name":"市场类","ItemId":"60006","Count":"3360"}]}
2016-12-14 10:45:26,225 [44] DEBUG EmpolyeeController [(null)] - {"Success":true,"Message":"成功","Data":{"seriesname":[],"datakey":["25岁以下","26-30岁","31-35岁","36-40岁","41岁以上"],"dataval":[["2012","4678","465","2307","774"],["0.1136","0.1782","0.2709","0.0382","0.1279"]]}}
2016-12-14 10:45:26,739 [43] DEBUG EmpolyeeController [(null)] - {"Success":true,"Message":"成功","Data":{"seriesname":[],"datakey":["G1","G2","G3","G4","G5","G6","G7","G8"],"dataval":[["1810","2314","4249","","4350","4659","3100","877"],["0.1693","0.3378","0.1567","","0.1104","0.1417","0.0465","0.3360"]]}}
2016-12-14 10:46:35,210 [55] DEBUG EmpolyeeController [(null)] - {"Success":true,"Message":"成功","Data":[{"Name":"管理类","ItemId":"60001","Count":"1366"},{"Name":"销售客服类","ItemId":"60002","Count":"268"},{"Name":"产品开发类","ItemId":"60003","Count":"4774"},{"Name":"支持类","ItemId":"60004","Count":"3475"},{"Name":"编辑类","ItemId":"60005","Count":"3376"},{"Name":"市场类","ItemId":"60006","Count":"3360"}]}
2016-12-14 10:46:35,211 [54] DEBUG EmpolyeeController [(null)] - {"Success":true,"Message":"成功","Data":{"seriesname":[],"datakey":["G1","G2","G3","G4","G5","G6","G7","G8"],"dataval":[["1810","2314","4249","","4350","4659","3100","877"],["0.1693","0.3378","0.1567","","0.1104","0.1417","0.0465","0.3360"]]}}
2016-12-14 10:46:35,210 [52] DEBUG EmpolyeeController [(null)] - {"Success":true,"Message":"成功","Data":{"seriesname":[],"datakey":["25岁以下","26-30岁","31-35岁","36-40岁","41岁以上"],"dataval":[["2012","4678","465","2307","774"],["0.1136","0.1782","0.2709","0.0382","0.1279"]]}}
2016-12-14 10:46:35,227 [44] DEBUG EmpolyeeController [(null)] - {"Success":true,"Message":"成功","Data":[{"Name":"1年以下","ItemId":"40001","Count":"1565"},{"Name":"1-3年","ItemId":"40002","Count":"4850"},{"Name":"3-5年","ItemId":"40003","Count":"4464"},{"Name":"5年以上","ItemId":"40004","Count":"1629"}]}
2016-12-14 10:46:35,282 [44] ERROR OASysRightManager2016.Common [(null)] - [GetJsonDataByResult]报错
System.NullReferenceException: 未将对象引用设置到对象的实例。
   在 BitAuto.DSC.OASysRightManager2016.Common.Common.Util.GetJsonDataByResult(Object obj, String message)
2016-12-14 10:46:35,282 [55] ERROR OASysRightManager2016.Common [(null)] - [GetJsonDataByResult]报错
System.NullReferenceException: 未将对象引用设置到对象的实例。
   在 BitAuto.DSC.OASysRightManager2016.Common.Common.Util.GetJsonDataByResult(Object obj, String message)
2016-12-14 10:46:35,282 [54] ERROR OASysRightManager2016.Common [(null)] - [GetJsonDataByResult]报错
System.NullReferenceException: 未将对象引用设置到对象的实例。
   在 BitAuto.DSC.OASysRightManager2016.Common.Common.Util.GetJsonDataByResult(Object obj, String message)
2016-12-14 10:46:35,282 [52] ERROR OASysRightManager2016.Common [(null)] - [GetJsonDataByResult]报错
System.NullReferenceException: 未将对象引用设置到对象的实例。
   在 BitAuto.DSC.OASysRightManager2016.Common.Common.Util.GetJsonDataByResult(Object obj, String message)
2016-12-14 10:46:57,246 [44] DEBUG EmpolyeeController [(null)] - {"Success":true,"Message":"成功","Data":[{"Name":"管理类","ItemId":"60001","Count":"1366"},{"Name":"销售客服类","ItemId":"60002","Count":"268"},{"Name":"产品开发类","ItemId":"60003","Count":"4774"},{"Name":"支持类","ItemId":"60004","Count":"3475"},{"Name":"编辑类","ItemId":"60005","Count":"3376"},{"Name":"市场类","ItemId":"60006","Count":"3360"}]}
2016-12-14 10:46:57,247 [44] ERROR OASysRightManager2016.Common [(null)] - [GetJsonDataByResult]报错
System.NullReferenceException: 未将对象引用设置到对象的实例。
   在 BitAuto.DSC.OASysRightManager2016.Common.Common.Util.GetJsonDataByResult(Object obj, String message)
2016-12-14 10:46:57,254 [53] DEBUG EmpolyeeController [(null)] - {"Success":true,"Message":"成功","Data":[{"Name":"1年以下","ItemId":"40001","Count":"1565"},{"Name":"1-3年","ItemId":"40002","Count":"4850"},{"Name":"3-5年","ItemId":"40003","Count":"4464"},{"Name":"5年以上","ItemId":"40004","Count":"1629"}]}
2016-12-14 10:46:57,254 [53] ERROR OASysRightManager2016.Common [(null)] - [GetJsonDataByResult]报错
System.NullReferenceException: 未将对象引用设置到对象的实例。
   在 BitAuto.DSC.OASysRightManager2016.Common.Common.Util.GetJsonDataByResult(Object obj, String message)
2016-12-14 10:46:57,258 [55] DEBUG EmpolyeeController [(null)] - {"Success":true,"Message":"成功","Data":{"seriesname":[],"datakey":["25岁以下","26-30岁","31-35岁","36-40岁","41岁以上"],"dataval":[["2012","4678","465","2307","774"],["0.1136","0.1782","0.2709","0.0382","0.1279"]]}}
2016-12-14 10:46:57,258 [55] ERROR OASysRightManager2016.Common [(null)] - [GetJsonDataByResult]报错
System.NullReferenceException: 未将对象引用设置到对象的实例。
   在 BitAuto.DSC.OASysRightManager2016.Common.Common.Util.GetJsonDataByResult(Object obj, String message)
2016-12-14 10:46:57,493 [43] DEBUG EmpolyeeController [(null)] - {"Success":true,"Message":"成功","Data":{"seriesname":[],"datakey":["G1","G2","G3","G4","G5","G6","G7","G8"],"dataval":[["1810","2314","4249","","4350","4659","3100","877"],["0.1693","0.3378","0.1567","","0.1104","0.1417","0.0465","0.3360"]]}}
2016-12-14 10:46:57,494 [43] ERROR OASysRightManager2016.Common [(null)] - [GetJsonDataByResult]报错
System.NullReferenceException: 未将对象引用设置到对象的实例。
   在 BitAuto.DSC.OASysRightManager2016.Common.Common.Util.GetJsonDataByResult(Object obj, String message)
2016-12-14 10:47:34,947 [43] DEBUG EmpolyeeController [(null)] - {"Success":true,"Message":"成功","Data":{"seriesname":[],"datakey":["G1","G2","G3","G4","G5","G6","G7","G8"],"dataval":[["1810","2314","4249","","4350","4659","3100","877"],["0.1693","0.3378","0.1567","","0.1104","0.1417","0.0465","0.3360"]]}}
2016-12-14 10:47:34,947 [50] DEBUG EmpolyeeController [(null)] - {"Success":true,"Message":"成功","Data":[{"Name":"管理类","ItemId":"60001","Count":"1366"},{"Name":"销售客服类","ItemId":"60002","Count":"268"},{"Name":"产品开发类","ItemId":"60003","Count":"4774"},{"Name":"支持类","ItemId":"60004","Count":"3475"},{"Name":"编辑类","ItemId":"60005","Count":"3376"},{"Name":"市场类","ItemId":"60006","Count":"3360"}]}
2016-12-14 10:47:34,947 [54] DEBUG EmpolyeeController [(null)] - {"Success":true,"Message":"成功","Data":[{"Name":"1年以下","ItemId":"40001","Count":"1565"},{"Name":"1-3年","ItemId":"40002","Count":"4850"},{"Name":"3-5年","ItemId":"40003","Count":"4464"},{"Name":"5年以上","ItemId":"40004","Count":"1629"}]}
2016-12-14 10:47:34,947 [44] DEBUG EmpolyeeController [(null)] - {"Success":true,"Message":"成功","Data":{"seriesname":[],"datakey":["25岁以下","26-30岁","31-35岁","36-40岁","41岁以上"],"dataval":[["2012","4678","465","2307","774"],["0.1136","0.1782","0.2709","0.0382","0.1279"]]}}
2016-12-14 10:47:35,022 [44] ERROR OASysRightManager2016.Common [(null)] - [GetJsonDataByResult]报错
System.NullReferenceException: 未将对象引用设置到对象的实例。
   在 BitAuto.DSC.OASysRightManager2016.Common.Common.Util.GetJsonDataByResult(Object obj, String message)
2016-12-14 10:47:35,022 [54] ERROR OASysRightManager2016.Common [(null)] - [GetJsonDataByResult]报错
System.NullReferenceException: 未将对象引用设置到对象的实例。
   在 BitAuto.DSC.OASysRightManager2016.Common.Common.Util.GetJsonDataByResult(Object obj, String message)
2016-12-14 10:47:35,022 [50] ERROR OASysRightManager2016.Common [(null)] - [GetJsonDataByResult]报错
System.NullReferenceException: 未将对象引用设置到对象的实例。
   在 BitAuto.DSC.OASysRightManager2016.Common.Common.Util.GetJsonDataByResult(Object obj, String message)
2016-12-14 10:47:35,022 [43] ERROR OASysRightManager2016.Common [(null)] - [GetJsonDataByResult]报错
System.NullReferenceException: 未将对象引用设置到对象的实例。
   在 BitAuto.DSC.OASysRightManager2016.Common.Common.Util.GetJsonDataByResult(Object obj, String message)
2016-12-14 10:47:41,783 [52] DEBUG EmpolyeeController [(null)] - {"Success":true,"Message":"成功","Data":[{"Name":"管理类","ItemId":"60001","Count":"1366"},{"Name":"销售客服类","ItemId":"60002","Count":"268"},{"Name":"产品开发类","ItemId":"60003","Count":"4774"},{"Name":"支持类","ItemId":"60004","Count":"3475"},{"Name":"编辑类","ItemId":"60005","Count":"3376"},{"Name":"市场类","ItemId":"60006","Count":"3360"}]}
2016-12-14 10:47:41,783 [52] ERROR OASysRightManager2016.Common [(null)] - [GetJsonDataByResult]报错
System.NullReferenceException: 未将对象引用设置到对象的实例。
   在 BitAuto.DSC.OASysRightManager2016.Common.Common.Util.GetJsonDataByResult(Object obj, String message)
2016-12-14 10:47:41,787 [43] DEBUG EmpolyeeController [(null)] - {"Success":true,"Message":"成功","Data":[{"Name":"1年以下","ItemId":"40001","Count":"1565"},{"Name":"1-3年","ItemId":"40002","Count":"4850"},{"Name":"3-5年","ItemId":"40003","Count":"4464"},{"Name":"5年以上","ItemId":"40004","Count":"1629"}]}
2016-12-14 10:47:41,788 [43] ERROR OASysRightManager2016.Common [(null)] - [GetJsonDataByResult]报错
System.NullReferenceException: 未将对象引用设置到对象的实例。
   在 BitAuto.DSC.OASysRightManager2016.Common.Common.Util.GetJsonDataByResult(Object obj, String message)
2016-12-14 10:47:41,791 [55] DEBUG EmpolyeeController [(null)] - {"Success":true,"Message":"成功","Data":{"seriesname":[],"datakey":["25岁以下","26-30岁","31-35岁","36-40岁","41岁以上"],"dataval":[["2012","4678","465","2307","774"],["0.1136","0.1782","0.2709","0.0382","0.1279"]]}}
2016-12-14 10:47:41,792 [55] ERROR OASysRightManager2016.Common [(null)] - [GetJsonDataByResult]报错
System.NullReferenceException: 未将对象引用设置到对象的实例。
   在 BitAuto.DSC.OASysRightManager2016.Common.Common.Util.GetJsonDataByResult(Object obj, String message)
2016-12-14 10:47:42,062 [44] DEBUG EmpolyeeController [(null)] - {"Success":true,"Message":"成功","Data":{"seriesname":[],"datakey":["G1","G2","G3","G4","G5","G6","G7","G8"],"dataval":[["1810","2314","4249","","4350","4659","3100","877"],["0.1693","0.3378","0.1567","","0.1104","0.1417","0.0465","0.3360"]]}}
2016-12-14 10:47:42,063 [44] ERROR OASysRightManager2016.Common [(null)] - [GetJsonDataByResult]报错
System.NullReferenceException: 未将对象引用设置到对象的实例。
   在 BitAuto.DSC.OASysRightManager2016.Common.Common.Util.GetJsonDataByResult(Object obj, String message)
2016-12-14 10:47:47,526 [52] DEBUG EmpolyeeController [(null)] - {"Success":true,"Message":"成功","Data":[{"Name":"1年以下","ItemId":"40001","Count":"1565"},{"Name":"1-3年","ItemId":"40002","Count":"4850"},{"Name":"3-5年","ItemId":"40003","Count":"4464"},{"Name":"5年以上","ItemId":"40004","Count":"1629"}]}
2016-12-14 10:47:47,526 [52] ERROR OASysRightManager2016.Common [(null)] - [GetJsonDataByResult]报错
System.NullReferenceException: 未将对象引用设置到对象的实例。
   在 BitAuto.DSC.OASysRightManager2016.Common.Common.Util.GetJsonDataByResult(Object obj, String message)
2016-12-14 10:47:47,541 [44] DEBUG EmpolyeeController [(null)] - {"Success":true,"Message":"成功","Data":[{"Name":"管理类","ItemId":"60001","Count":"1366"},{"Name":"销售客服类","ItemId":"60002","Count":"268"},{"Name":"产品开发类","ItemId":"60003","Count":"4774"},{"Name":"支持类","ItemId":"60004","Count":"3475"},{"Name":"编辑类","ItemId":"60005","Count":"3376"},{"Name":"市场类","ItemId":"60006","Count":"3360"}]}
2016-12-14 10:47:47,541 [44] ERROR OASysRightManager2016.Common [(null)] - [GetJsonDataByResult]报错
System.NullReferenceException: 未将对象引用设置到对象的实例。
   在 BitAuto.DSC.OASysRightManager2016.Common.Common.Util.GetJsonDataByResult(Object obj, String message)
2016-12-14 10:47:47,556 [52] DEBUG EmpolyeeController [(null)] - {"Success":true,"Message":"成功","Data":{"seriesname":[],"datakey":["25岁以下","26-30岁","31-35岁","36-40岁","41岁以上"],"dataval":[["2012","4678","465","2307","774"],["0.1136","0.1782","0.2709","0.0382","0.1279"]]}}
2016-12-14 10:47:47,556 [52] ERROR OASysRightManager2016.Common [(null)] - [GetJsonDataByResult]报错
System.NullReferenceException: 未将对象引用设置到对象的实例。
   在 BitAuto.DSC.OASysRightManager2016.Common.Common.Util.GetJsonDataByResult(Object obj, String message)
2016-12-14 10:47:47,780 [44] DEBUG EmpolyeeController [(null)] - {"Success":true,"Message":"成功","Data":{"seriesname":[],"datakey":["G1","G2","G3","G4","G5","G6","G7","G8"],"dataval":[["1810","2314","4249","","4350","4659","3100","877"],["0.1693","0.3378","0.1567","","0.1104","0.1417","0.0465","0.3360"]]}}
2016-12-14 10:47:47,781 [44] ERROR OASysRightManager2016.Common [(null)] - [GetJsonDataByResult]报错
System.NullReferenceException: 未将对象引用设置到对象的实例。
   在 BitAuto.DSC.OASysRightManager2016.Common.Common.Util.GetJsonDataByResult(Object obj, String message)
2016-12-14 11:46:19,107 [23] DEBUG xchyhzController [(null)] - {"Success":true,"Message":"成功","Data":{"seriesname":["总体","车易通","车盟通","微信通"],"datakey":["2016Q1","2016Q2","2016Q3","2016Q4"],"dataval":[["141770.90"],["598801.48","363853.08","283801.43","46265.99"],["683549.56","443684.89","238070.01","45583.84"],["502739.53","389996.83","182792.01","49921.07"]]}}
2016-12-14 11:46:19,517 [27] DEBUG xchyhzController [(null)] - {"Success":true,"Message":"成功","Data":{"year":2016,"allavg":"50874.994892","cmtavg":"66751.117500","cytavg":"57332.781666","wxtavg":"51298.637500"}}
2016-12-14 11:46:25,422 [18] DEBUG xchyhzController [(null)] - {"Success":true,"Message":"成功","Data":[{"Name":"车易通","TypeID":"90001","Percent":"0.8739","Count":"1612339303","Total":"1845012381"},{"Name":"车盟通","TypeID":"90002","Percent":"0.1459","Count":"248408088","Total":"1702252005"},{"Name":"微信通","TypeID":"90003","Percent":"2.9242","Count":"1988113897","Total":"679882102"}]}
2016-12-14 13:16:43,336 [5] ERROR APPReport2016.BLL [(null)] - IsAuthorized验证失败
System.NullReferenceException: 未将对象引用设置到对象的实例。
   在 BitAuto.YanFa.OASysRightManager2011.Common.EmployeeInfo.CheckRight(String moduleID, String sysID)
   在 BitAuto.DSC.APPReport2016.WebAPI.Filter.LoginAuthorize.IsAuthorized(HttpActionContext actionContext) 位置 D:\TFS-Root\A5信息系统研发\内部办公信息化\APP报表展示系统\Src\BitAuto.DSC.APPReport2016.WebAPI\Filter\LoginAuthorize.cs:行号 47
2016-12-14 13:16:43,479 [5] INFO  APPReport_WebApi [(null)] - [LoginAuthorize]用户验证失败，用户IP 127.0.0.1, 用户请求的地址为 http://ar.sys1.bitauto.com/api/ptfgyh/GetData?r=0.3390940804206767,UrlRefer为 http://ar.sys1.bitauto.com/html/平台覆盖用户/ptfgyh.htm
2016-12-14 13:22:55,015 [25] ERROR APPReport2016.BLL [(null)] - IsAuthorized验证失败
System.NullReferenceException: 未将对象引用设置到对象的实例。
   在 BitAuto.YanFa.OASysRightManager2011.Common.EmployeeInfo.CheckRight(String moduleID, String sysID)
   在 BitAuto.DSC.APPReport2016.WebAPI.Filter.LoginAuthorize.IsAuthorized(HttpActionContext actionContext) 位置 D:\TFS-Root\A5信息系统研发\内部办公信息化\APP报表展示系统\Src\BitAuto.DSC.APPReport2016.WebAPI\Filter\LoginAuthorize.cs:行号 47
2016-12-14 13:22:55,129 [25] INFO  APPReport_WebApi [(null)] - [LoginAuthorize]用户验证失败，用户IP 127.0.0.1, 用户请求的地址为 http://ar.sys1.bitauto.com/api/ptfgyh/GetData?r=0.3631064584478736,UrlRefer为 http://ar.sys1.bitauto.com/html/平台覆盖用户/ptfgyh.htm
2016-12-14 14:04:07,594 [7] ERROR APPReport2016.BLL [(null)] - IsAuthorized验证失败
System.NullReferenceException: 未将对象引用设置到对象的实例。
   在 BitAuto.YanFa.OASysRightManager2011.Common.EmployeeInfo.CheckRight(String moduleID, String sysID)
   在 BitAuto.DSC.APPReport2016.WebAPI.Filter.LoginAuthorize.IsAuthorized(HttpActionContext actionContext) 位置 D:\TFS-Root\A5信息系统研发\内部办公信息化\APP报表展示系统\Src\BitAuto.DSC.APPReport2016.WebAPI\Filter\LoginAuthorize.cs:行号 47
2016-12-14 14:04:07,738 [7] INFO  APPReport_WebApi [(null)] - [LoginAuthorize]用户验证失败，用户IP 127.0.0.1, 用户请求的地址为 http://ar.sys1.bitauto.com/api/sjjk/GetLeadsPieChartData?type=1&date=&r=0.5221037047713202,UrlRefer为 http://ar.sys1.bitauto.com/html/商机监控/ptwd.htm
