2016-12-13 09:17:35,114 [104] DEBUG xchyhzController [(null)] - {"Success":true,"Message":"成功","Data":[{"Name":"车易通","TypeID":"90001","Percent":"0.8739","Count":"1612339303","Total":"1845012381"},{"Name":"车盟通","TypeID":"90002","Percent":"0.1459","Count":"248408088","Total":"1702252005"},{"Name":"微信通","TypeID":"90003","Percent":"2.9242","Count":"1988113897","Total":"679882102"}]}
2016-12-13 09:17:35,335 [104] ERROR OASysRightManager2016.Common [(null)] - [GetJsonDataByResult]报错
System.NullReferenceException: 未将对象引用设置到对象的实例。
   在 BitAuto.DSC.OASysRightManager2016.Common.Common.Util.GetJsonDataByResult(Object obj, String message)
2016-12-13 09:17:36,682 [114] ERROR OASysRightManager2016.Common [(null)] - [GetJsonDataByResult]报错
System.NullReferenceException: 未将对象引用设置到对象的实例。
   在 BitAuto.DSC.OASysRightManager2016.Common.Common.Util.GetJsonDataByResult(Object obj, String message)
2016-12-13 09:17:40,197 [104] DEBUG xchyhzController [(null)] - {"Success":true,"Message":"成功","Data":[{"Name":"车易通","TypeID":"90001","Percent":"0.8739","Count":"1612339303","Total":"1845012381"},{"Name":"车盟通","TypeID":"90002","Percent":"0.1459","Count":"248408088","Total":"1702252005"},{"Name":"微信通","TypeID":"90003","Percent":"2.9242","Count":"1988113897","Total":"679882102"}]}
2016-12-13 09:17:40,198 [104] ERROR OASysRightManager2016.Common [(null)] - [GetJsonDataByResult]报错
System.NullReferenceException: 未将对象引用设置到对象的实例。
   在 BitAuto.DSC.OASysRightManager2016.Common.Common.Util.GetJsonDataByResult(Object obj, String message)
2016-12-13 09:17:40,627 [118] ERROR OASysRightManager2016.Common [(null)] - [GetJsonDataByResult]报错
System.NullReferenceException: 未将对象引用设置到对象的实例。
   在 BitAuto.DSC.OASysRightManager2016.Common.Common.Util.GetJsonDataByResult(Object obj, String message)
2016-12-13 09:18:57,754 [105] DEBUG xchyhzController [(null)] - {"Success":true,"Message":"成功","Data":[{"Name":"车易通","TypeID":"90001","Percent":"0.8739","Count":"1612339303","Total":"1845012381"},{"Name":"车盟通","TypeID":"90002","Percent":"0.1459","Count":"248408088","Total":"1702252005"},{"Name":"微信通","TypeID":"90003","Percent":"2.9242","Count":"1988113897","Total":"679882102"}]}
2016-12-13 09:18:57,754 [105] ERROR OASysRightManager2016.Common [(null)] - [GetJsonDataByResult]报错
System.NullReferenceException: 未将对象引用设置到对象的实例。
   在 BitAuto.DSC.OASysRightManager2016.Common.Common.Util.GetJsonDataByResult(Object obj, String message)
2016-12-13 09:18:58,191 [110] ERROR OASysRightManager2016.Common [(null)] - [GetJsonDataByResult]报错
System.NullReferenceException: 未将对象引用设置到对象的实例。
   在 BitAuto.DSC.OASysRightManager2016.Common.Common.Util.GetJsonDataByResult(Object obj, String message)
2016-12-13 09:19:10,573 [105] DEBUG xchyhzController [(null)] - {"Success":true,"Message":"成功","Data":[{"Name":"车易通","TypeID":"90001","Percent":"0.8739","Count":"1612339303","Total":"1845012381"},{"Name":"车盟通","TypeID":"90002","Percent":"0.1459","Count":"248408088","Total":"1702252005"},{"Name":"微信通","TypeID":"90003","Percent":"2.9242","Count":"1988113897","Total":"679882102"}]}
2016-12-13 09:19:10,574 [105] ERROR OASysRightManager2016.Common [(null)] - [GetJsonDataByResult]报错
System.NullReferenceException: 未将对象引用设置到对象的实例。
   在 BitAuto.DSC.OASysRightManager2016.Common.Common.Util.GetJsonDataByResult(Object obj, String message)
2016-12-13 09:19:11,051 [108] ERROR OASysRightManager2016.Common [(null)] - [GetJsonDataByResult]报错
System.NullReferenceException: 未将对象引用设置到对象的实例。
   在 BitAuto.DSC.OASysRightManager2016.Common.Common.Util.GetJsonDataByResult(Object obj, String message)
2016-12-13 09:24:24,412 [106] DEBUG xchyhzController [(null)] - {"Success":true,"Message":"成功","Data":[{"Name":"车易通","TypeID":"90001","Percent":"0.8739","Count":"1612339303","Total":"1845012381"},{"Name":"车盟通","TypeID":"90002","Percent":"0.1459","Count":"248408088","Total":"1702252005"},{"Name":"微信通","TypeID":"90003","Percent":"2.9242","Count":"1988113897","Total":"679882102"}]}
2016-12-13 09:24:24,412 [106] ERROR OASysRightManager2016.Common [(null)] - [GetJsonDataByResult]报错
System.NullReferenceException: 未将对象引用设置到对象的实例。
   在 BitAuto.DSC.OASysRightManager2016.Common.Common.Util.GetJsonDataByResult(Object obj, String message)
2016-12-13 09:24:24,661 [101] ERROR OASysRightManager2016.Common [(null)] - [GetJsonDataByResult]报错
System.NullReferenceException: 未将对象引用设置到对象的实例。
   在 BitAuto.DSC.OASysRightManager2016.Common.Common.Util.GetJsonDataByResult(Object obj, String message)
2016-12-13 09:29:21,581 [96] DEBUG xchyhzController [(null)] - {"Success":true,"Message":"成功","Data":[{"Name":"车易通","TypeID":"90001","Percent":"0.8739","Count":"1612339303","Total":"1845012381"},{"Name":"车盟通","TypeID":"90002","Percent":"0.1459","Count":"248408088","Total":"1702252005"},{"Name":"微信通","TypeID":"90003","Percent":"2.9242","Count":"1988113897","Total":"679882102"}]}
2016-12-13 09:29:21,581 [96] ERROR OASysRightManager2016.Common [(null)] - [GetJsonDataByResult]报错
System.NullReferenceException: 未将对象引用设置到对象的实例。
   在 BitAuto.DSC.OASysRightManager2016.Common.Common.Util.GetJsonDataByResult(Object obj, String message)
2016-12-13 09:29:22,100 [107] ERROR OASysRightManager2016.Common [(null)] - [GetJsonDataByResult]报错
System.NullReferenceException: 未将对象引用设置到对象的实例。
   在 BitAuto.DSC.OASysRightManager2016.Common.Common.Util.GetJsonDataByResult(Object obj, String message)
2016-12-13 09:31:06,507 [106] DEBUG xchyhzController [(null)] - {"Success":true,"Message":"成功","Data":[{"Name":"车易通","TypeID":"90001","Percent":"0.8739","Count":"1612339303","Total":"1845012381"},{"Name":"车盟通","TypeID":"90002","Percent":"0.1459","Count":"248408088","Total":"1702252005"},{"Name":"微信通","TypeID":"90003","Percent":"2.9242","Count":"1988113897","Total":"679882102"}]}
2016-12-13 09:31:06,507 [106] ERROR OASysRightManager2016.Common [(null)] - [GetJsonDataByResult]报错
System.NullReferenceException: 未将对象引用设置到对象的实例。
   在 BitAuto.DSC.OASysRightManager2016.Common.Common.Util.GetJsonDataByResult(Object obj, String message)
2016-12-13 09:31:06,813 [110] ERROR OASysRightManager2016.Common [(null)] - [GetJsonDataByResult]报错
System.NullReferenceException: 未将对象引用设置到对象的实例。
   在 BitAuto.DSC.OASysRightManager2016.Common.Common.Util.GetJsonDataByResult(Object obj, String message)
2016-12-13 09:36:49,541 [93] DEBUG xchyhzController [(null)] - {"Success":true,"Message":"成功","Data":[{"Name":"车易通","TypeID":"90001","Percent":"0.8739","Count":"1612339303","Total":"1845012381"},{"Name":"车盟通","TypeID":"90002","Percent":"0.1459","Count":"248408088","Total":"1702252005"},{"Name":"微信通","TypeID":"90003","Percent":"2.9242","Count":"1988113897","Total":"679882102"}]}
2016-12-13 09:36:49,541 [93] ERROR OASysRightManager2016.Common [(null)] - [GetJsonDataByResult]报错
System.NullReferenceException: 未将对象引用设置到对象的实例。
   在 BitAuto.DSC.OASysRightManager2016.Common.Common.Util.GetJsonDataByResult(Object obj, String message)
2016-12-13 09:36:49,732 [88] ERROR OASysRightManager2016.Common [(null)] - [GetJsonDataByResult]报错
System.NullReferenceException: 未将对象引用设置到对象的实例。
   在 BitAuto.DSC.OASysRightManager2016.Common.Common.Util.GetJsonDataByResult(Object obj, String message)
2016-12-13 09:38:02,625 [106] DEBUG xchyhzController [(null)] - {"Success":true,"Message":"成功","Data":[{"Name":"车易通","TypeID":"90001","Percent":"0.8739","Count":"1612339303","Total":"1845012381"},{"Name":"车盟通","TypeID":"90002","Percent":"0.1459","Count":"248408088","Total":"1702252005"},{"Name":"微信通","TypeID":"90003","Percent":"2.9242","Count":"1988113897","Total":"679882102"}]}
2016-12-13 09:38:02,626 [106] ERROR OASysRightManager2016.Common [(null)] - [GetJsonDataByResult]报错
System.NullReferenceException: 未将对象引用设置到对象的实例。
   在 BitAuto.DSC.OASysRightManager2016.Common.Common.Util.GetJsonDataByResult(Object obj, String message)
2016-12-13 09:38:03,205 [92] ERROR OASysRightManager2016.Common [(null)] - [GetJsonDataByResult]报错
System.NullReferenceException: 未将对象引用设置到对象的实例。
   在 BitAuto.DSC.OASysRightManager2016.Common.Common.Util.GetJsonDataByResult(Object obj, String message)
2016-12-13 09:40:12,807 [91] DEBUG xchyhzController [(null)] - {"Success":true,"Message":"成功","Data":[{"Name":"车易通","TypeID":"90001","Percent":"0.8739","Count":"1612339303","Total":"1845012381"},{"Name":"车盟通","TypeID":"90002","Percent":"0.1459","Count":"248408088","Total":"1702252005"},{"Name":"微信通","TypeID":"90003","Percent":"2.9242","Count":"1988113897","Total":"679882102"}]}
2016-12-13 09:40:12,807 [91] ERROR OASysRightManager2016.Common [(null)] - [GetJsonDataByResult]报错
System.NullReferenceException: 未将对象引用设置到对象的实例。
   在 BitAuto.DSC.OASysRightManager2016.Common.Common.Util.GetJsonDataByResult(Object obj, String message)
2016-12-13 09:40:13,181 [93] ERROR OASysRightManager2016.Common [(null)] - [GetJsonDataByResult]报错
System.NullReferenceException: 未将对象引用设置到对象的实例。
   在 BitAuto.DSC.OASysRightManager2016.Common.Common.Util.GetJsonDataByResult(Object obj, String message)
2016-12-13 09:40:17,512 [102] DEBUG xchyhzController [(null)] - {"Success":true,"Message":"成功","Data":[{"Name":"车易通","TypeID":"90001","Percent":"0.8739","Count":"1612339303","Total":"1845012381"},{"Name":"车盟通","TypeID":"90002","Percent":"0.1459","Count":"248408088","Total":"1702252005"},{"Name":"微信通","TypeID":"90003","Percent":"2.9242","Count":"1988113897","Total":"679882102"}]}
2016-12-13 09:40:17,513 [102] ERROR OASysRightManager2016.Common [(null)] - [GetJsonDataByResult]报错
System.NullReferenceException: 未将对象引用设置到对象的实例。
   在 BitAuto.DSC.OASysRightManager2016.Common.Common.Util.GetJsonDataByResult(Object obj, String message)
2016-12-13 09:40:17,945 [106] ERROR OASysRightManager2016.Common [(null)] - [GetJsonDataByResult]报错
System.NullReferenceException: 未将对象引用设置到对象的实例。
   在 BitAuto.DSC.OASysRightManager2016.Common.Common.Util.GetJsonDataByResult(Object obj, String message)
2016-12-13 09:42:35,034 [96] DEBUG xchyhzController [(null)] - {"Success":true,"Message":"成功","Data":[{"Name":"车易通","TypeID":"90001","Percent":"0.8739","Count":"1612339303","Total":"1845012381"},{"Name":"车盟通","TypeID":"90002","Percent":"0.1459","Count":"248408088","Total":"1702252005"},{"Name":"微信通","TypeID":"90003","Percent":"2.9242","Count":"1988113897","Total":"679882102"}]}
2016-12-13 09:42:35,035 [96] ERROR OASysRightManager2016.Common [(null)] - [GetJsonDataByResult]报错
System.NullReferenceException: 未将对象引用设置到对象的实例。
   在 BitAuto.DSC.OASysRightManager2016.Common.Common.Util.GetJsonDataByResult(Object obj, String message)
2016-12-13 09:42:35,544 [93] ERROR OASysRightManager2016.Common [(null)] - [GetJsonDataByResult]报错
System.NullReferenceException: 未将对象引用设置到对象的实例。
   在 BitAuto.DSC.OASysRightManager2016.Common.Common.Util.GetJsonDataByResult(Object obj, String message)
2016-12-13 09:43:03,759 [89] DEBUG xchyhzController [(null)] - {"Success":true,"Message":"成功","Data":[{"Name":"车易通","TypeID":"90001","Percent":"0.8739","Count":"1612339303","Total":"1845012381"},{"Name":"车盟通","TypeID":"90002","Percent":"0.1459","Count":"248408088","Total":"1702252005"},{"Name":"微信通","TypeID":"90003","Percent":"2.9242","Count":"1988113897","Total":"679882102"}]}
2016-12-13 09:43:03,759 [89] ERROR OASysRightManager2016.Common [(null)] - [GetJsonDataByResult]报错
System.NullReferenceException: 未将对象引用设置到对象的实例。
   在 BitAuto.DSC.OASysRightManager2016.Common.Common.Util.GetJsonDataByResult(Object obj, String message)
2016-12-13 09:43:04,260 [106] ERROR OASysRightManager2016.Common [(null)] - [GetJsonDataByResult]报错
System.NullReferenceException: 未将对象引用设置到对象的实例。
   在 BitAuto.DSC.OASysRightManager2016.Common.Common.Util.GetJsonDataByResult(Object obj, String message)
2016-12-13 09:43:19,896 [93] DEBUG xchyhzController [(null)] - {"Success":true,"Message":"成功","Data":[{"Name":"车易通","TypeID":"90001","Percent":"0.8739","Count":"1612339303","Total":"1845012381"},{"Name":"车盟通","TypeID":"90002","Percent":"0.1459","Count":"248408088","Total":"1702252005"},{"Name":"微信通","TypeID":"90003","Percent":"2.9242","Count":"1988113897","Total":"679882102"}]}
2016-12-13 09:43:19,897 [93] ERROR OASysRightManager2016.Common [(null)] - [GetJsonDataByResult]报错
System.NullReferenceException: 未将对象引用设置到对象的实例。
   在 BitAuto.DSC.OASysRightManager2016.Common.Common.Util.GetJsonDataByResult(Object obj, String message)
2016-12-13 09:43:20,505 [91] ERROR OASysRightManager2016.Common [(null)] - [GetJsonDataByResult]报错
System.NullReferenceException: 未将对象引用设置到对象的实例。
   在 BitAuto.DSC.OASysRightManager2016.Common.Common.Util.GetJsonDataByResult(Object obj, String message)
2016-12-13 09:43:47,179 [88] DEBUG xchyhzController [(null)] - {"Success":true,"Message":"成功","Data":[{"Name":"车易通","TypeID":"90001","Percent":"0.8739","Count":"1612339303","Total":"1845012381"},{"Name":"车盟通","TypeID":"90002","Percent":"0.1459","Count":"248408088","Total":"1702252005"},{"Name":"微信通","TypeID":"90003","Percent":"2.9242","Count":"1988113897","Total":"679882102"}]}
2016-12-13 09:43:47,179 [88] ERROR OASysRightManager2016.Common [(null)] - [GetJsonDataByResult]报错
System.NullReferenceException: 未将对象引用设置到对象的实例。
   在 BitAuto.DSC.OASysRightManager2016.Common.Common.Util.GetJsonDataByResult(Object obj, String message)
2016-12-13 09:43:47,578 [89] ERROR OASysRightManager2016.Common [(null)] - [GetJsonDataByResult]报错
System.NullReferenceException: 未将对象引用设置到对象的实例。
   在 BitAuto.DSC.OASysRightManager2016.Common.Common.Util.GetJsonDataByResult(Object obj, String message)
2016-12-13 09:44:08,595 [102] DEBUG xchyhzController [(null)] - {"Success":true,"Message":"成功","Data":[{"Name":"车易通","TypeID":"90001","Percent":"0.8739","Count":"1612339303","Total":"1845012381"},{"Name":"车盟通","TypeID":"90002","Percent":"0.1459","Count":"248408088","Total":"1702252005"},{"Name":"微信通","TypeID":"90003","Percent":"2.9242","Count":"1988113897","Total":"679882102"}]}
2016-12-13 09:44:08,595 [102] ERROR OASysRightManager2016.Common [(null)] - [GetJsonDataByResult]报错
System.NullReferenceException: 未将对象引用设置到对象的实例。
   在 BitAuto.DSC.OASysRightManager2016.Common.Common.Util.GetJsonDataByResult(Object obj, String message)
2016-12-13 09:44:09,006 [97] ERROR OASysRightManager2016.Common [(null)] - [GetJsonDataByResult]报错
System.NullReferenceException: 未将对象引用设置到对象的实例。
   在 BitAuto.DSC.OASysRightManager2016.Common.Common.Util.GetJsonDataByResult(Object obj, String message)
2016-12-13 09:47:51,056 [88] DEBUG xchyhzController [(null)] - {"Success":true,"Message":"成功","Data":[{"Name":"车易通","TypeID":"90001","Percent":"0.8739","Count":"1612339303","Total":"1845012381"},{"Name":"车盟通","TypeID":"90002","Percent":"0.1459","Count":"248408088","Total":"1702252005"},{"Name":"微信通","TypeID":"90003","Percent":"2.9242","Count":"1988113897","Total":"679882102"}]}
2016-12-13 09:47:51,056 [88] ERROR OASysRightManager2016.Common [(null)] - [GetJsonDataByResult]报错
System.NullReferenceException: 未将对象引用设置到对象的实例。
   在 BitAuto.DSC.OASysRightManager2016.Common.Common.Util.GetJsonDataByResult(Object obj, String message)
2016-12-13 09:47:51,583 [106] ERROR OASysRightManager2016.Common [(null)] - [GetJsonDataByResult]报错
System.NullReferenceException: 未将对象引用设置到对象的实例。
   在 BitAuto.DSC.OASysRightManager2016.Common.Common.Util.GetJsonDataByResult(Object obj, String message)
2016-12-13 09:52:48,518 [99] DEBUG xchyhzController [(null)] - {"Success":true,"Message":"成功","Data":[{"Name":"车易通","TypeID":"90001","Percent":"0.8739","Count":"1612339303","Total":"1845012381"},{"Name":"车盟通","TypeID":"90002","Percent":"0.1459","Count":"248408088","Total":"1702252005"},{"Name":"微信通","TypeID":"90003","Percent":"2.9242","Count":"1988113897","Total":"679882102"}]}
2016-12-13 09:52:48,518 [99] ERROR OASysRightManager2016.Common [(null)] - [GetJsonDataByResult]报错
System.NullReferenceException: 未将对象引用设置到对象的实例。
   在 BitAuto.DSC.OASysRightManager2016.Common.Common.Util.GetJsonDataByResult(Object obj, String message)
2016-12-13 09:52:49,046 [97] ERROR OASysRightManager2016.Common [(null)] - [GetJsonDataByResult]报错
System.NullReferenceException: 未将对象引用设置到对象的实例。
   在 BitAuto.DSC.OASysRightManager2016.Common.Common.Util.GetJsonDataByResult(Object obj, String message)
2016-12-13 09:55:28,721 [107] DEBUG xchyhzController [(null)] - {"Success":true,"Message":"成功","Data":[{"Name":"车易通","TypeID":"90001","Percent":"0.8739","Count":"1612339303","Total":"1845012381"},{"Name":"车盟通","TypeID":"90002","Percent":"0.1459","Count":"248408088","Total":"1702252005"},{"Name":"微信通","TypeID":"90003","Percent":"2.9242","Count":"1988113897","Total":"679882102"}]}
2016-12-13 09:55:28,721 [107] ERROR OASysRightManager2016.Common [(null)] - [GetJsonDataByResult]报错
System.NullReferenceException: 未将对象引用设置到对象的实例。
   在 BitAuto.DSC.OASysRightManager2016.Common.Common.Util.GetJsonDataByResult(Object obj, String message)
2016-12-13 09:55:29,232 [93] ERROR OASysRightManager2016.Common [(null)] - [GetJsonDataByResult]报错
System.NullReferenceException: 未将对象引用设置到对象的实例。
   在 BitAuto.DSC.OASysRightManager2016.Common.Common.Util.GetJsonDataByResult(Object obj, String message)
2016-12-13 09:56:56,080 [91] DEBUG xchyhzController [(null)] - {"Success":true,"Message":"成功","Data":[{"Name":"车易通","TypeID":"90001","Percent":"0.8739","Count":"1612339303","Total":"1845012381"},{"Name":"车盟通","TypeID":"90002","Percent":"0.1459","Count":"248408088","Total":"1702252005"},{"Name":"微信通","TypeID":"90003","Percent":"2.9242","Count":"1988113897","Total":"679882102"}]}
2016-12-13 09:56:56,080 [91] ERROR OASysRightManager2016.Common [(null)] - [GetJsonDataByResult]报错
System.NullReferenceException: 未将对象引用设置到对象的实例。
   在 BitAuto.DSC.OASysRightManager2016.Common.Common.Util.GetJsonDataByResult(Object obj, String message)
2016-12-13 09:56:56,293 [88] ERROR OASysRightManager2016.Common [(null)] - [GetJsonDataByResult]报错
System.NullReferenceException: 未将对象引用设置到对象的实例。
   在 BitAuto.DSC.OASysRightManager2016.Common.Common.Util.GetJsonDataByResult(Object obj, String message)
2016-12-13 09:56:59,846 [107] ERROR OASysRightManager2016.Common [(null)] - [GetJsonDataByResult]报错
System.NullReferenceException: 未将对象引用设置到对象的实例。
   在 BitAuto.DSC.OASysRightManager2016.Common.Common.Util.GetJsonDataByResult(Object obj, String message)
2016-12-13 09:57:04,195 [88] ERROR OASysRightManager2016.Common [(null)] - [GetJsonDataByResult]报错
System.NullReferenceException: 未将对象引用设置到对象的实例。
   在 BitAuto.DSC.OASysRightManager2016.Common.Common.Util.GetJsonDataByResult(Object obj, String message)
2016-12-13 09:57:07,133 [91] ERROR OASysRightManager2016.Common [(null)] - [GetJsonDataByResult]报错
System.NullReferenceException: 未将对象引用设置到对象的实例。
   在 BitAuto.DSC.OASysRightManager2016.Common.Common.Util.GetJsonDataByResult(Object obj, String message)
2016-12-13 09:57:08,527 [90] ERROR OASysRightManager2016.Common [(null)] - [GetJsonDataByResult]报错
System.NullReferenceException: 未将对象引用设置到对象的实例。
   在 BitAuto.DSC.OASysRightManager2016.Common.Common.Util.GetJsonDataByResult(Object obj, String message)
2016-12-13 09:57:10,583 [96] ERROR OASysRightManager2016.Common [(null)] - [GetJsonDataByResult]报错
System.NullReferenceException: 未将对象引用设置到对象的实例。
   在 BitAuto.DSC.OASysRightManager2016.Common.Common.Util.GetJsonDataByResult(Object obj, String message)
2016-12-13 09:57:11,673 [97] ERROR OASysRightManager2016.Common [(null)] - [GetJsonDataByResult]报错
System.NullReferenceException: 未将对象引用设置到对象的实例。
   在 BitAuto.DSC.OASysRightManager2016.Common.Common.Util.GetJsonDataByResult(Object obj, String message)
2016-12-13 09:57:12,577 [91] ERROR OASysRightManager2016.Common [(null)] - [GetJsonDataByResult]报错
System.NullReferenceException: 未将对象引用设置到对象的实例。
   在 BitAuto.DSC.OASysRightManager2016.Common.Common.Util.GetJsonDataByResult(Object obj, String message)
2016-12-13 09:57:14,641 [92] ERROR OASysRightManager2016.Common [(null)] - [GetJsonDataByResult]报错
System.NullReferenceException: 未将对象引用设置到对象的实例。
   在 BitAuto.DSC.OASysRightManager2016.Common.Common.Util.GetJsonDataByResult(Object obj, String message)
2016-12-13 09:57:15,364 [97] ERROR OASysRightManager2016.Common [(null)] - [GetJsonDataByResult]报错
System.NullReferenceException: 未将对象引用设置到对象的实例。
   在 BitAuto.DSC.OASysRightManager2016.Common.Common.Util.GetJsonDataByResult(Object obj, String message)
2016-12-13 09:57:16,009 [99] ERROR OASysRightManager2016.Common [(null)] - [GetJsonDataByResult]报错
System.NullReferenceException: 未将对象引用设置到对象的实例。
   在 BitAuto.DSC.OASysRightManager2016.Common.Common.Util.GetJsonDataByResult(Object obj, String message)
2016-12-13 09:57:16,405 [97] ERROR OASysRightManager2016.Common [(null)] - [GetJsonDataByResult]报错
System.NullReferenceException: 未将对象引用设置到对象的实例。
   在 BitAuto.DSC.OASysRightManager2016.Common.Common.Util.GetJsonDataByResult(Object obj, String message)
2016-12-13 09:57:16,663 [92] ERROR OASysRightManager2016.Common [(null)] - [GetJsonDataByResult]报错
System.NullReferenceException: 未将对象引用设置到对象的实例。
   在 BitAuto.DSC.OASysRightManager2016.Common.Common.Util.GetJsonDataByResult(Object obj, String message)
2016-12-13 09:57:19,827 [91] ERROR OASysRightManager2016.Common [(null)] - [GetJsonDataByResult]报错
System.NullReferenceException: 未将对象引用设置到对象的实例。
   在 BitAuto.DSC.OASysRightManager2016.Common.Common.Util.GetJsonDataByResult(Object obj, String message)
2016-12-13 09:57:21,431 [102] ERROR OASysRightManager2016.Common [(null)] - [GetJsonDataByResult]报错
System.NullReferenceException: 未将对象引用设置到对象的实例。
   在 BitAuto.DSC.OASysRightManager2016.Common.Common.Util.GetJsonDataByResult(Object obj, String message)
2016-12-13 09:57:22,346 [99] ERROR OASysRightManager2016.Common [(null)] - [GetJsonDataByResult]报错
System.NullReferenceException: 未将对象引用设置到对象的实例。
   在 BitAuto.DSC.OASysRightManager2016.Common.Common.Util.GetJsonDataByResult(Object obj, String message)
2016-12-13 09:57:22,998 [88] ERROR OASysRightManager2016.Common [(null)] - [GetJsonDataByResult]报错
System.NullReferenceException: 未将对象引用设置到对象的实例。
   在 BitAuto.DSC.OASysRightManager2016.Common.Common.Util.GetJsonDataByResult(Object obj, String message)
2016-12-13 09:57:27,722 [106] DEBUG xchyhzController [(null)] - {"Success":true,"Message":"成功","Data":[{"Name":"车易通","TypeID":"90001","Percent":"0.8739","Count":"1612339303","Total":"1845012381"},{"Name":"车盟通","TypeID":"90002","Percent":"0.1459","Count":"248408088","Total":"1702252005"},{"Name":"微信通","TypeID":"90003","Percent":"2.9242","Count":"1988113897","Total":"679882102"}]}
2016-12-13 09:57:27,722 [106] ERROR OASysRightManager2016.Common [(null)] - [GetJsonDataByResult]报错
System.NullReferenceException: 未将对象引用设置到对象的实例。
   在 BitAuto.DSC.OASysRightManager2016.Common.Common.Util.GetJsonDataByResult(Object obj, String message)
2016-12-13 09:57:27,949 [107] ERROR OASysRightManager2016.Common [(null)] - [GetJsonDataByResult]报错
System.NullReferenceException: 未将对象引用设置到对象的实例。
   在 BitAuto.DSC.OASysRightManager2016.Common.Common.Util.GetJsonDataByResult(Object obj, String message)
2016-12-13 09:57:29,426 [106] ERROR OASysRightManager2016.Common [(null)] - [GetJsonDataByResult]报错
System.NullReferenceException: 未将对象引用设置到对象的实例。
   在 BitAuto.DSC.OASysRightManager2016.Common.Common.Util.GetJsonDataByResult(Object obj, String message)
2016-12-13 09:57:30,676 [97] ERROR OASysRightManager2016.Common [(null)] - [GetJsonDataByResult]报错
System.NullReferenceException: 未将对象引用设置到对象的实例。
   在 BitAuto.DSC.OASysRightManager2016.Common.Common.Util.GetJsonDataByResult(Object obj, String message)
2016-12-13 09:57:34,056 [99] ERROR OASysRightManager2016.Common [(null)] - [GetJsonDataByResult]报错
System.NullReferenceException: 未将对象引用设置到对象的实例。
   在 BitAuto.DSC.OASysRightManager2016.Common.Common.Util.GetJsonDataByResult(Object obj, String message)
2016-12-13 09:57:36,085 [102] ERROR OASysRightManager2016.Common [(null)] - [GetJsonDataByResult]报错
System.NullReferenceException: 未将对象引用设置到对象的实例。
   在 BitAuto.DSC.OASysRightManager2016.Common.Common.Util.GetJsonDataByResult(Object obj, String message)
2016-12-13 09:57:36,431 [90] ERROR OASysRightManager2016.Common [(null)] - [GetJsonDataByResult]报错
System.NullReferenceException: 未将对象引用设置到对象的实例。
   在 BitAuto.DSC.OASysRightManager2016.Common.Common.Util.GetJsonDataByResult(Object obj, String message)
2016-12-13 09:57:37,309 [91] ERROR OASysRightManager2016.Common [(null)] - [GetJsonDataByResult]报错
System.NullReferenceException: 未将对象引用设置到对象的实例。
   在 BitAuto.DSC.OASysRightManager2016.Common.Common.Util.GetJsonDataByResult(Object obj, String message)
2016-12-13 09:57:38,526 [97] ERROR OASysRightManager2016.Common [(null)] - [GetJsonDataByResult]报错
System.NullReferenceException: 未将对象引用设置到对象的实例。
   在 BitAuto.DSC.OASysRightManager2016.Common.Common.Util.GetJsonDataByResult(Object obj, String message)
2016-12-13 09:57:39,426 [92] ERROR OASysRightManager2016.Common [(null)] - [GetJsonDataByResult]报错
System.NullReferenceException: 未将对象引用设置到对象的实例。
   在 BitAuto.DSC.OASysRightManager2016.Common.Common.Util.GetJsonDataByResult(Object obj, String message)
2016-12-13 09:57:40,007 [90] ERROR OASysRightManager2016.Common [(null)] - [GetJsonDataByResult]报错
System.NullReferenceException: 未将对象引用设置到对象的实例。
   在 BitAuto.DSC.OASysRightManager2016.Common.Common.Util.GetJsonDataByResult(Object obj, String message)
2016-12-13 09:57:40,830 [97] ERROR OASysRightManager2016.Common [(null)] - [GetJsonDataByResult]报错
System.NullReferenceException: 未将对象引用设置到对象的实例。
   在 BitAuto.DSC.OASysRightManager2016.Common.Common.Util.GetJsonDataByResult(Object obj, String message)
2016-12-13 09:57:44,776 [106] ERROR OASysRightManager2016.Common [(null)] - [GetJsonDataByResult]报错
System.NullReferenceException: 未将对象引用设置到对象的实例。
   在 BitAuto.DSC.OASysRightManager2016.Common.Common.Util.GetJsonDataByResult(Object obj, String message)
2016-12-13 09:57:48,771 [99] ERROR OASysRightManager2016.Common [(null)] - [GetJsonDataByResult]报错
System.NullReferenceException: 未将对象引用设置到对象的实例。
   在 BitAuto.DSC.OASysRightManager2016.Common.Common.Util.GetJsonDataByResult(Object obj, String message)
2016-12-13 09:57:56,556 [92] DEBUG xchyhzController [(null)] - {"Success":true,"Message":"成功","Data":[{"Name":"车易通","TypeID":"90001","Percent":"0.8739","Count":"1612339303","Total":"1845012381"},{"Name":"车盟通","TypeID":"90002","Percent":"0.1459","Count":"248408088","Total":"1702252005"},{"Name":"微信通","TypeID":"90003","Percent":"2.9242","Count":"1988113897","Total":"679882102"}]}
2016-12-13 09:57:56,556 [92] ERROR OASysRightManager2016.Common [(null)] - [GetJsonDataByResult]报错
System.NullReferenceException: 未将对象引用设置到对象的实例。
   在 BitAuto.DSC.OASysRightManager2016.Common.Common.Util.GetJsonDataByResult(Object obj, String message)
2016-12-13 09:57:56,979 [88] ERROR OASysRightManager2016.Common [(null)] - [GetJsonDataByResult]报错
System.NullReferenceException: 未将对象引用设置到对象的实例。
   在 BitAuto.DSC.OASysRightManager2016.Common.Common.Util.GetJsonDataByResult(Object obj, String message)
2016-12-13 10:03:40,229 [97] ERROR OASysRightManager2016.Common [(null)] - [GetJsonDataByResult]报错
System.NullReferenceException: 未将对象引用设置到对象的实例。
   在 BitAuto.DSC.OASysRightManager2016.Common.Common.Util.GetJsonDataByResult(Object obj, String message)
2016-12-13 10:03:43,493 [93] ERROR OASysRightManager2016.Common [(null)] - [GetJsonDataByResult]报错
System.NullReferenceException: 未将对象引用设置到对象的实例。
   在 BitAuto.DSC.OASysRightManager2016.Common.Common.Util.GetJsonDataByResult(Object obj, String message)
2016-12-13 10:10:27,306 [99] DEBUG xchyhzController [(null)] - {"Success":true,"Message":"成功","Data":[{"Name":"车易通","TypeID":"90001","Percent":"0.8739","Count":"1612339303","Total":"1845012381"},{"Name":"车盟通","TypeID":"90002","Percent":"0.1459","Count":"248408088","Total":"1702252005"},{"Name":"微信通","TypeID":"90003","Percent":"2.9242","Count":"1988113897","Total":"679882102"}]}
2016-12-13 10:10:27,306 [99] ERROR OASysRightManager2016.Common [(null)] - [GetJsonDataByResult]报错
System.NullReferenceException: 未将对象引用设置到对象的实例。
   在 BitAuto.DSC.OASysRightManager2016.Common.Common.Util.GetJsonDataByResult(Object obj, String message)
2016-12-13 10:10:27,603 [92] ERROR OASysRightManager2016.Common [(null)] - [GetJsonDataByResult]报错
System.NullReferenceException: 未将对象引用设置到对象的实例。
   在 BitAuto.DSC.OASysRightManager2016.Common.Common.Util.GetJsonDataByResult(Object obj, String message)
2016-12-13 10:10:48,004 [102] DEBUG xchyhzController [(null)] - {"Success":true,"Message":"成功","Data":[{"Name":"车易通","TypeID":"90001","Percent":"0.8739","Count":"1612339303","Total":"1845012381"},{"Name":"车盟通","TypeID":"90002","Percent":"0.1459","Count":"248408088","Total":"1702252005"},{"Name":"微信通","TypeID":"90003","Percent":"2.9242","Count":"1988113897","Total":"679882102"}]}
2016-12-13 10:10:48,004 [102] ERROR OASysRightManager2016.Common [(null)] - [GetJsonDataByResult]报错
System.NullReferenceException: 未将对象引用设置到对象的实例。
   在 BitAuto.DSC.OASysRightManager2016.Common.Common.Util.GetJsonDataByResult(Object obj, String message)
2016-12-13 10:10:48,438 [90] ERROR OASysRightManager2016.Common [(null)] - [GetJsonDataByResult]报错
System.NullReferenceException: 未将对象引用设置到对象的实例。
   在 BitAuto.DSC.OASysRightManager2016.Common.Common.Util.GetJsonDataByResult(Object obj, String message)
2016-12-13 10:10:49,317 [92] ERROR OASysRightManager2016.Common [(null)] - [GetJsonDataByResult]报错
System.NullReferenceException: 未将对象引用设置到对象的实例。
   在 BitAuto.DSC.OASysRightManager2016.Common.Common.Util.GetJsonDataByResult(Object obj, String message)
2016-12-13 10:10:50,739 [97] ERROR OASysRightManager2016.Common [(null)] - [GetJsonDataByResult]报错
System.NullReferenceException: 未将对象引用设置到对象的实例。
   在 BitAuto.DSC.OASysRightManager2016.Common.Common.Util.GetJsonDataByResult(Object obj, String message)
2016-12-13 10:10:51,551 [92] ERROR OASysRightManager2016.Common [(null)] - [GetJsonDataByResult]报错
System.NullReferenceException: 未将对象引用设置到对象的实例。
   在 BitAuto.DSC.OASysRightManager2016.Common.Common.Util.GetJsonDataByResult(Object obj, String message)
2016-12-13 10:10:53,197 [99] ERROR OASysRightManager2016.Common [(null)] - [GetJsonDataByResult]报错
System.NullReferenceException: 未将对象引用设置到对象的实例。
   在 BitAuto.DSC.OASysRightManager2016.Common.Common.Util.GetJsonDataByResult(Object obj, String message)
2016-12-13 10:10:53,929 [106] ERROR OASysRightManager2016.Common [(null)] - [GetJsonDataByResult]报错
System.NullReferenceException: 未将对象引用设置到对象的实例。
   在 BitAuto.DSC.OASysRightManager2016.Common.Common.Util.GetJsonDataByResult(Object obj, String message)
2016-12-13 10:10:54,614 [107] ERROR OASysRightManager2016.Common [(null)] - [GetJsonDataByResult]报错
System.NullReferenceException: 未将对象引用设置到对象的实例。
   在 BitAuto.DSC.OASysRightManager2016.Common.Common.Util.GetJsonDataByResult(Object obj, String message)
2016-12-13 10:10:55,625 [96] ERROR OASysRightManager2016.Common [(null)] - [GetJsonDataByResult]报错
System.NullReferenceException: 未将对象引用设置到对象的实例。
   在 BitAuto.DSC.OASysRightManager2016.Common.Common.Util.GetJsonDataByResult(Object obj, String message)
2016-12-13 10:10:56,037 [88] ERROR OASysRightManager2016.Common [(null)] - [GetJsonDataByResult]报错
System.NullReferenceException: 未将对象引用设置到对象的实例。
   在 BitAuto.DSC.OASysRightManager2016.Common.Common.Util.GetJsonDataByResult(Object obj, String message)
2016-12-13 10:10:56,229 [97] ERROR OASysRightManager2016.Common [(null)] - [GetJsonDataByResult]报错
System.NullReferenceException: 未将对象引用设置到对象的实例。
   在 BitAuto.DSC.OASysRightManager2016.Common.Common.Util.GetJsonDataByResult(Object obj, String message)
2016-12-13 10:10:56,579 [88] ERROR OASysRightManager2016.Common [(null)] - [GetJsonDataByResult]报错
System.NullReferenceException: 未将对象引用设置到对象的实例。
   在 BitAuto.DSC.OASysRightManager2016.Common.Common.Util.GetJsonDataByResult(Object obj, String message)
2016-12-13 10:10:56,600 [97] ERROR OASysRightManager2016.Common [(null)] - [GetJsonDataByResult]报错
System.NullReferenceException: 未将对象引用设置到对象的实例。
   在 BitAuto.DSC.OASysRightManager2016.Common.Common.Util.GetJsonDataByResult(Object obj, String message)
2016-12-13 10:10:56,899 [91] ERROR OASysRightManager2016.Common [(null)] - [GetJsonDataByResult]报错
System.NullReferenceException: 未将对象引用设置到对象的实例。
   在 BitAuto.DSC.OASysRightManager2016.Common.Common.Util.GetJsonDataByResult(Object obj, String message)
2016-12-13 10:10:57,168 [102] ERROR OASysRightManager2016.Common [(null)] - [GetJsonDataByResult]报错
System.NullReferenceException: 未将对象引用设置到对象的实例。
   在 BitAuto.DSC.OASysRightManager2016.Common.Common.Util.GetJsonDataByResult(Object obj, String message)
2016-12-13 10:10:57,474 [91] ERROR OASysRightManager2016.Common [(null)] - [GetJsonDataByResult]报错
System.NullReferenceException: 未将对象引用设置到对象的实例。
   在 BitAuto.DSC.OASysRightManager2016.Common.Common.Util.GetJsonDataByResult(Object obj, String message)
2016-12-13 10:10:57,757 [96] ERROR OASysRightManager2016.Common [(null)] - [GetJsonDataByResult]报错
System.NullReferenceException: 未将对象引用设置到对象的实例。
   在 BitAuto.DSC.OASysRightManager2016.Common.Common.Util.GetJsonDataByResult(Object obj, String message)
2016-12-13 10:10:57,779 [90] ERROR OASysRightManager2016.Common [(null)] - [GetJsonDataByResult]报错
System.NullReferenceException: 未将对象引用设置到对象的实例。
   在 BitAuto.DSC.OASysRightManager2016.Common.Common.Util.GetJsonDataByResult(Object obj, String message)
2016-12-13 10:10:58,202 [102] ERROR OASysRightManager2016.Common [(null)] - [GetJsonDataByResult]报错
System.NullReferenceException: 未将对象引用设置到对象的实例。
   在 BitAuto.DSC.OASysRightManager2016.Common.Common.Util.GetJsonDataByResult(Object obj, String message)
2016-12-13 10:10:58,216 [107] ERROR OASysRightManager2016.Common [(null)] - [GetJsonDataByResult]报错
System.NullReferenceException: 未将对象引用设置到对象的实例。
   在 BitAuto.DSC.OASysRightManager2016.Common.Common.Util.GetJsonDataByResult(Object obj, String message)
2016-12-13 10:10:58,527 [96] ERROR OASysRightManager2016.Common [(null)] - [GetJsonDataByResult]报错
System.NullReferenceException: 未将对象引用设置到对象的实例。
   在 BitAuto.DSC.OASysRightManager2016.Common.Common.Util.GetJsonDataByResult(Object obj, String message)
2016-12-13 10:10:59,184 [92] ERROR OASysRightManager2016.Common [(null)] - [GetJsonDataByResult]报错
System.NullReferenceException: 未将对象引用设置到对象的实例。
   在 BitAuto.DSC.OASysRightManager2016.Common.Common.Util.GetJsonDataByResult(Object obj, String message)
2016-12-13 10:11:46,441 [91] DEBUG xchyhzController [(null)] - {"Success":true,"Message":"成功","Data":[{"Name":"车易通","TypeID":"90001","Percent":"0.8739","Count":"1612339303","Total":"1845012381"},{"Name":"车盟通","TypeID":"90002","Percent":"0.1459","Count":"248408088","Total":"1702252005"},{"Name":"微信通","TypeID":"90003","Percent":"2.9242","Count":"1988113897","Total":"679882102"}]}
2016-12-13 10:11:46,442 [91] ERROR OASysRightManager2016.Common [(null)] - [GetJsonDataByResult]报错
System.NullReferenceException: 未将对象引用设置到对象的实例。
   在 BitAuto.DSC.OASysRightManager2016.Common.Common.Util.GetJsonDataByResult(Object obj, String message)
2016-12-13 10:11:46,821 [92] ERROR OASysRightManager2016.Common [(null)] - [GetJsonDataByResult]报错
System.NullReferenceException: 未将对象引用设置到对象的实例。
   在 BitAuto.DSC.OASysRightManager2016.Common.Common.Util.GetJsonDataByResult(Object obj, String message)
2016-12-13 10:11:49,222 [90] ERROR OASysRightManager2016.Common [(null)] - [GetJsonDataByResult]报错
System.NullReferenceException: 未将对象引用设置到对象的实例。
   在 BitAuto.DSC.OASysRightManager2016.Common.Common.Util.GetJsonDataByResult(Object obj, String message)
2016-12-13 10:11:50,134 [106] ERROR OASysRightManager2016.Common [(null)] - [GetJsonDataByResult]报错
System.NullReferenceException: 未将对象引用设置到对象的实例。
   在 BitAuto.DSC.OASysRightManager2016.Common.Common.Util.GetJsonDataByResult(Object obj, String message)
2016-12-13 10:12:10,566 [88] DEBUG xchyhzController [(null)] - {"Success":true,"Message":"成功","Data":[{"Name":"车易通","TypeID":"90001","Percent":"0.8739","Count":"1612339303","Total":"1845012381"},{"Name":"车盟通","TypeID":"90002","Percent":"0.1459","Count":"248408088","Total":"1702252005"},{"Name":"微信通","TypeID":"90003","Percent":"2.9242","Count":"1988113897","Total":"679882102"}]}
2016-12-13 10:12:10,567 [88] ERROR OASysRightManager2016.Common [(null)] - [GetJsonDataByResult]报错
System.NullReferenceException: 未将对象引用设置到对象的实例。
   在 BitAuto.DSC.OASysRightManager2016.Common.Common.Util.GetJsonDataByResult(Object obj, String message)
2016-12-13 10:12:10,930 [102] ERROR OASysRightManager2016.Common [(null)] - [GetJsonDataByResult]报错
System.NullReferenceException: 未将对象引用设置到对象的实例。
   在 BitAuto.DSC.OASysRightManager2016.Common.Common.Util.GetJsonDataByResult(Object obj, String message)
2016-12-13 10:16:41,728 [90] DEBUG xchyhzController [(null)] - {"Success":true,"Message":"成功","Data":[{"Name":"车易通","TypeID":"90001","Percent":"0.8739","Count":"1612339303","Total":"1845012381"},{"Name":"车盟通","TypeID":"90002","Percent":"0.1459","Count":"248408088","Total":"1702252005"},{"Name":"微信通","TypeID":"90003","Percent":"2.9242","Count":"1988113897","Total":"679882102"}]}
2016-12-13 10:16:41,728 [90] ERROR OASysRightManager2016.Common [(null)] - [GetJsonDataByResult]报错
System.NullReferenceException: 未将对象引用设置到对象的实例。
   在 BitAuto.DSC.OASysRightManager2016.Common.Common.Util.GetJsonDataByResult(Object obj, String message)
2016-12-13 10:16:42,006 [102] ERROR OASysRightManager2016.Common [(null)] - [GetJsonDataByResult]报错
System.NullReferenceException: 未将对象引用设置到对象的实例。
   在 BitAuto.DSC.OASysRightManager2016.Common.Common.Util.GetJsonDataByResult(Object obj, String message)
2016-12-13 10:16:57,710 [89] DEBUG xchyhzController [(null)] - {"Success":true,"Message":"成功","Data":[{"Name":"车易通","TypeID":"90001","Percent":"0.8739","Count":"1612339303","Total":"1845012381"},{"Name":"车盟通","TypeID":"90002","Percent":"0.1459","Count":"248408088","Total":"1702252005"},{"Name":"微信通","TypeID":"90003","Percent":"2.9242","Count":"1988113897","Total":"679882102"}]}
2016-12-13 10:16:57,711 [89] ERROR OASysRightManager2016.Common [(null)] - [GetJsonDataByResult]报错
System.NullReferenceException: 未将对象引用设置到对象的实例。
   在 BitAuto.DSC.OASysRightManager2016.Common.Common.Util.GetJsonDataByResult(Object obj, String message)
2016-12-13 10:16:57,852 [50] ERROR OASysRightManager2016.Common [(null)] - [GetJsonDataByResult]报错
System.NullReferenceException: 未将对象引用设置到对象的实例。
   在 BitAuto.DSC.OASysRightManager2016.Common.Common.Util.GetJsonDataByResult(Object obj, String message)
2016-12-13 10:16:59,562 [89] ERROR OASysRightManager2016.Common [(null)] - [GetJsonDataByResult]报错
System.NullReferenceException: 未将对象引用设置到对象的实例。
   在 BitAuto.DSC.OASysRightManager2016.Common.Common.Util.GetJsonDataByResult(Object obj, String message)
2016-12-13 10:17:00,876 [107] ERROR OASysRightManager2016.Common [(null)] - [GetJsonDataByResult]报错
System.NullReferenceException: 未将对象引用设置到对象的实例。
   在 BitAuto.DSC.OASysRightManager2016.Common.Common.Util.GetJsonDataByResult(Object obj, String message)
2016-12-13 10:17:03,014 [92] ERROR OASysRightManager2016.Common [(null)] - [GetJsonDataByResult]报错
System.NullReferenceException: 未将对象引用设置到对象的实例。
   在 BitAuto.DSC.OASysRightManager2016.Common.Common.Util.GetJsonDataByResult(Object obj, String message)
2016-12-13 10:17:04,306 [91] ERROR OASysRightManager2016.Common [(null)] - [GetJsonDataByResult]报错
System.NullReferenceException: 未将对象引用设置到对象的实例。
   在 BitAuto.DSC.OASysRightManager2016.Common.Common.Util.GetJsonDataByResult(Object obj, String message)
2016-12-13 10:17:05,297 [99] ERROR OASysRightManager2016.Common [(null)] - [GetJsonDataByResult]报错
System.NullReferenceException: 未将对象引用设置到对象的实例。
   在 BitAuto.DSC.OASysRightManager2016.Common.Common.Util.GetJsonDataByResult(Object obj, String message)
2016-12-13 10:17:07,468 [93] ERROR OASysRightManager2016.Common [(null)] - [GetJsonDataByResult]报错
System.NullReferenceException: 未将对象引用设置到对象的实例。
   在 BitAuto.DSC.OASysRightManager2016.Common.Common.Util.GetJsonDataByResult(Object obj, String message)
2016-12-13 10:17:10,377 [91] ERROR OASysRightManager2016.Common [(null)] - [GetJsonDataByResult]报错
System.NullReferenceException: 未将对象引用设置到对象的实例。
   在 BitAuto.DSC.OASysRightManager2016.Common.Common.Util.GetJsonDataByResult(Object obj, String message)
2016-12-13 10:17:28,784 [89] ERROR OASysRightManager2016.Common [(null)] - [GetJsonDataByResult]报错
System.NullReferenceException: 未将对象引用设置到对象的实例。
   在 BitAuto.DSC.OASysRightManager2016.Common.Common.Util.GetJsonDataByResult(Object obj, String message)
2016-12-13 10:18:43,968 [92] DEBUG xchyhzController [(null)] - {"Success":true,"Message":"成功","Data":[{"Name":"车易通","TypeID":"90001","Percent":"0.8739","Count":"1612339303","Total":"1845012381"},{"Name":"车盟通","TypeID":"90002","Percent":"0.1459","Count":"248408088","Total":"1702252005"},{"Name":"微信通","TypeID":"90003","Percent":"2.9242","Count":"1988113897","Total":"679882102"}]}
2016-12-13 10:18:43,969 [92] ERROR OASysRightManager2016.Common [(null)] - [GetJsonDataByResult]报错
System.NullReferenceException: 未将对象引用设置到对象的实例。
   在 BitAuto.DSC.OASysRightManager2016.Common.Common.Util.GetJsonDataByResult(Object obj, String message)
2016-12-13 10:18:44,189 [99] ERROR OASysRightManager2016.Common [(null)] - [GetJsonDataByResult]报错
System.NullReferenceException: 未将对象引用设置到对象的实例。
   在 BitAuto.DSC.OASysRightManager2016.Common.Common.Util.GetJsonDataByResult(Object obj, String message)
2016-12-13 10:18:46,758 [99] DEBUG xchyhzController [(null)] - {"Success":true,"Message":"成功","Data":[{"Name":"车易通","TypeID":"90001","Percent":"0.8739","Count":"1612339303","Total":"1845012381"},{"Name":"车盟通","TypeID":"90002","Percent":"0.1459","Count":"248408088","Total":"1702252005"},{"Name":"微信通","TypeID":"90003","Percent":"2.9242","Count":"1988113897","Total":"679882102"}]}
2016-12-13 10:18:46,758 [99] ERROR OASysRightManager2016.Common [(null)] - [GetJsonDataByResult]报错
System.NullReferenceException: 未将对象引用设置到对象的实例。
   在 BitAuto.DSC.OASysRightManager2016.Common.Common.Util.GetJsonDataByResult(Object obj, String message)
2016-12-13 10:18:46,940 [106] ERROR OASysRightManager2016.Common [(null)] - [GetJsonDataByResult]报错
System.NullReferenceException: 未将对象引用设置到对象的实例。
   在 BitAuto.DSC.OASysRightManager2016.Common.Common.Util.GetJsonDataByResult(Object obj, String message)
2016-12-13 10:18:47,606 [92] DEBUG xchyhzController [(null)] - {"Success":true,"Message":"成功","Data":[{"Name":"车易通","TypeID":"90001","Percent":"0.8739","Count":"1612339303","Total":"1845012381"},{"Name":"车盟通","TypeID":"90002","Percent":"0.1459","Count":"248408088","Total":"1702252005"},{"Name":"微信通","TypeID":"90003","Percent":"2.9242","Count":"1988113897","Total":"679882102"}]}
2016-12-13 10:18:47,607 [92] ERROR OASysRightManager2016.Common [(null)] - [GetJsonDataByResult]报错
System.NullReferenceException: 未将对象引用设置到对象的实例。
   在 BitAuto.DSC.OASysRightManager2016.Common.Common.Util.GetJsonDataByResult(Object obj, String message)
2016-12-13 10:18:47,826 [88] ERROR OASysRightManager2016.Common [(null)] - [GetJsonDataByResult]报错
System.NullReferenceException: 未将对象引用设置到对象的实例。
   在 BitAuto.DSC.OASysRightManager2016.Common.Common.Util.GetJsonDataByResult(Object obj, String message)
2016-12-13 10:18:51,895 [89] ERROR OASysRightManager2016.Common [(null)] - [GetJsonDataByResult]报错
System.NullReferenceException: 未将对象引用设置到对象的实例。
   在 BitAuto.DSC.OASysRightManager2016.Common.Common.Util.GetJsonDataByResult(Object obj, String message)
2016-12-13 10:18:54,423 [79] ERROR OASysRightManager2016.Common [(null)] - [GetJsonDataByResult]报错
System.NullReferenceException: 未将对象引用设置到对象的实例。
   在 BitAuto.DSC.OASysRightManager2016.Common.Common.Util.GetJsonDataByResult(Object obj, String message)
2016-12-13 10:18:56,486 [90] ERROR OASysRightManager2016.Common [(null)] - [GetJsonDataByResult]报错
System.NullReferenceException: 未将对象引用设置到对象的实例。
   在 BitAuto.DSC.OASysRightManager2016.Common.Common.Util.GetJsonDataByResult(Object obj, String message)
2016-12-13 10:18:58,019 [97] ERROR OASysRightManager2016.Common [(null)] - [GetJsonDataByResult]报错
System.NullReferenceException: 未将对象引用设置到对象的实例。
   在 BitAuto.DSC.OASysRightManager2016.Common.Common.Util.GetJsonDataByResult(Object obj, String message)
2016-12-13 10:18:59,381 [96] ERROR OASysRightManager2016.Common [(null)] - [GetJsonDataByResult]报错
System.NullReferenceException: 未将对象引用设置到对象的实例。
   在 BitAuto.DSC.OASysRightManager2016.Common.Common.Util.GetJsonDataByResult(Object obj, String message)
2016-12-13 10:19:00,782 [102] ERROR OASysRightManager2016.Common [(null)] - [GetJsonDataByResult]报错
System.NullReferenceException: 未将对象引用设置到对象的实例。
   在 BitAuto.DSC.OASysRightManager2016.Common.Common.Util.GetJsonDataByResult(Object obj, String message)
2016-12-13 10:19:01,362 [93] ERROR OASysRightManager2016.Common [(null)] - [GetJsonDataByResult]报错
System.NullReferenceException: 未将对象引用设置到对象的实例。
   在 BitAuto.DSC.OASysRightManager2016.Common.Common.Util.GetJsonDataByResult(Object obj, String message)
2016-12-13 10:19:01,936 [102] ERROR OASysRightManager2016.Common [(null)] - [GetJsonDataByResult]报错
System.NullReferenceException: 未将对象引用设置到对象的实例。
   在 BitAuto.DSC.OASysRightManager2016.Common.Common.Util.GetJsonDataByResult(Object obj, String message)
2016-12-13 10:19:02,474 [107] ERROR OASysRightManager2016.Common [(null)] - [GetJsonDataByResult]报错
System.NullReferenceException: 未将对象引用设置到对象的实例。
   在 BitAuto.DSC.OASysRightManager2016.Common.Common.Util.GetJsonDataByResult(Object obj, String message)
2016-12-13 10:19:02,974 [50] ERROR OASysRightManager2016.Common [(null)] - [GetJsonDataByResult]报错
System.NullReferenceException: 未将对象引用设置到对象的实例。
   在 BitAuto.DSC.OASysRightManager2016.Common.Common.Util.GetJsonDataByResult(Object obj, String message)
2016-12-13 10:19:04,996 [79] DEBUG xchyhzController [(null)] - {"Success":true,"Message":"成功","Data":[{"Name":"车易通","TypeID":"90001","Percent":"0.8739","Count":"1612339303","Total":"1845012381"},{"Name":"车盟通","TypeID":"90002","Percent":"0.1459","Count":"248408088","Total":"1702252005"},{"Name":"微信通","TypeID":"90003","Percent":"2.9242","Count":"1988113897","Total":"679882102"}]}
2016-12-13 10:19:04,996 [79] ERROR OASysRightManager2016.Common [(null)] - [GetJsonDataByResult]报错
System.NullReferenceException: 未将对象引用设置到对象的实例。
   在 BitAuto.DSC.OASysRightManager2016.Common.Common.Util.GetJsonDataByResult(Object obj, String message)
2016-12-13 10:19:05,204 [106] ERROR OASysRightManager2016.Common [(null)] - [GetJsonDataByResult]报错
System.NullReferenceException: 未将对象引用设置到对象的实例。
   在 BitAuto.DSC.OASysRightManager2016.Common.Common.Util.GetJsonDataByResult(Object obj, String message)
2016-12-13 10:19:08,212 [88] DEBUG xchyhzController [(null)] - {"Success":true,"Message":"成功","Data":[{"Name":"车易通","TypeID":"90001","Percent":"0.8739","Count":"1612339303","Total":"1845012381"},{"Name":"车盟通","TypeID":"90002","Percent":"0.1459","Count":"248408088","Total":"1702252005"},{"Name":"微信通","TypeID":"90003","Percent":"2.9242","Count":"1988113897","Total":"679882102"}]}
2016-12-13 10:19:08,212 [88] ERROR OASysRightManager2016.Common [(null)] - [GetJsonDataByResult]报错
System.NullReferenceException: 未将对象引用设置到对象的实例。
   在 BitAuto.DSC.OASysRightManager2016.Common.Common.Util.GetJsonDataByResult(Object obj, String message)
2016-12-13 10:19:08,442 [97] ERROR OASysRightManager2016.Common [(null)] - [GetJsonDataByResult]报错
System.NullReferenceException: 未将对象引用设置到对象的实例。
   在 BitAuto.DSC.OASysRightManager2016.Common.Common.Util.GetJsonDataByResult(Object obj, String message)
2016-12-13 10:20:08,170 [88] DEBUG xchyhzController [(null)] - {"Success":true,"Message":"成功","Data":[{"Name":"车易通","TypeID":"90001","Percent":"0.8739","Count":"1612339303","Total":"1845012381"},{"Name":"车盟通","TypeID":"90002","Percent":"0.1459","Count":"248408088","Total":"1702252005"},{"Name":"微信通","TypeID":"90003","Percent":"2.9242","Count":"1988113897","Total":"679882102"}]}
2016-12-13 10:20:08,170 [88] ERROR OASysRightManager2016.Common [(null)] - [GetJsonDataByResult]报错
System.NullReferenceException: 未将对象引用设置到对象的实例。
   在 BitAuto.DSC.OASysRightManager2016.Common.Common.Util.GetJsonDataByResult(Object obj, String message)
2016-12-13 10:20:08,380 [93] ERROR OASysRightManager2016.Common [(null)] - [GetJsonDataByResult]报错
System.NullReferenceException: 未将对象引用设置到对象的实例。
   在 BitAuto.DSC.OASysRightManager2016.Common.Common.Util.GetJsonDataByResult(Object obj, String message)
2016-12-13 10:20:11,071 [50] DEBUG xchyhzController [(null)] - {"Success":true,"Message":"成功","Data":[{"Name":"车易通","TypeID":"90001","Percent":"0.8739","Count":"1612339303","Total":"1845012381"},{"Name":"车盟通","TypeID":"90002","Percent":"0.1459","Count":"248408088","Total":"1702252005"},{"Name":"微信通","TypeID":"90003","Percent":"2.9242","Count":"1988113897","Total":"679882102"}]}
2016-12-13 10:20:11,071 [50] ERROR OASysRightManager2016.Common [(null)] - [GetJsonDataByResult]报错
System.NullReferenceException: 未将对象引用设置到对象的实例。
   在 BitAuto.DSC.OASysRightManager2016.Common.Common.Util.GetJsonDataByResult(Object obj, String message)
2016-12-13 10:20:11,324 [93] ERROR OASysRightManager2016.Common [(null)] - [GetJsonDataByResult]报错
System.NullReferenceException: 未将对象引用设置到对象的实例。
   在 BitAuto.DSC.OASysRightManager2016.Common.Common.Util.GetJsonDataByResult(Object obj, String message)
2016-12-13 10:21:22,908 [102] DEBUG xchyhzController [(null)] - {"Success":true,"Message":"成功","Data":[{"Name":"车易通","TypeID":"90001","Percent":"0.8739","Count":"1612339303","Total":"1845012381"},{"Name":"车盟通","TypeID":"90002","Percent":"0.1459","Count":"248408088","Total":"1702252005"},{"Name":"微信通","TypeID":"90003","Percent":"2.9242","Count":"1988113897","Total":"679882102"}]}
2016-12-13 10:21:22,909 [102] ERROR OASysRightManager2016.Common [(null)] - [GetJsonDataByResult]报错
System.NullReferenceException: 未将对象引用设置到对象的实例。
   在 BitAuto.DSC.OASysRightManager2016.Common.Common.Util.GetJsonDataByResult(Object obj, String message)
2016-12-13 10:21:23,126 [107] ERROR OASysRightManager2016.Common [(null)] - [GetJsonDataByResult]报错
System.NullReferenceException: 未将对象引用设置到对象的实例。
   在 BitAuto.DSC.OASysRightManager2016.Common.Common.Util.GetJsonDataByResult(Object obj, String message)
2016-12-13 10:23:01,296 [99] DEBUG xchyhzController [(null)] - {"Success":true,"Message":"成功","Data":[{"Name":"车易通","TypeID":"90001","Percent":"0.8739","Count":"1612339303","Total":"1845012381"},{"Name":"车盟通","TypeID":"90002","Percent":"0.1459","Count":"248408088","Total":"1702252005"},{"Name":"微信通","TypeID":"90003","Percent":"2.9242","Count":"1988113897","Total":"679882102"}]}
2016-12-13 10:23:01,296 [99] ERROR OASysRightManager2016.Common [(null)] - [GetJsonDataByResult]报错
System.NullReferenceException: 未将对象引用设置到对象的实例。
   在 BitAuto.DSC.OASysRightManager2016.Common.Common.Util.GetJsonDataByResult(Object obj, String message)
2016-12-13 10:23:01,621 [107] ERROR OASysRightManager2016.Common [(null)] - [GetJsonDataByResult]报错
System.NullReferenceException: 未将对象引用设置到对象的实例。
   在 BitAuto.DSC.OASysRightManager2016.Common.Common.Util.GetJsonDataByResult(Object obj, String message)
2016-12-13 10:23:03,833 [107] DEBUG xchyhzController [(null)] - {"Success":true,"Message":"成功","Data":[{"Name":"车易通","TypeID":"90001","Percent":"0.8739","Count":"1612339303","Total":"1845012381"},{"Name":"车盟通","TypeID":"90002","Percent":"0.1459","Count":"248408088","Total":"1702252005"},{"Name":"微信通","TypeID":"90003","Percent":"2.9242","Count":"1988113897","Total":"679882102"}]}
2016-12-13 10:23:03,833 [107] ERROR OASysRightManager2016.Common [(null)] - [GetJsonDataByResult]报错
System.NullReferenceException: 未将对象引用设置到对象的实例。
   在 BitAuto.DSC.OASysRightManager2016.Common.Common.Util.GetJsonDataByResult(Object obj, String message)
2016-12-13 10:23:04,043 [89] ERROR OASysRightManager2016.Common [(null)] - [GetJsonDataByResult]报错
System.NullReferenceException: 未将对象引用设置到对象的实例。
   在 BitAuto.DSC.OASysRightManager2016.Common.Common.Util.GetJsonDataByResult(Object obj, String message)
2016-12-13 10:23:06,031 [97] DEBUG xchyhzController [(null)] - {"Success":true,"Message":"成功","Data":[{"Name":"车易通","TypeID":"90001","Percent":"0.8739","Count":"1612339303","Total":"1845012381"},{"Name":"车盟通","TypeID":"90002","Percent":"0.1459","Count":"248408088","Total":"1702252005"},{"Name":"微信通","TypeID":"90003","Percent":"2.9242","Count":"1988113897","Total":"679882102"}]}
2016-12-13 10:23:06,031 [97] ERROR OASysRightManager2016.Common [(null)] - [GetJsonDataByResult]报错
System.NullReferenceException: 未将对象引用设置到对象的实例。
   在 BitAuto.DSC.OASysRightManager2016.Common.Common.Util.GetJsonDataByResult(Object obj, String message)
2016-12-13 10:23:06,206 [102] ERROR OASysRightManager2016.Common [(null)] - [GetJsonDataByResult]报错
System.NullReferenceException: 未将对象引用设置到对象的实例。
   在 BitAuto.DSC.OASysRightManager2016.Common.Common.Util.GetJsonDataByResult(Object obj, String message)
2016-12-13 10:23:08,220 [93] DEBUG xchyhzController [(null)] - {"Success":true,"Message":"成功","Data":[{"Name":"车易通","TypeID":"90001","Percent":"0.8739","Count":"1612339303","Total":"1845012381"},{"Name":"车盟通","TypeID":"90002","Percent":"0.1459","Count":"248408088","Total":"1702252005"},{"Name":"微信通","TypeID":"90003","Percent":"2.9242","Count":"1988113897","Total":"679882102"}]}
2016-12-13 10:23:08,220 [93] ERROR OASysRightManager2016.Common [(null)] - [GetJsonDataByResult]报错
System.NullReferenceException: 未将对象引用设置到对象的实例。
   在 BitAuto.DSC.OASysRightManager2016.Common.Common.Util.GetJsonDataByResult(Object obj, String message)
2016-12-13 10:23:08,377 [107] ERROR OASysRightManager2016.Common [(null)] - [GetJsonDataByResult]报错
System.NullReferenceException: 未将对象引用设置到对象的实例。
   在 BitAuto.DSC.OASysRightManager2016.Common.Common.Util.GetJsonDataByResult(Object obj, String message)
2016-12-13 10:23:26,262 [79] DEBUG xchyhzController [(null)] - {"Success":true,"Message":"成功","Data":[{"Name":"车易通","TypeID":"90001","Percent":"0.8739","Count":"1612339303","Total":"1845012381"},{"Name":"车盟通","TypeID":"90002","Percent":"0.1459","Count":"248408088","Total":"1702252005"},{"Name":"微信通","TypeID":"90003","Percent":"2.9242","Count":"1988113897","Total":"679882102"}]}
2016-12-13 10:23:26,263 [79] ERROR OASysRightManager2016.Common [(null)] - [GetJsonDataByResult]报错
System.NullReferenceException: 未将对象引用设置到对象的实例。
   在 BitAuto.DSC.OASysRightManager2016.Common.Common.Util.GetJsonDataByResult(Object obj, String message)
2016-12-13 10:23:26,780 [107] ERROR OASysRightManager2016.Common [(null)] - [GetJsonDataByResult]报错
System.NullReferenceException: 未将对象引用设置到对象的实例。
   在 BitAuto.DSC.OASysRightManager2016.Common.Common.Util.GetJsonDataByResult(Object obj, String message)
2016-12-13 11:12:17,844 [9] DEBUG xchyhzController [(null)] - {"Success":true,"Message":"成功","Data":[{"Name":"车易通","TypeID":"90001","Percent":"0.8739","Count":"1612339303","Total":"1845012381"},{"Name":"车盟通","TypeID":"90002","Percent":"0.1459","Count":"248408088","Total":"1702252005"},{"Name":"微信通","TypeID":"90003","Percent":"2.9242","Count":"1988113897","Total":"679882102"}]}
2016-12-13 11:12:17,941 [9] ERROR OASysRightManager2016.Common [(null)] - [GetJsonDataByResult]报错
System.NullReferenceException: 未将对象引用设置到对象的实例。
   在 BitAuto.DSC.OASysRightManager2016.Common.Common.Util.GetJsonDataByResult(Object obj, String message)
2016-12-13 11:12:18,773 [11] ERROR OASysRightManager2016.Common [(null)] - [GetJsonDataByResult]报错
System.NullReferenceException: 未将对象引用设置到对象的实例。
   在 BitAuto.DSC.OASysRightManager2016.Common.Common.Util.GetJsonDataByResult(Object obj, String message)
2016-12-13 11:26:11,801 [40] ERROR APPReport2016.BLL [(null)] - IsAuthorized验证失败
System.NullReferenceException: 未将对象引用设置到对象的实例。
   在 BitAuto.YanFa.OASysRightManager2011.Common.EmployeeInfo.CheckRight(String moduleID, String sysID)
   在 BitAuto.DSC.APPReport2016.WebAPI.Filter.LoginAuthorize.IsAuthorized(HttpActionContext actionContext) 位置 D:\TFS-Root\A5信息系统研发\内部办公信息化\APP报表展示系统\Src\BitAuto.DSC.APPReport2016.WebAPI\Filter\LoginAuthorize.cs:行号 47
2016-12-13 11:26:11,959 [40] INFO  APPReport_WebApi [(null)] - [LoginAuthorize]用户验证失败，用户IP 127.0.0.1, 用户请求的地址为 http://ar.sys1.bitauto.com/api/values/get,UrlRefer为 
2016-12-13 11:29:08,351 [58] INFO  APPReport_WebApi [(null)] - [LoginAuthorize]用户验证失败，用户IP 127.0.0.1, 用户请求的地址为 http://ar.sys1.bitauto.com/api/values/get,UrlRefer为 
2016-12-13 11:29:24,108 [66] INFO  APPReport_WebApi [(null)] - [LoginAuthorize]用户验证失败，用户IP 127.0.0.1, 用户请求的地址为 http://ar.sys1.bitauto.com/api/values/get,UrlRefer为 
2016-12-13 11:32:53,867 [77] INFO  APPReport_WebApi [(null)] - [LoginAuthorize]用户验证失败，用户IP 127.0.0.1, 用户请求的地址为 http://ar.sys1.bitauto.com/api/values/get,UrlRefer为 
2016-12-13 11:33:21,052 [71] INFO  APPReport_WebApi [(null)] - [LoginAuthorize]用户验证失败，用户IP 127.0.0.1, 用户请求的地址为 http://ar.sys1.bitauto.com/api/values/get,UrlRefer为 
2016-12-13 11:34:03,634 [79] INFO  APPReport_WebApi [(null)] - [LoginAuthorize]用户验证失败，用户IP 127.0.0.1, 用户请求的地址为 http://ar.sys1.bitauto.com/api/values/get,UrlRefer为 
2016-12-13 11:34:28,716 [84] INFO  APPReport_WebApi [(null)] - [LoginAuthorize]用户验证失败，用户IP 127.0.0.1, 用户请求的地址为 http://ar.sys1.bitauto.com/api/values/get?id=5,UrlRefer为 
2016-12-13 11:36:02,821 [56] INFO  APPReport_WebApi [(null)] - [LoginAuthorize]用户验证失败，用户IP 127.0.0.1, 用户请求的地址为 http://ar.sys1.bitauto.com/api/values/get?id=5,UrlRefer为 
2016-12-13 11:37:27,236 [89] ERROR APPReport2016.BLL [(null)] - IsAuthorized验证失败
System.NullReferenceException: 未将对象引用设置到对象的实例。
   在 BitAuto.YanFa.OASysRightManager2011.Common.EmployeeInfo.CheckRight(String moduleID, String sysID)
   在 BitAuto.DSC.APPReport2016.WebAPI.Filter.LoginAuthorize.IsAuthorized(HttpActionContext actionContext) 位置 D:\TFS-Root\A5信息系统研发\内部办公信息化\APP报表展示系统\Src\BitAuto.DSC.APPReport2016.WebAPI\Filter\LoginAuthorize.cs:行号 47
2016-12-13 11:37:27,287 [89] INFO  APPReport_WebApi [(null)] - [LoginAuthorize]用户验证失败，用户IP 127.0.0.1, 用户请求的地址为 http://ar.sys1.bitauto.com/api/values/get?id=5,UrlRefer为 
2016-12-13 11:38:02,393 [97] ERROR APPReport2016.BLL [(null)] - IsAuthorized验证失败
System.NullReferenceException: 未将对象引用设置到对象的实例。
   在 BitAuto.YanFa.OASysRightManager2011.Common.EmployeeInfo.CheckRight(String moduleID, String sysID)
   在 BitAuto.DSC.APPReport2016.WebAPI.Filter.LoginAuthorize.IsAuthorized(HttpActionContext actionContext) 位置 D:\TFS-Root\A5信息系统研发\内部办公信息化\APP报表展示系统\Src\BitAuto.DSC.APPReport2016.WebAPI\Filter\LoginAuthorize.cs:行号 47
2016-12-13 11:38:42,323 [97] INFO  APPReport_WebApi [(null)] - [LoginAuthorize]用户验证失败，用户IP 127.0.0.1, 用户请求的地址为 http://ar.sys1.bitauto.com/api/values/get?id=5,UrlRefer为 
2016-12-13 11:39:10,581 [98] ERROR APPReport2016.BLL [(null)] - IsAuthorized验证失败
System.NullReferenceException: 未将对象引用设置到对象的实例。
   在 BitAuto.YanFa.OASysRightManager2011.Common.EmployeeInfo.CheckRight(String moduleID, String sysID)
   在 BitAuto.DSC.APPReport2016.WebAPI.Filter.LoginAuthorize.IsAuthorized(HttpActionContext actionContext) 位置 D:\TFS-Root\A5信息系统研发\内部办公信息化\APP报表展示系统\Src\BitAuto.DSC.APPReport2016.WebAPI\Filter\LoginAuthorize.cs:行号 47
2016-12-13 11:39:10,628 [98] INFO  APPReport_WebApi [(null)] - [LoginAuthorize]用户验证失败，用户IP 127.0.0.1, 用户请求的地址为 http://ar.sys1.bitauto.com/api/values/get?id=5,UrlRefer为 
2016-12-13 11:39:55,042 [98] ERROR APPReport2016.BLL [(null)] - IsAuthorized验证失败
System.NullReferenceException: 未将对象引用设置到对象的实例。
   在 BitAuto.YanFa.OASysRightManager2011.Common.EmployeeInfo.CheckRight(String moduleID, String sysID)
   在 BitAuto.DSC.APPReport2016.WebAPI.Filter.LoginAuthorize.IsAuthorized(HttpActionContext actionContext) 位置 D:\TFS-Root\A5信息系统研发\内部办公信息化\APP报表展示系统\Src\BitAuto.DSC.APPReport2016.WebAPI\Filter\LoginAuthorize.cs:行号 47
2016-12-13 11:39:55,084 [98] INFO  APPReport_WebApi [(null)] - [LoginAuthorize]用户验证失败，用户IP 127.0.0.1, 用户请求的地址为 http://ar.sys1.bitauto.com/api/values/get?id=5,UrlRefer为 
2016-12-13 11:52:26,855 [96] ERROR APPReport2016.BLL [(null)] - IsAuthorized验证失败
System.NullReferenceException: 未将对象引用设置到对象的实例。
   在 BitAuto.YanFa.OASysRightManager2011.Common.EmployeeInfo.CheckRight(String moduleID, String sysID)
   在 BitAuto.DSC.APPReport2016.WebAPI.Filter.LoginAuthorize.IsAuthorized(HttpActionContext actionContext) 位置 D:\TFS-Root\A5信息系统研发\内部办公信息化\APP报表展示系统\Src\BitAuto.DSC.APPReport2016.WebAPI\Filter\LoginAuthorize.cs:行号 47
2016-12-13 11:52:26,856 [96] INFO  APPReport_WebApi [(null)] - [LoginAuthorize]用户验证失败，用户IP 127.0.0.1, 用户请求的地址为 http://ar.sys1.bitauto.com/api/values/get?id=5,UrlRefer为 
2016-12-13 11:52:45,215 [80] ERROR APPReport2016.BLL [(null)] - IsAuthorized验证失败
System.NullReferenceException: 未将对象引用设置到对象的实例。
   在 BitAuto.YanFa.OASysRightManager2011.Common.EmployeeInfo.CheckRight(String moduleID, String sysID)
   在 BitAuto.DSC.APPReport2016.WebAPI.Filter.LoginAuthorize.IsAuthorized(HttpActionContext actionContext) 位置 D:\TFS-Root\A5信息系统研发\内部办公信息化\APP报表展示系统\Src\BitAuto.DSC.APPReport2016.WebAPI\Filter\LoginAuthorize.cs:行号 47
2016-12-13 11:52:45,612 [80] INFO  APPReport_WebApi [(null)] - [LoginAuthorize]用户验证失败，用户IP 127.0.0.1, 用户请求的地址为 http://ar.sys1.bitauto.com/api/values/get?id=5,UrlRefer为 
2016-12-13 11:52:46,864 [64] ERROR APPReport2016.BLL [(null)] - IsAuthorized验证失败
System.NullReferenceException: 未将对象引用设置到对象的实例。
   在 BitAuto.YanFa.OASysRightManager2011.Common.EmployeeInfo.CheckRight(String moduleID, String sysID)
   在 BitAuto.DSC.APPReport2016.WebAPI.Filter.LoginAuthorize.IsAuthorized(HttpActionContext actionContext) 位置 D:\TFS-Root\A5信息系统研发\内部办公信息化\APP报表展示系统\Src\BitAuto.DSC.APPReport2016.WebAPI\Filter\LoginAuthorize.cs:行号 47
2016-12-13 11:52:46,865 [64] INFO  APPReport_WebApi [(null)] - [LoginAuthorize]用户验证失败，用户IP 127.0.0.1, 用户请求的地址为 http://ar.sys1.bitauto.com/api/values/get?id=5,UrlRefer为 
2016-12-13 11:53:55,269 [100] ERROR APPReport2016.BLL [(null)] - IsAuthorized验证失败
System.NullReferenceException: 未将对象引用设置到对象的实例。
   在 BitAuto.YanFa.OASysRightManager2011.Common.EmployeeInfo.CheckRight(String moduleID, String sysID)
   在 BitAuto.DSC.APPReport2016.WebAPI.Filter.LoginAuthorize.IsAuthorized(HttpActionContext actionContext) 位置 D:\TFS-Root\A5信息系统研发\内部办公信息化\APP报表展示系统\Src\BitAuto.DSC.APPReport2016.WebAPI\Filter\LoginAuthorize.cs:行号 47
2016-12-13 11:53:55,270 [100] INFO  APPReport_WebApi [(null)] - [LoginAuthorize]用户验证失败，用户IP 127.0.0.1, 用户请求的地址为 http://ar.sys1.bitauto.com/api/values/get?id=5,UrlRefer为 
2016-12-13 11:53:58,967 [92] ERROR APPReport2016.BLL [(null)] - IsAuthorized验证失败
System.NullReferenceException: 未将对象引用设置到对象的实例。
   在 BitAuto.YanFa.OASysRightManager2011.Common.EmployeeInfo.CheckRight(String moduleID, String sysID)
   在 BitAuto.DSC.APPReport2016.WebAPI.Filter.LoginAuthorize.IsAuthorized(HttpActionContext actionContext) 位置 D:\TFS-Root\A5信息系统研发\内部办公信息化\APP报表展示系统\Src\BitAuto.DSC.APPReport2016.WebAPI\Filter\LoginAuthorize.cs:行号 47
2016-12-13 11:53:58,967 [92] INFO  APPReport_WebApi [(null)] - [LoginAuthorize]用户验证失败，用户IP 127.0.0.1, 用户请求的地址为 http://ar.sys1.bitauto.com/api/values/get?id=5,UrlRefer为 
2016-12-13 11:55:05,923 [89] INFO  APPReport_WebApi [(null)] - [LoginAuthorize]用户验证失败，用户IP 127.0.0.1, 用户请求的地址为 http://ar.sys1.bitauto.com/api/values/get?id=5,UrlRefer为 
2016-12-13 11:55:07,820 [99] INFO  APPReport_WebApi [(null)] - [LoginAuthorize]用户验证失败，用户IP 127.0.0.1, 用户请求的地址为 http://ar.sys1.bitauto.com/api/values/get?id=5,UrlRefer为 
2016-12-13 11:55:18,626 [98] INFO  APPReport_WebApi [(null)] - [LoginAuthorize]用户验证失败，用户IP 127.0.0.1, 用户请求的地址为 http://ar.sys1.bitauto.com/api/values/get?id=5,UrlRefer为 
2016-12-13 11:55:19,877 [94] INFO  APPReport_WebApi [(null)] - [LoginAuthorize]用户验证失败，用户IP 127.0.0.1, 用户请求的地址为 http://ar.sys1.bitauto.com/api/values/get?id=5,UrlRefer为 
2016-12-13 12:51:24,152 [5] DEBUG xchyhzController [(null)] - {"Success":true,"Message":"成功","Data":[{"Name":"车易通","TypeID":"90001","Percent":"0.8739","Count":"1612339303","Total":"1845012381"},{"Name":"车盟通","TypeID":"90002","Percent":"0.1459","Count":"248408088","Total":"1702252005"},{"Name":"微信通","TypeID":"90003","Percent":"2.9242","Count":"1988113897","Total":"679882102"}]}
2016-12-13 12:51:24,257 [5] ERROR OASysRightManager2016.Common [(null)] - [GetJsonDataByResult]报错
System.NullReferenceException: 未将对象引用设置到对象的实例。
   在 BitAuto.DSC.OASysRightManager2016.Common.Common.Util.GetJsonDataByResult(Object obj, String message)
2016-12-13 12:51:25,647 [11] ERROR OASysRightManager2016.Common [(null)] - [GetJsonDataByResult]报错
System.NullReferenceException: 未将对象引用设置到对象的实例。
   在 BitAuto.DSC.OASysRightManager2016.Common.Common.Util.GetJsonDataByResult(Object obj, String message)
2016-12-13 14:00:55,051 [5] ERROR OASysRightManager2016.Common [(null)] - [GetJsonDataByResult]报错
System.NullReferenceException: 未将对象引用设置到对象的实例。
   在 BitAuto.DSC.OASysRightManager2016.Common.Common.Util.GetJsonDataByResult(Object obj, String message)
2016-12-13 14:00:55,132 [8] ERROR OASysRightManager2016.Common [(null)] - [GetJsonDataByResult]报错
System.NullReferenceException: 未将对象引用设置到对象的实例。
   在 BitAuto.DSC.OASysRightManager2016.Common.Common.Util.GetJsonDataByResult(Object obj, String message)
2016-12-13 14:00:55,676 [7] DEBUG xchyhzController [(null)] - {"Success":true,"Message":"成功","Data":{"year":2016,"allavg":"50874.994892","cmtavg":"66751.117500","cytavg":"57332.781666","wxtavg":"51298.637500"}}
2016-12-13 14:00:55,678 [7] ERROR OASysRightManager2016.Common [(null)] - [GetJsonDataByResult]报错
System.NullReferenceException: 未将对象引用设置到对象的实例。
   在 BitAuto.DSC.OASysRightManager2016.Common.Common.Util.GetJsonDataByResult(Object obj, String message)
2016-12-13 14:00:55,704 [6] DEBUG xchyhzController [(null)] - {"Success":true,"Message":"成功","Data":{"seriesname":["总体","车易通","车盟通","微信通"],"datakey":["2016Q1","2016Q2","2016Q3","2016Q4"],"dataval":[["141770.90"],["598801.48","363853.08","283801.43","46265.99"],["683549.56","443684.89","238070.01","45583.84"],["502739.53","389996.83","182792.01","49921.07"]]}}
2016-12-13 14:00:55,704 [6] ERROR OASysRightManager2016.Common [(null)] - [GetJsonDataByResult]报错
System.NullReferenceException: 未将对象引用设置到对象的实例。
   在 BitAuto.DSC.OASysRightManager2016.Common.Common.Util.GetJsonDataByResult(Object obj, String message)
2016-12-13 14:01:38,943 [6] DEBUG xchyhzController [(null)] - {"Success":true,"Message":"成功","Data":{"year":2016,"allavg":"50874.994892","cmtavg":"66751.117500","cytavg":"57332.781666","wxtavg":"51298.637500"}}
2016-12-13 14:01:38,943 [6] ERROR OASysRightManager2016.Common [(null)] - [GetJsonDataByResult]报错
System.NullReferenceException: 未将对象引用设置到对象的实例。
   在 BitAuto.DSC.OASysRightManager2016.Common.Common.Util.GetJsonDataByResult(Object obj, String message)
2016-12-13 14:01:38,945 [8] DEBUG xchyhzController [(null)] - {"Success":true,"Message":"成功","Data":{"seriesname":["总体","车易通","车盟通","微信通"],"datakey":["2016Q1","2016Q2","2016Q3","2016Q4"],"dataval":[["141770.90"],["598801.48","363853.08","283801.43","46265.99"],["683549.56","443684.89","238070.01","45583.84"],["502739.53","389996.83","182792.01","49921.07"]]}}
2016-12-13 14:01:38,946 [8] ERROR OASysRightManager2016.Common [(null)] - [GetJsonDataByResult]报错
System.NullReferenceException: 未将对象引用设置到对象的实例。
   在 BitAuto.DSC.OASysRightManager2016.Common.Common.Util.GetJsonDataByResult(Object obj, String message)
2016-12-13 14:01:38,952 [11] ERROR OASysRightManager2016.Common [(null)] - [GetJsonDataByResult]报错
System.NullReferenceException: 未将对象引用设置到对象的实例。
   在 BitAuto.DSC.OASysRightManager2016.Common.Common.Util.GetJsonDataByResult(Object obj, String message)
2016-12-13 14:01:38,966 [6] ERROR OASysRightManager2016.Common [(null)] - [GetJsonDataByResult]报错
System.NullReferenceException: 未将对象引用设置到对象的实例。
   在 BitAuto.DSC.OASysRightManager2016.Common.Common.Util.GetJsonDataByResult(Object obj, String message)
2016-12-13 14:01:41,722 [12] DEBUG xchyhzController [(null)] - {"Success":true,"Message":"成功","Data":[{"Name":"车易通","TypeID":"90001","Percent":"0.8739","Count":"1612339303","Total":"1845012381"},{"Name":"车盟通","TypeID":"90002","Percent":"0.1459","Count":"248408088","Total":"1702252005"},{"Name":"微信通","TypeID":"90003","Percent":"2.9242","Count":"1988113897","Total":"679882102"}]}
2016-12-13 14:01:41,723 [12] ERROR OASysRightManager2016.Common [(null)] - [GetJsonDataByResult]报错
System.NullReferenceException: 未将对象引用设置到对象的实例。
   在 BitAuto.DSC.OASysRightManager2016.Common.Common.Util.GetJsonDataByResult(Object obj, String message)
2016-12-13 14:01:42,475 [8] ERROR OASysRightManager2016.Common [(null)] - [GetJsonDataByResult]报错
System.NullReferenceException: 未将对象引用设置到对象的实例。
   在 BitAuto.DSC.OASysRightManager2016.Common.Common.Util.GetJsonDataByResult(Object obj, String message)
2016-12-13 14:01:46,971 [15] ERROR OASysRightManager2016.Common [(null)] - [GetJsonDataByResult]报错
System.NullReferenceException: 未将对象引用设置到对象的实例。
   在 BitAuto.DSC.OASysRightManager2016.Common.Common.Util.GetJsonDataByResult(Object obj, String message)
2016-12-13 14:01:48,976 [15] ERROR OASysRightManager2016.Common [(null)] - [GetJsonDataByResult]报错
System.NullReferenceException: 未将对象引用设置到对象的实例。
   在 BitAuto.DSC.OASysRightManager2016.Common.Common.Util.GetJsonDataByResult(Object obj, String message)
2016-12-13 14:01:50,198 [7] ERROR OASysRightManager2016.Common [(null)] - [GetJsonDataByResult]报错
System.NullReferenceException: 未将对象引用设置到对象的实例。
   在 BitAuto.DSC.OASysRightManager2016.Common.Common.Util.GetJsonDataByResult(Object obj, String message)
2016-12-13 14:01:51,734 [9] ERROR OASysRightManager2016.Common [(null)] - [GetJsonDataByResult]报错
System.NullReferenceException: 未将对象引用设置到对象的实例。
   在 BitAuto.DSC.OASysRightManager2016.Common.Common.Util.GetJsonDataByResult(Object obj, String message)
2016-12-13 14:01:53,224 [7] ERROR OASysRightManager2016.Common [(null)] - [GetJsonDataByResult]报错
System.NullReferenceException: 未将对象引用设置到对象的实例。
   在 BitAuto.DSC.OASysRightManager2016.Common.Common.Util.GetJsonDataByResult(Object obj, String message)
2016-12-13 14:18:50,644 [40] DEBUG EmpolyeeController [(null)] - {"Success":true,"Message":"成功","Data":{"yearmonth":"201712","total":"49645","entry":"9","dimission":"115","male":"1203","female":"2258","malepercent":"2.4%","femalepercent":"4.5%"}}
2016-12-13 14:18:50,645 [7] DEBUG EmpolyeeController [(null)] - {"Success":true,"Message":"成功","Data":{"seriesname":["员工数","增长率"],"datakey":["2016-01","2016-02","2016-03","2016-04","2016-05","2016-06","2016-07","2016-08","2016-09","2016-10","2016-11","2016-12"],"dataval":[["29591","29228","22638","47355","10977","41174","27399","2445","36392","19554","15490","20838"],["3.2670","10.2906","11.7533","-4.9748","15.0942","3.6348","11.8097","-2.0631","17.4728","1.2710","-1.7024","-3.0216"]]}}
2016-12-13 14:18:50,722 [40] ERROR OASysRightManager2016.Common [(null)] - [GetJsonDataByResult]报错
System.NullReferenceException: 未将对象引用设置到对象的实例。
   在 BitAuto.DSC.OASysRightManager2016.Common.Common.Util.GetJsonDataByResult(Object obj, String message)
2016-12-13 14:18:50,722 [7] ERROR OASysRightManager2016.Common [(null)] - [GetJsonDataByResult]报错
System.NullReferenceException: 未将对象引用设置到对象的实例。
   在 BitAuto.DSC.OASysRightManager2016.Common.Common.Util.GetJsonDataByResult(Object obj, String message)
2016-12-13 14:18:57,030 [37] DEBUG EmpolyeeController [(null)] - {"Success":true,"Message":"成功","Data":[{"Name":"1年以下","ItemId":"40001","Count":"1565"},{"Name":"1-3年","ItemId":"40002","Count":"4850"},{"Name":"3-5年","ItemId":"40003","Count":"4464"},{"Name":"5年以上","ItemId":"40004","Count":"1629"}]}
2016-12-13 14:18:57,031 [37] ERROR OASysRightManager2016.Common [(null)] - [GetJsonDataByResult]报错
System.NullReferenceException: 未将对象引用设置到对象的实例。
   在 BitAuto.DSC.OASysRightManager2016.Common.Common.Util.GetJsonDataByResult(Object obj, String message)
2016-12-13 14:18:57,046 [41] DEBUG EmpolyeeController [(null)] - {"Success":true,"Message":"成功","Data":{"seriesname":[],"datakey":["G1","G2","G3","G4","G5","G6","G7","G8"],"dataval":[["1810","2314","4249","","4350","4659","3100","877"],["0.1693","0.3378","0.1567","","0.1104","0.1417","0.0465","0.3360"]]}}
2016-12-13 14:18:57,046 [41] ERROR OASysRightManager2016.Common [(null)] - [GetJsonDataByResult]报错
System.NullReferenceException: 未将对象引用设置到对象的实例。
   在 BitAuto.DSC.OASysRightManager2016.Common.Common.Util.GetJsonDataByResult(Object obj, String message)
2016-12-13 14:18:57,050 [32] DEBUG EmpolyeeController [(null)] - {"Success":true,"Message":"成功","Data":{"seriesname":[],"datakey":["25岁以下","26-30岁","31-35岁","36-40岁","41岁以上"],"dataval":[["2012","4678","465","2307","774"],["0.1136","0.1782","0.2709","0.0382","0.1279"]]}}
2016-12-13 14:18:57,050 [32] ERROR OASysRightManager2016.Common [(null)] - [GetJsonDataByResult]报错
System.NullReferenceException: 未将对象引用设置到对象的实例。
   在 BitAuto.DSC.OASysRightManager2016.Common.Common.Util.GetJsonDataByResult(Object obj, String message)
2016-12-13 14:18:57,071 [31] DEBUG EmpolyeeController [(null)] - {"Success":true,"Message":"成功","Data":[{"Name":"管理类","ItemId":"60001","Count":"1366"},{"Name":"销售客服类","ItemId":"60002","Count":"268"},{"Name":"产品开发类","ItemId":"60003","Count":"4774"},{"Name":"支持类","ItemId":"60004","Count":"3475"},{"Name":"编辑类","ItemId":"60005","Count":"3376"},{"Name":"市场类","ItemId":"60006","Count":"3360"}]}
2016-12-13 14:18:57,072 [31] ERROR OASysRightManager2016.Common [(null)] - [GetJsonDataByResult]报错
System.NullReferenceException: 未将对象引用设置到对象的实例。
   在 BitAuto.DSC.OASysRightManager2016.Common.Common.Util.GetJsonDataByResult(Object obj, String message)
2016-12-13 14:19:09,678 [31] DEBUG EmpolyeeController [(null)] - {"Success":true,"Message":"成功","Data":[{"Name":"管理类","ItemId":"60001","Count":"1366"},{"Name":"销售客服类","ItemId":"60002","Count":"268"},{"Name":"产品开发类","ItemId":"60003","Count":"4774"},{"Name":"支持类","ItemId":"60004","Count":"3475"},{"Name":"编辑类","ItemId":"60005","Count":"3376"},{"Name":"市场类","ItemId":"60006","Count":"3360"}]}
2016-12-13 14:19:09,678 [31] ERROR OASysRightManager2016.Common [(null)] - [GetJsonDataByResult]报错
System.NullReferenceException: 未将对象引用设置到对象的实例。
   在 BitAuto.DSC.OASysRightManager2016.Common.Common.Util.GetJsonDataByResult(Object obj, String message)
2016-12-13 14:19:09,681 [40] DEBUG EmpolyeeController [(null)] - {"Success":true,"Message":"成功","Data":{"seriesname":[],"datakey":["25岁以下","26-30岁","31-35岁","36-40岁","41岁以上"],"dataval":[["2012","4678","465","2307","774"],["0.1136","0.1782","0.2709","0.0382","0.1279"]]}}
2016-12-13 14:19:09,681 [40] ERROR OASysRightManager2016.Common [(null)] - [GetJsonDataByResult]报错
System.NullReferenceException: 未将对象引用设置到对象的实例。
   在 BitAuto.DSC.OASysRightManager2016.Common.Common.Util.GetJsonDataByResult(Object obj, String message)
2016-12-13 14:19:09,681 [41] DEBUG EmpolyeeController [(null)] - {"Success":true,"Message":"成功","Data":[{"Name":"1年以下","ItemId":"40001","Count":"1565"},{"Name":"1-3年","ItemId":"40002","Count":"4850"},{"Name":"3-5年","ItemId":"40003","Count":"4464"},{"Name":"5年以上","ItemId":"40004","Count":"1629"}]}
2016-12-13 14:19:09,681 [41] ERROR OASysRightManager2016.Common [(null)] - [GetJsonDataByResult]报错
System.NullReferenceException: 未将对象引用设置到对象的实例。
   在 BitAuto.DSC.OASysRightManager2016.Common.Common.Util.GetJsonDataByResult(Object obj, String message)
2016-12-13 14:19:09,871 [31] DEBUG EmpolyeeController [(null)] - {"Success":true,"Message":"成功","Data":{"seriesname":[],"datakey":["G1","G2","G3","G4","G5","G6","G7","G8"],"dataval":[["1810","2314","4249","","4350","4659","3100","877"],["0.1693","0.3378","0.1567","","0.1104","0.1417","0.0465","0.3360"]]}}
2016-12-13 14:19:09,871 [31] ERROR OASysRightManager2016.Common [(null)] - [GetJsonDataByResult]报错
System.NullReferenceException: 未将对象引用设置到对象的实例。
   在 BitAuto.DSC.OASysRightManager2016.Common.Common.Util.GetJsonDataByResult(Object obj, String message)
2016-12-13 14:21:49,653 [8] DEBUG EmpolyeeController [(null)] - {"Success":true,"Message":"成功","Data":{"seriesname":["员工数","增长率"],"datakey":["2016-01","2016-02","2016-03","2016-04","2016-05","2016-06","2016-07","2016-08","2016-09","2016-10","2016-11","2016-12"],"dataval":[["29591","29228","22638","47355","10977","41174","27399","2445","36392","19554","15490","20838"],["3.2670","10.2906","11.7533","-4.9748","15.0942","3.6348","11.8097","-2.0631","17.4728","1.2710","-1.7024","-3.0216"]]}}
2016-12-13 14:21:49,654 [8] ERROR OASysRightManager2016.Common [(null)] - [GetJsonDataByResult]报错
System.NullReferenceException: 未将对象引用设置到对象的实例。
   在 BitAuto.DSC.OASysRightManager2016.Common.Common.Util.GetJsonDataByResult(Object obj, String message)
2016-12-13 14:21:49,654 [40] DEBUG EmpolyeeController [(null)] - {"Success":true,"Message":"成功","Data":{"yearmonth":"201712","total":"49645","entry":"9","dimission":"115","male":"1203","female":"2258","malepercent":"2.4%","femalepercent":"4.5%"}}
2016-12-13 14:21:49,654 [40] ERROR OASysRightManager2016.Common [(null)] - [GetJsonDataByResult]报错
System.NullReferenceException: 未将对象引用设置到对象的实例。
   在 BitAuto.DSC.OASysRightManager2016.Common.Common.Util.GetJsonDataByResult(Object obj, String message)
2016-12-13 14:37:02,951 [52] DEBUG EmpolyeeController [(null)] - {"Success":true,"Message":"成功","Data":[{"Name":"1年以下","ItemId":"40001","Count":"1565"},{"Name":"1-3年","ItemId":"40002","Count":"4850"},{"Name":"3-5年","ItemId":"40003","Count":"4464"},{"Name":"5年以上","ItemId":"40004","Count":"1629"}]}
2016-12-13 14:37:02,952 [52] ERROR OASysRightManager2016.Common [(null)] - [GetJsonDataByResult]报错
System.NullReferenceException: 未将对象引用设置到对象的实例。
   在 BitAuto.DSC.OASysRightManager2016.Common.Common.Util.GetJsonDataByResult(Object obj, String message)
2016-12-13 14:37:02,952 [43] DEBUG EmpolyeeController [(null)] - {"Success":true,"Message":"成功","Data":[{"Name":"管理类","ItemId":"60001","Count":"1366"},{"Name":"销售客服类","ItemId":"60002","Count":"268"},{"Name":"产品开发类","ItemId":"60003","Count":"4774"},{"Name":"支持类","ItemId":"60004","Count":"3475"},{"Name":"编辑类","ItemId":"60005","Count":"3376"},{"Name":"市场类","ItemId":"60006","Count":"3360"}]}
2016-12-13 14:37:02,952 [43] ERROR OASysRightManager2016.Common [(null)] - [GetJsonDataByResult]报错
System.NullReferenceException: 未将对象引用设置到对象的实例。
   在 BitAuto.DSC.OASysRightManager2016.Common.Common.Util.GetJsonDataByResult(Object obj, String message)
2016-12-13 14:37:02,953 [40] DEBUG EmpolyeeController [(null)] - {"Success":true,"Message":"成功","Data":{"seriesname":[],"datakey":["25岁以下","26-30岁","31-35岁","36-40岁","41岁以上"],"dataval":[["2012","4678","465","2307","774"],["0.1136","0.1782","0.2709","0.0382","0.1279"]]}}
2016-12-13 14:37:02,953 [40] ERROR OASysRightManager2016.Common [(null)] - [GetJsonDataByResult]报错
System.NullReferenceException: 未将对象引用设置到对象的实例。
   在 BitAuto.DSC.OASysRightManager2016.Common.Common.Util.GetJsonDataByResult(Object obj, String message)
2016-12-13 14:37:03,027 [55] DEBUG EmpolyeeController [(null)] - {"Success":true,"Message":"成功","Data":{"seriesname":[],"datakey":["G1","G2","G3","G4","G5","G6","G7","G8"],"dataval":[["1810","2314","4249","","4350","4659","3100","877"],["0.1693","0.3378","0.1567","","0.1104","0.1417","0.0465","0.3360"]]}}
2016-12-13 14:37:03,028 [55] ERROR OASysRightManager2016.Common [(null)] - [GetJsonDataByResult]报错
System.NullReferenceException: 未将对象引用设置到对象的实例。
   在 BitAuto.DSC.OASysRightManager2016.Common.Common.Util.GetJsonDataByResult(Object obj, String message)
2016-12-13 14:57:46,247 [50] DEBUG EmpolyeeController [(null)] - {"Success":true,"Message":"成功","Data":{"yearmonth":"201712","total":"49645","entry":"9","dimission":"115","male":"1203","female":"2258","malepercent":"2.4%","femalepercent":"4.5%"}}
2016-12-13 14:57:46,247 [50] ERROR OASysRightManager2016.Common [(null)] - [GetJsonDataByResult]报错
System.NullReferenceException: 未将对象引用设置到对象的实例。
   在 BitAuto.DSC.OASysRightManager2016.Common.Common.Util.GetJsonDataByResult(Object obj, String message)
2016-12-13 14:57:46,263 [62] DEBUG EmpolyeeController [(null)] - {"Success":true,"Message":"成功","Data":{"seriesname":["员工数","增长率"],"datakey":["2016-01","2016-02","2016-03","2016-04","2016-05","2016-06","2016-07","2016-08","2016-09","2016-10","2016-11","2016-12"],"dataval":[["29591","29228","22638","47355","10977","41174","27399","2445","36392","19554","15490","20838"],["3.2670","10.2906","11.7533","-4.9748","15.0942","3.6348","11.8097","-2.0631","17.4728","1.2710","-1.7024","-3.0216"]]}}
2016-12-13 14:57:46,264 [62] ERROR OASysRightManager2016.Common [(null)] - [GetJsonDataByResult]报错
System.NullReferenceException: 未将对象引用设置到对象的实例。
   在 BitAuto.DSC.OASysRightManager2016.Common.Common.Util.GetJsonDataByResult(Object obj, String message)
2016-12-13 17:19:51,834 [7] DEBUG EmpolyeeController [(null)] - {"Success":true,"Message":"成功","Data":{"yearmonth":"201712","total":"49645","entry":"9","dimission":"115","male":"1203","female":"2258","malepercent":"2.4%","femalepercent":"4.5%"}}
2016-12-13 17:19:51,839 [8] DEBUG EmpolyeeController [(null)] - {"Success":true,"Message":"成功","Data":{"seriesname":["员工数","增长率"],"datakey":["2016-01","2016-02","2016-03","2016-04","2016-05","2016-06","2016-07","2016-08","2016-09","2016-10","2016-11","2016-12"],"dataval":[["29591","29228","22638","47355","10977","41174","27399","2445","36392","19554","15490","20838"],["3.2670","10.2906","11.7533","-4.9748","15.0942","3.6348","11.8097","-2.0631","17.4728","1.2710","-1.7024","-3.0216"]]}}
2016-12-13 17:19:52,045 [7] ERROR OASysRightManager2016.Common [(null)] - [GetJsonDataByResult]报错
System.NullReferenceException: 未将对象引用设置到对象的实例。
   在 BitAuto.DSC.OASysRightManager2016.Common.Common.Util.GetJsonDataByResult(Object obj, String message)
2016-12-13 17:19:52,045 [8] ERROR OASysRightManager2016.Common [(null)] - [GetJsonDataByResult]报错
System.NullReferenceException: 未将对象引用设置到对象的实例。
   在 BitAuto.DSC.OASysRightManager2016.Common.Common.Util.GetJsonDataByResult(Object obj, String message)
2016-12-13 17:25:20,726 [20] ERROR APPReport2016.BLL [(null)] - IsAuthorized验证失败
System.NullReferenceException: 未将对象引用设置到对象的实例。
   在 BitAuto.YanFa.OASysRightManager2011.Common.EmployeeInfo.CheckRight(String moduleID, String sysID)
   在 BitAuto.DSC.APPReport2016.WebAPI.Filter.LoginAuthorize.IsAuthorized(HttpActionContext actionContext) 位置 D:\TFS-Root\A5信息系统研发\内部办公信息化\APP报表展示系统\Src\BitAuto.DSC.APPReport2016.WebAPI\Filter\LoginAuthorize.cs:行号 47
2016-12-13 17:25:20,901 [20] INFO  APPReport_WebApi [(null)] - [LoginAuthorize]用户验证失败，用户IP 127.0.0.1, 用户请求的地址为 http://ar.sys1.bitauto.com/api/ptfgyh/GetData?r=0.9199983703438193,UrlRefer为 http://ar.sys1.bitauto.com/html/平台覆盖用户/ptfgyh.htm
2016-12-13 17:25:27,013 [5] ERROR APPReport2016.BLL [(null)] - IsAuthorized验证失败
System.NullReferenceException: 未将对象引用设置到对象的实例。
   在 BitAuto.YanFa.OASysRightManager2011.Common.EmployeeInfo.CheckRight(String moduleID, String sysID)
   在 BitAuto.DSC.APPReport2016.WebAPI.Filter.LoginAuthorize.IsAuthorized(HttpActionContext actionContext) 位置 D:\TFS-Root\A5信息系统研发\内部办公信息化\APP报表展示系统\Src\BitAuto.DSC.APPReport2016.WebAPI\Filter\LoginAuthorize.cs:行号 47
2016-12-13 17:25:27,014 [5] INFO  APPReport_WebApi [(null)] - [LoginAuthorize]用户验证失败，用户IP 127.0.0.1, 用户请求的地址为 http://ar.sys1.bitauto.com/api/ptfgyh/GetData?r=0.5439676567912102,UrlRefer为 http://ar.sys1.bitauto.com/html/平台覆盖用户/ptfgyh.htm
2016-12-13 17:26:03,603 [23] ERROR APPReport2016.BLL [(null)] - IsAuthorized验证失败
System.NullReferenceException: 未将对象引用设置到对象的实例。
   在 BitAuto.YanFa.OASysRightManager2011.Common.EmployeeInfo.CheckRight(String moduleID, String sysID)
   在 BitAuto.DSC.APPReport2016.WebAPI.Filter.LoginAuthorize.IsAuthorized(HttpActionContext actionContext) 位置 D:\TFS-Root\A5信息系统研发\内部办公信息化\APP报表展示系统\Src\BitAuto.DSC.APPReport2016.WebAPI\Filter\LoginAuthorize.cs:行号 47
2016-12-13 17:26:03,604 [23] INFO  APPReport_WebApi [(null)] - [LoginAuthorize]用户验证失败，用户IP 127.0.0.1, 用户请求的地址为 http://ar.sys1.bitauto.com/api/ptfgyh/GetData?r=0.10610418417491019,UrlRefer为 http://ar.sys1.bitauto.com/html/平台覆盖用户/ptfgyh.htm
2016-12-13 17:26:16,323 [12] ERROR APPReport2016.BLL [(null)] - IsAuthorized验证失败
System.NullReferenceException: 未将对象引用设置到对象的实例。
   在 BitAuto.YanFa.OASysRightManager2011.Common.EmployeeInfo.CheckRight(String moduleID, String sysID)
   在 BitAuto.DSC.APPReport2016.WebAPI.Filter.LoginAuthorize.IsAuthorized(HttpActionContext actionContext) 位置 D:\TFS-Root\A5信息系统研发\内部办公信息化\APP报表展示系统\Src\BitAuto.DSC.APPReport2016.WebAPI\Filter\LoginAuthorize.cs:行号 47
2016-12-13 17:26:16,323 [12] INFO  APPReport_WebApi [(null)] - [LoginAuthorize]用户验证失败，用户IP 127.0.0.1, 用户请求的地址为 http://ar.sys1.bitauto.com/api/ptfgyh/GetData?r=0.9083417805649736,UrlRefer为 http://ar.sys1.bitauto.com/html/平台覆盖用户/ptfgyh.htm
2016-12-13 17:31:23,915 [19] ERROR APPReport2016.BLL [(null)] - IsAuthorized验证失败
System.NullReferenceException: 未将对象引用设置到对象的实例。
   在 BitAuto.YanFa.OASysRightManager2011.Common.EmployeeInfo.CheckRight(String moduleID, String sysID)
   在 BitAuto.DSC.APPReport2016.WebAPI.Filter.LoginAuthorize.IsAuthorized(HttpActionContext actionContext) 位置 D:\TFS-Root\A5信息系统研发\内部办公信息化\APP报表展示系统\Src\BitAuto.DSC.APPReport2016.WebAPI\Filter\LoginAuthorize.cs:行号 47
2016-12-13 17:31:24,019 [19] INFO  APPReport_WebApi [(null)] - [LoginAuthorize]用户验证失败，用户IP 127.0.0.1, 用户请求的地址为 http://ar.sys1.bitauto.com/api/ptfgyh/GetData?r=0.5831748367543135,UrlRefer为 http://ar.sys1.bitauto.com/html/平台覆盖用户/ptfgyh.htm
2016-12-13 17:32:21,959 [29] ERROR APPReport2016.BLL [(null)] - IsAuthorized验证失败
System.NullReferenceException: 未将对象引用设置到对象的实例。
   在 BitAuto.YanFa.OASysRightManager2011.Common.EmployeeInfo.CheckRight(String moduleID, String sysID)
   在 BitAuto.DSC.APPReport2016.WebAPI.Filter.LoginAuthorize.IsAuthorized(HttpActionContext actionContext) 位置 D:\TFS-Root\A5信息系统研发\内部办公信息化\APP报表展示系统\Src\BitAuto.DSC.APPReport2016.WebAPI\Filter\LoginAuthorize.cs:行号 47
2016-12-13 17:32:21,960 [29] INFO  APPReport_WebApi [(null)] - [LoginAuthorize]用户验证失败，用户IP 127.0.0.1, 用户请求的地址为 http://ar.sys1.bitauto.com/api/ptfgyh/GetData?r=0.1151065865997225,UrlRefer为 http://ar.sys1.bitauto.com/html/平台覆盖用户/ptfgyh.htm
2016-12-13 17:32:32,094 [15] ERROR APPReport2016.BLL [(null)] - IsAuthorized验证失败
System.NullReferenceException: 未将对象引用设置到对象的实例。
   在 BitAuto.YanFa.OASysRightManager2011.Common.EmployeeInfo.CheckRight(String moduleID, String sysID)
   在 BitAuto.DSC.APPReport2016.WebAPI.Filter.LoginAuthorize.IsAuthorized(HttpActionContext actionContext) 位置 D:\TFS-Root\A5信息系统研发\内部办公信息化\APP报表展示系统\Src\BitAuto.DSC.APPReport2016.WebAPI\Filter\LoginAuthorize.cs:行号 47
2016-12-13 17:32:32,094 [15] INFO  APPReport_WebApi [(null)] - [LoginAuthorize]用户验证失败，用户IP 127.0.0.1, 用户请求的地址为 http://ar.sys1.bitauto.com/api/ptfgyh/GetData?r=0.7800580798648298,UrlRefer为 http://ar.sys1.bitauto.com/html/平台覆盖用户/ptfgyh.htm
2016-12-13 17:35:22,686 [36] ERROR APPReport2016.BLL [(null)] - IsAuthorized验证失败
System.NullReferenceException: 未将对象引用设置到对象的实例。
   在 BitAuto.YanFa.OASysRightManager2011.Common.EmployeeInfo.CheckRight(String moduleID, String sysID)
   在 BitAuto.DSC.APPReport2016.WebAPI.Filter.LoginAuthorize.IsAuthorized(HttpActionContext actionContext) 位置 D:\TFS-Root\A5信息系统研发\内部办公信息化\APP报表展示系统\Src\BitAuto.DSC.APPReport2016.WebAPI\Filter\LoginAuthorize.cs:行号 47
2016-12-13 17:35:22,687 [36] INFO  APPReport_WebApi [(null)] - [LoginAuthorize]用户验证失败，用户IP 127.0.0.1, 用户请求的地址为 http://ar.sys1.bitauto.com/api/ptfgyh/GetData?r=0.41087654135547347,UrlRefer为 http://ar.sys1.bitauto.com/html/平台覆盖用户/ptfgyh.htm
2016-12-13 17:35:26,665 [30] ERROR APPReport2016.BLL [(null)] - IsAuthorized验证失败
System.NullReferenceException: 未将对象引用设置到对象的实例。
   在 BitAuto.YanFa.OASysRightManager2011.Common.EmployeeInfo.CheckRight(String moduleID, String sysID)
   在 BitAuto.DSC.APPReport2016.WebAPI.Filter.LoginAuthorize.IsAuthorized(HttpActionContext actionContext) 位置 D:\TFS-Root\A5信息系统研发\内部办公信息化\APP报表展示系统\Src\BitAuto.DSC.APPReport2016.WebAPI\Filter\LoginAuthorize.cs:行号 47
2016-12-13 17:35:26,665 [30] INFO  APPReport_WebApi [(null)] - [LoginAuthorize]用户验证失败，用户IP 127.0.0.1, 用户请求的地址为 http://ar.sys1.bitauto.com/api/ptfgyh/GetData?r=0.8196990267170161,UrlRefer为 http://ar.sys1.bitauto.com/html/平台覆盖用户/ptfgyh.htm
2016-12-13 17:43:17,086 [45] ERROR APPReport2016.BLL [(null)] - IsAuthorized验证失败
System.NullReferenceException: 未将对象引用设置到对象的实例。
   在 BitAuto.YanFa.OASysRightManager2011.Common.EmployeeInfo.CheckRight(String moduleID, String sysID)
   在 BitAuto.DSC.APPReport2016.WebAPI.Filter.LoginAuthorize.IsAuthorized(HttpActionContext actionContext) 位置 D:\TFS-Root\A5信息系统研发\内部办公信息化\APP报表展示系统\Src\BitAuto.DSC.APPReport2016.WebAPI\Filter\LoginAuthorize.cs:行号 47
2016-12-13 17:43:17,220 [45] INFO  APPReport_WebApi [(null)] - [LoginAuthorize]用户验证失败，用户IP 127.0.0.1, 用户请求的地址为 http://ar.sys1.bitauto.com/api/ptfgyh/GetData?r=0.7247139113392378,UrlRefer为 http://ar.sys1.bitauto.com/html/平台覆盖用户/ptfgyh.htm
2016-12-13 17:43:32,197 [46] ERROR APPReport2016.BLL [(null)] - IsAuthorized验证失败
System.NullReferenceException: 未将对象引用设置到对象的实例。
   在 BitAuto.YanFa.OASysRightManager2011.Common.EmployeeInfo.CheckRight(String moduleID, String sysID)
   在 BitAuto.DSC.APPReport2016.WebAPI.Filter.LoginAuthorize.IsAuthorized(HttpActionContext actionContext) 位置 D:\TFS-Root\A5信息系统研发\内部办公信息化\APP报表展示系统\Src\BitAuto.DSC.APPReport2016.WebAPI\Filter\LoginAuthorize.cs:行号 47
2016-12-13 17:43:32,198 [46] INFO  APPReport_WebApi [(null)] - [LoginAuthorize]用户验证失败，用户IP 127.0.0.1, 用户请求的地址为 http://ar.sys1.bitauto.com/api/ptfgyh/GetData?r=0.016920049978917162,UrlRefer为 http://ar.sys1.bitauto.com/html/平台覆盖用户/ptfgyh.htm
2016-12-13 18:12:53,675 [69] ERROR APPReport2016.BLL [(null)] - IsAuthorized验证失败
System.NullReferenceException: 未将对象引用设置到对象的实例。
   在 BitAuto.YanFa.OASysRightManager2011.Common.EmployeeInfo.CheckRight(String moduleID, String sysID)
   在 BitAuto.DSC.APPReport2016.WebAPI.Filter.LoginAuthorize.IsAuthorized(HttpActionContext actionContext) 位置 D:\TFS-Root\A5信息系统研发\内部办公信息化\APP报表展示系统\Src\BitAuto.DSC.APPReport2016.WebAPI\Filter\LoginAuthorize.cs:行号 47
2016-12-13 18:12:53,766 [69] INFO  APPReport_WebApi [(null)] - [LoginAuthorize]用户验证失败，用户IP 127.0.0.1, 用户请求的地址为 http://ar.sys1.bitauto.com/api/ptfgyh/GetData?r=0.7220954052172601,UrlRefer为 http://ar.sys1.bitauto.com/html/平台覆盖用户/ptfgyh.htm
