2016-12-13 11:26:11	error	[IsLoginByAPP]   在 BitAuto.YanFa.OASysRightManager2011.Common.EmployeeInfo.IsLoginByAPP()索引超出了数组界限。
2016-12-13 11:28:55	error	[IsLoginByAPP]   在 BitAuto.YanFa.OASysRightManager2011.Common.EmployeeInfo.IsLoginByAPP()索引超出了数组界限。
2016-12-13 11:29:17	error	[IsLoginByAPP]   在 BitAuto.YanFa.OASysRightManager2011.Common.EmployeeInfo.IsLoginByAPP()索引超出了数组界限。
2016-12-13 11:32:53	error	[IsLoginByAPP]   在 BitAuto.YanFa.OASysRightManager2011.Common.EmployeeInfo.IsLoginByAPP()索引超出了数组界限。
2016-12-13 11:33:04	error	[IsLoginByAPP]   在 BitAuto.YanFa.OASysRightManager2011.Common.EmployeeInfo.IsLoginByAPP()索引超出了数组界限。
2016-12-13 11:34:03	error	[IsLoginByAPP]   在 BitAuto.YanFa.OASysRightManager2011.Common.EmployeeInfo.IsLoginByAPP()索引超出了数组界限。
2016-12-13 11:34:28	error	[IsLoginByAPP]   在 BitAuto.YanFa.OASysRightManager2011.Common.EmployeeInfo.IsLoginByAPP()索引超出了数组界限。
2016-12-13 11:34:40	error	[IsLoginByAPP]   在 BitAuto.YanFa.OASysRightManager2011.Common.EmployeeInfo.IsLoginByAPP()索引超出了数组界限。
2016-12-13 11:37:27	error	[IsLoginByAPP]   在 BitAuto.YanFa.OASysRightManager2011.Common.EmployeeInfo.IsLoginByAPP()索引超出了数组界限。
2016-12-13 11:37:40	error	[IsLoginByAPP]   在 BitAuto.YanFa.OASysRightManager2011.Common.EmployeeInfo.IsLoginByAPP()索引超出了数组界限。
2016-12-13 11:39:10	error	[IsLoginByAPP]   在 BitAuto.YanFa.OASysRightManager2011.Common.EmployeeInfo.IsLoginByAPP()索引超出了数组界限。
2016-12-13 11:39:54	error	[IsLoginByAPP]   在 BitAuto.YanFa.OASysRightManager2011.Common.EmployeeInfo.IsLoginByAPP()索引超出了数组界限。
2016-12-13 11:52:26	error	[IsLoginByAPP]   在 BitAuto.YanFa.OASysRightManager2011.Common.EmployeeInfo.IsLoginByAPP()索引超出了数组界限。
2016-12-13 11:52:45	error	[IsLoginByAPP]   在 BitAuto.YanFa.OASysRightManager2011.Common.EmployeeInfo.IsLoginByAPP()索引超出了数组界限。
2016-12-13 11:52:46	error	[IsLoginByAPP]   在 BitAuto.YanFa.OASysRightManager2011.Common.EmployeeInfo.IsLoginByAPP()索引超出了数组界限。
2016-12-13 11:52:58	error	[IsLoginByAPP]   在 BitAuto.YanFa.OASysRightManager2011.Common.EmployeeInfo.IsLoginByAPP()索引超出了数组界限。
2016-12-13 11:53:58	error	[IsLoginByAPP]   在 BitAuto.YanFa.OASysRightManager2011.Common.EmployeeInfo.IsLoginByAPP()索引超出了数组界限。
2016-12-13 11:54:34	info	[IsOverdueByCookies方法]中，timeStamp=1481601166，CurrentDate=2016/12/13 11:54:34，CookiesContentDate=2016/12/13 11:52:45，ts.Minutes=1,loginOverdueTime=5
2016-12-13 11:55:05	info	[IsLoginByAPP],解析Cookies内容——strCookiesEncrypt=52A7354134A9A24A7F2B2DC4A895A1D8F47D47E74621869821246D0E67A42116CDBE21780B26FF0E3140F2C44D0486F871B23B71E70BBA31EAF76F8126F7AE4CC0708CA0F7C927911D970A0AA1EB3E2F6D165A5CE0F5D209
2016-12-13 11:55:05	info	[IsLoginByAPP],解析Cookies内容——loginEmployeeNumber=0370
2016-12-13 11:55:05	info	[IsOverdueByCookies方法]中，timeStamp=1481601166，CurrentDate=2016/12/13 11:55:05，CookiesContentDate=2016/12/13 11:52:45，ts.Minutes=2,loginOverdueTime=5
2016-12-13 11:55:05	info	[IsLoginByAPP],IsOverdueByCookies(0370)=False
2016-12-13 11:55:05	info	[IsLoginByAPP],strEncryptKey=1481601166385333
2016-12-13 11:55:05	info	[IsLoginByAPP],cookieValue=12B6D80CE2E97216|DEE4B8C9536EB89F|A56BA799F1F326DB|2F5CCACCEC1A2AF4|ADEFE0CDE309E5EE
2016-12-13 11:55:07	info	[IsOverdueByCookies方法]中，timeStamp=1481601166，CurrentDate=2016/12/13 11:55:07，CookiesContentDate=2016/12/13 11:52:45，ts.Minutes=2,loginOverdueTime=5
2016-12-13 11:55:18	info	[IsOverdueByCookies方法]中，timeStamp=1481601212，CurrentDate=2016/12/13 11:55:18，CookiesContentDate=2016/12/13 11:53:32，ts.Minutes=1,loginOverdueTime=5
2016-12-13 11:55:19	info	[IsOverdueByCookies方法]中，timeStamp=1481601212，CurrentDate=2016/12/13 11:55:19，CookiesContentDate=2016/12/13 11:53:32，ts.Minutes=1,loginOverdueTime=5
2016-12-13 17:25:20	error	[IsLoginByAPP]   在 BitAuto.YanFa.OASysRightManager2011.Common.EmployeeInfo.IsLoginByAPP()索引超出了数组界限。
2016-12-13 17:25:27	error	[IsLoginByAPP]   在 BitAuto.YanFa.OASysRightManager2011.Common.EmployeeInfo.IsLoginByAPP()索引超出了数组界限。
2016-12-13 17:26:03	error	[IsLoginByAPP]   在 BitAuto.YanFa.OASysRightManager2011.Common.EmployeeInfo.IsLoginByAPP()索引超出了数组界限。
2016-12-13 17:26:16	error	[IsLoginByAPP]   在 BitAuto.YanFa.OASysRightManager2011.Common.EmployeeInfo.IsLoginByAPP()索引超出了数组界限。
2016-12-13 17:31:23	error	[IsLoginByAPP]   在 BitAuto.YanFa.OASysRightManager2011.Common.EmployeeInfo.IsLoginByAPP()索引超出了数组界限。
2016-12-13 17:32:21	error	[IsLoginByAPP]   在 BitAuto.YanFa.OASysRightManager2011.Common.EmployeeInfo.IsLoginByAPP()索引超出了数组界限。
2016-12-13 17:32:32	error	[IsLoginByAPP]   在 BitAuto.YanFa.OASysRightManager2011.Common.EmployeeInfo.IsLoginByAPP()索引超出了数组界限。
2016-12-13 17:35:22	error	[IsLoginByAPP]   在 BitAuto.YanFa.OASysRightManager2011.Common.EmployeeInfo.IsLoginByAPP()索引超出了数组界限。
2016-12-13 17:35:26	error	[IsLoginByAPP]   在 BitAuto.YanFa.OASysRightManager2011.Common.EmployeeInfo.IsLoginByAPP()索引超出了数组界限。
2016-12-13 17:43:16	error	[IsLoginByAPP]   在 BitAuto.YanFa.OASysRightManager2011.Common.EmployeeInfo.IsLoginByAPP()索引超出了数组界限。
2016-12-13 17:43:32	error	[IsLoginByAPP]   在 BitAuto.YanFa.OASysRightManager2011.Common.EmployeeInfo.IsLoginByAPP()索引超出了数组界限。
2016-12-13 17:44:00	info	[IsOverdueByCookies方法]中，timeStamp=1481622122，CurrentDate=2016/12/13 17:44:00，CookiesContentDate=2016/12/13 17:42:01，ts.Minutes=1,loginOverdueTime=5
2016-12-13 17:44:02	info	[IsOverdueByCookies方法]中，timeStamp=1481622122，CurrentDate=2016/12/13 17:44:02，CookiesContentDate=2016/12/13 17:44:01，ts.Minutes=0,loginOverdueTime=5
2016-12-13 17:44:05	info	[IsOverdueByCookies方法]中，timeStamp=1481622122，CurrentDate=2016/12/13 17:44:05，CookiesContentDate=2016/12/13 17:44:02，ts.Minutes=0,loginOverdueTime=5
2016-12-13 17:45:53	info	[IsOverdueByCookies方法]中，timeStamp=1481622122，CurrentDate=2016/12/13 17:45:53，CookiesContentDate=2016/12/13 17:44:05，ts.Minutes=1,loginOverdueTime=5
2016-12-13 17:45:54	info	[IsOverdueByCookies方法]中，timeStamp=1481622122，CurrentDate=2016/12/13 17:45:54，CookiesContentDate=2016/12/13 17:45:53，ts.Minutes=0,loginOverdueTime=5
2016-12-13 17:45:54	info	[IsOverdueByCookies方法]中，timeStamp=1481622122，CurrentDate=2016/12/13 17:45:54，CookiesContentDate=2016/12/13 17:45:54，ts.Minutes=0,loginOverdueTime=5
2016-12-13 17:45:59	info	[IsOverdueByCookies方法]中，timeStamp=1481622122，CurrentDate=2016/12/13 17:45:59，CookiesContentDate=2016/12/13 17:45:54，ts.Minutes=0,loginOverdueTime=5
2016-12-13 17:47:23	info	[IsOverdueByCookies方法]中，timeStamp=1481622122，CurrentDate=2016/12/13 17:47:23，CookiesContentDate=2016/12/13 17:45:59，ts.Minutes=1,loginOverdueTime=5
2016-12-13 17:47:24	info	[IsOverdueByCookies方法]中，timeStamp=1481622122，CurrentDate=2016/12/13 17:47:24，CookiesContentDate=2016/12/13 17:47:23，ts.Minutes=0,loginOverdueTime=5
2016-12-13 17:47:24	info	[IsOverdueByCookies方法]中，timeStamp=1481622122，CurrentDate=2016/12/13 17:47:24，CookiesContentDate=2016/12/13 17:47:24，ts.Minutes=0,loginOverdueTime=5
2016-12-13 17:47:28	info	[IsOverdueByCookies方法]中，timeStamp=1481622122，CurrentDate=2016/12/13 17:47:28，CookiesContentDate=2016/12/13 17:47:24，ts.Minutes=0,loginOverdueTime=5
2016-12-13 17:47:29	info	[IsOverdueByCookies方法]中，timeStamp=1481622122，CurrentDate=2016/12/13 17:47:29，CookiesContentDate=2016/12/13 17:47:28，ts.Minutes=0,loginOverdueTime=5
2016-12-13 17:47:33	info	[IsOverdueByCookies方法]中，timeStamp=1481622122，CurrentDate=2016/12/13 17:47:33，CookiesContentDate=2016/12/13 17:47:29，ts.Minutes=0,loginOverdueTime=5
2016-12-13 17:47:35	info	[IsOverdueByCookies方法]中，timeStamp=1481622122，CurrentDate=2016/12/13 17:47:35，CookiesContentDate=2016/12/13 17:47:33，ts.Minutes=0,loginOverdueTime=5
2016-12-13 17:47:35	info	[IsOverdueByCookies方法]中，timeStamp=1481622122，CurrentDate=2016/12/13 17:47:35，CookiesContentDate=2016/12/13 17:47:35，ts.Minutes=0,loginOverdueTime=5
2016-12-13 17:47:37	info	[IsOverdueByCookies方法]中，timeStamp=1481622122，CurrentDate=2016/12/13 17:47:37，CookiesContentDate=2016/12/13 17:47:35，ts.Minutes=0,loginOverdueTime=5
2016-12-13 17:47:38	info	[IsOverdueByCookies方法]中，timeStamp=1481622122，CurrentDate=2016/12/13 17:47:38，CookiesContentDate=2016/12/13 17:47:37，ts.Minutes=0,loginOverdueTime=5
2016-12-13 17:47:39	info	[IsOverdueByCookies方法]中，timeStamp=1481622122，CurrentDate=2016/12/13 17:47:39，CookiesContentDate=2016/12/13 17:47:38，ts.Minutes=0,loginOverdueTime=5
2016-12-13 17:49:40	info	[IsLoginByAPP],解析Cookies内容——strCookiesEncrypt=8D14807DB8C6E0869EF9959EE503F6DBDED19A287C7083BAA97BAC5CB812D92E0335986D017466D2921332A2E0C0CE937F9482B1893EEA4AD3E306178D4B00036157270BD5862A8B0AF11E0F6B5A0C80BA91222E922C5957
2016-12-13 17:49:40	info	[IsLoginByAPP],解析Cookies内容——loginEmployeeNumber=0370
2016-12-13 17:49:40	info	[IsOverdueByCookies方法]中，timeStamp=1481622122，CurrentDate=2016/12/13 17:49:40，CookiesContentDate=2016/12/13 17:47:39，ts.Minutes=2,loginOverdueTime=5
2016-12-13 17:49:40	info	[IsLoginByAPP],IsOverdueByCookies(0370)=False
2016-12-13 17:49:41	info	[IsLoginByAPP],strEncryptKey=1481622122390290
2016-12-13 17:49:41	info	[IsLoginByAPP],cookieValue=DA2CB06D09104FA7|19D5C6120448E03F|0F4C459683E2D5DE|ED08CF9B52B71374|195180FB7FC8D151
2016-12-13 17:49:42	info	[IsOverdueByCookies方法]中，timeStamp=1481622122，CurrentDate=2016/12/13 17:49:42，CookiesContentDate=2016/12/13 17:49:41，ts.Minutes=0,loginOverdueTime=5
2016-12-13 17:49:42	info	[IsOverdueByCookies方法]中，timeStamp=1481622122，CurrentDate=2016/12/13 17:49:42，CookiesContentDate=2016/12/13 17:49:42，ts.Minutes=0,loginOverdueTime=5
2016-12-13 17:54:20	info	[IsOverdueByCookies方法]中，timeStamp=1481622122，CurrentDate=2016/12/13 17:54:20，CookiesContentDate=2016/12/13 17:49:43，ts.Minutes=4,loginOverdueTime=5
2016-12-13 17:54:20	info	[IsOverdueByCookies方法]中，timeStamp=1481622122，CurrentDate=2016/12/13 17:54:20，CookiesContentDate=2016/12/13 17:54:20，ts.Minutes=0,loginOverdueTime=5
2016-12-13 17:54:21	info	[IsOverdueByCookies方法]中，timeStamp=1481622122，CurrentDate=2016/12/13 17:54:21，CookiesContentDate=2016/12/13 17:54:20，ts.Minutes=0,loginOverdueTime=5
2016-12-13 17:54:33	info	[IsOverdueByCookies方法]中，timeStamp=1481622122，CurrentDate=2016/12/13 17:54:33，CookiesContentDate=2016/12/13 17:54:21，ts.Minutes=0,loginOverdueTime=5
2016-12-13 17:54:33	info	[IsOverdueByCookies方法]中，timeStamp=1481622122，CurrentDate=2016/12/13 17:54:33，CookiesContentDate=2016/12/13 17:54:33，ts.Minutes=0,loginOverdueTime=5
2016-12-13 17:54:34	info	[IsOverdueByCookies方法]中，timeStamp=1481622122，CurrentDate=2016/12/13 17:54:34，CookiesContentDate=2016/12/13 17:54:33，ts.Minutes=0,loginOverdueTime=5
2016-12-13 17:54:48	info	[IsOverdueByCookies方法]中，timeStamp=1481622122，CurrentDate=2016/12/13 17:54:48，CookiesContentDate=2016/12/13 17:54:34，ts.Minutes=0,loginOverdueTime=5
2016-12-13 17:54:49	info	[IsOverdueByCookies方法]中，timeStamp=1481622122，CurrentDate=2016/12/13 17:54:49，CookiesContentDate=2016/12/13 17:54:48，ts.Minutes=0,loginOverdueTime=5
2016-12-13 17:54:49	info	[IsOverdueByCookies方法]中，timeStamp=1481622122，CurrentDate=2016/12/13 17:54:49，CookiesContentDate=2016/12/13 17:54:49，ts.Minutes=0,loginOverdueTime=5
2016-12-13 17:57:07	info	[IsOverdueByCookies方法]中，timeStamp=1481622122，CurrentDate=2016/12/13 17:57:07，CookiesContentDate=2016/12/13 17:54:49，ts.Minutes=2,loginOverdueTime=5
2016-12-13 17:57:07	info	[IsOverdueByCookies方法]中，timeStamp=1481622122，CurrentDate=2016/12/13 17:57:07，CookiesContentDate=2016/12/13 17:57:07，ts.Minutes=0,loginOverdueTime=5
2016-12-13 17:57:07	info	[IsOverdueByCookies方法]中，timeStamp=1481622122，CurrentDate=2016/12/13 17:57:07，CookiesContentDate=2016/12/13 17:57:07，ts.Minutes=0,loginOverdueTime=5
2016-12-13 18:02:06	info	[IsLoginByAPP],解析Cookies内容——strCookiesEncrypt=8D14807DB8C6E0869EF9959EE503F6DBDED19A287C7083BAA97BAC5CB812D92E0335986D017466D2921332A2E0C0CE937F9482B1893EEA4AD3E306178D4B00036157270BD5862A8B0AF11E0F6B5A0C80BA91222E922C5957
2016-12-13 18:02:06	info	[IsLoginByAPP],解析Cookies内容——loginEmployeeNumber=0370
2016-12-13 18:02:06	info	[IsOverdueByCookies方法]中，timeStamp=1481622122，CurrentDate=2016/12/13 18:02:06，CookiesContentDate=2016/12/13 17:57:07，ts.Minutes=4,loginOverdueTime=5
2016-12-13 18:02:06	info	[IsLoginByAPP],IsOverdueByCookies(0370)=False
2016-12-13 18:02:06	info	[IsLoginByAPP],strEncryptKey=1481622122390290
2016-12-13 18:02:06	info	[IsLoginByAPP],cookieValue=DA2CB06D09104FA7|19D5C6120448E03F|0F4C459683E2D5DE|ED08CF9B52B71374|195180FB7FC8D151
2016-12-13 18:02:07	info	[IsOverdueByCookies方法]中，timeStamp=1481622122，CurrentDate=2016/12/13 18:02:07，CookiesContentDate=2016/12/13 18:02:06，ts.Minutes=0,loginOverdueTime=5
2016-12-13 18:02:07	info	[IsOverdueByCookies方法]中，timeStamp=1481622122，CurrentDate=2016/12/13 18:02:07，CookiesContentDate=2016/12/13 18:02:07，ts.Minutes=0,loginOverdueTime=5
2016-12-13 18:05:27	info	[IsOverdueByCookies方法]中，timeStamp=1481622122，CurrentDate=2016/12/13 18:05:27，CookiesContentDate=2016/12/13 18:02:08，ts.Minutes=3,loginOverdueTime=5
2016-12-13 18:05:27	info	[IsOverdueByCookies方法]中，timeStamp=1481622122，CurrentDate=2016/12/13 18:05:27，CookiesContentDate=2016/12/13 18:05:27，ts.Minutes=0,loginOverdueTime=5
2016-12-13 18:05:28	info	[IsOverdueByCookies方法]中，timeStamp=1481622122，CurrentDate=2016/12/13 18:05:28，CookiesContentDate=2016/12/13 18:05:27，ts.Minutes=0,loginOverdueTime=5
2016-12-13 18:06:06	info	[IsOverdueByCookies方法]中，timeStamp=1481622122，CurrentDate=2016/12/13 18:06:06，CookiesContentDate=2016/12/13 18:05:28，ts.Minutes=0,loginOverdueTime=5
2016-12-13 18:06:07	info	[IsOverdueByCookies方法]中，timeStamp=1481622122，CurrentDate=2016/12/13 18:06:07，CookiesContentDate=2016/12/13 18:06:06，ts.Minutes=0,loginOverdueTime=5
2016-12-13 18:06:07	info	[IsOverdueByCookies方法]中，timeStamp=1481622122，CurrentDate=2016/12/13 18:06:07，CookiesContentDate=2016/12/13 18:06:07，ts.Minutes=0,loginOverdueTime=5
2016-12-13 18:07:51	info	[IsLoginByAPP],解析Cookies内容——strCookiesEncrypt=8D14807DB8C6E0869EF9959EE503F6DBDED19A287C7083BAA97BAC5CB812D92E0335986D017466D2921332A2E0C0CE937F9482B1893EEA4AD3E306178D4B00036157270BD5862A8B0AF11E0F6B5A0C80BA91222E922C5957
2016-12-13 18:07:51	info	[IsLoginByAPP],解析Cookies内容——loginEmployeeNumber=0370
2016-12-13 18:07:51	info	[IsOverdueByCookies方法]中，timeStamp=1481622122，CurrentDate=2016/12/13 18:07:51，CookiesContentDate=2016/12/13 18:06:07，ts.Minutes=1,loginOverdueTime=5
2016-12-13 18:07:51	info	[IsLoginByAPP],IsOverdueByCookies(0370)=False
2016-12-13 18:07:51	info	[IsLoginByAPP],strEncryptKey=1481622122390290
2016-12-13 18:07:51	info	[IsLoginByAPP],cookieValue=DA2CB06D09104FA7|19D5C6120448E03F|0F4C459683E2D5DE|ED08CF9B52B71374|195180FB7FC8D151
2016-12-13 18:07:52	info	[IsOverdueByCookies方法]中，timeStamp=1481622122，CurrentDate=2016/12/13 18:07:52，CookiesContentDate=2016/12/13 18:07:51，ts.Minutes=0,loginOverdueTime=5
2016-12-13 18:07:52	info	[IsOverdueByCookies方法]中，timeStamp=1481622122，CurrentDate=2016/12/13 18:07:52，CookiesContentDate=2016/12/13 18:07:52，ts.Minutes=0,loginOverdueTime=5
2016-12-13 18:08:02	info	[IsOverdueByCookies方法]中，timeStamp=1481622122，CurrentDate=2016/12/13 18:08:02，CookiesContentDate=2016/12/13 18:07:53，ts.Minutes=0,loginOverdueTime=5
2016-12-13 18:08:02	info	[IsOverdueByCookies方法]中，timeStamp=1481622122，CurrentDate=2016/12/13 18:08:02，CookiesContentDate=2016/12/13 18:08:02，ts.Minutes=0,loginOverdueTime=5
2016-12-13 18:08:03	info	[IsOverdueByCookies方法]中，timeStamp=1481622122，CurrentDate=2016/12/13 18:08:03，CookiesContentDate=2016/12/13 18:08:02，ts.Minutes=0,loginOverdueTime=5
2016-12-13 18:08:23	info	[IsOverdueByCookies方法]中，timeStamp=1481622122，CurrentDate=2016/12/13 18:08:23，CookiesContentDate=2016/12/13 18:08:03，ts.Minutes=0,loginOverdueTime=5
2016-12-13 18:08:23	info	[IsOverdueByCookies方法]中，timeStamp=1481622122，CurrentDate=2016/12/13 18:08:23，CookiesContentDate=2016/12/13 18:08:23，ts.Minutes=0,loginOverdueTime=5
2016-12-13 18:08:24	info	[IsOverdueByCookies方法]中，timeStamp=1481622122，CurrentDate=2016/12/13 18:08:24，CookiesContentDate=2016/12/13 18:08:23，ts.Minutes=0,loginOverdueTime=5
2016-12-13 18:08:53	info	[IsOverdueByCookies方法]中，timeStamp=1481622122，CurrentDate=2016/12/13 18:08:53，CookiesContentDate=2016/12/13 18:08:24，ts.Minutes=0,loginOverdueTime=5
2016-12-13 18:08:54	info	[IsOverdueByCookies方法]中，timeStamp=1481622122，CurrentDate=2016/12/13 18:08:54，CookiesContentDate=2016/12/13 18:08:53，ts.Minutes=0,loginOverdueTime=5
2016-12-13 18:08:54	info	[IsOverdueByCookies方法]中，timeStamp=1481622122，CurrentDate=2016/12/13 18:08:54，CookiesContentDate=2016/12/13 18:08:54，ts.Minutes=0,loginOverdueTime=5
2016-12-13 18:10:41	info	[IsOverdueByCookies方法]中，timeStamp=1481622122，CurrentDate=2016/12/13 18:10:41，CookiesContentDate=2016/12/13 18:08:54，ts.Minutes=1,loginOverdueTime=5
2016-12-13 18:10:42	info	[IsOverdueByCookies方法]中，timeStamp=1481622122，CurrentDate=2016/12/13 18:10:42，CookiesContentDate=2016/12/13 18:10:41，ts.Minutes=0,loginOverdueTime=5
2016-12-13 18:10:42	info	[IsOverdueByCookies方法]中，timeStamp=1481622122，CurrentDate=2016/12/13 18:10:42，CookiesContentDate=2016/12/13 18:10:42，ts.Minutes=0,loginOverdueTime=5
2016-12-13 18:10:55	info	[IsLoginByAPP],解析Cookies内容——strCookiesEncrypt=8D14807DB8C6E0869EF9959EE503F6DBDED19A287C7083BAA97BAC5CB812D92E0335986D017466D2921332A2E0C0CE937F9482B1893EEA4AD3E306178D4B00036157270BD5862A8B0AF11E0F6B5A0C80BA91222E922C5957
2016-12-13 18:10:55	info	[IsLoginByAPP],解析Cookies内容——loginEmployeeNumber=0370
2016-12-13 18:10:55	info	[IsOverdueByCookies方法]中，timeStamp=1481622122，CurrentDate=2016/12/13 18:10:55，CookiesContentDate=2016/12/13 18:10:42，ts.Minutes=0,loginOverdueTime=5
2016-12-13 18:10:55	info	[IsLoginByAPP],IsOverdueByCookies(0370)=False
2016-12-13 18:10:55	info	[IsLoginByAPP],strEncryptKey=1481622122390290
2016-12-13 18:10:55	info	[IsLoginByAPP],cookieValue=DA2CB06D09104FA7|19D5C6120448E03F|0F4C459683E2D5DE|ED08CF9B52B71374|195180FB7FC8D151
2016-12-13 18:10:57	info	[IsOverdueByCookies方法]中，timeStamp=1481622122，CurrentDate=2016/12/13 18:10:57，CookiesContentDate=2016/12/13 18:10:55，ts.Minutes=0,loginOverdueTime=5
2016-12-13 18:10:58	info	[IsOverdueByCookies方法]中，timeStamp=1481622122，CurrentDate=2016/12/13 18:10:58，CookiesContentDate=2016/12/13 18:10:57，ts.Minutes=0,loginOverdueTime=5
2016-12-13 18:12:32	info	[IsOverdueByCookies方法]中，timeStamp=1481622122，CurrentDate=2016/12/13 18:12:32，CookiesContentDate=2016/12/13 18:10:58，ts.Minutes=1,loginOverdueTime=5
2016-12-13 18:12:33	info	[IsOverdueByCookies方法]中，timeStamp=1481622122，CurrentDate=2016/12/13 18:12:33，CookiesContentDate=2016/12/13 18:12:32，ts.Minutes=0,loginOverdueTime=5
2016-12-13 18:12:34	info	[IsOverdueByCookies方法]中，timeStamp=1481622122，CurrentDate=2016/12/13 18:12:34，CookiesContentDate=2016/12/13 18:12:33，ts.Minutes=0,loginOverdueTime=5
2016-12-13 18:12:53	error	[IsLoginByAPP]   在 BitAuto.YanFa.OASysRightManager2011.Common.EmployeeInfo.IsLoginByAPP()索引超出了数组界限。
2016-12-13 18:13:38	info	[IsOverdueByCookies方法]中，timeStamp=1481623904，CurrentDate=2016/12/13 18:13:38，CookiesContentDate=2016/12/13 18:11:44，ts.Minutes=1,loginOverdueTime=5
2016-12-13 18:13:38	info	[IsOverdueByCookies方法]中，timeStamp=1481623904，CurrentDate=2016/12/13 18:13:38，CookiesContentDate=2016/12/13 18:13:38，ts.Minutes=0,loginOverdueTime=5
2016-12-13 18:13:38	info	[IsOverdueByCookies方法]中，timeStamp=1481623904，CurrentDate=2016/12/13 18:13:38，CookiesContentDate=2016/12/13 18:13:38，ts.Minutes=0,loginOverdueTime=5
