2016-12-21 09:11:57	info	[IsOverdueByCookies方法]中，timeStamp=1482282559，CurrentDate=2016/12/21 9:11:57，CookiesContentDate=2016/12/21 9:09:18，ts.Minutes=2,loginOverdueTime=10
2016-12-21 09:12:00	info	[IsOverdueByCookies方法]中，timeStamp=1482282559，CurrentDate=2016/12/21 9:12:00，CookiesContentDate=2016/12/21 9:11:59，ts.Minutes=0,loginOverdueTime=10
2016-12-21 09:12:54	info	[IsOverdueByCookies方法]中，timeStamp=1482282635，CurrentDate=2016/12/21 9:12:54，CookiesContentDate=2016/12/21 9:10:35，ts.Minutes=2,loginOverdueTime=10
2016-12-21 09:12:54	info	[IsOverdueByCookies方法]中，timeStamp=1482282635，CurrentDate=2016/12/21 9:12:54，CookiesContentDate=2016/12/21 9:12:54，ts.Minutes=0,loginOverdueTime=10
2016-12-21 09:15:40	info	[IsOverdueByCookies方法]中，timeStamp=1482282635，CurrentDate=2016/12/21 9:15:40，CookiesContentDate=2016/12/21 9:12:55，ts.Minutes=2,loginOverdueTime=10
2016-12-21 09:15:41	info	[IsOverdueByCookies方法]中，timeStamp=1482282635，CurrentDate=2016/12/21 9:15:41，CookiesContentDate=2016/12/21 9:15:40，ts.Minutes=0,loginOverdueTime=10
2016-12-21 09:15:49	info	[IsOverdueByCookies方法]中，timeStamp=1482282635，CurrentDate=2016/12/21 9:15:49，CookiesContentDate=2016/12/21 9:15:41，ts.Minutes=0,loginOverdueTime=10
2016-12-21 09:15:50	info	[IsOverdueByCookies方法]中，timeStamp=1482282635，CurrentDate=2016/12/21 9:15:50，CookiesContentDate=2016/12/21 9:15:50，ts.Minutes=0,loginOverdueTime=10
2016-12-21 09:15:50	info	[IsOverdueByCookies方法]中，timeStamp=1482282635，CurrentDate=2016/12/21 9:15:50，CookiesContentDate=2016/12/21 9:15:50，ts.Minutes=0,loginOverdueTime=10
2016-12-21 09:15:50	info	[IsOverdueByCookies方法]中，timeStamp=1482282635，CurrentDate=2016/12/21 9:15:50，CookiesContentDate=2016/12/21 9:15:50，ts.Minutes=0,loginOverdueTime=10
2016-12-21 09:15:51	info	[IsOverdueByCookies方法]中，timeStamp=1482282635，CurrentDate=2016/12/21 9:15:51，CookiesContentDate=2016/12/21 9:15:50，ts.Minutes=0,loginOverdueTime=10
2016-12-21 09:16:41	info	[IsOverdueByCookies方法]中，timeStamp=1482282635，CurrentDate=2016/12/21 9:16:41，CookiesContentDate=2016/12/21 9:15:51，ts.Minutes=0,loginOverdueTime=10
2016-12-21 09:16:41	info	[IsOverdueByCookies方法]中，timeStamp=1482282635，CurrentDate=2016/12/21 9:16:41，CookiesContentDate=2016/12/21 9:16:41，ts.Minutes=0,loginOverdueTime=10
2016-12-21 09:16:43	info	[IsOverdueByCookies方法]中，timeStamp=1482282635，CurrentDate=2016/12/21 9:16:43，CookiesContentDate=2016/12/21 9:16:42，ts.Minutes=0,loginOverdueTime=10
2016-12-21 09:16:43	info	[IsOverdueByCookies方法]中，timeStamp=1482282635，CurrentDate=2016/12/21 9:16:43，CookiesContentDate=2016/12/21 9:16:43，ts.Minutes=0,loginOverdueTime=10
2016-12-21 09:18:55	info	[IsOverdueByCookies方法]中，timeStamp=1482282635，CurrentDate=2016/12/21 9:18:55，CookiesContentDate=2016/12/21 9:16:43，ts.Minutes=2,loginOverdueTime=10
2016-12-21 09:18:56	info	[IsOverdueByCookies方法]中，timeStamp=1482282635，CurrentDate=2016/12/21 9:18:56，CookiesContentDate=2016/12/21 9:18:55，ts.Minutes=0,loginOverdueTime=10
2016-12-21 09:19:09	info	[IsOverdueByCookies方法]中，timeStamp=1482282635，CurrentDate=2016/12/21 9:19:09，CookiesContentDate=2016/12/21 9:18:56，ts.Minutes=0,loginOverdueTime=10
2016-12-21 09:19:10	info	[IsOverdueByCookies方法]中，timeStamp=1482282635，CurrentDate=2016/12/21 9:19:10，CookiesContentDate=2016/12/21 9:19:10，ts.Minutes=0,loginOverdueTime=10
2016-12-21 09:24:43	info	[IsOverdueByCookies方法]中，timeStamp=1482282635，CurrentDate=2016/12/21 9:24:43，CookiesContentDate=2016/12/21 9:19:10，ts.Minutes=5,loginOverdueTime=10
2016-12-21 09:24:43	info	[IsOverdueByCookies方法]中，timeStamp=1482282635，CurrentDate=2016/12/21 9:24:43，CookiesContentDate=2016/12/21 9:24:43，ts.Minutes=0,loginOverdueTime=10
2016-12-21 09:24:44	info	[IsOverdueByCookies方法]中，timeStamp=1482282635，CurrentDate=2016/12/21 9:24:44，CookiesContentDate=2016/12/21 9:24:44，ts.Minutes=0,loginOverdueTime=10
2016-12-21 09:24:45	info	[IsOverdueByCookies方法]中，timeStamp=1482282635，CurrentDate=2016/12/21 9:24:45，CookiesContentDate=2016/12/21 9:24:44，ts.Minutes=0,loginOverdueTime=10
2016-12-21 09:24:45	info	[IsOverdueByCookies方法]中，timeStamp=1482282635，CurrentDate=2016/12/21 9:24:45，CookiesContentDate=2016/12/21 9:24:45，ts.Minutes=0,loginOverdueTime=10
2016-12-21 09:24:45	info	[IsOverdueByCookies方法]中，timeStamp=1482282635，CurrentDate=2016/12/21 9:24:45，CookiesContentDate=2016/12/21 9:24:45，ts.Minutes=0,loginOverdueTime=10
2016-12-21 09:24:51	info	[IsOverdueByCookies方法]中，timeStamp=1482282635，CurrentDate=2016/12/21 9:24:51，CookiesContentDate=2016/12/21 9:24:45，ts.Minutes=0,loginOverdueTime=10
2016-12-21 09:24:51	info	[IsOverdueByCookies方法]中，timeStamp=1482282635，CurrentDate=2016/12/21 9:24:51，CookiesContentDate=2016/12/21 9:24:51，ts.Minutes=0,loginOverdueTime=10
2016-12-21 11:29:59	info	[IsOverdueByCookies方法]中，timeStamp=1482285976，CurrentDate=2016/12/21 11:29:59，CookiesContentDate=2016/12/21 10:06:16，ts.Minutes=23,loginOverdueTime=10
2016-12-21 11:36:18	info	[IsOverdueByCookies方法]中，timeStamp=1482291371，CurrentDate=2016/12/21 11:36:18，CookiesContentDate=2016/12/21 11:36:10，ts.Minutes=0,loginOverdueTime=10
2016-12-21 11:36:20	info	[IsOverdueByCookies方法]中，timeStamp=1482291371，CurrentDate=2016/12/21 11:36:20，CookiesContentDate=2016/12/21 11:36:10，ts.Minutes=0,loginOverdueTime=10
2016-12-21 11:36:29	info	[IsOverdueByCookies方法]中，timeStamp=1482291371，CurrentDate=2016/12/21 11:36:29，CookiesContentDate=2016/12/21 11:36:10，ts.Minutes=0,loginOverdueTime=10
2016-12-21 11:40:51	info	[IsOverdueByCookies方法]中，timeStamp=1482291644，CurrentDate=2016/12/21 11:40:51，CookiesContentDate=2016/12/21 11:40:44，ts.Minutes=0,loginOverdueTime=10
2016-12-21 11:40:53	info	[IsOverdueByCookies方法]中，timeStamp=1482291644，CurrentDate=2016/12/21 11:40:53，CookiesContentDate=2016/12/21 11:40:52，ts.Minutes=0,loginOverdueTime=10
2016-12-21 11:40:56	info	[IsOverdueByCookies方法]中，timeStamp=1482291644，CurrentDate=2016/12/21 11:40:56，CookiesContentDate=2016/12/21 11:40:53，ts.Minutes=0,loginOverdueTime=10
2016-12-21 11:41:03	info	[IsOverdueByCookies方法]中，timeStamp=1482291644，CurrentDate=2016/12/21 11:41:03，CookiesContentDate=2016/12/21 11:40:57，ts.Minutes=0,loginOverdueTime=10
2016-12-21 11:41:04	info	[IsOverdueByCookies方法]中，timeStamp=1482291644，CurrentDate=2016/12/21 11:41:04，CookiesContentDate=2016/12/21 11:41:04，ts.Minutes=0,loginOverdueTime=10
2016-12-21 11:41:04	info	[IsOverdueByCookies方法]中，timeStamp=1482291644，CurrentDate=2016/12/21 11:41:04，CookiesContentDate=2016/12/21 11:41:04，ts.Minutes=0,loginOverdueTime=10
2016-12-21 11:41:05	info	[IsOverdueByCookies方法]中，timeStamp=1482291644，CurrentDate=2016/12/21 11:41:05，CookiesContentDate=2016/12/21 11:41:05，ts.Minutes=0,loginOverdueTime=10
2016-12-21 11:41:14	info	[IsOverdueByCookies方法]中，timeStamp=1482291644，CurrentDate=2016/12/21 11:41:14，CookiesContentDate=2016/12/21 11:41:05，ts.Minutes=0,loginOverdueTime=10
2016-12-21 11:41:15	info	[IsOverdueByCookies方法]中，timeStamp=1482291644，CurrentDate=2016/12/21 11:41:15，CookiesContentDate=2016/12/21 11:41:14，ts.Minutes=0,loginOverdueTime=10
2016-12-21 11:41:30	info	[IsOverdueByCookies方法]中，timeStamp=1482291644，CurrentDate=2016/12/21 11:41:30，CookiesContentDate=2016/12/21 11:41:15，ts.Minutes=0,loginOverdueTime=10
2016-12-21 11:41:31	info	[IsOverdueByCookies方法]中，timeStamp=1482291644，CurrentDate=2016/12/21 11:41:31，CookiesContentDate=2016/12/21 11:41:31，ts.Minutes=0,loginOverdueTime=10
2016-12-21 11:42:39	info	[IsOverdueByCookies方法]中，timeStamp=1482291755，CurrentDate=2016/12/21 11:42:39，CookiesContentDate=2016/12/21 11:42:36，ts.Minutes=0,loginOverdueTime=10
2016-12-21 11:42:43	info	[IsOverdueByCookies方法]中，timeStamp=1482291755，CurrentDate=2016/12/21 11:42:43，CookiesContentDate=2016/12/21 11:42:42，ts.Minutes=0,loginOverdueTime=10
2016-12-21 11:43:08	info	[IsOverdueByCookies方法]中，timeStamp=1482291755，CurrentDate=2016/12/21 11:43:08，CookiesContentDate=2016/12/21 11:40:55，ts.Minutes=2,loginOverdueTime=10
2016-12-21 11:45:06	info	[IsOverdueByCookies方法]中，timeStamp=1482291755，CurrentDate=2016/12/21 11:45:06，CookiesContentDate=2016/12/21 11:43:22，ts.Minutes=1,loginOverdueTime=10
2016-12-21 11:45:10	info	[IsOverdueByCookies方法]中，timeStamp=1482291755，CurrentDate=2016/12/21 11:45:10，CookiesContentDate=2016/12/21 11:45:09，ts.Minutes=0,loginOverdueTime=10
2016-12-21 11:45:58	info	[IsOverdueByCookies方法]中，timeStamp=1482291755，CurrentDate=2016/12/21 11:45:58，CookiesContentDate=2016/12/21 11:45:18，ts.Minutes=0,loginOverdueTime=10
2016-12-21 11:46:00	info	[IsOverdueByCookies方法]中，timeStamp=1482291755，CurrentDate=2016/12/21 11:46:00，CookiesContentDate=2016/12/21 11:45:58，ts.Minutes=0,loginOverdueTime=10
2016-12-21 11:49:04	info	[IsOverdueByCookies方法]中，timeStamp=1482291755，CurrentDate=2016/12/21 11:49:04，CookiesContentDate=2016/12/21 11:46:00，ts.Minutes=3,loginOverdueTime=10
2016-12-21 11:49:56	info	[IsOverdueByCookies方法]中，timeStamp=1482291755，CurrentDate=2016/12/21 11:49:56，CookiesContentDate=2016/12/21 11:49:05，ts.Minutes=0,loginOverdueTime=10
2016-12-21 11:49:57	info	[IsOverdueByCookies方法]中，timeStamp=1482291755，CurrentDate=2016/12/21 11:49:57，CookiesContentDate=2016/12/21 11:49:57，ts.Minutes=0,loginOverdueTime=10
2016-12-21 11:50:08	info	[IsOverdueByCookies方法]中，timeStamp=1482291755，CurrentDate=2016/12/21 11:50:08，CookiesContentDate=2016/12/21 11:49:57，ts.Minutes=0,loginOverdueTime=10
2016-12-21 11:50:09	info	[IsOverdueByCookies方法]中，timeStamp=1482291755，CurrentDate=2016/12/21 11:50:09，CookiesContentDate=2016/12/21 11:50:08，ts.Minutes=0,loginOverdueTime=10
2016-12-21 11:50:56	info	[IsOverdueByCookies方法]中，timeStamp=1482291755，CurrentDate=2016/12/21 11:50:56，CookiesContentDate=2016/12/21 11:50:09，ts.Minutes=0,loginOverdueTime=10
2016-12-21 11:50:57	info	[IsOverdueByCookies方法]中，timeStamp=1482291755，CurrentDate=2016/12/21 11:50:57，CookiesContentDate=2016/12/21 11:50:56，ts.Minutes=0,loginOverdueTime=10
2016-12-21 11:51:20	info	[IsOverdueByCookies方法]中，timeStamp=1482291755，CurrentDate=2016/12/21 11:51:20，CookiesContentDate=2016/12/21 11:50:57，ts.Minutes=0,loginOverdueTime=10
2016-12-21 11:51:20	info	[IsOverdueByCookies方法]中，timeStamp=1482291755，CurrentDate=2016/12/21 11:51:20，CookiesContentDate=2016/12/21 11:51:20，ts.Minutes=0,loginOverdueTime=10
2016-12-21 12:01:34	info	[IsOverdueByCookies方法]中，timeStamp=1482291755，CurrentDate=2016/12/21 12:01:34，CookiesContentDate=2016/12/21 11:51:21，ts.Minutes=10,loginOverdueTime=10
2016-12-21 12:01:35	info	[IsOverdueByCookies方法]中，timeStamp=1482291755，CurrentDate=2016/12/21 12:01:35，CookiesContentDate=2016/12/21 12:01:34，ts.Minutes=0,loginOverdueTime=10
2016-12-21 12:01:44	info	[IsOverdueByCookies方法]中，timeStamp=1482291755，CurrentDate=2016/12/21 12:01:44，CookiesContentDate=2016/12/21 12:01:35，ts.Minutes=0,loginOverdueTime=10
2016-12-21 12:01:44	info	[IsOverdueByCookies方法]中，timeStamp=1482291755，CurrentDate=2016/12/21 12:01:44，CookiesContentDate=2016/12/21 12:01:44，ts.Minutes=0,loginOverdueTime=10
2016-12-21 12:03:34	info	[IsOverdueByCookies方法]中，timeStamp=1482291755，CurrentDate=2016/12/21 12:03:34，CookiesContentDate=2016/12/21 12:01:44，ts.Minutes=1,loginOverdueTime=10
2016-12-21 12:03:34	info	[IsOverdueByCookies方法]中，timeStamp=1482291755，CurrentDate=2016/12/21 12:03:34，CookiesContentDate=2016/12/21 12:03:34，ts.Minutes=0,loginOverdueTime=10
2016-12-21 12:06:27	info	[IsOverdueByCookies方法]中，timeStamp=1482291755，CurrentDate=2016/12/21 12:06:27，CookiesContentDate=2016/12/21 12:03:34，ts.Minutes=2,loginOverdueTime=10
2016-12-21 12:06:28	info	[IsOverdueByCookies方法]中，timeStamp=1482291755，CurrentDate=2016/12/21 12:06:28，CookiesContentDate=2016/12/21 12:06:27，ts.Minutes=0,loginOverdueTime=10
2016-12-21 12:06:54	info	[IsOverdueByCookies方法]中，timeStamp=1482291755，CurrentDate=2016/12/21 12:06:54，CookiesContentDate=2016/12/21 12:06:28，ts.Minutes=0,loginOverdueTime=10
2016-12-21 12:06:55	info	[IsOverdueByCookies方法]中，timeStamp=1482291755，CurrentDate=2016/12/21 12:06:55，CookiesContentDate=2016/12/21 12:06:54，ts.Minutes=0,loginOverdueTime=10
2016-12-21 12:07:32	info	[IsOverdueByCookies方法]中，timeStamp=1482291755，CurrentDate=2016/12/21 12:07:32，CookiesContentDate=2016/12/21 12:06:56，ts.Minutes=0,loginOverdueTime=10
2016-12-21 12:07:33	info	[IsOverdueByCookies方法]中，timeStamp=1482291755，CurrentDate=2016/12/21 12:07:33，CookiesContentDate=2016/12/21 12:07:33，ts.Minutes=0,loginOverdueTime=10
2016-12-21 12:08:01	info	[IsOverdueByCookies方法]中，timeStamp=1482291755，CurrentDate=2016/12/21 12:08:01，CookiesContentDate=2016/12/21 12:07:33，ts.Minutes=0,loginOverdueTime=10
2016-12-21 12:08:04	info	[IsOverdueByCookies方法]中，timeStamp=1482291755，CurrentDate=2016/12/21 12:08:04，CookiesContentDate=2016/12/21 12:08:01，ts.Minutes=0,loginOverdueTime=10
2016-12-21 12:08:08	info	[IsOverdueByCookies方法]中，timeStamp=1482291755，CurrentDate=2016/12/21 12:08:08，CookiesContentDate=2016/12/21 12:08:04，ts.Minutes=0,loginOverdueTime=10
2016-12-21 12:08:08	info	[IsOverdueByCookies方法]中，timeStamp=1482291755，CurrentDate=2016/12/21 12:08:08，CookiesContentDate=2016/12/21 12:08:08，ts.Minutes=0,loginOverdueTime=10
2016-12-21 12:11:00	info	[IsOverdueByCookies方法]中，timeStamp=1482291755，CurrentDate=2016/12/21 12:11:00，CookiesContentDate=2016/12/21 12:08:08，ts.Minutes=2,loginOverdueTime=10
2016-12-21 12:11:03	info	[IsOverdueByCookies方法]中，timeStamp=1482291755，CurrentDate=2016/12/21 12:11:03，CookiesContentDate=2016/12/21 12:11:03，ts.Minutes=0,loginOverdueTime=10
2016-12-21 12:11:15	info	[IsOverdueByCookies方法]中，timeStamp=1482291755，CurrentDate=2016/12/21 12:11:15，CookiesContentDate=2016/12/21 12:11:06，ts.Minutes=0,loginOverdueTime=10
2016-12-21 12:11:16	info	[IsOverdueByCookies方法]中，timeStamp=1482291755，CurrentDate=2016/12/21 12:11:16，CookiesContentDate=2016/12/21 12:11:15，ts.Minutes=0,loginOverdueTime=10
2016-12-21 12:13:57	info	[IsOverdueByCookies方法]中，timeStamp=1482291755，CurrentDate=2016/12/21 12:13:57，CookiesContentDate=2016/12/21 12:11:16，ts.Minutes=2,loginOverdueTime=10
2016-12-21 12:14:08	info	[IsOverdueByCookies方法]中，timeStamp=1482291755，CurrentDate=2016/12/21 12:14:08，CookiesContentDate=2016/12/21 12:14:07，ts.Minutes=0,loginOverdueTime=10
2016-12-21 12:14:45	info	[IsOverdueByCookies方法]中，timeStamp=1482291755，CurrentDate=2016/12/21 12:14:45，CookiesContentDate=2016/12/21 12:14:11，ts.Minutes=0,loginOverdueTime=10
2016-12-21 12:14:46	info	[IsOverdueByCookies方法]中，timeStamp=1482291755，CurrentDate=2016/12/21 12:14:46，CookiesContentDate=2016/12/21 12:14:46，ts.Minutes=0,loginOverdueTime=10
2016-12-21 12:14:49	info	[IsOverdueByCookies方法]中，timeStamp=1482291755，CurrentDate=2016/12/21 12:14:49，CookiesContentDate=2016/12/21 12:14:46，ts.Minutes=0,loginOverdueTime=10
2016-12-21 12:14:55	info	[IsOverdueByCookies方法]中，timeStamp=1482291755，CurrentDate=2016/12/21 12:14:55，CookiesContentDate=2016/12/21 12:14:49，ts.Minutes=0,loginOverdueTime=10
2016-12-21 12:14:59	info	[IsOverdueByCookies方法]中，timeStamp=1482291755，CurrentDate=2016/12/21 12:14:59，CookiesContentDate=2016/12/21 12:14:55，ts.Minutes=0,loginOverdueTime=10
2016-12-21 12:15:01	info	[IsOverdueByCookies方法]中，timeStamp=1482291755，CurrentDate=2016/12/21 12:15:01，CookiesContentDate=2016/12/21 12:14:59，ts.Minutes=0,loginOverdueTime=10
2016-12-21 12:15:09	info	[IsOverdueByCookies方法]中，timeStamp=1482291755，CurrentDate=2016/12/21 12:15:09，CookiesContentDate=2016/12/21 12:15:01，ts.Minutes=0,loginOverdueTime=10
2016-12-21 12:15:09	info	[IsOverdueByCookies方法]中，timeStamp=1482291755，CurrentDate=2016/12/21 12:15:09，CookiesContentDate=2016/12/21 12:15:09，ts.Minutes=0,loginOverdueTime=10
2016-12-21 12:15:11	info	[IsOverdueByCookies方法]中，timeStamp=1482291755，CurrentDate=2016/12/21 12:15:11，CookiesContentDate=2016/12/21 12:15:09，ts.Minutes=0,loginOverdueTime=10
2016-12-21 12:15:13	info	[IsOverdueByCookies方法]中，timeStamp=1482291755，CurrentDate=2016/12/21 12:15:13，CookiesContentDate=2016/12/21 12:15:11，ts.Minutes=0,loginOverdueTime=10
2016-12-21 12:15:16	info	[IsOverdueByCookies方法]中，timeStamp=1482291755，CurrentDate=2016/12/21 12:15:16，CookiesContentDate=2016/12/21 12:15:13，ts.Minutes=0,loginOverdueTime=10
2016-12-21 12:15:16	info	[IsOverdueByCookies方法]中，timeStamp=1482291755，CurrentDate=2016/12/21 12:15:16，CookiesContentDate=2016/12/21 12:15:16，ts.Minutes=0,loginOverdueTime=10
2016-12-21 12:15:17	info	[IsOverdueByCookies方法]中，timeStamp=1482291755，CurrentDate=2016/12/21 12:15:17，CookiesContentDate=2016/12/21 12:15:16，ts.Minutes=0,loginOverdueTime=10
2016-12-21 12:15:18	info	[IsOverdueByCookies方法]中，timeStamp=1482291755，CurrentDate=2016/12/21 12:15:18，CookiesContentDate=2016/12/21 12:15:17，ts.Minutes=0,loginOverdueTime=10
2016-12-21 12:16:23	info	[IsOverdueByCookies方法]中，timeStamp=1482291755，CurrentDate=2016/12/21 12:16:23，CookiesContentDate=2016/12/21 12:15:18，ts.Minutes=1,loginOverdueTime=10
2016-12-21 12:16:24	info	[IsOverdueByCookies方法]中，timeStamp=1482291755，CurrentDate=2016/12/21 12:16:24，CookiesContentDate=2016/12/21 12:16:24，ts.Minutes=0,loginOverdueTime=10
2016-12-21 12:16:30	info	[IsOverdueByCookies方法]中，timeStamp=1482291755，CurrentDate=2016/12/21 12:16:30，CookiesContentDate=2016/12/21 12:16:24，ts.Minutes=0,loginOverdueTime=10
2016-12-21 12:16:32	info	[IsOverdueByCookies方法]中，timeStamp=1482291755，CurrentDate=2016/12/21 12:16:32，CookiesContentDate=2016/12/21 12:16:30，ts.Minutes=0,loginOverdueTime=10
2016-12-21 12:16:33	info	[IsOverdueByCookies方法]中，timeStamp=1482291755，CurrentDate=2016/12/21 12:16:33，CookiesContentDate=2016/12/21 12:16:32，ts.Minutes=0,loginOverdueTime=10
2016-12-21 12:16:35	info	[IsOverdueByCookies方法]中，timeStamp=1482291755，CurrentDate=2016/12/21 12:16:35，CookiesContentDate=2016/12/21 12:16:33，ts.Minutes=0,loginOverdueTime=10
2016-12-21 12:16:36	info	[IsOverdueByCookies方法]中，timeStamp=1482291755，CurrentDate=2016/12/21 12:16:36，CookiesContentDate=2016/12/21 12:16:35，ts.Minutes=0,loginOverdueTime=10
2016-12-21 12:16:38	info	[IsOverdueByCookies方法]中，timeStamp=1482291755，CurrentDate=2016/12/21 12:16:38，CookiesContentDate=2016/12/21 12:16:36，ts.Minutes=0,loginOverdueTime=10
2016-12-21 12:16:39	info	[IsOverdueByCookies方法]中，timeStamp=1482291755，CurrentDate=2016/12/21 12:16:39，CookiesContentDate=2016/12/21 12:16:38，ts.Minutes=0,loginOverdueTime=10
2016-12-21 12:16:40	info	[IsOverdueByCookies方法]中，timeStamp=1482291755，CurrentDate=2016/12/21 12:16:40，CookiesContentDate=2016/12/21 12:16:39，ts.Minutes=0,loginOverdueTime=10
2016-12-21 12:16:43	info	[IsOverdueByCookies方法]中，timeStamp=1482291755，CurrentDate=2016/12/21 12:16:43，CookiesContentDate=2016/12/21 12:16:40，ts.Minutes=0,loginOverdueTime=10
2016-12-21 12:16:43	info	[IsOverdueByCookies方法]中，timeStamp=1482291755，CurrentDate=2016/12/21 12:16:43，CookiesContentDate=2016/12/21 12:16:43，ts.Minutes=0,loginOverdueTime=10
2016-12-21 12:16:43	info	[IsOverdueByCookies方法]中，timeStamp=1482291755，CurrentDate=2016/12/21 12:16:43，CookiesContentDate=2016/12/21 12:16:43，ts.Minutes=0,loginOverdueTime=10
2016-12-21 12:16:43	info	[IsOverdueByCookies方法]中，timeStamp=1482291755，CurrentDate=2016/12/21 12:16:43，CookiesContentDate=2016/12/21 12:16:43，ts.Minutes=0,loginOverdueTime=10
2016-12-21 12:16:44	info	[IsOverdueByCookies方法]中，timeStamp=1482291755，CurrentDate=2016/12/21 12:16:44，CookiesContentDate=2016/12/21 12:16:44，ts.Minutes=0,loginOverdueTime=10
2016-12-21 12:16:44	info	[IsOverdueByCookies方法]中，timeStamp=1482291755，CurrentDate=2016/12/21 12:16:44，CookiesContentDate=2016/12/21 12:16:44，ts.Minutes=0,loginOverdueTime=10
2016-12-21 12:16:45	info	[IsOverdueByCookies方法]中，timeStamp=1482291755，CurrentDate=2016/12/21 12:16:45，CookiesContentDate=2016/12/21 12:16:44，ts.Minutes=0,loginOverdueTime=10
2016-12-21 12:16:45	info	[IsOverdueByCookies方法]中，timeStamp=1482291755，CurrentDate=2016/12/21 12:16:45，CookiesContentDate=2016/12/21 12:16:45，ts.Minutes=0,loginOverdueTime=10
2016-12-21 12:16:46	info	[IsOverdueByCookies方法]中，timeStamp=1482291755，CurrentDate=2016/12/21 12:16:46，CookiesContentDate=2016/12/21 12:16:46，ts.Minutes=0,loginOverdueTime=10
2016-12-21 12:16:47	info	[IsOverdueByCookies方法]中，timeStamp=1482291755，CurrentDate=2016/12/21 12:16:47，CookiesContentDate=2016/12/21 12:16:46，ts.Minutes=0,loginOverdueTime=10
2016-12-21 12:16:49	info	[IsOverdueByCookies方法]中，timeStamp=1482291755，CurrentDate=2016/12/21 12:16:49，CookiesContentDate=2016/12/21 12:16:47，ts.Minutes=0,loginOverdueTime=10
2016-12-21 12:16:51	info	[IsOverdueByCookies方法]中，timeStamp=1482291755，CurrentDate=2016/12/21 12:16:51，CookiesContentDate=2016/12/21 12:16:49，ts.Minutes=0,loginOverdueTime=10
2016-12-21 12:16:53	info	[IsOverdueByCookies方法]中，timeStamp=1482291755，CurrentDate=2016/12/21 12:16:53，CookiesContentDate=2016/12/21 12:16:51，ts.Minutes=0,loginOverdueTime=10
2016-12-21 12:16:54	info	[IsOverdueByCookies方法]中，timeStamp=1482291755，CurrentDate=2016/12/21 12:16:54，CookiesContentDate=2016/12/21 12:16:53，ts.Minutes=0,loginOverdueTime=10
2016-12-21 12:16:55	info	[IsOverdueByCookies方法]中，timeStamp=1482291755，CurrentDate=2016/12/21 12:16:55，CookiesContentDate=2016/12/21 12:16:54，ts.Minutes=0,loginOverdueTime=10
2016-12-21 12:16:58	info	[IsOverdueByCookies方法]中，timeStamp=1482291755，CurrentDate=2016/12/21 12:16:58，CookiesContentDate=2016/12/21 12:16:55，ts.Minutes=0,loginOverdueTime=10
2016-12-21 12:16:59	info	[IsOverdueByCookies方法]中，timeStamp=1482291755，CurrentDate=2016/12/21 12:16:59，CookiesContentDate=2016/12/21 12:16:59，ts.Minutes=0,loginOverdueTime=10
2016-12-21 12:17:59	info	[IsOverdueByCookies方法]中，timeStamp=1482291755，CurrentDate=2016/12/21 12:17:59，CookiesContentDate=2016/12/21 12:16:59，ts.Minutes=1,loginOverdueTime=10
2016-12-21 12:18:31	info	[IsLoginByAPP],解析Cookies内容——strCookiesEncrypt=76F46682B78BF873C21A72E17CC020FE0823678EBF1B0B063FDCFD45D4CA5366A24F43FA90A514310083F3535F606695AE36055E2CADF991BB36FD234318B97F6D33BD1A34C9FBF35A5DBF2153C5B190E50483354FDB8F63
2016-12-21 12:18:31	info	[IsLoginByAPP],解析Cookies内容——loginEmployeeNumber=0370
2016-12-21 12:18:31	info	[IsOverdueByCookies方法]中，timeStamp=1482291755，CurrentDate=2016/12/21 12:18:31，CookiesContentDate=2016/12/21 12:17:59，ts.Minutes=0,loginOverdueTime=10
2016-12-21 12:18:31	info	[IsLoginByAPP],IsOverdueByCookies(0370)=False
2016-12-21 12:18:31	error	[IsLoginByAPP]   在 System.Security.Cryptography.CryptographicException.ThrowCryptographicException(Int32 hr)
   在 System.Security.Cryptography.Utils._DecryptData(SafeKeyHandle hKey, Byte[] data, Int32 ib, Int32 cb, Byte[]& outputBuffer, Int32 outputOffset, PaddingMode PaddingMode, Boolean fDone)
   在 System.Security.Cryptography.CryptoAPITransform.TransformFinalBlock(Byte[] inputBuffer, Int32 inputOffset, Int32 inputCount)
   在 System.Security.Cryptography.CryptoStream.FlushFinalBlock()
   在 BitAuto.YanFa.OASysRightManager2011.Common.Tools.DESEncrypt.Decrypt(String Text, String sKey)
   在 BitAuto.YanFa.OASysRightManager2011.Common.EmployeeInfo.IsLoginByAPP()不正确的数据。

2016-12-21 12:18:56	info	[IsOverdueByCookies方法]中，timeStamp=1482293928，CurrentDate=2016/12/21 12:18:56，CookiesContentDate=2016/12/21 12:18:48，ts.Minutes=0,loginOverdueTime=10
2016-12-21 12:18:57	info	[IsOverdueByCookies方法]中，timeStamp=1482293928，CurrentDate=2016/12/21 12:18:57，CookiesContentDate=2016/12/21 12:18:57，ts.Minutes=0,loginOverdueTime=10
2016-12-21 12:18:58	info	[IsOverdueByCookies方法]中，timeStamp=1482293928，CurrentDate=2016/12/21 12:18:58，CookiesContentDate=2016/12/21 12:18:57，ts.Minutes=0,loginOverdueTime=10
2016-12-21 12:18:58	info	[IsOverdueByCookies方法]中，timeStamp=1482293928，CurrentDate=2016/12/21 12:18:58，CookiesContentDate=2016/12/21 12:18:58，ts.Minutes=0,loginOverdueTime=10
2016-12-21 12:19:01	info	[IsOverdueByCookies方法]中，timeStamp=1482293928，CurrentDate=2016/12/21 12:19:01，CookiesContentDate=2016/12/21 12:18:58，ts.Minutes=0,loginOverdueTime=10
2016-12-21 12:19:02	info	[IsOverdueByCookies方法]中，timeStamp=1482293928，CurrentDate=2016/12/21 12:19:02，CookiesContentDate=2016/12/21 12:19:01，ts.Minutes=0,loginOverdueTime=10
2016-12-21 12:19:36	info	[IsOverdueByCookies方法]中，timeStamp=1482293928，CurrentDate=2016/12/21 12:19:36，CookiesContentDate=2016/12/21 12:19:06，ts.Minutes=0,loginOverdueTime=10
2016-12-21 12:19:37	info	[IsOverdueByCookies方法]中，timeStamp=1482293928，CurrentDate=2016/12/21 12:19:37，CookiesContentDate=2016/12/21 12:19:36，ts.Minutes=0,loginOverdueTime=10
2016-12-21 12:19:41	info	[IsOverdueByCookies方法]中，timeStamp=1482293928，CurrentDate=2016/12/21 12:19:41，CookiesContentDate=2016/12/21 12:19:37，ts.Minutes=0,loginOverdueTime=10
2016-12-21 12:19:43	info	[IsOverdueByCookies方法]中，timeStamp=1482293928，CurrentDate=2016/12/21 12:19:43，CookiesContentDate=2016/12/21 12:19:41，ts.Minutes=0,loginOverdueTime=10
2016-12-21 12:19:44	info	[IsOverdueByCookies方法]中，timeStamp=1482293928，CurrentDate=2016/12/21 12:19:44，CookiesContentDate=2016/12/21 12:19:43，ts.Minutes=0,loginOverdueTime=10
2016-12-21 12:19:48	info	[IsLoginByAPP],解析Cookies内容——strCookiesEncrypt=5E2E3CD7D142C087DFC8B2ACB32F5DE4150E56806EBB5FE611BB6BD016684FED69FC7C10D729C90DD09CEC42DC6EB33096A545570335ABE10A545ADF5E34BC07B020378559A109ED69992B9FD5877BA400089A53D84A0DDE
2016-12-21 12:19:48	info	[IsLoginByAPP],解析Cookies内容——loginEmployeeNumber=0370
2016-12-21 12:19:48	info	[IsOverdueByCookies方法]中，timeStamp=1482293928，CurrentDate=2016/12/21 12:19:48，CookiesContentDate=2016/12/21 12:19:44，ts.Minutes=0,loginOverdueTime=10
2016-12-21 12:19:48	info	[IsLoginByAPP],IsOverdueByCookies(0370)=False
2016-12-21 12:19:48	error	[IsLoginByAPP]   在 System.Security.Cryptography.CryptographicException.ThrowCryptographicException(Int32 hr)
   在 System.Security.Cryptography.Utils._DecryptData(SafeKeyHandle hKey, Byte[] data, Int32 ib, Int32 cb, Byte[]& outputBuffer, Int32 outputOffset, PaddingMode PaddingMode, Boolean fDone)
   在 System.Security.Cryptography.CryptoAPITransform.TransformFinalBlock(Byte[] inputBuffer, Int32 inputOffset, Int32 inputCount)
   在 System.Security.Cryptography.CryptoStream.FlushFinalBlock()
   在 BitAuto.YanFa.OASysRightManager2011.Common.Tools.DESEncrypt.Decrypt(String Text, String sKey)
   在 BitAuto.YanFa.OASysRightManager2011.Common.EmployeeInfo.IsLoginByAPP()不正确的数据。

2016-12-21 12:19:54	info	[IsOverdueByCookies方法]中，timeStamp=1482293993，CurrentDate=2016/12/21 12:19:54，CookiesContentDate=2016/12/21 12:19:52，ts.Minutes=0,loginOverdueTime=10
2016-12-21 12:19:55	info	[IsOverdueByCookies方法]中，timeStamp=1482293993，CurrentDate=2016/12/21 12:19:55，CookiesContentDate=2016/12/21 12:19:55，ts.Minutes=0,loginOverdueTime=10
2016-12-21 12:20:02	info	[IsOverdueByCookies方法]中，timeStamp=1482293993，CurrentDate=2016/12/21 12:20:02，CookiesContentDate=2016/12/21 12:19:55，ts.Minutes=0,loginOverdueTime=10
2016-12-21 12:20:02	info	[IsOverdueByCookies方法]中，timeStamp=1482293993，CurrentDate=2016/12/21 12:20:02，CookiesContentDate=2016/12/21 12:20:02，ts.Minutes=0,loginOverdueTime=10
2016-12-21 12:20:05	info	[IsOverdueByCookies方法]中，timeStamp=1482293993，CurrentDate=2016/12/21 12:20:05，CookiesContentDate=2016/12/21 12:20:02，ts.Minutes=0,loginOverdueTime=10
2016-12-21 12:20:07	info	[IsOverdueByCookies方法]中，timeStamp=1482293993，CurrentDate=2016/12/21 12:20:07，CookiesContentDate=2016/12/21 12:20:05，ts.Minutes=0,loginOverdueTime=10
2016-12-21 12:20:08	info	[IsOverdueByCookies方法]中，timeStamp=1482293993，CurrentDate=2016/12/21 12:20:08，CookiesContentDate=2016/12/21 12:20:07，ts.Minutes=0,loginOverdueTime=10
2016-12-21 12:20:09	info	[IsOverdueByCookies方法]中，timeStamp=1482293993，CurrentDate=2016/12/21 12:20:09，CookiesContentDate=2016/12/21 12:20:08，ts.Minutes=0,loginOverdueTime=10
2016-12-21 12:20:10	info	[IsOverdueByCookies方法]中，timeStamp=1482293993，CurrentDate=2016/12/21 12:20:10，CookiesContentDate=2016/12/21 12:20:09，ts.Minutes=0,loginOverdueTime=10
2016-12-21 12:20:11	info	[IsOverdueByCookies方法]中，timeStamp=1482293993，CurrentDate=2016/12/21 12:20:11，CookiesContentDate=2016/12/21 12:20:10，ts.Minutes=0,loginOverdueTime=10
2016-12-21 12:20:12	info	[IsOverdueByCookies方法]中，timeStamp=1482293993，CurrentDate=2016/12/21 12:20:12，CookiesContentDate=2016/12/21 12:20:11，ts.Minutes=0,loginOverdueTime=10
2016-12-21 12:20:13	info	[IsOverdueByCookies方法]中，timeStamp=1482293993，CurrentDate=2016/12/21 12:20:13，CookiesContentDate=2016/12/21 12:20:12，ts.Minutes=0,loginOverdueTime=10
2016-12-21 12:20:13	info	[IsOverdueByCookies方法]中，timeStamp=1482293993，CurrentDate=2016/12/21 12:20:13，CookiesContentDate=2016/12/21 12:20:13，ts.Minutes=0,loginOverdueTime=10
2016-12-21 12:20:14	info	[IsOverdueByCookies方法]中，timeStamp=1482293993，CurrentDate=2016/12/21 12:20:14，CookiesContentDate=2016/12/21 12:20:14，ts.Minutes=0,loginOverdueTime=10
2016-12-21 12:21:08	info	[IsOverdueByCookies方法]中，timeStamp=1482293993，CurrentDate=2016/12/21 12:21:08，CookiesContentDate=2016/12/21 12:20:14，ts.Minutes=0,loginOverdueTime=10
2016-12-21 12:21:18	info	[IsOverdueByCookies方法]中，timeStamp=1482293993，CurrentDate=2016/12/21 12:21:18，CookiesContentDate=2016/12/21 12:21:18，ts.Minutes=0,loginOverdueTime=10
2016-12-21 12:21:39	info	[IsOverdueByCookies方法]中，timeStamp=1482293993，CurrentDate=2016/12/21 12:21:39，CookiesContentDate=2016/12/21 12:21:38，ts.Minutes=0,loginOverdueTime=10
2016-12-21 12:21:48	info	[IsOverdueByCookies方法]中，timeStamp=1482293993，CurrentDate=2016/12/21 12:21:48，CookiesContentDate=2016/12/21 12:21:48，ts.Minutes=0,loginOverdueTime=10
2016-12-21 12:21:59	info	[IsOverdueByCookies方法]中，timeStamp=1482293993，CurrentDate=2016/12/21 12:21:59，CookiesContentDate=2016/12/21 12:21:48，ts.Minutes=0,loginOverdueTime=10
2016-12-21 12:22:00	info	[IsOverdueByCookies方法]中，timeStamp=1482293993，CurrentDate=2016/12/21 12:22:00，CookiesContentDate=2016/12/21 12:22:00，ts.Minutes=0,loginOverdueTime=10
2016-12-21 12:22:52	info	[IsLoginByAPP],解析Cookies内容——strCookiesEncrypt=F03370756EAA357795FFC229F5804990B3AF6B2FDDBE85B65D12A6675A9539EDC00BA441120EA80051D370BBB726C0C7E0A4615F146877C15F203A909534FD2FC039DB48B6C02683AFEE2F62D4BE9AC727C19626644A003F
2016-12-21 12:22:52	info	[IsLoginByAPP],解析Cookies内容——loginEmployeeNumber=0370
2016-12-21 12:22:52	info	[IsOverdueByCookies方法]中，timeStamp=1482293993，CurrentDate=2016/12/21 12:22:52，CookiesContentDate=2016/12/21 12:22:00，ts.Minutes=0,loginOverdueTime=10
2016-12-21 12:22:52	info	[IsLoginByAPP],IsOverdueByCookies(0370)=False
2016-12-21 12:22:52	error	[IsLoginByAPP]   在 System.Security.Cryptography.CryptographicException.ThrowCryptographicException(Int32 hr)
   在 System.Security.Cryptography.Utils._DecryptData(SafeKeyHandle hKey, Byte[] data, Int32 ib, Int32 cb, Byte[]& outputBuffer, Int32 outputOffset, PaddingMode PaddingMode, Boolean fDone)
   在 System.Security.Cryptography.CryptoAPITransform.TransformFinalBlock(Byte[] inputBuffer, Int32 inputOffset, Int32 inputCount)
   在 System.Security.Cryptography.CryptoStream.FlushFinalBlock()
   在 BitAuto.YanFa.OASysRightManager2011.Common.Tools.DESEncrypt.Decrypt(String Text, String sKey)
   在 BitAuto.YanFa.OASysRightManager2011.Common.EmployeeInfo.IsLoginByAPP()不正确的数据。

2016-12-21 12:23:12	info	[IsOverdueByCookies方法]中，timeStamp=1482294177，CurrentDate=2016/12/21 12:23:12，CookiesContentDate=2016/12/21 12:22:56，ts.Minutes=0,loginOverdueTime=10
2016-12-21 12:23:12	info	[IsOverdueByCookies方法]中，timeStamp=1482294177，CurrentDate=2016/12/21 12:23:12，CookiesContentDate=2016/12/21 12:23:12，ts.Minutes=0,loginOverdueTime=10
2016-12-21 12:23:13	info	[IsOverdueByCookies方法]中，timeStamp=1482294177，CurrentDate=2016/12/21 12:23:13，CookiesContentDate=2016/12/21 12:23:12，ts.Minutes=0,loginOverdueTime=10
2016-12-21 12:23:13	info	[IsOverdueByCookies方法]中，timeStamp=1482294177，CurrentDate=2016/12/21 12:23:13，CookiesContentDate=2016/12/21 12:23:13，ts.Minutes=0,loginOverdueTime=10
2016-12-21 12:23:14	info	[IsOverdueByCookies方法]中，timeStamp=1482294177，CurrentDate=2016/12/21 12:23:14，CookiesContentDate=2016/12/21 12:23:13，ts.Minutes=0,loginOverdueTime=10
2016-12-21 12:23:14	info	[IsOverdueByCookies方法]中，timeStamp=1482294177，CurrentDate=2016/12/21 12:23:14，CookiesContentDate=2016/12/21 12:23:14，ts.Minutes=0,loginOverdueTime=10
2016-12-21 12:23:43	info	[IsOverdueByCookies方法]中，timeStamp=1482294177，CurrentDate=2016/12/21 12:23:43，CookiesContentDate=2016/12/21 12:23:14，ts.Minutes=0,loginOverdueTime=10
2016-12-21 12:23:43	info	[IsOverdueByCookies方法]中，timeStamp=1482294177，CurrentDate=2016/12/21 12:23:43，CookiesContentDate=2016/12/21 12:23:43，ts.Minutes=0,loginOverdueTime=10
2016-12-21 12:24:33	info	[IsLoginByAPP],解析Cookies内容——strCookiesEncrypt=73638BDB008982AC1F02179235F2356D65D4FBA0DFFBB0E85039288B3A64E108DEE72E5367CA7C7291C85B19B557CFC843F5BE5BDD5F61ACF222091CCBE41CBC7FCBF4FC5FE2DA0C2F08D7CE1C6A30AC3A4EA79831EBF4C6
2016-12-21 12:24:33	info	[IsLoginByAPP],解析Cookies内容——loginEmployeeNumber=0370
2016-12-21 12:24:34	info	[IsOverdueByCookies方法]中，timeStamp=1482294177，CurrentDate=2016/12/21 12:24:34，CookiesContentDate=2016/12/21 12:23:43，ts.Minutes=0,loginOverdueTime=10
2016-12-21 12:24:34	info	[IsLoginByAPP],IsOverdueByCookies(0370)=False
2016-12-21 12:24:34	info	[IsLoginByAPP],strEncryptKey=1482294177982259
2016-12-21 12:24:34	info	[IsLoginByAPP],cookieValue=64171E2F8BC636FC|65EB9654BC0CC897|F2EE7DF2BA3C9632|FE65519D5BCC8954|AA1B5F409AB91466
2016-12-21 12:24:34	info	[IsOverdueByCookies方法]中，timeStamp=1482294177，CurrentDate=2016/12/21 12:24:34，CookiesContentDate=2016/12/21 12:24:34，ts.Minutes=0,loginOverdueTime=10
2016-12-21 12:24:47	info	[IsOverdueByCookies方法]中，timeStamp=1482294177，CurrentDate=2016/12/21 12:24:47，CookiesContentDate=2016/12/21 12:24:34，ts.Minutes=0,loginOverdueTime=10
2016-12-21 12:24:49	info	[IsOverdueByCookies方法]中，timeStamp=1482294177，CurrentDate=2016/12/21 12:24:49，CookiesContentDate=2016/12/21 12:24:48，ts.Minutes=0,loginOverdueTime=10
2016-12-21 12:27:05	info	[IsLoginByAPP],解析Cookies内容——strCookiesEncrypt=73638BDB008982AC1F02179235F2356D65D4FBA0DFFBB0E85039288B3A64E108DEE72E5367CA7C7291C85B19B557CFC843F5BE5BDD5F61ACF222091CCBE41CBC7FCBF4FC5FE2DA0C2F08D7CE1C6A30AC3A4EA79831EBF4C6
2016-12-21 12:27:05	info	[IsLoginByAPP],解析Cookies内容——loginEmployeeNumber=0370
2016-12-21 12:27:05	info	[IsOverdueByCookies方法]中，timeStamp=1482294177，CurrentDate=2016/12/21 12:27:05，CookiesContentDate=2016/12/21 12:24:49，ts.Minutes=2,loginOverdueTime=10
2016-12-21 12:27:05	info	[IsLoginByAPP],IsOverdueByCookies(0370)=False
2016-12-21 12:27:05	info	[IsLoginByAPP],strEncryptKey=1482294177982259
2016-12-21 12:27:05	info	[IsLoginByAPP],cookieValue=64171E2F8BC636FC|65EB9654BC0CC897|F2EE7DF2BA3C9632|FE65519D5BCC8954|AA1B5F409AB91466
2016-12-21 12:27:07	info	[IsOverdueByCookies方法]中，timeStamp=1482294177，CurrentDate=2016/12/21 12:27:07，CookiesContentDate=2016/12/21 12:27:06，ts.Minutes=0,loginOverdueTime=10
2016-12-21 12:27:11	info	[IsOverdueByCookies方法]中，timeStamp=1482294177，CurrentDate=2016/12/21 12:27:11，CookiesContentDate=2016/12/21 12:27:07，ts.Minutes=0,loginOverdueTime=10
2016-12-21 12:27:11	info	[IsOverdueByCookies方法]中，timeStamp=1482294177，CurrentDate=2016/12/21 12:27:11，CookiesContentDate=2016/12/21 12:27:11，ts.Minutes=0,loginOverdueTime=10
2016-12-21 12:27:56	info	[IsOverdueByCookies方法]中，timeStamp=1482294177，CurrentDate=2016/12/21 12:27:56，CookiesContentDate=2016/12/21 12:27:11，ts.Minutes=0,loginOverdueTime=10
2016-12-21 12:28:59	info	[IsLoginByAPP],解析Cookies内容——strCookiesEncrypt=73638BDB008982AC1F02179235F2356D65D4FBA0DFFBB0E85039288B3A64E108DEE72E5367CA7C7291C85B19B557CFC843F5BE5BDD5F61ACF222091CCBE41CBC7FCBF4FC5FE2DA0C2F08D7CE1C6A30AC3A4EA79831EBF4C6
2016-12-21 12:28:59	info	[IsLoginByAPP],解析Cookies内容——loginEmployeeNumber=0370
2016-12-21 12:29:00	info	[IsOverdueByCookies方法]中，timeStamp=1482294177，CurrentDate=2016/12/21 12:29:00，CookiesContentDate=2016/12/21 12:27:56，ts.Minutes=1,loginOverdueTime=10
2016-12-21 12:29:00	info	[IsLoginByAPP],IsOverdueByCookies(0370)=False
2016-12-21 12:29:00	info	[IsLoginByAPP],strEncryptKey=1482294177982259
2016-12-21 12:29:00	info	[IsLoginByAPP],cookieValue=64171E2F8BC636FC|65EB9654BC0CC897|F2EE7DF2BA3C9632|FE65519D5BCC8954|AA1B5F409AB91466
2016-12-21 12:29:23	info	[IsLoginByAPP],解析Cookies内容——strCookiesEncrypt=5A6726FE864ABE0A93ED87F3AF1D87E392E31939EF052B714345FF15D10166B5C776B92D5BB5FD71D1D8A2B66BBD29D477B3F128D7A56D847A88EEB0ED89EAFA413F10BD6740E2C4775E0B92A9857E79C3BFA152E08F4A7E
2016-12-21 12:29:23	info	[IsLoginByAPP],解析Cookies内容——loginEmployeeNumber=0370
2016-12-21 12:29:23	info	[IsOverdueByCookies方法]中，timeStamp=1482294177，CurrentDate=2016/12/21 12:29:23，CookiesContentDate=2016/12/21 12:29:00，ts.Minutes=0,loginOverdueTime=10
2016-12-21 12:29:23	info	[IsLoginByAPP],IsOverdueByCookies(0370)=False
2016-12-21 12:29:23	error	[IsLoginByAPP]   在 System.Security.Cryptography.CryptographicException.ThrowCryptographicException(Int32 hr)
   在 System.Security.Cryptography.Utils._DecryptData(SafeKeyHandle hKey, Byte[] data, Int32 ib, Int32 cb, Byte[]& outputBuffer, Int32 outputOffset, PaddingMode PaddingMode, Boolean fDone)
   在 System.Security.Cryptography.CryptoAPITransform.TransformFinalBlock(Byte[] inputBuffer, Int32 inputOffset, Int32 inputCount)
   在 System.Security.Cryptography.CryptoStream.FlushFinalBlock()
   在 BitAuto.YanFa.OASysRightManager2011.Common.Tools.DESEncrypt.Decrypt(String Text, String sKey)
   在 BitAuto.YanFa.OASysRightManager2011.Common.EmployeeInfo.IsLoginByAPP()不正确的数据。

2016-12-21 12:29:32	info	[IsOverdueByCookies方法]中，timeStamp=1482294567，CurrentDate=2016/12/21 12:29:32，CookiesContentDate=2016/12/21 12:29:26，ts.Minutes=0,loginOverdueTime=10
2016-12-21 12:31:53	info	[IsOverdueByCookies方法]中，timeStamp=1482294567，CurrentDate=2016/12/21 12:31:53，CookiesContentDate=2016/12/21 12:29:33，ts.Minutes=2,loginOverdueTime=10
2016-12-21 12:33:53	info	[IsOverdueByCookies方法]中，timeStamp=1482294567，CurrentDate=2016/12/21 12:33:53，CookiesContentDate=2016/12/21 12:31:53，ts.Minutes=2,loginOverdueTime=10
2016-12-21 12:35:45	info	[IsOverdueByCookies方法]中，timeStamp=1482294567，CurrentDate=2016/12/21 12:35:45，CookiesContentDate=2016/12/21 12:33:53，ts.Minutes=1,loginOverdueTime=10
2016-12-21 12:36:22	info	[IsLoginByAPP],解析Cookies内容——strCookiesEncrypt=71FDF47B81D032A16A6AD1AC2DD2C6259D99230C3DA39C6F8A9D02BD74DC1FF6435A758773F6458179E05965FCC7E852A76261F58BC3924E8E7B29A51BECD67123200EAB946B69FD420E328BDC5D339B54289E15B8D4EFE6
2016-12-21 12:36:22	info	[IsLoginByAPP],解析Cookies内容——loginEmployeeNumber=0370
2016-12-21 12:36:22	info	[IsOverdueByCookies方法]中，timeStamp=1482294567，CurrentDate=2016/12/21 12:36:22，CookiesContentDate=2016/12/21 12:35:45，ts.Minutes=0,loginOverdueTime=10
2016-12-21 12:36:22	info	[IsLoginByAPP],IsOverdueByCookies(0370)=False
2016-12-21 12:36:22	info	[IsLoginByAPP],strEncryptKey=1482294567949324
2016-12-21 12:36:22	info	[IsLoginByAPP],cookieValue=E5F2ECA00EEAA594|C38EC1B403FF8787|CE57F88B4C20B970|C93E5569530F2CD4|7F8C0F1E3C8BCE69
2016-12-21 12:36:30	info	[IsOverdueByCookies方法]中，timeStamp=1482294567，CurrentDate=2016/12/21 12:36:30，CookiesContentDate=2016/12/21 12:36:23，ts.Minutes=0,loginOverdueTime=10
2016-12-21 12:37:40	info	[IsOverdueByCookies方法]中，timeStamp=1482294567，CurrentDate=2016/12/21 12:37:40，CookiesContentDate=2016/12/21 12:36:30，ts.Minutes=1,loginOverdueTime=10
2016-12-21 12:38:28	info	[IsOverdueByCookies方法]中，timeStamp=1482294567，CurrentDate=2016/12/21 12:38:28，CookiesContentDate=2016/12/21 12:37:40，ts.Minutes=0,loginOverdueTime=10
2016-12-21 12:39:29	info	[IsOverdueByCookies方法]中，timeStamp=1482294567，CurrentDate=2016/12/21 12:39:29，CookiesContentDate=2016/12/21 12:38:28，ts.Minutes=1,loginOverdueTime=10
2016-12-21 12:41:03	info	[IsOverdueByCookies方法]中，timeStamp=1482295241，CurrentDate=2016/12/21 12:41:03，CookiesContentDate=2016/12/21 12:40:40，ts.Minutes=0,loginOverdueTime=10
2016-12-21 12:41:11	info	[IsOverdueByCookies方法]中，timeStamp=1482295241，CurrentDate=2016/12/21 12:41:11，CookiesContentDate=2016/12/21 12:41:03，ts.Minutes=0,loginOverdueTime=10
2016-12-21 12:41:15	info	[IsOverdueByCookies方法]中，timeStamp=1482295241，CurrentDate=2016/12/21 12:41:15，CookiesContentDate=2016/12/21 12:41:11，ts.Minutes=0,loginOverdueTime=10
2016-12-21 12:42:05	info	[IsOverdueByCookies方法]中，timeStamp=1482295241，CurrentDate=2016/12/21 12:42:05，CookiesContentDate=2016/12/21 12:41:15，ts.Minutes=0,loginOverdueTime=10
2016-12-21 12:42:14	info	[IsOverdueByCookies方法]中，timeStamp=1482295241，CurrentDate=2016/12/21 12:42:14，CookiesContentDate=2016/12/21 12:42:05，ts.Minutes=0,loginOverdueTime=10
2016-12-21 12:42:29	info	[IsOverdueByCookies方法]中，timeStamp=1482295241，CurrentDate=2016/12/21 12:42:29，CookiesContentDate=2016/12/21 12:42:14，ts.Minutes=0,loginOverdueTime=10
2016-12-21 12:42:52	info	[IsOverdueByCookies方法]中，timeStamp=1482295241，CurrentDate=2016/12/21 12:42:52，CookiesContentDate=2016/12/21 12:42:29，ts.Minutes=0,loginOverdueTime=10
2016-12-21 12:42:58	info	[IsOverdueByCookies方法]中，timeStamp=1482295241，CurrentDate=2016/12/21 12:42:58，CookiesContentDate=2016/12/21 12:42:52，ts.Minutes=0,loginOverdueTime=10
2016-12-21 12:43:35	info	[IsLoginByAPP],解析Cookies内容——strCookiesEncrypt=73638BDB008982AC1F02179235F2356D65D4FBA0DFFBB0E85039288B3A64E108DEE72E5367CA7C7291C85B19B557CFC843F5BE5BDD5F61ACF222091CCBE41CBC7FCBF4FC5FE2DA0C2F08D7CE1C6A30AC3A4EA79831EBF4C6
2016-12-21 12:43:35	info	[IsLoginByAPP],解析Cookies内容——loginEmployeeNumber=0370
2016-12-21 12:43:35	info	[IsOverdueByCookies方法]中，timeStamp=1482295241，CurrentDate=2016/12/21 12:43:35，CookiesContentDate=2016/12/21 12:42:58，ts.Minutes=0,loginOverdueTime=10
2016-12-21 12:43:35	info	[IsLoginByAPP],IsOverdueByCookies(0370)=False
2016-12-21 12:43:35	error	[IsLoginByAPP]   在 System.Security.Cryptography.CryptographicException.ThrowCryptographicException(Int32 hr)
   在 System.Security.Cryptography.Utils._DecryptData(SafeKeyHandle hKey, Byte[] data, Int32 ib, Int32 cb, Byte[]& outputBuffer, Int32 outputOffset, PaddingMode PaddingMode, Boolean fDone)
   在 System.Security.Cryptography.CryptoAPITransform.TransformFinalBlock(Byte[] inputBuffer, Int32 inputOffset, Int32 inputCount)
   在 System.Security.Cryptography.CryptoStream.FlushFinalBlock()
   在 BitAuto.YanFa.OASysRightManager2011.Common.Tools.DESEncrypt.Decrypt(String Text, String sKey)
   在 BitAuto.YanFa.OASysRightManager2011.Common.EmployeeInfo.IsLoginByAPP()不正确的数据。

2016-12-21 12:43:37	info	[IsOverdueByCookies方法]中，timeStamp=1482295241，CurrentDate=2016/12/21 12:43:37，CookiesContentDate=2016/12/21 12:42:58，ts.Minutes=0,loginOverdueTime=10
2016-12-21 12:44:04	info	[IsOverdueByCookies方法]中，timeStamp=1482295241，CurrentDate=2016/12/21 12:44:04，CookiesContentDate=2016/12/21 12:43:37，ts.Minutes=0,loginOverdueTime=10
2016-12-21 12:44:55	info	[IsOverdueByCookies方法]中，timeStamp=1482295241，CurrentDate=2016/12/21 12:44:55，CookiesContentDate=2016/12/21 12:44:04，ts.Minutes=0,loginOverdueTime=10
2016-12-21 12:45:29	info	[IsOverdueByCookies方法]中，timeStamp=1482295241，CurrentDate=2016/12/21 12:45:29，CookiesContentDate=2016/12/21 12:44:55，ts.Minutes=0,loginOverdueTime=10
2016-12-21 12:45:29	info	[IsOverdueByCookies方法]中，timeStamp=1482295241，CurrentDate=2016/12/21 12:45:29，CookiesContentDate=2016/12/21 12:45:29，ts.Minutes=0,loginOverdueTime=10
2016-12-21 12:45:31	info	[IsOverdueByCookies方法]中，timeStamp=1482295241，CurrentDate=2016/12/21 12:45:31，CookiesContentDate=2016/12/21 12:45:29，ts.Minutes=0,loginOverdueTime=10
2016-12-21 12:45:32	info	[IsOverdueByCookies方法]中，timeStamp=1482295241，CurrentDate=2016/12/21 12:45:32，CookiesContentDate=2016/12/21 12:45:31，ts.Minutes=0,loginOverdueTime=10
2016-12-21 12:45:34	info	[IsOverdueByCookies方法]中，timeStamp=1482295241，CurrentDate=2016/12/21 12:45:34，CookiesContentDate=2016/12/21 12:45:32，ts.Minutes=0,loginOverdueTime=10
2016-12-21 12:45:36	info	[IsOverdueByCookies方法]中，timeStamp=1482295241，CurrentDate=2016/12/21 12:45:36，CookiesContentDate=2016/12/21 12:45:34，ts.Minutes=0,loginOverdueTime=10
2016-12-21 12:45:38	info	[IsOverdueByCookies方法]中，timeStamp=1482295241，CurrentDate=2016/12/21 12:45:38，CookiesContentDate=2016/12/21 12:45:36，ts.Minutes=0,loginOverdueTime=10
2016-12-21 12:45:39	info	[IsOverdueByCookies方法]中，timeStamp=1482295241，CurrentDate=2016/12/21 12:45:39，CookiesContentDate=2016/12/21 12:45:38，ts.Minutes=0,loginOverdueTime=10
2016-12-21 12:45:40	info	[IsOverdueByCookies方法]中，timeStamp=1482295241，CurrentDate=2016/12/21 12:45:40，CookiesContentDate=2016/12/21 12:45:39，ts.Minutes=0,loginOverdueTime=10
2016-12-21 12:45:41	info	[IsOverdueByCookies方法]中，timeStamp=1482295241，CurrentDate=2016/12/21 12:45:41，CookiesContentDate=2016/12/21 12:45:40，ts.Minutes=0,loginOverdueTime=10
2016-12-21 12:45:41	info	[IsOverdueByCookies方法]中，timeStamp=1482295241，CurrentDate=2016/12/21 12:45:41，CookiesContentDate=2016/12/21 12:45:41，ts.Minutes=0,loginOverdueTime=10
2016-12-21 12:45:41	info	[IsOverdueByCookies方法]中，timeStamp=1482295241，CurrentDate=2016/12/21 12:45:41，CookiesContentDate=2016/12/21 12:45:41，ts.Minutes=0,loginOverdueTime=10
2016-12-21 12:45:41	info	[IsOverdueByCookies方法]中，timeStamp=1482295241，CurrentDate=2016/12/21 12:45:41，CookiesContentDate=2016/12/21 12:45:41，ts.Minutes=0,loginOverdueTime=10
2016-12-21 12:45:42	info	[IsOverdueByCookies方法]中，timeStamp=1482295241，CurrentDate=2016/12/21 12:45:42，CookiesContentDate=2016/12/21 12:45:41，ts.Minutes=0,loginOverdueTime=10
2016-12-21 12:45:42	info	[IsOverdueByCookies方法]中，timeStamp=1482295241，CurrentDate=2016/12/21 12:45:42，CookiesContentDate=2016/12/21 12:45:42，ts.Minutes=0,loginOverdueTime=10
2016-12-21 12:45:42	info	[IsOverdueByCookies方法]中，timeStamp=1482295241，CurrentDate=2016/12/21 12:45:42，CookiesContentDate=2016/12/21 12:45:42，ts.Minutes=0,loginOverdueTime=10
2016-12-21 12:45:42	info	[IsOverdueByCookies方法]中，timeStamp=1482295241，CurrentDate=2016/12/21 12:45:42，CookiesContentDate=2016/12/21 12:45:42，ts.Minutes=0,loginOverdueTime=10
2016-12-21 12:45:43	info	[IsOverdueByCookies方法]中，timeStamp=1482295241，CurrentDate=2016/12/21 12:45:43，CookiesContentDate=2016/12/21 12:45:43，ts.Minutes=0,loginOverdueTime=10
2016-12-21 12:45:43	info	[IsOverdueByCookies方法]中，timeStamp=1482295241，CurrentDate=2016/12/21 12:45:43，CookiesContentDate=2016/12/21 12:45:43，ts.Minutes=0,loginOverdueTime=10
2016-12-21 12:45:44	info	[IsOverdueByCookies方法]中，timeStamp=1482295241，CurrentDate=2016/12/21 12:45:44，CookiesContentDate=2016/12/21 12:45:43，ts.Minutes=0,loginOverdueTime=10
2016-12-21 12:46:21	info	[IsOverdueByCookies方法]中，timeStamp=1482295548，CurrentDate=2016/12/21 12:46:21，CookiesContentDate=2016/12/21 12:45:48，ts.Minutes=0,loginOverdueTime=10
2016-12-21 12:46:22	info	[IsOverdueByCookies方法]中，timeStamp=1482295548，CurrentDate=2016/12/21 12:46:22，CookiesContentDate=2016/12/21 12:46:21，ts.Minutes=0,loginOverdueTime=10
2016-12-21 12:46:24	info	[IsOverdueByCookies方法]中，timeStamp=1482295548，CurrentDate=2016/12/21 12:46:24，CookiesContentDate=2016/12/21 12:46:22，ts.Minutes=0,loginOverdueTime=10
2016-12-21 12:46:25	info	[IsOverdueByCookies方法]中，timeStamp=1482295548，CurrentDate=2016/12/21 12:46:25，CookiesContentDate=2016/12/21 12:46:24，ts.Minutes=0,loginOverdueTime=10
2016-12-21 12:46:25	info	[IsOverdueByCookies方法]中，timeStamp=1482295548，CurrentDate=2016/12/21 12:46:25，CookiesContentDate=2016/12/21 12:46:25，ts.Minutes=0,loginOverdueTime=10
2016-12-21 12:46:26	info	[IsOverdueByCookies方法]中，timeStamp=1482295548，CurrentDate=2016/12/21 12:46:26，CookiesContentDate=2016/12/21 12:46:25，ts.Minutes=0,loginOverdueTime=10
2016-12-21 12:46:26	info	[IsOverdueByCookies方法]中，timeStamp=1482295548，CurrentDate=2016/12/21 12:46:26，CookiesContentDate=2016/12/21 12:46:26，ts.Minutes=0,loginOverdueTime=10
2016-12-21 12:46:27	info	[IsOverdueByCookies方法]中，timeStamp=1482295548，CurrentDate=2016/12/21 12:46:27，CookiesContentDate=2016/12/21 12:46:26，ts.Minutes=0,loginOverdueTime=10
2016-12-21 12:46:28	info	[IsOverdueByCookies方法]中，timeStamp=1482295548，CurrentDate=2016/12/21 12:46:28，CookiesContentDate=2016/12/21 12:46:27，ts.Minutes=0,loginOverdueTime=10
2016-12-21 12:46:28	info	[IsOverdueByCookies方法]中，timeStamp=1482295548，CurrentDate=2016/12/21 12:46:28，CookiesContentDate=2016/12/21 12:46:28，ts.Minutes=0,loginOverdueTime=10
2016-12-21 12:46:30	info	[IsOverdueByCookies方法]中，timeStamp=1482295548，CurrentDate=2016/12/21 12:46:30，CookiesContentDate=2016/12/21 12:46:28，ts.Minutes=0,loginOverdueTime=10
2016-12-21 12:46:30	info	[IsOverdueByCookies方法]中，timeStamp=1482295548，CurrentDate=2016/12/21 12:46:30，CookiesContentDate=2016/12/21 12:46:30，ts.Minutes=0,loginOverdueTime=10
2016-12-21 12:46:31	info	[IsOverdueByCookies方法]中，timeStamp=1482295548，CurrentDate=2016/12/21 12:46:31，CookiesContentDate=2016/12/21 12:46:30，ts.Minutes=0,loginOverdueTime=10
2016-12-21 12:46:32	info	[IsOverdueByCookies方法]中，timeStamp=1482295548，CurrentDate=2016/12/21 12:46:32，CookiesContentDate=2016/12/21 12:46:31，ts.Minutes=0,loginOverdueTime=10
2016-12-21 12:46:33	info	[IsOverdueByCookies方法]中，timeStamp=1482295548，CurrentDate=2016/12/21 12:46:33，CookiesContentDate=2016/12/21 12:46:32，ts.Minutes=0,loginOverdueTime=10
2016-12-21 12:46:34	info	[IsOverdueByCookies方法]中，timeStamp=1482295548，CurrentDate=2016/12/21 12:46:34，CookiesContentDate=2016/12/21 12:46:33，ts.Minutes=0,loginOverdueTime=10
2016-12-21 12:46:35	info	[IsOverdueByCookies方法]中，timeStamp=1482295548，CurrentDate=2016/12/21 12:46:35，CookiesContentDate=2016/12/21 12:46:34，ts.Minutes=0,loginOverdueTime=10
2016-12-21 12:46:36	info	[IsOverdueByCookies方法]中，timeStamp=1482295548，CurrentDate=2016/12/21 12:46:36，CookiesContentDate=2016/12/21 12:46:35，ts.Minutes=0,loginOverdueTime=10
2016-12-21 12:46:36	info	[IsOverdueByCookies方法]中，timeStamp=1482295548，CurrentDate=2016/12/21 12:46:36，CookiesContentDate=2016/12/21 12:46:36，ts.Minutes=0,loginOverdueTime=10
2016-12-21 12:46:37	info	[IsOverdueByCookies方法]中，timeStamp=1482295548，CurrentDate=2016/12/21 12:46:37，CookiesContentDate=2016/12/21 12:46:36，ts.Minutes=0,loginOverdueTime=10
2016-12-21 12:46:38	info	[IsOverdueByCookies方法]中，timeStamp=1482295548，CurrentDate=2016/12/21 12:46:38，CookiesContentDate=2016/12/21 12:46:37，ts.Minutes=0,loginOverdueTime=10
2016-12-21 12:46:40	info	[IsOverdueByCookies方法]中，timeStamp=1482295548，CurrentDate=2016/12/21 12:46:40，CookiesContentDate=2016/12/21 12:46:38，ts.Minutes=0,loginOverdueTime=10
2016-12-21 12:46:42	info	[IsOverdueByCookies方法]中，timeStamp=1482295548，CurrentDate=2016/12/21 12:46:42，CookiesContentDate=2016/12/21 12:46:40，ts.Minutes=0,loginOverdueTime=10
2016-12-21 12:46:46	info	[IsOverdueByCookies方法]中，timeStamp=1482295548，CurrentDate=2016/12/21 12:46:46，CookiesContentDate=2016/12/21 12:46:42，ts.Minutes=0,loginOverdueTime=10
2016-12-21 12:46:48	info	[IsOverdueByCookies方法]中，timeStamp=1482295548，CurrentDate=2016/12/21 12:46:48，CookiesContentDate=2016/12/21 12:46:46，ts.Minutes=0,loginOverdueTime=10
2016-12-21 12:46:48	info	[IsOverdueByCookies方法]中，timeStamp=1482295548，CurrentDate=2016/12/21 12:46:48，CookiesContentDate=2016/12/21 12:46:48，ts.Minutes=0,loginOverdueTime=10
2016-12-21 13:24:18	info	[IsLoginByAPP],解析Cookies内容——strCookiesEncrypt=E9D49DF63E78492678A51B29A2F99007796A6E3C274CD1B95D902ACB9587F0C94871D2ADBC1837BC10EF733FAC1502A8FFEA0175C3F709CCF978663898444DCF78F17DC86F3CA7282379DFEDF31E83BEAC29BDE14DB0F585
2016-12-21 13:24:18	info	[IsLoginByAPP],解析Cookies内容——strCookiesEncrypt=E9D49DF63E78492678A51B29A2F99007796A6E3C274CD1B95D902ACB9587F0C94871D2ADBC1837BC10EF733FAC1502A8FFEA0175C3F709CCF978663898444DCF78F17DC86F3CA7282379DFEDF31E83BEAC29BDE14DB0F585
2016-12-21 13:24:18	info	[IsLoginByAPP],解析Cookies内容——loginEmployeeNumber=0370
2016-12-21 13:24:18	info	[IsLoginByAPP],解析Cookies内容——strCookiesEncrypt=E9D49DF63E78492678A51B29A2F99007796A6E3C274CD1B95D902ACB9587F0C94871D2ADBC1837BC10EF733FAC1502A8FFEA0175C3F709CCF978663898444DCF78F17DC86F3CA7282379DFEDF31E83BEAC29BDE14DB0F585
2016-12-21 13:24:18	info	[IsLoginByAPP],解析Cookies内容——strCookiesEncrypt=E9D49DF63E78492678A51B29A2F99007796A6E3C274CD1B95D902ACB9587F0C94871D2ADBC1837BC10EF733FAC1502A8FFEA0175C3F709CCF978663898444DCF78F17DC86F3CA7282379DFEDF31E83BEAC29BDE14DB0F585
2016-12-21 13:24:18	info	[IsLoginByAPP],解析Cookies内容——loginEmployeeNumber=0370
2016-12-21 13:24:18	info	[IsLoginByAPP],解析Cookies内容——loginEmployeeNumber=0370
2016-12-21 13:24:18	info	[IsLoginByAPP],解析Cookies内容——loginEmployeeNumber=0370
2016-12-21 13:24:18	info	[IsLoginByAPP],解析Cookies内容——strCookiesEncrypt=E9D49DF63E78492678A51B29A2F99007796A6E3C274CD1B95D902ACB9587F0C94871D2ADBC1837BC10EF733FAC1502A8FFEA0175C3F709CCF978663898444DCF78F17DC86F3CA7282379DFEDF31E83BEAC29BDE14DB0F585
2016-12-21 13:24:18	info	[IsLoginByAPP],解析Cookies内容——loginEmployeeNumber=0370
2016-12-21 13:24:18	info	[IsOverdueByCookies方法]中，timeStamp=1482295548，CurrentDate=2016/12/21 13:24:18，CookiesContentDate=2016/12/21 12:46:48，ts.Minutes=37,loginOverdueTime=10
2016-12-21 13:24:18	info	[IsOverdueByCookies方法]中，timeStamp=1482295548，CurrentDate=2016/12/21 13:24:18，CookiesContentDate=2016/12/21 12:46:48，ts.Minutes=37,loginOverdueTime=10
2016-12-21 13:24:18	info	[IsOverdueByCookies方法]中，timeStamp=1482295548，CurrentDate=2016/12/21 13:24:18，CookiesContentDate=2016/12/21 12:46:48，ts.Minutes=37,loginOverdueTime=10
2016-12-21 13:24:18	info	[IsOverdueByCookies方法]中，timeStamp=1482295548，CurrentDate=2016/12/21 13:24:18，CookiesContentDate=2016/12/21 12:46:48，ts.Minutes=37,loginOverdueTime=10
2016-12-21 13:24:18	info	[IsOverdueByCookies方法]中，timeStamp=1482295548，CurrentDate=2016/12/21 13:24:18，CookiesContentDate=2016/12/21 12:46:48，ts.Minutes=37,loginOverdueTime=10
2016-12-21 13:24:18	info	[IsLoginByAPP],IsOverdueByCookies(0370)=False
2016-12-21 13:24:18	info	[IsLoginByAPP],IsOverdueByCookies(0370)=False
2016-12-21 13:24:18	info	[IsLoginByAPP],IsOverdueByCookies(0370)=False
2016-12-21 13:24:18	info	[IsLoginByAPP],IsOverdueByCookies(0370)=False
2016-12-21 13:24:18	info	[IsLoginByAPP],IsOverdueByCookies(0370)=False
2016-12-21 13:24:18	error	[IsLoginByAPP]   在 System.Security.Cryptography.CryptographicException.ThrowCryptographicException(Int32 hr)
   在 System.Security.Cryptography.Utils._DecryptData(SafeKeyHandle hKey, Byte[] data, Int32 ib, Int32 cb, Byte[]& outputBuffer, Int32 outputOffset, PaddingMode PaddingMode, Boolean fDone)
   在 System.Security.Cryptography.CryptoAPITransform.TransformFinalBlock(Byte[] inputBuffer, Int32 inputOffset, Int32 inputCount)
   在 System.Security.Cryptography.CryptoStream.FlushFinalBlock()
   在 BitAuto.YanFa.OASysRightManager2011.Common.Tools.DESEncrypt.Decrypt(String Text, String sKey)
   在 BitAuto.YanFa.OASysRightManager2011.Common.EmployeeInfo.IsLoginByAPP()不正确的数据。

2016-12-21 13:24:18	error	[IsLoginByAPP]   在 System.Security.Cryptography.CryptographicException.ThrowCryptographicException(Int32 hr)
   在 System.Security.Cryptography.Utils._DecryptData(SafeKeyHandle hKey, Byte[] data, Int32 ib, Int32 cb, Byte[]& outputBuffer, Int32 outputOffset, PaddingMode PaddingMode, Boolean fDone)
   在 System.Security.Cryptography.CryptoAPITransform.TransformFinalBlock(Byte[] inputBuffer, Int32 inputOffset, Int32 inputCount)
   在 System.Security.Cryptography.CryptoStream.FlushFinalBlock()
   在 BitAuto.YanFa.OASysRightManager2011.Common.Tools.DESEncrypt.Decrypt(String Text, String sKey)
   在 BitAuto.YanFa.OASysRightManager2011.Common.EmployeeInfo.IsLoginByAPP()不正确的数据。

2016-12-21 13:24:18	error	[IsLoginByAPP]   在 System.Security.Cryptography.CryptographicException.ThrowCryptographicException(Int32 hr)
   在 System.Security.Cryptography.Utils._DecryptData(SafeKeyHandle hKey, Byte[] data, Int32 ib, Int32 cb, Byte[]& outputBuffer, Int32 outputOffset, PaddingMode PaddingMode, Boolean fDone)
   在 System.Security.Cryptography.CryptoAPITransform.TransformFinalBlock(Byte[] inputBuffer, Int32 inputOffset, Int32 inputCount)
   在 System.Security.Cryptography.CryptoStream.FlushFinalBlock()
   在 BitAuto.YanFa.OASysRightManager2011.Common.Tools.DESEncrypt.Decrypt(String Text, String sKey)
   在 BitAuto.YanFa.OASysRightManager2011.Common.EmployeeInfo.IsLoginByAPP()不正确的数据。

2016-12-21 13:24:18	error	[IsLoginByAPP]   在 System.Security.Cryptography.CryptographicException.ThrowCryptographicException(Int32 hr)
   在 System.Security.Cryptography.Utils._DecryptData(SafeKeyHandle hKey, Byte[] data, Int32 ib, Int32 cb, Byte[]& outputBuffer, Int32 outputOffset, PaddingMode PaddingMode, Boolean fDone)
   在 System.Security.Cryptography.CryptoAPITransform.TransformFinalBlock(Byte[] inputBuffer, Int32 inputOffset, Int32 inputCount)
   在 System.Security.Cryptography.CryptoStream.FlushFinalBlock()
   在 BitAuto.YanFa.OASysRightManager2011.Common.Tools.DESEncrypt.Decrypt(String Text, String sKey)
   在 BitAuto.YanFa.OASysRightManager2011.Common.EmployeeInfo.IsLoginByAPP()不正确的数据。

2016-12-21 13:24:18	error	[IsLoginByAPP]   在 System.Security.Cryptography.CryptographicException.ThrowCryptographicException(Int32 hr)
   在 System.Security.Cryptography.Utils._DecryptData(SafeKeyHandle hKey, Byte[] data, Int32 ib, Int32 cb, Byte[]& outputBuffer, Int32 outputOffset, PaddingMode PaddingMode, Boolean fDone)
   在 System.Security.Cryptography.CryptoAPITransform.TransformFinalBlock(Byte[] inputBuffer, Int32 inputOffset, Int32 inputCount)
   在 System.Security.Cryptography.CryptoStream.FlushFinalBlock()
   在 BitAuto.YanFa.OASysRightManager2011.Common.Tools.DESEncrypt.Decrypt(String Text, String sKey)
   在 BitAuto.YanFa.OASysRightManager2011.Common.EmployeeInfo.IsLoginByAPP()不正确的数据。

2016-12-21 13:24:26	info	[IsLoginByAPP],解析Cookies内容——strCookiesEncrypt=E9D49DF63E78492678A51B29A2F99007796A6E3C274CD1B95D902ACB9587F0C94871D2ADBC1837BC10EF733FAC1502A8FFEA0175C3F709CCF978663898444DCF78F17DC86F3CA7282379DFEDF31E83BEAC29BDE14DB0F585
2016-12-21 13:24:26	info	[IsLoginByAPP],解析Cookies内容——loginEmployeeNumber=0370
2016-12-21 13:24:26	info	[IsLoginByAPP],IsOverdueByCookies(0370)=True
2016-12-21 13:24:31	info	[IsOverdueByCookies方法]中，timeStamp=1482297867，CurrentDate=2016/12/21 13:24:31，CookiesContentDate=2016/12/21 13:24:27，ts.Minutes=0,loginOverdueTime=10
2016-12-21 13:24:32	info	[IsOverdueByCookies方法]中，timeStamp=1482297867，CurrentDate=2016/12/21 13:24:32，CookiesContentDate=2016/12/21 13:24:31，ts.Minutes=0,loginOverdueTime=10
2016-12-21 13:24:32	info	[IsOverdueByCookies方法]中，timeStamp=1482297867，CurrentDate=2016/12/21 13:24:32，CookiesContentDate=2016/12/21 13:24:32，ts.Minutes=0,loginOverdueTime=10
2016-12-21 13:24:33	info	[IsOverdueByCookies方法]中，timeStamp=1482297867，CurrentDate=2016/12/21 13:24:33，CookiesContentDate=2016/12/21 13:24:32，ts.Minutes=0,loginOverdueTime=10
2016-12-21 15:21:08	info	[IsLoginByAPP],解析Cookies内容——strCookiesEncrypt=82FA597EE511003FAD1843E9C91ABB18101ED74F55FDBC88BF7823A201FF3FA2F4BB38454F417E95BC1BB08598A19B6260966C6D099E98BDF4719AF6D6927DD08D2A57A7EB63D88F17A27FD4AAE016D726190CA310D6E64F
2016-12-21 15:21:08	info	[IsLoginByAPP],解析Cookies内容——strCookiesEncrypt=82FA597EE511003FAD1843E9C91ABB18101ED74F55FDBC88BF7823A201FF3FA2F4BB38454F417E95BC1BB08598A19B6260966C6D099E98BDF4719AF6D6927DD08D2A57A7EB63D88F17A27FD4AAE016D726190CA310D6E64F
2016-12-21 15:21:08	info	[IsLoginByAPP],解析Cookies内容——strCookiesEncrypt=82FA597EE511003FAD1843E9C91ABB18101ED74F55FDBC88BF7823A201FF3FA2F4BB38454F417E95BC1BB08598A19B6260966C6D099E98BDF4719AF6D6927DD08D2A57A7EB63D88F17A27FD4AAE016D726190CA310D6E64F
2016-12-21 15:21:08	info	[IsLoginByAPP],解析Cookies内容——loginEmployeeNumber=0370
2016-12-21 15:21:08	info	[IsLoginByAPP],解析Cookies内容——loginEmployeeNumber=0370
2016-12-21 15:21:08	info	[IsLoginByAPP],解析Cookies内容——loginEmployeeNumber=0370
2016-12-21 15:21:08	info	[IsLoginByAPP],解析Cookies内容——strCookiesEncrypt=82FA597EE511003FAD1843E9C91ABB18101ED74F55FDBC88BF7823A201FF3FA2F4BB38454F417E95BC1BB08598A19B6260966C6D099E98BDF4719AF6D6927DD08D2A57A7EB63D88F17A27FD4AAE016D726190CA310D6E64F
2016-12-21 15:21:08	info	[IsLoginByAPP],解析Cookies内容——loginEmployeeNumber=0370
2016-12-21 15:21:08	info	[IsOverdueByCookies方法]中，timeStamp=1482304067，CurrentDate=2016/12/21 15:21:08，CookiesContentDate=2016/12/21 15:09:14，ts.Minutes=11,loginOverdueTime=10
2016-12-21 15:21:08	info	[IsOverdueByCookies方法]中，timeStamp=1482304067，CurrentDate=2016/12/21 15:21:08，CookiesContentDate=2016/12/21 15:09:14，ts.Minutes=11,loginOverdueTime=10
2016-12-21 15:21:08	info	[IsOverdueByCookies方法]中，timeStamp=1482304067，CurrentDate=2016/12/21 15:21:08，CookiesContentDate=2016/12/21 15:09:14，ts.Minutes=11,loginOverdueTime=10
2016-12-21 15:21:08	info	[IsOverdueByCookies方法]中，timeStamp=1482304067，CurrentDate=2016/12/21 15:21:08，CookiesContentDate=2016/12/21 15:09:14，ts.Minutes=11,loginOverdueTime=10
2016-12-21 15:21:08	info	[IsLoginByAPP],IsOverdueByCookies(0370)=False
2016-12-21 15:21:08	info	[IsLoginByAPP],IsOverdueByCookies(0370)=False
2016-12-21 15:21:08	info	[IsLoginByAPP],IsOverdueByCookies(0370)=False
2016-12-21 15:21:08	info	[IsLoginByAPP],IsOverdueByCookies(0370)=False
2016-12-21 15:21:08	error	[IsLoginByAPP]   在 System.Security.Cryptography.CryptographicException.ThrowCryptographicException(Int32 hr)
   在 System.Security.Cryptography.Utils._DecryptData(SafeKeyHandle hKey, Byte[] data, Int32 ib, Int32 cb, Byte[]& outputBuffer, Int32 outputOffset, PaddingMode PaddingMode, Boolean fDone)
   在 System.Security.Cryptography.CryptoAPITransform.TransformFinalBlock(Byte[] inputBuffer, Int32 inputOffset, Int32 inputCount)
   在 System.Security.Cryptography.CryptoStream.FlushFinalBlock()
   在 BitAuto.YanFa.OASysRightManager2011.Common.Tools.DESEncrypt.Decrypt(String Text, String sKey)
   在 BitAuto.YanFa.OASysRightManager2011.Common.EmployeeInfo.IsLoginByAPP()不正确的数据。

2016-12-21 15:21:08	error	[IsLoginByAPP]   在 System.Security.Cryptography.CryptographicException.ThrowCryptographicException(Int32 hr)
   在 System.Security.Cryptography.Utils._DecryptData(SafeKeyHandle hKey, Byte[] data, Int32 ib, Int32 cb, Byte[]& outputBuffer, Int32 outputOffset, PaddingMode PaddingMode, Boolean fDone)
   在 System.Security.Cryptography.CryptoAPITransform.TransformFinalBlock(Byte[] inputBuffer, Int32 inputOffset, Int32 inputCount)
   在 System.Security.Cryptography.CryptoStream.FlushFinalBlock()
   在 BitAuto.YanFa.OASysRightManager2011.Common.Tools.DESEncrypt.Decrypt(String Text, String sKey)
   在 BitAuto.YanFa.OASysRightManager2011.Common.EmployeeInfo.IsLoginByAPP()不正确的数据。

2016-12-21 15:21:08	error	[IsLoginByAPP]   在 System.Security.Cryptography.CryptographicException.ThrowCryptographicException(Int32 hr)
   在 System.Security.Cryptography.Utils._DecryptData(SafeKeyHandle hKey, Byte[] data, Int32 ib, Int32 cb, Byte[]& outputBuffer, Int32 outputOffset, PaddingMode PaddingMode, Boolean fDone)
   在 System.Security.Cryptography.CryptoAPITransform.TransformFinalBlock(Byte[] inputBuffer, Int32 inputOffset, Int32 inputCount)
   在 System.Security.Cryptography.CryptoStream.FlushFinalBlock()
   在 BitAuto.YanFa.OASysRightManager2011.Common.Tools.DESEncrypt.Decrypt(String Text, String sKey)
   在 BitAuto.YanFa.OASysRightManager2011.Common.EmployeeInfo.IsLoginByAPP()不正确的数据。

2016-12-21 15:21:08	error	[IsLoginByAPP]   在 System.Security.Cryptography.CryptographicException.ThrowCryptographicException(Int32 hr)
   在 System.Security.Cryptography.Utils._DecryptData(SafeKeyHandle hKey, Byte[] data, Int32 ib, Int32 cb, Byte[]& outputBuffer, Int32 outputOffset, PaddingMode PaddingMode, Boolean fDone)
   在 System.Security.Cryptography.CryptoAPITransform.TransformFinalBlock(Byte[] inputBuffer, Int32 inputOffset, Int32 inputCount)
   在 System.Security.Cryptography.CryptoStream.FlushFinalBlock()
   在 BitAuto.YanFa.OASysRightManager2011.Common.Tools.DESEncrypt.Decrypt(String Text, String sKey)
   在 BitAuto.YanFa.OASysRightManager2011.Common.EmployeeInfo.IsLoginByAPP()不正确的数据。

2016-12-21 15:21:45	info	[IsOverdueByCookies方法]中，timeStamp=1482304870，CurrentDate=2016/12/21 15:21:45，CookiesContentDate=2016/12/21 15:21:10，ts.Minutes=0,loginOverdueTime=10
2016-12-21 15:21:46	info	[IsOverdueByCookies方法]中，timeStamp=1482304870，CurrentDate=2016/12/21 15:21:46，CookiesContentDate=2016/12/21 15:21:46，ts.Minutes=0,loginOverdueTime=10
2016-12-21 15:21:46	info	[IsOverdueByCookies方法]中，timeStamp=1482304870，CurrentDate=2016/12/21 15:21:46，CookiesContentDate=2016/12/21 15:21:46，ts.Minutes=0,loginOverdueTime=10
2016-12-21 15:21:47	info	[IsOverdueByCookies方法]中，timeStamp=1482304870，CurrentDate=2016/12/21 15:21:47，CookiesContentDate=2016/12/21 15:21:46，ts.Minutes=0,loginOverdueTime=10
2016-12-21 15:21:50	info	[IsOverdueByCookies方法]中，timeStamp=1482304870，CurrentDate=2016/12/21 15:21:50，CookiesContentDate=2016/12/21 15:21:47，ts.Minutes=0,loginOverdueTime=10
2016-12-21 15:21:51	info	[IsOverdueByCookies方法]中，timeStamp=1482304870，CurrentDate=2016/12/21 15:21:51，CookiesContentDate=2016/12/21 15:21:51，ts.Minutes=0,loginOverdueTime=10
2016-12-21 15:22:25	info	[IsOverdueByCookies方法]中，timeStamp=1482304943，CurrentDate=2016/12/21 15:22:25，CookiesContentDate=2016/12/21 15:22:23，ts.Minutes=0,loginOverdueTime=10
2016-12-21 15:22:25	info	[IsOverdueByCookies方法]中，timeStamp=1482304943，CurrentDate=2016/12/21 15:22:25，CookiesContentDate=2016/12/21 15:22:25，ts.Minutes=0,loginOverdueTime=10
2016-12-21 15:22:33	info	[IsOverdueByCookies方法]中，timeStamp=1482304943，CurrentDate=2016/12/21 15:22:33，CookiesContentDate=2016/12/21 15:22:25，ts.Minutes=0,loginOverdueTime=10
2016-12-21 15:22:33	info	[IsOverdueByCookies方法]中，timeStamp=1482304943，CurrentDate=2016/12/21 15:22:33，CookiesContentDate=2016/12/21 15:22:33，ts.Minutes=0,loginOverdueTime=10
2016-12-21 15:22:41	info	[IsOverdueByCookies方法]中，timeStamp=1482304943，CurrentDate=2016/12/21 15:22:41，CookiesContentDate=2016/12/21 15:22:33，ts.Minutes=0,loginOverdueTime=10
2016-12-21 15:22:42	info	[IsOverdueByCookies方法]中，timeStamp=1482304943，CurrentDate=2016/12/21 15:22:42，CookiesContentDate=2016/12/21 15:22:41，ts.Minutes=0,loginOverdueTime=10
2016-12-21 15:22:43	info	[IsOverdueByCookies方法]中，timeStamp=1482304943，CurrentDate=2016/12/21 15:22:43，CookiesContentDate=2016/12/21 15:22:42，ts.Minutes=0,loginOverdueTime=10
2016-12-21 15:22:43	info	[IsOverdueByCookies方法]中，timeStamp=1482304943，CurrentDate=2016/12/21 15:22:43，CookiesContentDate=2016/12/21 15:22:43，ts.Minutes=0,loginOverdueTime=10
2016-12-21 15:22:44	info	[IsOverdueByCookies方法]中，timeStamp=1482304943，CurrentDate=2016/12/21 15:22:44，CookiesContentDate=2016/12/21 15:22:43，ts.Minutes=0,loginOverdueTime=10
2016-12-21 15:22:45	info	[IsOverdueByCookies方法]中，timeStamp=1482304943，CurrentDate=2016/12/21 15:22:45，CookiesContentDate=2016/12/21 15:22:44，ts.Minutes=0,loginOverdueTime=10
2016-12-21 15:22:45	info	[IsOverdueByCookies方法]中，timeStamp=1482304943，CurrentDate=2016/12/21 15:22:45，CookiesContentDate=2016/12/21 15:22:45，ts.Minutes=0,loginOverdueTime=10
2016-12-21 15:22:46	info	[IsOverdueByCookies方法]中，timeStamp=1482304943，CurrentDate=2016/12/21 15:22:46，CookiesContentDate=2016/12/21 15:22:45，ts.Minutes=0,loginOverdueTime=10
2016-12-21 15:26:57	info	[IsOverdueByCookies方法]中，timeStamp=1482304943，CurrentDate=2016/12/21 15:26:57，CookiesContentDate=2016/12/21 15:22:46，ts.Minutes=4,loginOverdueTime=10
2016-12-21 15:26:58	info	[IsOverdueByCookies方法]中，timeStamp=1482304943，CurrentDate=2016/12/21 15:26:58，CookiesContentDate=2016/12/21 15:26:57，ts.Minutes=0,loginOverdueTime=10
2016-12-21 15:30:27	info	[IsOverdueByCookies方法]中，timeStamp=1482304943，CurrentDate=2016/12/21 15:30:27，CookiesContentDate=2016/12/21 15:26:58，ts.Minutes=3,loginOverdueTime=10
2016-12-21 15:30:27	info	[IsOverdueByCookies方法]中，timeStamp=1482304943，CurrentDate=2016/12/21 15:30:27，CookiesContentDate=2016/12/21 15:30:27，ts.Minutes=0,loginOverdueTime=10
2016-12-21 15:30:31	info	[IsOverdueByCookies方法]中，timeStamp=1482304943，CurrentDate=2016/12/21 15:30:31，CookiesContentDate=2016/12/21 15:30:27，ts.Minutes=0,loginOverdueTime=10
2016-12-21 15:30:34	info	[IsOverdueByCookies方法]中，timeStamp=1482304943，CurrentDate=2016/12/21 15:30:34，CookiesContentDate=2016/12/21 15:30:31，ts.Minutes=0,loginOverdueTime=10
2016-12-21 15:30:38	info	[IsOverdueByCookies方法]中，timeStamp=1482304943，CurrentDate=2016/12/21 15:30:38，CookiesContentDate=2016/12/21 15:30:34，ts.Minutes=0,loginOverdueTime=10
2016-12-21 15:30:39	info	[IsOverdueByCookies方法]中，timeStamp=1482304943，CurrentDate=2016/12/21 15:30:39，CookiesContentDate=2016/12/21 15:30:38，ts.Minutes=0,loginOverdueTime=10
2016-12-21 15:30:42	info	[IsOverdueByCookies方法]中，timeStamp=1482304943，CurrentDate=2016/12/21 15:30:42，CookiesContentDate=2016/12/21 15:30:39，ts.Minutes=0,loginOverdueTime=10
2016-12-21 15:30:45	info	[IsOverdueByCookies方法]中，timeStamp=1482304943，CurrentDate=2016/12/21 15:30:45，CookiesContentDate=2016/12/21 15:30:42，ts.Minutes=0,loginOverdueTime=10
2016-12-21 15:30:46	info	[IsOverdueByCookies方法]中，timeStamp=1482304943，CurrentDate=2016/12/21 15:30:46，CookiesContentDate=2016/12/21 15:30:45，ts.Minutes=0,loginOverdueTime=10
2016-12-21 15:30:47	info	[IsOverdueByCookies方法]中，timeStamp=1482304943，CurrentDate=2016/12/21 15:30:47，CookiesContentDate=2016/12/21 15:30:46，ts.Minutes=0,loginOverdueTime=10
2016-12-21 15:30:49	info	[IsOverdueByCookies方法]中，timeStamp=1482304943，CurrentDate=2016/12/21 15:30:49，CookiesContentDate=2016/12/21 15:30:47，ts.Minutes=0,loginOverdueTime=10
2016-12-21 15:30:51	info	[IsOverdueByCookies方法]中，timeStamp=1482304943，CurrentDate=2016/12/21 15:30:51，CookiesContentDate=2016/12/21 15:30:49，ts.Minutes=0,loginOverdueTime=10
2016-12-21 15:30:54	info	[IsOverdueByCookies方法]中，timeStamp=1482304943，CurrentDate=2016/12/21 15:30:54，CookiesContentDate=2016/12/21 15:30:51，ts.Minutes=0,loginOverdueTime=10
2016-12-21 15:30:55	info	[IsOverdueByCookies方法]中，timeStamp=1482304943，CurrentDate=2016/12/21 15:30:55，CookiesContentDate=2016/12/21 15:30:54，ts.Minutes=0,loginOverdueTime=10
2016-12-21 15:30:56	info	[IsOverdueByCookies方法]中，timeStamp=1482304943，CurrentDate=2016/12/21 15:30:56，CookiesContentDate=2016/12/21 15:30:55，ts.Minutes=0,loginOverdueTime=10
2016-12-21 15:30:58	info	[IsOverdueByCookies方法]中，timeStamp=1482304943，CurrentDate=2016/12/21 15:30:58，CookiesContentDate=2016/12/21 15:30:56，ts.Minutes=0,loginOverdueTime=10
2016-12-21 15:30:59	info	[IsOverdueByCookies方法]中，timeStamp=1482304943，CurrentDate=2016/12/21 15:30:59，CookiesContentDate=2016/12/21 15:30:58，ts.Minutes=0,loginOverdueTime=10
2016-12-21 15:31:00	info	[IsOverdueByCookies方法]中，timeStamp=1482304943，CurrentDate=2016/12/21 15:31:00，CookiesContentDate=2016/12/21 15:30:59，ts.Minutes=0,loginOverdueTime=10
2016-12-21 15:31:01	info	[IsOverdueByCookies方法]中，timeStamp=1482304943，CurrentDate=2016/12/21 15:31:01，CookiesContentDate=2016/12/21 15:31:00，ts.Minutes=0,loginOverdueTime=10
2016-12-21 15:31:02	info	[IsOverdueByCookies方法]中，timeStamp=1482304943，CurrentDate=2016/12/21 15:31:02，CookiesContentDate=2016/12/21 15:31:01，ts.Minutes=0,loginOverdueTime=10
2016-12-21 15:31:03	info	[IsOverdueByCookies方法]中，timeStamp=1482304943，CurrentDate=2016/12/21 15:31:03，CookiesContentDate=2016/12/21 15:31:02，ts.Minutes=0,loginOverdueTime=10
2016-12-21 15:31:04	info	[IsOverdueByCookies方法]中，timeStamp=1482304943，CurrentDate=2016/12/21 15:31:04，CookiesContentDate=2016/12/21 15:31:03，ts.Minutes=0,loginOverdueTime=10
2016-12-21 15:31:04	info	[IsOverdueByCookies方法]中，timeStamp=1482304943，CurrentDate=2016/12/21 15:31:04，CookiesContentDate=2016/12/21 15:31:04，ts.Minutes=0,loginOverdueTime=10
2016-12-21 15:31:05	info	[IsOverdueByCookies方法]中，timeStamp=1482304943，CurrentDate=2016/12/21 15:31:05，CookiesContentDate=2016/12/21 15:31:04，ts.Minutes=0,loginOverdueTime=10
2016-12-21 15:31:05	info	[IsOverdueByCookies方法]中，timeStamp=1482304943，CurrentDate=2016/12/21 15:31:05，CookiesContentDate=2016/12/21 15:31:05，ts.Minutes=0,loginOverdueTime=10
2016-12-21 15:31:06	info	[IsOverdueByCookies方法]中，timeStamp=1482304943，CurrentDate=2016/12/21 15:31:06，CookiesContentDate=2016/12/21 15:31:05，ts.Minutes=0,loginOverdueTime=10
2016-12-21 15:31:07	info	[IsOverdueByCookies方法]中，timeStamp=1482304943，CurrentDate=2016/12/21 15:31:07，CookiesContentDate=2016/12/21 15:31:06，ts.Minutes=0,loginOverdueTime=10
2016-12-21 15:31:09	info	[IsOverdueByCookies方法]中，timeStamp=1482304943，CurrentDate=2016/12/21 15:31:09，CookiesContentDate=2016/12/21 15:31:07，ts.Minutes=0,loginOverdueTime=10
2016-12-21 15:31:09	info	[IsOverdueByCookies方法]中，timeStamp=1482304943，CurrentDate=2016/12/21 15:31:09，CookiesContentDate=2016/12/21 15:31:09，ts.Minutes=0,loginOverdueTime=10
2016-12-21 15:31:10	info	[IsOverdueByCookies方法]中，timeStamp=1482304943，CurrentDate=2016/12/21 15:31:10，CookiesContentDate=2016/12/21 15:31:09，ts.Minutes=0,loginOverdueTime=10
2016-12-21 15:31:11	info	[IsOverdueByCookies方法]中，timeStamp=1482304943，CurrentDate=2016/12/21 15:31:11，CookiesContentDate=2016/12/21 15:31:10，ts.Minutes=0,loginOverdueTime=10
2016-12-21 15:31:11	info	[IsOverdueByCookies方法]中，timeStamp=1482304943，CurrentDate=2016/12/21 15:31:11，CookiesContentDate=2016/12/21 15:31:11，ts.Minutes=0,loginOverdueTime=10
2016-12-21 15:31:12	info	[IsOverdueByCookies方法]中，timeStamp=1482304943，CurrentDate=2016/12/21 15:31:12，CookiesContentDate=2016/12/21 15:31:11，ts.Minutes=0,loginOverdueTime=10
2016-12-21 15:31:13	info	[IsOverdueByCookies方法]中，timeStamp=1482304943，CurrentDate=2016/12/21 15:31:13，CookiesContentDate=2016/12/21 15:31:12，ts.Minutes=0,loginOverdueTime=10
2016-12-21 15:31:26	info	[IsOverdueByCookies方法]中，timeStamp=1482304943，CurrentDate=2016/12/21 15:31:26，CookiesContentDate=2016/12/21 15:31:13，ts.Minutes=0,loginOverdueTime=10
2016-12-21 15:31:27	info	[IsOverdueByCookies方法]中，timeStamp=1482304943，CurrentDate=2016/12/21 15:31:27，CookiesContentDate=2016/12/21 15:31:26，ts.Minutes=0,loginOverdueTime=10
2016-12-21 15:31:28	info	[IsOverdueByCookies方法]中，timeStamp=1482304943，CurrentDate=2016/12/21 15:31:28，CookiesContentDate=2016/12/21 15:31:27，ts.Minutes=0,loginOverdueTime=10
2016-12-21 15:31:29	info	[IsOverdueByCookies方法]中，timeStamp=1482304943，CurrentDate=2016/12/21 15:31:29，CookiesContentDate=2016/12/21 15:31:28，ts.Minutes=0,loginOverdueTime=10
2016-12-21 15:31:30	info	[IsOverdueByCookies方法]中，timeStamp=1482304943，CurrentDate=2016/12/21 15:31:30，CookiesContentDate=2016/12/21 15:31:29，ts.Minutes=0,loginOverdueTime=10
2016-12-21 15:51:33	info	[IsLoginByAPP],解析Cookies内容——strCookiesEncrypt=FB7F5AE52F3CCFC985A140602E5D07DEF9747E336C8329304E9D6648C7A64CA08F0E1146DD1E8CFB1F56F34ABD01F8ECCE5A0E9C50471C23057D785FD2E3F8979FB6463B5144C8B3DD7BDD6C0CE4727071AD3C4D7D6E0A51
2016-12-21 15:51:33	info	[IsLoginByAPP],解析Cookies内容——loginEmployeeNumber=0370
2016-12-21 15:51:33	info	[IsOverdueByCookies方法]中，timeStamp=1482305963，CurrentDate=2016/12/21 15:51:33，CookiesContentDate=2016/12/21 15:47:07，ts.Minutes=4,loginOverdueTime=10
2016-12-21 15:51:33	info	[IsLoginByAPP],IsOverdueByCookies(0370)=False
2016-12-21 15:51:33	error	[IsLoginByAPP]   在 System.Security.Cryptography.CryptographicException.ThrowCryptographicException(Int32 hr)
   在 System.Security.Cryptography.Utils._DecryptData(SafeKeyHandle hKey, Byte[] data, Int32 ib, Int32 cb, Byte[]& outputBuffer, Int32 outputOffset, PaddingMode PaddingMode, Boolean fDone)
   在 System.Security.Cryptography.CryptoAPITransform.TransformFinalBlock(Byte[] inputBuffer, Int32 inputOffset, Int32 inputCount)
   在 System.Security.Cryptography.CryptoStream.FlushFinalBlock()
   在 BitAuto.YanFa.OASysRightManager2011.Common.Tools.DESEncrypt.Decrypt(String Text, String sKey)
   在 BitAuto.YanFa.OASysRightManager2011.Common.EmployeeInfo.IsLoginByAPP()不正确的数据。

2016-12-21 15:51:43	info	[IsOverdueByCookies方法]中，timeStamp=1482306694，CurrentDate=2016/12/21 15:51:43，CookiesContentDate=2016/12/21 15:51:34，ts.Minutes=0,loginOverdueTime=10
2016-12-21 15:51:45	info	[IsOverdueByCookies方法]中，timeStamp=1482306694，CurrentDate=2016/12/21 15:51:45，CookiesContentDate=2016/12/21 15:51:44，ts.Minutes=0,loginOverdueTime=10
2016-12-21 15:53:07	info	[IsLoginByAPP],解析Cookies内容——strCookiesEncrypt=6871582370DB9D8E397D0511AF7374D2AC4224346E902FBD702F6026AE582272CEE0F9CB07E9E0C276354B111567719AFCDBAE23BDF06062A9D97EEE6044961CF69DE1EA3D83AF64259CA6E8EDAA60086607483877198A64
2016-12-21 15:53:07	info	[IsLoginByAPP],解析Cookies内容——loginEmployeeNumber=0370
2016-12-21 15:53:07	info	[IsOverdueByCookies方法]中，timeStamp=1482306694，CurrentDate=2016/12/21 15:53:07，CookiesContentDate=2016/12/21 15:51:45，ts.Minutes=1,loginOverdueTime=10
2016-12-21 15:53:07	info	[IsLoginByAPP],IsOverdueByCookies(0370)=False
2016-12-21 15:53:07	error	[IsLoginByAPP]   在 System.Security.Cryptography.CryptographicException.ThrowCryptographicException(Int32 hr)
   在 System.Security.Cryptography.Utils._DecryptData(SafeKeyHandle hKey, Byte[] data, Int32 ib, Int32 cb, Byte[]& outputBuffer, Int32 outputOffset, PaddingMode PaddingMode, Boolean fDone)
   在 System.Security.Cryptography.CryptoAPITransform.TransformFinalBlock(Byte[] inputBuffer, Int32 inputOffset, Int32 inputCount)
   在 System.Security.Cryptography.CryptoStream.FlushFinalBlock()
   在 BitAuto.YanFa.OASysRightManager2011.Common.Tools.DESEncrypt.Decrypt(String Text, String sKey)
   在 BitAuto.YanFa.OASysRightManager2011.Common.EmployeeInfo.IsLoginByAPP()不正确的数据。

2016-12-21 15:53:11	info	[IsOverdueByCookies方法]中，timeStamp=1482306787，CurrentDate=2016/12/21 15:53:11，CookiesContentDate=2016/12/21 15:53:07，ts.Minutes=0,loginOverdueTime=10
2016-12-21 15:53:12	info	[IsOverdueByCookies方法]中，timeStamp=1482306787，CurrentDate=2016/12/21 15:53:12，CookiesContentDate=2016/12/21 15:53:11，ts.Minutes=0,loginOverdueTime=10
2016-12-21 15:53:24	info	[IsOverdueByCookies方法]中，timeStamp=1482306787，CurrentDate=2016/12/21 15:53:24，CookiesContentDate=2016/12/21 15:53:12，ts.Minutes=0,loginOverdueTime=10
2016-12-21 15:53:25	info	[IsOverdueByCookies方法]中，timeStamp=1482306787，CurrentDate=2016/12/21 15:53:25，CookiesContentDate=2016/12/21 15:53:24，ts.Minutes=0,loginOverdueTime=10
2016-12-21 17:48:40	info	[IsOverdueByCookies方法]中，timeStamp=1482313712，CurrentDate=2016/12/21 17:48:40，CookiesContentDate=2016/12/21 17:48:33，ts.Minutes=0,loginOverdueTime=10
