2016-12-14 09:11:05	info	[IsLoginByAPP],解析Cookies内容——strCookiesEncrypt=C03BBE788CC747B8C239CD990E4992EDEC2A437D7E8329994A5043DBB41C9E18034A83D2C0CDEB2B4D3DC004E840D8E680FBDCFEC441C3169C373C17D885F2F72CF313023AA406E1B8A6F35AC405297A4664E02E8038BC32
2016-12-14 09:11:05	info	[IsLoginByAPP],解析Cookies内容——loginEmployeeNumber=0370
2016-12-14 09:11:05	info	[IsOverdueByCookies方法]中，timeStamp=1481624268，CurrentDate=2016/12/14 9:11:05，CookiesContentDate=2016/12/13 18:20:11，ts.Minutes=50,loginOverdueTime=5
2016-12-14 09:11:07	info	[IsLoginByAPP],IsOverdueByCookies(0370)=False
2016-12-14 09:11:09	error	[IsLoginByAPP]   在 System.Security.Cryptography.CryptographicException.ThrowCryptographicException(Int32 hr)
   在 System.Security.Cryptography.Utils._DecryptData(SafeKeyHandle hKey, Byte[] data, Int32 ib, Int32 cb, Byte[]& outputBuffer, Int32 outputOffset, PaddingMode PaddingMode, Boolean fDone)
   在 System.Security.Cryptography.CryptoAPITransform.TransformFinalBlock(Byte[] inputBuffer, Int32 inputOffset, Int32 inputCount)
   在 System.Security.Cryptography.CryptoStream.FlushFinalBlock()
   在 BitAuto.YanFa.OASysRightManager2011.Common.Tools.DESEncrypt.Decrypt(String Text, String sKey)
   在 BitAuto.YanFa.OASysRightManager2011.Common.EmployeeInfo.IsLoginByAPP()不正确的数据。

2016-12-14 09:11:13	info	[IsOverdueByCookies方法]中，timeStamp=1481677762，CurrentDate=2016/12/14 9:11:13，CookiesContentDate=2016/12/14 9:09:21，ts.Minutes=1,loginOverdueTime=5
2016-12-14 09:11:14	info	[IsOverdueByCookies方法]中，timeStamp=1481677762，CurrentDate=2016/12/14 9:11:14，CookiesContentDate=2016/12/14 9:11:13，ts.Minutes=0,loginOverdueTime=5
2016-12-14 09:11:14	info	[IsOverdueByCookies方法]中，timeStamp=1481677762，CurrentDate=2016/12/14 9:11:14，CookiesContentDate=2016/12/14 9:11:14，ts.Minutes=0,loginOverdueTime=5
2016-12-14 09:11:33	info	[IsOverdueByCookies方法]中，timeStamp=1481677762，CurrentDate=2016/12/14 9:11:33，CookiesContentDate=2016/12/14 9:11:15，ts.Minutes=0,loginOverdueTime=5
2016-12-14 09:11:33	info	[IsOverdueByCookies方法]中，timeStamp=1481677762，CurrentDate=2016/12/14 9:11:33，CookiesContentDate=2016/12/14 9:11:33，ts.Minutes=0,loginOverdueTime=5
2016-12-14 09:11:34	info	[IsOverdueByCookies方法]中，timeStamp=1481677762，CurrentDate=2016/12/14 9:11:34，CookiesContentDate=2016/12/14 9:11:33，ts.Minutes=0,loginOverdueTime=5
2016-12-14 09:11:55	error	[IsLoginByAPP]   在 BitAuto.YanFa.OASysRightManager2011.Common.EmployeeInfo.IsLoginByAPP()索引超出了数组界限。
2016-12-14 09:12:09	info	[IsOverdueByCookies方法]中，timeStamp=1481677816，CurrentDate=2016/12/14 9:12:09，CookiesContentDate=2016/12/14 9:10:15，ts.Minutes=1,loginOverdueTime=5
2016-12-14 09:12:10	info	[IsOverdueByCookies方法]中，timeStamp=1481677816，CurrentDate=2016/12/14 9:12:10，CookiesContentDate=2016/12/14 9:12:09，ts.Minutes=0,loginOverdueTime=5
2016-12-14 09:12:10	info	[IsOverdueByCookies方法]中，timeStamp=1481677816，CurrentDate=2016/12/14 9:12:10，CookiesContentDate=2016/12/14 9:12:10，ts.Minutes=0,loginOverdueTime=5
2016-12-14 09:15:14	info	[IsLoginByAPP],解析Cookies内容——strCookiesEncrypt=3E44924FC4B9F3CC778D07F974A90ABBCCEF645824033563E0CFC35E40B4D798CE271106B94319A7CF4811E9605624767B36DA466BA699BE2FC44E778C0EA3C58528E05120222CA0548E3C4D8335385A8DF1C73C18E4F5DE
2016-12-14 09:15:14	info	[IsLoginByAPP],解析Cookies内容——loginEmployeeNumber=0370
2016-12-14 09:15:14	info	[IsOverdueByCookies方法]中，timeStamp=1481677816，CurrentDate=2016/12/14 9:15:14，CookiesContentDate=2016/12/14 9:12:10，ts.Minutes=3,loginOverdueTime=5
2016-12-14 09:15:14	info	[IsLoginByAPP],IsOverdueByCookies(0370)=False
2016-12-14 09:15:14	info	[IsLoginByAPP],strEncryptKey=1481677816449747
2016-12-14 09:15:14	info	[IsLoginByAPP],cookieValue=BCA5327669715E25|1BD77F1DD3F0394F|6744B300400ACC07|CFBCBF85E263E49A|CD5FC92097DD95F1
2016-12-14 09:15:15	info	[IsOverdueByCookies方法]中，timeStamp=1481677816，CurrentDate=2016/12/14 9:15:15，CookiesContentDate=2016/12/14 9:15:14，ts.Minutes=0,loginOverdueTime=5
2016-12-14 09:15:15	info	[IsOverdueByCookies方法]中，timeStamp=1481677816，CurrentDate=2016/12/14 9:15:15，CookiesContentDate=2016/12/14 9:15:15，ts.Minutes=0,loginOverdueTime=5
2016-12-14 09:17:07	info	[IsLoginByAPP],解析Cookies内容——strCookiesEncrypt=3E44924FC4B9F3CC778D07F974A90ABBCCEF645824033563E0CFC35E40B4D798CE271106B94319A7CF4811E9605624767B36DA466BA699BE2FC44E778C0EA3C58528E05120222CA0548E3C4D8335385A8DF1C73C18E4F5DE
2016-12-14 09:17:07	info	[IsLoginByAPP],解析Cookies内容——loginEmployeeNumber=0370
2016-12-14 09:17:07	info	[IsOverdueByCookies方法]中，timeStamp=1481677816，CurrentDate=2016/12/14 9:17:07，CookiesContentDate=2016/12/14 9:15:15，ts.Minutes=1,loginOverdueTime=5
2016-12-14 09:17:07	info	[IsLoginByAPP],IsOverdueByCookies(0370)=False
2016-12-14 09:17:07	info	[IsLoginByAPP],strEncryptKey=1481677816449747
2016-12-14 09:17:07	info	[IsLoginByAPP],cookieValue=BCA5327669715E25|1BD77F1DD3F0394F|6744B300400ACC07|CFBCBF85E263E49A|CD5FC92097DD95F1
2016-12-14 09:17:08	info	[IsOverdueByCookies方法]中，timeStamp=1481677816，CurrentDate=2016/12/14 9:17:08，CookiesContentDate=2016/12/14 9:17:07，ts.Minutes=0,loginOverdueTime=5
2016-12-14 09:17:09	info	[IsOverdueByCookies方法]中，timeStamp=1481677816，CurrentDate=2016/12/14 9:17:09，CookiesContentDate=2016/12/14 9:17:08，ts.Minutes=0,loginOverdueTime=5
2016-12-14 09:17:57	info	[IsOverdueByCookies方法]中，timeStamp=1481677816，CurrentDate=2016/12/14 9:17:57，CookiesContentDate=2016/12/14 9:17:09，ts.Minutes=0,loginOverdueTime=5
2016-12-14 09:17:57	info	[IsOverdueByCookies方法]中，timeStamp=1481677816，CurrentDate=2016/12/14 9:17:57，CookiesContentDate=2016/12/14 9:17:57，ts.Minutes=0,loginOverdueTime=5
2016-12-14 09:17:58	info	[IsOverdueByCookies方法]中，timeStamp=1481677816，CurrentDate=2016/12/14 9:17:58，CookiesContentDate=2016/12/14 9:17:57，ts.Minutes=0,loginOverdueTime=5
2016-12-14 09:18:10	info	[IsOverdueByCookies方法]中，timeStamp=1481677816，CurrentDate=2016/12/14 9:18:10，CookiesContentDate=2016/12/14 9:17:58，ts.Minutes=0,loginOverdueTime=5
2016-12-14 09:18:10	info	[IsOverdueByCookies方法]中，timeStamp=1481677816，CurrentDate=2016/12/14 9:18:10，CookiesContentDate=2016/12/14 9:18:10，ts.Minutes=0,loginOverdueTime=5
2016-12-14 09:18:11	info	[IsOverdueByCookies方法]中，timeStamp=1481677816，CurrentDate=2016/12/14 9:18:11，CookiesContentDate=2016/12/14 9:18:10，ts.Minutes=0,loginOverdueTime=5
2016-12-14 09:19:22	info	[IsOverdueByCookies方法]中，timeStamp=1481677816，CurrentDate=2016/12/14 9:19:22，CookiesContentDate=2016/12/14 9:18:11，ts.Minutes=1,loginOverdueTime=5
2016-12-14 09:19:22	info	[IsOverdueByCookies方法]中，timeStamp=1481677816，CurrentDate=2016/12/14 9:19:22，CookiesContentDate=2016/12/14 9:19:22，ts.Minutes=0,loginOverdueTime=5
2016-12-14 09:19:22	info	[IsOverdueByCookies方法]中，timeStamp=1481677816，CurrentDate=2016/12/14 9:19:22，CookiesContentDate=2016/12/14 9:19:22，ts.Minutes=0,loginOverdueTime=5
2016-12-14 09:19:44	info	[IsOverdueByCookies方法]中，timeStamp=1481677816，CurrentDate=2016/12/14 9:19:44，CookiesContentDate=2016/12/14 9:19:22，ts.Minutes=0,loginOverdueTime=5
2016-12-14 09:19:45	info	[IsOverdueByCookies方法]中，timeStamp=1481677816，CurrentDate=2016/12/14 9:19:45，CookiesContentDate=2016/12/14 9:19:44，ts.Minutes=0,loginOverdueTime=5
2016-12-14 09:19:45	info	[IsOverdueByCookies方法]中，timeStamp=1481677816，CurrentDate=2016/12/14 9:19:45，CookiesContentDate=2016/12/14 9:19:45，ts.Minutes=0,loginOverdueTime=5
2016-12-14 09:20:15	info	[IsOverdueByCookies方法]中，timeStamp=1481677816，CurrentDate=2016/12/14 9:20:15，CookiesContentDate=2016/12/14 9:19:45，ts.Minutes=0,loginOverdueTime=5
2016-12-14 09:20:15	info	[IsOverdueByCookies方法]中，timeStamp=1481677816，CurrentDate=2016/12/14 9:20:15，CookiesContentDate=2016/12/14 9:20:15，ts.Minutes=0,loginOverdueTime=5
2016-12-14 09:20:16	info	[IsOverdueByCookies方法]中，timeStamp=1481677816，CurrentDate=2016/12/14 9:20:16，CookiesContentDate=2016/12/14 9:20:15，ts.Minutes=0,loginOverdueTime=5
2016-12-14 09:20:34	info	[IsLoginByAPP],解析Cookies内容——strCookiesEncrypt=1F4983A350D6822F0E6F9C46F27D0EB8E33CE97C5C8C2F799B7831B6ED529B2CE30E25D66984E855A48CBF57AF5360F22C4B50A3DF96476367D02CA283E0570D3A4229D0ECE546F5BC8E2411973C84BEF7688AC402E1AFC5
2016-12-14 09:20:34	info	[IsLoginByAPP],解析Cookies内容——loginEmployeeNumber=0370
2016-12-14 09:20:34	info	[IsOverdueByCookies方法]中，timeStamp=1481677816，CurrentDate=2016/12/14 9:20:34，CookiesContentDate=2016/12/14 9:20:16，ts.Minutes=0,loginOverdueTime=5
2016-12-14 09:20:34	info	[IsLoginByAPP],IsOverdueByCookies(0370)=False
2016-12-14 09:20:35	error	[IsLoginByAPP]   在 System.Security.Cryptography.CryptographicException.ThrowCryptographicException(Int32 hr)
   在 System.Security.Cryptography.Utils._DecryptData(SafeKeyHandle hKey, Byte[] data, Int32 ib, Int32 cb, Byte[]& outputBuffer, Int32 outputOffset, PaddingMode PaddingMode, Boolean fDone)
   在 System.Security.Cryptography.CryptoAPITransform.TransformFinalBlock(Byte[] inputBuffer, Int32 inputOffset, Int32 inputCount)
   在 System.Security.Cryptography.CryptoStream.FlushFinalBlock()
   在 BitAuto.YanFa.OASysRightManager2011.Common.Tools.DESEncrypt.Decrypt(String Text, String sKey)
   在 BitAuto.YanFa.OASysRightManager2011.Common.EmployeeInfo.IsLoginByAPP()不正确的数据。

2016-12-14 09:20:42	info	[IsOverdueByCookies方法]中，timeStamp=1481678333，CurrentDate=2016/12/14 9:20:42，CookiesContentDate=2016/12/14 9:18:52，ts.Minutes=1,loginOverdueTime=5
2016-12-14 09:20:43	info	[IsOverdueByCookies方法]中，timeStamp=1481678333，CurrentDate=2016/12/14 9:20:43，CookiesContentDate=2016/12/14 9:20:42，ts.Minutes=0,loginOverdueTime=5
2016-12-14 09:20:43	info	[IsOverdueByCookies方法]中，timeStamp=1481678333，CurrentDate=2016/12/14 9:20:43，CookiesContentDate=2016/12/14 9:20:43，ts.Minutes=0,loginOverdueTime=5
2016-12-14 09:21:08	info	[IsOverdueByCookies方法]中，timeStamp=1481678333，CurrentDate=2016/12/14 9:21:08，CookiesContentDate=2016/12/14 9:20:43，ts.Minutes=0,loginOverdueTime=5
2016-12-14 09:21:08	info	[IsOverdueByCookies方法]中，timeStamp=1481678333，CurrentDate=2016/12/14 9:21:08，CookiesContentDate=2016/12/14 9:21:08，ts.Minutes=0,loginOverdueTime=5
2016-12-14 09:21:08	info	[IsOverdueByCookies方法]中，timeStamp=1481678333，CurrentDate=2016/12/14 9:21:08，CookiesContentDate=2016/12/14 9:21:08，ts.Minutes=0,loginOverdueTime=5
2016-12-14 09:25:55	info	[IsOverdueByCookies方法]中，timeStamp=1481678333，CurrentDate=2016/12/14 9:25:55，CookiesContentDate=2016/12/14 9:21:08，ts.Minutes=4,loginOverdueTime=5
2016-12-14 09:25:55	info	[IsOverdueByCookies方法]中，timeStamp=1481678333，CurrentDate=2016/12/14 9:25:55，CookiesContentDate=2016/12/14 9:25:55，ts.Minutes=0,loginOverdueTime=5
2016-12-14 09:25:56	info	[IsOverdueByCookies方法]中，timeStamp=1481678333，CurrentDate=2016/12/14 9:25:56，CookiesContentDate=2016/12/14 9:25:55，ts.Minutes=0,loginOverdueTime=5
2016-12-14 09:26:03	info	[IsOverdueByCookies方法]中，timeStamp=1481678333，CurrentDate=2016/12/14 9:26:03，CookiesContentDate=2016/12/14 9:25:56，ts.Minutes=0,loginOverdueTime=5
2016-12-14 09:26:03	info	[IsOverdueByCookies方法]中，timeStamp=1481678333，CurrentDate=2016/12/14 9:26:03，CookiesContentDate=2016/12/14 9:26:03，ts.Minutes=0,loginOverdueTime=5
2016-12-14 09:26:04	info	[IsOverdueByCookies方法]中，timeStamp=1481678333，CurrentDate=2016/12/14 9:26:04，CookiesContentDate=2016/12/14 9:26:03，ts.Minutes=0,loginOverdueTime=5
2016-12-14 09:26:04	info	[IsOverdueByCookies方法]中，timeStamp=1481678333，CurrentDate=2016/12/14 9:26:04，CookiesContentDate=2016/12/14 9:26:04，ts.Minutes=0,loginOverdueTime=5
2016-12-14 09:26:07	info	[IsOverdueByCookies方法]中，timeStamp=1481678333，CurrentDate=2016/12/14 9:26:07，CookiesContentDate=2016/12/14 9:26:05，ts.Minutes=0,loginOverdueTime=5
2016-12-14 09:26:07	info	[IsOverdueByCookies方法]中，timeStamp=1481678333，CurrentDate=2016/12/14 9:26:07，CookiesContentDate=2016/12/14 9:26:07，ts.Minutes=0,loginOverdueTime=5
2016-12-14 09:26:08	info	[IsOverdueByCookies方法]中，timeStamp=1481678333，CurrentDate=2016/12/14 9:26:08，CookiesContentDate=2016/12/14 9:26:07，ts.Minutes=0,loginOverdueTime=5
2016-12-14 09:26:08	info	[IsOverdueByCookies方法]中，timeStamp=1481678333，CurrentDate=2016/12/14 9:26:08，CookiesContentDate=2016/12/14 9:26:08，ts.Minutes=0,loginOverdueTime=5
2016-12-14 09:26:13	info	[IsOverdueByCookies方法]中，timeStamp=1481678333，CurrentDate=2016/12/14 9:26:13，CookiesContentDate=2016/12/14 9:26:08，ts.Minutes=0,loginOverdueTime=5
2016-12-14 09:26:14	info	[IsOverdueByCookies方法]中，timeStamp=1481678333，CurrentDate=2016/12/14 9:26:14，CookiesContentDate=2016/12/14 9:26:13，ts.Minutes=0,loginOverdueTime=5
2016-12-14 09:26:14	info	[IsOverdueByCookies方法]中，timeStamp=1481678333，CurrentDate=2016/12/14 9:26:14，CookiesContentDate=2016/12/14 9:26:14，ts.Minutes=0,loginOverdueTime=5
2016-12-14 09:26:15	info	[IsOverdueByCookies方法]中，timeStamp=1481678333，CurrentDate=2016/12/14 9:26:15，CookiesContentDate=2016/12/14 9:26:14，ts.Minutes=0,loginOverdueTime=5
2016-12-14 09:29:49	info	[IsLoginByAPP],解析Cookies内容——strCookiesEncrypt=3E44924FC4B9F3CC778D07F974A90ABBCCEF645824033563E0CFC35E40B4D798CE271106B94319A7CF4811E9605624767B36DA466BA699BE2FC44E778C0EA3C58528E05120222CA0548E3C4D8335385A8DF1C73C18E4F5DE
2016-12-14 09:29:49	info	[IsLoginByAPP],解析Cookies内容——loginEmployeeNumber=0370
2016-12-14 09:29:49	info	[IsOverdueByCookies方法]中，timeStamp=1481678333，CurrentDate=2016/12/14 9:29:49，CookiesContentDate=2016/12/14 9:26:15，ts.Minutes=3,loginOverdueTime=5
2016-12-14 09:29:49	info	[IsLoginByAPP],IsOverdueByCookies(0370)=False
2016-12-14 09:29:49	error	[IsLoginByAPP]   在 System.Security.Cryptography.CryptographicException.ThrowCryptographicException(Int32 hr)
   在 System.Security.Cryptography.Utils._DecryptData(SafeKeyHandle hKey, Byte[] data, Int32 ib, Int32 cb, Byte[]& outputBuffer, Int32 outputOffset, PaddingMode PaddingMode, Boolean fDone)
   在 System.Security.Cryptography.CryptoAPITransform.TransformFinalBlock(Byte[] inputBuffer, Int32 inputOffset, Int32 inputCount)
   在 System.Security.Cryptography.CryptoStream.FlushFinalBlock()
   在 BitAuto.YanFa.OASysRightManager2011.Common.Tools.DESEncrypt.Decrypt(String Text, String sKey)
   在 BitAuto.YanFa.OASysRightManager2011.Common.EmployeeInfo.IsLoginByAPP()不正确的数据。

2016-12-14 09:30:03	info	[IsOverdueByCookies方法]中，timeStamp=1481678891，CurrentDate=2016/12/14 9:30:03，CookiesContentDate=2016/12/14 9:28:11，ts.Minutes=1,loginOverdueTime=5
2016-12-14 09:30:03	info	[IsOverdueByCookies方法]中，timeStamp=1481678891，CurrentDate=2016/12/14 9:30:03，CookiesContentDate=2016/12/14 9:30:03，ts.Minutes=0,loginOverdueTime=5
2016-12-14 09:30:04	info	[IsOverdueByCookies方法]中，timeStamp=1481678891，CurrentDate=2016/12/14 9:30:04，CookiesContentDate=2016/12/14 9:30:03，ts.Minutes=0,loginOverdueTime=5
2016-12-14 09:30:04	info	[IsOverdueByCookies方法]中，timeStamp=1481678891，CurrentDate=2016/12/14 9:30:04，CookiesContentDate=2016/12/14 9:30:04，ts.Minutes=0,loginOverdueTime=5
2016-12-14 09:30:25	info	[IsOverdueByCookies方法]中，timeStamp=1481678891，CurrentDate=2016/12/14 9:30:25，CookiesContentDate=2016/12/14 9:30:04，ts.Minutes=0,loginOverdueTime=5
2016-12-14 09:30:26	info	[IsOverdueByCookies方法]中，timeStamp=1481678891，CurrentDate=2016/12/14 9:30:26，CookiesContentDate=2016/12/14 9:30:25，ts.Minutes=0,loginOverdueTime=5
2016-12-14 09:30:26	info	[IsOverdueByCookies方法]中，timeStamp=1481678891，CurrentDate=2016/12/14 9:30:26，CookiesContentDate=2016/12/14 9:30:26，ts.Minutes=0,loginOverdueTime=5
2016-12-14 09:30:27	info	[IsOverdueByCookies方法]中，timeStamp=1481678891，CurrentDate=2016/12/14 9:30:27，CookiesContentDate=2016/12/14 9:30:26，ts.Minutes=0,loginOverdueTime=5
2016-12-14 09:31:15	info	[IsLoginByAPP],解析Cookies内容——strCookiesEncrypt=D2E96DDA8B7B035EFC1CE95D7E204AEB502E89A2AF50E0E73EB638ADE1BE8540740170EEF292D4863FB760E02F45F66D2858BEEF7FD403CE2EBBA49BFAB6DCF808FE24E5CC312507548FE66E668B6DFC32153F01658CC8DE
2016-12-14 09:31:15	info	[IsLoginByAPP],解析Cookies内容——strCookiesEncrypt=D2E96DDA8B7B035EFC1CE95D7E204AEB502E89A2AF50E0E73EB638ADE1BE8540740170EEF292D4863FB760E02F45F66D2858BEEF7FD403CE2EBBA49BFAB6DCF808FE24E5CC312507548FE66E668B6DFC32153F01658CC8DE
2016-12-14 09:31:15	info	[IsLoginByAPP],解析Cookies内容——loginEmployeeNumber=0370
2016-12-14 09:31:15	info	[IsLoginByAPP],解析Cookies内容——loginEmployeeNumber=0370
2016-12-14 09:31:15	info	[IsOverdueByCookies方法]中，timeStamp=1481678891，CurrentDate=2016/12/14 9:31:15，CookiesContentDate=2016/12/14 9:30:27，ts.Minutes=0,loginOverdueTime=5
2016-12-14 09:31:15	info	[IsLoginByAPP],IsOverdueByCookies(0370)=False
2016-12-14 09:31:15	info	[IsOverdueByCookies方法]中，timeStamp=1481678891，CurrentDate=2016/12/14 9:31:15，CookiesContentDate=2016/12/14 9:30:27，ts.Minutes=0,loginOverdueTime=5
2016-12-14 09:31:15	info	[IsLoginByAPP],IsOverdueByCookies(0370)=False
2016-12-14 09:31:15	info	[IsLoginByAPP],strEncryptKey=1481678891561457
2016-12-14 09:31:15	info	[IsLoginByAPP],strEncryptKey=1481678891561457
2016-12-14 09:31:15	info	[IsLoginByAPP],cookieValue=1E9B385DFDAF7F37|B8D22BC59417C309|73B9A8CCBE6D5C98|B24F194364C0291B|C313CDEA40122A54
2016-12-14 09:31:15	info	[IsLoginByAPP],cookieValue=1E9B385DFDAF7F37|B8D22BC59417C309|73B9A8CCBE6D5C98|B24F194364C0291B|C313CDEA40122A54
2016-12-14 09:31:33	info	[IsOverdueByCookies方法]中，timeStamp=1481678891，CurrentDate=2016/12/14 9:31:33，CookiesContentDate=2016/12/14 9:31:23，ts.Minutes=0,loginOverdueTime=5
2016-12-14 09:31:33	info	[IsOverdueByCookies方法]中，timeStamp=1481678891，CurrentDate=2016/12/14 9:31:33，CookiesContentDate=2016/12/14 9:31:33，ts.Minutes=0,loginOverdueTime=5
2016-12-14 09:31:53	info	[IsOverdueByCookies方法]中，timeStamp=1481678891，CurrentDate=2016/12/14 9:31:53，CookiesContentDate=2016/12/14 9:31:46，ts.Minutes=0,loginOverdueTime=5
2016-12-14 09:31:54	info	[IsOverdueByCookies方法]中，timeStamp=1481678891，CurrentDate=2016/12/14 9:31:54，CookiesContentDate=2016/12/14 9:31:53，ts.Minutes=0,loginOverdueTime=5
2016-12-14 09:31:54	info	[IsOverdueByCookies方法]中，timeStamp=1481678891，CurrentDate=2016/12/14 9:31:54，CookiesContentDate=2016/12/14 9:31:54，ts.Minutes=0,loginOverdueTime=5
2016-12-14 10:00:21	info	[IsLoginByAPP],解析Cookies内容——strCookiesEncrypt=D2E96DDA8B7B035EFC1CE95D7E204AEB502E89A2AF50E0E73EB638ADE1BE8540740170EEF292D4863FB760E02F45F66D2858BEEF7FD403CE2EBBA49BFAB6DCF808FE24E5CC312507548FE66E668B6DFC32153F01658CC8DE
2016-12-14 10:00:21	info	[IsLoginByAPP],解析Cookies内容——loginEmployeeNumber=0370
2016-12-14 10:00:22	info	[IsOverdueByCookies方法]中，timeStamp=1481679826，CurrentDate=2016/12/14 10:00:22，CookiesContentDate=2016/12/14 9:45:43，ts.Minutes=14,loginOverdueTime=5
2016-12-14 10:00:22	info	[IsLoginByAPP],IsOverdueByCookies(0370)=False
2016-12-14 10:00:22	error	[IsLoginByAPP]   在 System.Security.Cryptography.CryptographicException.ThrowCryptographicException(Int32 hr)
   在 System.Security.Cryptography.Utils._DecryptData(SafeKeyHandle hKey, Byte[] data, Int32 ib, Int32 cb, Byte[]& outputBuffer, Int32 outputOffset, PaddingMode PaddingMode, Boolean fDone)
   在 System.Security.Cryptography.CryptoAPITransform.TransformFinalBlock(Byte[] inputBuffer, Int32 inputOffset, Int32 inputCount)
   在 System.Security.Cryptography.CryptoStream.FlushFinalBlock()
   在 BitAuto.YanFa.OASysRightManager2011.Common.Tools.DESEncrypt.Decrypt(String Text, String sKey)
   在 BitAuto.YanFa.OASysRightManager2011.Common.EmployeeInfo.IsLoginByAPP()不正确的数据。

2016-12-14 10:00:39	info	[IsOverdueByCookies方法]中，timeStamp=1481680729，CurrentDate=2016/12/14 10:00:39，CookiesContentDate=2016/12/14 9:58:48，ts.Minutes=1,loginOverdueTime=5
2016-12-14 10:00:40	info	[IsOverdueByCookies方法]中，timeStamp=1481680729，CurrentDate=2016/12/14 10:00:40，CookiesContentDate=2016/12/14 10:00:40，ts.Minutes=0,loginOverdueTime=5
2016-12-14 10:00:40	info	[IsOverdueByCookies方法]中，timeStamp=1481680729，CurrentDate=2016/12/14 10:00:40，CookiesContentDate=2016/12/14 10:00:40，ts.Minutes=0,loginOverdueTime=5
2016-12-14 10:05:35	info	[IsLoginByAPP],解析Cookies内容——strCookiesEncrypt=F2CD044A82E8EBCFBBCE770DFF22A6DC27457239DB90BAAD0109EBCFF5847636C298F39A56AD4F9F2C84743351C8E02DB9080BC68452EDF7E40263C5D231D15F34DE463A3B7FAC5BE7972E09C50CBE8F75D34B26F58980D5
2016-12-14 10:05:35	info	[IsLoginByAPP],解析Cookies内容——loginEmployeeNumber=0370
2016-12-14 10:05:35	info	[IsOverdueByCookies方法]中，timeStamp=1481680729，CurrentDate=2016/12/14 10:05:35，CookiesContentDate=2016/12/14 10:00:41，ts.Minutes=4,loginOverdueTime=5
2016-12-14 10:05:35	info	[IsLoginByAPP],IsOverdueByCookies(0370)=False
2016-12-14 10:05:35	info	[IsLoginByAPP],strEncryptKey=1481680729744071
2016-12-14 10:05:35	info	[IsLoginByAPP],cookieValue=2386A13BCCE0D544|7EECF3803E55C5B0|22D9BA576A1EE03E|72E4F80BB5EFA6F5|51E14443BB45ED77
2016-12-14 10:05:36	info	[IsOverdueByCookies方法]中，timeStamp=1481680729，CurrentDate=2016/12/14 10:05:36，CookiesContentDate=2016/12/14 10:05:35，ts.Minutes=0,loginOverdueTime=5
2016-12-14 10:05:36	info	[IsOverdueByCookies方法]中，timeStamp=1481680729，CurrentDate=2016/12/14 10:05:36，CookiesContentDate=2016/12/14 10:05:36，ts.Minutes=0,loginOverdueTime=5
2016-12-14 10:05:54	info	[IsOverdueByCookies方法]中，timeStamp=1481680729，CurrentDate=2016/12/14 10:05:54，CookiesContentDate=2016/12/14 10:05:36，ts.Minutes=0,loginOverdueTime=5
2016-12-14 10:05:54	info	[IsOverdueByCookies方法]中，timeStamp=1481680729，CurrentDate=2016/12/14 10:05:54，CookiesContentDate=2016/12/14 10:05:54，ts.Minutes=0,loginOverdueTime=5
2016-12-14 10:05:54	info	[IsOverdueByCookies方法]中，timeStamp=1481680729，CurrentDate=2016/12/14 10:05:54，CookiesContentDate=2016/12/14 10:05:54，ts.Minutes=0,loginOverdueTime=5
2016-12-14 10:06:11	info	[IsOverdueByCookies方法]中，timeStamp=1481680729，CurrentDate=2016/12/14 10:06:11，CookiesContentDate=2016/12/14 10:05:54，ts.Minutes=0,loginOverdueTime=5
2016-12-14 10:06:12	info	[IsOverdueByCookies方法]中，timeStamp=1481680729，CurrentDate=2016/12/14 10:06:12，CookiesContentDate=2016/12/14 10:06:11，ts.Minutes=0,loginOverdueTime=5
2016-12-14 10:06:12	info	[IsOverdueByCookies方法]中，timeStamp=1481680729，CurrentDate=2016/12/14 10:06:12，CookiesContentDate=2016/12/14 10:06:12，ts.Minutes=0,loginOverdueTime=5
2016-12-14 10:06:34	info	[IsOverdueByCookies方法]中，timeStamp=1481680729，CurrentDate=2016/12/14 10:06:34，CookiesContentDate=2016/12/14 10:06:12，ts.Minutes=0,loginOverdueTime=5
2016-12-14 10:06:34	info	[IsOverdueByCookies方法]中，timeStamp=1481680729，CurrentDate=2016/12/14 10:06:34，CookiesContentDate=2016/12/14 10:06:34，ts.Minutes=0,loginOverdueTime=5
2016-12-14 10:06:34	info	[IsOverdueByCookies方法]中，timeStamp=1481680729，CurrentDate=2016/12/14 10:06:34，CookiesContentDate=2016/12/14 10:06:34，ts.Minutes=0,loginOverdueTime=5
2016-12-14 10:08:10	info	[IsOverdueByCookies方法]中，timeStamp=1481680729，CurrentDate=2016/12/14 10:08:10，CookiesContentDate=2016/12/14 10:06:34，ts.Minutes=1,loginOverdueTime=5
2016-12-14 10:08:10	info	[IsOverdueByCookies方法]中，timeStamp=1481680729，CurrentDate=2016/12/14 10:08:10，CookiesContentDate=2016/12/14 10:08:10，ts.Minutes=0,loginOverdueTime=5
2016-12-14 10:08:10	info	[IsOverdueByCookies方法]中，timeStamp=1481680729，CurrentDate=2016/12/14 10:08:10，CookiesContentDate=2016/12/14 10:08:10，ts.Minutes=0,loginOverdueTime=5
2016-12-14 10:08:25	info	[IsOverdueByCookies方法]中，timeStamp=1481680729，CurrentDate=2016/12/14 10:08:25，CookiesContentDate=2016/12/14 10:08:10，ts.Minutes=0,loginOverdueTime=5
2016-12-14 10:08:26	info	[IsOverdueByCookies方法]中，timeStamp=1481680729，CurrentDate=2016/12/14 10:08:26，CookiesContentDate=2016/12/14 10:08:25，ts.Minutes=0,loginOverdueTime=5
2016-12-14 10:08:26	info	[IsOverdueByCookies方法]中，timeStamp=1481680729，CurrentDate=2016/12/14 10:08:26，CookiesContentDate=2016/12/14 10:08:26，ts.Minutes=0,loginOverdueTime=5
2016-12-14 10:24:12	info	[IsLoginByAPP],解析Cookies内容——strCookiesEncrypt=F2CD044A82E8EBCFBBCE770DFF22A6DC27457239DB90BAAD0109EBCFF5847636C298F39A56AD4F9F2C84743351C8E02DB9080BC68452EDF7E40263C5D231D15F34DE463A3B7FAC5BE7972E09C50CBE8F75D34B26F58980D5
2016-12-14 10:24:12	info	[IsLoginByAPP],解析Cookies内容——loginEmployeeNumber=0370
2016-12-14 10:24:12	info	[IsOverdueByCookies方法]中，timeStamp=1481680729，CurrentDate=2016/12/14 10:24:12，CookiesContentDate=2016/12/14 10:08:26，ts.Minutes=15,loginOverdueTime=5
2016-12-14 10:24:12	info	[IsLoginByAPP],IsOverdueByCookies(0370)=False
2016-12-14 10:24:12	info	[IsLoginByAPP],strEncryptKey=1481680729744071
2016-12-14 10:24:12	info	[IsLoginByAPP],cookieValue=2386A13BCCE0D544|7EECF3803E55C5B0|22D9BA576A1EE03E|72E4F80BB5EFA6F5|51E14443BB45ED77
2016-12-14 10:24:20	info	[IsOverdueByCookies方法]中，timeStamp=1481682151，CurrentDate=2016/12/14 10:24:20，CookiesContentDate=2016/12/14 10:22:30，ts.Minutes=1,loginOverdueTime=5
2016-12-14 10:24:21	info	[IsOverdueByCookies方法]中，timeStamp=1481682151，CurrentDate=2016/12/14 10:24:21，CookiesContentDate=2016/12/14 10:24:20，ts.Minutes=0,loginOverdueTime=5
2016-12-14 10:24:21	info	[IsOverdueByCookies方法]中，timeStamp=1481682151，CurrentDate=2016/12/14 10:24:21，CookiesContentDate=2016/12/14 10:24:21，ts.Minutes=0,loginOverdueTime=5
2016-12-14 10:24:27	info	[IsOverdueByCookies方法]中，timeStamp=1481682151，CurrentDate=2016/12/14 10:24:27，CookiesContentDate=2016/12/14 10:24:22，ts.Minutes=0,loginOverdueTime=5
2016-12-14 10:24:28	info	[IsOverdueByCookies方法]中，timeStamp=1481682151，CurrentDate=2016/12/14 10:24:28，CookiesContentDate=2016/12/14 10:24:27，ts.Minutes=0,loginOverdueTime=5
2016-12-14 10:24:28	info	[IsOverdueByCookies方法]中，timeStamp=1481682151，CurrentDate=2016/12/14 10:24:28，CookiesContentDate=2016/12/14 10:24:28，ts.Minutes=0,loginOverdueTime=5
2016-12-14 10:24:52	info	[IsOverdueByCookies方法]中，timeStamp=1481682151，CurrentDate=2016/12/14 10:24:52，CookiesContentDate=2016/12/14 10:24:28，ts.Minutes=0,loginOverdueTime=5
2016-12-14 10:24:53	info	[IsOverdueByCookies方法]中，timeStamp=1481682151，CurrentDate=2016/12/14 10:24:53，CookiesContentDate=2016/12/14 10:24:52，ts.Minutes=0,loginOverdueTime=5
2016-12-14 10:24:53	info	[IsOverdueByCookies方法]中，timeStamp=1481682151，CurrentDate=2016/12/14 10:24:53，CookiesContentDate=2016/12/14 10:24:53，ts.Minutes=0,loginOverdueTime=5
2016-12-14 10:25:36	info	[IsOverdueByCookies方法]中，timeStamp=1481682151，CurrentDate=2016/12/14 10:25:36，CookiesContentDate=2016/12/14 10:24:53，ts.Minutes=0,loginOverdueTime=5
2016-12-14 10:25:37	info	[IsOverdueByCookies方法]中，timeStamp=1481682151，CurrentDate=2016/12/14 10:25:37，CookiesContentDate=2016/12/14 10:25:36，ts.Minutes=0,loginOverdueTime=5
2016-12-14 10:25:38	info	[IsOverdueByCookies方法]中，timeStamp=1481682151，CurrentDate=2016/12/14 10:25:38，CookiesContentDate=2016/12/14 10:25:37，ts.Minutes=0,loginOverdueTime=5
2016-12-14 10:25:42	info	[IsOverdueByCookies方法]中，timeStamp=1481682151，CurrentDate=2016/12/14 10:25:42，CookiesContentDate=2016/12/14 10:25:38，ts.Minutes=0,loginOverdueTime=5
2016-12-14 10:25:43	info	[IsOverdueByCookies方法]中，timeStamp=1481682151，CurrentDate=2016/12/14 10:25:43，CookiesContentDate=2016/12/14 10:25:42，ts.Minutes=0,loginOverdueTime=5
2016-12-14 10:25:43	info	[IsOverdueByCookies方法]中，timeStamp=1481682151，CurrentDate=2016/12/14 10:25:43，CookiesContentDate=2016/12/14 10:25:43，ts.Minutes=0,loginOverdueTime=5
2016-12-14 10:27:54	info	[IsOverdueByCookies方法]中，timeStamp=1481682151，CurrentDate=2016/12/14 10:27:54，CookiesContentDate=2016/12/14 10:25:43，ts.Minutes=2,loginOverdueTime=5
2016-12-14 10:27:54	info	[IsOverdueByCookies方法]中，timeStamp=1481682151，CurrentDate=2016/12/14 10:27:54，CookiesContentDate=2016/12/14 10:27:54，ts.Minutes=0,loginOverdueTime=5
2016-12-14 10:27:55	info	[IsOverdueByCookies方法]中，timeStamp=1481682151，CurrentDate=2016/12/14 10:27:55，CookiesContentDate=2016/12/14 10:27:54，ts.Minutes=0,loginOverdueTime=5
2016-12-14 10:27:59	info	[IsOverdueByCookies方法]中，timeStamp=1481682151，CurrentDate=2016/12/14 10:27:59，CookiesContentDate=2016/12/14 10:27:55，ts.Minutes=0,loginOverdueTime=5
2016-12-14 10:28:00	info	[IsOverdueByCookies方法]中，timeStamp=1481682151，CurrentDate=2016/12/14 10:28:00，CookiesContentDate=2016/12/14 10:27:59，ts.Minutes=0,loginOverdueTime=5
2016-12-14 10:28:01	info	[IsOverdueByCookies方法]中，timeStamp=1481682151，CurrentDate=2016/12/14 10:28:01，CookiesContentDate=2016/12/14 10:28:00，ts.Minutes=0,loginOverdueTime=5
2016-12-14 10:32:10	info	[IsLoginByAPP],解析Cookies内容——strCookiesEncrypt=E56CE735E170A1071C7AC252C42FCC0C02856737A2E91644F96A727F657C7D93050B2FD2B9A952F963329F63A6609101F0F2A9E38E7333E4BF2524E2EDBB51143FA5CC13573D41B7F0481E798D62CDAC01A99D69461E2268
2016-12-14 10:32:10	info	[IsLoginByAPP],解析Cookies内容——loginEmployeeNumber=0370
2016-12-14 10:32:10	info	[IsOverdueByCookies方法]中，timeStamp=1481682151，CurrentDate=2016/12/14 10:32:10，CookiesContentDate=2016/12/14 10:28:01，ts.Minutes=4,loginOverdueTime=5
2016-12-14 10:32:10	info	[IsLoginByAPP],IsOverdueByCookies(0370)=False
2016-12-14 10:32:10	info	[IsLoginByAPP],strEncryptKey=1481682151331074
2016-12-14 10:32:10	info	[IsLoginByAPP],cookieValue=75A5D03E221484AD|28701DB2FE70ED9B|E6C7F2D3E63DCA12|6E21941CC82B07A5|55AB64A84CA315F3
2016-12-14 10:32:11	info	[IsOverdueByCookies方法]中，timeStamp=1481682151，CurrentDate=2016/12/14 10:32:11，CookiesContentDate=2016/12/14 10:32:10，ts.Minutes=0,loginOverdueTime=5
2016-12-14 10:33:05	info	[IsLoginByAPP],解析Cookies内容——strCookiesEncrypt=8C64F6BC9E7C7F0D1CD691A35BB8020FBEDE69DBCC105766E4B3D2DFCBCACD430614ECBC07845DEDA2E9FCEE96B70ADC98F3FEAC517A716865660689853EDEEBFE1B549AF1A1036B8C44E079838EE1BE98232C6822C3B9AD
2016-12-14 10:33:05	info	[IsLoginByAPP],解析Cookies内容——loginEmployeeNumber=0370
2016-12-14 10:33:05	info	[IsOverdueByCookies方法]中，timeStamp=1481682151，CurrentDate=2016/12/14 10:33:05，CookiesContentDate=2016/12/14 10:32:11，ts.Minutes=0,loginOverdueTime=5
2016-12-14 10:33:05	info	[IsLoginByAPP],IsOverdueByCookies(0370)=False
2016-12-14 10:33:05	error	[IsLoginByAPP]   在 System.Security.Cryptography.CryptographicException.ThrowCryptographicException(Int32 hr)
   在 System.Security.Cryptography.Utils._DecryptData(SafeKeyHandle hKey, Byte[] data, Int32 ib, Int32 cb, Byte[]& outputBuffer, Int32 outputOffset, PaddingMode PaddingMode, Boolean fDone)
   在 System.Security.Cryptography.CryptoAPITransform.TransformFinalBlock(Byte[] inputBuffer, Int32 inputOffset, Int32 inputCount)
   在 System.Security.Cryptography.CryptoStream.FlushFinalBlock()
   在 BitAuto.YanFa.OASysRightManager2011.Common.Tools.DESEncrypt.Decrypt(String Text, String sKey)
   在 BitAuto.YanFa.OASysRightManager2011.Common.EmployeeInfo.IsLoginByAPP()不正确的数据。

2016-12-14 10:33:16	info	[IsOverdueByCookies方法]中，timeStamp=1481682688，CurrentDate=2016/12/14 10:33:16，CookiesContentDate=2016/12/14 10:31:28，ts.Minutes=1,loginOverdueTime=5
2016-12-14 10:33:16	info	[IsOverdueByCookies方法]中，timeStamp=1481682688，CurrentDate=2016/12/14 10:33:16，CookiesContentDate=2016/12/14 10:33:16，ts.Minutes=0,loginOverdueTime=5
2016-12-14 10:33:37	info	[IsOverdueByCookies方法]中，timeStamp=1481682688，CurrentDate=2016/12/14 10:33:37，CookiesContentDate=2016/12/14 10:33:16，ts.Minutes=0,loginOverdueTime=5
2016-12-14 10:33:38	info	[IsOverdueByCookies方法]中，timeStamp=1481682688，CurrentDate=2016/12/14 10:33:38，CookiesContentDate=2016/12/14 10:33:37，ts.Minutes=0,loginOverdueTime=5
2016-12-14 10:34:36	info	[IsOverdueByCookies方法]中，timeStamp=1481682688，CurrentDate=2016/12/14 10:34:36，CookiesContentDate=2016/12/14 10:33:38，ts.Minutes=0,loginOverdueTime=5
2016-12-14 10:34:37	info	[IsOverdueByCookies方法]中，timeStamp=1481682688，CurrentDate=2016/12/14 10:34:37，CookiesContentDate=2016/12/14 10:34:36，ts.Minutes=0,loginOverdueTime=5
2016-12-14 10:34:38	info	[IsOverdueByCookies方法]中，timeStamp=1481682688，CurrentDate=2016/12/14 10:34:38，CookiesContentDate=2016/12/14 10:34:37，ts.Minutes=0,loginOverdueTime=5
2016-12-14 10:34:43	info	[IsOverdueByCookies方法]中，timeStamp=1481682688，CurrentDate=2016/12/14 10:34:43，CookiesContentDate=2016/12/14 10:34:38，ts.Minutes=0,loginOverdueTime=5
2016-12-14 10:34:44	info	[IsOverdueByCookies方法]中，timeStamp=1481682688，CurrentDate=2016/12/14 10:34:44，CookiesContentDate=2016/12/14 10:34:43，ts.Minutes=0,loginOverdueTime=5
2016-12-14 10:34:45	info	[IsOverdueByCookies方法]中，timeStamp=1481682688，CurrentDate=2016/12/14 10:34:45，CookiesContentDate=2016/12/14 10:34:44，ts.Minutes=0,loginOverdueTime=5
2016-12-14 10:35:01	info	[IsOverdueByCookies方法]中，timeStamp=1481682688，CurrentDate=2016/12/14 10:35:01，CookiesContentDate=2016/12/14 10:34:45，ts.Minutes=0,loginOverdueTime=5
2016-12-14 10:35:02	info	[IsOverdueByCookies方法]中，timeStamp=1481682688，CurrentDate=2016/12/14 10:35:02，CookiesContentDate=2016/12/14 10:35:01，ts.Minutes=0,loginOverdueTime=5
2016-12-14 10:35:07	info	[IsOverdueByCookies方法]中，timeStamp=1481682688，CurrentDate=2016/12/14 10:35:07，CookiesContentDate=2016/12/14 10:35:02，ts.Minutes=0,loginOverdueTime=5
2016-12-14 10:35:40	info	[IsOverdueByCookies方法]中，timeStamp=1481682688，CurrentDate=2016/12/14 10:35:40，CookiesContentDate=2016/12/14 10:35:07，ts.Minutes=0,loginOverdueTime=5
2016-12-14 10:35:41	info	[IsOverdueByCookies方法]中，timeStamp=1481682688，CurrentDate=2016/12/14 10:35:41，CookiesContentDate=2016/12/14 10:35:40，ts.Minutes=0,loginOverdueTime=5
2016-12-14 10:35:44	info	[IsOverdueByCookies方法]中，timeStamp=1481682688，CurrentDate=2016/12/14 10:35:44，CookiesContentDate=2016/12/14 10:35:41，ts.Minutes=0,loginOverdueTime=5
2016-12-14 10:35:54	info	[IsOverdueByCookies方法]中，timeStamp=1481682688，CurrentDate=2016/12/14 10:35:54，CookiesContentDate=2016/12/14 10:35:44，ts.Minutes=0,loginOverdueTime=5
2016-12-14 10:35:55	info	[IsOverdueByCookies方法]中，timeStamp=1481682688，CurrentDate=2016/12/14 10:35:55，CookiesContentDate=2016/12/14 10:35:55，ts.Minutes=0,loginOverdueTime=5
2016-12-14 10:35:56	info	[IsOverdueByCookies方法]中，timeStamp=1481682688，CurrentDate=2016/12/14 10:35:56，CookiesContentDate=2016/12/14 10:35:55，ts.Minutes=0,loginOverdueTime=5
2016-12-14 10:35:58	info	[IsOverdueByCookies方法]中，timeStamp=1481682688，CurrentDate=2016/12/14 10:35:58，CookiesContentDate=2016/12/14 10:35:56，ts.Minutes=0,loginOverdueTime=5
2016-12-14 10:35:59	info	[IsOverdueByCookies方法]中，timeStamp=1481682688，CurrentDate=2016/12/14 10:35:59，CookiesContentDate=2016/12/14 10:35:58，ts.Minutes=0,loginOverdueTime=5
2016-12-14 10:36:00	info	[IsOverdueByCookies方法]中，timeStamp=1481682688，CurrentDate=2016/12/14 10:36:00，CookiesContentDate=2016/12/14 10:35:59，ts.Minutes=0,loginOverdueTime=5
2016-12-14 10:36:01	info	[IsOverdueByCookies方法]中，timeStamp=1481682688，CurrentDate=2016/12/14 10:36:01，CookiesContentDate=2016/12/14 10:36:00，ts.Minutes=0,loginOverdueTime=5
2016-12-14 10:36:31	info	[IsOverdueByCookies方法]中，timeStamp=1481682688，CurrentDate=2016/12/14 10:36:31，CookiesContentDate=2016/12/14 10:36:01，ts.Minutes=0,loginOverdueTime=5
2016-12-14 10:36:32	info	[IsOverdueByCookies方法]中，timeStamp=1481682688，CurrentDate=2016/12/14 10:36:32，CookiesContentDate=2016/12/14 10:36:31，ts.Minutes=0,loginOverdueTime=5
2016-12-14 10:36:33	info	[IsOverdueByCookies方法]中，timeStamp=1481682688，CurrentDate=2016/12/14 10:36:33，CookiesContentDate=2016/12/14 10:36:32，ts.Minutes=0,loginOverdueTime=5
2016-12-14 10:36:33	info	[IsOverdueByCookies方法]中，timeStamp=1481682688，CurrentDate=2016/12/14 10:36:33，CookiesContentDate=2016/12/14 10:36:33，ts.Minutes=0,loginOverdueTime=5
2016-12-14 10:38:32	info	[IsOverdueByCookies方法]中，timeStamp=1481682688，CurrentDate=2016/12/14 10:38:32，CookiesContentDate=2016/12/14 10:36:33，ts.Minutes=1,loginOverdueTime=5
2016-12-14 10:38:33	info	[IsOverdueByCookies方法]中，timeStamp=1481682688，CurrentDate=2016/12/14 10:38:33，CookiesContentDate=2016/12/14 10:38:32，ts.Minutes=0,loginOverdueTime=5
2016-12-14 10:38:33	info	[IsOverdueByCookies方法]中，timeStamp=1481682688，CurrentDate=2016/12/14 10:38:33，CookiesContentDate=2016/12/14 10:38:33，ts.Minutes=0,loginOverdueTime=5
2016-12-14 10:38:34	info	[IsOverdueByCookies方法]中，timeStamp=1481682688，CurrentDate=2016/12/14 10:38:34，CookiesContentDate=2016/12/14 10:38:33，ts.Minutes=0,loginOverdueTime=5
2016-12-14 10:38:37	info	[IsOverdueByCookies方法]中，timeStamp=1481682688，CurrentDate=2016/12/14 10:38:37，CookiesContentDate=2016/12/14 10:38:34，ts.Minutes=0,loginOverdueTime=5
2016-12-14 10:38:38	info	[IsOverdueByCookies方法]中，timeStamp=1481682688，CurrentDate=2016/12/14 10:38:38，CookiesContentDate=2016/12/14 10:38:37，ts.Minutes=0,loginOverdueTime=5
2016-12-14 10:38:38	info	[IsOverdueByCookies方法]中，timeStamp=1481682688，CurrentDate=2016/12/14 10:38:38，CookiesContentDate=2016/12/14 10:38:38，ts.Minutes=0,loginOverdueTime=5
2016-12-14 10:38:39	info	[IsOverdueByCookies方法]中，timeStamp=1481682688，CurrentDate=2016/12/14 10:38:39，CookiesContentDate=2016/12/14 10:38:38，ts.Minutes=0,loginOverdueTime=5
2016-12-14 10:39:37	info	[IsLoginByAPP],解析Cookies内容——strCookiesEncrypt=E56CE735E170A1071C7AC252C42FCC0C02856737A2E91644F96A727F657C7D93050B2FD2B9A952F963329F63A6609101F0F2A9E38E7333E4BF2524E2EDBB51143FA5CC13573D41B7F0481E798D62CDAC01A99D69461E2268
2016-12-14 10:39:37	info	[IsLoginByAPP],解析Cookies内容——loginEmployeeNumber=0370
2016-12-14 10:39:37	info	[IsOverdueByCookies方法]中，timeStamp=1481682688，CurrentDate=2016/12/14 10:39:37，CookiesContentDate=2016/12/14 10:38:39，ts.Minutes=0,loginOverdueTime=5
2016-12-14 10:39:37	info	[IsLoginByAPP],IsOverdueByCookies(0370)=False
2016-12-14 10:39:37	error	[IsLoginByAPP]   在 System.Security.Cryptography.CryptographicException.ThrowCryptographicException(Int32 hr)
   在 System.Security.Cryptography.Utils._DecryptData(SafeKeyHandle hKey, Byte[] data, Int32 ib, Int32 cb, Byte[]& outputBuffer, Int32 outputOffset, PaddingMode PaddingMode, Boolean fDone)
   在 System.Security.Cryptography.CryptoAPITransform.TransformFinalBlock(Byte[] inputBuffer, Int32 inputOffset, Int32 inputCount)
   在 System.Security.Cryptography.CryptoStream.FlushFinalBlock()
   在 BitAuto.YanFa.OASysRightManager2011.Common.Tools.DESEncrypt.Decrypt(String Text, String sKey)
   在 BitAuto.YanFa.OASysRightManager2011.Common.EmployeeInfo.IsLoginByAPP()不正确的数据。

2016-12-14 10:39:50	info	[IsOverdueByCookies方法]中，timeStamp=1481683080，CurrentDate=2016/12/14 10:39:50，CookiesContentDate=2016/12/14 10:38:00，ts.Minutes=1,loginOverdueTime=5
2016-12-14 10:39:51	info	[IsOverdueByCookies方法]中，timeStamp=1481683080，CurrentDate=2016/12/14 10:39:51，CookiesContentDate=2016/12/14 10:39:50，ts.Minutes=0,loginOverdueTime=5
2016-12-14 10:39:51	info	[IsOverdueByCookies方法]中，timeStamp=1481683080，CurrentDate=2016/12/14 10:39:51，CookiesContentDate=2016/12/14 10:39:51，ts.Minutes=0,loginOverdueTime=5
2016-12-14 10:39:52	info	[IsOverdueByCookies方法]中，timeStamp=1481683080，CurrentDate=2016/12/14 10:39:52，CookiesContentDate=2016/12/14 10:39:51，ts.Minutes=0,loginOverdueTime=5
2016-12-14 10:39:57	info	[IsOverdueByCookies方法]中，timeStamp=1481683080，CurrentDate=2016/12/14 10:39:57，CookiesContentDate=2016/12/14 10:39:52，ts.Minutes=0,loginOverdueTime=5
2016-12-14 10:39:58	info	[IsOverdueByCookies方法]中，timeStamp=1481683080，CurrentDate=2016/12/14 10:39:58，CookiesContentDate=2016/12/14 10:39:57，ts.Minutes=0,loginOverdueTime=5
2016-12-14 10:39:58	info	[IsOverdueByCookies方法]中，timeStamp=1481683080，CurrentDate=2016/12/14 10:39:58，CookiesContentDate=2016/12/14 10:39:58，ts.Minutes=0,loginOverdueTime=5
2016-12-14 10:39:59	info	[IsOverdueByCookies方法]中，timeStamp=1481683080，CurrentDate=2016/12/14 10:39:59，CookiesContentDate=2016/12/14 10:39:58，ts.Minutes=0,loginOverdueTime=5
2016-12-14 10:40:30	info	[IsLoginByAPP],解析Cookies内容——strCookiesEncrypt=23F2A8FD7AE2E3C9B6705A46402B5F46F0020A82176166F2AFA2B2E8F540774F6116D71D7CEBD7067B5EEF4B16BDC7A5C2BD0210ECF89CAD700309A1030045145996F192B08D334B73C8C62B910199C5511F0A81043EC62F
2016-12-14 10:40:30	info	[IsLoginByAPP],解析Cookies内容——loginEmployeeNumber=0370
2016-12-14 10:40:30	info	[IsOverdueByCookies方法]中，timeStamp=1481683080，CurrentDate=2016/12/14 10:40:30，CookiesContentDate=2016/12/14 10:39:59，ts.Minutes=0,loginOverdueTime=5
2016-12-14 10:40:30	info	[IsLoginByAPP],IsOverdueByCookies(0370)=False
2016-12-14 10:40:30	info	[IsLoginByAPP],strEncryptKey=1481683080300582
2016-12-14 10:40:30	info	[IsLoginByAPP],cookieValue=8E641D950F0A7E0D|2F6B897185602B9D|BEABCB6ABE0CAD81|291586B268AB8279|0327A59279D83C2E
2016-12-14 10:40:31	info	[IsOverdueByCookies方法]中，timeStamp=1481683080，CurrentDate=2016/12/14 10:40:31，CookiesContentDate=2016/12/14 10:40:30，ts.Minutes=0,loginOverdueTime=5
2016-12-14 10:40:31	info	[IsOverdueByCookies方法]中，timeStamp=1481683080，CurrentDate=2016/12/14 10:40:31，CookiesContentDate=2016/12/14 10:40:31，ts.Minutes=0,loginOverdueTime=5
2016-12-14 10:40:32	info	[IsOverdueByCookies方法]中，timeStamp=1481683080，CurrentDate=2016/12/14 10:40:32，CookiesContentDate=2016/12/14 10:40:31，ts.Minutes=0,loginOverdueTime=5
2016-12-14 10:40:48	info	[IsOverdueByCookies方法]中，timeStamp=1481683080，CurrentDate=2016/12/14 10:40:48，CookiesContentDate=2016/12/14 10:40:32，ts.Minutes=0,loginOverdueTime=5
2016-12-14 10:40:49	info	[IsOverdueByCookies方法]中，timeStamp=1481683080，CurrentDate=2016/12/14 10:40:49，CookiesContentDate=2016/12/14 10:40:48，ts.Minutes=0,loginOverdueTime=5
2016-12-14 10:40:49	info	[IsOverdueByCookies方法]中，timeStamp=1481683080，CurrentDate=2016/12/14 10:40:49，CookiesContentDate=2016/12/14 10:40:49，ts.Minutes=0,loginOverdueTime=5
2016-12-14 10:41:00	info	[IsOverdueByCookies方法]中，timeStamp=1481683080，CurrentDate=2016/12/14 10:41:00，CookiesContentDate=2016/12/14 10:40:49，ts.Minutes=0,loginOverdueTime=5
2016-12-14 10:41:01	info	[IsOverdueByCookies方法]中，timeStamp=1481683080，CurrentDate=2016/12/14 10:41:01，CookiesContentDate=2016/12/14 10:41:00，ts.Minutes=0,loginOverdueTime=5
2016-12-14 10:41:01	info	[IsOverdueByCookies方法]中，timeStamp=1481683080，CurrentDate=2016/12/14 10:41:01，CookiesContentDate=2016/12/14 10:41:01，ts.Minutes=0,loginOverdueTime=5
2016-12-14 10:41:02	info	[IsOverdueByCookies方法]中，timeStamp=1481683080，CurrentDate=2016/12/14 10:41:02，CookiesContentDate=2016/12/14 10:41:01，ts.Minutes=0,loginOverdueTime=5
2016-12-14 10:41:10	info	[IsOverdueByCookies方法]中，timeStamp=1481683080，CurrentDate=2016/12/14 10:41:10，CookiesContentDate=2016/12/14 10:41:02，ts.Minutes=0,loginOverdueTime=5
2016-12-14 10:41:11	info	[IsOverdueByCookies方法]中，timeStamp=1481683080，CurrentDate=2016/12/14 10:41:11，CookiesContentDate=2016/12/14 10:41:10，ts.Minutes=0,loginOverdueTime=5
2016-12-14 10:41:11	info	[IsOverdueByCookies方法]中，timeStamp=1481683080，CurrentDate=2016/12/14 10:41:11，CookiesContentDate=2016/12/14 10:41:11，ts.Minutes=0,loginOverdueTime=5
2016-12-14 10:41:12	info	[IsOverdueByCookies方法]中，timeStamp=1481683080，CurrentDate=2016/12/14 10:41:12，CookiesContentDate=2016/12/14 10:41:11，ts.Minutes=0,loginOverdueTime=5
2016-12-14 10:41:17	info	[IsOverdueByCookies方法]中，timeStamp=1481683080，CurrentDate=2016/12/14 10:41:17，CookiesContentDate=2016/12/14 10:41:12，ts.Minutes=0,loginOverdueTime=5
2016-12-14 10:41:17	info	[IsOverdueByCookies方法]中，timeStamp=1481683080，CurrentDate=2016/12/14 10:41:17，CookiesContentDate=2016/12/14 10:41:17，ts.Minutes=0,loginOverdueTime=5
2016-12-14 10:41:18	info	[IsOverdueByCookies方法]中，timeStamp=1481683080，CurrentDate=2016/12/14 10:41:18，CookiesContentDate=2016/12/14 10:41:17，ts.Minutes=0,loginOverdueTime=5
2016-12-14 10:41:18	info	[IsOverdueByCookies方法]中，timeStamp=1481683080，CurrentDate=2016/12/14 10:41:18，CookiesContentDate=2016/12/14 10:41:18，ts.Minutes=0,loginOverdueTime=5
2016-12-14 10:43:32	info	[IsOverdueByCookies方法]中，timeStamp=1481683080，CurrentDate=2016/12/14 10:43:32，CookiesContentDate=2016/12/14 10:41:18，ts.Minutes=2,loginOverdueTime=5
2016-12-14 10:43:33	info	[IsOverdueByCookies方法]中，timeStamp=1481683080，CurrentDate=2016/12/14 10:43:33，CookiesContentDate=2016/12/14 10:43:32，ts.Minutes=0,loginOverdueTime=5
2016-12-14 10:43:33	info	[IsOverdueByCookies方法]中，timeStamp=1481683080，CurrentDate=2016/12/14 10:43:33，CookiesContentDate=2016/12/14 10:43:33，ts.Minutes=0,loginOverdueTime=5
2016-12-14 10:43:34	info	[IsOverdueByCookies方法]中，timeStamp=1481683080，CurrentDate=2016/12/14 10:43:34，CookiesContentDate=2016/12/14 10:43:33，ts.Minutes=0,loginOverdueTime=5
2016-12-14 10:44:23	info	[IsOverdueByCookies方法]中，timeStamp=1481683080，CurrentDate=2016/12/14 10:44:23，CookiesContentDate=2016/12/14 10:43:34，ts.Minutes=0,loginOverdueTime=5
2016-12-14 10:44:24	info	[IsOverdueByCookies方法]中，timeStamp=1481683080，CurrentDate=2016/12/14 10:44:24，CookiesContentDate=2016/12/14 10:44:23，ts.Minutes=0,loginOverdueTime=5
2016-12-14 10:44:24	info	[IsOverdueByCookies方法]中，timeStamp=1481683080，CurrentDate=2016/12/14 10:44:24，CookiesContentDate=2016/12/14 10:44:24，ts.Minutes=0,loginOverdueTime=5
2016-12-14 10:44:25	info	[IsOverdueByCookies方法]中，timeStamp=1481683080，CurrentDate=2016/12/14 10:44:25，CookiesContentDate=2016/12/14 10:44:24，ts.Minutes=0,loginOverdueTime=5
2016-12-14 10:44:58	info	[IsOverdueByCookies方法]中，timeStamp=1481683080，CurrentDate=2016/12/14 10:44:58，CookiesContentDate=2016/12/14 10:44:25，ts.Minutes=0,loginOverdueTime=5
2016-12-14 10:44:59	info	[IsOverdueByCookies方法]中，timeStamp=1481683080，CurrentDate=2016/12/14 10:44:59，CookiesContentDate=2016/12/14 10:44:58，ts.Minutes=0,loginOverdueTime=5
2016-12-14 10:44:59	info	[IsOverdueByCookies方法]中，timeStamp=1481683080，CurrentDate=2016/12/14 10:44:59，CookiesContentDate=2016/12/14 10:44:59，ts.Minutes=0,loginOverdueTime=5
2016-12-14 10:45:00	info	[IsOverdueByCookies方法]中，timeStamp=1481683080，CurrentDate=2016/12/14 10:45:00，CookiesContentDate=2016/12/14 10:44:59，ts.Minutes=0,loginOverdueTime=5
2016-12-14 10:45:14	info	[IsOverdueByCookies方法]中，timeStamp=1481683080，CurrentDate=2016/12/14 10:45:14，CookiesContentDate=2016/12/14 10:45:00，ts.Minutes=0,loginOverdueTime=5
2016-12-14 10:45:14	info	[IsOverdueByCookies方法]中，timeStamp=1481683080，CurrentDate=2016/12/14 10:45:14，CookiesContentDate=2016/12/14 10:45:14，ts.Minutes=0,loginOverdueTime=5
2016-12-14 10:47:56	info	[IsLoginByAPP],解析Cookies内容——strCookiesEncrypt=23F2A8FD7AE2E3C9B6705A46402B5F46F0020A82176166F2AFA2B2E8F540774F6116D71D7CEBD7067B5EEF4B16BDC7A5C2BD0210ECF89CAD700309A1030045145996F192B08D334B73C8C62B910199C5511F0A81043EC62F
2016-12-14 10:47:56	info	[IsLoginByAPP],解析Cookies内容——loginEmployeeNumber=0370
2016-12-14 10:47:56	info	[IsOverdueByCookies方法]中，timeStamp=1481683080，CurrentDate=2016/12/14 10:47:56，CookiesContentDate=2016/12/14 10:45:26，ts.Minutes=2,loginOverdueTime=5
2016-12-14 10:47:56	info	[IsLoginByAPP],IsOverdueByCookies(0370)=False
2016-12-14 10:47:56	info	[IsLoginByAPP],strEncryptKey=1481683080300582
2016-12-14 10:47:56	info	[IsLoginByAPP],cookieValue=8E641D950F0A7E0D|2F6B897185602B9D|BEABCB6ABE0CAD81|291586B268AB8279|0327A59279D83C2E
2016-12-14 10:47:57	info	[IsOverdueByCookies方法]中，timeStamp=1481683080，CurrentDate=2016/12/14 10:47:57，CookiesContentDate=2016/12/14 10:47:56，ts.Minutes=0,loginOverdueTime=5
2016-12-14 11:42:51	info	[IsLoginByAPP],解析Cookies内容——strCookiesEncrypt=23F2A8FD7AE2E3C9B6705A46402B5F46F0020A82176166F2AFA2B2E8F540774F6116D71D7CEBD7067B5EEF4B16BDC7A5C2BD0210ECF89CAD700309A1030045145996F192B08D334B73C8C62B910199C5511F0A81043EC62F
2016-12-14 11:42:51	info	[IsLoginByAPP],解析Cookies内容——loginEmployeeNumber=0370
2016-12-14 11:42:51	info	[IsOverdueByCookies方法]中，timeStamp=1481683080，CurrentDate=2016/12/14 11:42:51，CookiesContentDate=2016/12/14 10:47:57，ts.Minutes=54,loginOverdueTime=5
2016-12-14 11:42:51	info	[IsLoginByAPP],IsOverdueByCookies(0370)=False
2016-12-14 11:42:51	info	[IsLoginByAPP],strEncryptKey=1481683080300582
2016-12-14 11:42:51	info	[IsLoginByAPP],cookieValue=8E641D950F0A7E0D|2F6B897185602B9D|BEABCB6ABE0CAD81|291586B268AB8279|0327A59279D83C2E
2016-12-14 11:43:00	info	[IsOverdueByCookies方法]中，timeStamp=1481686871，CurrentDate=2016/12/14 11:43:00，CookiesContentDate=2016/12/14 11:41:11，ts.Minutes=1,loginOverdueTime=5
2016-12-14 11:43:01	info	[IsOverdueByCookies方法]中，timeStamp=1481686871，CurrentDate=2016/12/14 11:43:01，CookiesContentDate=2016/12/14 11:43:00，ts.Minutes=0,loginOverdueTime=5
2016-12-14 11:43:43	info	[IsOverdueByCookies方法]中，timeStamp=1481686871，CurrentDate=2016/12/14 11:43:43，CookiesContentDate=2016/12/14 11:43:01，ts.Minutes=0,loginOverdueTime=5
2016-12-14 11:43:43	info	[IsOverdueByCookies方法]中，timeStamp=1481686871，CurrentDate=2016/12/14 11:43:43，CookiesContentDate=2016/12/14 11:43:43，ts.Minutes=0,loginOverdueTime=5
2016-12-14 11:43:52	info	[IsOverdueByCookies方法]中，timeStamp=1481686871，CurrentDate=2016/12/14 11:43:52，CookiesContentDate=2016/12/14 11:43:43，ts.Minutes=0,loginOverdueTime=5
2016-12-14 11:43:52	info	[IsOverdueByCookies方法]中，timeStamp=1481686871，CurrentDate=2016/12/14 11:43:52，CookiesContentDate=2016/12/14 11:43:52，ts.Minutes=0,loginOverdueTime=5
2016-12-14 11:45:25	info	[IsOverdueByCookies方法]中，timeStamp=1481686871，CurrentDate=2016/12/14 11:45:25，CookiesContentDate=2016/12/14 11:43:52，ts.Minutes=1,loginOverdueTime=5
2016-12-14 11:45:25	info	[IsOverdueByCookies方法]中，timeStamp=1481686871，CurrentDate=2016/12/14 11:45:25，CookiesContentDate=2016/12/14 11:45:25，ts.Minutes=0,loginOverdueTime=5
2016-12-14 11:45:48	info	[IsOverdueByCookies方法]中，timeStamp=1481686871，CurrentDate=2016/12/14 11:45:48，CookiesContentDate=2016/12/14 11:45:25，ts.Minutes=0,loginOverdueTime=5
2016-12-14 11:45:48	info	[IsOverdueByCookies方法]中，timeStamp=1481686871，CurrentDate=2016/12/14 11:45:48，CookiesContentDate=2016/12/14 11:45:48，ts.Minutes=0,loginOverdueTime=5
2016-12-14 11:45:58	info	[IsOverdueByCookies方法]中，timeStamp=1481686871，CurrentDate=2016/12/14 11:45:58，CookiesContentDate=2016/12/14 11:45:48，ts.Minutes=0,loginOverdueTime=5
2016-12-14 11:45:59	info	[IsOverdueByCookies方法]中，timeStamp=1481686871，CurrentDate=2016/12/14 11:45:59，CookiesContentDate=2016/12/14 11:45:59，ts.Minutes=0,loginOverdueTime=5
2016-12-14 11:46:01	info	[IsOverdueByCookies方法]中，timeStamp=1481686871，CurrentDate=2016/12/14 11:46:01，CookiesContentDate=2016/12/14 11:45:59，ts.Minutes=0,loginOverdueTime=5
2016-12-14 11:46:02	info	[IsOverdueByCookies方法]中，timeStamp=1481686871，CurrentDate=2016/12/14 11:46:02，CookiesContentDate=2016/12/14 11:46:01，ts.Minutes=0,loginOverdueTime=5
2016-12-14 11:46:32	info	[IsOverdueByCookies方法]中，timeStamp=1481686871，CurrentDate=2016/12/14 11:46:32，CookiesContentDate=2016/12/14 11:46:26，ts.Minutes=0,loginOverdueTime=5
2016-12-14 11:46:33	info	[IsOverdueByCookies方法]中，timeStamp=1481686871，CurrentDate=2016/12/14 11:46:33，CookiesContentDate=2016/12/14 11:46:32，ts.Minutes=0,loginOverdueTime=5
2016-12-14 11:46:33	info	[IsOverdueByCookies方法]中，timeStamp=1481686871，CurrentDate=2016/12/14 11:46:33，CookiesContentDate=2016/12/14 11:46:33，ts.Minutes=0,loginOverdueTime=5
2016-12-14 13:16:42	info	[IsLoginByAPP],解析Cookies内容——strCookiesEncrypt=CEC1ECE4F1932695BC06CAD46D2A32D77C68A9FB3C06A6F75856C76BDFD1BF84D6023D0571FAF2484678480CD2E57A650BD3D8DC9E70D26F999D1D7A1E30EB96DF0BEAB3A4B2C27AF9328A9EFBC889948C5206D40930DE97
2016-12-14 13:16:42	info	[IsLoginByAPP],解析Cookies内容——loginEmployeeNumber=0370
2016-12-14 13:16:42	info	[IsOverdueByCookies方法]中，timeStamp=1481687302，CurrentDate=2016/12/14 13:16:42，CookiesContentDate=2016/12/14 11:53:52，ts.Minutes=22,loginOverdueTime=5
2016-12-14 13:16:42	info	[IsLoginByAPP],IsOverdueByCookies(0370)=False
2016-12-14 13:16:43	error	[IsLoginByAPP]   在 System.Security.Cryptography.CryptographicException.ThrowCryptographicException(Int32 hr)
   在 System.Security.Cryptography.Utils._DecryptData(SafeKeyHandle hKey, Byte[] data, Int32 ib, Int32 cb, Byte[]& outputBuffer, Int32 outputOffset, PaddingMode PaddingMode, Boolean fDone)
   在 System.Security.Cryptography.CryptoAPITransform.TransformFinalBlock(Byte[] inputBuffer, Int32 inputOffset, Int32 inputCount)
   在 System.Security.Cryptography.CryptoStream.FlushFinalBlock()
   在 BitAuto.YanFa.OASysRightManager2011.Common.Tools.DESEncrypt.Decrypt(String Text, String sKey)
   在 BitAuto.YanFa.OASysRightManager2011.Common.EmployeeInfo.IsLoginByAPP()不正确的数据。

2016-12-14 13:16:50	info	[IsOverdueByCookies方法]中，timeStamp=1481692502，CurrentDate=2016/12/14 13:16:50，CookiesContentDate=2016/12/14 13:15:02，ts.Minutes=1,loginOverdueTime=5
2016-12-14 13:16:51	info	[IsOverdueByCookies方法]中，timeStamp=1481692502，CurrentDate=2016/12/14 13:16:51，CookiesContentDate=2016/12/14 13:16:50，ts.Minutes=0,loginOverdueTime=5
2016-12-14 13:16:51	info	[IsOverdueByCookies方法]中，timeStamp=1481692502，CurrentDate=2016/12/14 13:16:51，CookiesContentDate=2016/12/14 13:16:51，ts.Minutes=0,loginOverdueTime=5
2016-12-14 13:21:16	info	[IsLoginByAPP],解析Cookies内容——strCookiesEncrypt=B685376D4F93009D51F5DA905023D9CC0DED950E26F8969D7CD7768229DC9E28A3A0640A74D3F1E5EE4B1C0B64AFFCA7E87D1754D576BDF52C246E0B40DC5F48E5A21FC54D03EEC7A692C01FBDC54192B00092DF3B92DAF1
2016-12-14 13:21:16	info	[IsLoginByAPP],解析Cookies内容——loginEmployeeNumber=0370
2016-12-14 13:21:16	info	[IsOverdueByCookies方法]中，timeStamp=1481692502，CurrentDate=2016/12/14 13:21:16，CookiesContentDate=2016/12/14 13:16:52，ts.Minutes=4,loginOverdueTime=5
2016-12-14 13:21:16	info	[IsLoginByAPP],IsOverdueByCookies(0370)=False
2016-12-14 13:21:16	info	[IsLoginByAPP],strEncryptKey=1481692502937312
2016-12-14 13:21:16	info	[IsLoginByAPP],cookieValue=84EE10F8C6C592AD|65554199F71DB17A|12E24A71739BD240|8CF756127F130225|7EAD0CD49DCD8572
2016-12-14 13:21:17	info	[IsOverdueByCookies方法]中，timeStamp=1481692502，CurrentDate=2016/12/14 13:21:17，CookiesContentDate=2016/12/14 13:21:16，ts.Minutes=0,loginOverdueTime=5
2016-12-14 13:21:17	info	[IsOverdueByCookies方法]中，timeStamp=1481692502，CurrentDate=2016/12/14 13:21:17，CookiesContentDate=2016/12/14 13:21:17，ts.Minutes=0,loginOverdueTime=5
2016-12-14 13:22:54	info	[IsLoginByAPP],解析Cookies内容——strCookiesEncrypt=511FDB6E9C9F344D38C93550BFA71936C966EE903CFC4221176B3E21602AD829658CBAD75C3EA5BDFDB181D84CEE32CA4C255A7D98D38182FAA3D32C57953F47E3B41D0729BE162856E5501D34B1A3E6074EAFAC91FCD2D4
2016-12-14 13:22:54	info	[IsLoginByAPP],解析Cookies内容——loginEmployeeNumber=0370
2016-12-14 13:22:54	info	[IsOverdueByCookies方法]中，timeStamp=1481692502，CurrentDate=2016/12/14 13:22:54，CookiesContentDate=2016/12/14 13:21:17，ts.Minutes=1,loginOverdueTime=5
2016-12-14 13:22:54	info	[IsLoginByAPP],IsOverdueByCookies(0370)=False
2016-12-14 13:22:54	error	[IsLoginByAPP]   在 System.Security.Cryptography.CryptographicException.ThrowCryptographicException(Int32 hr)
   在 System.Security.Cryptography.Utils._DecryptData(SafeKeyHandle hKey, Byte[] data, Int32 ib, Int32 cb, Byte[]& outputBuffer, Int32 outputOffset, PaddingMode PaddingMode, Boolean fDone)
   在 System.Security.Cryptography.CryptoAPITransform.TransformFinalBlock(Byte[] inputBuffer, Int32 inputOffset, Int32 inputCount)
   在 System.Security.Cryptography.CryptoStream.FlushFinalBlock()
   在 BitAuto.YanFa.OASysRightManager2011.Common.Tools.DESEncrypt.Decrypt(String Text, String sKey)
   在 BitAuto.YanFa.OASysRightManager2011.Common.EmployeeInfo.IsLoginByAPP()不正确的数据。

2016-12-14 13:23:06	info	[IsOverdueByCookies方法]中，timeStamp=1481692876，CurrentDate=2016/12/14 13:23:06，CookiesContentDate=2016/12/14 13:21:15，ts.Minutes=1,loginOverdueTime=5
2016-12-14 13:23:07	info	[IsOverdueByCookies方法]中，timeStamp=1481692876，CurrentDate=2016/12/14 13:23:07，CookiesContentDate=2016/12/14 13:23:06，ts.Minutes=0,loginOverdueTime=5
2016-12-14 13:23:19	info	[IsOverdueByCookies方法]中，timeStamp=1481692876，CurrentDate=2016/12/14 13:23:19，CookiesContentDate=2016/12/14 13:23:07，ts.Minutes=0,loginOverdueTime=5
2016-12-14 13:23:19	info	[IsOverdueByCookies方法]中，timeStamp=1481692876，CurrentDate=2016/12/14 13:23:19，CookiesContentDate=2016/12/14 13:23:19，ts.Minutes=0,loginOverdueTime=5
2016-12-14 13:23:20	info	[IsOverdueByCookies方法]中，timeStamp=1481692876，CurrentDate=2016/12/14 13:23:20，CookiesContentDate=2016/12/14 13:23:19，ts.Minutes=0,loginOverdueTime=5
2016-12-14 13:23:22	info	[IsOverdueByCookies方法]中，timeStamp=1481692876，CurrentDate=2016/12/14 13:23:22，CookiesContentDate=2016/12/14 13:23:20，ts.Minutes=0,loginOverdueTime=5
2016-12-14 13:23:22	info	[IsOverdueByCookies方法]中，timeStamp=1481692876，CurrentDate=2016/12/14 13:23:22，CookiesContentDate=2016/12/14 13:23:22，ts.Minutes=0,loginOverdueTime=5
2016-12-14 13:23:22	info	[IsOverdueByCookies方法]中，timeStamp=1481692876，CurrentDate=2016/12/14 13:23:22，CookiesContentDate=2016/12/14 13:23:22，ts.Minutes=0,loginOverdueTime=5
2016-12-14 14:04:07	info	[IsLoginByAPP],解析Cookies内容——strCookiesEncrypt=B685376D4F93009D51F5DA905023D9CC0DED950E26F8969D7CD7768229DC9E28A3A0640A74D3F1E5EE4B1C0B64AFFCA7E87D1754D576BDF52C246E0B40DC5F48E5A21FC54D03EEC7A692C01FBDC54192B00092DF3B92DAF1
2016-12-14 14:04:07	info	[IsLoginByAPP],解析Cookies内容——loginEmployeeNumber=0370
2016-12-14 14:04:07	info	[IsOverdueByCookies方法]中，timeStamp=1481694119，CurrentDate=2016/12/14 14:04:07，CookiesContentDate=2016/12/14 13:51:30，ts.Minutes=12,loginOverdueTime=5
2016-12-14 14:04:07	info	[IsLoginByAPP],IsOverdueByCookies(0370)=False
2016-12-14 14:04:07	error	[IsLoginByAPP]   在 System.Security.Cryptography.CryptographicException.ThrowCryptographicException(Int32 hr)
   在 System.Security.Cryptography.Utils._DecryptData(SafeKeyHandle hKey, Byte[] data, Int32 ib, Int32 cb, Byte[]& outputBuffer, Int32 outputOffset, PaddingMode PaddingMode, Boolean fDone)
   在 System.Security.Cryptography.CryptoAPITransform.TransformFinalBlock(Byte[] inputBuffer, Int32 inputOffset, Int32 inputCount)
   在 System.Security.Cryptography.CryptoStream.FlushFinalBlock()
   在 BitAuto.YanFa.OASysRightManager2011.Common.Tools.DESEncrypt.Decrypt(String Text, String sKey)
   在 BitAuto.YanFa.OASysRightManager2011.Common.EmployeeInfo.IsLoginByAPP()不正确的数据。

2016-12-14 14:04:14	info	[IsOverdueByCookies方法]中，timeStamp=1481695345，CurrentDate=2016/12/14 14:04:14，CookiesContentDate=2016/12/14 14:02:25，ts.Minutes=1,loginOverdueTime=5
2016-12-14 14:04:15	info	[IsOverdueByCookies方法]中，timeStamp=1481695345，CurrentDate=2016/12/14 14:04:15，CookiesContentDate=2016/12/14 14:04:14，ts.Minutes=0,loginOverdueTime=5
2016-12-14 14:04:15	info	[IsOverdueByCookies方法]中，timeStamp=1481695345，CurrentDate=2016/12/14 14:04:15，CookiesContentDate=2016/12/14 14:04:15，ts.Minutes=0,loginOverdueTime=5
2016-12-14 14:04:16	info	[IsOverdueByCookies方法]中，timeStamp=1481695345，CurrentDate=2016/12/14 14:04:16，CookiesContentDate=2016/12/14 14:04:15，ts.Minutes=0,loginOverdueTime=5
2016-12-14 14:04:24	info	[IsOverdueByCookies方法]中，timeStamp=1481695345，CurrentDate=2016/12/14 14:04:24，CookiesContentDate=2016/12/14 14:04:16，ts.Minutes=0,loginOverdueTime=5
2016-12-14 14:04:24	info	[IsOverdueByCookies方法]中，timeStamp=1481695345，CurrentDate=2016/12/14 14:04:24，CookiesContentDate=2016/12/14 14:04:24，ts.Minutes=0,loginOverdueTime=5
2016-12-14 14:04:24	info	[IsOverdueByCookies方法]中，timeStamp=1481695345，CurrentDate=2016/12/14 14:04:24，CookiesContentDate=2016/12/14 14:04:24，ts.Minutes=0,loginOverdueTime=5
2016-12-14 14:04:25	info	[IsOverdueByCookies方法]中，timeStamp=1481695345，CurrentDate=2016/12/14 14:04:25，CookiesContentDate=2016/12/14 14:04:24，ts.Minutes=0,loginOverdueTime=5
2016-12-14 14:06:44	info	[IsOverdueByCookies方法]中，timeStamp=1481695345，CurrentDate=2016/12/14 14:06:44，CookiesContentDate=2016/12/14 14:04:25，ts.Minutes=2,loginOverdueTime=5
2016-12-14 14:06:44	info	[IsOverdueByCookies方法]中，timeStamp=1481695345，CurrentDate=2016/12/14 14:06:44，CookiesContentDate=2016/12/14 14:06:44，ts.Minutes=0,loginOverdueTime=5
2016-12-14 14:06:44	info	[IsOverdueByCookies方法]中，timeStamp=1481695345，CurrentDate=2016/12/14 14:06:44，CookiesContentDate=2016/12/14 14:06:44，ts.Minutes=0,loginOverdueTime=5
2016-12-14 14:06:45	info	[IsOverdueByCookies方法]中，timeStamp=1481695345，CurrentDate=2016/12/14 14:06:45，CookiesContentDate=2016/12/14 14:06:44，ts.Minutes=0,loginOverdueTime=5
2016-12-14 14:07:21	info	[IsLoginByAPP],解析Cookies内容——strCookiesEncrypt=489B6AF0A368F8876D7EF123D4B8A480ACE6482262AB0C97B632A16A71E5EE1FD9DABE05A2F961CDDCB709DF947163B3985A1F69380B7814C199AC06295583A43E04F59FA2C68F884A8DDBE3398D9C7A628226CAAE6A4C6F
2016-12-14 14:07:21	info	[IsLoginByAPP],解析Cookies内容——loginEmployeeNumber=0370
2016-12-14 14:07:21	info	[IsOverdueByCookies方法]中，timeStamp=1481695345，CurrentDate=2016/12/14 14:07:21，CookiesContentDate=2016/12/14 14:06:45，ts.Minutes=0,loginOverdueTime=5
2016-12-14 14:07:21	info	[IsLoginByAPP],IsOverdueByCookies(0370)=False
2016-12-14 14:07:21	info	[IsLoginByAPP],strEncryptKey=1481695345441263
2016-12-14 14:07:21	info	[IsLoginByAPP],cookieValue=7E3C09A5F1681019|33FC09624B1D70D5|D4001C0588088AC3|2E9D7661AC32C388|90036A74BDB1BB7F
2016-12-14 14:07:22	info	[IsOverdueByCookies方法]中，timeStamp=1481695345，CurrentDate=2016/12/14 14:07:22，CookiesContentDate=2016/12/14 14:07:21，ts.Minutes=0,loginOverdueTime=5
2016-12-14 14:07:22	info	[IsOverdueByCookies方法]中，timeStamp=1481695345，CurrentDate=2016/12/14 14:07:22，CookiesContentDate=2016/12/14 14:07:22，ts.Minutes=0,loginOverdueTime=5
2016-12-14 14:07:23	info	[IsOverdueByCookies方法]中，timeStamp=1481695345，CurrentDate=2016/12/14 14:07:23，CookiesContentDate=2016/12/14 14:07:22，ts.Minutes=0,loginOverdueTime=5
2016-12-14 14:21:59	info	[IsLoginByAPP],解析Cookies内容——strCookiesEncrypt=489B6AF0A368F8876D7EF123D4B8A480ACE6482262AB0C97B632A16A71E5EE1FD9DABE05A2F961CDDCB709DF947163B3985A1F69380B7814C199AC06295583A43E04F59FA2C68F884A8DDBE3398D9C7A628226CAAE6A4C6F
2016-12-14 14:21:59	info	[IsLoginByAPP],解析Cookies内容——strCookiesEncrypt=489B6AF0A368F8876D7EF123D4B8A480ACE6482262AB0C97B632A16A71E5EE1FD9DABE05A2F961CDDCB709DF947163B3985A1F69380B7814C199AC06295583A43E04F59FA2C68F884A8DDBE3398D9C7A628226CAAE6A4C6F
2016-12-14 14:21:59	info	[IsLoginByAPP],解析Cookies内容——strCookiesEncrypt=489B6AF0A368F8876D7EF123D4B8A480ACE6482262AB0C97B632A16A71E5EE1FD9DABE05A2F961CDDCB709DF947163B3985A1F69380B7814C199AC06295583A43E04F59FA2C68F884A8DDBE3398D9C7A628226CAAE6A4C6F
2016-12-14 14:21:59	info	[IsLoginByAPP],解析Cookies内容——loginEmployeeNumber=0370
2016-12-14 14:21:59	info	[IsLoginByAPP],解析Cookies内容——loginEmployeeNumber=0370
2016-12-14 14:21:59	info	[IsLoginByAPP],解析Cookies内容——strCookiesEncrypt=489B6AF0A368F8876D7EF123D4B8A480ACE6482262AB0C97B632A16A71E5EE1FD9DABE05A2F961CDDCB709DF947163B3985A1F69380B7814C199AC06295583A43E04F59FA2C68F884A8DDBE3398D9C7A628226CAAE6A4C6F
2016-12-14 14:21:59	info	[IsLoginByAPP],解析Cookies内容——loginEmployeeNumber=0370
2016-12-14 14:21:59	info	[IsLoginByAPP],解析Cookies内容——loginEmployeeNumber=0370
2016-12-14 14:21:59	info	[IsOverdueByCookies方法]中，timeStamp=1481695345，CurrentDate=2016/12/14 14:21:59，CookiesContentDate=2016/12/14 14:07:23，ts.Minutes=14,loginOverdueTime=5
2016-12-14 14:21:59	info	[IsOverdueByCookies方法]中，timeStamp=1481695345，CurrentDate=2016/12/14 14:21:59，CookiesContentDate=2016/12/14 14:07:23，ts.Minutes=14,loginOverdueTime=5
2016-12-14 14:21:59	info	[IsOverdueByCookies方法]中，timeStamp=1481695345，CurrentDate=2016/12/14 14:21:59，CookiesContentDate=2016/12/14 14:07:23，ts.Minutes=14,loginOverdueTime=5
2016-12-14 14:21:59	info	[IsOverdueByCookies方法]中，timeStamp=1481695345，CurrentDate=2016/12/14 14:21:59，CookiesContentDate=2016/12/14 14:07:23，ts.Minutes=14,loginOverdueTime=5
2016-12-14 14:21:59	info	[IsLoginByAPP],IsOverdueByCookies(0370)=False
2016-12-14 14:21:59	info	[IsLoginByAPP],IsOverdueByCookies(0370)=False
2016-12-14 14:21:59	info	[IsLoginByAPP],IsOverdueByCookies(0370)=False
2016-12-14 14:21:59	info	[IsLoginByAPP],IsOverdueByCookies(0370)=False
2016-12-14 14:21:59	info	[IsLoginByAPP],strEncryptKey=1481695345441263
2016-12-14 14:21:59	info	[IsLoginByAPP],cookieValue=7E3C09A5F1681019|33FC09624B1D70D5|D4001C0588088AC3|2E9D7661AC32C388|90036A74BDB1BB7F
2016-12-14 14:21:59	info	[IsLoginByAPP],strEncryptKey=1481695345441263
2016-12-14 14:21:59	info	[IsLoginByAPP],cookieValue=7E3C09A5F1681019|33FC09624B1D70D5|D4001C0588088AC3|2E9D7661AC32C388|90036A74BDB1BB7F
2016-12-14 14:21:59	info	[IsLoginByAPP],strEncryptKey=1481695345441263
2016-12-14 14:21:59	info	[IsLoginByAPP],cookieValue=7E3C09A5F1681019|33FC09624B1D70D5|D4001C0588088AC3|2E9D7661AC32C388|90036A74BDB1BB7F
2016-12-14 14:21:59	info	[IsLoginByAPP],strEncryptKey=1481695345441263
2016-12-14 14:21:59	info	[IsLoginByAPP],cookieValue=7E3C09A5F1681019|33FC09624B1D70D5|D4001C0588088AC3|2E9D7661AC32C388|90036A74BDB1BB7F
