2016-12-09 09:47:48,947 [18] DEBUG EmpolyeeController [(null)] - {"Success":true,"Message":"成功","Data":{"seriesname":[],"datakey":["1年以下","1-3年","3-5年","5年以上"],"dataval":[["1565","4850","4464","1629"],["24.9237","35.4183","43.9283","11.0930"]]}}
2016-12-09 09:47:49,050 [18] ERROR OASysRightManager2016.Common [(null)] - [GetJsonDataByResult]报错
System.NullReferenceException: 未将对象引用设置到对象的实例。
   在 BitAuto.DSC.OASysRightManager2016.Common.Common.Util.GetJsonDataByResult(Object obj, String message)
2016-12-09 10:57:54,420 [7] DEBUG xchyhzController [(null)] - {"Success":true,"Message":"成功","Data":{"year":2016,"allavg":"50874.994892","cmtavg":"66751.117500","cytavg":"57332.781666","wxtavg":"51298.637500"}}
2016-12-09 10:57:54,433 [6] DEBUG xchyhzController [(null)] - {"Success":true,"Message":"成功","Data":{"seriesname":["总体","车易通","车盟通","微信通"],"datakey":["2016Q1","2016Q2","2016Q3","2016Q4"],"dataval":[["1785090.57","1197534.80","704663.45","141770.90"],["598801.48","363853.08","283801.43","46265.99"],["683549.56","443684.89","238070.01","45583.84"],["502739.53","389996.83","182792.01","49921.07"]]}}
2016-12-09 10:57:54,542 [6] ERROR OASysRightManager2016.Common [(null)] - [GetJsonDataByResult]报错
System.NullReferenceException: 未将对象引用设置到对象的实例。
   在 BitAuto.DSC.OASysRightManager2016.Common.Common.Util.GetJsonDataByResult(Object obj, String message)
2016-12-09 10:57:54,542 [7] ERROR OASysRightManager2016.Common [(null)] - [GetJsonDataByResult]报错
System.NullReferenceException: 未将对象引用设置到对象的实例。
   在 BitAuto.DSC.OASysRightManager2016.Common.Common.Util.GetJsonDataByResult(Object obj, String message)
2016-12-09 10:58:20,531 [10] DEBUG xchyhzController [(null)] - {"Success":true,"Message":"成功","Data":{"year":2016,"allavg":"50874.994892","cmtavg":"66751.117500","cytavg":"57332.781666","wxtavg":"51298.637500"}}
2016-12-09 10:58:20,531 [10] ERROR OASysRightManager2016.Common [(null)] - [GetJsonDataByResult]报错
System.NullReferenceException: 未将对象引用设置到对象的实例。
   在 BitAuto.DSC.OASysRightManager2016.Common.Common.Util.GetJsonDataByResult(Object obj, String message)
2016-12-09 10:58:20,540 [9] DEBUG xchyhzController [(null)] - {"Success":true,"Message":"成功","Data":{"seriesname":["总体","车易通","车盟通","微信通"],"datakey":["2016Q1","2016Q2","2016Q3","2016Q4"],"dataval":[["1785090.57","1197534.80","704663.45","141770.90"],["598801.48","363853.08","283801.43","46265.99"],["683549.56","443684.89","238070.01","45583.84"],["502739.53","389996.83","182792.01","49921.07"]]}}
2016-12-09 10:58:20,541 [9] ERROR OASysRightManager2016.Common [(null)] - [GetJsonDataByResult]报错
System.NullReferenceException: 未将对象引用设置到对象的实例。
   在 BitAuto.DSC.OASysRightManager2016.Common.Common.Util.GetJsonDataByResult(Object obj, String message)
2016-12-09 10:58:29,136 [5] DEBUG xchyhzController [(null)] - {"Success":true,"Message":"成功","Data":{"year":2016,"allavg":"50874.994892","cmtavg":"66751.117500","cytavg":"57332.781666","wxtavg":"51298.637500"}}
2016-12-09 10:58:29,137 [5] ERROR OASysRightManager2016.Common [(null)] - [GetJsonDataByResult]报错
System.NullReferenceException: 未将对象引用设置到对象的实例。
   在 BitAuto.DSC.OASysRightManager2016.Common.Common.Util.GetJsonDataByResult(Object obj, String message)
2016-12-09 10:58:29,142 [8] DEBUG xchyhzController [(null)] - {"Success":true,"Message":"成功","Data":{"seriesname":["总体","车易通","车盟通","微信通"],"datakey":["2016Q1","2016Q2","2016Q3","2016Q4"],"dataval":[["1785090.57","1197534.80","704663.45","141770.90"],["598801.48","363853.08","283801.43","46265.99"],["683549.56","443684.89","238070.01","45583.84"],["502739.53","389996.83","182792.01","49921.07"]]}}
2016-12-09 10:58:29,142 [8] ERROR OASysRightManager2016.Common [(null)] - [GetJsonDataByResult]报错
System.NullReferenceException: 未将对象引用设置到对象的实例。
   在 BitAuto.DSC.OASysRightManager2016.Common.Common.Util.GetJsonDataByResult(Object obj, String message)
2016-12-09 11:09:27,356 [6] ERROR OASysRightManager2016.Common [(null)] - [GetJsonDataByResult]报错
System.NullReferenceException: 未将对象引用设置到对象的实例。
   在 BitAuto.DSC.OASysRightManager2016.Common.Common.Util.GetJsonDataByResult(Object obj, String message)
2016-12-09 11:09:28,000 [6] ERROR OASysRightManager2016.Common [(null)] - [GetJsonDataByResult]报错
System.NullReferenceException: 未将对象引用设置到对象的实例。
   在 BitAuto.DSC.OASysRightManager2016.Common.Common.Util.GetJsonDataByResult(Object obj, String message)
2016-12-09 11:09:33,977 [22] ERROR OASysRightManager2016.Common [(null)] - [GetJsonDataByResult]报错
System.NullReferenceException: 未将对象引用设置到对象的实例。
   在 BitAuto.DSC.OASysRightManager2016.Common.Common.Util.GetJsonDataByResult(Object obj, String message)
2016-12-09 11:09:34,204 [6] ERROR OASysRightManager2016.Common [(null)] - [GetJsonDataByResult]报错
System.NullReferenceException: 未将对象引用设置到对象的实例。
   在 BitAuto.DSC.OASysRightManager2016.Common.Common.Util.GetJsonDataByResult(Object obj, String message)
2016-12-09 11:13:08,860 [10] DEBUG EmpolyeeController [(null)] - {"Success":true,"Message":"成功","Data":{"seriesname":[],"datakey":["1年以下","1-3年","3-5年","5年以上"],"dataval":[["1565","4850","4464","1629"],["24.9237","35.4183","43.9283","11.0930"]]}}
2016-12-09 11:13:08,930 [10] ERROR OASysRightManager2016.Common [(null)] - [GetJsonDataByResult]报错
System.NullReferenceException: 未将对象引用设置到对象的实例。
   在 BitAuto.DSC.OASysRightManager2016.Common.Common.Util.GetJsonDataByResult(Object obj, String message)
2016-12-09 11:13:09,920 [23] DEBUG EmpolyeeController [(null)] - {"Success":true,"Message":"成功","Data":{"seriesname":[],"datakey":["1年以下","1-3年","3-5年","5年以上"],"dataval":[["1565","4850","4464","1629"],["24.9237","35.4183","43.9283","11.0930"]]}}
2016-12-09 11:13:09,920 [23] ERROR OASysRightManager2016.Common [(null)] - [GetJsonDataByResult]报错
System.NullReferenceException: 未将对象引用设置到对象的实例。
   在 BitAuto.DSC.OASysRightManager2016.Common.Common.Util.GetJsonDataByResult(Object obj, String message)
2016-12-09 11:13:17,953 [20] DEBUG EmpolyeeController [(null)] - {"Success":true,"Message":"成功","Data":{"seriesname":[],"datakey":["1年以下","1-3年","3-5年","5年以上"],"dataval":[["1565","4850","4464","1629"],["24.9237","35.4183","43.9283","11.0930"]]}}
2016-12-09 11:13:17,953 [20] ERROR OASysRightManager2016.Common [(null)] - [GetJsonDataByResult]报错
System.NullReferenceException: 未将对象引用设置到对象的实例。
   在 BitAuto.DSC.OASysRightManager2016.Common.Common.Util.GetJsonDataByResult(Object obj, String message)
2016-12-09 11:13:30,630 [10] DEBUG EmpolyeeController [(null)] - {"Success":true,"Message":"成功","Data":[{"Name":"管理类","ItemId":"60001","Count":"1366"},{"Name":"销售客服类","ItemId":"60002","Count":"268"},{"Name":"产品开发类","ItemId":"60003","Count":"4774"},{"Name":"支持类","ItemId":"60004","Count":"3475"},{"Name":"编辑类","ItemId":"60005","Count":"3376"},{"Name":"市场类","ItemId":"60006","Count":"3360"}]}
2016-12-09 11:13:30,630 [10] ERROR OASysRightManager2016.Common [(null)] - [GetJsonDataByResult]报错
System.NullReferenceException: 未将对象引用设置到对象的实例。
   在 BitAuto.DSC.OASysRightManager2016.Common.Common.Util.GetJsonDataByResult(Object obj, String message)
2016-12-09 11:13:39,076 [23] DEBUG EmpolyeeController [(null)] - {"Success":true,"Message":"成功","Data":{"seriesname":[],"datakey":["1年以下","1-3年","3-5年","5年以上"],"dataval":[["1565","4850","4464","1629"],["24.9237","35.4183","43.9283","11.0930"]]}}
2016-12-09 11:13:39,077 [23] ERROR OASysRightManager2016.Common [(null)] - [GetJsonDataByResult]报错
System.NullReferenceException: 未将对象引用设置到对象的实例。
   在 BitAuto.DSC.OASysRightManager2016.Common.Common.Util.GetJsonDataByResult(Object obj, String message)
2016-12-09 11:38:09,860 [5] DEBUG EmpolyeeController [(null)] - {"Success":true,"Message":"成功","Data":[{"Name":"管理类","ItemId":"60001","Count":"1366"},{"Name":"销售客服类","ItemId":"60002","Count":"268"},{"Name":"产品开发类","ItemId":"60003","Count":"4774"},{"Name":"支持类","ItemId":"60004","Count":"3475"},{"Name":"编辑类","ItemId":"60005","Count":"3376"},{"Name":"市场类","ItemId":"60006","Count":"3360"}]}
2016-12-09 11:38:09,974 [5] ERROR OASysRightManager2016.Common [(null)] - [GetJsonDataByResult]报错
System.NullReferenceException: 未将对象引用设置到对象的实例。
   在 BitAuto.DSC.OASysRightManager2016.Common.Common.Util.GetJsonDataByResult(Object obj, String message)
2016-12-09 11:40:56,573 [11] ERROR OASysRightManager2016.Common [(null)] - [GetJsonDataByResult]报错
System.NullReferenceException: 未将对象引用设置到对象的实例。
   在 BitAuto.DSC.OASysRightManager2016.Common.Common.Util.GetJsonDataByResult(Object obj, String message)
2016-12-09 11:40:57,228 [15] ERROR OASysRightManager2016.Common [(null)] - [GetJsonDataByResult]报错
System.NullReferenceException: 未将对象引用设置到对象的实例。
   在 BitAuto.DSC.OASysRightManager2016.Common.Common.Util.GetJsonDataByResult(Object obj, String message)
2016-12-09 11:40:57,530 [6] ERROR OASysRightManager2016.Common [(null)] - [GetJsonDataByResult]报错
System.NullReferenceException: 未将对象引用设置到对象的实例。
   在 BitAuto.DSC.OASysRightManager2016.Common.Common.Util.GetJsonDataByResult(Object obj, String message)
2016-12-09 11:40:57,565 [12] ERROR OASysRightManager2016.Common [(null)] - [GetJsonDataByResult]报错
System.NullReferenceException: 未将对象引用设置到对象的实例。
   在 BitAuto.DSC.OASysRightManager2016.Common.Common.Util.GetJsonDataByResult(Object obj, String message)
2016-12-09 11:48:46,303 [22] DEBUG EmpolyeeController [(null)] - {"Success":true,"Message":"成功","Data":{"seriesname":[],"datakey":["1年以下","1-3年","3-5年","5年以上"],"dataval":[["1565","4850","4464","1629"],["24.9237","35.4183","43.9283","11.0930"]]}}
2016-12-09 11:48:46,304 [22] ERROR OASysRightManager2016.Common [(null)] - [GetJsonDataByResult]报错
System.NullReferenceException: 未将对象引用设置到对象的实例。
   在 BitAuto.DSC.OASysRightManager2016.Common.Common.Util.GetJsonDataByResult(Object obj, String message)
2016-12-09 11:48:57,981 [25] DEBUG EmpolyeeController [(null)] - {"Success":true,"Message":"成功","Data":{"seriesname":[],"datakey":["1年以下","1-3年","3-5年","5年以上"],"dataval":[["1565","4850","4464","1629"],["24.9237","35.4183","43.9283","11.0930"]]}}
2016-12-09 11:48:57,981 [25] ERROR OASysRightManager2016.Common [(null)] - [GetJsonDataByResult]报错
System.NullReferenceException: 未将对象引用设置到对象的实例。
   在 BitAuto.DSC.OASysRightManager2016.Common.Common.Util.GetJsonDataByResult(Object obj, String message)
2016-12-09 11:49:02,385 [23] DEBUG EmpolyeeController [(null)] - {"Success":true,"Message":"成功","Data":{"seriesname":[],"datakey":["1年以下","1-3年","3-5年","5年以上"],"dataval":[["1565","4850","4464","1629"],["24.9237","35.4183","43.9283","11.0930"]]}}
2016-12-09 11:49:02,385 [23] ERROR OASysRightManager2016.Common [(null)] - [GetJsonDataByResult]报错
System.NullReferenceException: 未将对象引用设置到对象的实例。
   在 BitAuto.DSC.OASysRightManager2016.Common.Common.Util.GetJsonDataByResult(Object obj, String message)
2016-12-09 11:49:05,104 [27] DEBUG EmpolyeeController [(null)] - {"Success":true,"Message":"成功","Data":{"seriesname":[],"datakey":["1年以下","1-3年","3-5年","5年以上"],"dataval":[["1565","4850","4464","1629"],["24.9237","35.4183","43.9283","11.0930"]]}}
2016-12-09 11:49:05,104 [27] ERROR OASysRightManager2016.Common [(null)] - [GetJsonDataByResult]报错
System.NullReferenceException: 未将对象引用设置到对象的实例。
   在 BitAuto.DSC.OASysRightManager2016.Common.Common.Util.GetJsonDataByResult(Object obj, String message)
2016-12-09 11:56:49,727 [24] DEBUG EmpolyeeController [(null)] - {"Success":true,"Message":"成功","Data":{"seriesname":[],"datakey":["1年以下","1-3年","3-5年","5年以上"],"dataval":[["1565","4850","4464","1629"],["24.9237","35.4183","43.9283","11.0930"]]}}
2016-12-09 11:56:49,766 [24] ERROR OASysRightManager2016.Common [(null)] - [GetJsonDataByResult]报错
System.NullReferenceException: 未将对象引用设置到对象的实例。
   在 BitAuto.DSC.OASysRightManager2016.Common.Common.Util.GetJsonDataByResult(Object obj, String message)
2016-12-09 12:08:37,517 [23] DEBUG EmpolyeeController [(null)] - {"Success":true,"Message":"成功","Data":{"seriesname":[],"datakey":["1年以下","1-3年","3-5年","5年以上"],"dataval":[["1565","4850","4464","1629"],["24.9237","35.4183","43.9283","11.0930"]]}}
2016-12-09 12:08:37,518 [23] ERROR OASysRightManager2016.Common [(null)] - [GetJsonDataByResult]报错
System.NullReferenceException: 未将对象引用设置到对象的实例。
   在 BitAuto.DSC.OASysRightManager2016.Common.Common.Util.GetJsonDataByResult(Object obj, String message)
2016-12-09 12:09:01,317 [18] DEBUG EmpolyeeController [(null)] - {"Success":true,"Message":"成功","Data":[{"Name":"1年以下","ItemId":"40001","Count":"1565"},{"Name":"1-3年","ItemId":"40002","Count":"4850"},{"Name":"3-5年","ItemId":"40003","Count":"4464"},{"Name":"5年以上","ItemId":"40004","Count":"1629"}]}
2016-12-09 12:09:01,398 [18] ERROR OASysRightManager2016.Common [(null)] - [GetJsonDataByResult]报错
System.NullReferenceException: 未将对象引用设置到对象的实例。
   在 BitAuto.DSC.OASysRightManager2016.Common.Common.Util.GetJsonDataByResult(Object obj, String message)
2016-12-09 12:09:50,809 [17] DEBUG EmpolyeeController [(null)] - {"Success":true,"Message":"成功","Data":[{"Name":"1年以下","ItemId":"40001","Count":"1565"},{"Name":"1-3年","ItemId":"40002","Count":"4850"},{"Name":"3-5年","ItemId":"40003","Count":"4464"},{"Name":"5年以上","ItemId":"40004","Count":"1629"}]}
2016-12-09 12:09:50,847 [17] ERROR OASysRightManager2016.Common [(null)] - [GetJsonDataByResult]报错
System.NullReferenceException: 未将对象引用设置到对象的实例。
   在 BitAuto.DSC.OASysRightManager2016.Common.Common.Util.GetJsonDataByResult(Object obj, String message)
2016-12-09 12:10:59,959 [9] DEBUG EmpolyeeController [(null)] - {"Success":true,"Message":"成功","Data":[{"Name":"1年以下","ItemId":"40001","Count":"1565"},{"Name":"1-3年","ItemId":"40002","Count":"4850"},{"Name":"3-5年","ItemId":"40003","Count":"4464"},{"Name":"5年以上","ItemId":"40004","Count":"1629"}]}
2016-12-09 12:10:59,960 [9] ERROR OASysRightManager2016.Common [(null)] - [GetJsonDataByResult]报错
System.NullReferenceException: 未将对象引用设置到对象的实例。
   在 BitAuto.DSC.OASysRightManager2016.Common.Common.Util.GetJsonDataByResult(Object obj, String message)
2016-12-09 12:11:39,555 [9] DEBUG EmpolyeeController [(null)] - {"Success":true,"Message":"成功","Data":[{"Name":"1年以下","ItemId":"40001","Count":"1565"},{"Name":"1-3年","ItemId":"40002","Count":"4850"},{"Name":"3-5年","ItemId":"40003","Count":"4464"},{"Name":"5年以上","ItemId":"40004","Count":"1629"}]}
2016-12-09 12:11:39,556 [9] ERROR OASysRightManager2016.Common [(null)] - [GetJsonDataByResult]报错
System.NullReferenceException: 未将对象引用设置到对象的实例。
   在 BitAuto.DSC.OASysRightManager2016.Common.Common.Util.GetJsonDataByResult(Object obj, String message)
2016-12-09 12:12:17,267 [31] DEBUG EmpolyeeController [(null)] - {"Success":true,"Message":"成功","Data":[{"Name":"1年以下","ItemId":"40001","Count":"1565"},{"Name":"1-3年","ItemId":"40002","Count":"4850"},{"Name":"3-5年","ItemId":"40003","Count":"4464"},{"Name":"5年以上","ItemId":"40004","Count":"1629"}]}
2016-12-09 12:12:17,268 [31] ERROR OASysRightManager2016.Common [(null)] - [GetJsonDataByResult]报错
System.NullReferenceException: 未将对象引用设置到对象的实例。
   在 BitAuto.DSC.OASysRightManager2016.Common.Common.Util.GetJsonDataByResult(Object obj, String message)
2016-12-09 12:12:54,255 [22] DEBUG EmpolyeeController [(null)] - {"Success":true,"Message":"成功","Data":[{"Name":"1年以下","ItemId":"40001","Count":"1565"},{"Name":"1-3年","ItemId":"40002","Count":"4850"},{"Name":"3-5年","ItemId":"40003","Count":"4464"},{"Name":"5年以上","ItemId":"40004","Count":"1629"}]}
2016-12-09 12:12:54,256 [22] ERROR OASysRightManager2016.Common [(null)] - [GetJsonDataByResult]报错
System.NullReferenceException: 未将对象引用设置到对象的实例。
   在 BitAuto.DSC.OASysRightManager2016.Common.Common.Util.GetJsonDataByResult(Object obj, String message)
2016-12-09 12:13:25,126 [9] DEBUG EmpolyeeController [(null)] - {"Success":true,"Message":"成功","Data":[{"Name":"1年以下","ItemId":"40001","Count":"1565"},{"Name":"1-3年","ItemId":"40002","Count":"4850"},{"Name":"3-5年","ItemId":"40003","Count":"4464"},{"Name":"5年以上","ItemId":"40004","Count":"1629"}]}
2016-12-09 12:13:25,126 [9] ERROR OASysRightManager2016.Common [(null)] - [GetJsonDataByResult]报错
System.NullReferenceException: 未将对象引用设置到对象的实例。
   在 BitAuto.DSC.OASysRightManager2016.Common.Common.Util.GetJsonDataByResult(Object obj, String message)
2016-12-09 12:13:52,964 [5] DEBUG EmpolyeeController [(null)] - {"Success":true,"Message":"成功","Data":[{"Name":"1年以下","ItemId":"40001","Count":"1565"},{"Name":"1-3年","ItemId":"40002","Count":"4850"},{"Name":"3-5年","ItemId":"40003","Count":"4464"},{"Name":"5年以上","ItemId":"40004","Count":"1629"}]}
2016-12-09 12:13:52,965 [5] ERROR OASysRightManager2016.Common [(null)] - [GetJsonDataByResult]报错
System.NullReferenceException: 未将对象引用设置到对象的实例。
   在 BitAuto.DSC.OASysRightManager2016.Common.Common.Util.GetJsonDataByResult(Object obj, String message)
2016-12-09 12:14:03,921 [8] DEBUG EmpolyeeController [(null)] - {"Success":true,"Message":"成功","Data":[{"Name":"1年以下","ItemId":"40001","Count":"1565"},{"Name":"1-3年","ItemId":"40002","Count":"4850"},{"Name":"3-5年","ItemId":"40003","Count":"4464"},{"Name":"5年以上","ItemId":"40004","Count":"1629"}]}
2016-12-09 12:14:03,922 [8] ERROR OASysRightManager2016.Common [(null)] - [GetJsonDataByResult]报错
System.NullReferenceException: 未将对象引用设置到对象的实例。
   在 BitAuto.DSC.OASysRightManager2016.Common.Common.Util.GetJsonDataByResult(Object obj, String message)
2016-12-09 12:14:21,175 [35] DEBUG EmpolyeeController [(null)] - {"Success":true,"Message":"成功","Data":[{"Name":"1年以下","ItemId":"40001","Count":"1565"},{"Name":"1-3年","ItemId":"40002","Count":"4850"},{"Name":"3-5年","ItemId":"40003","Count":"4464"},{"Name":"5年以上","ItemId":"40004","Count":"1629"}]}
2016-12-09 12:14:21,175 [35] ERROR OASysRightManager2016.Common [(null)] - [GetJsonDataByResult]报错
System.NullReferenceException: 未将对象引用设置到对象的实例。
   在 BitAuto.DSC.OASysRightManager2016.Common.Common.Util.GetJsonDataByResult(Object obj, String message)
2016-12-09 12:14:26,884 [11] DEBUG EmpolyeeController [(null)] - {"Success":true,"Message":"成功","Data":[{"Name":"1年以下","ItemId":"40001","Count":"1565"},{"Name":"1-3年","ItemId":"40002","Count":"4850"},{"Name":"3-5年","ItemId":"40003","Count":"4464"},{"Name":"5年以上","ItemId":"40004","Count":"1629"}]}
2016-12-09 12:14:26,884 [11] ERROR OASysRightManager2016.Common [(null)] - [GetJsonDataByResult]报错
System.NullReferenceException: 未将对象引用设置到对象的实例。
   在 BitAuto.DSC.OASysRightManager2016.Common.Common.Util.GetJsonDataByResult(Object obj, String message)
2016-12-09 12:15:00,551 [17] DEBUG EmpolyeeController [(null)] - {"Success":true,"Message":"成功","Data":[{"Name":"1年以下","ItemId":"40001","Count":"1565"},{"Name":"1-3年","ItemId":"40002","Count":"4850"},{"Name":"3-5年","ItemId":"40003","Count":"4464"},{"Name":"5年以上","ItemId":"40004","Count":"1629"}]}
2016-12-09 12:15:00,551 [17] ERROR OASysRightManager2016.Common [(null)] - [GetJsonDataByResult]报错
System.NullReferenceException: 未将对象引用设置到对象的实例。
   在 BitAuto.DSC.OASysRightManager2016.Common.Common.Util.GetJsonDataByResult(Object obj, String message)
2016-12-09 12:15:18,450 [31] DEBUG EmpolyeeController [(null)] - {"Success":true,"Message":"成功","Data":[{"Name":"1年以下","ItemId":"40001","Count":"1565"},{"Name":"1-3年","ItemId":"40002","Count":"4850"},{"Name":"3-5年","ItemId":"40003","Count":"4464"},{"Name":"5年以上","ItemId":"40004","Count":"1629"}]}
2016-12-09 12:15:18,450 [31] ERROR OASysRightManager2016.Common [(null)] - [GetJsonDataByResult]报错
System.NullReferenceException: 未将对象引用设置到对象的实例。
   在 BitAuto.DSC.OASysRightManager2016.Common.Common.Util.GetJsonDataByResult(Object obj, String message)
2016-12-09 12:15:44,687 [12] DEBUG EmpolyeeController [(null)] - {"Success":true,"Message":"成功","Data":[{"Name":"1年以下","ItemId":"40001","Count":"1565"},{"Name":"1-3年","ItemId":"40002","Count":"4850"},{"Name":"3-5年","ItemId":"40003","Count":"4464"},{"Name":"5年以上","ItemId":"40004","Count":"1629"}]}
2016-12-09 12:15:44,688 [12] ERROR OASysRightManager2016.Common [(null)] - [GetJsonDataByResult]报错
System.NullReferenceException: 未将对象引用设置到对象的实例。
   在 BitAuto.DSC.OASysRightManager2016.Common.Common.Util.GetJsonDataByResult(Object obj, String message)
2016-12-09 12:15:54,686 [12] DEBUG EmpolyeeController [(null)] - {"Success":true,"Message":"成功","Data":[{"Name":"1年以下","ItemId":"40001","Count":"1565"},{"Name":"1-3年","ItemId":"40002","Count":"4850"},{"Name":"3-5年","ItemId":"40003","Count":"4464"},{"Name":"5年以上","ItemId":"40004","Count":"1629"}]}
2016-12-09 12:15:54,686 [12] ERROR OASysRightManager2016.Common [(null)] - [GetJsonDataByResult]报错
System.NullReferenceException: 未将对象引用设置到对象的实例。
   在 BitAuto.DSC.OASysRightManager2016.Common.Common.Util.GetJsonDataByResult(Object obj, String message)
2016-12-09 13:43:49,596 [44] DEBUG EmpolyeeController [(null)] - {"Success":true,"Message":"成功","Data":[{"Name":"1年以下","ItemId":"40001","Count":"1565"},{"Name":"1-3年","ItemId":"40002","Count":"4850"},{"Name":"3-5年","ItemId":"40003","Count":"4464"},{"Name":"5年以上","ItemId":"40004","Count":"1629"}]}
2016-12-09 13:43:49,597 [44] ERROR OASysRightManager2016.Common [(null)] - [GetJsonDataByResult]报错
System.NullReferenceException: 未将对象引用设置到对象的实例。
   在 BitAuto.DSC.OASysRightManager2016.Common.Common.Util.GetJsonDataByResult(Object obj, String message)
2016-12-09 13:44:31,170 [52] DEBUG EmpolyeeController [(null)] - {"Success":true,"Message":"成功","Data":[{"Name":"1年以下","ItemId":"40001","Count":"1565"},{"Name":"1-3年","ItemId":"40002","Count":"4850"},{"Name":"3-5年","ItemId":"40003","Count":"4464"},{"Name":"5年以上","ItemId":"40004","Count":"1629"}]}
2016-12-09 13:44:31,170 [52] ERROR OASysRightManager2016.Common [(null)] - [GetJsonDataByResult]报错
System.NullReferenceException: 未将对象引用设置到对象的实例。
   在 BitAuto.DSC.OASysRightManager2016.Common.Common.Util.GetJsonDataByResult(Object obj, String message)
2016-12-09 13:52:03,866 [40] DEBUG EmpolyeeController [(null)] - {"Success":true,"Message":"成功","Data":[{"Name":"1年以下","ItemId":"40001","Count":"1565"},{"Name":"1-3年","ItemId":"40002","Count":"4850"},{"Name":"3-5年","ItemId":"40003","Count":"4464"},{"Name":"5年以上","ItemId":"40004","Count":"1629"}]}
2016-12-09 13:52:03,867 [40] ERROR OASysRightManager2016.Common [(null)] - [GetJsonDataByResult]报错
System.NullReferenceException: 未将对象引用设置到对象的实例。
   在 BitAuto.DSC.OASysRightManager2016.Common.Common.Util.GetJsonDataByResult(Object obj, String message)
2016-12-09 13:54:24,590 [52] DEBUG EmpolyeeController [(null)] - {"Success":true,"Message":"成功","Data":[{"Name":"1年以下","ItemId":"40001","Count":"1565"},{"Name":"1-3年","ItemId":"40002","Count":"4850"},{"Name":"3-5年","ItemId":"40003","Count":"4464"},{"Name":"5年以上","ItemId":"40004","Count":"1629"}]}
2016-12-09 13:54:24,590 [52] ERROR OASysRightManager2016.Common [(null)] - [GetJsonDataByResult]报错
System.NullReferenceException: 未将对象引用设置到对象的实例。
   在 BitAuto.DSC.OASysRightManager2016.Common.Common.Util.GetJsonDataByResult(Object obj, String message)
2016-12-09 13:57:10,442 [53] DEBUG EmpolyeeController [(null)] - {"Success":true,"Message":"成功","Data":[{"Name":"1年以下","ItemId":"40001","Count":"1565"},{"Name":"1-3年","ItemId":"40002","Count":"4850"},{"Name":"3-5年","ItemId":"40003","Count":"4464"},{"Name":"5年以上","ItemId":"40004","Count":"1629"}]}
2016-12-09 13:57:10,442 [53] ERROR OASysRightManager2016.Common [(null)] - [GetJsonDataByResult]报错
System.NullReferenceException: 未将对象引用设置到对象的实例。
   在 BitAuto.DSC.OASysRightManager2016.Common.Common.Util.GetJsonDataByResult(Object obj, String message)
2016-12-09 14:05:11,137 [56] DEBUG EmpolyeeController [(null)] - {"Success":true,"Message":"成功","Data":[{"Name":"1年以下","ItemId":"40001","Count":"1565"},{"Name":"1-3年","ItemId":"40002","Count":"4850"},{"Name":"3-5年","ItemId":"40003","Count":"4464"},{"Name":"5年以上","ItemId":"40004","Count":"1629"}]}
2016-12-09 14:05:11,137 [56] ERROR OASysRightManager2016.Common [(null)] - [GetJsonDataByResult]报错
System.NullReferenceException: 未将对象引用设置到对象的实例。
   在 BitAuto.DSC.OASysRightManager2016.Common.Common.Util.GetJsonDataByResult(Object obj, String message)
2016-12-09 14:06:57,838 [53] DEBUG EmpolyeeController [(null)] - {"Success":true,"Message":"成功","Data":[{"Name":"1年以下","ItemId":"40001","Count":"1565"},{"Name":"1-3年","ItemId":"40002","Count":"4850"},{"Name":"3-5年","ItemId":"40003","Count":"4464"},{"Name":"5年以上","ItemId":"40004","Count":"1629"}]}
2016-12-09 14:06:57,838 [53] ERROR OASysRightManager2016.Common [(null)] - [GetJsonDataByResult]报错
System.NullReferenceException: 未将对象引用设置到对象的实例。
   在 BitAuto.DSC.OASysRightManager2016.Common.Common.Util.GetJsonDataByResult(Object obj, String message)
2016-12-09 14:07:31,986 [53] DEBUG EmpolyeeController [(null)] - {"Success":true,"Message":"成功","Data":[{"Name":"1年以下","ItemId":"40001","Count":"1565"},{"Name":"1-3年","ItemId":"40002","Count":"4850"},{"Name":"3-5年","ItemId":"40003","Count":"4464"},{"Name":"5年以上","ItemId":"40004","Count":"1629"}]}
2016-12-09 14:07:31,986 [53] ERROR OASysRightManager2016.Common [(null)] - [GetJsonDataByResult]报错
System.NullReferenceException: 未将对象引用设置到对象的实例。
   在 BitAuto.DSC.OASysRightManager2016.Common.Common.Util.GetJsonDataByResult(Object obj, String message)
2016-12-09 14:07:53,618 [50] DEBUG EmpolyeeController [(null)] - {"Success":true,"Message":"成功","Data":[{"Name":"1年以下","ItemId":"40001","Count":"1565"},{"Name":"1-3年","ItemId":"40002","Count":"4850"},{"Name":"3-5年","ItemId":"40003","Count":"4464"},{"Name":"5年以上","ItemId":"40004","Count":"1629"}]}
2016-12-09 14:07:53,618 [50] ERROR OASysRightManager2016.Common [(null)] - [GetJsonDataByResult]报错
System.NullReferenceException: 未将对象引用设置到对象的实例。
   在 BitAuto.DSC.OASysRightManager2016.Common.Common.Util.GetJsonDataByResult(Object obj, String message)
2016-12-09 14:08:13,075 [55] DEBUG EmpolyeeController [(null)] - {"Success":true,"Message":"成功","Data":[{"Name":"1年以下","ItemId":"40001","Count":"1565"},{"Name":"1-3年","ItemId":"40002","Count":"4850"},{"Name":"3-5年","ItemId":"40003","Count":"4464"},{"Name":"5年以上","ItemId":"40004","Count":"1629"}]}
2016-12-09 14:08:13,075 [55] ERROR OASysRightManager2016.Common [(null)] - [GetJsonDataByResult]报错
System.NullReferenceException: 未将对象引用设置到对象的实例。
   在 BitAuto.DSC.OASysRightManager2016.Common.Common.Util.GetJsonDataByResult(Object obj, String message)
2016-12-09 14:11:50,527 [50] DEBUG EmpolyeeController [(null)] - {"Success":true,"Message":"成功","Data":[{"Name":"1年以下","ItemId":"40001","Count":"1565"},{"Name":"1-3年","ItemId":"40002","Count":"4850"},{"Name":"3-5年","ItemId":"40003","Count":"4464"},{"Name":"5年以上","ItemId":"40004","Count":"1629"}]}
2016-12-09 14:11:50,527 [50] ERROR OASysRightManager2016.Common [(null)] - [GetJsonDataByResult]报错
System.NullReferenceException: 未将对象引用设置到对象的实例。
   在 BitAuto.DSC.OASysRightManager2016.Common.Common.Util.GetJsonDataByResult(Object obj, String message)
2016-12-09 14:12:24,782 [59] DEBUG EmpolyeeController [(null)] - {"Success":true,"Message":"成功","Data":[{"Name":"1年以下","ItemId":"40001","Count":"1565"},{"Name":"1-3年","ItemId":"40002","Count":"4850"},{"Name":"3-5年","ItemId":"40003","Count":"4464"},{"Name":"5年以上","ItemId":"40004","Count":"1629"}]}
2016-12-09 14:12:24,783 [59] ERROR OASysRightManager2016.Common [(null)] - [GetJsonDataByResult]报错
System.NullReferenceException: 未将对象引用设置到对象的实例。
   在 BitAuto.DSC.OASysRightManager2016.Common.Common.Util.GetJsonDataByResult(Object obj, String message)
2016-12-09 14:13:29,733 [53] DEBUG EmpolyeeController [(null)] - {"Success":true,"Message":"成功","Data":[{"Name":"1年以下","ItemId":"40001","Count":"1565"},{"Name":"1-3年","ItemId":"40002","Count":"4850"},{"Name":"3-5年","ItemId":"40003","Count":"4464"},{"Name":"5年以上","ItemId":"40004","Count":"1629"}]}
2016-12-09 14:13:29,733 [53] ERROR OASysRightManager2016.Common [(null)] - [GetJsonDataByResult]报错
System.NullReferenceException: 未将对象引用设置到对象的实例。
   在 BitAuto.DSC.OASysRightManager2016.Common.Common.Util.GetJsonDataByResult(Object obj, String message)
2016-12-09 14:30:37,681 [66] DEBUG EmpolyeeController [(null)] - {"Success":true,"Message":"成功","Data":[{"Name":"1年以下","ItemId":"40001","Count":"1565"},{"Name":"1-3年","ItemId":"40002","Count":"4850"},{"Name":"3-5年","ItemId":"40003","Count":"4464"},{"Name":"5年以上","ItemId":"40004","Count":"1629"}]}
2016-12-09 14:30:37,682 [66] ERROR OASysRightManager2016.Common [(null)] - [GetJsonDataByResult]报错
System.NullReferenceException: 未将对象引用设置到对象的实例。
   在 BitAuto.DSC.OASysRightManager2016.Common.Common.Util.GetJsonDataByResult(Object obj, String message)
2016-12-09 14:31:01,374 [63] DEBUG EmpolyeeController [(null)] - {"Success":true,"Message":"成功","Data":[{"Name":"1年以下","ItemId":"40001","Count":"1565"},{"Name":"1-3年","ItemId":"40002","Count":"4850"},{"Name":"3-5年","ItemId":"40003","Count":"4464"},{"Name":"5年以上","ItemId":"40004","Count":"1629"}]}
2016-12-09 14:31:01,374 [63] ERROR OASysRightManager2016.Common [(null)] - [GetJsonDataByResult]报错
System.NullReferenceException: 未将对象引用设置到对象的实例。
   在 BitAuto.DSC.OASysRightManager2016.Common.Common.Util.GetJsonDataByResult(Object obj, String message)
2016-12-09 14:31:56,045 [46] DEBUG EmpolyeeController [(null)] - {"Success":true,"Message":"成功","Data":[{"Name":"1年以下","ItemId":"40001","Count":"1565"},{"Name":"1-3年","ItemId":"40002","Count":"4850"},{"Name":"3-5年","ItemId":"40003","Count":"4464"},{"Name":"5年以上","ItemId":"40004","Count":"1629"}]}
2016-12-09 14:31:56,045 [46] ERROR OASysRightManager2016.Common [(null)] - [GetJsonDataByResult]报错
System.NullReferenceException: 未将对象引用设置到对象的实例。
   在 BitAuto.DSC.OASysRightManager2016.Common.Common.Util.GetJsonDataByResult(Object obj, String message)
2016-12-09 14:32:13,186 [63] DEBUG EmpolyeeController [(null)] - {"Success":true,"Message":"成功","Data":[{"Name":"1年以下","ItemId":"40001","Count":"1565"},{"Name":"1-3年","ItemId":"40002","Count":"4850"},{"Name":"3-5年","ItemId":"40003","Count":"4464"},{"Name":"5年以上","ItemId":"40004","Count":"1629"}]}
2016-12-09 14:32:13,186 [63] ERROR OASysRightManager2016.Common [(null)] - [GetJsonDataByResult]报错
System.NullReferenceException: 未将对象引用设置到对象的实例。
   在 BitAuto.DSC.OASysRightManager2016.Common.Common.Util.GetJsonDataByResult(Object obj, String message)
2016-12-09 14:32:52,552 [59] DEBUG EmpolyeeController [(null)] - {"Success":true,"Message":"成功","Data":[{"Name":"1年以下","ItemId":"40001","Count":"1565"},{"Name":"1-3年","ItemId":"40002","Count":"4850"},{"Name":"3-5年","ItemId":"40003","Count":"4464"},{"Name":"5年以上","ItemId":"40004","Count":"1629"}]}
2016-12-09 14:32:52,552 [59] ERROR OASysRightManager2016.Common [(null)] - [GetJsonDataByResult]报错
System.NullReferenceException: 未将对象引用设置到对象的实例。
   在 BitAuto.DSC.OASysRightManager2016.Common.Common.Util.GetJsonDataByResult(Object obj, String message)
2016-12-09 14:33:07,971 [59] DEBUG EmpolyeeController [(null)] - {"Success":true,"Message":"成功","Data":[{"Name":"1年以下","ItemId":"40001","Count":"1565"},{"Name":"1-3年","ItemId":"40002","Count":"4850"},{"Name":"3-5年","ItemId":"40003","Count":"4464"},{"Name":"5年以上","ItemId":"40004","Count":"1629"}]}
2016-12-09 14:33:07,972 [59] ERROR OASysRightManager2016.Common [(null)] - [GetJsonDataByResult]报错
System.NullReferenceException: 未将对象引用设置到对象的实例。
   在 BitAuto.DSC.OASysRightManager2016.Common.Common.Util.GetJsonDataByResult(Object obj, String message)
2016-12-09 14:33:22,479 [63] DEBUG EmpolyeeController [(null)] - {"Success":true,"Message":"成功","Data":[{"Name":"1年以下","ItemId":"40001","Count":"1565"},{"Name":"1-3年","ItemId":"40002","Count":"4850"},{"Name":"3-5年","ItemId":"40003","Count":"4464"},{"Name":"5年以上","ItemId":"40004","Count":"1629"}]}
2016-12-09 14:33:22,479 [63] ERROR OASysRightManager2016.Common [(null)] - [GetJsonDataByResult]报错
System.NullReferenceException: 未将对象引用设置到对象的实例。
   在 BitAuto.DSC.OASysRightManager2016.Common.Common.Util.GetJsonDataByResult(Object obj, String message)
2016-12-09 14:34:10,292 [70] DEBUG EmpolyeeController [(null)] - {"Success":true,"Message":"成功","Data":[{"Name":"1年以下","ItemId":"40001","Count":"1565"},{"Name":"1-3年","ItemId":"40002","Count":"4850"},{"Name":"3-5年","ItemId":"40003","Count":"4464"},{"Name":"5年以上","ItemId":"40004","Count":"1629"}]}
2016-12-09 14:34:10,292 [70] ERROR OASysRightManager2016.Common [(null)] - [GetJsonDataByResult]报错
System.NullReferenceException: 未将对象引用设置到对象的实例。
   在 BitAuto.DSC.OASysRightManager2016.Common.Common.Util.GetJsonDataByResult(Object obj, String message)
2016-12-09 14:34:52,730 [69] ERROR OASysRightManager2016.Common [(null)] - [GetJsonDataByResult]报错
System.NullReferenceException: 未将对象引用设置到对象的实例。
   在 BitAuto.DSC.OASysRightManager2016.Common.Common.Util.GetJsonDataByResult(Object obj, String message)
2016-12-09 14:34:53,069 [74] ERROR OASysRightManager2016.Common [(null)] - [GetJsonDataByResult]报错
System.NullReferenceException: 未将对象引用设置到对象的实例。
   在 BitAuto.DSC.OASysRightManager2016.Common.Common.Util.GetJsonDataByResult(Object obj, String message)
2016-12-09 14:34:53,300 [69] ERROR OASysRightManager2016.Common [(null)] - [GetJsonDataByResult]报错
System.NullReferenceException: 未将对象引用设置到对象的实例。
   在 BitAuto.DSC.OASysRightManager2016.Common.Common.Util.GetJsonDataByResult(Object obj, String message)
2016-12-09 14:34:53,324 [59] ERROR OASysRightManager2016.Common [(null)] - [GetJsonDataByResult]报错
System.NullReferenceException: 未将对象引用设置到对象的实例。
   在 BitAuto.DSC.OASysRightManager2016.Common.Common.Util.GetJsonDataByResult(Object obj, String message)
2016-12-09 14:35:10,996 [72] DEBUG EmpolyeeController [(null)] - {"Success":true,"Message":"成功","Data":[{"Name":"1年以下","ItemId":"40001","Count":"1565"},{"Name":"1-3年","ItemId":"40002","Count":"4850"},{"Name":"3-5年","ItemId":"40003","Count":"4464"},{"Name":"5年以上","ItemId":"40004","Count":"1629"}]}
2016-12-09 14:35:10,997 [72] ERROR OASysRightManager2016.Common [(null)] - [GetJsonDataByResult]报错
System.NullReferenceException: 未将对象引用设置到对象的实例。
   在 BitAuto.DSC.OASysRightManager2016.Common.Common.Util.GetJsonDataByResult(Object obj, String message)
2016-12-09 14:37:19,134 [46] DEBUG EmpolyeeController [(null)] - {"Success":true,"Message":"成功","Data":[{"Name":"1年以下","ItemId":"40001","Count":"1565"},{"Name":"1-3年","ItemId":"40002","Count":"4850"},{"Name":"3-5年","ItemId":"40003","Count":"4464"},{"Name":"5年以上","ItemId":"40004","Count":"1629"}]}
2016-12-09 14:37:19,134 [46] ERROR OASysRightManager2016.Common [(null)] - [GetJsonDataByResult]报错
System.NullReferenceException: 未将对象引用设置到对象的实例。
   在 BitAuto.DSC.OASysRightManager2016.Common.Common.Util.GetJsonDataByResult(Object obj, String message)
2016-12-09 14:39:07,786 [78] DEBUG EmpolyeeController [(null)] - {"Success":true,"Message":"成功","Data":[{"Name":"1年以下","ItemId":"40001","Count":"1565"},{"Name":"1-3年","ItemId":"40002","Count":"4850"},{"Name":"3-5年","ItemId":"40003","Count":"4464"},{"Name":"5年以上","ItemId":"40004","Count":"1629"}]}
2016-12-09 14:39:07,786 [78] ERROR OASysRightManager2016.Common [(null)] - [GetJsonDataByResult]报错
System.NullReferenceException: 未将对象引用设置到对象的实例。
   在 BitAuto.DSC.OASysRightManager2016.Common.Common.Util.GetJsonDataByResult(Object obj, String message)
2016-12-09 14:39:33,724 [73] DEBUG EmpolyeeController [(null)] - {"Success":true,"Message":"成功","Data":[{"Name":"1年以下","ItemId":"40001","Count":"1565"},{"Name":"1-3年","ItemId":"40002","Count":"4850"},{"Name":"3-5年","ItemId":"40003","Count":"4464"},{"Name":"5年以上","ItemId":"40004","Count":"1629"}]}
2016-12-09 14:39:33,724 [73] ERROR OASysRightManager2016.Common [(null)] - [GetJsonDataByResult]报错
System.NullReferenceException: 未将对象引用设置到对象的实例。
   在 BitAuto.DSC.OASysRightManager2016.Common.Common.Util.GetJsonDataByResult(Object obj, String message)
2016-12-09 14:40:03,184 [80] DEBUG EmpolyeeController [(null)] - {"Success":true,"Message":"成功","Data":[{"Name":"1年以下","ItemId":"40001","Count":"1565"},{"Name":"1-3年","ItemId":"40002","Count":"4850"},{"Name":"3-5年","ItemId":"40003","Count":"4464"},{"Name":"5年以上","ItemId":"40004","Count":"1629"}]}
2016-12-09 14:40:03,184 [80] ERROR OASysRightManager2016.Common [(null)] - [GetJsonDataByResult]报错
System.NullReferenceException: 未将对象引用设置到对象的实例。
   在 BitAuto.DSC.OASysRightManager2016.Common.Common.Util.GetJsonDataByResult(Object obj, String message)
2016-12-09 14:40:17,319 [46] DEBUG EmpolyeeController [(null)] - {"Success":true,"Message":"成功","Data":[{"Name":"1年以下","ItemId":"40001","Count":"1565"},{"Name":"1-3年","ItemId":"40002","Count":"4850"},{"Name":"3-5年","ItemId":"40003","Count":"4464"},{"Name":"5年以上","ItemId":"40004","Count":"1629"}]}
2016-12-09 14:40:17,319 [46] ERROR OASysRightManager2016.Common [(null)] - [GetJsonDataByResult]报错
System.NullReferenceException: 未将对象引用设置到对象的实例。
   在 BitAuto.DSC.OASysRightManager2016.Common.Common.Util.GetJsonDataByResult(Object obj, String message)
2016-12-09 14:40:21,554 [69] DEBUG EmpolyeeController [(null)] - {"Success":true,"Message":"成功","Data":[{"Name":"1年以下","ItemId":"40001","Count":"1565"},{"Name":"1-3年","ItemId":"40002","Count":"4850"},{"Name":"3-5年","ItemId":"40003","Count":"4464"},{"Name":"5年以上","ItemId":"40004","Count":"1629"}]}
2016-12-09 14:40:21,555 [69] ERROR OASysRightManager2016.Common [(null)] - [GetJsonDataByResult]报错
System.NullReferenceException: 未将对象引用设置到对象的实例。
   在 BitAuto.DSC.OASysRightManager2016.Common.Common.Util.GetJsonDataByResult(Object obj, String message)
2016-12-09 14:41:58,107 [46] DEBUG EmpolyeeController [(null)] - {"Success":true,"Message":"成功","Data":[{"Name":"1年以下","ItemId":"40001","Count":"1565"},{"Name":"1-3年","ItemId":"40002","Count":"4850"},{"Name":"3-5年","ItemId":"40003","Count":"4464"},{"Name":"5年以上","ItemId":"40004","Count":"1629"}]}
2016-12-09 14:41:58,107 [46] ERROR OASysRightManager2016.Common [(null)] - [GetJsonDataByResult]报错
System.NullReferenceException: 未将对象引用设置到对象的实例。
   在 BitAuto.DSC.OASysRightManager2016.Common.Common.Util.GetJsonDataByResult(Object obj, String message)
2016-12-09 14:43:35,771 [82] DEBUG EmpolyeeController [(null)] - {"Success":true,"Message":"成功","Data":[{"Name":"1年以下","ItemId":"40001","Count":"1565"},{"Name":"1-3年","ItemId":"40002","Count":"4850"},{"Name":"3-5年","ItemId":"40003","Count":"4464"},{"Name":"5年以上","ItemId":"40004","Count":"1629"}]}
2016-12-09 14:43:35,772 [82] ERROR OASysRightManager2016.Common [(null)] - [GetJsonDataByResult]报错
System.NullReferenceException: 未将对象引用设置到对象的实例。
   在 BitAuto.DSC.OASysRightManager2016.Common.Common.Util.GetJsonDataByResult(Object obj, String message)
2016-12-09 14:43:43,017 [75] DEBUG EmpolyeeController [(null)] - {"Success":true,"Message":"成功","Data":[{"Name":"1年以下","ItemId":"40001","Count":"1565"},{"Name":"1-3年","ItemId":"40002","Count":"4850"},{"Name":"3-5年","ItemId":"40003","Count":"4464"},{"Name":"5年以上","ItemId":"40004","Count":"1629"}]}
2016-12-09 14:43:43,017 [75] ERROR OASysRightManager2016.Common [(null)] - [GetJsonDataByResult]报错
System.NullReferenceException: 未将对象引用设置到对象的实例。
   在 BitAuto.DSC.OASysRightManager2016.Common.Common.Util.GetJsonDataByResult(Object obj, String message)
2016-12-09 15:02:38,764 [107] DEBUG EmpolyeeController [(null)] - {"Success":true,"Message":"成功","Data":[{"Name":"1年以下","ItemId":"40001","Count":"1565"},{"Name":"1-3年","ItemId":"40002","Count":"4850"},{"Name":"3-5年","ItemId":"40003","Count":"4464"},{"Name":"5年以上","ItemId":"40004","Count":"1629"}]}
2016-12-09 15:02:38,765 [107] ERROR OASysRightManager2016.Common [(null)] - [GetJsonDataByResult]报错
System.NullReferenceException: 未将对象引用设置到对象的实例。
   在 BitAuto.DSC.OASysRightManager2016.Common.Common.Util.GetJsonDataByResult(Object obj, String message)
2016-12-09 15:03:56,608 [104] DEBUG EmpolyeeController [(null)] - {"Success":true,"Message":"成功","Data":[{"Name":"1年以下","ItemId":"40001","Count":"1565"},{"Name":"1-3年","ItemId":"40002","Count":"4850"},{"Name":"3-5年","ItemId":"40003","Count":"4464"},{"Name":"5年以上","ItemId":"40004","Count":"1629"}]}
2016-12-09 15:03:56,608 [104] ERROR OASysRightManager2016.Common [(null)] - [GetJsonDataByResult]报错
System.NullReferenceException: 未将对象引用设置到对象的实例。
   在 BitAuto.DSC.OASysRightManager2016.Common.Common.Util.GetJsonDataByResult(Object obj, String message)
2016-12-09 15:04:27,412 [89] DEBUG EmpolyeeController [(null)] - {"Success":true,"Message":"成功","Data":[{"Name":"1年以下","ItemId":"40001","Count":"1565"},{"Name":"1-3年","ItemId":"40002","Count":"4850"},{"Name":"3-5年","ItemId":"40003","Count":"4464"},{"Name":"5年以上","ItemId":"40004","Count":"1629"}]}
2016-12-09 15:04:27,413 [89] ERROR OASysRightManager2016.Common [(null)] - [GetJsonDataByResult]报错
System.NullReferenceException: 未将对象引用设置到对象的实例。
   在 BitAuto.DSC.OASysRightManager2016.Common.Common.Util.GetJsonDataByResult(Object obj, String message)
2016-12-09 15:06:00,603 [73] DEBUG EmpolyeeController [(null)] - {"Success":true,"Message":"成功","Data":[{"Name":"1年以下","ItemId":"40001","Count":"1565"},{"Name":"1-3年","ItemId":"40002","Count":"4850"},{"Name":"3-5年","ItemId":"40003","Count":"4464"},{"Name":"5年以上","ItemId":"40004","Count":"1629"}]}
2016-12-09 15:06:00,604 [73] ERROR OASysRightManager2016.Common [(null)] - [GetJsonDataByResult]报错
System.NullReferenceException: 未将对象引用设置到对象的实例。
   在 BitAuto.DSC.OASysRightManager2016.Common.Common.Util.GetJsonDataByResult(Object obj, String message)
2016-12-09 15:09:00,986 [94] DEBUG EmpolyeeController [(null)] - {"Success":true,"Message":"成功","Data":[{"Name":"1年以下","ItemId":"40001","Count":"1565"},{"Name":"1-3年","ItemId":"40002","Count":"4850"},{"Name":"3-5年","ItemId":"40003","Count":"4464"},{"Name":"5年以上","ItemId":"40004","Count":"1629"}]}
2016-12-09 15:09:00,986 [107] DEBUG EmpolyeeController [(null)] - {"Success":true,"Message":"成功","Data":[{"Name":"1年以下","ItemId":"40001","Count":"1565"},{"Name":"1-3年","ItemId":"40002","Count":"4850"},{"Name":"3-5年","ItemId":"40003","Count":"4464"},{"Name":"5年以上","ItemId":"40004","Count":"1629"}]}
2016-12-09 15:09:00,986 [94] ERROR OASysRightManager2016.Common [(null)] - [GetJsonDataByResult]报错
System.NullReferenceException: 未将对象引用设置到对象的实例。
   在 BitAuto.DSC.OASysRightManager2016.Common.Common.Util.GetJsonDataByResult(Object obj, String message)
2016-12-09 15:09:00,986 [107] ERROR OASysRightManager2016.Common [(null)] - [GetJsonDataByResult]报错
System.NullReferenceException: 未将对象引用设置到对象的实例。
   在 BitAuto.DSC.OASysRightManager2016.Common.Common.Util.GetJsonDataByResult(Object obj, String message)
2016-12-09 15:23:11,097 [103] DEBUG EmpolyeeController [(null)] - {"Success":true,"Message":"成功","Data":[{"Name":"1年以下","ItemId":"40001","Count":"1565"},{"Name":"1-3年","ItemId":"40002","Count":"4850"},{"Name":"3-5年","ItemId":"40003","Count":"4464"},{"Name":"5年以上","ItemId":"40004","Count":"1629"}]}
2016-12-09 15:23:11,098 [103] ERROR OASysRightManager2016.Common [(null)] - [GetJsonDataByResult]报错
System.NullReferenceException: 未将对象引用设置到对象的实例。
   在 BitAuto.DSC.OASysRightManager2016.Common.Common.Util.GetJsonDataByResult(Object obj, String message)
2016-12-09 15:23:11,111 [73] DEBUG EmpolyeeController [(null)] - {"Success":true,"Message":"成功","Data":[{"Name":"管理类","ItemId":"60001","Count":"1366"},{"Name":"销售客服类","ItemId":"60002","Count":"268"},{"Name":"产品开发类","ItemId":"60003","Count":"4774"},{"Name":"支持类","ItemId":"60004","Count":"3475"},{"Name":"编辑类","ItemId":"60005","Count":"3376"},{"Name":"市场类","ItemId":"60006","Count":"3360"}]}
2016-12-09 15:23:11,112 [73] ERROR OASysRightManager2016.Common [(null)] - [GetJsonDataByResult]报错
System.NullReferenceException: 未将对象引用设置到对象的实例。
   在 BitAuto.DSC.OASysRightManager2016.Common.Common.Util.GetJsonDataByResult(Object obj, String message)
2016-12-09 15:23:15,210 [110] DEBUG EmpolyeeController [(null)] - {"Success":true,"Message":"成功","Data":[{"Name":"1年以下","ItemId":"40001","Count":"1565"},{"Name":"1-3年","ItemId":"40002","Count":"4850"},{"Name":"3-5年","ItemId":"40003","Count":"4464"},{"Name":"5年以上","ItemId":"40004","Count":"1629"}]}
2016-12-09 15:23:15,210 [110] ERROR OASysRightManager2016.Common [(null)] - [GetJsonDataByResult]报错
System.NullReferenceException: 未将对象引用设置到对象的实例。
   在 BitAuto.DSC.OASysRightManager2016.Common.Common.Util.GetJsonDataByResult(Object obj, String message)
2016-12-09 15:23:15,215 [106] DEBUG EmpolyeeController [(null)] - {"Success":true,"Message":"成功","Data":[{"Name":"管理类","ItemId":"60001","Count":"1366"},{"Name":"销售客服类","ItemId":"60002","Count":"268"},{"Name":"产品开发类","ItemId":"60003","Count":"4774"},{"Name":"支持类","ItemId":"60004","Count":"3475"},{"Name":"编辑类","ItemId":"60005","Count":"3376"},{"Name":"市场类","ItemId":"60006","Count":"3360"}]}
2016-12-09 15:23:15,215 [106] ERROR OASysRightManager2016.Common [(null)] - [GetJsonDataByResult]报错
System.NullReferenceException: 未将对象引用设置到对象的实例。
   在 BitAuto.DSC.OASysRightManager2016.Common.Common.Util.GetJsonDataByResult(Object obj, String message)
2016-12-09 15:23:18,977 [106] DEBUG EmpolyeeController [(null)] - {"Success":true,"Message":"成功","Data":[{"Name":"1年以下","ItemId":"40001","Count":"1565"},{"Name":"1-3年","ItemId":"40002","Count":"4850"},{"Name":"3-5年","ItemId":"40003","Count":"4464"},{"Name":"5年以上","ItemId":"40004","Count":"1629"}]}
2016-12-09 15:23:18,978 [106] ERROR OASysRightManager2016.Common [(null)] - [GetJsonDataByResult]报错
System.NullReferenceException: 未将对象引用设置到对象的实例。
   在 BitAuto.DSC.OASysRightManager2016.Common.Common.Util.GetJsonDataByResult(Object obj, String message)
2016-12-09 15:23:19,058 [106] DEBUG EmpolyeeController [(null)] - {"Success":true,"Message":"成功","Data":[{"Name":"管理类","ItemId":"60001","Count":"1366"},{"Name":"销售客服类","ItemId":"60002","Count":"268"},{"Name":"产品开发类","ItemId":"60003","Count":"4774"},{"Name":"支持类","ItemId":"60004","Count":"3475"},{"Name":"编辑类","ItemId":"60005","Count":"3376"},{"Name":"市场类","ItemId":"60006","Count":"3360"}]}
2016-12-09 15:23:19,058 [106] ERROR OASysRightManager2016.Common [(null)] - [GetJsonDataByResult]报错
System.NullReferenceException: 未将对象引用设置到对象的实例。
   在 BitAuto.DSC.OASysRightManager2016.Common.Common.Util.GetJsonDataByResult(Object obj, String message)
2016-12-09 15:25:51,852 [106] DEBUG EmpolyeeController [(null)] - {"Success":true,"Message":"成功","Data":[{"Name":"1年以下","ItemId":"40001","Count":"1565"},{"Name":"1-3年","ItemId":"40002","Count":"4850"},{"Name":"3-5年","ItemId":"40003","Count":"4464"},{"Name":"5年以上","ItemId":"40004","Count":"1629"}]}
2016-12-09 15:25:51,853 [106] ERROR OASysRightManager2016.Common [(null)] - [GetJsonDataByResult]报错
System.NullReferenceException: 未将对象引用设置到对象的实例。
   在 BitAuto.DSC.OASysRightManager2016.Common.Common.Util.GetJsonDataByResult(Object obj, String message)
2016-12-09 15:25:51,855 [113] DEBUG EmpolyeeController [(null)] - {"Success":true,"Message":"成功","Data":[{"Name":"管理类","ItemId":"60001","Count":"1366"},{"Name":"销售客服类","ItemId":"60002","Count":"268"},{"Name":"产品开发类","ItemId":"60003","Count":"4774"},{"Name":"支持类","ItemId":"60004","Count":"3475"},{"Name":"编辑类","ItemId":"60005","Count":"3376"},{"Name":"市场类","ItemId":"60006","Count":"3360"}]}
2016-12-09 15:25:51,856 [113] ERROR OASysRightManager2016.Common [(null)] - [GetJsonDataByResult]报错
System.NullReferenceException: 未将对象引用设置到对象的实例。
   在 BitAuto.DSC.OASysRightManager2016.Common.Common.Util.GetJsonDataByResult(Object obj, String message)
2016-12-09 15:26:59,222 [103] DEBUG EmpolyeeController [(null)] - {"Success":true,"Message":"成功","Data":[{"Name":"1年以下","ItemId":"40001","Count":"1565"},{"Name":"1-3年","ItemId":"40002","Count":"4850"},{"Name":"3-5年","ItemId":"40003","Count":"4464"},{"Name":"5年以上","ItemId":"40004","Count":"1629"}]}
2016-12-09 15:26:59,222 [103] ERROR OASysRightManager2016.Common [(null)] - [GetJsonDataByResult]报错
System.NullReferenceException: 未将对象引用设置到对象的实例。
   在 BitAuto.DSC.OASysRightManager2016.Common.Common.Util.GetJsonDataByResult(Object obj, String message)
2016-12-09 15:26:59,225 [106] DEBUG EmpolyeeController [(null)] - {"Success":true,"Message":"成功","Data":[{"Name":"管理类","ItemId":"60001","Count":"1366"},{"Name":"销售客服类","ItemId":"60002","Count":"268"},{"Name":"产品开发类","ItemId":"60003","Count":"4774"},{"Name":"支持类","ItemId":"60004","Count":"3475"},{"Name":"编辑类","ItemId":"60005","Count":"3376"},{"Name":"市场类","ItemId":"60006","Count":"3360"}]}
2016-12-09 15:26:59,225 [106] ERROR OASysRightManager2016.Common [(null)] - [GetJsonDataByResult]报错
System.NullReferenceException: 未将对象引用设置到对象的实例。
   在 BitAuto.DSC.OASysRightManager2016.Common.Common.Util.GetJsonDataByResult(Object obj, String message)
2016-12-09 15:27:13,800 [114] DEBUG EmpolyeeController [(null)] - {"Success":true,"Message":"成功","Data":[{"Name":"1年以下","ItemId":"40001","Count":"1565"},{"Name":"1-3年","ItemId":"40002","Count":"4850"},{"Name":"3-5年","ItemId":"40003","Count":"4464"},{"Name":"5年以上","ItemId":"40004","Count":"1629"}]}
2016-12-09 15:27:13,801 [114] ERROR OASysRightManager2016.Common [(null)] - [GetJsonDataByResult]报错
System.NullReferenceException: 未将对象引用设置到对象的实例。
   在 BitAuto.DSC.OASysRightManager2016.Common.Common.Util.GetJsonDataByResult(Object obj, String message)
2016-12-09 15:27:13,848 [119] DEBUG EmpolyeeController [(null)] - {"Success":true,"Message":"成功","Data":[{"Name":"管理类","ItemId":"60001","Count":"1366"},{"Name":"销售客服类","ItemId":"60002","Count":"268"},{"Name":"产品开发类","ItemId":"60003","Count":"4774"},{"Name":"支持类","ItemId":"60004","Count":"3475"},{"Name":"编辑类","ItemId":"60005","Count":"3376"},{"Name":"市场类","ItemId":"60006","Count":"3360"}]}
2016-12-09 15:27:13,848 [119] ERROR OASysRightManager2016.Common [(null)] - [GetJsonDataByResult]报错
System.NullReferenceException: 未将对象引用设置到对象的实例。
   在 BitAuto.DSC.OASysRightManager2016.Common.Common.Util.GetJsonDataByResult(Object obj, String message)
2016-12-09 15:27:20,693 [114] DEBUG EmpolyeeController [(null)] - {"Success":true,"Message":"成功","Data":[{"Name":"1年以下","ItemId":"40001","Count":"1565"},{"Name":"1-3年","ItemId":"40002","Count":"4850"},{"Name":"3-5年","ItemId":"40003","Count":"4464"},{"Name":"5年以上","ItemId":"40004","Count":"1629"}]}
2016-12-09 15:27:20,693 [114] ERROR OASysRightManager2016.Common [(null)] - [GetJsonDataByResult]报错
System.NullReferenceException: 未将对象引用设置到对象的实例。
   在 BitAuto.DSC.OASysRightManager2016.Common.Common.Util.GetJsonDataByResult(Object obj, String message)
2016-12-09 15:27:20,694 [103] DEBUG EmpolyeeController [(null)] - {"Success":true,"Message":"成功","Data":[{"Name":"管理类","ItemId":"60001","Count":"1366"},{"Name":"销售客服类","ItemId":"60002","Count":"268"},{"Name":"产品开发类","ItemId":"60003","Count":"4774"},{"Name":"支持类","ItemId":"60004","Count":"3475"},{"Name":"编辑类","ItemId":"60005","Count":"3376"},{"Name":"市场类","ItemId":"60006","Count":"3360"}]}
2016-12-09 15:27:20,695 [103] ERROR OASysRightManager2016.Common [(null)] - [GetJsonDataByResult]报错
System.NullReferenceException: 未将对象引用设置到对象的实例。
   在 BitAuto.DSC.OASysRightManager2016.Common.Common.Util.GetJsonDataByResult(Object obj, String message)
2016-12-09 15:28:36,170 [121] DEBUG EmpolyeeController [(null)] - {"Success":true,"Message":"成功","Data":[{"Name":"1年以下","ItemId":"40001","Count":"1565"},{"Name":"1-3年","ItemId":"40002","Count":"4850"},{"Name":"3-5年","ItemId":"40003","Count":"4464"},{"Name":"5年以上","ItemId":"40004","Count":"1629"}]}
2016-12-09 15:28:36,170 [121] ERROR OASysRightManager2016.Common [(null)] - [GetJsonDataByResult]报错
System.NullReferenceException: 未将对象引用设置到对象的实例。
   在 BitAuto.DSC.OASysRightManager2016.Common.Common.Util.GetJsonDataByResult(Object obj, String message)
2016-12-09 15:28:36,177 [117] DEBUG EmpolyeeController [(null)] - {"Success":true,"Message":"成功","Data":[{"Name":"管理类","ItemId":"60001","Count":"1366"},{"Name":"销售客服类","ItemId":"60002","Count":"268"},{"Name":"产品开发类","ItemId":"60003","Count":"4774"},{"Name":"支持类","ItemId":"60004","Count":"3475"},{"Name":"编辑类","ItemId":"60005","Count":"3376"},{"Name":"市场类","ItemId":"60006","Count":"3360"}]}
2016-12-09 15:28:36,177 [117] ERROR OASysRightManager2016.Common [(null)] - [GetJsonDataByResult]报错
System.NullReferenceException: 未将对象引用设置到对象的实例。
   在 BitAuto.DSC.OASysRightManager2016.Common.Common.Util.GetJsonDataByResult(Object obj, String message)
2016-12-09 15:44:45,827 [133] DEBUG EmpolyeeController [(null)] - {"Success":true,"Message":"成功","Data":[{"Name":"1年以下","ItemId":"40001","Count":"1565"},{"Name":"1-3年","ItemId":"40002","Count":"4850"},{"Name":"3-5年","ItemId":"40003","Count":"4464"},{"Name":"5年以上","ItemId":"40004","Count":"1629"}]}
2016-12-09 15:44:45,827 [135] DEBUG EmpolyeeController [(null)] - {"Success":true,"Message":"成功","Data":[{"Name":"管理类","ItemId":"60001","Count":"1366"},{"Name":"销售客服类","ItemId":"60002","Count":"268"},{"Name":"产品开发类","ItemId":"60003","Count":"4774"},{"Name":"支持类","ItemId":"60004","Count":"3475"},{"Name":"编辑类","ItemId":"60005","Count":"3376"},{"Name":"市场类","ItemId":"60006","Count":"3360"}]}
2016-12-09 15:44:45,827 [133] ERROR OASysRightManager2016.Common [(null)] - [GetJsonDataByResult]报错
System.NullReferenceException: 未将对象引用设置到对象的实例。
   在 BitAuto.DSC.OASysRightManager2016.Common.Common.Util.GetJsonDataByResult(Object obj, String message)
2016-12-09 15:44:45,827 [135] ERROR OASysRightManager2016.Common [(null)] - [GetJsonDataByResult]报错
System.NullReferenceException: 未将对象引用设置到对象的实例。
   在 BitAuto.DSC.OASysRightManager2016.Common.Common.Util.GetJsonDataByResult(Object obj, String message)
2016-12-09 15:46:52,098 [132] DEBUG EmpolyeeController [(null)] - {"Success":true,"Message":"成功","Data":[{"Name":"1年以下","ItemId":"40001","Count":"1565"},{"Name":"1-3年","ItemId":"40002","Count":"4850"},{"Name":"3-5年","ItemId":"40003","Count":"4464"},{"Name":"5年以上","ItemId":"40004","Count":"1629"}]}
2016-12-09 15:46:52,099 [132] ERROR OASysRightManager2016.Common [(null)] - [GetJsonDataByResult]报错
System.NullReferenceException: 未将对象引用设置到对象的实例。
   在 BitAuto.DSC.OASysRightManager2016.Common.Common.Util.GetJsonDataByResult(Object obj, String message)
2016-12-09 15:46:52,117 [126] DEBUG EmpolyeeController [(null)] - {"Success":true,"Message":"成功","Data":[{"Name":"管理类","ItemId":"60001","Count":"1366"},{"Name":"销售客服类","ItemId":"60002","Count":"268"},{"Name":"产品开发类","ItemId":"60003","Count":"4774"},{"Name":"支持类","ItemId":"60004","Count":"3475"},{"Name":"编辑类","ItemId":"60005","Count":"3376"},{"Name":"市场类","ItemId":"60006","Count":"3360"}]}
2016-12-09 15:46:52,117 [126] ERROR OASysRightManager2016.Common [(null)] - [GetJsonDataByResult]报错
System.NullReferenceException: 未将对象引用设置到对象的实例。
   在 BitAuto.DSC.OASysRightManager2016.Common.Common.Util.GetJsonDataByResult(Object obj, String message)
2016-12-09 15:47:17,048 [132] DEBUG EmpolyeeController [(null)] - {"Success":true,"Message":"成功","Data":[{"Name":"1年以下","ItemId":"40001","Count":"1565"},{"Name":"1-3年","ItemId":"40002","Count":"4850"},{"Name":"3-5年","ItemId":"40003","Count":"4464"},{"Name":"5年以上","ItemId":"40004","Count":"1629"}]}
2016-12-09 15:47:17,049 [132] ERROR OASysRightManager2016.Common [(null)] - [GetJsonDataByResult]报错
System.NullReferenceException: 未将对象引用设置到对象的实例。
   在 BitAuto.DSC.OASysRightManager2016.Common.Common.Util.GetJsonDataByResult(Object obj, String message)
2016-12-09 15:47:17,053 [103] DEBUG EmpolyeeController [(null)] - {"Success":true,"Message":"成功","Data":[{"Name":"管理类","ItemId":"60001","Count":"1366"},{"Name":"销售客服类","ItemId":"60002","Count":"268"},{"Name":"产品开发类","ItemId":"60003","Count":"4774"},{"Name":"支持类","ItemId":"60004","Count":"3475"},{"Name":"编辑类","ItemId":"60005","Count":"3376"},{"Name":"市场类","ItemId":"60006","Count":"3360"}]}
2016-12-09 15:47:17,054 [103] ERROR OASysRightManager2016.Common [(null)] - [GetJsonDataByResult]报错
System.NullReferenceException: 未将对象引用设置到对象的实例。
   在 BitAuto.DSC.OASysRightManager2016.Common.Common.Util.GetJsonDataByResult(Object obj, String message)
2016-12-09 15:47:49,620 [132] DEBUG EmpolyeeController [(null)] - {"Success":true,"Message":"成功","Data":[{"Name":"1年以下","ItemId":"40001","Count":"1565"},{"Name":"1-3年","ItemId":"40002","Count":"4850"},{"Name":"3-5年","ItemId":"40003","Count":"4464"},{"Name":"5年以上","ItemId":"40004","Count":"1629"}]}
2016-12-09 15:47:49,620 [132] ERROR OASysRightManager2016.Common [(null)] - [GetJsonDataByResult]报错
System.NullReferenceException: 未将对象引用设置到对象的实例。
   在 BitAuto.DSC.OASysRightManager2016.Common.Common.Util.GetJsonDataByResult(Object obj, String message)
2016-12-09 15:47:49,620 [135] DEBUG EmpolyeeController [(null)] - {"Success":true,"Message":"成功","Data":[{"Name":"管理类","ItemId":"60001","Count":"1366"},{"Name":"销售客服类","ItemId":"60002","Count":"268"},{"Name":"产品开发类","ItemId":"60003","Count":"4774"},{"Name":"支持类","ItemId":"60004","Count":"3475"},{"Name":"编辑类","ItemId":"60005","Count":"3376"},{"Name":"市场类","ItemId":"60006","Count":"3360"}]}
2016-12-09 15:47:49,621 [135] ERROR OASysRightManager2016.Common [(null)] - [GetJsonDataByResult]报错
System.NullReferenceException: 未将对象引用设置到对象的实例。
   在 BitAuto.DSC.OASysRightManager2016.Common.Common.Util.GetJsonDataByResult(Object obj, String message)
2016-12-09 15:48:12,031 [135] DEBUG EmpolyeeController [(null)] - {"Success":true,"Message":"成功","Data":[{"Name":"1年以下","ItemId":"40001","Count":"1565"},{"Name":"1-3年","ItemId":"40002","Count":"4850"},{"Name":"3-5年","ItemId":"40003","Count":"4464"},{"Name":"5年以上","ItemId":"40004","Count":"1629"}]}
2016-12-09 15:48:12,031 [135] ERROR OASysRightManager2016.Common [(null)] - [GetJsonDataByResult]报错
System.NullReferenceException: 未将对象引用设置到对象的实例。
   在 BitAuto.DSC.OASysRightManager2016.Common.Common.Util.GetJsonDataByResult(Object obj, String message)
2016-12-09 15:48:12,064 [131] DEBUG EmpolyeeController [(null)] - {"Success":true,"Message":"成功","Data":[{"Name":"管理类","ItemId":"60001","Count":"1366"},{"Name":"销售客服类","ItemId":"60002","Count":"268"},{"Name":"产品开发类","ItemId":"60003","Count":"4774"},{"Name":"支持类","ItemId":"60004","Count":"3475"},{"Name":"编辑类","ItemId":"60005","Count":"3376"},{"Name":"市场类","ItemId":"60006","Count":"3360"}]}
2016-12-09 15:48:12,064 [131] ERROR OASysRightManager2016.Common [(null)] - [GetJsonDataByResult]报错
System.NullReferenceException: 未将对象引用设置到对象的实例。
   在 BitAuto.DSC.OASysRightManager2016.Common.Common.Util.GetJsonDataByResult(Object obj, String message)
2016-12-09 15:48:40,434 [122] DEBUG EmpolyeeController [(null)] - {"Success":true,"Message":"成功","Data":[{"Name":"1年以下","ItemId":"40001","Count":"1565"},{"Name":"1-3年","ItemId":"40002","Count":"4850"},{"Name":"3-5年","ItemId":"40003","Count":"4464"},{"Name":"5年以上","ItemId":"40004","Count":"1629"}]}
2016-12-09 15:48:40,435 [122] ERROR OASysRightManager2016.Common [(null)] - [GetJsonDataByResult]报错
System.NullReferenceException: 未将对象引用设置到对象的实例。
   在 BitAuto.DSC.OASysRightManager2016.Common.Common.Util.GetJsonDataByResult(Object obj, String message)
2016-12-09 15:48:40,454 [119] DEBUG EmpolyeeController [(null)] - {"Success":true,"Message":"成功","Data":[{"Name":"管理类","ItemId":"60001","Count":"1366"},{"Name":"销售客服类","ItemId":"60002","Count":"268"},{"Name":"产品开发类","ItemId":"60003","Count":"4774"},{"Name":"支持类","ItemId":"60004","Count":"3475"},{"Name":"编辑类","ItemId":"60005","Count":"3376"},{"Name":"市场类","ItemId":"60006","Count":"3360"}]}
2016-12-09 15:48:40,455 [119] ERROR OASysRightManager2016.Common [(null)] - [GetJsonDataByResult]报错
System.NullReferenceException: 未将对象引用设置到对象的实例。
   在 BitAuto.DSC.OASysRightManager2016.Common.Common.Util.GetJsonDataByResult(Object obj, String message)
2016-12-09 15:48:56,960 [119] DEBUG EmpolyeeController [(null)] - {"Success":true,"Message":"成功","Data":[{"Name":"1年以下","ItemId":"40001","Count":"1565"},{"Name":"1-3年","ItemId":"40002","Count":"4850"},{"Name":"3-5年","ItemId":"40003","Count":"4464"},{"Name":"5年以上","ItemId":"40004","Count":"1629"}]}
2016-12-09 15:48:56,960 [119] ERROR OASysRightManager2016.Common [(null)] - [GetJsonDataByResult]报错
System.NullReferenceException: 未将对象引用设置到对象的实例。
   在 BitAuto.DSC.OASysRightManager2016.Common.Common.Util.GetJsonDataByResult(Object obj, String message)
2016-12-09 15:48:56,967 [122] DEBUG EmpolyeeController [(null)] - {"Success":true,"Message":"成功","Data":[{"Name":"管理类","ItemId":"60001","Count":"1366"},{"Name":"销售客服类","ItemId":"60002","Count":"268"},{"Name":"产品开发类","ItemId":"60003","Count":"4774"},{"Name":"支持类","ItemId":"60004","Count":"3475"},{"Name":"编辑类","ItemId":"60005","Count":"3376"},{"Name":"市场类","ItemId":"60006","Count":"3360"}]}
2016-12-09 15:48:56,968 [122] ERROR OASysRightManager2016.Common [(null)] - [GetJsonDataByResult]报错
System.NullReferenceException: 未将对象引用设置到对象的实例。
   在 BitAuto.DSC.OASysRightManager2016.Common.Common.Util.GetJsonDataByResult(Object obj, String message)
2016-12-09 15:49:07,883 [103] DEBUG EmpolyeeController [(null)] - {"Success":true,"Message":"成功","Data":[{"Name":"1年以下","ItemId":"40001","Count":"1565"},{"Name":"1-3年","ItemId":"40002","Count":"4850"},{"Name":"3-5年","ItemId":"40003","Count":"4464"},{"Name":"5年以上","ItemId":"40004","Count":"1629"}]}
2016-12-09 15:49:07,883 [103] ERROR OASysRightManager2016.Common [(null)] - [GetJsonDataByResult]报错
System.NullReferenceException: 未将对象引用设置到对象的实例。
   在 BitAuto.DSC.OASysRightManager2016.Common.Common.Util.GetJsonDataByResult(Object obj, String message)
2016-12-09 15:49:07,888 [119] DEBUG EmpolyeeController [(null)] - {"Success":true,"Message":"成功","Data":[{"Name":"管理类","ItemId":"60001","Count":"1366"},{"Name":"销售客服类","ItemId":"60002","Count":"268"},{"Name":"产品开发类","ItemId":"60003","Count":"4774"},{"Name":"支持类","ItemId":"60004","Count":"3475"},{"Name":"编辑类","ItemId":"60005","Count":"3376"},{"Name":"市场类","ItemId":"60006","Count":"3360"}]}
2016-12-09 15:49:07,888 [119] ERROR OASysRightManager2016.Common [(null)] - [GetJsonDataByResult]报错
System.NullReferenceException: 未将对象引用设置到对象的实例。
   在 BitAuto.DSC.OASysRightManager2016.Common.Common.Util.GetJsonDataByResult(Object obj, String message)
2016-12-09 15:49:19,962 [119] DEBUG EmpolyeeController [(null)] - {"Success":true,"Message":"成功","Data":[{"Name":"1年以下","ItemId":"40001","Count":"1565"},{"Name":"1-3年","ItemId":"40002","Count":"4850"},{"Name":"3-5年","ItemId":"40003","Count":"4464"},{"Name":"5年以上","ItemId":"40004","Count":"1629"}]}
2016-12-09 15:49:19,963 [119] ERROR OASysRightManager2016.Common [(null)] - [GetJsonDataByResult]报错
System.NullReferenceException: 未将对象引用设置到对象的实例。
   在 BitAuto.DSC.OASysRightManager2016.Common.Common.Util.GetJsonDataByResult(Object obj, String message)
2016-12-09 15:49:19,970 [119] DEBUG EmpolyeeController [(null)] - {"Success":true,"Message":"成功","Data":[{"Name":"管理类","ItemId":"60001","Count":"1366"},{"Name":"销售客服类","ItemId":"60002","Count":"268"},{"Name":"产品开发类","ItemId":"60003","Count":"4774"},{"Name":"支持类","ItemId":"60004","Count":"3475"},{"Name":"编辑类","ItemId":"60005","Count":"3376"},{"Name":"市场类","ItemId":"60006","Count":"3360"}]}
2016-12-09 15:49:19,971 [119] ERROR OASysRightManager2016.Common [(null)] - [GetJsonDataByResult]报错
System.NullReferenceException: 未将对象引用设置到对象的实例。
   在 BitAuto.DSC.OASysRightManager2016.Common.Common.Util.GetJsonDataByResult(Object obj, String message)
2016-12-09 15:49:51,156 [135] DEBUG EmpolyeeController [(null)] - {"Success":true,"Message":"成功","Data":[{"Name":"1年以下","ItemId":"40001","Count":"1565"},{"Name":"1-3年","ItemId":"40002","Count":"4850"},{"Name":"3-5年","ItemId":"40003","Count":"4464"},{"Name":"5年以上","ItemId":"40004","Count":"1629"}]}
2016-12-09 15:49:51,156 [135] ERROR OASysRightManager2016.Common [(null)] - [GetJsonDataByResult]报错
System.NullReferenceException: 未将对象引用设置到对象的实例。
   在 BitAuto.DSC.OASysRightManager2016.Common.Common.Util.GetJsonDataByResult(Object obj, String message)
2016-12-09 15:49:51,161 [132] DEBUG EmpolyeeController [(null)] - {"Success":true,"Message":"成功","Data":[{"Name":"管理类","ItemId":"60001","Count":"1366"},{"Name":"销售客服类","ItemId":"60002","Count":"268"},{"Name":"产品开发类","ItemId":"60003","Count":"4774"},{"Name":"支持类","ItemId":"60004","Count":"3475"},{"Name":"编辑类","ItemId":"60005","Count":"3376"},{"Name":"市场类","ItemId":"60006","Count":"3360"}]}
2016-12-09 15:49:51,161 [132] ERROR OASysRightManager2016.Common [(null)] - [GetJsonDataByResult]报错
System.NullReferenceException: 未将对象引用设置到对象的实例。
   在 BitAuto.DSC.OASysRightManager2016.Common.Common.Util.GetJsonDataByResult(Object obj, String message)
2016-12-09 15:49:57,908 [124] DEBUG EmpolyeeController [(null)] - {"Success":true,"Message":"成功","Data":[{"Name":"1年以下","ItemId":"40001","Count":"1565"},{"Name":"1-3年","ItemId":"40002","Count":"4850"},{"Name":"3-5年","ItemId":"40003","Count":"4464"},{"Name":"5年以上","ItemId":"40004","Count":"1629"}]}
2016-12-09 15:49:57,909 [124] ERROR OASysRightManager2016.Common [(null)] - [GetJsonDataByResult]报错
System.NullReferenceException: 未将对象引用设置到对象的实例。
   在 BitAuto.DSC.OASysRightManager2016.Common.Common.Util.GetJsonDataByResult(Object obj, String message)
2016-12-09 15:49:57,932 [131] DEBUG EmpolyeeController [(null)] - {"Success":true,"Message":"成功","Data":[{"Name":"管理类","ItemId":"60001","Count":"1366"},{"Name":"销售客服类","ItemId":"60002","Count":"268"},{"Name":"产品开发类","ItemId":"60003","Count":"4774"},{"Name":"支持类","ItemId":"60004","Count":"3475"},{"Name":"编辑类","ItemId":"60005","Count":"3376"},{"Name":"市场类","ItemId":"60006","Count":"3360"}]}
2016-12-09 15:49:57,932 [131] ERROR OASysRightManager2016.Common [(null)] - [GetJsonDataByResult]报错
System.NullReferenceException: 未将对象引用设置到对象的实例。
   在 BitAuto.DSC.OASysRightManager2016.Common.Common.Util.GetJsonDataByResult(Object obj, String message)
2016-12-09 15:52:11,784 [124] ERROR OASysRightManager2016.Common [(null)] - [GetJsonDataByResult]报错
System.NullReferenceException: 未将对象引用设置到对象的实例。
   在 BitAuto.DSC.OASysRightManager2016.Common.Common.Util.GetJsonDataByResult(Object obj, String message)
2016-12-09 15:52:12,512 [120] ERROR OASysRightManager2016.Common [(null)] - [GetJsonDataByResult]报错
System.NullReferenceException: 未将对象引用设置到对象的实例。
   在 BitAuto.DSC.OASysRightManager2016.Common.Common.Util.GetJsonDataByResult(Object obj, String message)
2016-12-09 15:52:12,527 [111] DEBUG xchyhzController [(null)] - {"Success":true,"Message":"成功","Data":{"year":2016,"allavg":"50874.994892","cmtavg":"66751.117500","cytavg":"57332.781666","wxtavg":"51298.637500"}}
2016-12-09 15:52:12,527 [111] ERROR OASysRightManager2016.Common [(null)] - [GetJsonDataByResult]报错
System.NullReferenceException: 未将对象引用设置到对象的实例。
   在 BitAuto.DSC.OASysRightManager2016.Common.Common.Util.GetJsonDataByResult(Object obj, String message)
2016-12-09 15:52:12,558 [118] DEBUG xchyhzController [(null)] - {"Success":true,"Message":"成功","Data":{"seriesname":["总体","车易通","车盟通","微信通"],"datakey":["2016Q1","2016Q2","2016Q3","2016Q4"],"dataval":[["141770.90"],["598801.48","363853.08","283801.43","46265.99"],["683549.56","443684.89","238070.01","45583.84"],["502739.53","389996.83","182792.01","49921.07"]]}}
2016-12-09 15:52:12,558 [118] ERROR OASysRightManager2016.Common [(null)] - [GetJsonDataByResult]报错
System.NullReferenceException: 未将对象引用设置到对象的实例。
   在 BitAuto.DSC.OASysRightManager2016.Common.Common.Util.GetJsonDataByResult(Object obj, String message)
2016-12-09 15:52:30,190 [114] DEBUG xchyhzController [(null)] - {"Success":true,"Message":"成功","Data":{"year":2016,"allavg":"50874.994892","cmtavg":"66751.117500","cytavg":"57332.781666","wxtavg":"51298.637500"}}
2016-12-09 15:52:30,190 [114] ERROR OASysRightManager2016.Common [(null)] - [GetJsonDataByResult]报错
System.NullReferenceException: 未将对象引用设置到对象的实例。
   在 BitAuto.DSC.OASysRightManager2016.Common.Common.Util.GetJsonDataByResult(Object obj, String message)
2016-12-09 15:52:30,206 [124] DEBUG xchyhzController [(null)] - {"Success":true,"Message":"成功","Data":{"seriesname":["总体","车易通","车盟通","微信通"],"datakey":["2016Q1","2016Q2","2016Q3","2016Q4"],"dataval":[["141770.90"],["598801.48","363853.08","283801.43","46265.99"],["683549.56","443684.89","238070.01","45583.84"],["502739.53","389996.83","182792.01","49921.07"]]}}
2016-12-09 15:52:30,206 [124] ERROR OASysRightManager2016.Common [(null)] - [GetJsonDataByResult]报错
System.NullReferenceException: 未将对象引用设置到对象的实例。
   在 BitAuto.DSC.OASysRightManager2016.Common.Common.Util.GetJsonDataByResult(Object obj, String message)
2016-12-09 15:52:30,211 [118] ERROR OASysRightManager2016.Common [(null)] - [GetJsonDataByResult]报错
System.NullReferenceException: 未将对象引用设置到对象的实例。
   在 BitAuto.DSC.OASysRightManager2016.Common.Common.Util.GetJsonDataByResult(Object obj, String message)
2016-12-09 15:52:30,231 [120] ERROR OASysRightManager2016.Common [(null)] - [GetJsonDataByResult]报错
System.NullReferenceException: 未将对象引用设置到对象的实例。
   在 BitAuto.DSC.OASysRightManager2016.Common.Common.Util.GetJsonDataByResult(Object obj, String message)
2016-12-09 16:00:29,271 [124] DEBUG EmpolyeeController [(null)] - {"Success":true,"Message":"成功","Data":[{"Name":"1年以下","ItemId":"40001","Count":"1565"},{"Name":"1-3年","ItemId":"40002","Count":"4850"},{"Name":"3-5年","ItemId":"40003","Count":"4464"},{"Name":"5年以上","ItemId":"40004","Count":"1629"}]}
2016-12-09 16:00:29,271 [107] DEBUG EmpolyeeController [(null)] - {"Success":true,"Message":"成功","Data":[{"Name":"管理类","ItemId":"60001","Count":"1366"},{"Name":"销售客服类","ItemId":"60002","Count":"268"},{"Name":"产品开发类","ItemId":"60003","Count":"4774"},{"Name":"支持类","ItemId":"60004","Count":"3475"},{"Name":"编辑类","ItemId":"60005","Count":"3376"},{"Name":"市场类","ItemId":"60006","Count":"3360"}]}
2016-12-09 16:00:29,272 [124] ERROR OASysRightManager2016.Common [(null)] - [GetJsonDataByResult]报错
System.NullReferenceException: 未将对象引用设置到对象的实例。
   在 BitAuto.DSC.OASysRightManager2016.Common.Common.Util.GetJsonDataByResult(Object obj, String message)
2016-12-09 16:00:29,272 [107] ERROR OASysRightManager2016.Common [(null)] - [GetJsonDataByResult]报错
System.NullReferenceException: 未将对象引用设置到对象的实例。
   在 BitAuto.DSC.OASysRightManager2016.Common.Common.Util.GetJsonDataByResult(Object obj, String message)
2016-12-09 16:00:31,315 [127] DEBUG EmpolyeeController [(null)] - {"Success":true,"Message":"成功","Data":[{"Name":"1年以下","ItemId":"40001","Count":"1565"},{"Name":"1-3年","ItemId":"40002","Count":"4850"},{"Name":"3-5年","ItemId":"40003","Count":"4464"},{"Name":"5年以上","ItemId":"40004","Count":"1629"}]}
2016-12-09 16:00:31,316 [127] ERROR OASysRightManager2016.Common [(null)] - [GetJsonDataByResult]报错
System.NullReferenceException: 未将对象引用设置到对象的实例。
   在 BitAuto.DSC.OASysRightManager2016.Common.Common.Util.GetJsonDataByResult(Object obj, String message)
2016-12-09 16:00:31,320 [94] DEBUG EmpolyeeController [(null)] - {"Success":true,"Message":"成功","Data":[{"Name":"管理类","ItemId":"60001","Count":"1366"},{"Name":"销售客服类","ItemId":"60002","Count":"268"},{"Name":"产品开发类","ItemId":"60003","Count":"4774"},{"Name":"支持类","ItemId":"60004","Count":"3475"},{"Name":"编辑类","ItemId":"60005","Count":"3376"},{"Name":"市场类","ItemId":"60006","Count":"3360"}]}
2016-12-09 16:00:31,320 [94] ERROR OASysRightManager2016.Common [(null)] - [GetJsonDataByResult]报错
System.NullReferenceException: 未将对象引用设置到对象的实例。
   在 BitAuto.DSC.OASysRightManager2016.Common.Common.Util.GetJsonDataByResult(Object obj, String message)
2016-12-09 16:00:39,761 [110] DEBUG EmpolyeeController [(null)] - {"Success":true,"Message":"成功","Data":[{"Name":"1年以下","ItemId":"40001","Count":"1565"},{"Name":"1-3年","ItemId":"40002","Count":"4850"},{"Name":"3-5年","ItemId":"40003","Count":"4464"},{"Name":"5年以上","ItemId":"40004","Count":"1629"}]}
2016-12-09 16:00:39,762 [110] ERROR OASysRightManager2016.Common [(null)] - [GetJsonDataByResult]报错
System.NullReferenceException: 未将对象引用设置到对象的实例。
   在 BitAuto.DSC.OASysRightManager2016.Common.Common.Util.GetJsonDataByResult(Object obj, String message)
2016-12-09 16:00:39,762 [127] DEBUG EmpolyeeController [(null)] - {"Success":true,"Message":"成功","Data":[{"Name":"管理类","ItemId":"60001","Count":"1366"},{"Name":"销售客服类","ItemId":"60002","Count":"268"},{"Name":"产品开发类","ItemId":"60003","Count":"4774"},{"Name":"支持类","ItemId":"60004","Count":"3475"},{"Name":"编辑类","ItemId":"60005","Count":"3376"},{"Name":"市场类","ItemId":"60006","Count":"3360"}]}
2016-12-09 16:00:39,762 [127] ERROR OASysRightManager2016.Common [(null)] - [GetJsonDataByResult]报错
System.NullReferenceException: 未将对象引用设置到对象的实例。
   在 BitAuto.DSC.OASysRightManager2016.Common.Common.Util.GetJsonDataByResult(Object obj, String message)
2016-12-09 16:01:23,116 [109] DEBUG EmpolyeeController [(null)] - {"Success":true,"Message":"成功","Data":[{"Name":"1年以下","ItemId":"40001","Count":"1565"},{"Name":"1-3年","ItemId":"40002","Count":"4850"},{"Name":"3-5年","ItemId":"40003","Count":"4464"},{"Name":"5年以上","ItemId":"40004","Count":"1629"}]}
2016-12-09 16:01:23,117 [109] ERROR OASysRightManager2016.Common [(null)] - [GetJsonDataByResult]报错
System.NullReferenceException: 未将对象引用设置到对象的实例。
   在 BitAuto.DSC.OASysRightManager2016.Common.Common.Util.GetJsonDataByResult(Object obj, String message)
2016-12-09 16:01:23,117 [102] DEBUG EmpolyeeController [(null)] - {"Success":true,"Message":"成功","Data":[{"Name":"管理类","ItemId":"60001","Count":"1366"},{"Name":"销售客服类","ItemId":"60002","Count":"268"},{"Name":"产品开发类","ItemId":"60003","Count":"4774"},{"Name":"支持类","ItemId":"60004","Count":"3475"},{"Name":"编辑类","ItemId":"60005","Count":"3376"},{"Name":"市场类","ItemId":"60006","Count":"3360"}]}
2016-12-09 16:01:23,117 [102] ERROR OASysRightManager2016.Common [(null)] - [GetJsonDataByResult]报错
System.NullReferenceException: 未将对象引用设置到对象的实例。
   在 BitAuto.DSC.OASysRightManager2016.Common.Common.Util.GetJsonDataByResult(Object obj, String message)
2016-12-09 16:01:38,341 [105] DEBUG EmpolyeeController [(null)] - {"Success":true,"Message":"成功","Data":[{"Name":"1年以下","ItemId":"40001","Count":"1565"},{"Name":"1-3年","ItemId":"40002","Count":"4850"},{"Name":"3-5年","ItemId":"40003","Count":"4464"},{"Name":"5年以上","ItemId":"40004","Count":"1629"}]}
2016-12-09 16:01:38,341 [105] ERROR OASysRightManager2016.Common [(null)] - [GetJsonDataByResult]报错
System.NullReferenceException: 未将对象引用设置到对象的实例。
   在 BitAuto.DSC.OASysRightManager2016.Common.Common.Util.GetJsonDataByResult(Object obj, String message)
2016-12-09 16:01:38,344 [108] DEBUG EmpolyeeController [(null)] - {"Success":true,"Message":"成功","Data":[{"Name":"管理类","ItemId":"60001","Count":"1366"},{"Name":"销售客服类","ItemId":"60002","Count":"268"},{"Name":"产品开发类","ItemId":"60003","Count":"4774"},{"Name":"支持类","ItemId":"60004","Count":"3475"},{"Name":"编辑类","ItemId":"60005","Count":"3376"},{"Name":"市场类","ItemId":"60006","Count":"3360"}]}
2016-12-09 16:01:38,344 [108] ERROR OASysRightManager2016.Common [(null)] - [GetJsonDataByResult]报错
System.NullReferenceException: 未将对象引用设置到对象的实例。
   在 BitAuto.DSC.OASysRightManager2016.Common.Common.Util.GetJsonDataByResult(Object obj, String message)
2016-12-09 16:01:49,525 [94] DEBUG EmpolyeeController [(null)] - {"Success":true,"Message":"成功","Data":[{"Name":"1年以下","ItemId":"40001","Count":"1565"},{"Name":"1-3年","ItemId":"40002","Count":"4850"},{"Name":"3-5年","ItemId":"40003","Count":"4464"},{"Name":"5年以上","ItemId":"40004","Count":"1629"}]}
2016-12-09 16:01:49,525 [94] ERROR OASysRightManager2016.Common [(null)] - [GetJsonDataByResult]报错
System.NullReferenceException: 未将对象引用设置到对象的实例。
   在 BitAuto.DSC.OASysRightManager2016.Common.Common.Util.GetJsonDataByResult(Object obj, String message)
2016-12-09 16:01:49,525 [109] DEBUG EmpolyeeController [(null)] - {"Success":true,"Message":"成功","Data":[{"Name":"管理类","ItemId":"60001","Count":"1366"},{"Name":"销售客服类","ItemId":"60002","Count":"268"},{"Name":"产品开发类","ItemId":"60003","Count":"4774"},{"Name":"支持类","ItemId":"60004","Count":"3475"},{"Name":"编辑类","ItemId":"60005","Count":"3376"},{"Name":"市场类","ItemId":"60006","Count":"3360"}]}
2016-12-09 16:01:49,526 [109] ERROR OASysRightManager2016.Common [(null)] - [GetJsonDataByResult]报错
System.NullReferenceException: 未将对象引用设置到对象的实例。
   在 BitAuto.DSC.OASysRightManager2016.Common.Common.Util.GetJsonDataByResult(Object obj, String message)
2016-12-09 16:02:01,510 [109] DEBUG EmpolyeeController [(null)] - {"Success":true,"Message":"成功","Data":[{"Name":"1年以下","ItemId":"40001","Count":"1565"},{"Name":"1-3年","ItemId":"40002","Count":"4850"},{"Name":"3-5年","ItemId":"40003","Count":"4464"},{"Name":"5年以上","ItemId":"40004","Count":"1629"}]}
2016-12-09 16:02:01,510 [109] ERROR OASysRightManager2016.Common [(null)] - [GetJsonDataByResult]报错
System.NullReferenceException: 未将对象引用设置到对象的实例。
   在 BitAuto.DSC.OASysRightManager2016.Common.Common.Util.GetJsonDataByResult(Object obj, String message)
2016-12-09 16:02:01,565 [115] DEBUG EmpolyeeController [(null)] - {"Success":true,"Message":"成功","Data":[{"Name":"管理类","ItemId":"60001","Count":"1366"},{"Name":"销售客服类","ItemId":"60002","Count":"268"},{"Name":"产品开发类","ItemId":"60003","Count":"4774"},{"Name":"支持类","ItemId":"60004","Count":"3475"},{"Name":"编辑类","ItemId":"60005","Count":"3376"},{"Name":"市场类","ItemId":"60006","Count":"3360"}]}
2016-12-09 16:02:01,566 [115] ERROR OASysRightManager2016.Common [(null)] - [GetJsonDataByResult]报错
System.NullReferenceException: 未将对象引用设置到对象的实例。
   在 BitAuto.DSC.OASysRightManager2016.Common.Common.Util.GetJsonDataByResult(Object obj, String message)
2016-12-09 16:02:56,308 [102] DEBUG EmpolyeeController [(null)] - {"Success":true,"Message":"成功","Data":[{"Name":"1年以下","ItemId":"40001","Count":"1565"},{"Name":"1-3年","ItemId":"40002","Count":"4850"},{"Name":"3-5年","ItemId":"40003","Count":"4464"},{"Name":"5年以上","ItemId":"40004","Count":"1629"}]}
2016-12-09 16:02:56,308 [107] DEBUG EmpolyeeController [(null)] - {"Success":true,"Message":"成功","Data":[{"Name":"管理类","ItemId":"60001","Count":"1366"},{"Name":"销售客服类","ItemId":"60002","Count":"268"},{"Name":"产品开发类","ItemId":"60003","Count":"4774"},{"Name":"支持类","ItemId":"60004","Count":"3475"},{"Name":"编辑类","ItemId":"60005","Count":"3376"},{"Name":"市场类","ItemId":"60006","Count":"3360"}]}
2016-12-09 16:02:56,308 [102] ERROR OASysRightManager2016.Common [(null)] - [GetJsonDataByResult]报错
System.NullReferenceException: 未将对象引用设置到对象的实例。
   在 BitAuto.DSC.OASysRightManager2016.Common.Common.Util.GetJsonDataByResult(Object obj, String message)
2016-12-09 16:02:56,308 [107] ERROR OASysRightManager2016.Common [(null)] - [GetJsonDataByResult]报错
System.NullReferenceException: 未将对象引用设置到对象的实例。
   在 BitAuto.DSC.OASysRightManager2016.Common.Common.Util.GetJsonDataByResult(Object obj, String message)
2016-12-09 16:04:40,331 [115] DEBUG EmpolyeeController [(null)] - {"Success":true,"Message":"成功","Data":[{"Name":"1年以下","ItemId":"40001","Count":"1565"},{"Name":"1-3年","ItemId":"40002","Count":"4850"},{"Name":"3-5年","ItemId":"40003","Count":"4464"},{"Name":"5年以上","ItemId":"40004","Count":"1629"}]}
2016-12-09 16:04:40,331 [115] ERROR OASysRightManager2016.Common [(null)] - [GetJsonDataByResult]报错
System.NullReferenceException: 未将对象引用设置到对象的实例。
   在 BitAuto.DSC.OASysRightManager2016.Common.Common.Util.GetJsonDataByResult(Object obj, String message)
2016-12-09 16:04:40,334 [108] DEBUG EmpolyeeController [(null)] - {"Success":true,"Message":"成功","Data":[{"Name":"管理类","ItemId":"60001","Count":"1366"},{"Name":"销售客服类","ItemId":"60002","Count":"268"},{"Name":"产品开发类","ItemId":"60003","Count":"4774"},{"Name":"支持类","ItemId":"60004","Count":"3475"},{"Name":"编辑类","ItemId":"60005","Count":"3376"},{"Name":"市场类","ItemId":"60006","Count":"3360"}]}
2016-12-09 16:04:40,334 [108] ERROR OASysRightManager2016.Common [(null)] - [GetJsonDataByResult]报错
System.NullReferenceException: 未将对象引用设置到对象的实例。
   在 BitAuto.DSC.OASysRightManager2016.Common.Common.Util.GetJsonDataByResult(Object obj, String message)
2016-12-09 16:05:26,019 [101] DEBUG EmpolyeeController [(null)] - {"Success":true,"Message":"成功","Data":[{"Name":"1年以下","ItemId":"40001","Count":"1565"},{"Name":"1-3年","ItemId":"40002","Count":"4850"},{"Name":"3-5年","ItemId":"40003","Count":"4464"},{"Name":"5年以上","ItemId":"40004","Count":"1629"}]}
2016-12-09 16:05:26,020 [101] ERROR OASysRightManager2016.Common [(null)] - [GetJsonDataByResult]报错
System.NullReferenceException: 未将对象引用设置到对象的实例。
   在 BitAuto.DSC.OASysRightManager2016.Common.Common.Util.GetJsonDataByResult(Object obj, String message)
2016-12-09 16:05:26,025 [107] DEBUG EmpolyeeController [(null)] - {"Success":true,"Message":"成功","Data":[{"Name":"管理类","ItemId":"60001","Count":"1366"},{"Name":"销售客服类","ItemId":"60002","Count":"268"},{"Name":"产品开发类","ItemId":"60003","Count":"4774"},{"Name":"支持类","ItemId":"60004","Count":"3475"},{"Name":"编辑类","ItemId":"60005","Count":"3376"},{"Name":"市场类","ItemId":"60006","Count":"3360"}]}
2016-12-09 16:05:26,025 [107] ERROR OASysRightManager2016.Common [(null)] - [GetJsonDataByResult]报错
System.NullReferenceException: 未将对象引用设置到对象的实例。
   在 BitAuto.DSC.OASysRightManager2016.Common.Common.Util.GetJsonDataByResult(Object obj, String message)
2016-12-09 16:05:53,780 [94] DEBUG EmpolyeeController [(null)] - {"Success":true,"Message":"成功","Data":[{"Name":"1年以下","ItemId":"40001","Count":"1565"},{"Name":"1-3年","ItemId":"40002","Count":"4850"},{"Name":"3-5年","ItemId":"40003","Count":"4464"},{"Name":"5年以上","ItemId":"40004","Count":"1629"}]}
2016-12-09 16:05:53,780 [94] ERROR OASysRightManager2016.Common [(null)] - [GetJsonDataByResult]报错
System.NullReferenceException: 未将对象引用设置到对象的实例。
   在 BitAuto.DSC.OASysRightManager2016.Common.Common.Util.GetJsonDataByResult(Object obj, String message)
2016-12-09 16:05:53,808 [108] DEBUG EmpolyeeController [(null)] - {"Success":true,"Message":"成功","Data":[{"Name":"管理类","ItemId":"60001","Count":"1366"},{"Name":"销售客服类","ItemId":"60002","Count":"268"},{"Name":"产品开发类","ItemId":"60003","Count":"4774"},{"Name":"支持类","ItemId":"60004","Count":"3475"},{"Name":"编辑类","ItemId":"60005","Count":"3376"},{"Name":"市场类","ItemId":"60006","Count":"3360"}]}
2016-12-09 16:05:53,808 [108] ERROR OASysRightManager2016.Common [(null)] - [GetJsonDataByResult]报错
System.NullReferenceException: 未将对象引用设置到对象的实例。
   在 BitAuto.DSC.OASysRightManager2016.Common.Common.Util.GetJsonDataByResult(Object obj, String message)
2016-12-09 16:06:05,016 [102] DEBUG EmpolyeeController [(null)] - {"Success":true,"Message":"成功","Data":[{"Name":"1年以下","ItemId":"40001","Count":"1565"},{"Name":"1-3年","ItemId":"40002","Count":"4850"},{"Name":"3-5年","ItemId":"40003","Count":"4464"},{"Name":"5年以上","ItemId":"40004","Count":"1629"}]}
2016-12-09 16:06:05,017 [102] ERROR OASysRightManager2016.Common [(null)] - [GetJsonDataByResult]报错
System.NullReferenceException: 未将对象引用设置到对象的实例。
   在 BitAuto.DSC.OASysRightManager2016.Common.Common.Util.GetJsonDataByResult(Object obj, String message)
2016-12-09 16:06:05,019 [109] DEBUG EmpolyeeController [(null)] - {"Success":true,"Message":"成功","Data":[{"Name":"管理类","ItemId":"60001","Count":"1366"},{"Name":"销售客服类","ItemId":"60002","Count":"268"},{"Name":"产品开发类","ItemId":"60003","Count":"4774"},{"Name":"支持类","ItemId":"60004","Count":"3475"},{"Name":"编辑类","ItemId":"60005","Count":"3376"},{"Name":"市场类","ItemId":"60006","Count":"3360"}]}
2016-12-09 16:06:05,020 [109] ERROR OASysRightManager2016.Common [(null)] - [GetJsonDataByResult]报错
System.NullReferenceException: 未将对象引用设置到对象的实例。
   在 BitAuto.DSC.OASysRightManager2016.Common.Common.Util.GetJsonDataByResult(Object obj, String message)
2016-12-09 16:06:20,483 [127] DEBUG EmpolyeeController [(null)] - {"Success":true,"Message":"成功","Data":[{"Name":"管理类","ItemId":"60001","Count":"1366"},{"Name":"销售客服类","ItemId":"60002","Count":"268"},{"Name":"产品开发类","ItemId":"60003","Count":"4774"},{"Name":"支持类","ItemId":"60004","Count":"3475"},{"Name":"编辑类","ItemId":"60005","Count":"3376"},{"Name":"市场类","ItemId":"60006","Count":"3360"}]}
2016-12-09 16:06:20,483 [91] DEBUG EmpolyeeController [(null)] - {"Success":true,"Message":"成功","Data":[{"Name":"1年以下","ItemId":"40001","Count":"1565"},{"Name":"1-3年","ItemId":"40002","Count":"4850"},{"Name":"3-5年","ItemId":"40003","Count":"4464"},{"Name":"5年以上","ItemId":"40004","Count":"1629"}]}
2016-12-09 16:06:20,483 [127] ERROR OASysRightManager2016.Common [(null)] - [GetJsonDataByResult]报错
System.NullReferenceException: 未将对象引用设置到对象的实例。
   在 BitAuto.DSC.OASysRightManager2016.Common.Common.Util.GetJsonDataByResult(Object obj, String message)
2016-12-09 16:06:20,483 [91] ERROR OASysRightManager2016.Common [(null)] - [GetJsonDataByResult]报错
System.NullReferenceException: 未将对象引用设置到对象的实例。
   在 BitAuto.DSC.OASysRightManager2016.Common.Common.Util.GetJsonDataByResult(Object obj, String message)
2016-12-09 16:07:24,050 [100] DEBUG EmpolyeeController [(null)] - {"Success":true,"Message":"成功","Data":[{"Name":"1年以下","ItemId":"40001","Count":"1565"},{"Name":"1-3年","ItemId":"40002","Count":"4850"},{"Name":"3-5年","ItemId":"40003","Count":"4464"},{"Name":"5年以上","ItemId":"40004","Count":"1629"}]}
2016-12-09 16:07:24,050 [100] ERROR OASysRightManager2016.Common [(null)] - [GetJsonDataByResult]报错
System.NullReferenceException: 未将对象引用设置到对象的实例。
   在 BitAuto.DSC.OASysRightManager2016.Common.Common.Util.GetJsonDataByResult(Object obj, String message)
2016-12-09 16:07:24,052 [127] DEBUG EmpolyeeController [(null)] - {"Success":true,"Message":"成功","Data":[{"Name":"管理类","ItemId":"60001","Count":"1366"},{"Name":"销售客服类","ItemId":"60002","Count":"268"},{"Name":"产品开发类","ItemId":"60003","Count":"4774"},{"Name":"支持类","ItemId":"60004","Count":"3475"},{"Name":"编辑类","ItemId":"60005","Count":"3376"},{"Name":"市场类","ItemId":"60006","Count":"3360"}]}
2016-12-09 16:07:24,052 [127] ERROR OASysRightManager2016.Common [(null)] - [GetJsonDataByResult]报错
System.NullReferenceException: 未将对象引用设置到对象的实例。
   在 BitAuto.DSC.OASysRightManager2016.Common.Common.Util.GetJsonDataByResult(Object obj, String message)
2016-12-09 16:09:21,221 [109] DEBUG EmpolyeeController [(null)] - {"Success":true,"Message":"成功","Data":[{"Name":"1年以下","ItemId":"40001","Count":"1565"},{"Name":"1-3年","ItemId":"40002","Count":"4850"},{"Name":"3-5年","ItemId":"40003","Count":"4464"},{"Name":"5年以上","ItemId":"40004","Count":"1629"}]}
2016-12-09 16:09:21,222 [109] ERROR OASysRightManager2016.Common [(null)] - [GetJsonDataByResult]报错
System.NullReferenceException: 未将对象引用设置到对象的实例。
   在 BitAuto.DSC.OASysRightManager2016.Common.Common.Util.GetJsonDataByResult(Object obj, String message)
2016-12-09 16:09:21,223 [91] DEBUG EmpolyeeController [(null)] - {"Success":true,"Message":"成功","Data":[{"Name":"管理类","ItemId":"60001","Count":"1366"},{"Name":"销售客服类","ItemId":"60002","Count":"268"},{"Name":"产品开发类","ItemId":"60003","Count":"4774"},{"Name":"支持类","ItemId":"60004","Count":"3475"},{"Name":"编辑类","ItemId":"60005","Count":"3376"},{"Name":"市场类","ItemId":"60006","Count":"3360"}]}
2016-12-09 16:09:21,224 [91] ERROR OASysRightManager2016.Common [(null)] - [GetJsonDataByResult]报错
System.NullReferenceException: 未将对象引用设置到对象的实例。
   在 BitAuto.DSC.OASysRightManager2016.Common.Common.Util.GetJsonDataByResult(Object obj, String message)
2016-12-09 16:09:51,597 [107] DEBUG EmpolyeeController [(null)] - {"Success":true,"Message":"成功","Data":[{"Name":"1年以下","ItemId":"40001","Count":"1565"},{"Name":"1-3年","ItemId":"40002","Count":"4850"},{"Name":"3-5年","ItemId":"40003","Count":"4464"},{"Name":"5年以上","ItemId":"40004","Count":"1629"}]}
2016-12-09 16:09:51,598 [107] ERROR OASysRightManager2016.Common [(null)] - [GetJsonDataByResult]报错
System.NullReferenceException: 未将对象引用设置到对象的实例。
   在 BitAuto.DSC.OASysRightManager2016.Common.Common.Util.GetJsonDataByResult(Object obj, String message)
2016-12-09 16:09:51,600 [94] DEBUG EmpolyeeController [(null)] - {"Success":true,"Message":"成功","Data":[{"Name":"管理类","ItemId":"60001","Count":"1366"},{"Name":"销售客服类","ItemId":"60002","Count":"268"},{"Name":"产品开发类","ItemId":"60003","Count":"4774"},{"Name":"支持类","ItemId":"60004","Count":"3475"},{"Name":"编辑类","ItemId":"60005","Count":"3376"},{"Name":"市场类","ItemId":"60006","Count":"3360"}]}
2016-12-09 16:09:51,601 [94] ERROR OASysRightManager2016.Common [(null)] - [GetJsonDataByResult]报错
System.NullReferenceException: 未将对象引用设置到对象的实例。
   在 BitAuto.DSC.OASysRightManager2016.Common.Common.Util.GetJsonDataByResult(Object obj, String message)
2016-12-09 16:10:05,625 [91] DEBUG EmpolyeeController [(null)] - {"Success":true,"Message":"成功","Data":[{"Name":"1年以下","ItemId":"40001","Count":"1565"},{"Name":"1-3年","ItemId":"40002","Count":"4850"},{"Name":"3-5年","ItemId":"40003","Count":"4464"},{"Name":"5年以上","ItemId":"40004","Count":"1629"}]}
2016-12-09 16:10:05,626 [91] ERROR OASysRightManager2016.Common [(null)] - [GetJsonDataByResult]报错
System.NullReferenceException: 未将对象引用设置到对象的实例。
   在 BitAuto.DSC.OASysRightManager2016.Common.Common.Util.GetJsonDataByResult(Object obj, String message)
2016-12-09 16:10:05,627 [108] DEBUG EmpolyeeController [(null)] - {"Success":true,"Message":"成功","Data":[{"Name":"管理类","ItemId":"60001","Count":"1366"},{"Name":"销售客服类","ItemId":"60002","Count":"268"},{"Name":"产品开发类","ItemId":"60003","Count":"4774"},{"Name":"支持类","ItemId":"60004","Count":"3475"},{"Name":"编辑类","ItemId":"60005","Count":"3376"},{"Name":"市场类","ItemId":"60006","Count":"3360"}]}
2016-12-09 16:10:05,628 [108] ERROR OASysRightManager2016.Common [(null)] - [GetJsonDataByResult]报错
System.NullReferenceException: 未将对象引用设置到对象的实例。
   在 BitAuto.DSC.OASysRightManager2016.Common.Common.Util.GetJsonDataByResult(Object obj, String message)
2016-12-09 16:10:55,732 [91] DEBUG EmpolyeeController [(null)] - {"Success":true,"Message":"成功","Data":[{"Name":"1年以下","ItemId":"40001","Count":"1565"},{"Name":"1-3年","ItemId":"40002","Count":"4850"},{"Name":"3-5年","ItemId":"40003","Count":"4464"},{"Name":"5年以上","ItemId":"40004","Count":"1629"}]}
2016-12-09 16:10:55,732 [91] ERROR OASysRightManager2016.Common [(null)] - [GetJsonDataByResult]报错
System.NullReferenceException: 未将对象引用设置到对象的实例。
   在 BitAuto.DSC.OASysRightManager2016.Common.Common.Util.GetJsonDataByResult(Object obj, String message)
2016-12-09 16:10:55,768 [94] DEBUG EmpolyeeController [(null)] - {"Success":true,"Message":"成功","Data":[{"Name":"管理类","ItemId":"60001","Count":"1366"},{"Name":"销售客服类","ItemId":"60002","Count":"268"},{"Name":"产品开发类","ItemId":"60003","Count":"4774"},{"Name":"支持类","ItemId":"60004","Count":"3475"},{"Name":"编辑类","ItemId":"60005","Count":"3376"},{"Name":"市场类","ItemId":"60006","Count":"3360"}]}
2016-12-09 16:10:55,769 [94] ERROR OASysRightManager2016.Common [(null)] - [GetJsonDataByResult]报错
System.NullReferenceException: 未将对象引用设置到对象的实例。
   在 BitAuto.DSC.OASysRightManager2016.Common.Common.Util.GetJsonDataByResult(Object obj, String message)
2016-12-09 16:11:11,757 [91] DEBUG EmpolyeeController [(null)] - {"Success":true,"Message":"成功","Data":[{"Name":"1年以下","ItemId":"40001","Count":"1565"},{"Name":"1-3年","ItemId":"40002","Count":"4850"},{"Name":"3-5年","ItemId":"40003","Count":"4464"},{"Name":"5年以上","ItemId":"40004","Count":"1629"}]}
2016-12-09 16:11:11,757 [91] ERROR OASysRightManager2016.Common [(null)] - [GetJsonDataByResult]报错
System.NullReferenceException: 未将对象引用设置到对象的实例。
   在 BitAuto.DSC.OASysRightManager2016.Common.Common.Util.GetJsonDataByResult(Object obj, String message)
2016-12-09 16:11:11,799 [99] DEBUG EmpolyeeController [(null)] - {"Success":true,"Message":"成功","Data":[{"Name":"管理类","ItemId":"60001","Count":"1366"},{"Name":"销售客服类","ItemId":"60002","Count":"268"},{"Name":"产品开发类","ItemId":"60003","Count":"4774"},{"Name":"支持类","ItemId":"60004","Count":"3475"},{"Name":"编辑类","ItemId":"60005","Count":"3376"},{"Name":"市场类","ItemId":"60006","Count":"3360"}]}
2016-12-09 16:11:11,799 [99] ERROR OASysRightManager2016.Common [(null)] - [GetJsonDataByResult]报错
System.NullReferenceException: 未将对象引用设置到对象的实例。
   在 BitAuto.DSC.OASysRightManager2016.Common.Common.Util.GetJsonDataByResult(Object obj, String message)
2016-12-09 16:11:23,141 [107] DEBUG EmpolyeeController [(null)] - {"Success":true,"Message":"成功","Data":[{"Name":"1年以下","ItemId":"40001","Count":"1565"},{"Name":"1-3年","ItemId":"40002","Count":"4850"},{"Name":"3-5年","ItemId":"40003","Count":"4464"},{"Name":"5年以上","ItemId":"40004","Count":"1629"}]}
2016-12-09 16:11:23,142 [107] ERROR OASysRightManager2016.Common [(null)] - [GetJsonDataByResult]报错
System.NullReferenceException: 未将对象引用设置到对象的实例。
   在 BitAuto.DSC.OASysRightManager2016.Common.Common.Util.GetJsonDataByResult(Object obj, String message)
2016-12-09 16:11:23,143 [102] DEBUG EmpolyeeController [(null)] - {"Success":true,"Message":"成功","Data":[{"Name":"管理类","ItemId":"60001","Count":"1366"},{"Name":"销售客服类","ItemId":"60002","Count":"268"},{"Name":"产品开发类","ItemId":"60003","Count":"4774"},{"Name":"支持类","ItemId":"60004","Count":"3475"},{"Name":"编辑类","ItemId":"60005","Count":"3376"},{"Name":"市场类","ItemId":"60006","Count":"3360"}]}
2016-12-09 16:11:23,143 [102] ERROR OASysRightManager2016.Common [(null)] - [GetJsonDataByResult]报错
System.NullReferenceException: 未将对象引用设置到对象的实例。
   在 BitAuto.DSC.OASysRightManager2016.Common.Common.Util.GetJsonDataByResult(Object obj, String message)
2016-12-09 16:14:25,796 [127] DEBUG EmpolyeeController [(null)] - {"Success":true,"Message":"成功","Data":[{"Name":"1年以下","ItemId":"40001","Count":"1565"},{"Name":"1-3年","ItemId":"40002","Count":"4850"},{"Name":"3-5年","ItemId":"40003","Count":"4464"},{"Name":"5年以上","ItemId":"40004","Count":"1629"}]}
2016-12-09 16:14:25,797 [127] ERROR OASysRightManager2016.Common [(null)] - [GetJsonDataByResult]报错
System.NullReferenceException: 未将对象引用设置到对象的实例。
   在 BitAuto.DSC.OASysRightManager2016.Common.Common.Util.GetJsonDataByResult(Object obj, String message)
2016-12-09 16:14:25,807 [101] DEBUG EmpolyeeController [(null)] - {"Success":true,"Message":"成功","Data":[{"Name":"管理类","ItemId":"60001","Count":"1366"},{"Name":"销售客服类","ItemId":"60002","Count":"268"},{"Name":"产品开发类","ItemId":"60003","Count":"4774"},{"Name":"支持类","ItemId":"60004","Count":"3475"},{"Name":"编辑类","ItemId":"60005","Count":"3376"},{"Name":"市场类","ItemId":"60006","Count":"3360"}]}
2016-12-09 16:14:25,807 [101] ERROR OASysRightManager2016.Common [(null)] - [GetJsonDataByResult]报错
System.NullReferenceException: 未将对象引用设置到对象的实例。
   在 BitAuto.DSC.OASysRightManager2016.Common.Common.Util.GetJsonDataByResult(Object obj, String message)
2016-12-09 16:18:05,379 [99] DEBUG EmpolyeeController [(null)] - {"Success":true,"Message":"成功","Data":[{"Name":"1年以下","ItemId":"40001","Count":"1565"},{"Name":"1-3年","ItemId":"40002","Count":"4850"},{"Name":"3-5年","ItemId":"40003","Count":"4464"},{"Name":"5年以上","ItemId":"40004","Count":"1629"}]}
2016-12-09 16:18:05,379 [101] DEBUG EmpolyeeController [(null)] - {"Success":true,"Message":"成功","Data":[{"Name":"管理类","ItemId":"60001","Count":"1366"},{"Name":"销售客服类","ItemId":"60002","Count":"268"},{"Name":"产品开发类","ItemId":"60003","Count":"4774"},{"Name":"支持类","ItemId":"60004","Count":"3475"},{"Name":"编辑类","ItemId":"60005","Count":"3376"},{"Name":"市场类","ItemId":"60006","Count":"3360"}]}
2016-12-09 16:18:05,451 [101] ERROR OASysRightManager2016.Common [(null)] - [GetJsonDataByResult]报错
System.NullReferenceException: 未将对象引用设置到对象的实例。
   在 BitAuto.DSC.OASysRightManager2016.Common.Common.Util.GetJsonDataByResult(Object obj, String message)
2016-12-09 16:18:05,451 [99] ERROR OASysRightManager2016.Common [(null)] - [GetJsonDataByResult]报错
System.NullReferenceException: 未将对象引用设置到对象的实例。
   在 BitAuto.DSC.OASysRightManager2016.Common.Common.Util.GetJsonDataByResult(Object obj, String message)
2016-12-09 16:18:20,689 [99] DEBUG EmpolyeeController [(null)] - {"Success":true,"Message":"成功","Data":[{"Name":"1年以下","ItemId":"40001","Count":"1565"},{"Name":"1-3年","ItemId":"40002","Count":"4850"},{"Name":"3-5年","ItemId":"40003","Count":"4464"},{"Name":"5年以上","ItemId":"40004","Count":"1629"}]}
2016-12-09 16:18:20,690 [99] ERROR OASysRightManager2016.Common [(null)] - [GetJsonDataByResult]报错
System.NullReferenceException: 未将对象引用设置到对象的实例。
   在 BitAuto.DSC.OASysRightManager2016.Common.Common.Util.GetJsonDataByResult(Object obj, String message)
2016-12-09 16:18:20,691 [96] DEBUG EmpolyeeController [(null)] - {"Success":true,"Message":"成功","Data":[{"Name":"管理类","ItemId":"60001","Count":"1366"},{"Name":"销售客服类","ItemId":"60002","Count":"268"},{"Name":"产品开发类","ItemId":"60003","Count":"4774"},{"Name":"支持类","ItemId":"60004","Count":"3475"},{"Name":"编辑类","ItemId":"60005","Count":"3376"},{"Name":"市场类","ItemId":"60006","Count":"3360"}]}
2016-12-09 16:18:20,691 [96] ERROR OASysRightManager2016.Common [(null)] - [GetJsonDataByResult]报错
System.NullReferenceException: 未将对象引用设置到对象的实例。
   在 BitAuto.DSC.OASysRightManager2016.Common.Common.Util.GetJsonDataByResult(Object obj, String message)
2016-12-09 17:11:59,857 [7] ERROR OASysRightManager2016.Common [(null)] - [GetJsonDataByResult]报错
System.NullReferenceException: 未将对象引用设置到对象的实例。
   在 BitAuto.DSC.OASysRightManager2016.Common.Common.Util.GetJsonDataByResult(Object obj, String message)
2016-12-09 17:11:59,857 [5] ERROR OASysRightManager2016.Common [(null)] - [GetJsonDataByResult]报错
System.NullReferenceException: 未将对象引用设置到对象的实例。
   在 BitAuto.DSC.OASysRightManager2016.Common.Common.Util.GetJsonDataByResult(Object obj, String message)
