2018-05-29 14:04:59,468 [5] INFO  BaseLog [(null)] - [IsAuthorized]IsCheckIP=False,IsCheckLogin=True,CheckModuleRight=,用户请求的地址=http://admin1.chitunion.com/api/Authorize/GetMenuInfo,UrlRefer=http://admin1.chitunion.com/FinanceManager/AuditDetails.html?recid=22
2018-05-29 14:04:59,468 [12] INFO  BaseLog [(null)] - [IsAuthorized]IsCheckIP=False,IsCheckLogin=True,CheckModuleRight=,用户请求的地址=http://admin1.chitunion.com/api/Withdrawals/GetAuditDetails?WithdrawalsId=22&r=0.22512463411325723,UrlRefer=http://admin1.chitunion.com/FinanceManager/AuditDetails.html?recid=22
2018-05-29 14:04:59,958 [6] INFO  BaseLog [(null)] - 
请求的url地址：http://admin1.chitunion.com/api/Withdrawals/GetAuditDetails?WithdrawalsId=22&r=0.22512463411325723
执行的时间:236.6296ms
请求的参数:{"CheckLogin":true,"request":{"WithdrawalsId":22,"AuditStatus":0,"RejectMsg":null}}
返回的结果:{"Status":0,"Message":null,"Result":{"RecId":22,"TrueName":null,"UserName":null,"UserTypeName":null,"ApplicationDate":"2018-01-30 17:10:49","PayeeAccount":"13717519733","AccumulatedIncome":5000.00,"HaveWithdrawals":0.00,"WithdrawalsPrice":800.00,"IndividualTaxPeice":0.00,"PracticalPrice":800.00,"PayeeID":1552,"AuditStatus":197003,"IsInsideEmployee":false},"IsOverdue":null}

2018-05-29 14:24:32,322 [59] INFO  BaseLog [(null)] - [IsAuthorized]IsCheckIP=False,IsCheckLogin=True,CheckModuleRight=,用户请求的地址=http://admin1.chitunion.com/api/Authorize/GetMenuInfo,UrlRefer=http://admin1.chitunion.com/FinanceManager/AuditDetails.html?recid=22
2018-05-29 14:24:32,322 [48] INFO  BaseLog [(null)] - [IsAuthorized]IsCheckIP=False,IsCheckLogin=True,CheckModuleRight=,用户请求的地址=http://admin1.chitunion.com/api/Withdrawals/GetAuditDetails?WithdrawalsId=22&r=0.0015666741948036078,UrlRefer=http://admin1.chitunion.com/FinanceManager/AuditDetails.html?recid=22
2018-05-29 14:24:32,508 [50] INFO  BaseLog [(null)] - 
请求的url地址：http://admin1.chitunion.com/api/Withdrawals/GetAuditDetails?WithdrawalsId=22&r=0.0015666741948036078
执行的时间:46.1237ms
请求的参数:{"CheckLogin":true,"request":{"WithdrawalsId":22,"AuditStatus":0,"RejectMsg":null}}
返回的结果:{"Status":0,"Message":null,"Result":{"RecId":22,"TrueName":null,"UserName":null,"UserTypeName":null,"ApplicationDate":"2018-01-30 17:10:49","PayeeAccount":"13717519733","AccumulatedIncome":5000.00,"HaveWithdrawals":0.00,"WithdrawalsPrice":800.00,"IndividualTaxPeice":0.00,"PracticalPrice":800.00,"PayeeID":1552,"AuditStatus":197003,"IsInsideEmployee":false},"IsOverdue":null}

2018-05-29 14:32:13,807 [39] INFO  BaseLog [(null)] - [IsAuthorized]IsCheckIP=False,IsCheckLogin=True,CheckModuleRight=,用户请求的地址=http://admin1.chitunion.com/api/Withdrawals/GetAuditDetails?WithdrawalsId=22&r=0.10003285464206146,UrlRefer=http://admin1.chitunion.com/FinanceManager/AuditDetails.html?recid=22
2018-05-29 14:32:13,811 [40] INFO  BaseLog [(null)] - [IsAuthorized]IsCheckIP=False,IsCheckLogin=True,CheckModuleRight=,用户请求的地址=http://admin1.chitunion.com/api/Authorize/GetMenuInfo,UrlRefer=http://admin1.chitunion.com/FinanceManager/AuditDetails.html?recid=22
2018-05-29 14:32:13,885 [39] INFO  BaseLog [(null)] - 
请求的url地址：http://admin1.chitunion.com/api/Withdrawals/GetAuditDetails?WithdrawalsId=22&r=0.10003285464206146
执行的时间:5.0132ms
请求的参数:{"CheckLogin":true,"request":{"WithdrawalsId":22,"AuditStatus":0,"RejectMsg":null}}
返回的结果:{"Status":0,"Message":null,"Result":{"RecId":22,"TrueName":null,"UserName":null,"UserTypeName":null,"ApplicationDate":"2018-01-30 17:10:49","PayeeAccount":"13717519733","AccumulatedIncome":5000.00,"HaveWithdrawals":0.00,"WithdrawalsPrice":800.00,"IndividualTaxPeice":0.00,"PracticalPrice":800.00,"PayeeID":1552,"AuditStatus":197003,"IsInsideEmployee":false},"IsOverdue":null}

2018-05-29 14:33:10,603 [30] INFO  BaseLog [(null)] - [IsAuthorized]IsCheckIP=False,IsCheckLogin=True,CheckModuleRight=,用户请求的地址=http://admin1.chitunion.com/api/Withdrawals/GetAuditDetails?WithdrawalsId=22&r=0.3184956934504567,UrlRefer=http://admin1.chitunion.com/FinanceManager/AuditDetails.html?recid=22
2018-05-29 14:33:10,621 [31] INFO  BaseLog [(null)] - 
请求的url地址：http://admin1.chitunion.com/api/Withdrawals/GetAuditDetails?WithdrawalsId=22&r=0.3184956934504567
执行的时间:4.0107ms
请求的参数:{"CheckLogin":true,"request":{"WithdrawalsId":22,"AuditStatus":0,"RejectMsg":null}}
返回的结果:{"Status":0,"Message":null,"Result":{"RecId":22,"TrueName":null,"UserName":null,"UserTypeName":null,"ApplicationDate":"2018-01-30 17:10:49","PayeeAccount":"13717519733","AccumulatedIncome":5000.00,"HaveWithdrawals":0.00,"WithdrawalsPrice":800.00,"IndividualTaxPeice":0.00,"PracticalPrice":800.00,"PayeeID":1552,"AuditStatus":197003,"IsInsideEmployee":false},"IsOverdue":null}

2018-05-29 14:33:10,624 [30] INFO  BaseLog [(null)] - [IsAuthorized]IsCheckIP=False,IsCheckLogin=True,CheckModuleRight=,用户请求的地址=http://admin1.chitunion.com/api/Authorize/GetMenuInfo,UrlRefer=http://admin1.chitunion.com/FinanceManager/AuditDetails.html?recid=22
2018-05-29 14:33:14,459 [34] INFO  BaseLog [(null)] - [IsAuthorized]IsCheckIP=False,IsCheckLogin=True,CheckModuleRight=,用户请求的地址=http://admin1.chitunion.com/api/Authorize/GetMenuInfo,UrlRefer=http://admin1.chitunion.com/wechatmanager/sendtempmsg.html
2018-05-29 14:33:14,462 [32] INFO  BaseLog [(null)] - [IsAuthorized]IsCheckIP=False,IsCheckLogin=True,CheckModuleRight=,用户请求的地址=http://admin1.chitunion.com/api/WeChatManage/GetWxTempData,UrlRefer=http://admin1.chitunion.com/wechatmanager/sendtempmsg.html
2018-05-29 14:33:14,519 [30] INFO  BaseLog [(null)] - 
请求的url地址：http://admin1.chitunion.com/api/WeChatManage/GetWxTempData
执行的时间:16.0423ms
请求的参数:{"CheckLogin":true}
返回的结果:{"Status":0,"Message":"OK","Result":[{"WxNum":"赤兔联盟","AppId":"wxf0eea6fec2756b45","AppSecret":null,"TempList":[{"Id":"xcYZULiFuEkq5BXtY_EjLSiBXonOeVDhYmben6ub2QE","Title":"活动成行通知","Content":"{{first.DATA}}<br/>活动名：{{keyword1.DATA}}<br/>报名人数：{{keyword2.DATA}}<br/>{{remark.DATA}}","Desc":"你发起的活动太火，报名踊跃，活动已确定成行，您可以到活动页面去设置哪些人获得“早到奖”了。玩的开心！<br/>活动名：深圳的中秋活动<br/>报名人数：9<br/>感谢使用，查看活动详情>>;","Paras":"first,keyword1,keyword2,remark"},{"Id":"xxx","Title":"收益到账提醒","Content":"{{first.DATA}}<br/>到帐时间：{{keyword1.DATA}}<br/>到账金额：{{keyword2.DATA}}<br/>收益产品：{{keyword3.DATA}}<br/>{{remark.DATA}}","Desc":"您有一笔收益已经到账，请注意查收\r\n到帐时间：2015年5月13日  14：29：29<br/>到账金额：10000元<br/>收益产品：某某产品<br/>感谢您的支持！","Paras":"first,keyword1,keyword2,keyword3,remark"}]}],"IsOverdue":null}

2018-05-29 14:34:02,645 [34] INFO  BaseLog [(null)] - [IsAuthorized]IsCheckIP=False,IsCheckLogin=True,CheckModuleRight=,用户请求的地址=http://admin1.chitunion.com/api/WeChatManage/SendWxTempData,UrlRefer=http://admin1.chitunion.com/wechatmanager/sendtempmsg.html
2018-05-29 14:34:03,464 [34] ERROR BaseLog [(null)] - 在appid=wxf0eea6fec2756b45中，给openid=oSuvAwd83BKntOB2XQI1k6hNzMoQ，用模板id=xcYZULiFuEkq5BXtY_EjLSiBXonOeVDhYmben6ub2QE，发送消息失败
Senparc.Weixin.Exceptions.ErrorJsonResultException: 微信Post请求发生错误！错误代码：40003，说明：invalid openid hint: [0671ge31]
   在 Senparc.Weixin.HttpUtility.Post.GetResult[T](String returnText)
   在 Senparc.Weixin.HttpUtility.Post.PostGetJson[T](String url, CookieContainer cookieContainer, Stream fileStream, Encoding encoding, X509Certificate2 cer, Boolean useAjax, Int32 timeOut, Boolean checkValidationResult)
   在 Senparc.Weixin.CommonAPIs.CommonJsonSend.Send[T](String accessToken, String urlFormat, Object data, CommonJsonSendType sendType, Int32 timeOut, Boolean checkValidationResult, JsonSetting jsonSetting)
   在 Senparc.Weixin.MP.CommonAPIs.CommonJsonSend.Send[T](String accessToken, String urlFormat, Object data, CommonJsonSendType sendType, Int32 timeOut, Boolean checkValidationResult, JsonSetting jsonSetting)
   在 Senparc.Weixin.MP.AdvancedAPIs.TemplateApi.<>c__DisplayClass1_0.<SendTemplateMessage>b__0(String accessToken)
   在 Senparc.Weixin.CommonAPIs.ApiHandlerWapper.ApiHandlerWapperBase.TryCommonApiBase[T](PlatformType platformType, Func`1 accessTokenContainer_GetFirstOrDefaultAppIdFunc, Func`2 accessTokenContainer_CheckRegisteredFunc, Func`3 accessTokenContainer_GetAccessTokenResultFunc, Int32 invalidCredentialValue, Func`2 fun, String accessTokenOrAppId, Boolean retryIfFaild)
   在 Senparc.Weixin.MP.ApiHandlerWapper.TryCommonApi[T](Func`2 fun, String accessTokenOrAppId, Boolean retryIfFaild)
   在 Senparc.Weixin.MP.AdvancedAPIs.TemplateApi.SendTemplateMessage(String accessTokenOrAppId, String openId, String templateId, String url, Object data, TempleteModel_MiniProgram miniProgram, Int32 timeOut)
   在 XYAuto.ITSC.Chitunion2017.BLL.WeChat.TempHelper.SendTempMsg(String appId, String openId, String templateId, String url, Object objData) 位置 D:\GitRoot（C）\A5信息系统研发\销售业务管理平台\赤兔联盟系统\XYAuto.ITSC.Chitunion2017.BLL\WeChat\TempHelper.cs:行号 51
2018-05-29 14:34:04,024 [29] INFO  BaseLog [(null)] - 
请求的url地址：http://admin1.chitunion.com/api/WeChatManage/SendWxTempData
执行的时间:1344.5713ms
请求的参数:{"CheckLogin":true,"req":{"AppId":"wxf0eea6fec2756b45","AppSecret":null,"WxTempId":"xcYZULiFuEkq5BXtY_EjLSiBXonOeVDhYmben6ub2QE","WxTempParas":"{\"first\":\"1\",\"keyword1\":\"2\",\"keyword2\":\"34\",\"remark\":\"4\"}","WxTempUrl":null,"SendOpenIds":"oSuvAwd83BKntOB2XQI1k6hNzMoQ"}}
返回的结果:{"Status":-1,"Message":"在appid=wxf0eea6fec2756b45中，给openid=oSuvAwd83BKntOB2XQI1k6hNzMoQ，用模板id=xcYZULiFuEkq5BXtY_EjLSiBXonOeVDhYmben6ub2QE，发送消息失败","Result":null,"IsOverdue":null}

2018-05-29 14:34:42,181 [29] INFO  BaseLog [(null)] - [IsAuthorized]IsCheckIP=False,IsCheckLogin=True,CheckModuleRight=,用户请求的地址=http://admin1.chitunion.com/api/WeChatManage/SendWxTempData,UrlRefer=http://admin1.chitunion.com/wechatmanager/sendtempmsg.html
2018-05-29 14:34:42,528 [29] INFO  BaseLog [(null)] - 发送模板消息完成，appId=wxf0eea6fec2756b45,openId=ohvZzwIpMW_ROfDf7N9IvbdNrpHg,templateId=xcYZULiFuEkq5BXtY_EjLSiBXonOeVDhYmben6ub2QE,url=, objData={"first":{"value":"1","color":"#173177"},"keyword1":{"value":"2","color":"#173177"},"keyword2":{"value":"34","color":"#173177"},"remark":{"value":"4","color":"#173177"}},result={"msgid":301712054534815744,"errcode":0,"ErrorCodeValue":0,"errmsg":"ok","P2PData":null}
2018-05-29 14:34:42,535 [33] INFO  BaseLog [(null)] - 
请求的url地址：http://admin1.chitunion.com/api/WeChatManage/SendWxTempData
执行的时间:342.9113ms
请求的参数:{"CheckLogin":true,"req":{"AppId":"wxf0eea6fec2756b45","AppSecret":null,"WxTempId":"xcYZULiFuEkq5BXtY_EjLSiBXonOeVDhYmben6ub2QE","WxTempParas":"{\"first\":\"1\",\"keyword1\":\"2\",\"keyword2\":\"34\",\"remark\":\"4\"}","WxTempUrl":null,"SendOpenIds":"ohvZzwIpMW_ROfDf7N9IvbdNrpHg"}}
返回的结果:{"Status":0,"Message":"","Result":null,"IsOverdue":null}

2018-05-29 14:34:58,212 [38] INFO  BaseLog [(null)] - [IsAuthorized]IsCheckIP=False,IsCheckLogin=True,CheckModuleRight=,用户请求的地址=http://admin1.chitunion.com/api/WeChatManage/SendWxTempDataAsync,UrlRefer=http://admin1.chitunion.com/wechatmanager/sendtempmsg.html
2018-05-29 14:34:58,225 [29] INFO  BaseLog [(null)] - 
请求的url地址：http://admin1.chitunion.com/api/WeChatManage/SendWxTempDataAsync
执行的时间:2.0046ms
请求的参数:{"CheckLogin":true,"req":{"AppId":"wxf0eea6fec2756b45","AppSecret":null,"WxTempId":"xcYZULiFuEkq5BXtY_EjLSiBXonOeVDhYmben6ub2QE","WxTempParas":"{\"first\":\"1\",\"keyword1\":\"2\",\"keyword2\":\"34\",\"remark\":\"4\"}","WxTempUrl":null,"SendOpenIds":"ohvZzwIpMW_ROfDf7N9IvbdNrpHg"}}
返回的结果:{"Status":0,"Message":"","Result":null,"IsOverdue":null}

2018-05-29 14:34:58,548 [20] INFO  BaseLog [(null)] - 发送模板消息完成，appId=wxf0eea6fec2756b45,openId=ohvZzwIpMW_ROfDf7N9IvbdNrpHg,templateId=xcYZULiFuEkq5BXtY_EjLSiBXonOeVDhYmben6ub2QE,url=, objData={"first":{"value":"1","color":"#173177"},"keyword1":{"value":"2","color":"#173177"},"keyword2":{"value":"34","color":"#173177"},"remark":{"value":"4","color":"#173177"}},result={"msgid":301712323725246464,"errcode":0,"ErrorCodeValue":0,"errmsg":"ok","P2PData":null}
2018-05-29 14:35:08,925 [30] INFO  BaseLog [(null)] - [IsAuthorized]IsCheckIP=False,IsCheckLogin=True,CheckModuleRight=,用户请求的地址=http://admin1.chitunion.com/api/WeChatManage/GetWxTempData,UrlRefer=http://admin1.chitunion.com/wechatmanager/sendtempmsg.html
2018-05-29 14:35:08,926 [29] INFO  BaseLog [(null)] - [IsAuthorized]IsCheckIP=False,IsCheckLogin=True,CheckModuleRight=,用户请求的地址=http://admin1.chitunion.com/api/Authorize/GetMenuInfo,UrlRefer=http://admin1.chitunion.com/wechatmanager/sendtempmsg.html
2018-05-29 14:35:08,939 [38] INFO  BaseLog [(null)] - 
请求的url地址：http://admin1.chitunion.com/api/WeChatManage/GetWxTempData
执行的时间:0.9992ms
请求的参数:{"CheckLogin":true}
返回的结果:{"Status":0,"Message":"OK","Result":[{"WxNum":"赤兔联盟","AppId":"wxf0eea6fec2756b45","AppSecret":null,"TempList":[{"Id":"xcYZULiFuEkq5BXtY_EjLSiBXonOeVDhYmben6ub2QE","Title":"活动成行通知","Content":"{{first.DATA}}<br/>活动名：{{keyword1.DATA}}<br/>报名人数：{{keyword2.DATA}}<br/>{{remark.DATA}}","Desc":"你发起的活动太火，报名踊跃，活动已确定成行，您可以到活动页面去设置哪些人获得“早到奖”了。玩的开心！<br/>活动名：深圳的中秋活动<br/>报名人数：9<br/>感谢使用，查看活动详情>>;","Paras":"first,keyword1,keyword2,remark"},{"Id":"xxx","Title":"收益到账提醒","Content":"{{first.DATA}}<br/>到帐时间：{{keyword1.DATA}}<br/>到账金额：{{keyword2.DATA}}<br/>收益产品：{{keyword3.DATA}}<br/>{{remark.DATA}}","Desc":"您有一笔收益已经到账，请注意查收\r\n到帐时间：2015年5月13日  14：29：29<br/>到账金额：10000元<br/>收益产品：某某产品<br/>感谢您的支持！","Paras":"first,keyword1,keyword2,keyword3,remark"}]}],"IsOverdue":null}

2018-05-29 14:37:35,282 [29] INFO  BaseLog [(null)] - [IsAuthorized]IsCheckIP=False,IsCheckLogin=True,CheckModuleRight=,用户请求的地址=http://admin1.chitunion.com/api/WeChatManage/GetWxTempData,UrlRefer=http://admin1.chitunion.com/wechatmanager/sendtempmsg.html
2018-05-29 14:37:35,284 [30] INFO  BaseLog [(null)] - [IsAuthorized]IsCheckIP=False,IsCheckLogin=True,CheckModuleRight=,用户请求的地址=http://admin1.chitunion.com/api/Authorize/GetMenuInfo,UrlRefer=http://admin1.chitunion.com/wechatmanager/sendtempmsg.html
2018-05-29 14:37:35,295 [60] INFO  BaseLog [(null)] - 
请求的url地址：http://admin1.chitunion.com/api/WeChatManage/GetWxTempData
执行的时间:1.0028ms
请求的参数:{"CheckLogin":true}
返回的结果:{"Status":0,"Message":"OK","Result":[{"WxNum":"赤兔联盟","AppId":"wxf0eea6fec2756b45","AppSecret":null,"TempList":[{"Id":"xcYZULiFuEkq5BXtY_EjLSiBXonOeVDhYmben6ub2QE","Title":"活动成行通知","Content":"{{first.DATA}}<br/>活动名：{{keyword1.DATA}}<br/>报名人数：{{keyword2.DATA}}<br/>{{remark.DATA}}","Desc":"你发起的活动太火，报名踊跃，活动已确定成行，您可以到活动页面去设置哪些人获得“早到奖”了。玩的开心！<br/>活动名：深圳的中秋活动<br/>报名人数：9<br/>感谢使用，查看活动详情>>;","Paras":"first,keyword1,keyword2,remark"},{"Id":"xxx","Title":"收益到账提醒","Content":"{{first.DATA}}<br/>到帐时间：{{keyword1.DATA}}<br/>到账金额：{{keyword2.DATA}}<br/>收益产品：{{keyword3.DATA}}<br/>{{remark.DATA}}","Desc":"您有一笔收益已经到账，请注意查收\r\n到帐时间：2015年5月13日  14：29：29<br/>到账金额：10000元<br/>收益产品：某某产品<br/>感谢您的支持！","Paras":"first,keyword1,keyword2,keyword3,remark"}]}],"IsOverdue":null}

2018-05-29 14:38:04,020 [30] INFO  BaseLog [(null)] - [IsAuthorized]IsCheckIP=False,IsCheckLogin=True,CheckModuleRight=,用户请求的地址=http://admin1.chitunion.com/api/WeChatManage/GetWxTempData,UrlRefer=http://admin1.chitunion.com/wechatmanager/sendtempmsg.html
2018-05-29 14:38:04,033 [43] INFO  BaseLog [(null)] - 
请求的url地址：http://admin1.chitunion.com/api/WeChatManage/GetWxTempData
执行的时间:1.0021ms
请求的参数:{"CheckLogin":true}
返回的结果:{"Status":0,"Message":"OK","Result":[{"WxNum":"赤兔联盟","AppId":"wxf0eea6fec2756b45","AppSecret":null,"TempList":[{"Id":"xcYZULiFuEkq5BXtY_EjLSiBXonOeVDhYmben6ub2QE","Title":"活动成行通知","Content":"{{first.DATA}}<br/>活动名：{{keyword1.DATA}}<br/>报名人数：{{keyword2.DATA}}<br/>{{remark.DATA}}","Desc":"你发起的活动太火，报名踊跃，活动已确定成行，您可以到活动页面去设置哪些人获得“早到奖”了。玩的开心！<br/>活动名：深圳的中秋活动<br/>报名人数：9<br/>感谢使用，查看活动详情>>;","Paras":"first,keyword1,keyword2,remark"},{"Id":"xxx","Title":"收益到账提醒","Content":"{{first.DATA}}<br/>到帐时间：{{keyword1.DATA}}<br/>到账金额：{{keyword2.DATA}}<br/>收益产品：{{keyword3.DATA}}<br/>{{remark.DATA}}","Desc":"您有一笔收益已经到账，请注意查收\r\n到帐时间：2015年5月13日  14：29：29<br/>到账金额：10000元<br/>收益产品：某某产品<br/>感谢您的支持！","Paras":"first,keyword1,keyword2,keyword3,remark"}]}],"IsOverdue":null}

2018-05-29 14:38:04,037 [55] INFO  BaseLog [(null)] - [IsAuthorized]IsCheckIP=False,IsCheckLogin=True,CheckModuleRight=,用户请求的地址=http://admin1.chitunion.com/api/Authorize/GetMenuInfo,UrlRefer=http://admin1.chitunion.com/wechatmanager/sendtempmsg.html
2018-05-29 14:38:24,534 [8] INFO  BaseLog [(null)] - [IsAuthorized]IsCheckIP=False,IsCheckLogin=True,CheckModuleRight=,用户请求的地址=http://admin1.chitunion.com/api/WeChatManage/GetWxTempData,UrlRefer=http://admin1.chitunion.com/wechatmanager/sendtempmsg.html
2018-05-29 14:38:24,535 [43] INFO  BaseLog [(null)] - [IsAuthorized]IsCheckIP=False,IsCheckLogin=True,CheckModuleRight=,用户请求的地址=http://admin1.chitunion.com/api/Authorize/GetMenuInfo,UrlRefer=http://admin1.chitunion.com/wechatmanager/sendtempmsg.html
2018-05-29 14:38:24,549 [56] INFO  BaseLog [(null)] - 
请求的url地址：http://admin1.chitunion.com/api/WeChatManage/GetWxTempData
执行的时间:0ms
请求的参数:{"CheckLogin":true}
返回的结果:{"Status":0,"Message":"OK","Result":[{"WxNum":"赤兔联盟","AppId":"wxf0eea6fec2756b45","AppSecret":null,"TempList":[{"Id":"xcYZULiFuEkq5BXtY_EjLSiBXonOeVDhYmben6ub2QE","Title":"活动成行通知","Content":"{{first.DATA}}<br/>活动名：{{keyword1.DATA}}<br/>报名人数：{{keyword2.DATA}}<br/>{{remark.DATA}}","Desc":"你发起的活动太火，报名踊跃，活动已确定成行，您可以到活动页面去设置哪些人获得“早到奖”了。玩的开心！<br/>活动名：深圳的中秋活动<br/>报名人数：9<br/>感谢使用，查看活动详情>>;","Paras":"first,keyword1,keyword2,remark"},{"Id":"xxx","Title":"收益到账提醒","Content":"{{first.DATA}}<br/>到帐时间：{{keyword1.DATA}}<br/>到账金额：{{keyword2.DATA}}<br/>收益产品：{{keyword3.DATA}}<br/>{{remark.DATA}}","Desc":"您有一笔收益已经到账，请注意查收\r\n到帐时间：2015年5月13日  14：29：29<br/>到账金额：10000元<br/>收益产品：某某产品<br/>感谢您的支持！","Paras":"first,keyword1,keyword2,keyword3,remark"}]}],"IsOverdue":null}

2018-05-29 14:38:49,883 [8] INFO  BaseLog [(null)] - [IsAuthorized]IsCheckIP=False,IsCheckLogin=True,CheckModuleRight=,用户请求的地址=http://admin1.chitunion.com/api/WeChatManage/GetWxTempData,UrlRefer=http://admin1.chitunion.com/wechatmanager/sendtempmsg.html
2018-05-29 14:38:49,898 [51] INFO  BaseLog [(null)] - [IsAuthorized]IsCheckIP=False,IsCheckLogin=True,CheckModuleRight=,用户请求的地址=http://admin1.chitunion.com/api/Authorize/GetMenuInfo,UrlRefer=http://admin1.chitunion.com/wechatmanager/sendtempmsg.html
2018-05-29 14:38:49,904 [30] INFO  BaseLog [(null)] - 
请求的url地址：http://admin1.chitunion.com/api/WeChatManage/GetWxTempData
执行的时间:1.0021ms
请求的参数:{"CheckLogin":true}
返回的结果:{"Status":0,"Message":"OK","Result":[{"WxNum":"赤兔联盟","AppId":"wxf0eea6fec2756b45","AppSecret":null,"TempList":[{"Id":"xcYZULiFuEkq5BXtY_EjLSiBXonOeVDhYmben6ub2QE","Title":"活动成行通知","Content":"{{first.DATA}}<br/>活动名：{{keyword1.DATA}}<br/>报名人数：{{keyword2.DATA}}<br/>{{remark.DATA}}","Desc":"你发起的活动太火，报名踊跃，活动已确定成行，您可以到活动页面去设置哪些人获得“早到奖”了。玩的开心！<br/>活动名：深圳的中秋活动<br/>报名人数：9<br/>感谢使用，查看活动详情>>;","Paras":"first,keyword1,keyword2,remark"},{"Id":"xxx","Title":"收益到账提醒","Content":"{{first.DATA}}<br/>到帐时间：{{keyword1.DATA}}<br/>到账金额：{{keyword2.DATA}}<br/>收益产品：{{keyword3.DATA}}<br/>{{remark.DATA}}","Desc":"您有一笔收益已经到账，请注意查收\r\n到帐时间：2015年5月13日  14：29：29<br/>到账金额：10000元<br/>收益产品：某某产品<br/>感谢您的支持！","Paras":"first,keyword1,keyword2,keyword3,remark"}]}],"IsOverdue":null}

2018-05-29 14:40:27,498 [8] INFO  BaseLog [(null)] - [IsAuthorized]IsCheckIP=False,IsCheckLogin=True,CheckModuleRight=,用户请求的地址=http://admin1.chitunion.com/api/Authorize/GetMenuInfo,UrlRefer=http://admin1.chitunion.com/wechatmanager/sendtempmsg.html
2018-05-29 14:40:27,498 [50] INFO  BaseLog [(null)] - [IsAuthorized]IsCheckIP=False,IsCheckLogin=True,CheckModuleRight=,用户请求的地址=http://admin1.chitunion.com/api/Authorize/GetMenuInfo,UrlRefer=http://admin1.chitunion.com/wechatmanager/sendtempmsg.html
2018-05-29 14:40:27,501 [49] INFO  BaseLog [(null)] - [IsAuthorized]IsCheckIP=False,IsCheckLogin=True,CheckModuleRight=,用户请求的地址=http://admin1.chitunion.com/api/WeChatManage/GetWxTempData,UrlRefer=http://admin1.chitunion.com/wechatmanager/sendtempmsg.html
2018-05-29 14:40:27,504 [47] INFO  BaseLog [(null)] - [IsAuthorized]IsCheckIP=False,IsCheckLogin=True,CheckModuleRight=,用户请求的地址=http://admin1.chitunion.com/api/WeChatManage/GetWxTempData,UrlRefer=http://admin1.chitunion.com/wechatmanager/sendtempmsg.html
2018-05-29 14:40:27,729 [55] INFO  BaseLog [(null)] - 
请求的url地址：http://admin1.chitunion.com/api/WeChatManage/GetWxTempData
执行的时间:68.1816ms
请求的参数:{"CheckLogin":true}
返回的结果:{"Status":0,"Message":"OK","Result":[{"WxNum":"赤兔联盟","AppId":"wxf0eea6fec2756b45","AppSecret":null,"TempList":[{"Id":"xcYZULiFuEkq5BXtY_EjLSiBXonOeVDhYmben6ub2QE","Title":"活动成行通知","Content":"{{first.DATA}}<br/>活动名：{{keyword1.DATA}}<br/>报名人数：{{keyword2.DATA}}<br/>{{remark.DATA}}","Desc":"你发起的活动太火，报名踊跃，活动已确定成行，您可以到活动页面去设置哪些人获得“早到奖”了。玩的开心！<br/>活动名：深圳的中秋活动<br/>报名人数：9<br/>感谢使用，查看活动详情>>;","Paras":"first,keyword1,keyword2,remark"},{"Id":"xxx","Title":"收益到账提醒","Content":"{{first.DATA}}<br/>到帐时间：{{keyword1.DATA}}<br/>到账金额：{{keyword2.DATA}}<br/>收益产品：{{keyword3.DATA}}<br/>{{remark.DATA}}","Desc":"您有一笔收益已经到账，请注意查收\r\n到帐时间：2015年5月13日  14：29：29<br/>到账金额：10000元<br/>收益产品：某某产品<br/>感谢您的支持！","Paras":"first,keyword1,keyword2,keyword3,remark"}]}],"IsOverdue":null}

2018-05-29 14:40:27,733 [47] INFO  BaseLog [(null)] - 
请求的url地址：http://admin1.chitunion.com/api/WeChatManage/GetWxTempData
执行的时间:67.1791ms
请求的参数:{"CheckLogin":true}
返回的结果:{"Status":0,"Message":"OK","Result":[{"WxNum":"赤兔联盟","AppId":"wxf0eea6fec2756b45","AppSecret":null,"TempList":[{"Id":"xcYZULiFuEkq5BXtY_EjLSiBXonOeVDhYmben6ub2QE","Title":"活动成行通知","Content":"{{first.DATA}}<br/>活动名：{{keyword1.DATA}}<br/>报名人数：{{keyword2.DATA}}<br/>{{remark.DATA}}","Desc":"你发起的活动太火，报名踊跃，活动已确定成行，您可以到活动页面去设置哪些人获得“早到奖”了。玩的开心！<br/>活动名：深圳的中秋活动<br/>报名人数：9<br/>感谢使用，查看活动详情>>;","Paras":"first,keyword1,keyword2,remark"},{"Id":"xxx","Title":"收益到账提醒","Content":"{{first.DATA}}<br/>到帐时间：{{keyword1.DATA}}<br/>到账金额：{{keyword2.DATA}}<br/>收益产品：{{keyword3.DATA}}<br/>{{remark.DATA}}","Desc":"您有一笔收益已经到账，请注意查收\r\n到帐时间：2015年5月13日  14：29：29<br/>到账金额：10000元<br/>收益产品：某某产品<br/>感谢您的支持！","Paras":"first,keyword1,keyword2,keyword3,remark"}]}],"IsOverdue":null}

2018-05-29 14:40:30,999 [9] INFO  BaseLog [(null)] - [IsAuthorized]IsCheckIP=False,IsCheckLogin=True,CheckModuleRight=,用户请求的地址=http://admin1.chitunion.com/api/Authorize/GetMenuInfo,UrlRefer=http://admin1.chitunion.com/wechatmanager/modifymenu.html
2018-05-29 14:41:55,945 [28] INFO  BaseLog [(null)] - [IsAuthorized]IsCheckIP=False,IsCheckLogin=True,CheckModuleRight=,用户请求的地址=http://admin1.chitunion.com/api/Authorize/GetMenuInfo,UrlRefer=http://admin1.chitunion.com/wechatmanager/modifymenu.html
2018-05-29 14:41:56,497 [29] INFO  BaseLog [(null)] - [IsAuthorized]IsCheckIP=False,IsCheckLogin=True,CheckModuleRight=,用户请求的地址=http://admin1.chitunion.com/api/Authorize/GetMenuInfo,UrlRefer=http://admin1.chitunion.com/wechatmanager/modifymenu.html
2018-05-29 14:41:56,676 [9] INFO  BaseLog [(null)] - [IsAuthorized]IsCheckIP=False,IsCheckLogin=True,CheckModuleRight=,用户请求的地址=http://admin1.chitunion.com/api/Authorize/GetMenuInfo,UrlRefer=http://admin1.chitunion.com/wechatmanager/modifymenu.html
2018-05-29 14:41:56,837 [5] INFO  BaseLog [(null)] - [IsAuthorized]IsCheckIP=False,IsCheckLogin=True,CheckModuleRight=,用户请求的地址=http://admin1.chitunion.com/api/Authorize/GetMenuInfo,UrlRefer=http://admin1.chitunion.com/wechatmanager/modifymenu.html
2018-05-29 14:41:56,963 [31] INFO  BaseLog [(null)] - [IsAuthorized]IsCheckIP=False,IsCheckLogin=True,CheckModuleRight=,用户请求的地址=http://admin1.chitunion.com/api/Authorize/GetMenuInfo,UrlRefer=http://admin1.chitunion.com/wechatmanager/modifymenu.html
2018-05-29 14:56:25,264 [22] INFO  BaseLog [(null)] - [IsAuthorized]IsCheckIP=False,IsCheckLogin=True,CheckModuleRight=,用户请求的地址=http://admin1.chitunion.com/api/Withdrawals/GetList?UserName=&StartDate=&EndDate=&AuditStatus=197003&OrderStatus=-2&BeginPayDate=&EndPayDate=&PageSize=20&PageIndex=1&r=0.7628618913983943,UrlRefer=http://admin1.chitunion.com/financemanager/presentmanagement-1.html
2018-05-29 14:56:25,264 [15] INFO  BaseLog [(null)] - [IsAuthorized]IsCheckIP=False,IsCheckLogin=True,CheckModuleRight=,用户请求的地址=http://admin1.chitunion.com/api/Authorize/GetMenuInfo,UrlRefer=http://admin1.chitunion.com/wechatmanager/sendtempmsg.html
2018-05-29 14:56:25,265 [18] INFO  BaseLog [(null)] - [IsAuthorized]IsCheckIP=False,IsCheckLogin=True,CheckModuleRight=,用户请求的地址=http://admin1.chitunion.com/api/WeChatManage/GetWxTempData,UrlRefer=http://admin1.chitunion.com/wechatmanager/sendtempmsg.html
2018-05-29 14:56:25,264 [11] INFO  BaseLog [(null)] - [IsAuthorized]IsCheckIP=False,IsCheckLogin=True,CheckModuleRight=,用户请求的地址=http://admin1.chitunion.com/api/Authorize/GetMenuInfo,UrlRefer=http://admin1.chitunion.com/financemanager/presentmanagement-1.html
2018-05-29 14:56:25,418 [46] INFO  BaseLog [(null)] - 
请求的url地址：http://admin1.chitunion.com/api/WeChatManage/GetWxTempData
执行的时间:30.0803ms
请求的参数:{"CheckLogin":true}
返回的结果:{"Status":0,"Message":"OK","Result":[{"WxNum":"赤兔联盟","AppId":"wxf0eea6fec2756b45","AppSecret":null,"TempList":[{"Id":"xcYZULiFuEkq5BXtY_EjLSiBXonOeVDhYmben6ub2QE","Title":"活动成行通知","Content":"{{first.DATA}}<br/>活动名：{{keyword1.DATA}}<br/>报名人数：{{keyword2.DATA}}<br/>{{remark.DATA}}","Desc":"你发起的活动太火，报名踊跃，活动已确定成行，您可以到活动页面去设置哪些人获得“早到奖”了。玩的开心！<br/>活动名：深圳的中秋活动<br/>报名人数：9<br/>感谢使用，查看活动详情>>;","Paras":"first,keyword1,keyword2,remark"},{"Id":"xxx","Title":"收益到账提醒","Content":"{{first.DATA}}<br/>到帐时间：{{keyword1.DATA}}<br/>到账金额：{{keyword2.DATA}}<br/>收益产品：{{keyword3.DATA}}<br/>{{remark.DATA}}","Desc":"您有一笔收益已经到账，请注意查收\r\n到帐时间：2015年5月13日  14：29：29<br/>到账金额：10000元<br/>收益产品：某某产品<br/>感谢您的支持！","Paras":"first,keyword1,keyword2,keyword3,remark"}]}],"IsOverdue":null}

2018-05-29 14:56:25,425 [22] INFO  BaseLog [(null)] - 
当前操作类型:WeiXin
 查询条件信息:{"OrderStatus":-2,"UserName":null,"AuditStatus":197003,"BeginPayDate":null,"EndPayDate":null,"StartDate":null,"EndDate":null,"OrderType":-2,"PayType":-2,"BusinessType":0,"Number":null,"Name":null,"Status":-2,"PublishStatus":-2,"EndTime":-2,"Source":-2,"OrderBy":0,"PageIndex":1,"PageSize":20,"SqlWhere":" AND WD.AuditStatus = 197003","UserId":0}
2018-05-29 14:56:25,495 [11] INFO  BaseLog [(null)] - 
请求的url地址：http://admin1.chitunion.com/api/Withdrawals/GetList?UserName=&StartDate=&EndDate=&AuditStatus=197003&OrderStatus=-2&BeginPayDate=&EndPayDate=&PageSize=20&PageIndex=1&r=0.7628618913983943
执行的时间:45.1198ms
请求的参数:{"CheckLogin":true,"request":{"OrderStatus":-2,"UserName":null,"AuditStatus":197003,"BeginPayDate":null,"EndPayDate":null,"StartDate":null,"EndDate":null,"OrderType":-2,"PayType":-2,"BusinessType":0,"Number":null,"Name":null,"Status":-2,"PublishStatus":-2,"EndTime":-2,"Source":-2,"OrderBy":0,"PageIndex":1,"PageSize":20,"SqlWhere":null,"UserId":0}}
返回的结果:{"Status":0,"Message":null,"Result":{"List":[{"Id":22,"RecId":22,"UserName":null,"UserTypeName":null,"ApplicationDate":"2018-01-30 17:10:49","WithdrawalsPrice":800.00,"IndividualTaxPeice":0.00,"PracticalPrice":800.00,"PayeeAccount":"13717519733","PayDate":null,"Reason":"驳回","PayStatus":195002,"PayStatusName":"支付失败","TrueName":null,"AuditTime":"0001-01-01 00:00:00","AuditStatus":197003,"AuditStatusName":"待审核","RejectMsg":null}],"TotleCount":1,"Extend":{"TotalMoney":800.00}},"IsOverdue":null}

2018-05-29 14:56:43,944 [18] INFO  BaseLog [(null)] - [IsAuthorized]IsCheckIP=False,IsCheckLogin=True,CheckModuleRight=,用户请求的地址=http://admin1.chitunion.com/api/Authorize/GetMenuInfo,UrlRefer=http://admin1.chitunion.com/wechatmanager/sendtempmsg.html
2018-05-29 14:56:43,945 [11] INFO  BaseLog [(null)] - [IsAuthorized]IsCheckIP=False,IsCheckLogin=True,CheckModuleRight=,用户请求的地址=http://admin1.chitunion.com/api/WeChatManage/GetWxTempData,UrlRefer=http://admin1.chitunion.com/wechatmanager/sendtempmsg.html
2018-05-29 14:56:43,968 [22] INFO  BaseLog [(null)] - 
请求的url地址：http://admin1.chitunion.com/api/WeChatManage/GetWxTempData
执行的时间:1.0032ms
请求的参数:{"CheckLogin":true}
返回的结果:{"Status":0,"Message":"OK","Result":[{"WxNum":"赤兔联盟","AppId":"wxf0eea6fec2756b45","AppSecret":null,"TempList":[{"Id":"xcYZULiFuEkq5BXtY_EjLSiBXonOeVDhYmben6ub2QE","Title":"活动成行通知","Content":"{{first.DATA}}<br/>活动名：{{keyword1.DATA}}<br/>报名人数：{{keyword2.DATA}}<br/>{{remark.DATA}}","Desc":"你发起的活动太火，报名踊跃，活动已确定成行，您可以到活动页面去设置哪些人获得“早到奖”了。玩的开心！<br/>活动名：深圳的中秋活动<br/>报名人数：9<br/>感谢使用，查看活动详情>>;","Paras":"first,keyword1,keyword2,remark"},{"Id":"xxx","Title":"收益到账提醒","Content":"{{first.DATA}}<br/>到帐时间：{{keyword1.DATA}}<br/>到账金额：{{keyword2.DATA}}<br/>收益产品：{{keyword3.DATA}}<br/>{{remark.DATA}}","Desc":"您有一笔收益已经到账，请注意查收\r\n到帐时间：2015年5月13日  14：29：29<br/>到账金额：10000元<br/>收益产品：某某产品<br/>感谢您的支持！","Paras":"first,keyword1,keyword2,keyword3,remark"}]}],"IsOverdue":null}

2018-05-29 14:57:11,141 [18] INFO  BaseLog [(null)] - [IsAuthorized]IsCheckIP=False,IsCheckLogin=True,CheckModuleRight=,用户请求的地址=http://admin1.chitunion.com/api/WeChatManage/SendWxTempData,UrlRefer=http://admin1.chitunion.com/wechatmanager/sendtempmsg.html
2018-05-29 14:57:11,932 [18] ERROR BaseLog [(null)] - 在appid=wxf0eea6fec2756b45中，给openid=sadfasadfa，用模板id=xcYZULiFuEkq5BXtY_EjLSiBXonOeVDhYmben6ub2QE，发送消息失败
Senparc.Weixin.Exceptions.ErrorJsonResultException: 微信Post请求发生错误！错误代码：40003，说明：invalid openid hint: [fI0WvA0060ge29]
   在 Senparc.Weixin.HttpUtility.Post.GetResult[T](String returnText)
   在 Senparc.Weixin.HttpUtility.Post.PostGetJson[T](String url, CookieContainer cookieContainer, Stream fileStream, Encoding encoding, X509Certificate2 cer, Boolean useAjax, Int32 timeOut, Boolean checkValidationResult)
   在 Senparc.Weixin.CommonAPIs.CommonJsonSend.Send[T](String accessToken, String urlFormat, Object data, CommonJsonSendType sendType, Int32 timeOut, Boolean checkValidationResult, JsonSetting jsonSetting)
   在 Senparc.Weixin.MP.AdvancedAPIs.TemplateApi.<>c__DisplayClass1_0.<SendTemplateMessage>b__0(String accessToken)
   在 Senparc.Weixin.CommonAPIs.ApiHandlerWapper.ApiHandlerWapperBase.TryCommonApiBase[T](PlatformType platformType, Func`1 accessTokenContainer_GetFirstOrDefaultAppIdFunc, Func`2 accessTokenContainer_CheckRegisteredFunc, Func`3 accessTokenContainer_GetAccessTokenResultFunc, Int32 invalidCredentialValue, Func`2 fun, String accessTokenOrAppId, Boolean retryIfFaild)
   在 Senparc.Weixin.MP.ApiHandlerWapper.TryCommonApi[T](Func`2 fun, String accessTokenOrAppId, Boolean retryIfFaild)
   在 Senparc.Weixin.MP.AdvancedAPIs.TemplateApi.SendTemplateMessage(String accessTokenOrAppId, String openId, String templateId, String url, Object data, TempleteModel_MiniProgram miniProgram, Int32 timeOut)
   在 XYAuto.ITSC.Chitunion2017.BLL.WeChat.TempHelper.SendTempMsg(String appId, String openId, String templateId, String url, Object objData) 位置 D:\GitRoot（C）\A5信息系统研发\销售业务管理平台\赤兔联盟系统\XYAuto.ITSC.Chitunion2017.BLL\WeChat\TempHelper.cs:行号 51
2018-05-29 14:57:12,452 [22] INFO  BaseLog [(null)] - 
请求的url地址：http://admin1.chitunion.com/api/WeChatManage/SendWxTempData
执行的时间:1264.3661ms
请求的参数:{"CheckLogin":true,"req":{"AppId":"wxf0eea6fec2756b45","AppSecret":null,"WxTempId":"xcYZULiFuEkq5BXtY_EjLSiBXonOeVDhYmben6ub2QE","WxTempParas":"{\"first\":\"1\",\"keyword1\":\"1\",\"keyword2\":\"2\",\"remark\":\"3\"}","WxTempUrl":null,"SendOpenIds":"sadfasadfa"}}
返回的结果:{"Status":-1,"Message":"在appid=wxf0eea6fec2756b45中，给openid=sadfasadfa，用模板id=xcYZULiFuEkq5BXtY_EjLSiBXonOeVDhYmben6ub2QE，发送消息失败","Result":null,"IsOverdue":null}

2018-05-29 15:00:42,232 [5] INFO  BaseLog [(null)] - [IsAuthorized]IsCheckIP=False,IsCheckLogin=True,CheckModuleRight=,用户请求的地址=http://admin1.chitunion.com/api/WeChatManage/SendWxTempData,UrlRefer=http://admin1.chitunion.com/wechatmanager/sendtempmsg.html
2018-05-29 15:00:42,978 [5] ERROR BaseLog [(null)] - 在appid=wxf0eea6fec2756b45中，给openid=sadfasadfa，用模板id=xcYZULiFuEkq5BXtY_EjLSiBXonOeVDhYmben6ub2QE，发送消息失败
Senparc.Weixin.Exceptions.ErrorJsonResultException: 微信Post请求发生错误！错误代码：40003，说明：invalid openid hint: [eHO2Va0271ge21]
   在 Senparc.Weixin.HttpUtility.Post.GetResult[T](String returnText)
   在 Senparc.Weixin.HttpUtility.Post.PostGetJson[T](String url, CookieContainer cookieContainer, Stream fileStream, Encoding encoding, X509Certificate2 cer, Boolean useAjax, Int32 timeOut, Boolean checkValidationResult)
   在 Senparc.Weixin.CommonAPIs.CommonJsonSend.Send[T](String accessToken, String urlFormat, Object data, CommonJsonSendType sendType, Int32 timeOut, Boolean checkValidationResult, JsonSetting jsonSetting)
   在 Senparc.Weixin.MP.AdvancedAPIs.TemplateApi.<>c__DisplayClass1_0.<SendTemplateMessage>b__0(String accessToken)
   在 Senparc.Weixin.CommonAPIs.ApiHandlerWapper.ApiHandlerWapperBase.TryCommonApiBase[T](PlatformType platformType, Func`1 accessTokenContainer_GetFirstOrDefaultAppIdFunc, Func`2 accessTokenContainer_CheckRegisteredFunc, Func`3 accessTokenContainer_GetAccessTokenResultFunc, Int32 invalidCredentialValue, Func`2 fun, String accessTokenOrAppId, Boolean retryIfFaild)
   在 Senparc.Weixin.MP.ApiHandlerWapper.TryCommonApi[T](Func`2 fun, String accessTokenOrAppId, Boolean retryIfFaild)
   在 Senparc.Weixin.MP.AdvancedAPIs.TemplateApi.SendTemplateMessage(String accessTokenOrAppId, String openId, String templateId, String url, Object data, TempleteModel_MiniProgram miniProgram, Int32 timeOut)
   在 XYAuto.ITSC.Chitunion2017.BLL.WeChat.TempHelper.SendTempMsg(String appId, String openId, String templateId, String url, Object objData) 位置 D:\GitRoot（C）\A5信息系统研发\销售业务管理平台\赤兔联盟系统\XYAuto.ITSC.Chitunion2017.BLL\WeChat\TempHelper.cs:行号 51
2018-05-29 15:00:43,376 [8] INFO  BaseLog [(null)] - 
请求的url地址：http://admin1.chitunion.com/api/WeChatManage/SendWxTempData
执行的时间:1036.7582ms
请求的参数:{"CheckLogin":true,"req":{"AppId":"wxf0eea6fec2756b45","AppSecret":null,"WxTempId":"xcYZULiFuEkq5BXtY_EjLSiBXonOeVDhYmben6ub2QE","WxTempParas":"{\"first\":\"1\",\"keyword1\":\"1\",\"keyword2\":\"2\",\"remark\":\"3\"}","WxTempUrl":null,"SendOpenIds":"sadfasadfa"}}
返回的结果:{"Status":-1,"Message":"在appid=wxf0eea6fec2756b45中，给openid=sadfasadfa，用模板id=xcYZULiFuEkq5BXtY_EjLSiBXonOeVDhYmben6ub2QE，发送消息失败","Result":null,"IsOverdue":null}

2018-05-29 15:01:09,525 [8] INFO  BaseLog [(null)] - [IsAuthorized]IsCheckIP=False,IsCheckLogin=True,CheckModuleRight=,用户请求的地址=http://admin1.chitunion.com/api/WeChatManage/GetWxTempData,UrlRefer=http://admin1.chitunion.com/wechatmanager/sendtempmsg.html
2018-05-29 15:01:09,525 [5] INFO  BaseLog [(null)] - [IsAuthorized]IsCheckIP=False,IsCheckLogin=True,CheckModuleRight=,用户请求的地址=http://admin1.chitunion.com/api/Authorize/GetMenuInfo,UrlRefer=http://admin1.chitunion.com/wechatmanager/sendtempmsg.html
2018-05-29 15:01:09,549 [55] INFO  BaseLog [(null)] - 
请求的url地址：http://admin1.chitunion.com/api/WeChatManage/GetWxTempData
执行的时间:0ms
请求的参数:{"CheckLogin":true}
返回的结果:{"Status":0,"Message":"OK","Result":[{"WxNum":"赤兔联盟","AppId":"wxf0eea6fec2756b45","AppSecret":null,"TempList":[{"Id":"xcYZULiFuEkq5BXtY_EjLSiBXonOeVDhYmben6ub2QE","Title":"活动成行通知","Content":"{{first.DATA}}<br/>活动名：{{keyword1.DATA}}<br/>报名人数：{{keyword2.DATA}}<br/>{{remark.DATA}}","Desc":"你发起的活动太火，报名踊跃，活动已确定成行，您可以到活动页面去设置哪些人获得“早到奖”了。玩的开心！<br/>活动名：深圳的中秋活动<br/>报名人数：9<br/>感谢使用，查看活动详情>>;","Paras":"first,keyword1,keyword2,remark"},{"Id":"xxx","Title":"收益到账提醒","Content":"{{first.DATA}}<br/>到帐时间：{{keyword1.DATA}}<br/>到账金额：{{keyword2.DATA}}<br/>收益产品：{{keyword3.DATA}}<br/>{{remark.DATA}}","Desc":"您有一笔收益已经到账，请注意查收\r\n到帐时间：2015年5月13日  14：29：29<br/>到账金额：10000元<br/>收益产品：某某产品<br/>感谢您的支持！","Paras":"first,keyword1,keyword2,keyword3,remark"}]}],"IsOverdue":null}

2018-05-29 15:01:17,780 [5] INFO  BaseLog [(null)] - [IsAuthorized]IsCheckIP=False,IsCheckLogin=True,CheckModuleRight=,用户请求的地址=http://admin1.chitunion.com/api/WeChatManage/SendWxTempData,UrlRefer=http://admin1.chitunion.com/wechatmanager/sendtempmsg.html
2018-05-29 15:01:18,128 [5] ERROR BaseLog [(null)] - 在appid=wxf0eea6fec2756b45中，给openid=adsa，用模板id=xcYZULiFuEkq5BXtY_EjLSiBXonOeVDhYmben6ub2QE，发送消息失败
Senparc.Weixin.Exceptions.ErrorJsonResultException: 微信Post请求发生错误！错误代码：40003，说明：invalid openid hint: [ujPFQa0306ge25]
   在 Senparc.Weixin.HttpUtility.Post.GetResult[T](String returnText)
   在 Senparc.Weixin.HttpUtility.Post.PostGetJson[T](String url, CookieContainer cookieContainer, Stream fileStream, Encoding encoding, X509Certificate2 cer, Boolean useAjax, Int32 timeOut, Boolean checkValidationResult)
   在 Senparc.Weixin.CommonAPIs.CommonJsonSend.Send[T](String accessToken, String urlFormat, Object data, CommonJsonSendType sendType, Int32 timeOut, Boolean checkValidationResult, JsonSetting jsonSetting)
   在 Senparc.Weixin.MP.AdvancedAPIs.TemplateApi.<>c__DisplayClass1_0.<SendTemplateMessage>b__0(String accessToken)
   在 Senparc.Weixin.CommonAPIs.ApiHandlerWapper.ApiHandlerWapperBase.TryCommonApiBase[T](PlatformType platformType, Func`1 accessTokenContainer_GetFirstOrDefaultAppIdFunc, Func`2 accessTokenContainer_CheckRegisteredFunc, Func`3 accessTokenContainer_GetAccessTokenResultFunc, Int32 invalidCredentialValue, Func`2 fun, String accessTokenOrAppId, Boolean retryIfFaild)
   在 Senparc.Weixin.MP.ApiHandlerWapper.TryCommonApi[T](Func`2 fun, String accessTokenOrAppId, Boolean retryIfFaild)
   在 Senparc.Weixin.MP.AdvancedAPIs.TemplateApi.SendTemplateMessage(String accessTokenOrAppId, String openId, String templateId, String url, Object data, TempleteModel_MiniProgram miniProgram, Int32 timeOut)
   在 XYAuto.ITSC.Chitunion2017.BLL.WeChat.TempHelper.SendTempMsg(String appId, String openId, String templateId, String url, Object objData) 位置 D:\GitRoot（C）\A5信息系统研发\销售业务管理平台\赤兔联盟系统\XYAuto.ITSC.Chitunion2017.BLL\WeChat\TempHelper.cs:行号 51
2018-05-29 15:01:18,611 [47] INFO  BaseLog [(null)] - 
请求的url地址：http://admin1.chitunion.com/api/WeChatManage/SendWxTempData
执行的时间:776.0628ms
请求的参数:{"CheckLogin":true,"req":{"AppId":"wxf0eea6fec2756b45","AppSecret":null,"WxTempId":"xcYZULiFuEkq5BXtY_EjLSiBXonOeVDhYmben6ub2QE","WxTempParas":"{\"first\":\"1\",\"keyword1\":\"11\",\"keyword2\":\"1\",\"remark\":\"1\"}","WxTempUrl":null,"SendOpenIds":"adsa"}}
返回的结果:{"Status":-1,"Message":"在appid=wxf0eea6fec2756b45中，给openid=adsa，用模板id=xcYZULiFuEkq5BXtY_EjLSiBXonOeVDhYmben6ub2QE，发送消息失败","Result":null,"IsOverdue":null}

2018-05-29 15:02:46,882 [55] INFO  BaseLog [(null)] - [IsAuthorized]IsCheckIP=False,IsCheckLogin=True,CheckModuleRight=,用户请求的地址=http://admin1.chitunion.com/api/WeChatManage/SendWxTempData,UrlRefer=http://admin1.chitunion.com/wechatmanager/sendtempmsg.html
2018-05-29 15:03:01,207 [55] ERROR BaseLog [(null)] - 在appid=wxf0eea6fec2756b45中，给openid=adsa，用模板id=xcYZULiFuEkq5BXtY_EjLSiBXonOeVDhYmben6ub2QE，发送消息失败
Senparc.Weixin.Exceptions.ErrorJsonResultException: 微信Post请求发生错误！错误代码：40003，说明：invalid openid hint: [ZpSz9a0409ge21]
   在 Senparc.Weixin.HttpUtility.Post.GetResult[T](String returnText)
   在 Senparc.Weixin.HttpUtility.Post.PostGetJson[T](String url, CookieContainer cookieContainer, Stream fileStream, Encoding encoding, X509Certificate2 cer, Boolean useAjax, Int32 timeOut, Boolean checkValidationResult)
   在 Senparc.Weixin.CommonAPIs.CommonJsonSend.Send[T](String accessToken, String urlFormat, Object data, CommonJsonSendType sendType, Int32 timeOut, Boolean checkValidationResult, JsonSetting jsonSetting)
   在 Senparc.Weixin.MP.AdvancedAPIs.TemplateApi.<>c__DisplayClass1_0.<SendTemplateMessage>b__0(String accessToken)
   在 Senparc.Weixin.CommonAPIs.ApiHandlerWapper.ApiHandlerWapperBase.TryCommonApiBase[T](PlatformType platformType, Func`1 accessTokenContainer_GetFirstOrDefaultAppIdFunc, Func`2 accessTokenContainer_CheckRegisteredFunc, Func`3 accessTokenContainer_GetAccessTokenResultFunc, Int32 invalidCredentialValue, Func`2 fun, String accessTokenOrAppId, Boolean retryIfFaild)
   在 Senparc.Weixin.MP.ApiHandlerWapper.TryCommonApi[T](Func`2 fun, String accessTokenOrAppId, Boolean retryIfFaild)
   在 Senparc.Weixin.MP.AdvancedAPIs.TemplateApi.SendTemplateMessage(String accessTokenOrAppId, String openId, String templateId, String url, Object data, TempleteModel_MiniProgram miniProgram, Int32 timeOut)
   在 XYAuto.ITSC.Chitunion2017.BLL.WeChat.TempHelper.SendTempMsg(String appId, String openId, String templateId, String url, Object objData) 位置 D:\GitRoot（C）\A5信息系统研发\销售业务管理平台\赤兔联盟系统\XYAuto.ITSC.Chitunion2017.BLL\WeChat\TempHelper.cs:行号 51
2018-05-29 15:03:01,694 [8] INFO  BaseLog [(null)] - 
请求的url地址：http://admin1.chitunion.com/api/WeChatManage/SendWxTempData
执行的时间:14534.6272ms
请求的参数:{"CheckLogin":true,"req":{"AppId":"wxf0eea6fec2756b45","AppSecret":null,"WxTempId":"xcYZULiFuEkq5BXtY_EjLSiBXonOeVDhYmben6ub2QE","WxTempParas":"{\"first\":\"1\",\"keyword1\":\"11\",\"keyword2\":\"1\",\"remark\":\"1\"}","WxTempUrl":null,"SendOpenIds":"adsa"}}
返回的结果:{"Status":-1,"Message":"在appid=wxf0eea6fec2756b45中，给openid=adsa，用模板id=xcYZULiFuEkq5BXtY_EjLSiBXonOeVDhYmben6ub2QE，发送消息失败","Result":null,"IsOverdue":null}

2018-05-29 15:03:03,075 [8] INFO  BaseLog [(null)] - [IsAuthorized]IsCheckIP=False,IsCheckLogin=True,CheckModuleRight=,用户请求的地址=http://admin1.chitunion.com/api/WeChatManage/SendWxTempData,UrlRefer=http://admin1.chitunion.com/wechatmanager/sendtempmsg.html
2018-05-29 15:04:29,566 [8] ERROR BaseLog [(null)] - 在appid=wxf0eea6fec2756b45中，给openid=adsa，用模板id=xcYZULiFuEkq5BXtY_EjLSiBXonOeVDhYmben6ub2QE，发送消息失败
Senparc.Weixin.Exceptions.ErrorJsonResultException: 微信Post请求发生错误！错误代码：40003，说明：invalid openid hint: [S_IHra0497ge31]
   在 Senparc.Weixin.HttpUtility.Post.GetResult[T](String returnText)
   在 Senparc.Weixin.HttpUtility.Post.PostGetJson[T](String url, CookieContainer cookieContainer, Stream fileStream, Encoding encoding, X509Certificate2 cer, Boolean useAjax, Int32 timeOut, Boolean checkValidationResult)
   在 Senparc.Weixin.CommonAPIs.CommonJsonSend.Send[T](String accessToken, String urlFormat, Object data, CommonJsonSendType sendType, Int32 timeOut, Boolean checkValidationResult, JsonSetting jsonSetting)
   在 Senparc.Weixin.MP.AdvancedAPIs.TemplateApi.<>c__DisplayClass1_0.<SendTemplateMessage>b__0(String accessToken)
   在 Senparc.Weixin.CommonAPIs.ApiHandlerWapper.ApiHandlerWapperBase.TryCommonApiBase[T](PlatformType platformType, Func`1 accessTokenContainer_GetFirstOrDefaultAppIdFunc, Func`2 accessTokenContainer_CheckRegisteredFunc, Func`3 accessTokenContainer_GetAccessTokenResultFunc, Int32 invalidCredentialValue, Func`2 fun, String accessTokenOrAppId, Boolean retryIfFaild)
   在 Senparc.Weixin.MP.ApiHandlerWapper.TryCommonApi[T](Func`2 fun, String accessTokenOrAppId, Boolean retryIfFaild)
   在 Senparc.Weixin.MP.AdvancedAPIs.TemplateApi.SendTemplateMessage(String accessTokenOrAppId, String openId, String templateId, String url, Object data, TempleteModel_MiniProgram miniProgram, Int32 timeOut)
   在 XYAuto.ITSC.Chitunion2017.BLL.WeChat.TempHelper.SendTempMsg(String appId, String openId, String templateId, String url, Object objData) 位置 D:\GitRoot（C）\A5信息系统研发\销售业务管理平台\赤兔联盟系统\XYAuto.ITSC.Chitunion2017.BLL\WeChat\TempHelper.cs:行号 51
2018-05-29 15:04:29,998 [8] INFO  BaseLog [(null)] - 
请求的url地址：http://admin1.chitunion.com/api/WeChatManage/SendWxTempData
执行的时间:86882.8977ms
请求的参数:{"CheckLogin":true,"req":{"AppId":"wxf0eea6fec2756b45","AppSecret":null,"WxTempId":"xcYZULiFuEkq5BXtY_EjLSiBXonOeVDhYmben6ub2QE","WxTempParas":"{\"first\":\"1\",\"keyword1\":\"11\",\"keyword2\":\"1\",\"remark\":\"1\"}","WxTempUrl":null,"SendOpenIds":"adsa"}}
返回的结果:{"Status":-1,"Message":"在appid=wxf0eea6fec2756b45中，给openid=adsa，用模板id=xcYZULiFuEkq5BXtY_EjLSiBXonOeVDhYmben6ub2QE，发送消息失败","Result":null,"IsOverdue":null}

2018-05-29 15:11:19,302 [20] INFO  BaseLog [(null)] - 
请求的url地址：http://admin1.chitunion.com/api/WeChatManage/GetMenuData?appid=wxf0eea6fec2756b45
执行的时间:397.0552ms
请求的参数:{"appid":"wxf0eea6fec2756b45"}
返回的结果:{"Status":0,"Message":"","Result":{"button":[{"url":"http://wxtest-ct.qichedaquan.com/index.html?channel=h5ctlmcaidan","type":"view","name":"??抢单赚钱"},{"sub_button":[{"url":"http://wxtest-ct.qichedaquan.com/cashManager/accountInfo.html?channel=h5ctlmcaidan","type":"view","name":"余额提现"},{"url":"http://wxtest-ct.qichedaquan.com/accountManager/order_list.html?channel=h5ctlmcaidan","type":"view","name":"我的订单"},{"url":"http://wxtest-ct.qichedaquan.com/cashManager/profitList.html?channel=h5ctlmcaidan","type":"view","name":"收益明细"},{"url":"http://wxtest-ct.qichedaquan.com/userManager/userinfo.html?channel=h5ctlmcaidan","type":"view","name":"个人信息"}],"name":"我的收益"},{"sub_button":[{"url":"https://www.wjx.cn/jq/23812303.aspx","type":"view","name":"有奖问卷"},{"url":"https://mp.weixin.qq.com/s/Mqb8Va7uTBds44fWY_YFtA","type":"view","name":"签到有礼"},{"url":"http://wxtest-ct.qichedaquan.com/inviteManager/invite.html?channel=h5ctlmcaidan","type":"view","name":"邀请有礼"},{"key":"Communication","type":"click","name":"社群福利"},{"url":"http://wxtest-ct.qichedaquan.com/cashManager/rule.html?channel=h5ctlmcaidan","type":"view","name":"帮助中心"}],"name":"活动・服务"}]},"IsOverdue":null}

2018-05-29 16:34:46,817 [6] INFO  BaseLog [(null)] - 
请求的url地址：http://admin1.chitunion.com/api/WeChatManage/GetMenuData
执行的时间:102.274ms
请求的参数:{}
返回的结果:

2018-05-29 16:34:47,051 [8] ERROR BaseLog [(null)] - Chitunion_WebApi――异常
System.InvalidOperationException: 反射类型“XYAuto.ITSC.Chitunion2017.BLL.WeChat.Dto.WxMenu.WxMenuDataDto”时出错。 ---> System.InvalidOperationException: 反射属性“Button”时出错。 ---> System.InvalidOperationException: 需要将 XmlChoiceIdentifierAttribute 添加到“Button”成员。
   在 System.Xml.Serialization.XmlReflectionImporter.CheckAmbiguousChoice(XmlAttributes a, Type accessorType, String accessorName)
   在 System.Xml.Serialization.XmlReflectionImporter.ImportAccessorMapping(MemberMapping accessor, FieldModel model, XmlAttributes a, String ns, Type choiceIdentifierType, Boolean rpc, Boolean openModel, RecursionLimiter limiter)
   在 System.Xml.Serialization.XmlReflectionImporter.ImportFieldMapping(StructModel parent, FieldModel model, XmlAttributes a, String ns, RecursionLimiter limiter)
   在 System.Xml.Serialization.XmlReflectionImporter.InitializeStructMembers(StructMapping mapping, StructModel model, Boolean openModel, String typeName, RecursionLimiter limiter)
   --- 内部异常堆栈跟踪的结尾 ---
   在 System.Xml.Serialization.XmlReflectionImporter.InitializeStructMembers(StructMapping mapping, StructModel model, Boolean openModel, String typeName, RecursionLimiter limiter)
   在 System.Xml.Serialization.XmlReflectionImporter.ImportStructLikeMapping(StructModel model, String ns, Boolean openModel, XmlAttributes a, RecursionLimiter limiter)
   在 System.Xml.Serialization.XmlReflectionImporter.ImportTypeMapping(TypeModel model, String ns, ImportContext context, String dataType, XmlAttributes a, Boolean repeats, Boolean openModel, RecursionLimiter limiter)
   --- 内部异常堆栈跟踪的结尾 ---
   在 System.Xml.Serialization.XmlReflectionImporter.ImportTypeMapping(TypeModel model, String ns, ImportContext context, String dataType, XmlAttributes a, Boolean repeats, Boolean openModel, RecursionLimiter limiter)
   在 System.Xml.Serialization.XmlReflectionImporter.ImportElement(TypeModel model, XmlRootAttribute root, String defaultNamespace, RecursionLimiter limiter)
   在 System.Xml.Serialization.XmlReflectionImporter.ImportTypeMapping(Type type, XmlRootAttribute root, String defaultNamespace)
   在 System.Xml.Serialization.XmlSerializer..ctor(Type type, String defaultNamespace)
   在 System.Xml.Serialization.XmlSerializer..ctor(Type type)
   在 XYAuto.ITSC.Chitunion2017.BLL.Util.Deserialize(Type type, String xml) 位置 D:\GitRoot（C）\A5信息系统研发\销售业务管理平台\赤兔联盟系统\XYAuto.ITSC.Chitunion2017.BLL\Util.cs:行号 3244
   在 XYAuto.POBU.Chitunion2018.AdminWebAPI.Controllers.WeChatManageController.GetMenuData() 位置 D:\GitRoot（C）\A5信息系统研发\销售业务管理平台\赤兔联盟系统\XYAuto.POBU.Chitunion2018.AdminWebAPI\Controllers\WeChatManageController.cs:行号 133
   在 lambda_method(Closure , Object , Object[] )
   在 System.Web.Http.Controllers.ReflectedHttpActionDescriptor.ActionExecutor.<>c__DisplayClass10.<GetExecutor>b__9(Object instance, Object[] methodParameters)
   在 System.Web.Http.Controllers.ReflectedHttpActionDescriptor.ActionExecutor.Execute(Object instance, Object[] arguments)
   在 System.Web.Http.Controllers.ReflectedHttpActionDescriptor.ExecuteAsync(HttpControllerContext controllerContext, IDictionary`2 arguments, CancellationToken cancellationToken)
--- 引发异常的上一位置中堆栈跟踪的末尾 ---
   在 System.Runtime.CompilerServices.TaskAwaiter.ThrowForNonSuccess(Task task)
   在 System.Runtime.CompilerServices.TaskAwaiter.HandleNonSuccessAndDebuggerNotification(Task task)
   在 System.Web.Http.Controllers.ApiControllerActionInvoker.<InvokeActionAsyncCore>d__0.MoveNext()
--- 引发异常的上一位置中堆栈跟踪的末尾 ---
   在 System.Runtime.CompilerServices.TaskAwaiter.ThrowForNonSuccess(Task task)
   在 System.Runtime.CompilerServices.TaskAwaiter.HandleNonSuccessAndDebuggerNotification(Task task)
   在 System.Web.Http.Filters.ActionFilterAttribute.<CallOnActionExecutedAsync>d__5.MoveNext()
--- 引发异常的上一位置中堆栈跟踪的末尾 ---
   在 System.Web.Http.Filters.ActionFilterAttribute.<CallOnActionExecutedAsync>d__5.MoveNext()
--- 引发异常的上一位置中堆栈跟踪的末尾 ---
   在 System.Runtime.CompilerServices.TaskAwaiter.ThrowForNonSuccess(Task task)
   在 System.Runtime.CompilerServices.TaskAwaiter.HandleNonSuccessAndDebuggerNotification(Task task)
   在 System.Web.Http.Filters.ActionFilterAttribute.<ExecuteActionFilterAsyncCore>d__0.MoveNext()
--- 引发异常的上一位置中堆栈跟踪的末尾 ---
   在 System.Runtime.CompilerServices.TaskAwaiter.ThrowForNonSuccess(Task task)
   在 System.Runtime.CompilerServices.TaskAwaiter.HandleNonSuccessAndDebuggerNotification(Task task)
   在 System.Web.Http.Filters.ActionFilterAttribute.<CallOnActionExecutedAsync>d__5.MoveNext()
--- 引发异常的上一位置中堆栈跟踪的末尾 ---
   在 System.Web.Http.Filters.ActionFilterAttribute.<CallOnActionExecutedAsync>d__5.MoveNext()
--- 引发异常的上一位置中堆栈跟踪的末尾 ---
   在 System.Runtime.CompilerServices.TaskAwaiter.ThrowForNonSuccess(Task task)
   在 System.Runtime.CompilerServices.TaskAwaiter.HandleNonSuccessAndDebuggerNotification(Task task)
   在 System.Web.Http.Filters.ActionFilterAttribute.<ExecuteActionFilterAsyncCore>d__0.MoveNext()
--- 引发异常的上一位置中堆栈跟踪的末尾 ---
   在 System.Runtime.CompilerServices.TaskAwaiter.ThrowForNonSuccess(Task task)
   在 System.Runtime.CompilerServices.TaskAwaiter.HandleNonSuccessAndDebuggerNotification(Task task)
   在 System.Web.Http.Controllers.ActionFilterResult.<ExecuteAsync>d__2.MoveNext()
--- 引发异常的上一位置中堆栈跟踪的末尾 ---
   在 System.Runtime.CompilerServices.TaskAwaiter.ThrowForNonSuccess(Task task)
   在 System.Runtime.CompilerServices.TaskAwaiter.HandleNonSuccessAndDebuggerNotification(Task task)
   在 System.Web.Http.Controllers.ExceptionFilterResult.<ExecuteAsync>d__0.MoveNext()
2018-05-29 16:34:47,771 [8] INFO  BaseLog [(null)] - 发邮件开始：
2018-05-29 16:34:47,863 [8] INFO  BaseLog [(null)] - 发送邮件给谁:masj@xingyuanauto.com
2018-05-29 16:34:47,873 [8] INFO  BaseLog [(null)] - 发送邮件给谁:lix@xingyuanauto.com
2018-05-29 16:34:47,885 [8] INFO  BaseLog [(null)] - 发送邮件给谁:hant@xingyuanauto.com
2018-05-29 16:34:47,895 [8] INFO  BaseLog [(null)] - 发送邮件给谁:lihf@xingyuanauto.com
2018-05-29 16:34:47,906 [8] INFO  BaseLog [(null)] - 发送邮件给谁:zhanglb@xingyuanauto.com
2018-05-29 16:34:47,915 [8] INFO  BaseLog [(null)] - 发送邮件给谁:zhangjl@xingyuanauto.com
2018-05-29 16:34:48,625 [8] ERROR BaseLog [(null)] - 发邮件失败: 
System.Net.Mail.SmtpException: 事务失败。 服务器响应为:RCPT (hant@xingyuanauto.com) dosn't exist
   在 System.Net.Mail.RecipientCommand.CheckResponse(SmtpStatusCode statusCode, String response)
   在 System.Net.Mail.SmtpTransport.SendMail(MailAddress sender, MailAddressCollection recipients, String deliveryNotify, Boolean allowUnicode, SmtpFailedRecipientException& exception)
   在 System.Net.Mail.SmtpClient.Send(MailMessage message)
   在 XYAuto.YanFa.SysRightManager.Common.IsdcMail.Send(String host, String userName, String password)
   在 XYAuto.YanFa.SysRightManager.Common.IsdcMail.Send()
   在 XYAuto.ITSC.Chitunion2017.BLL.EmailHelper.SendMailByTemplate(String templateName, String[] mailBody, String subject, String[] reciver) 位置 D:\GitRoot（C）\A5信息系统研发\销售业务管理平台\赤兔联盟系统\XYAuto.ITSC.Chitunion2017.BLL\EmailHelper.cs:行号 44
2018-05-29 16:34:49,122 [8] INFO  BaseLog [(null)] - 发邮件结束！
2018-05-29 16:37:53,800 [7] ERROR BaseLog [(null)] - Chitunion_WebApi――异常
System.InvalidOperationException: 反射类型“XYAuto.ITSC.Chitunion2017.BLL.WeChat.Dto.WxMenu.WxMenuDataDto”时出错。 ---> System.InvalidOperationException: 反射属性“Button”时出错。 ---> System.InvalidOperationException: 需要将 XmlChoiceIdentifierAttribute 添加到“Button”成员。
   在 System.Xml.Serialization.XmlReflectionImporter.CheckAmbiguousChoice(XmlAttributes a, Type accessorType, String accessorName)
   在 System.Xml.Serialization.XmlReflectionImporter.ImportAccessorMapping(MemberMapping accessor, FieldModel model, XmlAttributes a, String ns, Type choiceIdentifierType, Boolean rpc, Boolean openModel, RecursionLimiter limiter)
   在 System.Xml.Serialization.XmlReflectionImporter.ImportFieldMapping(StructModel parent, FieldModel model, XmlAttributes a, String ns, RecursionLimiter limiter)
   在 System.Xml.Serialization.XmlReflectionImporter.InitializeStructMembers(StructMapping mapping, StructModel model, Boolean openModel, String typeName, RecursionLimiter limiter)
   --- 内部异常堆栈跟踪的结尾 ---
   在 System.Xml.Serialization.XmlReflectionImporter.InitializeStructMembers(StructMapping mapping, StructModel model, Boolean openModel, String typeName, RecursionLimiter limiter)
   在 System.Xml.Serialization.XmlReflectionImporter.ImportStructLikeMapping(StructModel model, String ns, Boolean openModel, XmlAttributes a, RecursionLimiter limiter)
   在 System.Xml.Serialization.XmlReflectionImporter.ImportTypeMapping(TypeModel model, String ns, ImportContext context, String dataType, XmlAttributes a, Boolean repeats, Boolean openModel, RecursionLimiter limiter)
   --- 内部异常堆栈跟踪的结尾 ---
   在 System.Xml.Serialization.XmlReflectionImporter.ImportTypeMapping(TypeModel model, String ns, ImportContext context, String dataType, XmlAttributes a, Boolean repeats, Boolean openModel, RecursionLimiter limiter)
   在 System.Xml.Serialization.XmlReflectionImporter.ImportElement(TypeModel model, XmlRootAttribute root, String defaultNamespace, RecursionLimiter limiter)
   在 System.Xml.Serialization.XmlReflectionImporter.ImportTypeMapping(Type type, XmlRootAttribute root, String defaultNamespace)
   在 System.Xml.Serialization.XmlSerializer..ctor(Type type, String defaultNamespace)
   在 System.Xml.Serialization.XmlSerializer..ctor(Type type)
   在 XYAuto.ITSC.Chitunion2017.BLL.Util.Deserialize(Type type, String xml) 位置 D:\GitRoot（C）\A5信息系统研发\销售业务管理平台\赤兔联盟系统\XYAuto.ITSC.Chitunion2017.BLL\Util.cs:行号 3244
   在 XYAuto.POBU.Chitunion2018.AdminWebAPI.Controllers.WeChatManageController.GetMenuData() 位置 D:\GitRoot（C）\A5信息系统研发\销售业务管理平台\赤兔联盟系统\XYAuto.POBU.Chitunion2018.AdminWebAPI\Controllers\WeChatManageController.cs:行号 133
   在 lambda_method(Closure , Object , Object[] )
   在 System.Web.Http.Controllers.ReflectedHttpActionDescriptor.ActionExecutor.<>c__DisplayClass10.<GetExecutor>b__9(Object instance, Object[] methodParameters)
   在 System.Web.Http.Controllers.ReflectedHttpActionDescriptor.ActionExecutor.Execute(Object instance, Object[] arguments)
   在 System.Web.Http.Controllers.ReflectedHttpActionDescriptor.ExecuteAsync(HttpControllerContext controllerContext, IDictionary`2 arguments, CancellationToken cancellationToken)
--- 引发异常的上一位置中堆栈跟踪的末尾 ---
   在 System.Runtime.CompilerServices.TaskAwaiter.ThrowForNonSuccess(Task task)
   在 System.Runtime.CompilerServices.TaskAwaiter.HandleNonSuccessAndDebuggerNotification(Task task)
   在 System.Web.Http.Controllers.ApiControllerActionInvoker.<InvokeActionAsyncCore>d__0.MoveNext()
--- 引发异常的上一位置中堆栈跟踪的末尾 ---
   在 System.Runtime.CompilerServices.TaskAwaiter.ThrowForNonSuccess(Task task)
   在 System.Runtime.CompilerServices.TaskAwaiter.HandleNonSuccessAndDebuggerNotification(Task task)
   在 System.Web.Http.Filters.ActionFilterAttribute.<CallOnActionExecutedAsync>d__5.MoveNext()
--- 引发异常的上一位置中堆栈跟踪的末尾 ---
   在 System.Web.Http.Filters.ActionFilterAttribute.<CallOnActionExecutedAsync>d__5.MoveNext()
--- 引发异常的上一位置中堆栈跟踪的末尾 ---
   在 System.Runtime.CompilerServices.TaskAwaiter.ThrowForNonSuccess(Task task)
   在 System.Runtime.CompilerServices.TaskAwaiter.HandleNonSuccessAndDebuggerNotification(Task task)
   在 System.Web.Http.Filters.ActionFilterAttribute.<ExecuteActionFilterAsyncCore>d__0.MoveNext()
--- 引发异常的上一位置中堆栈跟踪的末尾 ---
   在 System.Runtime.CompilerServices.TaskAwaiter.ThrowForNonSuccess(Task task)
   在 System.Runtime.CompilerServices.TaskAwaiter.HandleNonSuccessAndDebuggerNotification(Task task)
   在 System.Web.Http.Filters.ActionFilterAttribute.<CallOnActionExecutedAsync>d__5.MoveNext()
--- 引发异常的上一位置中堆栈跟踪的末尾 ---
   在 System.Web.Http.Filters.ActionFilterAttribute.<CallOnActionExecutedAsync>d__5.MoveNext()
--- 引发异常的上一位置中堆栈跟踪的末尾 ---
   在 System.Runtime.CompilerServices.TaskAwaiter.ThrowForNonSuccess(Task task)
   在 System.Runtime.CompilerServices.TaskAwaiter.HandleNonSuccessAndDebuggerNotification(Task task)
   在 System.Web.Http.Filters.ActionFilterAttribute.<ExecuteActionFilterAsyncCore>d__0.MoveNext()
--- 引发异常的上一位置中堆栈跟踪的末尾 ---
   在 System.Runtime.CompilerServices.TaskAwaiter.ThrowForNonSuccess(Task task)
   在 System.Runtime.CompilerServices.TaskAwaiter.HandleNonSuccessAndDebuggerNotification(Task task)
   在 System.Web.Http.Controllers.ActionFilterResult.<ExecuteAsync>d__2.MoveNext()
--- 引发异常的上一位置中堆栈跟踪的末尾 ---
   在 System.Runtime.CompilerServices.TaskAwaiter.ThrowForNonSuccess(Task task)
   在 System.Runtime.CompilerServices.TaskAwaiter.HandleNonSuccessAndDebuggerNotification(Task task)
   在 System.Web.Http.Controllers.ExceptionFilterResult.<ExecuteAsync>d__0.MoveNext()
2018-05-29 16:37:53,802 [12] INFO  BaseLog [(null)] - 
请求的url地址：http://admin1.chitunion.com/api/WeChatManage/GetMenuData
执行的时间:52413.8942ms
请求的参数:{}
返回的结果:

2018-05-29 16:37:54,273 [7] INFO  BaseLog [(null)] - 发邮件开始：
2018-05-29 16:37:54,328 [7] INFO  BaseLog [(null)] - 发送邮件给谁:masj@xingyuanauto.com
2018-05-29 16:37:54,339 [7] INFO  BaseLog [(null)] - 发送邮件给谁:lix@xingyuanauto.com
2018-05-29 16:37:54,351 [7] INFO  BaseLog [(null)] - 发送邮件给谁:hant@xingyuanauto.com
2018-05-29 16:37:54,362 [7] INFO  BaseLog [(null)] - 发送邮件给谁:lihf@xingyuanauto.com
2018-05-29 16:37:54,377 [7] INFO  BaseLog [(null)] - 发送邮件给谁:zhanglb@xingyuanauto.com
2018-05-29 16:37:54,388 [7] INFO  BaseLog [(null)] - 发送邮件给谁:zhangjl@xingyuanauto.com
2018-05-29 16:37:54,728 [7] ERROR BaseLog [(null)] - 发邮件失败: 
System.Net.Mail.SmtpException: 事务失败。 服务器响应为:RCPT (hant@xingyuanauto.com) dosn't exist
   在 System.Net.Mail.RecipientCommand.CheckResponse(SmtpStatusCode statusCode, String response)
   在 System.Net.Mail.SmtpTransport.SendMail(MailAddress sender, MailAddressCollection recipients, String deliveryNotify, Boolean allowUnicode, SmtpFailedRecipientException& exception)
   在 System.Net.Mail.SmtpClient.Send(MailMessage message)
   在 XYAuto.YanFa.SysRightManager.Common.IsdcMail.Send(String host, String userName, String password)
   在 XYAuto.YanFa.SysRightManager.Common.IsdcMail.Send()
   在 XYAuto.ITSC.Chitunion2017.BLL.EmailHelper.SendMailByTemplate(String templateName, String[] mailBody, String subject, String[] reciver) 位置 D:\GitRoot（C）\A5信息系统研发\销售业务管理平台\赤兔联盟系统\XYAuto.ITSC.Chitunion2017.BLL\EmailHelper.cs:行号 44
2018-05-29 16:37:55,128 [7] INFO  BaseLog [(null)] - 发邮件结束！
2018-05-29 16:40:01,184 [8] INFO  BaseLog [(null)] - 
请求的url地址：http://admin1.chitunion.com/api/WeChatManage/GetMenuData
执行的时间:45.12ms
请求的参数:{}
返回的结果:

2018-05-29 16:40:01,184 [22] ERROR BaseLog [(null)] - Chitunion_WebApi――异常
System.InvalidOperationException: XML 文档(1, 40)中有错误。 ---> System.InvalidOperationException: 不应有 <WeChatMenu xmlns=''>。
   在 Microsoft.Xml.Serialization.GeneratedAssembly.XmlSerializationReaderList1.Read3_ArrayOfWxMenuDataDto()
   --- 内部异常堆栈跟踪的结尾 ---
   在 System.Xml.Serialization.XmlSerializer.Deserialize(XmlReader xmlReader, String encodingStyle, XmlDeserializationEvents events)
   在 System.Xml.Serialization.XmlSerializer.Deserialize(TextReader textReader)
   在 XYAuto.ITSC.Chitunion2017.BLL.Util.Deserialize(Type type, String xml) 位置 D:\GitRoot（C）\A5信息系统研发\销售业务管理平台\赤兔联盟系统\XYAuto.ITSC.Chitunion2017.BLL\Util.cs:行号 3245
   在 XYAuto.POBU.Chitunion2018.AdminWebAPI.Controllers.WeChatManageController.GetMenuData() 位置 D:\GitRoot（C）\A5信息系统研发\销售业务管理平台\赤兔联盟系统\XYAuto.POBU.Chitunion2018.AdminWebAPI\Controllers\WeChatManageController.cs:行号 133
   在 lambda_method(Closure , Object , Object[] )
   在 System.Web.Http.Controllers.ReflectedHttpActionDescriptor.ActionExecutor.<>c__DisplayClass10.<GetExecutor>b__9(Object instance, Object[] methodParameters)
   在 System.Web.Http.Controllers.ReflectedHttpActionDescriptor.ActionExecutor.Execute(Object instance, Object[] arguments)
   在 System.Web.Http.Controllers.ReflectedHttpActionDescriptor.ExecuteAsync(HttpControllerContext controllerContext, IDictionary`2 arguments, CancellationToken cancellationToken)
--- 引发异常的上一位置中堆栈跟踪的末尾 ---
   在 System.Runtime.CompilerServices.TaskAwaiter.ThrowForNonSuccess(Task task)
   在 System.Runtime.CompilerServices.TaskAwaiter.HandleNonSuccessAndDebuggerNotification(Task task)
   在 System.Web.Http.Controllers.ApiControllerActionInvoker.<InvokeActionAsyncCore>d__0.MoveNext()
--- 引发异常的上一位置中堆栈跟踪的末尾 ---
   在 System.Runtime.CompilerServices.TaskAwaiter.ThrowForNonSuccess(Task task)
   在 System.Runtime.CompilerServices.TaskAwaiter.HandleNonSuccessAndDebuggerNotification(Task task)
   在 System.Web.Http.Filters.ActionFilterAttribute.<CallOnActionExecutedAsync>d__5.MoveNext()
--- 引发异常的上一位置中堆栈跟踪的末尾 ---
   在 System.Web.Http.Filters.ActionFilterAttribute.<CallOnActionExecutedAsync>d__5.MoveNext()
--- 引发异常的上一位置中堆栈跟踪的末尾 ---
   在 System.Runtime.CompilerServices.TaskAwaiter.ThrowForNonSuccess(Task task)
   在 System.Runtime.CompilerServices.TaskAwaiter.HandleNonSuccessAndDebuggerNotification(Task task)
   在 System.Web.Http.Filters.ActionFilterAttribute.<ExecuteActionFilterAsyncCore>d__0.MoveNext()
--- 引发异常的上一位置中堆栈跟踪的末尾 ---
   在 System.Runtime.CompilerServices.TaskAwaiter.ThrowForNonSuccess(Task task)
   在 System.Runtime.CompilerServices.TaskAwaiter.HandleNonSuccessAndDebuggerNotification(Task task)
   在 System.Web.Http.Filters.ActionFilterAttribute.<CallOnActionExecutedAsync>d__5.MoveNext()
--- 引发异常的上一位置中堆栈跟踪的末尾 ---
   在 System.Web.Http.Filters.ActionFilterAttribute.<CallOnActionExecutedAsync>d__5.MoveNext()
--- 引发异常的上一位置中堆栈跟踪的末尾 ---
   在 System.Runtime.CompilerServices.TaskAwaiter.ThrowForNonSuccess(Task task)
   在 System.Runtime.CompilerServices.TaskAwaiter.HandleNonSuccessAndDebuggerNotification(Task task)
   在 System.Web.Http.Filters.ActionFilterAttribute.<ExecuteActionFilterAsyncCore>d__0.MoveNext()
--- 引发异常的上一位置中堆栈跟踪的末尾 ---
   在 System.Runtime.CompilerServices.TaskAwaiter.ThrowForNonSuccess(Task task)
   在 System.Runtime.CompilerServices.TaskAwaiter.HandleNonSuccessAndDebuggerNotification(Task task)
   在 System.Web.Http.Controllers.ActionFilterResult.<ExecuteAsync>d__2.MoveNext()
--- 引发异常的上一位置中堆栈跟踪的末尾 ---
   在 System.Runtime.CompilerServices.TaskAwaiter.ThrowForNonSuccess(Task task)
   在 System.Runtime.CompilerServices.TaskAwaiter.HandleNonSuccessAndDebuggerNotification(Task task)
   在 System.Web.Http.Controllers.ExceptionFilterResult.<ExecuteAsync>d__0.MoveNext()
2018-05-29 16:40:01,707 [22] INFO  BaseLog [(null)] - 发邮件开始：
2018-05-29 16:40:01,717 [22] INFO  BaseLog [(null)] - 发送邮件给谁:masj@xingyuanauto.com
2018-05-29 16:40:01,725 [22] INFO  BaseLog [(null)] - 发送邮件给谁:lix@xingyuanauto.com
2018-05-29 16:40:01,734 [22] INFO  BaseLog [(null)] - 发送邮件给谁:hant@xingyuanauto.com
2018-05-29 16:40:01,743 [22] INFO  BaseLog [(null)] - 发送邮件给谁:lihf@xingyuanauto.com
2018-05-29 16:40:01,753 [22] INFO  BaseLog [(null)] - 发送邮件给谁:zhanglb@xingyuanauto.com
2018-05-29 16:40:01,762 [22] INFO  BaseLog [(null)] - 发送邮件给谁:zhangjl@xingyuanauto.com
2018-05-29 16:40:02,168 [22] ERROR BaseLog [(null)] - 发邮件失败: 
System.Net.Mail.SmtpException: 事务失败。 服务器响应为:RCPT (hant@xingyuanauto.com) dosn't exist
   在 System.Net.Mail.RecipientCommand.CheckResponse(SmtpStatusCode statusCode, String response)
   在 System.Net.Mail.SmtpTransport.SendMail(MailAddress sender, MailAddressCollection recipients, String deliveryNotify, Boolean allowUnicode, SmtpFailedRecipientException& exception)
   在 System.Net.Mail.SmtpClient.Send(MailMessage message)
   在 XYAuto.YanFa.SysRightManager.Common.IsdcMail.Send(String host, String userName, String password)
   在 XYAuto.YanFa.SysRightManager.Common.IsdcMail.Send()
   在 XYAuto.ITSC.Chitunion2017.BLL.EmailHelper.SendMailByTemplate(String templateName, String[] mailBody, String subject, String[] reciver) 位置 D:\GitRoot（C）\A5信息系统研发\销售业务管理平台\赤兔联盟系统\XYAuto.ITSC.Chitunion2017.BLL\EmailHelper.cs:行号 44
2018-05-29 16:40:02,701 [22] INFO  BaseLog [(null)] - 发邮件结束！
2018-05-29 16:41:06,163 [14] INFO  BaseLog [(null)] - 
请求的url地址：http://admin1.chitunion.com/api/WeChatManage/GetMenuData
执行的时间:22.0583ms
请求的参数:{}
返回的结果:

2018-05-29 16:41:06,163 [8] ERROR BaseLog [(null)] - Chitunion_WebApi――异常
System.InvalidOperationException: XML 文档(1, 40)中有错误。 ---> System.InvalidOperationException: 不应有 <WeChatMenu xmlns=''>。
   在 Microsoft.Xml.Serialization.GeneratedAssembly.XmlSerializationReaderList1.Read3_ArrayOfWxMenuDataDto()
   --- 内部异常堆栈跟踪的结尾 ---
   在 System.Xml.Serialization.XmlSerializer.Deserialize(XmlReader xmlReader, String encodingStyle, XmlDeserializationEvents events)
   在 System.Xml.Serialization.XmlSerializer.Deserialize(TextReader textReader)
   在 XYAuto.ITSC.Chitunion2017.BLL.Util.Deserialize(Type type, String xml) 位置 D:\GitRoot（C）\A5信息系统研发\销售业务管理平台\赤兔联盟系统\XYAuto.ITSC.Chitunion2017.BLL\Util.cs:行号 3245
   在 XYAuto.POBU.Chitunion2018.AdminWebAPI.Controllers.WeChatManageController.GetMenuData() 位置 D:\GitRoot（C）\A5信息系统研发\销售业务管理平台\赤兔联盟系统\XYAuto.POBU.Chitunion2018.AdminWebAPI\Controllers\WeChatManageController.cs:行号 133
   在 lambda_method(Closure , Object , Object[] )
   在 System.Web.Http.Controllers.ReflectedHttpActionDescriptor.ActionExecutor.<>c__DisplayClass10.<GetExecutor>b__9(Object instance, Object[] methodParameters)
   在 System.Web.Http.Controllers.ReflectedHttpActionDescriptor.ActionExecutor.Execute(Object instance, Object[] arguments)
   在 System.Web.Http.Controllers.ReflectedHttpActionDescriptor.ExecuteAsync(HttpControllerContext controllerContext, IDictionary`2 arguments, CancellationToken cancellationToken)
--- 引发异常的上一位置中堆栈跟踪的末尾 ---
   在 System.Runtime.CompilerServices.TaskAwaiter.ThrowForNonSuccess(Task task)
   在 System.Runtime.CompilerServices.TaskAwaiter.HandleNonSuccessAndDebuggerNotification(Task task)
   在 System.Web.Http.Controllers.ApiControllerActionInvoker.<InvokeActionAsyncCore>d__0.MoveNext()
--- 引发异常的上一位置中堆栈跟踪的末尾 ---
   在 System.Runtime.CompilerServices.TaskAwaiter.ThrowForNonSuccess(Task task)
   在 System.Runtime.CompilerServices.TaskAwaiter.HandleNonSuccessAndDebuggerNotification(Task task)
   在 System.Web.Http.Filters.ActionFilterAttribute.<CallOnActionExecutedAsync>d__5.MoveNext()
--- 引发异常的上一位置中堆栈跟踪的末尾 ---
   在 System.Web.Http.Filters.ActionFilterAttribute.<CallOnActionExecutedAsync>d__5.MoveNext()
--- 引发异常的上一位置中堆栈跟踪的末尾 ---
   在 System.Runtime.CompilerServices.TaskAwaiter.ThrowForNonSuccess(Task task)
   在 System.Runtime.CompilerServices.TaskAwaiter.HandleNonSuccessAndDebuggerNotification(Task task)
   在 System.Web.Http.Filters.ActionFilterAttribute.<ExecuteActionFilterAsyncCore>d__0.MoveNext()
--- 引发异常的上一位置中堆栈跟踪的末尾 ---
   在 System.Runtime.CompilerServices.TaskAwaiter.ThrowForNonSuccess(Task task)
   在 System.Runtime.CompilerServices.TaskAwaiter.HandleNonSuccessAndDebuggerNotification(Task task)
   在 System.Web.Http.Filters.ActionFilterAttribute.<CallOnActionExecutedAsync>d__5.MoveNext()
--- 引发异常的上一位置中堆栈跟踪的末尾 ---
   在 System.Web.Http.Filters.ActionFilterAttribute.<CallOnActionExecutedAsync>d__5.MoveNext()
--- 引发异常的上一位置中堆栈跟踪的末尾 ---
   在 System.Runtime.CompilerServices.TaskAwaiter.ThrowForNonSuccess(Task task)
   在 System.Runtime.CompilerServices.TaskAwaiter.HandleNonSuccessAndDebuggerNotification(Task task)
   在 System.Web.Http.Filters.ActionFilterAttribute.<ExecuteActionFilterAsyncCore>d__0.MoveNext()
--- 引发异常的上一位置中堆栈跟踪的末尾 ---
   在 System.Runtime.CompilerServices.TaskAwaiter.ThrowForNonSuccess(Task task)
   在 System.Runtime.CompilerServices.TaskAwaiter.HandleNonSuccessAndDebuggerNotification(Task task)
   在 System.Web.Http.Controllers.ActionFilterResult.<ExecuteAsync>d__2.MoveNext()
--- 引发异常的上一位置中堆栈跟踪的末尾 ---
   在 System.Runtime.CompilerServices.TaskAwaiter.ThrowForNonSuccess(Task task)
   在 System.Runtime.CompilerServices.TaskAwaiter.HandleNonSuccessAndDebuggerNotification(Task task)
   在 System.Web.Http.Controllers.ExceptionFilterResult.<ExecuteAsync>d__0.MoveNext()
2018-05-29 16:41:06,729 [8] INFO  BaseLog [(null)] - 发邮件开始：
2018-05-29 16:41:06,738 [8] INFO  BaseLog [(null)] - 发送邮件给谁:masj@xingyuanauto.com
2018-05-29 16:41:06,745 [8] INFO  BaseLog [(null)] - 发送邮件给谁:lix@xingyuanauto.com
2018-05-29 16:41:06,753 [8] INFO  BaseLog [(null)] - 发送邮件给谁:hant@xingyuanauto.com
2018-05-29 16:41:06,766 [8] INFO  BaseLog [(null)] - 发送邮件给谁:lihf@xingyuanauto.com
2018-05-29 16:41:06,811 [8] INFO  BaseLog [(null)] - 发送邮件给谁:zhanglb@xingyuanauto.com
2018-05-29 16:41:06,823 [8] INFO  BaseLog [(null)] - 发送邮件给谁:zhangjl@xingyuanauto.com
2018-05-29 16:41:07,179 [8] ERROR BaseLog [(null)] - 发邮件失败: 
System.Net.Mail.SmtpException: 事务失败。 服务器响应为:RCPT (hant@xingyuanauto.com) dosn't exist
   在 System.Net.Mail.RecipientCommand.CheckResponse(SmtpStatusCode statusCode, String response)
   在 System.Net.Mail.SmtpTransport.SendMail(MailAddress sender, MailAddressCollection recipients, String deliveryNotify, Boolean allowUnicode, SmtpFailedRecipientException& exception)
   在 System.Net.Mail.SmtpClient.Send(MailMessage message)
   在 XYAuto.YanFa.SysRightManager.Common.IsdcMail.Send(String host, String userName, String password)
   在 XYAuto.YanFa.SysRightManager.Common.IsdcMail.Send()
   在 XYAuto.ITSC.Chitunion2017.BLL.EmailHelper.SendMailByTemplate(String templateName, String[] mailBody, String subject, String[] reciver) 位置 D:\GitRoot（C）\A5信息系统研发\销售业务管理平台\赤兔联盟系统\XYAuto.ITSC.Chitunion2017.BLL\EmailHelper.cs:行号 44
2018-05-29 16:41:07,636 [8] INFO  BaseLog [(null)] - 发邮件结束！
2018-05-29 16:41:10,928 [24] INFO  BaseLog [(null)] - 
请求的url地址：http://admin1.chitunion.com/api/WeChatManage/GetMenuData
执行的时间:0.54ms
请求的参数:{}
返回的结果:

2018-05-29 16:41:10,928 [14] ERROR BaseLog [(null)] - Chitunion_WebApi――异常
System.InvalidOperationException: XML 文档(1, 40)中有错误。 ---> System.InvalidOperationException: 不应有 <WeChatMenu xmlns=''>。
   在 Microsoft.Xml.Serialization.GeneratedAssembly.XmlSerializationReaderList1.Read3_ArrayOfWxMenuDataDto()
   --- 内部异常堆栈跟踪的结尾 ---
   在 System.Xml.Serialization.XmlSerializer.Deserialize(XmlReader xmlReader, String encodingStyle, XmlDeserializationEvents events)
   在 System.Xml.Serialization.XmlSerializer.Deserialize(TextReader textReader)
   在 XYAuto.ITSC.Chitunion2017.BLL.Util.Deserialize(Type type, String xml) 位置 D:\GitRoot（C）\A5信息系统研发\销售业务管理平台\赤兔联盟系统\XYAuto.ITSC.Chitunion2017.BLL\Util.cs:行号 3245
   在 XYAuto.POBU.Chitunion2018.AdminWebAPI.Controllers.WeChatManageController.GetMenuData() 位置 D:\GitRoot（C）\A5信息系统研发\销售业务管理平台\赤兔联盟系统\XYAuto.POBU.Chitunion2018.AdminWebAPI\Controllers\WeChatManageController.cs:行号 133
   在 lambda_method(Closure , Object , Object[] )
   在 System.Web.Http.Controllers.ReflectedHttpActionDescriptor.ActionExecutor.<>c__DisplayClass10.<GetExecutor>b__9(Object instance, Object[] methodParameters)
   在 System.Web.Http.Controllers.ReflectedHttpActionDescriptor.ActionExecutor.Execute(Object instance, Object[] arguments)
   在 System.Web.Http.Controllers.ReflectedHttpActionDescriptor.ExecuteAsync(HttpControllerContext controllerContext, IDictionary`2 arguments, CancellationToken cancellationToken)
--- 引发异常的上一位置中堆栈跟踪的末尾 ---
   在 System.Runtime.CompilerServices.TaskAwaiter.ThrowForNonSuccess(Task task)
   在 System.Runtime.CompilerServices.TaskAwaiter.HandleNonSuccessAndDebuggerNotification(Task task)
   在 System.Web.Http.Controllers.ApiControllerActionInvoker.<InvokeActionAsyncCore>d__0.MoveNext()
--- 引发异常的上一位置中堆栈跟踪的末尾 ---
   在 System.Runtime.CompilerServices.TaskAwaiter.ThrowForNonSuccess(Task task)
   在 System.Runtime.CompilerServices.TaskAwaiter.HandleNonSuccessAndDebuggerNotification(Task task)
   在 System.Web.Http.Filters.ActionFilterAttribute.<CallOnActionExecutedAsync>d__5.MoveNext()
--- 引发异常的上一位置中堆栈跟踪的末尾 ---
   在 System.Web.Http.Filters.ActionFilterAttribute.<CallOnActionExecutedAsync>d__5.MoveNext()
--- 引发异常的上一位置中堆栈跟踪的末尾 ---
   在 System.Runtime.CompilerServices.TaskAwaiter.ThrowForNonSuccess(Task task)
   在 System.Runtime.CompilerServices.TaskAwaiter.HandleNonSuccessAndDebuggerNotification(Task task)
   在 System.Web.Http.Filters.ActionFilterAttribute.<ExecuteActionFilterAsyncCore>d__0.MoveNext()
--- 引发异常的上一位置中堆栈跟踪的末尾 ---
   在 System.Runtime.CompilerServices.TaskAwaiter.ThrowForNonSuccess(Task task)
   在 System.Runtime.CompilerServices.TaskAwaiter.HandleNonSuccessAndDebuggerNotification(Task task)
   在 System.Web.Http.Filters.ActionFilterAttribute.<CallOnActionExecutedAsync>d__5.MoveNext()
--- 引发异常的上一位置中堆栈跟踪的末尾 ---
   在 System.Web.Http.Filters.ActionFilterAttribute.<CallOnActionExecutedAsync>d__5.MoveNext()
--- 引发异常的上一位置中堆栈跟踪的末尾 ---
   在 System.Runtime.CompilerServices.TaskAwaiter.ThrowForNonSuccess(Task task)
   在 System.Runtime.CompilerServices.TaskAwaiter.HandleNonSuccessAndDebuggerNotification(Task task)
   在 System.Web.Http.Filters.ActionFilterAttribute.<ExecuteActionFilterAsyncCore>d__0.MoveNext()
--- 引发异常的上一位置中堆栈跟踪的末尾 ---
   在 System.Runtime.CompilerServices.TaskAwaiter.ThrowForNonSuccess(Task task)
   在 System.Runtime.CompilerServices.TaskAwaiter.HandleNonSuccessAndDebuggerNotification(Task task)
   在 System.Web.Http.Controllers.ActionFilterResult.<ExecuteAsync>d__2.MoveNext()
--- 引发异常的上一位置中堆栈跟踪的末尾 ---
   在 System.Runtime.CompilerServices.TaskAwaiter.ThrowForNonSuccess(Task task)
   在 System.Runtime.CompilerServices.TaskAwaiter.HandleNonSuccessAndDebuggerNotification(Task task)
   在 System.Web.Http.Controllers.ExceptionFilterResult.<ExecuteAsync>d__0.MoveNext()
2018-05-29 16:41:11,354 [14] INFO  BaseLog [(null)] - 发邮件开始：
2018-05-29 16:41:11,363 [14] INFO  BaseLog [(null)] - 发送邮件给谁:masj@xingyuanauto.com
2018-05-29 16:41:11,374 [14] INFO  BaseLog [(null)] - 发送邮件给谁:lix@xingyuanauto.com
2018-05-29 16:41:11,387 [14] INFO  BaseLog [(null)] - 发送邮件给谁:hant@xingyuanauto.com
2018-05-29 16:41:11,396 [14] INFO  BaseLog [(null)] - 发送邮件给谁:lihf@xingyuanauto.com
2018-05-29 16:41:11,406 [14] INFO  BaseLog [(null)] - 发送邮件给谁:zhanglb@xingyuanauto.com
2018-05-29 16:41:11,419 [14] INFO  BaseLog [(null)] - 发送邮件给谁:zhangjl@xingyuanauto.com
2018-05-29 16:41:11,761 [14] ERROR BaseLog [(null)] - 发邮件失败: 
System.Net.Mail.SmtpException: 事务失败。 服务器响应为:RCPT (hant@xingyuanauto.com) dosn't exist
   在 System.Net.Mail.RecipientCommand.CheckResponse(SmtpStatusCode statusCode, String response)
   在 System.Net.Mail.SmtpTransport.SendMail(MailAddress sender, MailAddressCollection recipients, String deliveryNotify, Boolean allowUnicode, SmtpFailedRecipientException& exception)
   在 System.Net.Mail.SmtpClient.Send(MailMessage message)
   在 XYAuto.YanFa.SysRightManager.Common.IsdcMail.Send(String host, String userName, String password)
   在 XYAuto.YanFa.SysRightManager.Common.IsdcMail.Send()
   在 XYAuto.ITSC.Chitunion2017.BLL.EmailHelper.SendMailByTemplate(String templateName, String[] mailBody, String subject, String[] reciver) 位置 D:\GitRoot（C）\A5信息系统研发\销售业务管理平台\赤兔联盟系统\XYAuto.ITSC.Chitunion2017.BLL\EmailHelper.cs:行号 44
2018-05-29 16:41:12,219 [14] INFO  BaseLog [(null)] - 发邮件结束！
