2015-06-30 11:43:12,174 [1] INFO  CC2015_HollyFormsApp.Loger [(null)] - [HollyContactHelper]用户操作==装载及初始化->True
2015-06-30 11:43:12,314 [1] INFO  CC2015_HollyFormsApp.Loger [(null)] - [@@@厂家消息通知@@@]OnMessage ：厂家状态(CurStatus：0；CurStatusName：准备就绪状态；)厂家消息(服务器已上线:UserName=AgentUser,UserGOR=7274497)程序状态(PS01_就绪)
2015-06-30 11:43:12,366 [1] INFO  CC2015_HollyFormsApp.Loger [(null)] - [@@@厂家消息通知@@@]OnMessage ：厂家状态(CurStatus：0；CurStatusName：准备就绪状态；)厂家消息(服务器已上线:UserName=LSUser,UserGOR=65537)程序状态(PS01_就绪)
2015-06-30 11:43:12,421 [1] INFO  CC2015_HollyFormsApp.Loger [(null)] - [@@@厂家消息通知@@@]OnMessage ：厂家状态(CurStatus：0；CurStatusName：准备就绪状态；)厂家消息(服务器已上线:UserName=EDSUser,UserGOR=1048577)程序状态(PS01_就绪)
2015-06-30 11:43:12,426 [1] INFO  CC2015_HollyFormsApp.Loger [(null)] - [@@@厂家消息通知@@@]OnMessage ：厂家状态(CurStatus：0；CurStatusName：准备就绪状态；)厂家消息(服务器已上线:UserName=StatEvent,UserGOR=196609)程序状态(PS01_就绪)
2015-06-30 11:43:12,428 [1] INFO  CC2015_HollyFormsApp.Loger [(null)] - [@@@厂家消息通知@@@]OnMessage ：厂家状态(CurStatus：0；CurStatusName：准备就绪状态；)厂家消息(服务器已上线:UserName=StatUser,UserGOR=196610)程序状态(PS01_就绪)
2015-06-30 11:43:12,495 [1] INFO  CC2015_HollyFormsApp.Loger [(null)] - [@@@厂家消息通知@@@]OnMessage ：厂家状态(CurStatus：0；CurStatusName：准备就绪状态；)厂家消息(服务器已上线:UserName=ASUser,UserGOR=720897)程序状态(PS01_就绪)
2015-06-30 11:43:19,683 [1] INFO  CC2015_HollyFormsApp.Loger [(null)] - [登录窗口]btnLogin_Click Begin...
2015-06-30 11:43:20,761 [1] INFO  CC2015_HollyFormsApp.Loger [(null)] - [登录登出模块] Login(masj, pwd, 3001) Begin...
2015-06-30 11:43:20,763 [1] INFO  CC2015_HollyFormsApp.Loger [(null)] - [登录登出模块] DomainAccountLogin(masj, pwd) begin...
2015-06-30 11:43:20,906 [1] INFO  CC2015_HollyFormsApp.Loger [(null)] - [登录登出模块] DomainAccountLogin(masj, pwd) end.return BitAuto.Services.Organization.Remoting.Employee
2015-06-30 11:43:20,910 [1] INFO  CC2015_HollyFormsApp.Loger [(null)] - [登录登出模块] InitLoginUser() Begin...
2015-06-30 11:43:43,558 [1] INFO  CC2015_HollyFormsApp.Loger [(null)] - [登录登出模块] InitLoginUser() 坐席登录...AgentID is:10658,AgentNum is:1894,GroupName is:汽车金融服务部,OutNum is:2
2015-06-30 11:43:43,558 [1] INFO  CC2015_HollyFormsApp.Loger [(null)] - [登录登出模块] InitLoginUser() End...
2015-06-30 11:43:47,902 [1] INFO  CC2015_HollyFormsApp.Loger [(null)] - [登录窗口]btnLogin_Click End
2015-06-30 11:44:24,413 [1] INFO  CC2015_HollyFormsApp.Loger [(null)] - [登录窗口]btnLogin_Click Begin...
2015-06-30 11:44:24,418 [1] INFO  CC2015_HollyFormsApp.Loger [(null)] - [登录登出模块] Login(masj, pwd, 3001) Begin...
2015-06-30 11:44:24,418 [1] INFO  CC2015_HollyFormsApp.Loger [(null)] - [登录登出模块] DomainAccountLogin(masj, pwd) begin...
2015-06-30 11:44:24,542 [1] INFO  CC2015_HollyFormsApp.Loger [(null)] - [登录登出模块] DomainAccountLogin(masj, pwd) end.return BitAuto.Services.Organization.Remoting.Employee
2015-06-30 11:44:24,543 [1] INFO  CC2015_HollyFormsApp.Loger [(null)] - [登录登出模块] InitLoginUser() Begin...
2015-06-30 11:44:24,689 [1] INFO  CC2015_HollyFormsApp.Loger [(null)] - [登录登出模块] InitLoginUser() 坐席登录...AgentID is:10658,AgentNum is:1894,GroupName is:汽车金融服务部,OutNum is:2
2015-06-30 11:44:24,689 [1] INFO  CC2015_HollyFormsApp.Loger [(null)] - [登录登出模块] InitLoginUser() End...
2015-06-30 11:44:28,209 [1] INFO  CC2015_HollyFormsApp.Loger [(null)] - [登录窗口]btnLogin_Click End
2015-06-30 11:47:58,191 [1] INFO  CC2015_HollyFormsApp.Loger [(null)] - [登录窗口]btnLogin_Click Begin...
2015-06-30 11:47:58,197 [1] INFO  CC2015_HollyFormsApp.Loger [(null)] - [登录登出模块] Login(masj, pwd, 3001) Begin...
2015-06-30 11:47:58,197 [1] INFO  CC2015_HollyFormsApp.Loger [(null)] - [登录登出模块] DomainAccountLogin(masj, pwd) begin...
2015-06-30 11:47:58,447 [1] INFO  CC2015_HollyFormsApp.Loger [(null)] - [登录登出模块] DomainAccountLogin(masj, pwd) end.return BitAuto.Services.Organization.Remoting.Employee
2015-06-30 11:47:58,447 [1] INFO  CC2015_HollyFormsApp.Loger [(null)] - [登录登出模块] InitLoginUser() Begin...
2015-06-30 11:47:58,736 [1] INFO  CC2015_HollyFormsApp.Loger [(null)] - [登录登出模块] InitLoginUser() 坐席登录...AgentID is:10658,AgentNum is:1894,GroupName is:汽车金融服务部,OutNum is:92
2015-06-30 11:47:58,736 [1] INFO  CC2015_HollyFormsApp.Loger [(null)] - [登录登出模块] InitLoginUser() End...
2015-06-30 11:47:59,013 [1] INFO  CC2015_HollyFormsApp.Loger [(null)] - [HollyContactHelper]用户操作==添加技能组->1038 3
2015-06-30 11:47:59,677 [1] INFO  CC2015_HollyFormsApp.Loger [(null)] - [HollyContactHelper]用户操作==签入->False
2015-06-30 11:47:59,684 [1] INFO  CC2015_HollyFormsApp.Loger [(null)] - [^^^厂家错误通知^^^]OnError ：CTIErrorCode:1343225864   ErrorCode:1  ErrorDesc:Err_IContact_AgentDNInService
2015-06-30 11:48:10,121 [1] INFO  CC2015_HollyFormsApp.Loger [(null)] - [登录登出模块] Login(masj, pwd, 3001) End.
2015-06-30 11:48:10,122 [1] INFO  CC2015_HollyFormsApp.Loger [(null)] - [登录窗口]btnLogin_Click End
2015-06-30 11:48:11,502 [1] INFO  CC2015_HollyFormsApp.Loger [(null)] - [登录窗口]btnLogin_Click Begin...
2015-06-30 11:48:11,508 [1] INFO  CC2015_HollyFormsApp.Loger [(null)] - [登录登出模块] Login(masj, pwd, 3001) Begin...
2015-06-30 11:48:11,508 [1] INFO  CC2015_HollyFormsApp.Loger [(null)] - [登录登出模块] DomainAccountLogin(masj, pwd) begin...
2015-06-30 11:48:11,794 [1] INFO  CC2015_HollyFormsApp.Loger [(null)] - [登录登出模块] DomainAccountLogin(masj, pwd) end.return BitAuto.Services.Organization.Remoting.Employee
2015-06-30 11:48:11,794 [1] INFO  CC2015_HollyFormsApp.Loger [(null)] - [登录登出模块] InitLoginUser() Begin...
2015-06-30 11:48:12,089 [1] INFO  CC2015_HollyFormsApp.Loger [(null)] - [登录登出模块] InitLoginUser() 坐席登录...AgentID is:10658,AgentNum is:1894,GroupName is:汽车金融服务部,OutNum is:92
2015-06-30 11:48:12,089 [1] INFO  CC2015_HollyFormsApp.Loger [(null)] - [登录登出模块] InitLoginUser() End...
2015-06-30 11:48:12,183 [1] INFO  CC2015_HollyFormsApp.Loger [(null)] - [HollyContactHelper]用户操作==添加技能组->1038 3
2015-06-30 11:48:12,684 [1] INFO  CC2015_HollyFormsApp.Loger [(null)] - [HollyContactHelper]用户操作==签入->False
2015-06-30 11:48:12,695 [1] INFO  CC2015_HollyFormsApp.Loger [(null)] - [^^^厂家错误通知^^^]OnError ：CTIErrorCode:1343225864   ErrorCode:1  ErrorDesc:Err_IContact_AgentDNInService
2015-06-30 11:49:30,911 [1] INFO  CC2015_HollyFormsApp.Loger [(null)] - [登录登出模块] Login(masj, pwd, 3001) End.
2015-06-30 11:49:30,912 [1] INFO  CC2015_HollyFormsApp.Loger [(null)] - [登录窗口]btnLogin_Click End
2015-06-30 11:49:32,075 [1] INFO  CC2015_HollyFormsApp.Loger [(null)] - [登录登出模块] ExitLogin() Begin...
2015-06-30 11:49:32,336 [1] INFO  CC2015_HollyFormsApp.Loger [(null)] - [HollyContactHelper]用户操作==卸载->True
2015-06-30 11:49:32,337 [1] INFO  CC2015_HollyFormsApp.Loger [(null)] - [登录登出模块] ExitLogin() End.
2015-06-30 11:52:16,206 [1] INFO  CC2015_HollyFormsApp.Loger [(null)] - [HollyContactHelper]用户操作==装载及初始化->True
2015-06-30 11:52:16,396 [1] INFO  CC2015_HollyFormsApp.Loger [(null)] - [@@@厂家消息通知@@@]OnMessage ：厂家状态(CurStatus：0；CurStatusName：准备就绪状态；)厂家消息(服务器已上线:UserName=AgentUser,UserGOR=7471105)程序状态(PS01_就绪)
2015-06-30 11:52:16,484 [1] INFO  CC2015_HollyFormsApp.Loger [(null)] - [@@@厂家消息通知@@@]OnMessage ：厂家状态(CurStatus：0；CurStatusName：准备就绪状态；)厂家消息(服务器已上线:UserName=LSUser,UserGOR=65537)程序状态(PS01_就绪)
2015-06-30 11:52:16,572 [1] INFO  CC2015_HollyFormsApp.Loger [(null)] - [@@@厂家消息通知@@@]OnMessage ：厂家状态(CurStatus：0；CurStatusName：准备就绪状态；)厂家消息(服务器已上线:UserName=EDSUser,UserGOR=1048577)程序状态(PS01_就绪)
2015-06-30 11:52:16,575 [1] INFO  CC2015_HollyFormsApp.Loger [(null)] - [@@@厂家消息通知@@@]OnMessage ：厂家状态(CurStatus：0；CurStatusName：准备就绪状态；)厂家消息(服务器已上线:UserName=StatEvent,UserGOR=196609)程序状态(PS01_就绪)
2015-06-30 11:52:16,577 [1] INFO  CC2015_HollyFormsApp.Loger [(null)] - [@@@厂家消息通知@@@]OnMessage ：厂家状态(CurStatus：0；CurStatusName：准备就绪状态；)厂家消息(服务器已上线:UserName=StatUser,UserGOR=196610)程序状态(PS01_就绪)
2015-06-30 11:52:16,670 [1] INFO  CC2015_HollyFormsApp.Loger [(null)] - [@@@厂家消息通知@@@]OnMessage ：厂家状态(CurStatus：0；CurStatusName：准备就绪状态；)厂家消息(服务器已上线:UserName=ASUser,UserGOR=720897)程序状态(PS01_就绪)
2015-06-30 11:52:21,062 [1] INFO  CC2015_HollyFormsApp.Loger [(null)] - [登录窗口]btnLogin_Click Begin...
2015-06-30 11:52:21,386 [1] INFO  CC2015_HollyFormsApp.Loger [(null)] - [登录登出模块] Login(masj, pwd, 3001) Begin...
2015-06-30 11:52:21,387 [1] INFO  CC2015_HollyFormsApp.Loger [(null)] - [登录登出模块] DomainAccountLogin(masj, pwd) begin...
2015-06-30 11:52:21,667 [1] INFO  CC2015_HollyFormsApp.Loger [(null)] - [登录登出模块] DomainAccountLogin(masj, pwd) end.return BitAuto.Services.Organization.Remoting.Employee
2015-06-30 11:52:21,671 [1] INFO  CC2015_HollyFormsApp.Loger [(null)] - [登录登出模块] InitLoginUser() Begin...
2015-06-30 11:52:25,958 [1] INFO  CC2015_HollyFormsApp.Loger [(null)] - [登录登出模块] InitLoginUser() 坐席登录...AgentID is:10658,AgentNum is:1894,GroupName is:汽车金融服务部,OutNum is:92
2015-06-30 11:52:25,958 [1] INFO  CC2015_HollyFormsApp.Loger [(null)] - [登录登出模块] InitLoginUser() End...
2015-06-30 11:52:26,081 [1] INFO  CC2015_HollyFormsApp.Loger [(null)] - [HollyContactHelper]用户操作==添加技能组->1038 3
2015-06-30 11:52:26,329 [1] INFO  CC2015_HollyFormsApp.Loger [(null)] - [HollyContactHelper]用户操作==签入->True
2015-06-30 11:52:26,784 [1] INFO  CC2015_HollyFormsApp.Loger [(null)] - [登录登出模块] InsertAgentState()更新退出时间....norecord
2015-06-30 11:52:26,947 [1] INFO  CC2015_HollyFormsApp.Loger [(null)] - [登录登出模块] InsertAgentState()登录状态LoginOnOid....is:3502
2015-06-30 11:52:26,947 [1] INFO  CC2015_HollyFormsApp.Loger [(null)] - [登录登出模块] Login(masj, pwd, 3001) End.
2015-06-30 11:52:27,689 [1] INFO  CC2015_HollyFormsApp.Loger [(null)] - [InitMainForm]开始 监听权限
2015-06-30 11:52:27,843 [1] INFO  CC2015_HollyFormsApp.Loger [(null)] - [InitMainForm]有 监听权限
2015-06-30 11:52:27,906 [1] INFO  CC2015_HollyFormsApp.Loger [(null)] - [登录窗口]btnLogin_Click End
2015-06-30 11:52:27,910 [1] INFO  CC2015_HollyFormsApp.Loger [(null)] - [@@@厂家消息通知@@@]OnMessage ：厂家状态(CurStatus：0；CurStatusName：准备就绪状态；)厂家消息(座席签入成功)程序状态(PS01_就绪)
2015-06-30 11:52:28,003 [1] INFO  CC2015_HollyFormsApp.Loger [(null)] - [@@@厂家消息通知@@@]OnMessage ：厂家状态(CurStatus：2；CurStatusName：置忙；)厂家消息(状态改变：准备就绪状态-->置忙)程序状态(PS04_置忙)
2015-06-30 11:52:28,005 [1] INFO  CC2015_HollyFormsApp.Loger [(null)] - [>>>厂家状态变化<<<]OnStatusChange ：PS01_就绪(0) -> PS04_置忙(2)
2015-06-30 11:52:28,104 [1] INFO  CC2015_HollyFormsApp.Loger [(null)] - [HollyContactHelper]用户操作==置闲->True
2015-06-30 11:52:28,551 [1] INFO  CC2015_HollyFormsApp.Loger [(null)] - [HollyContactHelper]用户操作==休息(BS0_自动)->True
2015-06-30 11:52:28,552 [1] INFO  CC2015_HollyFormsApp.Loger [(null)] - [Main][SetMainStatus]设置状态：PS04_置忙(BS0_自动)
2015-06-30 11:52:28,861 [1] INFO  CC2015_HollyFormsApp.Loger [(null)] - [@@@厂家消息通知@@@]OnMessage ：厂家状态(CurStatus：2；CurStatusName：置忙；)厂家消息(签入成功。)程序状态(PS04_置忙)
2015-06-30 11:52:28,864 [1] INFO  CC2015_HollyFormsApp.Loger [(null)] - [@@@厂家消息通知@@@]OnMessage ：厂家状态(CurStatus：1；CurStatusName：空闲；)厂家消息(状态改变：置忙-->空闲)程序状态(PS03_置闲)
2015-06-30 11:52:28,864 [1] INFO  CC2015_HollyFormsApp.Loger [(null)] - [>>>厂家状态变化<<<]OnStatusChange ：PS04_置忙(2) -> PS03_置闲(1)
2015-06-30 11:52:28,864 [1] INFO  CC2015_HollyFormsApp.Loger [(null)] - [Main][SetMainStatus]设置状态：PS03_置闲
2015-06-30 11:52:29,190 [1] INFO  CC2015_HollyFormsApp.Loger [(null)] - [@@@厂家消息通知@@@]OnMessage ：厂家状态(CurStatus：1；CurStatusName：空闲；)厂家消息(示闲成功。)程序状态(PS03_置闲)
2015-06-30 11:52:29,193 [1] INFO  CC2015_HollyFormsApp.Loger [(null)] - [@@@厂家消息通知@@@]OnMessage ：厂家状态(CurStatus：16；CurStatusName：休息；)厂家消息(状态改变：空闲-->休息)程序状态(PS05_休息)
2015-06-30 11:52:29,193 [1] INFO  CC2015_HollyFormsApp.Loger [(null)] - [>>>厂家状态变化<<<]OnStatusChange ：PS03_置闲(1) -> PS05_休息(16)
2015-06-30 11:52:29,193 [1] INFO  CC2015_HollyFormsApp.Loger [(null)] - [Main][SetMainStatus]设置状态：PS05_休息
2015-06-30 11:52:29,463 [1] INFO  CC2015_HollyFormsApp.Loger [(null)] - [@@@厂家消息通知@@@]OnMessage ：厂家状态(CurStatus：16；CurStatusName：休息；)厂家消息(休息开始。)程序状态(PS05_休息)
2015-06-30 11:52:45,905 [1] INFO  CC2015_HollyFormsApp.Loger [(null)] - [HollyContactHelper]用户操作==结束休息->True
2015-06-30 11:52:46,199 [1] INFO  CC2015_HollyFormsApp.Loger [(null)] - [@@@厂家消息通知@@@]OnMessage ：厂家状态(CurStatus：2；CurStatusName：置忙；)厂家消息(状态改变：休息-->置忙)程序状态(PS04_置忙)
2015-06-30 11:52:46,199 [1] INFO  CC2015_HollyFormsApp.Loger [(null)] - [>>>厂家状态变化<<<]OnStatusChange ：PS05_休息(16) -> PS04_置忙(2)
2015-06-30 11:52:46,199 [1] INFO  CC2015_HollyFormsApp.Loger [(null)] - [Main][SetMainStatus]设置状态：PS04_置忙(BS0_自动)
2015-06-30 11:52:46,550 [1] INFO  CC2015_HollyFormsApp.Loger [(null)] - [@@@厂家消息通知@@@]OnMessage ：厂家状态(CurStatus：2；CurStatusName：置忙；)厂家消息(休息结束。)程序状态(PS04_置忙)
2015-06-30 11:52:52,489 [1] INFO  CC2015_HollyFormsApp.Loger [(null)] - [HollyContactHelper]用户操作==置闲->True
2015-06-30 11:52:52,782 [1] INFO  CC2015_HollyFormsApp.Loger [(null)] - [@@@厂家消息通知@@@]OnMessage ：厂家状态(CurStatus：1；CurStatusName：空闲；)厂家消息(状态改变：置忙-->空闲)程序状态(PS03_置闲)
2015-06-30 11:52:52,783 [1] INFO  CC2015_HollyFormsApp.Loger [(null)] - [>>>厂家状态变化<<<]OnStatusChange ：PS04_置忙(2) -> PS03_置闲(1)
2015-06-30 11:52:52,783 [1] INFO  CC2015_HollyFormsApp.Loger [(null)] - [Main][SetMainStatus]设置状态：PS03_置闲
2015-06-30 11:52:53,073 [1] INFO  CC2015_HollyFormsApp.Loger [(null)] - [@@@厂家消息通知@@@]OnMessage ：厂家状态(CurStatus：1；CurStatusName：空闲；)厂家消息(示闲成功。)程序状态(PS03_置闲)
2015-06-30 11:52:56,408 [1] INFO  CC2015_HollyFormsApp.Loger [(null)] - [HollyContactHelper]用户操作==休息(BS2_任务回访)->True
2015-06-30 11:52:56,665 [1] INFO  CC2015_HollyFormsApp.Loger [(null)] - [@@@厂家消息通知@@@]OnMessage ：厂家状态(CurStatus：16；CurStatusName：休息；)厂家消息(状态改变：空闲-->休息)程序状态(PS05_休息)
2015-06-30 11:52:56,665 [1] INFO  CC2015_HollyFormsApp.Loger [(null)] - [>>>厂家状态变化<<<]OnStatusChange ：PS03_置闲(1) -> PS05_休息(16)
2015-06-30 11:52:56,665 [1] INFO  CC2015_HollyFormsApp.Loger [(null)] - [Main][SetMainStatus]设置状态：PS05_休息
2015-06-30 11:52:56,990 [1] INFO  CC2015_HollyFormsApp.Loger [(null)] - [@@@厂家消息通知@@@]OnMessage ：厂家状态(CurStatus：16；CurStatusName：休息；)厂家消息(休息开始。)程序状态(PS05_休息)
2015-06-30 11:52:58,145 [1] INFO  CC2015_HollyFormsApp.Loger [(null)] - [HollyContactHelper]用户操作==结束休息->True
2015-06-30 11:52:58,440 [1] INFO  CC2015_HollyFormsApp.Loger [(null)] - [@@@厂家消息通知@@@]OnMessage ：厂家状态(CurStatus：2；CurStatusName：置忙；)厂家消息(状态改变：休息-->置忙)程序状态(PS04_置忙)
2015-06-30 11:52:58,440 [1] INFO  CC2015_HollyFormsApp.Loger [(null)] - [>>>厂家状态变化<<<]OnStatusChange ：PS05_休息(16) -> PS04_置忙(2)
2015-06-30 11:52:58,440 [1] INFO  CC2015_HollyFormsApp.Loger [(null)] - [Main][SetMainStatus]设置状态：PS04_置忙(BS2_任务回访)
2015-06-30 11:52:58,727 [1] INFO  CC2015_HollyFormsApp.Loger [(null)] - [@@@厂家消息通知@@@]OnMessage ：厂家状态(CurStatus：2；CurStatusName：置忙；)厂家消息(休息结束。)程序状态(PS04_置忙)
2015-06-30 11:53:04,623 [1] INFO  CC2015_HollyFormsApp.Loger [(null)] - [HollyContactHelper]用户操作==置闲->False
2015-06-30 11:53:05,067 [1] INFO  CC2015_HollyFormsApp.Loger [(null)] - [@@@厂家消息通知@@@]OnMessage ：厂家状态(CurStatus：1；CurStatusName：空闲；)厂家消息(状态改变：置忙-->空闲)程序状态(PS03_置闲)
2015-06-30 11:53:05,067 [1] INFO  CC2015_HollyFormsApp.Loger [(null)] - [>>>厂家状态变化<<<]OnStatusChange ：PS04_置忙(2) -> PS03_置闲(1)
2015-06-30 11:53:05,067 [1] INFO  CC2015_HollyFormsApp.Loger [(null)] - [Main][SetMainStatus]设置状态：PS03_置闲
2015-06-30 11:53:05,351 [1] INFO  CC2015_HollyFormsApp.Loger [(null)] - [@@@厂家消息通知@@@]OnMessage ：厂家状态(CurStatus：1；CurStatusName：空闲；)厂家消息(示闲成功。)程序状态(PS03_置闲)
2015-06-30 11:53:06,779 [1] INFO  CC2015_HollyFormsApp.Loger [(null)] - [HollyContactHelper]用户操作==休息(BS3_业务处理)->True
2015-06-30 11:53:07,072 [1] INFO  CC2015_HollyFormsApp.Loger [(null)] - [@@@厂家消息通知@@@]OnMessage ：厂家状态(CurStatus：16；CurStatusName：休息；)厂家消息(状态改变：空闲-->休息)程序状态(PS05_休息)
2015-06-30 11:53:07,072 [1] INFO  CC2015_HollyFormsApp.Loger [(null)] - [>>>厂家状态变化<<<]OnStatusChange ：PS03_置闲(1) -> PS05_休息(16)
2015-06-30 11:53:07,072 [1] INFO  CC2015_HollyFormsApp.Loger [(null)] - [Main][SetMainStatus]设置状态：PS05_休息
2015-06-30 11:53:07,357 [1] INFO  CC2015_HollyFormsApp.Loger [(null)] - [@@@厂家消息通知@@@]OnMessage ：厂家状态(CurStatus：16；CurStatusName：休息；)厂家消息(休息开始。)程序状态(PS05_休息)
2015-06-30 11:53:09,686 [1] INFO  CC2015_HollyFormsApp.Loger [(null)] - [HollyContactHelper]用户操作==结束休息->True
2015-06-30 11:53:09,976 [1] INFO  CC2015_HollyFormsApp.Loger [(null)] - [@@@厂家消息通知@@@]OnMessage ：厂家状态(CurStatus：2；CurStatusName：置忙；)厂家消息(状态改变：休息-->置忙)程序状态(PS04_置忙)
2015-06-30 11:53:09,976 [1] INFO  CC2015_HollyFormsApp.Loger [(null)] - [>>>厂家状态变化<<<]OnStatusChange ：PS05_休息(16) -> PS04_置忙(2)
2015-06-30 11:53:09,976 [1] INFO  CC2015_HollyFormsApp.Loger [(null)] - [Main][SetMainStatus]设置状态：PS04_置忙(BS3_业务处理)
2015-06-30 11:53:10,250 [1] INFO  CC2015_HollyFormsApp.Loger [(null)] - [@@@厂家消息通知@@@]OnMessage ：厂家状态(CurStatus：2；CurStatusName：置忙；)厂家消息(休息结束。)程序状态(PS04_置忙)
2015-06-30 11:53:12,778 [1] INFO  CC2015_HollyFormsApp.Loger [(null)] - [HollyContactHelper]用户操作==置闲->True
2015-06-30 11:53:13,080 [1] INFO  CC2015_HollyFormsApp.Loger [(null)] - [@@@厂家消息通知@@@]OnMessage ：厂家状态(CurStatus：1；CurStatusName：空闲；)厂家消息(状态改变：置忙-->空闲)程序状态(PS03_置闲)
2015-06-30 11:53:13,080 [1] INFO  CC2015_HollyFormsApp.Loger [(null)] - [>>>厂家状态变化<<<]OnStatusChange ：PS04_置忙(2) -> PS03_置闲(1)
2015-06-30 11:53:13,080 [1] INFO  CC2015_HollyFormsApp.Loger [(null)] - [Main][SetMainStatus]设置状态：PS03_置闲
2015-06-30 11:53:13,395 [1] INFO  CC2015_HollyFormsApp.Loger [(null)] - [@@@厂家消息通知@@@]OnMessage ：厂家状态(CurStatus：1；CurStatusName：空闲；)厂家消息(示闲成功。)程序状态(PS03_置闲)
2015-06-30 11:53:18,656 [1] INFO  CC2015_HollyFormsApp.Loger [(null)] - [HollyContactHelper]用户操作==休息(BS6_离席)->True
2015-06-30 11:53:18,944 [1] INFO  CC2015_HollyFormsApp.Loger [(null)] - [@@@厂家消息通知@@@]OnMessage ：厂家状态(CurStatus：16；CurStatusName：休息；)厂家消息(状态改变：空闲-->休息)程序状态(PS05_休息)
2015-06-30 11:53:18,945 [1] INFO  CC2015_HollyFormsApp.Loger [(null)] - [>>>厂家状态变化<<<]OnStatusChange ：PS03_置闲(1) -> PS05_休息(16)
2015-06-30 11:53:18,945 [1] INFO  CC2015_HollyFormsApp.Loger [(null)] - [Main][SetMainStatus]设置状态：PS05_休息
2015-06-30 11:53:19,251 [1] INFO  CC2015_HollyFormsApp.Loger [(null)] - [@@@厂家消息通知@@@]OnMessage ：厂家状态(CurStatus：16；CurStatusName：休息；)厂家消息(休息开始。)程序状态(PS05_休息)
2015-06-30 11:53:22,754 [1] INFO  CC2015_HollyFormsApp.Loger [(null)] - [HollyContactHelper]用户操作==结束休息->True
2015-06-30 11:53:23,041 [1] INFO  CC2015_HollyFormsApp.Loger [(null)] - [@@@厂家消息通知@@@]OnMessage ：厂家状态(CurStatus：2；CurStatusName：置忙；)厂家消息(状态改变：休息-->置忙)程序状态(PS04_置忙)
2015-06-30 11:53:23,041 [1] INFO  CC2015_HollyFormsApp.Loger [(null)] - [>>>厂家状态变化<<<]OnStatusChange ：PS05_休息(16) -> PS04_置忙(2)
2015-06-30 11:53:23,042 [1] INFO  CC2015_HollyFormsApp.Loger [(null)] - [Main][SetMainStatus]设置状态：PS04_置忙(BS6_离席)
2015-06-30 11:53:23,355 [1] INFO  CC2015_HollyFormsApp.Loger [(null)] - [@@@厂家消息通知@@@]OnMessage ：厂家状态(CurStatus：2；CurStatusName：置忙；)厂家消息(休息结束。)程序状态(PS04_置忙)
2015-06-30 11:53:27,346 [1] INFO  CC2015_HollyFormsApp.Loger [(null)] - [HollyContactHelper]用户操作==置闲->True
2015-06-30 11:53:27,651 [1] INFO  CC2015_HollyFormsApp.Loger [(null)] - [@@@厂家消息通知@@@]OnMessage ：厂家状态(CurStatus：1；CurStatusName：空闲；)厂家消息(状态改变：置忙-->空闲)程序状态(PS03_置闲)
2015-06-30 11:53:27,651 [1] INFO  CC2015_HollyFormsApp.Loger [(null)] - [>>>厂家状态变化<<<]OnStatusChange ：PS04_置忙(2) -> PS03_置闲(1)
2015-06-30 11:53:27,651 [1] INFO  CC2015_HollyFormsApp.Loger [(null)] - [Main][SetMainStatus]设置状态：PS03_置闲
2015-06-30 11:53:27,969 [1] INFO  CC2015_HollyFormsApp.Loger [(null)] - [@@@厂家消息通知@@@]OnMessage ：厂家状态(CurStatus：1；CurStatusName：空闲；)厂家消息(示闲成功。)程序状态(PS03_置闲)
2015-06-30 11:53:29,655 [1] INFO  CC2015_HollyFormsApp.Loger [(null)] - [HollyContactHelper]用户操作==休息(BS5_培训)->True
2015-06-30 11:53:29,954 [1] INFO  CC2015_HollyFormsApp.Loger [(null)] - [@@@厂家消息通知@@@]OnMessage ：厂家状态(CurStatus：16；CurStatusName：休息；)厂家消息(状态改变：空闲-->休息)程序状态(PS05_休息)
2015-06-30 11:53:29,954 [1] INFO  CC2015_HollyFormsApp.Loger [(null)] - [>>>厂家状态变化<<<]OnStatusChange ：PS03_置闲(1) -> PS05_休息(16)
2015-06-30 11:53:29,954 [1] INFO  CC2015_HollyFormsApp.Loger [(null)] - [Main][SetMainStatus]设置状态：PS05_休息
2015-06-30 11:53:30,256 [1] INFO  CC2015_HollyFormsApp.Loger [(null)] - [@@@厂家消息通知@@@]OnMessage ：厂家状态(CurStatus：16；CurStatusName：休息；)厂家消息(休息开始。)程序状态(PS05_休息)
2015-06-30 11:53:33,987 [1] INFO  CC2015_HollyFormsApp.Loger [(null)] - [HollyContactHelper]用户操作==结束休息->True
2015-06-30 11:53:34,276 [1] INFO  CC2015_HollyFormsApp.Loger [(null)] - [@@@厂家消息通知@@@]OnMessage ：厂家状态(CurStatus：2；CurStatusName：置忙；)厂家消息(状态改变：休息-->置忙)程序状态(PS04_置忙)
2015-06-30 11:53:34,276 [1] INFO  CC2015_HollyFormsApp.Loger [(null)] - [>>>厂家状态变化<<<]OnStatusChange ：PS05_休息(16) -> PS04_置忙(2)
2015-06-30 11:53:34,276 [1] INFO  CC2015_HollyFormsApp.Loger [(null)] - [Main][SetMainStatus]设置状态：PS04_置忙(BS5_培训)
2015-06-30 11:53:34,585 [1] INFO  CC2015_HollyFormsApp.Loger [(null)] - [@@@厂家消息通知@@@]OnMessage ：厂家状态(CurStatus：2；CurStatusName：置忙；)厂家消息(休息结束。)程序状态(PS04_置忙)
2015-06-30 11:53:37,443 [1] INFO  CC2015_HollyFormsApp.Loger [(null)] - [HollyContactHelper]用户操作==置闲->True
2015-06-30 11:53:37,735 [1] INFO  CC2015_HollyFormsApp.Loger [(null)] - [@@@厂家消息通知@@@]OnMessage ：厂家状态(CurStatus：1；CurStatusName：空闲；)厂家消息(状态改变：置忙-->空闲)程序状态(PS03_置闲)
2015-06-30 11:53:37,735 [1] INFO  CC2015_HollyFormsApp.Loger [(null)] - [>>>厂家状态变化<<<]OnStatusChange ：PS04_置忙(2) -> PS03_置闲(1)
2015-06-30 11:53:37,735 [1] INFO  CC2015_HollyFormsApp.Loger [(null)] - [Main][SetMainStatus]设置状态：PS03_置闲
2015-06-30 11:53:38,017 [1] INFO  CC2015_HollyFormsApp.Loger [(null)] - [@@@厂家消息通知@@@]OnMessage ：厂家状态(CurStatus：1；CurStatusName：空闲；)厂家消息(示闲成功。)程序状态(PS03_置闲)
2015-06-30 11:56:15,176 [1] INFO  CC2015_HollyFormsApp.Loger [(null)] - [HollyContactHelper]用户操作==休息(BS5_培训)->True
2015-06-30 11:56:15,470 [1] INFO  CC2015_HollyFormsApp.Loger [(null)] - [@@@厂家消息通知@@@]OnMessage ：厂家状态(CurStatus：16；CurStatusName：休息；)厂家消息(状态改变：空闲-->休息)程序状态(PS05_休息)
2015-06-30 11:56:15,471 [1] INFO  CC2015_HollyFormsApp.Loger [(null)] - [>>>厂家状态变化<<<]OnStatusChange ：PS03_置闲(1) -> PS05_休息(16)
2015-06-30 11:56:15,471 [1] INFO  CC2015_HollyFormsApp.Loger [(null)] - [Main][SetMainStatus]设置状态：PS05_休息
2015-06-30 11:56:16,435 [1] INFO  CC2015_HollyFormsApp.Loger [(null)] - [@@@厂家消息通知@@@]OnMessage ：厂家状态(CurStatus：16；CurStatusName：休息；)厂家消息(休息开始。)程序状态(PS05_休息)
2015-06-30 11:56:20,007 [1] INFO  CC2015_HollyFormsApp.Loger [(null)] - [HollyContactHelper]用户操作==结束休息->True
2015-06-30 11:56:20,300 [1] INFO  CC2015_HollyFormsApp.Loger [(null)] - [@@@厂家消息通知@@@]OnMessage ：厂家状态(CurStatus：2；CurStatusName：置忙；)厂家消息(状态改变：休息-->置忙)程序状态(PS04_置忙)
2015-06-30 11:56:20,301 [1] INFO  CC2015_HollyFormsApp.Loger [(null)] - [>>>厂家状态变化<<<]OnStatusChange ：PS05_休息(16) -> PS04_置忙(2)
2015-06-30 11:56:20,301 [1] INFO  CC2015_HollyFormsApp.Loger [(null)] - [Main][SetMainStatus]设置状态：PS04_置忙(BS5_培训)
2015-06-30 11:56:20,603 [1] INFO  CC2015_HollyFormsApp.Loger [(null)] - [@@@厂家消息通知@@@]OnMessage ：厂家状态(CurStatus：2；CurStatusName：置忙；)厂家消息(休息结束。)程序状态(PS04_置忙)
2015-06-30 11:56:25,015 [1] INFO  CC2015_HollyFormsApp.Loger [(null)] - [HollyContactHelper]用户操作==置闲->True
2015-06-30 11:56:25,301 [1] INFO  CC2015_HollyFormsApp.Loger [(null)] - [@@@厂家消息通知@@@]OnMessage ：厂家状态(CurStatus：1；CurStatusName：空闲；)厂家消息(状态改变：置忙-->空闲)程序状态(PS03_置闲)
2015-06-30 11:56:25,301 [1] INFO  CC2015_HollyFormsApp.Loger [(null)] - [>>>厂家状态变化<<<]OnStatusChange ：PS04_置忙(2) -> PS03_置闲(1)
2015-06-30 11:56:25,301 [1] INFO  CC2015_HollyFormsApp.Loger [(null)] - [Main][SetMainStatus]设置状态：PS03_置闲
2015-06-30 11:56:25,595 [1] INFO  CC2015_HollyFormsApp.Loger [(null)] - [@@@厂家消息通知@@@]OnMessage ：厂家状态(CurStatus：1；CurStatusName：空闲；)厂家消息(示闲成功。)程序状态(PS03_置闲)
2015-06-30 11:56:27,271 [1] INFO  CC2015_HollyFormsApp.Loger [(null)] - [登录登出模块] ExitLogin() Begin...
2015-06-30 11:56:27,497 [1] INFO  CC2015_HollyFormsApp.Loger [(null)] - [登录登出模块]DeleteAgentStateToDB...坐席退出时LoginOnOid....IS:3502
2015-06-30 11:56:27,497 [1] INFO  CC2015_HollyFormsApp.Loger [(null)] - [登录登出模块]DeleteAgentStateToDB...坐席退出时GetCurrentTime()....IS:2015-06-30 11:56:27
2015-06-30 11:56:27,595 [1] INFO  CC2015_HollyFormsApp.Loger [(null)] - [登录登出模块]DeleteAgentStateToDB...退出成功....
2015-06-30 11:56:27,692 [1] INFO  CC2015_HollyFormsApp.Loger [(null)] - [HollyContactHelper]用户操作==签出->True
2015-06-30 11:56:29,062 [1] INFO  CC2015_HollyFormsApp.Loger [(null)] - [HollyContactHelper]用户操作==卸载->True
2015-06-30 11:56:29,062 [1] INFO  CC2015_HollyFormsApp.Loger [(null)] - [登录登出模块] ExitLogin() End.
2015-06-30 12:00:28,580 [1] INFO  CC2015_HollyFormsApp.Loger [(null)] - [HollyContactHelper]用户操作==装载及初始化->True
2015-06-30 12:00:28,690 [1] INFO  CC2015_HollyFormsApp.Loger [(null)] - [@@@厂家消息通知@@@]OnMessage ：厂家状态(CurStatus：0；CurStatusName：准备就绪状态；)厂家消息(服务器已上线:UserName=AgentUser,UserGOR=7733249)程序状态(PS01_就绪)
2015-06-30 12:00:28,738 [1] INFO  CC2015_HollyFormsApp.Loger [(null)] - [@@@厂家消息通知@@@]OnMessage ：厂家状态(CurStatus：0；CurStatusName：准备就绪状态；)厂家消息(服务器已上线:UserName=LSUser,UserGOR=65537)程序状态(PS01_就绪)
2015-06-30 12:00:28,863 [1] INFO  CC2015_HollyFormsApp.Loger [(null)] - [@@@厂家消息通知@@@]OnMessage ：厂家状态(CurStatus：0；CurStatusName：准备就绪状态；)厂家消息(服务器已上线:UserName=ASUser,UserGOR=720897)程序状态(PS01_就绪)
2015-06-30 12:00:28,865 [1] INFO  CC2015_HollyFormsApp.Loger [(null)] - [@@@厂家消息通知@@@]OnMessage ：厂家状态(CurStatus：0；CurStatusName：准备就绪状态；)厂家消息(服务器已上线:UserName=EDSUser,UserGOR=1048577)程序状态(PS01_就绪)
2015-06-30 12:00:28,867 [1] INFO  CC2015_HollyFormsApp.Loger [(null)] - [@@@厂家消息通知@@@]OnMessage ：厂家状态(CurStatus：0；CurStatusName：准备就绪状态；)厂家消息(服务器已上线:UserName=StatEvent,UserGOR=196609)程序状态(PS01_就绪)
2015-06-30 12:00:28,869 [1] INFO  CC2015_HollyFormsApp.Loger [(null)] - [@@@厂家消息通知@@@]OnMessage ：厂家状态(CurStatus：0；CurStatusName：准备就绪状态；)厂家消息(服务器已上线:UserName=StatUser,UserGOR=196610)程序状态(PS01_就绪)
2015-06-30 12:00:36,019 [1] INFO  CC2015_HollyFormsApp.Loger [(null)] - [登录窗口]btnLogin_Click Begin...
2015-06-30 12:00:36,359 [1] INFO  CC2015_HollyFormsApp.Loger [(null)] - [登录登出模块] Login(masj, pwd, 3001) Begin...
2015-06-30 12:00:36,361 [1] INFO  CC2015_HollyFormsApp.Loger [(null)] - [登录登出模块] DomainAccountLogin(masj, pwd) begin...
2015-06-30 12:00:36,612 [1] INFO  CC2015_HollyFormsApp.Loger [(null)] - [登录登出模块] DomainAccountLogin(masj, pwd) end.return BitAuto.Services.Organization.Remoting.Employee
2015-06-30 12:00:36,616 [1] INFO  CC2015_HollyFormsApp.Loger [(null)] - [登录登出模块] InitLoginUser() Begin...
2015-06-30 12:00:48,818 [1] INFO  CC2015_HollyFormsApp.Loger [(null)] - [登录登出模块] InitLoginUser() 坐席登录...AgentID is:10658,AgentNum is:1894,GroupName is:汽车金融服务部,OutNum is:92
2015-06-30 12:00:48,818 [1] INFO  CC2015_HollyFormsApp.Loger [(null)] - [登录登出模块] InitLoginUser() End...
2015-06-30 12:00:49,491 [1] INFO  CC2015_HollyFormsApp.Loger [(null)] - [HollyContactHelper]用户操作==添加技能组->1038 3
2015-06-30 12:00:49,750 [1] INFO  CC2015_HollyFormsApp.Loger [(null)] - [HollyContactHelper]用户操作==签入->True
2015-06-30 12:00:50,085 [1] INFO  CC2015_HollyFormsApp.Loger [(null)] - [登录登出模块] InsertAgentState()更新退出时间....initmsg
2015-06-30 12:00:50,201 [1] INFO  CC2015_HollyFormsApp.Loger [(null)] - [登录登出模块] InsertAgentState()登录状态LoginOnOid....is:3549
2015-06-30 12:00:50,201 [1] INFO  CC2015_HollyFormsApp.Loger [(null)] - [登录登出模块] Login(masj, pwd, 3001) End.
2015-06-30 12:00:50,660 [1] INFO  CC2015_HollyFormsApp.Loger [(null)] - [InitMainForm]开始 监听权限
2015-06-30 12:00:50,776 [1] INFO  CC2015_HollyFormsApp.Loger [(null)] - [InitMainForm]有 监听权限
2015-06-30 12:00:50,825 [1] INFO  CC2015_HollyFormsApp.Loger [(null)] - [登录窗口]btnLogin_Click End
2015-06-30 12:00:50,829 [1] INFO  CC2015_HollyFormsApp.Loger [(null)] - [@@@厂家消息通知@@@]OnMessage ：厂家状态(CurStatus：0；CurStatusName：准备就绪状态；)厂家消息(座席签入成功)程序状态(PS01_就绪)
2015-06-30 12:00:50,892 [1] INFO  CC2015_HollyFormsApp.Loger [(null)] - [@@@厂家消息通知@@@]OnMessage ：厂家状态(CurStatus：2；CurStatusName：置忙；)厂家消息(状态改变：准备就绪状态-->置忙)程序状态(PS04_置忙)
2015-06-30 12:00:50,894 [1] INFO  CC2015_HollyFormsApp.Loger [(null)] - [>>>厂家状态变化<<<]OnStatusChange ：PS01_就绪(0) -> PS04_置忙(2)
2015-06-30 12:00:50,976 [1] INFO  CC2015_HollyFormsApp.Loger [(null)] - [HollyContactHelper]用户操作==置闲->True
2015-06-30 12:00:51,394 [1] INFO  CC2015_HollyFormsApp.Loger [(null)] - [HollyContactHelper]用户操作==休息(BS0_自动)->True
2015-06-30 12:00:51,396 [1] INFO  CC2015_HollyFormsApp.Loger [(null)] - [Main][SetMainStatus]设置状态：PS04_置忙(BS0_自动)
2015-06-30 12:00:51,835 [1] INFO  CC2015_HollyFormsApp.Loger [(null)] - [@@@厂家消息通知@@@]OnMessage ：厂家状态(CurStatus：2；CurStatusName：置忙；)厂家消息(签入成功。)程序状态(PS04_置忙)
2015-06-30 12:00:51,838 [1] INFO  CC2015_HollyFormsApp.Loger [(null)] - [@@@厂家消息通知@@@]OnMessage ：厂家状态(CurStatus：1；CurStatusName：空闲；)厂家消息(状态改变：置忙-->空闲)程序状态(PS03_置闲)
2015-06-30 12:00:51,838 [1] INFO  CC2015_HollyFormsApp.Loger [(null)] - [>>>厂家状态变化<<<]OnStatusChange ：PS04_置忙(2) -> PS03_置闲(1)
2015-06-30 12:00:51,838 [1] INFO  CC2015_HollyFormsApp.Loger [(null)] - [Main][SetMainStatus]设置状态：PS03_置闲
2015-06-30 12:00:52,292 [1] INFO  CC2015_HollyFormsApp.Loger [(null)] - [@@@厂家消息通知@@@]OnMessage ：厂家状态(CurStatus：1；CurStatusName：空闲；)厂家消息(示闲成功。)程序状态(PS03_置闲)
2015-06-30 12:00:52,294 [1] INFO  CC2015_HollyFormsApp.Loger [(null)] - [@@@厂家消息通知@@@]OnMessage ：厂家状态(CurStatus：16；CurStatusName：休息；)厂家消息(状态改变：空闲-->休息)程序状态(PS05_休息)
2015-06-30 12:00:52,295 [1] INFO  CC2015_HollyFormsApp.Loger [(null)] - [>>>厂家状态变化<<<]OnStatusChange ：PS03_置闲(1) -> PS05_休息(16)
2015-06-30 12:00:52,295 [1] INFO  CC2015_HollyFormsApp.Loger [(null)] - [Main][SetMainStatus]设置状态：PS05_休息
2015-06-30 12:00:52,558 [1] INFO  CC2015_HollyFormsApp.Loger [(null)] - [@@@厂家消息通知@@@]OnMessage ：厂家状态(CurStatus：16；CurStatusName：休息；)厂家消息(休息开始。)程序状态(PS05_休息)
2015-06-30 12:01:03,116 [1] INFO  CC2015_HollyFormsApp.Loger [(null)] - [HollyContactHelper]用户操作==结束休息->True
2015-06-30 12:01:03,429 [1] INFO  CC2015_HollyFormsApp.Loger [(null)] - [@@@厂家消息通知@@@]OnMessage ：厂家状态(CurStatus：2；CurStatusName：置忙；)厂家消息(状态改变：休息-->置忙)程序状态(PS04_置忙)
2015-06-30 12:01:03,430 [1] INFO  CC2015_HollyFormsApp.Loger [(null)] - [>>>厂家状态变化<<<]OnStatusChange ：PS05_休息(16) -> PS04_置忙(2)
2015-06-30 12:01:03,430 [1] INFO  CC2015_HollyFormsApp.Loger [(null)] - [Main][SetMainStatus]设置状态：PS04_置忙(BS0_自动)
2015-06-30 12:01:03,870 [1] INFO  CC2015_HollyFormsApp.Loger [(null)] - [@@@厂家消息通知@@@]OnMessage ：厂家状态(CurStatus：2；CurStatusName：置忙；)厂家消息(休息结束。)程序状态(PS04_置忙)
2015-06-30 12:01:10,835 [1] INFO  CC2015_HollyFormsApp.Loger [(null)] - [HollyContactHelper]用户操作==置闲->True
2015-06-30 12:01:11,084 [1] INFO  CC2015_HollyFormsApp.Loger [(null)] - [@@@厂家消息通知@@@]OnMessage ：厂家状态(CurStatus：1；CurStatusName：空闲；)厂家消息(状态改变：置忙-->空闲)程序状态(PS03_置闲)
2015-06-30 12:01:11,085 [1] INFO  CC2015_HollyFormsApp.Loger [(null)] - [>>>厂家状态变化<<<]OnStatusChange ：PS04_置忙(2) -> PS03_置闲(1)
2015-06-30 12:01:11,085 [1] INFO  CC2015_HollyFormsApp.Loger [(null)] - [Main][SetMainStatus]设置状态：PS03_置闲
2015-06-30 12:01:11,263 [1] INFO  CC2015_HollyFormsApp.Loger [(null)] - [@@@厂家消息通知@@@]OnMessage ：厂家状态(CurStatus：1；CurStatusName：空闲；)厂家消息(示闲成功。)程序状态(PS03_置闲)
2015-06-30 12:02:26,699 [1] INFO  CC2015_HollyFormsApp.Loger [(null)] - [HollyContactHelper]用户操作==休息(BS2_任务回访)->True
2015-06-30 12:02:26,957 [1] INFO  CC2015_HollyFormsApp.Loger [(null)] - [@@@厂家消息通知@@@]OnMessage ：厂家状态(CurStatus：16；CurStatusName：休息；)厂家消息(状态改变：空闲-->休息)程序状态(PS05_休息)
2015-06-30 12:02:26,958 [1] INFO  CC2015_HollyFormsApp.Loger [(null)] - [>>>厂家状态变化<<<]OnStatusChange ：PS03_置闲(1) -> PS05_休息(16)
2015-06-30 12:02:26,958 [1] INFO  CC2015_HollyFormsApp.Loger [(null)] - [Main][SetMainStatus]设置状态：PS05_休息
2015-06-30 12:02:27,143 [1] INFO  CC2015_HollyFormsApp.Loger [(null)] - [@@@厂家消息通知@@@]OnMessage ：厂家状态(CurStatus：16；CurStatusName：休息；)厂家消息(休息开始。)程序状态(PS05_休息)
2015-06-30 12:02:28,452 [1] INFO  CC2015_HollyFormsApp.Loger [(null)] - [HollyContactHelper]用户操作==结束休息->True
2015-06-30 12:02:28,707 [1] INFO  CC2015_HollyFormsApp.Loger [(null)] - [@@@厂家消息通知@@@]OnMessage ：厂家状态(CurStatus：2；CurStatusName：置忙；)厂家消息(状态改变：休息-->置忙)程序状态(PS04_置忙)
2015-06-30 12:02:28,707 [1] INFO  CC2015_HollyFormsApp.Loger [(null)] - [>>>厂家状态变化<<<]OnStatusChange ：PS05_休息(16) -> PS04_置忙(2)
2015-06-30 12:02:28,707 [1] INFO  CC2015_HollyFormsApp.Loger [(null)] - [Main][SetMainStatus]设置状态：PS04_置忙(BS2_任务回访)
2015-06-30 12:02:28,883 [1] INFO  CC2015_HollyFormsApp.Loger [(null)] - [@@@厂家消息通知@@@]OnMessage ：厂家状态(CurStatus：2；CurStatusName：置忙；)厂家消息(休息结束。)程序状态(PS04_置忙)
2015-06-30 12:02:30,980 [1] INFO  CC2015_HollyFormsApp.Loger [(null)] - [HollyContactHelper]用户操作==置闲->True
2015-06-30 12:02:31,262 [1] INFO  CC2015_HollyFormsApp.Loger [(null)] - [@@@厂家消息通知@@@]OnMessage ：厂家状态(CurStatus：1；CurStatusName：空闲；)厂家消息(状态改变：置忙-->空闲)程序状态(PS03_置闲)
2015-06-30 12:02:31,262 [1] INFO  CC2015_HollyFormsApp.Loger [(null)] - [>>>厂家状态变化<<<]OnStatusChange ：PS04_置忙(2) -> PS03_置闲(1)
2015-06-30 12:02:31,262 [1] INFO  CC2015_HollyFormsApp.Loger [(null)] - [Main][SetMainStatus]设置状态：PS03_置闲
2015-06-30 12:02:31,479 [1] INFO  CC2015_HollyFormsApp.Loger [(null)] - [@@@厂家消息通知@@@]OnMessage ：厂家状态(CurStatus：1；CurStatusName：空闲；)厂家消息(示闲成功。)程序状态(PS03_置闲)
2015-06-30 12:05:11,310 [1] INFO  CC2015_HollyFormsApp.Loger [(null)] - [登录登出模块] ExitLogin() Begin...
2015-06-30 12:05:11,451 [1] INFO  CC2015_HollyFormsApp.Loger [(null)] - [登录登出模块]DeleteAgentStateToDB...坐席退出时LoginOnOid....IS:3549
2015-06-30 12:05:11,451 [1] INFO  CC2015_HollyFormsApp.Loger [(null)] - [登录登出模块]DeleteAgentStateToDB...坐席退出时GetCurrentTime()....IS:2015-06-30 12:05:11
2015-06-30 12:05:12,119 [1] INFO  CC2015_HollyFormsApp.Loger [(null)] - [登录登出模块]DeleteAgentStateToDB...退出成功....
2015-06-30 12:05:12,183 [1] INFO  CC2015_HollyFormsApp.Loger [(null)] - [HollyContactHelper]用户操作==签出->True
2015-06-30 12:05:13,520 [1] INFO  CC2015_HollyFormsApp.Loger [(null)] - [HollyContactHelper]用户操作==卸载->True
2015-06-30 12:05:13,520 [1] INFO  CC2015_HollyFormsApp.Loger [(null)] - [登录登出模块] ExitLogin() End.
