2015-07-04 10:35:28,078 [1] INFO  CC2015_HollyFormsApp.Loger [(null)] - [登录窗口]btnLogin_Click Begin...
2015-07-04 10:35:28,153 [1] INFO  CC2015_HollyFormsApp.Loger [(null)] - [HollyContactHelper]ModifySoftphoneINIByDN――根据DN33197,选择的SIPServerIP为：192.168.112.203
2015-07-04 10:35:28,168 [1] ERROR CC2015_HollyFormsApp.Loger [(null)] - [HollyContactHelper]ModifySoftphoneINIByDN_DN:33197
System.Exception: 读出文件''失败。错误信息：空路径名是非法的。
   在 BitAuto.Utils.FileHelper.ReadFile(String __ModelPath)
   在 CC2015_HollyFormsApp.HollyContactHelper.ModifySoftphoneINIByDN(Int32 DN) 位置 D:\TFS-Root\A5信息系统研发\销售业务管理平台\客户关系管理\BitAuto.DSC.CC2015.ClientApp\CC2015_HollyFormsApp\Code\Logic\HollyContactHelper.cs:行号 531
2015-07-04 10:35:34,069 [1] INFO  CC2015_HollyFormsApp.Loger [(null)] - [登录窗口]btnLogin_Click Begin...
2015-07-04 10:35:34,075 [1] INFO  CC2015_HollyFormsApp.Loger [(null)] - [HollyContactHelper]ModifySoftphoneINIByDN――根据DN33197,选择的SIPServerIP为：192.168.112.203
2015-07-04 10:35:34,075 [1] ERROR CC2015_HollyFormsApp.Loger [(null)] - [HollyContactHelper]ModifySoftphoneINIByDN_DN:33197
System.Exception: 读出文件''失败。错误信息：空路径名是非法的。
   在 BitAuto.Utils.FileHelper.ReadFile(String __ModelPath)
   在 CC2015_HollyFormsApp.HollyContactHelper.ModifySoftphoneINIByDN(Int32 DN) 位置 D:\TFS-Root\A5信息系统研发\销售业务管理平台\客户关系管理\BitAuto.DSC.CC2015.ClientApp\CC2015_HollyFormsApp\Code\Logic\HollyContactHelper.cs:行号 531
2015-07-04 10:35:42,952 [1] INFO  CC2015_HollyFormsApp.Loger [(null)] - [登录窗口]btnLogin_Click Begin...
2015-07-04 10:35:42,958 [1] INFO  CC2015_HollyFormsApp.Loger [(null)] - [HollyContactHelper]ModifySoftphoneINIByDN――根据DN33197,选择的SIPServerIP为：192.168.112.203
2015-07-04 10:35:42,958 [1] ERROR CC2015_HollyFormsApp.Loger [(null)] - [HollyContactHelper]ModifySoftphoneINIByDN_DN:33197
System.Exception: 读出文件''失败。错误信息：空路径名是非法的。
   在 BitAuto.Utils.FileHelper.ReadFile(String __ModelPath)
   在 CC2015_HollyFormsApp.HollyContactHelper.ModifySoftphoneINIByDN(Int32 DN) 位置 D:\TFS-Root\A5信息系统研发\销售业务管理平台\客户关系管理\BitAuto.DSC.CC2015.ClientApp\CC2015_HollyFormsApp\Code\Logic\HollyContactHelper.cs:行号 531
2015-07-04 10:35:46,380 [1] INFO  CC2015_HollyFormsApp.Loger [(null)] - [登录窗口]btnLogin_Click Begin...
2015-07-04 10:35:46,382 [1] INFO  CC2015_HollyFormsApp.Loger [(null)] - [HollyContactHelper]ModifySoftphoneINIByDN――根据DN33197,选择的SIPServerIP为：192.168.112.203
2015-07-04 10:35:46,383 [1] ERROR CC2015_HollyFormsApp.Loger [(null)] - [HollyContactHelper]ModifySoftphoneINIByDN_DN:33197
System.Exception: 读出文件''失败。错误信息：空路径名是非法的。
   在 BitAuto.Utils.FileHelper.ReadFile(String __ModelPath)
   在 CC2015_HollyFormsApp.HollyContactHelper.ModifySoftphoneINIByDN(Int32 DN) 位置 D:\TFS-Root\A5信息系统研发\销售业务管理平台\客户关系管理\BitAuto.DSC.CC2015.ClientApp\CC2015_HollyFormsApp\Code\Logic\HollyContactHelper.cs:行号 531
2015-07-04 10:35:51,186 [1] INFO  CC2015_HollyFormsApp.Loger [(null)] - [登录登出模块] ExitLogin() Begin...
2015-07-04 10:35:51,187 [1] INFO  CC2015_HollyFormsApp.Loger [(null)] - [HollyContactHelper]用户操作==卸载->True
2015-07-04 10:35:51,187 [1] INFO  CC2015_HollyFormsApp.Loger [(null)] - [登录登出模块] ExitLogin() End.
2015-07-04 10:38:53,356 [1] INFO  CC2015_HollyFormsApp.Loger [(null)] - [登录窗口]btnLogin_Click Begin...
2015-07-04 10:38:53,432 [1] INFO  CC2015_HollyFormsApp.Loger [(null)] - [HollyContactHelper]ModifySoftphoneINIByDN――根据DN33197,选择的SIPServerIP为：192.168.112.203
2015-07-04 10:38:53,434 [1] ERROR CC2015_HollyFormsApp.Loger [(null)] - [HollyContactHelper]ModifySoftphoneINIByDN_DN:33197
System.Exception: 读出文件''失败。错误信息：空路径名是非法的。
   在 BitAuto.Utils.FileHelper.ReadFile(String __ModelPath)
   在 CC2015_HollyFormsApp.HollyContactHelper.ModifySoftphoneINIByDN(Int32 DN) 位置 D:\TFS-Root\A5信息系统研发\销售业务管理平台\客户关系管理\BitAuto.DSC.CC2015.ClientApp\CC2015_HollyFormsApp\Code\Logic\HollyContactHelper.cs:行号 531
2015-07-04 10:38:58,855 [1] INFO  CC2015_HollyFormsApp.Loger [(null)] - [登录登出模块] ExitLogin() Begin...
2015-07-04 10:38:58,856 [1] INFO  CC2015_HollyFormsApp.Loger [(null)] - [HollyContactHelper]用户操作==卸载->True
2015-07-04 10:38:58,856 [1] INFO  CC2015_HollyFormsApp.Loger [(null)] - [登录登出模块] ExitLogin() End.
2015-07-04 18:54:18,708 [1] INFO  CC2015_HollyFormsApp.Loger [(null)] - [登录登出模块] ExitLogin() Begin...
2015-07-04 18:54:18,772 [1] INFO  CC2015_HollyFormsApp.Loger [(null)] - [HollyContactHelper]用户操作==卸载->True
2015-07-04 18:54:18,772 [1] INFO  CC2015_HollyFormsApp.Loger [(null)] - [登录登出模块] ExitLogin() End.
2015-07-04 19:07:06,224 [1] INFO  CC2015_HollyFormsApp.Loger [(null)] - [登录登出模块] ExitLogin() Begin...
2015-07-04 19:07:06,290 [1] INFO  CC2015_HollyFormsApp.Loger [(null)] - [HollyContactHelper]用户操作==卸载->True
2015-07-04 19:07:06,290 [1] INFO  CC2015_HollyFormsApp.Loger [(null)] - [登录登出模块] ExitLogin() End.
