2017-10-27 11:59:16,488 [6] INFO  RollingFileAppender [(null)] - [IsAuthorized]IsCheckIP=False,IsCheckLogin=False,CheckModuleRight=,用户请求的地址=http://ip1.chitunion.com/api/MediaLabel/GetCommonlyClass?mediaType=14001,UrlRefer=http://ip1.chitunion.com/TagManager/LabelAuditList.html
2017-10-27 11:59:16,712 [8] INFO  RollingFileAppender [(null)] - 
请求的url地址：http://ip1.chitunion.com/api/MediaLabel/GetCommonlyClass?mediaType=14001
执行的时间:34.0728ms
请求的参数:{"mediaType":14001}
返回的结果:{"Status":0,"Message":"OK","Result":[{"DictId":47001,"DictName":"时事"},{"DictId":47002,"DictName":"民生"},{"DictId":47003,"DictName":"金融"},{"DictId":47004,"DictName":"科技"},{"DictId":47005,"DictName":"创业"},{"DictId":47006,"DictName":"汽车"},{"DictId":47007,"DictName":"房产"},{"DictId":47008,"DictName":"职场"},{"DictId":47009,"DictName":"教育"},{"DictId":47010,"DictName":"学术"},{"DictId":47011,"DictName":"政务"},{"DictId":47012,"DictName":"企业"},{"DictId":47013,"DictName":"文化"},{"DictId":47014,"DictName":"百科"},{"DictId":47015,"DictName":"健康"},{"DictId":47016,"DictName":"时尚"},{"DictId":47017,"DictName":"美食"},{"DictId":47018,"DictName":"乐活"},{"DictId":47019,"DictName":"旅行"},{"DictId":47020,"DictName":"搞笑"},{"DictId":47021,"DictName":"情感"},{"DictId":47022,"DictName":"体育"},{"DictId":47023,"DictName":"美体"},{"DictId":47024,"DictName":"娱乐"},{"DictId":47025,"DictName":"动漫"},{"DictId":47026,"DictName":"游戏"},{"DictId":47027,"DictName":"生活"},{"DictId":47028,"DictName":"母婴"},{"DictId":47029,"DictName":"其他"}],"IsOverdue":null}

2017-10-27 11:59:16,772 [5] INFO  RollingFileAppender [(null)] - [IsAuthorized]IsCheckIP=False,IsCheckLogin=False,CheckModuleRight=,用户请求的地址=http://ip1.chitunion.com/api/CarSerial/QueryBrand,UrlRefer=http://ip1.chitunion.com/TagManager/LabelAuditList.html
2017-10-27 11:59:16,772 [5] INFO  RollingFileAppender [(null)] - [IsAuthorized]IsCheckIP=False,IsCheckLogin=True,CheckModuleRight=,用户请求的地址=http://ip1.chitunion.com/api/CarSerial/QueryBrand,UrlRefer=http://ip1.chitunion.com/TagManager/LabelAuditList.html
2017-10-27 11:59:16,815 [6] INFO  RollingFileAppender [(null)] - 
请求的url地址：http://ip1.chitunion.com/api/CarSerial/QueryBrand
执行的时间:15.0737ms
请求的参数:{"CheckLogin":true,"request":{"MasterBrandId":0,"BrandId":0}}
返回的结果:{"Status":0,"Message":null,"Result":[{"BrandId":0,"MasterId":8,"Name":"奥迪"},{"BrandId":0,"MasterId":92,"Name":"阿斯顿・马丁"},{"BrandId":0,"MasterId":87,"Name":"阿尔法・罗密欧"},{"BrandId":0,"MasterId":21,"Name":"本田"},{"BrandId":0,"MasterId":1,"Name":"奔驰"},{"BrandId":0,"MasterId":2,"Name":"宝马"},{"BrandId":0,"MasterId":121,"Name":"别克"},{"BrandId":0,"MasterId":149,"Name":"宝骏"},{"BrandId":0,"MasterId":4,"Name":"标致"},{"BrandId":0,"MasterId":13,"Name":"比亚迪"},{"BrandId":0,"MasterId":77,"Name":"保时捷"},{"BrandId":0,"MasterId":201,"Name":"北汽幻速"},{"BrandId":0,"MasterId":54,"Name":"奔腾"},{"BrandId":0,"MasterId":154,"Name":"北京"},{"BrandId":0,"MasterId":186,"Name":"北汽绅宝"},{"BrandId":0,"MasterId":224,"Name":"宝沃"},{"BrandId":0,"MasterId":80,"Name":"宾利"},{"BrandId":0,"MasterId":12,"Name":"北汽制造"},{"BrandId":0,"MasterId":159,"Name":"北汽威旺"},{"BrandId":0,"MasterId":251,"Name":"比速汽车"},{"BrandId":0,"MasterId":206,"Name":"北汽新能源"},{"BrandId":0,"MasterId":163,"Name":"巴博斯"},{"BrandId":0,"MasterId":127,"Name":"布加迪"},{"BrandId":0,"MasterId":128,"Name":"长安轿车"},{"BrandId":0,"MasterId":150,"Name":"长安商用"},{"BrandId":0,"MasterId":19,"Name":"长城"},{"BrandId":0,"MasterId":123,"Name":"昌河"},{"BrandId":0,"MasterId":219,"Name":"长安跨越"},{"BrandId":0,"MasterId":211,"Name":"成功"},{"BrandId":0,"MasterId":7,"Name":"大众"},{"BrandId":0,"MasterId":109,"Name":"东风风行"},{"BrandId":0,"MasterId":24,"Name":"东南"},{"BrandId":0,"MasterId":133,"Name":"东风风神"},{"BrandId":0,"MasterId":241,"Name":"东风风光"},{"BrandId":0,"MasterId":170,"Name":"DS"},{"BrandId":0,"MasterId":108,"Name":"道奇"},{"BrandId":0,"MasterId":196,"Name":"东风小康"},{"BrandId":0,"MasterId":188,"Name":"东风风度"},{"BrandId":0,"MasterId":223,"Name":"东风・郑州日产"},{"BrandId":0,"MasterId":205,"Name":"东风御风"},{"BrandId":0,"MasterId":6,"Name":"丰田"},{"BrandId":0,"MasterId":15,"Name":"福特"},{"BrandId":0,"MasterId":122,"Name":"福田"},{"BrandId":0,"MasterId":86,"Name":"法拉利"},{"BrandId":0,"MasterId":35,"Name":"菲亚特"},{"BrandId":0,"MasterId":62,"Name":"福迪"},{"BrandId":0,"MasterId":198,"Name":"福汽启腾"},{"BrandId":0,"MasterId":139,"Name":"广汽传祺"},{"BrandId":0,"MasterId":173,"Name":"观致汽车"},{"BrandId":0,"MasterId":104,"Name":"GMC"},{"BrandId":0,"MasterId":58,"Name":"广汽吉奥"},{"BrandId":0,"MasterId":240,"Name":"广汽中兴"},{"BrandId":0,"MasterId":187,"Name":"哈弗"},{"BrandId":0,"MasterId":27,"Name":"海马"},{"BrandId":0,"MasterId":53,"Name":"红旗"},{"BrandId":0,"MasterId":247,"Name":"汉腾"},{"BrandId":0,"MasterId":107,"Name":"华泰"},{"BrandId":0,"MasterId":47,"Name":"黄海"},{"BrandId":0,"MasterId":26,"Name":"哈飞"},{"BrandId":0,"MasterId":214,"Name":"华颂"},{"BrandId":0,"MasterId":141,"Name":"海马商用车"},{"BrandId":0,"MasterId":239,"Name":"华泰新能源"},{"BrandId":0,"MasterId":161,"Name":"海格"},{"BrandId":0,"MasterId":29,"Name":"吉利汽车"},{"BrandId":0,"MasterId":3,"Name":"Jeep"},{"BrandId":0,"MasterId":30,"Name":"江淮"},{"BrandId":0,"MasterId":93,"Name":"捷豹"},{"BrandId":0,"MasterId":34,"Name":"金杯"},{"BrandId":0,"MasterId":32,"Name":"江铃"},{"BrandId":0,"MasterId":52,"Name":"金龙"},{"BrandId":0,"MasterId":33,"Name":"江南"},{"BrandId":0,"MasterId":144,"Name":"九龙"},{"BrandId":0,"MasterId":213,"Name":"江铃集团轻汽"},{"BrandId":0,"MasterId":152,"Name":"金旅客车"},{"BrandId":0,"MasterId":264,"Name":"江铃集团新能源"},{"BrandId":0,"MasterId":102,"Name":"凯迪拉克"},{"BrandId":0,"MasterId":142,"Name":"开瑞"},{"BrandId":0,"MasterId":210,"Name":"凯翼"},{"BrandId":0,"MasterId":46,"Name":"克莱斯勒"},{"BrandId":0,"MasterId":229,"Name":"康迪全球鹰电动汽车"},{"BrandId":0,"MasterId":137,"Name":"科尼赛克"},{"BrandId":0,"MasterId":203,"Name":"卡威"},{"BrandId":0,"MasterId":91,"Name":"路虎"},{"BrandId":0,"MasterId":89,"Name":"雷克萨斯"},{"BrandId":0,"MasterId":14,"Name":"铃木"},{"BrandId":0,"MasterId":31,"Name":"陆风"},{"BrandId":0,"MasterId":145,"Name":"猎豹汽车"},{"BrandId":0,"MasterId":90,"Name":"林肯"},{"BrandId":0,"MasterId":94,"Name":"雷诺"},{"BrandId":0,"MasterId":71,"Name":"力帆"},{"BrandId":0,"MasterId":81,"Name":"兰博基尼"},{"BrandId":0,"MasterId":75,"Name":"劳斯莱斯"},{"BrandId":0,"MasterId":218,"Name":"雷丁电动"},{"BrandId":0,"MasterId":157,"Name":"理念"},{"BrandId":0,"MasterId":237,"Name":"陆地方舟"},{"BrandId":0,"MasterId":255,"Name":"LYNK＆CO"},{"BrandId":0,"MasterId":16,"Name":"马自达"},{"BrandId":0,"MasterId":74,"Name":"名爵"},{"BrandId":0,"MasterId":88,"Name":"玛莎拉蒂"},{"BrandId":0,"MasterId":76,"Name":"MINI"},{"BrandId":0,"MasterId":174,"Name":"迈凯伦"},{"BrandId":0,"MasterId":147,"Name":"纳智捷"},{"BrandId":0,"MasterId":79,"Name":"讴歌"},{"BrandId":0,"MasterId":23,"Name":"起亚"},{"BrandId":0,"MasterId":37,"Name":"奇瑞"},{"BrandId":0,"MasterId":148,"Name":"启辰"},{"BrandId":0,"MasterId":38,"Name":"庆铃"},{"BrandId":0,"MasterId":263,"Name":"奇点汽车"},{"BrandId":0,"MasterId":25,"Name":"日产"},{"BrandId":0,"MasterId":73,"Name":"荣威"},{"BrandId":0,"MasterId":9,"Name":"斯柯达"},{"BrandId":0,"MasterId":20,"Name":"三菱"},{"BrandId":0,"MasterId":106,"Name":"斯巴鲁"},{"BrandId":0,"MasterId":156,"Name":"上汽大通MAXUS"},{"BrandId":0,"MasterId":97,"Name":"双龙"},{"BrandId":0,"MasterId":84,"Name":"smart"},{"BrandId":0,"MasterId":248,"Name":"SWM斯威汽车"},{"BrandId":0,"MasterId":160,"Name":"陕汽通家"},{"BrandId":0,"MasterId":180,"Name":"特斯拉"},{"BrandId":0,"MasterId":166,"Name":"腾势"},{"BrandId":0,"MasterId":43,"Name":"五菱"},{"BrandId":0,"MasterId":17,"Name":"沃尔沃"},{"BrandId":0,"MasterId":125,"Name":"五十铃"},{"BrandId":0,"MasterId":197,"Name":"潍柴英致"},{"BrandId":0,"MasterId":258,"Name":"WEY"},{"BrandId":0,"MasterId":254,"Name":"蔚来汽车"},{"BrandId":0,"MasterId":132,"Name":"威麟"},{"BrandId":0,"MasterId":11,"Name":"现代"},{"BrandId":0,"MasterId":44,"Name":"雪佛兰"},{"BrandId":0,"MasterId":5,"Name":"雪铁龙"},{"BrandId":0,"MasterId":82,"Name":"西雅特"},{"BrandId":0,"MasterId":95,"Name":"英菲尼迪"},{"BrandId":0,"MasterId":48,"Name":"一汽"},{"BrandId":0,"MasterId":246,"Name":"驭胜"},{"BrandId":0,"MasterId":36,"Name":"依维柯"},{"BrandId":0,"MasterId":130,"Name":"野马汽车"},{"BrandId":0,"MasterId":70,"Name":"永源"},{"BrandId":0,"MasterId":226,"Name":"御捷"},{"BrandId":0,"MasterId":256,"Name":"雅宾纳"},{"BrandId":0,"MasterId":262,"Name":"云度新能源"},{"BrandId":0,"MasterId":72,"Name":"众泰"},{"BrandId":0,"MasterId":55,"Name":"中华"},{"BrandId":0,"MasterId":221,"Name":"知豆"},{"BrandId":0,"MasterId":28,"Name":"中兴"},{"BrandId":0,"MasterId":158,"Name":"中欧奔驰房车"},{"BrandId":0,"MasterId":194,"Name":"之诺"}],"IsOverdue":null}

2017-10-27 11:59:16,837 [5] INFO  RollingFileAppender [(null)] - [IsAuthorized]IsCheckIP=False,IsCheckLogin=False,CheckModuleRight=,用户请求的地址=http://ip1.chitunion.com/api/CarSerial/QueryBrand?MasterBrandId=8,UrlRefer=http://ip1.chitunion.com/TagManager/LabelAuditList.html
2017-10-27 11:59:16,837 [5] INFO  RollingFileAppender [(null)] - [IsAuthorized]IsCheckIP=False,IsCheckLogin=True,CheckModuleRight=,用户请求的地址=http://ip1.chitunion.com/api/CarSerial/QueryBrand?MasterBrandId=8,UrlRefer=http://ip1.chitunion.com/TagManager/LabelAuditList.html
2017-10-27 11:59:16,868 [9] INFO  RollingFileAppender [(null)] - 
请求的url地址：http://ip1.chitunion.com/api/CarSerial/QueryBrand?MasterBrandId=8
执行的时间:26.0628ms
请求的参数:{"CheckLogin":true,"request":{"MasterBrandId":8,"BrandId":0}}
返回的结果:{"Status":0,"Message":null,"Result":[{"BrandId":81,"MasterId":8,"Name":"奥迪(一汽奥迪)"},{"BrandId":192,"MasterId":8,"Name":"奥迪(进口)"},{"BrandId":193,"MasterId":8,"Name":"奥迪(奥迪RS)"}],"IsOverdue":null}

2017-10-27 11:59:17,035 [6] INFO  RollingFileAppender [(null)] - [IsAuthorized]IsCheckIP=False,IsCheckLogin=False,CheckModuleRight=,用户请求的地址=http://ip1.chitunion.com/api/ExamineLabel/QueryPendingAuditMediaList?MediaType=14001&DictId=-2&Name=&SelfDoBusiness=-2&StartDate=&EndDate=&BrandType=2&MasterId=8&BrandID=-2&BrandId=-2&PageIndex=1&PageSize=20&r=0.29808761568260533,UrlRefer=http://ip1.chitunion.com/TagManager/LabelAuditList.html
2017-10-27 11:59:17,039 [9] INFO  RollingFileAppender [(null)] - [IsAuthorized]IsCheckIP=False,IsCheckLogin=True,CheckModuleRight=,用户请求的地址=http://ip1.chitunion.com/api/Authorize/GetMenuInfo,UrlRefer=http://ip1.chitunion.com/TagManager/LabelAuditList.html
2017-10-27 11:59:17,098 [5] INFO  RollingFileAppender [(null)] - 
请求的url地址：http://ip1.chitunion.com/api/ExamineLabel/QueryPendingAuditMediaList?MediaType=14001&DictId=-2&Name=&SelfDoBusiness=-2&StartDate=&EndDate=&BrandType=2&MasterId=8&BrandID=-2&BrandId=-2&PageIndex=1&PageSize=20&r=0.29808761568260533
执行的时间:47.1252ms
请求的参数:{"ReqDto":{"MediaType":14001,"DictId":-2,"StartDate":null,"EndDate":null,"Name":null,"SelfDoBusiness":-2,"PageSize":20,"PageIndex":1}}
返回的结果:{"Status":0,"Message":"Success","Result":{"TotalCount":"4","List":[{"SubmitCount":2,"ReceiveCount":0,"SubmitTime":"2017-10-27 09:55:49","BatchID":20,"Number":null,"MediaType":14001,"MediaTypeName":null,"Name":"思想聚焦","HeadImg":"/Pic/HeadImg/2017-05-02/fddbf9a0-798a-49c5-a640-4810b8e372ce.jpg"},{"SubmitCount":4,"ReceiveCount":0,"SubmitTime":"2017-10-26 14:52:46","BatchID":13,"Number":null,"MediaType":14001,"MediaTypeName":null,"Name":"Feekr旅行","HeadImg":"http://spiderapi.chitunion.com/Pic/HeadImg/2017-05-27/032d580f-d2a5-4b82-bb2d-db36f1f3cdad.jpg"},{"SubmitCount":1,"ReceiveCount":0,"SubmitTime":"2017-10-26 14:15:37","BatchID":11,"Number":null,"MediaType":14001,"MediaTypeName":null,"Name":"带你去看好风光","HeadImg":""},{"SubmitCount":1,"ReceiveCount":0,"SubmitTime":"2017-10-25 18:28:48","BatchID":6,"Number":null,"MediaType":14001,"MediaTypeName":null,"Name":"遇见北京","HeadImg":""}]},"IsOverdue":null}

2017-10-27 12:08:43,262 [39] INFO  RollingFileAppender [(null)] - [IsAuthorized]IsCheckIP=False,IsCheckLogin=False,CheckModuleRight=,用户请求的地址=http://ip1.chitunion.com/api/MediaLabel/GetCommonlyClass?mediaType=14001,UrlRefer=http://ip1.chitunion.com/TagManager/LabelAuditList.html
2017-10-27 12:08:43,481 [41] INFO  RollingFileAppender [(null)] - 
请求的url地址：http://ip1.chitunion.com/api/MediaLabel/GetCommonlyClass?mediaType=14001
执行的时间:32.0886ms
请求的参数:{"mediaType":14001}
返回的结果:{"Status":0,"Message":"OK","Result":[{"DictId":47001,"DictName":"时事"},{"DictId":47002,"DictName":"民生"},{"DictId":47003,"DictName":"金融"},{"DictId":47004,"DictName":"科技"},{"DictId":47005,"DictName":"创业"},{"DictId":47006,"DictName":"汽车"},{"DictId":47007,"DictName":"房产"},{"DictId":47008,"DictName":"职场"},{"DictId":47009,"DictName":"教育"},{"DictId":47010,"DictName":"学术"},{"DictId":47011,"DictName":"政务"},{"DictId":47012,"DictName":"企业"},{"DictId":47013,"DictName":"文化"},{"DictId":47014,"DictName":"百科"},{"DictId":47015,"DictName":"健康"},{"DictId":47016,"DictName":"时尚"},{"DictId":47017,"DictName":"美食"},{"DictId":47018,"DictName":"乐活"},{"DictId":47019,"DictName":"旅行"},{"DictId":47020,"DictName":"搞笑"},{"DictId":47021,"DictName":"情感"},{"DictId":47022,"DictName":"体育"},{"DictId":47023,"DictName":"美体"},{"DictId":47024,"DictName":"娱乐"},{"DictId":47025,"DictName":"动漫"},{"DictId":47026,"DictName":"游戏"},{"DictId":47027,"DictName":"生活"},{"DictId":47028,"DictName":"母婴"},{"DictId":47029,"DictName":"其他"}],"IsOverdue":null}

2017-10-27 12:08:43,540 [31] INFO  RollingFileAppender [(null)] - [IsAuthorized]IsCheckIP=False,IsCheckLogin=False,CheckModuleRight=,用户请求的地址=http://ip1.chitunion.com/api/CarSerial/QueryBrand,UrlRefer=http://ip1.chitunion.com/TagManager/LabelAuditList.html
2017-10-27 12:08:43,540 [31] INFO  RollingFileAppender [(null)] - [IsAuthorized]IsCheckIP=False,IsCheckLogin=True,CheckModuleRight=,用户请求的地址=http://ip1.chitunion.com/api/CarSerial/QueryBrand,UrlRefer=http://ip1.chitunion.com/TagManager/LabelAuditList.html
2017-10-27 12:08:43,591 [36] INFO  RollingFileAppender [(null)] - 
请求的url地址：http://ip1.chitunion.com/api/CarSerial/QueryBrand
执行的时间:20.0533ms
请求的参数:{"CheckLogin":true,"request":{"MasterBrandId":0,"BrandId":0}}
返回的结果:{"Status":0,"Message":null,"Result":[{"BrandId":0,"MasterId":8,"Name":"奥迪"},{"BrandId":0,"MasterId":92,"Name":"阿斯顿・马丁"},{"BrandId":0,"MasterId":87,"Name":"阿尔法・罗密欧"},{"BrandId":0,"MasterId":21,"Name":"本田"},{"BrandId":0,"MasterId":1,"Name":"奔驰"},{"BrandId":0,"MasterId":2,"Name":"宝马"},{"BrandId":0,"MasterId":121,"Name":"别克"},{"BrandId":0,"MasterId":149,"Name":"宝骏"},{"BrandId":0,"MasterId":4,"Name":"标致"},{"BrandId":0,"MasterId":13,"Name":"比亚迪"},{"BrandId":0,"MasterId":77,"Name":"保时捷"},{"BrandId":0,"MasterId":201,"Name":"北汽幻速"},{"BrandId":0,"MasterId":54,"Name":"奔腾"},{"BrandId":0,"MasterId":154,"Name":"北京"},{"BrandId":0,"MasterId":186,"Name":"北汽绅宝"},{"BrandId":0,"MasterId":224,"Name":"宝沃"},{"BrandId":0,"MasterId":80,"Name":"宾利"},{"BrandId":0,"MasterId":12,"Name":"北汽制造"},{"BrandId":0,"MasterId":159,"Name":"北汽威旺"},{"BrandId":0,"MasterId":251,"Name":"比速汽车"},{"BrandId":0,"MasterId":206,"Name":"北汽新能源"},{"BrandId":0,"MasterId":163,"Name":"巴博斯"},{"BrandId":0,"MasterId":127,"Name":"布加迪"},{"BrandId":0,"MasterId":128,"Name":"长安轿车"},{"BrandId":0,"MasterId":150,"Name":"长安商用"},{"BrandId":0,"MasterId":19,"Name":"长城"},{"BrandId":0,"MasterId":123,"Name":"昌河"},{"BrandId":0,"MasterId":219,"Name":"长安跨越"},{"BrandId":0,"MasterId":211,"Name":"成功"},{"BrandId":0,"MasterId":7,"Name":"大众"},{"BrandId":0,"MasterId":109,"Name":"东风风行"},{"BrandId":0,"MasterId":24,"Name":"东南"},{"BrandId":0,"MasterId":133,"Name":"东风风神"},{"BrandId":0,"MasterId":241,"Name":"东风风光"},{"BrandId":0,"MasterId":170,"Name":"DS"},{"BrandId":0,"MasterId":108,"Name":"道奇"},{"BrandId":0,"MasterId":196,"Name":"东风小康"},{"BrandId":0,"MasterId":188,"Name":"东风风度"},{"BrandId":0,"MasterId":223,"Name":"东风・郑州日产"},{"BrandId":0,"MasterId":205,"Name":"东风御风"},{"BrandId":0,"MasterId":6,"Name":"丰田"},{"BrandId":0,"MasterId":15,"Name":"福特"},{"BrandId":0,"MasterId":122,"Name":"福田"},{"BrandId":0,"MasterId":86,"Name":"法拉利"},{"BrandId":0,"MasterId":35,"Name":"菲亚特"},{"BrandId":0,"MasterId":62,"Name":"福迪"},{"BrandId":0,"MasterId":198,"Name":"福汽启腾"},{"BrandId":0,"MasterId":139,"Name":"广汽传祺"},{"BrandId":0,"MasterId":173,"Name":"观致汽车"},{"BrandId":0,"MasterId":104,"Name":"GMC"},{"BrandId":0,"MasterId":58,"Name":"广汽吉奥"},{"BrandId":0,"MasterId":240,"Name":"广汽中兴"},{"BrandId":0,"MasterId":187,"Name":"哈弗"},{"BrandId":0,"MasterId":27,"Name":"海马"},{"BrandId":0,"MasterId":53,"Name":"红旗"},{"BrandId":0,"MasterId":247,"Name":"汉腾"},{"BrandId":0,"MasterId":107,"Name":"华泰"},{"BrandId":0,"MasterId":47,"Name":"黄海"},{"BrandId":0,"MasterId":26,"Name":"哈飞"},{"BrandId":0,"MasterId":214,"Name":"华颂"},{"BrandId":0,"MasterId":141,"Name":"海马商用车"},{"BrandId":0,"MasterId":239,"Name":"华泰新能源"},{"BrandId":0,"MasterId":161,"Name":"海格"},{"BrandId":0,"MasterId":29,"Name":"吉利汽车"},{"BrandId":0,"MasterId":3,"Name":"Jeep"},{"BrandId":0,"MasterId":30,"Name":"江淮"},{"BrandId":0,"MasterId":93,"Name":"捷豹"},{"BrandId":0,"MasterId":34,"Name":"金杯"},{"BrandId":0,"MasterId":32,"Name":"江铃"},{"BrandId":0,"MasterId":52,"Name":"金龙"},{"BrandId":0,"MasterId":33,"Name":"江南"},{"BrandId":0,"MasterId":144,"Name":"九龙"},{"BrandId":0,"MasterId":213,"Name":"江铃集团轻汽"},{"BrandId":0,"MasterId":152,"Name":"金旅客车"},{"BrandId":0,"MasterId":264,"Name":"江铃集团新能源"},{"BrandId":0,"MasterId":102,"Name":"凯迪拉克"},{"BrandId":0,"MasterId":142,"Name":"开瑞"},{"BrandId":0,"MasterId":210,"Name":"凯翼"},{"BrandId":0,"MasterId":46,"Name":"克莱斯勒"},{"BrandId":0,"MasterId":229,"Name":"康迪全球鹰电动汽车"},{"BrandId":0,"MasterId":137,"Name":"科尼赛克"},{"BrandId":0,"MasterId":203,"Name":"卡威"},{"BrandId":0,"MasterId":91,"Name":"路虎"},{"BrandId":0,"MasterId":89,"Name":"雷克萨斯"},{"BrandId":0,"MasterId":14,"Name":"铃木"},{"BrandId":0,"MasterId":31,"Name":"陆风"},{"BrandId":0,"MasterId":145,"Name":"猎豹汽车"},{"BrandId":0,"MasterId":90,"Name":"林肯"},{"BrandId":0,"MasterId":94,"Name":"雷诺"},{"BrandId":0,"MasterId":71,"Name":"力帆"},{"BrandId":0,"MasterId":81,"Name":"兰博基尼"},{"BrandId":0,"MasterId":75,"Name":"劳斯莱斯"},{"BrandId":0,"MasterId":218,"Name":"雷丁电动"},{"BrandId":0,"MasterId":157,"Name":"理念"},{"BrandId":0,"MasterId":237,"Name":"陆地方舟"},{"BrandId":0,"MasterId":255,"Name":"LYNK＆CO"},{"BrandId":0,"MasterId":16,"Name":"马自达"},{"BrandId":0,"MasterId":74,"Name":"名爵"},{"BrandId":0,"MasterId":88,"Name":"玛莎拉蒂"},{"BrandId":0,"MasterId":76,"Name":"MINI"},{"BrandId":0,"MasterId":174,"Name":"迈凯伦"},{"BrandId":0,"MasterId":147,"Name":"纳智捷"},{"BrandId":0,"MasterId":79,"Name":"讴歌"},{"BrandId":0,"MasterId":23,"Name":"起亚"},{"BrandId":0,"MasterId":37,"Name":"奇瑞"},{"BrandId":0,"MasterId":148,"Name":"启辰"},{"BrandId":0,"MasterId":38,"Name":"庆铃"},{"BrandId":0,"MasterId":263,"Name":"奇点汽车"},{"BrandId":0,"MasterId":25,"Name":"日产"},{"BrandId":0,"MasterId":73,"Name":"荣威"},{"BrandId":0,"MasterId":9,"Name":"斯柯达"},{"BrandId":0,"MasterId":20,"Name":"三菱"},{"BrandId":0,"MasterId":106,"Name":"斯巴鲁"},{"BrandId":0,"MasterId":156,"Name":"上汽大通MAXUS"},{"BrandId":0,"MasterId":97,"Name":"双龙"},{"BrandId":0,"MasterId":84,"Name":"smart"},{"BrandId":0,"MasterId":248,"Name":"SWM斯威汽车"},{"BrandId":0,"MasterId":160,"Name":"陕汽通家"},{"BrandId":0,"MasterId":180,"Name":"特斯拉"},{"BrandId":0,"MasterId":166,"Name":"腾势"},{"BrandId":0,"MasterId":43,"Name":"五菱"},{"BrandId":0,"MasterId":17,"Name":"沃尔沃"},{"BrandId":0,"MasterId":125,"Name":"五十铃"},{"BrandId":0,"MasterId":197,"Name":"潍柴英致"},{"BrandId":0,"MasterId":258,"Name":"WEY"},{"BrandId":0,"MasterId":254,"Name":"蔚来汽车"},{"BrandId":0,"MasterId":132,"Name":"威麟"},{"BrandId":0,"MasterId":11,"Name":"现代"},{"BrandId":0,"MasterId":44,"Name":"雪佛兰"},{"BrandId":0,"MasterId":5,"Name":"雪铁龙"},{"BrandId":0,"MasterId":82,"Name":"西雅特"},{"BrandId":0,"MasterId":95,"Name":"英菲尼迪"},{"BrandId":0,"MasterId":48,"Name":"一汽"},{"BrandId":0,"MasterId":246,"Name":"驭胜"},{"BrandId":0,"MasterId":36,"Name":"依维柯"},{"BrandId":0,"MasterId":130,"Name":"野马汽车"},{"BrandId":0,"MasterId":70,"Name":"永源"},{"BrandId":0,"MasterId":226,"Name":"御捷"},{"BrandId":0,"MasterId":256,"Name":"雅宾纳"},{"BrandId":0,"MasterId":262,"Name":"云度新能源"},{"BrandId":0,"MasterId":72,"Name":"众泰"},{"BrandId":0,"MasterId":55,"Name":"中华"},{"BrandId":0,"MasterId":221,"Name":"知豆"},{"BrandId":0,"MasterId":28,"Name":"中兴"},{"BrandId":0,"MasterId":158,"Name":"中欧奔驰房车"},{"BrandId":0,"MasterId":194,"Name":"之诺"}],"IsOverdue":null}

2017-10-27 12:08:43,619 [34] INFO  RollingFileAppender [(null)] - [IsAuthorized]IsCheckIP=False,IsCheckLogin=False,CheckModuleRight=,用户请求的地址=http://ip1.chitunion.com/api/CarSerial/QueryBrand?MasterBrandId=8,UrlRefer=http://ip1.chitunion.com/TagManager/LabelAuditList.html
2017-10-27 12:08:43,619 [34] INFO  RollingFileAppender [(null)] - [IsAuthorized]IsCheckIP=False,IsCheckLogin=True,CheckModuleRight=,用户请求的地址=http://ip1.chitunion.com/api/CarSerial/QueryBrand?MasterBrandId=8,UrlRefer=http://ip1.chitunion.com/TagManager/LabelAuditList.html
2017-10-27 12:08:43,628 [39] INFO  RollingFileAppender [(null)] - 
请求的url地址：http://ip1.chitunion.com/api/CarSerial/QueryBrand?MasterBrandId=8
执行的时间:3.0079ms
请求的参数:{"CheckLogin":true,"request":{"MasterBrandId":8,"BrandId":0}}
返回的结果:{"Status":0,"Message":null,"Result":[{"BrandId":81,"MasterId":8,"Name":"奥迪(一汽奥迪)"},{"BrandId":192,"MasterId":8,"Name":"奥迪(进口)"},{"BrandId":193,"MasterId":8,"Name":"奥迪(奥迪RS)"}],"IsOverdue":null}

2017-10-27 12:08:43,779 [36] INFO  RollingFileAppender [(null)] - [IsAuthorized]IsCheckIP=False,IsCheckLogin=False,CheckModuleRight=,用户请求的地址=http://ip1.chitunion.com/api/ExamineLabel/QueryPendingAuditMediaList?MediaType=14001&DictId=-2&Name=&SelfDoBusiness=-2&StartDate=&EndDate=&BrandType=2&MasterId=8&BrandID=-2&BrandId=-2&PageIndex=1&PageSize=20&r=0.6769765353689489,UrlRefer=http://ip1.chitunion.com/TagManager/LabelAuditList.html
2017-10-27 12:08:43,787 [40] INFO  RollingFileAppender [(null)] - [IsAuthorized]IsCheckIP=False,IsCheckLogin=True,CheckModuleRight=,用户请求的地址=http://ip1.chitunion.com/api/Authorize/GetMenuInfo,UrlRefer=http://ip1.chitunion.com/TagManager/LabelAuditList.html
2017-10-27 12:08:43,813 [36] INFO  RollingFileAppender [(null)] - [ExamineLabelController]*****QueryPendingAuditMediaList ->查询待审核媒体列表:指定的转换无效。
2017-10-27 12:08:43,814 [41] INFO  RollingFileAppender [(null)] - 
请求的url地址：http://ip1.chitunion.com/api/ExamineLabel/QueryPendingAuditMediaList?MediaType=14001&DictId=-2&Name=&SelfDoBusiness=-2&StartDate=&EndDate=&BrandType=2&MasterId=8&BrandID=-2&BrandId=-2&PageIndex=1&PageSize=20&r=0.6769765353689489
执行的时间:30.0796ms
请求的参数:{"ReqDto":{"MediaType":14001,"DictId":-2,"StartDate":null,"EndDate":null,"Name":null,"SelfDoBusiness":-2,"PageSize":20,"PageIndex":1}}
返回的结果:

2017-10-27 12:08:43,936 [36] ERROR RollingFileAppender [(null)] - Chitunion_IP2017标签管理系统api――异常
System.InvalidCastException: 指定的转换无效。
   在 XYAuto.BUOC.IP2017.WebAPI.Controllers.ExamineLabelController.QueryPendingAuditMediaList(ReqsAuditMediaDto ReqDto) 位置 D:\GitRoot（C）\A5信息系统研发\销售业务管理平台\赤兔-标签管理系统\XYAuto.BUOC.IP2017.WebAPI\Controllers\ExamineLabelController.cs:行号 38
   在 lambda_method(Closure , Object , Object[] )
   在 System.Web.Http.Controllers.ReflectedHttpActionDescriptor.ActionExecutor.<>c__DisplayClass10.<GetExecutor>b__9(Object instance, Object[] methodParameters)
   在 System.Web.Http.Controllers.ReflectedHttpActionDescriptor.ActionExecutor.Execute(Object instance, Object[] arguments)
   在 System.Web.Http.Controllers.ReflectedHttpActionDescriptor.ExecuteAsync(HttpControllerContext controllerContext, IDictionary`2 arguments, CancellationToken cancellationToken)
--- 引发异常的上一位置中堆栈跟踪的末尾 ---
   在 System.Runtime.CompilerServices.TaskAwaiter.ThrowForNonSuccess(Task task)
   在 System.Runtime.CompilerServices.TaskAwaiter.HandleNonSuccessAndDebuggerNotification(Task task)
   在 System.Web.Http.Controllers.ApiControllerActionInvoker.<InvokeActionAsyncCore>d__0.MoveNext()
--- 引发异常的上一位置中堆栈跟踪的末尾 ---
   在 System.Runtime.CompilerServices.TaskAwaiter.ThrowForNonSuccess(Task task)
   在 System.Runtime.CompilerServices.TaskAwaiter.HandleNonSuccessAndDebuggerNotification(Task task)
   在 System.Web.Http.Filters.ActionFilterAttribute.<CallOnActionExecutedAsync>d__5.MoveNext()
--- 引发异常的上一位置中堆栈跟踪的末尾 ---
   在 System.Web.Http.Filters.ActionFilterAttribute.<CallOnActionExecutedAsync>d__5.MoveNext()
--- 引发异常的上一位置中堆栈跟踪的末尾 ---
   在 System.Runtime.CompilerServices.TaskAwaiter.ThrowForNonSuccess(Task task)
   在 System.Runtime.CompilerServices.TaskAwaiter.HandleNonSuccessAndDebuggerNotification(Task task)
   在 System.Web.Http.Filters.ActionFilterAttribute.<ExecuteActionFilterAsyncCore>d__0.MoveNext()
--- 引发异常的上一位置中堆栈跟踪的末尾 ---
   在 System.Runtime.CompilerServices.TaskAwaiter.ThrowForNonSuccess(Task task)
   在 System.Runtime.CompilerServices.TaskAwaiter.HandleNonSuccessAndDebuggerNotification(Task task)
   在 System.Web.Http.Filters.ActionFilterAttribute.<CallOnActionExecutedAsync>d__5.MoveNext()
--- 引发异常的上一位置中堆栈跟踪的末尾 ---
   在 System.Web.Http.Filters.ActionFilterAttribute.<CallOnActionExecutedAsync>d__5.MoveNext()
--- 引发异常的上一位置中堆栈跟踪的末尾 ---
   在 System.Runtime.CompilerServices.TaskAwaiter.ThrowForNonSuccess(Task task)
   在 System.Runtime.CompilerServices.TaskAwaiter.HandleNonSuccessAndDebuggerNotification(Task task)
   在 System.Web.Http.Filters.ActionFilterAttribute.<ExecuteActionFilterAsyncCore>d__0.MoveNext()
--- 引发异常的上一位置中堆栈跟踪的末尾 ---
   在 System.Runtime.CompilerServices.TaskAwaiter.ThrowForNonSuccess(Task task)
   在 System.Runtime.CompilerServices.TaskAwaiter.HandleNonSuccessAndDebuggerNotification(Task task)
   在 System.Web.Http.Filters.ActionFilterAttribute.<CallOnActionExecutedAsync>d__5.MoveNext()
--- 引发异常的上一位置中堆栈跟踪的末尾 ---
   在 System.Web.Http.Filters.ActionFilterAttribute.<CallOnActionExecutedAsync>d__5.MoveNext()
--- 引发异常的上一位置中堆栈跟踪的末尾 ---
   在 System.Runtime.CompilerServices.TaskAwaiter.ThrowForNonSuccess(Task task)
   在 System.Runtime.CompilerServices.TaskAwaiter.HandleNonSuccessAndDebuggerNotification(Task task)
   在 System.Web.Http.Filters.ActionFilterAttribute.<ExecuteActionFilterAsyncCore>d__0.MoveNext()
--- 引发异常的上一位置中堆栈跟踪的末尾 ---
   在 System.Runtime.CompilerServices.TaskAwaiter.ThrowForNonSuccess(Task task)
   在 System.Runtime.CompilerServices.TaskAwaiter.HandleNonSuccessAndDebuggerNotification(Task task)
   在 System.Web.Http.Controllers.ActionFilterResult.<ExecuteAsync>d__2.MoveNext()
--- 引发异常的上一位置中堆栈跟踪的末尾 ---
   在 System.Runtime.CompilerServices.TaskAwaiter.ThrowForNonSuccess(Task task)
   在 System.Runtime.CompilerServices.TaskAwaiter.HandleNonSuccessAndDebuggerNotification(Task task)
   在 System.Web.Http.Filters.AuthorizationFilterAttribute.<ExecuteAuthorizationFilterAsyncCore>d__2.MoveNext()
--- 引发异常的上一位置中堆栈跟踪的末尾 ---
   在 System.Runtime.CompilerServices.TaskAwaiter.ThrowForNonSuccess(Task task)
   在 System.Runtime.CompilerServices.TaskAwaiter.HandleNonSuccessAndDebuggerNotification(Task task)
   在 System.Web.Http.Controllers.ExceptionFilterResult.<ExecuteAsync>d__0.MoveNext()
2017-10-27 12:08:43,946 [36] INFO  RollingFileAppender [(null)] - 发邮件开始：
2017-10-27 12:08:43,963 [36] INFO  RollingFileAppender [(null)] - 发送邮件给谁:masj@xingyuanauto.com
2017-10-27 12:08:43,963 [36] INFO  RollingFileAppender [(null)] - 发送邮件给谁:lix@xingyuanauto.com
2017-10-27 12:08:43,963 [36] INFO  RollingFileAppender [(null)] - 发送邮件给谁:hant@xingyuanauto.com
2017-10-27 12:08:43,963 [36] INFO  RollingFileAppender [(null)] - 发送邮件给谁:lihf@xingyuanauto.com
2017-10-27 12:08:43,963 [36] INFO  RollingFileAppender [(null)] - 发送邮件给谁:zhanglb@xingyuanauto.com
2017-10-27 12:08:45,434 [36] INFO  RollingFileAppender [(null)] - 发邮件结束！
2017-10-27 12:10:37,305 [39] INFO  RollingFileAppender [(null)] - [IsAuthorized]IsCheckIP=False,IsCheckLogin=False,CheckModuleRight=,用户请求的地址=http://ip1.chitunion.com/api/MediaLabel/GetCommonlyClass?mediaType=14001,UrlRefer=http://ip1.chitunion.com/TagManager/LabelAuditList.html
2017-10-27 12:10:37,308 [24] INFO  RollingFileAppender [(null)] - 
请求的url地址：http://ip1.chitunion.com/api/MediaLabel/GetCommonlyClass?mediaType=14001
执行的时间:2.0046ms
请求的参数:{"mediaType":14001}
返回的结果:{"Status":0,"Message":"OK","Result":[{"DictId":47001,"DictName":"时事"},{"DictId":47002,"DictName":"民生"},{"DictId":47003,"DictName":"金融"},{"DictId":47004,"DictName":"科技"},{"DictId":47005,"DictName":"创业"},{"DictId":47006,"DictName":"汽车"},{"DictId":47007,"DictName":"房产"},{"DictId":47008,"DictName":"职场"},{"DictId":47009,"DictName":"教育"},{"DictId":47010,"DictName":"学术"},{"DictId":47011,"DictName":"政务"},{"DictId":47012,"DictName":"企业"},{"DictId":47013,"DictName":"文化"},{"DictId":47014,"DictName":"百科"},{"DictId":47015,"DictName":"健康"},{"DictId":47016,"DictName":"时尚"},{"DictId":47017,"DictName":"美食"},{"DictId":47018,"DictName":"乐活"},{"DictId":47019,"DictName":"旅行"},{"DictId":47020,"DictName":"搞笑"},{"DictId":47021,"DictName":"情感"},{"DictId":47022,"DictName":"体育"},{"DictId":47023,"DictName":"美体"},{"DictId":47024,"DictName":"娱乐"},{"DictId":47025,"DictName":"动漫"},{"DictId":47026,"DictName":"游戏"},{"DictId":47027,"DictName":"生活"},{"DictId":47028,"DictName":"母婴"},{"DictId":47029,"DictName":"其他"}],"IsOverdue":null}

2017-10-27 12:10:37,446 [39] INFO  RollingFileAppender [(null)] - [IsAuthorized]IsCheckIP=False,IsCheckLogin=False,CheckModuleRight=,用户请求的地址=http://ip1.chitunion.com/api/CarSerial/QueryBrand,UrlRefer=http://ip1.chitunion.com/TagManager/LabelAuditList.html
2017-10-27 12:10:37,446 [39] INFO  RollingFileAppender [(null)] - [IsAuthorized]IsCheckIP=False,IsCheckLogin=True,CheckModuleRight=,用户请求的地址=http://ip1.chitunion.com/api/CarSerial/QueryBrand,UrlRefer=http://ip1.chitunion.com/TagManager/LabelAuditList.html
2017-10-27 12:10:37,451 [35] INFO  RollingFileAppender [(null)] - 
请求的url地址：http://ip1.chitunion.com/api/CarSerial/QueryBrand
执行的时间:0ms
请求的参数:{"CheckLogin":true,"request":{"MasterBrandId":0,"BrandId":0}}
返回的结果:{"Status":0,"Message":null,"Result":[{"BrandId":0,"MasterId":8,"Name":"奥迪"},{"BrandId":0,"MasterId":92,"Name":"阿斯顿・马丁"},{"BrandId":0,"MasterId":87,"Name":"阿尔法・罗密欧"},{"BrandId":0,"MasterId":21,"Name":"本田"},{"BrandId":0,"MasterId":1,"Name":"奔驰"},{"BrandId":0,"MasterId":2,"Name":"宝马"},{"BrandId":0,"MasterId":121,"Name":"别克"},{"BrandId":0,"MasterId":149,"Name":"宝骏"},{"BrandId":0,"MasterId":4,"Name":"标致"},{"BrandId":0,"MasterId":13,"Name":"比亚迪"},{"BrandId":0,"MasterId":77,"Name":"保时捷"},{"BrandId":0,"MasterId":201,"Name":"北汽幻速"},{"BrandId":0,"MasterId":54,"Name":"奔腾"},{"BrandId":0,"MasterId":154,"Name":"北京"},{"BrandId":0,"MasterId":186,"Name":"北汽绅宝"},{"BrandId":0,"MasterId":224,"Name":"宝沃"},{"BrandId":0,"MasterId":80,"Name":"宾利"},{"BrandId":0,"MasterId":12,"Name":"北汽制造"},{"BrandId":0,"MasterId":159,"Name":"北汽威旺"},{"BrandId":0,"MasterId":251,"Name":"比速汽车"},{"BrandId":0,"MasterId":206,"Name":"北汽新能源"},{"BrandId":0,"MasterId":163,"Name":"巴博斯"},{"BrandId":0,"MasterId":127,"Name":"布加迪"},{"BrandId":0,"MasterId":128,"Name":"长安轿车"},{"BrandId":0,"MasterId":150,"Name":"长安商用"},{"BrandId":0,"MasterId":19,"Name":"长城"},{"BrandId":0,"MasterId":123,"Name":"昌河"},{"BrandId":0,"MasterId":219,"Name":"长安跨越"},{"BrandId":0,"MasterId":211,"Name":"成功"},{"BrandId":0,"MasterId":7,"Name":"大众"},{"BrandId":0,"MasterId":109,"Name":"东风风行"},{"BrandId":0,"MasterId":24,"Name":"东南"},{"BrandId":0,"MasterId":133,"Name":"东风风神"},{"BrandId":0,"MasterId":241,"Name":"东风风光"},{"BrandId":0,"MasterId":170,"Name":"DS"},{"BrandId":0,"MasterId":108,"Name":"道奇"},{"BrandId":0,"MasterId":196,"Name":"东风小康"},{"BrandId":0,"MasterId":188,"Name":"东风风度"},{"BrandId":0,"MasterId":223,"Name":"东风・郑州日产"},{"BrandId":0,"MasterId":205,"Name":"东风御风"},{"BrandId":0,"MasterId":6,"Name":"丰田"},{"BrandId":0,"MasterId":15,"Name":"福特"},{"BrandId":0,"MasterId":122,"Name":"福田"},{"BrandId":0,"MasterId":86,"Name":"法拉利"},{"BrandId":0,"MasterId":35,"Name":"菲亚特"},{"BrandId":0,"MasterId":62,"Name":"福迪"},{"BrandId":0,"MasterId":198,"Name":"福汽启腾"},{"BrandId":0,"MasterId":139,"Name":"广汽传祺"},{"BrandId":0,"MasterId":173,"Name":"观致汽车"},{"BrandId":0,"MasterId":104,"Name":"GMC"},{"BrandId":0,"MasterId":58,"Name":"广汽吉奥"},{"BrandId":0,"MasterId":240,"Name":"广汽中兴"},{"BrandId":0,"MasterId":187,"Name":"哈弗"},{"BrandId":0,"MasterId":27,"Name":"海马"},{"BrandId":0,"MasterId":53,"Name":"红旗"},{"BrandId":0,"MasterId":247,"Name":"汉腾"},{"BrandId":0,"MasterId":107,"Name":"华泰"},{"BrandId":0,"MasterId":47,"Name":"黄海"},{"BrandId":0,"MasterId":26,"Name":"哈飞"},{"BrandId":0,"MasterId":214,"Name":"华颂"},{"BrandId":0,"MasterId":141,"Name":"海马商用车"},{"BrandId":0,"MasterId":239,"Name":"华泰新能源"},{"BrandId":0,"MasterId":161,"Name":"海格"},{"BrandId":0,"MasterId":29,"Name":"吉利汽车"},{"BrandId":0,"MasterId":3,"Name":"Jeep"},{"BrandId":0,"MasterId":30,"Name":"江淮"},{"BrandId":0,"MasterId":93,"Name":"捷豹"},{"BrandId":0,"MasterId":34,"Name":"金杯"},{"BrandId":0,"MasterId":32,"Name":"江铃"},{"BrandId":0,"MasterId":52,"Name":"金龙"},{"BrandId":0,"MasterId":33,"Name":"江南"},{"BrandId":0,"MasterId":144,"Name":"九龙"},{"BrandId":0,"MasterId":213,"Name":"江铃集团轻汽"},{"BrandId":0,"MasterId":152,"Name":"金旅客车"},{"BrandId":0,"MasterId":264,"Name":"江铃集团新能源"},{"BrandId":0,"MasterId":102,"Name":"凯迪拉克"},{"BrandId":0,"MasterId":142,"Name":"开瑞"},{"BrandId":0,"MasterId":210,"Name":"凯翼"},{"BrandId":0,"MasterId":46,"Name":"克莱斯勒"},{"BrandId":0,"MasterId":229,"Name":"康迪全球鹰电动汽车"},{"BrandId":0,"MasterId":137,"Name":"科尼赛克"},{"BrandId":0,"MasterId":203,"Name":"卡威"},{"BrandId":0,"MasterId":91,"Name":"路虎"},{"BrandId":0,"MasterId":89,"Name":"雷克萨斯"},{"BrandId":0,"MasterId":14,"Name":"铃木"},{"BrandId":0,"MasterId":31,"Name":"陆风"},{"BrandId":0,"MasterId":145,"Name":"猎豹汽车"},{"BrandId":0,"MasterId":90,"Name":"林肯"},{"BrandId":0,"MasterId":94,"Name":"雷诺"},{"BrandId":0,"MasterId":71,"Name":"力帆"},{"BrandId":0,"MasterId":81,"Name":"兰博基尼"},{"BrandId":0,"MasterId":75,"Name":"劳斯莱斯"},{"BrandId":0,"MasterId":218,"Name":"雷丁电动"},{"BrandId":0,"MasterId":157,"Name":"理念"},{"BrandId":0,"MasterId":237,"Name":"陆地方舟"},{"BrandId":0,"MasterId":255,"Name":"LYNK＆CO"},{"BrandId":0,"MasterId":16,"Name":"马自达"},{"BrandId":0,"MasterId":74,"Name":"名爵"},{"BrandId":0,"MasterId":88,"Name":"玛莎拉蒂"},{"BrandId":0,"MasterId":76,"Name":"MINI"},{"BrandId":0,"MasterId":174,"Name":"迈凯伦"},{"BrandId":0,"MasterId":147,"Name":"纳智捷"},{"BrandId":0,"MasterId":79,"Name":"讴歌"},{"BrandId":0,"MasterId":23,"Name":"起亚"},{"BrandId":0,"MasterId":37,"Name":"奇瑞"},{"BrandId":0,"MasterId":148,"Name":"启辰"},{"BrandId":0,"MasterId":38,"Name":"庆铃"},{"BrandId":0,"MasterId":263,"Name":"奇点汽车"},{"BrandId":0,"MasterId":25,"Name":"日产"},{"BrandId":0,"MasterId":73,"Name":"荣威"},{"BrandId":0,"MasterId":9,"Name":"斯柯达"},{"BrandId":0,"MasterId":20,"Name":"三菱"},{"BrandId":0,"MasterId":106,"Name":"斯巴鲁"},{"BrandId":0,"MasterId":156,"Name":"上汽大通MAXUS"},{"BrandId":0,"MasterId":97,"Name":"双龙"},{"BrandId":0,"MasterId":84,"Name":"smart"},{"BrandId":0,"MasterId":248,"Name":"SWM斯威汽车"},{"BrandId":0,"MasterId":160,"Name":"陕汽通家"},{"BrandId":0,"MasterId":180,"Name":"特斯拉"},{"BrandId":0,"MasterId":166,"Name":"腾势"},{"BrandId":0,"MasterId":43,"Name":"五菱"},{"BrandId":0,"MasterId":17,"Name":"沃尔沃"},{"BrandId":0,"MasterId":125,"Name":"五十铃"},{"BrandId":0,"MasterId":197,"Name":"潍柴英致"},{"BrandId":0,"MasterId":258,"Name":"WEY"},{"BrandId":0,"MasterId":254,"Name":"蔚来汽车"},{"BrandId":0,"MasterId":132,"Name":"威麟"},{"BrandId":0,"MasterId":11,"Name":"现代"},{"BrandId":0,"MasterId":44,"Name":"雪佛兰"},{"BrandId":0,"MasterId":5,"Name":"雪铁龙"},{"BrandId":0,"MasterId":82,"Name":"西雅特"},{"BrandId":0,"MasterId":95,"Name":"英菲尼迪"},{"BrandId":0,"MasterId":48,"Name":"一汽"},{"BrandId":0,"MasterId":246,"Name":"驭胜"},{"BrandId":0,"MasterId":36,"Name":"依维柯"},{"BrandId":0,"MasterId":130,"Name":"野马汽车"},{"BrandId":0,"MasterId":70,"Name":"永源"},{"BrandId":0,"MasterId":226,"Name":"御捷"},{"BrandId":0,"MasterId":256,"Name":"雅宾纳"},{"BrandId":0,"MasterId":262,"Name":"云度新能源"},{"BrandId":0,"MasterId":72,"Name":"众泰"},{"BrandId":0,"MasterId":55,"Name":"中华"},{"BrandId":0,"MasterId":221,"Name":"知豆"},{"BrandId":0,"MasterId":28,"Name":"中兴"},{"BrandId":0,"MasterId":158,"Name":"中欧奔驰房车"},{"BrandId":0,"MasterId":194,"Name":"之诺"}],"IsOverdue":null}

2017-10-27 12:10:37,483 [35] INFO  RollingFileAppender [(null)] - [IsAuthorized]IsCheckIP=False,IsCheckLogin=False,CheckModuleRight=,用户请求的地址=http://ip1.chitunion.com/api/CarSerial/QueryBrand?MasterBrandId=8,UrlRefer=http://ip1.chitunion.com/TagManager/LabelAuditList.html
2017-10-27 12:10:37,483 [35] INFO  RollingFileAppender [(null)] - [IsAuthorized]IsCheckIP=False,IsCheckLogin=True,CheckModuleRight=,用户请求的地址=http://ip1.chitunion.com/api/CarSerial/QueryBrand?MasterBrandId=8,UrlRefer=http://ip1.chitunion.com/TagManager/LabelAuditList.html
2017-10-27 12:10:37,495 [24] INFO  RollingFileAppender [(null)] - 
请求的url地址：http://ip1.chitunion.com/api/CarSerial/QueryBrand?MasterBrandId=8
执行的时间:8.0287ms
请求的参数:{"CheckLogin":true,"request":{"MasterBrandId":8,"BrandId":0}}
返回的结果:{"Status":0,"Message":null,"Result":[{"BrandId":81,"MasterId":8,"Name":"奥迪(一汽奥迪)"},{"BrandId":192,"MasterId":8,"Name":"奥迪(进口)"},{"BrandId":193,"MasterId":8,"Name":"奥迪(奥迪RS)"}],"IsOverdue":null}

2017-10-27 12:10:37,644 [36] INFO  RollingFileAppender [(null)] - [IsAuthorized]IsCheckIP=False,IsCheckLogin=False,CheckModuleRight=,用户请求的地址=http://ip1.chitunion.com/api/ExamineLabel/QueryPendingAuditMediaList?MediaType=14001&DictId=-2&Name=&SelfDoBusiness=-2&StartDate=&EndDate=&BrandType=2&MasterId=8&BrandID=-2&BrandId=-2&PageIndex=1&PageSize=20&r=0.9294373048621596,UrlRefer=http://ip1.chitunion.com/TagManager/LabelAuditList.html
2017-10-27 12:10:37,647 [36] INFO  RollingFileAppender [(null)] - [ExamineLabelController]*****QueryPendingAuditMediaList ->查询待审核媒体列表:指定的转换无效。
2017-10-27 12:10:37,647 [35] INFO  RollingFileAppender [(null)] - 
请求的url地址：http://ip1.chitunion.com/api/ExamineLabel/QueryPendingAuditMediaList?MediaType=14001&DictId=-2&Name=&SelfDoBusiness=-2&StartDate=&EndDate=&BrandType=2&MasterId=8&BrandID=-2&BrandId=-2&PageIndex=1&PageSize=20&r=0.9294373048621596
执行的时间:3.0049ms
请求的参数:{"ReqDto":{"MediaType":14001,"DictId":-2,"StartDate":null,"EndDate":null,"Name":null,"SelfDoBusiness":-2,"PageSize":20,"PageIndex":1}}
返回的结果:

2017-10-27 12:10:37,648 [36] ERROR RollingFileAppender [(null)] - Chitunion_IP2017标签管理系统api――异常
System.InvalidCastException: 指定的转换无效。
   在 XYAuto.BUOC.IP2017.WebAPI.Controllers.ExamineLabelController.QueryPendingAuditMediaList(ReqsAuditMediaDto ReqDto) 位置 D:\GitRoot（C）\A5信息系统研发\销售业务管理平台\赤兔-标签管理系统\XYAuto.BUOC.IP2017.WebAPI\Controllers\ExamineLabelController.cs:行号 38
   在 lambda_method(Closure , Object , Object[] )
   在 System.Web.Http.Controllers.ReflectedHttpActionDescriptor.ActionExecutor.<>c__DisplayClass10.<GetExecutor>b__9(Object instance, Object[] methodParameters)
   在 System.Web.Http.Controllers.ReflectedHttpActionDescriptor.ActionExecutor.Execute(Object instance, Object[] arguments)
   在 System.Web.Http.Controllers.ReflectedHttpActionDescriptor.ExecuteAsync(HttpControllerContext controllerContext, IDictionary`2 arguments, CancellationToken cancellationToken)
--- 引发异常的上一位置中堆栈跟踪的末尾 ---
   在 System.Runtime.CompilerServices.TaskAwaiter.ThrowForNonSuccess(Task task)
   在 System.Runtime.CompilerServices.TaskAwaiter.HandleNonSuccessAndDebuggerNotification(Task task)
   在 System.Web.Http.Controllers.ApiControllerActionInvoker.<InvokeActionAsyncCore>d__0.MoveNext()
--- 引发异常的上一位置中堆栈跟踪的末尾 ---
   在 System.Runtime.CompilerServices.TaskAwaiter.ThrowForNonSuccess(Task task)
   在 System.Runtime.CompilerServices.TaskAwaiter.HandleNonSuccessAndDebuggerNotification(Task task)
   在 System.Web.Http.Filters.ActionFilterAttribute.<CallOnActionExecutedAsync>d__5.MoveNext()
--- 引发异常的上一位置中堆栈跟踪的末尾 ---
   在 System.Web.Http.Filters.ActionFilterAttribute.<CallOnActionExecutedAsync>d__5.MoveNext()
--- 引发异常的上一位置中堆栈跟踪的末尾 ---
   在 System.Runtime.CompilerServices.TaskAwaiter.ThrowForNonSuccess(Task task)
   在 System.Runtime.CompilerServices.TaskAwaiter.HandleNonSuccessAndDebuggerNotification(Task task)
   在 System.Web.Http.Filters.ActionFilterAttribute.<ExecuteActionFilterAsyncCore>d__0.MoveNext()
--- 引发异常的上一位置中堆栈跟踪的末尾 ---
   在 System.Runtime.CompilerServices.TaskAwaiter.ThrowForNonSuccess(Task task)
   在 System.Runtime.CompilerServices.TaskAwaiter.HandleNonSuccessAndDebuggerNotification(Task task)
   在 System.Web.Http.Filters.ActionFilterAttribute.<CallOnActionExecutedAsync>d__5.MoveNext()
--- 引发异常的上一位置中堆栈跟踪的末尾 ---
   在 System.Web.Http.Filters.ActionFilterAttribute.<CallOnActionExecutedAsync>d__5.MoveNext()
--- 引发异常的上一位置中堆栈跟踪的末尾 ---
   在 System.Runtime.CompilerServices.TaskAwaiter.ThrowForNonSuccess(Task task)
   在 System.Runtime.CompilerServices.TaskAwaiter.HandleNonSuccessAndDebuggerNotification(Task task)
   在 System.Web.Http.Filters.ActionFilterAttribute.<ExecuteActionFilterAsyncCore>d__0.MoveNext()
--- 引发异常的上一位置中堆栈跟踪的末尾 ---
   在 System.Runtime.CompilerServices.TaskAwaiter.ThrowForNonSuccess(Task task)
   在 System.Runtime.CompilerServices.TaskAwaiter.HandleNonSuccessAndDebuggerNotification(Task task)
   在 System.Web.Http.Filters.ActionFilterAttribute.<CallOnActionExecutedAsync>d__5.MoveNext()
--- 引发异常的上一位置中堆栈跟踪的末尾 ---
   在 System.Web.Http.Filters.ActionFilterAttribute.<CallOnActionExecutedAsync>d__5.MoveNext()
--- 引发异常的上一位置中堆栈跟踪的末尾 ---
   在 System.Runtime.CompilerServices.TaskAwaiter.ThrowForNonSuccess(Task task)
   在 System.Runtime.CompilerServices.TaskAwaiter.HandleNonSuccessAndDebuggerNotification(Task task)
   在 System.Web.Http.Filters.ActionFilterAttribute.<ExecuteActionFilterAsyncCore>d__0.MoveNext()
--- 引发异常的上一位置中堆栈跟踪的末尾 ---
   在 System.Runtime.CompilerServices.TaskAwaiter.ThrowForNonSuccess(Task task)
   在 System.Runtime.CompilerServices.TaskAwaiter.HandleNonSuccessAndDebuggerNotification(Task task)
   在 System.Web.Http.Controllers.ActionFilterResult.<ExecuteAsync>d__2.MoveNext()
--- 引发异常的上一位置中堆栈跟踪的末尾 ---
   在 System.Runtime.CompilerServices.TaskAwaiter.ThrowForNonSuccess(Task task)
   在 System.Runtime.CompilerServices.TaskAwaiter.HandleNonSuccessAndDebuggerNotification(Task task)
   在 System.Web.Http.Filters.AuthorizationFilterAttribute.<ExecuteAuthorizationFilterAsyncCore>d__2.MoveNext()
--- 引发异常的上一位置中堆栈跟踪的末尾 ---
   在 System.Runtime.CompilerServices.TaskAwaiter.ThrowForNonSuccess(Task task)
   在 System.Runtime.CompilerServices.TaskAwaiter.HandleNonSuccessAndDebuggerNotification(Task task)
   在 System.Web.Http.Controllers.ExceptionFilterResult.<ExecuteAsync>d__0.MoveNext()
2017-10-27 12:10:37,648 [36] INFO  RollingFileAppender [(null)] - 发邮件开始：
2017-10-27 12:10:37,648 [36] INFO  RollingFileAppender [(null)] - 发送邮件给谁:masj@xingyuanauto.com
2017-10-27 12:10:37,649 [36] INFO  RollingFileAppender [(null)] - 发送邮件给谁:lix@xingyuanauto.com
2017-10-27 12:10:37,649 [36] INFO  RollingFileAppender [(null)] - 发送邮件给谁:hant@xingyuanauto.com
2017-10-27 12:10:37,649 [36] INFO  RollingFileAppender [(null)] - 发送邮件给谁:lihf@xingyuanauto.com
2017-10-27 12:10:37,649 [36] INFO  RollingFileAppender [(null)] - 发送邮件给谁:zhanglb@xingyuanauto.com
2017-10-27 12:10:37,654 [39] INFO  RollingFileAppender [(null)] - [IsAuthorized]IsCheckIP=False,IsCheckLogin=True,CheckModuleRight=,用户请求的地址=http://ip1.chitunion.com/api/Authorize/GetMenuInfo,UrlRefer=http://ip1.chitunion.com/TagManager/LabelAuditList.html
2017-10-27 12:10:39,154 [36] INFO  RollingFileAppender [(null)] - 发邮件结束！
2017-10-27 12:11:22,145 [44] INFO  RollingFileAppender [(null)] - [IsAuthorized]IsCheckIP=False,IsCheckLogin=False,CheckModuleRight=,用户请求的地址=http://ip1.chitunion.com/api/MediaLabel/GetCommonlyClass?mediaType=14001,UrlRefer=http://ip1.chitunion.com/TagManager/LabelAuditList.html
2017-10-27 12:11:22,147 [35] INFO  RollingFileAppender [(null)] - 
请求的url地址：http://ip1.chitunion.com/api/MediaLabel/GetCommonlyClass?mediaType=14001
执行的时间:2.0068ms
请求的参数:{"mediaType":14001}
返回的结果:{"Status":0,"Message":"OK","Result":[{"DictId":47001,"DictName":"时事"},{"DictId":47002,"DictName":"民生"},{"DictId":47003,"DictName":"金融"},{"DictId":47004,"DictName":"科技"},{"DictId":47005,"DictName":"创业"},{"DictId":47006,"DictName":"汽车"},{"DictId":47007,"DictName":"房产"},{"DictId":47008,"DictName":"职场"},{"DictId":47009,"DictName":"教育"},{"DictId":47010,"DictName":"学术"},{"DictId":47011,"DictName":"政务"},{"DictId":47012,"DictName":"企业"},{"DictId":47013,"DictName":"文化"},{"DictId":47014,"DictName":"百科"},{"DictId":47015,"DictName":"健康"},{"DictId":47016,"DictName":"时尚"},{"DictId":47017,"DictName":"美食"},{"DictId":47018,"DictName":"乐活"},{"DictId":47019,"DictName":"旅行"},{"DictId":47020,"DictName":"搞笑"},{"DictId":47021,"DictName":"情感"},{"DictId":47022,"DictName":"体育"},{"DictId":47023,"DictName":"美体"},{"DictId":47024,"DictName":"娱乐"},{"DictId":47025,"DictName":"动漫"},{"DictId":47026,"DictName":"游戏"},{"DictId":47027,"DictName":"生活"},{"DictId":47028,"DictName":"母婴"},{"DictId":47029,"DictName":"其他"}],"IsOverdue":null}

2017-10-27 12:11:22,185 [39] INFO  RollingFileAppender [(null)] - [IsAuthorized]IsCheckIP=False,IsCheckLogin=False,CheckModuleRight=,用户请求的地址=http://ip1.chitunion.com/api/CarSerial/QueryBrand,UrlRefer=http://ip1.chitunion.com/TagManager/LabelAuditList.html
2017-10-27 12:11:22,185 [39] INFO  RollingFileAppender [(null)] - [IsAuthorized]IsCheckIP=False,IsCheckLogin=True,CheckModuleRight=,用户请求的地址=http://ip1.chitunion.com/api/CarSerial/QueryBrand,UrlRefer=http://ip1.chitunion.com/TagManager/LabelAuditList.html
2017-10-27 12:11:22,189 [45] INFO  RollingFileAppender [(null)] - 
请求的url地址：http://ip1.chitunion.com/api/CarSerial/QueryBrand
执行的时间:0ms
请求的参数:{"CheckLogin":true,"request":{"MasterBrandId":0,"BrandId":0}}
返回的结果:{"Status":0,"Message":null,"Result":[{"BrandId":0,"MasterId":8,"Name":"奥迪"},{"BrandId":0,"MasterId":92,"Name":"阿斯顿・马丁"},{"BrandId":0,"MasterId":87,"Name":"阿尔法・罗密欧"},{"BrandId":0,"MasterId":21,"Name":"本田"},{"BrandId":0,"MasterId":1,"Name":"奔驰"},{"BrandId":0,"MasterId":2,"Name":"宝马"},{"BrandId":0,"MasterId":121,"Name":"别克"},{"BrandId":0,"MasterId":149,"Name":"宝骏"},{"BrandId":0,"MasterId":4,"Name":"标致"},{"BrandId":0,"MasterId":13,"Name":"比亚迪"},{"BrandId":0,"MasterId":77,"Name":"保时捷"},{"BrandId":0,"MasterId":201,"Name":"北汽幻速"},{"BrandId":0,"MasterId":54,"Name":"奔腾"},{"BrandId":0,"MasterId":154,"Name":"北京"},{"BrandId":0,"MasterId":186,"Name":"北汽绅宝"},{"BrandId":0,"MasterId":224,"Name":"宝沃"},{"BrandId":0,"MasterId":80,"Name":"宾利"},{"BrandId":0,"MasterId":12,"Name":"北汽制造"},{"BrandId":0,"MasterId":159,"Name":"北汽威旺"},{"BrandId":0,"MasterId":251,"Name":"比速汽车"},{"BrandId":0,"MasterId":206,"Name":"北汽新能源"},{"BrandId":0,"MasterId":163,"Name":"巴博斯"},{"BrandId":0,"MasterId":127,"Name":"布加迪"},{"BrandId":0,"MasterId":128,"Name":"长安轿车"},{"BrandId":0,"MasterId":150,"Name":"长安商用"},{"BrandId":0,"MasterId":19,"Name":"长城"},{"BrandId":0,"MasterId":123,"Name":"昌河"},{"BrandId":0,"MasterId":219,"Name":"长安跨越"},{"BrandId":0,"MasterId":211,"Name":"成功"},{"BrandId":0,"MasterId":7,"Name":"大众"},{"BrandId":0,"MasterId":109,"Name":"东风风行"},{"BrandId":0,"MasterId":24,"Name":"东南"},{"BrandId":0,"MasterId":133,"Name":"东风风神"},{"BrandId":0,"MasterId":241,"Name":"东风风光"},{"BrandId":0,"MasterId":170,"Name":"DS"},{"BrandId":0,"MasterId":108,"Name":"道奇"},{"BrandId":0,"MasterId":196,"Name":"东风小康"},{"BrandId":0,"MasterId":188,"Name":"东风风度"},{"BrandId":0,"MasterId":223,"Name":"东风・郑州日产"},{"BrandId":0,"MasterId":205,"Name":"东风御风"},{"BrandId":0,"MasterId":6,"Name":"丰田"},{"BrandId":0,"MasterId":15,"Name":"福特"},{"BrandId":0,"MasterId":122,"Name":"福田"},{"BrandId":0,"MasterId":86,"Name":"法拉利"},{"BrandId":0,"MasterId":35,"Name":"菲亚特"},{"BrandId":0,"MasterId":62,"Name":"福迪"},{"BrandId":0,"MasterId":198,"Name":"福汽启腾"},{"BrandId":0,"MasterId":139,"Name":"广汽传祺"},{"BrandId":0,"MasterId":173,"Name":"观致汽车"},{"BrandId":0,"MasterId":104,"Name":"GMC"},{"BrandId":0,"MasterId":58,"Name":"广汽吉奥"},{"BrandId":0,"MasterId":240,"Name":"广汽中兴"},{"BrandId":0,"MasterId":187,"Name":"哈弗"},{"BrandId":0,"MasterId":27,"Name":"海马"},{"BrandId":0,"MasterId":53,"Name":"红旗"},{"BrandId":0,"MasterId":247,"Name":"汉腾"},{"BrandId":0,"MasterId":107,"Name":"华泰"},{"BrandId":0,"MasterId":47,"Name":"黄海"},{"BrandId":0,"MasterId":26,"Name":"哈飞"},{"BrandId":0,"MasterId":214,"Name":"华颂"},{"BrandId":0,"MasterId":141,"Name":"海马商用车"},{"BrandId":0,"MasterId":239,"Name":"华泰新能源"},{"BrandId":0,"MasterId":161,"Name":"海格"},{"BrandId":0,"MasterId":29,"Name":"吉利汽车"},{"BrandId":0,"MasterId":3,"Name":"Jeep"},{"BrandId":0,"MasterId":30,"Name":"江淮"},{"BrandId":0,"MasterId":93,"Name":"捷豹"},{"BrandId":0,"MasterId":34,"Name":"金杯"},{"BrandId":0,"MasterId":32,"Name":"江铃"},{"BrandId":0,"MasterId":52,"Name":"金龙"},{"BrandId":0,"MasterId":33,"Name":"江南"},{"BrandId":0,"MasterId":144,"Name":"九龙"},{"BrandId":0,"MasterId":213,"Name":"江铃集团轻汽"},{"BrandId":0,"MasterId":152,"Name":"金旅客车"},{"BrandId":0,"MasterId":264,"Name":"江铃集团新能源"},{"BrandId":0,"MasterId":102,"Name":"凯迪拉克"},{"BrandId":0,"MasterId":142,"Name":"开瑞"},{"BrandId":0,"MasterId":210,"Name":"凯翼"},{"BrandId":0,"MasterId":46,"Name":"克莱斯勒"},{"BrandId":0,"MasterId":229,"Name":"康迪全球鹰电动汽车"},{"BrandId":0,"MasterId":137,"Name":"科尼赛克"},{"BrandId":0,"MasterId":203,"Name":"卡威"},{"BrandId":0,"MasterId":91,"Name":"路虎"},{"BrandId":0,"MasterId":89,"Name":"雷克萨斯"},{"BrandId":0,"MasterId":14,"Name":"铃木"},{"BrandId":0,"MasterId":31,"Name":"陆风"},{"BrandId":0,"MasterId":145,"Name":"猎豹汽车"},{"BrandId":0,"MasterId":90,"Name":"林肯"},{"BrandId":0,"MasterId":94,"Name":"雷诺"},{"BrandId":0,"MasterId":71,"Name":"力帆"},{"BrandId":0,"MasterId":81,"Name":"兰博基尼"},{"BrandId":0,"MasterId":75,"Name":"劳斯莱斯"},{"BrandId":0,"MasterId":218,"Name":"雷丁电动"},{"BrandId":0,"MasterId":157,"Name":"理念"},{"BrandId":0,"MasterId":237,"Name":"陆地方舟"},{"BrandId":0,"MasterId":255,"Name":"LYNK＆CO"},{"BrandId":0,"MasterId":16,"Name":"马自达"},{"BrandId":0,"MasterId":74,"Name":"名爵"},{"BrandId":0,"MasterId":88,"Name":"玛莎拉蒂"},{"BrandId":0,"MasterId":76,"Name":"MINI"},{"BrandId":0,"MasterId":174,"Name":"迈凯伦"},{"BrandId":0,"MasterId":147,"Name":"纳智捷"},{"BrandId":0,"MasterId":79,"Name":"讴歌"},{"BrandId":0,"MasterId":23,"Name":"起亚"},{"BrandId":0,"MasterId":37,"Name":"奇瑞"},{"BrandId":0,"MasterId":148,"Name":"启辰"},{"BrandId":0,"MasterId":38,"Name":"庆铃"},{"BrandId":0,"MasterId":263,"Name":"奇点汽车"},{"BrandId":0,"MasterId":25,"Name":"日产"},{"BrandId":0,"MasterId":73,"Name":"荣威"},{"BrandId":0,"MasterId":9,"Name":"斯柯达"},{"BrandId":0,"MasterId":20,"Name":"三菱"},{"BrandId":0,"MasterId":106,"Name":"斯巴鲁"},{"BrandId":0,"MasterId":156,"Name":"上汽大通MAXUS"},{"BrandId":0,"MasterId":97,"Name":"双龙"},{"BrandId":0,"MasterId":84,"Name":"smart"},{"BrandId":0,"MasterId":248,"Name":"SWM斯威汽车"},{"BrandId":0,"MasterId":160,"Name":"陕汽通家"},{"BrandId":0,"MasterId":180,"Name":"特斯拉"},{"BrandId":0,"MasterId":166,"Name":"腾势"},{"BrandId":0,"MasterId":43,"Name":"五菱"},{"BrandId":0,"MasterId":17,"Name":"沃尔沃"},{"BrandId":0,"MasterId":125,"Name":"五十铃"},{"BrandId":0,"MasterId":197,"Name":"潍柴英致"},{"BrandId":0,"MasterId":258,"Name":"WEY"},{"BrandId":0,"MasterId":254,"Name":"蔚来汽车"},{"BrandId":0,"MasterId":132,"Name":"威麟"},{"BrandId":0,"MasterId":11,"Name":"现代"},{"BrandId":0,"MasterId":44,"Name":"雪佛兰"},{"BrandId":0,"MasterId":5,"Name":"雪铁龙"},{"BrandId":0,"MasterId":82,"Name":"西雅特"},{"BrandId":0,"MasterId":95,"Name":"英菲尼迪"},{"BrandId":0,"MasterId":48,"Name":"一汽"},{"BrandId":0,"MasterId":246,"Name":"驭胜"},{"BrandId":0,"MasterId":36,"Name":"依维柯"},{"BrandId":0,"MasterId":130,"Name":"野马汽车"},{"BrandId":0,"MasterId":70,"Name":"永源"},{"BrandId":0,"MasterId":226,"Name":"御捷"},{"BrandId":0,"MasterId":256,"Name":"雅宾纳"},{"BrandId":0,"MasterId":262,"Name":"云度新能源"},{"BrandId":0,"MasterId":72,"Name":"众泰"},{"BrandId":0,"MasterId":55,"Name":"中华"},{"BrandId":0,"MasterId":221,"Name":"知豆"},{"BrandId":0,"MasterId":28,"Name":"中兴"},{"BrandId":0,"MasterId":158,"Name":"中欧奔驰房车"},{"BrandId":0,"MasterId":194,"Name":"之诺"}],"IsOverdue":null}

2017-10-27 12:11:22,210 [44] INFO  RollingFileAppender [(null)] - [IsAuthorized]IsCheckIP=False,IsCheckLogin=False,CheckModuleRight=,用户请求的地址=http://ip1.chitunion.com/api/CarSerial/QueryBrand?MasterBrandId=8,UrlRefer=http://ip1.chitunion.com/TagManager/LabelAuditList.html
2017-10-27 12:11:22,211 [44] INFO  RollingFileAppender [(null)] - [IsAuthorized]IsCheckIP=False,IsCheckLogin=True,CheckModuleRight=,用户请求的地址=http://ip1.chitunion.com/api/CarSerial/QueryBrand?MasterBrandId=8,UrlRefer=http://ip1.chitunion.com/TagManager/LabelAuditList.html
2017-10-27 12:11:22,216 [24] INFO  RollingFileAppender [(null)] - 
请求的url地址：http://ip1.chitunion.com/api/CarSerial/QueryBrand?MasterBrandId=8
执行的时间:2.0049ms
请求的参数:{"CheckLogin":true,"request":{"MasterBrandId":8,"BrandId":0}}
返回的结果:{"Status":0,"Message":null,"Result":[{"BrandId":81,"MasterId":8,"Name":"奥迪(一汽奥迪)"},{"BrandId":192,"MasterId":8,"Name":"奥迪(进口)"},{"BrandId":193,"MasterId":8,"Name":"奥迪(奥迪RS)"}],"IsOverdue":null}

2017-10-27 12:11:22,463 [35] INFO  RollingFileAppender [(null)] - [IsAuthorized]IsCheckIP=False,IsCheckLogin=False,CheckModuleRight=,用户请求的地址=http://ip1.chitunion.com/api/ExamineLabel/QueryPendingAuditMediaList?MediaType=14001&DictId=-2&Name=&SelfDoBusiness=-2&StartDate=&EndDate=&BrandType=2&MasterId=8&BrandID=-2&BrandId=-2&PageIndex=1&PageSize=20&r=0.46393423576837756,UrlRefer=http://ip1.chitunion.com/TagManager/LabelAuditList.html
2017-10-27 12:11:22,466 [35] INFO  RollingFileAppender [(null)] - [ExamineLabelController]*****QueryPendingAuditMediaList ->查询待审核媒体列表:指定的转换无效。
2017-10-27 12:11:22,466 [36] INFO  RollingFileAppender [(null)] - 
请求的url地址：http://ip1.chitunion.com/api/ExamineLabel/QueryPendingAuditMediaList?MediaType=14001&DictId=-2&Name=&SelfDoBusiness=-2&StartDate=&EndDate=&BrandType=2&MasterId=8&BrandID=-2&BrandId=-2&PageIndex=1&PageSize=20&r=0.46393423576837756
执行的时间:2.0035ms
请求的参数:{"ReqDto":{"MediaType":14001,"DictId":-2,"StartDate":null,"EndDate":null,"Name":null,"SelfDoBusiness":-2,"PageSize":20,"PageIndex":1}}
返回的结果:

2017-10-27 12:11:22,467 [35] ERROR RollingFileAppender [(null)] - Chitunion_IP2017标签管理系统api――异常
System.InvalidCastException: 指定的转换无效。
   在 XYAuto.BUOC.IP2017.WebAPI.Controllers.ExamineLabelController.QueryPendingAuditMediaList(ReqsAuditMediaDto ReqDto) 位置 D:\GitRoot（C）\A5信息系统研发\销售业务管理平台\赤兔-标签管理系统\XYAuto.BUOC.IP2017.WebAPI\Controllers\ExamineLabelController.cs:行号 38
   在 lambda_method(Closure , Object , Object[] )
   在 System.Web.Http.Controllers.ReflectedHttpActionDescriptor.ActionExecutor.<>c__DisplayClass10.<GetExecutor>b__9(Object instance, Object[] methodParameters)
   在 System.Web.Http.Controllers.ReflectedHttpActionDescriptor.ActionExecutor.Execute(Object instance, Object[] arguments)
   在 System.Web.Http.Controllers.ReflectedHttpActionDescriptor.ExecuteAsync(HttpControllerContext controllerContext, IDictionary`2 arguments, CancellationToken cancellationToken)
--- 引发异常的上一位置中堆栈跟踪的末尾 ---
   在 System.Runtime.CompilerServices.TaskAwaiter.ThrowForNonSuccess(Task task)
   在 System.Runtime.CompilerServices.TaskAwaiter.HandleNonSuccessAndDebuggerNotification(Task task)
   在 System.Web.Http.Controllers.ApiControllerActionInvoker.<InvokeActionAsyncCore>d__0.MoveNext()
--- 引发异常的上一位置中堆栈跟踪的末尾 ---
   在 System.Runtime.CompilerServices.TaskAwaiter.ThrowForNonSuccess(Task task)
   在 System.Runtime.CompilerServices.TaskAwaiter.HandleNonSuccessAndDebuggerNotification(Task task)
   在 System.Web.Http.Filters.ActionFilterAttribute.<CallOnActionExecutedAsync>d__5.MoveNext()
--- 引发异常的上一位置中堆栈跟踪的末尾 ---
   在 System.Web.Http.Filters.ActionFilterAttribute.<CallOnActionExecutedAsync>d__5.MoveNext()
--- 引发异常的上一位置中堆栈跟踪的末尾 ---
   在 System.Runtime.CompilerServices.TaskAwaiter.ThrowForNonSuccess(Task task)
   在 System.Runtime.CompilerServices.TaskAwaiter.HandleNonSuccessAndDebuggerNotification(Task task)
   在 System.Web.Http.Filters.ActionFilterAttribute.<ExecuteActionFilterAsyncCore>d__0.MoveNext()
--- 引发异常的上一位置中堆栈跟踪的末尾 ---
   在 System.Runtime.CompilerServices.TaskAwaiter.ThrowForNonSuccess(Task task)
   在 System.Runtime.CompilerServices.TaskAwaiter.HandleNonSuccessAndDebuggerNotification(Task task)
   在 System.Web.Http.Filters.ActionFilterAttribute.<CallOnActionExecutedAsync>d__5.MoveNext()
--- 引发异常的上一位置中堆栈跟踪的末尾 ---
   在 System.Web.Http.Filters.ActionFilterAttribute.<CallOnActionExecutedAsync>d__5.MoveNext()
--- 引发异常的上一位置中堆栈跟踪的末尾 ---
   在 System.Runtime.CompilerServices.TaskAwaiter.ThrowForNonSuccess(Task task)
   在 System.Runtime.CompilerServices.TaskAwaiter.HandleNonSuccessAndDebuggerNotification(Task task)
   在 System.Web.Http.Filters.ActionFilterAttribute.<ExecuteActionFilterAsyncCore>d__0.MoveNext()
--- 引发异常的上一位置中堆栈跟踪的末尾 ---
   在 System.Runtime.CompilerServices.TaskAwaiter.ThrowForNonSuccess(Task task)
   在 System.Runtime.CompilerServices.TaskAwaiter.HandleNonSuccessAndDebuggerNotification(Task task)
   在 System.Web.Http.Filters.ActionFilterAttribute.<CallOnActionExecutedAsync>d__5.MoveNext()
--- 引发异常的上一位置中堆栈跟踪的末尾 ---
   在 System.Web.Http.Filters.ActionFilterAttribute.<CallOnActionExecutedAsync>d__5.MoveNext()
--- 引发异常的上一位置中堆栈跟踪的末尾 ---
   在 System.Runtime.CompilerServices.TaskAwaiter.ThrowForNonSuccess(Task task)
   在 System.Runtime.CompilerServices.TaskAwaiter.HandleNonSuccessAndDebuggerNotification(Task task)
   在 System.Web.Http.Filters.ActionFilterAttribute.<ExecuteActionFilterAsyncCore>d__0.MoveNext()
--- 引发异常的上一位置中堆栈跟踪的末尾 ---
   在 System.Runtime.CompilerServices.TaskAwaiter.ThrowForNonSuccess(Task task)
   在 System.Runtime.CompilerServices.TaskAwaiter.HandleNonSuccessAndDebuggerNotification(Task task)
   在 System.Web.Http.Controllers.ActionFilterResult.<ExecuteAsync>d__2.MoveNext()
--- 引发异常的上一位置中堆栈跟踪的末尾 ---
   在 System.Runtime.CompilerServices.TaskAwaiter.ThrowForNonSuccess(Task task)
   在 System.Runtime.CompilerServices.TaskAwaiter.HandleNonSuccessAndDebuggerNotification(Task task)
   在 System.Web.Http.Filters.AuthorizationFilterAttribute.<ExecuteAuthorizationFilterAsyncCore>d__2.MoveNext()
--- 引发异常的上一位置中堆栈跟踪的末尾 ---
   在 System.Runtime.CompilerServices.TaskAwaiter.ThrowForNonSuccess(Task task)
   在 System.Runtime.CompilerServices.TaskAwaiter.HandleNonSuccessAndDebuggerNotification(Task task)
   在 System.Web.Http.Controllers.ExceptionFilterResult.<ExecuteAsync>d__0.MoveNext()
2017-10-27 12:11:22,468 [35] INFO  RollingFileAppender [(null)] - 发邮件开始：
2017-10-27 12:11:22,468 [35] INFO  RollingFileAppender [(null)] - 发送邮件给谁:masj@xingyuanauto.com
2017-10-27 12:11:22,468 [35] INFO  RollingFileAppender [(null)] - 发送邮件给谁:lix@xingyuanauto.com
2017-10-27 12:11:22,468 [35] INFO  RollingFileAppender [(null)] - 发送邮件给谁:hant@xingyuanauto.com
2017-10-27 12:11:22,468 [35] INFO  RollingFileAppender [(null)] - 发送邮件给谁:lihf@xingyuanauto.com
2017-10-27 12:11:22,468 [35] INFO  RollingFileAppender [(null)] - 发送邮件给谁:zhanglb@xingyuanauto.com
2017-10-27 12:11:22,476 [45] INFO  RollingFileAppender [(null)] - [IsAuthorized]IsCheckIP=False,IsCheckLogin=True,CheckModuleRight=,用户请求的地址=http://ip1.chitunion.com/api/Authorize/GetMenuInfo,UrlRefer=http://ip1.chitunion.com/TagManager/LabelAuditList.html
2017-10-27 12:11:23,849 [35] INFO  RollingFileAppender [(null)] - 发邮件结束！
