2018-02-23 10:36:54	error	   在 System.Number.StringToNumber(String str, NumberStyles options, NumberBuffer& number, NumberFormatInfo info, Boolean parseDecimal)
   在 System.Number.ParseInt32(String s, NumberStyles style, NumberFormatInfo info)
   在 System.Int32.Parse(String s)
   在 XYAuto.ITSC.Chitunion2017.Common.UserInfo.VerifyCookieContent(String cookieContent)输入字符串的格式不正确。
2018-02-23 10:36:55	error	   在 System.Number.StringToNumber(String str, NumberStyles options, NumberBuffer& number, NumberFormatInfo info, Boolean parseDecimal)
   在 System.Number.ParseInt32(String s, NumberStyles style, NumberFormatInfo info)
   在 System.Int32.Parse(String s)
   在 XYAuto.ITSC.Chitunion2017.Common.UserInfo.VerifyCookieContent(String cookieContent)输入字符串的格式不正确。
2018-02-23 10:36:55	error	   在 System.Number.StringToNumber(String str, NumberStyles options, NumberBuffer& number, NumberFormatInfo info, Boolean parseDecimal)
   在 System.Number.ParseInt32(String s, NumberStyles style, NumberFormatInfo info)
   在 System.Int32.Parse(String s)
   在 XYAuto.ITSC.Chitunion2017.Common.UserInfo.VerifyCookieContent(String cookieContent)输入字符串的格式不正确。
2018-02-23 10:36:55	error	   在 System.Number.StringToNumber(String str, NumberStyles options, NumberBuffer& number, NumberFormatInfo info, Boolean parseDecimal)
   在 System.Number.ParseInt32(String s, NumberStyles style, NumberFormatInfo info)
   在 System.Int32.Parse(String s)
   在 XYAuto.ITSC.Chitunion2017.Common.UserInfo.VerifyCookieContent(String cookieContent)输入字符串的格式不正确。
2018-02-23 10:36:55	error	   在 System.Number.StringToNumber(String str, NumberStyles options, NumberBuffer& number, NumberFormatInfo info, Boolean parseDecimal)
   在 System.Number.ParseInt32(String s, NumberStyles style, NumberFormatInfo info)
   在 System.Int32.Parse(String s)
   在 XYAuto.ITSC.Chitunion2017.Common.UserInfo.VerifyCookieContent(String cookieContent)输入字符串的格式不正确。
2018-02-23 10:36:55	error	   在 System.Number.StringToNumber(String str, NumberStyles options, NumberBuffer& number, NumberFormatInfo info, Boolean parseDecimal)
   在 System.Number.ParseInt32(String s, NumberStyles style, NumberFormatInfo info)
   在 System.Int32.Parse(String s)
   在 XYAuto.ITSC.Chitunion2017.Common.UserInfo.VerifyCookieContent(String cookieContent)输入字符串的格式不正确。
2018-02-23 10:36:55	error	   在 System.Number.StringToNumber(String str, NumberStyles options, NumberBuffer& number, NumberFormatInfo info, Boolean parseDecimal)
   在 System.Number.ParseInt32(String s, NumberStyles style, NumberFormatInfo info)
   在 System.Int32.Parse(String s)
   在 XYAuto.ITSC.Chitunion2017.Common.UserInfo.VerifyCookieContent(String cookieContent)输入字符串的格式不正确。
2018-02-23 10:36:55	error	   在 System.Number.StringToNumber(String str, NumberStyles options, NumberBuffer& number, NumberFormatInfo info, Boolean parseDecimal)
   在 System.Number.ParseInt32(String s, NumberStyles style, NumberFormatInfo info)
   在 System.Int32.Parse(String s)
   在 XYAuto.ITSC.Chitunion2017.Common.UserInfo.VerifyCookieContent(String cookieContent)输入字符串的格式不正确。
2018-02-23 10:36:55	error	   在 System.Number.StringToNumber(String str, NumberStyles options, NumberBuffer& number, NumberFormatInfo info, Boolean parseDecimal)
   在 System.Number.ParseInt32(String s, NumberStyles style, NumberFormatInfo info)
   在 System.Int32.Parse(String s)
   在 XYAuto.ITSC.Chitunion2017.Common.UserInfo.VerifyCookieContent(String cookieContent)输入字符串的格式不正确。
2018-02-23 10:36:55	error	   在 System.Number.StringToNumber(String str, NumberStyles options, NumberBuffer& number, NumberFormatInfo info, Boolean parseDecimal)
   在 System.Number.ParseInt32(String s, NumberStyles style, NumberFormatInfo info)
   在 System.Int32.Parse(String s)
   在 XYAuto.ITSC.Chitunion2017.Common.UserInfo.VerifyCookieContent(String cookieContent)输入字符串的格式不正确。
2018-02-23 10:36:55	error	   在 System.Number.StringToNumber(String str, NumberStyles options, NumberBuffer& number, NumberFormatInfo info, Boolean parseDecimal)
   在 System.Number.ParseInt32(String s, NumberStyles style, NumberFormatInfo info)
   在 System.Int32.Parse(String s)
   在 XYAuto.ITSC.Chitunion2017.Common.UserInfo.VerifyCookieContent(String cookieContent)输入字符串的格式不正确。
2018-02-23 10:36:55	error	   在 System.Number.StringToNumber(String str, NumberStyles options, NumberBuffer& number, NumberFormatInfo info, Boolean parseDecimal)
   在 System.Number.ParseInt32(String s, NumberStyles style, NumberFormatInfo info)
   在 System.Int32.Parse(String s)
   在 XYAuto.ITSC.Chitunion2017.Common.UserInfo.VerifyCookieContent(String cookieContent)输入字符串的格式不正确。
2018-02-23 10:36:55	error	   在 System.Number.StringToNumber(String str, NumberStyles options, NumberBuffer& number, NumberFormatInfo info, Boolean parseDecimal)
   在 System.Number.ParseInt32(String s, NumberStyles style, NumberFormatInfo info)
   在 System.Int32.Parse(String s)
   在 XYAuto.ITSC.Chitunion2017.Common.UserInfo.VerifyCookieContent(String cookieContent)输入字符串的格式不正确。
2018-02-23 10:36:55	error	   在 System.Number.StringToNumber(String str, NumberStyles options, NumberBuffer& number, NumberFormatInfo info, Boolean parseDecimal)
   在 System.Number.ParseInt32(String s, NumberStyles style, NumberFormatInfo info)
   在 System.Int32.Parse(String s)
   在 XYAuto.ITSC.Chitunion2017.Common.UserInfo.VerifyCookieContent(String cookieContent)输入字符串的格式不正确。
2018-02-23 10:36:55	error	   在 System.Number.StringToNumber(String str, NumberStyles options, NumberBuffer& number, NumberFormatInfo info, Boolean parseDecimal)
   在 System.Number.ParseInt32(String s, NumberStyles style, NumberFormatInfo info)
   在 System.Int32.Parse(String s)
   在 XYAuto.ITSC.Chitunion2017.Common.UserInfo.VerifyCookieContent(String cookieContent)输入字符串的格式不正确。
2018-02-23 10:36:55	error	   在 System.Number.StringToNumber(String str, NumberStyles options, NumberBuffer& number, NumberFormatInfo info, Boolean parseDecimal)
   在 System.Number.ParseInt32(String s, NumberStyles style, NumberFormatInfo info)
   在 System.Int32.Parse(String s)
   在 XYAuto.ITSC.Chitunion2017.Common.UserInfo.VerifyCookieContent(String cookieContent)输入字符串的格式不正确。
2018-02-23 10:36:55	error	   在 System.Number.StringToNumber(String str, NumberStyles options, NumberBuffer& number, NumberFormatInfo info, Boolean parseDecimal)
   在 System.Number.ParseInt32(String s, NumberStyles style, NumberFormatInfo info)
   在 System.Int32.Parse(String s)
   在 XYAuto.ITSC.Chitunion2017.Common.UserInfo.VerifyCookieContent(String cookieContent)输入字符串的格式不正确。
2018-02-23 10:36:55	error	   在 System.Number.StringToNumber(String str, NumberStyles options, NumberBuffer& number, NumberFormatInfo info, Boolean parseDecimal)
   在 System.Number.ParseInt32(String s, NumberStyles style, NumberFormatInfo info)
   在 System.Int32.Parse(String s)
   在 XYAuto.ITSC.Chitunion2017.Common.UserInfo.VerifyCookieContent(String cookieContent)输入字符串的格式不正确。
2018-02-23 10:36:55	error	   在 System.Number.StringToNumber(String str, NumberStyles options, NumberBuffer& number, NumberFormatInfo info, Boolean parseDecimal)
   在 System.Number.ParseInt32(String s, NumberStyles style, NumberFormatInfo info)
   在 System.Int32.Parse(String s)
   在 XYAuto.ITSC.Chitunion2017.Common.UserInfo.VerifyCookieContent(String cookieContent)输入字符串的格式不正确。
2018-02-23 10:36:55	error	   在 System.Number.StringToNumber(String str, NumberStyles options, NumberBuffer& number, NumberFormatInfo info, Boolean parseDecimal)
   在 System.Number.ParseInt32(String s, NumberStyles style, NumberFormatInfo info)
   在 System.Int32.Parse(String s)
   在 XYAuto.ITSC.Chitunion2017.Common.UserInfo.VerifyCookieContent(String cookieContent)输入字符串的格式不正确。
2018-02-23 10:36:55	error	   在 System.Number.StringToNumber(String str, NumberStyles options, NumberBuffer& number, NumberFormatInfo info, Boolean parseDecimal)
   在 System.Number.ParseInt32(String s, NumberStyles style, NumberFormatInfo info)
   在 System.Int32.Parse(String s)
   在 XYAuto.ITSC.Chitunion2017.Common.UserInfo.VerifyCookieContent(String cookieContent)输入字符串的格式不正确。
2018-02-23 10:36:55	error	   在 System.Number.StringToNumber(String str, NumberStyles options, NumberBuffer& number, NumberFormatInfo info, Boolean parseDecimal)
   在 System.Number.ParseInt32(String s, NumberStyles style, NumberFormatInfo info)
   在 System.Int32.Parse(String s)
   在 XYAuto.ITSC.Chitunion2017.Common.UserInfo.VerifyCookieContent(String cookieContent)输入字符串的格式不正确。
2018-02-23 10:36:55	error	   在 System.Number.StringToNumber(String str, NumberStyles options, NumberBuffer& number, NumberFormatInfo info, Boolean parseDecimal)
   在 System.Number.ParseInt32(String s, NumberStyles style, NumberFormatInfo info)
   在 System.Int32.Parse(String s)
   在 XYAuto.ITSC.Chitunion2017.Common.UserInfo.VerifyCookieContent(String cookieContent)输入字符串的格式不正确。
2018-02-23 10:36:55	error	   在 System.Number.StringToNumber(String str, NumberStyles options, NumberBuffer& number, NumberFormatInfo info, Boolean parseDecimal)
   在 System.Number.ParseInt32(String s, NumberStyles style, NumberFormatInfo info)
   在 System.Int32.Parse(String s)
   在 XYAuto.ITSC.Chitunion2017.Common.UserInfo.VerifyCookieContent(String cookieContent)输入字符串的格式不正确。
2018-02-23 10:36:55	error	   在 System.Number.StringToNumber(String str, NumberStyles options, NumberBuffer& number, NumberFormatInfo info, Boolean parseDecimal)
   在 System.Number.ParseInt32(String s, NumberStyles style, NumberFormatInfo info)
   在 System.Int32.Parse(String s)
   在 XYAuto.ITSC.Chitunion2017.Common.UserInfo.VerifyCookieContent(String cookieContent)输入字符串的格式不正确。
2018-02-23 10:36:55	error	   在 System.Number.StringToNumber(String str, NumberStyles options, NumberBuffer& number, NumberFormatInfo info, Boolean parseDecimal)
   在 System.Number.ParseInt32(String s, NumberStyles style, NumberFormatInfo info)
   在 System.Int32.Parse(String s)
   在 XYAuto.ITSC.Chitunion2017.Common.UserInfo.VerifyCookieContent(String cookieContent)输入字符串的格式不正确。
2018-02-23 10:36:55	error	   在 System.Number.StringToNumber(String str, NumberStyles options, NumberBuffer& number, NumberFormatInfo info, Boolean parseDecimal)
   在 System.Number.ParseInt32(String s, NumberStyles style, NumberFormatInfo info)
   在 System.Int32.Parse(String s)
   在 XYAuto.ITSC.Chitunion2017.Common.UserInfo.VerifyCookieContent(String cookieContent)输入字符串的格式不正确。
2018-02-23 10:36:55	error	   在 System.Number.StringToNumber(String str, NumberStyles options, NumberBuffer& number, NumberFormatInfo info, Boolean parseDecimal)
   在 System.Number.ParseInt32(String s, NumberStyles style, NumberFormatInfo info)
   在 System.Int32.Parse(String s)
   在 XYAuto.ITSC.Chitunion2017.Common.UserInfo.VerifyCookieContent(String cookieContent)输入字符串的格式不正确。
2018-02-23 10:36:56	error	   在 System.Number.StringToNumber(String str, NumberStyles options, NumberBuffer& number, NumberFormatInfo info, Boolean parseDecimal)
   在 System.Number.ParseInt32(String s, NumberStyles style, NumberFormatInfo info)
   在 System.Int32.Parse(String s)
   在 XYAuto.ITSC.Chitunion2017.Common.UserInfo.VerifyCookieContent(String cookieContent)输入字符串的格式不正确。
2018-02-23 10:36:56	error	   在 System.Number.StringToNumber(String str, NumberStyles options, NumberBuffer& number, NumberFormatInfo info, Boolean parseDecimal)
   在 System.Number.ParseInt32(String s, NumberStyles style, NumberFormatInfo info)
   在 System.Int32.Parse(String s)
   在 XYAuto.ITSC.Chitunion2017.Common.UserInfo.VerifyCookieContent(String cookieContent)输入字符串的格式不正确。
2018-02-23 10:37:21	error	   在 System.Number.StringToNumber(String str, NumberStyles options, NumberBuffer& number, NumberFormatInfo info, Boolean parseDecimal)
   在 System.Number.ParseInt32(String s, NumberStyles style, NumberFormatInfo info)
   在 System.Int32.Parse(String s)
   在 XYAuto.ITSC.Chitunion2017.Common.UserInfo.VerifyCookieContent(String cookieContent)输入字符串的格式不正确。
2018-02-23 10:37:21	error	   在 System.Number.StringToNumber(String str, NumberStyles options, NumberBuffer& number, NumberFormatInfo info, Boolean parseDecimal)
   在 System.Number.ParseInt32(String s, NumberStyles style, NumberFormatInfo info)
   在 System.Int32.Parse(String s)
   在 XYAuto.ITSC.Chitunion2017.Common.UserInfo.VerifyCookieContent(String cookieContent)输入字符串的格式不正确。
2018-02-23 10:37:21	error	   在 System.Number.StringToNumber(String str, NumberStyles options, NumberBuffer& number, NumberFormatInfo info, Boolean parseDecimal)
   在 System.Number.ParseInt32(String s, NumberStyles style, NumberFormatInfo info)
   在 System.Int32.Parse(String s)
   在 XYAuto.ITSC.Chitunion2017.Common.UserInfo.VerifyCookieContent(String cookieContent)输入字符串的格式不正确。
2018-02-23 10:37:21	error	   在 System.Number.StringToNumber(String str, NumberStyles options, NumberBuffer& number, NumberFormatInfo info, Boolean parseDecimal)
   在 System.Number.ParseInt32(String s, NumberStyles style, NumberFormatInfo info)
   在 System.Int32.Parse(String s)
   在 XYAuto.ITSC.Chitunion2017.Common.UserInfo.VerifyCookieContent(String cookieContent)输入字符串的格式不正确。
2018-02-23 10:37:21	error	   在 System.Number.StringToNumber(String str, NumberStyles options, NumberBuffer& number, NumberFormatInfo info, Boolean parseDecimal)
   在 System.Number.ParseInt32(String s, NumberStyles style, NumberFormatInfo info)
   在 System.Int32.Parse(String s)
   在 XYAuto.ITSC.Chitunion2017.Common.UserInfo.VerifyCookieContent(String cookieContent)输入字符串的格式不正确。
2018-02-23 10:37:21	error	   在 System.Number.StringToNumber(String str, NumberStyles options, NumberBuffer& number, NumberFormatInfo info, Boolean parseDecimal)
   在 System.Number.ParseInt32(String s, NumberStyles style, NumberFormatInfo info)
   在 System.Int32.Parse(String s)
   在 XYAuto.ITSC.Chitunion2017.Common.UserInfo.VerifyCookieContent(String cookieContent)输入字符串的格式不正确。
2018-02-23 10:37:21	error	   在 System.Number.StringToNumber(String str, NumberStyles options, NumberBuffer& number, NumberFormatInfo info, Boolean parseDecimal)
   在 System.Number.ParseInt32(String s, NumberStyles style, NumberFormatInfo info)
   在 System.Int32.Parse(String s)
   在 XYAuto.ITSC.Chitunion2017.Common.UserInfo.VerifyCookieContent(String cookieContent)输入字符串的格式不正确。
2018-02-23 10:37:21	error	   在 System.Number.StringToNumber(String str, NumberStyles options, NumberBuffer& number, NumberFormatInfo info, Boolean parseDecimal)
   在 System.Number.ParseInt32(String s, NumberStyles style, NumberFormatInfo info)
   在 System.Int32.Parse(String s)
   在 XYAuto.ITSC.Chitunion2017.Common.UserInfo.VerifyCookieContent(String cookieContent)输入字符串的格式不正确。
2018-02-23 10:37:22	error	   在 System.Number.StringToNumber(String str, NumberStyles options, NumberBuffer& number, NumberFormatInfo info, Boolean parseDecimal)
   在 System.Number.ParseInt32(String s, NumberStyles style, NumberFormatInfo info)
   在 System.Int32.Parse(String s)
   在 XYAuto.ITSC.Chitunion2017.Common.UserInfo.VerifyCookieContent(String cookieContent)输入字符串的格式不正确。
2018-02-23 10:37:22	error	   在 System.Number.StringToNumber(String str, NumberStyles options, NumberBuffer& number, NumberFormatInfo info, Boolean parseDecimal)
   在 System.Number.ParseInt32(String s, NumberStyles style, NumberFormatInfo info)
   在 System.Int32.Parse(String s)
   在 XYAuto.ITSC.Chitunion2017.Common.UserInfo.VerifyCookieContent(String cookieContent)输入字符串的格式不正确。
2018-02-23 10:37:22	error	   在 System.Number.StringToNumber(String str, NumberStyles options, NumberBuffer& number, NumberFormatInfo info, Boolean parseDecimal)
   在 System.Number.ParseInt32(String s, NumberStyles style, NumberFormatInfo info)
   在 System.Int32.Parse(String s)
   在 XYAuto.ITSC.Chitunion2017.Common.UserInfo.VerifyCookieContent(String cookieContent)输入字符串的格式不正确。
2018-02-23 10:37:22	error	   在 System.Number.StringToNumber(String str, NumberStyles options, NumberBuffer& number, NumberFormatInfo info, Boolean parseDecimal)
   在 System.Number.ParseInt32(String s, NumberStyles style, NumberFormatInfo info)
   在 System.Int32.Parse(String s)
   在 XYAuto.ITSC.Chitunion2017.Common.UserInfo.VerifyCookieContent(String cookieContent)输入字符串的格式不正确。
2018-02-23 10:37:22	error	   在 System.Number.StringToNumber(String str, NumberStyles options, NumberBuffer& number, NumberFormatInfo info, Boolean parseDecimal)
   在 System.Number.ParseInt32(String s, NumberStyles style, NumberFormatInfo info)
   在 System.Int32.Parse(String s)
   在 XYAuto.ITSC.Chitunion2017.Common.UserInfo.VerifyCookieContent(String cookieContent)输入字符串的格式不正确。
2018-02-23 10:37:22	error	   在 System.Number.StringToNumber(String str, NumberStyles options, NumberBuffer& number, NumberFormatInfo info, Boolean parseDecimal)
   在 System.Number.ParseInt32(String s, NumberStyles style, NumberFormatInfo info)
   在 System.Int32.Parse(String s)
   在 XYAuto.ITSC.Chitunion2017.Common.UserInfo.VerifyCookieContent(String cookieContent)输入字符串的格式不正确。
2018-02-23 10:37:22	error	   在 System.Number.StringToNumber(String str, NumberStyles options, NumberBuffer& number, NumberFormatInfo info, Boolean parseDecimal)
   在 System.Number.ParseInt32(String s, NumberStyles style, NumberFormatInfo info)
   在 System.Int32.Parse(String s)
   在 XYAuto.ITSC.Chitunion2017.Common.UserInfo.VerifyCookieContent(String cookieContent)输入字符串的格式不正确。
2018-02-23 10:37:22	error	   在 System.Number.StringToNumber(String str, NumberStyles options, NumberBuffer& number, NumberFormatInfo info, Boolean parseDecimal)
   在 System.Number.ParseInt32(String s, NumberStyles style, NumberFormatInfo info)
   在 System.Int32.Parse(String s)
   在 XYAuto.ITSC.Chitunion2017.Common.UserInfo.VerifyCookieContent(String cookieContent)输入字符串的格式不正确。
2018-02-23 10:37:22	error	   在 System.Number.StringToNumber(String str, NumberStyles options, NumberBuffer& number, NumberFormatInfo info, Boolean parseDecimal)
   在 System.Number.ParseInt32(String s, NumberStyles style, NumberFormatInfo info)
   在 System.Int32.Parse(String s)
   在 XYAuto.ITSC.Chitunion2017.Common.UserInfo.VerifyCookieContent(String cookieContent)输入字符串的格式不正确。
2018-02-23 10:37:24	error	   在 System.Number.StringToNumber(String str, NumberStyles options, NumberBuffer& number, NumberFormatInfo info, Boolean parseDecimal)
   在 System.Number.ParseInt32(String s, NumberStyles style, NumberFormatInfo info)
   在 System.Int32.Parse(String s)
   在 XYAuto.ITSC.Chitunion2017.Common.UserInfo.VerifyCookieContent(String cookieContent)输入字符串的格式不正确。
2018-02-23 10:37:25	error	   在 System.Number.StringToNumber(String str, NumberStyles options, NumberBuffer& number, NumberFormatInfo info, Boolean parseDecimal)
   在 System.Number.ParseInt32(String s, NumberStyles style, NumberFormatInfo info)
   在 System.Int32.Parse(String s)
   在 XYAuto.ITSC.Chitunion2017.Common.UserInfo.VerifyCookieContent(String cookieContent)输入字符串的格式不正确。
2018-02-23 10:37:25	error	   在 System.Number.StringToNumber(String str, NumberStyles options, NumberBuffer& number, NumberFormatInfo info, Boolean parseDecimal)
   在 System.Number.ParseInt32(String s, NumberStyles style, NumberFormatInfo info)
   在 System.Int32.Parse(String s)
   在 XYAuto.ITSC.Chitunion2017.Common.UserInfo.VerifyCookieContent(String cookieContent)输入字符串的格式不正确。
2018-02-23 10:37:25	error	   在 System.Number.StringToNumber(String str, NumberStyles options, NumberBuffer& number, NumberFormatInfo info, Boolean parseDecimal)
   在 System.Number.ParseInt32(String s, NumberStyles style, NumberFormatInfo info)
   在 System.Int32.Parse(String s)
   在 XYAuto.ITSC.Chitunion2017.Common.UserInfo.VerifyCookieContent(String cookieContent)输入字符串的格式不正确。
2018-02-23 10:37:25	error	   在 System.Number.StringToNumber(String str, NumberStyles options, NumberBuffer& number, NumberFormatInfo info, Boolean parseDecimal)
   在 System.Number.ParseInt32(String s, NumberStyles style, NumberFormatInfo info)
   在 System.Int32.Parse(String s)
   在 XYAuto.ITSC.Chitunion2017.Common.UserInfo.VerifyCookieContent(String cookieContent)输入字符串的格式不正确。
2018-02-23 10:37:25	error	   在 System.Number.StringToNumber(String str, NumberStyles options, NumberBuffer& number, NumberFormatInfo info, Boolean parseDecimal)
   在 System.Number.ParseInt32(String s, NumberStyles style, NumberFormatInfo info)
   在 System.Int32.Parse(String s)
   在 XYAuto.ITSC.Chitunion2017.Common.UserInfo.VerifyCookieContent(String cookieContent)输入字符串的格式不正确。
2018-02-23 10:37:25	error	   在 System.Number.StringToNumber(String str, NumberStyles options, NumberBuffer& number, NumberFormatInfo info, Boolean parseDecimal)
   在 System.Number.ParseInt32(String s, NumberStyles style, NumberFormatInfo info)
   在 System.Int32.Parse(String s)
   在 XYAuto.ITSC.Chitunion2017.Common.UserInfo.VerifyCookieContent(String cookieContent)输入字符串的格式不正确。
2018-02-23 10:37:25	error	   在 System.Number.StringToNumber(String str, NumberStyles options, NumberBuffer& number, NumberFormatInfo info, Boolean parseDecimal)
   在 System.Number.ParseInt32(String s, NumberStyles style, NumberFormatInfo info)
   在 System.Int32.Parse(String s)
   在 XYAuto.ITSC.Chitunion2017.Common.UserInfo.VerifyCookieContent(String cookieContent)输入字符串的格式不正确。
2018-02-23 10:37:25	error	   在 System.Number.StringToNumber(String str, NumberStyles options, NumberBuffer& number, NumberFormatInfo info, Boolean parseDecimal)
   在 System.Number.ParseInt32(String s, NumberStyles style, NumberFormatInfo info)
   在 System.Int32.Parse(String s)
   在 XYAuto.ITSC.Chitunion2017.Common.UserInfo.VerifyCookieContent(String cookieContent)输入字符串的格式不正确。
2018-02-23 10:37:25	error	   在 System.Number.StringToNumber(String str, NumberStyles options, NumberBuffer& number, NumberFormatInfo info, Boolean parseDecimal)
   在 System.Number.ParseInt32(String s, NumberStyles style, NumberFormatInfo info)
   在 System.Int32.Parse(String s)
   在 XYAuto.ITSC.Chitunion2017.Common.UserInfo.VerifyCookieContent(String cookieContent)输入字符串的格式不正确。
2018-02-23 10:37:25	error	   在 System.Number.StringToNumber(String str, NumberStyles options, NumberBuffer& number, NumberFormatInfo info, Boolean parseDecimal)
   在 System.Number.ParseInt32(String s, NumberStyles style, NumberFormatInfo info)
   在 System.Int32.Parse(String s)
   在 XYAuto.ITSC.Chitunion2017.Common.UserInfo.VerifyCookieContent(String cookieContent)输入字符串的格式不正确。
2018-02-23 10:37:25	error	   在 System.Number.StringToNumber(String str, NumberStyles options, NumberBuffer& number, NumberFormatInfo info, Boolean parseDecimal)
   在 System.Number.ParseInt32(String s, NumberStyles style, NumberFormatInfo info)
   在 System.Int32.Parse(String s)
   在 XYAuto.ITSC.Chitunion2017.Common.UserInfo.VerifyCookieContent(String cookieContent)输入字符串的格式不正确。
2018-02-23 10:37:25	error	   在 System.Number.StringToNumber(String str, NumberStyles options, NumberBuffer& number, NumberFormatInfo info, Boolean parseDecimal)
   在 System.Number.ParseInt32(String s, NumberStyles style, NumberFormatInfo info)
   在 System.Int32.Parse(String s)
   在 XYAuto.ITSC.Chitunion2017.Common.UserInfo.VerifyCookieContent(String cookieContent)输入字符串的格式不正确。
2018-02-23 10:37:25	error	   在 System.Number.StringToNumber(String str, NumberStyles options, NumberBuffer& number, NumberFormatInfo info, Boolean parseDecimal)
   在 System.Number.ParseInt32(String s, NumberStyles style, NumberFormatInfo info)
   在 System.Int32.Parse(String s)
   在 XYAuto.ITSC.Chitunion2017.Common.UserInfo.VerifyCookieContent(String cookieContent)输入字符串的格式不正确。
2018-02-23 10:37:25	error	   在 System.Number.StringToNumber(String str, NumberStyles options, NumberBuffer& number, NumberFormatInfo info, Boolean parseDecimal)
   在 System.Number.ParseInt32(String s, NumberStyles style, NumberFormatInfo info)
   在 System.Int32.Parse(String s)
   在 XYAuto.ITSC.Chitunion2017.Common.UserInfo.VerifyCookieContent(String cookieContent)输入字符串的格式不正确。
2018-02-23 10:37:25	error	   在 System.Number.StringToNumber(String str, NumberStyles options, NumberBuffer& number, NumberFormatInfo info, Boolean parseDecimal)
   在 System.Number.ParseInt32(String s, NumberStyles style, NumberFormatInfo info)
   在 System.Int32.Parse(String s)
   在 XYAuto.ITSC.Chitunion2017.Common.UserInfo.VerifyCookieContent(String cookieContent)输入字符串的格式不正确。
2018-02-23 10:37:25	error	   在 System.Number.StringToNumber(String str, NumberStyles options, NumberBuffer& number, NumberFormatInfo info, Boolean parseDecimal)
   在 System.Number.ParseInt32(String s, NumberStyles style, NumberFormatInfo info)
   在 System.Int32.Parse(String s)
   在 XYAuto.ITSC.Chitunion2017.Common.UserInfo.VerifyCookieContent(String cookieContent)输入字符串的格式不正确。
2018-02-23 10:37:27	error	   在 System.Number.StringToNumber(String str, NumberStyles options, NumberBuffer& number, NumberFormatInfo info, Boolean parseDecimal)
   在 System.Number.ParseInt32(String s, NumberStyles style, NumberFormatInfo info)
   在 System.Int32.Parse(String s)
   在 XYAuto.ITSC.Chitunion2017.Common.UserInfo.VerifyCookieContent(String cookieContent)输入字符串的格式不正确。
2018-02-23 10:37:27	error	   在 System.Number.StringToNumber(String str, NumberStyles options, NumberBuffer& number, NumberFormatInfo info, Boolean parseDecimal)
   在 System.Number.ParseInt32(String s, NumberStyles style, NumberFormatInfo info)
   在 System.Int32.Parse(String s)
   在 XYAuto.ITSC.Chitunion2017.Common.UserInfo.VerifyCookieContent(String cookieContent)输入字符串的格式不正确。
2018-02-23 10:37:27	error	   在 System.Number.StringToNumber(String str, NumberStyles options, NumberBuffer& number, NumberFormatInfo info, Boolean parseDecimal)
   在 System.Number.ParseInt32(String s, NumberStyles style, NumberFormatInfo info)
   在 System.Int32.Parse(String s)
   在 XYAuto.ITSC.Chitunion2017.Common.UserInfo.VerifyCookieContent(String cookieContent)输入字符串的格式不正确。
2018-02-23 10:37:27	error	   在 System.Number.StringToNumber(String str, NumberStyles options, NumberBuffer& number, NumberFormatInfo info, Boolean parseDecimal)
   在 System.Number.ParseInt32(String s, NumberStyles style, NumberFormatInfo info)
   在 System.Int32.Parse(String s)
   在 XYAuto.ITSC.Chitunion2017.Common.UserInfo.VerifyCookieContent(String cookieContent)输入字符串的格式不正确。
2018-02-23 10:37:27	error	   在 System.Number.StringToNumber(String str, NumberStyles options, NumberBuffer& number, NumberFormatInfo info, Boolean parseDecimal)
   在 System.Number.ParseInt32(String s, NumberStyles style, NumberFormatInfo info)
   在 System.Int32.Parse(String s)
   在 XYAuto.ITSC.Chitunion2017.Common.UserInfo.VerifyCookieContent(String cookieContent)输入字符串的格式不正确。
2018-02-23 10:37:27	error	   在 System.Number.StringToNumber(String str, NumberStyles options, NumberBuffer& number, NumberFormatInfo info, Boolean parseDecimal)
   在 System.Number.ParseInt32(String s, NumberStyles style, NumberFormatInfo info)
   在 System.Int32.Parse(String s)
   在 XYAuto.ITSC.Chitunion2017.Common.UserInfo.VerifyCookieContent(String cookieContent)输入字符串的格式不正确。
2018-02-23 10:37:27	error	   在 System.Number.StringToNumber(String str, NumberStyles options, NumberBuffer& number, NumberFormatInfo info, Boolean parseDecimal)
   在 System.Number.ParseInt32(String s, NumberStyles style, NumberFormatInfo info)
   在 System.Int32.Parse(String s)
   在 XYAuto.ITSC.Chitunion2017.Common.UserInfo.VerifyCookieContent(String cookieContent)输入字符串的格式不正确。
2018-02-23 10:37:27	error	   在 System.Number.StringToNumber(String str, NumberStyles options, NumberBuffer& number, NumberFormatInfo info, Boolean parseDecimal)
   在 System.Number.ParseInt32(String s, NumberStyles style, NumberFormatInfo info)
   在 System.Int32.Parse(String s)
   在 XYAuto.ITSC.Chitunion2017.Common.UserInfo.VerifyCookieContent(String cookieContent)输入字符串的格式不正确。
2018-02-23 10:37:27	error	   在 System.Number.StringToNumber(String str, NumberStyles options, NumberBuffer& number, NumberFormatInfo info, Boolean parseDecimal)
   在 System.Number.ParseInt32(String s, NumberStyles style, NumberFormatInfo info)
   在 System.Int32.Parse(String s)
   在 XYAuto.ITSC.Chitunion2017.Common.UserInfo.VerifyCookieContent(String cookieContent)输入字符串的格式不正确。
2018-02-23 10:37:27	error	   在 System.Number.StringToNumber(String str, NumberStyles options, NumberBuffer& number, NumberFormatInfo info, Boolean parseDecimal)
   在 System.Number.ParseInt32(String s, NumberStyles style, NumberFormatInfo info)
   在 System.Int32.Parse(String s)
   在 XYAuto.ITSC.Chitunion2017.Common.UserInfo.VerifyCookieContent(String cookieContent)输入字符串的格式不正确。
2018-02-23 10:37:27	error	   在 System.Number.StringToNumber(String str, NumberStyles options, NumberBuffer& number, NumberFormatInfo info, Boolean parseDecimal)
   在 System.Number.ParseInt32(String s, NumberStyles style, NumberFormatInfo info)
   在 System.Int32.Parse(String s)
   在 XYAuto.ITSC.Chitunion2017.Common.UserInfo.VerifyCookieContent(String cookieContent)输入字符串的格式不正确。
2018-02-23 10:37:27	error	   在 System.Number.StringToNumber(String str, NumberStyles options, NumberBuffer& number, NumberFormatInfo info, Boolean parseDecimal)
   在 System.Number.ParseInt32(String s, NumberStyles style, NumberFormatInfo info)
   在 System.Int32.Parse(String s)
   在 XYAuto.ITSC.Chitunion2017.Common.UserInfo.VerifyCookieContent(String cookieContent)输入字符串的格式不正确。
2018-02-23 10:37:27	error	   在 System.Number.StringToNumber(String str, NumberStyles options, NumberBuffer& number, NumberFormatInfo info, Boolean parseDecimal)
   在 System.Number.ParseInt32(String s, NumberStyles style, NumberFormatInfo info)
   在 System.Int32.Parse(String s)
   在 XYAuto.ITSC.Chitunion2017.Common.UserInfo.VerifyCookieContent(String cookieContent)输入字符串的格式不正确。
2018-02-23 10:37:27	error	   在 System.Number.StringToNumber(String str, NumberStyles options, NumberBuffer& number, NumberFormatInfo info, Boolean parseDecimal)
   在 System.Number.ParseInt32(String s, NumberStyles style, NumberFormatInfo info)
   在 System.Int32.Parse(String s)
   在 XYAuto.ITSC.Chitunion2017.Common.UserInfo.VerifyCookieContent(String cookieContent)输入字符串的格式不正确。
2018-02-23 10:37:27	error	   在 System.Number.StringToNumber(String str, NumberStyles options, NumberBuffer& number, NumberFormatInfo info, Boolean parseDecimal)
   在 System.Number.ParseInt32(String s, NumberStyles style, NumberFormatInfo info)
   在 System.Int32.Parse(String s)
   在 XYAuto.ITSC.Chitunion2017.Common.UserInfo.VerifyCookieContent(String cookieContent)输入字符串的格式不正确。
2018-02-23 10:37:27	error	   在 System.Number.StringToNumber(String str, NumberStyles options, NumberBuffer& number, NumberFormatInfo info, Boolean parseDecimal)
   在 System.Number.ParseInt32(String s, NumberStyles style, NumberFormatInfo info)
   在 System.Int32.Parse(String s)
   在 XYAuto.ITSC.Chitunion2017.Common.UserInfo.VerifyCookieContent(String cookieContent)输入字符串的格式不正确。
2018-02-23 10:37:27	error	   在 System.Number.StringToNumber(String str, NumberStyles options, NumberBuffer& number, NumberFormatInfo info, Boolean parseDecimal)
   在 System.Number.ParseInt32(String s, NumberStyles style, NumberFormatInfo info)
   在 System.Int32.Parse(String s)
   在 XYAuto.ITSC.Chitunion2017.Common.UserInfo.VerifyCookieContent(String cookieContent)输入字符串的格式不正确。
2018-02-23 10:37:27	error	   在 System.Number.StringToNumber(String str, NumberStyles options, NumberBuffer& number, NumberFormatInfo info, Boolean parseDecimal)
   在 System.Number.ParseInt32(String s, NumberStyles style, NumberFormatInfo info)
   在 System.Int32.Parse(String s)
   在 XYAuto.ITSC.Chitunion2017.Common.UserInfo.VerifyCookieContent(String cookieContent)输入字符串的格式不正确。
2018-02-23 10:37:27	error	   在 System.Number.StringToNumber(String str, NumberStyles options, NumberBuffer& number, NumberFormatInfo info, Boolean parseDecimal)
   在 System.Number.ParseInt32(String s, NumberStyles style, NumberFormatInfo info)
   在 System.Int32.Parse(String s)
   在 XYAuto.ITSC.Chitunion2017.Common.UserInfo.VerifyCookieContent(String cookieContent)输入字符串的格式不正确。
2018-02-23 10:37:27	error	   在 System.Number.StringToNumber(String str, NumberStyles options, NumberBuffer& number, NumberFormatInfo info, Boolean parseDecimal)
   在 System.Number.ParseInt32(String s, NumberStyles style, NumberFormatInfo info)
   在 System.Int32.Parse(String s)
   在 XYAuto.ITSC.Chitunion2017.Common.UserInfo.VerifyCookieContent(String cookieContent)输入字符串的格式不正确。
2018-02-23 10:37:27	error	   在 System.Number.StringToNumber(String str, NumberStyles options, NumberBuffer& number, NumberFormatInfo info, Boolean parseDecimal)
   在 System.Number.ParseInt32(String s, NumberStyles style, NumberFormatInfo info)
   在 System.Int32.Parse(String s)
   在 XYAuto.ITSC.Chitunion2017.Common.UserInfo.VerifyCookieContent(String cookieContent)输入字符串的格式不正确。
2018-02-23 10:37:27	error	   在 System.Number.StringToNumber(String str, NumberStyles options, NumberBuffer& number, NumberFormatInfo info, Boolean parseDecimal)
   在 System.Number.ParseInt32(String s, NumberStyles style, NumberFormatInfo info)
   在 System.Int32.Parse(String s)
   在 XYAuto.ITSC.Chitunion2017.Common.UserInfo.VerifyCookieContent(String cookieContent)输入字符串的格式不正确。
2018-02-23 10:37:27	error	   在 System.Number.StringToNumber(String str, NumberStyles options, NumberBuffer& number, NumberFormatInfo info, Boolean parseDecimal)
   在 System.Number.ParseInt32(String s, NumberStyles style, NumberFormatInfo info)
   在 System.Int32.Parse(String s)
   在 XYAuto.ITSC.Chitunion2017.Common.UserInfo.VerifyCookieContent(String cookieContent)输入字符串的格式不正确。
2018-02-23 10:37:27	error	   在 System.Number.StringToNumber(String str, NumberStyles options, NumberBuffer& number, NumberFormatInfo info, Boolean parseDecimal)
   在 System.Number.ParseInt32(String s, NumberStyles style, NumberFormatInfo info)
   在 System.Int32.Parse(String s)
   在 XYAuto.ITSC.Chitunion2017.Common.UserInfo.VerifyCookieContent(String cookieContent)输入字符串的格式不正确。
2018-02-23 10:37:27	error	   在 System.Number.StringToNumber(String str, NumberStyles options, NumberBuffer& number, NumberFormatInfo info, Boolean parseDecimal)
   在 System.Number.ParseInt32(String s, NumberStyles style, NumberFormatInfo info)
   在 System.Int32.Parse(String s)
   在 XYAuto.ITSC.Chitunion2017.Common.UserInfo.VerifyCookieContent(String cookieContent)输入字符串的格式不正确。
2018-02-23 10:37:27	error	   在 System.Number.StringToNumber(String str, NumberStyles options, NumberBuffer& number, NumberFormatInfo info, Boolean parseDecimal)
   在 System.Number.ParseInt32(String s, NumberStyles style, NumberFormatInfo info)
   在 System.Int32.Parse(String s)
   在 XYAuto.ITSC.Chitunion2017.Common.UserInfo.VerifyCookieContent(String cookieContent)输入字符串的格式不正确。
2018-02-23 10:37:27	error	   在 System.Number.StringToNumber(String str, NumberStyles options, NumberBuffer& number, NumberFormatInfo info, Boolean parseDecimal)
   在 System.Number.ParseInt32(String s, NumberStyles style, NumberFormatInfo info)
   在 System.Int32.Parse(String s)
   在 XYAuto.ITSC.Chitunion2017.Common.UserInfo.VerifyCookieContent(String cookieContent)输入字符串的格式不正确。
2018-02-23 10:37:27	error	   在 System.Number.StringToNumber(String str, NumberStyles options, NumberBuffer& number, NumberFormatInfo info, Boolean parseDecimal)
   在 System.Number.ParseInt32(String s, NumberStyles style, NumberFormatInfo info)
   在 System.Int32.Parse(String s)
   在 XYAuto.ITSC.Chitunion2017.Common.UserInfo.VerifyCookieContent(String cookieContent)输入字符串的格式不正确。
2018-02-23 10:37:27	error	   在 System.Number.StringToNumber(String str, NumberStyles options, NumberBuffer& number, NumberFormatInfo info, Boolean parseDecimal)
   在 System.Number.ParseInt32(String s, NumberStyles style, NumberFormatInfo info)
   在 System.Int32.Parse(String s)
   在 XYAuto.ITSC.Chitunion2017.Common.UserInfo.VerifyCookieContent(String cookieContent)输入字符串的格式不正确。
2018-02-23 10:37:27	error	   在 System.Number.StringToNumber(String str, NumberStyles options, NumberBuffer& number, NumberFormatInfo info, Boolean parseDecimal)
   在 System.Number.ParseInt32(String s, NumberStyles style, NumberFormatInfo info)
   在 System.Int32.Parse(String s)
   在 XYAuto.ITSC.Chitunion2017.Common.UserInfo.VerifyCookieContent(String cookieContent)输入字符串的格式不正确。
2018-02-23 10:37:30	error	   在 System.Number.StringToNumber(String str, NumberStyles options, NumberBuffer& number, NumberFormatInfo info, Boolean parseDecimal)
   在 System.Number.ParseInt32(String s, NumberStyles style, NumberFormatInfo info)
   在 System.Int32.Parse(String s)
   在 XYAuto.ITSC.Chitunion2017.Common.UserInfo.VerifyCookieContent(String cookieContent)输入字符串的格式不正确。
2018-02-23 10:37:30	error	   在 System.Number.StringToNumber(String str, NumberStyles options, NumberBuffer& number, NumberFormatInfo info, Boolean parseDecimal)
   在 System.Number.ParseInt32(String s, NumberStyles style, NumberFormatInfo info)
   在 System.Int32.Parse(String s)
   在 XYAuto.ITSC.Chitunion2017.Common.UserInfo.VerifyCookieContent(String cookieContent)输入字符串的格式不正确。
2018-02-23 10:37:30	error	   在 System.Number.StringToNumber(String str, NumberStyles options, NumberBuffer& number, NumberFormatInfo info, Boolean parseDecimal)
   在 System.Number.ParseInt32(String s, NumberStyles style, NumberFormatInfo info)
   在 System.Int32.Parse(String s)
   在 XYAuto.ITSC.Chitunion2017.Common.UserInfo.VerifyCookieContent(String cookieContent)输入字符串的格式不正确。
2018-02-23 10:37:30	error	   在 System.Number.StringToNumber(String str, NumberStyles options, NumberBuffer& number, NumberFormatInfo info, Boolean parseDecimal)
   在 System.Number.ParseInt32(String s, NumberStyles style, NumberFormatInfo info)
   在 System.Int32.Parse(String s)
   在 XYAuto.ITSC.Chitunion2017.Common.UserInfo.VerifyCookieContent(String cookieContent)输入字符串的格式不正确。
2018-02-23 10:37:30	error	   在 System.Number.StringToNumber(String str, NumberStyles options, NumberBuffer& number, NumberFormatInfo info, Boolean parseDecimal)
   在 System.Number.ParseInt32(String s, NumberStyles style, NumberFormatInfo info)
   在 System.Int32.Parse(String s)
   在 XYAuto.ITSC.Chitunion2017.Common.UserInfo.VerifyCookieContent(String cookieContent)输入字符串的格式不正确。
2018-02-23 10:37:30	error	   在 System.Number.StringToNumber(String str, NumberStyles options, NumberBuffer& number, NumberFormatInfo info, Boolean parseDecimal)
   在 System.Number.ParseInt32(String s, NumberStyles style, NumberFormatInfo info)
   在 System.Int32.Parse(String s)
   在 XYAuto.ITSC.Chitunion2017.Common.UserInfo.VerifyCookieContent(String cookieContent)输入字符串的格式不正确。
2018-02-23 10:37:30	error	   在 System.Number.StringToNumber(String str, NumberStyles options, NumberBuffer& number, NumberFormatInfo info, Boolean parseDecimal)
   在 System.Number.ParseInt32(String s, NumberStyles style, NumberFormatInfo info)
   在 System.Int32.Parse(String s)
   在 XYAuto.ITSC.Chitunion2017.Common.UserInfo.VerifyCookieContent(String cookieContent)输入字符串的格式不正确。
2018-02-23 10:37:40	error	   在 System.Number.StringToNumber(String str, NumberStyles options, NumberBuffer& number, NumberFormatInfo info, Boolean parseDecimal)
   在 System.Number.ParseInt32(String s, NumberStyles style, NumberFormatInfo info)
   在 System.Int32.Parse(String s)
   在 XYAuto.ITSC.Chitunion2017.Common.UserInfo.VerifyCookieContent(String cookieContent)输入字符串的格式不正确。
2018-02-23 10:37:40	error	   在 System.Number.StringToNumber(String str, NumberStyles options, NumberBuffer& number, NumberFormatInfo info, Boolean parseDecimal)
   在 System.Number.ParseInt32(String s, NumberStyles style, NumberFormatInfo info)
   在 System.Int32.Parse(String s)
   在 XYAuto.ITSC.Chitunion2017.Common.UserInfo.VerifyCookieContent(String cookieContent)输入字符串的格式不正确。
2018-02-23 10:37:40	error	   在 System.Number.StringToNumber(String str, NumberStyles options, NumberBuffer& number, NumberFormatInfo info, Boolean parseDecimal)
   在 System.Number.ParseInt32(String s, NumberStyles style, NumberFormatInfo info)
   在 System.Int32.Parse(String s)
   在 XYAuto.ITSC.Chitunion2017.Common.UserInfo.VerifyCookieContent(String cookieContent)输入字符串的格式不正确。
2018-02-23 10:37:40	error	   在 System.Number.StringToNumber(String str, NumberStyles options, NumberBuffer& number, NumberFormatInfo info, Boolean parseDecimal)
   在 System.Number.ParseInt32(String s, NumberStyles style, NumberFormatInfo info)
   在 System.Int32.Parse(String s)
   在 XYAuto.ITSC.Chitunion2017.Common.UserInfo.VerifyCookieContent(String cookieContent)输入字符串的格式不正确。
2018-02-23 10:37:40	error	   在 System.Number.StringToNumber(String str, NumberStyles options, NumberBuffer& number, NumberFormatInfo info, Boolean parseDecimal)
   在 System.Number.ParseInt32(String s, NumberStyles style, NumberFormatInfo info)
   在 System.Int32.Parse(String s)
   在 XYAuto.ITSC.Chitunion2017.Common.UserInfo.VerifyCookieContent(String cookieContent)输入字符串的格式不正确。
2018-02-23 10:37:40	error	   在 System.Number.StringToNumber(String str, NumberStyles options, NumberBuffer& number, NumberFormatInfo info, Boolean parseDecimal)
   在 System.Number.ParseInt32(String s, NumberStyles style, NumberFormatInfo info)
   在 System.Int32.Parse(String s)
   在 XYAuto.ITSC.Chitunion2017.Common.UserInfo.VerifyCookieContent(String cookieContent)输入字符串的格式不正确。
2018-02-23 10:37:40	error	   在 System.Number.StringToNumber(String str, NumberStyles options, NumberBuffer& number, NumberFormatInfo info, Boolean parseDecimal)
   在 System.Number.ParseInt32(String s, NumberStyles style, NumberFormatInfo info)
   在 System.Int32.Parse(String s)
   在 XYAuto.ITSC.Chitunion2017.Common.UserInfo.VerifyCookieContent(String cookieContent)输入字符串的格式不正确。
2018-02-23 10:37:40	error	   在 System.Number.StringToNumber(String str, NumberStyles options, NumberBuffer& number, NumberFormatInfo info, Boolean parseDecimal)
   在 System.Number.ParseInt32(String s, NumberStyles style, NumberFormatInfo info)
   在 System.Int32.Parse(String s)
   在 XYAuto.ITSC.Chitunion2017.Common.UserInfo.VerifyCookieContent(String cookieContent)输入字符串的格式不正确。
2018-02-23 10:37:40	error	   在 System.Number.StringToNumber(String str, NumberStyles options, NumberBuffer& number, NumberFormatInfo info, Boolean parseDecimal)
   在 System.Number.ParseInt32(String s, NumberStyles style, NumberFormatInfo info)
   在 System.Int32.Parse(String s)
   在 XYAuto.ITSC.Chitunion2017.Common.UserInfo.VerifyCookieContent(String cookieContent)输入字符串的格式不正确。
2018-02-23 10:37:40	error	   在 System.Number.StringToNumber(String str, NumberStyles options, NumberBuffer& number, NumberFormatInfo info, Boolean parseDecimal)
   在 System.Number.ParseInt32(String s, NumberStyles style, NumberFormatInfo info)
   在 System.Int32.Parse(String s)
   在 XYAuto.ITSC.Chitunion2017.Common.UserInfo.VerifyCookieContent(String cookieContent)输入字符串的格式不正确。
2018-02-23 10:37:40	error	   在 System.Number.StringToNumber(String str, NumberStyles options, NumberBuffer& number, NumberFormatInfo info, Boolean parseDecimal)
   在 System.Number.ParseInt32(String s, NumberStyles style, NumberFormatInfo info)
   在 System.Int32.Parse(String s)
   在 XYAuto.ITSC.Chitunion2017.Common.UserInfo.VerifyCookieContent(String cookieContent)输入字符串的格式不正确。
2018-02-23 10:37:40	error	   在 System.Number.StringToNumber(String str, NumberStyles options, NumberBuffer& number, NumberFormatInfo info, Boolean parseDecimal)
   在 System.Number.ParseInt32(String s, NumberStyles style, NumberFormatInfo info)
   在 System.Int32.Parse(String s)
   在 XYAuto.ITSC.Chitunion2017.Common.UserInfo.VerifyCookieContent(String cookieContent)输入字符串的格式不正确。
2018-02-23 10:37:40	error	   在 System.Number.StringToNumber(String str, NumberStyles options, NumberBuffer& number, NumberFormatInfo info, Boolean parseDecimal)
   在 System.Number.ParseInt32(String s, NumberStyles style, NumberFormatInfo info)
   在 System.Int32.Parse(String s)
   在 XYAuto.ITSC.Chitunion2017.Common.UserInfo.VerifyCookieContent(String cookieContent)输入字符串的格式不正确。
2018-02-23 10:37:40	error	   在 System.Number.StringToNumber(String str, NumberStyles options, NumberBuffer& number, NumberFormatInfo info, Boolean parseDecimal)
   在 System.Number.ParseInt32(String s, NumberStyles style, NumberFormatInfo info)
   在 System.Int32.Parse(String s)
   在 XYAuto.ITSC.Chitunion2017.Common.UserInfo.VerifyCookieContent(String cookieContent)输入字符串的格式不正确。
2018-02-23 10:37:40	error	   在 System.Number.StringToNumber(String str, NumberStyles options, NumberBuffer& number, NumberFormatInfo info, Boolean parseDecimal)
   在 System.Number.ParseInt32(String s, NumberStyles style, NumberFormatInfo info)
   在 System.Int32.Parse(String s)
   在 XYAuto.ITSC.Chitunion2017.Common.UserInfo.VerifyCookieContent(String cookieContent)输入字符串的格式不正确。
2018-02-23 10:37:40	error	   在 System.Number.StringToNumber(String str, NumberStyles options, NumberBuffer& number, NumberFormatInfo info, Boolean parseDecimal)
   在 System.Number.ParseInt32(String s, NumberStyles style, NumberFormatInfo info)
   在 System.Int32.Parse(String s)
   在 XYAuto.ITSC.Chitunion2017.Common.UserInfo.VerifyCookieContent(String cookieContent)输入字符串的格式不正确。
2018-02-23 10:37:40	error	   在 System.Number.StringToNumber(String str, NumberStyles options, NumberBuffer& number, NumberFormatInfo info, Boolean parseDecimal)
   在 System.Number.ParseInt32(String s, NumberStyles style, NumberFormatInfo info)
   在 System.Int32.Parse(String s)
   在 XYAuto.ITSC.Chitunion2017.Common.UserInfo.VerifyCookieContent(String cookieContent)输入字符串的格式不正确。
2018-02-23 10:37:40	error	   在 System.Number.StringToNumber(String str, NumberStyles options, NumberBuffer& number, NumberFormatInfo info, Boolean parseDecimal)
   在 System.Number.ParseInt32(String s, NumberStyles style, NumberFormatInfo info)
   在 System.Int32.Parse(String s)
   在 XYAuto.ITSC.Chitunion2017.Common.UserInfo.VerifyCookieContent(String cookieContent)输入字符串的格式不正确。
2018-02-23 10:37:41	error	   在 System.Number.StringToNumber(String str, NumberStyles options, NumberBuffer& number, NumberFormatInfo info, Boolean parseDecimal)
   在 System.Number.ParseInt32(String s, NumberStyles style, NumberFormatInfo info)
   在 System.Int32.Parse(String s)
   在 XYAuto.ITSC.Chitunion2017.Common.UserInfo.VerifyCookieContent(String cookieContent)输入字符串的格式不正确。
2018-02-23 10:37:41	error	   在 System.Number.StringToNumber(String str, NumberStyles options, NumberBuffer& number, NumberFormatInfo info, Boolean parseDecimal)
   在 System.Number.ParseInt32(String s, NumberStyles style, NumberFormatInfo info)
   在 System.Int32.Parse(String s)
   在 XYAuto.ITSC.Chitunion2017.Common.UserInfo.VerifyCookieContent(String cookieContent)输入字符串的格式不正确。
2018-02-23 10:37:41	error	   在 System.Number.StringToNumber(String str, NumberStyles options, NumberBuffer& number, NumberFormatInfo info, Boolean parseDecimal)
   在 System.Number.ParseInt32(String s, NumberStyles style, NumberFormatInfo info)
   在 System.Int32.Parse(String s)
   在 XYAuto.ITSC.Chitunion2017.Common.UserInfo.VerifyCookieContent(String cookieContent)输入字符串的格式不正确。
2018-02-23 10:37:41	error	   在 System.Number.StringToNumber(String str, NumberStyles options, NumberBuffer& number, NumberFormatInfo info, Boolean parseDecimal)
   在 System.Number.ParseInt32(String s, NumberStyles style, NumberFormatInfo info)
   在 System.Int32.Parse(String s)
   在 XYAuto.ITSC.Chitunion2017.Common.UserInfo.VerifyCookieContent(String cookieContent)输入字符串的格式不正确。
2018-02-23 10:37:41	error	   在 System.Number.StringToNumber(String str, NumberStyles options, NumberBuffer& number, NumberFormatInfo info, Boolean parseDecimal)
   在 System.Number.ParseInt32(String s, NumberStyles style, NumberFormatInfo info)
   在 System.Int32.Parse(String s)
   在 XYAuto.ITSC.Chitunion2017.Common.UserInfo.VerifyCookieContent(String cookieContent)输入字符串的格式不正确。
2018-02-23 10:37:41	error	   在 System.Number.StringToNumber(String str, NumberStyles options, NumberBuffer& number, NumberFormatInfo info, Boolean parseDecimal)
   在 System.Number.ParseInt32(String s, NumberStyles style, NumberFormatInfo info)
   在 System.Int32.Parse(String s)
   在 XYAuto.ITSC.Chitunion2017.Common.UserInfo.VerifyCookieContent(String cookieContent)输入字符串的格式不正确。
2018-02-23 10:37:41	error	   在 System.Number.StringToNumber(String str, NumberStyles options, NumberBuffer& number, NumberFormatInfo info, Boolean parseDecimal)
   在 System.Number.ParseInt32(String s, NumberStyles style, NumberFormatInfo info)
   在 System.Int32.Parse(String s)
   在 XYAuto.ITSC.Chitunion2017.Common.UserInfo.VerifyCookieContent(String cookieContent)输入字符串的格式不正确。
2018-02-23 10:37:41	error	   在 System.Number.StringToNumber(String str, NumberStyles options, NumberBuffer& number, NumberFormatInfo info, Boolean parseDecimal)
   在 System.Number.ParseInt32(String s, NumberStyles style, NumberFormatInfo info)
   在 System.Int32.Parse(String s)
   在 XYAuto.ITSC.Chitunion2017.Common.UserInfo.VerifyCookieContent(String cookieContent)输入字符串的格式不正确。
2018-02-23 10:37:41	error	   在 System.Number.StringToNumber(String str, NumberStyles options, NumberBuffer& number, NumberFormatInfo info, Boolean parseDecimal)
   在 System.Number.ParseInt32(String s, NumberStyles style, NumberFormatInfo info)
   在 System.Int32.Parse(String s)
   在 XYAuto.ITSC.Chitunion2017.Common.UserInfo.VerifyCookieContent(String cookieContent)输入字符串的格式不正确。
2018-02-23 10:37:41	error	   在 System.Number.StringToNumber(String str, NumberStyles options, NumberBuffer& number, NumberFormatInfo info, Boolean parseDecimal)
   在 System.Number.ParseInt32(String s, NumberStyles style, NumberFormatInfo info)
   在 System.Int32.Parse(String s)
   在 XYAuto.ITSC.Chitunion2017.Common.UserInfo.VerifyCookieContent(String cookieContent)输入字符串的格式不正确。
2018-02-23 10:37:41	error	   在 System.Number.StringToNumber(String str, NumberStyles options, NumberBuffer& number, NumberFormatInfo info, Boolean parseDecimal)
   在 System.Number.ParseInt32(String s, NumberStyles style, NumberFormatInfo info)
   在 System.Int32.Parse(String s)
   在 XYAuto.ITSC.Chitunion2017.Common.UserInfo.VerifyCookieContent(String cookieContent)输入字符串的格式不正确。
2018-02-23 10:37:41	error	   在 System.Number.StringToNumber(String str, NumberStyles options, NumberBuffer& number, NumberFormatInfo info, Boolean parseDecimal)
   在 System.Number.ParseInt32(String s, NumberStyles style, NumberFormatInfo info)
   在 System.Int32.Parse(String s)
   在 XYAuto.ITSC.Chitunion2017.Common.UserInfo.VerifyCookieContent(String cookieContent)输入字符串的格式不正确。
