2016-06-03 17:04:04,464 [1] INFO  Holly--[5460] [(null)] - [登录窗口]btnLogin_Click Begin...
2016-06-03 17:04:04,625 [1] INFO  Holly--[5460] [(null)] - [HollyContactHelper]ModifySoftphoneINIByDN――根据DN35197,选择的SIPServerIP为：192.168.112.205
2016-06-03 17:04:05,281 [1] INFO  Holly--[5460] [(null)] - [HollyContactHelper]用户操作==装载及初始化->True
2016-06-03 17:04:05,281 [1] INFO  Holly--[5460] [(null)] - [登录窗口]btnLogin_Click： 异步加载，回调事件中继续登录
2016-06-03 17:04:05,281 [1] INFO  Holly--[5460] [(null)] - [登录窗口]btnLogin_Click End
2016-06-03 17:04:05,567 [1] INFO  Holly--[5460] [(null)] - [@@@厂家消息通知@@@]OnMessage ：厂家状态(CurStatus：0；CurStatusName：准备就绪状态；)厂家消息(服务器已上线:UserName=AgentUser,UserGOR=39780353)程序状态(PS01_就绪)
2016-06-03 17:04:05,589 [1] INFO  Holly--[5460] [(null)] - [@@@厂家消息通知@@@]OnMessage ：厂家状态(CurStatus：0；CurStatusName：准备就绪状态；)厂家消息(服务器已上线:UserName=LSUser,UserGOR=65537)程序状态(PS01_就绪)
2016-06-03 17:04:05,645 [1] INFO  Holly--[5460] [(null)] - [@@@厂家消息通知@@@]OnMessage ：厂家状态(CurStatus：0；CurStatusName：准备就绪状态；)厂家消息(服务器已上线:UserName=ASUser,UserGOR=655361)程序状态(PS01_就绪)
2016-06-03 17:04:05,649 [1] INFO  Holly--[5460] [(null)] - [@@@厂家消息通知@@@]OnMessage ：厂家状态(CurStatus：0；CurStatusName：准备就绪状态；)厂家消息(服务器已上线:UserName=EDSUser,UserGOR=983041)程序状态(PS01_就绪)
2016-06-03 17:04:05,651 [1] INFO  Holly--[5460] [(null)] - [@@@厂家消息通知@@@]OnMessage ：厂家状态(CurStatus：0；CurStatusName：准备就绪状态；)厂家消息(服务器已上线:UserName=StatEvent,UserGOR=262145)程序状态(PS01_就绪)
2016-06-03 17:04:05,653 [1] INFO  Holly--[5460] [(null)] - [@@@厂家消息通知@@@]OnMessage ：厂家状态(CurStatus：0；CurStatusName：准备就绪状态；)厂家消息(服务器已上线:UserName=StatUser,UserGOR=262146)程序状态(PS01_就绪)
2016-06-03 17:04:05,653 [1] INFO  Holly--[5460] [(null)] - 当前调用Load函数，返回的服务器信息条数为：6
2016-06-03 17:04:05,718 [1] INFO  Holly--[5460] [(null)] - [登录登出模块] Login ( masj, *** , 35197 ) 
2016-06-03 17:04:05,720 [1] INFO  Holly--[5460] [(null)] - [登录登出模块] DomainAccountLogin(masj, pwd) begin...
2016-06-03 17:04:06,049 [1] INFO  Holly--[5460] [(null)] - [登录登出模块] DomainAccountLogin(masj, pwd) end.return BitAuto.Services.Organization.Remoting.Employee
2016-06-03 17:04:09,254 [1] INFO  Holly--[5460] [(null)] - [登录登出模块] InitLoginUser() Begin...
2016-06-03 17:04:15,980 [1] INFO  Holly--[5460] [(null)] - [登录登出模块] InitLoginUser() 客服登录...AgentID is:10658,AgentNum is:13001,GroupName is:商城运营支持部（IM）,OutNum is:89
2016-06-03 17:04:15,980 [1] INFO  Holly--[5460] [(null)] - [登录登出模块] InitLoginUser() End...
2016-06-03 17:04:16,396 [1] INFO  Holly--[5460] [(null)] - [HollyContactHelper]用户操作==添加技能组->1099 3
2016-06-03 17:04:16,396 [1] INFO  Holly--[5460] [(null)] - [HollyContactHelper]用户操作==添加技能组->1094 3
2016-06-03 17:04:16,396 [1] INFO  Holly--[5460] [(null)] - [HollyContactHelper]用户操作==添加技能组->1096 3
2016-06-03 17:04:16,824 [1] INFO  Holly--[5460] [(null)] - [HollyContactHelper]用户操作==签入->True
2016-06-03 17:04:17,290 [1] INFO  Holly--[5460] [(null)] - [登录登出模块] InsertAgentState()更新退出时间....norecord
2016-06-03 17:04:17,303 [1] INFO  Holly--[5460] [(null)] - [登录登出模块] InsertAgentState()登录状态LoginOnOid....is:14
2016-06-03 17:04:17,303 [1] INFO  Holly--[5460] [(null)] - [登录登出模块] Login(masj, pwd, 35197) End.
2016-06-03 17:04:18,135 [1] INFO  Holly--[5460] [(null)] - [InitMainForm] 开始验证监控权限
2016-06-03 17:04:18,215 [1] INFO  Holly--[5460] [(null)] - [InitMainForm] 有 监控权限
2016-06-03 17:04:02,012 [1] INFO  Holly--[5460] [(null)] - [@@@厂家消息通知@@@]OnMessage ：厂家状态(CurStatus：0；CurStatusName：准备就绪状态；)厂家消息(座席签入成功)程序状态(PS01_就绪)
2016-06-03 17:04:02,356 [1] INFO  Holly--[5460] [(null)] - [事件][OnSignInSuccess] 签入成功事件
2016-06-03 17:04:02,379 [1] INFO  Holly--[5460] [(null)] - [登录登出模块] InsertAgentState()更新退出时间....initmsg
2016-06-03 17:04:02,387 [1] INFO  Holly--[5460] [(null)] - [登录登出模块] InsertAgentState()登录状态LoginOnOid....is:15
2016-06-03 17:04:02,389 [1] INFO  Holly--[5460] [(null)] - [@@@厂家消息通知@@@]OnMessage ：厂家状态(CurStatus：2；CurStatusName：置忙；)厂家消息(状态改变：准备就绪状态-->置忙)程序状态(PS04_置忙)
2016-06-03 17:04:02,391 [1] INFO  Holly--[5460] [(null)] - [>>>厂家状态变化<<<]OnStatusChange ：PS01_就绪(0) -> PS04_置忙(2)
2016-06-03 17:04:02,893 [1] INFO  Holly--[5460] [(null)] - [HollyContactHelper]用户操作==置闲->True
2016-06-03 17:04:03,395 [1] INFO  Holly--[5460] [(null)] - [HollyContactHelper]用户操作==休息(BS0_自动)->True
2016-06-03 17:04:03,396 [1] INFO  Holly--[5460] [(null)] - [事件][AxUniSoftPhone_OnStatusChange] 状态变化事件
2016-06-03 17:04:03,397 [1] INFO  Holly--[5460] [(null)] - [Main][SetMainStatus]设置状态：PS04_置忙(BS0_自动)
2016-06-03 17:04:03,981 [1] INFO  Holly--[5460] [(null)] - [^^^厂家错误通知^^^]OnError ：CTIErrorCode:1342308354   ErrorCode:10  ErrorDesc:_??? (1342308354)
2016-06-03 17:04:03,982 [1] INFO  Holly--[5460] [(null)] - [^^^厂家错误通知^^^]OnError ：CTIErrorCode:1342308354   ErrorCode:10  ErrorDesc:_??? (1342308354)
2016-06-03 17:04:05,237 [1] INFO  Holly--[5460] [(null)] - [Main][UpdatAgentDB] 更新客服状态表AS4_置忙
2016-06-03 17:04:05,578 [1] INFO  Holly--[5460] [(null)] - [Main][UpdatAgentDB] 插入CAgent表
2016-06-03 17:04:05,596 [1] INFO  Holly--[5460] [(null)] - [Main][UpdatAgentDB] 插入新的状态 PreOid....IS:16
2016-06-03 17:04:05,603 [1] INFO  Holly--[5460] [(null)] - [HollyContactHelper] 获取厂家信息 ==落地号码->
2016-06-03 17:04:05,872 [1] INFO  Holly--[5460] [(null)] - [@@@厂家消息通知@@@]OnMessage ：厂家状态(CurStatus：2；CurStatusName：置忙；)厂家消息(签入成功。)程序状态(PS04_置忙)
2016-06-03 17:04:07,352 [1] INFO  Holly--[5460] [(null)] - [@@@厂家消息通知@@@]OnMessage ：厂家状态(CurStatus：1；CurStatusName：空闲；)厂家消息(状态改变：置忙-->空闲)程序状态(PS03_置闲)
2016-06-03 17:04:07,352 [1] INFO  Holly--[5460] [(null)] - [>>>厂家状态变化<<<]OnStatusChange ：PS04_置忙(2) -> PS03_置闲(1)
2016-06-03 17:04:07,352 [1] INFO  Holly--[5460] [(null)] - [事件][AxUniSoftPhone_OnStatusChange] 状态变化事件
2016-06-03 17:04:07,352 [1] INFO  Holly--[5460] [(null)] - [Main][SetMainStatus]设置状态：PS03_置闲
2016-06-03 17:04:07,357 [1] INFO  Holly--[5460] [(null)] - [@@@厂家消息通知@@@]OnMessage ：厂家状态(CurStatus：16；CurStatusName：休息；)厂家消息(状态改变：空闲-->休息)程序状态(PS05_休息)
2016-06-03 17:04:07,357 [1] INFO  Holly--[5460] [(null)] - [>>>厂家状态变化<<<]OnStatusChange ：PS03_置闲(1) -> PS05_休息(16)
2016-06-03 17:04:07,357 [1] INFO  Holly--[5460] [(null)] - [事件][AxUniSoftPhone_OnStatusChange] 状态变化事件
2016-06-03 17:04:07,357 [1] INFO  Holly--[5460] [(null)] - [Main][SetMainStatus]设置状态：PS05_休息
2016-06-03 17:04:07,404 [1] INFO  Holly--[5460] [(null)] - [Main][UpdatAgentDB] 更新客服状态表AS4_置忙
2016-06-03 17:04:07,433 [1] INFO  Holly--[5460] [(null)] - [Main][UpdatAgentDB] 更新上一个状态的结束时间 PreOid....IS:16
2016-06-03 17:04:07,446 [1] INFO  Holly--[5460] [(null)] - [Main][UpdatAgentDB] 插入新的状态 PreOid....IS:17
2016-06-03 17:04:07,447 [1] INFO  Holly--[5460] [(null)] - [HollyContactHelper] 获取厂家信息 ==落地号码->
2016-06-03 17:04:07,447 [1] INFO  Holly--[5460] [(null)] - [@@@厂家消息通知@@@]OnMessage ：厂家状态(CurStatus：16；CurStatusName：休息；)厂家消息(休息开始。)程序状态(PS05_休息)
2016-06-03 17:04:07,461 [1] INFO  Holly--[5460] [(null)] - [Main][UpdatAgentDB] 更新客服状态表AS3_置闲
2016-06-03 17:04:07,463 [1] INFO  Holly--[5460] [(null)] - [Main][UpdatAgentDB] 更新上一个状态的结束时间 PreOid....IS:17
2016-06-03 17:04:07,479 [1] INFO  Holly--[5460] [(null)] - [Main][UpdatAgentDB] 插入新的状态 PreOid....IS:18
2016-06-03 17:04:07,479 [1] INFO  Holly--[5460] [(null)] - [HollyContactHelper] 获取厂家信息 ==落地号码->
2016-06-03 17:04:07,480 [1] INFO  Holly--[5460] [(null)] - [@@@厂家消息通知@@@]OnMessage ：厂家状态(CurStatus：16；CurStatusName：休息；)厂家消息(示闲成功。)程序状态(PS05_休息)
2016-06-03 17:05:01,416 [1] INFO  Holly--[5460] [(null)] - [客户端推送日志信息] 开始
2016-06-03 17:05:02,821 [1] INFO  Holly--[5460] [(null)] - [客户端推送日志信息] 获取到请求数：0
2016-06-03 17:06:02,840 [1] INFO  Holly--[5460] [(null)] - [客户端推送日志信息] 开始
2016-06-03 17:06:02,853 [1] INFO  Holly--[5460] [(null)] - [客户端推送日志信息] 获取到请求数：0
2016-06-03 17:07:01,387 [1] INFO  Holly--[5460] [(null)] - [***MDBFileHelper***][AdditionalRecording] 补录数据
2016-06-03 17:07:02,869 [1] INFO  Holly--[5460] [(null)] - [客户端推送日志信息] 开始
2016-06-03 17:07:02,882 [1] INFO  Holly--[5460] [(null)] - [客户端推送日志信息] 获取到请求数：0
2016-06-03 17:08:02,897 [1] INFO  Holly--[5460] [(null)] - [客户端推送日志信息] 开始
2016-06-03 17:08:02,909 [1] INFO  Holly--[5460] [(null)] - [客户端推送日志信息] 获取到请求数：0
2016-06-03 17:09:01,307 [1] INFO  Holly--[5460] [(null)] - [Main]timer_LoginTime_Tick LoginOnOid=15
2016-06-03 17:09:02,928 [1] INFO  Holly--[5460] [(null)] - [客户端推送日志信息] 开始
2016-06-03 17:09:02,940 [1] INFO  Holly--[5460] [(null)] - [客户端推送日志信息] 获取到请求数：0
2016-06-03 17:10:02,130 [1] INFO  Holly--[5460] [(null)] - [***MDBFileHelper***][AdditionalRecording] 补录数据
2016-06-03 17:10:02,955 [1] INFO  Holly--[5460] [(null)] - [客户端推送日志信息] 开始
2016-06-03 17:10:02,967 [1] INFO  Holly--[5460] [(null)] - [客户端推送日志信息] 获取到请求数：0
2016-06-03 17:11:02,987 [1] INFO  Holly--[5460] [(null)] - [客户端推送日志信息] 开始
2016-06-03 17:11:02,998 [1] INFO  Holly--[5460] [(null)] - [客户端推送日志信息] 获取到请求数：0
2016-06-03 17:12:03,014 [1] INFO  Holly--[5460] [(null)] - [客户端推送日志信息] 开始
2016-06-03 17:12:03,027 [1] INFO  Holly--[5460] [(null)] - [客户端推送日志信息] 获取到请求数：0
2016-06-03 17:13:02,186 [1] INFO  Holly--[5460] [(null)] - [***MDBFileHelper***][AdditionalRecording] 补录数据
2016-06-03 17:13:03,044 [1] INFO  Holly--[5460] [(null)] - [客户端推送日志信息] 开始
2016-06-03 17:13:03,057 [1] INFO  Holly--[5460] [(null)] - [客户端推送日志信息] 获取到请求数：0
2016-06-03 17:14:01,316 [1] INFO  Holly--[5460] [(null)] - [Main]timer_LoginTime_Tick LoginOnOid=15
2016-06-03 17:14:03,073 [1] INFO  Holly--[5460] [(null)] - [客户端推送日志信息] 开始
2016-06-03 17:14:03,086 [1] INFO  Holly--[5460] [(null)] - [客户端推送日志信息] 获取到请求数：0
2016-06-03 17:15:03,102 [1] INFO  Holly--[5460] [(null)] - [客户端推送日志信息] 开始
2016-06-03 17:15:03,118 [1] INFO  Holly--[5460] [(null)] - [客户端推送日志信息] 获取到请求数：0
2016-06-03 17:15:37,098 [1] INFO  Holly--[5460] [(null)] - [@@@MainUI@@@] Application_ThreadException begin...
2016-06-03 17:15:37,099 [1] ERROR Holly--[5460] [(null)] - [Main] CC客户端出错...
System.IO.FileNotFoundException: 未能找到文件“D:\TFS-Root\A5信息系统研发\销售业务管理平台\客户关系管理\BitAuto.DSC.CC2015.ClientApp\CC2015_HollyFormsApp\bin\Debug\AutoUpdate.xml”。
文件名:“D:\TFS-Root\A5信息系统研发\销售业务管理平台\客户关系管理\BitAuto.DSC.CC2015.ClientApp\CC2015_HollyFormsApp\bin\Debug\AutoUpdate.xml”
   在 System.IO.__Error.WinIOError(Int32 errorCode, String maybeFullPath)
   在 System.IO.FileStream.Init(String path, FileMode mode, FileAccess access, Int32 rights, Boolean useRights, FileShare share, Int32 bufferSize, FileOptions options, SECURITY_ATTRIBUTES secAttrs, String msgPath, Boolean bFromProxy)
   在 System.IO.FileStream..ctor(String path, FileMode mode, FileAccess access, FileShare share, Int32 bufferSize)
   在 System.Xml.XmlDownloadManager.GetStream(Uri uri, ICredentials credentials)
   在 System.Xml.XmlUrlResolver.GetEntity(Uri absoluteUri, String role, Type ofObjectToReturn)
   在 System.Xml.XmlTextReaderImpl.OpenUrlDelegate(Object xmlResolver)
   在 System.Threading.CompressedStack.runTryCode(Object userData)
   在 System.Runtime.CompilerServices.RuntimeHelpers.ExecuteCodeWithGuaranteedCleanup(TryCode code, CleanupCode backoutCode, Object userData)
   在 System.Threading.CompressedStack.Run(CompressedStack compressedStack, ContextCallback callback, Object state)
   在 System.Xml.XmlTextReaderImpl.OpenUrl()
   在 System.Xml.XmlTextReaderImpl.Read()
   在 System.Xml.XmlLoader.Load(XmlDocument doc, XmlReader reader, Boolean preserveWhitespace)
   在 System.Xml.XmlDocument.Load(XmlReader reader)
   在 System.Xml.XmlDocument.Load(String filename)
   在 CC2015_HollyFormsApp.Common.SetValByKey(String key, String val, String TypeName) 位置 D:\TFS-Root\A5信息系统研发\销售业务管理平台\客户关系管理\BitAuto.DSC.CC2015.ClientApp\CC2015_HollyFormsApp\Code\Utils\Common.cs:行号 90
   在 CC2015_HollyFormsApp.Main.toolStripButtonRestart_Click(Object sender, EventArgs e) 位置 D:\TFS-Root\A5信息系统研发\销售业务管理平台\客户关系管理\BitAuto.DSC.CC2015.ClientApp\CC2015_HollyFormsApp\Form\Main\Main.cs:行号 495
   在 System.Windows.Forms.ToolStripItem.RaiseEvent(Object key, EventArgs e)
   在 System.Windows.Forms.ToolStripButton.OnClick(EventArgs e)
   在 System.Windows.Forms.ToolStripItem.HandleClick(EventArgs e)
   在 System.Windows.Forms.ToolStripItem.HandleMouseUp(MouseEventArgs e)
   在 System.Windows.Forms.ToolStripItem.FireEventInteractive(EventArgs e, ToolStripItemEventType met)
   在 System.Windows.Forms.ToolStripItem.FireEvent(EventArgs e, ToolStripItemEventType met)
   在 System.Windows.Forms.ToolStrip.OnMouseUp(MouseEventArgs mea)
   在 System.Windows.Forms.Control.WmMouseUp(Message& m, MouseButtons button, Int32 clicks)
   在 System.Windows.Forms.Control.WndProc(Message& m)
   在 System.Windows.Forms.ScrollableControl.WndProc(Message& m)
   在 System.Windows.Forms.ToolStrip.WndProc(Message& m)
   在 System.Windows.Forms.Control.ControlNativeWindow.OnMessage(Message& m)
   在 System.Windows.Forms.Control.ControlNativeWindow.WndProc(Message& m)
   在 System.Windows.Forms.NativeWindow.Callback(IntPtr hWnd, Int32 msg, IntPtr wparam, IntPtr lparam)
2016-06-03 17:15:37,295 [1] INFO  Holly--[5460] [(null)] - [Main] CC客户端出错 LoginOnOid....IS:15
2016-06-03 17:15:39,078 [1] INFO  Holly--[5460] [(null)] - [@@@MainUI@@@] Application_ThreadException end
2016-06-03 17:16:02,245 [1] INFO  Holly--[5460] [(null)] - [***MDBFileHelper***][AdditionalRecording] 补录数据
2016-06-03 17:16:03,296 [1] INFO  Holly--[5460] [(null)] - [客户端推送日志信息] 开始
2016-06-03 17:16:03,316 [1] INFO  Holly--[5460] [(null)] - [客户端推送日志信息] 获取到请求数：0
2016-06-03 17:16:34,909 [1] INFO  Holly--[5460] [(null)] - [@@@MainUI@@@] Application_ThreadException begin...
2016-06-03 17:16:34,909 [1] ERROR Holly--[5460] [(null)] - [Main] CC客户端出错...
System.IO.FileNotFoundException: 未能找到文件“D:\TFS-Root\A5信息系统研发\销售业务管理平台\客户关系管理\BitAuto.DSC.CC2015.ClientApp\CC2015_HollyFormsApp\bin\Debug\AutoUpdate.xml”。
文件名:“D:\TFS-Root\A5信息系统研发\销售业务管理平台\客户关系管理\BitAuto.DSC.CC2015.ClientApp\CC2015_HollyFormsApp\bin\Debug\AutoUpdate.xml”
   在 System.IO.__Error.WinIOError(Int32 errorCode, String maybeFullPath)
   在 System.IO.FileStream.Init(String path, FileMode mode, FileAccess access, Int32 rights, Boolean useRights, FileShare share, Int32 bufferSize, FileOptions options, SECURITY_ATTRIBUTES secAttrs, String msgPath, Boolean bFromProxy)
   在 System.IO.FileStream..ctor(String path, FileMode mode, FileAccess access, FileShare share, Int32 bufferSize)
   在 System.Xml.XmlDownloadManager.GetStream(Uri uri, ICredentials credentials)
   在 System.Xml.XmlUrlResolver.GetEntity(Uri absoluteUri, String role, Type ofObjectToReturn)
   在 System.Xml.XmlTextReaderImpl.OpenUrlDelegate(Object xmlResolver)
   在 System.Threading.CompressedStack.runTryCode(Object userData)
   在 System.Runtime.CompilerServices.RuntimeHelpers.ExecuteCodeWithGuaranteedCleanup(TryCode code, CleanupCode backoutCode, Object userData)
   在 System.Threading.CompressedStack.Run(CompressedStack compressedStack, ContextCallback callback, Object state)
   在 System.Xml.XmlTextReaderImpl.OpenUrl()
   在 System.Xml.XmlTextReaderImpl.Read()
   在 System.Xml.XmlLoader.Load(XmlDocument doc, XmlReader reader, Boolean preserveWhitespace)
   在 System.Xml.XmlDocument.Load(XmlReader reader)
   在 System.Xml.XmlDocument.Load(String filename)
   在 CC2015_HollyFormsApp.Common.SetValByKey(String key, String val, String TypeName) 位置 D:\TFS-Root\A5信息系统研发\销售业务管理平台\客户关系管理\BitAuto.DSC.CC2015.ClientApp\CC2015_HollyFormsApp\Code\Utils\Common.cs:行号 90
   在 CC2015_HollyFormsApp.Main.toolStripButtonRestart_Click(Object sender, EventArgs e) 位置 D:\TFS-Root\A5信息系统研发\销售业务管理平台\客户关系管理\BitAuto.DSC.CC2015.ClientApp\CC2015_HollyFormsApp\Form\Main\Main.cs:行号 495
   在 System.Windows.Forms.ToolStripItem.RaiseEvent(Object key, EventArgs e)
   在 System.Windows.Forms.ToolStripButton.OnClick(EventArgs e)
   在 System.Windows.Forms.ToolStripItem.HandleClick(EventArgs e)
   在 System.Windows.Forms.ToolStripItem.HandleMouseUp(MouseEventArgs e)
   在 System.Windows.Forms.ToolStripItem.FireEventInteractive(EventArgs e, ToolStripItemEventType met)
   在 System.Windows.Forms.ToolStripItem.FireEvent(EventArgs e, ToolStripItemEventType met)
   在 System.Windows.Forms.ToolStrip.OnMouseUp(MouseEventArgs mea)
   在 System.Windows.Forms.Control.WmMouseUp(Message& m, MouseButtons button, Int32 clicks)
   在 System.Windows.Forms.Control.WndProc(Message& m)
   在 System.Windows.Forms.ScrollableControl.WndProc(Message& m)
   在 System.Windows.Forms.ToolStrip.WndProc(Message& m)
   在 System.Windows.Forms.Control.ControlNativeWindow.OnMessage(Message& m)
   在 System.Windows.Forms.Control.ControlNativeWindow.WndProc(Message& m)
   在 System.Windows.Forms.NativeWindow.Callback(IntPtr hWnd, Int32 msg, IntPtr wparam, IntPtr lparam)
2016-06-03 17:16:34,922 [1] INFO  Holly--[5460] [(null)] - [@@@MainUI@@@] Application_ThreadException end
2016-06-03 17:17:03,333 [1] INFO  Holly--[5460] [(null)] - [客户端推送日志信息] 开始
2016-06-03 17:17:03,376 [1] INFO  Holly--[5460] [(null)] - [客户端推送日志信息] 获取到请求数：0
2016-06-03 17:17:25,773 [1] INFO  Holly--[5460] [(null)] - [Main] 点击按钮==外呼
2016-06-03 17:18:03,393 [1] INFO  Holly--[5460] [(null)] - [客户端推送日志信息] 开始
2016-06-03 17:18:03,404 [1] INFO  Holly--[5460] [(null)] - [客户端推送日志信息] 获取到请求数：0
2016-06-03 17:19:02,298 [1] INFO  Holly--[5460] [(null)] - [***MDBFileHelper***][AdditionalRecording] 补录数据
2016-06-03 17:19:03,422 [1] INFO  Holly--[5460] [(null)] - [客户端推送日志信息] 开始
2016-06-03 17:19:09,744 [1] ERROR Holly--[5460] [(null)] - 客户端推送日志信息异常
System.ServiceModel.ProtocolException: 响应消息的内容类型 text/html; charset=utf-8 与绑定(text/xml; charset=utf-8)的内容类型不匹配。如果使用自定义编码器，请确保正确实现 IsContentTypeSupported 方法。响应的前 1024 个字节为:“<html>
    <head>
        <title>运行时错误</title>
        <style>
         body {font-family:"Verdana";font-weight:normal;font-size: .7em;color:black;} 
         p {font-family:"Verdana";font-weight:normal;color:black;margin-top: -5px}
         b {font-family:"Verdana";font-weight:bold;color:black;margin-top: -5px}
         H1 { font-family:"Verdana";font-weight:normal;font-size:18pt;color:red }
         H2 { font-family:"Verdana";font-weight:normal;font-size:14pt;color:maroon }
         pre {font-family:"Lucida Console";font-size: .9em}
         .marker {font-weight: bold; color: black;text-decoration: none;}
         .version {color: gray;}
         .error {margin-bottom: 10px;}
         .expandable { text-decoration:underline; font-weight:bold; color:navy; cursor:hand; }
        </style>
    </head>

    <body bgcolor="white">

            <span><H1>“/”应用程序中的服务器错误。<hr width=100% size=1 color=silver></H1>

            <h2> <i>运行时错误</i> </h2><”。 ---> System.Net.WebException: 远程服务器返回错误: (500) 内部服务器错误。
   在 System.Net.HttpWebRequest.GetResponse()
   在 System.ServiceModel.Channels.HttpChannelFactory.HttpRequestChannel.HttpChannelRequest.WaitForReply(TimeSpan timeout)
   --- 内部异常堆栈跟踪的结尾 ---

Server stack trace: 
   在 System.ServiceModel.Channels.HttpChannelUtilities.ValidateRequestReplyResponse(HttpWebRequest request, HttpWebResponse response, HttpChannelFactory factory, WebException responseException, ChannelBinding channelBinding)
   在 System.ServiceModel.Channels.HttpChannelFactory.HttpRequestChannel.HttpChannelRequest.WaitForReply(TimeSpan timeout)
   在 System.ServiceModel.Channels.RequestChannel.Request(Message message, TimeSpan timeout)
   在 System.ServiceModel.Dispatcher.RequestChannelBinder.Request(Message message, TimeSpan timeout)
   在 System.ServiceModel.Channels.ServiceChannel.Call(String action, Boolean oneway, ProxyOperationRuntime operation, Object[] ins, Object[] outs, TimeSpan timeout)
   在 System.ServiceModel.Channels.ServiceChannel.Call(String action, Boolean oneway, ProxyOperationRuntime operation, Object[] ins, Object[] outs)
   在 System.ServiceModel.Channels.ServiceChannelProxy.InvokeService(IMethodCallMessage methodCall, ProxyOperationRuntime operation)
   在 System.ServiceModel.Channels.ServiceChannelProxy.Invoke(IMessage message)

Exception rethrown at [0]: 
   在 System.Runtime.Remoting.Proxies.RealProxy.HandleReturnMessage(IMessage reqMsg, IMessage retMsg)
   在 System.Runtime.Remoting.Proxies.RealProxy.PrivateInvoke(MessageData& msgData, Int32 type)
   在 CC2015_HollyFormsApp.ClientAssistantService.ClientAssistantServiceSoap.GetClientLogRequireInfo(String key, Int32 userid, Vender vender)
   在 CC2015_HollyFormsApp.ClientAssistantService.ClientAssistantServiceSoapClient.GetClientLogRequireInfo(String key, Int32 userid, Vender vender) 位置 D:\TFS-Root\A5信息系统研发\销售业务管理平台\客户关系管理\BitAuto.DSC.CC2015.ClientApp\CC2015_HollyFormsApp\Service References\ClientAssistantService\Reference.cs:行号 145
   在 CC2015_HollyFormsApp.ClientAssistantHelper.GetClientLogRequireInfo(Int32 userid) 位置 D:\TFS-Root\A5信息系统研发\销售业务管理平台\客户关系管理\BitAuto.DSC.CC2015.ClientApp\CC2015_HollyFormsApp\Code\WebService\ClientAssistantHelper.cs:行号 54
   在 CC2015_HollyFormsApp.Main.UpLoadLog() 位置 D:\TFS-Root\A5信息系统研发\销售业务管理平台\客户关系管理\BitAuto.DSC.CC2015.ClientApp\CC2015_HollyFormsApp\Form\Main\MainTimer.cs:行号 222
2016-06-03 17:19:34,641 [1] INFO  Holly--[5460] [(null)] - [@@@MainUI@@@] Application_ThreadException begin...
2016-06-03 17:19:34,641 [1] ERROR Holly--[5460] [(null)] - [Main] CC客户端出错...
System.IO.FileNotFoundException: 未能找到文件“D:\TFS-Root\A5信息系统研发\销售业务管理平台\客户关系管理\BitAuto.DSC.CC2015.ClientApp\CC2015_HollyFormsApp\bin\Debug\AutoUpdate.xml”。
文件名:“D:\TFS-Root\A5信息系统研发\销售业务管理平台\客户关系管理\BitAuto.DSC.CC2015.ClientApp\CC2015_HollyFormsApp\bin\Debug\AutoUpdate.xml”
   在 System.IO.__Error.WinIOError(Int32 errorCode, String maybeFullPath)
   在 System.IO.FileStream.Init(String path, FileMode mode, FileAccess access, Int32 rights, Boolean useRights, FileShare share, Int32 bufferSize, FileOptions options, SECURITY_ATTRIBUTES secAttrs, String msgPath, Boolean bFromProxy)
   在 System.IO.FileStream..ctor(String path, FileMode mode, FileAccess access, FileShare share, Int32 bufferSize)
   在 System.Xml.XmlDownloadManager.GetStream(Uri uri, ICredentials credentials)
   在 System.Xml.XmlUrlResolver.GetEntity(Uri absoluteUri, String role, Type ofObjectToReturn)
   在 System.Xml.XmlTextReaderImpl.OpenUrlDelegate(Object xmlResolver)
   在 System.Threading.CompressedStack.runTryCode(Object userData)
   在 System.Runtime.CompilerServices.RuntimeHelpers.ExecuteCodeWithGuaranteedCleanup(TryCode code, CleanupCode backoutCode, Object userData)
   在 System.Threading.CompressedStack.Run(CompressedStack compressedStack, ContextCallback callback, Object state)
   在 System.Xml.XmlTextReaderImpl.OpenUrl()
   在 System.Xml.XmlTextReaderImpl.Read()
   在 System.Xml.XmlLoader.Load(XmlDocument doc, XmlReader reader, Boolean preserveWhitespace)
   在 System.Xml.XmlDocument.Load(XmlReader reader)
   在 System.Xml.XmlDocument.Load(String filename)
   在 CC2015_HollyFormsApp.Common.SetValByKey(String key, String val, String TypeName) 位置 D:\TFS-Root\A5信息系统研发\销售业务管理平台\客户关系管理\BitAuto.DSC.CC2015.ClientApp\CC2015_HollyFormsApp\Code\Utils\Common.cs:行号 90
   在 CC2015_HollyFormsApp.Main.toolStripButtonRestart_Click(Object sender, EventArgs e) 位置 D:\TFS-Root\A5信息系统研发\销售业务管理平台\客户关系管理\BitAuto.DSC.CC2015.ClientApp\CC2015_HollyFormsApp\Form\Main\Main.cs:行号 495
   在 System.Windows.Forms.ToolStripItem.RaiseEvent(Object key, EventArgs e)
   在 System.Windows.Forms.ToolStripButton.OnClick(EventArgs e)
   在 System.Windows.Forms.ToolStripItem.HandleClick(EventArgs e)
   在 System.Windows.Forms.ToolStripItem.HandleMouseUp(MouseEventArgs e)
   在 System.Windows.Forms.ToolStripItem.FireEventInteractive(EventArgs e, ToolStripItemEventType met)
   在 System.Windows.Forms.ToolStripItem.FireEvent(EventArgs e, ToolStripItemEventType met)
   在 System.Windows.Forms.ToolStrip.OnMouseUp(MouseEventArgs mea)
   在 System.Windows.Forms.Control.WmMouseUp(Message& m, MouseButtons button, Int32 clicks)
   在 System.Windows.Forms.Control.WndProc(Message& m)
   在 System.Windows.Forms.ScrollableControl.WndProc(Message& m)
   在 System.Windows.Forms.ToolStrip.WndProc(Message& m)
   在 System.Windows.Forms.Control.ControlNativeWindow.OnMessage(Message& m)
   在 System.Windows.Forms.Control.ControlNativeWindow.WndProc(Message& m)
   在 System.Windows.Forms.NativeWindow.Callback(IntPtr hWnd, Int32 msg, IntPtr wparam, IntPtr lparam)
2016-06-03 17:19:37,363 [1] INFO  Holly--[5460] [(null)] - [@@@MainUI@@@] UnhandledExceptionFunction begin...
2016-06-03 17:19:37,363 [1] ERROR Holly--[5460] [(null)] - [Main] CC客户端出错...
System.ServiceModel.ProtocolException: 响应消息的内容类型 text/html; charset=utf-8 与绑定(text/xml; charset=utf-8)的内容类型不匹配。如果使用自定义编码器，请确保正确实现 IsContentTypeSupported 方法。响应的前 1024 个字节为:“<html>
    <head>
        <title>运行时错误</title>
        <style>
         body {font-family:"Verdana";font-weight:normal;font-size: .7em;color:black;} 
         p {font-family:"Verdana";font-weight:normal;color:black;margin-top: -5px}
         b {font-family:"Verdana";font-weight:bold;color:black;margin-top: -5px}
         H1 { font-family:"Verdana";font-weight:normal;font-size:18pt;color:red }
         H2 { font-family:"Verdana";font-weight:normal;font-size:14pt;color:maroon }
         pre {font-family:"Lucida Console";font-size: .9em}
         .marker {font-weight: bold; color: black;text-decoration: none;}
         .version {color: gray;}
         .error {margin-bottom: 10px;}
         .expandable { text-decoration:underline; font-weight:bold; color:navy; cursor:hand; }
        </style>
    </head>

    <body bgcolor="white">

            <span><H1>“/”应用程序中的服务器错误。<hr width=100% size=1 color=silver></H1>

            <h2> <i>运行时错误</i> </h2><”。 ---> System.Net.WebException: 远程服务器返回错误: (500) 内部服务器错误。
   在 System.Net.HttpWebRequest.GetResponse()
   在 System.ServiceModel.Channels.HttpChannelFactory.HttpRequestChannel.HttpChannelRequest.WaitForReply(TimeSpan timeout)
   --- 内部异常堆栈跟踪的结尾 ---

Server stack trace: 
   在 System.ServiceModel.Channels.HttpChannelUtilities.ValidateRequestReplyResponse(HttpWebRequest request, HttpWebResponse response, HttpChannelFactory factory, WebException responseException, ChannelBinding channelBinding)
   在 System.ServiceModel.Channels.HttpChannelFactory.HttpRequestChannel.HttpChannelRequest.WaitForReply(TimeSpan timeout)
   在 System.ServiceModel.Channels.RequestChannel.Request(Message message, TimeSpan timeout)
   在 System.ServiceModel.Dispatcher.RequestChannelBinder.Request(Message message, TimeSpan timeout)
   在 System.ServiceModel.Channels.ServiceChannel.Call(String action, Boolean oneway, ProxyOperationRuntime operation, Object[] ins, Object[] outs, TimeSpan timeout)
   在 System.ServiceModel.Channels.ServiceChannel.Call(String action, Boolean oneway, ProxyOperationRuntime operation, Object[] ins, Object[] outs)
   在 System.ServiceModel.Channels.ServiceChannelProxy.InvokeService(IMethodCallMessage methodCall, ProxyOperationRuntime operation)
   在 System.ServiceModel.Channels.ServiceChannelProxy.Invoke(IMessage message)

Exception rethrown at [0]: 
   在 System.Runtime.Remoting.Proxies.RealProxy.HandleReturnMessage(IMessage reqMsg, IMessage retMsg)
   在 System.Runtime.Remoting.Proxies.RealProxy.PrivateInvoke(MessageData& msgData, Int32 type)
   在 CC2015_HollyFormsApp.CCWebAgentTimeState.AgentTimeStateSoap.DeleteAgentState2DB(String verifyCode, String agentId)
   在 CC2015_HollyFormsApp.CCWebAgentTimeState.AgentTimeStateSoapClient.DeleteAgentState2DB(String verifyCode, String agentId) 位置 D:\TFS-Root\A5信息系统研发\销售业务管理平台\客户关系管理\BitAuto.DSC.CC2015.ClientApp\CC2015_HollyFormsApp\Service References\CCWebAgentTimeState\Reference.cs:行号 1164
   在 CC2015_HollyFormsApp.AgentTimeStateHelper.DeleteAgentStateToDB() 位置 D:\TFS-Root\A5信息系统研发\销售业务管理平台\客户关系管理\BitAuto.DSC.CC2015.ClientApp\CC2015_HollyFormsApp\Code\WebService\AgentTimeStateHelper.cs:行号 183
   在 CC2015_HollyFormsApp.LoginHelper.ExceptionUpdateAgentState(Exception e) 位置 D:\TFS-Root\A5信息系统研发\销售业务管理平台\客户关系管理\BitAuto.DSC.CC2015.ClientApp\CC2015_HollyFormsApp\Code\Logic\LoginHelper.cs:行号 240
   在 CC2015_HollyFormsApp.Main.Application_ThreadException(Object sender, ThreadExceptionEventArgs args) 位置 D:\TFS-Root\A5信息系统研发\销售业务管理平台\客户关系管理\BitAuto.DSC.CC2015.ClientApp\CC2015_HollyFormsApp\Form\Main\MainUI.cs:行号 680
   在 System.Windows.Forms.Application.ThreadContext.OnThreadException(Exception t)
   在 System.Windows.Forms.Control.WndProcException(Exception e)
   在 System.Windows.Forms.Control.ControlNativeWindow.OnThreadException(Exception e)
   在 System.Windows.Forms.NativeWindow.Callback(IntPtr hWnd, Int32 msg, IntPtr wparam, IntPtr lparam)
   在 System.Windows.Forms.UnsafeNativeMethods.DispatchMessageW(MSG& msg)
   在 System.Windows.Forms.Application.ComponentManager.System.Windows.Forms.UnsafeNativeMethods.IMsoComponentManager.FPushMessageLoop(Int32 dwComponentID, Int32 reason, Int32 pvLoopData)
   在 System.Windows.Forms.Application.ThreadContext.RunMessageLoopInner(Int32 reason, ApplicationContext context)
   在 System.Windows.Forms.Application.ThreadContext.RunMessageLoop(Int32 reason, ApplicationContext context)
   在 System.Windows.Forms.Application.Run(Form mainForm)
   在 CC2015_HollyFormsApp.Program.Main() 位置 D:\TFS-Root\A5信息系统研发\销售业务管理平台\客户关系管理\BitAuto.DSC.CC2015.ClientApp\CC2015_HollyFormsApp\Program.cs:行号 26
