2016-08-22 11:05:33,272 [1] INFO  Holly--[19588] [(null)] - [登录窗口]btnLogin_Click Begin...
2016-08-22 11:05:33,393 [1] INFO  Holly--[19588] [(null)] - [HollyContactHelper]ModifySoftphoneINIByDN――根据DN35197,选择的SIPServerIP为：192.168.112.205
2016-08-22 11:05:34,019 [1] INFO  Holly--[19588] [(null)] - [HollyContactHelper]用户操作==装载及初始化->True
2016-08-22 11:05:34,019 [1] INFO  Holly--[19588] [(null)] - [登录窗口]btnLogin_Click： 异步加载，回调事件中继续登录
2016-08-22 11:05:34,019 [1] INFO  Holly--[19588] [(null)] - [登录窗口]btnLogin_Click End
2016-08-22 11:05:34,075 [1] INFO  Holly--[19588] [(null)] - [@@@厂家消息通知@@@]OnMessage ：厂家状态(CurStatus：0；CurStatusName：准备就绪状态；)厂家消息(服务器已上线:UserName=AgentUser,UserGOR=38338561)程序状态(PS01_就绪)
2016-08-22 11:05:34,095 [1] INFO  Holly--[19588] [(null)] - [@@@厂家消息通知@@@]OnMessage ：厂家状态(CurStatus：0；CurStatusName：准备就绪状态；)厂家消息(服务器已上线:UserName=LSUser,UserGOR=65537)程序状态(PS01_就绪)
2016-08-22 11:05:34,144 [1] INFO  Holly--[19588] [(null)] - [@@@厂家消息通知@@@]OnMessage ：厂家状态(CurStatus：0；CurStatusName：准备就绪状态；)厂家消息(服务器已上线:UserName=ASUser,UserGOR=1245185)程序状态(PS01_就绪)
2016-08-22 11:05:34,146 [1] INFO  Holly--[19588] [(null)] - [@@@厂家消息通知@@@]OnMessage ：厂家状态(CurStatus：0；CurStatusName：准备就绪状态；)厂家消息(服务器已上线:UserName=EDSUser,UserGOR=1638401)程序状态(PS01_就绪)
2016-08-22 11:05:34,148 [1] INFO  Holly--[19588] [(null)] - [@@@厂家消息通知@@@]OnMessage ：厂家状态(CurStatus：0；CurStatusName：准备就绪状态；)厂家消息(服务器已上线:UserName=StatEvent,UserGOR=851969)程序状态(PS01_就绪)
2016-08-22 11:05:34,150 [1] INFO  Holly--[19588] [(null)] - [@@@厂家消息通知@@@]OnMessage ：厂家状态(CurStatus：0；CurStatusName：准备就绪状态；)厂家消息(服务器已上线:UserName=StatUser,UserGOR=851970)程序状态(PS01_就绪)
2016-08-22 11:05:34,150 [1] INFO  Holly--[19588] [(null)] - 当前调用Load函数，返回的服务器信息条数为：6
2016-08-22 11:05:34,179 [1] INFO  Holly--[19588] [(null)] - [登录登出模块] Login ( masj, *** , 35197 ) 
2016-08-22 11:05:34,181 [1] INFO  Holly--[19588] [(null)] - [登录登出模块] DomainAccountLogin(masj, pwd) begin...
2016-08-22 11:05:34,244 [1] INFO  Holly--[19588] [(null)] - [登录登出模块] DomainAccountLogin(masj, pwd) end.return BitAuto.Services.Organization.Remoting.Employee
2016-08-22 11:05:34,825 [1] INFO  Holly--[19588] [(null)] - [登录登出模块] InitLoginUser() Begin...
2016-08-22 11:05:40,535 [1] INFO  Holly--[19588] [(null)] - [登录登出模块] InitLoginUser() 客服登录...AgentID is:10658,AgentNum is:13001,GroupName is:惠买车支持部（IM）,OutNum is:97
2016-08-22 11:05:40,536 [1] INFO  Holly--[19588] [(null)] - [登录登出模块] InitLoginUser() End...
2016-08-22 11:05:41,196 [1] INFO  Holly--[19588] [(null)] - [HollyContactHelper]用户操作==添加技能组->1099 3
2016-08-22 11:05:41,196 [1] INFO  Holly--[19588] [(null)] - [HollyContactHelper]用户操作==添加技能组->1094 3
2016-08-22 11:05:41,196 [1] INFO  Holly--[19588] [(null)] - [HollyContactHelper]用户操作==添加技能组->1096 3
2016-08-22 11:05:41,231 [1] INFO  Holly--[19588] [(null)] - [HollyContactHelper]用户操作==签入->True
2016-08-22 11:05:41,280 [1] INFO  Holly--[19588] [(null)] - [======Common======] GetCurrentTime ：获取当前服务器时间：CC系统服务器时间：2016-08-22 11:05:41.257，客户端时间：2016-08-22 11:05:41.279，（生成）计算时间差(毫秒)：-22.0013
2016-08-22 11:05:41,330 [1] INFO  Holly--[19588] [(null)] - [登录登出模块] InsertAgentState()更新退出时间....norecord
2016-08-22 11:05:41,356 [1] INFO  Holly--[19588] [(null)] - [登录登出模块] InsertAgentState()登录状态LoginOnOid....is:23
2016-08-22 11:05:41,356 [1] INFO  Holly--[19588] [(null)] - [登录登出模块] Login(masj, pwd, 35197) End.
2016-08-22 11:05:42,103 [1] INFO  Holly--[19588] [(null)] - [InitMainForm] 开始验证监控权限
2016-08-22 11:05:42,190 [1] INFO  Holly--[19588] [(null)] - [InitMainForm] 有 监控权限
2016-08-22 11:05:37,009 [1] INFO  Holly--[19588] [(null)] - [@@@厂家消息通知@@@]OnMessage ：厂家状态(CurStatus：0；CurStatusName：准备就绪状态；)厂家消息(座席签入成功)程序状态(PS01_就绪)
2016-08-22 11:05:37,077 [1] INFO  Holly--[19588] [(null)] - [事件][OnSignInSuccess] 签入成功事件
2016-08-22 11:05:37,077 [1] INFO  Holly--[19588] [(null)] - [======Common======] GetCurrentTime ：获取当前服务器时间：CC系统服务器时间：2016-08-22 11:05:37.055，客户端时间：2016-08-22 11:05:37.077，（现有）计算时间差(毫秒)：-22.0013
2016-08-22 11:05:37,098 [1] INFO  Holly--[19588] [(null)] - [登录登出模块] InsertAgentState()更新退出时间....initmsg
2016-08-22 11:05:37,106 [1] INFO  Holly--[19588] [(null)] - [登录登出模块] InsertAgentState()登录状态LoginOnOid....is:24
2016-08-22 11:05:37,108 [1] INFO  Holly--[19588] [(null)] - [@@@厂家消息通知@@@]OnMessage ：厂家状态(CurStatus：2；CurStatusName：置忙；)厂家消息(状态改变：准备就绪状态-->置忙)程序状态(PS04_置忙)
2016-08-22 11:05:37,110 [1] INFO  Holly--[19588] [(null)] - [>>>厂家状态变化<<<]OnStatusChange ：PS01_就绪(0) -> PS04_置忙(2)
2016-08-22 11:05:37,140 [1] INFO  Holly--[19588] [(null)] - [HollyContactHelper]用户操作==置闲->True
2016-08-22 11:05:37,393 [1] INFO  Holly--[19588] [(null)] - [HollyContactHelper]用户操作==休息(BS0_自动)->True
2016-08-22 11:05:37,394 [1] INFO  Holly--[19588] [(null)] - [事件][AxUniSoftPhone_OnStatusChange] 状态变化事件
2016-08-22 11:05:37,397 [3] INFO  Holly--[19588] [(null)] - [Main][UpdatAgentDB] 更新客服状态表AS4_置忙
2016-08-22 11:05:37,397 [3] INFO  Holly--[19588] [(null)] - [======Common======] GetCurrentTime ：获取当前服务器时间：CC系统服务器时间：2016-08-22 11:05:37.375，客户端时间：2016-08-22 11:05:37.397，（现有）计算时间差(毫秒)：-22.0013
2016-08-22 11:05:37,398 [1] INFO  Holly--[19588] [(null)] - [Main][SetMainStatus]设置状态：PS04_置忙(BS0_自动)
2016-08-22 11:05:37,462 [3] INFO  Holly--[19588] [(null)] - [Main][UpdatAgentDB] 插入CAgent表
2016-08-22 11:05:37,472 [3] INFO  Holly--[19588] [(null)] - [Main][UpdatAgentDB] 插入新的状态 PreOid....IS:25
2016-08-22 11:05:37,508 [1] INFO  Holly--[19588] [(null)] - [@@@厂家消息通知@@@]OnMessage ：厂家状态(CurStatus：1；CurStatusName：空闲；)厂家消息(状态改变：置忙-->空闲)程序状态(PS03_置闲)
2016-08-22 11:05:37,508 [1] INFO  Holly--[19588] [(null)] - [>>>厂家状态变化<<<]OnStatusChange ：PS04_置忙(2) -> PS03_置闲(1)
2016-08-22 11:05:37,508 [1] INFO  Holly--[19588] [(null)] - [事件][AxUniSoftPhone_OnStatusChange] 状态变化事件
2016-08-22 11:05:37,509 [1] INFO  Holly--[19588] [(null)] - [Main][SetMainStatus]设置状态：PS03_置闲
2016-08-22 11:05:37,509 [3] INFO  Holly--[19588] [(null)] - [Main][UpdatAgentDB] 更新客服状态表AS3_置闲
2016-08-22 11:05:37,509 [3] INFO  Holly--[19588] [(null)] - [======Common======] GetCurrentTime ：获取当前服务器时间：CC系统服务器时间：2016-08-22 11:05:37.487，客户端时间：2016-08-22 11:05:37.509，（现有）计算时间差(毫秒)：-22.0013
2016-08-22 11:05:37,513 [1] INFO  Holly--[19588] [(null)] - [@@@厂家消息通知@@@]OnMessage ：厂家状态(CurStatus：16；CurStatusName：休息；)厂家消息(状态改变：空闲-->休息)程序状态(PS05_休息)
2016-08-22 11:05:37,514 [1] INFO  Holly--[19588] [(null)] - [>>>厂家状态变化<<<]OnStatusChange ：PS03_置闲(1) -> PS05_休息(16)
2016-08-22 11:05:37,514 [1] INFO  Holly--[19588] [(null)] - [事件][AxUniSoftPhone_OnStatusChange] 状态变化事件
2016-08-22 11:05:37,514 [1] INFO  Holly--[19588] [(null)] - [Main][SetMainStatus]设置状态：PS05_休息
2016-08-22 11:05:37,515 [10] INFO  Holly--[19588] [(null)] - [Main][UpdatAgentDB] 更新客服状态表AS4_置忙
2016-08-22 11:05:37,515 [10] INFO  Holly--[19588] [(null)] - [======Common======] GetCurrentTime ：获取当前服务器时间：CC系统服务器时间：2016-08-22 11:05:37.493，客户端时间：2016-08-22 11:05:37.515，（现有）计算时间差(毫秒)：-22.0013
2016-08-22 11:05:37,522 [3] INFO  Holly--[19588] [(null)] - [Main][UpdatAgentDB] 更新上一个状态的结束时间 PreOid....IS:25,结束时间为：2016-8-22 11:05:37
2016-08-22 11:05:37,526 [10] INFO  Holly--[19588] [(null)] - [Main][UpdatAgentDB] 更新上一个状态的结束时间 PreOid....IS:25,结束时间为：2016-8-22 11:05:37
2016-08-22 11:05:37,540 [3] INFO  Holly--[19588] [(null)] - [Main][UpdatAgentDB] 插入新的状态 PreOid....IS:26
2016-08-22 11:05:37,553 [10] INFO  Holly--[19588] [(null)] - [Main][UpdatAgentDB] 插入新的状态 PreOid....IS:27
2016-08-22 11:05:37,641 [1] INFO  Holly--[19588] [(null)] - [HollyContactHelper] 获取厂家信息 ==落地号码->
2016-08-22 11:05:37,644 [1] INFO  Holly--[19588] [(null)] - [@@@厂家消息通知@@@]OnMessage ：厂家状态(CurStatus：16；CurStatusName：休息；)厂家消息(休息开始。)程序状态(PS05_休息)
2016-08-22 11:05:37,650 [1] INFO  Holly--[19588] [(null)] - [HollyContactHelper] 获取厂家信息 ==落地号码->
2016-08-22 11:05:37,650 [1] INFO  Holly--[19588] [(null)] - [@@@厂家消息通知@@@]OnMessage ：厂家状态(CurStatus：16；CurStatusName：休息；)厂家消息(示闲成功。)程序状态(PS05_休息)
2016-08-22 11:05:37,655 [1] INFO  Holly--[19588] [(null)] - [HollyContactHelper] 获取厂家信息 ==落地号码->
2016-08-22 11:05:37,655 [1] INFO  Holly--[19588] [(null)] - [@@@厂家消息通知@@@]OnMessage ：厂家状态(CurStatus：16；CurStatusName：休息；)厂家消息(签入成功。)程序状态(PS05_休息)
2016-08-22 11:05:44,609 [1] INFO  Holly--[19588] [(null)] - [MainJs] [SendToWeb] 发送网页消息：0 次数，指定页面ID：WebPage00001
2016-08-22 11:05:44,612 [1] INFO  Holly--[19588] [(null)] - [MainUI] [SendMesToWeb] 获取到了当前指定webPageID的页面：WebPage00001
2016-08-22 11:05:44,614 [1] INFO  Holly--[19588] [(null)] - [MainJs] [SendMesToWeb] CTIEventMsg msg：UserEvent=Notice&Action=SaveWindowsName&Data=WebPage00001&outBoundType=-2
2016-08-22 11:05:47,120 [1] INFO  Holly--[19588] [(null)] - [MainJs] [SendToWeb] 发送网页消息：0 次数，指定页面ID：WebPage00001
2016-08-22 11:05:47,121 [1] INFO  Holly--[19588] [(null)] - [MainUI] [SendMesToWeb] 获取到了当前指定webPageID的页面：WebPage00001
2016-08-22 11:05:47,121 [1] INFO  Holly--[19588] [(null)] - [MainJs] [SendMesToWeb] CTIEventMsg msg：UserEvent=Notice&Action=SaveWindowsName&Data=WebPage00001&outBoundType=-2
2016-08-22 11:05:48,375 [1] INFO  Holly--[19588] [(null)] - [MainJs] [MethodScript] urlPath /browsercontrol/newpage?url=/WOrderV2/AddWOrderInfo.aspx?CallSource=0&ModuleSource=2&key=5D09E396B787F&r=1228003886
2016-08-22 11:05:48,381 [1] INFO  Holly--[19588] [(null)] - [MainUI] [NewPageForReq] address is:/WOrderV2/AddWOrderInfo.aspx?CallSource=0&ModuleSource=2&key=5D09E396B787F&r=1228003886
2016-08-22 11:05:48,396 [1] INFO  Holly--[19588] [(null)] - [MainUI] [ShowTabPagesLog] 全部页面 工单记录=WebPage00001(); 新增页=WebPage00002(WebPage00001); 
2016-08-22 11:05:48,433 [1] INFO  Holly--[19588] [(null)] - [MainJs] [MethodScript] 命令调用完成，返回结果=ok
2016-08-22 11:05:49,633 [1] INFO  Holly--[19588] [(null)] - [MainJs] [SendToWeb] 发送网页消息：0 次数，指定页面ID：WebPage00002
2016-08-22 11:05:49,633 [1] INFO  Holly--[19588] [(null)] - [MainUI] [SendMesToWeb] 获取到了当前指定webPageID的页面：WebPage00002
2016-08-22 11:05:49,634 [1] INFO  Holly--[19588] [(null)] - [MainJs] [SendMesToWeb] CTIEventMsg msg：UserEvent=Notice&Action=SaveWindowsName&Data=WebPage00002&outBoundType=-2
2016-08-22 11:05:51,946 [1] INFO  Holly--[19588] [(null)] - [MainJs] [SendToWeb] 发送网页消息：0 次数，指定页面ID：WebPage00002
2016-08-22 11:05:51,947 [1] INFO  Holly--[19588] [(null)] - [MainUI] [SendMesToWeb] 获取到了当前指定webPageID的页面：WebPage00002
2016-08-22 11:05:52,065 [1] INFO  Holly--[19588] [(null)] - [MainJs] [SendMesToWeb] CTIEventMsg msg：UserEvent=Notice&Action=SaveWindowsName&Data=WebPage00002&outBoundType=-2
2016-08-22 11:05:57,805 [1] INFO  Holly--[19588] [(null)] - [MainJs] [SendToWeb] 发送网页消息：0 次数，指定页面ID：WebPage00002
2016-08-22 11:05:57,805 [1] INFO  Holly--[19588] [(null)] - [MainUI] [SendMesToWeb] 获取到了当前指定webPageID的页面：WebPage00002
2016-08-22 11:05:57,806 [1] INFO  Holly--[19588] [(null)] - [MainJs] [SendMesToWeb] CTIEventMsg msg：UserEvent=Notice&Action=SaveWindowsName&Data=WebPage00002&outBoundType=-2
2016-08-22 11:05:59,155 [1] INFO  Holly--[19588] [(null)] - [MainJs] [SendToWeb] 发送网页消息：0 次数，指定页面ID：WebPage00002
2016-08-22 11:05:59,155 [1] INFO  Holly--[19588] [(null)] - [MainUI] [SendMesToWeb] 获取到了当前指定webPageID的页面：WebPage00002
2016-08-22 11:05:59,157 [1] INFO  Holly--[19588] [(null)] - [MainJs] [SendMesToWeb] CTIEventMsg msg：UserEvent=Notice&Action=SaveWindowsName&Data=WebPage00002&outBoundType=-2
2016-08-22 11:05:59,799 [1] INFO  Holly--[19588] [(null)] - [MainJs] [SendToWeb] 发送网页消息：0 次数，指定页面ID：WebPage00002
2016-08-22 11:05:59,799 [1] INFO  Holly--[19588] [(null)] - [MainUI] [SendMesToWeb] 获取到了当前指定webPageID的页面：WebPage00002
2016-08-22 11:05:59,800 [1] INFO  Holly--[19588] [(null)] - [MainJs] [SendMesToWeb] CTIEventMsg msg：UserEvent=Notice&Action=SaveWindowsName&Data=WebPage00002&outBoundType=-2
2016-08-22 11:06:00,240 [1] INFO  Holly--[19588] [(null)] - [MainJs] [SendToWeb] 发送网页消息：0 次数，指定页面ID：WebPage00002
2016-08-22 11:06:00,240 [1] INFO  Holly--[19588] [(null)] - [MainUI] [SendMesToWeb] 获取到了当前指定webPageID的页面：WebPage00002
2016-08-22 11:06:00,241 [1] INFO  Holly--[19588] [(null)] - [MainJs] [SendMesToWeb] CTIEventMsg msg：UserEvent=Notice&Action=SaveWindowsName&Data=WebPage00002&outBoundType=-2
2016-08-22 11:06:09,565 [1] INFO  Holly--[19588] [(null)] - [MainJs] [SendToWeb] 发送网页消息：0 次数，指定页面ID：WebPage00002
2016-08-22 11:06:09,565 [1] INFO  Holly--[19588] [(null)] - [MainUI] [SendMesToWeb] 获取到了当前指定webPageID的页面：WebPage00002
2016-08-22 11:06:09,566 [1] INFO  Holly--[19588] [(null)] - [MainJs] [SendMesToWeb] CTIEventMsg msg：UserEvent=Notice&Action=SaveWindowsName&Data=WebPage00002&outBoundType=-2
2016-08-22 11:06:24,550 [1] INFO  Holly--[19588] [(null)] - [MainJs] [SendToWeb] 发送网页消息：0 次数，指定页面ID：WebPage00002
2016-08-22 11:06:24,551 [1] INFO  Holly--[19588] [(null)] - [MainUI] [SendMesToWeb] 获取到了当前指定webPageID的页面：WebPage00002
2016-08-22 11:06:24,553 [1] INFO  Holly--[19588] [(null)] - [MainJs] [SendMesToWeb] CTIEventMsg msg：UserEvent=Notice&Action=SaveWindowsName&Data=WebPage00002&outBoundType=-2
2016-08-22 11:06:36,503 [1] INFO  Holly--[19588] [(null)] - [客户端推送日志信息] 开始
2016-08-22 11:06:45,534 [1] INFO  Holly--[19588] [(null)] - [客户端推送日志信息] 获取到请求数：0
2016-08-22 11:07:02,029 [1] INFO  Holly--[19588] [(null)] - [MainJs] [SendToWeb] 发送网页消息：0 次数，指定页面ID：WebPage00002
2016-08-22 11:07:02,029 [1] INFO  Holly--[19588] [(null)] - [MainUI] [SendMesToWeb] 获取到了当前指定webPageID的页面：WebPage00002
2016-08-22 11:07:02,030 [1] INFO  Holly--[19588] [(null)] - [MainJs] [SendMesToWeb] CTIEventMsg msg：UserEvent=Notice&Action=SaveWindowsName&Data=WebPage00002&outBoundType=-2
2016-08-22 11:07:19,794 [1] INFO  Holly--[19588] [(null)] - [MainJs] [SendToWeb] 发送网页消息：0 次数，指定页面ID：WebPage00002
2016-08-22 11:07:19,794 [1] INFO  Holly--[19588] [(null)] - [MainUI] [SendMesToWeb] 获取到了当前指定webPageID的页面：WebPage00002
2016-08-22 11:07:19,795 [1] INFO  Holly--[19588] [(null)] - [MainJs] [SendMesToWeb] CTIEventMsg msg：UserEvent=Notice&Action=SaveWindowsName&Data=WebPage00002&outBoundType=-2
2016-08-22 11:07:44,592 [1] INFO  Holly--[19588] [(null)] - [MainJs] [MethodScript] urlPath /pagecontrol/sendmsg?content=%E5%AE%A2%E6%88%B7%E5%85%B3%E6%B3%A8%E5%93%81%E7%89%8C%E4%B8%8A%E6%B5%B7%E5%A4%A7%E4%BC%97%20%E6%A1%91%E5%A1%94%E7%BA%B3%E5%BF%97%E4%BF%8A1.8MT%20%E8%88%92%E9%80%82%E5%9E%8B%EF%BC%8C%E8%B4%AD%E8%BD%A6%E5%9F%8E%E5%B8%82%E5%A4%AA%E5%8E%9F%EF%BC%8C%E8%81%94%E7%B3%BB%E4%BA%BAadsfasdaf%EF%BC%8C%E8%81%94%E7%B3%BB%E7%94%B5%E8%AF%9D13811112222
2016-08-22 11:07:44,713 [1] INFO  Holly--[19588] [(null)] - [MainJs] [MethodScript] 接收到网页的消息=客户关注品牌上海大众 桑塔纳志俊1.8MT 舒适型，购车城市太原，联系人adsfasdaf，联系电话13811112222
2016-08-22 11:07:44,739 [1] INFO  Holly--[19588] [(null)] - [MainJs] [MethodScript] 转发页面消息到 WebPage00002 content=%u5BA2%u6237%u5173%u6CE8%u54C1%u724C%u4E0A%u6D77%u5927%u4F17%20%u6851%u5854%u7EB3%u5FD7%u4FCA1.8MT%20%u8212%u9002%u578B%uFF0C%u8D2D%u8F66%u57CE%u5E02%u592A%u539F%uFF0C%u8054%u7CFB%u4EBAadsfasdaf%uFF0C%u8054%u7CFB%u7535%u8BDD13811112222
2016-08-22 11:07:44,739 [1] INFO  Holly--[19588] [(null)] - [MainJs] [SendToWeb] 发送网页消息：0 次数，指定页面ID：WebPage00002
2016-08-22 11:07:44,740 [1] INFO  Holly--[19588] [(null)] - [MainUI] [SendMesToWeb] 获取到了当前指定webPageID的页面：WebPage00002
2016-08-22 11:07:44,746 [1] INFO  Holly--[19588] [(null)] - [MainJs] [SendMesToWeb] CTIEventMsg msg：UserEvent=Notice&Action=SendMsgToWindows&Data=%u5BA2%u6237%u5173%u6CE8%u54C1%u724C%u4E0A%u6D77%u5927%u4F17%20%u6851%u5854%u7EB3%u5FD7%u4FCA1.8MT%20%u8212%u9002%u578B%uFF0C%u8D2D%u8F66%u57CE%u5E02%u592A%u539F%uFF0C%u8054%u7CFB%u4EBAadsfasdaf%uFF0C%u8054%u7CFB%u7535%u8BDD13811112222&outBoundType=-2
2016-08-22 11:07:44,746 [1] INFO  Holly--[19588] [(null)] - [MainJs] [MethodScript] 命令调用完成，返回结果=ok
2016-08-22 11:07:45,549 [1] INFO  Holly--[19588] [(null)] - [客户端推送日志信息] 开始
2016-08-22 11:07:45,559 [1] INFO  Holly--[19588] [(null)] - [客户端推送日志信息] 获取到请求数：0
2016-08-22 11:07:48,886 [1] INFO  Holly--[19588] [(null)] - [MainJs] [MethodScript] urlPath /pagecontrol/sendmsg?content=%E5%AE%A2%E6%88%B7%E5%85%B3%E6%B3%A8%E5%93%81%E7%89%8C%E4%B8%8A%E6%B5%B7%E5%A4%A7%E4%BC%97%20%E6%A1%91%E5%A1%94%E7%BA%B3%E5%BF%97%E4%BF%8A1.8MT%20%E8%88%92%E9%80%82%E5%9E%8B%EF%BC%8C%E8%B4%AD%E8%BD%A6%E5%9F%8E%E5%B8%82%E5%A4%AA%E5%8E%9F%EF%BC%8C%E8%81%94%E7%B3%BB%E4%BA%BAadsfasdaf%EF%BC%8C%E8%81%94%E7%B3%BB%E7%94%B5%E8%AF%9D13811112222
2016-08-22 11:07:48,886 [1] INFO  Holly--[19588] [(null)] - [MainJs] [MethodScript] 接收到网页的消息=客户关注品牌上海大众 桑塔纳志俊1.8MT 舒适型，购车城市太原，联系人adsfasdaf，联系电话13811112222
2016-08-22 11:07:48,887 [1] INFO  Holly--[19588] [(null)] - [MainJs] [MethodScript] 转发页面消息到 WebPage00002 content=%u5BA2%u6237%u5173%u6CE8%u54C1%u724C%u4E0A%u6D77%u5927%u4F17%20%u6851%u5854%u7EB3%u5FD7%u4FCA1.8MT%20%u8212%u9002%u578B%uFF0C%u8D2D%u8F66%u57CE%u5E02%u592A%u539F%uFF0C%u8054%u7CFB%u4EBAadsfasdaf%uFF0C%u8054%u7CFB%u7535%u8BDD13811112222
2016-08-22 11:07:48,887 [1] INFO  Holly--[19588] [(null)] - [MainJs] [SendToWeb] 发送网页消息：0 次数，指定页面ID：WebPage00002
2016-08-22 11:07:48,887 [1] INFO  Holly--[19588] [(null)] - [MainUI] [SendMesToWeb] 获取到了当前指定webPageID的页面：WebPage00002
2016-08-22 11:07:48,891 [1] INFO  Holly--[19588] [(null)] - [MainJs] [SendMesToWeb] CTIEventMsg msg：UserEvent=Notice&Action=SendMsgToWindows&Data=%u5BA2%u6237%u5173%u6CE8%u54C1%u724C%u4E0A%u6D77%u5927%u4F17%20%u6851%u5854%u7EB3%u5FD7%u4FCA1.8MT%20%u8212%u9002%u578B%uFF0C%u8D2D%u8F66%u57CE%u5E02%u592A%u539F%uFF0C%u8054%u7CFB%u4EBAadsfasdaf%uFF0C%u8054%u7CFB%u7535%u8BDD13811112222&outBoundType=-2
2016-08-22 11:07:48,891 [1] INFO  Holly--[19588] [(null)] - [MainJs] [MethodScript] 命令调用完成，返回结果=ok
2016-08-22 11:07:49,532 [1] INFO  Holly--[19588] [(null)] - [MainJs] [MethodScript] urlPath /pagecontrol/sendmsg?content=%E5%AE%A2%E6%88%B7%E5%85%B3%E6%B3%A8%E5%93%81%E7%89%8C%E4%B8%8A%E6%B5%B7%E5%A4%A7%E4%BC%97%20%E6%A1%91%E5%A1%94%E7%BA%B3%E5%BF%97%E4%BF%8A1.8MT%20%E8%88%92%E9%80%82%E5%9E%8B%EF%BC%8C%E8%B4%AD%E8%BD%A6%E5%9F%8E%E5%B8%82%E5%A4%AA%E5%8E%9F%EF%BC%8C%E8%81%94%E7%B3%BB%E4%BA%BAadsfasdaf%EF%BC%8C%E8%81%94%E7%B3%BB%E7%94%B5%E8%AF%9D13811112222
2016-08-22 11:07:49,532 [1] INFO  Holly--[19588] [(null)] - [MainJs] [MethodScript] urlPath 命令无效
2016-08-22 11:07:49,814 [1] INFO  Holly--[19588] [(null)] - [MainJs] [MethodScript] urlPath /pagecontrol/sendmsg?content=%E5%AE%A2%E6%88%B7%E5%85%B3%E6%B3%A8%E5%93%81%E7%89%8C%E4%B8%8A%E6%B5%B7%E5%A4%A7%E4%BC%97%20%E6%A1%91%E5%A1%94%E7%BA%B3%E5%BF%97%E4%BF%8A1.8MT%20%E8%88%92%E9%80%82%E5%9E%8B%EF%BC%8C%E8%B4%AD%E8%BD%A6%E5%9F%8E%E5%B8%82%E5%A4%AA%E5%8E%9F%EF%BC%8C%E8%81%94%E7%B3%BB%E4%BA%BAadsfasdaf%EF%BC%8C%E8%81%94%E7%B3%BB%E7%94%B5%E8%AF%9D13811112222
2016-08-22 11:07:49,814 [1] INFO  Holly--[19588] [(null)] - [MainJs] [MethodScript] urlPath 命令无效
2016-08-22 11:07:50,096 [1] INFO  Holly--[19588] [(null)] - [MainJs] [MethodScript] urlPath /pagecontrol/sendmsg?content=%E5%AE%A2%E6%88%B7%E5%85%B3%E6%B3%A8%E5%93%81%E7%89%8C%E4%B8%8A%E6%B5%B7%E5%A4%A7%E4%BC%97%20%E6%A1%91%E5%A1%94%E7%BA%B3%E5%BF%97%E4%BF%8A1.8MT%20%E8%88%92%E9%80%82%E5%9E%8B%EF%BC%8C%E8%B4%AD%E8%BD%A6%E5%9F%8E%E5%B8%82%E5%A4%AA%E5%8E%9F%EF%BC%8C%E8%81%94%E7%B3%BB%E4%BA%BAadsfasdaf%EF%BC%8C%E8%81%94%E7%B3%BB%E7%94%B5%E8%AF%9D13811112222
2016-08-22 11:07:50,096 [1] INFO  Holly--[19588] [(null)] - [MainJs] [MethodScript] urlPath 命令无效
2016-08-22 11:07:51,194 [1] INFO  Holly--[19588] [(null)] - [MainJs] [MethodScript] urlPath /pagecontrol/sendmsg?content=%E5%AE%A2%E6%88%B7%E5%85%B3%E6%B3%A8%E5%93%81%E7%89%8C%E4%B8%8A%E6%B5%B7%E5%A4%A7%E4%BC%97%20%E6%A1%91%E5%A1%94%E7%BA%B3%E5%BF%97%E4%BF%8A1.8MT%20%E8%88%92%E9%80%82%E5%9E%8B%EF%BC%8C%E8%B4%AD%E8%BD%A6%E5%9F%8E%E5%B8%82%E5%A4%AA%E5%8E%9F%EF%BC%8C%E8%81%94%E7%B3%BB%E4%BA%BAadsfasdaf%EF%BC%8C%E8%81%94%E7%B3%BB%E7%94%B5%E8%AF%9D13811112222
2016-08-22 11:07:51,194 [1] INFO  Holly--[19588] [(null)] - [MainJs] [MethodScript] 接收到网页的消息=客户关注品牌上海大众 桑塔纳志俊1.8MT 舒适型，购车城市太原，联系人adsfasdaf，联系电话13811112222
2016-08-22 11:07:51,194 [1] INFO  Holly--[19588] [(null)] - [MainJs] [MethodScript] 转发页面消息到 WebPage00002 content=%u5BA2%u6237%u5173%u6CE8%u54C1%u724C%u4E0A%u6D77%u5927%u4F17%20%u6851%u5854%u7EB3%u5FD7%u4FCA1.8MT%20%u8212%u9002%u578B%uFF0C%u8D2D%u8F66%u57CE%u5E02%u592A%u539F%uFF0C%u8054%u7CFB%u4EBAadsfasdaf%uFF0C%u8054%u7CFB%u7535%u8BDD13811112222
2016-08-22 11:07:51,194 [1] INFO  Holly--[19588] [(null)] - [MainJs] [SendToWeb] 发送网页消息：0 次数，指定页面ID：WebPage00002
2016-08-22 11:07:51,194 [1] INFO  Holly--[19588] [(null)] - [MainUI] [SendMesToWeb] 获取到了当前指定webPageID的页面：WebPage00002
2016-08-22 11:07:51,197 [1] INFO  Holly--[19588] [(null)] - [MainJs] [SendMesToWeb] CTIEventMsg msg：UserEvent=Notice&Action=SendMsgToWindows&Data=%u5BA2%u6237%u5173%u6CE8%u54C1%u724C%u4E0A%u6D77%u5927%u4F17%20%u6851%u5854%u7EB3%u5FD7%u4FCA1.8MT%20%u8212%u9002%u578B%uFF0C%u8D2D%u8F66%u57CE%u5E02%u592A%u539F%uFF0C%u8054%u7CFB%u4EBAadsfasdaf%uFF0C%u8054%u7CFB%u7535%u8BDD13811112222&outBoundType=-2
2016-08-22 11:07:51,197 [1] INFO  Holly--[19588] [(null)] - [MainJs] [MethodScript] 命令调用完成，返回结果=ok
2016-08-22 11:07:54,571 [1] INFO  Holly--[19588] [(null)] - [MainJs] [MethodScript] urlPath /pagecontrol/sendmsg?content=%E5%AE%A2%E6%88%B7%E5%85%B3%E6%B3%A8%E5%93%81%E7%89%8C%E4%B8%8A%E6%B5%B7%E5%A4%A7%E4%BC%97%20%E6%A1%91%E5%A1%94%E7%BA%B3%E5%BF%97%E4%BF%8A1.8MT%20%E8%88%92%E9%80%82%E5%9E%8B%EF%BC%8C%E8%B4%AD%E8%BD%A6%E5%9F%8E%E5%B8%82%E5%A4%AA%E5%8E%9F%EF%BC%8C%E8%81%94%E7%B3%BB%E4%BA%BAadsfasdaf%EF%BC%8C%E8%81%94%E7%B3%BB%E7%94%B5%E8%AF%9D13811112222
2016-08-22 11:07:54,571 [1] INFO  Holly--[19588] [(null)] - [MainJs] [MethodScript] 接收到网页的消息=客户关注品牌上海大众 桑塔纳志俊1.8MT 舒适型，购车城市太原，联系人adsfasdaf，联系电话13811112222
2016-08-22 11:07:54,571 [1] INFO  Holly--[19588] [(null)] - [MainJs] [MethodScript] 转发页面消息到 WebPage00002 content=%u5BA2%u6237%u5173%u6CE8%u54C1%u724C%u4E0A%u6D77%u5927%u4F17%20%u6851%u5854%u7EB3%u5FD7%u4FCA1.8MT%20%u8212%u9002%u578B%uFF0C%u8D2D%u8F66%u57CE%u5E02%u592A%u539F%uFF0C%u8054%u7CFB%u4EBAadsfasdaf%uFF0C%u8054%u7CFB%u7535%u8BDD13811112222
2016-08-22 11:07:54,571 [1] INFO  Holly--[19588] [(null)] - [MainJs] [SendToWeb] 发送网页消息：0 次数，指定页面ID：WebPage00002
2016-08-22 11:07:54,572 [1] INFO  Holly--[19588] [(null)] - [MainUI] [SendMesToWeb] 获取到了当前指定webPageID的页面：WebPage00002
2016-08-22 11:07:54,575 [1] INFO  Holly--[19588] [(null)] - [MainJs] [SendMesToWeb] CTIEventMsg msg：UserEvent=Notice&Action=SendMsgToWindows&Data=%u5BA2%u6237%u5173%u6CE8%u54C1%u724C%u4E0A%u6D77%u5927%u4F17%20%u6851%u5854%u7EB3%u5FD7%u4FCA1.8MT%20%u8212%u9002%u578B%uFF0C%u8D2D%u8F66%u57CE%u5E02%u592A%u539F%uFF0C%u8054%u7CFB%u4EBAadsfasdaf%uFF0C%u8054%u7CFB%u7535%u8BDD13811112222&outBoundType=-2
2016-08-22 11:07:54,575 [1] INFO  Holly--[19588] [(null)] - [MainJs] [MethodScript] 命令调用完成，返回结果=ok
2016-08-22 11:07:58,270 [1] INFO  Holly--[19588] [(null)] - [MainJs] [MethodScript] urlPath /pagecontrol/sendmsg?content=%E5%AE%A2%E6%88%B7%E5%85%B3%E6%B3%A8%E5%93%81%E7%89%8C%E4%B8%8A%E6%B5%B7%E5%A4%A7%E4%BC%97%20%E6%A1%91%E5%A1%94%E7%BA%B3%E5%BF%97%E4%BF%8A1.8MT%20%E8%88%92%E9%80%82%E5%9E%8B%EF%BC%8C%E8%B4%AD%E8%BD%A6%E5%9F%8E%E5%B8%82%E5%A4%AA%E5%8E%9F%EF%BC%8C%E8%81%94%E7%B3%BB%E4%BA%BAadsfasdaf%EF%BC%8C%E8%81%94%E7%B3%BB%E7%94%B5%E8%AF%9D13811112222
2016-08-22 11:07:58,270 [1] INFO  Holly--[19588] [(null)] - [MainJs] [MethodScript] 接收到网页的消息=客户关注品牌上海大众 桑塔纳志俊1.8MT 舒适型，购车城市太原，联系人adsfasdaf，联系电话13811112222
2016-08-22 11:07:58,270 [1] INFO  Holly--[19588] [(null)] - [MainJs] [MethodScript] 转发页面消息到 WebPage00002 content=%u5BA2%u6237%u5173%u6CE8%u54C1%u724C%u4E0A%u6D77%u5927%u4F17%20%u6851%u5854%u7EB3%u5FD7%u4FCA1.8MT%20%u8212%u9002%u578B%uFF0C%u8D2D%u8F66%u57CE%u5E02%u592A%u539F%uFF0C%u8054%u7CFB%u4EBAadsfasdaf%uFF0C%u8054%u7CFB%u7535%u8BDD13811112222
2016-08-22 11:07:58,270 [1] INFO  Holly--[19588] [(null)] - [MainJs] [SendToWeb] 发送网页消息：0 次数，指定页面ID：WebPage00002
2016-08-22 11:07:58,270 [1] INFO  Holly--[19588] [(null)] - [MainUI] [SendMesToWeb] 获取到了当前指定webPageID的页面：WebPage00002
2016-08-22 11:07:58,273 [1] INFO  Holly--[19588] [(null)] - [MainJs] [SendMesToWeb] CTIEventMsg msg：UserEvent=Notice&Action=SendMsgToWindows&Data=%u5BA2%u6237%u5173%u6CE8%u54C1%u724C%u4E0A%u6D77%u5927%u4F17%20%u6851%u5854%u7EB3%u5FD7%u4FCA1.8MT%20%u8212%u9002%u578B%uFF0C%u8D2D%u8F66%u57CE%u5E02%u592A%u539F%uFF0C%u8054%u7CFB%u4EBAadsfasdaf%uFF0C%u8054%u7CFB%u7535%u8BDD13811112222&outBoundType=-2
2016-08-22 11:07:58,273 [1] INFO  Holly--[19588] [(null)] - [MainJs] [MethodScript] 命令调用完成，返回结果=ok
2016-08-22 11:08:07,427 [1] INFO  Holly--[19588] [(null)] - [MainJs] [SendToWeb] 发送网页消息：0 次数，指定页面ID：WebPage00002
2016-08-22 11:08:07,428 [1] INFO  Holly--[19588] [(null)] - [MainUI] [SendMesToWeb] 获取到了当前指定webPageID的页面：WebPage00002
2016-08-22 11:08:07,429 [1] INFO  Holly--[19588] [(null)] - [MainJs] [SendMesToWeb] CTIEventMsg msg：UserEvent=Notice&Action=SaveWindowsName&Data=WebPage00002&outBoundType=-2
2016-08-22 11:08:14,751 [1] INFO  Holly--[19588] [(null)] - [MainJs] [SendToWeb] 发送网页消息：0 次数，指定页面ID：WebPage00002
2016-08-22 11:08:14,751 [1] INFO  Holly--[19588] [(null)] - [MainUI] [SendMesToWeb] 获取到了当前指定webPageID的页面：WebPage00002
2016-08-22 11:08:14,752 [1] INFO  Holly--[19588] [(null)] - [MainJs] [SendMesToWeb] CTIEventMsg msg：UserEvent=Notice&Action=SaveWindowsName&Data=WebPage00002&outBoundType=-2
2016-08-22 11:08:17,580 [1] INFO  Holly--[19588] [(null)] - [MainJs] [SendToWeb] 发送网页消息：0 次数，指定页面ID：WebPage00002
2016-08-22 11:08:17,580 [1] INFO  Holly--[19588] [(null)] - [MainUI] [SendMesToWeb] 获取到了当前指定webPageID的页面：WebPage00002
2016-08-22 11:08:17,581 [1] INFO  Holly--[19588] [(null)] - [MainJs] [SendMesToWeb] CTIEventMsg msg：UserEvent=Notice&Action=SaveWindowsName&Data=WebPage00002&outBoundType=-2
2016-08-22 11:08:36,503 [1] INFO  Holly--[19588] [(null)] - [***MDBFileHelper***][AdditionalRecording] 补录数据
2016-08-22 11:08:45,578 [1] INFO  Holly--[19588] [(null)] - [客户端推送日志信息] 开始
2016-08-22 11:08:45,588 [1] INFO  Holly--[19588] [(null)] - [客户端推送日志信息] 获取到请求数：0
2016-08-22 11:09:19,936 [1] INFO  Holly--[19588] [(null)] - [MainJs] [SendToWeb] 发送网页消息：0 次数，指定页面ID：WebPage00002
2016-08-22 11:09:19,936 [1] INFO  Holly--[19588] [(null)] - [MainUI] [SendMesToWeb] 获取到了当前指定webPageID的页面：WebPage00002
2016-08-22 11:09:19,937 [1] INFO  Holly--[19588] [(null)] - [MainJs] [SendMesToWeb] CTIEventMsg msg：UserEvent=Notice&Action=SaveWindowsName&Data=WebPage00002&outBoundType=-2
2016-08-22 11:09:32,741 [1] INFO  Holly--[19588] [(null)] - [MainJs] [SendToWeb] 发送网页消息：0 次数，指定页面ID：WebPage00002
2016-08-22 11:09:32,742 [1] INFO  Holly--[19588] [(null)] - [MainUI] [SendMesToWeb] 获取到了当前指定webPageID的页面：WebPage00002
2016-08-22 11:09:32,743 [1] INFO  Holly--[19588] [(null)] - [MainJs] [SendMesToWeb] CTIEventMsg msg：UserEvent=Notice&Action=SaveWindowsName&Data=WebPage00002&outBoundType=-2
2016-08-22 11:09:38,732 [1] INFO  Holly--[19588] [(null)] - [MainJs] [SendToWeb] 发送网页消息：0 次数，指定页面ID：WebPage00002
2016-08-22 11:09:38,732 [1] INFO  Holly--[19588] [(null)] - [MainUI] [SendMesToWeb] 获取到了当前指定webPageID的页面：WebPage00002
2016-08-22 11:09:38,733 [1] INFO  Holly--[19588] [(null)] - [MainJs] [SendMesToWeb] CTIEventMsg msg：UserEvent=Notice&Action=SaveWindowsName&Data=WebPage00002&outBoundType=-2
2016-08-22 11:09:41,137 [1] INFO  Holly--[19588] [(null)] - [MainJs] [MethodScript] urlPath /browsercontrol/closepagecallparentpagefun?parentpagecontrolid=btnsearch&WebPageID=WebPage00002
2016-08-22 11:09:41,137 [1] INFO  Holly--[19588] [(null)] - [MainJs] [GetWebPageIDFormParas] 关闭当前窗口，并自动点击父窗口查询按钮 命令中获取到了页面ID：WebPage00002 父页面ID：WebPage00001
2016-08-22 11:09:41,139 [1] INFO  Holly--[19588] [(null)] - [MainUI] [GetTabControlTabPagesCount] 可用页面数量=2
2016-08-22 11:09:41,290 [1] INFO  Holly--[19588] [(null)] - [MainUI] [SelectedIndexChanged] [切换页面] WebPage00001
2016-08-22 11:09:41,291 [1] INFO  Holly--[19588] [(null)] - [MainUI] [WebClosePageEvent] 网站关闭页面=WebPage00002，并且移除alowReceiveCallMsg_WebpageIDList[允许给iframe子页面推送话务消息列表]中的PageID：WebPage00002,结果=False
2016-08-22 11:09:41,291 [1] INFO  Holly--[19588] [(null)] - [MainUI] [ShowTabPagesLog] 全部页面 工单记录=WebPage00001(); 
2016-08-22 11:09:41,303 [1] INFO  Holly--[19588] [(null)] - [MainJs] [MethodScript] 命令调用完成，返回结果=ok
2016-08-22 11:09:45,608 [1] INFO  Holly--[19588] [(null)] - [客户端推送日志信息] 开始
2016-08-22 11:09:45,616 [1] INFO  Holly--[19588] [(null)] - [客户端推送日志信息] 获取到请求数：0
2016-08-22 11:09:52,356 [1] INFO  Holly--[19588] [(null)] - [MainUI] [ShowTabPagesLog] 全部页面 工单记录=WebPage00001(); 新增页=WebPage00003(WebPage00001); 
2016-08-22 11:09:53,133 [1] INFO  Holly--[19588] [(null)] - [MainJs] [SendToWeb] 发送网页消息：0 次数，指定页面ID：WebPage00003
2016-08-22 11:09:53,133 [1] INFO  Holly--[19588] [(null)] - [MainUI] [SendMesToWeb] 获取到了当前指定webPageID的页面：WebPage00003
2016-08-22 11:09:53,134 [1] INFO  Holly--[19588] [(null)] - [MainJs] [SendMesToWeb] CTIEventMsg msg：UserEvent=Notice&Action=SaveWindowsName&Data=WebPage00003&outBoundType=-2
2016-08-22 11:09:59,674 [1] INFO  Holly--[19588] [(null)] - [MainUI] [GetTabControlTabPagesCount] 可用页面数量=2
2016-08-22 11:09:59,723 [1] INFO  Holly--[19588] [(null)] - [MainUI] [SelectedIndexChanged] [切换页面] WebPage00001
2016-08-22 11:09:59,724 [1] INFO  Holly--[19588] [(null)] - [MainUI] 手动关闭页面=WebPage00003，并且移除alowReceiveCallMsg_WebpageIDList[允许给iframe子页面推送话务消息列表]中的PageID：WebPage00003,结果=False
2016-08-22 11:09:59,724 [1] INFO  Holly--[19588] [(null)] - [MainUI] [ShowTabPagesLog] 全部页面 工单记录=WebPage00001(); 
2016-08-22 11:10:18,796 [1] INFO  Holly--[19588] [(null)] - [MainUI] [ShowTabPagesLog] 全部页面 工单记录=WebPage00001(); 新增页=WebPage00004(WebPage00001); 
2016-08-22 11:10:19,197 [1] INFO  Holly--[19588] [(null)] - [MainJs] [SendToWeb] 发送网页消息：0 次数，指定页面ID：WebPage00004
2016-08-22 11:10:19,198 [1] INFO  Holly--[19588] [(null)] - [MainUI] [SendMesToWeb] 获取到了当前指定webPageID的页面：WebPage00004
2016-08-22 11:10:19,198 [1] INFO  Holly--[19588] [(null)] - [MainJs] [SendMesToWeb] CTIEventMsg msg：UserEvent=Notice&Action=SaveWindowsName&Data=WebPage00004&outBoundType=-2
2016-08-22 11:10:21,152 [1] INFO  Holly--[19588] [(null)] - [MainUI] [ShowTabPagesLog] 全部页面 工单记录=WebPage00001(); 工单查看=WebPage00004(WebPage00001); 新增页=WebPage00005(WebPage00004); 
2016-08-22 11:10:24,117 [1] INFO  Holly--[19588] [(null)] - [MainJs] [SendToWeb] 发送网页消息：0 次数，指定页面ID：WebPage00005
2016-08-22 11:10:24,117 [1] INFO  Holly--[19588] [(null)] - [MainUI] [SendMesToWeb] 获取到了当前指定webPageID的页面：WebPage00005
2016-08-22 11:10:24,118 [1] INFO  Holly--[19588] [(null)] - [MainJs] [SendMesToWeb] CTIEventMsg msg：UserEvent=Notice&Action=SaveWindowsName&Data=WebPage00005&outBoundType=-2
2016-08-22 11:10:33,319 [1] INFO  Holly--[19588] [(null)] - [MainUI] [GetTabControlTabPagesCount] 可用页面数量=3
2016-08-22 11:10:33,899 [1] INFO  Holly--[19588] [(null)] - [MainUI] [SelectedIndexChanged] [切换页面] WebPage00001
2016-08-22 11:10:33,900 [1] INFO  Holly--[19588] [(null)] - [MainUI] 手动关闭页面=WebPage00005，并且移除alowReceiveCallMsg_WebpageIDList[允许给iframe子页面推送话务消息列表]中的PageID：WebPage00005,结果=False
2016-08-22 11:10:33,900 [1] INFO  Holly--[19588] [(null)] - [MainUI] [ShowTabPagesLog] 全部页面 工单记录=WebPage00001(); 工单查看=WebPage00004(WebPage00001); 
2016-08-22 11:10:36,457 [1] INFO  Holly--[19588] [(null)] - [======Common======] GetCurrentTime ：获取当前服务器时间：CC系统服务器时间：2016-08-22 11:10:36.455，客户端时间：2016-08-22 11:10:36.456，（生成）计算时间差(毫秒)：-1.0001
2016-08-22 11:10:36,457 [1] INFO  Holly--[19588] [(null)] - [Main]timer_LoginTime_Tick LoginOnOid=24
2016-08-22 11:10:45,551 [1] INFO  Holly--[19588] [(null)] - [登录登出模块] ExitLogin() Begin...
2016-08-22 11:10:45,574 [1] INFO  Holly--[19588] [(null)] - [======Common======] GetCurrentTime ：获取当前服务器时间：CC系统服务器时间：2016-08-22 11:10:45.573，客户端时间：2016-08-22 11:10:45.574，（现有）计算时间差(毫秒)：-1.0001
2016-08-22 11:10:45,583 [1] INFO  Holly--[19588] [(null)] - [登录登出模块]DeleteAgentStateToDB...客服退出时 LoginOnOid....IS:24
2016-08-22 11:10:45,583 [1] INFO  Holly--[19588] [(null)] - [登录登出模块]DeleteAgentStateToDB...客服退出时 GetCurrentTime()....IS:2016-08-22 11:10:45
2016-08-22 11:10:45,585 [1] INFO  Holly--[19588] [(null)] - [登录登出模块]DeleteAgentStateToDB...退出成功....
2016-08-22 11:10:45,615 [1] INFO  Holly--[19588] [(null)] - [HollyContactHelper]用户操作==签出->True
2016-08-22 11:10:45,615 [1] INFO  Holly--[19588] [(null)] - [======Common======] GetCurrentTime ：获取当前服务器时间：CC系统服务器时间：2016-08-22 11:10:45.614，客户端时间：2016-08-22 11:10:45.615，（现有）计算时间差(毫秒)：-1.0001
2016-08-22 11:10:45,620 [1] INFO  Holly--[19588] [(null)] - [Main] 更新上一个状态的结束时间 PreOid....IS:27
2016-08-22 11:10:46,916 [1] INFO  Holly--[19588] [(null)] - [HollyContactHelper]用户操作==卸载->True
2016-08-22 11:10:46,916 [1] INFO  Holly--[19588] [(null)] - [登录登出模块] ExitLogin() End.
