2016-08-02 09:37:32,701 [1] INFO  Holly--[51216] [(null)] - [登录窗口]btnLogin_Click Begin...
2016-08-02 09:37:32,966 [1] INFO  Holly--[51216] [(null)] - [HollyContactHelper]ModifySoftphoneINIByDN――根据DN36997,选择的SIPServerIP为：192.168.112.200
2016-08-02 09:37:33,704 [1] INFO  Holly--[51216] [(null)] - [HollyContactHelper]用户操作==装载及初始化->True
2016-08-02 09:37:33,704 [1] INFO  Holly--[51216] [(null)] - [登录窗口]btnLogin_Click： 异步加载，回调事件中继续登录
2016-08-02 09:37:33,704 [1] INFO  Holly--[51216] [(null)] - [登录窗口]btnLogin_Click End
2016-08-02 09:37:33,806 [1] INFO  Holly--[51216] [(null)] - [@@@厂家消息通知@@@]OnMessage ：厂家状态(CurStatus：0；CurStatusName：准备就绪状态；)厂家消息(服务器已上线:UserName=AgentUser,UserGOR=3997697)程序状态(PS01_就绪)
2016-08-02 09:37:33,826 [1] INFO  Holly--[51216] [(null)] - [@@@厂家消息通知@@@]OnMessage ：厂家状态(CurStatus：0；CurStatusName：准备就绪状态；)厂家消息(服务器已上线:UserName=LSUser,UserGOR=65537)程序状态(PS01_就绪)
2016-08-02 09:37:33,882 [1] INFO  Holly--[51216] [(null)] - [@@@厂家消息通知@@@]OnMessage ：厂家状态(CurStatus：0；CurStatusName：准备就绪状态；)厂家消息(服务器已上线:UserName=ASUser,UserGOR=1245185)程序状态(PS01_就绪)
2016-08-02 09:37:33,887 [1] INFO  Holly--[51216] [(null)] - [@@@厂家消息通知@@@]OnMessage ：厂家状态(CurStatus：0；CurStatusName：准备就绪状态；)厂家消息(服务器已上线:UserName=EDSUser,UserGOR=1638401)程序状态(PS01_就绪)
2016-08-02 09:37:33,889 [1] INFO  Holly--[51216] [(null)] - [@@@厂家消息通知@@@]OnMessage ：厂家状态(CurStatus：0；CurStatusName：准备就绪状态；)厂家消息(服务器已上线:UserName=StatEvent,UserGOR=851969)程序状态(PS01_就绪)
2016-08-02 09:37:33,891 [1] INFO  Holly--[51216] [(null)] - [@@@厂家消息通知@@@]OnMessage ：厂家状态(CurStatus：0；CurStatusName：准备就绪状态；)厂家消息(服务器已上线:UserName=StatUser,UserGOR=851970)程序状态(PS01_就绪)
2016-08-02 09:37:33,891 [1] INFO  Holly--[51216] [(null)] - 当前调用Load函数，返回的服务器信息条数为：6
2016-08-02 09:37:34,007 [1] INFO  Holly--[51216] [(null)] - [登录登出模块] Login ( masj, *** , 36997 ) 
2016-08-02 09:37:34,009 [1] INFO  Holly--[51216] [(null)] - [登录登出模块] DomainAccountLogin(masj, pwd) begin...
2016-08-02 09:37:34,225 [1] INFO  Holly--[51216] [(null)] - [登录登出模块] DomainAccountLogin(masj, pwd) end.return BitAuto.Services.Organization.Remoting.Employee
2016-08-02 09:37:37,902 [1] INFO  Holly--[51216] [(null)] - [登录登出模块] InitLoginUser() Begin...
2016-08-02 09:38:11,226 [1] INFO  Holly--[51216] [(null)] - [登录登出模块] InitLoginUser() 客服登录...AgentID is:10658,AgentNum is:13001,GroupName is:惠买车支持部（IM）,OutNum is:97
2016-08-02 09:38:11,226 [1] INFO  Holly--[51216] [(null)] - [登录登出模块] InitLoginUser() End...
2016-08-02 09:38:12,022 [1] INFO  Holly--[51216] [(null)] - [HollyContactHelper]用户操作==添加技能组->1099 3
2016-08-02 09:38:12,022 [1] INFO  Holly--[51216] [(null)] - [HollyContactHelper]用户操作==添加技能组->1094 3
2016-08-02 09:38:12,022 [1] INFO  Holly--[51216] [(null)] - [HollyContactHelper]用户操作==添加技能组->1096 3
2016-08-02 09:38:12,525 [1] INFO  Holly--[51216] [(null)] - [HollyContactHelper]用户操作==签入->False
2016-08-02 09:37:41,010 [1] INFO  Holly--[51216] [(null)] - [^^^厂家错误通知^^^]OnError ：CTIErrorCode:1343225863   ErrorCode:1  ErrorDesc:Err_IContact_AgentDNNotExist
2016-08-02 09:37:48,456 [1] INFO  Holly--[51216] [(null)] - [登录窗口]btnLogin_Click Begin...
2016-08-02 09:37:48,458 [1] INFO  Holly--[51216] [(null)] - [HollyContactHelper]ModifySoftphoneINIByDN――根据DN35197,选择的SIPServerIP为：192.168.112.205
2016-08-02 09:37:48,951 [1] INFO  Holly--[51216] [(null)] - [HollyContactHelper]用户操作==装载及初始化->True
2016-08-02 09:37:48,951 [1] INFO  Holly--[51216] [(null)] - [登录窗口]btnLogin_Click： 异步加载，回调事件中继续登录
2016-08-02 09:37:48,951 [1] INFO  Holly--[51216] [(null)] - [登录窗口]btnLogin_Click End
2016-08-02 09:37:49,002 [1] INFO  Holly--[51216] [(null)] - [@@@厂家消息通知@@@]OnMessage ：厂家状态(CurStatus：0；CurStatusName：准备就绪状态；)厂家消息(服务器已上线:UserName=AgentUser,UserGOR=4063233)程序状态(PS01_就绪)
2016-08-02 09:37:49,027 [1] INFO  Holly--[51216] [(null)] - [@@@厂家消息通知@@@]OnMessage ：厂家状态(CurStatus：0；CurStatusName：准备就绪状态；)厂家消息(服务器已上线:UserName=LSUser,UserGOR=65537)程序状态(PS01_就绪)
2016-08-02 09:37:49,083 [1] INFO  Holly--[51216] [(null)] - [@@@厂家消息通知@@@]OnMessage ：厂家状态(CurStatus：0；CurStatusName：准备就绪状态；)厂家消息(服务器已上线:UserName=ASUser,UserGOR=1245185)程序状态(PS01_就绪)
2016-08-02 09:37:49,087 [1] INFO  Holly--[51216] [(null)] - [@@@厂家消息通知@@@]OnMessage ：厂家状态(CurStatus：0；CurStatusName：准备就绪状态；)厂家消息(服务器已上线:UserName=EDSUser,UserGOR=1638401)程序状态(PS01_就绪)
2016-08-02 09:37:49,089 [1] INFO  Holly--[51216] [(null)] - [@@@厂家消息通知@@@]OnMessage ：厂家状态(CurStatus：0；CurStatusName：准备就绪状态；)厂家消息(服务器已上线:UserName=StatEvent,UserGOR=851969)程序状态(PS01_就绪)
2016-08-02 09:37:49,091 [1] INFO  Holly--[51216] [(null)] - [@@@厂家消息通知@@@]OnMessage ：厂家状态(CurStatus：0；CurStatusName：准备就绪状态；)厂家消息(服务器已上线:UserName=StatUser,UserGOR=851970)程序状态(PS01_就绪)
2016-08-02 09:37:49,091 [1] INFO  Holly--[51216] [(null)] - 当前调用Load函数，返回的服务器信息条数为：6
2016-08-02 09:37:49,091 [1] INFO  Holly--[51216] [(null)] - [登录登出模块] Login ( masj, *** , 35197 ) 
2016-08-02 09:37:49,091 [1] INFO  Holly--[51216] [(null)] - [登录登出模块] DomainAccountLogin(masj, pwd) begin...
2016-08-02 09:37:49,133 [1] INFO  Holly--[51216] [(null)] - [登录登出模块] DomainAccountLogin(masj, pwd) end.return BitAuto.Services.Organization.Remoting.Employee
2016-08-02 09:37:49,133 [1] INFO  Holly--[51216] [(null)] - [登录登出模块] InitLoginUser() Begin...
2016-08-02 09:37:49,156 [1] INFO  Holly--[51216] [(null)] - [登录登出模块] InitLoginUser() 客服登录...AgentID is:10658,AgentNum is:13001,GroupName is:惠买车支持部（IM）,OutNum is:97
2016-08-02 09:37:49,156 [1] INFO  Holly--[51216] [(null)] - [登录登出模块] InitLoginUser() End...
2016-08-02 09:37:49,165 [1] INFO  Holly--[51216] [(null)] - [HollyContactHelper]用户操作==添加技能组->1099 3
2016-08-02 09:37:49,166 [1] INFO  Holly--[51216] [(null)] - [HollyContactHelper]用户操作==添加技能组->1094 3
2016-08-02 09:37:49,166 [1] INFO  Holly--[51216] [(null)] - [HollyContactHelper]用户操作==添加技能组->1096 3
2016-08-02 09:37:49,201 [1] INFO  Holly--[51216] [(null)] - [HollyContactHelper]用户操作==签入->True
2016-08-02 09:37:49,342 [1] INFO  Holly--[51216] [(null)] - [登录登出模块] InsertAgentState()更新退出时间....norecord
2016-08-02 09:37:49,487 [1] INFO  Holly--[51216] [(null)] - [登录登出模块] InsertAgentState()登录状态LoginOnOid....is:1
2016-08-02 09:37:49,487 [1] INFO  Holly--[51216] [(null)] - [登录登出模块] Login(masj, pwd, 35197) End.
2016-08-02 09:37:51,330 [1] INFO  Holly--[51216] [(null)] - [InitMainForm] 开始验证监控权限
2016-08-02 09:37:51,464 [1] INFO  Holly--[51216] [(null)] - [InitMainForm] 有 监控权限
2016-08-02 09:38:28,009 [1] INFO  Holly--[51216] [(null)] - [@@@厂家消息通知@@@]OnMessage ：厂家状态(CurStatus：0；CurStatusName：准备就绪状态；)厂家消息(座席签入成功)程序状态(PS01_就绪)
2016-08-02 09:38:28,060 [1] INFO  Holly--[51216] [(null)] - [事件][OnSignInSuccess] 签入成功事件
2016-08-02 09:38:28,083 [1] INFO  Holly--[51216] [(null)] - [登录登出模块] InsertAgentState()更新退出时间....initmsg
2016-08-02 09:38:28,095 [1] INFO  Holly--[51216] [(null)] - [登录登出模块] InsertAgentState()登录状态LoginOnOid....is:2
2016-08-02 09:38:28,098 [1] INFO  Holly--[51216] [(null)] - [@@@厂家消息通知@@@]OnMessage ：厂家状态(CurStatus：2；CurStatusName：置忙；)厂家消息(状态改变：准备就绪状态-->置忙)程序状态(PS04_置忙)
2016-08-02 09:38:28,099 [1] INFO  Holly--[51216] [(null)] - [>>>厂家状态变化<<<]OnStatusChange ：PS01_就绪(0) -> PS04_置忙(2)
2016-08-02 09:38:28,130 [1] INFO  Holly--[51216] [(null)] - [HollyContactHelper]用户操作==置闲->True
2016-08-02 09:38:28,380 [1] INFO  Holly--[51216] [(null)] - [HollyContactHelper]用户操作==休息(BS0_自动)->True
2016-08-02 09:38:28,380 [1] INFO  Holly--[51216] [(null)] - [事件][AxUniSoftPhone_OnStatusChange] 状态变化事件
2016-08-02 09:38:28,384 [1] INFO  Holly--[51216] [(null)] - [Main][SetMainStatus]设置状态：PS04_置忙(BS0_自动)
2016-08-02 09:38:28,572 [1] INFO  Holly--[51216] [(null)] - [@@@厂家消息通知@@@]OnMessage ：厂家状态(CurStatus：1；CurStatusName：空闲；)厂家消息(状态改变：置忙-->空闲)程序状态(PS03_置闲)
2016-08-02 09:38:28,572 [1] INFO  Holly--[51216] [(null)] - [>>>厂家状态变化<<<]OnStatusChange ：PS04_置忙(2) -> PS03_置闲(1)
2016-08-02 09:38:28,572 [1] INFO  Holly--[51216] [(null)] - [事件][AxUniSoftPhone_OnStatusChange] 状态变化事件
2016-08-02 09:38:28,572 [1] INFO  Holly--[51216] [(null)] - [Main][SetMainStatus]设置状态：PS03_置闲
2016-08-02 09:38:28,577 [1] INFO  Holly--[51216] [(null)] - [@@@厂家消息通知@@@]OnMessage ：厂家状态(CurStatus：16；CurStatusName：休息；)厂家消息(状态改变：空闲-->休息)程序状态(PS05_休息)
2016-08-02 09:38:28,577 [1] INFO  Holly--[51216] [(null)] - [>>>厂家状态变化<<<]OnStatusChange ：PS03_置闲(1) -> PS05_休息(16)
2016-08-02 09:38:28,577 [1] INFO  Holly--[51216] [(null)] - [事件][AxUniSoftPhone_OnStatusChange] 状态变化事件
2016-08-02 09:38:28,577 [1] INFO  Holly--[51216] [(null)] - [Main][SetMainStatus]设置状态：PS05_休息
2016-08-02 09:38:28,886 [1] INFO  Holly--[51216] [(null)] - [HollyContactHelper] 获取厂家信息 ==落地号码->
2016-08-02 09:38:28,888 [1] INFO  Holly--[51216] [(null)] - [Main][UpdatAgentDB] 更新客服状态表AS4_置忙
2016-08-02 09:38:28,951 [1] INFO  Holly--[51216] [(null)] - [Main][UpdatAgentDB] 插入CAgent表
2016-08-02 09:38:28,961 [1] INFO  Holly--[51216] [(null)] - [Main][UpdatAgentDB] 插入新的状态 PreOid....IS:3
2016-08-02 09:38:28,961 [1] INFO  Holly--[51216] [(null)] - [@@@厂家消息通知@@@]OnMessage ：厂家状态(CurStatus：16；CurStatusName：休息；)厂家消息(休息开始。)程序状态(PS05_休息)
2016-08-02 09:38:28,968 [1] INFO  Holly--[51216] [(null)] - [HollyContactHelper] 获取厂家信息 ==落地号码->
2016-08-02 09:38:28,968 [1] INFO  Holly--[51216] [(null)] - [Main][UpdatAgentDB] 更新客服状态表AS3_置闲
2016-08-02 09:38:28,984 [1] INFO  Holly--[51216] [(null)] - [Main][UpdatAgentDB] 更新上一个状态的结束时间 PreOid....IS:3
2016-08-02 09:38:28,997 [1] INFO  Holly--[51216] [(null)] - [Main][UpdatAgentDB] 插入新的状态 PreOid....IS:4
2016-08-02 09:38:28,998 [1] INFO  Holly--[51216] [(null)] - [@@@厂家消息通知@@@]OnMessage ：厂家状态(CurStatus：16；CurStatusName：休息；)厂家消息(示闲成功。)程序状态(PS05_休息)
2016-08-02 09:38:29,006 [1] INFO  Holly--[51216] [(null)] - [HollyContactHelper] 获取厂家信息 ==落地号码->
2016-08-02 09:38:29,007 [1] INFO  Holly--[51216] [(null)] - [Main][UpdatAgentDB] 更新客服状态表AS4_置忙
2016-08-02 09:38:29,010 [1] INFO  Holly--[51216] [(null)] - [Main][UpdatAgentDB] 更新上一个状态的结束时间 PreOid....IS:4
2016-08-02 09:38:29,022 [1] INFO  Holly--[51216] [(null)] - [Main][UpdatAgentDB] 插入新的状态 PreOid....IS:5
2016-08-02 09:38:29,022 [1] INFO  Holly--[51216] [(null)] - [@@@厂家消息通知@@@]OnMessage ：厂家状态(CurStatus：16；CurStatusName：休息；)厂家消息(签入成功。)程序状态(PS05_休息)
2016-08-02 09:38:30,866 [1] INFO  Holly--[51216] [(null)] - [登录登出模块] ExitLogin() Begin...
2016-08-02 09:38:30,895 [1] INFO  Holly--[51216] [(null)] - [登录登出模块]DeleteAgentStateToDB...客服退出时 LoginOnOid....IS:2
2016-08-02 09:38:30,896 [1] INFO  Holly--[51216] [(null)] - [登录登出模块]DeleteAgentStateToDB...客服退出时 GetCurrentTime()....IS:2016-08-02 09:38:30
2016-08-02 09:38:30,897 [1] INFO  Holly--[51216] [(null)] - [登录登出模块]DeleteAgentStateToDB...退出成功....
2016-08-02 09:38:30,936 [1] INFO  Holly--[51216] [(null)] - [HollyContactHelper]用户操作==签出->True
2016-08-02 09:38:30,942 [1] INFO  Holly--[51216] [(null)] - [Main] 更新上一个状态的结束时间 PreOid....IS:5
2016-08-02 09:38:32,247 [1] INFO  Holly--[51216] [(null)] - [HollyContactHelper]用户操作==卸载->True
2016-08-02 09:38:32,247 [1] INFO  Holly--[51216] [(null)] - [登录登出模块] ExitLogin() End.
2016-08-02 17:11:49,474 [1] INFO  Holly--[44524] [(null)] - [登录窗口]btnLogin_Click Begin...
2016-08-02 17:11:49,597 [1] INFO  Holly--[44524] [(null)] - [HollyContactHelper]ModifySoftphoneINIByDN――根据DN35197,选择的SIPServerIP为：192.168.112.205
2016-08-02 17:11:50,272 [1] INFO  Holly--[44524] [(null)] - [HollyContactHelper]用户操作==装载及初始化->True
2016-08-02 17:11:50,272 [1] INFO  Holly--[44524] [(null)] - [登录窗口]btnLogin_Click： 异步加载，回调事件中继续登录
2016-08-02 17:11:50,272 [1] INFO  Holly--[44524] [(null)] - [登录窗口]btnLogin_Click End
2016-08-02 17:11:50,329 [1] INFO  Holly--[44524] [(null)] - [@@@厂家消息通知@@@]OnMessage ：厂家状态(CurStatus：0；CurStatusName：准备就绪状态；)厂家消息(服务器已上线:UserName=AgentUser,UserGOR=2228225)程序状态(PS01_就绪)
2016-08-02 17:11:50,347 [1] INFO  Holly--[44524] [(null)] - [@@@厂家消息通知@@@]OnMessage ：厂家状态(CurStatus：0；CurStatusName：准备就绪状态；)厂家消息(服务器已上线:UserName=LSUser,UserGOR=65537)程序状态(PS01_就绪)
2016-08-02 17:11:50,400 [1] INFO  Holly--[44524] [(null)] - [@@@厂家消息通知@@@]OnMessage ：厂家状态(CurStatus：0；CurStatusName：准备就绪状态；)厂家消息(服务器已上线:UserName=ASUser,UserGOR=1310721)程序状态(PS01_就绪)
2016-08-02 17:11:50,402 [1] INFO  Holly--[44524] [(null)] - [@@@厂家消息通知@@@]OnMessage ：厂家状态(CurStatus：0；CurStatusName：准备就绪状态；)厂家消息(服务器已上线:UserName=EDSUser,UserGOR=1966081)程序状态(PS01_就绪)
2016-08-02 17:11:50,404 [1] INFO  Holly--[44524] [(null)] - [@@@厂家消息通知@@@]OnMessage ：厂家状态(CurStatus：0；CurStatusName：准备就绪状态；)厂家消息(服务器已上线:UserName=StatEvent,UserGOR=851969)程序状态(PS01_就绪)
2016-08-02 17:11:50,406 [1] INFO  Holly--[44524] [(null)] - [@@@厂家消息通知@@@]OnMessage ：厂家状态(CurStatus：0；CurStatusName：准备就绪状态；)厂家消息(服务器已上线:UserName=StatUser,UserGOR=851970)程序状态(PS01_就绪)
2016-08-02 17:11:50,406 [1] INFO  Holly--[44524] [(null)] - 当前调用Load函数，返回的服务器信息条数为：6
2016-08-02 17:11:50,450 [1] INFO  Holly--[44524] [(null)] - [登录登出模块] Login ( masj, *** , 35197 ) 
2016-08-02 17:11:50,452 [1] INFO  Holly--[44524] [(null)] - [登录登出模块] DomainAccountLogin(masj, pwd) begin...
2016-08-02 17:11:50,517 [1] INFO  Holly--[44524] [(null)] - [登录登出模块] DomainAccountLogin(masj, pwd) end.return BitAuto.Services.Organization.Remoting.Employee
2016-08-02 17:11:51,443 [1] INFO  Holly--[44524] [(null)] - [登录登出模块] InitLoginUser() Begin...
2016-08-02 17:11:55,270 [1] INFO  Holly--[44524] [(null)] - [登录登出模块] InitLoginUser() 客服登录...AgentID is:10658,AgentNum is:13001,GroupName is:惠买车支持部（IM）,OutNum is:97
2016-08-02 17:11:55,270 [1] INFO  Holly--[44524] [(null)] - [登录登出模块] InitLoginUser() End...
2016-08-02 17:11:55,910 [1] INFO  Holly--[44524] [(null)] - [HollyContactHelper]用户操作==添加技能组->1099 3
2016-08-02 17:11:55,911 [1] INFO  Holly--[44524] [(null)] - [HollyContactHelper]用户操作==添加技能组->1094 3
2016-08-02 17:11:55,911 [1] INFO  Holly--[44524] [(null)] - [HollyContactHelper]用户操作==添加技能组->1096 3
2016-08-02 17:11:56,414 [1] INFO  Holly--[44524] [(null)] - [HollyContactHelper]用户操作==签入->False
2016-08-02 17:11:49,011 [1] INFO  Holly--[44524] [(null)] - [^^^厂家错误通知^^^]OnError ：CTIErrorCode:1343225863   ErrorCode:1  ErrorDesc:Err_IContact_AgentDNNotExist
2016-08-02 17:12:37,697 [1] INFO  Holly--[44524] [(null)] - [登录登出模块] ExitLogin() Begin...
2016-08-02 17:12:38,011 [1] INFO  Holly--[44524] [(null)] - [HollyContactHelper]用户操作==卸载->True
2016-08-02 17:12:38,011 [1] INFO  Holly--[44524] [(null)] - [登录登出模块] ExitLogin() End.
2016-08-02 17:13:22,635 [1] INFO  Holly--[33904] [(null)] - [登录窗口]btnLogin_Click Begin...
2016-08-02 17:13:22,698 [1] INFO  Holly--[33904] [(null)] - [HollyContactHelper]ModifySoftphoneINIByDN――根据DN35197,选择的SIPServerIP为：192.168.112.205
2016-08-02 17:13:23,083 [1] INFO  Holly--[33904] [(null)] - [HollyContactHelper]用户操作==装载及初始化->True
2016-08-02 17:13:23,083 [1] INFO  Holly--[33904] [(null)] - [登录窗口]btnLogin_Click： 异步加载，回调事件中继续登录
2016-08-02 17:13:23,083 [1] INFO  Holly--[33904] [(null)] - [登录窗口]btnLogin_Click End
2016-08-02 17:13:23,144 [1] INFO  Holly--[33904] [(null)] - [@@@厂家消息通知@@@]OnMessage ：厂家状态(CurStatus：0；CurStatusName：准备就绪状态；)厂家消息(服务器已上线:UserName=AgentUser,UserGOR=4980737)程序状态(PS01_就绪)
2016-08-02 17:13:23,159 [1] INFO  Holly--[33904] [(null)] - [@@@厂家消息通知@@@]OnMessage ：厂家状态(CurStatus：0；CurStatusName：准备就绪状态；)厂家消息(服务器已上线:UserName=LSUser,UserGOR=65537)程序状态(PS01_就绪)
2016-08-02 17:13:23,211 [1] INFO  Holly--[33904] [(null)] - [@@@厂家消息通知@@@]OnMessage ：厂家状态(CurStatus：0；CurStatusName：准备就绪状态；)厂家消息(服务器已上线:UserName=ASUser,UserGOR=1245185)程序状态(PS01_就绪)
2016-08-02 17:13:23,215 [1] INFO  Holly--[33904] [(null)] - [@@@厂家消息通知@@@]OnMessage ：厂家状态(CurStatus：0；CurStatusName：准备就绪状态；)厂家消息(服务器已上线:UserName=EDSUser,UserGOR=1638401)程序状态(PS01_就绪)
2016-08-02 17:13:23,220 [1] INFO  Holly--[33904] [(null)] - [@@@厂家消息通知@@@]OnMessage ：厂家状态(CurStatus：0；CurStatusName：准备就绪状态；)厂家消息(服务器已上线:UserName=StatEvent,UserGOR=851969)程序状态(PS01_就绪)
2016-08-02 17:13:23,223 [1] INFO  Holly--[33904] [(null)] - [@@@厂家消息通知@@@]OnMessage ：厂家状态(CurStatus：0；CurStatusName：准备就绪状态；)厂家消息(服务器已上线:UserName=StatUser,UserGOR=851970)程序状态(PS01_就绪)
2016-08-02 17:13:23,223 [1] INFO  Holly--[33904] [(null)] - 当前调用Load函数，返回的服务器信息条数为：6
2016-08-02 17:13:23,233 [1] INFO  Holly--[33904] [(null)] - [登录登出模块] Login ( masj, *** , 35197 ) 
2016-08-02 17:13:23,235 [1] INFO  Holly--[33904] [(null)] - [登录登出模块] DomainAccountLogin(masj, pwd) begin...
2016-08-02 17:13:23,281 [1] INFO  Holly--[33904] [(null)] - [登录登出模块] DomainAccountLogin(masj, pwd) end.return BitAuto.Services.Organization.Remoting.Employee
2016-08-02 17:13:23,645 [1] INFO  Holly--[33904] [(null)] - [登录登出模块] InitLoginUser() Begin...
2016-08-02 17:13:25,606 [1] INFO  Holly--[33904] [(null)] - [登录登出模块] InitLoginUser() 客服登录...AgentID is:10658,AgentNum is:13001,GroupName is:惠买车支持部（IM）,OutNum is:97
2016-08-02 17:13:25,606 [1] INFO  Holly--[33904] [(null)] - [登录登出模块] InitLoginUser() End...
2016-08-02 17:13:25,786 [1] INFO  Holly--[33904] [(null)] - [HollyContactHelper]用户操作==添加技能组->1099 3
2016-08-02 17:13:25,786 [1] INFO  Holly--[33904] [(null)] - [HollyContactHelper]用户操作==添加技能组->1094 3
2016-08-02 17:13:25,786 [1] INFO  Holly--[33904] [(null)] - [HollyContactHelper]用户操作==添加技能组->1096 3
2016-08-02 17:13:25,823 [1] INFO  Holly--[33904] [(null)] - [HollyContactHelper]用户操作==签入->True
2016-08-02 17:13:27,508 [1] INFO  Holly--[33904] [(null)] - [登录登出模块] InsertAgentState()更新退出时间....initmsg
2016-08-02 17:13:27,536 [1] INFO  Holly--[33904] [(null)] - [登录登出模块] InsertAgentState()登录状态LoginOnOid....is:117
2016-08-02 17:13:27,536 [1] INFO  Holly--[33904] [(null)] - [登录登出模块] Login(masj, pwd, 35197) End.
2016-08-02 17:13:28,438 [1] INFO  Holly--[33904] [(null)] - [InitMainForm] 开始验证监控权限
2016-08-02 17:13:28,492 [1] INFO  Holly--[33904] [(null)] - [InitMainForm] 有 监控权限
2016-08-02 17:13:29,007 [1] INFO  Holly--[33904] [(null)] - [@@@厂家消息通知@@@]OnMessage ：厂家状态(CurStatus：0；CurStatusName：准备就绪状态；)厂家消息(座席签入成功)程序状态(PS01_就绪)
2016-08-02 17:13:29,041 [1] INFO  Holly--[33904] [(null)] - [事件][OnSignInSuccess] 签入成功事件
2016-08-02 17:13:29,772 [1] INFO  Holly--[33904] [(null)] - [登录登出模块] InsertAgentState()更新退出时间....initmsg
2016-08-02 17:13:30,135 [1] INFO  Holly--[33904] [(null)] - [登录登出模块] InsertAgentState()登录状态LoginOnOid....is:118
2016-08-02 17:13:30,137 [1] INFO  Holly--[33904] [(null)] - [@@@厂家消息通知@@@]OnMessage ：厂家状态(CurStatus：2；CurStatusName：置忙；)厂家消息(状态改变：准备就绪状态-->置忙)程序状态(PS04_置忙)
2016-08-02 17:13:30,139 [1] INFO  Holly--[33904] [(null)] - [>>>厂家状态变化<<<]OnStatusChange ：PS01_就绪(0) -> PS04_置忙(2)
2016-08-02 17:13:30,170 [1] INFO  Holly--[33904] [(null)] - [HollyContactHelper]用户操作==置闲->True
2016-08-02 17:13:30,424 [1] INFO  Holly--[33904] [(null)] - [HollyContactHelper]用户操作==休息(BS0_自动)->True
2016-08-02 17:13:30,425 [1] INFO  Holly--[33904] [(null)] - [事件][AxUniSoftPhone_OnStatusChange] 状态变化事件
2016-08-02 17:13:30,428 [1] INFO  Holly--[33904] [(null)] - [Main][SetMainStatus]设置状态：PS04_置忙(BS0_自动)
2016-08-02 17:13:31,150 [1] INFO  Holly--[33904] [(null)] - [@@@厂家消息通知@@@]OnMessage ：厂家状态(CurStatus：1；CurStatusName：空闲；)厂家消息(状态改变：置忙-->空闲)程序状态(PS03_置闲)
2016-08-02 17:13:31,150 [1] INFO  Holly--[33904] [(null)] - [>>>厂家状态变化<<<]OnStatusChange ：PS04_置忙(2) -> PS03_置闲(1)
2016-08-02 17:13:31,150 [1] INFO  Holly--[33904] [(null)] - [事件][AxUniSoftPhone_OnStatusChange] 状态变化事件
2016-08-02 17:13:31,150 [1] INFO  Holly--[33904] [(null)] - [Main][SetMainStatus]设置状态：PS03_置闲
2016-08-02 17:13:31,156 [1] INFO  Holly--[33904] [(null)] - [@@@厂家消息通知@@@]OnMessage ：厂家状态(CurStatus：16；CurStatusName：休息；)厂家消息(状态改变：空闲-->休息)程序状态(PS05_休息)
2016-08-02 17:13:31,156 [1] INFO  Holly--[33904] [(null)] - [>>>厂家状态变化<<<]OnStatusChange ：PS03_置闲(1) -> PS05_休息(16)
2016-08-02 17:13:31,157 [1] INFO  Holly--[33904] [(null)] - [事件][AxUniSoftPhone_OnStatusChange] 状态变化事件
2016-08-02 17:13:31,157 [1] INFO  Holly--[33904] [(null)] - [Main][SetMainStatus]设置状态：PS05_休息
2016-08-02 17:13:32,886 [1] INFO  Holly--[33904] [(null)] - [MainJs] [SendToWeb] 发送网页消息：0 次数，指定页面ID：WebPage00001
2016-08-02 17:13:32,889 [1] INFO  Holly--[33904] [(null)] - [MainUI] [SendMesToWeb] 获取到了当前指定webPageID的页面：WebPage00001
2016-08-02 17:13:32,891 [1] INFO  Holly--[33904] [(null)] - [MainJs] [SendMesToWeb] CTIEventMsg msg：UserEvent=Notice&Action=SaveWindowsName&Data=WebPage00001&outBoundType=-2
2016-08-02 17:13:32,998 [1] INFO  Holly--[33904] [(null)] - [HollyContactHelper] 获取厂家信息 ==落地号码->
2016-08-02 17:13:33,000 [1] INFO  Holly--[33904] [(null)] - [Main][UpdatAgentDB] 更新客服状态表AS4_置忙
2016-08-02 17:13:33,019 [1] INFO  Holly--[33904] [(null)] - [Main][UpdatAgentDB] 插入CAgent表
2016-08-02 17:13:33,380 [1] INFO  Holly--[33904] [(null)] - [Main][UpdatAgentDB] 插入新的状态 PreOid....IS:119
2016-08-02 17:13:33,381 [1] INFO  Holly--[33904] [(null)] - [@@@厂家消息通知@@@]OnMessage ：厂家状态(CurStatus：16；CurStatusName：休息；)厂家消息(休息开始。)程序状态(PS05_休息)
2016-08-02 17:13:33,426 [1] INFO  Holly--[33904] [(null)] - [HollyContactHelper] 获取厂家信息 ==落地号码->
2016-08-02 17:13:33,426 [1] INFO  Holly--[33904] [(null)] - [Main][UpdatAgentDB] 更新客服状态表AS3_置闲
2016-08-02 17:13:33,443 [1] INFO  Holly--[33904] [(null)] - [Main][UpdatAgentDB] 更新上一个状态的结束时间 PreOid....IS:119
2016-08-02 17:13:33,924 [1] INFO  Holly--[33904] [(null)] - [Main][UpdatAgentDB] 插入新的状态 PreOid....IS:120
2016-08-02 17:13:33,924 [1] INFO  Holly--[33904] [(null)] - [@@@厂家消息通知@@@]OnMessage ：厂家状态(CurStatus：16；CurStatusName：休息；)厂家消息(示闲成功。)程序状态(PS05_休息)
2016-08-02 17:13:34,076 [1] INFO  Holly--[33904] [(null)] - [HollyContactHelper] 获取厂家信息 ==落地号码->
2016-08-02 17:13:34,077 [1] INFO  Holly--[33904] [(null)] - [Main][UpdatAgentDB] 更新客服状态表AS4_置忙
2016-08-02 17:13:34,080 [1] INFO  Holly--[33904] [(null)] - [Main][UpdatAgentDB] 更新上一个状态的结束时间 PreOid....IS:120
2016-08-02 17:13:34,095 [1] INFO  Holly--[33904] [(null)] - [Main][UpdatAgentDB] 插入新的状态 PreOid....IS:121
2016-08-02 17:13:34,096 [1] INFO  Holly--[33904] [(null)] - [@@@厂家消息通知@@@]OnMessage ：厂家状态(CurStatus：16；CurStatusName：休息；)厂家消息(签入成功。)程序状态(PS05_休息)
2016-08-02 17:13:35,316 [1] INFO  Holly--[33904] [(null)] - [MainJs] [SendToWeb] 发送网页消息：0 次数，指定页面ID：WebPage00001
2016-08-02 17:13:35,317 [1] INFO  Holly--[33904] [(null)] - [MainUI] [SendMesToWeb] 获取到了当前指定webPageID的页面：WebPage00001
2016-08-02 17:13:35,317 [1] INFO  Holly--[33904] [(null)] - [MainJs] [SendMesToWeb] CTIEventMsg msg：UserEvent=Notice&Action=SaveWindowsName&Data=WebPage00001&outBoundType=-2
2016-08-02 17:13:37,147 [1] INFO  Holly--[33904] [(null)] - [MainJs] [MethodScript] urlPath /browsercontrol/newpage?url=/WOrderV2/AddWOrderInfo.aspx?CallSource=0&ModuleSource=1&key=5D09E396B7ACB&r=2099795346
2016-08-02 17:13:37,152 [1] INFO  Holly--[33904] [(null)] - [MainUI] [NewPageForReq] address is:/WOrderV2/AddWOrderInfo.aspx?CallSource=0&ModuleSource=1&key=5D09E396B7ACB&r=2099795346
2016-08-02 17:13:37,172 [1] INFO  Holly--[33904] [(null)] - [MainUI] [ShowTabPagesLog] 全部页面 个人用户列表=WebPage00001(); 新增页=WebPage00002(WebPage00001); 
2016-08-02 17:13:37,206 [1] INFO  Holly--[33904] [(null)] - [MainJs] [MethodScript] 命令调用完成，返回结果=ok
2016-08-02 17:13:38,560 [1] INFO  Holly--[33904] [(null)] - [MainJs] [SendToWeb] 发送网页消息：0 次数，指定页面ID：WebPage00002
2016-08-02 17:13:38,586 [1] INFO  Holly--[33904] [(null)] - [MainUI] [SendMesToWeb] 获取到了当前指定webPageID的页面：WebPage00002
2016-08-02 17:13:38,595 [1] INFO  Holly--[33904] [(null)] - [MainJs] [SendMesToWeb] CTIEventMsg msg：UserEvent=Notice&Action=SaveWindowsName&Data=WebPage00002&outBoundType=-2
2016-08-02 17:14:28,509 [1] INFO  Holly--[33904] [(null)] - [客户端推送日志信息] 开始
2016-08-02 17:14:30,595 [1] INFO  Holly--[33904] [(null)] - [客户端推送日志信息] 获取到请求数：0
2016-08-02 17:14:39,911 [1] INFO  Holly--[33904] [(null)] - [MainUI] [GetTabControlTabPagesCount] 可用页面数量=2
2016-08-02 17:14:40,052 [1] INFO  Holly--[33904] [(null)] - [MainUI] [SelectedIndexChanged] [切换页面] WebPage00001
2016-08-02 17:14:40,053 [1] INFO  Holly--[33904] [(null)] - [MainUI] 手动关闭页面=WebPage00002，并且移除alowReceiveCallMsg_WebpageIDList[允许给iframe子页面推送话务消息列表]中的PageID：WebPage00002,结果=False
2016-08-02 17:14:40,053 [1] INFO  Holly--[33904] [(null)] - [MainUI] [ShowTabPagesLog] 全部页面 个人用户列表=WebPage00001(); 
2016-08-02 17:14:40,941 [1] INFO  Holly--[33904] [(null)] - [MainJs] [MethodScript] urlPath /browsercontrol/newpage?url=/WOrderV2/AddWOrderInfo.aspx?CallSource=0&ModuleSource=1&key=5D09E396B7ACB&r=2099795346
2016-08-02 17:14:40,941 [1] INFO  Holly--[33904] [(null)] - [MainUI] [NewPageForReq] address is:/WOrderV2/AddWOrderInfo.aspx?CallSource=0&ModuleSource=1&key=5D09E396B7ACB&r=2099795346
2016-08-02 17:14:40,966 [1] INFO  Holly--[33904] [(null)] - [MainUI] [ShowTabPagesLog] 全部页面 个人用户列表=WebPage00001(); 新增页=WebPage00003(WebPage00001); 
2016-08-02 17:14:40,996 [1] INFO  Holly--[33904] [(null)] - [MainJs] [MethodScript] 命令调用完成，返回结果=ok
2016-08-02 17:14:41,985 [1] INFO  Holly--[33904] [(null)] - [MainJs] [SendToWeb] 发送网页消息：0 次数，指定页面ID：WebPage00003
2016-08-02 17:14:41,986 [1] INFO  Holly--[33904] [(null)] - [MainUI] [SendMesToWeb] 获取到了当前指定webPageID的页面：WebPage00003
2016-08-02 17:14:41,986 [1] INFO  Holly--[33904] [(null)] - [MainJs] [SendMesToWeb] CTIEventMsg msg：UserEvent=Notice&Action=SaveWindowsName&Data=WebPage00003&outBoundType=-2
2016-08-02 17:15:30,611 [1] INFO  Holly--[33904] [(null)] - [客户端推送日志信息] 开始
2016-08-02 17:15:30,624 [1] INFO  Holly--[33904] [(null)] - [客户端推送日志信息] 获取到请求数：0
2016-08-02 17:15:45,304 [1] INFO  Holly--[33904] [(null)] - [MainUI] [GetTabControlTabPagesCount] 可用页面数量=2
2016-08-02 17:15:45,447 [1] INFO  Holly--[33904] [(null)] - [MainUI] [SelectedIndexChanged] [切换页面] WebPage00001
2016-08-02 17:15:45,448 [1] INFO  Holly--[33904] [(null)] - [MainUI] 手动关闭页面=WebPage00003，并且移除alowReceiveCallMsg_WebpageIDList[允许给iframe子页面推送话务消息列表]中的PageID：WebPage00003,结果=False
2016-08-02 17:15:45,448 [1] INFO  Holly--[33904] [(null)] - [MainUI] [ShowTabPagesLog] 全部页面 个人用户列表=WebPage00001(); 
2016-08-02 17:15:47,770 [1] INFO  Holly--[33904] [(null)] - [MainJs] [SendToWeb] 发送网页消息：0 次数，指定页面ID：WebPage00001
2016-08-02 17:15:47,770 [1] INFO  Holly--[33904] [(null)] - [MainUI] [SendMesToWeb] 获取到了当前指定webPageID的页面：WebPage00001
2016-08-02 17:15:47,771 [1] INFO  Holly--[33904] [(null)] - [MainJs] [SendMesToWeb] CTIEventMsg msg：UserEvent=Notice&Action=SaveWindowsName&Data=WebPage00001&outBoundType=-2
2016-08-02 17:15:48,411 [1] INFO  Holly--[33904] [(null)] - [MainJs] [MethodScript] urlPath /browsercontrol/newpage?url=/WOrderV2/AddWOrderInfo.aspx?CallSource=0&ModuleSource=1&key=5D09E396B7ACB&r=313354382
2016-08-02 17:15:48,411 [1] INFO  Holly--[33904] [(null)] - [MainUI] [NewPageForReq] address is:/WOrderV2/AddWOrderInfo.aspx?CallSource=0&ModuleSource=1&key=5D09E396B7ACB&r=313354382
2016-08-02 17:15:48,429 [1] INFO  Holly--[33904] [(null)] - [MainUI] [ShowTabPagesLog] 全部页面 个人用户列表=WebPage00001(); 新增页=WebPage00004(WebPage00001); 
2016-08-02 17:15:48,465 [1] INFO  Holly--[33904] [(null)] - [MainJs] [MethodScript] 命令调用完成，返回结果=ok
2016-08-02 17:15:49,427 [1] INFO  Holly--[33904] [(null)] - [MainJs] [SendToWeb] 发送网页消息：0 次数，指定页面ID：WebPage00004
2016-08-02 17:15:49,427 [1] INFO  Holly--[33904] [(null)] - [MainUI] [SendMesToWeb] 获取到了当前指定webPageID的页面：WebPage00004
2016-08-02 17:15:49,428 [1] INFO  Holly--[33904] [(null)] - [MainJs] [SendMesToWeb] CTIEventMsg msg：UserEvent=Notice&Action=SaveWindowsName&Data=WebPage00004&outBoundType=-2
2016-08-02 17:16:25,514 [1] INFO  Holly--[33904] [(null)] - [MainUI] [GetTabControlTabPagesCount] 可用页面数量=2
2016-08-02 17:16:25,622 [1] INFO  Holly--[33904] [(null)] - [MainUI] [SelectedIndexChanged] [切换页面] WebPage00001
2016-08-02 17:16:25,622 [1] INFO  Holly--[33904] [(null)] - [MainUI] 手动关闭页面=WebPage00004，并且移除alowReceiveCallMsg_WebpageIDList[允许给iframe子页面推送话务消息列表]中的PageID：WebPage00004,结果=False
2016-08-02 17:16:25,622 [1] INFO  Holly--[33904] [(null)] - [MainUI] [ShowTabPagesLog] 全部页面 个人用户列表=WebPage00001(); 
2016-08-02 17:16:28,481 [1] INFO  Holly--[33904] [(null)] - [***MDBFileHelper***][AdditionalRecording] 补录数据
2016-08-02 17:16:29,079 [1] INFO  Holly--[33904] [(null)] - [MainJs] [MethodScript] urlPath /browsercontrol/newpage?url=/WOrderV2/AddWOrderInfo.aspx?CallSource=0&ModuleSource=1&key=5D09E396B7ACB&r=313354382
2016-08-02 17:16:29,079 [1] INFO  Holly--[33904] [(null)] - [MainUI] [NewPageForReq] address is:/WOrderV2/AddWOrderInfo.aspx?CallSource=0&ModuleSource=1&key=5D09E396B7ACB&r=313354382
2016-08-02 17:16:29,097 [1] INFO  Holly--[33904] [(null)] - [MainUI] [ShowTabPagesLog] 全部页面 个人用户列表=WebPage00001(); 新增页=WebPage00005(WebPage00001); 
2016-08-02 17:16:29,137 [1] INFO  Holly--[33904] [(null)] - [MainJs] [MethodScript] 命令调用完成，返回结果=ok
2016-08-02 17:16:29,947 [1] INFO  Holly--[33904] [(null)] - [MainJs] [SendToWeb] 发送网页消息：0 次数，指定页面ID：WebPage00005
2016-08-02 17:16:29,947 [1] INFO  Holly--[33904] [(null)] - [MainUI] [SendMesToWeb] 获取到了当前指定webPageID的页面：WebPage00005
2016-08-02 17:16:29,948 [1] INFO  Holly--[33904] [(null)] - [MainJs] [SendMesToWeb] CTIEventMsg msg：UserEvent=Notice&Action=SaveWindowsName&Data=WebPage00005&outBoundType=-2
2016-08-02 17:16:30,642 [1] INFO  Holly--[33904] [(null)] - [客户端推送日志信息] 开始
2016-08-02 17:16:30,655 [1] INFO  Holly--[33904] [(null)] - [客户端推送日志信息] 获取到请求数：0
2016-08-02 17:17:30,670 [1] INFO  Holly--[33904] [(null)] - [客户端推送日志信息] 开始
2016-08-02 17:17:30,683 [1] INFO  Holly--[33904] [(null)] - [客户端推送日志信息] 获取到请求数：0
2016-08-02 17:18:28,421 [1] INFO  Holly--[33904] [(null)] - [Main]timer_LoginTime_Tick LoginOnOid=118
2016-08-02 17:18:30,697 [1] INFO  Holly--[33904] [(null)] - [客户端推送日志信息] 开始
2016-08-02 17:18:30,711 [1] INFO  Holly--[33904] [(null)] - [客户端推送日志信息] 获取到请求数：0
2016-08-02 17:19:29,075 [1] INFO  Holly--[33904] [(null)] - [***MDBFileHelper***][AdditionalRecording] 补录数据
2016-08-02 17:19:30,728 [1] INFO  Holly--[33904] [(null)] - [客户端推送日志信息] 开始
2016-08-02 17:19:30,743 [1] INFO  Holly--[33904] [(null)] - [客户端推送日志信息] 获取到请求数：0
2016-08-02 17:20:30,757 [1] INFO  Holly--[33904] [(null)] - [客户端推送日志信息] 开始
2016-08-02 17:20:30,772 [1] INFO  Holly--[33904] [(null)] - [客户端推送日志信息] 获取到请求数：0
2016-08-02 17:21:11,679 [1] INFO  Holly--[33904] [(null)] - [MainUI] [GetTabControlTabPagesCount] 可用页面数量=2
2016-08-02 17:21:11,788 [1] INFO  Holly--[33904] [(null)] - [MainUI] [SelectedIndexChanged] [切换页面] WebPage00001
2016-08-02 17:21:11,789 [1] INFO  Holly--[33904] [(null)] - [MainUI] 手动关闭页面=WebPage00005，并且移除alowReceiveCallMsg_WebpageIDList[允许给iframe子页面推送话务消息列表]中的PageID：WebPage00005,结果=False
2016-08-02 17:21:11,789 [1] INFO  Holly--[33904] [(null)] - [MainUI] [ShowTabPagesLog] 全部页面 个人用户列表=WebPage00001(); 
2016-08-02 17:21:12,949 [1] INFO  Holly--[33904] [(null)] - [MainJs] [MethodScript] urlPath /browsercontrol/newpage?url=/WOrderV2/AddWOrderInfo.aspx?CallSource=0&ModuleSource=1&key=5D09E396B7ACB&r=313354382
2016-08-02 17:21:12,950 [1] INFO  Holly--[33904] [(null)] - [MainUI] [NewPageForReq] address is:/WOrderV2/AddWOrderInfo.aspx?CallSource=0&ModuleSource=1&key=5D09E396B7ACB&r=313354382
2016-08-02 17:21:12,974 [1] INFO  Holly--[33904] [(null)] - [MainUI] [ShowTabPagesLog] 全部页面 个人用户列表=WebPage00001(); 新增页=WebPage00006(WebPage00001); 
2016-08-02 17:21:12,998 [1] INFO  Holly--[33904] [(null)] - [MainJs] [MethodScript] 命令调用完成，返回结果=ok
2016-08-02 17:21:17,130 [1] INFO  Holly--[33904] [(null)] - [MainJs] [SendToWeb] 发送网页消息：0 次数，指定页面ID：WebPage00006
2016-08-02 17:21:17,130 [1] INFO  Holly--[33904] [(null)] - [MainUI] [SendMesToWeb] 获取到了当前指定webPageID的页面：WebPage00006
2016-08-02 17:21:17,130 [1] INFO  Holly--[33904] [(null)] - [MainJs] [SendMesToWeb] CTIEventMsg msg：UserEvent=Notice&Action=SaveWindowsName&Data=WebPage00006&outBoundType=-2
2016-08-02 17:21:30,815 [1] INFO  Holly--[33904] [(null)] - [客户端推送日志信息] 开始
2016-08-02 17:21:34,636 [1] INFO  Holly--[33904] [(null)] - [客户端推送日志信息] 获取到请求数：0
2016-08-02 17:22:29,195 [1] INFO  Holly--[33904] [(null)] - [***MDBFileHelper***][AdditionalRecording] 补录数据
2016-08-02 17:22:34,653 [1] INFO  Holly--[33904] [(null)] - [客户端推送日志信息] 开始
2016-08-02 17:22:35,614 [1] INFO  Holly--[33904] [(null)] - [客户端推送日志信息] 获取到请求数：0
2016-08-02 17:23:28,429 [1] INFO  Holly--[33904] [(null)] - [Main]timer_LoginTime_Tick LoginOnOid=118
2016-08-02 17:23:35,633 [1] INFO  Holly--[33904] [(null)] - [客户端推送日志信息] 开始
2016-08-02 17:23:35,648 [1] INFO  Holly--[33904] [(null)] - [客户端推送日志信息] 获取到请求数：0
2016-08-02 17:24:35,664 [1] INFO  Holly--[33904] [(null)] - [客户端推送日志信息] 开始
2016-08-02 17:24:36,028 [1] INFO  Holly--[33904] [(null)] - [客户端推送日志信息] 获取到请求数：0
2016-08-02 17:25:29,251 [1] INFO  Holly--[33904] [(null)] - [***MDBFileHelper***][AdditionalRecording] 补录数据
2016-08-02 17:25:33,408 [1] INFO  Holly--[33904] [(null)] - [MainUI] [GetTabControlTabPagesCount] 可用页面数量=2
2016-08-02 17:25:33,527 [1] INFO  Holly--[33904] [(null)] - [MainUI] [SelectedIndexChanged] [切换页面] WebPage00001
2016-08-02 17:25:33,528 [1] INFO  Holly--[33904] [(null)] - [MainUI] 手动关闭页面=WebPage00006，并且移除alowReceiveCallMsg_WebpageIDList[允许给iframe子页面推送话务消息列表]中的PageID：WebPage00006,结果=False
2016-08-02 17:25:33,528 [1] INFO  Holly--[33904] [(null)] - [MainUI] [ShowTabPagesLog] 全部页面 个人用户列表=WebPage00001(); 
2016-08-02 17:25:34,842 [1] INFO  Holly--[33904] [(null)] - [MainJs] [MethodScript] urlPath /browsercontrol/newpage?url=/WOrderV2/AddWOrderInfo.aspx?CallSource=0&ModuleSource=1&key=5D09E396B7ACB&r=313354382
2016-08-02 17:25:34,842 [1] INFO  Holly--[33904] [(null)] - [MainUI] [NewPageForReq] address is:/WOrderV2/AddWOrderInfo.aspx?CallSource=0&ModuleSource=1&key=5D09E396B7ACB&r=313354382
2016-08-02 17:25:34,862 [1] INFO  Holly--[33904] [(null)] - [MainUI] [ShowTabPagesLog] 全部页面 个人用户列表=WebPage00001(); 新增页=WebPage00007(WebPage00001); 
2016-08-02 17:25:34,892 [1] INFO  Holly--[33904] [(null)] - [MainJs] [MethodScript] 命令调用完成，返回结果=ok
2016-08-02 17:25:36,051 [1] INFO  Holly--[33904] [(null)] - [客户端推送日志信息] 开始
2016-08-02 17:25:36,066 [1] INFO  Holly--[33904] [(null)] - [客户端推送日志信息] 获取到请求数：0
2016-08-02 17:25:36,918 [1] INFO  Holly--[33904] [(null)] - [MainJs] [SendToWeb] 发送网页消息：0 次数，指定页面ID：WebPage00007
2016-08-02 17:25:36,918 [1] INFO  Holly--[33904] [(null)] - [MainUI] [SendMesToWeb] 获取到了当前指定webPageID的页面：WebPage00007
2016-08-02 17:25:36,919 [1] INFO  Holly--[33904] [(null)] - [MainJs] [SendMesToWeb] CTIEventMsg msg：UserEvent=Notice&Action=SaveWindowsName&Data=WebPage00007&outBoundType=-2
2016-08-02 17:26:36,100 [1] INFO  Holly--[33904] [(null)] - [客户端推送日志信息] 开始
2016-08-02 17:26:36,119 [1] INFO  Holly--[33904] [(null)] - [客户端推送日志信息] 获取到请求数：0
2016-08-02 17:26:45,458 [1] INFO  Holly--[33904] [(null)] - [MainUI] [GetTabControlTabPagesCount] 可用页面数量=2
2016-08-02 17:26:45,586 [1] INFO  Holly--[33904] [(null)] - [MainUI] [SelectedIndexChanged] [切换页面] WebPage00001
2016-08-02 17:26:45,587 [1] INFO  Holly--[33904] [(null)] - [MainUI] 手动关闭页面=WebPage00007，并且移除alowReceiveCallMsg_WebpageIDList[允许给iframe子页面推送话务消息列表]中的PageID：WebPage00007,结果=False
2016-08-02 17:26:45,587 [1] INFO  Holly--[33904] [(null)] - [MainUI] [ShowTabPagesLog] 全部页面 个人用户列表=WebPage00001(); 
2016-08-02 17:26:46,867 [1] INFO  Holly--[33904] [(null)] - [MainJs] [MethodScript] urlPath /browsercontrol/newpage?url=/WOrderV2/AddWOrderInfo.aspx?CallSource=0&ModuleSource=1&key=5D09E396B7ACB&r=313354382
2016-08-02 17:26:46,867 [1] INFO  Holly--[33904] [(null)] - [MainUI] [NewPageForReq] address is:/WOrderV2/AddWOrderInfo.aspx?CallSource=0&ModuleSource=1&key=5D09E396B7ACB&r=313354382
2016-08-02 17:26:46,885 [1] INFO  Holly--[33904] [(null)] - [MainUI] [ShowTabPagesLog] 全部页面 个人用户列表=WebPage00001(); 新增页=WebPage00008(WebPage00001); 
2016-08-02 17:26:46,916 [1] INFO  Holly--[33904] [(null)] - [MainJs] [MethodScript] 命令调用完成，返回结果=ok
2016-08-02 17:26:47,780 [1] INFO  Holly--[33904] [(null)] - [MainJs] [SendToWeb] 发送网页消息：0 次数，指定页面ID：WebPage00008
2016-08-02 17:26:47,780 [1] INFO  Holly--[33904] [(null)] - [MainUI] [SendMesToWeb] 获取到了当前指定webPageID的页面：WebPage00008
2016-08-02 17:26:47,781 [1] INFO  Holly--[33904] [(null)] - [MainJs] [SendMesToWeb] CTIEventMsg msg：UserEvent=Notice&Action=SaveWindowsName&Data=WebPage00008&outBoundType=-2
2016-08-02 17:27:01,874 [1] INFO  Holly--[33904] [(null)] - [MainUI] [GetTabControlTabPagesCount] 可用页面数量=2
2016-08-02 17:27:02,012 [1] INFO  Holly--[33904] [(null)] - [MainUI] [SelectedIndexChanged] [切换页面] WebPage00001
2016-08-02 17:27:02,012 [1] INFO  Holly--[33904] [(null)] - [MainUI] 手动关闭页面=WebPage00008，并且移除alowReceiveCallMsg_WebpageIDList[允许给iframe子页面推送话务消息列表]中的PageID：WebPage00008,结果=False
2016-08-02 17:27:02,012 [1] INFO  Holly--[33904] [(null)] - [MainUI] [ShowTabPagesLog] 全部页面 个人用户列表=WebPage00001(); 
2016-08-02 17:27:36,140 [1] INFO  Holly--[33904] [(null)] - [客户端推送日志信息] 开始
2016-08-02 17:27:36,153 [1] INFO  Holly--[33904] [(null)] - [客户端推送日志信息] 获取到请求数：0
2016-08-02 17:28:28,453 [1] INFO  Holly--[33904] [(null)] - [Main]timer_LoginTime_Tick LoginOnOid=118
2016-08-02 17:28:29,306 [1] INFO  Holly--[33904] [(null)] - [***MDBFileHelper***][AdditionalRecording] 补录数据
2016-08-02 17:28:36,170 [1] INFO  Holly--[33904] [(null)] - [客户端推送日志信息] 开始
2016-08-02 17:28:36,184 [1] INFO  Holly--[33904] [(null)] - [客户端推送日志信息] 获取到请求数：0
2016-08-02 17:29:36,199 [1] INFO  Holly--[33904] [(null)] - [客户端推送日志信息] 开始
2016-08-02 17:29:36,214 [1] INFO  Holly--[33904] [(null)] - [客户端推送日志信息] 获取到请求数：0
2016-08-02 17:30:36,227 [1] INFO  Holly--[33904] [(null)] - [客户端推送日志信息] 开始
2016-08-02 17:30:38,671 [1] INFO  Holly--[33904] [(null)] - [客户端推送日志信息] 获取到请求数：0
2016-08-02 17:31:29,361 [1] INFO  Holly--[33904] [(null)] - [***MDBFileHelper***][AdditionalRecording] 补录数据
2016-08-02 17:31:38,697 [1] INFO  Holly--[33904] [(null)] - [客户端推送日志信息] 开始
2016-08-02 17:31:39,063 [1] INFO  Holly--[33904] [(null)] - [客户端推送日志信息] 获取到请求数：0
2016-08-02 17:32:39,078 [1] INFO  Holly--[33904] [(null)] - [客户端推送日志信息] 开始
2016-08-02 17:32:39,093 [1] INFO  Holly--[33904] [(null)] - [客户端推送日志信息] 获取到请求数：0
2016-08-02 17:33:28,470 [1] INFO  Holly--[33904] [(null)] - [Main]timer_LoginTime_Tick LoginOnOid=118
2016-08-02 17:33:39,113 [1] INFO  Holly--[33904] [(null)] - [客户端推送日志信息] 开始
2016-08-02 17:33:39,128 [1] INFO  Holly--[33904] [(null)] - [客户端推送日志信息] 获取到请求数：0
2016-08-02 17:34:29,418 [1] INFO  Holly--[33904] [(null)] - [***MDBFileHelper***][AdditionalRecording] 补录数据
2016-08-02 17:34:39,138 [1] INFO  Holly--[33904] [(null)] - [客户端推送日志信息] 开始
2016-08-02 17:34:39,157 [1] INFO  Holly--[33904] [(null)] - [客户端推送日志信息] 获取到请求数：0
2016-08-02 17:35:39,182 [1] INFO  Holly--[33904] [(null)] - [客户端推送日志信息] 开始
2016-08-02 17:35:39,196 [1] INFO  Holly--[33904] [(null)] - [客户端推送日志信息] 获取到请求数：0
2016-08-02 17:36:39,212 [1] INFO  Holly--[33904] [(null)] - [客户端推送日志信息] 开始
2016-08-02 17:36:39,227 [1] INFO  Holly--[33904] [(null)] - [客户端推送日志信息] 获取到请求数：0
2016-08-02 17:37:29,474 [1] INFO  Holly--[33904] [(null)] - [***MDBFileHelper***][AdditionalRecording] 补录数据
2016-08-02 17:37:39,241 [1] INFO  Holly--[33904] [(null)] - [客户端推送日志信息] 开始
2016-08-02 17:37:39,257 [1] INFO  Holly--[33904] [(null)] - [客户端推送日志信息] 获取到请求数：0
2016-08-02 17:38:28,492 [1] INFO  Holly--[33904] [(null)] - [Main]timer_LoginTime_Tick LoginOnOid=118
2016-08-02 17:38:39,269 [1] INFO  Holly--[33904] [(null)] - [客户端推送日志信息] 开始
2016-08-02 17:38:39,283 [1] INFO  Holly--[33904] [(null)] - [客户端推送日志信息] 获取到请求数：0
2016-08-02 17:39:39,299 [1] INFO  Holly--[33904] [(null)] - [客户端推送日志信息] 开始
2016-08-02 17:39:39,314 [1] INFO  Holly--[33904] [(null)] - [客户端推送日志信息] 获取到请求数：0
2016-08-02 17:40:29,531 [1] INFO  Holly--[33904] [(null)] - [***MDBFileHelper***][AdditionalRecording] 补录数据
2016-08-02 17:40:39,328 [1] INFO  Holly--[33904] [(null)] - [客户端推送日志信息] 开始
2016-08-02 17:40:39,343 [1] INFO  Holly--[33904] [(null)] - [客户端推送日志信息] 获取到请求数：0
2016-08-02 17:41:39,358 [1] INFO  Holly--[33904] [(null)] - [客户端推送日志信息] 开始
2016-08-02 17:41:39,723 [1] INFO  Holly--[33904] [(null)] - [客户端推送日志信息] 获取到请求数：0
2016-08-02 17:42:30,618 [1] INFO  Holly--[33904] [(null)] - [登录登出模块] ExitLogin() Begin...
2016-08-02 17:42:30,662 [1] INFO  Holly--[33904] [(null)] - [登录登出模块]DeleteAgentStateToDB...客服退出时 LoginOnOid....IS:118
2016-08-02 17:42:30,663 [1] INFO  Holly--[33904] [(null)] - [登录登出模块]DeleteAgentStateToDB...客服退出时 GetCurrentTime()....IS:2016-08-02 17:42:30
2016-08-02 17:42:30,670 [1] INFO  Holly--[33904] [(null)] - [登录登出模块]DeleteAgentStateToDB...退出成功....
2016-08-02 17:42:30,704 [1] INFO  Holly--[33904] [(null)] - [HollyContactHelper]用户操作==签出->True
2016-08-02 17:42:30,778 [1] INFO  Holly--[33904] [(null)] - [Main] 更新上一个状态的结束时间 PreOid....IS:121
2016-08-02 17:42:32,123 [1] INFO  Holly--[33904] [(null)] - [HollyContactHelper]用户操作==卸载->True
2016-08-02 17:42:32,123 [1] INFO  Holly--[33904] [(null)] - [登录登出模块] ExitLogin() End.
