2016-04-06 18:45:37,467 [1] INFO  Holly- [(null)] - [登录窗口]btnLogin_Click Begin...
2016-04-06 18:45:37,619 [1] INFO  Holly- [(null)] - [HollyContactHelper]ModifySoftphoneINIByDN――根据DN35197,选择的SIPServerIP为：192.168.112.205
2016-04-06 18:45:38,307 [1] INFO  Holly- [(null)] - [HollyContactHelper]用户操作==装载及初始化->True
2016-04-06 18:45:38,307 [1] INFO  Holly- [(null)] - [登录窗口]btnLogin_Click： 异步加载，回调事件中继续登录
2016-04-06 18:45:38,307 [1] INFO  Holly- [(null)] - [登录窗口]btnLogin_Click End
2016-04-06 18:45:38,406 [1] INFO  Holly- [(null)] - [@@@厂家消息通知@@@]OnMessage ：厂家状态(CurStatus：0；CurStatusName：准备就绪状态；)厂家消息(服务器已上线:UserName=AgentUser,UserGOR=56098817)程序状态(PS01_就绪)
2016-04-06 18:45:38,428 [1] INFO  Holly- [(null)] - [@@@厂家消息通知@@@]OnMessage ：厂家状态(CurStatus：0；CurStatusName：准备就绪状态；)厂家消息(服务器已上线:UserName=LSUser,UserGOR=65537)程序状态(PS01_就绪)
2016-04-06 18:45:38,483 [1] INFO  Holly- [(null)] - [@@@厂家消息通知@@@]OnMessage ：厂家状态(CurStatus：0；CurStatusName：准备就绪状态；)厂家消息(服务器已上线:UserName=ASUser,UserGOR=720897)程序状态(PS01_就绪)
2016-04-06 18:45:38,486 [1] INFO  Holly- [(null)] - [@@@厂家消息通知@@@]OnMessage ：厂家状态(CurStatus：0；CurStatusName：准备就绪状态；)厂家消息(服务器已上线:UserName=EDSUser,UserGOR=131073)程序状态(PS01_就绪)
2016-04-06 18:45:38,489 [1] INFO  Holly- [(null)] - [@@@厂家消息通知@@@]OnMessage ：厂家状态(CurStatus：0；CurStatusName：准备就绪状态；)厂家消息(服务器已上线:UserName=StatEvent,UserGOR=327681)程序状态(PS01_就绪)
2016-04-06 18:45:38,491 [1] INFO  Holly- [(null)] - [@@@厂家消息通知@@@]OnMessage ：厂家状态(CurStatus：0；CurStatusName：准备就绪状态；)厂家消息(服务器已上线:UserName=StatUser,UserGOR=327682)程序状态(PS01_就绪)
2016-04-06 18:45:38,491 [1] INFO  Holly- [(null)] - 当前调用Load函数，返回的服务器信息条数为：6
2016-04-06 18:45:38,514 [1] INFO  Holly- [(null)] - [登录登出模块] Login ( masj, *** , 35197 ) 
2016-04-06 18:45:38,516 [1] INFO  Holly- [(null)] - [登录登出模块] DomainAccountLogin(masj, pwd) begin...
2016-04-06 18:45:38,696 [1] INFO  Holly- [(null)] - [登录登出模块] DomainAccountLogin(masj, pwd) end.return BitAuto.Services.Organization.Remoting.Employee
2016-04-06 18:45:40,174 [1] INFO  Holly- [(null)] - [登录登出模块] InitLoginUser() Begin...
2016-04-06 18:45:52,845 [1] INFO  Holly- [(null)] - [登录登出模块] InitLoginUser() 客服登录...AgentID is:10658,AgentNum is:13001,GroupName is:电商运营支持部--商城组,OutNum is:86
2016-04-06 18:45:52,845 [1] INFO  Holly- [(null)] - [登录登出模块] InitLoginUser() End...
2016-04-06 18:45:53,933 [1] INFO  Holly- [(null)] - [HollyContactHelper]用户操作==添加技能组->1099 3
2016-04-06 18:45:53,933 [1] INFO  Holly- [(null)] - [HollyContactHelper]用户操作==添加技能组->1094 3
2016-04-06 18:45:53,933 [1] INFO  Holly- [(null)] - [HollyContactHelper]用户操作==添加技能组->1096 3
2016-04-06 18:45:53,969 [1] INFO  Holly- [(null)] - [HollyContactHelper]用户操作==签入->True
2016-04-06 18:45:54,087 [1] INFO  Holly- [(null)] - [登录登出模块] InsertAgentState()更新退出时间....norecord
2016-04-06 18:45:54,118 [1] INFO  Holly- [(null)] - [登录登出模块] InsertAgentState()登录状态LoginOnOid....is:176
2016-04-06 18:45:54,118 [1] INFO  Holly- [(null)] - [登录登出模块] Login(masj, pwd, 35197) End.
2016-04-06 18:45:54,865 [1] INFO  Holly- [(null)] - [InitMainForm] 开始验证监控权限
2016-04-06 18:45:54,942 [1] INFO  Holly- [(null)] - [InitMainForm] 有 监控权限
2016-04-06 18:45:48,006 [1] INFO  Holly- [(null)] - [@@@厂家消息通知@@@]OnMessage ：厂家状态(CurStatus：0；CurStatusName：准备就绪状态；)厂家消息(座席签入成功)程序状态(PS01_就绪)
2016-04-06 18:45:48,051 [1] INFO  Holly- [(null)] - [事件][OnSignInSuccess] 签入成功事件
2016-04-06 18:45:48,119 [1] INFO  Holly- [(null)] - [登录登出模块] InsertAgentState()更新退出时间....success
2016-04-06 18:45:48,126 [1] INFO  Holly- [(null)] - [登录登出模块] InsertAgentState()登录状态LoginOnOid....is:177
2016-04-06 18:45:48,128 [1] INFO  Holly- [(null)] - [@@@厂家消息通知@@@]OnMessage ：厂家状态(CurStatus：2；CurStatusName：置忙；)厂家消息(状态改变：准备就绪状态-->置忙)程序状态(PS04_置忙)
2016-04-06 18:45:48,130 [1] INFO  Holly- [(null)] - [>>>厂家状态变化<<<]OnStatusChange ：PS01_就绪(0) -> PS04_置忙(2)
2016-04-06 18:45:48,161 [1] INFO  Holly- [(null)] - [HollyContactHelper]用户操作==置闲->True
2016-04-06 18:45:48,409 [1] INFO  Holly- [(null)] - [HollyContactHelper]用户操作==休息(BS0_自动)->True
2016-04-06 18:45:48,410 [1] INFO  Holly- [(null)] - [Main][SetMainStatus]设置状态：PS04_置忙(BS0_自动)
2016-04-06 18:45:48,425 [1] INFO  Holly- [(null)] - [@@@厂家消息通知@@@]OnMessage ：厂家状态(CurStatus：1；CurStatusName：空闲；)厂家消息(状态改变：置忙-->空闲)程序状态(PS03_置闲)
2016-04-06 18:45:48,426 [1] INFO  Holly- [(null)] - [>>>厂家状态变化<<<]OnStatusChange ：PS04_置忙(2) -> PS03_置闲(1)
2016-04-06 18:45:48,426 [1] INFO  Holly- [(null)] - [Main][SetMainStatus]设置状态：PS03_置闲
2016-04-06 18:45:48,430 [1] INFO  Holly- [(null)] - [@@@厂家消息通知@@@]OnMessage ：厂家状态(CurStatus：16；CurStatusName：休息；)厂家消息(状态改变：空闲-->休息)程序状态(PS05_休息)
2016-04-06 18:45:48,431 [1] INFO  Holly- [(null)] - [>>>厂家状态变化<<<]OnStatusChange ：PS03_置闲(1) -> PS05_休息(16)
2016-04-06 18:45:48,431 [1] INFO  Holly- [(null)] - [Main][SetMainStatus]设置状态：PS05_休息
2016-04-06 18:45:48,680 [1] INFO  Holly- [(null)] - [HollyContactHelper] 获取厂家信息 ==落地号码->
2016-04-06 18:45:48,705 [1] INFO  Holly- [(null)] - [@@@厂家消息通知@@@]OnMessage ：厂家状态(CurStatus：16；CurStatusName：休息；)厂家消息(休息开始。)程序状态(PS05_休息)
2016-04-06 18:45:48,726 [1] INFO  Holly- [(null)] - [HollyContactHelper] 获取厂家信息 ==落地号码->
2016-04-06 18:45:48,726 [1] INFO  Holly- [(null)] - [@@@厂家消息通知@@@]OnMessage ：厂家状态(CurStatus：16；CurStatusName：休息；)厂家消息(示闲成功。)程序状态(PS05_休息)
2016-04-06 18:45:48,751 [1] INFO  Holly- [(null)] - [HollyContactHelper] 获取厂家信息 ==落地号码->
2016-04-06 18:45:48,752 [1] INFO  Holly- [(null)] - [@@@厂家消息通知@@@]OnMessage ：厂家状态(CurStatus：16；CurStatusName：休息；)厂家消息(签入成功。)程序状态(PS05_休息)
2016-04-06 18:46:28,218 [1] INFO  Holly- [(null)] - [Main] 点击按钮==置闲
2016-04-06 18:46:28,250 [1] INFO  Holly- [(null)] - [HollyContactHelper]用户操作==结束休息->True
2016-04-06 18:46:28,476 [1] INFO  Holly- [(null)] - [@@@厂家消息通知@@@]OnMessage ：厂家状态(CurStatus：1；CurStatusName：空闲；)厂家消息(状态改变：休息-->空闲)程序状态(PS03_置闲)
2016-04-06 18:46:28,476 [1] INFO  Holly- [(null)] - [>>>厂家状态变化<<<]OnStatusChange ：PS05_休息(16) -> PS03_置闲(1)
2016-04-06 18:46:28,476 [1] INFO  Holly- [(null)] - [Main][SetMainStatus]设置状态：PS03_置闲
2016-04-06 18:46:28,529 [1] INFO  Holly- [(null)] - [HollyContactHelper] 获取厂家信息 ==落地号码->
2016-04-06 18:46:28,530 [1] INFO  Holly- [(null)] - [@@@厂家消息通知@@@]OnMessage ：厂家状态(CurStatus：1；CurStatusName：空闲；)厂家消息(休息结束。)程序状态(PS03_置闲)
2016-04-06 18:46:47,654 [1] INFO  Holly- [(null)] - [客户端推送日志信息] 开始
2016-04-06 18:46:49,531 [1] INFO  Holly- [(null)] - [客户端推送日志信息] 获取到请求数：0
2016-04-06 18:46:49,533 [1] INFO  Holly- [(null)] - [@@@厂家消息通知@@@]OnMessage ：厂家状态(CurStatus：1；CurStatusName：空闲；)厂家消息(座席被锁定)程序状态(PS03_置闲)
2016-04-06 18:46:49,534 [1] INFO  Holly- [(null)] - [Main][SetMainStatus]设置状态：PS18_客服被锁定
2016-04-06 18:46:54,862 [1] INFO  Holly- [(null)] - [@@@厂家消息通知@@@]OnMessage ：厂家状态(CurStatus：3；CurStatusName：震铃；)厂家消息(状态改变：空闲-->震铃)程序状态(PS07_来电振铃)
2016-04-06 18:46:54,862 [1] INFO  Holly- [(null)] - [>>>厂家状态变化<<<]OnStatusChange ：PS03_置闲(1) -> PS07_来电振铃(3)
2016-04-06 18:46:54,862 [1] INFO  Holly- [(null)] - [Main][SetMainStatus]设置状态：PS07_来电振铃
2016-04-06 18:46:54,893 [1] INFO  Holly- [(null)] - [@@@厂家消息通知@@@]OnMessage ：厂家状态(CurStatus：3；CurStatusName：震铃；)厂家消息(座席话务处理)程序状态(PS07_来电振铃)
2016-04-06 18:46:54,941 [1] INFO  Holly- [(null)] - [HollyContactHelper] 普通进行 == 主叫号码->01068492026
2016-04-06 18:46:54,941 [1] INFO  Holly- [(null)] - [HollyContactHelper] 获取厂家信息 ==主叫号码->01068492026
2016-04-06 18:46:54,942 [1] INFO  Holly- [(null)] - [HollyContactHelper] >>>> HaoMaProcess 处理前>>>> 01068492026
2016-04-06 18:46:54,943 [1] INFO  Holly- [(null)] - [HollyContactHelper] >>>> HaoMaProcess 处理后>>>> 01068492026
2016-04-06 18:46:54,943 [1] INFO  Holly- [(null)] - [HollyContactHelper] 获取厂家信息 ==主叫号码->01068492026 ()
2016-04-06 18:46:54,945 [1] INFO  Holly- [(null)] - [HollyContactHelper] 获取厂家信息 ==被叫号码->35197
2016-04-06 18:46:54,945 [1] INFO  Holly- [(null)] - [HollyContactHelper] 获取厂家信息 ==落地号码->02987237722
2016-04-06 18:46:54,980 [1] INFO  Holly- [(null)] - [事件][OnBelling] 呼入振铃事件 ：呼入_分配接入 监控：非监控
2016-04-06 18:46:55,009 [1] INFO  Holly- [(null)] - [事件][CustomerInCome_OnBelling] 客服振铃
2016-04-06 18:46:55,011 [1] INFO  Holly- [(null)] - [======Common======] GetNewCallID ：生成新CallID时 date：2016-4-6 18:46:55 timestamp：1459939615
2016-04-06 18:46:55,011 [1] INFO  Holly- [(null)] - [======Common======] GetNewCallID ：生成新CallID：351971459939615806
2016-04-06 18:46:55,012 [1] INFO  Holly- [(null)] - [HollyContactHelper] [判断入线类型] == Skill_ID->1094 skillId-> sysAni-> mphone-> Key_IContact_ANI->01068492026 zhujiao->01068492026 beijiao->87237722
2016-04-06 18:46:55,012 [1] INFO  Holly- [(null)] - [HollyContactHelper] [判断入线类型] 普通呼入
2016-04-06 18:46:55,012 [1] INFO  Holly- [(null)] - [事件][CustomerInCome_OnBelling] 判断呼入类型：普通呼入
2016-04-06 18:46:55,018 [1] INFO  Holly- [(null)] - [HollyContactHelper] 普通进行 == 主叫号码->01068492026
2016-04-06 18:46:55,018 [1] INFO  Holly- [(null)] - [HollyContactHelper] 获取厂家信息 ==主叫号码->01068492026
2016-04-06 18:46:55,018 [1] INFO  Holly- [(null)] - [HollyContactHelper] >>>> HaoMaProcess 处理前>>>> 01068492026
2016-04-06 18:46:55,018 [1] INFO  Holly- [(null)] - [HollyContactHelper] >>>> HaoMaProcess 处理后>>>> 01068492026
2016-04-06 18:46:55,018 [1] INFO  Holly- [(null)] - [HollyContactHelper] 获取厂家信息 ==主叫号码->01068492026 ()
2016-04-06 18:46:55,018 [1] INFO  Holly- [(null)] - [HollyContactHelper] 获取厂家信息 ==被叫号码->35197
2016-04-06 18:46:55,020 [1] INFO  Holly- [(null)] - [HollyContactHelper] 获取厂家信息 ==落地号码->02987237722
2016-04-06 18:46:55,094 [1] INFO  Holly- [(null)] - [==BusinessProcess=] >>>> PhoneNumAndAni >>>> 01068492026->35197
2016-04-06 18:46:55,094 [1] INFO  Holly- [(null)] - [==BusinessProcess=] >>>> SwitchINNum >>>> 02987237722
2016-04-06 18:46:55,094 [1] INFO  Holly- [(null)] - [==BusinessProcess=] >>>> SkillGroup >>>> CS01
2016-04-06 18:46:55,097 [1] INFO  Holly- [(null)] - [HollyContactHelper] 获取厂家信息 ==厂家ID->20160406184642930_1_180_UIP5
2016-04-06 18:46:55,098 [1] INFO  Holly- [(null)] - [HollyContactHelper] 获取厂家信息 ==厂家ID->20160406184642930_1_180_UIP5
2016-04-06 18:46:55,098 [1] INFO  Holly- [(null)] - [==BusinessProcess=] InitCallRecordORIG callid：351971459939615806-calltype：C1_呼入
2016-04-06 18:46:55,099 [1] INFO  Holly- [(null)] - [==BusinessProcess=] >>>> InitiatedTime >>>> 2016-4-6 18:46:55
2016-04-06 18:46:55,100 [1] INFO  Holly- [(null)] - [==BusinessProcess=] >>>> RingingTime >>>> 2016-4-6 18:46:55
2016-04-06 18:46:55,104 [1] INFO  Holly- [(null)] - [HollyContactHelper] 获取厂家信息 ==落地号码->02987237722
2016-04-06 18:46:55,105 [1] INFO  Holly- [(null)] - [HollyContactHelper] 获取厂家信息 ==厂家ID->20160406184642930_1_180_UIP5
2016-04-06 18:46:55,106 [1] INFO  Holly- [(null)] - [==BusinessProcess=] InitUserEventData Transferred-351971459939615806-C33_JS呼入通话-2016-4-6 18:46:55
2016-04-06 18:46:55,115 [1] INFO  Holly- [(null)] - [MainJs] [SendToWeb] 发送网页消息：0 次数
2016-04-06 18:46:55,115 [1] INFO  Holly- [(null)] - [MainJs] [CurrentOutBoundTabPageName] 当前通话网页名称：
2016-04-06 18:46:55,160 [1] INFO  Holly- [(null)] - [MainUI] [SendMesToWeb] 获取当前默认标签页
2016-04-06 18:46:55,161 [1] INFO  Holly- [(null)] - [MainJs] [SendMesToWeb] 弹屏 http://ncc.sys1.bitauto.com/CTI/PopTransfer.aspx
2016-04-06 18:46:55,161 [1] INFO  Holly- [(null)] - [MainUI] [NewPageForReq] address is:http://ncc.sys1.bitauto.com/CTI/PopTransfer.aspx?UserEvent=Transferred&UserName=35197&CalledNum=35197&CallerNum=01068492026&CallID=351971459939615806&UserChoice=CS01&CallType=33&MediaType=-2&CallState=-2&CurrentDate=%u0032%u0030%u0031%u0036%u002D%u0030%u0034%u002D%u0030%u0036%u0020%u0031%u0038%u003A%u0034%u0036%u003A%u0035%u0035&SYS_DNIS=02987237722&RecordID=20160406184642930_1_180_UIP5&RecordIDURL=&IsEstablished=False&EstablishedStartTime=&TaskID=&TaskType=&outBoundType=-2
2016-04-06 18:46:55,162 [1] INFO  Holly- [(null)] - [MainUI] [CurrentOutBoundTabPageName] 呼入通话网页名称=新建：61be4ebd-0571-49a3-81b4-07653947b792
2016-04-06 18:46:55,183 [1] INFO  Holly- [(null)] - [MainUI] [ShowTabPagesLog] 全部页面 客户核实=709bd76b-5c76-4d00-b9d7-0d490e155b8d(); 新增页=61be4ebd-0571-49a3-81b4-07653947b792(709bd76b-5c76-4d00-b9d7-0d490e155b8d); 
2016-04-06 18:46:55,236 [1] INFO  Holly- [(null)] - [MainJs] [SendMesToWeb] CTIEventMsg msg：UserEvent=Transferred&UserName=35197&CalledNum=35197&CallerNum=01068492026&CallID=351971459939615806&UserChoice=CS01&CallType=33&MediaType=-2&CallState=-2&CurrentDate=%u0032%u0030%u0031%u0036%u002D%u0030%u0034%u002D%u0030%u0036%u0020%u0031%u0038%u003A%u0034%u0036%u003A%u0035%u0035&SYS_DNIS=02987237722&RecordID=20160406184642930_1_180_UIP5&RecordIDURL=&IsEstablished=False&EstablishedStartTime=&TaskID=&TaskType=&outBoundType=-2
2016-04-06 18:46:55,365 [1] INFO  Holly- [(null)] - [@@@厂家消息通知@@@]OnMessage ：厂家状态(CurStatus：3；CurStatusName：震铃；)厂家消息(来电振铃。)程序状态(PS07_来电振铃)
2016-04-06 18:46:55,430 [1] INFO  Holly- [(null)] - [@@@厂家消息通知@@@]OnMessage ：厂家状态(CurStatus：3；CurStatusName：震铃；)厂家消息(话路被挂断：ContactID=20160406184642930_1_180_UIP5,CurrStatus=21,LastStatus=23,OtherParty=151143,ResonCode=16,ResonDesc=ActTpDisconnected)程序状态(PS07_来电振铃)
2016-04-06 18:46:55,658 [1] INFO  Holly- [(null)] - [@@@厂家消息通知@@@]OnMessage ：厂家状态(CurStatus：1；CurStatusName：空闲；)厂家消息(状态改变：震铃-->空闲)程序状态(PS03_置闲)
2016-04-06 18:46:55,658 [1] INFO  Holly- [(null)] - [>>>厂家状态变化<<<]OnStatusChange ：PS07_来电振铃(3) -> PS03_置闲(1)
2016-04-06 18:46:55,658 [1] INFO  Holly- [(null)] - [Main][SetMainStatus]设置状态：PS03_置闲
2016-04-06 18:46:55,734 [1] INFO  Holly- [(null)] - [HollyContactHelper] 获取厂家信息 ==落地号码->
2016-04-06 18:46:55,736 [1] INFO  Holly- [(null)] - [@@@厂家消息通知@@@]OnMessage ：厂家状态(CurStatus：1；CurStatusName：空闲；)厂家消息(来电取消。)程序状态(PS03_置闲)
2016-04-06 18:46:55,739 [1] INFO  Holly- [(null)] - [事件][OnHangup] 挂断事件 ：对方用户挂机-呼入_分配接入 监控：非监控
2016-04-06 18:46:55,763 [1] INFO  Holly- [(null)] - [事件][OnHangup] 挂断
2016-04-06 18:46:55,800 [1] INFO  Holly- [(null)] - [HollyContactHelper] 获取厂家信息 ==厂家ID->20160406184642930_1_180_UIP5
2016-04-06 18:46:55,800 [1] INFO  Holly- [(null)] - [HollyContactHelper] 获取厂家信息 ==厂家ID->20160406184642930_1_180_UIP5
2016-04-06 18:46:55,800 [1] INFO  Holly- [(null)] - [HollyContactHelper] 普通进行 == 主叫号码->
2016-04-06 18:46:55,800 [1] INFO  Holly- [(null)] - [HollyContactHelper] 获取厂家信息 ==主叫号码->随路数据为空，通过方法获取->01068492026
2016-04-06 18:46:55,800 [1] INFO  Holly- [(null)] - [HollyContactHelper] 获取厂家信息 ==主叫号码->01068492026
2016-04-06 18:46:55,800 [1] INFO  Holly- [(null)] - [HollyContactHelper] >>>> HaoMaProcess 处理前>>>> 01068492026
2016-04-06 18:46:55,800 [1] INFO  Holly- [(null)] - [HollyContactHelper] >>>> HaoMaProcess 处理后>>>> 01068492026
2016-04-06 18:46:55,800 [1] INFO  Holly- [(null)] - [HollyContactHelper] 获取厂家信息 ==主叫号码->01068492026 ()
2016-04-06 18:46:55,800 [1] INFO  Holly- [(null)] - [HollyContactHelper] 获取厂家信息 ==被叫号码->35197
2016-04-06 18:46:55,800 [1] INFO  Holly- [(null)] - [HollyContactHelper] 获取厂家信息 ==落地号码->
2016-04-06 18:46:55,800 [1] INFO  Holly- [(null)] - [==BusinessProcess=] >>>> PhoneNumAndAni >>>> 01068492026->35197
2016-04-06 18:46:55,800 [1] INFO  Holly- [(null)] - [==BusinessProcess=] >>>> SwitchINNum >>>> 
2016-04-06 18:46:55,801 [1] INFO  Holly- [(null)] - [==BusinessProcess=] >>>> SkillGroup >>>> 
2016-04-06 18:46:55,801 [1] INFO  Holly- [(null)] - [==BusinessProcess=] >>>> CustomerReleaseTime >>>> 2016-4-6 18:46:55
2016-04-06 18:46:55,801 [1] INFO  Holly- [(null)] - [==BusinessProcess=] >>>> AfterWorkBeginTime >>>> 2016-4-6 18:46:55
2016-04-06 18:46:55,803 [1] INFO  Holly- [(null)] - [==BusinessProcess=] >>>> AudioURL >>>> 
2016-04-06 18:46:55,804 [1] INFO  Holly- [(null)] - [==BusinessProcess=] >>>> TallTime >>>> 0
2016-04-06 18:46:56,802 [1] INFO  Holly- [(null)] - [CallRecordHelper][InsertCallRecordNew] 成功
2016-04-06 18:46:56,937 [1] INFO  Holly- [(null)] - [HollyContactHelper] 获取厂家信息 ==落地号码->
2016-04-06 18:46:56,938 [1] INFO  Holly- [(null)] - [HollyContactHelper] 获取厂家信息 ==厂家ID->20160406184642930_1_180_UIP5
2016-04-06 18:46:56,938 [1] INFO  Holly- [(null)] - [==BusinessProcess=] InitUserEventData Released-351971459939615806-C34_JS呼入挂断-2016-4-6 18:46:55
2016-04-06 18:46:56,938 [1] INFO  Holly- [(null)] - [MainJs] [SendToWeb] 发送网页消息：0 次数
2016-04-06 18:46:56,938 [1] INFO  Holly- [(null)] - [MainJs] [CurrentOutBoundTabPageName] 当前通话网页名称：61be4ebd-0571-49a3-81b4-07653947b792
2016-04-06 18:46:56,939 [1] INFO  Holly- [(null)] - [MainUI] [SendMesToWeb] getCurrentOutBoundBrowser 值是否为空 False
2016-04-06 18:46:56,939 [1] INFO  Holly- [(null)] - [MainUI] [SendMesToWeb] Document 值是否为空 True
2016-04-06 18:46:57,053 [1] ERROR Holly- [(null)] - 客户端回调函数出错：未将对象引用设置到对象的实例。|   在 CC2015_HollyFormsApp.Main.GetCurrentIHTMLWindow2() 位置 D:\TFS-Root\A5信息系统研发\销售业务管理平台\客户关系管理\BitAuto.DSC.CC2015.ClientApp\CC2015_HollyFormsApp\Form\Main\MainUI.cs:行号 282
   在 CC2015_HollyFormsApp.Main.SendToWeb(String msg, Int32 recount) 位置 D:\TFS-Root\A5信息系统研发\销售业务管理平台\客户关系管理\BitAuto.DSC.CC2015.ClientApp\CC2015_HollyFormsApp\Form\Main\MainJs.cs:行号 84
2016-04-06 18:46:57,055 [1] INFO  Holly- [(null)] - [@@@厂家消息通知@@@]OnMessage ：厂家状态(CurStatus：15；CurStatusName：工作整理；)厂家消息(状态改变：空闲-->工作整理)程序状态(PS06_话后)
2016-04-06 18:46:57,055 [1] INFO  Holly- [(null)] - [>>>厂家状态变化<<<]OnStatusChange ：PS03_置闲(1) -> PS06_话后(15)
2016-04-06 18:46:57,055 [1] INFO  Holly- [(null)] - [Main][SetMainStatus]设置状态：PS06_话后
2016-04-06 18:46:57,092 [1] INFO  Holly- [(null)] - [HollyContactHelper] 普通进行 == 主叫号码->
2016-04-06 18:46:57,092 [1] INFO  Holly- [(null)] - [HollyContactHelper] 获取厂家信息 ==主叫号码->随路数据为空，通过方法获取->01068492026
2016-04-06 18:46:57,092 [1] INFO  Holly- [(null)] - [HollyContactHelper] 获取厂家信息 ==主叫号码->01068492026
2016-04-06 18:46:57,092 [1] INFO  Holly- [(null)] - [HollyContactHelper] >>>> HaoMaProcess 处理前>>>> 01068492026
2016-04-06 18:46:57,092 [1] INFO  Holly- [(null)] - [HollyContactHelper] >>>> HaoMaProcess 处理后>>>> 01068492026
2016-04-06 18:46:57,092 [1] INFO  Holly- [(null)] - [HollyContactHelper] 获取厂家信息 ==主叫号码->01068492026 ()
2016-04-06 18:46:57,093 [1] INFO  Holly- [(null)] - [HollyContactHelper] 获取厂家信息 ==被叫号码->35197
2016-04-06 18:46:57,094 [1] INFO  Holly- [(null)] - [HollyContactHelper] 获取厂家信息 ==落地号码->
2016-04-06 18:46:57,097 [1] INFO  Holly- [(null)] - [@@@厂家消息通知@@@]OnMessage ：厂家状态(CurStatus：15；CurStatusName：工作整理；)厂家消息(整理工作开始。)程序状态(PS06_话后)
2016-04-06 18:46:59,078 [1] INFO  Holly- [(null)] - [MainJs] [SendToWeb] 发送网页消息：1 次数
2016-04-06 18:46:59,078 [1] INFO  Holly- [(null)] - [MainJs] [CurrentOutBoundTabPageName] 当前通话网页名称：61be4ebd-0571-49a3-81b4-07653947b792
2016-04-06 18:46:59,078 [1] INFO  Holly- [(null)] - [MainUI] [SendMesToWeb] getCurrentOutBoundBrowser 值是否为空 False
2016-04-06 18:46:59,078 [1] INFO  Holly- [(null)] - [MainUI] [SendMesToWeb] Document 值是否为空 True
2016-04-06 18:46:59,078 [1] ERROR Holly- [(null)] - 客户端回调函数出错：未将对象引用设置到对象的实例。|   在 CC2015_HollyFormsApp.Main.GetCurrentIHTMLWindow2() 位置 D:\TFS-Root\A5信息系统研发\销售业务管理平台\客户关系管理\BitAuto.DSC.CC2015.ClientApp\CC2015_HollyFormsApp\Form\Main\MainUI.cs:行号 282
   在 CC2015_HollyFormsApp.Main.SendToWeb(String msg, Int32 recount) 位置 D:\TFS-Root\A5信息系统研发\销售业务管理平台\客户关系管理\BitAuto.DSC.CC2015.ClientApp\CC2015_HollyFormsApp\Form\Main\MainJs.cs:行号 84
2016-04-06 18:47:01,079 [1] INFO  Holly- [(null)] - [MainJs] [SendToWeb] 发送网页消息：2 次数
2016-04-06 18:47:01,079 [1] INFO  Holly- [(null)] - [MainJs] [CurrentOutBoundTabPageName] 当前通话网页名称：61be4ebd-0571-49a3-81b4-07653947b792
2016-04-06 18:47:01,079 [1] INFO  Holly- [(null)] - [MainUI] [SendMesToWeb] getCurrentOutBoundBrowser 值是否为空 False
2016-04-06 18:47:01,079 [1] INFO  Holly- [(null)] - [MainUI] [SendMesToWeb] Document 值是否为空 True
2016-04-06 18:47:01,080 [1] ERROR Holly- [(null)] - 客户端回调函数出错：未将对象引用设置到对象的实例。|   在 CC2015_HollyFormsApp.Main.GetCurrentIHTMLWindow2() 位置 D:\TFS-Root\A5信息系统研发\销售业务管理平台\客户关系管理\BitAuto.DSC.CC2015.ClientApp\CC2015_HollyFormsApp\Form\Main\MainUI.cs:行号 282
   在 CC2015_HollyFormsApp.Main.SendToWeb(String msg, Int32 recount) 位置 D:\TFS-Root\A5信息系统研发\销售业务管理平台\客户关系管理\BitAuto.DSC.CC2015.ClientApp\CC2015_HollyFormsApp\Form\Main\MainJs.cs:行号 84
2016-04-06 18:47:03,180 [1] INFO  Holly- [(null)] - [MainJs] [SendToWeb] 发送网页消息：3 次数
2016-04-06 18:47:03,180 [1] INFO  Holly- [(null)] - [MainJs] [CurrentOutBoundTabPageName] 当前通话网页名称：61be4ebd-0571-49a3-81b4-07653947b792
2016-04-06 18:47:03,180 [1] INFO  Holly- [(null)] - [MainUI] [SendMesToWeb] getCurrentOutBoundBrowser 值是否为空 False
2016-04-06 18:47:03,180 [1] INFO  Holly- [(null)] - [MainUI] [SendMesToWeb] Document 值是否为空 False
2016-04-06 18:47:03,180 [1] INFO  Holly- [(null)] - [MainUI] [SendMesToWeb] Window 值是否为空 False
2016-04-06 18:47:03,181 [1] INFO  Holly- [(null)] - [MainUI] [SendMesToWeb] DomWindow 值是否为空 False
2016-04-06 18:47:03,181 [1] INFO  Holly- [(null)] - [MainUI] [SendMesToWeb] 获取当前通话网页名称：61be4ebd-0571-49a3-81b4-07653947b792
2016-04-06 18:47:03,184 [1] INFO  Holly- [(null)] - [MainJs] [SendMesToWeb] CTIEventMsg msg：UserEvent=Released&UserName=35197&CalledNum=35197&CallerNum=01068492026&CallID=351971459939615806&UserChoice=&CallType=34&MediaType=-2&CallState=-2&CurrentDate=%u0032%u0030%u0031%u0036%u002D%u0030%u0034%u002D%u0030%u0036%u0020%u0031%u0038%u003A%u0034%u0036%u003A%u0035%u0035&SYS_DNIS=&RecordID=20160406184642930_1_180_UIP5&RecordIDURL=&IsEstablished=False&EstablishedStartTime=&TaskID=&TaskType=&outBoundType=-2
2016-04-06 18:47:03,184 [1] INFO  Holly- [(null)] - [MainJs] [CurrentOutBoundTabPageName] 挂断清空
2016-04-06 18:47:05,543 [1] INFO  Holly- [(null)] - [MainJs] [MethodScript] urlPath:/time/time?msg=%E5%AE%A2%E6%88%B7%E4%BF%A1%E6%81%AFjs%E5%8A%A0%E8%BD%BD%E5%BC%80%E5%A7%8B
2016-04-06 18:47:05,558 [1] INFO  Holly- [(null)] - [=====计时日志=====] 客户信息js加载开始
2016-04-06 18:47:05,558 [1] INFO  Holly- [(null)] - [MainJs] [MethodScript] msg:
2016-04-06 18:47:05,581 [1] INFO  Holly- [(null)] - [MainJs] [MethodScript] urlPath:/time/time?msg=%E5%AE%A2%E6%88%B7%E4%BF%A1%E6%81%AFjs%E5%8A%A0%E8%BD%BD%E5%AE%8C%E6%88%90%EF%BC%9A0.285s
2016-04-06 18:47:05,581 [1] INFO  Holly- [(null)] - [=====计时日志=====] 客户信息js加载完成：0.285s
2016-04-06 18:47:05,581 [1] INFO  Holly- [(null)] - [MainJs] [MethodScript] msg:
2016-04-06 18:47:05,581 [1] INFO  Holly- [(null)] - [MainJs] [MethodScript] urlPath:/time/time?msg=%E4%B9%B0%E8%BD%A6%E6%8E%A7%E4%BB%B6%E5%8A%A0%E8%BD%BD%E5%AE%8C%E6%88%90%20%EF%BC%88%E5%B7%B20.04s%EF%BC%89%EF%BC%9B
2016-04-06 18:47:05,581 [1] INFO  Holly- [(null)] - [=====计时日志=====] 买车控件加载完成 （已0.04s）；
2016-04-06 18:47:05,581 [1] INFO  Holly- [(null)] - [MainJs] [MethodScript] msg:
2016-04-06 18:47:05,582 [1] INFO  Holly- [(null)] - [MainJs] [MethodScript] urlPath:/time/time?msg=%E7%BB%8F%E9%94%80%E5%95%86%E6%8E%A7%E4%BB%B6%E5%8A%A0%E8%BD%BD%E5%AE%8C%E6%88%90%20%EF%BC%88%E5%B7%B20.02s%EF%BC%89%EF%BC%9B
2016-04-06 18:47:05,582 [1] INFO  Holly- [(null)] - [=====计时日志=====] 经销商控件加载完成 （已0.02s）；
2016-04-06 18:47:05,582 [1] INFO  Holly- [(null)] - [MainJs] [MethodScript] msg:
2016-04-06 18:47:05,585 [1] INFO  Holly- [(null)] - [MainJs] [MethodScript] urlPath:/time/time?msg=%E5%B7%A5%E5%8D%95-%E4%B8%AA%E4%BA%BA%E4%BF%A1%E6%81%AF%E5%8A%A0%E8%BD%BD%E5%AE%8C%E6%88%90%20%EF%BC%88%E6%97%A0%EF%BC%89
2016-04-06 18:47:05,585 [1] INFO  Holly- [(null)] - [=====计时日志=====] 工单-个人信息加载完成 （无）
2016-04-06 18:47:05,585 [1] INFO  Holly- [(null)] - [MainJs] [MethodScript] msg:
2016-04-06 18:47:05,590 [1] INFO  Holly- [(null)] - [MainJs] [MethodScript] urlPath:/time/time?msg=%E5%B7%A5%E5%8D%95-%E7%BB%8F%E9%94%80%E5%95%86%E4%BF%A1%E6%81%AF%E5%8A%A0%E8%BD%BD%E5%AE%8C%E6%88%90%20%EF%BC%88%E5%B7%B20.00s%EF%BC%89%EF%BC%9B
2016-04-06 18:47:05,590 [1] INFO  Holly- [(null)] - [=====计时日志=====] 工单-经销商信息加载完成 （已0.00s）；
2016-04-06 18:47:05,590 [1] INFO  Holly- [(null)] - [MainJs] [MethodScript] msg:
2016-04-06 18:47:07,449 [1] INFO  Holly- [(null)] - [Main] 点击按钮==置闲
2016-04-06 18:47:07,480 [1] INFO  Holly- [(null)] - [HollyContactHelper]用户操作==置闲->True
2016-04-06 18:47:07,737 [1] INFO  Holly- [(null)] - [@@@厂家消息通知@@@]OnMessage ：厂家状态(CurStatus：1；CurStatusName：空闲；)厂家消息(状态改变：工作整理-->空闲)程序状态(PS03_置闲)
2016-04-06 18:47:07,738 [1] INFO  Holly- [(null)] - [>>>厂家状态变化<<<]OnStatusChange ：PS06_话后(15) -> PS03_置闲(1)
2016-04-06 18:47:07,738 [1] INFO  Holly- [(null)] - [Main][SetMainStatus]设置状态：PS03_置闲
2016-04-06 18:47:07,920 [1] INFO  Holly- [(null)] - [HollyContactHelper] 获取厂家信息 ==落地号码->
2016-04-06 18:47:07,922 [1] INFO  Holly- [(null)] - [==BusinessProcess=] >>>> AfterWorkTime >>>> 2016-4-6 18:47:07-12.1236934秒
2016-04-06 18:47:07,959 [1] INFO  Holly- [(null)] - [CallRecordHelper][InsertCallRecordNew] 成功
2016-04-06 18:47:07,980 [1] INFO  Holly- [(null)] - [@@@厂家消息通知@@@]OnMessage ：厂家状态(CurStatus：1；CurStatusName：空闲；)厂家消息(示闲成功。)程序状态(PS03_置闲)
2016-04-06 18:47:47,549 [1] INFO  Holly- [(null)] - [***MDBFileHelper***][AdditionalRecording] 补录数据
2016-04-06 18:47:49,543 [1] INFO  Holly- [(null)] - [客户端推送日志信息] 开始
2016-04-06 18:47:49,556 [1] INFO  Holly- [(null)] - [客户端推送日志信息] 获取到请求数：0
2016-04-06 18:47:55,308 [1] INFO  Holly- [(null)] - [@@@厂家消息通知@@@]OnMessage ：厂家状态(CurStatus：1；CurStatusName：空闲；)厂家消息(座席被锁定)程序状态(PS03_置闲)
2016-04-06 18:47:55,308 [1] INFO  Holly- [(null)] - [Main][SetMainStatus]设置状态：PS18_客服被锁定
2016-04-06 18:48:02,386 [1] INFO  Holly- [(null)] - [@@@厂家消息通知@@@]OnMessage ：厂家状态(CurStatus：3；CurStatusName：震铃；)厂家消息(状态改变：空闲-->震铃)程序状态(PS07_来电振铃)
2016-04-06 18:48:02,386 [1] INFO  Holly- [(null)] - [>>>厂家状态变化<<<]OnStatusChange ：PS03_置闲(1) -> PS07_来电振铃(3)
2016-04-06 18:48:02,386 [1] INFO  Holly- [(null)] - [Main][SetMainStatus]设置状态：PS07_来电振铃
2016-04-06 18:48:02,398 [1] INFO  Holly- [(null)] - [@@@厂家消息通知@@@]OnMessage ：厂家状态(CurStatus：3；CurStatusName：震铃；)厂家消息(座席话务处理)程序状态(PS07_来电振铃)
2016-04-06 18:48:02,411 [1] INFO  Holly- [(null)] - [HollyContactHelper] 普通进行 == 主叫号码->01068492026
2016-04-06 18:48:02,411 [1] INFO  Holly- [(null)] - [HollyContactHelper] 获取厂家信息 ==主叫号码->01068492026
2016-04-06 18:48:02,411 [1] INFO  Holly- [(null)] - [HollyContactHelper] >>>> HaoMaProcess 处理前>>>> 01068492026
2016-04-06 18:48:02,411 [1] INFO  Holly- [(null)] - [HollyContactHelper] >>>> HaoMaProcess 处理后>>>> 01068492026
2016-04-06 18:48:02,411 [1] INFO  Holly- [(null)] - [HollyContactHelper] 获取厂家信息 ==主叫号码->01068492026 ()
2016-04-06 18:48:02,412 [1] INFO  Holly- [(null)] - [HollyContactHelper] 获取厂家信息 ==被叫号码->35197
2016-04-06 18:48:02,413 [1] INFO  Holly- [(null)] - [HollyContactHelper] 获取厂家信息 ==落地号码->
2016-04-06 18:48:02,427 [1] INFO  Holly- [(null)] - [事件][OnBelling] 呼入振铃事件 ：呼入_分配接入 监控：非监控
2016-04-06 18:48:02,427 [1] INFO  Holly- [(null)] - [事件][CustomerInCome_OnBelling] 客服振铃
2016-04-06 18:48:02,427 [1] INFO  Holly- [(null)] - [======Common======] GetNewCallID ：生成新CallID时 date：2016-4-6 18:48:02 timestamp：1459939682
2016-04-06 18:48:02,427 [1] INFO  Holly- [(null)] - [======Common======] GetNewCallID ：生成新CallID：351971459939682802
2016-04-06 18:48:02,428 [1] INFO  Holly- [(null)] - [HollyContactHelper] [判断入线类型] == Skill_ID->1094 skillId-> sysAni-> mphone-> Key_IContact_ANI->01068492026 zhujiao->01068492026 beijiao->1005
2016-04-06 18:48:02,428 [1] INFO  Holly- [(null)] - [HollyContactHelper] [判断入线类型] 普通呼入
2016-04-06 18:48:02,428 [1] INFO  Holly- [(null)] - [事件][CustomerInCome_OnBelling] 判断呼入类型：普通呼入
2016-04-06 18:48:02,428 [1] INFO  Holly- [(null)] - [HollyContactHelper] 普通进行 == 主叫号码->01068492026
2016-04-06 18:48:02,428 [1] INFO  Holly- [(null)] - [HollyContactHelper] 获取厂家信息 ==主叫号码->01068492026
2016-04-06 18:48:02,428 [1] INFO  Holly- [(null)] - [HollyContactHelper] >>>> HaoMaProcess 处理前>>>> 01068492026
2016-04-06 18:48:02,428 [1] INFO  Holly- [(null)] - [HollyContactHelper] >>>> HaoMaProcess 处理后>>>> 01068492026
2016-04-06 18:48:02,428 [1] INFO  Holly- [(null)] - [HollyContactHelper] 获取厂家信息 ==主叫号码->01068492026 ()
2016-04-06 18:48:02,428 [1] INFO  Holly- [(null)] - [HollyContactHelper] 获取厂家信息 ==被叫号码->35197
2016-04-06 18:48:02,428 [1] INFO  Holly- [(null)] - [HollyContactHelper] 获取厂家信息 ==落地号码->
2016-04-06 18:48:02,429 [1] INFO  Holly- [(null)] - [==BusinessProcess=] >>>> PhoneNumAndAni >>>> 01068492026->35197
2016-04-06 18:48:02,429 [1] INFO  Holly- [(null)] - [==BusinessProcess=] >>>> SwitchINNum >>>> 02987237722
2016-04-06 18:48:02,429 [1] INFO  Holly- [(null)] - [==BusinessProcess=] >>>> SkillGroup >>>> CS01
2016-04-06 18:48:02,429 [1] INFO  Holly- [(null)] - [HollyContactHelper] 获取厂家信息 ==厂家ID->20160406184802852_1_182_UIP5
2016-04-06 18:48:02,429 [1] INFO  Holly- [(null)] - [HollyContactHelper] 获取厂家信息 ==厂家ID->20160406184802852_1_182_UIP5
2016-04-06 18:48:02,429 [1] INFO  Holly- [(null)] - [==BusinessProcess=] InitCallRecordORIG callid：351971459939682802-calltype：C1_呼入
2016-04-06 18:48:02,429 [1] INFO  Holly- [(null)] - [==BusinessProcess=] >>>> InitiatedTime >>>> 2016-4-6 18:48:02
2016-04-06 18:48:02,430 [1] INFO  Holly- [(null)] - [==BusinessProcess=] >>>> RingingTime >>>> 2016-4-6 18:48:02
2016-04-06 18:48:02,430 [1] INFO  Holly- [(null)] - [HollyContactHelper] 获取厂家信息 ==落地号码->
2016-04-06 18:48:02,430 [1] INFO  Holly- [(null)] - [HollyContactHelper] 获取厂家信息 ==厂家ID->20160406184802852_1_182_UIP5
2016-04-06 18:48:02,430 [1] INFO  Holly- [(null)] - [==BusinessProcess=] InitUserEventData Transferred-351971459939682802-C33_JS呼入通话-2016-4-6 18:48:02
2016-04-06 18:48:02,430 [1] INFO  Holly- [(null)] - [MainJs] [SendToWeb] 发送网页消息：0 次数
2016-04-06 18:48:02,431 [1] INFO  Holly- [(null)] - [MainJs] [CurrentOutBoundTabPageName] 当前通话网页名称：
2016-04-06 18:48:02,431 [1] INFO  Holly- [(null)] - [MainUI] [SendMesToWeb] 获取当前默认标签页
2016-04-06 18:48:02,431 [1] INFO  Holly- [(null)] - [MainJs] [SendMesToWeb] 弹屏 http://ncc.sys1.bitauto.com/CTI/PopTransfer.aspx
2016-04-06 18:48:02,431 [1] INFO  Holly- [(null)] - [MainUI] [NewPageForReq] address is:http://ncc.sys1.bitauto.com/CTI/PopTransfer.aspx?UserEvent=Transferred&UserName=35197&CalledNum=35197&CallerNum=01068492026&CallID=351971459939682802&UserChoice=CS01&CallType=33&MediaType=-2&CallState=-2&CurrentDate=%u0032%u0030%u0031%u0036%u002D%u0030%u0034%u002D%u0030%u0036%u0020%u0031%u0038%u003A%u0034%u0038%u003A%u0030%u0032&SYS_DNIS=02987237722&RecordID=20160406184802852_1_182_UIP5&RecordIDURL=&IsEstablished=False&EstablishedStartTime=&TaskID=&TaskType=&outBoundType=-2
2016-04-06 18:48:02,431 [1] INFO  Holly- [(null)] - [MainUI] [CurrentOutBoundTabPageName] 呼入通话网页名称=新建：7826e16e-066b-42e3-9a02-6ab3c3161ef0
2016-04-06 18:48:02,448 [1] INFO  Holly- [(null)] - [MainUI] [ShowTabPagesLog] 全部页面 客户核实=709bd76b-5c76-4d00-b9d7-0d490e155b8d(); 修改客户=61be4ebd-0571-49a3-81b4-07653947b792(709bd76b-5c76-4d00-b9d7-0d490e155b8d); 新增页=7826e16e-066b-42e3-9a02-6ab3c3161ef0(61be4ebd-0571-49a3-81b4-07653947b792); 
2016-04-06 18:48:02,455 [1] INFO  Holly- [(null)] - [MainJs] [SendMesToWeb] CTIEventMsg msg：UserEvent=Transferred&UserName=35197&CalledNum=35197&CallerNum=01068492026&CallID=351971459939682802&UserChoice=CS01&CallType=33&MediaType=-2&CallState=-2&CurrentDate=%u0032%u0030%u0031%u0036%u002D%u0030%u0034%u002D%u0030%u0036%u0020%u0031%u0038%u003A%u0034%u0038%u003A%u0030%u0032&SYS_DNIS=02987237722&RecordID=20160406184802852_1_182_UIP5&RecordIDURL=&IsEstablished=False&EstablishedStartTime=&TaskID=&TaskType=&outBoundType=-2
2016-04-06 18:48:02,459 [1] INFO  Holly- [(null)] - [@@@厂家消息通知@@@]OnMessage ：厂家状态(CurStatus：3；CurStatusName：震铃；)厂家消息(来电振铃。)程序状态(PS07_来电振铃)
2016-04-06 18:48:03,407 [1] INFO  Holly- [(null)] - [MainJs] [MethodScript] urlPath:/time/time?msg=%E5%AE%A2%E6%88%B7%E4%BF%A1%E6%81%AFjs%E5%8A%A0%E8%BD%BD%E5%BC%80%E5%A7%8B
2016-04-06 18:48:03,407 [1] INFO  Holly- [(null)] - [=====计时日志=====] 客户信息js加载开始
2016-04-06 18:48:03,408 [1] INFO  Holly- [(null)] - [MainJs] [MethodScript] msg:
2016-04-06 18:48:03,432 [1] INFO  Holly- [(null)] - [MainJs] [MethodScript] urlPath:/time/time?msg=%E5%AE%A2%E6%88%B7%E4%BF%A1%E6%81%AFjs%E5%8A%A0%E8%BD%BD%E5%AE%8C%E6%88%90%EF%BC%9A0.025s
2016-04-06 18:48:03,432 [1] INFO  Holly- [(null)] - [=====计时日志=====] 客户信息js加载完成：0.025s
2016-04-06 18:48:03,432 [1] INFO  Holly- [(null)] - [MainJs] [MethodScript] msg:
2016-04-06 18:48:03,433 [1] INFO  Holly- [(null)] - [MainJs] [MethodScript] urlPath:/time/time?msg=%E4%B9%B0%E8%BD%A6%E6%8E%A7%E4%BB%B6%E5%8A%A0%E8%BD%BD%E5%AE%8C%E6%88%90%20%EF%BC%88%E5%B7%B20.01s%EF%BC%89%EF%BC%9B
2016-04-06 18:48:03,433 [1] INFO  Holly- [(null)] - [=====计时日志=====] 买车控件加载完成 （已0.01s）；
2016-04-06 18:48:03,433 [1] INFO  Holly- [(null)] - [MainJs] [MethodScript] msg:
2016-04-06 18:48:03,433 [1] INFO  Holly- [(null)] - [MainJs] [MethodScript] urlPath:/time/time?msg=%E7%BB%8F%E9%94%80%E5%95%86%E6%8E%A7%E4%BB%B6%E5%8A%A0%E8%BD%BD%E5%AE%8C%E6%88%90%20%EF%BC%88%E5%B7%B20.01s%EF%BC%89%EF%BC%9B
2016-04-06 18:48:03,433 [1] INFO  Holly- [(null)] - [=====计时日志=====] 经销商控件加载完成 （已0.01s）；
2016-04-06 18:48:03,433 [1] INFO  Holly- [(null)] - [MainJs] [MethodScript] msg:
2016-04-06 18:48:03,437 [1] INFO  Holly- [(null)] - [MainJs] [MethodScript] urlPath:/time/time?msg=%E5%B7%A5%E5%8D%95-%E4%B8%AA%E4%BA%BA%E4%BF%A1%E6%81%AF%E5%8A%A0%E8%BD%BD%E5%AE%8C%E6%88%90%20%EF%BC%88%E6%97%A0%EF%BC%89
2016-04-06 18:48:03,437 [1] INFO  Holly- [(null)] - [=====计时日志=====] 工单-个人信息加载完成 （无）
2016-04-06 18:48:03,437 [1] INFO  Holly- [(null)] - [MainJs] [MethodScript] msg:
2016-04-06 18:48:03,442 [1] INFO  Holly- [(null)] - [MainJs] [MethodScript] urlPath:/time/time?msg=%E5%B7%A5%E5%8D%95-%E7%BB%8F%E9%94%80%E5%95%86%E4%BF%A1%E6%81%AF%E5%8A%A0%E8%BD%BD%E5%AE%8C%E6%88%90%20%EF%BC%88%E5%B7%B20.00s%EF%BC%89%EF%BC%9B
2016-04-06 18:48:03,442 [1] INFO  Holly- [(null)] - [=====计时日志=====] 工单-经销商信息加载完成 （已0.00s）；
2016-04-06 18:48:03,443 [1] INFO  Holly- [(null)] - [MainJs] [MethodScript] msg:
2016-04-06 18:48:05,498 [1] INFO  Holly- [(null)] - [Main] 点击按钮==摘机/挂断
2016-04-06 18:48:05,500 [1] INFO  Holly- [(null)] - [HollyContactHelper]用户操作==应答->True
2016-04-06 18:48:06,815 [1] INFO  Holly- [(null)] - [@@@厂家消息通知@@@]OnMessage ：厂家状态(CurStatus：5；CurStatusName：两方通话；)厂家消息(状态改变：震铃-->两方通话)程序状态(PS08_普通通话)
2016-04-06 18:48:06,815 [1] INFO  Holly- [(null)] - [>>>厂家状态变化<<<]OnStatusChange ：PS07_来电振铃(3) -> PS08_普通通话(5)
2016-04-06 18:48:06,815 [1] INFO  Holly- [(null)] - [Main][SetMainStatus]设置状态：PS08_普通通话
2016-04-06 18:48:06,856 [1] INFO  Holly- [(null)] - [HollyContactHelper] 普通进行 == 主叫号码->01068492026
2016-04-06 18:48:06,856 [1] INFO  Holly- [(null)] - [HollyContactHelper] 获取厂家信息 ==主叫号码->01068492026
2016-04-06 18:48:06,857 [1] INFO  Holly- [(null)] - [HollyContactHelper] >>>> HaoMaProcess 处理前>>>> 01068492026
2016-04-06 18:48:06,857 [1] INFO  Holly- [(null)] - [HollyContactHelper] >>>> HaoMaProcess 处理后>>>> 01068492026
2016-04-06 18:48:06,857 [1] INFO  Holly- [(null)] - [HollyContactHelper] 获取厂家信息 ==主叫号码->01068492026 ()
2016-04-06 18:48:06,858 [1] INFO  Holly- [(null)] - [HollyContactHelper] 获取厂家信息 ==被叫号码->35197
2016-04-06 18:48:06,860 [1] INFO  Holly- [(null)] - [HollyContactHelper] 获取厂家信息 ==落地号码->
2016-04-06 18:48:06,871 [1] INFO  Holly- [(null)] - [事件][OnAnswerSuccess] 呼入接通成功事件 ：呼入_分配接入 监控：非监控
2016-04-06 18:48:06,872 [1] INFO  Holly- [(null)] - [事件][CustomerInCome_OnAnswer] 客服接通
2016-04-06 18:48:06,872 [1] INFO  Holly- [(null)] - [HollyContactHelper] 普通进行 == 主叫号码->01068492026
2016-04-06 18:48:06,872 [1] INFO  Holly- [(null)] - [HollyContactHelper] 获取厂家信息 ==主叫号码->01068492026
2016-04-06 18:48:06,872 [1] INFO  Holly- [(null)] - [HollyContactHelper] >>>> HaoMaProcess 处理前>>>> 01068492026
2016-04-06 18:48:06,873 [1] INFO  Holly- [(null)] - [HollyContactHelper] >>>> HaoMaProcess 处理后>>>> 01068492026
2016-04-06 18:48:06,873 [1] INFO  Holly- [(null)] - [HollyContactHelper] 获取厂家信息 ==主叫号码->01068492026 ()
2016-04-06 18:48:06,873 [1] INFO  Holly- [(null)] - [HollyContactHelper] 获取厂家信息 ==被叫号码->35197
2016-04-06 18:48:06,873 [1] INFO  Holly- [(null)] - [HollyContactHelper] 获取厂家信息 ==落地号码->
2016-04-06 18:48:06,873 [1] INFO  Holly- [(null)] - [==BusinessProcess=] >>>> PhoneNumAndAni >>>> 01068492026->35197
2016-04-06 18:48:06,873 [1] INFO  Holly- [(null)] - [==BusinessProcess=] >>>> SwitchINNum >>>> 02987237722
2016-04-06 18:48:06,873 [1] INFO  Holly- [(null)] - [==BusinessProcess=] >>>> SkillGroup >>>> CS01
2016-04-06 18:48:06,873 [1] INFO  Holly- [(null)] - [==BusinessProcess=] >>>> EstablishedTime >>>> 2016-4-6 18:48:06-hollycallid：20160406184802852_1_182_UIP5
2016-04-06 18:48:06,874 [1] INFO  Holly- [(null)] - [HollyContactHelper] 获取厂家信息 ==落地号码->
2016-04-06 18:48:06,874 [1] INFO  Holly- [(null)] - [HollyContactHelper] 获取厂家信息 ==厂家ID->20160406184802852_1_182_UIP5
2016-04-06 18:48:06,874 [1] INFO  Holly- [(null)] - [==BusinessProcess=] InitUserEventData Established-351971459939682802-C33_JS呼入通话-2016-4-6 18:48:06
2016-04-06 18:48:06,874 [1] INFO  Holly- [(null)] - [MainJs] [SendToWeb] 发送网页消息：0 次数
2016-04-06 18:48:06,874 [1] INFO  Holly- [(null)] - [MainJs] [CurrentOutBoundTabPageName] 当前通话网页名称：7826e16e-066b-42e3-9a02-6ab3c3161ef0
2016-04-06 18:48:06,874 [1] INFO  Holly- [(null)] - [MainUI] [SendMesToWeb] getCurrentOutBoundBrowser 值是否为空 False
2016-04-06 18:48:06,874 [1] INFO  Holly- [(null)] - [MainUI] [SendMesToWeb] Document 值是否为空 False
2016-04-06 18:48:06,875 [1] INFO  Holly- [(null)] - [MainUI] [SendMesToWeb] Window 值是否为空 False
2016-04-06 18:48:06,875 [1] INFO  Holly- [(null)] - [MainUI] [SendMesToWeb] DomWindow 值是否为空 False
2016-04-06 18:48:06,875 [1] INFO  Holly- [(null)] - [MainUI] [SendMesToWeb] 获取当前通话网页名称：7826e16e-066b-42e3-9a02-6ab3c3161ef0
2016-04-06 18:48:06,877 [1] INFO  Holly- [(null)] - [MainJs] [SendMesToWeb] CTIEventMsg msg：UserEvent=Established&UserName=35197&CalledNum=35197&CallerNum=01068492026&CallID=351971459939682802&UserChoice=CS01&CallType=33&MediaType=-2&CallState=-2&CurrentDate=%u0032%u0030%u0031%u0036%u002D%u0030%u0034%u002D%u0030%u0036%u0020%u0031%u0038%u003A%u0034%u0038%u003A%u0030%u0036&SYS_DNIS=02987237722&RecordID=20160406184802852_1_182_UIP5&RecordIDURL=&IsEstablished=True&EstablishedStartTime=%u0032%u0030%u0031%u0036%u002D%u0030%u0034%u002D%u0030%u0036%u0020%u0031%u0038%u003A%u0034%u0038%u003A%u0030%u0036&TaskID=&TaskType=&outBoundType=-2
2016-04-06 18:48:06,878 [1] INFO  Holly- [(null)] - [@@@厂家消息通知@@@]OnMessage ：厂家状态(CurStatus：5；CurStatusName：两方通话；)厂家消息(应答成功。)程序状态(PS08_普通通话)
2016-04-06 18:48:07,043 [1] INFO  Holly- [(null)] - [@@@厂家消息通知@@@]OnMessage ：厂家状态(CurStatus：5；CurStatusName：两方通话；)厂家消息(录音开始：ContactID=20160406184802852_1_182_UIP5,ANI=01068492026,DNIS=1005,ResonCode=77,ResonDesc=_??? (77))程序状态(PS08_普通通话)
2016-04-06 18:48:10,664 [1] INFO  Holly- [(null)] - [@@@厂家消息通知@@@]OnMessage ：厂家状态(CurStatus：5；CurStatusName：两方通话；)厂家消息(录音停止：ContactID=20160406184802852_1_182_UIP5,ANI=01068492026,DNIS=1005,FileName=/var/spool/hollyRecord/2016/04/35197/35197_20160406184823351.mp3,TimeLen=3809,ResonCode=78,ResonDesc=_??? (78))程序状态(PS08_普通通话)
2016-04-06 18:48:10,891 [1] INFO  Holly- [(null)] - [@@@厂家消息通知@@@]OnMessage ：厂家状态(CurStatus：5；CurStatusName：两方通话；)厂家消息(话路被挂断：ContactID=20160406184802852_1_182_UIP5,CurrStatus=21,LastStatus=28,OtherParty=151144,ResonCode=16,ResonDesc=ActTpDisconnected)程序状态(PS08_普通通话)
2016-04-06 18:48:10,892 [1] INFO  Holly- [(null)] - [@@@厂家消息通知@@@]OnMessage ：厂家状态(CurStatus：5；CurStatusName：两方通话；)厂家消息(通话结束。)程序状态(PS08_普通通话)
2016-04-06 18:48:10,892 [1] INFO  Holly- [(null)] - [事件][OnHangup] 挂断事件 ：对方用户挂机-呼入_分配接入 监控：非监控
2016-04-06 18:48:10,892 [1] INFO  Holly- [(null)] - [事件][OnHangup] 挂断
2016-04-06 18:48:10,894 [1] INFO  Holly- [(null)] - [HollyContactHelper] 获取厂家信息 ==厂家ID->20160406184802852_1_182_UIP5
2016-04-06 18:48:10,894 [1] INFO  Holly- [(null)] - [HollyContactHelper] 获取厂家信息 ==厂家ID->20160406184802852_1_182_UIP5
2016-04-06 18:48:10,894 [1] INFO  Holly- [(null)] - [HollyContactHelper] 普通进行 == 主叫号码->01068492026
2016-04-06 18:48:10,894 [1] INFO  Holly- [(null)] - [HollyContactHelper] 获取厂家信息 ==主叫号码->01068492026
2016-04-06 18:48:10,894 [1] INFO  Holly- [(null)] - [HollyContactHelper] >>>> HaoMaProcess 处理前>>>> 01068492026
2016-04-06 18:48:10,894 [1] INFO  Holly- [(null)] - [HollyContactHelper] >>>> HaoMaProcess 处理后>>>> 01068492026
2016-04-06 18:48:10,894 [1] INFO  Holly- [(null)] - [HollyContactHelper] 获取厂家信息 ==主叫号码->01068492026 ()
2016-04-06 18:48:10,894 [1] INFO  Holly- [(null)] - [HollyContactHelper] 获取厂家信息 ==被叫号码->35197
2016-04-06 18:48:10,895 [1] INFO  Holly- [(null)] - [HollyContactHelper] 获取厂家信息 ==落地号码->
2016-04-06 18:48:10,895 [1] INFO  Holly- [(null)] - [==BusinessProcess=] >>>> PhoneNumAndAni >>>> 01068492026->35197
2016-04-06 18:48:10,895 [1] INFO  Holly- [(null)] - [==BusinessProcess=] >>>> SwitchINNum >>>> 02987237722
2016-04-06 18:48:10,895 [1] INFO  Holly- [(null)] - [==BusinessProcess=] >>>> SkillGroup >>>> CS01
2016-04-06 18:48:10,895 [1] INFO  Holly- [(null)] - [==BusinessProcess=] >>>> CustomerReleaseTime >>>> 2016-4-6 18:48:10
2016-04-06 18:48:10,895 [1] INFO  Holly- [(null)] - [==BusinessProcess=] >>>> AfterWorkBeginTime >>>> 2016-4-6 18:48:10
2016-04-06 18:48:10,895 [1] INFO  Holly- [(null)] - [==BusinessProcess=] >>>> AudioURL >>>> http://192.168.112.208/var/spool/hollyRecord/2016/04/35197/35197_20160406184823351.mp3
2016-04-06 18:48:10,895 [1] INFO  Holly- [(null)] - [==BusinessProcess=] >>>> TallTime >>>> 4.02123
2016-04-06 18:48:10,970 [1] INFO  Holly- [(null)] - [CallRecordHelper][InsertCallRecordNew] 成功
2016-04-06 18:48:10,979 [1] INFO  Holly- [(null)] - [HollyContactHelper] 获取厂家信息 ==落地号码->
2016-04-06 18:48:10,980 [1] INFO  Holly- [(null)] - [HollyContactHelper] 获取厂家信息 ==厂家ID->20160406184802852_1_182_UIP5
2016-04-06 18:48:10,980 [1] INFO  Holly- [(null)] - [==BusinessProcess=] InitUserEventData Released-351971459939682802-C34_JS呼入挂断-2016-4-6 18:48:10
2016-04-06 18:48:10,980 [1] INFO  Holly- [(null)] - [MainJs] [SendToWeb] 发送网页消息：0 次数
2016-04-06 18:48:10,980 [1] INFO  Holly- [(null)] - [MainJs] [CurrentOutBoundTabPageName] 当前通话网页名称：7826e16e-066b-42e3-9a02-6ab3c3161ef0
2016-04-06 18:48:10,980 [1] INFO  Holly- [(null)] - [MainUI] [SendMesToWeb] getCurrentOutBoundBrowser 值是否为空 False
2016-04-06 18:48:10,980 [1] INFO  Holly- [(null)] - [MainUI] [SendMesToWeb] Document 值是否为空 False
2016-04-06 18:48:10,980 [1] INFO  Holly- [(null)] - [MainUI] [SendMesToWeb] Window 值是否为空 False
2016-04-06 18:48:10,981 [1] INFO  Holly- [(null)] - [MainUI] [SendMesToWeb] DomWindow 值是否为空 False
2016-04-06 18:48:10,981 [1] INFO  Holly- [(null)] - [MainUI] [SendMesToWeb] 获取当前通话网页名称：7826e16e-066b-42e3-9a02-6ab3c3161ef0
2016-04-06 18:48:10,984 [1] INFO  Holly- [(null)] - [MainJs] [SendMesToWeb] CTIEventMsg msg：UserEvent=Released&UserName=35197&CalledNum=35197&CallerNum=01068492026&CallID=351971459939682802&UserChoice=CS01&CallType=34&MediaType=-2&CallState=-2&CurrentDate=%u0032%u0030%u0031%u0036%u002D%u0030%u0034%u002D%u0030%u0036%u0020%u0031%u0038%u003A%u0034%u0038%u003A%u0031%u0030&SYS_DNIS=02987237722&RecordID=20160406184802852_1_182_UIP5&RecordIDURL=http://192.168.112.208/var/spool/hollyRecord/2016/04/35197/35197_20160406184823351.mp3&IsEstablished=True&EstablishedStartTime=%u0032%u0030%u0031%u0036%u002D%u0030%u0034%u002D%u0030%u0036%u0020%u0031%u0038%u003A%u0034%u0038%u003A%u0030%u0036&TaskID=&TaskType=&outBoundType=-2
2016-04-06 18:48:10,984 [1] INFO  Holly- [(null)] - [MainJs] [CurrentOutBoundTabPageName] 挂断清空
2016-04-06 18:48:10,985 [1] INFO  Holly- [(null)] - [@@@厂家消息通知@@@]OnMessage ：厂家状态(CurStatus：15；CurStatusName：工作整理；)厂家消息(状态改变：两方通话-->工作整理)程序状态(PS06_话后)
2016-04-06 18:48:10,985 [1] INFO  Holly- [(null)] - [>>>厂家状态变化<<<]OnStatusChange ：PS08_普通通话(5) -> PS06_话后(15)
2016-04-06 18:48:10,985 [1] INFO  Holly- [(null)] - [Main][SetMainStatus]设置状态：PS06_话后
2016-04-06 18:48:11,015 [1] INFO  Holly- [(null)] - [HollyContactHelper] 普通进行 == 主叫号码->01068492026
2016-04-06 18:48:11,015 [1] INFO  Holly- [(null)] - [HollyContactHelper] 获取厂家信息 ==主叫号码->01068492026
2016-04-06 18:48:11,015 [1] INFO  Holly- [(null)] - [HollyContactHelper] >>>> HaoMaProcess 处理前>>>> 01068492026
2016-04-06 18:48:11,015 [1] INFO  Holly- [(null)] - [HollyContactHelper] >>>> HaoMaProcess 处理后>>>> 01068492026
2016-04-06 18:48:11,015 [1] INFO  Holly- [(null)] - [HollyContactHelper] 获取厂家信息 ==主叫号码->01068492026 ()
2016-04-06 18:48:11,016 [1] INFO  Holly- [(null)] - [HollyContactHelper] 获取厂家信息 ==被叫号码->35197
2016-04-06 18:48:11,016 [1] INFO  Holly- [(null)] - [HollyContactHelper] 获取厂家信息 ==落地号码->
2016-04-06 18:48:11,037 [1] INFO  Holly- [(null)] - [@@@厂家消息通知@@@]OnMessage ：厂家状态(CurStatus：15；CurStatusName：工作整理；)厂家消息(整理工作开始。)程序状态(PS06_话后)
2016-04-06 18:48:49,571 [1] INFO  Holly- [(null)] - [客户端推送日志信息] 开始
2016-04-06 18:48:49,581 [1] INFO  Holly- [(null)] - [客户端推送日志信息] 获取到请求数：0
2016-04-06 18:49:09,123 [1] INFO  Holly- [(null)] - [MainUI]IsCallingTel判断是否有电话正在通话SelectedTab.Name:7826e16e-066b-42e3-9a02-6ab3c3161ef0
2016-04-06 18:49:09,124 [1] INFO  Holly- [(null)] - [MainUI] [GetTabControlTabPagesCount] 可用页面数量=3
2016-04-06 18:49:12,778 [1] INFO  Holly- [(null)] - [HollyContactHelper]用户操作==置闲->True
2016-04-06 18:49:13,015 [1] INFO  Holly- [(null)] - [@@@厂家消息通知@@@]OnMessage ：厂家状态(CurStatus：1；CurStatusName：空闲；)厂家消息(状态改变：工作整理-->空闲)程序状态(PS03_置闲)
2016-04-06 18:49:13,015 [1] INFO  Holly- [(null)] - [>>>厂家状态变化<<<]OnStatusChange ：PS06_话后(15) -> PS03_置闲(1)
2016-04-06 18:49:13,015 [1] INFO  Holly- [(null)] - [Main][SetMainStatus]设置状态：PS03_置闲
2016-04-06 18:49:13,119 [1] INFO  Holly- [(null)] - [HollyContactHelper] 获取厂家信息 ==落地号码->
2016-04-06 18:49:13,119 [1] INFO  Holly- [(null)] - [==BusinessProcess=] >>>> AfterWorkTime >>>> 2016-4-6 18:49:13-62.2255591秒
2016-04-06 18:49:13,140 [1] INFO  Holly- [(null)] - [CallRecordHelper][InsertCallRecordNew] 成功
2016-04-06 18:49:13,154 [1] INFO  Holly- [(null)] - [@@@厂家消息通知@@@]OnMessage ：厂家状态(CurStatus：1；CurStatusName：空闲；)厂家消息(示闲成功。)程序状态(PS03_置闲)
2016-04-06 18:49:14,552 [1] INFO  Holly- [(null)] - [MainUI]IsCallingTel判断是否有电话正在通话SelectedTab.Name:61be4ebd-0571-49a3-81b4-07653947b792
2016-04-06 18:49:14,552 [1] INFO  Holly- [(null)] - [MainUI] [GetTabControlTabPagesCount] 可用页面数量=2
2016-04-06 18:49:48,274 [1] INFO  Holly- [(null)] - [***MDBFileHelper***][AdditionalRecording] 补录数据
2016-04-06 18:49:49,600 [1] INFO  Holly- [(null)] - [客户端推送日志信息] 开始
2016-04-06 18:49:49,612 [1] INFO  Holly- [(null)] - [客户端推送日志信息] 获取到请求数：0
2016-04-06 18:50:37,313 [1] INFO  Holly- [(null)] - [@@@厂家消息通知@@@]OnMessage ：厂家状态(CurStatus：1；CurStatusName：空闲；)厂家消息(座席被锁定)程序状态(PS03_置闲)
2016-04-06 18:50:37,314 [1] INFO  Holly- [(null)] - [Main][SetMainStatus]设置状态：PS18_客服被锁定
2016-04-06 18:50:43,647 [1] INFO  Holly- [(null)] - [@@@厂家消息通知@@@]OnMessage ：厂家状态(CurStatus：3；CurStatusName：震铃；)厂家消息(状态改变：空闲-->震铃)程序状态(PS07_来电振铃)
2016-04-06 18:50:43,647 [1] INFO  Holly- [(null)] - [>>>厂家状态变化<<<]OnStatusChange ：PS03_置闲(1) -> PS07_来电振铃(3)
2016-04-06 18:50:43,647 [1] INFO  Holly- [(null)] - [Main][SetMainStatus]设置状态：PS07_来电振铃
2016-04-06 18:50:43,650 [1] INFO  Holly- [(null)] - [@@@厂家消息通知@@@]OnMessage ：厂家状态(CurStatus：3；CurStatusName：震铃；)厂家消息(座席话务处理)程序状态(PS07_来电振铃)
2016-04-06 18:50:43,676 [1] INFO  Holly- [(null)] - [HollyContactHelper] 普通进行 == 主叫号码->18066610180
2016-04-06 18:50:43,676 [1] INFO  Holly- [(null)] - [HollyContactHelper] 获取厂家信息 ==主叫号码->18066610180
2016-04-06 18:50:43,676 [1] INFO  Holly- [(null)] - [HollyContactHelper] >>>> HaoMaProcess 处理前>>>> 18066610180
2016-04-06 18:50:43,676 [1] INFO  Holly- [(null)] - [HollyContactHelper] >>>> HaoMaProcess 处理后>>>> 18066610180
2016-04-06 18:50:43,676 [1] INFO  Holly- [(null)] - [HollyContactHelper] 获取厂家信息 ==主叫号码->18066610180 ()
2016-04-06 18:50:43,676 [1] INFO  Holly- [(null)] - [HollyContactHelper] 获取厂家信息 ==被叫号码->35197
2016-04-06 18:50:43,677 [1] INFO  Holly- [(null)] - [HollyContactHelper] 获取厂家信息 ==落地号码->
2016-04-06 18:50:43,684 [1] INFO  Holly- [(null)] - [事件][OnBelling] 呼入振铃事件 ：呼入_分配接入 监控：非监控
2016-04-06 18:50:43,684 [1] INFO  Holly- [(null)] - [事件][CustomerInCome_OnBelling] 客服振铃
2016-04-06 18:50:43,684 [1] INFO  Holly- [(null)] - [======Common======] GetNewCallID ：生成新CallID时 date：2016-4-6 18:50:43 timestamp：1459939843
2016-04-06 18:50:43,684 [1] INFO  Holly- [(null)] - [======Common======] GetNewCallID ：生成新CallID：351971459939843567
2016-04-06 18:50:43,684 [1] INFO  Holly- [(null)] - [HollyContactHelper] [判断入线类型] == Skill_ID->1094 skillId-> sysAni-> mphone-> Key_IContact_ANI->18066610180 zhujiao->18066610180 beijiao->1005
2016-04-06 18:50:43,684 [1] INFO  Holly- [(null)] - [HollyContactHelper] [判断入线类型] 普通呼入
2016-04-06 18:50:43,684 [1] INFO  Holly- [(null)] - [事件][CustomerInCome_OnBelling] 判断呼入类型：普通呼入
2016-04-06 18:50:43,684 [1] INFO  Holly- [(null)] - [HollyContactHelper] 普通进行 == 主叫号码->18066610180
2016-04-06 18:50:43,684 [1] INFO  Holly- [(null)] - [HollyContactHelper] 获取厂家信息 ==主叫号码->18066610180
2016-04-06 18:50:43,684 [1] INFO  Holly- [(null)] - [HollyContactHelper] >>>> HaoMaProcess 处理前>>>> 18066610180
2016-04-06 18:50:43,684 [1] INFO  Holly- [(null)] - [HollyContactHelper] >>>> HaoMaProcess 处理后>>>> 18066610180
2016-04-06 18:50:43,684 [1] INFO  Holly- [(null)] - [HollyContactHelper] 获取厂家信息 ==主叫号码->18066610180 ()
2016-04-06 18:50:43,684 [1] INFO  Holly- [(null)] - [HollyContactHelper] 获取厂家信息 ==被叫号码->35197
2016-04-06 18:50:43,684 [1] INFO  Holly- [(null)] - [HollyContactHelper] 获取厂家信息 ==落地号码->
2016-04-06 18:50:43,684 [1] INFO  Holly- [(null)] - [==BusinessProcess=] >>>> PhoneNumAndAni >>>> 18066610180->35197
2016-04-06 18:50:43,684 [1] INFO  Holly- [(null)] - [==BusinessProcess=] >>>> SwitchINNum >>>> 02987237722
2016-04-06 18:50:43,684 [1] INFO  Holly- [(null)] - [==BusinessProcess=] >>>> SkillGroup >>>> CS01
2016-04-06 18:50:43,684 [1] INFO  Holly- [(null)] - [HollyContactHelper] 获取厂家信息 ==厂家ID->20160406185044202_1_188_UIP5
2016-04-06 18:50:43,685 [1] INFO  Holly- [(null)] - [HollyContactHelper] 获取厂家信息 ==厂家ID->20160406185044202_1_188_UIP5
2016-04-06 18:50:43,685 [1] INFO  Holly- [(null)] - [==BusinessProcess=] InitCallRecordORIG callid：351971459939843567-calltype：C1_呼入
2016-04-06 18:50:43,685 [1] INFO  Holly- [(null)] - [==BusinessProcess=] >>>> InitiatedTime >>>> 2016-4-6 18:50:43
2016-04-06 18:50:43,685 [1] INFO  Holly- [(null)] - [==BusinessProcess=] >>>> RingingTime >>>> 2016-4-6 18:50:43
2016-04-06 18:50:43,685 [1] INFO  Holly- [(null)] - [HollyContactHelper] 获取厂家信息 ==落地号码->
2016-04-06 18:50:43,685 [1] INFO  Holly- [(null)] - [HollyContactHelper] 获取厂家信息 ==厂家ID->20160406185044202_1_188_UIP5
2016-04-06 18:50:43,685 [1] INFO  Holly- [(null)] - [==BusinessProcess=] InitUserEventData Transferred-351971459939843567-C33_JS呼入通话-2016-4-6 18:50:43
2016-04-06 18:50:43,685 [1] INFO  Holly- [(null)] - [MainJs] [SendToWeb] 发送网页消息：0 次数
2016-04-06 18:50:43,685 [1] INFO  Holly- [(null)] - [MainJs] [CurrentOutBoundTabPageName] 当前通话网页名称：
2016-04-06 18:50:43,685 [1] INFO  Holly- [(null)] - [MainUI] [SendMesToWeb] 获取当前默认标签页
2016-04-06 18:50:43,685 [1] INFO  Holly- [(null)] - [MainJs] [SendMesToWeb] 弹屏 http://ncc.sys1.bitauto.com/CTI/PopTransfer.aspx
2016-04-06 18:50:43,686 [1] INFO  Holly- [(null)] - [MainUI] [NewPageForReq] address is:http://ncc.sys1.bitauto.com/CTI/PopTransfer.aspx?UserEvent=Transferred&UserName=35197&CalledNum=35197&CallerNum=18066610180&CallID=351971459939843567&UserChoice=CS01&CallType=33&MediaType=-2&CallState=-2&CurrentDate=%u0032%u0030%u0031%u0036%u002D%u0030%u0034%u002D%u0030%u0036%u0020%u0031%u0038%u003A%u0035%u0030%u003A%u0034%u0033&SYS_DNIS=02987237722&RecordID=20160406185044202_1_188_UIP5&RecordIDURL=&IsEstablished=False&EstablishedStartTime=&TaskID=&TaskType=&outBoundType=-2
2016-04-06 18:50:43,686 [1] INFO  Holly- [(null)] - [MainUI] [CurrentOutBoundTabPageName] 呼入通话网页名称=新建：fbad02c6-4bd5-49f2-88f8-b7e63bc936d0
2016-04-06 18:50:43,693 [1] INFO  Holly- [(null)] - [MainUI] [ShowTabPagesLog] 全部页面 客户核实=709bd76b-5c76-4d00-b9d7-0d490e155b8d(); 新增页=fbad02c6-4bd5-49f2-88f8-b7e63bc936d0(709bd76b-5c76-4d00-b9d7-0d490e155b8d); 
2016-04-06 18:50:43,707 [1] INFO  Holly- [(null)] - [MainJs] [SendMesToWeb] CTIEventMsg msg：UserEvent=Transferred&UserName=35197&CalledNum=35197&CallerNum=18066610180&CallID=351971459939843567&UserChoice=CS01&CallType=33&MediaType=-2&CallState=-2&CurrentDate=%u0032%u0030%u0031%u0036%u002D%u0030%u0034%u002D%u0030%u0036%u0020%u0031%u0038%u003A%u0035%u0030%u003A%u0034%u0033&SYS_DNIS=02987237722&RecordID=20160406185044202_1_188_UIP5&RecordIDURL=&IsEstablished=False&EstablishedStartTime=&TaskID=&TaskType=&outBoundType=-2
2016-04-06 18:50:43,736 [1] INFO  Holly- [(null)] - [@@@厂家消息通知@@@]OnMessage ：厂家状态(CurStatus：3；CurStatusName：震铃；)厂家消息(来电振铃。)程序状态(PS07_来电振铃)
2016-04-06 18:50:44,451 [1] INFO  Holly- [(null)] - [MainJs] [MethodScript] urlPath:/time/time?msg=%E5%AE%A2%E6%88%B7%E4%BF%A1%E6%81%AFjs%E5%8A%A0%E8%BD%BD%E5%BC%80%E5%A7%8B
2016-04-06 18:50:44,451 [1] INFO  Holly- [(null)] - [=====计时日志=====] 客户信息js加载开始
2016-04-06 18:50:44,451 [1] INFO  Holly- [(null)] - [MainJs] [MethodScript] msg:
2016-04-06 18:50:44,465 [1] INFO  Holly- [(null)] - [MainJs] [MethodScript] urlPath:/time/time?msg=%E5%AE%A2%E6%88%B7%E4%BF%A1%E6%81%AFjs%E5%8A%A0%E8%BD%BD%E5%AE%8C%E6%88%90%EF%BC%9A0.014s
2016-04-06 18:50:44,465 [1] INFO  Holly- [(null)] - [=====计时日志=====] 客户信息js加载完成：0.014s
2016-04-06 18:50:44,465 [1] INFO  Holly- [(null)] - [MainJs] [MethodScript] msg:
2016-04-06 18:50:44,465 [1] INFO  Holly- [(null)] - [MainJs] [MethodScript] urlPath:/time/time?msg=%E4%B9%B0%E8%BD%A6%E6%8E%A7%E4%BB%B6%E5%8A%A0%E8%BD%BD%E5%AE%8C%E6%88%90%20%EF%BC%88%E5%B7%B20.00s%EF%BC%89%EF%BC%9B
2016-04-06 18:50:44,465 [1] INFO  Holly- [(null)] - [=====计时日志=====] 买车控件加载完成 （已0.00s）；
2016-04-06 18:50:44,465 [1] INFO  Holly- [(null)] - [MainJs] [MethodScript] msg:
2016-04-06 18:50:44,465 [1] INFO  Holly- [(null)] - [MainJs] [MethodScript] urlPath:/time/time?msg=%E7%BB%8F%E9%94%80%E5%95%86%E6%8E%A7%E4%BB%B6%E5%8A%A0%E8%BD%BD%E5%AE%8C%E6%88%90%20%EF%BC%88%E5%B7%B20.00s%EF%BC%89%EF%BC%9B
2016-04-06 18:50:44,466 [1] INFO  Holly- [(null)] - [=====计时日志=====] 经销商控件加载完成 （已0.00s）；
2016-04-06 18:50:44,466 [1] INFO  Holly- [(null)] - [MainJs] [MethodScript] msg:
2016-04-06 18:50:44,468 [1] INFO  Holly- [(null)] - [MainJs] [MethodScript] urlPath:/time/time?msg=%E5%B7%A5%E5%8D%95-%E4%B8%AA%E4%BA%BA%E4%BF%A1%E6%81%AF%E5%8A%A0%E8%BD%BD%E5%AE%8C%E6%88%90%20%EF%BC%88%E6%97%A0%EF%BC%89
2016-04-06 18:50:44,468 [1] INFO  Holly- [(null)] - [=====计时日志=====] 工单-个人信息加载完成 （无）
2016-04-06 18:50:44,468 [1] INFO  Holly- [(null)] - [MainJs] [MethodScript] msg:
2016-04-06 18:50:44,471 [1] INFO  Holly- [(null)] - [MainJs] [MethodScript] urlPath:/time/time?msg=%E5%B7%A5%E5%8D%95-%E7%BB%8F%E9%94%80%E5%95%86%E4%BF%A1%E6%81%AF%E5%8A%A0%E8%BD%BD%E5%AE%8C%E6%88%90%20%EF%BC%88%E5%B7%B20.00s%EF%BC%89%EF%BC%9B
2016-04-06 18:50:44,471 [1] INFO  Holly- [(null)] - [=====计时日志=====] 工单-经销商信息加载完成 （已0.00s）；
2016-04-06 18:50:44,471 [1] INFO  Holly- [(null)] - [MainJs] [MethodScript] msg:
2016-04-06 18:50:46,779 [1] INFO  Holly- [(null)] - [Main] 点击按钮==摘机/挂断
2016-04-06 18:50:46,780 [1] INFO  Holly- [(null)] - [HollyContactHelper]用户操作==应答->True
2016-04-06 18:50:46,881 [1] INFO  Holly- [(null)] - [@@@厂家消息通知@@@]OnMessage ：厂家状态(CurStatus：5；CurStatusName：两方通话；)厂家消息(状态改变：震铃-->两方通话)程序状态(PS08_普通通话)
2016-04-06 18:50:46,881 [1] INFO  Holly- [(null)] - [>>>厂家状态变化<<<]OnStatusChange ：PS07_来电振铃(3) -> PS08_普通通话(5)
2016-04-06 18:50:46,881 [1] INFO  Holly- [(null)] - [Main][SetMainStatus]设置状态：PS08_普通通话
2016-04-06 18:50:46,899 [1] INFO  Holly- [(null)] - [HollyContactHelper] 普通进行 == 主叫号码->18066610180
2016-04-06 18:50:46,899 [1] INFO  Holly- [(null)] - [HollyContactHelper] 获取厂家信息 ==主叫号码->18066610180
2016-04-06 18:50:46,899 [1] INFO  Holly- [(null)] - [HollyContactHelper] >>>> HaoMaProcess 处理前>>>> 18066610180
2016-04-06 18:50:46,899 [1] INFO  Holly- [(null)] - [HollyContactHelper] >>>> HaoMaProcess 处理后>>>> 18066610180
2016-04-06 18:50:46,899 [1] INFO  Holly- [(null)] - [HollyContactHelper] 获取厂家信息 ==主叫号码->18066610180 ()
2016-04-06 18:50:46,900 [1] INFO  Holly- [(null)] - [HollyContactHelper] 获取厂家信息 ==被叫号码->35197
2016-04-06 18:50:46,900 [1] INFO  Holly- [(null)] - [HollyContactHelper] 获取厂家信息 ==落地号码->
2016-04-06 18:50:46,904 [1] INFO  Holly- [(null)] - [事件][OnAnswerSuccess] 呼入接通成功事件 ：呼入_分配接入 监控：非监控
2016-04-06 18:50:46,904 [1] INFO  Holly- [(null)] - [事件][CustomerInCome_OnAnswer] 客服接通
2016-04-06 18:50:46,905 [1] INFO  Holly- [(null)] - [HollyContactHelper] 普通进行 == 主叫号码->18066610180
2016-04-06 18:50:46,905 [1] INFO  Holly- [(null)] - [HollyContactHelper] 获取厂家信息 ==主叫号码->18066610180
2016-04-06 18:50:46,905 [1] INFO  Holly- [(null)] - [HollyContactHelper] >>>> HaoMaProcess 处理前>>>> 18066610180
2016-04-06 18:50:46,905 [1] INFO  Holly- [(null)] - [HollyContactHelper] >>>> HaoMaProcess 处理后>>>> 18066610180
2016-04-06 18:50:46,905 [1] INFO  Holly- [(null)] - [HollyContactHelper] 获取厂家信息 ==主叫号码->18066610180 ()
2016-04-06 18:50:46,905 [1] INFO  Holly- [(null)] - [HollyContactHelper] 获取厂家信息 ==被叫号码->35197
2016-04-06 18:50:46,905 [1] INFO  Holly- [(null)] - [HollyContactHelper] 获取厂家信息 ==落地号码->
2016-04-06 18:50:46,905 [1] INFO  Holly- [(null)] - [==BusinessProcess=] >>>> PhoneNumAndAni >>>> 18066610180->35197
2016-04-06 18:50:46,905 [1] INFO  Holly- [(null)] - [==BusinessProcess=] >>>> SwitchINNum >>>> 02987237722
2016-04-06 18:50:46,905 [1] INFO  Holly- [(null)] - [==BusinessProcess=] >>>> SkillGroup >>>> CS01
2016-04-06 18:50:46,905 [1] INFO  Holly- [(null)] - [==BusinessProcess=] >>>> EstablishedTime >>>> 2016-4-6 18:50:46-hollycallid：20160406185044202_1_188_UIP5
2016-04-06 18:50:46,905 [1] INFO  Holly- [(null)] - [HollyContactHelper] 获取厂家信息 ==落地号码->
2016-04-06 18:50:46,905 [1] INFO  Holly- [(null)] - [HollyContactHelper] 获取厂家信息 ==厂家ID->20160406185044202_1_188_UIP5
2016-04-06 18:50:46,905 [1] INFO  Holly- [(null)] - [==BusinessProcess=] InitUserEventData Established-351971459939843567-C33_JS呼入通话-2016-4-6 18:50:46
2016-04-06 18:50:46,905 [1] INFO  Holly- [(null)] - [MainJs] [SendToWeb] 发送网页消息：0 次数
2016-04-06 18:50:46,905 [1] INFO  Holly- [(null)] - [MainJs] [CurrentOutBoundTabPageName] 当前通话网页名称：fbad02c6-4bd5-49f2-88f8-b7e63bc936d0
2016-04-06 18:50:46,905 [1] INFO  Holly- [(null)] - [MainUI] [SendMesToWeb] getCurrentOutBoundBrowser 值是否为空 False
2016-04-06 18:50:46,905 [1] INFO  Holly- [(null)] - [MainUI] [SendMesToWeb] Document 值是否为空 False
2016-04-06 18:50:46,906 [1] INFO  Holly- [(null)] - [MainUI] [SendMesToWeb] Window 值是否为空 False
2016-04-06 18:50:46,906 [1] INFO  Holly- [(null)] - [MainUI] [SendMesToWeb] DomWindow 值是否为空 False
2016-04-06 18:50:46,906 [1] INFO  Holly- [(null)] - [MainUI] [SendMesToWeb] 获取当前通话网页名称：fbad02c6-4bd5-49f2-88f8-b7e63bc936d0
2016-04-06 18:50:46,921 [1] INFO  Holly- [(null)] - [MainJs] [SendMesToWeb] CTIEventMsg msg：UserEvent=Established&UserName=35197&CalledNum=35197&CallerNum=18066610180&CallID=351971459939843567&UserChoice=CS01&CallType=33&MediaType=-2&CallState=-2&CurrentDate=%u0032%u0030%u0031%u0036%u002D%u0030%u0034%u002D%u0030%u0036%u0020%u0031%u0038%u003A%u0035%u0030%u003A%u0034%u0036&SYS_DNIS=02987237722&RecordID=20160406185044202_1_188_UIP5&RecordIDURL=&IsEstablished=True&EstablishedStartTime=%u0032%u0030%u0031%u0036%u002D%u0030%u0034%u002D%u0030%u0036%u0020%u0031%u0038%u003A%u0035%u0030%u003A%u0034%u0036&TaskID=&TaskType=&outBoundType=-2
2016-04-06 18:50:46,922 [1] INFO  Holly- [(null)] - [@@@厂家消息通知@@@]OnMessage ：厂家状态(CurStatus：5；CurStatusName：两方通话；)厂家消息(应答成功。)程序状态(PS08_普通通话)
2016-04-06 18:50:47,105 [1] INFO  Holly- [(null)] - [@@@厂家消息通知@@@]OnMessage ：厂家状态(CurStatus：5；CurStatusName：两方通话；)厂家消息(录音开始：ContactID=20160406185044202_1_188_UIP5,ANI=18066610180,DNIS=1005,ResonCode=77,ResonDesc=_??? (77))程序状态(PS08_普通通话)
2016-04-06 18:50:49,629 [1] INFO  Holly- [(null)] - [客户端推送日志信息] 开始
2016-04-06 18:50:49,639 [1] INFO  Holly- [(null)] - [客户端推送日志信息] 获取到请求数：0
2016-04-06 18:51:01,735 [1] INFO  Holly- [(null)] - [@@@厂家消息通知@@@]OnMessage ：厂家状态(CurStatus：5；CurStatusName：两方通话；)厂家消息(录音停止：ContactID=20160406185044202_1_188_UIP5,ANI=18066610180,DNIS=1005,FileName=/var/spool/hollyRecord/2016/04/35197/35197_20160406185103420.mp3,TimeLen=14838,ResonCode=78,ResonDesc=_??? (78))程序状态(PS08_普通通话)
2016-04-06 18:51:01,970 [1] INFO  Holly- [(null)] - [@@@厂家消息通知@@@]OnMessage ：厂家状态(CurStatus：5；CurStatusName：两方通话；)厂家消息(话路被挂断：ContactID=20160406185044202_1_188_UIP5,CurrStatus=21,LastStatus=28,OtherParty=151148,ResonCode=16,ResonDesc=ActTpDisconnected)程序状态(PS08_普通通话)
2016-04-06 18:51:01,971 [1] INFO  Holly- [(null)] - [@@@厂家消息通知@@@]OnMessage ：厂家状态(CurStatus：5；CurStatusName：两方通话；)厂家消息(通话结束。)程序状态(PS08_普通通话)
2016-04-06 18:51:01,972 [1] INFO  Holly- [(null)] - [事件][OnHangup] 挂断事件 ：对方用户挂机-呼入_分配接入 监控：非监控
2016-04-06 18:51:01,972 [1] INFO  Holly- [(null)] - [事件][OnHangup] 挂断
2016-04-06 18:51:01,993 [1] INFO  Holly- [(null)] - [HollyContactHelper] 获取厂家信息 ==厂家ID->20160406185044202_1_188_UIP5
2016-04-06 18:51:01,993 [1] INFO  Holly- [(null)] - [HollyContactHelper] 获取厂家信息 ==厂家ID->20160406185044202_1_188_UIP5
2016-04-06 18:51:01,993 [1] INFO  Holly- [(null)] - [HollyContactHelper] 普通进行 == 主叫号码->18066610180
2016-04-06 18:51:01,993 [1] INFO  Holly- [(null)] - [HollyContactHelper] 获取厂家信息 ==主叫号码->18066610180
2016-04-06 18:51:01,993 [1] INFO  Holly- [(null)] - [HollyContactHelper] >>>> HaoMaProcess 处理前>>>> 18066610180
2016-04-06 18:51:01,993 [1] INFO  Holly- [(null)] - [HollyContactHelper] >>>> HaoMaProcess 处理后>>>> 18066610180
2016-04-06 18:51:01,993 [1] INFO  Holly- [(null)] - [HollyContactHelper] 获取厂家信息 ==主叫号码->18066610180 ()
2016-04-06 18:51:01,994 [1] INFO  Holly- [(null)] - [HollyContactHelper] 获取厂家信息 ==被叫号码->35197
2016-04-06 18:51:01,994 [1] INFO  Holly- [(null)] - [HollyContactHelper] 获取厂家信息 ==落地号码->
2016-04-06 18:51:01,994 [1] INFO  Holly- [(null)] - [==BusinessProcess=] >>>> PhoneNumAndAni >>>> 18066610180->35197
2016-04-06 18:51:01,994 [1] INFO  Holly- [(null)] - [==BusinessProcess=] >>>> SwitchINNum >>>> 02987237722
2016-04-06 18:51:01,994 [1] INFO  Holly- [(null)] - [==BusinessProcess=] >>>> SkillGroup >>>> CS01
2016-04-06 18:51:01,994 [1] INFO  Holly- [(null)] - [==BusinessProcess=] >>>> CustomerReleaseTime >>>> 2016-4-6 18:51:01
2016-04-06 18:51:01,994 [1] INFO  Holly- [(null)] - [==BusinessProcess=] >>>> AfterWorkBeginTime >>>> 2016-4-6 18:51:01
2016-04-06 18:51:01,995 [1] INFO  Holly- [(null)] - [==BusinessProcess=] >>>> AudioURL >>>> http://192.168.112.208/var/spool/hollyRecord/2016/04/35197/35197_20160406185103420.mp3
2016-04-06 18:51:01,995 [1] INFO  Holly- [(null)] - [==BusinessProcess=] >>>> TallTime >>>> 15.0888631
2016-04-06 18:51:02,079 [1] INFO  Holly- [(null)] - [CallRecordHelper][InsertCallRecordNew] 成功
2016-04-06 18:51:02,089 [1] INFO  Holly- [(null)] - [HollyContactHelper] 获取厂家信息 ==落地号码->
2016-04-06 18:51:02,089 [1] INFO  Holly- [(null)] - [HollyContactHelper] 获取厂家信息 ==厂家ID->20160406185044202_1_188_UIP5
2016-04-06 18:51:02,090 [1] INFO  Holly- [(null)] - [==BusinessProcess=] InitUserEventData Released-351971459939843567-C34_JS呼入挂断-2016-4-6 18:51:01
2016-04-06 18:51:02,090 [1] INFO  Holly- [(null)] - [MainJs] [SendToWeb] 发送网页消息：0 次数
2016-04-06 18:51:02,090 [1] INFO  Holly- [(null)] - [MainJs] [CurrentOutBoundTabPageName] 当前通话网页名称：fbad02c6-4bd5-49f2-88f8-b7e63bc936d0
2016-04-06 18:51:02,090 [1] INFO  Holly- [(null)] - [MainUI] [SendMesToWeb] getCurrentOutBoundBrowser 值是否为空 False
2016-04-06 18:51:02,090 [1] INFO  Holly- [(null)] - [MainUI] [SendMesToWeb] Document 值是否为空 False
2016-04-06 18:51:02,090 [1] INFO  Holly- [(null)] - [MainUI] [SendMesToWeb] Window 值是否为空 False
2016-04-06 18:51:02,090 [1] INFO  Holly- [(null)] - [MainUI] [SendMesToWeb] DomWindow 值是否为空 False
2016-04-06 18:51:02,090 [1] INFO  Holly- [(null)] - [MainUI] [SendMesToWeb] 获取当前通话网页名称：fbad02c6-4bd5-49f2-88f8-b7e63bc936d0
2016-04-06 18:51:02,093 [1] INFO  Holly- [(null)] - [MainJs] [SendMesToWeb] CTIEventMsg msg：UserEvent=Released&UserName=35197&CalledNum=35197&CallerNum=18066610180&CallID=351971459939843567&UserChoice=CS01&CallType=34&MediaType=-2&CallState=-2&CurrentDate=%u0032%u0030%u0031%u0036%u002D%u0030%u0034%u002D%u0030%u0036%u0020%u0031%u0038%u003A%u0035%u0031%u003A%u0030%u0031&SYS_DNIS=02987237722&RecordID=20160406185044202_1_188_UIP5&RecordIDURL=http://192.168.112.208/var/spool/hollyRecord/2016/04/35197/35197_20160406185103420.mp3&IsEstablished=True&EstablishedStartTime=%u0032%u0030%u0031%u0036%u002D%u0030%u0034%u002D%u0030%u0036%u0020%u0031%u0038%u003A%u0035%u0030%u003A%u0034%u0036&TaskID=&TaskType=&outBoundType=-2
2016-04-06 18:51:02,093 [1] INFO  Holly- [(null)] - [MainJs] [CurrentOutBoundTabPageName] 挂断清空
2016-04-06 18:51:02,094 [1] INFO  Holly- [(null)] - [@@@厂家消息通知@@@]OnMessage ：厂家状态(CurStatus：15；CurStatusName：工作整理；)厂家消息(状态改变：两方通话-->工作整理)程序状态(PS06_话后)
2016-04-06 18:51:02,094 [1] INFO  Holly- [(null)] - [>>>厂家状态变化<<<]OnStatusChange ：PS08_普通通话(5) -> PS06_话后(15)
2016-04-06 18:51:02,095 [1] INFO  Holly- [(null)] - [Main][SetMainStatus]设置状态：PS06_话后
2016-04-06 18:51:02,113 [1] INFO  Holly- [(null)] - [HollyContactHelper] 普通进行 == 主叫号码->18066610180
2016-04-06 18:51:02,113 [1] INFO  Holly- [(null)] - [HollyContactHelper] 获取厂家信息 ==主叫号码->18066610180
2016-04-06 18:51:02,113 [1] INFO  Holly- [(null)] - [HollyContactHelper] >>>> HaoMaProcess 处理前>>>> 18066610180
2016-04-06 18:51:02,113 [1] INFO  Holly- [(null)] - [HollyContactHelper] >>>> HaoMaProcess 处理后>>>> 18066610180
2016-04-06 18:51:02,113 [1] INFO  Holly- [(null)] - [HollyContactHelper] 获取厂家信息 ==主叫号码->18066610180 ()
2016-04-06 18:51:02,113 [1] INFO  Holly- [(null)] - [HollyContactHelper] 获取厂家信息 ==被叫号码->35197
2016-04-06 18:51:02,114 [1] INFO  Holly- [(null)] - [HollyContactHelper] 获取厂家信息 ==落地号码->
2016-04-06 18:51:02,122 [1] INFO  Holly- [(null)] - [@@@厂家消息通知@@@]OnMessage ：厂家状态(CurStatus：15；CurStatusName：工作整理；)厂家消息(整理工作开始。)程序状态(PS06_话后)
2016-04-06 18:51:05,130 [1] INFO  Holly- [(null)] - [Main] 点击按钮==置忙==3
2016-04-06 18:51:05,162 [1] INFO  Holly- [(null)] - [HollyContactHelper]用户操作==置闲->True
2016-04-06 18:51:05,390 [1] INFO  Holly- [(null)] - [@@@厂家消息通知@@@]OnMessage ：厂家状态(CurStatus：1；CurStatusName：空闲；)厂家消息(状态改变：工作整理-->空闲)程序状态(PS03_置闲)
2016-04-06 18:51:05,391 [1] INFO  Holly- [(null)] - [>>>厂家状态变化<<<]OnStatusChange ：PS06_话后(15) -> PS03_置闲(1)
2016-04-06 18:51:05,391 [1] INFO  Holly- [(null)] - [Main][SetMainStatus]设置状态：PS03_置闲
2016-04-06 18:51:05,504 [1] INFO  Holly- [(null)] - [HollyContactHelper] 获取厂家信息 ==落地号码->
2016-04-06 18:51:05,506 [1] INFO  Holly- [(null)] - [==BusinessProcess=] >>>> AfterWorkTime >>>> 2016-4-6 18:51:05-3.5132009秒
2016-04-06 18:51:05,529 [1] INFO  Holly- [(null)] - [CallRecordHelper][InsertCallRecordNew] 成功
2016-04-06 18:51:05,569 [1] INFO  Holly- [(null)] - [HollyContactHelper]用户操作==休息(BS3_业务处理)->True
2016-04-06 18:51:05,570 [1] INFO  Holly- [(null)] - [@@@厂家消息通知@@@]OnMessage ：厂家状态(CurStatus：1；CurStatusName：空闲；)厂家消息(示闲成功。)程序状态(PS03_置闲)
2016-04-06 18:51:05,808 [1] INFO  Holly- [(null)] - [@@@厂家消息通知@@@]OnMessage ：厂家状态(CurStatus：16；CurStatusName：休息；)厂家消息(状态改变：空闲-->休息)程序状态(PS05_休息)
2016-04-06 18:51:05,809 [1] INFO  Holly- [(null)] - [>>>厂家状态变化<<<]OnStatusChange ：PS03_置闲(1) -> PS05_休息(16)
2016-04-06 18:51:05,809 [1] INFO  Holly- [(null)] - [Main][SetMainStatus]设置状态：PS05_休息
2016-04-06 18:51:05,980 [1] INFO  Holly- [(null)] - [HollyContactHelper] 获取厂家信息 ==落地号码->
2016-04-06 18:51:05,981 [1] INFO  Holly- [(null)] - [@@@厂家消息通知@@@]OnMessage ：厂家状态(CurStatus：16；CurStatusName：休息；)厂家消息(休息开始。)程序状态(PS05_休息)
2016-04-06 18:51:48,332 [1] INFO  Holly- [(null)] - [***MDBFileHelper***][AdditionalRecording] 补录数据
2016-04-06 18:51:49,658 [1] INFO  Holly- [(null)] - [客户端推送日志信息] 开始
2016-04-06 18:51:49,669 [1] INFO  Holly- [(null)] - [客户端推送日志信息] 获取到请求数：0
2016-04-06 18:52:49,689 [1] INFO  Holly- [(null)] - [客户端推送日志信息] 开始
2016-04-06 18:52:49,699 [1] INFO  Holly- [(null)] - [客户端推送日志信息] 获取到请求数：0
2016-04-06 18:53:48,392 [1] INFO  Holly- [(null)] - [***MDBFileHelper***][AdditionalRecording] 补录数据
2016-04-06 18:53:49,717 [1] INFO  Holly- [(null)] - [客户端推送日志信息] 开始
2016-04-06 18:53:49,727 [1] INFO  Holly- [(null)] - [客户端推送日志信息] 获取到请求数：0
2016-04-06 18:54:49,745 [1] INFO  Holly- [(null)] - [客户端推送日志信息] 开始
2016-04-06 18:54:49,757 [1] INFO  Holly- [(null)] - [客户端推送日志信息] 获取到请求数：0
2016-04-06 18:55:39,075 [1] INFO  Holly- [(null)] - [@@@厂家消息通知@@@]OnMessage ：厂家状态(CurStatus：16；CurStatusName：休息；)厂家消息(摘机：ContactID=20160406185555600_1_193_UIP5,CurrStatus=22,LastStatus=21,ResonCode=45,ResonDesc=CauseOffHook)程序状态(PS05_休息)
2016-04-06 18:55:39,109 [1] INFO  Holly- [(null)] - [@@@厂家消息通知@@@]OnMessage ：厂家状态(CurStatus：16；CurStatusName：休息；)厂家消息(座席话务处理)程序状态(PS05_休息)
2016-04-06 18:55:39,110 [1] INFO  Holly- [(null)] - [@@@厂家消息通知@@@]OnMessage ：厂家状态(CurStatus：16；CurStatusName：休息；)厂家消息(摘机：ContactID=20160406185555600_1_193_UIP5,CurrStatus=22,LastStatus=22,ResonCode=45,ResonDesc=CauseOffHook)程序状态(PS05_休息)
2016-04-06 18:55:42,950 [1] INFO  Holly- [(null)] - [@@@厂家消息通知@@@]OnMessage ：厂家状态(CurStatus：16；CurStatusName：休息；)厂家消息(录音开始：ContactID=20160406185555600_1_193_UIP5,ANI=35197,DNIS=35198,ResonCode=77,ResonDesc=_??? (77))程序状态(PS05_休息)
2016-04-06 18:55:48,450 [1] INFO  Holly- [(null)] - [***MDBFileHelper***][AdditionalRecording] 补录数据
2016-04-06 18:55:49,776 [1] INFO  Holly- [(null)] - [客户端推送日志信息] 开始
2016-04-06 18:55:49,787 [1] INFO  Holly- [(null)] - [客户端推送日志信息] 获取到请求数：0
2016-04-06 18:56:49,804 [1] INFO  Holly- [(null)] - [客户端推送日志信息] 开始
2016-04-06 18:56:49,873 [1] INFO  Holly- [(null)] - [客户端推送日志信息] 获取到请求数：0
2016-04-06 18:57:48,507 [1] INFO  Holly- [(null)] - [***MDBFileHelper***][AdditionalRecording] 补录数据
2016-04-06 18:57:49,881 [1] INFO  Holly- [(null)] - [客户端推送日志信息] 开始
2016-04-06 18:57:49,891 [1] INFO  Holly- [(null)] - [客户端推送日志信息] 获取到请求数：0
2016-04-06 18:58:10,480 [1] INFO  Holly- [(null)] - [@@@厂家消息通知@@@]OnMessage ：厂家状态(CurStatus：16；CurStatusName：休息；)厂家消息(通知：ContactID=20160406185555600_1_193_UIP5,CurrStatus=28,LastStatus=28,OtherParty=35198,ResonCode=15,ResonDesc=ActOpDisconnected)程序状态(PS05_休息)
2016-04-06 18:58:10,513 [1] INFO  Holly- [(null)] - [@@@厂家消息通知@@@]OnMessage ：厂家状态(CurStatus：16；CurStatusName：休息；)厂家消息(录音停止：ContactID=20160406185555600_1_193_UIP5,ANI=35197,DNIS=35198,FileName=/var/spool/hollyRecord/2016/04/35197/35197_20160406185559253.mp3,TimeLen=147693,ResonCode=78,ResonDesc=_??? (78))程序状态(PS05_休息)
2016-04-06 18:58:10,514 [1] INFO  Holly- [(null)] - [@@@厂家消息通知@@@]OnMessage ：厂家状态(CurStatus：16；CurStatusName：休息；)厂家消息(话路被挂断：ContactID=20160406185555600_1_193_UIP5,CurrStatus=21,LastStatus=28,OtherParty=35198,ResonCode=16,ResonDesc=ActTpDisconnected)程序状态(PS05_休息)
2016-04-06 18:58:10,518 [1] INFO  Holly- [(null)] - [@@@厂家消息通知@@@]OnMessage ：厂家状态(CurStatus：15；CurStatusName：工作整理；)厂家消息(状态改变：休息-->工作整理)程序状态(PS06_话后)
2016-04-06 18:58:10,518 [1] INFO  Holly- [(null)] - [>>>厂家状态变化<<<]OnStatusChange ：PS05_休息(16) -> PS06_话后(15)
2016-04-06 18:58:10,518 [1] INFO  Holly- [(null)] - [Main][SetMainStatus]设置状态：PS06_话后
2016-04-06 18:58:10,543 [1] INFO  Holly- [(null)] - [HollyContactHelper] 获取厂家信息 ==主叫号码->35197
2016-04-06 18:58:10,543 [1] INFO  Holly- [(null)] - [HollyContactHelper] >>>> HaoMaProcess 处理前>>>> 35197
2016-04-06 18:58:10,543 [1] INFO  Holly- [(null)] - [HollyContactHelper] >>>> HaoMaProcess 处理后>>>> 35197
2016-04-06 18:58:10,543 [1] INFO  Holly- [(null)] - [HollyContactHelper] 获取厂家信息 ==主叫号码->35197 ()
2016-04-06 18:58:10,544 [1] INFO  Holly- [(null)] - [HollyContactHelper] 获取厂家信息 ==被叫号码->随路数据为空，通过方法获取->35198
2016-04-06 18:58:10,544 [1] INFO  Holly- [(null)] - [HollyContactHelper] >>>> HaoMaProcess 处理前>>>> 35198
2016-04-06 18:58:10,544 [1] INFO  Holly- [(null)] - [HollyContactHelper] >>>> HaoMaProcess 处理后>>>> 35198
2016-04-06 18:58:10,544 [1] INFO  Holly- [(null)] - [HollyContactHelper] 获取厂家信息 ==被叫号码->35198 ()
2016-04-06 18:58:10,547 [1] INFO  Holly- [(null)] - [HollyContactHelper] 获取厂家信息 ==落地号码->空
2016-04-06 18:58:10,548 [1] INFO  Holly- [(null)] - [@@@厂家消息通知@@@]OnMessage ：厂家状态(CurStatus：15；CurStatusName：工作整理；)厂家消息(整理工作开始。)程序状态(PS06_话后)
2016-04-06 18:58:49,910 [1] INFO  Holly- [(null)] - [客户端推送日志信息] 开始
2016-04-06 18:58:49,919 [1] INFO  Holly- [(null)] - [客户端推送日志信息] 获取到请求数：0
2016-04-06 18:59:48,566 [1] INFO  Holly- [(null)] - [***MDBFileHelper***][AdditionalRecording] 补录数据
2016-04-06 18:59:49,938 [1] INFO  Holly- [(null)] - [客户端推送日志信息] 开始
2016-04-06 18:59:49,949 [1] INFO  Holly- [(null)] - [客户端推送日志信息] 获取到请求数：0
2016-04-06 19:00:49,967 [1] INFO  Holly- [(null)] - [客户端推送日志信息] 开始
2016-04-06 19:00:49,979 [1] INFO  Holly- [(null)] - [客户端推送日志信息] 获取到请求数：0
2016-04-06 19:01:48,624 [1] INFO  Holly- [(null)] - [***MDBFileHelper***][AdditionalRecording] 补录数据
2016-04-06 19:01:49,999 [1] INFO  Holly- [(null)] - [客户端推送日志信息] 开始
2016-04-06 19:01:50,009 [1] INFO  Holly- [(null)] - [客户端推送日志信息] 获取到请求数：0
2016-04-06 19:02:50,027 [1] INFO  Holly- [(null)] - [客户端推送日志信息] 开始
2016-04-06 19:02:50,038 [1] INFO  Holly- [(null)] - [客户端推送日志信息] 获取到请求数：0
2016-04-06 19:03:48,681 [1] INFO  Holly- [(null)] - [***MDBFileHelper***][AdditionalRecording] 补录数据
2016-04-06 19:03:50,056 [1] INFO  Holly- [(null)] - [客户端推送日志信息] 开始
2016-04-06 19:03:50,067 [1] INFO  Holly- [(null)] - [客户端推送日志信息] 获取到请求数：0
2016-04-06 19:04:50,085 [1] INFO  Holly- [(null)] - [客户端推送日志信息] 开始
2016-04-06 19:04:50,094 [1] INFO  Holly- [(null)] - [客户端推送日志信息] 获取到请求数：0
2016-04-06 19:05:48,741 [1] INFO  Holly- [(null)] - [***MDBFileHelper***][AdditionalRecording] 补录数据
2016-04-06 19:05:50,114 [1] INFO  Holly- [(null)] - [客户端推送日志信息] 开始
2016-04-06 19:05:50,124 [1] INFO  Holly- [(null)] - [客户端推送日志信息] 获取到请求数：0
2016-04-06 19:06:50,144 [1] INFO  Holly- [(null)] - [客户端推送日志信息] 开始
2016-04-06 19:06:50,154 [1] INFO  Holly- [(null)] - [客户端推送日志信息] 获取到请求数：0
2016-04-06 19:07:48,800 [1] INFO  Holly- [(null)] - [***MDBFileHelper***][AdditionalRecording] 补录数据
2016-04-06 19:07:50,172 [1] INFO  Holly- [(null)] - [客户端推送日志信息] 开始
2016-04-06 19:07:50,184 [1] INFO  Holly- [(null)] - [客户端推送日志信息] 获取到请求数：0
2016-04-06 19:08:24,355 [1] INFO  Holly- [(null)] - [@@@厂家消息通知@@@]OnMessage ：厂家状态(CurStatus：15；CurStatusName：工作整理；)厂家消息(座席话务处理)程序状态(PS06_话后)
2016-04-06 19:08:26,120 [1] INFO  Holly- [(null)] - [@@@厂家消息通知@@@]OnMessage ：厂家状态(CurStatus：5；CurStatusName：两方通话；)厂家消息(状态改变：工作整理-->两方通话)程序状态(PS08_普通通话)
2016-04-06 19:08:26,120 [1] INFO  Holly- [(null)] - [>>>厂家状态变化<<<]OnStatusChange ：PS06_话后(15) -> PS08_普通通话(5)
2016-04-06 19:08:26,120 [1] INFO  Holly- [(null)] - [Main][SetMainStatus]设置状态：PS08_普通通话
2016-04-06 19:08:26,151 [1] INFO  Holly- [(null)] - [HollyContactHelper] 普通进行 == 主叫号码->35198
2016-04-06 19:08:26,151 [1] INFO  Holly- [(null)] - [HollyContactHelper] 获取厂家信息 ==主叫号码->35198
2016-04-06 19:08:26,151 [1] INFO  Holly- [(null)] - [HollyContactHelper] >>>> HaoMaProcess 处理前>>>> 35198
2016-04-06 19:08:26,151 [1] INFO  Holly- [(null)] - [HollyContactHelper] >>>> HaoMaProcess 处理后>>>> 35198
2016-04-06 19:08:26,151 [1] INFO  Holly- [(null)] - [HollyContactHelper] 获取厂家信息 ==主叫号码->35198 ()
2016-04-06 19:08:26,152 [1] INFO  Holly- [(null)] - [HollyContactHelper] 获取厂家信息 ==被叫号码->35197
2016-04-06 19:08:26,152 [1] INFO  Holly- [(null)] - [HollyContactHelper] 获取厂家信息 ==落地号码->
2016-04-06 19:08:26,153 [1] INFO  Holly- [(null)] - [@@@厂家消息通知@@@]OnMessage ：厂家状态(CurStatus：5；CurStatusName：两方通话；)厂家消息(二次拨号开始通话。)程序状态(PS08_普通通话)
2016-04-06 19:08:26,349 [1] INFO  Holly- [(null)] - [@@@厂家消息通知@@@]OnMessage ：厂家状态(CurStatus：5；CurStatusName：两方通话；)厂家消息(录音开始：ContactID=20160406190840589_1_206_UIP5,ANI=35198,DNIS=35197,ResonCode=77,ResonDesc=_??? (77))程序状态(PS08_普通通话)
2016-04-06 19:08:50,202 [1] INFO  Holly- [(null)] - [客户端推送日志信息] 开始
2016-04-06 19:08:50,213 [1] INFO  Holly- [(null)] - [客户端推送日志信息] 获取到请求数：0
2016-04-06 19:09:48,856 [1] INFO  Holly- [(null)] - [***MDBFileHelper***][AdditionalRecording] 补录数据
2016-04-06 19:09:50,231 [1] INFO  Holly- [(null)] - [客户端推送日志信息] 开始
2016-04-06 19:09:50,242 [1] INFO  Holly- [(null)] - [客户端推送日志信息] 获取到请求数：0
2016-04-06 19:10:50,259 [1] INFO  Holly- [(null)] - [客户端推送日志信息] 开始
2016-04-06 19:10:50,269 [1] INFO  Holly- [(null)] - [客户端推送日志信息] 获取到请求数：0
2016-04-06 19:11:16,156 [1] INFO  Holly- [(null)] - [@@@厂家消息通知@@@]OnMessage ：厂家状态(CurStatus：5；CurStatusName：两方通话；)厂家消息(录音停止：ContactID=20160406190840589_1_206_UIP5,ANI=35198,DNIS=35197,FileName=/var/spool/hollyRecord/2016/04/35197/35197_20160406190842623.mp3,TimeLen=170010,ResonCode=78,ResonDesc=_??? (78))程序状态(PS08_普通通话)
2016-04-06 19:11:16,382 [1] INFO  Holly- [(null)] - [@@@厂家消息通知@@@]OnMessage ：厂家状态(CurStatus：5；CurStatusName：两方通话；)厂家消息(话路被挂断：ContactID=20160406190840589_1_206_UIP5,CurrStatus=21,LastStatus=28,OtherParty=35198,ResonCode=16,ResonDesc=ActTpDisconnected)程序状态(PS08_普通通话)
2016-04-06 19:11:16,383 [1] INFO  Holly- [(null)] - [@@@厂家消息通知@@@]OnMessage ：厂家状态(CurStatus：5；CurStatusName：两方通话；)厂家消息(通话结束。)程序状态(PS08_普通通话)
2016-04-06 19:11:16,384 [1] INFO  Holly- [(null)] - [事件][OnHangup] 挂断事件 ：对方用户挂机-呼入_内部拨入 监控：非监控
2016-04-06 19:11:16,384 [1] INFO  Holly- [(null)] - [事件][OnHangup] 挂断
2016-04-06 19:11:16,385 [1] INFO  Holly- [(null)] - [事件][OnHangup] 异常：BusinessProcess.CallRecordORIG 为空
2016-04-06 19:11:16,386 [1] INFO  Holly- [(null)] - [@@@厂家消息通知@@@]OnMessage ：厂家状态(CurStatus：15；CurStatusName：工作整理；)厂家消息(状态改变：两方通话-->工作整理)程序状态(PS06_话后)
2016-04-06 19:11:16,387 [1] INFO  Holly- [(null)] - [>>>厂家状态变化<<<]OnStatusChange ：PS08_普通通话(5) -> PS06_话后(15)
2016-04-06 19:11:16,387 [1] INFO  Holly- [(null)] - [Main][SetMainStatus]设置状态：PS06_话后
2016-04-06 19:11:16,468 [1] INFO  Holly- [(null)] - [HollyContactHelper] 普通进行 == 主叫号码->35198
2016-04-06 19:11:16,468 [1] INFO  Holly- [(null)] - [HollyContactHelper] 获取厂家信息 ==主叫号码->35198
2016-04-06 19:11:16,468 [1] INFO  Holly- [(null)] - [HollyContactHelper] >>>> HaoMaProcess 处理前>>>> 35198
2016-04-06 19:11:16,468 [1] INFO  Holly- [(null)] - [HollyContactHelper] >>>> HaoMaProcess 处理后>>>> 35198
2016-04-06 19:11:16,468 [1] INFO  Holly- [(null)] - [HollyContactHelper] 获取厂家信息 ==主叫号码->35198 ()
2016-04-06 19:11:16,470 [1] INFO  Holly- [(null)] - [HollyContactHelper] 获取厂家信息 ==被叫号码->35197
2016-04-06 19:11:16,472 [1] INFO  Holly- [(null)] - [HollyContactHelper] 获取厂家信息 ==落地号码->
2016-04-06 19:11:16,473 [1] INFO  Holly- [(null)] - [@@@厂家消息通知@@@]OnMessage ：厂家状态(CurStatus：15；CurStatusName：工作整理；)厂家消息(整理工作开始。)程序状态(PS06_话后)
2016-04-06 19:11:48,915 [1] INFO  Holly- [(null)] - [***MDBFileHelper***][AdditionalRecording] 补录数据
2016-04-06 19:11:50,287 [1] INFO  Holly- [(null)] - [客户端推送日志信息] 开始
2016-04-06 19:11:50,296 [1] INFO  Holly- [(null)] - [客户端推送日志信息] 获取到请求数：0
2016-04-06 19:12:16,242 [1] INFO  Holly- [(null)] - [HollyContactHelper]用户操作==置闲->True
2016-04-06 19:12:16,468 [1] INFO  Holly- [(null)] - [@@@厂家消息通知@@@]OnMessage ：厂家状态(CurStatus：1；CurStatusName：空闲；)厂家消息(状态改变：工作整理-->空闲)程序状态(PS03_置闲)
2016-04-06 19:12:16,468 [1] INFO  Holly- [(null)] - [>>>厂家状态变化<<<]OnStatusChange ：PS06_话后(15) -> PS03_置闲(1)
2016-04-06 19:12:16,468 [1] INFO  Holly- [(null)] - [Main][SetMainStatus]设置状态：PS03_置闲
2016-04-06 19:12:16,487 [1] INFO  Holly- [(null)] - [HollyContactHelper] 获取厂家信息 ==落地号码->
2016-04-06 19:12:16,487 [1] INFO  Holly- [(null)] - [@@@厂家消息通知@@@]OnMessage ：厂家状态(CurStatus：1；CurStatusName：空闲；)厂家消息(示闲成功。)程序状态(PS03_置闲)
2016-04-06 19:12:50,301 [1] INFO  Holly- [(null)] - [客户端推送日志信息] 开始
2016-04-06 19:12:50,310 [1] INFO  Holly- [(null)] - [客户端推送日志信息] 获取到请求数：0
2016-04-06 19:13:48,974 [1] INFO  Holly- [(null)] - [***MDBFileHelper***][AdditionalRecording] 补录数据
2016-04-06 19:13:50,333 [1] INFO  Holly- [(null)] - [客户端推送日志信息] 开始
2016-04-06 19:13:50,343 [1] INFO  Holly- [(null)] - [客户端推送日志信息] 获取到请求数：0
2016-04-06 19:14:50,360 [1] INFO  Holly- [(null)] - [客户端推送日志信息] 开始
2016-04-06 19:14:50,371 [1] INFO  Holly- [(null)] - [客户端推送日志信息] 获取到请求数：0
2016-04-06 19:15:49,035 [1] INFO  Holly- [(null)] - [***MDBFileHelper***][AdditionalRecording] 补录数据
2016-04-06 19:15:50,392 [1] INFO  Holly- [(null)] - [客户端推送日志信息] 开始
2016-04-06 19:15:50,402 [1] INFO  Holly- [(null)] - [客户端推送日志信息] 获取到请求数：0
2016-04-06 19:16:50,420 [1] INFO  Holly- [(null)] - [客户端推送日志信息] 开始
2016-04-06 19:16:50,431 [1] INFO  Holly- [(null)] - [客户端推送日志信息] 获取到请求数：0
2016-04-06 19:17:08,322 [1] INFO  Holly- [(null)] - [登录登出模块] ExitLogin() Begin...
2016-04-06 19:17:08,362 [1] INFO  Holly- [(null)] - [登录登出模块]DeleteAgentStateToDB...客服退出时LoginOnOid....IS:177
2016-04-06 19:17:08,362 [1] INFO  Holly- [(null)] - [登录登出模块]DeleteAgentStateToDB...客服退出时GetCurrentTime()....IS:2016-04-06 19:17:08
2016-04-06 19:17:08,363 [1] INFO  Holly- [(null)] - [登录登出模块]DeleteAgentStateToDB...退出成功....
2016-04-06 19:17:08,395 [1] INFO  Holly- [(null)] - [HollyContactHelper]用户操作==签出->True
2016-04-06 19:17:09,708 [1] INFO  Holly- [(null)] - [HollyContactHelper]用户操作==卸载->True
2016-04-06 19:17:09,708 [1] INFO  Holly- [(null)] - [登录登出模块] ExitLogin() End.
