2016-03-07 15:12:08,528 [1] INFO  Holly- [(null)] - [登录窗口]btnLogin_Click Begin...
2016-03-07 15:12:08,614 [1] INFO  Holly- [(null)] - [HollyContactHelper]ModifySoftphoneINIByDN――根据DN35197,选择的SIPServerIP为：192.168.112.205
2016-03-07 15:12:08,814 [1] INFO  Holly- [(null)] - [HollyContactHelper]用户操作==装载及初始化->True
2016-03-07 15:12:08,814 [1] INFO  Holly- [(null)] - [登录窗口]btnLogin_Click： 异步加载，回调事件中继续登录
2016-03-07 15:12:08,814 [1] INFO  Holly- [(null)] - [登录窗口]btnLogin_Click End
2016-03-07 15:12:08,885 [1] INFO  Holly- [(null)] - [@@@厂家消息通知@@@]OnMessage ：厂家状态(CurStatus：0；CurStatusName：准备就绪状态；)厂家消息(服务器已上线:UserName=AgentUser,UserGOR=22740993)程序状态(PS01_就绪)
2016-03-07 15:12:08,907 [1] INFO  Holly- [(null)] - [@@@厂家消息通知@@@]OnMessage ：厂家状态(CurStatus：0；CurStatusName：准备就绪状态；)厂家消息(服务器已上线:UserName=LSUser,UserGOR=65537)程序状态(PS01_就绪)
2016-03-07 15:12:08,969 [1] INFO  Holly- [(null)] - [@@@厂家消息通知@@@]OnMessage ：厂家状态(CurStatus：0；CurStatusName：准备就绪状态；)厂家消息(服务器已上线:UserName=ASUser,UserGOR=720897)程序状态(PS01_就绪)
2016-03-07 15:12:08,971 [1] INFO  Holly- [(null)] - [@@@厂家消息通知@@@]OnMessage ：厂家状态(CurStatus：0；CurStatusName：准备就绪状态；)厂家消息(服务器已上线:UserName=StatEvent,UserGOR=327681)程序状态(PS01_就绪)
2016-03-07 15:12:08,973 [1] INFO  Holly- [(null)] - [@@@厂家消息通知@@@]OnMessage ：厂家状态(CurStatus：0；CurStatusName：准备就绪状态；)厂家消息(服务器已上线:UserName=StatUser,UserGOR=327682)程序状态(PS01_就绪)
2016-03-07 15:12:08,975 [1] INFO  Holly- [(null)] - [@@@厂家消息通知@@@]OnMessage ：厂家状态(CurStatus：0；CurStatusName：准备就绪状态；)厂家消息(服务器已上线:UserName=EDSUser,UserGOR=131073)程序状态(PS01_就绪)
2016-03-07 15:12:08,975 [1] INFO  Holly- [(null)] - 当前调用Load函数，返回的服务器信息条数为：6
2016-03-07 15:12:08,983 [1] INFO  Holly- [(null)] - [登录登出模块] Login(masj, pwd, 35197) Begin...
2016-03-07 15:12:08,985 [1] INFO  Holly- [(null)] - [登录登出模块] DomainAccountLogin(masj, pwd) begin...
2016-03-07 15:12:09,275 [1] INFO  Holly- [(null)] - [登录登出模块] DomainAccountLogin(masj, pwd) end.return BitAuto.Services.Organization.Remoting.Employee
2016-03-07 15:12:13,226 [1] INFO  Holly- [(null)] - [登录登出模块] InitLoginUser() Begin...
2016-03-07 15:12:37,761 [1] INFO  Holly- [(null)] - [登录登出模块] InitLoginUser() 客服登录...AgentID is:10658,AgentNum is:1897,GroupName is:测试测试测试,OutNum is:86
2016-03-07 15:12:37,761 [1] INFO  Holly- [(null)] - [登录登出模块] InitLoginUser() End...
2016-03-07 15:12:39,521 [1] INFO  Holly- [(null)] - [HollyContactHelper]用户操作==添加技能组->1094 2
2016-03-07 15:12:39,521 [1] INFO  Holly- [(null)] - [HollyContactHelper]用户操作==添加技能组->1095 1
2016-03-07 15:12:39,561 [1] INFO  Holly- [(null)] - [HollyContactHelper]用户操作==签入->True
2016-03-07 15:12:39,867 [1] INFO  Holly- [(null)] - [登录登出模块] InsertAgentState()更新退出时间....norecord
2016-03-07 15:12:39,944 [1] INFO  Holly- [(null)] - [登录登出模块] InsertAgentState()登录状态LoginOnOid....is:4659
2016-03-07 15:12:39,944 [1] INFO  Holly- [(null)] - [登录登出模块] Login(masj, pwd, 35197) End.
2016-03-07 15:12:41,014 [1] INFO  Holly- [(null)] - [InitMainForm] 开始验证监控权限
2016-03-07 15:12:41,128 [1] INFO  Holly- [(null)] - [InitMainForm] 有 监控权限
2016-03-07 15:22:57,011 [1] INFO  Holly- [(null)] - [@@@厂家消息通知@@@]OnMessage ：厂家状态(CurStatus：0；CurStatusName：准备就绪状态；)厂家消息(座席签入成功)程序状态(PS01_就绪)
2016-03-07 15:22:57,046 [1] INFO  Holly- [(null)] - [事件][OnSignInSuccess] 签入成功事件
2016-03-07 15:22:57,187 [1] INFO  Holly- [(null)] - [登录登出模块] InsertAgentState()更新退出时间....success
2016-03-07 15:22:57,198 [1] INFO  Holly- [(null)] - [登录登出模块] InsertAgentState()登录状态LoginOnOid....is:4660
2016-03-07 15:22:57,200 [1] INFO  Holly- [(null)] - [@@@厂家消息通知@@@]OnMessage ：厂家状态(CurStatus：2；CurStatusName：置忙；)厂家消息(状态改变：准备就绪状态-->置忙)程序状态(PS04_置忙)
2016-03-07 15:22:57,202 [1] INFO  Holly- [(null)] - [>>>厂家状态变化<<<]OnStatusChange ：PS01_就绪(0) -> PS04_置忙(2)
2016-03-07 15:22:57,238 [1] INFO  Holly- [(null)] - [HollyContactHelper]用户操作==置闲->True
2016-03-07 15:22:57,502 [1] INFO  Holly- [(null)] - [HollyContactHelper]用户操作==休息(BS0_自动)->True
2016-03-07 15:22:57,503 [1] INFO  Holly- [(null)] - [Main][SetMainStatus]设置状态：PS04_置忙(BS0_自动)
2016-03-07 15:22:57,519 [1] INFO  Holly- [(null)] - [@@@厂家消息通知@@@]OnMessage ：厂家状态(CurStatus：1；CurStatusName：空闲；)厂家消息(状态改变：置忙-->空闲)程序状态(PS03_置闲)
2016-03-07 15:22:57,519 [1] INFO  Holly- [(null)] - [>>>厂家状态变化<<<]OnStatusChange ：PS04_置忙(2) -> PS03_置闲(1)
2016-03-07 15:22:57,519 [1] INFO  Holly- [(null)] - [Main][SetMainStatus]设置状态：PS03_置闲
2016-03-07 15:22:57,522 [1] INFO  Holly- [(null)] - [@@@厂家消息通知@@@]OnMessage ：厂家状态(CurStatus：16；CurStatusName：休息；)厂家消息(状态改变：空闲-->休息)程序状态(PS05_休息)
2016-03-07 15:22:57,523 [1] INFO  Holly- [(null)] - [>>>厂家状态变化<<<]OnStatusChange ：PS03_置闲(1) -> PS05_休息(16)
2016-03-07 15:22:57,523 [1] INFO  Holly- [(null)] - [Main][SetMainStatus]设置状态：PS05_休息
2016-03-07 15:22:58,100 [1] INFO  Holly- [(null)] - [HollyContactHelper] 获取厂家信息 ==落地号码->
2016-03-07 15:22:58,136 [1] INFO  Holly- [(null)] - [@@@厂家消息通知@@@]OnMessage ：厂家状态(CurStatus：16；CurStatusName：休息；)厂家消息(休息开始。)程序状态(PS05_休息)
2016-03-07 15:22:58,218 [1] INFO  Holly- [(null)] - [HollyContactHelper] 获取厂家信息 ==落地号码->
2016-03-07 15:22:58,219 [1] INFO  Holly- [(null)] - [@@@厂家消息通知@@@]OnMessage ：厂家状态(CurStatus：16；CurStatusName：休息；)厂家消息(示闲成功。)程序状态(PS05_休息)
2016-03-07 15:22:58,260 [1] INFO  Holly- [(null)] - [HollyContactHelper] 获取厂家信息 ==落地号码->
2016-03-07 15:22:58,261 [1] INFO  Holly- [(null)] - [@@@厂家消息通知@@@]OnMessage ：厂家状态(CurStatus：16；CurStatusName：休息；)厂家消息(签入成功。)程序状态(PS05_休息)
2016-03-07 15:23:22,266 [1] INFO  Holly- [(null)] - [登录登出模块] ExitLogin() Begin...
2016-03-07 15:23:22,344 [1] INFO  Holly- [(null)] - [登录登出模块]DeleteAgentStateToDB...客服退出时LoginOnOid....IS:4660
2016-03-07 15:23:22,344 [1] INFO  Holly- [(null)] - [登录登出模块]DeleteAgentStateToDB...客服退出时GetCurrentTime()....IS:2016-03-07 15:23:22
2016-03-07 15:23:22,349 [1] INFO  Holly- [(null)] - [登录登出模块]DeleteAgentStateToDB...退出成功....
2016-03-07 15:23:22,384 [1] INFO  Holly- [(null)] - [HollyContactHelper]用户操作==签出->True
2016-03-07 15:23:23,684 [1] INFO  Holly- [(null)] - [HollyContactHelper]用户操作==卸载->True
2016-03-07 15:23:23,684 [1] INFO  Holly- [(null)] - [登录登出模块] ExitLogin() End.
2016-03-07 15:24:10,184 [1] INFO  Holly- [(null)] - [登录窗口]btnLogin_Click Begin...
2016-03-07 15:24:10,275 [1] INFO  Holly- [(null)] - [HollyContactHelper]ModifySoftphoneINIByDN――根据DN35197,选择的SIPServerIP为：192.168.112.205
2016-03-07 15:24:10,400 [1] INFO  Holly- [(null)] - [HollyContactHelper]用户操作==装载及初始化->True
2016-03-07 15:24:10,401 [1] INFO  Holly- [(null)] - [登录窗口]btnLogin_Click： 异步加载，回调事件中继续登录
2016-03-07 15:24:10,401 [1] INFO  Holly- [(null)] - [登录窗口]btnLogin_Click End
2016-03-07 15:24:10,468 [1] INFO  Holly- [(null)] - [@@@厂家消息通知@@@]OnMessage ：厂家状态(CurStatus：0；CurStatusName：准备就绪状态；)厂家消息(服务器已上线:UserName=AgentUser,UserGOR=22806529)程序状态(PS01_就绪)
2016-03-07 15:24:10,493 [1] INFO  Holly- [(null)] - [@@@厂家消息通知@@@]OnMessage ：厂家状态(CurStatus：0；CurStatusName：准备就绪状态；)厂家消息(服务器已上线:UserName=LSUser,UserGOR=65537)程序状态(PS01_就绪)
2016-03-07 15:24:10,557 [1] INFO  Holly- [(null)] - [@@@厂家消息通知@@@]OnMessage ：厂家状态(CurStatus：0；CurStatusName：准备就绪状态；)厂家消息(服务器已上线:UserName=ASUser,UserGOR=720897)程序状态(PS01_就绪)
2016-03-07 15:24:10,559 [1] INFO  Holly- [(null)] - [@@@厂家消息通知@@@]OnMessage ：厂家状态(CurStatus：0；CurStatusName：准备就绪状态；)厂家消息(服务器已上线:UserName=EDSUser,UserGOR=131073)程序状态(PS01_就绪)
2016-03-07 15:24:10,561 [1] INFO  Holly- [(null)] - [@@@厂家消息通知@@@]OnMessage ：厂家状态(CurStatus：0；CurStatusName：准备就绪状态；)厂家消息(服务器已上线:UserName=StatEvent,UserGOR=327681)程序状态(PS01_就绪)
2016-03-07 15:24:10,564 [1] INFO  Holly- [(null)] - [@@@厂家消息通知@@@]OnMessage ：厂家状态(CurStatus：0；CurStatusName：准备就绪状态；)厂家消息(服务器已上线:UserName=StatUser,UserGOR=327682)程序状态(PS01_就绪)
2016-03-07 15:24:10,564 [1] INFO  Holly- [(null)] - 当前调用Load函数，返回的服务器信息条数为：6
2016-03-07 15:24:10,572 [1] INFO  Holly- [(null)] - [登录登出模块] Login(masj, pwd, 35197) Begin...
2016-03-07 15:24:10,574 [1] INFO  Holly- [(null)] - [登录登出模块] DomainAccountLogin(masj, pwd) begin...
2016-03-07 15:24:10,655 [1] INFO  Holly- [(null)] - [登录登出模块] DomainAccountLogin(masj, pwd) end.return BitAuto.Services.Organization.Remoting.Employee
2016-03-07 15:24:11,054 [1] INFO  Holly- [(null)] - [登录登出模块] InitLoginUser() Begin...
2016-03-07 15:24:15,315 [1] INFO  Holly- [(null)] - [登录登出模块] InitLoginUser() 客服登录...AgentID is:10658,AgentNum is:1897,GroupName is:测试测试测试,OutNum is:86
2016-03-07 15:24:15,315 [1] INFO  Holly- [(null)] - [登录登出模块] InitLoginUser() End...
2016-03-07 15:24:15,496 [1] INFO  Holly- [(null)] - [HollyContactHelper]用户操作==添加技能组->1094 2
2016-03-07 15:24:15,496 [1] INFO  Holly- [(null)] - [HollyContactHelper]用户操作==添加技能组->1095 1
2016-03-07 15:24:15,538 [1] INFO  Holly- [(null)] - [HollyContactHelper]用户操作==签入->True
2016-03-07 15:24:15,581 [1] INFO  Holly- [(null)] - [登录登出模块] InsertAgentState()更新退出时间....initmsg
2016-03-07 15:24:15,596 [1] INFO  Holly- [(null)] - [登录登出模块] InsertAgentState()登录状态LoginOnOid....is:4665
2016-03-07 15:24:15,596 [1] INFO  Holly- [(null)] - [登录登出模块] Login(masj, pwd, 35197) End.
2016-03-07 15:24:15,962 [1] INFO  Holly- [(null)] - [InitMainForm] 开始验证监控权限
2016-03-07 15:24:16,024 [1] INFO  Holly- [(null)] - [InitMainForm] 有 监控权限
2016-03-07 15:24:43,018 [1] INFO  Holly- [(null)] - [@@@厂家消息通知@@@]OnMessage ：厂家状态(CurStatus：0；CurStatusName：准备就绪状态；)厂家消息(座席签入成功)程序状态(PS01_就绪)
2016-03-07 15:24:43,055 [1] INFO  Holly- [(null)] - [事件][OnSignInSuccess] 签入成功事件
2016-03-07 15:24:43,089 [1] INFO  Holly- [(null)] - [登录登出模块] InsertAgentState()更新退出时间....success
2016-03-07 15:24:43,101 [1] INFO  Holly- [(null)] - [登录登出模块] InsertAgentState()登录状态LoginOnOid....is:4666
2016-03-07 15:24:43,103 [1] INFO  Holly- [(null)] - [@@@厂家消息通知@@@]OnMessage ：厂家状态(CurStatus：2；CurStatusName：置忙；)厂家消息(状态改变：准备就绪状态-->置忙)程序状态(PS04_置忙)
2016-03-07 15:24:43,105 [1] INFO  Holly- [(null)] - [>>>厂家状态变化<<<]OnStatusChange ：PS01_就绪(0) -> PS04_置忙(2)
2016-03-07 15:24:43,141 [1] INFO  Holly- [(null)] - [HollyContactHelper]用户操作==置闲->True
2016-03-07 15:24:43,409 [1] INFO  Holly- [(null)] - [HollyContactHelper]用户操作==休息(BS0_自动)->True
2016-03-07 15:24:43,411 [1] INFO  Holly- [(null)] - [Main][SetMainStatus]设置状态：PS04_置忙(BS0_自动)
2016-03-07 15:24:43,424 [1] INFO  Holly- [(null)] - [@@@厂家消息通知@@@]OnMessage ：厂家状态(CurStatus：1；CurStatusName：空闲；)厂家消息(状态改变：置忙-->空闲)程序状态(PS03_置闲)
2016-03-07 15:24:43,424 [1] INFO  Holly- [(null)] - [>>>厂家状态变化<<<]OnStatusChange ：PS04_置忙(2) -> PS03_置闲(1)
2016-03-07 15:24:43,425 [1] INFO  Holly- [(null)] - [Main][SetMainStatus]设置状态：PS03_置闲
2016-03-07 15:24:43,745 [1] INFO  Holly- [(null)] - [@@@厂家消息通知@@@]OnMessage ：厂家状态(CurStatus：16；CurStatusName：休息；)厂家消息(状态改变：空闲-->休息)程序状态(PS05_休息)
2016-03-07 15:24:43,746 [1] INFO  Holly- [(null)] - [>>>厂家状态变化<<<]OnStatusChange ：PS03_置闲(1) -> PS05_休息(16)
2016-03-07 15:24:43,746 [1] INFO  Holly- [(null)] - [Main][SetMainStatus]设置状态：PS05_休息
2016-03-07 15:24:44,682 [1] INFO  Holly- [(null)] - [HollyContactHelper] 获取厂家信息 ==落地号码->
2016-03-07 15:24:44,686 [1] INFO  Holly- [(null)] - [@@@厂家消息通知@@@]OnMessage ：厂家状态(CurStatus：16；CurStatusName：休息；)厂家消息(休息开始。)程序状态(PS05_休息)
2016-03-07 15:24:44,734 [1] INFO  Holly- [(null)] - [HollyContactHelper] 获取厂家信息 ==落地号码->
2016-03-07 15:24:44,735 [1] INFO  Holly- [(null)] - [@@@厂家消息通知@@@]OnMessage ：厂家状态(CurStatus：16；CurStatusName：休息；)厂家消息(示闲成功。)程序状态(PS05_休息)
2016-03-07 15:24:44,869 [1] INFO  Holly- [(null)] - [HollyContactHelper] 获取厂家信息 ==落地号码->
2016-03-07 15:24:44,870 [1] INFO  Holly- [(null)] - [@@@厂家消息通知@@@]OnMessage ：厂家状态(CurStatus：16；CurStatusName：休息；)厂家消息(签入成功。)程序状态(PS05_休息)
2016-03-07 15:24:49,717 [1] INFO  Holly- [(null)] - [登录登出模块] ExitLogin() Begin...
2016-03-07 15:24:49,742 [1] INFO  Holly- [(null)] - [登录登出模块]DeleteAgentStateToDB...客服退出时LoginOnOid....IS:4666
2016-03-07 15:24:49,743 [1] INFO  Holly- [(null)] - [登录登出模块]DeleteAgentStateToDB...客服退出时GetCurrentTime()....IS:2016-03-07 15:24:49
2016-03-07 15:24:49,745 [1] INFO  Holly- [(null)] - [登录登出模块]DeleteAgentStateToDB...退出成功....
2016-03-07 15:24:49,779 [1] INFO  Holly- [(null)] - [HollyContactHelper]用户操作==签出->True
2016-03-07 15:24:51,060 [1] INFO  Holly- [(null)] - [HollyContactHelper]用户操作==卸载->True
2016-03-07 15:24:51,060 [1] INFO  Holly- [(null)] - [登录登出模块] ExitLogin() End.
2016-03-07 15:32:25,061 [1] INFO  Holly- [(null)] - [登录窗口]btnLogin_Click Begin...
2016-03-07 15:32:25,120 [1] INFO  Holly- [(null)] - [HollyContactHelper]ModifySoftphoneINIByDN――根据DN35197,选择的SIPServerIP为：192.168.112.205
2016-03-07 15:32:25,256 [1] INFO  Holly- [(null)] - [HollyContactHelper]用户操作==装载及初始化->True
2016-03-07 15:32:25,256 [1] INFO  Holly- [(null)] - [登录窗口]btnLogin_Click： 异步加载，回调事件中继续登录
2016-03-07 15:32:25,256 [1] INFO  Holly- [(null)] - [登录窗口]btnLogin_Click End
2016-03-07 15:32:25,326 [1] INFO  Holly- [(null)] - [@@@厂家消息通知@@@]OnMessage ：厂家状态(CurStatus：0；CurStatusName：准备就绪状态；)厂家消息(服务器已上线:UserName=AgentUser,UserGOR=22872065)程序状态(PS01_就绪)
2016-03-07 15:32:25,353 [1] INFO  Holly- [(null)] - [@@@厂家消息通知@@@]OnMessage ：厂家状态(CurStatus：0；CurStatusName：准备就绪状态；)厂家消息(服务器已上线:UserName=LSUser,UserGOR=65537)程序状态(PS01_就绪)
2016-03-07 15:32:25,419 [1] INFO  Holly- [(null)] - [@@@厂家消息通知@@@]OnMessage ：厂家状态(CurStatus：0；CurStatusName：准备就绪状态；)厂家消息(服务器已上线:UserName=ASUser,UserGOR=720897)程序状态(PS01_就绪)
2016-03-07 15:32:25,421 [1] INFO  Holly- [(null)] - [@@@厂家消息通知@@@]OnMessage ：厂家状态(CurStatus：0；CurStatusName：准备就绪状态；)厂家消息(服务器已上线:UserName=StatEvent,UserGOR=327681)程序状态(PS01_就绪)
2016-03-07 15:32:25,425 [1] INFO  Holly- [(null)] - [@@@厂家消息通知@@@]OnMessage ：厂家状态(CurStatus：0；CurStatusName：准备就绪状态；)厂家消息(服务器已上线:UserName=StatUser,UserGOR=327682)程序状态(PS01_就绪)
2016-03-07 15:32:25,428 [1] INFO  Holly- [(null)] - [@@@厂家消息通知@@@]OnMessage ：厂家状态(CurStatus：0；CurStatusName：准备就绪状态；)厂家消息(服务器已上线:UserName=EDSUser,UserGOR=131073)程序状态(PS01_就绪)
2016-03-07 15:32:25,428 [1] INFO  Holly- [(null)] - 当前调用Load函数，返回的服务器信息条数为：6
2016-03-07 15:32:25,436 [1] INFO  Holly- [(null)] - [登录登出模块] Login(masj, pwd, 35197) Begin...
2016-03-07 15:32:25,438 [1] INFO  Holly- [(null)] - [登录登出模块] DomainAccountLogin(masj, pwd) begin...
2016-03-07 15:32:30,193 [1] ERROR Holly- [(null)] - [登录登出模块] DomainAccountLogin()
System.Net.Sockets.SocketException: 请求的名称有效，但是找不到请求的类型的数据。

Server stack trace: 
   在 System.Net.Dns.GetAddrInfo(String name)
   在 System.Net.Dns.InternalGetHostByName(String hostName, Boolean includeIPv6)
   在 System.Net.Dns.GetHostAddresses(String hostNameOrAddress)
   在 System.Runtime.Remoting.Channels.RemoteConnection..ctor(SocketCache socketCache, String machineAndPort)
   在 System.Runtime.Remoting.Channels.SocketCache.GetSocket(String machinePortAndSid, Boolean openNew)
   在 System.Runtime.Remoting.Channels.Tcp.TcpClientTransportSink.SendRequestWithRetry(IMessage msg, ITransportHeaders requestHeaders, Stream requestStream)
   在 System.Runtime.Remoting.Channels.Tcp.TcpClientTransportSink.ProcessMessage(IMessage msg, ITransportHeaders requestHeaders, Stream requestStream, ITransportHeaders& responseHeaders, Stream& responseStream)
   在 System.Runtime.Remoting.Channels.BinaryClientFormatterSink.SyncProcessMessage(IMessage msg)

Exception rethrown at [0]: 
   在 System.Runtime.Remoting.Proxies.RealProxy.HandleReturnMessage(IMessage reqMsg, IMessage retMsg)
   在 System.Runtime.Remoting.Proxies.RealProxy.PrivateInvoke(MessageData& msgData, Int32 type)
   在 BitAuto.Services.Organization.Remoting.ILoginService.Login(String domainAccount, String password)
   在 CC2015_HollyFormsApp.LoginHelper.DomainAccountLogin(String domainAccount, String pwd) 位置 D:\TFS-Root\A5信息系统研发\销售业务管理平台\客户关系管理\BitAuto.DSC.CC2015.ClientApp\CC2015_HollyFormsApp\Code\Logic\LoginHelper.cs:行号 215
2016-03-07 15:32:30,240 [1] INFO  Holly- [(null)] - [登录登出模块] DomainAccountLogin(masj, pwd) end.return 
2016-03-07 15:32:30,241 [1] INFO  Holly- [(null)] - [登录登出模块] Login(masj, pwd, 35197) End.
2016-03-07 15:33:45,624 [1] INFO  Holly- [(null)] - [登录窗口]btnLogin_Click Begin...
2016-03-07 15:33:45,629 [1] INFO  Holly- [(null)] - [HollyContactHelper]ModifySoftphoneINIByDN――根据DN35197,选择的SIPServerIP为：192.168.112.205
2016-03-07 15:33:45,992 [1] INFO  Holly- [(null)] - [HollyContactHelper]用户操作==装载及初始化->True
2016-03-07 15:33:45,992 [1] INFO  Holly- [(null)] - [登录窗口]btnLogin_Click： 异步加载，回调事件中继续登录
2016-03-07 15:33:45,992 [1] INFO  Holly- [(null)] - [登录窗口]btnLogin_Click End
2016-03-07 15:33:46,055 [1] INFO  Holly- [(null)] - [@@@厂家消息通知@@@]OnMessage ：厂家状态(CurStatus：0；CurStatusName：准备就绪状态；)厂家消息(服务器已上线:UserName=AgentUser,UserGOR=22937601)程序状态(PS01_就绪)
2016-03-07 15:33:46,147 [1] INFO  Holly- [(null)] - [@@@厂家消息通知@@@]OnMessage ：厂家状态(CurStatus：0；CurStatusName：准备就绪状态；)厂家消息(服务器已上线:UserName=ASUser,UserGOR=720897)程序状态(PS01_就绪)
2016-03-07 15:33:46,149 [1] INFO  Holly- [(null)] - [@@@厂家消息通知@@@]OnMessage ：厂家状态(CurStatus：0；CurStatusName：准备就绪状态；)厂家消息(服务器已上线:UserName=EDSUser,UserGOR=131073)程序状态(PS01_就绪)
2016-03-07 15:33:46,151 [1] INFO  Holly- [(null)] - [@@@厂家消息通知@@@]OnMessage ：厂家状态(CurStatus：0；CurStatusName：准备就绪状态；)厂家消息(服务器已上线:UserName=StatEvent,UserGOR=327681)程序状态(PS01_就绪)
2016-03-07 15:33:46,153 [1] INFO  Holly- [(null)] - [@@@厂家消息通知@@@]OnMessage ：厂家状态(CurStatus：0；CurStatusName：准备就绪状态；)厂家消息(服务器已上线:UserName=StatUser,UserGOR=327682)程序状态(PS01_就绪)
2016-03-07 15:33:51,222 [1] INFO  Holly- [(null)] - [@@@厂家消息通知@@@]OnMessage ：厂家状态(CurStatus：0；CurStatusName：准备就绪状态；)厂家消息(服务器已上线:UserName=LSUser,UserGOR=65537)程序状态(PS01_就绪)
2016-03-07 15:33:51,222 [1] INFO  Holly- [(null)] - 当前调用Load函数，返回的服务器信息条数为：6
2016-03-07 15:33:51,222 [1] INFO  Holly- [(null)] - [登录登出模块] Login(masj, pwd, 35197) Begin...
2016-03-07 15:33:51,222 [1] INFO  Holly- [(null)] - [登录登出模块] DomainAccountLogin(masj, pwd) begin...
2016-03-07 15:33:55,727 [1] ERROR Holly- [(null)] - [登录登出模块] DomainAccountLogin()
System.Net.Sockets.SocketException: 请求的名称有效，但是找不到请求的类型的数据。

Server stack trace: 
   在 System.Net.Dns.GetAddrInfo(String name)
   在 System.Net.Dns.InternalGetHostByName(String hostName, Boolean includeIPv6)
   在 System.Net.Dns.GetHostAddresses(String hostNameOrAddress)
   在 System.Runtime.Remoting.Channels.RemoteConnection..ctor(SocketCache socketCache, String machineAndPort)
   在 System.Runtime.Remoting.Channels.SocketCache.GetSocket(String machinePortAndSid, Boolean openNew)
   在 System.Runtime.Remoting.Channels.Tcp.TcpClientTransportSink.SendRequestWithRetry(IMessage msg, ITransportHeaders requestHeaders, Stream requestStream)
   在 System.Runtime.Remoting.Channels.Tcp.TcpClientTransportSink.ProcessMessage(IMessage msg, ITransportHeaders requestHeaders, Stream requestStream, ITransportHeaders& responseHeaders, Stream& responseStream)
   在 System.Runtime.Remoting.Channels.BinaryClientFormatterSink.SyncProcessMessage(IMessage msg)

Exception rethrown at [0]: 
   在 System.Runtime.Remoting.Proxies.RealProxy.HandleReturnMessage(IMessage reqMsg, IMessage retMsg)
   在 System.Runtime.Remoting.Proxies.RealProxy.PrivateInvoke(MessageData& msgData, Int32 type)
   在 BitAuto.Services.Organization.Remoting.ILoginService.Login(String domainAccount, String password)
   在 CC2015_HollyFormsApp.LoginHelper.DomainAccountLogin(String domainAccount, String pwd) 位置 D:\TFS-Root\A5信息系统研发\销售业务管理平台\客户关系管理\BitAuto.DSC.CC2015.ClientApp\CC2015_HollyFormsApp\Code\Logic\LoginHelper.cs:行号 215
2016-03-07 15:33:55,727 [1] INFO  Holly- [(null)] - [登录登出模块] DomainAccountLogin(masj, pwd) end.return 
2016-03-07 15:33:55,727 [1] INFO  Holly- [(null)] - [登录登出模块] Login(masj, pwd, 35197) End.
2016-03-07 15:34:34,652 [1] INFO  Holly- [(null)] - [登录窗口]btnLogin_Click Begin...
2016-03-07 15:34:34,664 [1] INFO  Holly- [(null)] - [HollyContactHelper]ModifySoftphoneINIByDN――根据DN35197,选择的SIPServerIP为：192.168.112.205
2016-03-07 15:34:47,187 [1] INFO  Holly- [(null)] - [登录窗口]btnLogin_Click Begin...
2016-03-07 15:34:47,251 [1] INFO  Holly- [(null)] - [HollyContactHelper]ModifySoftphoneINIByDN――根据DN35197,选择的SIPServerIP为：192.168.112.205
2016-03-07 15:34:47,376 [1] INFO  Holly- [(null)] - [HollyContactHelper]用户操作==装载及初始化->True
2016-03-07 15:34:47,376 [1] INFO  Holly- [(null)] - [登录窗口]btnLogin_Click： 异步加载，回调事件中继续登录
2016-03-07 15:34:47,377 [1] INFO  Holly- [(null)] - [登录窗口]btnLogin_Click End
2016-03-07 15:34:47,453 [1] INFO  Holly- [(null)] - [@@@厂家消息通知@@@]OnMessage ：厂家状态(CurStatus：0；CurStatusName：准备就绪状态；)厂家消息(服务器已上线:UserName=AgentUser,UserGOR=23003137)程序状态(PS01_就绪)
2016-03-07 15:34:47,482 [1] INFO  Holly- [(null)] - [@@@厂家消息通知@@@]OnMessage ：厂家状态(CurStatus：0；CurStatusName：准备就绪状态；)厂家消息(服务器已上线:UserName=LSUser,UserGOR=65537)程序状态(PS01_就绪)
2016-03-07 15:34:47,541 [1] INFO  Holly- [(null)] - [@@@厂家消息通知@@@]OnMessage ：厂家状态(CurStatus：0；CurStatusName：准备就绪状态；)厂家消息(服务器已上线:UserName=ASUser,UserGOR=720897)程序状态(PS01_就绪)
2016-03-07 15:34:47,543 [1] INFO  Holly- [(null)] - [@@@厂家消息通知@@@]OnMessage ：厂家状态(CurStatus：0；CurStatusName：准备就绪状态；)厂家消息(服务器已上线:UserName=StatEvent,UserGOR=327681)程序状态(PS01_就绪)
2016-03-07 15:34:47,545 [1] INFO  Holly- [(null)] - [@@@厂家消息通知@@@]OnMessage ：厂家状态(CurStatus：0；CurStatusName：准备就绪状态；)厂家消息(服务器已上线:UserName=StatUser,UserGOR=327682)程序状态(PS01_就绪)
2016-03-07 15:34:47,547 [1] INFO  Holly- [(null)] - [@@@厂家消息通知@@@]OnMessage ：厂家状态(CurStatus：0；CurStatusName：准备就绪状态；)厂家消息(服务器已上线:UserName=EDSUser,UserGOR=131073)程序状态(PS01_就绪)
2016-03-07 15:34:47,548 [1] INFO  Holly- [(null)] - 当前调用Load函数，返回的服务器信息条数为：6
2016-03-07 15:34:47,556 [1] INFO  Holly- [(null)] - [登录登出模块] Login(masj, pwd, 35197) Begin...
2016-03-07 15:34:47,558 [1] INFO  Holly- [(null)] - [登录登出模块] DomainAccountLogin(masj, pwd) begin...
2016-03-07 15:34:47,608 [1] INFO  Holly- [(null)] - [登录登出模块] DomainAccountLogin(masj, pwd) end.return BitAuto.Services.Organization.Remoting.Employee
2016-03-07 15:34:47,999 [1] INFO  Holly- [(null)] - [登录登出模块] InitLoginUser() Begin...
2016-03-07 15:34:52,193 [1] INFO  Holly- [(null)] - [登录登出模块] InitLoginUser() 客服登录...AgentID is:10658,AgentNum is:1897,GroupName is:测试测试测试,OutNum is:86
2016-03-07 15:34:52,193 [1] INFO  Holly- [(null)] - [登录登出模块] InitLoginUser() End...
2016-03-07 15:34:52,369 [1] INFO  Holly- [(null)] - [HollyContactHelper]用户操作==添加技能组->1094 2
2016-03-07 15:34:52,369 [1] INFO  Holly- [(null)] - [HollyContactHelper]用户操作==添加技能组->1095 1
2016-03-07 15:34:52,413 [1] INFO  Holly- [(null)] - [HollyContactHelper]用户操作==签入->True
2016-03-07 15:34:52,496 [1] INFO  Holly- [(null)] - [登录登出模块] InsertAgentState()更新退出时间....initmsg
2016-03-07 15:34:52,515 [1] INFO  Holly- [(null)] - [登录登出模块] InsertAgentState()登录状态LoginOnOid....is:4671
2016-03-07 15:34:52,515 [1] INFO  Holly- [(null)] - [登录登出模块] Login(masj, pwd, 35197) End.
2016-03-07 15:34:52,893 [1] INFO  Holly- [(null)] - [InitMainForm] 开始验证监控权限
2016-03-07 15:34:52,955 [1] INFO  Holly- [(null)] - [InitMainForm] 有 监控权限
2016-03-07 15:34:47,008 [1] INFO  Holly- [(null)] - [@@@厂家消息通知@@@]OnMessage ：厂家状态(CurStatus：0；CurStatusName：准备就绪状态；)厂家消息(座席签入成功)程序状态(PS01_就绪)
2016-03-07 15:34:47,047 [1] INFO  Holly- [(null)] - [事件][OnSignInSuccess] 签入成功事件
2016-03-07 15:34:47,078 [1] INFO  Holly- [(null)] - [登录登出模块] InsertAgentState()更新退出时间....success
2016-03-07 15:34:47,091 [1] INFO  Holly- [(null)] - [登录登出模块] InsertAgentState()登录状态LoginOnOid....is:4672
2016-03-07 15:34:47,093 [1] INFO  Holly- [(null)] - [@@@厂家消息通知@@@]OnMessage ：厂家状态(CurStatus：2；CurStatusName：置忙；)厂家消息(状态改变：准备就绪状态-->置忙)程序状态(PS04_置忙)
2016-03-07 15:34:47,095 [1] INFO  Holly- [(null)] - [>>>厂家状态变化<<<]OnStatusChange ：PS01_就绪(0) -> PS04_置忙(2)
2016-03-07 15:34:47,131 [1] INFO  Holly- [(null)] - [HollyContactHelper]用户操作==置闲->True
2016-03-07 15:34:47,396 [1] INFO  Holly- [(null)] - [HollyContactHelper]用户操作==休息(BS0_自动)->True
2016-03-07 15:34:47,398 [1] INFO  Holly- [(null)] - [Main][SetMainStatus]设置状态：PS04_置忙(BS0_自动)
2016-03-07 15:34:47,416 [1] INFO  Holly- [(null)] - [@@@厂家消息通知@@@]OnMessage ：厂家状态(CurStatus：1；CurStatusName：空闲；)厂家消息(状态改变：置忙-->空闲)程序状态(PS03_置闲)
2016-03-07 15:34:47,416 [1] INFO  Holly- [(null)] - [>>>厂家状态变化<<<]OnStatusChange ：PS04_置忙(2) -> PS03_置闲(1)
2016-03-07 15:34:47,416 [1] INFO  Holly- [(null)] - [Main][SetMainStatus]设置状态：PS03_置闲
2016-03-07 15:34:47,758 [1] INFO  Holly- [(null)] - [@@@厂家消息通知@@@]OnMessage ：厂家状态(CurStatus：16；CurStatusName：休息；)厂家消息(状态改变：空闲-->休息)程序状态(PS05_休息)
2016-03-07 15:34:47,758 [1] INFO  Holly- [(null)] - [>>>厂家状态变化<<<]OnStatusChange ：PS03_置闲(1) -> PS05_休息(16)
2016-03-07 15:34:47,758 [1] INFO  Holly- [(null)] - [Main][SetMainStatus]设置状态：PS05_休息
2016-03-07 15:34:48,799 [1] INFO  Holly- [(null)] - [HollyContactHelper] 获取厂家信息 ==落地号码->
2016-03-07 15:34:48,804 [1] INFO  Holly- [(null)] - [@@@厂家消息通知@@@]OnMessage ：厂家状态(CurStatus：16；CurStatusName：休息；)厂家消息(休息开始。)程序状态(PS05_休息)
2016-03-07 15:34:48,843 [1] INFO  Holly- [(null)] - [HollyContactHelper] 获取厂家信息 ==落地号码->
2016-03-07 15:34:48,844 [1] INFO  Holly- [(null)] - [@@@厂家消息通知@@@]OnMessage ：厂家状态(CurStatus：16；CurStatusName：休息；)厂家消息(示闲成功。)程序状态(PS05_休息)
2016-03-07 15:34:48,870 [1] INFO  Holly- [(null)] - [HollyContactHelper] 获取厂家信息 ==落地号码->
2016-03-07 15:34:48,871 [1] INFO  Holly- [(null)] - [@@@厂家消息通知@@@]OnMessage ：厂家状态(CurStatus：16；CurStatusName：休息；)厂家消息(签入成功。)程序状态(PS05_休息)
2016-03-07 15:35:46,703 [1] INFO  Holly- [(null)] - [客户端推送日志信息] 开始
2016-03-07 15:35:50,003 [1] INFO  Holly- [(null)] - [客户端推送日志信息] 获取到请求数：0
2016-03-07 15:36:39,138 [1] INFO  Holly- [(null)] - [登录登出模块] ExitLogin() Begin...
2016-03-07 15:36:39,161 [1] INFO  Holly- [(null)] - [登录登出模块]DeleteAgentStateToDB...客服退出时LoginOnOid....IS:4672
2016-03-07 15:36:39,161 [1] INFO  Holly- [(null)] - [登录登出模块]DeleteAgentStateToDB...客服退出时GetCurrentTime()....IS:2016-03-07 15:36:39
2016-03-07 15:36:39,167 [1] INFO  Holly- [(null)] - [登录登出模块]DeleteAgentStateToDB...退出成功....
2016-03-07 15:36:39,202 [1] INFO  Holly- [(null)] - [HollyContactHelper]用户操作==签出->True
2016-03-07 15:36:40,526 [1] INFO  Holly- [(null)] - [HollyContactHelper]用户操作==卸载->True
2016-03-07 15:36:40,526 [1] INFO  Holly- [(null)] - [登录登出模块] ExitLogin() End.
