2016-10-18 17:29:06,070 [1] INFO  Holly--[50268] [(null)] - [登录窗口]btnLogin_Click Begin...
2016-10-18 17:29:06,191 [1] INFO  Holly--[50268] [(null)] - [HollyContactHelper]ModifySoftphoneINIByDN――根据DN35196,选择的SIPServerIP为：192.168.112.205
2016-10-18 17:29:06,391 [1] INFO  Holly--[50268] [(null)] - [HollyContactHelper]用户操作==装载及初始化->True
2016-10-18 17:29:06,391 [1] INFO  Holly--[50268] [(null)] - [登录窗口]btnLogin_Click： 异步加载，回调事件中继续登录
2016-10-18 17:29:06,391 [1] INFO  Holly--[50268] [(null)] - [登录窗口]btnLogin_Click End
2016-10-18 17:29:06,468 [1] INFO  Holly--[50268] [(null)] - [@@@厂家消息通知@@@]OnMessage ：厂家状态(CurStatus：0；CurStatusName：准备就绪状态；)厂家消息(服务器已上线:UserName=AgentUser,UserGOR=85786625)程序状态(PS01_就绪)
2016-10-18 17:29:06,494 [1] INFO  Holly--[50268] [(null)] - [@@@厂家消息通知@@@]OnMessage ：厂家状态(CurStatus：0；CurStatusName：准备就绪状态；)厂家消息(服务器已上线:UserName=LSUser,UserGOR=65537)程序状态(PS01_就绪)
2016-10-18 17:29:06,563 [1] INFO  Holly--[50268] [(null)] - [@@@厂家消息通知@@@]OnMessage ：厂家状态(CurStatus：0；CurStatusName：准备就绪状态；)厂家消息(服务器已上线:UserName=ASUser,UserGOR=1245185)程序状态(PS01_就绪)
2016-10-18 17:29:06,566 [1] INFO  Holly--[50268] [(null)] - [@@@厂家消息通知@@@]OnMessage ：厂家状态(CurStatus：0；CurStatusName：准备就绪状态；)厂家消息(服务器已上线:UserName=EDSUser,UserGOR=1638401)程序状态(PS01_就绪)
2016-10-18 17:29:06,570 [1] INFO  Holly--[50268] [(null)] - [@@@厂家消息通知@@@]OnMessage ：厂家状态(CurStatus：0；CurStatusName：准备就绪状态；)厂家消息(服务器已上线:UserName=StatEvent,UserGOR=851969)程序状态(PS01_就绪)
2016-10-18 17:29:06,572 [1] INFO  Holly--[50268] [(null)] - [@@@厂家消息通知@@@]OnMessage ：厂家状态(CurStatus：0；CurStatusName：准备就绪状态；)厂家消息(服务器已上线:UserName=StatUser,UserGOR=851970)程序状态(PS01_就绪)
2016-10-18 17:29:06,572 [1] INFO  Holly--[50268] [(null)] - 当前调用Load函数，返回的服务器信息条数为：6
2016-10-18 17:29:06,611 [1] INFO  Holly--[50268] [(null)] - [登录登出模块] Login ( masj, *** , 35196 ) 
2016-10-18 17:29:06,612 [1] INFO  Holly--[50268] [(null)] - [登录登出模块] DomainAccountLogin(masj, pwd) begin...
2016-10-18 17:29:06,709 [1] INFO  Holly--[50268] [(null)] - [登录登出模块] DomainAccountLogin(masj, pwd) end.return BitAuto.Services.Organization.Remoting.Employee
2016-10-18 17:29:07,097 [1] INFO  Holly--[50268] [(null)] - [登录登出模块] InitLoginUser() Begin...
2016-10-18 17:29:30,083 [1] INFO  Holly--[50268] [(null)] - [登录登出模块] InitLoginUser() 客服登录...AgentID is:10658,AgentNum is:13001,GroupName is:惠买车支持部（IM）,OutNum is:97
2016-10-18 17:29:30,083 [1] INFO  Holly--[50268] [(null)] - [登录登出模块] InitLoginUser() End...
2016-10-18 17:29:31,309 [1] INFO  Holly--[50268] [(null)] - [HollyContactHelper]用户操作==添加技能组->1099 3
2016-10-18 17:29:31,309 [1] INFO  Holly--[50268] [(null)] - [HollyContactHelper]用户操作==添加技能组->1094 3
2016-10-18 17:29:31,309 [1] INFO  Holly--[50268] [(null)] - [HollyContactHelper]用户操作==添加技能组->1096 3
2016-10-18 17:29:31,363 [1] INFO  Holly--[50268] [(null)] - [HollyContactHelper]用户操作==签入->True
2016-10-18 17:29:31,383 [1] INFO  Holly--[50268] [(null)] - [======Common======] GetCurrentTime ：获取当前服务器时间：CC系统服务器时间：2016-10-18 17:29:31.375，客户端时间：2016-10-18 17:29:31.383，（生成）计算时间差(毫秒)：-8.0005
2016-10-18 17:29:31,527 [1] INFO  Holly--[50268] [(null)] - [登录登出模块] InsertAgentState()更新退出时间....norecord
2016-10-18 17:29:31,578 [1] INFO  Holly--[50268] [(null)] - [登录登出模块] InsertAgentState()登录状态LoginOnOid....is:45
2016-10-18 17:29:31,578 [1] INFO  Holly--[50268] [(null)] - [登录登出模块] Login(masj, pwd, 35196) End.
2016-10-18 17:29:32,766 [1] INFO  Holly--[50268] [(null)] - [InitMainForm] 开始验证监控权限
2016-10-18 17:29:32,943 [1] INFO  Holly--[50268] [(null)] - [InitMainForm] 有 监控权限
2016-10-18 17:29:07,011 [1] INFO  Holly--[50268] [(null)] - [@@@厂家消息通知@@@]OnMessage ：厂家状态(CurStatus：0；CurStatusName：准备就绪状态；)厂家消息(座席签入成功)程序状态(PS01_就绪)
2016-10-18 17:29:07,079 [1] INFO  Holly--[50268] [(null)] - [事件][OnSignInSuccess] 签入成功事件
2016-10-18 17:29:07,079 [1] INFO  Holly--[50268] [(null)] - [======Common======] GetCurrentTime ：获取当前服务器时间：CC系统服务器时间：2016-10-18 17:29:07.071，客户端时间：2016-10-18 17:29:07.079，（现有）计算时间差(毫秒)：-8.0005
2016-10-18 17:29:07,096 [1] INFO  Holly--[50268] [(null)] - [登录登出模块] InsertAgentState()更新退出时间....initmsg
2016-10-18 17:29:07,105 [1] INFO  Holly--[50268] [(null)] - [登录登出模块] InsertAgentState()登录状态LoginOnOid....is:46
2016-10-18 17:29:07,107 [1] INFO  Holly--[50268] [(null)] - [@@@厂家消息通知@@@]OnMessage ：厂家状态(CurStatus：2；CurStatusName：置忙；)厂家消息(状态改变：准备就绪状态-->置忙)程序状态(PS04_置忙)
2016-10-18 17:29:07,108 [1] INFO  Holly--[50268] [(null)] - [>>>厂家状态变化<<<]OnStatusChange ：PS01_就绪(0) -> PS04_置忙(2)
2016-10-18 17:29:07,158 [1] INFO  Holly--[50268] [(null)] - [HollyContactHelper]用户操作==置闲->True
2016-10-18 17:29:07,446 [1] INFO  Holly--[50268] [(null)] - [HollyContactHelper]用户操作==休息(BS0_自动)->True
2016-10-18 17:29:07,447 [1] INFO  Holly--[50268] [(null)] - [事件][AxUniSoftPhone_OnStatusChange] 状态变化事件
2016-10-18 17:29:07,450 [3] INFO  Holly--[50268] [(null)] - [Main][UpdatAgentDB] 更新客服状态表AS4_置忙
2016-10-18 17:29:07,450 [3] INFO  Holly--[50268] [(null)] - [======Common======] GetCurrentTime ：获取当前服务器时间：CC系统服务器时间：2016-10-18 17:29:07.442，客户端时间：2016-10-18 17:29:07.450，（现有）计算时间差(毫秒)：-8.0005
2016-10-18 17:29:07,451 [1] INFO  Holly--[50268] [(null)] - [Main][SetMainStatus]设置状态：PS04_置忙(BS0_自动)
2016-10-18 17:29:07,473 [1] INFO  Holly--[50268] [(null)] - [@@@厂家消息通知@@@]OnMessage ：厂家状态(CurStatus：1；CurStatusName：空闲；)厂家消息(状态改变：置忙-->空闲)程序状态(PS03_置闲)
2016-10-18 17:29:07,474 [1] INFO  Holly--[50268] [(null)] - [>>>厂家状态变化<<<]OnStatusChange ：PS04_置忙(2) -> PS03_置闲(1)
2016-10-18 17:29:07,474 [1] INFO  Holly--[50268] [(null)] - [事件][AxUniSoftPhone_OnStatusChange] 状态变化事件
2016-10-18 17:29:07,474 [1] INFO  Holly--[50268] [(null)] - [Main][SetMainStatus]设置状态：PS03_置闲
2016-10-18 17:29:07,475 [4] INFO  Holly--[50268] [(null)] - [Main][UpdatAgentDB] 更新客服状态表AS3_置闲
2016-10-18 17:29:07,475 [4] INFO  Holly--[50268] [(null)] - [======Common======] GetCurrentTime ：获取当前服务器时间：CC系统服务器时间：2016-10-18 17:29:07.467，客户端时间：2016-10-18 17:29:07.475，（现有）计算时间差(毫秒)：-8.0005
2016-10-18 17:29:07,484 [1] INFO  Holly--[50268] [(null)] - [@@@厂家消息通知@@@]OnMessage ：厂家状态(CurStatus：16；CurStatusName：休息；)厂家消息(状态改变：空闲-->休息)程序状态(PS05_休息)
2016-10-18 17:29:07,485 [1] INFO  Holly--[50268] [(null)] - [>>>厂家状态变化<<<]OnStatusChange ：PS03_置闲(1) -> PS05_休息(16)
2016-10-18 17:29:07,485 [1] INFO  Holly--[50268] [(null)] - [事件][AxUniSoftPhone_OnStatusChange] 状态变化事件
2016-10-18 17:29:07,485 [1] INFO  Holly--[50268] [(null)] - [Main][SetMainStatus]设置状态：PS05_休息
2016-10-18 17:29:07,486 [10] INFO  Holly--[50268] [(null)] - [Main][UpdatAgentDB] 更新客服状态表AS4_置忙
2016-10-18 17:29:07,486 [10] INFO  Holly--[50268] [(null)] - [======Common======] GetCurrentTime ：获取当前服务器时间：CC系统服务器时间：2016-10-18 17:29:07.478，客户端时间：2016-10-18 17:29:07.486，（现有）计算时间差(毫秒)：-8.0005
2016-10-18 17:29:07,625 [3] INFO  Holly--[50268] [(null)] - [Main][UpdatAgentDB] 插入CAgent表
2016-10-18 17:29:07,637 [4] INFO  Holly--[50268] [(null)] - [Main][UpdatAgentDB] 插入CAgent表
2016-10-18 17:29:07,638 [10] INFO  Holly--[50268] [(null)] - [Main][UpdatAgentDB] 插入CAgent表
2016-10-18 17:29:07,643 [3] INFO  Holly--[50268] [(null)] - [Main][UpdatAgentDB] 插入新的状态 PreOid....IS:47
2016-10-18 17:29:07,652 [4] INFO  Holly--[50268] [(null)] - [Main][UpdatAgentDB] 插入新的状态 PreOid....IS:48
2016-10-18 17:29:07,691 [1] INFO  Holly--[50268] [(null)] - [HollyContactHelper] 获取厂家信息 ==落地号码->
2016-10-18 17:29:07,692 [10] INFO  Holly--[50268] [(null)] - [Main][UpdatAgentDB] 插入新的状态 PreOid....IS:49
2016-10-18 17:29:07,694 [1] INFO  Holly--[50268] [(null)] - [@@@厂家消息通知@@@]OnMessage ：厂家状态(CurStatus：16；CurStatusName：休息；)厂家消息(休息开始。)程序状态(PS05_休息)
2016-10-18 17:29:07,700 [1] INFO  Holly--[50268] [(null)] - [HollyContactHelper] 获取厂家信息 ==落地号码->
2016-10-18 17:29:07,701 [1] INFO  Holly--[50268] [(null)] - [@@@厂家消息通知@@@]OnMessage ：厂家状态(CurStatus：16；CurStatusName：休息；)厂家消息(示闲成功。)程序状态(PS05_休息)
2016-10-18 17:29:07,705 [1] INFO  Holly--[50268] [(null)] - [HollyContactHelper] 获取厂家信息 ==落地号码->
2016-10-18 17:29:07,706 [1] INFO  Holly--[50268] [(null)] - [@@@厂家消息通知@@@]OnMessage ：厂家状态(CurStatus：16；CurStatusName：休息；)厂家消息(签入成功。)程序状态(PS05_休息)
2016-10-18 17:29:28,302 [1] INFO  Holly--[50268] [(null)] - [MainJs] [SendToWeb] 发送网页消息：0 次数，指定页面ID：WebPage00001
2016-10-18 17:29:28,305 [1] INFO  Holly--[50268] [(null)] - [MainUI] [SendMesToWeb] 获取到了当前指定webPageID的页面：WebPage00001
2016-10-18 17:29:28,367 [1] INFO  Holly--[50268] [(null)] - [MainJs] [SendMesToWeb] CTIEventMsg msg：UserEvent=Notice&Action=SaveWindowsName&Data=WebPage00001&outBoundType=-2
2016-10-18 17:29:39,490 [1] INFO  Holly--[50268] [(null)] - [MainJs] [SendToWeb] 发送网页消息：0 次数，指定页面ID：WebPage00001
2016-10-18 17:29:39,491 [1] INFO  Holly--[50268] [(null)] - [MainUI] [SendMesToWeb] 获取到了当前指定webPageID的页面：WebPage00001
2016-10-18 17:29:39,491 [1] INFO  Holly--[50268] [(null)] - [MainJs] [SendMesToWeb] CTIEventMsg msg：UserEvent=Notice&Action=SaveWindowsName&Data=WebPage00001&outBoundType=-2
2016-10-18 17:29:40,904 [1] INFO  Holly--[50268] [(null)] - [MainJs] [MethodScript] urlPath /browsercontrol/newpage?url=/WOrderV2/AddWOrderInfo.aspx?CallSource=0&ModuleSource=2&key=5D09E396B787F&r=1933544373
2016-10-18 17:29:40,910 [1] INFO  Holly--[50268] [(null)] - [MainUI] [NewPageForReq] address is:/WOrderV2/AddWOrderInfo.aspx?CallSource=0&ModuleSource=2&key=5D09E396B787F&r=1933544373
2016-10-18 17:29:40,926 [1] INFO  Holly--[50268] [(null)] - [MainUI] [ShowTabPagesLog] 全部页面 工单记录=WebPage00001(); 新增页=WebPage00002(WebPage00001); 
2016-10-18 17:29:40,949 [1] INFO  Holly--[50268] [(null)] - [MainJs] [MethodScript] 命令调用完成，返回结果=ok
2016-10-18 17:29:47,559 [1] INFO  Holly--[50268] [(null)] - [MainJs] [SendToWeb] 发送网页消息：0 次数，指定页面ID：WebPage00002
2016-10-18 17:29:47,560 [1] INFO  Holly--[50268] [(null)] - [MainUI] [SendMesToWeb] 获取到了当前指定webPageID的页面：WebPage00002
2016-10-18 17:29:47,560 [1] INFO  Holly--[50268] [(null)] - [MainJs] [SendMesToWeb] CTIEventMsg msg：UserEvent=Notice&Action=SaveWindowsName&Data=WebPage00002&outBoundType=-2
2016-10-18 17:29:52,955 [1] INFO  Holly--[50268] [(null)] - [MainJs] [MethodScript] urlPath /CallControl/MakeCall?targetdn=13146611863&OutShowTag=0&WebPageID=WebPage00002
2016-10-18 17:29:53,014 [1] INFO  Holly--[50268] [(null)] - [MainJs] [GetWebPageIDFormParas] 外呼 命令中获取到了页面ID：WebPage00002 父页面ID：WebPage00001
2016-10-18 17:29:56,638 [1] INFO  Holly--[50268] [(null)] - [HollyContactHelper]用户操作==结束休息->True
2016-10-18 17:29:56,641 [1] INFO  Holly--[50268] [(null)] - [Main][ActionEvent] 添加监控事件 >>置闲完成后触发事件-置闲后外呼 ID=1 总事件数=1
2016-10-18 17:29:56,641 [1] INFO  Holly--[50268] [(null)] - [MainJs] [MethodScript] 命令调用完成，返回结果=
2016-10-18 17:29:56,870 [1] INFO  Holly--[50268] [(null)] - [@@@厂家消息通知@@@]OnMessage ：厂家状态(CurStatus：1；CurStatusName：空闲；)厂家消息(状态改变：休息-->空闲)程序状态(PS03_置闲)
2016-10-18 17:29:56,871 [1] INFO  Holly--[50268] [(null)] - [>>>厂家状态变化<<<]OnStatusChange ：PS05_休息(16) -> PS03_置闲(1)
2016-10-18 17:29:56,871 [1] INFO  Holly--[50268] [(null)] - [事件][AxUniSoftPhone_OnStatusChange] 状态变化事件
2016-10-18 17:29:56,871 [3] INFO  Holly--[50268] [(null)] - [Main][UpdatAgentDB] 更新客服状态表AS3_置闲
2016-10-18 17:29:56,877 [3] INFO  Holly--[50268] [(null)] - [======Common======] GetCurrentTime ：获取当前服务器时间：CC系统服务器时间：2016-10-18 17:29:56.876，客户端时间：2016-10-18 17:29:56.877，（生成）计算时间差(毫秒)：-1
2016-10-18 17:29:56,887 [3] INFO  Holly--[50268] [(null)] - [Main][UpdatAgentDB] 更新上一个状态的结束时间 PreOid....IS:49,结束时间为：2016-10-18 17:29:56
2016-10-18 17:29:56,897 [3] INFO  Holly--[50268] [(null)] - [Main][UpdatAgentDB] 插入新的状态 PreOid....IS:50
2016-10-18 17:29:56,912 [1] INFO  Holly--[50268] [(null)] - [HollyContactHelper]用户操作==外呼(外线号码,97013146611863)->True
2016-10-18 17:29:56,912 [1] INFO  Holly--[50268] [(null)] - [MainJs] [CurrentOutBoundTabPageName] 开始--外呼通话网页名称：WebPage00002
2016-10-18 17:29:56,913 [1] INFO  Holly--[50268] [(null)] - [事件][OnCallOutInitiated][自制] 外呼初始化事件
2016-10-18 17:29:56,914 [1] INFO  Holly--[50268] [(null)] - [事件][CustomerOutCome_OnInit] 外呼建立
2016-10-18 17:29:56,914 [1] INFO  Holly--[50268] [(null)] - [======Common======] GetCurrentTime ：获取当前服务器时间：CC系统服务器时间：2016-10-18 17:29:56.913，客户端时间：2016-10-18 17:29:56.914，（现有）计算时间差(毫秒)：-1
2016-10-18 17:29:56,916 [1] INFO  Holly--[50268] [(null)] - [======Common======] GetNewCallID ：生成新CallID时 date：2016-10-18 17:29:56 timestamp：1476782996
2016-10-18 17:29:56,916 [1] INFO  Holly--[50268] [(null)] - [======Common======] GetNewCallID ：生成新CallID：351961476782996714
2016-10-18 17:29:56,938 [1] INFO  Holly--[50268] [(null)] - [HollyContactHelper] 获取厂家信息 ==主叫号码->35196
2016-10-18 17:29:56,939 [1] INFO  Holly--[50268] [(null)] - [HollyContactHelper] >>>> HaoMaProcess 处理前>>>> 35196
2016-10-18 17:29:56,940 [1] INFO  Holly--[50268] [(null)] - [HollyContactHelper] >>>> HaoMaProcess 处理后>>>> 35196
2016-10-18 17:29:56,941 [1] INFO  Holly--[50268] [(null)] - [HollyContactHelper] 获取厂家信息 ==被叫号码->随路数据为空，通过方法获取->97013146611863
2016-10-18 17:29:56,941 [1] INFO  Holly--[50268] [(null)] - [HollyContactHelper] >>>> HaoMaProcess 处理前>>>> 97013146611863
2016-10-18 17:29:56,942 [1] INFO  Holly--[50268] [(null)] - [HollyContactHelper] >>>> HaoMaProcess 处理后>>>> 13146611863
2016-10-18 17:29:56,943 [1] INFO  Holly--[50268] [(null)] - [HollyContactHelper] 获取厂家信息 ==落地号码->空
2016-10-18 17:29:56,945 [1] INFO  Holly--[50268] [(null)] - [==BusinessProcess=] >>>> PhoneNumAndAni >>>> 35196->13146611863
2016-10-18 17:29:56,945 [1] INFO  Holly--[50268] [(null)] - [==BusinessProcess=] >>>> SwitchINNum >>>> 
2016-10-18 17:29:56,945 [1] INFO  Holly--[50268] [(null)] - [==BusinessProcess=] >>>> SkillGroup >>>> 
2016-10-18 17:29:56,947 [1] INFO  Holly--[50268] [(null)] - [======Common======] GetCurrentTime ：获取当前服务器时间：CC系统服务器时间：2016-10-18 17:29:56.946，客户端时间：2016-10-18 17:29:56.947，（现有）计算时间差(毫秒)：-1
2016-10-18 17:29:56,949 [1] INFO  Holly--[50268] [(null)] - [HollyContactHelper] 获取厂家信息 ==厂家ID->
2016-10-18 17:29:56,949 [1] INFO  Holly--[50268] [(null)] - [HollyContactHelper] 获取厂家信息 ==厂家ID->
2016-10-18 17:29:56,950 [1] INFO  Holly--[50268] [(null)] - [==BusinessProcess=] InitCallRecordORIG callid：351961476782996714-calltype：C2_呼出
2016-10-18 17:29:56,950 [1] INFO  Holly--[50268] [(null)] - [==BusinessProcess=] >>>> InitiatedTime >>>> 2016-10-18 17:29:56
2016-10-18 17:29:56,953 [1] INFO  Holly--[50268] [(null)] - [HollyContactHelper] 获取厂家信息 ==落地号码->空
2016-10-18 17:29:56,954 [1] INFO  Holly--[50268] [(null)] - [HollyContactHelper] 获取厂家信息 ==厂家ID->
2016-10-18 17:29:56,955 [1] INFO  Holly--[50268] [(null)] - [==BusinessProcess=] InitUserEventData Initiated-351961476782996714-C2_呼出-2016-10-18 17:29:56
2016-10-18 17:29:57,001 [1] INFO  Holly--[50268] [(null)] - [MainJs] [SendToWeb] 发送网页消息：0 次数，指定页面ID：WebPage00002
2016-10-18 17:29:57,002 [1] INFO  Holly--[50268] [(null)] - [MainUI] [SendMesToWeb] 获取到了当前指定webPageID的页面：WebPage00002
2016-10-18 17:29:57,002 [1] INFO  Holly--[50268] [(null)] - [MainJs] [SendMesToWeb] CTIEventMsg msg：UserEvent=Initiated&UserName=35196&CalledNum=35196&CallerNum=13146611863&CallID=351961476782996714&UserChoice=&CallType=2&MediaType=-2&CallState=-2&CurrentDate=2016-10-18%2017%3A29%3A56&SYS_DNIS=&RecordID=&RecordIDURL=&IsEstablished=False&EstablishedStartTime=&TaskID=&TaskType=&outBoundType=1
2016-10-18 17:29:57,003 [1] INFO  Holly--[50268] [(null)] - [事件][CustomerOutCome_OnBelling] 外呼振铃
2016-10-18 17:29:57,003 [1] INFO  Holly--[50268] [(null)] - [======Common======] GetCurrentTime ：获取当前服务器时间：CC系统服务器时间：2016-10-18 17:29:57.002，客户端时间：2016-10-18 17:29:57.003，（现有）计算时间差(毫秒)：-1
2016-10-18 17:29:57,004 [1] INFO  Holly--[50268] [(null)] - [==BusinessProcess=] >>>> RingingTime >>>> 2016-10-18 17:29:57
2016-10-18 17:29:57,004 [1] INFO  Holly--[50268] [(null)] - [HollyContactHelper] 获取厂家信息 ==落地号码->空
2016-10-18 17:29:57,005 [1] INFO  Holly--[50268] [(null)] - [HollyContactHelper] 获取厂家信息 ==厂家ID->
2016-10-18 17:29:57,005 [1] INFO  Holly--[50268] [(null)] - [==BusinessProcess=] InitUserEventData NetworkReached-351961476782996714-C2_呼出-2016-10-18 17:29:57
2016-10-18 17:29:57,005 [1] INFO  Holly--[50268] [(null)] - [MainJs] [SendToWeb] 发送网页消息：0 次数，指定页面ID：WebPage00002
2016-10-18 17:29:57,005 [1] INFO  Holly--[50268] [(null)] - [MainUI] [SendMesToWeb] 获取到了当前指定webPageID的页面：WebPage00002
2016-10-18 17:29:57,006 [1] INFO  Holly--[50268] [(null)] - [MainJs] [SendMesToWeb] CTIEventMsg msg：UserEvent=NetworkReached&UserName=35196&CalledNum=35196&CallerNum=13146611863&CallID=351961476782996714&UserChoice=&CallType=2&MediaType=-2&CallState=-2&CurrentDate=2016-10-18%2017%3A29%3A57&SYS_DNIS=&RecordID=&RecordIDURL=&IsEstablished=False&EstablishedStartTime=&TaskID=&TaskType=&outBoundType=1
2016-10-18 17:29:57,007 [1] INFO  Holly--[50268] [(null)] - [Main][ActionEvent] 触发监控事件 >>置闲完成后触发事件-置闲后外呼已完成 ID=1总事件数=0
2016-10-18 17:29:57,007 [1] INFO  Holly--[50268] [(null)] - [Main][SetMainStatus]设置状态：PS03_置闲
2016-10-18 17:29:57,012 [1] INFO  Holly--[50268] [(null)] - [@@@厂家消息通知@@@]OnMessage ：厂家状态(CurStatus：1；CurStatusName：空闲；)厂家消息(摘机：ContactID=20161018173023883_1_404_UIP5,CurrStatus=22,LastStatus=21,ResonCode=45,ResonDesc=CauseOffHook)程序状态(PS03_置闲)
2016-10-18 17:29:57,016 [1] INFO  Holly--[50268] [(null)] - [@@@厂家消息通知@@@]OnMessage ：厂家状态(CurStatus：10；CurStatusName：呼出拨号中；)厂家消息(状态改变：空闲-->呼出拨号中)程序状态(PS14_呼出拨号中)
2016-10-18 17:29:57,017 [1] INFO  Holly--[50268] [(null)] - [>>>厂家状态变化<<<]OnStatusChange ：PS03_置闲(1) -> PS14_呼出拨号中(10)
2016-10-18 17:29:57,017 [1] INFO  Holly--[50268] [(null)] - [事件][AxUniSoftPhone_OnStatusChange] 状态变化事件
2016-10-18 17:29:57,017 [1] INFO  Holly--[50268] [(null)] - [Main][SetMainStatus]设置状态：PS14_呼出拨号中
2016-10-18 17:29:57,017 [10] INFO  Holly--[50268] [(null)] - [Main][UpdatAgentDB] 更新客服状态表AS8_振铃
2016-10-18 17:29:57,017 [10] INFO  Holly--[50268] [(null)] - [======Common======] GetCurrentTime ：获取当前服务器时间：CC系统服务器时间：2016-10-18 17:29:57.016，客户端时间：2016-10-18 17:29:57.017，（现有）计算时间差(毫秒)：-1
2016-10-18 17:29:57,020 [10] INFO  Holly--[50268] [(null)] - [Main][UpdatAgentDB] 更新上一个状态的结束时间 PreOid....IS:50,结束时间为：2016-10-18 17:29:57
2016-10-18 17:29:57,024 [1] INFO  Holly--[50268] [(null)] - [@@@厂家消息通知@@@]OnMessage ：厂家状态(CurStatus：10；CurStatusName：呼出拨号中；)厂家消息(座席话务处理)程序状态(PS14_呼出拨号中)
2016-10-18 17:29:57,027 [1] INFO  Holly--[50268] [(null)] - [@@@厂家消息通知@@@]OnMessage ：厂家状态(CurStatus：10；CurStatusName：呼出拨号中；)厂家消息(摘机：ContactID=20161018173023883_1_404_UIP5,CurrStatus=22,LastStatus=22,ResonCode=45,ResonDesc=CauseOffHook)程序状态(PS14_呼出拨号中)
2016-10-18 17:29:57,032 [10] INFO  Holly--[50268] [(null)] - [Main][UpdatAgentDB] 插入新的状态 PreOid....IS:51
2016-10-18 17:29:57,140 [1] INFO  Holly--[50268] [(null)] - [HollyContactHelper] >>>> HaoMaProcess 处理前>>>> 97013146611863
2016-10-18 17:29:57,140 [1] INFO  Holly--[50268] [(null)] - [HollyContactHelper] >>>> HaoMaProcess 处理后>>>> 13146611863
2016-10-18 17:29:57,140 [1] INFO  Holly--[50268] [(null)] - [HollyContactHelper] 获取厂家信息 ==落地号码->
2016-10-18 17:29:57,141 [1] INFO  Holly--[50268] [(null)] - [@@@厂家消息通知@@@]OnMessage ：厂家状态(CurStatus：10；CurStatusName：呼出拨号中；)厂家消息(呼出拨号开始。)程序状态(PS14_呼出拨号中)
2016-10-18 17:29:57,164 [1] INFO  Holly--[50268] [(null)] - [HollyContactHelper] 获取厂家信息 ==落地号码->
2016-10-18 17:29:57,165 [1] INFO  Holly--[50268] [(null)] - [@@@厂家消息通知@@@]OnMessage ：厂家状态(CurStatus：10；CurStatusName：呼出拨号中；)厂家消息(休息结束。)程序状态(PS14_呼出拨号中)
2016-10-18 17:29:57,276 [1] INFO  Holly--[50268] [(null)] - [@@@厂家消息通知@@@]OnMessage ：厂家状态(CurStatus：10；CurStatusName：呼出拨号中；)厂家消息(录音开始：ContactID=20161018173023883_1_404_UIP5,ANI=35196,DNIS=97013146611863,ResonCode=77,ResonDesc=_??? (77))程序状态(PS14_呼出拨号中)
2016-10-18 17:30:06,739 [1] INFO  Holly--[50268] [(null)] - [客户端推送日志信息] 开始
2016-10-18 17:30:28,428 [1] INFO  Holly--[50268] [(null)] - [客户端推送日志信息] 获取到请求数：0
2016-10-18 17:30:28,442 [1] INFO  Holly--[50268] [(null)] - [@@@厂家消息通知@@@]OnMessage ：厂家状态(CurStatus：5；CurStatusName：两方通话；)厂家消息(状态改变：呼出拨号中-->两方通话)程序状态(PS08_普通通话)
2016-10-18 17:30:28,443 [1] INFO  Holly--[50268] [(null)] - [>>>厂家状态变化<<<]OnStatusChange ：PS14_呼出拨号中(10) -> PS08_普通通话(5)
2016-10-18 17:30:28,443 [1] INFO  Holly--[50268] [(null)] - [事件][AxUniSoftPhone_OnStatusChange] 状态变化事件
2016-10-18 17:30:28,443 [1] INFO  Holly--[50268] [(null)] - [Main][SetMainStatus]设置状态：PS08_普通通话
2016-10-18 17:30:28,443 [3] INFO  Holly--[50268] [(null)] - [Main][UpdatAgentDB] 更新客服状态表AS9_通话中
2016-10-18 17:30:28,443 [3] INFO  Holly--[50268] [(null)] - [======Common======] GetCurrentTime ：获取当前服务器时间：CC系统服务器时间：2016-10-18 17:30:28.442，客户端时间：2016-10-18 17:30:28.443，（现有）计算时间差(毫秒)：-1
2016-10-18 17:30:28,446 [3] INFO  Holly--[50268] [(null)] - [Main][UpdatAgentDB] 更新上一个状态的结束时间 PreOid....IS:51,结束时间为：2016-10-18 17:30:28
2016-10-18 17:30:28,448 [1] INFO  Holly--[50268] [(null)] - [@@@厂家消息通知@@@]OnMessage ：厂家状态(CurStatus：5；CurStatusName：两方通话；)厂家消息(通知：ContactID=20161018173023883_1_404_UIP5,CurrStatus=28,LastStatus=28,OtherParty=97013146611863,ResonCode=15,ResonDesc=ActOpDisconnected)程序状态(PS08_普通通话)
2016-10-18 17:30:28,450 [1] INFO  Holly--[50268] [(null)] - [@@@厂家消息通知@@@]OnMessage ：厂家状态(CurStatus：5；CurStatusName：两方通话；)厂家消息(录音停止：ContactID=20161018173023883_1_404_UIP5,ANI=35196,DNIS=97013146611863,FileName=/var/spool/hollyRecord/2016/10/35196/35196_20161018173023916.mp3,TimeLen=19324,ResonCode=78,ResonDesc=_??? (78))程序状态(PS08_普通通话)
2016-10-18 17:30:28,451 [1] INFO  Holly--[50268] [(null)] - [@@@厂家消息通知@@@]OnMessage ：厂家状态(CurStatus：5；CurStatusName：两方通话；)厂家消息(话路被挂断：ContactID=20161018173023883_1_404_UIP5,CurrStatus=21,LastStatus=28,OtherParty=154043,ResonCode=16,ResonDesc=ActTpDisconnected)程序状态(PS08_普通通话)
2016-10-18 17:30:28,452 [1] INFO  Holly--[50268] [(null)] - [@@@厂家消息通知@@@]OnMessage ：厂家状态(CurStatus：5；CurStatusName：两方通话；)厂家消息(通话结束。)程序状态(PS08_普通通话)
2016-10-18 17:30:28,458 [1] INFO  Holly--[50268] [(null)] - [事件][OnHangup] 挂断事件 ：对方用户挂机-呼出_外拨呼叫 监控：非监控
2016-10-18 17:30:28,468 [1] INFO  Holly--[50268] [(null)] - [事件][OnHangup] 挂断
2016-10-18 17:30:28,469 [1] INFO  Holly--[50268] [(null)] - [Main][ActionEvent] 添加监控事件 >>到达话后时触发-呼出结束话后 ID=2 总事件数=1
2016-10-18 17:30:28,469 [1] INFO  Holly--[50268] [(null)] - [======Common======] GetCurrentTime ：获取当前服务器时间：CC系统服务器时间：2016-10-18 17:30:28.468，客户端时间：2016-10-18 17:30:28.469，（现有）计算时间差(毫秒)：-1
2016-10-18 17:30:28,470 [1] INFO  Holly--[50268] [(null)] - [HollyContactHelper] 获取厂家信息 ==厂家ID->20161018173023883_1_404_UIP5
2016-10-18 17:30:28,470 [1] INFO  Holly--[50268] [(null)] - [HollyContactHelper] 获取厂家信息 ==厂家ID->20161018173023883_1_404_UIP5
2016-10-18 17:30:28,471 [1] INFO  Holly--[50268] [(null)] - [HollyContactHelper] 获取厂家信息 ==主叫号码->35196
2016-10-18 17:30:28,471 [1] INFO  Holly--[50268] [(null)] - [HollyContactHelper] >>>> HaoMaProcess 处理前>>>> 35196
2016-10-18 17:30:28,471 [1] INFO  Holly--[50268] [(null)] - [HollyContactHelper] >>>> HaoMaProcess 处理后>>>> 35196
2016-10-18 17:30:28,471 [1] INFO  Holly--[50268] [(null)] - [HollyContactHelper] 获取厂家信息 ==被叫号码->随路数据为空，通过方法获取->97013146611863
2016-10-18 17:30:28,471 [1] INFO  Holly--[50268] [(null)] - [HollyContactHelper] >>>> HaoMaProcess 处理前>>>> 97013146611863
2016-10-18 17:30:28,471 [1] INFO  Holly--[50268] [(null)] - [HollyContactHelper] >>>> HaoMaProcess 处理后>>>> 13146611863
2016-10-18 17:30:28,471 [1] INFO  Holly--[50268] [(null)] - [HollyContactHelper] 获取厂家信息 ==落地号码->空
2016-10-18 17:30:28,471 [1] INFO  Holly--[50268] [(null)] - [==BusinessProcess=] >>>> PhoneNumAndAni >>>> 35196->13146611863
2016-10-18 17:30:28,471 [1] INFO  Holly--[50268] [(null)] - [==BusinessProcess=] >>>> SwitchINNum >>>> 
2016-10-18 17:30:28,471 [1] INFO  Holly--[50268] [(null)] - [==BusinessProcess=] >>>> SkillGroup >>>> 
2016-10-18 17:30:28,472 [1] INFO  Holly--[50268] [(null)] - [==BusinessProcess=] >>>> CustomerReleaseTime >>>> 2016-10-18 17:30:28
2016-10-18 17:30:28,472 [1] INFO  Holly--[50268] [(null)] - [==BusinessProcess=] >>>> AfterWorkBeginTime >>>> 2016-10-18 17:30:28
2016-10-18 17:30:28,474 [1] INFO  Holly--[50268] [(null)] - [==BusinessProcess=] >>>> AudioURL >>>> http://192.168.112.208/var/spool/hollyRecord/2016/10/35196/35196_20161018173023916.mp3
2016-10-18 17:30:28,475 [1] INFO  Holly--[50268] [(null)] - [==BusinessProcess=] >>>> TallTime >>>> 0
2016-10-18 17:30:28,499 [3] INFO  Holly--[50268] [(null)] - [Main][UpdatAgentDB] 插入新的状态 PreOid....IS:52
2016-10-18 17:30:30,389 [1] INFO  Holly--[50268] [(null)] - [CallRecordHelper][InsertCallRecordNew] 成功
2016-10-18 17:30:30,482 [1] INFO  Holly--[50268] [(null)] - [HollyContactHelper] 获取厂家信息 ==落地号码->空
2016-10-18 17:30:30,483 [1] INFO  Holly--[50268] [(null)] - [HollyContactHelper] 获取厂家信息 ==厂家ID->20161018173023883_1_404_UIP5
2016-10-18 17:30:30,483 [1] INFO  Holly--[50268] [(null)] - [==BusinessProcess=] InitUserEventData Released-351961476782996714-C2_呼出-2016-10-18 17:30:28
2016-10-18 17:30:30,483 [1] INFO  Holly--[50268] [(null)] - [MainJs] [SendToWeb] 发送网页消息：0 次数，指定页面ID：WebPage00002
2016-10-18 17:30:30,483 [1] INFO  Holly--[50268] [(null)] - [MainUI] [SendMesToWeb] 获取到了当前指定webPageID的页面：WebPage00002
2016-10-18 17:30:30,489 [1] INFO  Holly--[50268] [(null)] - [MainJs] [SendMesToWeb] CTIEventMsg msg：UserEvent=Released&UserName=35196&CalledNum=35196&CallerNum=13146611863&CallID=351961476782996714&UserChoice=&CallType=2&MediaType=-2&CallState=-2&CurrentDate=2016-10-18%2017%3A30%3A28&SYS_DNIS=&RecordID=20161018173023883_1_404_UIP5&RecordIDURL=http://192.168.112.208/var/spool/hollyRecord/2016/10/35196/35196_20161018173023916.mp3&IsEstablished=False&EstablishedStartTime=&TaskID=&TaskType=&outBoundType=1
2016-10-18 17:30:30,489 [1] INFO  Holly--[50268] [(null)] - [MainJs] [CurrentOutBoundTabPageName] 挂断清空
2016-10-18 17:30:30,490 [1] INFO  Holly--[50268] [(null)] - [@@@厂家消息通知@@@]OnMessage ：厂家状态(CurStatus：15；CurStatusName：工作整理；)厂家消息(状态改变：两方通话-->工作整理)程序状态(PS06_话后)
2016-10-18 17:30:30,491 [1] INFO  Holly--[50268] [(null)] - [>>>厂家状态变化<<<]OnStatusChange ：PS08_普通通话(5) -> PS06_话后(15)
2016-10-18 17:30:30,491 [1] INFO  Holly--[50268] [(null)] - [事件][AxUniSoftPhone_OnStatusChange] 状态变化事件
2016-10-18 17:30:30,491 [4] INFO  Holly--[50268] [(null)] - [Main][UpdatAgentDB] 更新客服状态表AS5_话后
2016-10-18 17:30:30,491 [4] INFO  Holly--[50268] [(null)] - [======Common======] GetCurrentTime ：获取当前服务器时间：CC系统服务器时间：2016-10-18 17:30:30.490，客户端时间：2016-10-18 17:30:30.491，（现有）计算时间差(毫秒)：-1
2016-10-18 17:30:30,493 [4] INFO  Holly--[50268] [(null)] - [Main][UpdatAgentDB] 更新上一个状态的结束时间 PreOid....IS:52,结束时间为：2016-10-18 17:30:30
2016-10-18 17:30:30,501 [4] INFO  Holly--[50268] [(null)] - [Main][UpdatAgentDB] 插入新的状态 PreOid....IS:53
2016-10-18 17:30:30,565 [1] INFO  Holly--[50268] [(null)] - [HollyContactHelper]用户操作==话后结束->True
2016-10-18 17:30:30,565 [1] INFO  Holly--[50268] [(null)] - [==BusinessProcess=][UpdateCallRecordAfterTime] 呼出时退出话后更新话后信息
2016-10-18 17:30:30,565 [1] INFO  Holly--[50268] [(null)] - [======Common======] GetCurrentTime ：获取当前服务器时间：CC系统服务器时间：2016-10-18 17:30:30.564，客户端时间：2016-10-18 17:30:30.565，（现有）计算时间差(毫秒)：-1
2016-10-18 17:30:30,566 [1] INFO  Holly--[50268] [(null)] - [==BusinessProcess=] >>>> AfterWorkTime >>>> 2016-10-18 17:30:30-2.0961199秒
2016-10-18 17:30:30,629 [1] INFO  Holly--[50268] [(null)] - [CallRecordHelper][InsertCallRecordNew] 成功
2016-10-18 17:30:30,639 [1] INFO  Holly--[50268] [(null)] - [==BusinessProcess=][UpdateCallRecordAfterTime] 更新话后信息 True
2016-10-18 17:30:30,639 [1] INFO  Holly--[50268] [(null)] - [Main][ActionEvent] 触发监控事件 >>到达话后时触发-呼出结束话后已完成 ID=2总事件数=0
2016-10-18 17:30:30,639 [1] INFO  Holly--[50268] [(null)] - [Main][SetMainStatus]设置状态：PS06_话后
2016-10-18 17:30:30,724 [1] INFO  Holly--[50268] [(null)] - [HollyContactHelper] 获取厂家信息 ==主叫号码->35196
2016-10-18 17:30:30,724 [1] INFO  Holly--[50268] [(null)] - [HollyContactHelper] >>>> HaoMaProcess 处理前>>>> 35196
2016-10-18 17:30:30,724 [1] INFO  Holly--[50268] [(null)] - [HollyContactHelper] >>>> HaoMaProcess 处理后>>>> 35196
2016-10-18 17:30:30,724 [1] INFO  Holly--[50268] [(null)] - [HollyContactHelper] 获取厂家信息 ==被叫号码->随路数据为空，通过方法获取->97013146611863
2016-10-18 17:30:30,724 [1] INFO  Holly--[50268] [(null)] - [HollyContactHelper] >>>> HaoMaProcess 处理前>>>> 97013146611863
2016-10-18 17:30:30,724 [1] INFO  Holly--[50268] [(null)] - [HollyContactHelper] >>>> HaoMaProcess 处理后>>>> 13146611863
2016-10-18 17:30:30,725 [1] INFO  Holly--[50268] [(null)] - [HollyContactHelper] 获取厂家信息 ==落地号码->空
2016-10-18 17:30:30,725 [1] INFO  Holly--[50268] [(null)] - [@@@厂家消息通知@@@]OnMessage ：厂家状态(CurStatus：15；CurStatusName：工作整理；)厂家消息(整理工作开始。)程序状态(PS06_话后)
2016-10-18 17:30:30,738 [1] INFO  Holly--[50268] [(null)] - [HollyContactHelper] 获取厂家信息 ==主叫号码->35196
2016-10-18 17:30:30,738 [1] INFO  Holly--[50268] [(null)] - [HollyContactHelper] >>>> HaoMaProcess 处理前>>>> 35196
2016-10-18 17:30:30,738 [1] INFO  Holly--[50268] [(null)] - [HollyContactHelper] >>>> HaoMaProcess 处理后>>>> 35196
2016-10-18 17:30:30,738 [1] INFO  Holly--[50268] [(null)] - [HollyContactHelper] 获取厂家信息 ==被叫号码->随路数据为空，通过方法获取->97013146611863
2016-10-18 17:30:30,739 [1] INFO  Holly--[50268] [(null)] - [HollyContactHelper] >>>> HaoMaProcess 处理前>>>> 97013146611863
2016-10-18 17:30:30,739 [1] INFO  Holly--[50268] [(null)] - [HollyContactHelper] >>>> HaoMaProcess 处理后>>>> 13146611863
2016-10-18 17:30:30,739 [1] INFO  Holly--[50268] [(null)] - [HollyContactHelper] 获取厂家信息 ==落地号码->空
2016-10-18 17:30:30,742 [1] INFO  Holly--[50268] [(null)] - [事件][CallOutSuccess] 外呼接起成功事件 ：呼出_外拨呼叫 监控：非监控
2016-10-18 17:30:30,742 [1] INFO  Holly--[50268] [(null)] - [事件][CustomerOutCome_OnAnswer] 外呼应答
2016-10-18 17:30:30,742 [1] INFO  Holly--[50268] [(null)] - [事件][CustomerOutCome_OnAnswer] 外呼应答异常：BusinessProcess.CallRecordORIG 为空
2016-10-18 17:30:30,743 [1] INFO  Holly--[50268] [(null)] - [@@@厂家消息通知@@@]OnMessage ：厂家状态(CurStatus：15；CurStatusName：工作整理；)厂家消息(外拨成功。)程序状态(PS06_话后)
2016-10-18 17:30:30,798 [1] INFO  Holly--[50268] [(null)] - [@@@厂家消息通知@@@]OnMessage ：厂家状态(CurStatus：1；CurStatusName：空闲；)厂家消息(状态改变：工作整理-->空闲)程序状态(PS03_置闲)
2016-10-18 17:30:30,798 [1] INFO  Holly--[50268] [(null)] - [>>>厂家状态变化<<<]OnStatusChange ：PS06_话后(15) -> PS03_置闲(1)
2016-10-18 17:30:30,798 [1] INFO  Holly--[50268] [(null)] - [事件][AxUniSoftPhone_OnStatusChange] 状态变化事件
2016-10-18 17:30:30,799 [1] INFO  Holly--[50268] [(null)] - [Main][SetMainStatus]设置状态：PS03_置闲
2016-10-18 17:30:30,799 [4] INFO  Holly--[50268] [(null)] - [Main][UpdatAgentDB] 更新客服状态表AS3_置闲
2016-10-18 17:30:30,799 [4] INFO  Holly--[50268] [(null)] - [======Common======] GetCurrentTime ：获取当前服务器时间：CC系统服务器时间：2016-10-18 17:30:30.798，客户端时间：2016-10-18 17:30:30.799，（现有）计算时间差(毫秒)：-1
2016-10-18 17:30:30,801 [4] INFO  Holly--[50268] [(null)] - [Main][UpdatAgentDB] 更新上一个状态的结束时间 PreOid....IS:53,结束时间为：2016-10-18 17:30:30
2016-10-18 17:30:30,826 [4] INFO  Holly--[50268] [(null)] - [Main][UpdatAgentDB] 插入新的状态 PreOid....IS:54
2016-10-18 17:30:30,832 [1] INFO  Holly--[50268] [(null)] - [HollyContactHelper] 获取厂家信息 ==落地号码->空
2016-10-18 17:30:30,832 [1] INFO  Holly--[50268] [(null)] - [@@@厂家消息通知@@@]OnMessage ：厂家状态(CurStatus：1；CurStatusName：空闲；)厂家消息(示闲成功。)程序状态(PS03_置闲)
2016-10-18 17:31:28,440 [1] INFO  Holly--[50268] [(null)] - [客户端推送日志信息] 开始
2016-10-18 17:31:28,451 [1] INFO  Holly--[50268] [(null)] - [客户端推送日志信息] 获取到请求数：0
2016-10-18 17:32:06,104 [1] INFO  Holly--[50268] [(null)] - [***MDBFileHelper***][AdditionalRecording] 补录数据
2016-10-18 17:32:28,492 [1] INFO  Holly--[50268] [(null)] - [客户端推送日志信息] 开始
2016-10-18 17:32:28,502 [1] INFO  Holly--[50268] [(null)] - [客户端推送日志信息] 获取到请求数：0
2016-10-18 17:32:30,065 [1] INFO  Holly--[50268] [(null)] - [登录登出模块] ExitLogin() Begin...
2016-10-18 17:32:30,085 [1] INFO  Holly--[50268] [(null)] - [======Common======] GetCurrentTime ：获取当前服务器时间：CC系统服务器时间：2016-10-18 17:32:30.084，客户端时间：2016-10-18 17:32:30.085，（现有）计算时间差(毫秒)：-1
2016-10-18 17:32:30,093 [1] INFO  Holly--[50268] [(null)] - [登录登出模块]DeleteAgentStateToDB...客服退出时 LoginOnOid....IS:46
2016-10-18 17:32:30,093 [1] INFO  Holly--[50268] [(null)] - [登录登出模块]DeleteAgentStateToDB...客服退出时 GetCurrentTime()....IS:2016-10-18 17:32:30
2016-10-18 17:32:30,099 [1] INFO  Holly--[50268] [(null)] - [登录登出模块]DeleteAgentStateToDB...退出成功....
2016-10-18 17:32:30,144 [1] INFO  Holly--[50268] [(null)] - [HollyContactHelper]用户操作==签出->True
2016-10-18 17:32:30,144 [1] INFO  Holly--[50268] [(null)] - [======Common======] GetCurrentTime ：获取当前服务器时间：CC系统服务器时间：2016-10-18 17:32:30.143，客户端时间：2016-10-18 17:32:30.144，（现有）计算时间差(毫秒)：-1
2016-10-18 17:32:30,146 [1] INFO  Holly--[50268] [(null)] - [Main] 更新上一个状态的结束时间 PreOid....IS:54
2016-10-18 17:32:31,423 [1] INFO  Holly--[50268] [(null)] - [HollyContactHelper]用户操作==卸载->True
2016-10-18 17:32:31,423 [1] INFO  Holly--[50268] [(null)] - [登录登出模块] ExitLogin() End.
