2016-06-01 10:51:13,497 [1] INFO  Holly--[15436] [(null)] - [登录窗口]btnLogin_Click Begin...
2016-06-01 10:51:13,776 [1] INFO  Holly--[15436] [(null)] - [HollyContactHelper]ModifySoftphoneINIByDN――根据DN35197,选择的SIPServerIP为：192.168.112.205
2016-06-01 10:51:15,933 [1] INFO  Holly--[15436] [(null)] - [HollyContactHelper]用户操作==装载及初始化->True
2016-06-01 10:51:15,933 [1] INFO  Holly--[15436] [(null)] - [登录窗口]btnLogin_Click： 异步加载，回调事件中继续登录
2016-06-01 10:51:15,933 [1] INFO  Holly--[15436] [(null)] - [登录窗口]btnLogin_Click End
2016-06-01 10:51:16,044 [1] INFO  Holly--[15436] [(null)] - [@@@厂家消息通知@@@]OnMessage ：厂家状态(CurStatus：0；CurStatusName：准备就绪状态；)厂家消息(服务器已上线:UserName=AgentUser,UserGOR=37486593)程序状态(PS01_就绪)
2016-06-01 10:51:16,066 [1] INFO  Holly--[15436] [(null)] - [@@@厂家消息通知@@@]OnMessage ：厂家状态(CurStatus：0；CurStatusName：准备就绪状态；)厂家消息(服务器已上线:UserName=LSUser,UserGOR=65537)程序状态(PS01_就绪)
2016-06-01 10:51:16,105 [1] INFO  Holly--[15436] [(null)] - [@@@厂家消息通知@@@]OnMessage ：厂家状态(CurStatus：0；CurStatusName：准备就绪状态；)厂家消息(服务器已上线:UserName=EDSUser,UserGOR=983041)程序状态(PS01_就绪)
2016-06-01 10:51:16,107 [1] INFO  Holly--[15436] [(null)] - [@@@厂家消息通知@@@]OnMessage ：厂家状态(CurStatus：0；CurStatusName：准备就绪状态；)厂家消息(服务器已上线:UserName=StatEvent,UserGOR=262145)程序状态(PS01_就绪)
2016-06-01 10:51:16,111 [1] INFO  Holly--[15436] [(null)] - [@@@厂家消息通知@@@]OnMessage ：厂家状态(CurStatus：0；CurStatusName：准备就绪状态；)厂家消息(服务器已上线:UserName=StatUser,UserGOR=262146)程序状态(PS01_就绪)
2016-06-01 10:51:16,363 [1] INFO  Holly--[15436] [(null)] - [@@@厂家消息通知@@@]OnMessage ：厂家状态(CurStatus：0；CurStatusName：准备就绪状态；)厂家消息(服务器已上线:UserName=ASUser,UserGOR=655361)程序状态(PS01_就绪)
2016-06-01 10:51:16,363 [1] INFO  Holly--[15436] [(null)] - 当前调用Load函数，返回的服务器信息条数为：6
2016-06-01 10:51:16,419 [1] INFO  Holly--[15436] [(null)] - [登录登出模块] Login ( masj, *** , 35197 ) 
2016-06-01 10:51:16,421 [1] INFO  Holly--[15436] [(null)] - [登录登出模块] DomainAccountLogin(masj, pwd) begin...
2016-06-01 10:51:17,044 [1] INFO  Holly--[15436] [(null)] - [登录登出模块] DomainAccountLogin(masj, pwd) end.return BitAuto.Services.Organization.Remoting.Employee
2016-06-01 10:51:23,454 [1] INFO  Holly--[15436] [(null)] - [登录登出模块] InitLoginUser() Begin...
2016-06-01 10:51:34,090 [1] INFO  Holly--[15436] [(null)] - [登录登出模块] InitLoginUser() 客服登录...AgentID is:10658,AgentNum is:13001,GroupName is:商城运营支持部（IM）,OutNum is:89
2016-06-01 10:51:34,090 [1] INFO  Holly--[15436] [(null)] - [登录登出模块] InitLoginUser() End...
2016-06-01 10:51:36,881 [1] INFO  Holly--[15436] [(null)] - [HollyContactHelper]用户操作==添加技能组->1099 3
2016-06-01 10:51:36,881 [1] INFO  Holly--[15436] [(null)] - [HollyContactHelper]用户操作==添加技能组->1094 3
2016-06-01 10:51:36,881 [1] INFO  Holly--[15436] [(null)] - [HollyContactHelper]用户操作==添加技能组->1096 3
2016-06-01 10:51:36,921 [1] INFO  Holly--[15436] [(null)] - [HollyContactHelper]用户操作==签入->True
2016-06-01 10:51:37,050 [1] INFO  Holly--[15436] [(null)] - [登录登出模块] InsertAgentState()更新退出时间....norecord
2016-06-01 10:51:37,099 [1] INFO  Holly--[15436] [(null)] - [登录登出模块] InsertAgentState()登录状态LoginOnOid....is:7
2016-06-01 10:51:37,099 [1] INFO  Holly--[15436] [(null)] - [登录登出模块] Login(masj, pwd, 35197) End.
2016-06-01 10:51:38,262 [1] INFO  Holly--[15436] [(null)] - [InitMainForm] 开始验证监控权限
2016-06-01 10:51:38,516 [1] INFO  Holly--[15436] [(null)] - [InitMainForm] 有 监控权限
2016-06-01 10:51:14,008 [1] INFO  Holly--[15436] [(null)] - [@@@厂家消息通知@@@]OnMessage ：厂家状态(CurStatus：0；CurStatusName：准备就绪状态；)厂家消息(座席签入成功)程序状态(PS01_就绪)
2016-06-01 10:51:14,077 [1] INFO  Holly--[15436] [(null)] - [事件][OnSignInSuccess] 签入成功事件
2016-06-01 10:51:14,098 [1] INFO  Holly--[15436] [(null)] - [登录登出模块] InsertAgentState()更新退出时间....initmsg
2016-06-01 10:51:14,106 [1] INFO  Holly--[15436] [(null)] - [登录登出模块] InsertAgentState()登录状态LoginOnOid....is:8
2016-06-01 10:51:14,108 [1] INFO  Holly--[15436] [(null)] - [@@@厂家消息通知@@@]OnMessage ：厂家状态(CurStatus：2；CurStatusName：置忙；)厂家消息(状态改变：准备就绪状态-->置忙)程序状态(PS04_置忙)
2016-06-01 10:51:14,110 [1] INFO  Holly--[15436] [(null)] - [>>>厂家状态变化<<<]OnStatusChange ：PS01_就绪(0) -> PS04_置忙(2)
2016-06-01 10:51:14,144 [1] INFO  Holly--[15436] [(null)] - [HollyContactHelper]用户操作==置闲->True
2016-06-01 10:51:14,417 [1] INFO  Holly--[15436] [(null)] - [HollyContactHelper]用户操作==休息(BS0_自动)->True
2016-06-01 10:51:14,417 [1] INFO  Holly--[15436] [(null)] - [事件][AxUniSoftPhone_OnStatusChange] 状态变化事件
2016-06-01 10:51:14,418 [1] INFO  Holly--[15436] [(null)] - [Main][SetMainStatus]设置状态：PS04_置忙(BS0_自动)
2016-06-01 10:51:14,431 [1] INFO  Holly--[15436] [(null)] - [@@@厂家消息通知@@@]OnMessage ：厂家状态(CurStatus：1；CurStatusName：空闲；)厂家消息(状态改变：置忙-->空闲)程序状态(PS03_置闲)
2016-06-01 10:51:14,432 [1] INFO  Holly--[15436] [(null)] - [>>>厂家状态变化<<<]OnStatusChange ：PS04_置忙(2) -> PS03_置闲(1)
2016-06-01 10:51:14,432 [1] INFO  Holly--[15436] [(null)] - [事件][AxUniSoftPhone_OnStatusChange] 状态变化事件
2016-06-01 10:51:14,432 [1] INFO  Holly--[15436] [(null)] - [Main][SetMainStatus]设置状态：PS03_置闲
2016-06-01 10:51:14,438 [1] INFO  Holly--[15436] [(null)] - [@@@厂家消息通知@@@]OnMessage ：厂家状态(CurStatus：16；CurStatusName：休息；)厂家消息(状态改变：空闲-->休息)程序状态(PS05_休息)
2016-06-01 10:51:14,438 [1] INFO  Holly--[15436] [(null)] - [>>>厂家状态变化<<<]OnStatusChange ：PS03_置闲(1) -> PS05_休息(16)
2016-06-01 10:51:14,438 [1] INFO  Holly--[15436] [(null)] - [事件][AxUniSoftPhone_OnStatusChange] 状态变化事件
2016-06-01 10:51:14,438 [1] INFO  Holly--[15436] [(null)] - [Main][SetMainStatus]设置状态：PS05_休息
2016-06-01 10:51:14,576 [1] INFO  Holly--[15436] [(null)] - [Main][UpdatAgentDB] 更新客服状态表AS4_置忙
2016-06-01 10:51:14,734 [1] INFO  Holly--[15436] [(null)] - [Main][UpdatAgentDB] 插入CAgent表
2016-06-01 10:51:14,767 [1] INFO  Holly--[15436] [(null)] - [Main][UpdatAgentDB] 插入新的状态 PreOid....IS:9
2016-06-01 10:51:14,773 [1] INFO  Holly--[15436] [(null)] - [HollyContactHelper] 获取厂家信息 ==落地号码->
2016-06-01 10:51:14,847 [1] INFO  Holly--[15436] [(null)] - [@@@厂家消息通知@@@]OnMessage ：厂家状态(CurStatus：16；CurStatusName：休息；)厂家消息(休息开始。)程序状态(PS05_休息)
2016-06-01 10:51:18,171 [1] INFO  Holly--[15436] [(null)] - [Main][UpdatAgentDB] 更新客服状态表AS3_置闲
2016-06-01 10:51:18,199 [1] INFO  Holly--[15436] [(null)] - [Main][UpdatAgentDB] 更新上一个状态的结束时间 PreOid....IS:9
2016-06-01 10:51:18,206 [1] INFO  Holly--[15436] [(null)] - [Main][UpdatAgentDB] 插入新的状态 PreOid....IS:10
2016-06-01 10:51:18,207 [1] INFO  Holly--[15436] [(null)] - [HollyContactHelper] 获取厂家信息 ==落地号码->
2016-06-01 10:51:18,207 [1] INFO  Holly--[15436] [(null)] - [@@@厂家消息通知@@@]OnMessage ：厂家状态(CurStatus：16；CurStatusName：休息；)厂家消息(示闲成功。)程序状态(PS05_休息)
2016-06-01 10:51:18,216 [1] INFO  Holly--[15436] [(null)] - [Main][UpdatAgentDB] 更新客服状态表AS4_置忙
2016-06-01 10:51:18,217 [1] INFO  Holly--[15436] [(null)] - [Main][UpdatAgentDB] 更新上一个状态的结束时间 PreOid....IS:10
2016-06-01 10:51:18,229 [1] INFO  Holly--[15436] [(null)] - [Main][UpdatAgentDB] 插入新的状态 PreOid....IS:11
2016-06-01 10:51:18,229 [1] INFO  Holly--[15436] [(null)] - [HollyContactHelper] 获取厂家信息 ==落地号码->
2016-06-01 10:51:18,230 [1] INFO  Holly--[15436] [(null)] - [@@@厂家消息通知@@@]OnMessage ：厂家状态(CurStatus：16；CurStatusName：休息；)厂家消息(签入成功。)程序状态(PS05_休息)
2016-06-01 10:52:12,796 [1] INFO  Holly--[15436] [(null)] - [客户端推送日志信息] 开始
2016-06-01 10:52:16,700 [1] INFO  Holly--[15436] [(null)] - [客户端推送日志信息] 获取到请求数：0
2016-06-01 10:53:16,708 [1] INFO  Holly--[15436] [(null)] - [客户端推送日志信息] 开始
2016-06-01 10:53:16,725 [1] INFO  Holly--[15436] [(null)] - [客户端推送日志信息] 获取到请求数：0
2016-06-01 10:54:12,803 [1] INFO  Holly--[15436] [(null)] - [***MDBFileHelper***][AdditionalRecording] 补录数据
2016-06-01 10:54:16,738 [1] INFO  Holly--[15436] [(null)] - [客户端推送日志信息] 开始
2016-06-01 10:54:16,750 [1] INFO  Holly--[15436] [(null)] - [客户端推送日志信息] 获取到请求数：0
2016-06-01 10:55:16,765 [1] INFO  Holly--[15436] [(null)] - [客户端推送日志信息] 开始
2016-06-01 10:55:16,779 [1] INFO  Holly--[15436] [(null)] - [客户端推送日志信息] 获取到请求数：0
2016-06-01 10:56:12,713 [1] INFO  Holly--[15436] [(null)] - [Main]timer_LoginTime_Tick LoginOnOid=8
2016-06-01 10:56:16,798 [1] INFO  Holly--[15436] [(null)] - [客户端推送日志信息] 开始
2016-06-01 10:56:16,811 [1] INFO  Holly--[15436] [(null)] - [客户端推送日志信息] 获取到请求数：0
2016-06-01 10:57:13,799 [1] INFO  Holly--[15436] [(null)] - [***MDBFileHelper***][AdditionalRecording] 补录数据
2016-06-01 10:57:16,826 [1] INFO  Holly--[15436] [(null)] - [客户端推送日志信息] 开始
2016-06-01 10:57:16,837 [1] INFO  Holly--[15436] [(null)] - [客户端推送日志信息] 获取到请求数：0
2016-06-01 10:58:16,854 [1] INFO  Holly--[15436] [(null)] - [客户端推送日志信息] 开始
2016-06-01 10:58:16,867 [1] INFO  Holly--[15436] [(null)] - [客户端推送日志信息] 获取到请求数：0
2016-06-01 10:59:16,884 [1] INFO  Holly--[15436] [(null)] - [客户端推送日志信息] 开始
2016-06-01 10:59:16,905 [1] INFO  Holly--[15436] [(null)] - [客户端推送日志信息] 获取到请求数：0
2016-06-01 11:00:13,856 [1] INFO  Holly--[15436] [(null)] - [***MDBFileHelper***][AdditionalRecording] 补录数据
2016-06-01 11:00:16,913 [1] INFO  Holly--[15436] [(null)] - [客户端推送日志信息] 开始
2016-06-01 11:00:16,924 [1] INFO  Holly--[15436] [(null)] - [客户端推送日志信息] 获取到请求数：0
2016-06-01 11:01:12,715 [1] INFO  Holly--[15436] [(null)] - [Main]timer_LoginTime_Tick LoginOnOid=8
2016-06-01 11:01:16,942 [1] INFO  Holly--[15436] [(null)] - [客户端推送日志信息] 开始
2016-06-01 11:01:16,969 [1] INFO  Holly--[15436] [(null)] - [客户端推送日志信息] 获取到请求数：0
2016-06-01 11:02:16,987 [1] INFO  Holly--[15436] [(null)] - [客户端推送日志信息] 开始
2016-06-01 11:02:16,999 [1] INFO  Holly--[15436] [(null)] - [客户端推送日志信息] 获取到请求数：0
2016-06-01 11:03:13,910 [1] INFO  Holly--[15436] [(null)] - [***MDBFileHelper***][AdditionalRecording] 补录数据
2016-06-01 11:03:17,017 [1] INFO  Holly--[15436] [(null)] - [客户端推送日志信息] 开始
2016-06-01 11:03:17,030 [1] INFO  Holly--[15436] [(null)] - [客户端推送日志信息] 获取到请求数：0
2016-06-01 11:04:17,044 [1] INFO  Holly--[15436] [(null)] - [客户端推送日志信息] 开始
2016-06-01 11:04:17,061 [1] INFO  Holly--[15436] [(null)] - [客户端推送日志信息] 获取到请求数：0
2016-06-01 11:05:17,075 [1] INFO  Holly--[15436] [(null)] - [客户端推送日志信息] 开始
2016-06-01 11:05:17,088 [1] INFO  Holly--[15436] [(null)] - [客户端推送日志信息] 获取到请求数：0
2016-06-01 11:06:12,720 [1] INFO  Holly--[15436] [(null)] - [Main]timer_LoginTime_Tick LoginOnOid=8
2016-06-01 11:06:13,972 [1] INFO  Holly--[15436] [(null)] - [***MDBFileHelper***][AdditionalRecording] 补录数据
2016-06-01 11:06:17,104 [1] INFO  Holly--[15436] [(null)] - [客户端推送日志信息] 开始
2016-06-01 11:06:17,116 [1] INFO  Holly--[15436] [(null)] - [客户端推送日志信息] 获取到请求数：0
2016-06-01 11:07:17,133 [1] INFO  Holly--[15436] [(null)] - [客户端推送日志信息] 开始
2016-06-01 11:07:17,146 [1] INFO  Holly--[15436] [(null)] - [客户端推送日志信息] 获取到请求数：0
2016-06-01 11:08:17,163 [1] INFO  Holly--[15436] [(null)] - [客户端推送日志信息] 开始
2016-06-01 11:08:17,175 [1] INFO  Holly--[15436] [(null)] - [客户端推送日志信息] 获取到请求数：0
2016-06-01 11:09:14,024 [1] INFO  Holly--[15436] [(null)] - [***MDBFileHelper***][AdditionalRecording] 补录数据
2016-06-01 11:09:17,190 [1] INFO  Holly--[15436] [(null)] - [客户端推送日志信息] 开始
2016-06-01 11:09:17,201 [1] INFO  Holly--[15436] [(null)] - [客户端推送日志信息] 获取到请求数：0
2016-06-01 11:10:17,221 [1] INFO  Holly--[15436] [(null)] - [客户端推送日志信息] 开始
2016-06-01 11:10:17,233 [1] INFO  Holly--[15436] [(null)] - [客户端推送日志信息] 获取到请求数：0
2016-06-01 11:11:12,727 [1] INFO  Holly--[15436] [(null)] - [Main]timer_LoginTime_Tick LoginOnOid=8
2016-06-01 11:11:17,250 [1] INFO  Holly--[15436] [(null)] - [客户端推送日志信息] 开始
2016-06-01 11:11:17,263 [1] INFO  Holly--[15436] [(null)] - [客户端推送日志信息] 获取到请求数：0
2016-06-01 11:12:14,083 [1] INFO  Holly--[15436] [(null)] - [***MDBFileHelper***][AdditionalRecording] 补录数据
2016-06-01 11:12:17,280 [1] INFO  Holly--[15436] [(null)] - [客户端推送日志信息] 开始
2016-06-01 11:12:17,295 [1] INFO  Holly--[15436] [(null)] - [客户端推送日志信息] 获取到请求数：0
2016-06-01 11:13:17,312 [1] INFO  Holly--[15436] [(null)] - [客户端推送日志信息] 开始
2016-06-01 11:13:17,324 [1] INFO  Holly--[15436] [(null)] - [客户端推送日志信息] 获取到请求数：0
2016-06-01 11:14:17,337 [1] INFO  Holly--[15436] [(null)] - [客户端推送日志信息] 开始
2016-06-01 11:14:17,348 [1] INFO  Holly--[15436] [(null)] - [客户端推送日志信息] 获取到请求数：0
2016-06-01 11:15:14,137 [1] INFO  Holly--[15436] [(null)] - [***MDBFileHelper***][AdditionalRecording] 补录数据
2016-06-01 11:15:17,367 [1] INFO  Holly--[15436] [(null)] - [客户端推送日志信息] 开始
2016-06-01 11:15:17,381 [1] INFO  Holly--[15436] [(null)] - [客户端推送日志信息] 获取到请求数：0
2016-06-01 11:16:12,779 [1] INFO  Holly--[15436] [(null)] - [Main]timer_LoginTime_Tick LoginOnOid=8
2016-06-01 11:16:17,396 [1] INFO  Holly--[15436] [(null)] - [客户端推送日志信息] 开始
2016-06-01 11:16:17,408 [1] INFO  Holly--[15436] [(null)] - [客户端推送日志信息] 获取到请求数：0
2016-06-01 11:17:17,426 [1] INFO  Holly--[15436] [(null)] - [客户端推送日志信息] 开始
2016-06-01 11:17:17,438 [1] INFO  Holly--[15436] [(null)] - [客户端推送日志信息] 获取到请求数：0
2016-06-01 11:18:14,191 [1] INFO  Holly--[15436] [(null)] - [***MDBFileHelper***][AdditionalRecording] 补录数据
2016-06-01 11:18:17,454 [1] INFO  Holly--[15436] [(null)] - [客户端推送日志信息] 开始
2016-06-01 11:18:17,467 [1] INFO  Holly--[15436] [(null)] - [客户端推送日志信息] 获取到请求数：0
2016-06-01 11:19:17,482 [1] INFO  Holly--[15436] [(null)] - [客户端推送日志信息] 开始
2016-06-01 11:19:17,492 [1] INFO  Holly--[15436] [(null)] - [客户端推送日志信息] 获取到请求数：0
2016-06-01 11:20:17,511 [1] INFO  Holly--[15436] [(null)] - [客户端推送日志信息] 开始
2016-06-01 11:20:17,523 [1] INFO  Holly--[15436] [(null)] - [客户端推送日志信息] 获取到请求数：0
2016-06-01 11:21:12,782 [1] INFO  Holly--[15436] [(null)] - [Main]timer_LoginTime_Tick LoginOnOid=8
2016-06-01 11:21:14,249 [1] INFO  Holly--[15436] [(null)] - [***MDBFileHelper***][AdditionalRecording] 补录数据
2016-06-01 11:21:17,540 [1] INFO  Holly--[15436] [(null)] - [客户端推送日志信息] 开始
2016-06-01 11:21:17,552 [1] INFO  Holly--[15436] [(null)] - [客户端推送日志信息] 获取到请求数：0
2016-06-01 11:22:17,571 [1] INFO  Holly--[15436] [(null)] - [客户端推送日志信息] 开始
2016-06-01 11:22:17,583 [1] INFO  Holly--[15436] [(null)] - [客户端推送日志信息] 获取到请求数：0
2016-06-01 11:23:17,600 [1] INFO  Holly--[15436] [(null)] - [客户端推送日志信息] 开始
2016-06-01 11:23:17,614 [1] INFO  Holly--[15436] [(null)] - [客户端推送日志信息] 获取到请求数：0
2016-06-01 11:24:14,323 [1] INFO  Holly--[15436] [(null)] - [***MDBFileHelper***][AdditionalRecording] 补录数据
2016-06-01 11:24:17,631 [1] INFO  Holly--[15436] [(null)] - [客户端推送日志信息] 开始
2016-06-01 11:24:17,643 [1] INFO  Holly--[15436] [(null)] - [客户端推送日志信息] 获取到请求数：0
2016-06-01 11:25:17,659 [1] INFO  Holly--[15436] [(null)] - [客户端推送日志信息] 开始
2016-06-01 11:25:17,672 [1] INFO  Holly--[15436] [(null)] - [客户端推送日志信息] 获取到请求数：0
2016-06-01 11:26:12,791 [1] INFO  Holly--[15436] [(null)] - [Main]timer_LoginTime_Tick LoginOnOid=8
2016-06-01 11:26:17,688 [1] INFO  Holly--[15436] [(null)] - [客户端推送日志信息] 开始
2016-06-01 11:26:17,701 [1] INFO  Holly--[15436] [(null)] - [客户端推送日志信息] 获取到请求数：0
2016-06-01 11:27:14,378 [1] INFO  Holly--[15436] [(null)] - [***MDBFileHelper***][AdditionalRecording] 补录数据
2016-06-01 11:27:17,718 [1] INFO  Holly--[15436] [(null)] - [客户端推送日志信息] 开始
2016-06-01 11:27:17,731 [1] INFO  Holly--[15436] [(null)] - [客户端推送日志信息] 获取到请求数：0
2016-06-01 11:28:17,747 [1] INFO  Holly--[15436] [(null)] - [客户端推送日志信息] 开始
2016-06-01 11:28:17,760 [1] INFO  Holly--[15436] [(null)] - [客户端推送日志信息] 获取到请求数：0
2016-06-01 11:29:17,777 [1] INFO  Holly--[15436] [(null)] - [客户端推送日志信息] 开始
2016-06-01 11:29:17,790 [1] INFO  Holly--[15436] [(null)] - [客户端推送日志信息] 获取到请求数：0
2016-06-01 11:30:14,432 [1] INFO  Holly--[15436] [(null)] - [***MDBFileHelper***][AdditionalRecording] 补录数据
2016-06-01 11:30:17,806 [1] INFO  Holly--[15436] [(null)] - [客户端推送日志信息] 开始
2016-06-01 11:30:17,818 [1] INFO  Holly--[15436] [(null)] - [客户端推送日志信息] 获取到请求数：0
2016-06-01 11:31:12,800 [1] INFO  Holly--[15436] [(null)] - [Main]timer_LoginTime_Tick LoginOnOid=8
2016-06-01 11:31:17,833 [1] INFO  Holly--[15436] [(null)] - [客户端推送日志信息] 开始
2016-06-01 11:31:17,846 [1] INFO  Holly--[15436] [(null)] - [客户端推送日志信息] 获取到请求数：0
2016-06-01 11:32:17,863 [1] INFO  Holly--[15436] [(null)] - [客户端推送日志信息] 开始
2016-06-01 11:32:17,874 [1] INFO  Holly--[15436] [(null)] - [客户端推送日志信息] 获取到请求数：0
2016-06-01 11:33:14,492 [1] INFO  Holly--[15436] [(null)] - [***MDBFileHelper***][AdditionalRecording] 补录数据
2016-06-01 11:33:17,890 [1] INFO  Holly--[15436] [(null)] - [客户端推送日志信息] 开始
2016-06-01 11:33:17,900 [1] INFO  Holly--[15436] [(null)] - [客户端推送日志信息] 获取到请求数：0
2016-06-01 11:34:17,921 [1] INFO  Holly--[15436] [(null)] - [客户端推送日志信息] 开始
2016-06-01 11:34:17,991 [1] INFO  Holly--[15436] [(null)] - [客户端推送日志信息] 获取到请求数：0
2016-06-01 11:35:18,014 [1] INFO  Holly--[15436] [(null)] - [客户端推送日志信息] 开始
2016-06-01 11:35:18,028 [1] INFO  Holly--[15436] [(null)] - [客户端推送日志信息] 获取到请求数：0
2016-06-01 11:36:12,813 [1] INFO  Holly--[15436] [(null)] - [Main]timer_LoginTime_Tick LoginOnOid=8
2016-06-01 11:36:14,545 [1] INFO  Holly--[15436] [(null)] - [***MDBFileHelper***][AdditionalRecording] 补录数据
2016-06-01 11:36:18,039 [1] INFO  Holly--[15436] [(null)] - [客户端推送日志信息] 开始
2016-06-01 11:36:18,049 [1] INFO  Holly--[15436] [(null)] - [客户端推送日志信息] 获取到请求数：0
2016-06-01 11:37:18,072 [1] INFO  Holly--[15436] [(null)] - [客户端推送日志信息] 开始
2016-06-01 11:37:18,084 [1] INFO  Holly--[15436] [(null)] - [客户端推送日志信息] 获取到请求数：0
2016-06-01 11:38:18,099 [1] INFO  Holly--[15436] [(null)] - [客户端推送日志信息] 开始
2016-06-01 11:38:18,111 [1] INFO  Holly--[15436] [(null)] - [客户端推送日志信息] 获取到请求数：0
2016-06-01 11:39:34,999 [1] INFO  Holly--[15436] [(null)] - [***MDBFileHelper***][AdditionalRecording] 补录数据
2016-06-01 11:39:38,526 [1] INFO  Holly--[15436] [(null)] - [客户端推送日志信息] 开始
2016-06-01 11:39:38,538 [1] INFO  Holly--[15436] [(null)] - [客户端推送日志信息] 获取到请求数：0
2016-06-01 11:40:38,556 [1] INFO  Holly--[15436] [(null)] - [客户端推送日志信息] 开始
2016-06-01 11:40:38,567 [1] INFO  Holly--[15436] [(null)] - [客户端推送日志信息] 获取到请求数：0
2016-06-01 11:41:33,226 [1] INFO  Holly--[15436] [(null)] - [Main]timer_LoginTime_Tick LoginOnOid=8
2016-06-01 11:41:38,584 [1] INFO  Holly--[15436] [(null)] - [客户端推送日志信息] 开始
2016-06-01 11:41:38,595 [1] INFO  Holly--[15436] [(null)] - [客户端推送日志信息] 获取到请求数：0
2016-06-01 11:42:35,054 [1] INFO  Holly--[15436] [(null)] - [***MDBFileHelper***][AdditionalRecording] 补录数据
2016-06-01 11:42:38,613 [1] INFO  Holly--[15436] [(null)] - [客户端推送日志信息] 开始
2016-06-01 11:42:38,625 [1] INFO  Holly--[15436] [(null)] - [客户端推送日志信息] 获取到请求数：0
2016-06-01 11:43:38,643 [1] INFO  Holly--[15436] [(null)] - [客户端推送日志信息] 开始
2016-06-01 11:43:38,654 [1] INFO  Holly--[15436] [(null)] - [客户端推送日志信息] 获取到请求数：0
2016-06-01 11:44:38,672 [1] INFO  Holly--[15436] [(null)] - [客户端推送日志信息] 开始
2016-06-01 11:44:38,684 [1] INFO  Holly--[15436] [(null)] - [客户端推送日志信息] 获取到请求数：0
2016-06-01 11:45:35,112 [1] INFO  Holly--[15436] [(null)] - [***MDBFileHelper***][AdditionalRecording] 补录数据
2016-06-01 11:45:38,701 [1] INFO  Holly--[15436] [(null)] - [客户端推送日志信息] 开始
2016-06-01 11:45:38,715 [1] INFO  Holly--[15436] [(null)] - [客户端推送日志信息] 获取到请求数：0
2016-06-01 11:46:33,238 [1] INFO  Holly--[15436] [(null)] - [Main]timer_LoginTime_Tick LoginOnOid=8
2016-06-01 11:46:38,729 [1] INFO  Holly--[15436] [(null)] - [客户端推送日志信息] 开始
2016-06-01 11:46:38,740 [1] INFO  Holly--[15436] [(null)] - [客户端推送日志信息] 获取到请求数：0
2016-06-01 11:47:38,759 [1] INFO  Holly--[15436] [(null)] - [客户端推送日志信息] 开始
2016-06-01 11:47:38,772 [1] INFO  Holly--[15436] [(null)] - [客户端推送日志信息] 获取到请求数：0
2016-06-01 11:48:35,170 [1] INFO  Holly--[15436] [(null)] - [***MDBFileHelper***][AdditionalRecording] 补录数据
2016-06-01 11:48:38,789 [1] INFO  Holly--[15436] [(null)] - [客户端推送日志信息] 开始
2016-06-01 11:48:38,802 [1] INFO  Holly--[15436] [(null)] - [客户端推送日志信息] 获取到请求数：0
2016-06-01 11:49:38,818 [1] INFO  Holly--[15436] [(null)] - [客户端推送日志信息] 开始
2016-06-01 11:49:38,831 [1] INFO  Holly--[15436] [(null)] - [客户端推送日志信息] 获取到请求数：0
2016-06-01 11:50:38,847 [1] INFO  Holly--[15436] [(null)] - [客户端推送日志信息] 开始
2016-06-01 11:50:38,861 [1] INFO  Holly--[15436] [(null)] - [客户端推送日志信息] 获取到请求数：0
2016-06-01 11:51:33,245 [1] INFO  Holly--[15436] [(null)] - [Main]timer_LoginTime_Tick LoginOnOid=8
2016-06-01 11:51:35,227 [1] INFO  Holly--[15436] [(null)] - [***MDBFileHelper***][AdditionalRecording] 补录数据
2016-06-01 11:51:38,875 [1] INFO  Holly--[15436] [(null)] - [客户端推送日志信息] 开始
2016-06-01 11:51:38,887 [1] INFO  Holly--[15436] [(null)] - [客户端推送日志信息] 获取到请求数：0
2016-06-01 11:52:38,905 [1] INFO  Holly--[15436] [(null)] - [客户端推送日志信息] 开始
2016-06-01 11:52:38,918 [1] INFO  Holly--[15436] [(null)] - [客户端推送日志信息] 获取到请求数：0
2016-06-01 11:53:38,935 [1] INFO  Holly--[15436] [(null)] - [客户端推送日志信息] 开始
2016-06-01 11:53:38,946 [1] INFO  Holly--[15436] [(null)] - [客户端推送日志信息] 获取到请求数：0
2016-06-01 11:54:35,283 [1] INFO  Holly--[15436] [(null)] - [***MDBFileHelper***][AdditionalRecording] 补录数据
2016-06-01 11:54:38,964 [1] INFO  Holly--[15436] [(null)] - [客户端推送日志信息] 开始
2016-06-01 11:54:38,976 [1] INFO  Holly--[15436] [(null)] - [客户端推送日志信息] 获取到请求数：0
2016-06-01 11:55:38,993 [1] INFO  Holly--[15436] [(null)] - [客户端推送日志信息] 开始
2016-06-01 11:55:39,006 [1] INFO  Holly--[15436] [(null)] - [客户端推送日志信息] 获取到请求数：0
2016-06-01 11:56:33,250 [1] INFO  Holly--[15436] [(null)] - [Main]timer_LoginTime_Tick LoginOnOid=8
2016-06-01 11:56:39,024 [1] INFO  Holly--[15436] [(null)] - [客户端推送日志信息] 开始
2016-06-01 11:56:39,035 [1] INFO  Holly--[15436] [(null)] - [客户端推送日志信息] 获取到请求数：0
2016-06-01 11:57:35,338 [1] INFO  Holly--[15436] [(null)] - [***MDBFileHelper***][AdditionalRecording] 补录数据
2016-06-01 11:57:39,050 [1] INFO  Holly--[15436] [(null)] - [客户端推送日志信息] 开始
2016-06-01 11:57:39,100 [1] INFO  Holly--[15436] [(null)] - [客户端推送日志信息] 获取到请求数：0
2016-06-01 11:58:35,964 [1] INFO  Holly--[15436] [(null)] - [登录登出模块] ExitLogin() Begin...
2016-06-01 11:58:36,087 [1] INFO  Holly--[15436] [(null)] - [登录登出模块]DeleteAgentStateToDB...客服退出时 LoginOnOid....IS:8
2016-06-01 11:58:36,087 [1] INFO  Holly--[15436] [(null)] - [登录登出模块]DeleteAgentStateToDB...客服退出时 GetCurrentTime()....IS:2016-06-01 11:57:32
2016-06-01 11:58:36,088 [1] INFO  Holly--[15436] [(null)] - [登录登出模块]DeleteAgentStateToDB...退出成功....
2016-06-01 11:58:36,123 [1] INFO  Holly--[15436] [(null)] - [HollyContactHelper]用户操作==签出->True
2016-06-01 11:58:36,169 [1] INFO  Holly--[15436] [(null)] - [Main] 更新上一个状态的结束时间 PreOid....IS:11
2016-06-01 11:58:37,512 [1] INFO  Holly--[15436] [(null)] - [HollyContactHelper]用户操作==卸载->True
2016-06-01 11:58:37,512 [1] INFO  Holly--[15436] [(null)] - [登录登出模块] ExitLogin() End.
