2016-08-16 16:34:00,611 [1] INFO  Holly--[16780] [(null)] - [登录窗口]btnLogin_Click Begin...
2016-08-16 16:34:00,691 [1] INFO  Holly--[16780] [(null)] - [HollyContactHelper]ModifySoftphoneINIByDN――根据DN35197,选择的SIPServerIP为：192.168.112.205
2016-08-16 16:34:01,390 [1] INFO  Holly--[16780] [(null)] - [HollyContactHelper]用户操作==装载及初始化->True
2016-08-16 16:34:01,390 [1] INFO  Holly--[16780] [(null)] - [登录窗口]btnLogin_Click： 异步加载，回调事件中继续登录
2016-08-16 16:34:01,390 [1] INFO  Holly--[16780] [(null)] - [登录窗口]btnLogin_Click End
2016-08-16 16:34:01,464 [1] INFO  Holly--[16780] [(null)] - [@@@厂家消息通知@@@]OnMessage ：厂家状态(CurStatus：0；CurStatusName：准备就绪状态；)厂家消息(服务器已上线:UserName=AgentUser,UserGOR=30015489)程序状态(PS01_就绪)
2016-08-16 16:34:01,492 [1] INFO  Holly--[16780] [(null)] - [@@@厂家消息通知@@@]OnMessage ：厂家状态(CurStatus：0；CurStatusName：准备就绪状态；)厂家消息(服务器已上线:UserName=LSUser,UserGOR=65537)程序状态(PS01_就绪)
2016-08-16 16:34:01,559 [1] INFO  Holly--[16780] [(null)] - [@@@厂家消息通知@@@]OnMessage ：厂家状态(CurStatus：0；CurStatusName：准备就绪状态；)厂家消息(服务器已上线:UserName=ASUser,UserGOR=1245185)程序状态(PS01_就绪)
2016-08-16 16:34:01,563 [1] INFO  Holly--[16780] [(null)] - [@@@厂家消息通知@@@]OnMessage ：厂家状态(CurStatus：0；CurStatusName：准备就绪状态；)厂家消息(服务器已上线:UserName=EDSUser,UserGOR=1638401)程序状态(PS01_就绪)
2016-08-16 16:34:01,565 [1] INFO  Holly--[16780] [(null)] - [@@@厂家消息通知@@@]OnMessage ：厂家状态(CurStatus：0；CurStatusName：准备就绪状态；)厂家消息(服务器已上线:UserName=StatEvent,UserGOR=851969)程序状态(PS01_就绪)
2016-08-16 16:34:01,566 [1] INFO  Holly--[16780] [(null)] - [@@@厂家消息通知@@@]OnMessage ：厂家状态(CurStatus：0；CurStatusName：准备就绪状态；)厂家消息(服务器已上线:UserName=StatUser,UserGOR=851970)程序状态(PS01_就绪)
2016-08-16 16:34:01,566 [1] INFO  Holly--[16780] [(null)] - 当前调用Load函数，返回的服务器信息条数为：6
2016-08-16 16:34:01,576 [1] INFO  Holly--[16780] [(null)] - [登录登出模块] Login ( masj, *** , 35197 ) 
2016-08-16 16:34:01,577 [1] INFO  Holly--[16780] [(null)] - [登录登出模块] DomainAccountLogin(masj, pwd) begin...
2016-08-16 16:34:01,690 [1] INFO  Holly--[16780] [(null)] - [登录登出模块] DomainAccountLogin(masj, pwd) end.return BitAuto.Services.Organization.Remoting.Employee
2016-08-16 16:34:02,603 [1] INFO  Holly--[16780] [(null)] - [登录登出模块] InitLoginUser() Begin...
2016-08-16 16:34:08,401 [1] INFO  Holly--[16780] [(null)] - [登录登出模块] InitLoginUser() 客服登录...AgentID is:10658,AgentNum is:11897,GroupName is:测试测试测试,OutNum is:86
2016-08-16 16:34:08,402 [1] INFO  Holly--[16780] [(null)] - [登录登出模块] InitLoginUser() End...
2016-08-16 16:34:09,575 [1] INFO  Holly--[16780] [(null)] - [HollyContactHelper]用户操作==添加技能组->1094 2
2016-08-16 16:34:09,575 [1] INFO  Holly--[16780] [(null)] - [HollyContactHelper]用户操作==添加技能组->1095 1
2016-08-16 16:34:09,618 [1] INFO  Holly--[16780] [(null)] - [HollyContactHelper]用户操作==签入->True
2016-08-16 16:34:09,650 [1] INFO  Holly--[16780] [(null)] - [======Common======] GetCurrentTime ：获取当前服务器时间：CC系统服务器时间：2016-08-16 16:34:09.632，客户端时间：2016-08-16 16:34:09.650，（生成）计算时间差(毫秒)：-18.001
2016-08-16 16:34:10,204 [1] INFO  Holly--[16780] [(null)] - [登录登出模块] InsertAgentState()更新退出时间....norecord
2016-08-16 16:34:10,335 [1] INFO  Holly--[16780] [(null)] - [登录登出模块] InsertAgentState()登录状态LoginOnOid....is:6
2016-08-16 16:34:10,335 [1] INFO  Holly--[16780] [(null)] - [登录登出模块] Login(masj, pwd, 35197) End.
2016-08-16 16:34:10,951 [1] INFO  Holly--[16780] [(null)] - [InitMainForm] 开始验证监控权限
2016-08-16 16:34:11,042 [1] INFO  Holly--[16780] [(null)] - [InitMainForm] 有 监控权限
2016-08-16 16:34:08,014 [1] INFO  Holly--[16780] [(null)] - [@@@厂家消息通知@@@]OnMessage ：厂家状态(CurStatus：0；CurStatusName：准备就绪状态；)厂家消息(座席签入成功)程序状态(PS01_就绪)
2016-08-16 16:34:08,176 [1] INFO  Holly--[16780] [(null)] - [事件][OnSignInSuccess] 签入成功事件
2016-08-16 16:34:08,176 [1] INFO  Holly--[16780] [(null)] - [======Common======] GetCurrentTime ：获取当前服务器时间：CC系统服务器时间：2016-08-16 16:34:08.158，客户端时间：2016-08-16 16:34:08.176，（现有）计算时间差(毫秒)：-18.001
2016-08-16 16:34:08,199 [1] INFO  Holly--[16780] [(null)] - [登录登出模块] InsertAgentState()更新退出时间....initmsg
2016-08-16 16:34:08,207 [1] INFO  Holly--[16780] [(null)] - [登录登出模块] InsertAgentState()登录状态LoginOnOid....is:7
2016-08-16 16:34:08,210 [1] INFO  Holly--[16780] [(null)] - [@@@厂家消息通知@@@]OnMessage ：厂家状态(CurStatus：2；CurStatusName：置忙；)厂家消息(状态改变：准备就绪状态-->置忙)程序状态(PS04_置忙)
2016-08-16 16:34:08,211 [1] INFO  Holly--[16780] [(null)] - [>>>厂家状态变化<<<]OnStatusChange ：PS01_就绪(0) -> PS04_置忙(2)
2016-08-16 16:34:08,250 [1] INFO  Holly--[16780] [(null)] - [HollyContactHelper]用户操作==置闲->True
2016-08-16 16:34:08,514 [1] INFO  Holly--[16780] [(null)] - [HollyContactHelper]用户操作==休息(BS0_自动)->True
2016-08-16 16:34:08,514 [1] INFO  Holly--[16780] [(null)] - [事件][AxUniSoftPhone_OnStatusChange] 状态变化事件
2016-08-16 16:34:08,517 [3] INFO  Holly--[16780] [(null)] - [Main][UpdatAgentDB] 更新客服状态表AS4_置忙
2016-08-16 16:34:08,517 [3] INFO  Holly--[16780] [(null)] - [======Common======] GetCurrentTime ：获取当前服务器时间：CC系统服务器时间：2016-08-16 16:34:08.499，客户端时间：2016-08-16 16:34:08.517，（现有）计算时间差(毫秒)：-18.001
2016-08-16 16:34:08,518 [1] INFO  Holly--[16780] [(null)] - [Main][SetMainStatus]设置状态：PS04_置忙(BS0_自动)
2016-08-16 16:34:08,554 [1] INFO  Holly--[16780] [(null)] - [@@@厂家消息通知@@@]OnMessage ：厂家状态(CurStatus：1；CurStatusName：空闲；)厂家消息(状态改变：置忙-->空闲)程序状态(PS03_置闲)
2016-08-16 16:34:08,554 [1] INFO  Holly--[16780] [(null)] - [>>>厂家状态变化<<<]OnStatusChange ：PS04_置忙(2) -> PS03_置闲(1)
2016-08-16 16:34:08,554 [1] INFO  Holly--[16780] [(null)] - [事件][AxUniSoftPhone_OnStatusChange] 状态变化事件
2016-08-16 16:34:08,555 [1] INFO  Holly--[16780] [(null)] - [Main][SetMainStatus]设置状态：PS03_置闲
2016-08-16 16:34:08,556 [9] INFO  Holly--[16780] [(null)] - [Main][UpdatAgentDB] 更新客服状态表AS3_置闲
2016-08-16 16:34:08,557 [9] INFO  Holly--[16780] [(null)] - [======Common======] GetCurrentTime ：获取当前服务器时间：CC系统服务器时间：2016-08-16 16:34:08.539，客户端时间：2016-08-16 16:34:08.557，（现有）计算时间差(毫秒)：-18.001
2016-08-16 16:34:08,559 [1] INFO  Holly--[16780] [(null)] - [@@@厂家消息通知@@@]OnMessage ：厂家状态(CurStatus：16；CurStatusName：休息；)厂家消息(状态改变：空闲-->休息)程序状态(PS05_休息)
2016-08-16 16:34:08,560 [1] INFO  Holly--[16780] [(null)] - [>>>厂家状态变化<<<]OnStatusChange ：PS03_置闲(1) -> PS05_休息(16)
2016-08-16 16:34:08,560 [1] INFO  Holly--[16780] [(null)] - [事件][AxUniSoftPhone_OnStatusChange] 状态变化事件
2016-08-16 16:34:08,560 [1] INFO  Holly--[16780] [(null)] - [Main][SetMainStatus]设置状态：PS05_休息
2016-08-16 16:34:08,563 [10] INFO  Holly--[16780] [(null)] - [Main][UpdatAgentDB] 更新客服状态表AS4_置忙
2016-08-16 16:34:08,563 [10] INFO  Holly--[16780] [(null)] - [======Common======] GetCurrentTime ：获取当前服务器时间：CC系统服务器时间：2016-08-16 16:34:08.545，客户端时间：2016-08-16 16:34:08.563，（现有）计算时间差(毫秒)：-18.001
2016-08-16 16:34:08,564 [3] INFO  Holly--[16780] [(null)] - [Main][UpdatAgentDB] 插入CAgent表
2016-08-16 16:34:08,568 [9] INFO  Holly--[16780] [(null)] - [Main][UpdatAgentDB] 插入CAgent表
2016-08-16 16:34:08,568 [10] INFO  Holly--[16780] [(null)] - [Main][UpdatAgentDB] 插入CAgent表
2016-08-16 16:34:08,594 [10] INFO  Holly--[16780] [(null)] - [Main][UpdatAgentDB] 插入新的状态 PreOid....IS:8
2016-08-16 16:34:08,601 [9] INFO  Holly--[16780] [(null)] - [Main][UpdatAgentDB] 插入新的状态 PreOid....IS:9
2016-08-16 16:34:08,605 [3] INFO  Holly--[16780] [(null)] - [Main][UpdatAgentDB] 插入新的状态 PreOid....IS:10
2016-08-16 16:34:08,703 [1] INFO  Holly--[16780] [(null)] - [HollyContactHelper] 获取厂家信息 ==落地号码->
2016-08-16 16:34:08,705 [1] INFO  Holly--[16780] [(null)] - [@@@厂家消息通知@@@]OnMessage ：厂家状态(CurStatus：16；CurStatusName：休息；)厂家消息(休息开始。)程序状态(PS05_休息)
2016-08-16 16:34:08,713 [1] INFO  Holly--[16780] [(null)] - [HollyContactHelper] 获取厂家信息 ==落地号码->
2016-08-16 16:34:08,713 [1] INFO  Holly--[16780] [(null)] - [@@@厂家消息通知@@@]OnMessage ：厂家状态(CurStatus：16；CurStatusName：休息；)厂家消息(示闲成功。)程序状态(PS05_休息)
2016-08-16 16:34:08,718 [1] INFO  Holly--[16780] [(null)] - [HollyContactHelper] 获取厂家信息 ==落地号码->
2016-08-16 16:34:08,718 [1] INFO  Holly--[16780] [(null)] - [@@@厂家消息通知@@@]OnMessage ：厂家状态(CurStatus：16；CurStatusName：休息；)厂家消息(签入成功。)程序状态(PS05_休息)
2016-08-16 16:34:16,828 [1] INFO  Holly--[16780] [(null)] - [MainJs] [SendToWeb] 发送网页消息：0 次数，指定页面ID：WebPage00001
2016-08-16 16:34:16,831 [1] INFO  Holly--[16780] [(null)] - [MainUI] [SendMesToWeb] 获取到了当前指定webPageID的页面：WebPage00001
2016-08-16 16:34:16,833 [1] INFO  Holly--[16780] [(null)] - [MainJs] [SendMesToWeb] CTIEventMsg msg：UserEvent=Notice&Action=SaveWindowsName&Data=WebPage00001&outBoundType=-2
2016-08-16 16:34:21,617 [1] INFO  Holly--[16780] [(null)] - [MainJs] [SendToWeb] 发送网页消息：0 次数，指定页面ID：WebPage00001
2016-08-16 16:34:21,617 [1] INFO  Holly--[16780] [(null)] - [MainUI] [SendMesToWeb] 获取到了当前指定webPageID的页面：WebPage00001
2016-08-16 16:34:21,618 [1] INFO  Holly--[16780] [(null)] - [MainJs] [SendMesToWeb] CTIEventMsg msg：UserEvent=Notice&Action=SaveWindowsName&Data=WebPage00001&outBoundType=-2
2016-08-16 16:34:22,615 [1] INFO  Holly--[16780] [(null)] - [MainJs] [MethodScript] urlPath /browsercontrol/newpage?url=/WOrderV2/AddWOrderInfo.aspx?CallSource=0&ModuleSource=2&key=5D09E396B787F&r=2045134305
2016-08-16 16:34:22,620 [1] INFO  Holly--[16780] [(null)] - [MainUI] [NewPageForReq] address is:/WOrderV2/AddWOrderInfo.aspx?CallSource=0&ModuleSource=2&key=5D09E396B787F&r=2045134305
2016-08-16 16:34:22,645 [1] INFO  Holly--[16780] [(null)] - [MainUI] [ShowTabPagesLog] 全部页面 工单记录=WebPage00001(); 新增页=WebPage00002(WebPage00001); 
2016-08-16 16:34:22,673 [1] INFO  Holly--[16780] [(null)] - [MainJs] [MethodScript] 命令调用完成，返回结果=ok
2016-08-16 16:34:23,611 [1] INFO  Holly--[16780] [(null)] - [MainJs] [SendToWeb] 发送网页消息：0 次数，指定页面ID：WebPage00002
2016-08-16 16:34:23,611 [1] INFO  Holly--[16780] [(null)] - [MainUI] [SendMesToWeb] 获取到了当前指定webPageID的页面：WebPage00002
2016-08-16 16:34:23,612 [1] INFO  Holly--[16780] [(null)] - [MainJs] [SendMesToWeb] CTIEventMsg msg：UserEvent=Notice&Action=SaveWindowsName&Data=WebPage00002&outBoundType=-2
2016-08-16 16:34:31,298 [1] INFO  Holly--[16780] [(null)] - [MainJs] [SendToWeb] 发送网页消息：0 次数，指定页面ID：WebPage00002
2016-08-16 16:34:31,299 [1] INFO  Holly--[16780] [(null)] - [MainUI] [SendMesToWeb] 获取到了当前指定webPageID的页面：WebPage00002
2016-08-16 16:34:31,318 [1] INFO  Holly--[16780] [(null)] - [MainJs] [SendMesToWeb] CTIEventMsg msg：UserEvent=Notice&Action=SaveWindowsName&Data=WebPage00002&outBoundType=-2
2016-08-16 16:34:38,766 [1] INFO  Holly--[16780] [(null)] - [MainJs] [SendToWeb] 发送网页消息：0 次数，指定页面ID：WebPage00002
2016-08-16 16:34:38,766 [1] INFO  Holly--[16780] [(null)] - [MainUI] [SendMesToWeb] 获取到了当前指定webPageID的页面：WebPage00002
2016-08-16 16:34:38,768 [1] INFO  Holly--[16780] [(null)] - [MainJs] [SendMesToWeb] CTIEventMsg msg：UserEvent=Notice&Action=SaveWindowsName&Data=WebPage00002&outBoundType=-2
2016-08-16 16:34:46,944 [1] INFO  Holly--[16780] [(null)] - [MainJs] [SendToWeb] 发送网页消息：0 次数，指定页面ID：WebPage00002
2016-08-16 16:34:46,944 [1] INFO  Holly--[16780] [(null)] - [MainUI] [SendMesToWeb] 获取到了当前指定webPageID的页面：WebPage00002
2016-08-16 16:34:46,945 [1] INFO  Holly--[16780] [(null)] - [MainJs] [SendMesToWeb] CTIEventMsg msg：UserEvent=Notice&Action=SaveWindowsName&Data=WebPage00002&outBoundType=-2
2016-08-16 16:35:07,622 [1] INFO  Holly--[16780] [(null)] - [客户端推送日志信息] 开始
2016-08-16 16:35:09,753 [1] INFO  Holly--[16780] [(null)] - [客户端推送日志信息] 获取到请求数：0
2016-08-16 16:36:09,761 [1] INFO  Holly--[16780] [(null)] - [客户端推送日志信息] 开始
2016-08-16 16:36:09,770 [1] INFO  Holly--[16780] [(null)] - [客户端推送日志信息] 获取到请求数：0
2016-08-16 16:37:00,398 [1] INFO  Holly--[16780] [(null)] - [^^^厂家错误通知^^^]OnError ：CTIErrorCode:0   ErrorCode:10  ErrorDesc:服务器已下线:UserName=LSUser,UserGOR=65537
2016-08-16 16:37:00,425 [1] INFO  Holly--[16780] [(null)] - [^^^厂家错误通知^^^]OnError ：CTIErrorCode:0   ErrorCode:10  ErrorDesc:服务器已下线:UserName=StatUser,UserGOR=851970
2016-08-16 16:37:00,433 [1] INFO  Holly--[16780] [(null)] - [^^^厂家错误通知^^^]OnError ：CTIErrorCode:0   ErrorCode:10  ErrorDesc:服务器已下线:UserName=StatEvent,UserGOR=851969
2016-08-16 16:37:00,441 [1] INFO  Holly--[16780] [(null)] - [^^^厂家错误通知^^^]OnError ：CTIErrorCode:0   ErrorCode:10  ErrorDesc:服务器已下线:UserName=ASUser,UserGOR=1245185
2016-08-16 16:37:00,448 [1] INFO  Holly--[16780] [(null)] - [@@@厂家消息通知@@@]OnMessage ：厂家状态(CurStatus：16；CurStatusName：休息；)厂家消息(签出成功。)程序状态(PS05_休息)
2016-08-16 16:37:00,449 [1] INFO  Holly--[16780] [(null)] - [事件][OnSignOutSuccess] 签出成功事件
2016-08-16 16:37:30,467 [1] INFO  Holly--[16780] [(null)] - [@@@厂家消息通知@@@]OnMessage ：厂家状态(CurStatus：14；CurStatusName：签出；)厂家消息(状态改变：休息-->签出)程序状态(PS02_签出)
2016-08-16 16:37:30,467 [1] INFO  Holly--[16780] [(null)] - [>>>厂家状态变化<<<]OnStatusChange ：PS05_休息(16) -> PS02_签出(14)
2016-08-16 16:37:30,468 [1] INFO  Holly--[16780] [(null)] - [事件][AxUniSoftPhone_OnStatusChange] 状态变化事件
2016-08-16 16:37:30,468 [1] INFO  Holly--[16780] [(null)] - [Main][SetMainStatus]设置状态：PS02_签出
2016-08-16 16:37:30,468 [9] INFO  Holly--[16780] [(null)] - [Main][UpdatAgentDB] 更新客服状态表AS1_签出
2016-08-16 16:37:30,480 [1] INFO  Holly--[16780] [(null)] - [^^^厂家错误通知^^^]OnError ：CTIErrorCode:0   ErrorCode:10  ErrorDesc:服务器已下线:UserName=EDSUser,UserGOR=1638401
2016-08-16 16:37:30,613 [1] INFO  Holly--[16780] [(null)] - [***MDBFileHelper***][AdditionalRecording] 补录数据
2016-08-16 16:37:31,445 [1] INFO  Holly--[16780] [(null)] - [客户端推送日志信息] 开始
2016-08-16 16:37:32,837 [9] INFO  Holly--[16780] [(null)] - [======Common======] GetCurrentTime ：获取当前服务器时间：CC系统服务器时间：2016-08-16 16:37:32.836，客户端时间：2016-08-16 16:37:32.837，（生成）计算时间差(毫秒)：-1.0001
2016-08-16 16:37:32,849 [9] INFO  Holly--[16780] [(null)] - [Main] 更新上一个状态的结束时间 PreOid....IS:10
2016-08-16 16:37:32,931 [1] INFO  Holly--[16780] [(null)] - [客户端推送日志信息] 获取到请求数：0
2016-08-16 16:37:32,952 [1] INFO  Holly--[16780] [(null)] - [HollyContactHelper] 获取厂家信息 ==落地号码->
2016-08-16 16:37:41,518 [1] INFO  Holly--[16780] [(null)] - [@@@厂家消息通知@@@]OnMessage ：厂家状态(CurStatus：14；CurStatusName：签出；)厂家消息(服务器已上线:UserName=LSUser,UserGOR=65537)程序状态(PS02_签出)
2016-08-16 16:37:41,558 [1] INFO  Holly--[16780] [(null)] - [@@@厂家消息通知@@@]OnMessage ：厂家状态(CurStatus：14；CurStatusName：签出；)厂家消息(服务器已上线:UserName=ASUser,UserGOR=1245185)程序状态(PS02_签出)
2016-08-16 16:37:41,563 [1] INFO  Holly--[16780] [(null)] - [@@@厂家消息通知@@@]OnMessage ：厂家状态(CurStatus：14；CurStatusName：签出；)厂家消息(服务器已上线:UserName=EDSUser,UserGOR=1638401)程序状态(PS02_签出)
2016-08-16 16:37:41,567 [1] INFO  Holly--[16780] [(null)] - [@@@厂家消息通知@@@]OnMessage ：厂家状态(CurStatus：14；CurStatusName：签出；)厂家消息(服务器已上线:UserName=StatEvent,UserGOR=851969)程序状态(PS02_签出)
2016-08-16 16:37:41,570 [1] INFO  Holly--[16780] [(null)] - [@@@厂家消息通知@@@]OnMessage ：厂家状态(CurStatus：14；CurStatusName：签出；)厂家消息(服务器已上线:UserName=StatUser,UserGOR=851970)程序状态(PS02_签出)
2016-08-16 16:37:53,362 [1] INFO  Holly--[16780] [(null)] - [@@@厂家消息通知@@@]OnMessage ：厂家状态(CurStatus：14；CurStatusName：签出；)厂家消息(座席签入成功)程序状态(PS02_签出)
2016-08-16 16:37:53,365 [1] INFO  Holly--[16780] [(null)] - [事件][OnSignInSuccess] 签入成功事件
2016-08-16 16:37:53,419 [1] INFO  Holly--[16780] [(null)] - [======Common======] GetCurrentTime ：获取当前服务器时间：CC系统服务器时间：2016-08-16 16:37:53.417，客户端时间：2016-08-16 16:37:53.419，（生成）计算时间差(毫秒)：-2.0002
2016-08-16 16:37:53,450 [1] INFO  Holly--[16780] [(null)] - [登录登出模块] InsertAgentState()更新退出时间....initmsg
2016-08-16 16:37:53,466 [1] INFO  Holly--[16780] [(null)] - [登录登出模块] InsertAgentState()登录状态LoginOnOid....is:11
2016-08-16 16:37:53,467 [1] INFO  Holly--[16780] [(null)] - [@@@厂家消息通知@@@]OnMessage ：厂家状态(CurStatus：2；CurStatusName：置忙；)厂家消息(状态改变：签出-->置忙)程序状态(PS04_置忙)
2016-08-16 16:37:53,467 [1] INFO  Holly--[16780] [(null)] - [>>>厂家状态变化<<<]OnStatusChange ：PS02_签出(14) -> PS04_置忙(2)
2016-08-16 16:37:53,500 [1] INFO  Holly--[16780] [(null)] - [HollyContactHelper]用户操作==置闲->True
2016-08-16 16:37:54,002 [1] INFO  Holly--[16780] [(null)] - [HollyContactHelper]用户操作==休息(BS0_自动)->False
2016-08-16 16:37:54,002 [1] INFO  Holly--[16780] [(null)] - [事件][AxUniSoftPhone_OnStatusChange] 状态变化事件
2016-08-16 16:37:54,002 [1] INFO  Holly--[16780] [(null)] - [Main][SetMainStatus]设置状态：PS04_置忙(BS0_自动)
2016-08-16 16:37:54,002 [9] INFO  Holly--[16780] [(null)] - [Main][UpdatAgentDB] 更新客服状态表AS4_置忙
2016-08-16 16:37:54,003 [9] INFO  Holly--[16780] [(null)] - [======Common======] GetCurrentTime ：获取当前服务器时间：CC系统服务器时间：2016-08-16 16:37:54.001，客户端时间：2016-08-16 16:37:54.003，（现有）计算时间差(毫秒)：-2.0002
2016-08-16 16:37:54,004 [9] INFO  Holly--[16780] [(null)] - [Main][UpdatAgentDB] 插入CAgent表
2016-08-16 16:37:54,010 [1] INFO  Holly--[16780] [(null)] - [@@@厂家消息通知@@@]OnMessage ：厂家状态(CurStatus：1；CurStatusName：空闲；)厂家消息(状态改变：置忙-->空闲)程序状态(PS03_置闲)
2016-08-16 16:37:54,010 [1] INFO  Holly--[16780] [(null)] - [>>>厂家状态变化<<<]OnStatusChange ：PS04_置忙(2) -> PS03_置闲(1)
2016-08-16 16:37:54,010 [1] INFO  Holly--[16780] [(null)] - [事件][AxUniSoftPhone_OnStatusChange] 状态变化事件
2016-08-16 16:37:54,011 [1] INFO  Holly--[16780] [(null)] - [Main][SetMainStatus]设置状态：PS03_置闲
2016-08-16 16:37:54,012 [6] INFO  Holly--[16780] [(null)] - [Main][UpdatAgentDB] 更新客服状态表AS3_置闲
2016-08-16 16:37:54,012 [6] INFO  Holly--[16780] [(null)] - [======Common======] GetCurrentTime ：获取当前服务器时间：CC系统服务器时间：2016-08-16 16:37:54.010，客户端时间：2016-08-16 16:37:54.012，（现有）计算时间差(毫秒)：-2.0002
2016-08-16 16:37:54,014 [6] INFO  Holly--[16780] [(null)] - [Main][UpdatAgentDB] 插入CAgent表
2016-08-16 16:37:54,020 [9] INFO  Holly--[16780] [(null)] - [Main][UpdatAgentDB] 插入新的状态 PreOid....IS:12
2016-08-16 16:37:54,046 [6] INFO  Holly--[16780] [(null)] - [Main][UpdatAgentDB] 插入新的状态 PreOid....IS:13
2016-08-16 16:37:54,050 [1] INFO  Holly--[16780] [(null)] - [HollyContactHelper] 获取厂家信息 ==落地号码->
2016-08-16 16:37:54,051 [1] INFO  Holly--[16780] [(null)] - [@@@厂家消息通知@@@]OnMessage ：厂家状态(CurStatus：1；CurStatusName：空闲；)厂家消息(示闲成功。)程序状态(PS03_置闲)
2016-08-16 16:37:54,056 [1] INFO  Holly--[16780] [(null)] - [HollyContactHelper] 获取厂家信息 ==落地号码->
2016-08-16 16:37:54,056 [1] INFO  Holly--[16780] [(null)] - [@@@厂家消息通知@@@]OnMessage ：厂家状态(CurStatus：1；CurStatusName：空闲；)厂家消息(签入成功。)程序状态(PS03_置闲)
2016-08-16 16:37:54,228 [1] INFO  Holly--[16780] [(null)] - [@@@厂家消息通知@@@]OnMessage ：厂家状态(CurStatus：16；CurStatusName：休息；)厂家消息(状态改变：空闲-->休息)程序状态(PS05_休息)
2016-08-16 16:37:54,229 [1] INFO  Holly--[16780] [(null)] - [>>>厂家状态变化<<<]OnStatusChange ：PS03_置闲(1) -> PS05_休息(16)
2016-08-16 16:37:54,229 [1] INFO  Holly--[16780] [(null)] - [事件][AxUniSoftPhone_OnStatusChange] 状态变化事件
2016-08-16 16:37:54,229 [1] INFO  Holly--[16780] [(null)] - [Main][SetMainStatus]设置状态：PS05_休息
2016-08-16 16:37:54,229 [9] INFO  Holly--[16780] [(null)] - [Main][UpdatAgentDB] 更新客服状态表AS4_置忙
2016-08-16 16:37:54,229 [9] INFO  Holly--[16780] [(null)] - [======Common======] GetCurrentTime ：获取当前服务器时间：CC系统服务器时间：2016-08-16 16:37:54.227，客户端时间：2016-08-16 16:37:54.229，（现有）计算时间差(毫秒)：-2.0002
2016-08-16 16:37:54,286 [9] INFO  Holly--[16780] [(null)] - [Main][UpdatAgentDB] 更新上一个状态的结束时间 PreOid....IS:13,结束时间为：2016-8-16 16:37:54
2016-08-16 16:37:54,298 [9] INFO  Holly--[16780] [(null)] - [Main][UpdatAgentDB] 插入新的状态 PreOid....IS:14
2016-08-16 16:37:54,307 [1] INFO  Holly--[16780] [(null)] - [HollyContactHelper] 获取厂家信息 ==落地号码->
2016-08-16 16:37:54,308 [1] INFO  Holly--[16780] [(null)] - [@@@厂家消息通知@@@]OnMessage ：厂家状态(CurStatus：16；CurStatusName：休息；)厂家消息(休息开始。)程序状态(PS05_休息)
2016-08-16 16:38:43,341 [1] INFO  Holly--[16780] [(null)] - [客户端推送日志信息] 开始
2016-08-16 16:38:43,353 [1] INFO  Holly--[16780] [(null)] - [客户端推送日志信息] 获取到请求数：0
2016-08-16 16:39:17,944 [1] INFO  Holly--[16780] [(null)] - [======Common======] GetCurrentTime ：获取当前服务器时间：CC系统服务器时间：2016-08-16 16:39:17.942，客户端时间：2016-08-16 16:39:17.944，（现有）计算时间差(毫秒)：-2.0002
2016-08-16 16:39:17,945 [1] INFO  Holly--[16780] [(null)] - [Main]timer_LoginTime_Tick LoginOnOid=11
2016-08-16 16:39:43,372 [1] INFO  Holly--[16780] [(null)] - [客户端推送日志信息] 开始
2016-08-16 16:39:45,633 [1] INFO  Holly--[16780] [(null)] - [客户端推送日志信息] 获取到请求数：0
2016-08-16 16:40:19,104 [1] INFO  Holly--[16780] [(null)] - [MainUI] [GetTabControlTabPagesCount] 可用页面数量=2
2016-08-16 16:40:19,275 [1] INFO  Holly--[16780] [(null)] - [MainUI] [SelectedIndexChanged] [切换页面] WebPage00001
2016-08-16 16:40:19,276 [1] INFO  Holly--[16780] [(null)] - [MainUI] 手动关闭页面=WebPage00002，并且移除alowReceiveCallMsg_WebpageIDList[允许给iframe子页面推送话务消息列表]中的PageID：WebPage00002,结果=False
2016-08-16 16:40:19,276 [1] INFO  Holly--[16780] [(null)] - [MainUI] [ShowTabPagesLog] 全部页面 工单记录=WebPage00001(); 
2016-08-16 16:40:23,535 [1] INFO  Holly--[16780] [(null)] - [MainJs] [MethodScript] urlPath /browsercontrol/newpage?url=/WOrderV2/AddWOrderInfo.aspx?CallSource=0&ModuleSource=2&key=5D09E396B787F&r=2045134305
2016-08-16 16:40:23,535 [1] INFO  Holly--[16780] [(null)] - [MainUI] [NewPageForReq] address is:/WOrderV2/AddWOrderInfo.aspx?CallSource=0&ModuleSource=2&key=5D09E396B787F&r=2045134305
2016-08-16 16:40:23,543 [1] INFO  Holly--[16780] [(null)] - [MainUI] [ShowTabPagesLog] 全部页面 工单记录=WebPage00001(); 新增页=WebPage00003(WebPage00001); 
2016-08-16 16:40:23,564 [1] INFO  Holly--[16780] [(null)] - [MainJs] [MethodScript] 命令调用完成，返回结果=ok
2016-08-16 16:40:24,213 [1] INFO  Holly--[16780] [(null)] - [MainJs] [SendToWeb] 发送网页消息：0 次数，指定页面ID：WebPage00003
2016-08-16 16:40:24,213 [1] INFO  Holly--[16780] [(null)] - [MainUI] [SendMesToWeb] 获取到了当前指定webPageID的页面：WebPage00003
2016-08-16 16:40:24,213 [1] INFO  Holly--[16780] [(null)] - [MainJs] [SendMesToWeb] CTIEventMsg msg：UserEvent=Notice&Action=SaveWindowsName&Data=WebPage00003&outBoundType=-2
2016-08-16 16:40:29,758 [1] INFO  Holly--[16780] [(null)] - [MainJs] [SendToWeb] 发送网页消息：0 次数，指定页面ID：WebPage00003
2016-08-16 16:40:29,758 [1] INFO  Holly--[16780] [(null)] - [MainUI] [SendMesToWeb] 获取到了当前指定webPageID的页面：WebPage00003
2016-08-16 16:40:29,759 [1] INFO  Holly--[16780] [(null)] - [MainJs] [SendMesToWeb] CTIEventMsg msg：UserEvent=Notice&Action=SaveWindowsName&Data=WebPage00003&outBoundType=-2
2016-08-16 16:40:41,811 [1] INFO  Holly--[16780] [(null)] - [***MDBFileHelper***][AdditionalRecording] 补录数据
2016-08-16 16:40:45,647 [1] INFO  Holly--[16780] [(null)] - [客户端推送日志信息] 开始
2016-08-16 16:40:45,660 [1] INFO  Holly--[16780] [(null)] - [客户端推送日志信息] 获取到请求数：0
2016-08-16 16:41:45,675 [1] INFO  Holly--[16780] [(null)] - [客户端推送日志信息] 开始
2016-08-16 16:41:45,681 [1] INFO  Holly--[16780] [(null)] - [客户端推送日志信息] 获取到请求数：0
2016-08-16 16:42:45,690 [1] INFO  Holly--[16780] [(null)] - [客户端推送日志信息] 开始
2016-08-16 16:42:45,701 [1] INFO  Holly--[16780] [(null)] - [客户端推送日志信息] 获取到请求数：0
2016-08-16 16:43:41,866 [1] INFO  Holly--[16780] [(null)] - [***MDBFileHelper***][AdditionalRecording] 补录数据
2016-08-16 16:43:45,721 [1] INFO  Holly--[16780] [(null)] - [客户端推送日志信息] 开始
2016-08-16 16:43:45,731 [1] INFO  Holly--[16780] [(null)] - [客户端推送日志信息] 获取到请求数：0
2016-08-16 16:44:17,981 [1] INFO  Holly--[16780] [(null)] - [======Common======] GetCurrentTime ：获取当前服务器时间：CC系统服务器时间：2016-08-16 16:44:17.979，客户端时间：2016-08-16 16:44:17.981，（现有）计算时间差(毫秒)：-2.0002
2016-08-16 16:44:17,981 [1] INFO  Holly--[16780] [(null)] - [Main]timer_LoginTime_Tick LoginOnOid=11
2016-08-16 16:44:45,746 [1] INFO  Holly--[16780] [(null)] - [客户端推送日志信息] 开始
2016-08-16 16:44:45,756 [1] INFO  Holly--[16780] [(null)] - [客户端推送日志信息] 获取到请求数：0
2016-08-16 16:45:45,763 [1] INFO  Holly--[16780] [(null)] - [客户端推送日志信息] 开始
2016-08-16 16:45:45,773 [1] INFO  Holly--[16780] [(null)] - [客户端推送日志信息] 获取到请求数：0
2016-08-16 16:46:41,922 [1] INFO  Holly--[16780] [(null)] - [***MDBFileHelper***][AdditionalRecording] 补录数据
2016-08-16 16:46:45,792 [1] INFO  Holly--[16780] [(null)] - [客户端推送日志信息] 开始
2016-08-16 16:46:45,803 [1] INFO  Holly--[16780] [(null)] - [客户端推送日志信息] 获取到请求数：0
2016-08-16 16:47:45,819 [1] INFO  Holly--[16780] [(null)] - [客户端推送日志信息] 开始
2016-08-16 16:47:56,007 [1] ERROR Holly--[16780] [(null)] - 客户端推送日志信息异常
System.NullReferenceException: 未将对象引用设置到对象的实例。
   在 CC2015_HollyFormsApp.Main.UpLoadLog() 位置 D:\TFS-Root\A5信息系统研发\销售业务管理平台\客户关系管理\BitAuto.DSC.CC2015.ClientApp\CC2015_HollyFormsApp\Form\Main\MainTimer.cs:行号 225
2016-08-16 16:48:00,418 [1] INFO  Holly--[16780] [(null)] - [^^^厂家错误通知^^^]OnError ：CTIErrorCode:0   ErrorCode:10  ErrorDesc:服务器已下线:UserName=ASUser,UserGOR=1245185
2016-08-16 16:48:00,421 [1] INFO  Holly--[16780] [(null)] - [@@@厂家消息通知@@@]OnMessage ：厂家状态(CurStatus：16；CurStatusName：休息；)厂家消息(签出成功。)程序状态(PS05_休息)
2016-08-16 16:48:00,421 [1] INFO  Holly--[16780] [(null)] - [事件][OnSignOutSuccess] 签出成功事件
2016-08-16 16:48:00,500 [1] INFO  Holly--[16780] [(null)] - [======Common======] GetCurrentTime ：获取当前服务器时间：CC系统服务器时间：2016-08-16 16:48:00.498，客户端时间：2016-08-16 16:48:00.500，（现有）计算时间差(毫秒)：-2.0002
2016-08-16 16:48:00,521 [1] INFO  Holly--[16780] [(null)] - [登录登出模块]DeleteAgentStateToDB...客服退出时 LoginOnOid....IS:11
2016-08-16 16:48:00,521 [1] INFO  Holly--[16780] [(null)] - [登录登出模块]DeleteAgentStateToDB...客服退出时 GetCurrentTime()....IS:2016-08-16 16:48:00
2016-08-16 16:48:00,522 [1] INFO  Holly--[16780] [(null)] - [登录登出模块]DeleteAgentStateToDB...退出成功....
2016-08-16 16:48:00,523 [1] INFO  Holly--[16780] [(null)] - [@@@厂家消息通知@@@]OnMessage ：厂家状态(CurStatus：14；CurStatusName：签出；)厂家消息(状态改变：休息-->签出)程序状态(PS02_签出)
2016-08-16 16:48:00,523 [1] INFO  Holly--[16780] [(null)] - [>>>厂家状态变化<<<]OnStatusChange ：PS05_休息(16) -> PS02_签出(14)
2016-08-16 16:48:00,523 [1] INFO  Holly--[16780] [(null)] - [事件][AxUniSoftPhone_OnStatusChange] 状态变化事件
2016-08-16 16:48:00,524 [1] INFO  Holly--[16780] [(null)] - [Main][SetMainStatus]设置状态：PS02_签出
2016-08-16 16:48:00,524 [12] INFO  Holly--[16780] [(null)] - [Main][UpdatAgentDB] 更新客服状态表AS1_签出
2016-08-16 16:48:00,524 [12] INFO  Holly--[16780] [(null)] - [======Common======] GetCurrentTime ：获取当前服务器时间：CC系统服务器时间：2016-08-16 16:48:00.522，客户端时间：2016-08-16 16:48:00.524，（现有）计算时间差(毫秒)：-2.0002
2016-08-16 16:48:00,527 [1] INFO  Holly--[16780] [(null)] - [^^^厂家错误通知^^^]OnError ：CTIErrorCode:0   ErrorCode:10  ErrorDesc:服务器已下线:UserName=LSUser,UserGOR=65537
2016-08-16 16:48:00,534 [1] INFO  Holly--[16780] [(null)] - [^^^厂家错误通知^^^]OnError ：CTIErrorCode:0   ErrorCode:10  ErrorDesc:服务器已下线:UserName=StatUser,UserGOR=851970
2016-08-16 16:48:00,538 [1] INFO  Holly--[16780] [(null)] - [^^^厂家错误通知^^^]OnError ：CTIErrorCode:0   ErrorCode:10  ErrorDesc:服务器已下线:UserName=StatEvent,UserGOR=851969
2016-08-16 16:48:00,544 [12] INFO  Holly--[16780] [(null)] - [Main] 更新上一个状态的结束时间 PreOid....IS:14
2016-08-16 16:48:00,544 [1] INFO  Holly--[16780] [(null)] - [^^^厂家错误通知^^^]OnError ：CTIErrorCode:0   ErrorCode:10  ErrorDesc:服务器已下线:UserName=EDSUser,UserGOR=1638401
2016-08-16 16:48:00,582 [1] INFO  Holly--[16780] [(null)] - [HollyContactHelper] 获取厂家信息 ==落地号码->
2016-08-16 16:48:56,021 [1] INFO  Holly--[16780] [(null)] - [客户端推送日志信息] 开始
2016-08-16 16:48:58,274 [1] INFO  Holly--[16780] [(null)] - [客户端推送日志信息] 获取到请求数：0
2016-08-16 16:49:01,531 [1] INFO  Holly--[16780] [(null)] - [@@@厂家消息通知@@@]OnMessage ：厂家状态(CurStatus：14；CurStatusName：签出；)厂家消息(服务器已上线:UserName=LSUser,UserGOR=65537)程序状态(PS02_签出)
2016-08-16 16:49:01,565 [1] INFO  Holly--[16780] [(null)] - [@@@厂家消息通知@@@]OnMessage ：厂家状态(CurStatus：14；CurStatusName：签出；)厂家消息(服务器已上线:UserName=ASUser,UserGOR=1245185)程序状态(PS02_签出)
2016-08-16 16:49:01,567 [1] INFO  Holly--[16780] [(null)] - [@@@厂家消息通知@@@]OnMessage ：厂家状态(CurStatus：14；CurStatusName：签出；)厂家消息(服务器已上线:UserName=EDSUser,UserGOR=1638401)程序状态(PS02_签出)
2016-08-16 16:49:01,569 [1] INFO  Holly--[16780] [(null)] - [@@@厂家消息通知@@@]OnMessage ：厂家状态(CurStatus：14；CurStatusName：签出；)厂家消息(服务器已上线:UserName=StatEvent,UserGOR=851969)程序状态(PS02_签出)
2016-08-16 16:49:01,571 [1] INFO  Holly--[16780] [(null)] - [@@@厂家消息通知@@@]OnMessage ：厂家状态(CurStatus：14；CurStatusName：签出；)厂家消息(服务器已上线:UserName=StatUser,UserGOR=851970)程序状态(PS02_签出)
2016-08-16 16:49:02,240 [1] INFO  Holly--[16780] [(null)] - [@@@厂家消息通知@@@]OnMessage ：厂家状态(CurStatus：14；CurStatusName：签出；)厂家消息(座席签入成功)程序状态(PS02_签出)
2016-08-16 16:49:02,243 [1] INFO  Holly--[16780] [(null)] - [事件][OnSignInSuccess] 签入成功事件
2016-08-16 16:49:02,789 [1] INFO  Holly--[16780] [(null)] - [======Common======] GetCurrentTime ：获取当前服务器时间：CC系统服务器时间：2016-08-16 16:49:02.786，客户端时间：2016-08-16 16:49:02.789，（生成）计算时间差(毫秒)：-3.0002
2016-08-16 16:49:02,834 [1] INFO  Holly--[16780] [(null)] - [登录登出模块] InsertAgentState()更新退出时间....initmsg
2016-08-16 16:49:02,852 [1] INFO  Holly--[16780] [(null)] - [登录登出模块] InsertAgentState()登录状态LoginOnOid....is:16
2016-08-16 16:49:02,853 [1] INFO  Holly--[16780] [(null)] - [@@@厂家消息通知@@@]OnMessage ：厂家状态(CurStatus：2；CurStatusName：置忙；)厂家消息(状态改变：签出-->置忙)程序状态(PS04_置忙)
2016-08-16 16:49:02,854 [1] INFO  Holly--[16780] [(null)] - [>>>厂家状态变化<<<]OnStatusChange ：PS02_签出(14) -> PS04_置忙(2)
2016-08-16 16:49:02,891 [1] INFO  Holly--[16780] [(null)] - [HollyContactHelper]用户操作==置闲->True
2016-08-16 16:49:03,153 [1] INFO  Holly--[16780] [(null)] - [HollyContactHelper]用户操作==休息(BS0_自动)->True
2016-08-16 16:49:03,153 [1] INFO  Holly--[16780] [(null)] - [事件][AxUniSoftPhone_OnStatusChange] 状态变化事件
2016-08-16 16:49:03,153 [1] INFO  Holly--[16780] [(null)] - [Main][SetMainStatus]设置状态：PS04_置忙(BS0_自动)
2016-08-16 16:49:03,153 [12] INFO  Holly--[16780] [(null)] - [Main][UpdatAgentDB] 更新客服状态表AS4_置忙
2016-08-16 16:49:03,153 [12] INFO  Holly--[16780] [(null)] - [======Common======] GetCurrentTime ：获取当前服务器时间：CC系统服务器时间：2016-08-16 16:49:03.150，客户端时间：2016-08-16 16:49:03.153，（现有）计算时间差(毫秒)：-3.0002
2016-08-16 16:49:03,155 [12] INFO  Holly--[16780] [(null)] - [Main][UpdatAgentDB] 插入CAgent表
2016-08-16 16:49:03,158 [1] INFO  Holly--[16780] [(null)] - [@@@厂家消息通知@@@]OnMessage ：厂家状态(CurStatus：1；CurStatusName：空闲；)厂家消息(状态改变：置忙-->空闲)程序状态(PS03_置闲)
2016-08-16 16:49:03,158 [1] INFO  Holly--[16780] [(null)] - [>>>厂家状态变化<<<]OnStatusChange ：PS04_置忙(2) -> PS03_置闲(1)
2016-08-16 16:49:03,158 [1] INFO  Holly--[16780] [(null)] - [事件][AxUniSoftPhone_OnStatusChange] 状态变化事件
2016-08-16 16:49:03,158 [1] INFO  Holly--[16780] [(null)] - [Main][SetMainStatus]设置状态：PS03_置闲
2016-08-16 16:49:03,159 [4] INFO  Holly--[16780] [(null)] - [Main][UpdatAgentDB] 更新客服状态表AS3_置闲
2016-08-16 16:49:03,159 [4] INFO  Holly--[16780] [(null)] - [======Common======] GetCurrentTime ：获取当前服务器时间：CC系统服务器时间：2016-08-16 16:49:03.156，客户端时间：2016-08-16 16:49:03.159，（现有）计算时间差(毫秒)：-3.0002
2016-08-16 16:49:03,161 [4] INFO  Holly--[16780] [(null)] - [Main][UpdatAgentDB] 插入CAgent表
2016-08-16 16:49:03,161 [1] INFO  Holly--[16780] [(null)] - [@@@厂家消息通知@@@]OnMessage ：厂家状态(CurStatus：16；CurStatusName：休息；)厂家消息(状态改变：空闲-->休息)程序状态(PS05_休息)
2016-08-16 16:49:03,161 [1] INFO  Holly--[16780] [(null)] - [>>>厂家状态变化<<<]OnStatusChange ：PS03_置闲(1) -> PS05_休息(16)
2016-08-16 16:49:03,162 [1] INFO  Holly--[16780] [(null)] - [事件][AxUniSoftPhone_OnStatusChange] 状态变化事件
2016-08-16 16:49:03,162 [1] INFO  Holly--[16780] [(null)] - [Main][SetMainStatus]设置状态：PS05_休息
2016-08-16 16:49:03,163 [11] INFO  Holly--[16780] [(null)] - [Main][UpdatAgentDB] 更新客服状态表AS4_置忙
2016-08-16 16:49:03,163 [11] INFO  Holly--[16780] [(null)] - [======Common======] GetCurrentTime ：获取当前服务器时间：CC系统服务器时间：2016-08-16 16:49:03.160，客户端时间：2016-08-16 16:49:03.163，（现有）计算时间差(毫秒)：-3.0002
2016-08-16 16:49:03,164 [12] INFO  Holly--[16780] [(null)] - [Main][UpdatAgentDB] 插入新的状态 PreOid....IS:17
2016-08-16 16:49:03,166 [11] INFO  Holly--[16780] [(null)] - [Main][UpdatAgentDB] 插入CAgent表
2016-08-16 16:49:03,173 [4] INFO  Holly--[16780] [(null)] - [Main][UpdatAgentDB] 插入新的状态 PreOid....IS:18
2016-08-16 16:49:03,178 [11] INFO  Holly--[16780] [(null)] - [Main][UpdatAgentDB] 插入新的状态 PreOid....IS:19
2016-08-16 16:49:03,190 [1] INFO  Holly--[16780] [(null)] - [HollyContactHelper] 获取厂家信息 ==落地号码->
2016-08-16 16:49:03,190 [1] INFO  Holly--[16780] [(null)] - [@@@厂家消息通知@@@]OnMessage ：厂家状态(CurStatus：16；CurStatusName：休息；)厂家消息(休息开始。)程序状态(PS05_休息)
2016-08-16 16:49:03,194 [1] INFO  Holly--[16780] [(null)] - [HollyContactHelper] 获取厂家信息 ==落地号码->
2016-08-16 16:49:03,195 [1] INFO  Holly--[16780] [(null)] - [@@@厂家消息通知@@@]OnMessage ：厂家状态(CurStatus：16；CurStatusName：休息；)厂家消息(示闲成功。)程序状态(PS05_休息)
2016-08-16 16:49:03,201 [1] INFO  Holly--[16780] [(null)] - [HollyContactHelper] 获取厂家信息 ==落地号码->
2016-08-16 16:49:03,201 [1] INFO  Holly--[16780] [(null)] - [@@@厂家消息通知@@@]OnMessage ：厂家状态(CurStatus：16；CurStatusName：休息；)厂家消息(签入成功。)程序状态(PS05_休息)
2016-08-16 16:49:18,004 [1] INFO  Holly--[16780] [(null)] - [======Common======] GetCurrentTime ：获取当前服务器时间：CC系统服务器时间：2016-08-16 16:49:18.001，客户端时间：2016-08-16 16:49:18.004，（现有）计算时间差(毫秒)：-3.0002
2016-08-16 16:49:18,004 [1] INFO  Holly--[16780] [(null)] - [Main]timer_LoginTime_Tick LoginOnOid=16
2016-08-16 16:49:41,371 [1] INFO  Holly--[16780] [(null)] - [***MDBFileHelper***][AdditionalRecording] 补录数据
2016-08-16 16:49:57,673 [1] INFO  Holly--[16780] [(null)] - [客户端推送日志信息] 开始
2016-08-16 16:49:59,712 [1] INFO  Holly--[16780] [(null)] - [客户端推送日志信息] 获取到请求数：0
2016-08-16 16:50:59,716 [1] INFO  Holly--[16780] [(null)] - [客户端推送日志信息] 开始
2016-08-16 16:51:01,728 [1] INFO  Holly--[16780] [(null)] - [客户端推送日志信息] 获取到请求数：0
2016-08-16 16:52:01,745 [1] INFO  Holly--[16780] [(null)] - [客户端推送日志信息] 开始
2016-08-16 16:52:03,596 [1] INFO  Holly--[16780] [(null)] - [客户端推送日志信息] 获取到请求数：0
2016-08-16 16:52:41,428 [1] INFO  Holly--[16780] [(null)] - [***MDBFileHelper***][AdditionalRecording] 补录数据
2016-08-16 16:52:48,643 [1] INFO  Holly--[16780] [(null)] - [登录登出模块] ExitLogin() Begin...
2016-08-16 16:52:49,196 [1] INFO  Holly--[16780] [(null)] - [======Common======] GetCurrentTime ：获取当前服务器时间：CC系统服务器时间：2016-08-16 16:52:49.193，客户端时间：2016-08-16 16:52:49.196，（现有）计算时间差(毫秒)：-3.0002
2016-08-16 16:52:49,220 [1] INFO  Holly--[16780] [(null)] - [登录登出模块]DeleteAgentStateToDB...客服退出时 LoginOnOid....IS:16
2016-08-16 16:52:49,220 [1] INFO  Holly--[16780] [(null)] - [登录登出模块]DeleteAgentStateToDB...客服退出时 GetCurrentTime()....IS:2016-08-16 16:52:49
2016-08-16 16:52:49,221 [1] INFO  Holly--[16780] [(null)] - [登录登出模块]DeleteAgentStateToDB...退出成功....
2016-08-16 16:52:49,287 [1] INFO  Holly--[16780] [(null)] - [HollyContactHelper]用户操作==签出->True
2016-08-16 16:52:49,287 [1] INFO  Holly--[16780] [(null)] - [======Common======] GetCurrentTime ：获取当前服务器时间：CC系统服务器时间：2016-08-16 16:52:49.284，客户端时间：2016-08-16 16:52:49.287，（现有）计算时间差(毫秒)：-3.0002
2016-08-16 16:52:49,289 [1] INFO  Holly--[16780] [(null)] - [Main] 更新上一个状态的结束时间 PreOid....IS:19
2016-08-16 16:52:50,614 [1] INFO  Holly--[16780] [(null)] - [HollyContactHelper]用户操作==卸载->True
2016-08-16 16:52:50,614 [1] INFO  Holly--[16780] [(null)] - [登录登出模块] ExitLogin() End.
2016-08-16 17:30:01,218 [1] INFO  Holly--[15804] [(null)] - [登录窗口]btnLogin_Click Begin...
2016-08-16 17:30:01,309 [1] INFO  Holly--[15804] [(null)] - [HollyContactHelper]ModifySoftphoneINIByDN――根据DN35197,选择的SIPServerIP为：192.168.112.205
2016-08-16 17:30:01,651 [1] INFO  Holly--[15804] [(null)] - [HollyContactHelper]用户操作==装载及初始化->True
2016-08-16 17:30:01,651 [1] INFO  Holly--[15804] [(null)] - [登录窗口]btnLogin_Click： 异步加载，回调事件中继续登录
2016-08-16 17:30:01,651 [1] INFO  Holly--[15804] [(null)] - [登录窗口]btnLogin_Click End
2016-08-16 17:30:01,726 [1] INFO  Holly--[15804] [(null)] - [@@@厂家消息通知@@@]OnMessage ：厂家状态(CurStatus：0；CurStatusName：准备就绪状态；)厂家消息(服务器已上线:UserName=AgentUser,UserGOR=30408705)程序状态(PS01_就绪)
2016-08-16 17:30:01,755 [1] INFO  Holly--[15804] [(null)] - [@@@厂家消息通知@@@]OnMessage ：厂家状态(CurStatus：0；CurStatusName：准备就绪状态；)厂家消息(服务器已上线:UserName=LSUser,UserGOR=65537)程序状态(PS01_就绪)
2016-08-16 17:30:01,825 [1] INFO  Holly--[15804] [(null)] - [@@@厂家消息通知@@@]OnMessage ：厂家状态(CurStatus：0；CurStatusName：准备就绪状态；)厂家消息(服务器已上线:UserName=ASUser,UserGOR=1245185)程序状态(PS01_就绪)
2016-08-16 17:30:01,827 [1] INFO  Holly--[15804] [(null)] - [@@@厂家消息通知@@@]OnMessage ：厂家状态(CurStatus：0；CurStatusName：准备就绪状态；)厂家消息(服务器已上线:UserName=EDSUser,UserGOR=1638401)程序状态(PS01_就绪)
2016-08-16 17:30:01,830 [1] INFO  Holly--[15804] [(null)] - [@@@厂家消息通知@@@]OnMessage ：厂家状态(CurStatus：0；CurStatusName：准备就绪状态；)厂家消息(服务器已上线:UserName=StatEvent,UserGOR=851969)程序状态(PS01_就绪)
2016-08-16 17:30:01,832 [1] INFO  Holly--[15804] [(null)] - [@@@厂家消息通知@@@]OnMessage ：厂家状态(CurStatus：0；CurStatusName：准备就绪状态；)厂家消息(服务器已上线:UserName=StatUser,UserGOR=851970)程序状态(PS01_就绪)
2016-08-16 17:30:01,832 [1] INFO  Holly--[15804] [(null)] - 当前调用Load函数，返回的服务器信息条数为：6
2016-08-16 17:30:01,858 [1] INFO  Holly--[15804] [(null)] - [登录登出模块] Login ( masj, *** , 35197 ) 
2016-08-16 17:30:01,859 [1] INFO  Holly--[15804] [(null)] - [登录登出模块] DomainAccountLogin(masj, pwd) begin...
2016-08-16 17:30:01,942 [1] INFO  Holly--[15804] [(null)] - [登录登出模块] DomainAccountLogin(masj, pwd) end.return BitAuto.Services.Organization.Remoting.Employee
2016-08-16 17:30:02,744 [1] INFO  Holly--[15804] [(null)] - [登录登出模块] InitLoginUser() Begin...
2016-08-16 17:30:09,742 [1] INFO  Holly--[15804] [(null)] - [登录登出模块] InitLoginUser() 客服登录...AgentID is:10658,AgentNum is:11897,GroupName is:测试测试测试,OutNum is:86
2016-08-16 17:30:09,742 [1] INFO  Holly--[15804] [(null)] - [登录登出模块] InitLoginUser() End...
2016-08-16 17:30:10,432 [1] INFO  Holly--[15804] [(null)] - [HollyContactHelper]用户操作==添加技能组->1094 2
2016-08-16 17:30:10,432 [1] INFO  Holly--[15804] [(null)] - [HollyContactHelper]用户操作==添加技能组->1095 1
2016-08-16 17:30:10,482 [1] INFO  Holly--[15804] [(null)] - [HollyContactHelper]用户操作==签入->True
2016-08-16 17:30:10,503 [1] INFO  Holly--[15804] [(null)] - [======Common======] GetCurrentTime ：获取当前服务器时间：CC系统服务器时间：2016-08-16 17:30:10.497，客户端时间：2016-08-16 17:30:10.503，（生成）计算时间差(毫秒)：-6.0004
2016-08-16 17:30:10,839 [1] INFO  Holly--[15804] [(null)] - [登录登出模块] InsertAgentState()更新退出时间....initmsg
2016-08-16 17:30:10,971 [1] INFO  Holly--[15804] [(null)] - [登录登出模块] InsertAgentState()登录状态LoginOnOid....is:21
2016-08-16 17:30:10,971 [1] INFO  Holly--[15804] [(null)] - [登录登出模块] Login(masj, pwd, 35197) End.
2016-08-16 17:30:11,624 [1] INFO  Holly--[15804] [(null)] - [InitMainForm] 开始验证监控权限
2016-08-16 17:30:11,698 [1] INFO  Holly--[15804] [(null)] - [InitMainForm] 有 监控权限
2016-08-16 17:30:02,011 [1] INFO  Holly--[15804] [(null)] - [@@@厂家消息通知@@@]OnMessage ：厂家状态(CurStatus：0；CurStatusName：准备就绪状态；)厂家消息(座席签入成功)程序状态(PS01_就绪)
2016-08-16 17:30:02,398 [1] INFO  Holly--[15804] [(null)] - [事件][OnSignInSuccess] 签入成功事件
2016-08-16 17:30:02,398 [1] INFO  Holly--[15804] [(null)] - [======Common======] GetCurrentTime ：获取当前服务器时间：CC系统服务器时间：2016-08-16 17:30:02.392，客户端时间：2016-08-16 17:30:02.398，（现有）计算时间差(毫秒)：-6.0004
2016-08-16 17:30:02,423 [1] INFO  Holly--[15804] [(null)] - [登录登出模块] InsertAgentState()更新退出时间....initmsg
2016-08-16 17:30:02,431 [1] INFO  Holly--[15804] [(null)] - [登录登出模块] InsertAgentState()登录状态LoginOnOid....is:22
2016-08-16 17:30:02,433 [1] INFO  Holly--[15804] [(null)] - [@@@厂家消息通知@@@]OnMessage ：厂家状态(CurStatus：2；CurStatusName：置忙；)厂家消息(状态改变：准备就绪状态-->置忙)程序状态(PS04_置忙)
2016-08-16 17:30:02,435 [1] INFO  Holly--[15804] [(null)] - [>>>厂家状态变化<<<]OnStatusChange ：PS01_就绪(0) -> PS04_置忙(2)
2016-08-16 17:30:02,470 [1] INFO  Holly--[15804] [(null)] - [HollyContactHelper]用户操作==置闲->True
2016-08-16 17:30:02,733 [1] INFO  Holly--[15804] [(null)] - [HollyContactHelper]用户操作==休息(BS0_自动)->True
2016-08-16 17:30:02,733 [1] INFO  Holly--[15804] [(null)] - [事件][AxUniSoftPhone_OnStatusChange] 状态变化事件
2016-08-16 17:30:02,736 [3] INFO  Holly--[15804] [(null)] - [Main][UpdatAgentDB] 更新客服状态表AS4_置忙
2016-08-16 17:30:02,736 [3] INFO  Holly--[15804] [(null)] - [======Common======] GetCurrentTime ：获取当前服务器时间：CC系统服务器时间：2016-08-16 17:30:02.730，客户端时间：2016-08-16 17:30:02.736，（现有）计算时间差(毫秒)：-6.0004
2016-08-16 17:30:02,737 [1] INFO  Holly--[15804] [(null)] - [Main][SetMainStatus]设置状态：PS04_置忙(BS0_自动)
2016-08-16 17:30:02,852 [1] INFO  Holly--[15804] [(null)] - [@@@厂家消息通知@@@]OnMessage ：厂家状态(CurStatus：1；CurStatusName：空闲；)厂家消息(状态改变：置忙-->空闲)程序状态(PS03_置闲)
2016-08-16 17:30:02,852 [1] INFO  Holly--[15804] [(null)] - [>>>厂家状态变化<<<]OnStatusChange ：PS04_置忙(2) -> PS03_置闲(1)
2016-08-16 17:30:02,852 [1] INFO  Holly--[15804] [(null)] - [事件][AxUniSoftPhone_OnStatusChange] 状态变化事件
2016-08-16 17:30:02,853 [1] INFO  Holly--[15804] [(null)] - [Main][SetMainStatus]设置状态：PS03_置闲
2016-08-16 17:30:02,853 [9] INFO  Holly--[15804] [(null)] - [Main][UpdatAgentDB] 更新客服状态表AS3_置闲
2016-08-16 17:30:02,853 [9] INFO  Holly--[15804] [(null)] - [======Common======] GetCurrentTime ：获取当前服务器时间：CC系统服务器时间：2016-08-16 17:30:02.847，客户端时间：2016-08-16 17:30:02.853，（现有）计算时间差(毫秒)：-6.0004
2016-08-16 17:30:02,858 [1] INFO  Holly--[15804] [(null)] - [@@@厂家消息通知@@@]OnMessage ：厂家状态(CurStatus：16；CurStatusName：休息；)厂家消息(状态改变：空闲-->休息)程序状态(PS05_休息)
2016-08-16 17:30:02,858 [1] INFO  Holly--[15804] [(null)] - [>>>厂家状态变化<<<]OnStatusChange ：PS03_置闲(1) -> PS05_休息(16)
2016-08-16 17:30:02,858 [1] INFO  Holly--[15804] [(null)] - [事件][AxUniSoftPhone_OnStatusChange] 状态变化事件
2016-08-16 17:30:02,859 [1] INFO  Holly--[15804] [(null)] - [Main][SetMainStatus]设置状态：PS05_休息
2016-08-16 17:30:02,859 [10] INFO  Holly--[15804] [(null)] - [Main][UpdatAgentDB] 更新客服状态表AS4_置忙
2016-08-16 17:30:02,859 [10] INFO  Holly--[15804] [(null)] - [======Common======] GetCurrentTime ：获取当前服务器时间：CC系统服务器时间：2016-08-16 17:30:02.853，客户端时间：2016-08-16 17:30:02.859，（现有）计算时间差(毫秒)：-6.0004
2016-08-16 17:30:02,962 [3] INFO  Holly--[15804] [(null)] - [Main][UpdatAgentDB] 插入CAgent表
2016-08-16 17:30:02,975 [9] INFO  Holly--[15804] [(null)] - [Main][UpdatAgentDB] 插入CAgent表
2016-08-16 17:30:02,976 [10] INFO  Holly--[15804] [(null)] - [Main][UpdatAgentDB] 插入CAgent表
2016-08-16 17:30:02,986 [9] INFO  Holly--[15804] [(null)] - [Main][UpdatAgentDB] 插入新的状态 PreOid....IS:23
2016-08-16 17:30:02,988 [3] INFO  Holly--[15804] [(null)] - [Main][UpdatAgentDB] 插入新的状态 PreOid....IS:24
2016-08-16 17:30:02,991 [10] INFO  Holly--[15804] [(null)] - [Main][UpdatAgentDB] 插入新的状态 PreOid....IS:25
2016-08-16 17:30:02,996 [1] INFO  Holly--[15804] [(null)] - [HollyContactHelper] 获取厂家信息 ==落地号码->
2016-08-16 17:30:02,998 [1] INFO  Holly--[15804] [(null)] - [@@@厂家消息通知@@@]OnMessage ：厂家状态(CurStatus：16；CurStatusName：休息；)厂家消息(休息开始。)程序状态(PS05_休息)
2016-08-16 17:30:03,004 [1] INFO  Holly--[15804] [(null)] - [HollyContactHelper] 获取厂家信息 ==落地号码->
2016-08-16 17:30:03,004 [1] INFO  Holly--[15804] [(null)] - [@@@厂家消息通知@@@]OnMessage ：厂家状态(CurStatus：16；CurStatusName：休息；)厂家消息(示闲成功。)程序状态(PS05_休息)
2016-08-16 17:30:03,011 [1] INFO  Holly--[15804] [(null)] - [HollyContactHelper] 获取厂家信息 ==落地号码->
2016-08-16 17:30:03,011 [1] INFO  Holly--[15804] [(null)] - [@@@厂家消息通知@@@]OnMessage ：厂家状态(CurStatus：16；CurStatusName：休息；)厂家消息(签入成功。)程序状态(PS05_休息)
2016-08-16 17:30:11,395 [1] INFO  Holly--[15804] [(null)] - [MainJs] [SendToWeb] 发送网页消息：0 次数，指定页面ID：WebPage00001
2016-08-16 17:30:11,398 [1] INFO  Holly--[15804] [(null)] - [MainUI] [SendMesToWeb] 获取到了当前指定webPageID的页面：WebPage00001
2016-08-16 17:30:11,401 [1] INFO  Holly--[15804] [(null)] - [MainJs] [SendMesToWeb] CTIEventMsg msg：UserEvent=Notice&Action=SaveWindowsName&Data=WebPage00001&outBoundType=-2
2016-08-16 17:30:23,722 [1] INFO  Holly--[15804] [(null)] - [MainJs] [SendToWeb] 发送网页消息：0 次数，指定页面ID：WebPage00001
2016-08-16 17:30:23,722 [1] INFO  Holly--[15804] [(null)] - [MainUI] [SendMesToWeb] 获取到了当前指定webPageID的页面：WebPage00001
2016-08-16 17:30:23,722 [1] INFO  Holly--[15804] [(null)] - [MainJs] [SendMesToWeb] CTIEventMsg msg：UserEvent=Notice&Action=SaveWindowsName&Data=WebPage00001&outBoundType=-2
2016-08-16 17:30:53,554 [1] INFO  Holly--[15804] [(null)] - [MainJs] [MethodScript] urlPath /browsercontrol/newpage?url=/WOrderV2/AddWOrderInfo.aspx?CallSource=0&ModuleSource=2&key=5D09E396B787F&r=566745069
2016-08-16 17:30:53,560 [1] INFO  Holly--[15804] [(null)] - [MainUI] [NewPageForReq] address is:/WOrderV2/AddWOrderInfo.aspx?CallSource=0&ModuleSource=2&key=5D09E396B787F&r=566745069
2016-08-16 17:30:53,577 [1] INFO  Holly--[15804] [(null)] - [MainUI] [ShowTabPagesLog] 全部页面 工单记录=WebPage00001(); 新增页=WebPage00002(WebPage00001); 
2016-08-16 17:30:53,609 [1] INFO  Holly--[15804] [(null)] - [MainJs] [MethodScript] 命令调用完成，返回结果=ok
2016-08-16 17:30:54,753 [1] INFO  Holly--[15804] [(null)] - [MainJs] [SendToWeb] 发送网页消息：0 次数，指定页面ID：WebPage00002
2016-08-16 17:30:54,754 [1] INFO  Holly--[15804] [(null)] - [MainUI] [SendMesToWeb] 获取到了当前指定webPageID的页面：WebPage00002
2016-08-16 17:30:54,754 [1] INFO  Holly--[15804] [(null)] - [MainJs] [SendMesToWeb] CTIEventMsg msg：UserEvent=Notice&Action=SaveWindowsName&Data=WebPage00002&outBoundType=-2
2016-08-16 17:31:01,639 [1] INFO  Holly--[15804] [(null)] - [客户端推送日志信息] 开始
2016-08-16 17:31:03,741 [1] INFO  Holly--[15804] [(null)] - [客户端推送日志信息] 获取到请求数：0
2016-08-16 17:31:55,112 [1] INFO  Holly--[15804] [(null)] - [MainUI] [GetTabControlTabPagesCount] 可用页面数量=2
2016-08-16 17:31:56,928 [1] INFO  Holly--[15804] [(null)] - [MainUI] [SelectedIndexChanged] [切换页面] WebPage00001
2016-08-16 17:31:56,928 [1] INFO  Holly--[15804] [(null)] - [MainUI] 手动关闭页面=WebPage00002，并且移除alowReceiveCallMsg_WebpageIDList[允许给iframe子页面推送话务消息列表]中的PageID：WebPage00002,结果=False
2016-08-16 17:31:56,928 [1] INFO  Holly--[15804] [(null)] - [MainUI] [ShowTabPagesLog] 全部页面 工单记录=WebPage00001(); 
2016-08-16 17:31:58,075 [1] INFO  Holly--[15804] [(null)] - [MainJs] [MethodScript] urlPath /browsercontrol/newpage?url=/WOrderV2/AddWOrderInfo.aspx?CallSource=0&ModuleSource=2&key=5D09E396B787F&r=566745069
2016-08-16 17:31:58,075 [1] INFO  Holly--[15804] [(null)] - [MainUI] [NewPageForReq] address is:/WOrderV2/AddWOrderInfo.aspx?CallSource=0&ModuleSource=2&key=5D09E396B787F&r=566745069
2016-08-16 17:31:58,094 [1] INFO  Holly--[15804] [(null)] - [MainUI] [ShowTabPagesLog] 全部页面 工单记录=WebPage00001(); 新增页=WebPage00003(WebPage00001); 
2016-08-16 17:31:58,131 [1] INFO  Holly--[15804] [(null)] - [MainJs] [MethodScript] 命令调用完成，返回结果=ok
2016-08-16 17:31:59,382 [1] INFO  Holly--[15804] [(null)] - [MainJs] [SendToWeb] 发送网页消息：0 次数，指定页面ID：WebPage00003
2016-08-16 17:31:59,382 [1] INFO  Holly--[15804] [(null)] - [MainUI] [SendMesToWeb] 获取到了当前指定webPageID的页面：WebPage00003
2016-08-16 17:31:59,382 [1] INFO  Holly--[15804] [(null)] - [MainJs] [SendMesToWeb] CTIEventMsg msg：UserEvent=Notice&Action=SaveWindowsName&Data=WebPage00003&outBoundType=-2
2016-08-16 17:32:01,348 [1] INFO  Holly--[15804] [(null)] - [MainJs] [SendToWeb] 发送网页消息：0 次数，指定页面ID：WebPage00003
2016-08-16 17:32:01,348 [1] INFO  Holly--[15804] [(null)] - [MainUI] [SendMesToWeb] 获取到了当前指定webPageID的页面：WebPage00003
2016-08-16 17:32:01,379 [1] INFO  Holly--[15804] [(null)] - [MainJs] [SendMesToWeb] CTIEventMsg msg：UserEvent=Notice&Action=SaveWindowsName&Data=WebPage00003&outBoundType=-2
2016-08-16 17:32:03,749 [1] INFO  Holly--[15804] [(null)] - [客户端推送日志信息] 开始
2016-08-16 17:32:04,251 [1] INFO  Holly--[15804] [(null)] - [客户端推送日志信息] 获取到请求数：0
2016-08-16 17:32:04,537 [1] INFO  Holly--[15804] [(null)] - [MainJs] [MethodScript] urlPath /pagecontrol/sendmsg?content=%7B%22key%22%3A%22asdf%22%2C%22key%22%3A%22asdf%22%2C%22key%22%3A%22asdf%22%2C%22key%22%3A%22asdf%22%7D
2016-08-16 17:32:04,539 [1] INFO  Holly--[15804] [(null)] - [MainJs] [SendToWeb] 发送网页消息：0 次数，指定页面ID：
2016-08-16 17:32:04,539 [1] INFO  Holly--[15804] [(null)] - [MainUI] [SendMesToWeb] 获取当前默认标签页
2016-08-16 17:32:04,540 [1] INFO  Holly--[15804] [(null)] - [MainJs] [SendMesToWeb] CTIEventMsg msg：UserContent=%7B%22key%22%3A%22asdf%22%2C%22key%22%3A%22asdf%22%2C%22key%22%3A%22asdf%22%2C%22key%22%3A%22asdf%22%7D&outBoundType=-2
2016-08-16 17:32:04,540 [1] INFO  Holly--[15804] [(null)] - [MainJs] [MethodScript] 命令调用完成，返回结果=ok
2016-08-16 17:32:18,370 [1] INFO  Holly--[15804] [(null)] - [MainJs] [MethodScript] urlPath /pagecontrol/sendmsg?content=%7B%22key%22%3A%22asdf%22%2C%22key%22%3A%22asdf%22%2C%22key%22%3A%22asdf%22%2C%22key%22%3A%22asdf%22%7D
2016-08-16 17:32:18,370 [1] INFO  Holly--[15804] [(null)] - [MainJs] [SendToWeb] 发送网页消息：0 次数，指定页面ID：
2016-08-16 17:32:18,370 [1] INFO  Holly--[15804] [(null)] - [MainUI] [SendMesToWeb] 获取当前默认标签页
2016-08-16 17:32:18,371 [1] INFO  Holly--[15804] [(null)] - [MainJs] [SendMesToWeb] CTIEventMsg msg：UserContent=%7B%22key%22%3A%22asdf%22%2C%22key%22%3A%22asdf%22%2C%22key%22%3A%22asdf%22%2C%22key%22%3A%22asdf%22%7D&outBoundType=-2
2016-08-16 17:32:18,371 [1] INFO  Holly--[15804] [(null)] - [MainJs] [MethodScript] 命令调用完成，返回结果=ok
2016-08-16 17:33:01,558 [1] INFO  Holly--[15804] [(null)] - [***MDBFileHelper***][AdditionalRecording] 补录数据
2016-08-16 17:33:04,262 [1] INFO  Holly--[15804] [(null)] - [客户端推送日志信息] 开始
2016-08-16 17:33:04,270 [1] INFO  Holly--[15804] [(null)] - [客户端推送日志信息] 获取到请求数：0
2016-08-16 17:34:04,277 [1] INFO  Holly--[15804] [(null)] - [客户端推送日志信息] 开始
2016-08-16 17:34:04,286 [1] INFO  Holly--[15804] [(null)] - [客户端推送日志信息] 获取到请求数：0
2016-08-16 17:35:03,366 [1] INFO  Holly--[15804] [(null)] - [======Common======] GetCurrentTime ：获取当前服务器时间：CC系统服务器时间：2016-08-16 17:35:03.362，客户端时间：2016-08-16 17:35:03.366，（生成）计算时间差(毫秒)：-4.0002
2016-08-16 17:35:03,366 [1] INFO  Holly--[15804] [(null)] - [Main]timer_LoginTime_Tick LoginOnOid=22
2016-08-16 17:35:04,292 [1] INFO  Holly--[15804] [(null)] - [客户端推送日志信息] 开始
2016-08-16 17:35:04,301 [1] INFO  Holly--[15804] [(null)] - [客户端推送日志信息] 获取到请求数：0
2016-08-16 17:36:02,558 [1] INFO  Holly--[15804] [(null)] - [***MDBFileHelper***][AdditionalRecording] 补录数据
2016-08-16 17:36:04,320 [1] INFO  Holly--[15804] [(null)] - [客户端推送日志信息] 开始
2016-08-16 17:36:04,330 [1] INFO  Holly--[15804] [(null)] - [客户端推送日志信息] 获取到请求数：0
2016-08-16 17:37:04,349 [1] INFO  Holly--[15804] [(null)] - [客户端推送日志信息] 开始
2016-08-16 17:37:04,359 [1] INFO  Holly--[15804] [(null)] - [客户端推送日志信息] 获取到请求数：0
2016-08-16 17:38:04,379 [1] INFO  Holly--[15804] [(null)] - [客户端推送日志信息] 开始
2016-08-16 17:38:04,390 [1] INFO  Holly--[15804] [(null)] - [客户端推送日志信息] 获取到请求数：0
2016-08-16 17:39:02,612 [1] INFO  Holly--[15804] [(null)] - [***MDBFileHelper***][AdditionalRecording] 补录数据
2016-08-16 17:39:04,406 [1] INFO  Holly--[15804] [(null)] - [客户端推送日志信息] 开始
2016-08-16 17:39:04,421 [1] INFO  Holly--[15804] [(null)] - [客户端推送日志信息] 获取到请求数：0
2016-08-16 17:40:03,406 [1] INFO  Holly--[15804] [(null)] - [======Common======] GetCurrentTime ：获取当前服务器时间：CC系统服务器时间：2016-08-16 17:40:03.402，客户端时间：2016-08-16 17:40:03.406，（现有）计算时间差(毫秒)：-4.0002
2016-08-16 17:40:03,407 [1] INFO  Holly--[15804] [(null)] - [Main]timer_LoginTime_Tick LoginOnOid=22
2016-08-16 17:40:04,436 [1] INFO  Holly--[15804] [(null)] - [客户端推送日志信息] 开始
2016-08-16 17:40:04,445 [1] INFO  Holly--[15804] [(null)] - [客户端推送日志信息] 获取到请求数：0
2016-08-16 17:41:04,449 [1] INFO  Holly--[15804] [(null)] - [客户端推送日志信息] 开始
2016-08-16 17:41:04,459 [1] INFO  Holly--[15804] [(null)] - [客户端推送日志信息] 获取到请求数：0
2016-08-16 17:42:02,669 [1] INFO  Holly--[15804] [(null)] - [***MDBFileHelper***][AdditionalRecording] 补录数据
2016-08-16 17:42:04,464 [1] INFO  Holly--[15804] [(null)] - [客户端推送日志信息] 开始
2016-08-16 17:42:04,474 [1] INFO  Holly--[15804] [(null)] - [客户端推送日志信息] 获取到请求数：0
2016-08-16 17:43:04,493 [1] INFO  Holly--[15804] [(null)] - [客户端推送日志信息] 开始
2016-08-16 17:43:04,502 [1] INFO  Holly--[15804] [(null)] - [客户端推送日志信息] 获取到请求数：0
2016-08-16 17:44:04,523 [1] INFO  Holly--[15804] [(null)] - [客户端推送日志信息] 开始
2016-08-16 17:44:04,533 [1] INFO  Holly--[15804] [(null)] - [客户端推送日志信息] 获取到请求数：0
2016-08-16 17:45:02,727 [1] INFO  Holly--[15804] [(null)] - [***MDBFileHelper***][AdditionalRecording] 补录数据
2016-08-16 17:45:03,427 [1] INFO  Holly--[15804] [(null)] - [======Common======] GetCurrentTime ：获取当前服务器时间：CC系统服务器时间：2016-08-16 17:45:03.423，客户端时间：2016-08-16 17:45:03.427，（现有）计算时间差(毫秒)：-4.0002
2016-08-16 17:45:03,427 [1] INFO  Holly--[15804] [(null)] - [Main]timer_LoginTime_Tick LoginOnOid=22
2016-08-16 17:45:04,550 [1] INFO  Holly--[15804] [(null)] - [客户端推送日志信息] 开始
2016-08-16 17:45:04,559 [1] INFO  Holly--[15804] [(null)] - [客户端推送日志信息] 获取到请求数：0
2016-08-16 17:46:04,565 [1] INFO  Holly--[15804] [(null)] - [客户端推送日志信息] 开始
2016-08-16 17:46:04,574 [1] INFO  Holly--[15804] [(null)] - [客户端推送日志信息] 获取到请求数：0
2016-08-16 17:47:04,579 [1] INFO  Holly--[15804] [(null)] - [客户端推送日志信息] 开始
2016-08-16 17:47:04,589 [1] INFO  Holly--[15804] [(null)] - [客户端推送日志信息] 获取到请求数：0
2016-08-16 17:48:02,783 [1] INFO  Holly--[15804] [(null)] - [***MDBFileHelper***][AdditionalRecording] 补录数据
2016-08-16 17:48:04,605 [1] INFO  Holly--[15804] [(null)] - [客户端推送日志信息] 开始
2016-08-16 17:48:04,615 [1] INFO  Holly--[15804] [(null)] - [客户端推送日志信息] 获取到请求数：0
2016-08-16 17:49:04,623 [1] INFO  Holly--[15804] [(null)] - [客户端推送日志信息] 开始
2016-08-16 17:49:04,632 [1] INFO  Holly--[15804] [(null)] - [客户端推送日志信息] 获取到请求数：0
2016-08-16 17:49:12,093 [1] INFO  Holly--[15804] [(null)] - [MainJs] [MethodScript] urlPath /pagecontrol/sendmsg?content=%7B%22key%22%3A%22asdf%22%2C%22key%22%3A%22asdf%22%2C%22key%22%3A%22asdf%22%2C%22key%22%3A%22asdf%22%7D
2016-08-16 17:49:12,094 [1] INFO  Holly--[15804] [(null)] - [MainJs] [SendToWeb] 发送网页消息：0 次数，指定页面ID：
2016-08-16 17:49:12,094 [1] INFO  Holly--[15804] [(null)] - [MainUI] [SendMesToWeb] 获取当前默认标签页
2016-08-16 17:49:12,096 [1] INFO  Holly--[15804] [(null)] - [MainJs] [SendMesToWeb] CTIEventMsg msg：UserContent=%7B%22key%22%3A%22asdf%22%2C%22key%22%3A%22asdf%22%2C%22key%22%3A%22asdf%22%2C%22key%22%3A%22asdf%22%7D&outBoundType=-2
2016-08-16 17:49:12,096 [1] INFO  Holly--[15804] [(null)] - [MainJs] [MethodScript] 命令调用完成，返回结果=ok
2016-08-16 17:49:18,568 [1] INFO  Holly--[15804] [(null)] - [MainJs] [MethodScript] urlPath /pagecontrol/sendmsg?content=%7B%22key%22%3A%22asdf%22%2C%22key%22%3A%22asdf%22%2C%22key%22%3A%22asdf%22%2C%22key%22%3A%22asdf%22%7D
2016-08-16 17:49:18,568 [1] INFO  Holly--[15804] [(null)] - [MainJs] [SendToWeb] 发送网页消息：0 次数，指定页面ID：
2016-08-16 17:49:18,569 [1] INFO  Holly--[15804] [(null)] - [MainUI] [SendMesToWeb] 获取当前默认标签页
2016-08-16 17:49:18,570 [1] INFO  Holly--[15804] [(null)] - [MainJs] [SendMesToWeb] CTIEventMsg msg：UserContent=%7B%22key%22%3A%22asdf%22%2C%22key%22%3A%22asdf%22%2C%22key%22%3A%22asdf%22%2C%22key%22%3A%22asdf%22%7D&outBoundType=-2
2016-08-16 17:49:18,570 [1] INFO  Holly--[15804] [(null)] - [MainJs] [MethodScript] 命令调用完成，返回结果=ok
2016-08-16 17:50:03,448 [1] INFO  Holly--[15804] [(null)] - [======Common======] GetCurrentTime ：获取当前服务器时间：CC系统服务器时间：2016-08-16 17:50:03.444，客户端时间：2016-08-16 17:50:03.448，（现有）计算时间差(毫秒)：-4.0002
2016-08-16 17:50:03,448 [1] INFO  Holly--[15804] [(null)] - [Main]timer_LoginTime_Tick LoginOnOid=22
2016-08-16 17:50:04,648 [1] INFO  Holly--[15804] [(null)] - [客户端推送日志信息] 开始
2016-08-16 17:50:04,657 [1] INFO  Holly--[15804] [(null)] - [客户端推送日志信息] 获取到请求数：0
2016-08-16 17:50:57,495 [1] INFO  Holly--[15804] [(null)] - [@@@厂家消息通知@@@]OnMessage ：厂家状态(CurStatus：16；CurStatusName：休息；)厂家消息(摘机：ContactID=20160816175108080_1_726_UIP5,CurrStatus=22,LastStatus=21,ResonCode=45,ResonDesc=CauseOffHook)程序状态(PS05_休息)
2016-08-16 17:50:57,570 [1] INFO  Holly--[15804] [(null)] - [@@@厂家消息通知@@@]OnMessage ：厂家状态(CurStatus：16；CurStatusName：休息；)厂家消息(座席话务处理)程序状态(PS05_休息)
2016-08-16 17:50:57,572 [1] INFO  Holly--[15804] [(null)] - [@@@厂家消息通知@@@]OnMessage ：厂家状态(CurStatus：16；CurStatusName：休息；)厂家消息(摘机：ContactID=20160816175108080_1_726_UIP5,CurrStatus=22,LastStatus=22,ResonCode=45,ResonDesc=CauseOffHook)程序状态(PS05_休息)
2016-08-16 17:51:02,838 [1] INFO  Holly--[15804] [(null)] - [***MDBFileHelper***][AdditionalRecording] 补录数据
2016-08-16 17:51:04,662 [1] INFO  Holly--[15804] [(null)] - [客户端推送日志信息] 开始
2016-08-16 17:51:04,672 [1] INFO  Holly--[15804] [(null)] - [客户端推送日志信息] 获取到请求数：0
2016-08-16 17:51:05,898 [1] INFO  Holly--[15804] [(null)] - [@@@厂家消息通知@@@]OnMessage ：厂家状态(CurStatus：16；CurStatusName：休息；)厂家消息(录音开始：ContactID=20160816175108080_1_726_UIP5,ANI=35197,DNIS=35195,ResonCode=77,ResonDesc=_??? (77))程序状态(PS05_休息)
2016-08-16 17:52:04,676 [1] INFO  Holly--[15804] [(null)] - [客户端推送日志信息] 开始
2016-08-16 17:52:04,688 [1] INFO  Holly--[15804] [(null)] - [客户端推送日志信息] 获取到请求数：0
2016-08-16 17:53:04,706 [1] INFO  Holly--[15804] [(null)] - [客户端推送日志信息] 开始
2016-08-16 17:53:04,719 [1] INFO  Holly--[15804] [(null)] - [客户端推送日志信息] 获取到请求数：0
2016-08-16 17:54:02,894 [1] INFO  Holly--[15804] [(null)] - [***MDBFileHelper***][AdditionalRecording] 补录数据
2016-08-16 17:54:04,735 [1] INFO  Holly--[15804] [(null)] - [客户端推送日志信息] 开始
2016-08-16 17:54:04,744 [1] INFO  Holly--[15804] [(null)] - [客户端推送日志信息] 获取到请求数：0
2016-08-16 17:55:03,473 [1] INFO  Holly--[15804] [(null)] - [======Common======] GetCurrentTime ：获取当前服务器时间：CC系统服务器时间：2016-08-16 17:55:03.469，客户端时间：2016-08-16 17:55:03.473，（现有）计算时间差(毫秒)：-4.0002
2016-08-16 17:55:03,474 [1] INFO  Holly--[15804] [(null)] - [Main]timer_LoginTime_Tick LoginOnOid=22
2016-08-16 17:55:04,748 [1] INFO  Holly--[15804] [(null)] - [客户端推送日志信息] 开始
2016-08-16 17:55:04,757 [1] INFO  Holly--[15804] [(null)] - [客户端推送日志信息] 获取到请求数：0
2016-08-16 17:56:04,762 [1] INFO  Holly--[15804] [(null)] - [客户端推送日志信息] 开始
2016-08-16 17:56:04,771 [1] INFO  Holly--[15804] [(null)] - [客户端推送日志信息] 获取到请求数：0
2016-08-16 17:57:02,955 [1] INFO  Holly--[15804] [(null)] - [***MDBFileHelper***][AdditionalRecording] 补录数据
2016-08-16 17:57:04,778 [1] INFO  Holly--[15804] [(null)] - [客户端推送日志信息] 开始
2016-08-16 17:57:04,787 [1] INFO  Holly--[15804] [(null)] - [客户端推送日志信息] 获取到请求数：0
2016-08-16 17:58:04,804 [1] INFO  Holly--[15804] [(null)] - [客户端推送日志信息] 开始
2016-08-16 17:58:04,814 [1] INFO  Holly--[15804] [(null)] - [客户端推送日志信息] 获取到请求数：0
2016-08-16 17:59:04,820 [1] INFO  Holly--[15804] [(null)] - [客户端推送日志信息] 开始
2016-08-16 17:59:04,912 [1] INFO  Holly--[15804] [(null)] - [客户端推送日志信息] 获取到请求数：0
2016-08-16 18:00:03,008 [1] INFO  Holly--[15804] [(null)] - [***MDBFileHelper***][AdditionalRecording] 补录数据
2016-08-16 18:00:03,497 [1] INFO  Holly--[15804] [(null)] - [======Common======] GetCurrentTime ：获取当前服务器时间：CC系统服务器时间：2016-08-16 18:00:03.493，客户端时间：2016-08-16 18:00:03.497，（现有）计算时间差(毫秒)：-4.0002
2016-08-16 18:00:03,497 [1] INFO  Holly--[15804] [(null)] - [Main]timer_LoginTime_Tick LoginOnOid=22
2016-08-16 18:00:04,927 [1] INFO  Holly--[15804] [(null)] - [客户端推送日志信息] 开始
2016-08-16 18:00:04,936 [1] INFO  Holly--[15804] [(null)] - [客户端推送日志信息] 获取到请求数：0
2016-08-16 18:00:55,659 [1] INFO  Holly--[15804] [(null)] - [@@@厂家消息通知@@@]OnMessage ：厂家状态(CurStatus：16；CurStatusName：休息；)厂家消息(通知：ContactID=20160816175108080_1_726_UIP5,CurrStatus=28,LastStatus=28,OtherParty=35195,ResonCode=15,ResonDesc=ActOpDisconnected)程序状态(PS05_休息)
2016-08-16 18:00:55,701 [1] INFO  Holly--[15804] [(null)] - [@@@厂家消息通知@@@]OnMessage ：厂家状态(CurStatus：16；CurStatusName：休息；)厂家消息(录音停止：ContactID=20160816175108080_1_726_UIP5,ANI=35197,DNIS=35195,FileName=/var/spool/hollyRecord/2016/08/35197/35197_20160816175116257.mp3,TimeLen=589946,ResonCode=78,ResonDesc=_??? (78))程序状态(PS05_休息)
2016-08-16 18:00:55,704 [1] INFO  Holly--[15804] [(null)] - [@@@厂家消息通知@@@]OnMessage ：厂家状态(CurStatus：16；CurStatusName：休息；)厂家消息(话路被挂断：ContactID=20160816175108080_1_726_UIP5,CurrStatus=21,LastStatus=28,OtherParty=35195,ResonCode=16,ResonDesc=ActTpDisconnected)程序状态(PS05_休息)
2016-08-16 18:00:55,707 [1] INFO  Holly--[15804] [(null)] - [@@@厂家消息通知@@@]OnMessage ：厂家状态(CurStatus：15；CurStatusName：工作整理；)厂家消息(状态改变：休息-->工作整理)程序状态(PS06_话后)
2016-08-16 18:00:55,707 [1] INFO  Holly--[15804] [(null)] - [>>>厂家状态变化<<<]OnStatusChange ：PS05_休息(16) -> PS06_话后(15)
2016-08-16 18:00:55,707 [1] INFO  Holly--[15804] [(null)] - [事件][AxUniSoftPhone_OnStatusChange] 状态变化事件
2016-08-16 18:00:55,707 [1] INFO  Holly--[15804] [(null)] - [Main][SetMainStatus]设置状态：PS06_话后
2016-08-16 18:00:55,708 [4] INFO  Holly--[15804] [(null)] - [Main][UpdatAgentDB] 更新客服状态表AS5_话后
2016-08-16 18:00:55,708 [4] INFO  Holly--[15804] [(null)] - [======Common======] GetCurrentTime ：获取当前服务器时间：CC系统服务器时间：2016-08-16 18:00:55.704，客户端时间：2016-08-16 18:00:55.708，（现有）计算时间差(毫秒)：-4.0002
2016-08-16 18:00:55,742 [4] INFO  Holly--[15804] [(null)] - [Main][UpdatAgentDB] 更新上一个状态的结束时间 PreOid....IS:25,结束时间为：2016-8-16 18:00:55
2016-08-16 18:00:55,745 [1] INFO  Holly--[15804] [(null)] - [HollyContactHelper] 获取厂家信息 ==主叫号码->35197
2016-08-16 18:00:55,745 [1] INFO  Holly--[15804] [(null)] - [HollyContactHelper] >>>> HaoMaProcess 处理前>>>> 35197
2016-08-16 18:00:55,763 [1] INFO  Holly--[15804] [(null)] - [HollyContactHelper] >>>> HaoMaProcess 处理后>>>> 35197
2016-08-16 18:00:55,764 [1] INFO  Holly--[15804] [(null)] - [HollyContactHelper] 获取厂家信息 ==被叫号码->随路数据为空，通过方法获取->35195
2016-08-16 18:00:55,764 [1] INFO  Holly--[15804] [(null)] - [HollyContactHelper] >>>> HaoMaProcess 处理前>>>> 35195
2016-08-16 18:00:55,764 [1] INFO  Holly--[15804] [(null)] - [HollyContactHelper] >>>> HaoMaProcess 处理后>>>> 35195
2016-08-16 18:00:55,764 [1] INFO  Holly--[15804] [(null)] - [HollyContactHelper] 获取厂家信息 ==落地号码->空
2016-08-16 18:00:55,765 [1] INFO  Holly--[15804] [(null)] - [@@@厂家消息通知@@@]OnMessage ：厂家状态(CurStatus：15；CurStatusName：工作整理；)厂家消息(整理工作开始。)程序状态(PS06_话后)
2016-08-16 18:00:55,766 [4] INFO  Holly--[15804] [(null)] - [Main][UpdatAgentDB] 插入新的状态 PreOid....IS:26
2016-08-16 18:01:04,939 [1] INFO  Holly--[15804] [(null)] - [客户端推送日志信息] 开始
2016-08-16 18:01:04,948 [1] INFO  Holly--[15804] [(null)] - [客户端推送日志信息] 获取到请求数：0
2016-08-16 18:01:19,084 [1] INFO  Holly--[15804] [(null)] - [登录登出模块] ExitLogin() Begin...
2016-08-16 18:01:19,106 [1] INFO  Holly--[15804] [(null)] - [======Common======] GetCurrentTime ：获取当前服务器时间：CC系统服务器时间：2016-08-16 18:01:19.102，客户端时间：2016-08-16 18:01:19.106，（现有）计算时间差(毫秒)：-4.0002
2016-08-16 18:01:19,114 [1] INFO  Holly--[15804] [(null)] - [登录登出模块]DeleteAgentStateToDB...客服退出时 LoginOnOid....IS:22
2016-08-16 18:01:19,114 [1] INFO  Holly--[15804] [(null)] - [登录登出模块]DeleteAgentStateToDB...客服退出时 GetCurrentTime()....IS:2016-08-16 18:01:19
2016-08-16 18:01:19,115 [1] INFO  Holly--[15804] [(null)] - [登录登出模块]DeleteAgentStateToDB...退出成功....
2016-08-16 18:01:19,145 [1] INFO  Holly--[15804] [(null)] - [HollyContactHelper]用户操作==签出->True
2016-08-16 18:01:19,145 [1] INFO  Holly--[15804] [(null)] - [======Common======] GetCurrentTime ：获取当前服务器时间：CC系统服务器时间：2016-08-16 18:01:19.141，客户端时间：2016-08-16 18:01:19.145，（现有）计算时间差(毫秒)：-4.0002
2016-08-16 18:01:19,148 [1] INFO  Holly--[15804] [(null)] - [Main] 更新上一个状态的结束时间 PreOid....IS:26
2016-08-16 18:01:20,468 [1] INFO  Holly--[15804] [(null)] - [HollyContactHelper]用户操作==卸载->True
2016-08-16 18:01:20,468 [1] INFO  Holly--[15804] [(null)] - [登录登出模块] ExitLogin() End.
