2016-06-28 11:11:12,782 [1] INFO  Holly--[18760] [(null)] - [登录窗口]btnLogin_Click Begin...
2016-06-28 11:11:13,002 [1] INFO  Holly--[18760] [(null)] - [HollyContactHelper]ModifySoftphoneINIByDN――根据DN35197,选择的SIPServerIP为：192.168.112.205
2016-06-28 11:11:13,961 [1] INFO  Holly--[18760] [(null)] - [HollyContactHelper]用户操作==装载及初始化->True
2016-06-28 11:11:13,961 [1] INFO  Holly--[18760] [(null)] - [登录窗口]btnLogin_Click： 异步加载，回调事件中继续登录
2016-06-28 11:11:13,961 [1] INFO  Holly--[18760] [(null)] - [登录窗口]btnLogin_Click End
2016-06-28 11:11:14,031 [1] INFO  Holly--[18760] [(null)] - [@@@厂家消息通知@@@]OnMessage ：厂家状态(CurStatus：0；CurStatusName：准备就绪状态；)厂家消息(服务器已上线:UserName=AgentUser,UserGOR=61407233)程序状态(PS01_就绪)
2016-06-28 11:11:14,047 [1] INFO  Holly--[18760] [(null)] - [@@@厂家消息通知@@@]OnMessage ：厂家状态(CurStatus：0；CurStatusName：准备就绪状态；)厂家消息(服务器已上线:UserName=LSUser,UserGOR=65537)程序状态(PS01_就绪)
2016-06-28 11:11:14,095 [1] INFO  Holly--[18760] [(null)] - [@@@厂家消息通知@@@]OnMessage ：厂家状态(CurStatus：0；CurStatusName：准备就绪状态；)厂家消息(服务器已上线:UserName=ASUser,UserGOR=655361)程序状态(PS01_就绪)
2016-06-28 11:11:14,097 [1] INFO  Holly--[18760] [(null)] - [@@@厂家消息通知@@@]OnMessage ：厂家状态(CurStatus：0；CurStatusName：准备就绪状态；)厂家消息(服务器已上线:UserName=StatEvent,UserGOR=262145)程序状态(PS01_就绪)
2016-06-28 11:11:14,099 [1] INFO  Holly--[18760] [(null)] - [@@@厂家消息通知@@@]OnMessage ：厂家状态(CurStatus：0；CurStatusName：准备就绪状态；)厂家消息(服务器已上线:UserName=StatUser,UserGOR=262146)程序状态(PS01_就绪)
2016-06-28 11:11:14,103 [1] INFO  Holly--[18760] [(null)] - [@@@厂家消息通知@@@]OnMessage ：厂家状态(CurStatus：0；CurStatusName：准备就绪状态；)厂家消息(服务器已上线:UserName=EDSUser,UserGOR=983041)程序状态(PS01_就绪)
2016-06-28 11:11:14,103 [1] INFO  Holly--[18760] [(null)] - 当前调用Load函数，返回的服务器信息条数为：6
2016-06-28 11:11:14,152 [1] INFO  Holly--[18760] [(null)] - [登录登出模块] Login ( masj, *** , 35197 ) 
2016-06-28 11:11:14,153 [1] INFO  Holly--[18760] [(null)] - [登录登出模块] DomainAccountLogin(masj, pwd) begin...
2016-06-28 11:11:14,218 [1] INFO  Holly--[18760] [(null)] - [登录登出模块] DomainAccountLogin(masj, pwd) end.return BitAuto.Services.Organization.Remoting.Employee
2016-06-28 11:11:15,386 [1] INFO  Holly--[18760] [(null)] - [登录登出模块] InitLoginUser() Begin...
2016-06-28 11:11:30,215 [1] INFO  Holly--[18760] [(null)] - [登录登出模块] InitLoginUser() 客服登录...AgentID is:10658,AgentNum is:11897,GroupName is:测试测试测试,OutNum is:86
2016-06-28 11:11:30,215 [1] INFO  Holly--[18760] [(null)] - [登录登出模块] InitLoginUser() End...
2016-06-28 11:11:32,219 [1] INFO  Holly--[18760] [(null)] - [HollyContactHelper]用户操作==添加技能组->1094 2
2016-06-28 11:11:32,219 [1] INFO  Holly--[18760] [(null)] - [HollyContactHelper]用户操作==添加技能组->1095 1
2016-06-28 11:11:32,252 [1] INFO  Holly--[18760] [(null)] - [HollyContactHelper]用户操作==签入->True
2016-06-28 11:11:32,774 [1] INFO  Holly--[18760] [(null)] - [登录登出模块] InsertAgentState()更新退出时间....norecord
2016-06-28 11:11:33,605 [1] INFO  Holly--[18760] [(null)] - [登录登出模块] InsertAgentState()登录状态LoginOnOid....is:1
2016-06-28 11:11:33,605 [1] INFO  Holly--[18760] [(null)] - [登录登出模块] Login(masj, pwd, 35197) End.
2016-06-28 11:11:34,681 [1] INFO  Holly--[18760] [(null)] - [InitMainForm] 开始验证监控权限
2016-06-28 11:11:34,783 [1] INFO  Holly--[18760] [(null)] - [InitMainForm] 有 监控权限
2016-06-28 11:11:07,011 [1] INFO  Holly--[18760] [(null)] - [@@@厂家消息通知@@@]OnMessage ：厂家状态(CurStatus：0；CurStatusName：准备就绪状态；)厂家消息(座席签入成功)程序状态(PS01_就绪)
2016-06-28 11:11:07,042 [1] INFO  Holly--[18760] [(null)] - [事件][OnSignInSuccess] 签入成功事件
2016-06-28 11:11:07,117 [1] INFO  Holly--[18760] [(null)] - [登录登出模块] InsertAgentState()更新退出时间....initmsg
2016-06-28 11:11:07,138 [1] INFO  Holly--[18760] [(null)] - [登录登出模块] InsertAgentState()登录状态LoginOnOid....is:2
2016-06-28 11:11:07,140 [1] INFO  Holly--[18760] [(null)] - [@@@厂家消息通知@@@]OnMessage ：厂家状态(CurStatus：2；CurStatusName：置忙；)厂家消息(状态改变：准备就绪状态-->置忙)程序状态(PS04_置忙)
2016-06-28 11:11:07,142 [1] INFO  Holly--[18760] [(null)] - [>>>厂家状态变化<<<]OnStatusChange ：PS01_就绪(0) -> PS04_置忙(2)
2016-06-28 11:11:07,171 [1] INFO  Holly--[18760] [(null)] - [HollyContactHelper]用户操作==置闲->True
2016-06-28 11:11:07,417 [1] INFO  Holly--[18760] [(null)] - [HollyContactHelper]用户操作==休息(BS0_自动)->True
2016-06-28 11:11:07,417 [1] INFO  Holly--[18760] [(null)] - [事件][AxUniSoftPhone_OnStatusChange] 状态变化事件
2016-06-28 11:11:07,420 [1] INFO  Holly--[18760] [(null)] - [Main][SetMainStatus]设置状态：PS04_置忙(BS0_自动)
2016-06-28 11:11:07,527 [1] INFO  Holly--[18760] [(null)] - [@@@厂家消息通知@@@]OnMessage ：厂家状态(CurStatus：1；CurStatusName：空闲；)厂家消息(状态改变：置忙-->空闲)程序状态(PS03_置闲)
2016-06-28 11:11:07,527 [1] INFO  Holly--[18760] [(null)] - [>>>厂家状态变化<<<]OnStatusChange ：PS04_置忙(2) -> PS03_置闲(1)
2016-06-28 11:11:07,527 [1] INFO  Holly--[18760] [(null)] - [事件][AxUniSoftPhone_OnStatusChange] 状态变化事件
2016-06-28 11:11:07,527 [1] INFO  Holly--[18760] [(null)] - [Main][SetMainStatus]设置状态：PS03_置闲
2016-06-28 11:11:07,532 [1] INFO  Holly--[18760] [(null)] - [@@@厂家消息通知@@@]OnMessage ：厂家状态(CurStatus：16；CurStatusName：休息；)厂家消息(状态改变：空闲-->休息)程序状态(PS05_休息)
2016-06-28 11:11:07,532 [1] INFO  Holly--[18760] [(null)] - [>>>厂家状态变化<<<]OnStatusChange ：PS03_置闲(1) -> PS05_休息(16)
2016-06-28 11:11:07,532 [1] INFO  Holly--[18760] [(null)] - [事件][AxUniSoftPhone_OnStatusChange] 状态变化事件
2016-06-28 11:11:07,532 [1] INFO  Holly--[18760] [(null)] - [Main][SetMainStatus]设置状态：PS05_休息
2016-06-28 11:11:07,751 [1] INFO  Holly--[18760] [(null)] - [HollyContactHelper] 获取厂家信息 ==落地号码->
2016-06-28 11:11:07,755 [1] INFO  Holly--[18760] [(null)] - [Main][UpdatAgentDB] 更新客服状态表AS4_置忙
2016-06-28 11:11:07,798 [1] INFO  Holly--[18760] [(null)] - [Main][UpdatAgentDB] 插入CAgent表
2016-06-28 11:11:07,813 [1] INFO  Holly--[18760] [(null)] - [Main][UpdatAgentDB] 插入新的状态 PreOid....IS:3
2016-06-28 11:11:07,814 [1] INFO  Holly--[18760] [(null)] - [@@@厂家消息通知@@@]OnMessage ：厂家状态(CurStatus：16；CurStatusName：休息；)厂家消息(休息开始。)程序状态(PS05_休息)
2016-06-28 11:11:07,825 [1] INFO  Holly--[18760] [(null)] - [HollyContactHelper] 获取厂家信息 ==落地号码->
2016-06-28 11:11:07,825 [1] INFO  Holly--[18760] [(null)] - [Main][UpdatAgentDB] 更新客服状态表AS3_置闲
2016-06-28 11:11:07,843 [1] INFO  Holly--[18760] [(null)] - [Main][UpdatAgentDB] 更新上一个状态的结束时间 PreOid....IS:3
2016-06-28 11:11:07,873 [1] INFO  Holly--[18760] [(null)] - [Main][UpdatAgentDB] 插入新的状态 PreOid....IS:4
2016-06-28 11:11:07,874 [1] INFO  Holly--[18760] [(null)] - [@@@厂家消息通知@@@]OnMessage ：厂家状态(CurStatus：16；CurStatusName：休息；)厂家消息(示闲成功。)程序状态(PS05_休息)
2016-06-28 11:11:07,881 [1] INFO  Holly--[18760] [(null)] - [HollyContactHelper] 获取厂家信息 ==落地号码->
2016-06-28 11:11:07,881 [1] INFO  Holly--[18760] [(null)] - [Main][UpdatAgentDB] 更新客服状态表AS4_置忙
2016-06-28 11:11:07,885 [1] INFO  Holly--[18760] [(null)] - [Main][UpdatAgentDB] 更新上一个状态的结束时间 PreOid....IS:4
2016-06-28 11:11:07,962 [1] INFO  Holly--[18760] [(null)] - [Main][UpdatAgentDB] 插入新的状态 PreOid....IS:5
2016-06-28 11:11:07,963 [1] INFO  Holly--[18760] [(null)] - [@@@厂家消息通知@@@]OnMessage ：厂家状态(CurStatus：16；CurStatusName：休息；)厂家消息(签入成功。)程序状态(PS05_休息)
2016-06-28 11:11:22,701 [1] INFO  Holly--[18760] [(null)] - [MainJs] [SendToWeb] 发送网页消息：0 次数，指定页面ID：WebPage00001
2016-06-28 11:11:22,704 [1] INFO  Holly--[18760] [(null)] - [MainUI] [SendMesToWeb] 获取到了当前指定webPageID的页面：WebPage00001
2016-06-28 11:11:22,705 [1] INFO  Holly--[18760] [(null)] - [MainJs] [SendMesToWeb] CTIEventMsg msg：UserEvent=Notice&Action=SaveWindowsName&Data=WebPage00001&outBoundType=-2
2016-06-28 11:11:33,380 [1] INFO  Holly--[18760] [(null)] - [MainJs] [MethodScript] urlPath /browsercontrol/newpage?url=http%3a%2f%2ftest1.easyop.bitauto.com%2fEPCustomerServiceWorkOrder%2fauthorize.ashx%3fusername%3dmasj%26sign%3d92AD0119E64F3F00A9665F5002A7F8C6%26r%3d4300
2016-06-28 11:11:33,386 [1] INFO  Holly--[18760] [(null)] - [MainUI] [NewPageForReq] address is:http://test1.easyop.bitauto.com/EPCustomerServiceWorkOrder/authorize.ashx?username=masj&sign=92AD0119E64F3F00A9665F5002A7F8C6&r=4300
2016-06-28 11:11:33,403 [1] INFO  Holly--[18760] [(null)] - [MainUI] [ShowTabPagesLog] 全部页面 客户核实=WebPage00001(); 新增页=WebPage00002(WebPage00001); 
2016-06-28 11:11:33,508 [1] INFO  Holly--[18760] [(null)] - [MainJs] [MethodScript] 命令调用完成，返回结果=ok
2016-06-28 11:11:33,935 [1] INFO  Holly--[18760] [(null)] - [MainJs] [SendToWeb] 发送网页消息：0 次数，指定页面ID：WebPage00002
2016-06-28 11:11:33,935 [1] INFO  Holly--[18760] [(null)] - [MainUI] [SendMesToWeb] 获取到了当前指定webPageID的页面：WebPage00002
2016-06-28 11:11:33,936 [1] INFO  Holly--[18760] [(null)] - [MainJs] [SendMesToWeb] CTIEventMsg msg：UserEvent=Notice&Action=SaveWindowsName&Data=WebPage00002&outBoundType=-2
2016-06-28 11:11:39,530 [1] INFO  Holly--[18760] [(null)] - [MainUI] [GetTabControlTabPagesCount] 可用页面数量=2
2016-06-28 11:11:39,763 [1] INFO  Holly--[18760] [(null)] - [MainUI] [SelectedIndexChanged] [切换页面] WebPage00001
2016-06-28 11:11:39,764 [1] INFO  Holly--[18760] [(null)] - [MainUI] 手动关闭页面=WebPage00002
2016-06-28 11:11:39,764 [1] INFO  Holly--[18760] [(null)] - [MainUI] [ShowTabPagesLog] 全部页面 客户核实=WebPage00001(); 
2016-06-28 11:11:41,928 [1] INFO  Holly--[18760] [(null)] - [MainJs] [MethodScript] urlPath /browsercontrol/newpage?url=http%3a%2f%2ftest1.easyop.bitauto.com%2fEPCustomerServiceWorkOrder%2fauthorize.ashx%3fusername%3dmasj%26sign%3dA562B67B8744F88B9A9FCF16C2CF49AA%26r%3d8646
2016-06-28 11:11:41,929 [1] INFO  Holly--[18760] [(null)] - [MainUI] [NewPageForReq] address is:http://test1.easyop.bitauto.com/EPCustomerServiceWorkOrder/authorize.ashx?username=masj&sign=A562B67B8744F88B9A9FCF16C2CF49AA&r=8646
2016-06-28 11:11:41,952 [1] INFO  Holly--[18760] [(null)] - [MainUI] [ShowTabPagesLog] 全部页面 客户核实=WebPage00001(); 新增页=WebPage00003(WebPage00001); 
2016-06-28 11:11:42,417 [1] INFO  Holly--[18760] [(null)] - [MainJs] [MethodScript] 命令调用完成，返回结果=ok
2016-06-28 11:11:42,751 [1] INFO  Holly--[18760] [(null)] - [MainJs] [SendToWeb] 发送网页消息：0 次数，指定页面ID：WebPage00003
2016-06-28 11:11:42,752 [1] INFO  Holly--[18760] [(null)] - [MainUI] [SendMesToWeb] 获取到了当前指定webPageID的页面：WebPage00003
2016-06-28 11:11:42,752 [1] INFO  Holly--[18760] [(null)] - [MainJs] [SendMesToWeb] CTIEventMsg msg：UserEvent=Notice&Action=SaveWindowsName&Data=WebPage00003&outBoundType=-2
2016-06-28 11:11:43,863 [1] INFO  Holly--[18760] [(null)] - [MainUI] [GetTabControlTabPagesCount] 可用页面数量=2
2016-06-28 11:11:43,924 [1] INFO  Holly--[18760] [(null)] - [MainUI] [SelectedIndexChanged] [切换页面] WebPage00001
2016-06-28 11:11:43,924 [1] INFO  Holly--[18760] [(null)] - [MainUI] 手动关闭页面=WebPage00003
2016-06-28 11:11:43,924 [1] INFO  Holly--[18760] [(null)] - [MainUI] [ShowTabPagesLog] 全部页面 客户核实=WebPage00001(); 
2016-06-28 11:11:44,885 [1] INFO  Holly--[18760] [(null)] - [MainJs] [MethodScript] urlPath /browsercontrol/newpage?url=http%3a%2f%2ftest1.easyop.bitauto.com%2fEPCustomerServiceWorkOrder%2fauthorize.ashx%3fusername%3dmasj%26sign%3d6383AA9E1516BD19ADC35838F09D4EAE%26r%3d4428
2016-06-28 11:11:44,885 [1] INFO  Holly--[18760] [(null)] - [MainUI] [NewPageForReq] address is:http://test1.easyop.bitauto.com/EPCustomerServiceWorkOrder/authorize.ashx?username=masj&sign=6383AA9E1516BD19ADC35838F09D4EAE&r=4428
2016-06-28 11:11:44,898 [1] INFO  Holly--[18760] [(null)] - [MainUI] [ShowTabPagesLog] 全部页面 客户核实=WebPage00001(); 新增页=WebPage00004(WebPage00001); 
2016-06-28 11:11:44,935 [1] INFO  Holly--[18760] [(null)] - [MainJs] [MethodScript] 命令调用完成，返回结果=ok
2016-06-28 11:11:45,895 [1] INFO  Holly--[18760] [(null)] - [MainJs] [SendToWeb] 发送网页消息：0 次数，指定页面ID：WebPage00004
2016-06-28 11:11:45,895 [1] INFO  Holly--[18760] [(null)] - [MainUI] [SendMesToWeb] 获取到了当前指定webPageID的页面：WebPage00004
2016-06-28 11:11:45,896 [1] INFO  Holly--[18760] [(null)] - [MainJs] [SendMesToWeb] CTIEventMsg msg：UserEvent=Notice&Action=SaveWindowsName&Data=WebPage00004&outBoundType=-2
2016-06-28 11:11:47,030 [1] INFO  Holly--[18760] [(null)] - [MainUI] [GetTabControlTabPagesCount] 可用页面数量=2
2016-06-28 11:11:47,077 [1] INFO  Holly--[18760] [(null)] - [MainUI] [SelectedIndexChanged] [切换页面] WebPage00001
2016-06-28 11:11:47,077 [1] INFO  Holly--[18760] [(null)] - [MainUI] 手动关闭页面=WebPage00004
2016-06-28 11:11:47,077 [1] INFO  Holly--[18760] [(null)] - [MainUI] [ShowTabPagesLog] 全部页面 客户核实=WebPage00001(); 
2016-06-28 11:11:48,573 [1] INFO  Holly--[18760] [(null)] - [MainJs] [MethodScript] urlPath /browsercontrol/newpage?url=http%3a%2f%2fmanage2.market.bitauto.com%2fyichehuiccadmin%3fsign%3dE48A29D7292450D974CC26C205C7C260%26userid%3d10658
2016-06-28 11:11:48,574 [1] INFO  Holly--[18760] [(null)] - [MainUI] [NewPageForReq] address is:http://manage2.market.bitauto.com/yichehuiccadmin?sign=E48A29D7292450D974CC26C205C7C260&userid=10658
2016-06-28 11:11:48,588 [1] INFO  Holly--[18760] [(null)] - [MainUI] [ShowTabPagesLog] 全部页面 客户核实=WebPage00001(); 新增页=WebPage00005(WebPage00001); 
2016-06-28 11:11:48,877 [1] INFO  Holly--[18760] [(null)] - [MainJs] [MethodScript] 命令调用完成，返回结果=ok
2016-06-28 11:11:54,021 [1] INFO  Holly--[18760] [(null)] - [MainUI] [SelectedIndexChanged] [切换页面] WebPage00001
2016-06-28 11:11:57,357 [1] INFO  Holly--[18760] [(null)] - [MainUI] [GetTabControlTabPagesCount] 可用页面数量=2
2016-06-28 11:11:57,459 [1] INFO  Holly--[18760] [(null)] - [MainUI] [SelectedIndexChanged] [切换页面] WebPage00001
2016-06-28 11:11:57,459 [1] INFO  Holly--[18760] [(null)] - [MainUI] 手动关闭页面=WebPage00005
2016-06-28 11:11:57,459 [1] INFO  Holly--[18760] [(null)] - [MainUI] [ShowTabPagesLog] 全部页面 客户核实=WebPage00001(); 
2016-06-28 11:11:58,741 [1] INFO  Holly--[18760] [(null)] - [MainJs] [MethodScript] urlPath /browsercontrol/newpage?url=http%3a%2f%2fhdcc.test.yiche.com%2flogins%3fu%3d10658%26sign%3d29b8991385c0271ec11e8ed94fa683b6
2016-06-28 11:11:58,741 [1] INFO  Holly--[18760] [(null)] - [MainUI] [NewPageForReq] address is:http://hdcc.test.yiche.com/logins?u=10658&sign=29b8991385c0271ec11e8ed94fa683b6
2016-06-28 11:11:58,756 [1] INFO  Holly--[18760] [(null)] - [MainUI] [ShowTabPagesLog] 全部页面 客户核实=WebPage00001(); 新增页=WebPage00006(WebPage00001); 
2016-06-28 11:11:58,867 [1] INFO  Holly--[18760] [(null)] - [MainJs] [MethodScript] 命令调用完成，返回结果=ok
2016-06-28 11:12:00,117 [1] INFO  Holly--[18760] [(null)] - [MainUI] [SelectedIndexChanged] [切换页面] WebPage00001
2016-06-28 11:12:01,670 [1] INFO  Holly--[18760] [(null)] - [MainJs] [MethodScript] urlPath /browsercontrol/newpage?url=http%3a%2f%2ftestcc.chedai.bitauto.com%2fAccount%2fLogOn%3fu%3d10658%26sign%3d0E9CC036EF0F5B06
2016-06-28 11:12:01,670 [1] INFO  Holly--[18760] [(null)] - [MainUI] [NewPageForReq] address is:http://testcc.chedai.bitauto.com/Account/LogOn?u=10658&sign=0E9CC036EF0F5B06
2016-06-28 11:12:01,693 [1] INFO  Holly--[18760] [(null)] - [MainUI] [ShowTabPagesLog] 全部页面 客户核实=WebPage00001(); 新增页=WebPage00006(WebPage00001); 新增页=WebPage00007(WebPage00001); 
2016-06-28 11:12:01,776 [1] INFO  Holly--[18760] [(null)] - [MainJs] [MethodScript] 命令调用完成，返回结果=ok
2016-06-28 11:12:02,535 [1] INFO  Holly--[18760] [(null)] - [MainUI] [SelectedIndexChanged] [切换页面] WebPage00001
2016-06-28 11:12:03,824 [1] INFO  Holly--[18760] [(null)] - [MainJs] [MethodScript] urlPath /browsercontrol/newpage?url=/CustBaseInfo/GoToTaoCheBZC.aspx?menu=1
2016-06-28 11:12:03,824 [1] INFO  Holly--[18760] [(null)] - [MainUI] [NewPageForReq] address is:/CustBaseInfo/GoToTaoCheBZC.aspx?menu=1
2016-06-28 11:12:03,841 [1] INFO  Holly--[18760] [(null)] - [MainUI] [ShowTabPagesLog] 全部页面 客户核实=WebPage00001(); 新增页=WebPage00006(WebPage00001); 新增页=WebPage00007(WebPage00001); 新增页=WebPage00008(WebPage00001); 
2016-06-28 11:12:03,889 [1] INFO  Holly--[18760] [(null)] - [MainJs] [MethodScript] 命令调用完成，返回结果=ok
2016-06-28 11:12:04,904 [1] INFO  Holly--[18760] [(null)] - [MainUI] [SelectedIndexChanged] [切换页面] WebPage00001
2016-06-28 11:12:06,176 [1] INFO  Holly--[18760] [(null)] - [客户端推送日志信息] 开始
2016-06-28 11:12:08,262 [1] INFO  Holly--[18760] [(null)] - [客户端推送日志信息] 获取到请求数：0
2016-06-28 11:12:20,786 [1] INFO  Holly--[18760] [(null)] - [MainJs] [SendToWeb] 发送网页消息：0 次数，指定页面ID：WebPage00006
2016-06-28 11:12:20,786 [1] INFO  Holly--[18760] [(null)] - [MainUI] [SendMesToWeb] 获取到了当前指定webPageID的页面：WebPage00006
2016-06-28 11:12:20,787 [1] INFO  Holly--[18760] [(null)] - [MainJs] [SendMesToWeb] CTIEventMsg msg：UserEvent=Notice&Action=SaveWindowsName&Data=WebPage00006&outBoundType=-2
2016-06-28 11:12:24,367 [1] INFO  Holly--[18760] [(null)] - [MainJs] [SendToWeb] 发送网页消息：0 次数，指定页面ID：WebPage00008
2016-06-28 11:12:24,367 [1] INFO  Holly--[18760] [(null)] - [MainUI] [SendMesToWeb] 获取到了当前指定webPageID的页面：WebPage00008
2016-06-28 11:12:24,367 [1] INFO  Holly--[18760] [(null)] - [MainJs] [SendMesToWeb] CTIEventMsg msg：UserEvent=Notice&Action=SaveWindowsName&Data=WebPage00008&outBoundType=-2
2016-06-28 11:12:26,355 [1] INFO  Holly--[18760] [(null)] - [MainUI] [SelectedIndexChanged] [切换页面] WebPage00008
2016-06-28 11:12:27,647 [1] INFO  Holly--[18760] [(null)] - [MainUI] [GetTabControlTabPagesCount] 可用页面数量=4
2016-06-28 11:12:27,709 [1] INFO  Holly--[18760] [(null)] - [MainUI] [SelectedIndexChanged] [切换页面] WebPage00001
2016-06-28 11:12:27,709 [1] INFO  Holly--[18760] [(null)] - [MainUI] 手动关闭页面=WebPage00008
2016-06-28 11:12:27,710 [1] INFO  Holly--[18760] [(null)] - [MainUI] [ShowTabPagesLog] 全部页面 客户核实=WebPage00001(); 导航已取消=WebPage00006(WebPage00001); 新增页=WebPage00007(WebPage00001); 
2016-06-28 11:12:29,679 [1] INFO  Holly--[18760] [(null)] - [MainUI] [SelectedIndexChanged] [切换页面] WebPage00006
2016-06-28 11:12:30,385 [1] INFO  Holly--[18760] [(null)] - [MainUI] [GetTabControlTabPagesCount] 可用页面数量=3
2016-06-28 11:12:30,459 [1] INFO  Holly--[18760] [(null)] - [MainUI] [SelectedIndexChanged] [切换页面] WebPage00001
2016-06-28 11:12:30,459 [1] INFO  Holly--[18760] [(null)] - [MainUI] 手动关闭页面=WebPage00006
2016-06-28 11:12:30,459 [1] INFO  Holly--[18760] [(null)] - [MainUI] [ShowTabPagesLog] 全部页面 客户核实=WebPage00001(); 新增页=WebPage00007(WebPage00001); 
2016-06-28 11:12:31,875 [1] INFO  Holly--[18760] [(null)] - [MainUI] [GetTabControlTabPagesCount] 可用页面数量=2
2016-06-28 11:12:31,922 [1] INFO  Holly--[18760] [(null)] - [MainUI] [SelectedIndexChanged] [切换页面] WebPage00001
2016-06-28 11:12:31,922 [1] INFO  Holly--[18760] [(null)] - [MainUI] 手动关闭页面=WebPage00007
2016-06-28 11:12:31,923 [1] INFO  Holly--[18760] [(null)] - [MainUI] [ShowTabPagesLog] 全部页面 客户核实=WebPage00001(); 
2016-06-28 11:12:36,192 [1] INFO  Holly--[18760] [(null)] - [MainJs] [MethodScript] urlPath /browsercontrol/newpage?url=http%3a%2f%2fmanage2.market.bitauto.com%2fyichehuiccadmin%3fsign%3dE48A29D7292450D974CC26C205C7C260%26userid%3d10658
2016-06-28 11:12:36,192 [1] INFO  Holly--[18760] [(null)] - [MainUI] [NewPageForReq] address is:http://manage2.market.bitauto.com/yichehuiccadmin?sign=E48A29D7292450D974CC26C205C7C260&userid=10658
2016-06-28 11:12:36,208 [1] INFO  Holly--[18760] [(null)] - [MainUI] [ShowTabPagesLog] 全部页面 客户核实=WebPage00001(); 新增页=WebPage00009(WebPage00001); 
2016-06-28 11:12:36,245 [1] INFO  Holly--[18760] [(null)] - [MainJs] [MethodScript] 命令调用完成，返回结果=ok
2016-06-28 11:12:37,562 [1] INFO  Holly--[18760] [(null)] - [MainUI] [SelectedIndexChanged] [切换页面] WebPage00001
2016-06-28 11:12:45,032 [1] INFO  Holly--[18760] [(null)] - [MainJs] [MethodScript] urlPath /browsercontrol/newpage?url=http://op.maiche.biz/customerservice/login.aspx?p%3duvA1aKHVQnjlERfjFTFf8cLhfVOYCQmpcj4TIw9ogZc2eeBNkocwUJ7OvZFgBM7C8ivmxVqj18zwkbVL%2fxhEZoiO8wk9lQNViCSsVQyk6iQP59obNtESPDCeRBnSDlIG7mMhQZdHmTs%3d%26sign%3d3f8878fc89b3e9539ad567e9b4dd2d51%26appid%3d2%26tokenid%3d898069a7-65fe-478a-9ada-fcff08021779
2016-06-28 11:12:45,032 [1] INFO  Holly--[18760] [(null)] - [MainUI] [NewPageForReq] address is:http://op.maiche.biz/customerservice/login.aspx?p=uvA1aKHVQnjlERfjFTFf8cLhfVOYCQmpcj4TIw9ogZc2eeBNkocwUJ7OvZFgBM7C8ivmxVqj18zwkbVL/xhEZoiO8wk9lQNViCSsVQyk6iQP59obNtESPDCeRBnSDlIG7mMhQZdHmTs=&sign=3f8878fc89b3e9539ad567e9b4dd2d51&appid=2&tokenid=898069a7-65fe-478a-9ada-fcff08021779
2016-06-28 11:12:45,048 [1] INFO  Holly--[18760] [(null)] - [MainUI] [ShowTabPagesLog] 全部页面 客户核实=WebPage00001(); 新增页=WebPage00009(WebPage00001); 新增页=WebPage00010(WebPage00001); 
2016-06-28 11:12:45,061 [1] INFO  Holly--[18760] [(null)] - [MainJs] [MethodScript] 命令调用完成，返回结果=ok
2016-06-28 11:12:46,876 [1] INFO  Holly--[18760] [(null)] - [MainJs] [SendToWeb] 发送网页消息：0 次数，指定页面ID：WebPage00010
2016-06-28 11:12:46,876 [1] INFO  Holly--[18760] [(null)] - [MainUI] [SendMesToWeb] 获取到了当前指定webPageID的页面：WebPage00010
2016-06-28 11:12:46,877 [1] INFO  Holly--[18760] [(null)] - [MainJs] [SendMesToWeb] CTIEventMsg msg：UserEvent=Notice&Action=SaveWindowsName&Data=WebPage00010&outBoundType=-2
2016-06-28 11:12:50,600 [1] INFO  Holly--[18760] [(null)] - [MainUI] [GetTabControlTabPagesCount] 可用页面数量=3
2016-06-28 11:12:50,660 [1] INFO  Holly--[18760] [(null)] - [MainUI] [SelectedIndexChanged] [切换页面] WebPage00001
2016-06-28 11:12:50,660 [1] INFO  Holly--[18760] [(null)] - [MainUI] 手动关闭页面=WebPage00010
2016-06-28 11:12:50,660 [1] INFO  Holly--[18760] [(null)] - [MainUI] [ShowTabPagesLog] 全部页面 客户核实=WebPage00001(); 新增页=WebPage00009(WebPage00001); 
2016-06-28 11:12:55,599 [1] INFO  Holly--[18760] [(null)] - [MainUI] [GetTabControlTabPagesCount] 可用页面数量=2
2016-06-28 11:12:55,637 [1] INFO  Holly--[18760] [(null)] - [MainUI] [SelectedIndexChanged] [切换页面] WebPage00001
2016-06-28 11:12:55,637 [1] INFO  Holly--[18760] [(null)] - [MainUI] 手动关闭页面=WebPage00009
2016-06-28 11:12:55,637 [1] INFO  Holly--[18760] [(null)] - [MainUI] [ShowTabPagesLog] 全部页面 客户核实=WebPage00001(); 
2016-06-28 11:12:57,367 [1] INFO  Holly--[18760] [(null)] - [登录登出模块] ExitLogin() Begin...
2016-06-28 11:12:57,435 [1] INFO  Holly--[18760] [(null)] - [登录登出模块]DeleteAgentStateToDB...客服退出时 LoginOnOid....IS:2
2016-06-28 11:12:57,435 [1] INFO  Holly--[18760] [(null)] - [登录登出模块]DeleteAgentStateToDB...客服退出时 GetCurrentTime()....IS:2016-06-28 11:12:57
2016-06-28 11:12:57,440 [1] INFO  Holly--[18760] [(null)] - [登录登出模块]DeleteAgentStateToDB...退出成功....
2016-06-28 11:12:57,468 [1] INFO  Holly--[18760] [(null)] - [HollyContactHelper]用户操作==签出->True
2016-06-28 11:12:57,479 [1] INFO  Holly--[18760] [(null)] - [Main] 更新上一个状态的结束时间 PreOid....IS:5
