2016-09-01 10:28:47,261 [1] INFO  Holly--[14536] [(null)] - [登录窗口]btnLogin_Click Begin...
2016-09-01 10:28:48,111 [1] INFO  Holly--[14536] [(null)] - [HollyContactHelper]ModifySoftphoneINIByDN――根据DN35197,选择的SIPServerIP为：192.168.112.205
2016-09-01 10:28:49,500 [1] INFO  Holly--[14536] [(null)] - [HollyContactHelper]用户操作==装载及初始化->True
2016-09-01 10:28:49,500 [1] INFO  Holly--[14536] [(null)] - [登录窗口]btnLogin_Click： 异步加载，回调事件中继续登录
2016-09-01 10:28:49,500 [1] INFO  Holly--[14536] [(null)] - [登录窗口]btnLogin_Click End
2016-09-01 10:28:49,578 [1] INFO  Holly--[14536] [(null)] - [@@@厂家消息通知@@@]OnMessage ：厂家状态(CurStatus：0；CurStatusName：准备就绪状态；)厂家消息(服务器已上线:UserName=AgentUser,UserGOR=48300033)程序状态(PS01_就绪)
2016-09-01 10:28:49,596 [1] INFO  Holly--[14536] [(null)] - [@@@厂家消息通知@@@]OnMessage ：厂家状态(CurStatus：0；CurStatusName：准备就绪状态；)厂家消息(服务器已上线:UserName=LSUser,UserGOR=65537)程序状态(PS01_就绪)
2016-09-01 10:28:49,649 [1] INFO  Holly--[14536] [(null)] - [@@@厂家消息通知@@@]OnMessage ：厂家状态(CurStatus：0；CurStatusName：准备就绪状态；)厂家消息(服务器已上线:UserName=ASUser,UserGOR=1245185)程序状态(PS01_就绪)
2016-09-01 10:28:49,652 [1] INFO  Holly--[14536] [(null)] - [@@@厂家消息通知@@@]OnMessage ：厂家状态(CurStatus：0；CurStatusName：准备就绪状态；)厂家消息(服务器已上线:UserName=StatEvent,UserGOR=851969)程序状态(PS01_就绪)
2016-09-01 10:28:49,654 [1] INFO  Holly--[14536] [(null)] - [@@@厂家消息通知@@@]OnMessage ：厂家状态(CurStatus：0；CurStatusName：准备就绪状态；)厂家消息(服务器已上线:UserName=StatUser,UserGOR=851970)程序状态(PS01_就绪)
2016-09-01 10:28:49,656 [1] INFO  Holly--[14536] [(null)] - [@@@厂家消息通知@@@]OnMessage ：厂家状态(CurStatus：0；CurStatusName：准备就绪状态；)厂家消息(服务器已上线:UserName=EDSUser,UserGOR=1638401)程序状态(PS01_就绪)
2016-09-01 10:28:49,656 [1] INFO  Holly--[14536] [(null)] - 当前调用Load函数，返回的服务器信息条数为：6
2016-09-01 10:28:49,703 [1] INFO  Holly--[14536] [(null)] - [登录登出模块] Login ( masj, *** , 35197 ) 
2016-09-01 10:28:49,705 [1] INFO  Holly--[14536] [(null)] - [登录登出模块] DomainAccountLogin(masj, pwd) begin...
2016-09-01 10:28:49,933 [1] INFO  Holly--[14536] [(null)] - [登录登出模块] DomainAccountLogin(masj, pwd) end.return BitAuto.Services.Organization.Remoting.Employee
2016-09-01 10:28:53,262 [1] INFO  Holly--[14536] [(null)] - [登录登出模块] InitLoginUser() Begin...
2016-09-01 10:29:29,246 [1] INFO  Holly--[14536] [(null)] - [登录登出模块] InitLoginUser() 客服登录...AgentID is:10658,AgentNum is:13001,GroupName is:惠买车支持部（IM）,OutNum is:97
2016-09-01 10:29:29,246 [1] INFO  Holly--[14536] [(null)] - [登录登出模块] InitLoginUser() End...
2016-09-01 10:29:30,401 [1] INFO  Holly--[14536] [(null)] - [HollyContactHelper]用户操作==添加技能组->1099 3
2016-09-01 10:29:30,401 [1] INFO  Holly--[14536] [(null)] - [HollyContactHelper]用户操作==添加技能组->1094 3
2016-09-01 10:29:30,401 [1] INFO  Holly--[14536] [(null)] - [HollyContactHelper]用户操作==添加技能组->1096 3
2016-09-01 10:29:30,459 [1] INFO  Holly--[14536] [(null)] - [HollyContactHelper]用户操作==签入->True
2016-09-01 10:29:30,541 [1] INFO  Holly--[14536] [(null)] - [======Common======] GetCurrentTime ：获取当前服务器时间：CC系统服务器时间：2016-09-01 10:29:30.495，客户端时间：2016-09-01 10:29:30.541，（生成）计算时间差(毫秒)：-46.0027
2016-09-01 10:29:30,763 [1] INFO  Holly--[14536] [(null)] - [登录登出模块] InsertAgentState()更新退出时间....norecord
2016-09-01 10:29:30,853 [1] INFO  Holly--[14536] [(null)] - [登录登出模块] InsertAgentState()登录状态LoginOnOid....is:1
2016-09-01 10:29:30,853 [1] INFO  Holly--[14536] [(null)] - [登录登出模块] Login(masj, pwd, 35197) End.
2016-09-01 10:29:31,588 [1] INFO  Holly--[14536] [(null)] - [InitMainForm] 开始验证监控权限
2016-09-01 10:29:31,687 [1] INFO  Holly--[14536] [(null)] - [InitMainForm] 有 监控权限
2016-09-01 10:28:55,001 [1] INFO  Holly--[14536] [(null)] - [@@@厂家消息通知@@@]OnMessage ：厂家状态(CurStatus：0；CurStatusName：准备就绪状态；)厂家消息(座席签入成功)程序状态(PS01_就绪)
2016-09-01 10:28:55,068 [1] INFO  Holly--[14536] [(null)] - [事件][OnSignInSuccess] 签入成功事件
2016-09-01 10:28:55,069 [1] INFO  Holly--[14536] [(null)] - [======Common======] GetCurrentTime ：获取当前服务器时间：CC系统服务器时间：2016-09-01 10:28:55.023，客户端时间：2016-09-01 10:28:55.069，（现有）计算时间差(毫秒)：-46.0027
2016-09-01 10:28:55,092 [1] INFO  Holly--[14536] [(null)] - [登录登出模块] InsertAgentState()更新退出时间....initmsg
2016-09-01 10:28:55,100 [1] INFO  Holly--[14536] [(null)] - [登录登出模块] InsertAgentState()登录状态LoginOnOid....is:2
2016-09-01 10:28:55,102 [1] INFO  Holly--[14536] [(null)] - [@@@厂家消息通知@@@]OnMessage ：厂家状态(CurStatus：2；CurStatusName：置忙；)厂家消息(状态改变：准备就绪状态-->置忙)程序状态(PS04_置忙)
2016-09-01 10:28:55,103 [1] INFO  Holly--[14536] [(null)] - [>>>厂家状态变化<<<]OnStatusChange ：PS01_就绪(0) -> PS04_置忙(2)
2016-09-01 10:28:55,132 [1] INFO  Holly--[14536] [(null)] - [HollyContactHelper]用户操作==置闲->True
2016-09-01 10:28:55,382 [1] INFO  Holly--[14536] [(null)] - [HollyContactHelper]用户操作==休息(BS0_自动)->True
2016-09-01 10:28:55,383 [1] INFO  Holly--[14536] [(null)] - [事件][AxUniSoftPhone_OnStatusChange] 状态变化事件
2016-09-01 10:28:55,386 [3] INFO  Holly--[14536] [(null)] - [Main][UpdatAgentDB] 更新客服状态表AS4_置忙
2016-09-01 10:28:55,386 [3] INFO  Holly--[14536] [(null)] - [======Common======] GetCurrentTime ：获取当前服务器时间：CC系统服务器时间：2016-09-01 10:28:55.340，客户端时间：2016-09-01 10:28:55.386，（现有）计算时间差(毫秒)：-46.0027
2016-09-01 10:28:55,387 [1] INFO  Holly--[14536] [(null)] - [Main][SetMainStatus]设置状态：PS04_置忙(BS0_自动)
2016-09-01 10:28:55,586 [3] INFO  Holly--[14536] [(null)] - [Main][UpdatAgentDB] 插入CAgent表
2016-09-01 10:28:55,597 [3] INFO  Holly--[14536] [(null)] - [Main][UpdatAgentDB] 插入新的状态 PreOid....IS:3
2016-09-01 10:28:55,684 [1] INFO  Holly--[14536] [(null)] - [@@@厂家消息通知@@@]OnMessage ：厂家状态(CurStatus：1；CurStatusName：空闲；)厂家消息(状态改变：置忙-->空闲)程序状态(PS03_置闲)
2016-09-01 10:28:55,684 [1] INFO  Holly--[14536] [(null)] - [>>>厂家状态变化<<<]OnStatusChange ：PS04_置忙(2) -> PS03_置闲(1)
2016-09-01 10:28:55,684 [1] INFO  Holly--[14536] [(null)] - [事件][AxUniSoftPhone_OnStatusChange] 状态变化事件
2016-09-01 10:28:55,685 [1] INFO  Holly--[14536] [(null)] - [Main][SetMainStatus]设置状态：PS03_置闲
2016-09-01 10:28:55,685 [3] INFO  Holly--[14536] [(null)] - [Main][UpdatAgentDB] 更新客服状态表AS3_置闲
2016-09-01 10:28:55,685 [3] INFO  Holly--[14536] [(null)] - [======Common======] GetCurrentTime ：获取当前服务器时间：CC系统服务器时间：2016-09-01 10:28:55.639，客户端时间：2016-09-01 10:28:55.685，（现有）计算时间差(毫秒)：-46.0027
2016-09-01 10:28:55,690 [1] INFO  Holly--[14536] [(null)] - [@@@厂家消息通知@@@]OnMessage ：厂家状态(CurStatus：16；CurStatusName：休息；)厂家消息(状态改变：空闲-->休息)程序状态(PS05_休息)
2016-09-01 10:28:55,690 [1] INFO  Holly--[14536] [(null)] - [>>>厂家状态变化<<<]OnStatusChange ：PS03_置闲(1) -> PS05_休息(16)
2016-09-01 10:28:55,690 [1] INFO  Holly--[14536] [(null)] - [事件][AxUniSoftPhone_OnStatusChange] 状态变化事件
2016-09-01 10:28:55,691 [1] INFO  Holly--[14536] [(null)] - [Main][SetMainStatus]设置状态：PS05_休息
2016-09-01 10:28:55,691 [11] INFO  Holly--[14536] [(null)] - [Main][UpdatAgentDB] 更新客服状态表AS4_置忙
2016-09-01 10:28:55,691 [11] INFO  Holly--[14536] [(null)] - [======Common======] GetCurrentTime ：获取当前服务器时间：CC系统服务器时间：2016-09-01 10:28:55.645，客户端时间：2016-09-01 10:28:55.691，（现有）计算时间差(毫秒)：-46.0027
2016-09-01 10:28:55,761 [11] INFO  Holly--[14536] [(null)] - [Main][UpdatAgentDB] 更新上一个状态的结束时间 PreOid....IS:3,结束时间为：2016-9-1 10:28:55
2016-09-01 10:28:55,761 [3] INFO  Holly--[14536] [(null)] - [Main][UpdatAgentDB] 更新上一个状态的结束时间 PreOid....IS:3,结束时间为：2016-9-1 10:28:55
2016-09-01 10:28:55,773 [3] INFO  Holly--[14536] [(null)] - [Main][UpdatAgentDB] 插入新的状态 PreOid....IS:5
2016-09-01 10:28:55,773 [11] INFO  Holly--[14536] [(null)] - [Main][UpdatAgentDB] 插入新的状态 PreOid....IS:4
2016-09-01 10:28:55,880 [1] INFO  Holly--[14536] [(null)] - [HollyContactHelper] 获取厂家信息 ==落地号码->
2016-09-01 10:28:55,882 [1] INFO  Holly--[14536] [(null)] - [@@@厂家消息通知@@@]OnMessage ：厂家状态(CurStatus：16；CurStatusName：休息；)厂家消息(休息开始。)程序状态(PS05_休息)
2016-09-01 10:28:55,886 [1] INFO  Holly--[14536] [(null)] - [HollyContactHelper] 获取厂家信息 ==落地号码->
2016-09-01 10:28:55,887 [1] INFO  Holly--[14536] [(null)] - [@@@厂家消息通知@@@]OnMessage ：厂家状态(CurStatus：16；CurStatusName：休息；)厂家消息(示闲成功。)程序状态(PS05_休息)
2016-09-01 10:28:55,891 [1] INFO  Holly--[14536] [(null)] - [HollyContactHelper] 获取厂家信息 ==落地号码->
2016-09-01 10:28:55,891 [1] INFO  Holly--[14536] [(null)] - [@@@厂家消息通知@@@]OnMessage ：厂家状态(CurStatus：16；CurStatusName：休息；)厂家消息(签入成功。)程序状态(PS05_休息)
2016-09-01 10:29:11,865 [1] INFO  Holly--[14536] [(null)] - [MainJs] [SendToWeb] 发送网页消息：0 次数，指定页面ID：WebPage00001
2016-09-01 10:29:11,870 [1] INFO  Holly--[14536] [(null)] - [MainUI] [SendMesToWeb] 获取到了当前指定webPageID的页面：WebPage00001
2016-09-01 10:29:11,899 [1] INFO  Holly--[14536] [(null)] - [MainJs] [SendMesToWeb] CTIEventMsg msg：UserEvent=Notice&Action=SaveWindowsName&Data=WebPage00001&outBoundType=-2
2016-09-01 10:29:54,511 [1] INFO  Holly--[14536] [(null)] - [客户端推送日志信息] 开始
2016-09-01 10:29:56,550 [1] INFO  Holly--[14536] [(null)] - [客户端推送日志信息] 获取到请求数：0
2016-09-01 10:30:56,563 [1] INFO  Holly--[14536] [(null)] - [客户端推送日志信息] 开始
2016-09-01 10:30:56,573 [1] INFO  Holly--[14536] [(null)] - [客户端推送日志信息] 获取到请求数：0
2016-09-01 10:31:54,452 [1] INFO  Holly--[14536] [(null)] - [***MDBFileHelper***][AdditionalRecording] 补录数据
2016-09-01 10:31:56,591 [1] INFO  Holly--[14536] [(null)] - [客户端推送日志信息] 开始
2016-09-01 10:31:56,600 [1] INFO  Holly--[14536] [(null)] - [客户端推送日志信息] 获取到请求数：0
2016-09-01 10:32:56,603 [1] INFO  Holly--[14536] [(null)] - [客户端推送日志信息] 开始
2016-09-01 10:32:56,614 [1] INFO  Holly--[14536] [(null)] - [客户端推送日志信息] 获取到请求数：0
2016-09-01 10:33:54,433 [1] INFO  Holly--[14536] [(null)] - [======Common======] GetCurrentTime ：获取当前服务器时间：CC系统服务器时间：2016-09-01 10:33:54.431，客户端时间：2016-09-01 10:33:54.432，（生成）计算时间差(毫秒)：-1
2016-09-01 10:33:54,433 [1] INFO  Holly--[14536] [(null)] - [Main]timer_LoginTime_Tick LoginOnOid=2
2016-09-01 10:33:56,619 [1] INFO  Holly--[14536] [(null)] - [客户端推送日志信息] 开始
2016-09-01 10:33:56,627 [1] INFO  Holly--[14536] [(null)] - [客户端推送日志信息] 获取到请求数：0
2016-09-01 10:34:55,105 [1] INFO  Holly--[14536] [(null)] - [***MDBFileHelper***][AdditionalRecording] 补录数据
2016-09-01 10:34:56,631 [1] INFO  Holly--[14536] [(null)] - [客户端推送日志信息] 开始
2016-09-01 10:34:56,684 [1] INFO  Holly--[14536] [(null)] - [客户端推送日志信息] 获取到请求数：0
2016-09-01 10:35:56,694 [1] INFO  Holly--[14536] [(null)] - [客户端推送日志信息] 开始
2016-09-01 10:35:56,810 [1] INFO  Holly--[14536] [(null)] - [客户端推送日志信息] 获取到请求数：0
2016-09-01 10:36:56,815 [1] INFO  Holly--[14536] [(null)] - [客户端推送日志信息] 开始
2016-09-01 10:36:56,867 [1] INFO  Holly--[14536] [(null)] - [客户端推送日志信息] 获取到请求数：0
2016-09-01 10:37:55,161 [1] INFO  Holly--[14536] [(null)] - [***MDBFileHelper***][AdditionalRecording] 补录数据
2016-09-01 10:37:56,875 [1] INFO  Holly--[14536] [(null)] - [客户端推送日志信息] 开始
2016-09-01 10:37:56,884 [1] INFO  Holly--[14536] [(null)] - [客户端推送日志信息] 获取到请求数：0
2016-09-01 10:38:54,456 [1] INFO  Holly--[14536] [(null)] - [======Common======] GetCurrentTime ：获取当前服务器时间：CC系统服务器时间：2016-09-01 10:38:54.455，客户端时间：2016-09-01 10:38:54.456，（现有）计算时间差(毫秒)：-1
2016-09-01 10:38:54,456 [1] INFO  Holly--[14536] [(null)] - [Main]timer_LoginTime_Tick LoginOnOid=2
2016-09-01 10:38:56,888 [1] INFO  Holly--[14536] [(null)] - [客户端推送日志信息] 开始
2016-09-01 10:38:56,898 [1] INFO  Holly--[14536] [(null)] - [客户端推送日志信息] 获取到请求数：0
2016-09-01 10:39:56,901 [1] INFO  Holly--[14536] [(null)] - [客户端推送日志信息] 开始
2016-09-01 10:39:56,954 [1] INFO  Holly--[14536] [(null)] - [客户端推送日志信息] 获取到请求数：0
2016-09-01 10:40:55,215 [1] INFO  Holly--[14536] [(null)] - [***MDBFileHelper***][AdditionalRecording] 补录数据
2016-09-01 10:40:56,962 [1] INFO  Holly--[14536] [(null)] - [客户端推送日志信息] 开始
2016-09-01 10:40:57,010 [1] INFO  Holly--[14536] [(null)] - [客户端推送日志信息] 获取到请求数：0
2016-09-01 10:41:57,022 [1] INFO  Holly--[14536] [(null)] - [客户端推送日志信息] 开始
2016-09-01 10:41:57,074 [1] INFO  Holly--[14536] [(null)] - [客户端推送日志信息] 获取到请求数：0
2016-09-01 10:42:57,084 [1] INFO  Holly--[14536] [(null)] - [客户端推送日志信息] 开始
2016-09-01 10:42:57,132 [1] INFO  Holly--[14536] [(null)] - [客户端推送日志信息] 获取到请求数：0
2016-09-01 10:43:54,482 [1] INFO  Holly--[14536] [(null)] - [======Common======] GetCurrentTime ：获取当前服务器时间：CC系统服务器时间：2016-09-01 10:43:54.481，客户端时间：2016-09-01 10:43:54.482，（现有）计算时间差(毫秒)：-1
2016-09-01 10:43:54,483 [1] INFO  Holly--[14536] [(null)] - [Main]timer_LoginTime_Tick LoginOnOid=2
2016-09-01 10:43:55,272 [1] INFO  Holly--[14536] [(null)] - [***MDBFileHelper***][AdditionalRecording] 补录数据
2016-09-01 10:43:57,144 [1] INFO  Holly--[14536] [(null)] - [客户端推送日志信息] 开始
2016-09-01 10:43:57,153 [1] INFO  Holly--[14536] [(null)] - [客户端推送日志信息] 获取到请求数：0
2016-09-01 10:44:57,158 [1] INFO  Holly--[14536] [(null)] - [客户端推送日志信息] 开始
2016-09-01 10:44:57,207 [1] INFO  Holly--[14536] [(null)] - [客户端推送日志信息] 获取到请求数：0
2016-09-01 10:45:57,218 [1] INFO  Holly--[14536] [(null)] - [客户端推送日志信息] 开始
2016-09-01 10:45:57,267 [1] INFO  Holly--[14536] [(null)] - [客户端推送日志信息] 获取到请求数：0
2016-09-01 10:46:55,328 [1] INFO  Holly--[14536] [(null)] - [***MDBFileHelper***][AdditionalRecording] 补录数据
2016-09-01 10:46:57,278 [1] INFO  Holly--[14536] [(null)] - [客户端推送日志信息] 开始
2016-09-01 10:46:57,328 [1] INFO  Holly--[14536] [(null)] - [客户端推送日志信息] 获取到请求数：0
2016-09-01 10:47:57,340 [1] INFO  Holly--[14536] [(null)] - [客户端推送日志信息] 开始
2016-09-01 10:47:57,389 [1] INFO  Holly--[14536] [(null)] - [客户端推送日志信息] 获取到请求数：0
2016-09-01 10:48:54,500 [1] INFO  Holly--[14536] [(null)] - [======Common======] GetCurrentTime ：获取当前服务器时间：CC系统服务器时间：2016-09-01 10:48:54.499，客户端时间：2016-09-01 10:48:54.500，（现有）计算时间差(毫秒)：-1
2016-09-01 10:48:54,500 [1] INFO  Holly--[14536] [(null)] - [Main]timer_LoginTime_Tick LoginOnOid=2
2016-09-01 10:48:57,400 [1] INFO  Holly--[14536] [(null)] - [客户端推送日志信息] 开始
2016-09-01 10:48:57,408 [1] INFO  Holly--[14536] [(null)] - [客户端推送日志信息] 获取到请求数：0
2016-09-01 10:49:55,385 [1] INFO  Holly--[14536] [(null)] - [***MDBFileHelper***][AdditionalRecording] 补录数据
2016-09-01 10:49:57,413 [1] INFO  Holly--[14536] [(null)] - [客户端推送日志信息] 开始
2016-09-01 10:49:57,462 [1] INFO  Holly--[14536] [(null)] - [客户端推送日志信息] 获取到请求数：0
2016-09-01 10:50:57,474 [1] INFO  Holly--[14536] [(null)] - [客户端推送日志信息] 开始
2016-09-01 10:50:57,546 [1] INFO  Holly--[14536] [(null)] - [客户端推送日志信息] 获取到请求数：0
2016-09-01 10:51:57,563 [1] INFO  Holly--[14536] [(null)] - [客户端推送日志信息] 开始
2016-09-01 10:51:57,571 [1] INFO  Holly--[14536] [(null)] - [客户端推送日志信息] 获取到请求数：0
2016-09-01 10:52:55,441 [1] INFO  Holly--[14536] [(null)] - [***MDBFileHelper***][AdditionalRecording] 补录数据
2016-09-01 10:52:57,580 [1] INFO  Holly--[14536] [(null)] - [客户端推送日志信息] 开始
2016-09-01 10:52:57,628 [1] INFO  Holly--[14536] [(null)] - [客户端推送日志信息] 获取到请求数：0
2016-09-01 10:53:54,581 [1] INFO  Holly--[14536] [(null)] - [======Common======] GetCurrentTime ：获取当前服务器时间：CC系统服务器时间：2016-09-01 10:53:54.580，客户端时间：2016-09-01 10:53:54.581，（现有）计算时间差(毫秒)：-1
2016-09-01 10:53:54,582 [1] INFO  Holly--[14536] [(null)] - [Main]timer_LoginTime_Tick LoginOnOid=2
2016-09-01 10:53:57,638 [1] INFO  Holly--[14536] [(null)] - [客户端推送日志信息] 开始
2016-09-01 10:53:57,690 [1] INFO  Holly--[14536] [(null)] - [客户端推送日志信息] 获取到请求数：0
2016-09-01 10:54:57,700 [1] INFO  Holly--[14536] [(null)] - [客户端推送日志信息] 开始
2016-09-01 10:54:57,755 [1] INFO  Holly--[14536] [(null)] - [客户端推送日志信息] 获取到请求数：0
2016-09-01 10:55:55,499 [1] INFO  Holly--[14536] [(null)] - [***MDBFileHelper***][AdditionalRecording] 补录数据
2016-09-01 10:55:57,775 [1] INFO  Holly--[14536] [(null)] - [客户端推送日志信息] 开始
2016-09-01 10:55:57,824 [1] INFO  Holly--[14536] [(null)] - [客户端推送日志信息] 获取到请求数：0
2016-09-01 10:56:25,560 [1] INFO  Holly--[14536] [(null)] - [@@@厂家消息通知@@@]OnMessage ：厂家状态(CurStatus：16；CurStatusName：休息；)厂家消息(摘机：ContactID=20160901105708428_1_803_UIP5,CurrStatus=22,LastStatus=21,ResonCode=45,ResonDesc=CauseOffHook)程序状态(PS05_休息)
2016-09-01 10:56:25,634 [1] INFO  Holly--[14536] [(null)] - [@@@厂家消息通知@@@]OnMessage ：厂家状态(CurStatus：16；CurStatusName：休息；)厂家消息(座席话务处理)程序状态(PS05_休息)
2016-09-01 10:56:25,637 [1] INFO  Holly--[14536] [(null)] - [@@@厂家消息通知@@@]OnMessage ：厂家状态(CurStatus：16；CurStatusName：休息；)厂家消息(摘机：ContactID=20160901105708428_1_803_UIP5,CurrStatus=22,LastStatus=22,ResonCode=45,ResonDesc=CauseOffHook)程序状态(PS05_休息)
2016-09-01 10:56:25,676 [1] INFO  Holly--[14536] [(null)] - [@@@厂家消息通知@@@]OnMessage ：厂家状态(CurStatus：16；CurStatusName：休息；)厂家消息(录音开始：ContactID=20160901105708428_1_803_UIP5,ANI=35197,DNIS=86018610633045,ResonCode=77,ResonDesc=_??? (77))程序状态(PS05_休息)
2016-09-01 10:56:31,474 [1] INFO  Holly--[14536] [(null)] - [@@@厂家消息通知@@@]OnMessage ：厂家状态(CurStatus：16；CurStatusName：休息；)厂家消息(录音停止：ContactID=20160901105708428_1_803_UIP5,ANI=35197,DNIS=86018610633045,FileName=/var/spool/hollyRecord/2016/09/35197/35197_20160901105708435.mp3,TimeLen=5852,ResonCode=78,ResonDesc=_??? (78))程序状态(PS05_休息)
2016-09-01 10:56:31,697 [1] INFO  Holly--[14536] [(null)] - [@@@厂家消息通知@@@]OnMessage ：厂家状态(CurStatus：16；CurStatusName：休息；)厂家消息(话路被挂断：ContactID=20160901105708428_1_803_UIP5,CurrStatus=21,LastStatus=25,OtherParty=154256,ResonCode=16,ResonDesc=ActTpDisconnected)程序状态(PS05_休息)
2016-09-01 10:56:31,729 [1] INFO  Holly--[14536] [(null)] - [@@@厂家消息通知@@@]OnMessage ：厂家状态(CurStatus：15；CurStatusName：工作整理；)厂家消息(状态改变：休息-->工作整理)程序状态(PS06_话后)
2016-09-01 10:56:31,730 [1] INFO  Holly--[14536] [(null)] - [>>>厂家状态变化<<<]OnStatusChange ：PS05_休息(16) -> PS06_话后(15)
2016-09-01 10:56:31,730 [1] INFO  Holly--[14536] [(null)] - [事件][AxUniSoftPhone_OnStatusChange] 状态变化事件
2016-09-01 10:56:31,730 [1] INFO  Holly--[14536] [(null)] - [Main][SetMainStatus]设置状态：PS06_话后
2016-09-01 10:56:31,730 [15] INFO  Holly--[14536] [(null)] - [Main][UpdatAgentDB] 更新客服状态表AS5_话后
2016-09-01 10:56:31,731 [15] INFO  Holly--[14536] [(null)] - [======Common======] GetCurrentTime ：获取当前服务器时间：CC系统服务器时间：2016-09-01 10:56:31.730，客户端时间：2016-09-01 10:56:31.731，（现有）计算时间差(毫秒)：-1
2016-09-01 10:56:31,773 [1] INFO  Holly--[14536] [(null)] - [HollyContactHelper] 获取厂家信息 ==主叫号码->35197
2016-09-01 10:56:31,773 [1] INFO  Holly--[14536] [(null)] - [HollyContactHelper] >>>> HaoMaProcess 处理前>>>> 35197
2016-09-01 10:56:31,784 [1] INFO  Holly--[14536] [(null)] - [HollyContactHelper] >>>> HaoMaProcess 处理后>>>> 35197
2016-09-01 10:56:31,785 [1] INFO  Holly--[14536] [(null)] - [HollyContactHelper] 获取厂家信息 ==被叫号码->随路数据为空，通过方法获取->86018610633045
2016-09-01 10:56:31,786 [1] INFO  Holly--[14536] [(null)] - [HollyContactHelper] >>>> HaoMaProcess 处理前>>>> 86018610633045
2016-09-01 10:56:31,786 [1] INFO  Holly--[14536] [(null)] - [HollyContactHelper] >>>> HaoMaProcess 处理后>>>> 18610633045
2016-09-01 10:56:31,786 [1] INFO  Holly--[14536] [(null)] - [HollyContactHelper] 获取厂家信息 ==落地号码->空
2016-09-01 10:56:31,787 [1] INFO  Holly--[14536] [(null)] - [@@@厂家消息通知@@@]OnMessage ：厂家状态(CurStatus：15；CurStatusName：工作整理；)厂家消息(整理工作开始。)程序状态(PS06_话后)
2016-09-01 10:56:31,835 [15] INFO  Holly--[14536] [(null)] - [Main][UpdatAgentDB] 更新上一个状态的结束时间 PreOid....IS:4,结束时间为：2016-9-1 10:56:31
2016-09-01 10:56:31,853 [15] INFO  Holly--[14536] [(null)] - [Main][UpdatAgentDB] 插入新的状态 PreOid....IS:6
2016-09-01 10:56:57,837 [1] INFO  Holly--[14536] [(null)] - [客户端推送日志信息] 开始
2016-09-01 10:56:57,886 [1] INFO  Holly--[14536] [(null)] - [客户端推送日志信息] 获取到请求数：0
2016-09-01 10:57:57,898 [1] INFO  Holly--[14536] [(null)] - [客户端推送日志信息] 开始
2016-09-01 10:57:57,952 [1] INFO  Holly--[14536] [(null)] - [客户端推送日志信息] 获取到请求数：0
2016-09-01 10:58:54,731 [1] INFO  Holly--[14536] [(null)] - [======Common======] GetCurrentTime ：获取当前服务器时间：CC系统服务器时间：2016-09-01 10:58:54.730，客户端时间：2016-09-01 10:58:54.731，（现有）计算时间差(毫秒)：-1
2016-09-01 10:58:54,732 [1] INFO  Holly--[14536] [(null)] - [Main]timer_LoginTime_Tick LoginOnOid=2
2016-09-01 10:58:55,555 [1] INFO  Holly--[14536] [(null)] - [***MDBFileHelper***][AdditionalRecording] 补录数据
2016-09-01 10:58:57,955 [1] INFO  Holly--[14536] [(null)] - [客户端推送日志信息] 开始
2016-09-01 10:58:57,964 [1] INFO  Holly--[14536] [(null)] - [客户端推送日志信息] 获取到请求数：0
2016-09-01 10:59:57,970 [1] INFO  Holly--[14536] [(null)] - [客户端推送日志信息] 开始
2016-09-01 10:59:57,980 [1] INFO  Holly--[14536] [(null)] - [客户端推送日志信息] 获取到请求数：0
2016-09-01 11:00:57,984 [1] INFO  Holly--[14536] [(null)] - [客户端推送日志信息] 开始
2016-09-01 11:00:58,034 [1] INFO  Holly--[14536] [(null)] - [客户端推送日志信息] 获取到请求数：0
2016-09-01 11:01:01,752 [1] INFO  Holly--[14536] [(null)] - [@@@厂家消息通知@@@]OnMessage ：厂家状态(CurStatus：15；CurStatusName：工作整理；)厂家消息(摘机：ContactID=20160901110144611_1_812_UIP5,CurrStatus=22,LastStatus=21,ResonCode=45,ResonDesc=CauseOffHook)程序状态(PS06_话后)
2016-09-01 11:01:01,756 [1] INFO  Holly--[14536] [(null)] - [@@@厂家消息通知@@@]OnMessage ：厂家状态(CurStatus：10；CurStatusName：呼出拨号中；)厂家消息(状态改变：工作整理-->呼出拨号中)程序状态(PS14_呼出拨号中)
2016-09-01 11:01:01,757 [1] INFO  Holly--[14536] [(null)] - [>>>厂家状态变化<<<]OnStatusChange ：PS06_话后(15) -> PS14_呼出拨号中(10)
2016-09-01 11:01:01,757 [1] INFO  Holly--[14536] [(null)] - [事件][AxUniSoftPhone_OnStatusChange] 状态变化事件
2016-09-01 11:01:01,757 [1] INFO  Holly--[14536] [(null)] - [Main][SetMainStatus]设置状态：PS14_呼出拨号中
2016-09-01 11:01:01,757 [15] INFO  Holly--[14536] [(null)] - [Main][UpdatAgentDB] 更新客服状态表AS8_振铃
2016-09-01 11:01:01,758 [15] INFO  Holly--[14536] [(null)] - [======Common======] GetCurrentTime ：获取当前服务器时间：CC系统服务器时间：2016-09-01 11:01:01.757，客户端时间：2016-09-01 11:01:01.758，（现有）计算时间差(毫秒)：-1
2016-09-01 11:01:01,784 [1] INFO  Holly--[14536] [(null)] - [HollyContactHelper] >>>> HaoMaProcess 处理前>>>> 
2016-09-01 11:01:01,784 [1] INFO  Holly--[14536] [(null)] - [HollyContactHelper] >>>> HaoMaProcess 处理后>>>> 
2016-09-01 11:01:01,784 [1] INFO  Holly--[14536] [(null)] - [HollyContactHelper] 获取厂家信息 ==落地号码->
2016-09-01 11:01:01,784 [1] INFO  Holly--[14536] [(null)] - [@@@厂家消息通知@@@]OnMessage ：厂家状态(CurStatus：10；CurStatusName：呼出拨号中；)厂家消息(呼出拨号开始。)程序状态(PS14_呼出拨号中)
2016-09-01 11:01:01,808 [15] INFO  Holly--[14536] [(null)] - [Main][UpdatAgentDB] 更新上一个状态的结束时间 PreOid....IS:6,结束时间为：2016-9-1 11:01:01
2016-09-01 11:01:01,856 [1] INFO  Holly--[14536] [(null)] - [@@@厂家消息通知@@@]OnMessage ：厂家状态(CurStatus：10；CurStatusName：呼出拨号中；)厂家消息(座席话务处理)程序状态(PS14_呼出拨号中)
2016-09-01 11:01:01,858 [1] INFO  Holly--[14536] [(null)] - [@@@厂家消息通知@@@]OnMessage ：厂家状态(CurStatus：10；CurStatusName：呼出拨号中；)厂家消息(摘机：ContactID=20160901110144611_1_812_UIP5,CurrStatus=22,LastStatus=22,ResonCode=45,ResonDesc=CauseOffHook)程序状态(PS14_呼出拨号中)
2016-09-01 11:01:01,916 [15] INFO  Holly--[14536] [(null)] - [Main][UpdatAgentDB] 插入新的状态 PreOid....IS:7
2016-09-01 11:01:01,927 [1] INFO  Holly--[14536] [(null)] - [@@@厂家消息通知@@@]OnMessage ：厂家状态(CurStatus：10；CurStatusName：呼出拨号中；)厂家消息(录音开始：ContactID=20160901110144611_1_812_UIP5,ANI=35197,DNIS=86018610633045,ResonCode=77,ResonDesc=_??? (77))程序状态(PS14_呼出拨号中)
2016-09-01 11:01:07,835 [1] INFO  Holly--[14536] [(null)] - [@@@厂家消息通知@@@]OnMessage ：厂家状态(CurStatus：5；CurStatusName：两方通话；)厂家消息(状态改变：呼出拨号中-->两方通话)程序状态(PS08_普通通话)
2016-09-01 11:01:07,835 [1] INFO  Holly--[14536] [(null)] - [>>>厂家状态变化<<<]OnStatusChange ：PS14_呼出拨号中(10) -> PS08_普通通话(5)
2016-09-01 11:01:07,836 [1] INFO  Holly--[14536] [(null)] - [事件][AxUniSoftPhone_OnStatusChange] 状态变化事件
2016-09-01 11:01:07,836 [1] INFO  Holly--[14536] [(null)] - [Main][SetMainStatus]设置状态：PS08_普通通话
2016-09-01 11:01:07,836 [19] INFO  Holly--[14536] [(null)] - [Main][UpdatAgentDB] 更新客服状态表AS9_通话中
2016-09-01 11:01:07,836 [19] INFO  Holly--[14536] [(null)] - [======Common======] GetCurrentTime ：获取当前服务器时间：CC系统服务器时间：2016-09-01 11:01:07.835，客户端时间：2016-09-01 11:01:07.836，（现有）计算时间差(毫秒)：-1
2016-09-01 11:01:07,840 [19] INFO  Holly--[14536] [(null)] - [Main][UpdatAgentDB] 更新上一个状态的结束时间 PreOid....IS:7,结束时间为：2016-9-1 11:01:07
2016-09-01 11:01:07,848 [19] INFO  Holly--[14536] [(null)] - [Main][UpdatAgentDB] 插入新的状态 PreOid....IS:8
2016-09-01 11:01:07,876 [1] INFO  Holly--[14536] [(null)] - [HollyContactHelper] 获取厂家信息 ==主叫号码->35197
2016-09-01 11:01:07,876 [1] INFO  Holly--[14536] [(null)] - [HollyContactHelper] >>>> HaoMaProcess 处理前>>>> 35197
2016-09-01 11:01:07,877 [1] INFO  Holly--[14536] [(null)] - [HollyContactHelper] >>>> HaoMaProcess 处理后>>>> 35197
2016-09-01 11:01:07,877 [1] INFO  Holly--[14536] [(null)] - [HollyContactHelper] 获取厂家信息 ==被叫号码->随路数据为空，通过方法获取->86018610633045
2016-09-01 11:01:07,877 [1] INFO  Holly--[14536] [(null)] - [HollyContactHelper] >>>> HaoMaProcess 处理前>>>> 86018610633045
2016-09-01 11:01:07,877 [1] INFO  Holly--[14536] [(null)] - [HollyContactHelper] >>>> HaoMaProcess 处理后>>>> 18610633045
2016-09-01 11:01:07,877 [1] INFO  Holly--[14536] [(null)] - [HollyContactHelper] 获取厂家信息 ==落地号码->空
2016-09-01 11:01:07,881 [1] INFO  Holly--[14536] [(null)] - [事件][CallOutSuccess] 外呼接起成功事件 ：呼出_外拨呼叫 监控：非监控
2016-09-01 11:01:07,882 [1] INFO  Holly--[14536] [(null)] - [事件][CustomerOutCome_OnAnswer] 合力BUG：假失败；需要重新出发初始化和振铃事件--
2016-09-01 11:01:07,882 [1] INFO  Holly--[14536] [(null)] - [事件][OnCallOutInitiated][自制] 外呼初始化事件
2016-09-01 11:01:07,883 [1] INFO  Holly--[14536] [(null)] - [事件][CustomerOutCome_OnInit] 外呼建立
2016-09-01 11:01:07,883 [1] INFO  Holly--[14536] [(null)] - [======Common======] GetCurrentTime ：获取当前服务器时间：CC系统服务器时间：2016-09-01 11:01:07.882，客户端时间：2016-09-01 11:01:07.883，（现有）计算时间差(毫秒)：-1
2016-09-01 11:01:07,885 [1] INFO  Holly--[14536] [(null)] - [======Common======] GetNewCallID ：生成新CallID时 date：2016-9-1 11:01:07 timestamp：1472698867
2016-09-01 11:01:07,885 [1] INFO  Holly--[14536] [(null)] - [======Common======] GetNewCallID ：生成新CallID：351971472698867780
2016-09-01 11:01:07,891 [1] INFO  Holly--[14536] [(null)] - [HollyContactHelper] 获取厂家信息 ==主叫号码->35197
2016-09-01 11:01:07,891 [1] INFO  Holly--[14536] [(null)] - [HollyContactHelper] >>>> HaoMaProcess 处理前>>>> 35197
2016-09-01 11:01:07,891 [1] INFO  Holly--[14536] [(null)] - [HollyContactHelper] >>>> HaoMaProcess 处理后>>>> 35197
2016-09-01 11:01:07,891 [1] INFO  Holly--[14536] [(null)] - [HollyContactHelper] 获取厂家信息 ==被叫号码->随路数据为空，通过方法获取->86018610633045
2016-09-01 11:01:07,891 [1] INFO  Holly--[14536] [(null)] - [HollyContactHelper] >>>> HaoMaProcess 处理前>>>> 86018610633045
2016-09-01 11:01:07,891 [1] INFO  Holly--[14536] [(null)] - [HollyContactHelper] >>>> HaoMaProcess 处理后>>>> 18610633045
2016-09-01 11:01:07,892 [1] INFO  Holly--[14536] [(null)] - [HollyContactHelper] 获取厂家信息 ==落地号码->空
2016-09-01 11:01:07,893 [1] INFO  Holly--[14536] [(null)] - [==BusinessProcess=] >>>> PhoneNumAndAni >>>> 35197->18610633045
2016-09-01 11:01:07,893 [1] INFO  Holly--[14536] [(null)] - [==BusinessProcess=] >>>> SwitchINNum >>>> 
2016-09-01 11:01:07,893 [1] INFO  Holly--[14536] [(null)] - [==BusinessProcess=] >>>> SkillGroup >>>> 
2016-09-01 11:01:07,895 [1] INFO  Holly--[14536] [(null)] - [======Common======] GetCurrentTime ：获取当前服务器时间：CC系统服务器时间：2016-09-01 11:01:07.894，客户端时间：2016-09-01 11:01:07.895，（现有）计算时间差(毫秒)：-1
2016-09-01 11:01:07,896 [1] INFO  Holly--[14536] [(null)] - [HollyContactHelper] 获取厂家信息 ==厂家ID->20160901110144611_1_812_UIP5
2016-09-01 11:01:07,897 [1] INFO  Holly--[14536] [(null)] - [HollyContactHelper] 获取厂家信息 ==厂家ID->20160901110144611_1_812_UIP5
2016-09-01 11:01:07,897 [1] INFO  Holly--[14536] [(null)] - [==BusinessProcess=] InitCallRecordORIG callid：351971472698867780-calltype：C2_呼出
2016-09-01 11:01:07,898 [1] INFO  Holly--[14536] [(null)] - [==BusinessProcess=] >>>> InitiatedTime >>>> 2016-9-1 11:01:07
2016-09-01 11:01:07,901 [1] INFO  Holly--[14536] [(null)] - [HollyContactHelper] 获取厂家信息 ==落地号码->空
2016-09-01 11:01:07,901 [1] INFO  Holly--[14536] [(null)] - [HollyContactHelper] 获取厂家信息 ==厂家ID->20160901110144611_1_812_UIP5
2016-09-01 11:01:07,903 [1] INFO  Holly--[14536] [(null)] - [==BusinessProcess=] InitUserEventData Initiated-351971472698867780-C2_呼出-2016-9-1 11:01:07
2016-09-01 11:01:07,952 [1] INFO  Holly--[14536] [(null)] - [MainJs] [SendToWeb] 发送网页消息：0 次数，指定页面ID：
2016-09-01 11:01:07,954 [1] INFO  Holly--[14536] [(null)] - [MainUI] [SendMesToWeb] 获取当前默认标签页
2016-09-01 11:01:07,955 [1] INFO  Holly--[14536] [(null)] - [MainJs] [SendMesToWeb] CTIEventMsg msg：UserEvent=Initiated&UserName=35197&CalledNum=35197&CallerNum=18610633045&CallID=351971472698867780&UserChoice=&CallType=2&MediaType=-2&CallState=-2&CurrentDate=2016-09-01%2011%3A01%3A07&SYS_DNIS=&RecordID=20160901110144611_1_812_UIP5&RecordIDURL=&IsEstablished=False&EstablishedStartTime=&TaskID=&TaskType=&outBoundType=-2
2016-09-01 11:01:07,956 [1] INFO  Holly--[14536] [(null)] - [事件][OnReached][自制] 外呼振铃达到事件
2016-09-01 11:01:07,956 [1] INFO  Holly--[14536] [(null)] - [事件][CustomerOutCome_OnBelling] 外呼振铃
2016-09-01 11:01:07,957 [1] INFO  Holly--[14536] [(null)] - [======Common======] GetCurrentTime ：获取当前服务器时间：CC系统服务器时间：2016-09-01 11:01:07.955，客户端时间：2016-09-01 11:01:07.956，（现有）计算时间差(毫秒)：-1
2016-09-01 11:01:07,957 [1] INFO  Holly--[14536] [(null)] - [==BusinessProcess=] >>>> RingingTime >>>> 2016-9-1 11:01:07
2016-09-01 11:01:07,958 [1] INFO  Holly--[14536] [(null)] - [HollyContactHelper] 获取厂家信息 ==落地号码->空
2016-09-01 11:01:07,958 [1] INFO  Holly--[14536] [(null)] - [HollyContactHelper] 获取厂家信息 ==厂家ID->20160901110144611_1_812_UIP5
2016-09-01 11:01:07,958 [1] INFO  Holly--[14536] [(null)] - [==BusinessProcess=] InitUserEventData NetworkReached-351971472698867780-C2_呼出-2016-9-1 11:01:07
2016-09-01 11:01:07,958 [1] INFO  Holly--[14536] [(null)] - [MainJs] [SendToWeb] 发送网页消息：0 次数，指定页面ID：
2016-09-01 11:01:07,958 [1] INFO  Holly--[14536] [(null)] - [MainUI] [SendMesToWeb] 获取当前默认标签页
2016-09-01 11:01:07,959 [1] INFO  Holly--[14536] [(null)] - [MainJs] [SendMesToWeb] CTIEventMsg msg：UserEvent=NetworkReached&UserName=35197&CalledNum=35197&CallerNum=18610633045&CallID=351971472698867780&UserChoice=&CallType=2&MediaType=-2&CallState=-2&CurrentDate=2016-09-01%2011%3A01%3A07&SYS_DNIS=&RecordID=20160901110144611_1_812_UIP5&RecordIDURL=&IsEstablished=False&EstablishedStartTime=&TaskID=&TaskType=&outBoundType=-2
2016-09-01 11:01:07,959 [1] INFO  Holly--[14536] [(null)] - [事件][CustomerOutCome_OnAnswer] 合力BUG：假失败；完成重新出发初始化和振铃事件--
2016-09-01 11:01:07,959 [1] INFO  Holly--[14536] [(null)] - [事件][CustomerOutCome_OnAnswer] 外呼应答
2016-09-01 11:01:07,959 [1] INFO  Holly--[14536] [(null)] - [======Common======] GetCurrentTime ：获取当前服务器时间：CC系统服务器时间：2016-09-01 11:01:07.958，客户端时间：2016-09-01 11:01:07.959，（现有）计算时间差(毫秒)：-1
2016-09-01 11:01:07,960 [1] INFO  Holly--[14536] [(null)] - [HollyContactHelper] 获取厂家信息 ==主叫号码->35197
2016-09-01 11:01:07,960 [1] INFO  Holly--[14536] [(null)] - [HollyContactHelper] >>>> HaoMaProcess 处理前>>>> 35197
2016-09-01 11:01:07,960 [1] INFO  Holly--[14536] [(null)] - [HollyContactHelper] >>>> HaoMaProcess 处理后>>>> 35197
2016-09-01 11:01:07,960 [1] INFO  Holly--[14536] [(null)] - [HollyContactHelper] 获取厂家信息 ==被叫号码->随路数据为空，通过方法获取->86018610633045
2016-09-01 11:01:07,960 [1] INFO  Holly--[14536] [(null)] - [HollyContactHelper] >>>> HaoMaProcess 处理前>>>> 86018610633045
2016-09-01 11:01:07,960 [1] INFO  Holly--[14536] [(null)] - [HollyContactHelper] >>>> HaoMaProcess 处理后>>>> 18610633045
2016-09-01 11:01:07,960 [1] INFO  Holly--[14536] [(null)] - [HollyContactHelper] 获取厂家信息 ==落地号码->空
2016-09-01 11:01:07,960 [1] INFO  Holly--[14536] [(null)] - [==BusinessProcess=] >>>> PhoneNumAndAni >>>> 35197->18610633045
2016-09-01 11:01:07,960 [1] INFO  Holly--[14536] [(null)] - [==BusinessProcess=] >>>> SwitchINNum >>>> 
2016-09-01 11:01:07,960 [1] INFO  Holly--[14536] [(null)] - [==BusinessProcess=] >>>> SkillGroup >>>> 
2016-09-01 11:01:07,961 [1] INFO  Holly--[14536] [(null)] - [==BusinessProcess=] >>>> EstablishedTime >>>> 2016-9-1 11:01:07-hollycallid：20160901110144611_1_812_UIP5
2016-09-01 11:01:07,961 [1] INFO  Holly--[14536] [(null)] - [HollyContactHelper] 获取厂家信息 ==落地号码->空
2016-09-01 11:01:07,961 [1] INFO  Holly--[14536] [(null)] - [HollyContactHelper] 获取厂家信息 ==厂家ID->20160901110144611_1_812_UIP5
2016-09-01 11:01:07,961 [1] INFO  Holly--[14536] [(null)] - [==BusinessProcess=] InitUserEventData Established-351971472698867780-C2_呼出-2016-9-1 11:01:07
2016-09-01 11:01:07,961 [1] INFO  Holly--[14536] [(null)] - [MainJs] [SendToWeb] 发送网页消息：0 次数，指定页面ID：
2016-09-01 11:01:07,961 [1] INFO  Holly--[14536] [(null)] - [MainUI] [SendMesToWeb] 获取当前默认标签页
2016-09-01 11:01:07,961 [1] INFO  Holly--[14536] [(null)] - [MainJs] [SendMesToWeb] CTIEventMsg msg：UserEvent=Established&UserName=35197&CalledNum=35197&CallerNum=18610633045&CallID=351971472698867780&UserChoice=&CallType=2&MediaType=-2&CallState=-2&CurrentDate=2016-09-01%2011%3A01%3A07&SYS_DNIS=&RecordID=20160901110144611_1_812_UIP5&RecordIDURL=&IsEstablished=True&EstablishedStartTime=2016-09-01%2011%3A01%3A07&TaskID=&TaskType=&outBoundType=-2
2016-09-01 11:01:07,962 [1] INFO  Holly--[14536] [(null)] - [@@@厂家消息通知@@@]OnMessage ：厂家状态(CurStatus：5；CurStatusName：两方通话；)厂家消息(外拨成功。)程序状态(PS08_普通通话)
2016-09-01 11:01:55,611 [1] INFO  Holly--[14536] [(null)] - [***MDBFileHelper***][AdditionalRecording] 补录数据
2016-09-01 11:01:58,043 [1] INFO  Holly--[14536] [(null)] - [客户端推送日志信息] 开始
2016-09-01 11:01:58,090 [1] INFO  Holly--[14536] [(null)] - [客户端推送日志信息] 获取到请求数：0
2016-09-01 11:02:58,105 [1] INFO  Holly--[14536] [(null)] - [客户端推送日志信息] 开始
2016-09-01 11:02:58,156 [1] INFO  Holly--[14536] [(null)] - [客户端推送日志信息] 获取到请求数：0
2016-09-01 11:03:54,749 [1] INFO  Holly--[14536] [(null)] - [======Common======] GetCurrentTime ：获取当前服务器时间：CC系统服务器时间：2016-09-01 11:03:54.748，客户端时间：2016-09-01 11:03:54.749，（现有）计算时间差(毫秒)：-1
2016-09-01 11:03:54,749 [1] INFO  Holly--[14536] [(null)] - [Main]timer_LoginTime_Tick LoginOnOid=2
2016-09-01 11:03:58,164 [1] INFO  Holly--[14536] [(null)] - [客户端推送日志信息] 开始
2016-09-01 11:03:58,218 [1] INFO  Holly--[14536] [(null)] - [客户端推送日志信息] 获取到请求数：0
2016-09-01 11:04:55,669 [1] INFO  Holly--[14536] [(null)] - [***MDBFileHelper***][AdditionalRecording] 补录数据
2016-09-01 11:04:58,225 [1] INFO  Holly--[14536] [(null)] - [客户端推送日志信息] 开始
2016-09-01 11:04:58,276 [1] INFO  Holly--[14536] [(null)] - [客户端推送日志信息] 获取到请求数：0
2016-09-01 11:05:58,287 [1] INFO  Holly--[14536] [(null)] - [客户端推送日志信息] 开始
2016-09-01 11:05:58,339 [1] INFO  Holly--[14536] [(null)] - [客户端推送日志信息] 获取到请求数：0
2016-09-01 11:06:19,882 [1] INFO  Holly--[14536] [(null)] - [@@@厂家消息通知@@@]OnMessage ：厂家状态(CurStatus：5；CurStatusName：两方通话；)厂家消息(通知：ContactID=20160901110144611_1_812_UIP5,CurrStatus=28,LastStatus=28,OtherParty=86018610633045,ResonCode=15,ResonDesc=ActOpDisconnected)程序状态(PS08_普通通话)
2016-09-01 11:06:19,883 [1] INFO  Holly--[14536] [(null)] - [@@@厂家消息通知@@@]OnMessage ：厂家状态(CurStatus：5；CurStatusName：两方通话；)厂家消息(录音停止：ContactID=20160901110144611_1_812_UIP5,ANI=35197,DNIS=86018610633045,FileName=/var/spool/hollyRecord/2016/09/35197/35197_20160901110144618.mp3,TimeLen=318044,ResonCode=78,ResonDesc=_??? (78))程序状态(PS08_普通通话)
2016-09-01 11:06:19,884 [1] INFO  Holly--[14536] [(null)] - [@@@厂家消息通知@@@]OnMessage ：厂家状态(CurStatus：5；CurStatusName：两方通话；)厂家消息(话路被挂断：ContactID=20160901110144611_1_812_UIP5,CurrStatus=21,LastStatus=28,OtherParty=154257,ResonCode=16,ResonDesc=ActTpDisconnected)程序状态(PS08_普通通话)
2016-09-01 11:06:19,885 [1] INFO  Holly--[14536] [(null)] - [@@@厂家消息通知@@@]OnMessage ：厂家状态(CurStatus：5；CurStatusName：两方通话；)厂家消息(通话结束。)程序状态(PS08_普通通话)
2016-09-01 11:06:19,890 [1] INFO  Holly--[14536] [(null)] - [事件][OnHangup] 挂断事件 ：对方用户挂机-呼出_外拨呼叫 监控：非监控
2016-09-01 11:06:19,893 [1] INFO  Holly--[14536] [(null)] - [事件][OnHangup] 挂断
2016-09-01 11:06:19,897 [1] INFO  Holly--[14536] [(null)] - [Main][ActionEvent] 添加监控事件 >>到达话后时触发-呼出结束话后 ID=1 总事件数=1
2016-09-01 11:06:19,897 [1] INFO  Holly--[14536] [(null)] - [======Common======] GetCurrentTime ：获取当前服务器时间：CC系统服务器时间：2016-09-01 11:06:19.896，客户端时间：2016-09-01 11:06:19.897，（现有）计算时间差(毫秒)：-1
2016-09-01 11:06:19,899 [1] INFO  Holly--[14536] [(null)] - [HollyContactHelper] 获取厂家信息 ==厂家ID->20160901110144611_1_812_UIP5
2016-09-01 11:06:19,899 [1] INFO  Holly--[14536] [(null)] - [HollyContactHelper] 获取厂家信息 ==厂家ID->20160901110144611_1_812_UIP5
2016-09-01 11:06:19,899 [1] INFO  Holly--[14536] [(null)] - [HollyContactHelper] 获取厂家信息 ==主叫号码->35197
2016-09-01 11:06:19,899 [1] INFO  Holly--[14536] [(null)] - [HollyContactHelper] >>>> HaoMaProcess 处理前>>>> 35197
2016-09-01 11:06:19,899 [1] INFO  Holly--[14536] [(null)] - [HollyContactHelper] >>>> HaoMaProcess 处理后>>>> 35197
2016-09-01 11:06:19,899 [1] INFO  Holly--[14536] [(null)] - [HollyContactHelper] 获取厂家信息 ==被叫号码->随路数据为空，通过方法获取->86018610633045
2016-09-01 11:06:19,899 [1] INFO  Holly--[14536] [(null)] - [HollyContactHelper] >>>> HaoMaProcess 处理前>>>> 86018610633045
2016-09-01 11:06:19,899 [1] INFO  Holly--[14536] [(null)] - [HollyContactHelper] >>>> HaoMaProcess 处理后>>>> 18610633045
2016-09-01 11:06:19,899 [1] INFO  Holly--[14536] [(null)] - [HollyContactHelper] 获取厂家信息 ==落地号码->空
2016-09-01 11:06:19,899 [1] INFO  Holly--[14536] [(null)] - [==BusinessProcess=] >>>> PhoneNumAndAni >>>> 35197->18610633045
2016-09-01 11:06:19,900 [1] INFO  Holly--[14536] [(null)] - [==BusinessProcess=] >>>> SwitchINNum >>>> 
2016-09-01 11:06:19,900 [1] INFO  Holly--[14536] [(null)] - [==BusinessProcess=] >>>> SkillGroup >>>> 
2016-09-01 11:06:19,900 [1] INFO  Holly--[14536] [(null)] - [==BusinessProcess=] >>>> CustomerReleaseTime >>>> 2016-9-1 11:06:19
2016-09-01 11:06:19,900 [1] INFO  Holly--[14536] [(null)] - [==BusinessProcess=] >>>> AfterWorkBeginTime >>>> 2016-9-1 11:06:19
2016-09-01 11:06:19,902 [1] INFO  Holly--[14536] [(null)] - [==BusinessProcess=] >>>> AudioURL >>>> http://192.168.112.208/var/spool/hollyRecord/2016/09/35197/35197_20160901110144618.mp3
2016-09-01 11:06:19,902 [1] INFO  Holly--[14536] [(null)] - [==BusinessProcess=] >>>> TallTime >>>> 311.9378418
2016-09-01 11:06:23,638 [1] INFO  Holly--[14536] [(null)] - [CallRecordHelper][InsertCallRecordNew] 成功
2016-09-01 11:06:23,742 [1] INFO  Holly--[14536] [(null)] - [HollyContactHelper] 获取厂家信息 ==落地号码->空
2016-09-01 11:06:23,742 [1] INFO  Holly--[14536] [(null)] - [HollyContactHelper] 获取厂家信息 ==厂家ID->20160901110144611_1_812_UIP5
2016-09-01 11:06:23,743 [1] INFO  Holly--[14536] [(null)] - [==BusinessProcess=] InitUserEventData Released-351971472698867780-C2_呼出-2016-9-1 11:06:19
2016-09-01 11:06:23,743 [1] INFO  Holly--[14536] [(null)] - [MainJs] [SendToWeb] 发送网页消息：0 次数，指定页面ID：
2016-09-01 11:06:23,744 [1] INFO  Holly--[14536] [(null)] - [MainUI] [SendMesToWeb] 获取当前默认标签页
2016-09-01 11:06:23,745 [1] INFO  Holly--[14536] [(null)] - [MainJs] [SendMesToWeb] CTIEventMsg msg：UserEvent=Released&UserName=35197&CalledNum=35197&CallerNum=18610633045&CallID=351971472698867780&UserChoice=&CallType=2&MediaType=-2&CallState=-2&CurrentDate=2016-09-01%2011%3A06%3A19&SYS_DNIS=&RecordID=20160901110144611_1_812_UIP5&RecordIDURL=http://192.168.112.208/var/spool/hollyRecord/2016/09/35197/35197_20160901110144618.mp3&IsEstablished=True&EstablishedStartTime=2016-09-01%2011%3A01%3A07&TaskID=&TaskType=&outBoundType=-2
2016-09-01 11:06:23,745 [1] INFO  Holly--[14536] [(null)] - [MainJs] [CurrentOutBoundTabPageName] 挂断清空
2016-09-01 11:06:23,746 [1] INFO  Holly--[14536] [(null)] - [@@@厂家消息通知@@@]OnMessage ：厂家状态(CurStatus：15；CurStatusName：工作整理；)厂家消息(状态改变：两方通话-->工作整理)程序状态(PS06_话后)
2016-09-01 11:06:23,747 [1] INFO  Holly--[14536] [(null)] - [>>>厂家状态变化<<<]OnStatusChange ：PS08_普通通话(5) -> PS06_话后(15)
2016-09-01 11:06:23,747 [1] INFO  Holly--[14536] [(null)] - [事件][AxUniSoftPhone_OnStatusChange] 状态变化事件
2016-09-01 11:06:23,747 [19] INFO  Holly--[14536] [(null)] - [Main][UpdatAgentDB] 更新客服状态表AS5_话后
2016-09-01 11:06:23,747 [19] INFO  Holly--[14536] [(null)] - [======Common======] GetCurrentTime ：获取当前服务器时间：CC系统服务器时间：2016-09-01 11:06:23.746，客户端时间：2016-09-01 11:06:23.747，（现有）计算时间差(毫秒)：-1
2016-09-01 11:06:23,751 [19] INFO  Holly--[14536] [(null)] - [Main][UpdatAgentDB] 更新上一个状态的结束时间 PreOid....IS:8,结束时间为：2016-9-1 11:06:23
2016-09-01 11:06:23,770 [19] INFO  Holly--[14536] [(null)] - [Main][UpdatAgentDB] 插入新的状态 PreOid....IS:9
2016-09-01 11:06:23,778 [1] INFO  Holly--[14536] [(null)] - [HollyContactHelper]用户操作==话后结束->True
2016-09-01 11:06:23,778 [1] INFO  Holly--[14536] [(null)] - [==BusinessProcess=][UpdateCallRecordAfterTime] 呼出时退出话后更新话后信息
2016-09-01 11:06:23,778 [1] INFO  Holly--[14536] [(null)] - [======Common======] GetCurrentTime ：获取当前服务器时间：CC系统服务器时间：2016-09-01 11:06:23.777，客户端时间：2016-09-01 11:06:23.778，（现有）计算时间差(毫秒)：-1
2016-09-01 11:06:23,779 [1] INFO  Holly--[14536] [(null)] - [==BusinessProcess=] >>>> AfterWorkTime >>>> 2016-9-1 11:06:23-3.881222秒
2016-09-01 11:06:23,825 [1] INFO  Holly--[14536] [(null)] - [CallRecordHelper][InsertCallRecordNew] 成功
2016-09-01 11:06:23,836 [1] INFO  Holly--[14536] [(null)] - [==BusinessProcess=][UpdateCallRecordAfterTime] 更新话后信息 True
2016-09-01 11:06:23,836 [1] INFO  Holly--[14536] [(null)] - [Main][ActionEvent] 触发监控事件 >>到达话后时触发-呼出结束话后已完成 ID=1总事件数=0
2016-09-01 11:06:23,836 [1] INFO  Holly--[14536] [(null)] - [Main][SetMainStatus]设置状态：PS06_话后
2016-09-01 11:06:23,920 [1] INFO  Holly--[14536] [(null)] - [HollyContactHelper] 获取厂家信息 ==主叫号码->35197
2016-09-01 11:06:23,920 [1] INFO  Holly--[14536] [(null)] - [HollyContactHelper] >>>> HaoMaProcess 处理前>>>> 35197
2016-09-01 11:06:23,920 [1] INFO  Holly--[14536] [(null)] - [HollyContactHelper] >>>> HaoMaProcess 处理后>>>> 35197
2016-09-01 11:06:23,920 [1] INFO  Holly--[14536] [(null)] - [HollyContactHelper] 获取厂家信息 ==被叫号码->随路数据为空，通过方法获取->86018610633045
2016-09-01 11:06:23,920 [1] INFO  Holly--[14536] [(null)] - [HollyContactHelper] >>>> HaoMaProcess 处理前>>>> 86018610633045
2016-09-01 11:06:23,920 [1] INFO  Holly--[14536] [(null)] - [HollyContactHelper] >>>> HaoMaProcess 处理后>>>> 18610633045
2016-09-01 11:06:23,921 [1] INFO  Holly--[14536] [(null)] - [HollyContactHelper] 获取厂家信息 ==落地号码->空
2016-09-01 11:06:23,921 [1] INFO  Holly--[14536] [(null)] - [@@@厂家消息通知@@@]OnMessage ：厂家状态(CurStatus：15；CurStatusName：工作整理；)厂家消息(整理工作开始。)程序状态(PS06_话后)
2016-09-01 11:06:24,003 [1] INFO  Holly--[14536] [(null)] - [@@@厂家消息通知@@@]OnMessage ：厂家状态(CurStatus：1；CurStatusName：空闲；)厂家消息(状态改变：工作整理-->空闲)程序状态(PS03_置闲)
2016-09-01 11:06:24,003 [1] INFO  Holly--[14536] [(null)] - [>>>厂家状态变化<<<]OnStatusChange ：PS06_话后(15) -> PS03_置闲(1)
2016-09-01 11:06:24,003 [1] INFO  Holly--[14536] [(null)] - [事件][AxUniSoftPhone_OnStatusChange] 状态变化事件
2016-09-01 11:06:24,003 [1] INFO  Holly--[14536] [(null)] - [Main][SetMainStatus]设置状态：PS03_置闲
2016-09-01 11:06:24,003 [19] INFO  Holly--[14536] [(null)] - [Main][UpdatAgentDB] 更新客服状态表AS3_置闲
2016-09-01 11:06:24,003 [19] INFO  Holly--[14536] [(null)] - [======Common======] GetCurrentTime ：获取当前服务器时间：CC系统服务器时间：2016-09-01 11:06:24.002，客户端时间：2016-09-01 11:06:24.003，（现有）计算时间差(毫秒)：-1
2016-09-01 11:06:24,006 [19] INFO  Holly--[14536] [(null)] - [Main][UpdatAgentDB] 更新上一个状态的结束时间 PreOid....IS:9,结束时间为：2016-9-1 11:06:24
2016-09-01 11:06:24,028 [19] INFO  Holly--[14536] [(null)] - [Main][UpdatAgentDB] 插入新的状态 PreOid....IS:10
2016-09-01 11:06:24,035 [1] INFO  Holly--[14536] [(null)] - [HollyContactHelper] 获取厂家信息 ==落地号码->空
2016-09-01 11:06:24,036 [1] INFO  Holly--[14536] [(null)] - [@@@厂家消息通知@@@]OnMessage ：厂家状态(CurStatus：1；CurStatusName：空闲；)厂家消息(示闲成功。)程序状态(PS03_置闲)
2016-09-01 11:06:58,347 [1] INFO  Holly--[14536] [(null)] - [客户端推送日志信息] 开始
2016-09-01 11:06:58,421 [1] INFO  Holly--[14536] [(null)] - [客户端推送日志信息] 获取到请求数：0
2016-09-01 11:07:55,723 [1] INFO  Holly--[14536] [(null)] - [***MDBFileHelper***][AdditionalRecording] 补录数据
2016-09-01 11:07:58,438 [1] INFO  Holly--[14536] [(null)] - [客户端推送日志信息] 开始
2016-09-01 11:07:58,447 [1] INFO  Holly--[14536] [(null)] - [客户端推送日志信息] 获取到请求数：0
2016-09-01 11:08:54,863 [1] INFO  Holly--[14536] [(null)] - [======Common======] GetCurrentTime ：获取当前服务器时间：CC系统服务器时间：2016-09-01 11:08:54.862，客户端时间：2016-09-01 11:08:54.863，（现有）计算时间差(毫秒)：-1
2016-09-01 11:08:54,863 [1] INFO  Holly--[14536] [(null)] - [Main]timer_LoginTime_Tick LoginOnOid=2
2016-09-01 11:08:58,452 [1] INFO  Holly--[14536] [(null)] - [客户端推送日志信息] 开始
2016-09-01 11:08:58,502 [1] INFO  Holly--[14536] [(null)] - [客户端推送日志信息] 获取到请求数：0
2016-09-01 11:09:58,514 [1] INFO  Holly--[14536] [(null)] - [客户端推送日志信息] 开始
2016-09-01 11:09:58,566 [1] INFO  Holly--[14536] [(null)] - [客户端推送日志信息] 获取到请求数：0
2016-09-01 11:10:55,785 [1] INFO  Holly--[14536] [(null)] - [***MDBFileHelper***][AdditionalRecording] 补录数据
2016-09-01 11:10:58,572 [1] INFO  Holly--[14536] [(null)] - [客户端推送日志信息] 开始
2016-09-01 11:10:58,625 [1] INFO  Holly--[14536] [(null)] - [客户端推送日志信息] 获取到请求数：0
2016-09-01 11:11:58,631 [1] INFO  Holly--[14536] [(null)] - [客户端推送日志信息] 开始
2016-09-01 11:11:58,681 [1] INFO  Holly--[14536] [(null)] - [客户端推送日志信息] 获取到请求数：0
2016-09-01 11:12:01,901 [1] INFO  Holly--[14536] [(null)] - [登录登出模块] ExitLogin() Begin...
2016-09-01 11:12:01,968 [1] INFO  Holly--[14536] [(null)] - [======Common======] GetCurrentTime ：获取当前服务器时间：CC系统服务器时间：2016-09-01 11:12:01.967，客户端时间：2016-09-01 11:12:01.968，（现有）计算时间差(毫秒)：-1
2016-09-01 11:12:02,020 [1] INFO  Holly--[14536] [(null)] - [登录登出模块]DeleteAgentStateToDB...客服退出时 LoginOnOid....IS:2
2016-09-01 11:12:02,020 [1] INFO  Holly--[14536] [(null)] - [登录登出模块]DeleteAgentStateToDB...客服退出时 GetCurrentTime()....IS:2016-09-01 11:12:01
2016-09-01 11:12:02,022 [1] INFO  Holly--[14536] [(null)] - [登录登出模块]DeleteAgentStateToDB...退出成功....
2016-09-01 11:12:02,079 [1] INFO  Holly--[14536] [(null)] - [HollyContactHelper]用户操作==签出->True
2016-09-01 11:12:02,079 [1] INFO  Holly--[14536] [(null)] - [======Common======] GetCurrentTime ：获取当前服务器时间：CC系统服务器时间：2016-09-01 11:12:02.078，客户端时间：2016-09-01 11:12:02.079，（现有）计算时间差(毫秒)：-1
2016-09-01 11:12:02,081 [1] INFO  Holly--[14536] [(null)] - [Main] 更新上一个状态的结束时间 PreOid....IS:10
2016-09-01 11:12:03,408 [1] INFO  Holly--[14536] [(null)] - [HollyContactHelper]用户操作==卸载->True
2016-09-01 11:12:03,408 [1] INFO  Holly--[14536] [(null)] - [登录登出模块] ExitLogin() End.
