2016-03-30 10:28:59,357 [1] INFO  Holly- [(null)] - [登录窗口]btnLogin_Click Begin...
2016-03-30 10:28:59,415 [1] INFO  Holly- [(null)] - [HollyContactHelper]ModifySoftphoneINIByDN――根据DN35197,选择的SIPServerIP为：192.168.112.205
2016-03-30 10:28:59,598 [1] INFO  Holly- [(null)] - [HollyContactHelper]用户操作==装载及初始化->True
2016-03-30 10:28:59,598 [1] INFO  Holly- [(null)] - [登录窗口]btnLogin_Click： 异步加载，回调事件中继续登录
2016-03-30 10:28:59,598 [1] INFO  Holly- [(null)] - [登录窗口]btnLogin_Click End
2016-03-30 10:28:59,661 [1] INFO  Holly- [(null)] - [@@@厂家消息通知@@@]OnMessage ：厂家状态(CurStatus：0；CurStatusName：准备就绪状态；)厂家消息(服务器已上线:UserName=AgentUser,UserGOR=51773441)程序状态(PS01_就绪)
2016-03-30 10:28:59,689 [1] INFO  Holly- [(null)] - [@@@厂家消息通知@@@]OnMessage ：厂家状态(CurStatus：0；CurStatusName：准备就绪状态；)厂家消息(服务器已上线:UserName=LSUser,UserGOR=65537)程序状态(PS01_就绪)
2016-03-30 10:28:59,719 [1] INFO  Holly- [(null)] - [@@@厂家消息通知@@@]OnMessage ：厂家状态(CurStatus：0；CurStatusName：准备就绪状态；)厂家消息(服务器已上线:UserName=EDSUser,UserGOR=131073)程序状态(PS01_就绪)
2016-03-30 10:28:59,751 [1] INFO  Holly- [(null)] - [@@@厂家消息通知@@@]OnMessage ：厂家状态(CurStatus：0；CurStatusName：准备就绪状态；)厂家消息(服务器已上线:UserName=ASUser,UserGOR=720897)程序状态(PS01_就绪)
2016-03-30 10:28:59,752 [1] INFO  Holly- [(null)] - [@@@厂家消息通知@@@]OnMessage ：厂家状态(CurStatus：0；CurStatusName：准备就绪状态；)厂家消息(服务器已上线:UserName=StatEvent,UserGOR=327681)程序状态(PS01_就绪)
2016-03-30 10:28:59,753 [1] INFO  Holly- [(null)] - [@@@厂家消息通知@@@]OnMessage ：厂家状态(CurStatus：0；CurStatusName：准备就绪状态；)厂家消息(服务器已上线:UserName=StatUser,UserGOR=327682)程序状态(PS01_就绪)
2016-03-30 10:28:59,753 [1] INFO  Holly- [(null)] - 当前调用Load函数，返回的服务器信息条数为：6
2016-03-30 10:28:59,778 [1] INFO  Holly- [(null)] - [登录登出模块] Login ( masj, *** , 35197 ) 
2016-03-30 10:28:59,779 [1] INFO  Holly- [(null)] - [登录登出模块] DomainAccountLogin(masj, pwd) begin...
2016-03-30 10:28:59,822 [1] INFO  Holly- [(null)] - [登录登出模块] DomainAccountLogin(masj, pwd) end.return BitAuto.Services.Organization.Remoting.Employee
2016-03-30 10:29:00,070 [1] INFO  Holly- [(null)] - [登录登出模块] InitLoginUser() Begin...
2016-03-30 10:29:11,571 [1] INFO  Holly- [(null)] - [登录登出模块] InitLoginUser() 客服登录...AgentID is:10658,AgentNum is:1100,GroupName is:易车商城组,OutNum is:0
2016-03-30 10:29:11,571 [1] INFO  Holly- [(null)] - [登录登出模块] InitLoginUser() End...
2016-03-30 10:29:12,194 [1] INFO  Holly- [(null)] - [HollyContactHelper]用户操作==添加技能组->1081 3
2016-03-30 10:29:12,194 [1] INFO  Holly- [(null)] - [HollyContactHelper]用户操作==添加技能组->1094 3
2016-03-30 10:29:12,194 [1] INFO  Holly- [(null)] - [HollyContactHelper]用户操作==添加技能组->1096 3
2016-03-30 10:29:12,234 [1] INFO  Holly- [(null)] - [HollyContactHelper]用户操作==签入->True
2016-03-30 10:29:12,365 [1] INFO  Holly- [(null)] - [登录登出模块] InsertAgentState()更新退出时间....norecord
2016-03-30 10:29:12,400 [1] INFO  Holly- [(null)] - [登录登出模块] InsertAgentState()登录状态LoginOnOid....is:29
2016-03-30 10:29:12,400 [1] INFO  Holly- [(null)] - [登录登出模块] Login(masj, pwd, 35197) End.
2016-03-30 10:29:12,714 [1] INFO  Holly- [(null)] - [InitMainForm] 开始验证监控权限
2016-03-30 10:29:12,800 [1] INFO  Holly- [(null)] - [InitMainForm] 有 监控权限
2016-03-30 10:29:15,010 [1] INFO  Holly- [(null)] - [@@@厂家消息通知@@@]OnMessage ：厂家状态(CurStatus：0；CurStatusName：准备就绪状态；)厂家消息(座席签入成功)程序状态(PS01_就绪)
2016-03-30 10:29:15,045 [1] INFO  Holly- [(null)] - [事件][OnSignInSuccess] 签入成功事件
2016-03-30 10:29:15,070 [1] INFO  Holly- [(null)] - [登录登出模块] InsertAgentState()更新退出时间....success
2016-03-30 10:29:15,082 [1] INFO  Holly- [(null)] - [登录登出模块] InsertAgentState()登录状态LoginOnOid....is:30
2016-03-30 10:29:15,084 [1] INFO  Holly- [(null)] - [@@@厂家消息通知@@@]OnMessage ：厂家状态(CurStatus：2；CurStatusName：置忙；)厂家消息(状态改变：准备就绪状态-->置忙)程序状态(PS04_置忙)
2016-03-30 10:29:15,085 [1] INFO  Holly- [(null)] - [>>>厂家状态变化<<<]OnStatusChange ：PS01_就绪(0) -> PS04_置忙(2)
2016-03-30 10:29:15,120 [1] INFO  Holly- [(null)] - [HollyContactHelper]用户操作==置闲->True
2016-03-30 10:29:15,381 [1] INFO  Holly- [(null)] - [HollyContactHelper]用户操作==休息(BS0_自动)->True
2016-03-30 10:29:15,382 [1] INFO  Holly- [(null)] - [Main][SetMainStatus]设置状态：PS04_置忙(BS0_自动)
2016-03-30 10:29:15,397 [1] INFO  Holly- [(null)] - [@@@厂家消息通知@@@]OnMessage ：厂家状态(CurStatus：1；CurStatusName：空闲；)厂家消息(状态改变：置忙-->空闲)程序状态(PS03_置闲)
2016-03-30 10:29:15,397 [1] INFO  Holly- [(null)] - [>>>厂家状态变化<<<]OnStatusChange ：PS04_置忙(2) -> PS03_置闲(1)
2016-03-30 10:29:15,397 [1] INFO  Holly- [(null)] - [Main][SetMainStatus]设置状态：PS03_置闲
2016-03-30 10:29:15,400 [1] INFO  Holly- [(null)] - [@@@厂家消息通知@@@]OnMessage ：厂家状态(CurStatus：16；CurStatusName：休息；)厂家消息(状态改变：空闲-->休息)程序状态(PS05_休息)
2016-03-30 10:29:15,400 [1] INFO  Holly- [(null)] - [>>>厂家状态变化<<<]OnStatusChange ：PS03_置闲(1) -> PS05_休息(16)
2016-03-30 10:29:15,400 [1] INFO  Holly- [(null)] - [Main][SetMainStatus]设置状态：PS05_休息
2016-03-30 10:29:15,512 [1] INFO  Holly- [(null)] - [HollyContactHelper] 获取厂家信息 ==落地号码->
2016-03-30 10:29:15,548 [1] INFO  Holly- [(null)] - [@@@厂家消息通知@@@]OnMessage ：厂家状态(CurStatus：16；CurStatusName：休息；)厂家消息(休息开始。)程序状态(PS05_休息)
2016-03-30 10:29:15,594 [1] INFO  Holly- [(null)] - [HollyContactHelper] 获取厂家信息 ==落地号码->
2016-03-30 10:29:15,595 [1] INFO  Holly- [(null)] - [@@@厂家消息通知@@@]OnMessage ：厂家状态(CurStatus：16；CurStatusName：休息；)厂家消息(示闲成功。)程序状态(PS05_休息)
2016-03-30 10:29:15,613 [1] INFO  Holly- [(null)] - [HollyContactHelper] 获取厂家信息 ==落地号码->
2016-03-30 10:29:15,613 [1] INFO  Holly- [(null)] - [@@@厂家消息通知@@@]OnMessage ：厂家状态(CurStatus：16；CurStatusName：休息；)厂家消息(签入成功。)程序状态(PS05_休息)
2016-03-30 10:30:14,744 [1] INFO  Holly- [(null)] - [客户端推送日志信息] 开始
2016-03-30 10:30:20,144 [1] INFO  Holly- [(null)] - [客户端推送日志信息] 获取到请求数：0
2016-03-30 10:31:14,707 [1] INFO  Holly- [(null)] - [***MDBFileHelper***][AdditionalRecording] 补录数据
2016-03-30 10:31:20,161 [1] INFO  Holly- [(null)] - [客户端推送日志信息] 开始
2016-03-30 10:31:20,325 [1] INFO  Holly- [(null)] - [客户端推送日志信息] 获取到请求数：0
2016-03-30 10:32:11,933 [1] INFO  Holly- [(null)] - [MainUI] [ShowTabPagesLog] 全部页面 录音质检=ec259226-bf09-4252-94b1-f56b274e4d47(); 新增页=a5bc2d8f-93e1-4338-b762-592f04d7c219(ec259226-bf09-4252-94b1-f56b274e4d47); 
2016-03-30 10:32:20,334 [1] INFO  Holly- [(null)] - [客户端推送日志信息] 开始
2016-03-30 10:32:20,342 [1] INFO  Holly- [(null)] - [客户端推送日志信息] 获取到请求数：0
2016-03-30 10:33:14,795 [1] INFO  Holly- [(null)] - [***MDBFileHelper***][AdditionalRecording] 补录数据
2016-03-30 10:33:20,349 [1] INFO  Holly- [(null)] - [客户端推送日志信息] 开始
2016-03-30 10:33:20,362 [1] INFO  Holly- [(null)] - [客户端推送日志信息] 获取到请求数：0
2016-03-30 10:34:20,376 [1] INFO  Holly- [(null)] - [客户端推送日志信息] 开始
2016-03-30 10:34:20,387 [1] INFO  Holly- [(null)] - [客户端推送日志信息] 获取到请求数：0
2016-03-30 10:35:14,854 [1] INFO  Holly- [(null)] - [***MDBFileHelper***][AdditionalRecording] 补录数据
2016-03-30 10:35:20,407 [1] INFO  Holly- [(null)] - [客户端推送日志信息] 开始
2016-03-30 10:35:20,418 [1] INFO  Holly- [(null)] - [客户端推送日志信息] 获取到请求数：0
2016-03-30 10:36:20,435 [1] INFO  Holly- [(null)] - [客户端推送日志信息] 开始
2016-03-30 10:36:20,446 [1] INFO  Holly- [(null)] - [客户端推送日志信息] 获取到请求数：0
2016-03-30 10:37:14,912 [1] INFO  Holly- [(null)] - [***MDBFileHelper***][AdditionalRecording] 补录数据
2016-03-30 10:37:20,465 [1] INFO  Holly- [(null)] - [客户端推送日志信息] 开始
2016-03-30 10:37:20,476 [1] INFO  Holly- [(null)] - [客户端推送日志信息] 获取到请求数：0
2016-03-30 10:38:20,495 [1] INFO  Holly- [(null)] - [客户端推送日志信息] 开始
2016-03-30 10:38:20,505 [1] INFO  Holly- [(null)] - [客户端推送日志信息] 获取到请求数：0
2016-03-30 10:39:14,971 [1] INFO  Holly- [(null)] - [***MDBFileHelper***][AdditionalRecording] 补录数据
2016-03-30 10:39:20,525 [1] INFO  Holly- [(null)] - [客户端推送日志信息] 开始
2016-03-30 10:39:20,542 [1] INFO  Holly- [(null)] - [客户端推送日志信息] 获取到请求数：0
2016-03-30 10:40:20,553 [1] INFO  Holly- [(null)] - [客户端推送日志信息] 开始
2016-03-30 10:40:20,563 [1] INFO  Holly- [(null)] - [客户端推送日志信息] 获取到请求数：0
2016-03-30 10:41:15,028 [1] INFO  Holly- [(null)] - [***MDBFileHelper***][AdditionalRecording] 补录数据
2016-03-30 10:41:20,582 [1] INFO  Holly- [(null)] - [客户端推送日志信息] 开始
2016-03-30 10:41:20,592 [1] INFO  Holly- [(null)] - [客户端推送日志信息] 获取到请求数：0
2016-03-30 10:42:20,611 [1] INFO  Holly- [(null)] - [客户端推送日志信息] 开始
2016-03-30 10:42:20,621 [1] INFO  Holly- [(null)] - [客户端推送日志信息] 获取到请求数：0
2016-03-30 10:43:15,086 [1] INFO  Holly- [(null)] - [***MDBFileHelper***][AdditionalRecording] 补录数据
2016-03-30 10:43:20,640 [1] INFO  Holly- [(null)] - [客户端推送日志信息] 开始
2016-03-30 10:43:20,651 [1] INFO  Holly- [(null)] - [客户端推送日志信息] 获取到请求数：0
2016-03-30 10:44:20,670 [1] INFO  Holly- [(null)] - [客户端推送日志信息] 开始
2016-03-30 10:44:20,680 [1] INFO  Holly- [(null)] - [客户端推送日志信息] 获取到请求数：0
2016-03-30 10:45:15,145 [1] INFO  Holly- [(null)] - [***MDBFileHelper***][AdditionalRecording] 补录数据
2016-03-30 10:45:20,699 [1] INFO  Holly- [(null)] - [客户端推送日志信息] 开始
2016-03-30 10:45:20,709 [1] INFO  Holly- [(null)] - [客户端推送日志信息] 获取到请求数：0
2016-03-30 10:46:20,727 [1] INFO  Holly- [(null)] - [客户端推送日志信息] 开始
2016-03-30 10:46:20,737 [1] INFO  Holly- [(null)] - [客户端推送日志信息] 获取到请求数：0
2016-03-30 10:47:15,203 [1] INFO  Holly- [(null)] - [***MDBFileHelper***][AdditionalRecording] 补录数据
2016-03-30 10:47:20,758 [1] INFO  Holly- [(null)] - [客户端推送日志信息] 开始
2016-03-30 10:47:20,808 [1] INFO  Holly- [(null)] - [客户端推送日志信息] 获取到请求数：0
2016-03-30 10:48:20,818 [1] INFO  Holly- [(null)] - [客户端推送日志信息] 开始
2016-03-30 10:48:20,829 [1] INFO  Holly- [(null)] - [客户端推送日志信息] 获取到请求数：0
2016-03-30 10:49:15,263 [1] INFO  Holly- [(null)] - [***MDBFileHelper***][AdditionalRecording] 补录数据
2016-03-30 10:49:20,846 [1] INFO  Holly- [(null)] - [客户端推送日志信息] 开始
2016-03-30 10:49:20,856 [1] INFO  Holly- [(null)] - [客户端推送日志信息] 获取到请求数：0
2016-03-30 10:50:20,876 [1] INFO  Holly- [(null)] - [客户端推送日志信息] 开始
2016-03-30 10:50:20,887 [1] INFO  Holly- [(null)] - [客户端推送日志信息] 获取到请求数：0
2016-03-30 10:51:15,321 [1] INFO  Holly- [(null)] - [***MDBFileHelper***][AdditionalRecording] 补录数据
2016-03-30 10:51:20,904 [1] INFO  Holly- [(null)] - [客户端推送日志信息] 开始
2016-03-30 10:51:20,915 [1] INFO  Holly- [(null)] - [客户端推送日志信息] 获取到请求数：0
2016-03-30 10:52:20,934 [1] INFO  Holly- [(null)] - [客户端推送日志信息] 开始
2016-03-30 10:52:20,951 [1] INFO  Holly- [(null)] - [客户端推送日志信息] 获取到请求数：0
2016-03-30 10:53:15,378 [1] INFO  Holly- [(null)] - [***MDBFileHelper***][AdditionalRecording] 补录数据
2016-03-30 10:53:20,964 [1] INFO  Holly- [(null)] - [客户端推送日志信息] 开始
2016-03-30 10:53:20,974 [1] INFO  Holly- [(null)] - [客户端推送日志信息] 获取到请求数：0
2016-03-30 10:54:20,991 [1] INFO  Holly- [(null)] - [客户端推送日志信息] 开始
2016-03-30 10:54:21,000 [1] INFO  Holly- [(null)] - [客户端推送日志信息] 获取到请求数：0
2016-03-30 10:55:15,438 [1] INFO  Holly- [(null)] - [***MDBFileHelper***][AdditionalRecording] 补录数据
2016-03-30 10:55:21,008 [1] INFO  Holly- [(null)] - [客户端推送日志信息] 开始
2016-03-30 10:55:21,018 [1] INFO  Holly- [(null)] - [客户端推送日志信息] 获取到请求数：0
2016-03-30 10:56:21,035 [1] INFO  Holly- [(null)] - [客户端推送日志信息] 开始
2016-03-30 10:56:21,046 [1] INFO  Holly- [(null)] - [客户端推送日志信息] 获取到请求数：0
2016-03-30 10:57:15,495 [1] INFO  Holly- [(null)] - [***MDBFileHelper***][AdditionalRecording] 补录数据
2016-03-30 10:57:21,064 [1] INFO  Holly- [(null)] - [客户端推送日志信息] 开始
2016-03-30 10:57:21,074 [1] INFO  Holly- [(null)] - [客户端推送日志信息] 获取到请求数：0
2016-03-30 10:58:21,093 [1] INFO  Holly- [(null)] - [客户端推送日志信息] 开始
2016-03-30 10:58:21,104 [1] INFO  Holly- [(null)] - [客户端推送日志信息] 获取到请求数：0
2016-03-30 10:59:15,584 [1] INFO  Holly- [(null)] - [***MDBFileHelper***][AdditionalRecording] 补录数据
2016-03-30 10:59:21,121 [1] INFO  Holly- [(null)] - [客户端推送日志信息] 开始
2016-03-30 10:59:21,128 [1] INFO  Holly- [(null)] - [客户端推送日志信息] 获取到请求数：0
2016-03-30 11:00:21,138 [1] INFO  Holly- [(null)] - [客户端推送日志信息] 开始
2016-03-30 11:00:21,148 [1] INFO  Holly- [(null)] - [客户端推送日志信息] 获取到请求数：0
2016-03-30 11:01:15,641 [1] INFO  Holly- [(null)] - [***MDBFileHelper***][AdditionalRecording] 补录数据
2016-03-30 11:01:21,165 [1] INFO  Holly- [(null)] - [客户端推送日志信息] 开始
2016-03-30 11:01:21,175 [1] INFO  Holly- [(null)] - [客户端推送日志信息] 获取到请求数：0
2016-03-30 11:02:21,194 [1] INFO  Holly- [(null)] - [客户端推送日志信息] 开始
2016-03-30 11:02:21,206 [1] INFO  Holly- [(null)] - [客户端推送日志信息] 获取到请求数：0
2016-03-30 11:03:15,701 [1] INFO  Holly- [(null)] - [***MDBFileHelper***][AdditionalRecording] 补录数据
2016-03-30 11:03:21,225 [1] INFO  Holly- [(null)] - [客户端推送日志信息] 开始
2016-03-30 11:03:21,274 [1] INFO  Holly- [(null)] - [客户端推送日志信息] 获取到请求数：0
2016-03-30 11:04:21,285 [1] INFO  Holly- [(null)] - [客户端推送日志信息] 开始
2016-03-30 11:04:21,295 [1] INFO  Holly- [(null)] - [客户端推送日志信息] 获取到请求数：0
2016-03-30 11:05:15,758 [1] INFO  Holly- [(null)] - [***MDBFileHelper***][AdditionalRecording] 补录数据
2016-03-30 11:05:21,313 [1] INFO  Holly- [(null)] - [客户端推送日志信息] 开始
2016-03-30 11:05:21,322 [1] INFO  Holly- [(null)] - [客户端推送日志信息] 获取到请求数：0
2016-03-30 11:06:21,341 [1] INFO  Holly- [(null)] - [客户端推送日志信息] 开始
2016-03-30 11:06:21,350 [1] INFO  Holly- [(null)] - [客户端推送日志信息] 获取到请求数：0
2016-03-30 11:07:15,818 [1] INFO  Holly- [(null)] - [***MDBFileHelper***][AdditionalRecording] 补录数据
2016-03-30 11:07:21,354 [1] INFO  Holly- [(null)] - [客户端推送日志信息] 开始
2016-03-30 11:07:21,362 [1] INFO  Holly- [(null)] - [客户端推送日志信息] 获取到请求数：0
2016-03-30 11:08:21,369 [1] INFO  Holly- [(null)] - [客户端推送日志信息] 开始
2016-03-30 11:08:21,379 [1] INFO  Holly- [(null)] - [客户端推送日志信息] 获取到请求数：0
2016-03-30 11:09:15,876 [1] INFO  Holly- [(null)] - [***MDBFileHelper***][AdditionalRecording] 补录数据
2016-03-30 11:09:21,399 [1] INFO  Holly- [(null)] - [客户端推送日志信息] 开始
2016-03-30 11:09:21,409 [1] INFO  Holly- [(null)] - [客户端推送日志信息] 获取到请求数：0
2016-03-30 11:10:21,429 [1] INFO  Holly- [(null)] - [客户端推送日志信息] 开始
2016-03-30 11:10:21,444 [1] INFO  Holly- [(null)] - [客户端推送日志信息] 获取到请求数：0
2016-03-30 11:11:15,935 [1] INFO  Holly- [(null)] - [***MDBFileHelper***][AdditionalRecording] 补录数据
2016-03-30 11:11:21,457 [1] INFO  Holly- [(null)] - [客户端推送日志信息] 开始
2016-03-30 11:11:21,467 [1] INFO  Holly- [(null)] - [客户端推送日志信息] 获取到请求数：0
2016-03-30 11:12:21,487 [1] INFO  Holly- [(null)] - [客户端推送日志信息] 开始
2016-03-30 11:12:21,499 [1] INFO  Holly- [(null)] - [客户端推送日志信息] 获取到请求数：0
2016-03-30 11:13:15,993 [1] INFO  Holly- [(null)] - [***MDBFileHelper***][AdditionalRecording] 补录数据
2016-03-30 11:13:21,516 [1] INFO  Holly- [(null)] - [客户端推送日志信息] 开始
2016-03-30 11:13:21,527 [1] INFO  Holly- [(null)] - [客户端推送日志信息] 获取到请求数：0
2016-03-30 11:14:21,544 [1] INFO  Holly- [(null)] - [客户端推送日志信息] 开始
2016-03-30 11:14:21,553 [1] INFO  Holly- [(null)] - [客户端推送日志信息] 获取到请求数：0
2016-03-30 11:15:16,098 [1] INFO  Holly- [(null)] - [***MDBFileHelper***][AdditionalRecording] 补录数据
2016-03-30 11:15:21,574 [1] INFO  Holly- [(null)] - [客户端推送日志信息] 开始
2016-03-30 11:15:21,583 [1] INFO  Holly- [(null)] - [客户端推送日志信息] 获取到请求数：0
2016-03-30 11:16:21,603 [1] INFO  Holly- [(null)] - [客户端推送日志信息] 开始
2016-03-30 11:16:21,613 [1] INFO  Holly- [(null)] - [客户端推送日志信息] 获取到请求数：0
2016-03-30 11:17:16,157 [1] INFO  Holly- [(null)] - [***MDBFileHelper***][AdditionalRecording] 补录数据
2016-03-30 11:17:21,632 [1] INFO  Holly- [(null)] - [客户端推送日志信息] 开始
2016-03-30 11:17:21,642 [1] INFO  Holly- [(null)] - [客户端推送日志信息] 获取到请求数：0
2016-03-30 11:18:21,662 [1] INFO  Holly- [(null)] - [客户端推送日志信息] 开始
2016-03-30 11:18:21,672 [1] INFO  Holly- [(null)] - [客户端推送日志信息] 获取到请求数：0
2016-03-30 11:19:16,215 [1] INFO  Holly- [(null)] - [***MDBFileHelper***][AdditionalRecording] 补录数据
2016-03-30 11:19:21,690 [1] INFO  Holly- [(null)] - [客户端推送日志信息] 开始
2016-03-30 11:19:21,705 [1] INFO  Holly- [(null)] - [客户端推送日志信息] 获取到请求数：0
2016-03-30 11:20:21,721 [1] INFO  Holly- [(null)] - [客户端推送日志信息] 开始
2016-03-30 11:20:21,732 [1] INFO  Holly- [(null)] - [客户端推送日志信息] 获取到请求数：0
2016-03-30 11:21:16,274 [1] INFO  Holly- [(null)] - [***MDBFileHelper***][AdditionalRecording] 补录数据
2016-03-30 11:21:21,748 [1] INFO  Holly- [(null)] - [客户端推送日志信息] 开始
2016-03-30 11:21:21,758 [1] INFO  Holly- [(null)] - [客户端推送日志信息] 获取到请求数：0
2016-03-30 11:22:21,779 [1] INFO  Holly- [(null)] - [客户端推送日志信息] 开始
2016-03-30 11:22:21,789 [1] INFO  Holly- [(null)] - [客户端推送日志信息] 获取到请求数：0
2016-03-30 11:23:16,332 [1] INFO  Holly- [(null)] - [***MDBFileHelper***][AdditionalRecording] 补录数据
2016-03-30 11:23:21,808 [1] INFO  Holly- [(null)] - [客户端推送日志信息] 开始
2016-03-30 11:23:21,818 [1] INFO  Holly- [(null)] - [客户端推送日志信息] 获取到请求数：0
2016-03-30 11:24:21,838 [1] INFO  Holly- [(null)] - [客户端推送日志信息] 开始
2016-03-30 11:24:21,848 [1] INFO  Holly- [(null)] - [客户端推送日志信息] 获取到请求数：0
2016-03-30 11:25:16,391 [1] INFO  Holly- [(null)] - [***MDBFileHelper***][AdditionalRecording] 补录数据
2016-03-30 11:25:21,866 [1] INFO  Holly- [(null)] - [客户端推送日志信息] 开始
2016-03-30 11:25:21,877 [1] INFO  Holly- [(null)] - [客户端推送日志信息] 获取到请求数：0
2016-03-30 11:26:21,897 [1] INFO  Holly- [(null)] - [客户端推送日志信息] 开始
2016-03-30 11:26:21,907 [1] INFO  Holly- [(null)] - [客户端推送日志信息] 获取到请求数：0
2016-03-30 11:27:16,449 [1] INFO  Holly- [(null)] - [***MDBFileHelper***][AdditionalRecording] 补录数据
2016-03-30 11:27:21,927 [1] INFO  Holly- [(null)] - [客户端推送日志信息] 开始
2016-03-30 11:27:21,938 [1] INFO  Holly- [(null)] - [客户端推送日志信息] 获取到请求数：0
2016-03-30 11:28:21,953 [1] INFO  Holly- [(null)] - [客户端推送日志信息] 开始
2016-03-30 11:28:21,962 [1] INFO  Holly- [(null)] - [客户端推送日志信息] 获取到请求数：0
2016-03-30 11:29:16,506 [1] INFO  Holly- [(null)] - [***MDBFileHelper***][AdditionalRecording] 补录数据
2016-03-30 11:29:21,983 [1] INFO  Holly- [(null)] - [客户端推送日志信息] 开始
2016-03-30 11:29:21,993 [1] INFO  Holly- [(null)] - [客户端推送日志信息] 获取到请求数：0
2016-03-30 11:30:22,012 [1] INFO  Holly- [(null)] - [客户端推送日志信息] 开始
2016-03-30 11:30:22,022 [1] INFO  Holly- [(null)] - [客户端推送日志信息] 获取到请求数：0
2016-03-30 11:31:16,565 [1] INFO  Holly- [(null)] - [***MDBFileHelper***][AdditionalRecording] 补录数据
2016-03-30 11:31:22,042 [1] INFO  Holly- [(null)] - [客户端推送日志信息] 开始
2016-03-30 11:31:22,052 [1] INFO  Holly- [(null)] - [客户端推送日志信息] 获取到请求数：0
2016-03-30 11:32:22,070 [1] INFO  Holly- [(null)] - [客户端推送日志信息] 开始
2016-03-30 11:32:22,080 [1] INFO  Holly- [(null)] - [客户端推送日志信息] 获取到请求数：0
2016-03-30 11:33:16,623 [1] INFO  Holly- [(null)] - [***MDBFileHelper***][AdditionalRecording] 补录数据
2016-03-30 11:33:22,099 [1] INFO  Holly- [(null)] - [客户端推送日志信息] 开始
2016-03-30 11:33:22,110 [1] INFO  Holly- [(null)] - [客户端推送日志信息] 获取到请求数：0
2016-03-30 11:34:22,128 [1] INFO  Holly- [(null)] - [客户端推送日志信息] 开始
2016-03-30 11:34:22,182 [1] INFO  Holly- [(null)] - [客户端推送日志信息] 获取到请求数：0
2016-03-30 11:35:16,683 [1] INFO  Holly- [(null)] - [***MDBFileHelper***][AdditionalRecording] 补录数据
2016-03-30 11:35:22,188 [1] INFO  Holly- [(null)] - [客户端推送日志信息] 开始
2016-03-30 11:35:22,202 [1] INFO  Holly- [(null)] - [客户端推送日志信息] 获取到请求数：0
2016-03-30 11:36:22,219 [1] INFO  Holly- [(null)] - [客户端推送日志信息] 开始
2016-03-30 11:36:22,229 [1] INFO  Holly- [(null)] - [客户端推送日志信息] 获取到请求数：0
2016-03-30 11:37:16,740 [1] INFO  Holly- [(null)] - [***MDBFileHelper***][AdditionalRecording] 补录数据
2016-03-30 11:37:22,247 [1] INFO  Holly- [(null)] - [客户端推送日志信息] 开始
2016-03-30 11:37:22,301 [1] INFO  Holly- [(null)] - [客户端推送日志信息] 获取到请求数：0
2016-03-30 11:38:22,309 [1] INFO  Holly- [(null)] - [客户端推送日志信息] 开始
2016-03-30 11:38:22,320 [1] INFO  Holly- [(null)] - [客户端推送日志信息] 获取到请求数：0
2016-03-30 11:39:16,799 [1] INFO  Holly- [(null)] - [***MDBFileHelper***][AdditionalRecording] 补录数据
2016-03-30 11:39:22,336 [1] INFO  Holly- [(null)] - [客户端推送日志信息] 开始
2016-03-30 11:39:22,347 [1] INFO  Holly- [(null)] - [客户端推送日志信息] 获取到请求数：0
2016-03-30 11:40:22,368 [1] INFO  Holly- [(null)] - [客户端推送日志信息] 开始
2016-03-30 11:40:22,384 [1] INFO  Holly- [(null)] - [客户端推送日志信息] 获取到请求数：0
2016-03-30 11:41:16,855 [1] INFO  Holly- [(null)] - [***MDBFileHelper***][AdditionalRecording] 补录数据
2016-03-30 11:41:22,396 [1] INFO  Holly- [(null)] - [客户端推送日志信息] 开始
2016-03-30 11:41:22,408 [1] INFO  Holly- [(null)] - [客户端推送日志信息] 获取到请求数：0
2016-03-30 11:42:22,422 [1] INFO  Holly- [(null)] - [客户端推送日志信息] 开始
2016-03-30 11:42:22,430 [1] INFO  Holly- [(null)] - [客户端推送日志信息] 获取到请求数：0
2016-03-30 11:43:16,919 [1] INFO  Holly- [(null)] - [***MDBFileHelper***][AdditionalRecording] 补录数据
2016-03-30 11:43:22,438 [1] INFO  Holly- [(null)] - [客户端推送日志信息] 开始
2016-03-30 11:43:22,448 [1] INFO  Holly- [(null)] - [客户端推送日志信息] 获取到请求数：0
2016-03-30 11:44:22,467 [1] INFO  Holly- [(null)] - [客户端推送日志信息] 开始
2016-03-30 11:44:22,478 [1] INFO  Holly- [(null)] - [客户端推送日志信息] 获取到请求数：0
2016-03-30 11:45:16,977 [1] INFO  Holly- [(null)] - [***MDBFileHelper***][AdditionalRecording] 补录数据
2016-03-30 11:45:22,500 [1] INFO  Holly- [(null)] - [客户端推送日志信息] 开始
2016-03-30 11:45:22,515 [1] INFO  Holly- [(null)] - [客户端推送日志信息] 获取到请求数：0
2016-03-30 11:46:22,525 [1] INFO  Holly- [(null)] - [客户端推送日志信息] 开始
2016-03-30 11:46:22,537 [1] INFO  Holly- [(null)] - [客户端推送日志信息] 获取到请求数：0
2016-03-30 11:47:17,032 [1] INFO  Holly- [(null)] - [***MDBFileHelper***][AdditionalRecording] 补录数据
2016-03-30 11:47:22,555 [1] INFO  Holly- [(null)] - [客户端推送日志信息] 开始
2016-03-30 11:47:22,565 [1] INFO  Holly- [(null)] - [客户端推送日志信息] 获取到请求数：0
2016-03-30 11:48:22,584 [1] INFO  Holly- [(null)] - [客户端推送日志信息] 开始
2016-03-30 11:48:22,613 [1] INFO  Holly- [(null)] - [客户端推送日志信息] 获取到请求数：0
2016-03-30 11:49:17,090 [1] INFO  Holly- [(null)] - [***MDBFileHelper***][AdditionalRecording] 补录数据
2016-03-30 11:49:22,628 [1] INFO  Holly- [(null)] - [客户端推送日志信息] 开始
2016-03-30 11:49:22,639 [1] INFO  Holly- [(null)] - [客户端推送日志信息] 获取到请求数：0
2016-03-30 11:50:22,657 [1] INFO  Holly- [(null)] - [客户端推送日志信息] 开始
2016-03-30 11:50:22,668 [1] INFO  Holly- [(null)] - [客户端推送日志信息] 获取到请求数：0
2016-03-30 11:51:17,149 [1] INFO  Holly- [(null)] - [***MDBFileHelper***][AdditionalRecording] 补录数据
2016-03-30 11:51:22,686 [1] INFO  Holly- [(null)] - [客户端推送日志信息] 开始
2016-03-30 11:51:22,695 [1] INFO  Holly- [(null)] - [客户端推送日志信息] 获取到请求数：0
2016-03-30 11:52:22,720 [1] INFO  Holly- [(null)] - [客户端推送日志信息] 开始
2016-03-30 11:52:22,738 [1] INFO  Holly- [(null)] - [客户端推送日志信息] 获取到请求数：0
2016-03-30 11:53:17,207 [1] INFO  Holly- [(null)] - [***MDBFileHelper***][AdditionalRecording] 补录数据
2016-03-30 11:53:22,746 [1] INFO  Holly- [(null)] - [客户端推送日志信息] 开始
2016-03-30 11:53:22,757 [1] INFO  Holly- [(null)] - [客户端推送日志信息] 获取到请求数：0
2016-03-30 11:54:22,777 [1] INFO  Holly- [(null)] - [客户端推送日志信息] 开始
2016-03-30 11:54:22,788 [1] INFO  Holly- [(null)] - [客户端推送日志信息] 获取到请求数：0
2016-03-30 11:55:17,266 [1] INFO  Holly- [(null)] - [***MDBFileHelper***][AdditionalRecording] 补录数据
2016-03-30 11:55:22,803 [1] INFO  Holly- [(null)] - [客户端推送日志信息] 开始
2016-03-30 11:55:22,814 [1] INFO  Holly- [(null)] - [客户端推送日志信息] 获取到请求数：0
2016-03-30 11:56:22,833 [1] INFO  Holly- [(null)] - [客户端推送日志信息] 开始
2016-03-30 11:56:22,861 [1] INFO  Holly- [(null)] - [客户端推送日志信息] 获取到请求数：0
2016-03-30 11:57:17,325 [1] INFO  Holly- [(null)] - [***MDBFileHelper***][AdditionalRecording] 补录数据
2016-03-30 11:57:22,878 [1] INFO  Holly- [(null)] - [客户端推送日志信息] 开始
2016-03-30 11:57:22,890 [1] INFO  Holly- [(null)] - [客户端推送日志信息] 获取到请求数：0
2016-03-30 11:58:22,907 [1] INFO  Holly- [(null)] - [客户端推送日志信息] 开始
2016-03-30 11:58:22,917 [1] INFO  Holly- [(null)] - [客户端推送日志信息] 获取到请求数：0
2016-03-30 11:59:17,384 [1] INFO  Holly- [(null)] - [***MDBFileHelper***][AdditionalRecording] 补录数据
2016-03-30 11:59:22,937 [1] INFO  Holly- [(null)] - [客户端推送日志信息] 开始
2016-03-30 11:59:22,948 [1] INFO  Holly- [(null)] - [客户端推送日志信息] 获取到请求数：0
2016-03-30 12:00:22,966 [1] INFO  Holly- [(null)] - [客户端推送日志信息] 开始
2016-03-30 12:00:22,977 [1] INFO  Holly- [(null)] - [客户端推送日志信息] 获取到请求数：0
2016-03-30 12:01:17,442 [1] INFO  Holly- [(null)] - [***MDBFileHelper***][AdditionalRecording] 补录数据
2016-03-30 12:01:22,997 [1] INFO  Holly- [(null)] - [客户端推送日志信息] 开始
2016-03-30 12:01:23,009 [1] INFO  Holly- [(null)] - [客户端推送日志信息] 获取到请求数：0
2016-03-30 12:02:23,024 [1] INFO  Holly- [(null)] - [客户端推送日志信息] 开始
2016-03-30 12:02:23,034 [1] INFO  Holly- [(null)] - [客户端推送日志信息] 获取到请求数：0
2016-03-30 12:03:17,499 [1] INFO  Holly- [(null)] - [***MDBFileHelper***][AdditionalRecording] 补录数据
2016-03-30 12:03:23,054 [1] INFO  Holly- [(null)] - [客户端推送日志信息] 开始
2016-03-30 12:03:23,064 [1] INFO  Holly- [(null)] - [客户端推送日志信息] 获取到请求数：0
2016-03-30 12:04:23,082 [1] INFO  Holly- [(null)] - [客户端推送日志信息] 开始
2016-03-30 12:04:23,092 [1] INFO  Holly- [(null)] - [客户端推送日志信息] 获取到请求数：0
2016-03-30 12:05:17,596 [1] INFO  Holly- [(null)] - [***MDBFileHelper***][AdditionalRecording] 补录数据
2016-03-30 12:05:23,110 [1] INFO  Holly- [(null)] - [客户端推送日志信息] 开始
2016-03-30 12:05:23,164 [1] INFO  Holly- [(null)] - [客户端推送日志信息] 获取到请求数：0
2016-03-30 12:06:23,172 [1] INFO  Holly- [(null)] - [客户端推送日志信息] 开始
2016-03-30 12:06:23,182 [1] INFO  Holly- [(null)] - [客户端推送日志信息] 获取到请求数：0
2016-03-30 12:06:34,640 [1] INFO  Holly- [(null)] - [登录登出模块] ExitLogin() Begin...
2016-03-30 12:06:34,931 [1] INFO  Holly- [(null)] - [登录登出模块]DeleteAgentStateToDB...客服退出时LoginOnOid....IS:30
2016-03-30 12:06:34,931 [1] INFO  Holly- [(null)] - [登录登出模块]DeleteAgentStateToDB...客服退出时GetCurrentTime()....IS:2016-03-30 12:06:34
2016-03-30 12:06:34,933 [1] INFO  Holly- [(null)] - [登录登出模块]DeleteAgentStateToDB...退出成功....
2016-03-30 12:06:34,967 [1] INFO  Holly- [(null)] - [HollyContactHelper]用户操作==签出->True
2016-03-30 12:06:36,360 [1] INFO  Holly- [(null)] - [HollyContactHelper]用户操作==卸载->True
2016-03-30 12:06:36,360 [1] INFO  Holly- [(null)] - [登录登出模块] ExitLogin() End.
