2016-11-03 10:38:44,121 [1] INFO  Holly--[17416] [(null)] - [登录窗口]btnLogin_Click Begin...
2016-11-03 10:38:44,376 [1] INFO  Holly--[17416] [(null)] - [HollyContactHelper]ModifySoftphoneINIByDN――根据DN35197,选择的SIPServerIP为：192.168.112.205
2016-11-03 10:38:45,466 [1] INFO  Holly--[17416] [(null)] - [HollyContactHelper]用户操作==装载及初始化->True
2016-11-03 10:38:45,466 [1] INFO  Holly--[17416] [(null)] - [登录窗口]btnLogin_Click： 异步加载，回调事件中继续登录
2016-11-03 10:38:45,466 [1] INFO  Holly--[17416] [(null)] - [登录窗口]btnLogin_Click End
2016-11-03 10:38:45,532 [1] INFO  Holly--[17416] [(null)] - [@@@厂家消息通知@@@]OnMessage ：厂家状态(CurStatus：0；CurStatusName：准备就绪状态；)厂家消息(服务器已上线:UserName=AgentUser,UserGOR=105447425)程序状态(PS01_就绪)
2016-11-03 10:38:45,555 [1] INFO  Holly--[17416] [(null)] - [@@@厂家消息通知@@@]OnMessage ：厂家状态(CurStatus：0；CurStatusName：准备就绪状态；)厂家消息(服务器已上线:UserName=LSUser,UserGOR=65537)程序状态(PS01_就绪)
2016-11-03 10:38:45,614 [1] INFO  Holly--[17416] [(null)] - [@@@厂家消息通知@@@]OnMessage ：厂家状态(CurStatus：0；CurStatusName：准备就绪状态；)厂家消息(服务器已上线:UserName=ASUser,UserGOR=1245185)程序状态(PS01_就绪)
2016-11-03 10:38:45,616 [1] INFO  Holly--[17416] [(null)] - [@@@厂家消息通知@@@]OnMessage ：厂家状态(CurStatus：0；CurStatusName：准备就绪状态；)厂家消息(服务器已上线:UserName=EDSUser,UserGOR=1638401)程序状态(PS01_就绪)
2016-11-03 10:38:45,618 [1] INFO  Holly--[17416] [(null)] - [@@@厂家消息通知@@@]OnMessage ：厂家状态(CurStatus：0；CurStatusName：准备就绪状态；)厂家消息(服务器已上线:UserName=StatEvent,UserGOR=851969)程序状态(PS01_就绪)
2016-11-03 10:38:45,620 [1] INFO  Holly--[17416] [(null)] - [@@@厂家消息通知@@@]OnMessage ：厂家状态(CurStatus：0；CurStatusName：准备就绪状态；)厂家消息(服务器已上线:UserName=StatUser,UserGOR=851970)程序状态(PS01_就绪)
2016-11-03 10:38:45,620 [1] INFO  Holly--[17416] [(null)] - 当前调用Load函数，返回的服务器信息条数为：6
2016-11-03 10:38:45,659 [1] INFO  Holly--[17416] [(null)] - [登录登出模块] Login ( masj, *** , 35197 ) 
2016-11-03 10:38:45,660 [1] INFO  Holly--[17416] [(null)] - [登录登出模块] DomainAccountLogin(masj, pwd) begin...
2016-11-03 10:38:45,927 [1] INFO  Holly--[17416] [(null)] - [登录登出模块] DomainAccountLogin(masj, pwd) end.return BitAuto.Services.Organization.Remoting.Employee
2016-11-03 10:38:50,317 [1] INFO  Holly--[17416] [(null)] - [登录登出模块] InitLoginUser() Begin...
2016-11-03 10:39:20,143 [1] INFO  Holly--[17416] [(null)] - [登录登出模块] InitLoginUser() 客服登录...AgentID is:10658,AgentNum is:13001,GroupName is:惠买车支持部（IM）,OutNum is:97
2016-11-03 10:39:20,143 [1] INFO  Holly--[17416] [(null)] - [登录登出模块] InitLoginUser() End...
2016-11-03 10:39:21,973 [1] INFO  Holly--[17416] [(null)] - [HollyContactHelper]用户操作==添加技能组->1099 3
2016-11-03 10:39:21,973 [1] INFO  Holly--[17416] [(null)] - [HollyContactHelper]用户操作==添加技能组->1094 3
2016-11-03 10:39:21,973 [1] INFO  Holly--[17416] [(null)] - [HollyContactHelper]用户操作==添加技能组->1096 3
2016-11-03 10:39:22,017 [1] INFO  Holly--[17416] [(null)] - [HollyContactHelper]用户操作==签入->True
2016-11-03 10:39:22,055 [1] INFO  Holly--[17416] [(null)] - [======Common======] GetCurrentTime ：获取当前服务器时间：CC系统服务器时间：2016-11-03 10:39:22.030，客户端时间：2016-11-03 10:39:22.055，（生成）计算时间差(毫秒)：-25.0015
2016-11-03 10:39:22,961 [1] INFO  Holly--[17416] [(null)] - [登录登出模块] InsertAgentState()更新退出时间....norecord
2016-11-03 10:39:23,182 [1] INFO  Holly--[17416] [(null)] - [登录登出模块] InsertAgentState()登录状态LoginOnOid....is:1
2016-11-03 10:39:23,182 [1] INFO  Holly--[17416] [(null)] - [登录登出模块] Login(masj, pwd, 35197) End.
2016-11-03 10:39:24,571 [1] INFO  Holly--[17416] [(null)] - [InitMainForm] 开始验证监控权限
2016-11-03 10:39:24,656 [1] INFO  Holly--[17416] [(null)] - [InitMainForm] 有 监控权限
2016-11-03 10:38:32,020 [1] INFO  Holly--[17416] [(null)] - [@@@厂家消息通知@@@]OnMessage ：厂家状态(CurStatus：0；CurStatusName：准备就绪状态；)厂家消息(座席签入成功)程序状态(PS01_就绪)
2016-11-03 10:38:32,158 [1] INFO  Holly--[17416] [(null)] - [事件][OnSignInSuccess] 签入成功事件
2016-11-03 10:38:32,158 [1] INFO  Holly--[17416] [(null)] - [======Common======] GetCurrentTime ：获取当前服务器时间：CC系统服务器时间：2016-11-03 10:38:32.133，客户端时间：2016-11-03 10:38:32.158，（现有）计算时间差(毫秒)：-25.0015
2016-11-03 10:38:32,178 [1] INFO  Holly--[17416] [(null)] - [登录登出模块] InsertAgentState()更新退出时间....initmsg
2016-11-03 10:38:32,188 [1] INFO  Holly--[17416] [(null)] - [登录登出模块] InsertAgentState()登录状态LoginOnOid....is:2
2016-11-03 10:38:32,190 [1] INFO  Holly--[17416] [(null)] - [@@@厂家消息通知@@@]OnMessage ：厂家状态(CurStatus：2；CurStatusName：置忙；)厂家消息(状态改变：准备就绪状态-->置忙)程序状态(PS04_置忙)
2016-11-03 10:38:32,192 [1] INFO  Holly--[17416] [(null)] - [>>>厂家状态变化<<<]OnStatusChange ：PS01_就绪(0) -> PS04_置忙(2)
2016-11-03 10:38:32,230 [1] INFO  Holly--[17416] [(null)] - [HollyContactHelper]用户操作==置闲->True
2016-11-03 10:38:32,732 [1] INFO  Holly--[17416] [(null)] - [HollyContactHelper]用户操作==休息(BS0_自动)->False
2016-11-03 10:38:32,733 [1] INFO  Holly--[17416] [(null)] - [事件][AxUniSoftPhone_OnStatusChange] 状态变化事件
2016-11-03 10:38:32,736 [3] INFO  Holly--[17416] [(null)] - [Main][UpdatAgentDB] 更新客服状态表AS4_置忙
2016-11-03 10:38:32,736 [3] INFO  Holly--[17416] [(null)] - [======Common======] GetCurrentTime ：获取当前服务器时间：CC系统服务器时间：2016-11-03 10:38:32.711，客户端时间：2016-11-03 10:38:32.736，（现有）计算时间差(毫秒)：-25.0015
2016-11-03 10:38:32,737 [1] INFO  Holly--[17416] [(null)] - [Main][SetMainStatus]设置状态：PS04_置忙(BS0_自动)
2016-11-03 10:38:32,814 [3] INFO  Holly--[17416] [(null)] - [Main][UpdatAgentDB] 插入CAgent表
2016-11-03 10:38:32,824 [3] INFO  Holly--[17416] [(null)] - [Main][UpdatAgentDB] 插入新的状态 PreOid....IS:3
2016-11-03 10:38:32,909 [1] INFO  Holly--[17416] [(null)] - [@@@厂家消息通知@@@]OnMessage ：厂家状态(CurStatus：1；CurStatusName：空闲；)厂家消息(状态改变：置忙-->空闲)程序状态(PS03_置闲)
2016-11-03 10:38:32,909 [1] INFO  Holly--[17416] [(null)] - [>>>厂家状态变化<<<]OnStatusChange ：PS04_置忙(2) -> PS03_置闲(1)
2016-11-03 10:38:32,909 [1] INFO  Holly--[17416] [(null)] - [事件][AxUniSoftPhone_OnStatusChange] 状态变化事件
2016-11-03 10:38:32,909 [1] INFO  Holly--[17416] [(null)] - [Main][SetMainStatus]设置状态：PS03_置闲
2016-11-03 10:38:32,910 [3] INFO  Holly--[17416] [(null)] - [Main][UpdatAgentDB] 更新客服状态表AS3_置闲
2016-11-03 10:38:32,910 [3] INFO  Holly--[17416] [(null)] - [======Common======] GetCurrentTime ：获取当前服务器时间：CC系统服务器时间：2016-11-03 10:38:32.885，客户端时间：2016-11-03 10:38:32.910，（现有）计算时间差(毫秒)：-25.0015
2016-11-03 10:38:32,921 [3] INFO  Holly--[17416] [(null)] - [Main][UpdatAgentDB] 更新上一个状态的结束时间 PreOid....IS:3,结束时间为：2016-11-3 10:38:32
2016-11-03 10:38:32,945 [3] INFO  Holly--[17416] [(null)] - [Main][UpdatAgentDB] 插入新的状态 PreOid....IS:4
2016-11-03 10:38:33,103 [1] INFO  Holly--[17416] [(null)] - [HollyContactHelper] 获取厂家信息 ==落地号码->
2016-11-03 10:38:33,105 [1] INFO  Holly--[17416] [(null)] - [@@@厂家消息通知@@@]OnMessage ：厂家状态(CurStatus：1；CurStatusName：空闲；)厂家消息(示闲成功。)程序状态(PS03_置闲)
2016-11-03 10:38:33,122 [1] INFO  Holly--[17416] [(null)] - [HollyContactHelper] 获取厂家信息 ==落地号码->
2016-11-03 10:38:33,123 [1] INFO  Holly--[17416] [(null)] - [@@@厂家消息通知@@@]OnMessage ：厂家状态(CurStatus：1；CurStatusName：空闲；)厂家消息(签入成功。)程序状态(PS03_置闲)
2016-11-03 10:38:34,168 [1] INFO  Holly--[17416] [(null)] - [@@@厂家消息通知@@@]OnMessage ：厂家状态(CurStatus：16；CurStatusName：休息；)厂家消息(状态改变：空闲-->休息)程序状态(PS05_休息)
2016-11-03 10:38:34,168 [1] INFO  Holly--[17416] [(null)] - [>>>厂家状态变化<<<]OnStatusChange ：PS03_置闲(1) -> PS05_休息(16)
2016-11-03 10:38:34,168 [1] INFO  Holly--[17416] [(null)] - [事件][AxUniSoftPhone_OnStatusChange] 状态变化事件
2016-11-03 10:38:34,168 [1] INFO  Holly--[17416] [(null)] - [Main][SetMainStatus]设置状态：PS05_休息
2016-11-03 10:38:34,169 [11] INFO  Holly--[17416] [(null)] - [Main][UpdatAgentDB] 更新客服状态表AS4_置忙
2016-11-03 10:38:34,175 [11] INFO  Holly--[17416] [(null)] - [======Common======] GetCurrentTime ：获取当前服务器时间：CC系统服务器时间：2016-11-03 10:38:34.174，客户端时间：2016-11-03 10:38:34.175，（生成）计算时间差(毫秒)：-1.0001
2016-11-03 10:38:34,178 [11] INFO  Holly--[17416] [(null)] - [Main][UpdatAgentDB] 更新上一个状态的结束时间 PreOid....IS:4,结束时间为：2016-11-3 10:38:34
2016-11-03 10:38:34,198 [1] INFO  Holly--[17416] [(null)] - [HollyContactHelper] 获取厂家信息 ==落地号码->
2016-11-03 10:38:34,198 [1] INFO  Holly--[17416] [(null)] - [@@@厂家消息通知@@@]OnMessage ：厂家状态(CurStatus：16；CurStatusName：休息；)厂家消息(休息开始。)程序状态(PS05_休息)
2016-11-03 10:38:34,223 [11] INFO  Holly--[17416] [(null)] - [Main][UpdatAgentDB] 插入新的状态 PreOid....IS:5
2016-11-03 10:38:38,431 [1] INFO  Holly--[17416] [(null)] - [登录登出模块] ExitLogin() Begin...
2016-11-03 10:38:38,455 [1] INFO  Holly--[17416] [(null)] - [======Common======] GetCurrentTime ：获取当前服务器时间：CC系统服务器时间：2016-11-03 10:38:38.454，客户端时间：2016-11-03 10:38:38.455，（现有）计算时间差(毫秒)：-1.0001
2016-11-03 10:38:38,463 [1] INFO  Holly--[17416] [(null)] - [登录登出模块]DeleteAgentStateToDB...客服退出时 LoginOnOid....IS:2
2016-11-03 10:38:38,463 [1] INFO  Holly--[17416] [(null)] - [登录登出模块]DeleteAgentStateToDB...客服退出时 GetCurrentTime()....IS:2016-11-03 10:38:38
2016-11-03 10:38:38,469 [1] INFO  Holly--[17416] [(null)] - [登录登出模块]DeleteAgentStateToDB...退出成功....
2016-11-03 10:38:38,514 [1] INFO  Holly--[17416] [(null)] - [HollyContactHelper]用户操作==签出->True
2016-11-03 10:38:38,515 [1] INFO  Holly--[17416] [(null)] - [======Common======] GetCurrentTime ：获取当前服务器时间：CC系统服务器时间：2016-11-03 10:38:38.514，客户端时间：2016-11-03 10:38:38.515，（现有）计算时间差(毫秒)：-1.0001
2016-11-03 10:38:38,518 [1] INFO  Holly--[17416] [(null)] - [Main] 更新上一个状态的结束时间 PreOid....IS:5
2016-11-03 10:38:39,825 [1] INFO  Holly--[17416] [(null)] - [HollyContactHelper]用户操作==卸载->True
2016-11-03 10:38:39,825 [1] INFO  Holly--[17416] [(null)] - [登录登出模块] ExitLogin() End.
2016-11-03 10:38:58,408 [1] INFO  Holly--[73860] [(null)] - [登录窗口]btnLogin_Click Begin...
2016-11-03 10:38:58,529 [1] INFO  Holly--[73860] [(null)] - [HollyContactHelper]ModifySoftphoneINIByDN――根据DN34002,选择的SIPServerIP为：192.168.112.204
2016-11-03 10:38:58,709 [1] INFO  Holly--[73860] [(null)] - [HollyContactHelper]用户操作==装载及初始化->True
2016-11-03 10:38:58,709 [1] INFO  Holly--[73860] [(null)] - [登录窗口]btnLogin_Click： 异步加载，回调事件中继续登录
2016-11-03 10:38:58,709 [1] INFO  Holly--[73860] [(null)] - [登录窗口]btnLogin_Click End
2016-11-03 10:38:58,772 [1] INFO  Holly--[73860] [(null)] - [@@@厂家消息通知@@@]OnMessage ：厂家状态(CurStatus：0；CurStatusName：准备就绪状态；)厂家消息(服务器已上线:UserName=AgentUser,UserGOR=261095425)程序状态(PS01_就绪)
2016-11-03 10:38:58,796 [1] INFO  Holly--[73860] [(null)] - [@@@厂家消息通知@@@]OnMessage ：厂家状态(CurStatus：0；CurStatusName：准备就绪状态；)厂家消息(服务器已上线:UserName=LSUser,UserGOR=65537)程序状态(PS01_就绪)
2016-11-03 10:38:58,857 [1] INFO  Holly--[73860] [(null)] - [@@@厂家消息通知@@@]OnMessage ：厂家状态(CurStatus：0；CurStatusName：准备就绪状态；)厂家消息(服务器已上线:UserName=ASUser,UserGOR=655361)程序状态(PS01_就绪)
2016-11-03 10:38:58,859 [1] INFO  Holly--[73860] [(null)] - [@@@厂家消息通知@@@]OnMessage ：厂家状态(CurStatus：0；CurStatusName：准备就绪状态；)厂家消息(服务器已上线:UserName=EDSUser,UserGOR=1638401)程序状态(PS01_就绪)
2016-11-03 10:38:58,861 [1] INFO  Holly--[73860] [(null)] - [@@@厂家消息通知@@@]OnMessage ：厂家状态(CurStatus：0；CurStatusName：准备就绪状态；)厂家消息(服务器已上线:UserName=StatEvent,UserGOR=262145)程序状态(PS01_就绪)
2016-11-03 10:38:58,863 [1] INFO  Holly--[73860] [(null)] - [@@@厂家消息通知@@@]OnMessage ：厂家状态(CurStatus：0；CurStatusName：准备就绪状态；)厂家消息(服务器已上线:UserName=StatUser,UserGOR=262146)程序状态(PS01_就绪)
2016-11-03 10:38:58,863 [1] INFO  Holly--[73860] [(null)] - 当前调用Load函数，返回的服务器信息条数为：6
2016-11-03 10:38:58,872 [1] INFO  Holly--[73860] [(null)] - [登录登出模块] Login ( masj, *** , 34002 ) 
2016-11-03 10:38:58,874 [1] INFO  Holly--[73860] [(null)] - [登录登出模块] DomainAccountLogin(masj, pwd) begin...
2016-11-03 10:38:58,962 [1] INFO  Holly--[73860] [(null)] - [登录登出模块] DomainAccountLogin(masj, pwd) end.return BitAuto.Services.Organization.Remoting.Employee
2016-11-03 10:38:59,307 [1] INFO  Holly--[73860] [(null)] - [登录登出模块] InitLoginUser() Begin...
2016-11-03 10:39:03,364 [1] INFO  Holly--[73860] [(null)] - [登录登出模块] InitLoginUser() 客服登录...AgentID is:10658,AgentNum is:13001,GroupName is:惠买车支持部（IM）,OutNum is:97
2016-11-03 10:39:03,364 [1] INFO  Holly--[73860] [(null)] - [登录登出模块] InitLoginUser() End...
2016-11-03 10:39:03,535 [1] INFO  Holly--[73860] [(null)] - [HollyContactHelper]用户操作==添加技能组->1099 3
2016-11-03 10:39:03,535 [1] INFO  Holly--[73860] [(null)] - [HollyContactHelper]用户操作==添加技能组->1094 3
2016-11-03 10:39:03,535 [1] INFO  Holly--[73860] [(null)] - [HollyContactHelper]用户操作==添加技能组->1096 3
2016-11-03 10:39:03,575 [1] INFO  Holly--[73860] [(null)] - [HollyContactHelper]用户操作==签入->True
2016-11-03 10:39:03,596 [1] INFO  Holly--[73860] [(null)] - [======Common======] GetCurrentTime ：获取当前服务器时间：CC系统服务器时间：2016-11-03 10:39:03.591，客户端时间：2016-11-03 10:39:03.595，（生成）计算时间差(毫秒)：-4.0002
2016-11-03 10:39:03,628 [1] INFO  Holly--[73860] [(null)] - [登录登出模块] InsertAgentState()更新退出时间....initmsg
2016-11-03 10:39:03,674 [1] INFO  Holly--[73860] [(null)] - [登录登出模块] InsertAgentState()登录状态LoginOnOid....is:7
2016-11-03 10:39:03,675 [1] INFO  Holly--[73860] [(null)] - [登录登出模块] Login(masj, pwd, 34002) End.
2016-11-03 10:39:04,168 [1] INFO  Holly--[73860] [(null)] - [InitMainForm] 开始验证监控权限
2016-11-03 10:39:04,260 [1] INFO  Holly--[73860] [(null)] - [InitMainForm] 有 监控权限
2016-11-03 10:39:38,012 [1] INFO  Holly--[73860] [(null)] - [@@@厂家消息通知@@@]OnMessage ：厂家状态(CurStatus：0；CurStatusName：准备就绪状态；)厂家消息(座席签入成功)程序状态(PS01_就绪)
2016-11-03 10:39:38,051 [1] INFO  Holly--[73860] [(null)] - [事件][OnSignInSuccess] 签入成功事件
2016-11-03 10:39:38,052 [1] INFO  Holly--[73860] [(null)] - [======Common======] GetCurrentTime ：获取当前服务器时间：CC系统服务器时间：2016-11-03 10:39:38.047，客户端时间：2016-11-03 10:39:38.051，（现有）计算时间差(毫秒)：-4.0002
2016-11-03 10:39:38,081 [1] INFO  Holly--[73860] [(null)] - [登录登出模块] InsertAgentState()更新退出时间....initmsg
2016-11-03 10:39:38,090 [1] INFO  Holly--[73860] [(null)] - [登录登出模块] InsertAgentState()登录状态LoginOnOid....is:8
2016-11-03 10:39:38,093 [1] INFO  Holly--[73860] [(null)] - [@@@厂家消息通知@@@]OnMessage ：厂家状态(CurStatus：2；CurStatusName：置忙；)厂家消息(状态改变：准备就绪状态-->置忙)程序状态(PS04_置忙)
2016-11-03 10:39:38,094 [1] INFO  Holly--[73860] [(null)] - [>>>厂家状态变化<<<]OnStatusChange ：PS01_就绪(0) -> PS04_置忙(2)
2016-11-03 10:39:38,131 [1] INFO  Holly--[73860] [(null)] - [HollyContactHelper]用户操作==置闲->True
2016-11-03 10:39:38,403 [1] INFO  Holly--[73860] [(null)] - [HollyContactHelper]用户操作==休息(BS0_自动)->True
2016-11-03 10:39:38,403 [1] INFO  Holly--[73860] [(null)] - [事件][AxUniSoftPhone_OnStatusChange] 状态变化事件
2016-11-03 10:39:38,406 [3] INFO  Holly--[73860] [(null)] - [Main][UpdatAgentDB] 更新客服状态表AS4_置忙
2016-11-03 10:39:38,406 [3] INFO  Holly--[73860] [(null)] - [======Common======] GetCurrentTime ：获取当前服务器时间：CC系统服务器时间：2016-11-03 10:39:38.402，客户端时间：2016-11-03 10:39:38.406，（现有）计算时间差(毫秒)：-4.0002
2016-11-03 10:39:38,407 [1] INFO  Holly--[73860] [(null)] - [Main][SetMainStatus]设置状态：PS04_置忙(BS0_自动)
2016-11-03 10:39:38,412 [3] INFO  Holly--[73860] [(null)] - [Main][UpdatAgentDB] 插入CAgent表
2016-11-03 10:39:38,428 [3] INFO  Holly--[73860] [(null)] - [Main][UpdatAgentDB] 插入新的状态 PreOid....IS:9
2016-11-03 10:39:39,470 [1] INFO  Holly--[73860] [(null)] - [@@@厂家消息通知@@@]OnMessage ：厂家状态(CurStatus：1；CurStatusName：空闲；)厂家消息(状态改变：置忙-->空闲)程序状态(PS03_置闲)
2016-11-03 10:39:39,470 [1] INFO  Holly--[73860] [(null)] - [>>>厂家状态变化<<<]OnStatusChange ：PS04_置忙(2) -> PS03_置闲(1)
2016-11-03 10:39:39,470 [1] INFO  Holly--[73860] [(null)] - [事件][AxUniSoftPhone_OnStatusChange] 状态变化事件
2016-11-03 10:39:39,470 [1] INFO  Holly--[73860] [(null)] - [Main][SetMainStatus]设置状态：PS03_置闲
2016-11-03 10:39:39,470 [3] INFO  Holly--[73860] [(null)] - [Main][UpdatAgentDB] 更新客服状态表AS3_置闲
2016-11-03 10:39:39,471 [3] INFO  Holly--[73860] [(null)] - [======Common======] GetCurrentTime ：获取当前服务器时间：CC系统服务器时间：2016-11-03 10:39:39.467，客户端时间：2016-11-03 10:39:39.471，（现有）计算时间差(毫秒)：-4.0002
2016-11-03 10:39:39,477 [1] INFO  Holly--[73860] [(null)] - [@@@厂家消息通知@@@]OnMessage ：厂家状态(CurStatus：16；CurStatusName：休息；)厂家消息(状态改变：空闲-->休息)程序状态(PS05_休息)
2016-11-03 10:39:39,477 [1] INFO  Holly--[73860] [(null)] - [>>>厂家状态变化<<<]OnStatusChange ：PS03_置闲(1) -> PS05_休息(16)
2016-11-03 10:39:39,478 [1] INFO  Holly--[73860] [(null)] - [事件][AxUniSoftPhone_OnStatusChange] 状态变化事件
2016-11-03 10:39:39,478 [1] INFO  Holly--[73860] [(null)] - [Main][SetMainStatus]设置状态：PS05_休息
2016-11-03 10:39:39,480 [11] INFO  Holly--[73860] [(null)] - [Main][UpdatAgentDB] 更新客服状态表AS4_置忙
2016-11-03 10:39:39,480 [11] INFO  Holly--[73860] [(null)] - [======Common======] GetCurrentTime ：获取当前服务器时间：CC系统服务器时间：2016-11-03 10:39:39.476，客户端时间：2016-11-03 10:39:39.480，（现有）计算时间差(毫秒)：-4.0002
2016-11-03 10:39:39,562 [11] INFO  Holly--[73860] [(null)] - [Main][UpdatAgentDB] 更新上一个状态的结束时间 PreOid....IS:9,结束时间为：2016-11-3 10:39:39
2016-11-03 10:39:39,562 [3] INFO  Holly--[73860] [(null)] - [Main][UpdatAgentDB] 更新上一个状态的结束时间 PreOid....IS:9,结束时间为：2016-11-3 10:39:39
2016-11-03 10:39:39,572 [11] INFO  Holly--[73860] [(null)] - [Main][UpdatAgentDB] 插入新的状态 PreOid....IS:10
2016-11-03 10:39:39,572 [3] INFO  Holly--[73860] [(null)] - [Main][UpdatAgentDB] 插入新的状态 PreOid....IS:11
2016-11-03 10:39:41,856 [1] INFO  Holly--[73860] [(null)] - [HollyContactHelper] 获取厂家信息 ==落地号码->
2016-11-03 10:39:41,859 [1] INFO  Holly--[73860] [(null)] - [@@@厂家消息通知@@@]OnMessage ：厂家状态(CurStatus：16；CurStatusName：休息；)厂家消息(休息开始。)程序状态(PS05_休息)
2016-11-03 10:39:41,868 [1] INFO  Holly--[73860] [(null)] - [HollyContactHelper] 获取厂家信息 ==落地号码->
2016-11-03 10:39:41,868 [1] INFO  Holly--[73860] [(null)] - [@@@厂家消息通知@@@]OnMessage ：厂家状态(CurStatus：16；CurStatusName：休息；)厂家消息(示闲成功。)程序状态(PS05_休息)
2016-11-03 10:39:41,881 [1] INFO  Holly--[73860] [(null)] - [HollyContactHelper] 获取厂家信息 ==落地号码->
2016-11-03 10:39:41,882 [1] INFO  Holly--[73860] [(null)] - [@@@厂家消息通知@@@]OnMessage ：厂家状态(CurStatus：16；CurStatusName：休息；)厂家消息(签入成功。)程序状态(PS05_休息)
2016-11-03 10:39:46,038 [1] INFO  Holly--[73860] [(null)] - [MainJs] [SendToWeb] 发送网页消息：0 次数，指定页面ID：WebPage00001
2016-11-03 10:39:46,041 [1] INFO  Holly--[73860] [(null)] - [MainUI] [SendMesToWeb] 获取到了当前指定webPageID的页面：WebPage00001
2016-11-03 10:39:46,043 [1] INFO  Holly--[73860] [(null)] - [MainJs] [SendMesToWeb] CTIEventMsg msg：UserEvent=Notice&Action=SaveWindowsName&Data=WebPage00001&outBoundType=-2
2016-11-03 10:39:53,942 [1] INFO  Holly--[73860] [(null)] - [Main] 点击按钮==签出
2016-11-03 10:39:53,976 [1] INFO  Holly--[73860] [(null)] - [HollyContactHelper]用户操作==签出->True
2016-11-03 10:39:54,206 [1] INFO  Holly--[73860] [(null)] - [@@@厂家消息通知@@@]OnMessage ：厂家状态(CurStatus：16；CurStatusName：休息；)厂家消息(签出成功。)程序状态(PS05_休息)
2016-11-03 10:39:54,207 [1] INFO  Holly--[73860] [(null)] - [事件][OnSignOutSuccess] 签出成功事件
2016-11-03 10:39:54,226 [1] INFO  Holly--[73860] [(null)] - [======Common======] GetCurrentTime ：获取当前服务器时间：CC系统服务器时间：2016-11-03 10:39:54.225，客户端时间：2016-11-03 10:39:54.226，（生成）计算时间差(毫秒)：-1.0001
2016-11-03 10:39:54,234 [1] INFO  Holly--[73860] [(null)] - [登录登出模块]DeleteAgentStateToDB...客服退出时 LoginOnOid....IS:8
2016-11-03 10:39:54,234 [1] INFO  Holly--[73860] [(null)] - [登录登出模块]DeleteAgentStateToDB...客服退出时 GetCurrentTime()....IS:2016-11-03 10:39:54
2016-11-03 10:39:54,236 [1] INFO  Holly--[73860] [(null)] - [登录登出模块]DeleteAgentStateToDB...退出成功....
2016-11-03 10:39:54,237 [1] INFO  Holly--[73860] [(null)] - [@@@厂家消息通知@@@]OnMessage ：厂家状态(CurStatus：14；CurStatusName：签出；)厂家消息(状态改变：休息-->签出)程序状态(PS02_签出)
2016-11-03 10:39:54,237 [1] INFO  Holly--[73860] [(null)] - [>>>厂家状态变化<<<]OnStatusChange ：PS05_休息(16) -> PS02_签出(14)
2016-11-03 10:39:54,237 [1] INFO  Holly--[73860] [(null)] - [事件][AxUniSoftPhone_OnStatusChange] 状态变化事件
2016-11-03 10:39:54,237 [1] INFO  Holly--[73860] [(null)] - [Main][SetMainStatus]设置状态：PS02_签出
2016-11-03 10:39:54,237 [12] INFO  Holly--[73860] [(null)] - [Main][UpdatAgentDB] 更新客服状态表AS1_签出
2016-11-03 10:39:54,237 [12] INFO  Holly--[73860] [(null)] - [======Common======] GetCurrentTime ：获取当前服务器时间：CC系统服务器时间：2016-11-03 10:39:54.236，客户端时间：2016-11-03 10:39:54.237，（现有）计算时间差(毫秒)：-1.0001
2016-11-03 10:39:54,239 [12] INFO  Holly--[73860] [(null)] - [Main] 更新上一个状态的结束时间 PreOid....IS:11
2016-11-03 10:39:54,265 [1] INFO  Holly--[73860] [(null)] - [HollyContactHelper] 获取厂家信息 ==落地号码->
2016-11-03 10:39:55,193 [1] INFO  Holly--[73860] [(null)] - [登录登出模块] ExitLogin() Begin...
2016-11-03 10:39:55,469 [1] INFO  Holly--[73860] [(null)] - [HollyContactHelper]用户操作==卸载->True
2016-11-03 10:39:55,469 [1] INFO  Holly--[73860] [(null)] - [登录登出模块] ExitLogin() End.
2016-11-03 17:06:47,070 [1] INFO  Holly--[64812] [(null)] - [登录窗口]btnLogin_Click Begin...
2016-11-03 17:06:47,465 [1] INFO  Holly--[64812] [(null)] - [HollyContactHelper]ModifySoftphoneINIByDN――根据DN35197,选择的SIPServerIP为：192.168.112.205
2016-11-03 17:06:48,308 [1] INFO  Holly--[64812] [(null)] - [HollyContactHelper]用户操作==装载及初始化->True
2016-11-03 17:06:48,308 [1] INFO  Holly--[64812] [(null)] - [登录窗口]btnLogin_Click： 异步加载，回调事件中继续登录
2016-11-03 17:06:48,308 [1] INFO  Holly--[64812] [(null)] - [登录窗口]btnLogin_Click End
2016-11-03 17:06:48,406 [1] INFO  Holly--[64812] [(null)] - [@@@厂家消息通知@@@]OnMessage ：厂家状态(CurStatus：0；CurStatusName：准备就绪状态；)厂家消息(服务器已上线:UserName=AgentUser,UserGOR=105578497)程序状态(PS01_就绪)
2016-11-03 17:06:48,425 [1] INFO  Holly--[64812] [(null)] - [@@@厂家消息通知@@@]OnMessage ：厂家状态(CurStatus：0；CurStatusName：准备就绪状态；)厂家消息(服务器已上线:UserName=LSUser,UserGOR=65537)程序状态(PS01_就绪)
2016-11-03 17:06:48,506 [1] INFO  Holly--[64812] [(null)] - [@@@厂家消息通知@@@]OnMessage ：厂家状态(CurStatus：0；CurStatusName：准备就绪状态；)厂家消息(服务器已上线:UserName=ASUser,UserGOR=1245185)程序状态(PS01_就绪)
2016-11-03 17:06:48,508 [1] INFO  Holly--[64812] [(null)] - [@@@厂家消息通知@@@]OnMessage ：厂家状态(CurStatus：0；CurStatusName：准备就绪状态；)厂家消息(服务器已上线:UserName=EDSUser,UserGOR=1638401)程序状态(PS01_就绪)
2016-11-03 17:06:48,510 [1] INFO  Holly--[64812] [(null)] - [@@@厂家消息通知@@@]OnMessage ：厂家状态(CurStatus：0；CurStatusName：准备就绪状态；)厂家消息(服务器已上线:UserName=StatEvent,UserGOR=851969)程序状态(PS01_就绪)
2016-11-03 17:06:48,512 [1] INFO  Holly--[64812] [(null)] - [@@@厂家消息通知@@@]OnMessage ：厂家状态(CurStatus：0；CurStatusName：准备就绪状态；)厂家消息(服务器已上线:UserName=StatUser,UserGOR=851970)程序状态(PS01_就绪)
2016-11-03 17:06:48,512 [1] INFO  Holly--[64812] [(null)] - 当前调用Load函数，返回的服务器信息条数为：6
2016-11-03 17:06:48,556 [1] INFO  Holly--[64812] [(null)] - [登录登出模块] Login ( masj, *** , 35197 ) 
2016-11-03 17:06:48,557 [1] INFO  Holly--[64812] [(null)] - [登录登出模块] DomainAccountLogin(masj, pwd) begin...
2016-11-03 17:06:48,770 [1] INFO  Holly--[64812] [(null)] - [登录登出模块] DomainAccountLogin(masj, pwd) end.return BitAuto.Services.Organization.Remoting.Employee
2016-11-03 17:06:52,284 [1] INFO  Holly--[64812] [(null)] - [登录登出模块] InitLoginUser() Begin...
2016-11-03 17:07:15,675 [1] INFO  Holly--[64812] [(null)] - [登录登出模块] InitLoginUser() 客服登录...AgentID is:10658,AgentNum is:13001,GroupName is:惠买车支持部（IM）,OutNum is:97
2016-11-03 17:07:15,676 [1] INFO  Holly--[64812] [(null)] - [登录登出模块] InitLoginUser() End...
2016-11-03 17:07:17,023 [1] INFO  Holly--[64812] [(null)] - [HollyContactHelper]用户操作==添加技能组->1099 3
2016-11-03 17:07:17,023 [1] INFO  Holly--[64812] [(null)] - [HollyContactHelper]用户操作==添加技能组->1094 3
2016-11-03 17:07:17,023 [1] INFO  Holly--[64812] [(null)] - [HollyContactHelper]用户操作==添加技能组->1096 3
2016-11-03 17:07:17,423 [1] INFO  Holly--[64812] [(null)] - [HollyContactHelper]用户操作==签入->True
2016-11-03 17:07:17,449 [1] INFO  Holly--[64812] [(null)] - [======Common======] GetCurrentTime ：获取当前服务器时间：CC系统服务器时间：2016-11-03 17:07:17.439，客户端时间：2016-11-03 17:07:17.448，（生成）计算时间差(毫秒)：-9.0006
2016-11-03 17:07:20,395 [1] INFO  Holly--[64812] [(null)] - [登录登出模块] InsertAgentState()更新退出时间....initmsg
2016-11-03 17:07:20,800 [1] INFO  Holly--[64812] [(null)] - [登录登出模块] InsertAgentState()登录状态LoginOnOid....is:13
2016-11-03 17:07:20,800 [1] INFO  Holly--[64812] [(null)] - [登录登出模块] Login(masj, pwd, 35197) End.
2016-11-03 17:07:21,702 [1] INFO  Holly--[64812] [(null)] - [InitMainForm] 开始验证监控权限
2016-11-03 17:07:21,812 [1] INFO  Holly--[64812] [(null)] - [InitMainForm] 有 监控权限
2016-11-03 17:06:52,011 [1] INFO  Holly--[64812] [(null)] - [@@@厂家消息通知@@@]OnMessage ：厂家状态(CurStatus：0；CurStatusName：准备就绪状态；)厂家消息(座席签入成功)程序状态(PS01_就绪)
2016-11-03 17:06:52,567 [1] INFO  Holly--[64812] [(null)] - [事件][OnSignInSuccess] 签入成功事件
2016-11-03 17:06:52,567 [1] INFO  Holly--[64812] [(null)] - [======Common======] GetCurrentTime ：获取当前服务器时间：CC系统服务器时间：2016-11-03 17:06:52.558，客户端时间：2016-11-03 17:06:52.567，（现有）计算时间差(毫秒)：-9.0006
2016-11-03 17:06:52,690 [1] INFO  Holly--[64812] [(null)] - [登录登出模块] InsertAgentState()更新退出时间....initmsg
2016-11-03 17:06:52,734 [1] INFO  Holly--[64812] [(null)] - [登录登出模块] InsertAgentState()登录状态LoginOnOid....is:14
2016-11-03 17:06:52,736 [1] INFO  Holly--[64812] [(null)] - [@@@厂家消息通知@@@]OnMessage ：厂家状态(CurStatus：2；CurStatusName：置忙；)厂家消息(状态改变：准备就绪状态-->置忙)程序状态(PS04_置忙)
2016-11-03 17:06:52,738 [1] INFO  Holly--[64812] [(null)] - [>>>厂家状态变化<<<]OnStatusChange ：PS01_就绪(0) -> PS04_置忙(2)
2016-11-03 17:06:52,776 [1] INFO  Holly--[64812] [(null)] - [HollyContactHelper]用户操作==置闲->True
2016-11-03 17:06:53,278 [1] INFO  Holly--[64812] [(null)] - [HollyContactHelper]用户操作==休息(BS0_自动)->False
2016-11-03 17:06:53,279 [1] INFO  Holly--[64812] [(null)] - [事件][AxUniSoftPhone_OnStatusChange] 状态变化事件
2016-11-03 17:06:53,282 [3] INFO  Holly--[64812] [(null)] - [Main][UpdatAgentDB] 更新客服状态表AS4_置忙
2016-11-03 17:06:53,282 [3] INFO  Holly--[64812] [(null)] - [======Common======] GetCurrentTime ：获取当前服务器时间：CC系统服务器时间：2016-11-03 17:06:53.273，客户端时间：2016-11-03 17:06:53.282，（现有）计算时间差(毫秒)：-9.0006
2016-11-03 17:06:53,283 [1] INFO  Holly--[64812] [(null)] - [Main][SetMainStatus]设置状态：PS04_置忙(BS0_自动)
2016-11-03 17:06:53,404 [1] INFO  Holly--[64812] [(null)] - [@@@厂家消息通知@@@]OnMessage ：厂家状态(CurStatus：1；CurStatusName：空闲；)厂家消息(状态改变：置忙-->空闲)程序状态(PS03_置闲)
2016-11-03 17:06:53,404 [1] INFO  Holly--[64812] [(null)] - [>>>厂家状态变化<<<]OnStatusChange ：PS04_置忙(2) -> PS03_置闲(1)
2016-11-03 17:06:53,426 [1] INFO  Holly--[64812] [(null)] - [事件][AxUniSoftPhone_OnStatusChange] 状态变化事件
2016-11-03 17:06:53,427 [1] INFO  Holly--[64812] [(null)] - [Main][SetMainStatus]设置状态：PS03_置闲
2016-11-03 17:06:53,427 [9] INFO  Holly--[64812] [(null)] - [Main][UpdatAgentDB] 更新客服状态表AS3_置闲
2016-11-03 17:06:53,427 [9] INFO  Holly--[64812] [(null)] - [======Common======] GetCurrentTime ：获取当前服务器时间：CC系统服务器时间：2016-11-03 17:06:53.418，客户端时间：2016-11-03 17:06:53.427，（现有）计算时间差(毫秒)：-9.0006
2016-11-03 17:06:53,513 [9] INFO  Holly--[64812] [(null)] - [Main][UpdatAgentDB] 插入CAgent表
2016-11-03 17:06:53,534 [9] INFO  Holly--[64812] [(null)] - [Main][UpdatAgentDB] 插入新的状态 PreOid....IS:15
2016-11-03 17:06:53,536 [3] INFO  Holly--[64812] [(null)] - [Main][UpdatAgentDB] 插入CAgent表
2016-11-03 17:06:53,562 [3] INFO  Holly--[64812] [(null)] - [Main][UpdatAgentDB] 插入新的状态 PreOid....IS:16
2016-11-03 17:06:53,572 [1] INFO  Holly--[64812] [(null)] - [@@@厂家消息通知@@@]OnMessage ：厂家状态(CurStatus：16；CurStatusName：休息；)厂家消息(状态改变：空闲-->休息)程序状态(PS05_休息)
2016-11-03 17:06:53,573 [1] INFO  Holly--[64812] [(null)] - [>>>厂家状态变化<<<]OnStatusChange ：PS03_置闲(1) -> PS05_休息(16)
2016-11-03 17:06:53,573 [1] INFO  Holly--[64812] [(null)] - [事件][AxUniSoftPhone_OnStatusChange] 状态变化事件
2016-11-03 17:06:53,573 [1] INFO  Holly--[64812] [(null)] - [Main][SetMainStatus]设置状态：PS05_休息
2016-11-03 17:06:53,573 [9] INFO  Holly--[64812] [(null)] - [Main][UpdatAgentDB] 更新客服状态表AS4_置忙
2016-11-03 17:06:53,579 [9] INFO  Holly--[64812] [(null)] - [======Common======] GetCurrentTime ：获取当前服务器时间：CC系统服务器时间：2016-11-03 17:06:53.577，客户端时间：2016-11-03 17:06:53.578，（生成）计算时间差(毫秒)：-1
2016-11-03 17:06:53,590 [9] INFO  Holly--[64812] [(null)] - [Main][UpdatAgentDB] 更新上一个状态的结束时间 PreOid....IS:16,结束时间为：2016-11-3 17:06:53
2016-11-03 17:06:53,620 [9] INFO  Holly--[64812] [(null)] - [Main][UpdatAgentDB] 插入新的状态 PreOid....IS:17
2016-11-03 17:06:54,250 [1] INFO  Holly--[64812] [(null)] - [HollyContactHelper] 获取厂家信息 ==落地号码->
2016-11-03 17:06:54,251 [1] INFO  Holly--[64812] [(null)] - [@@@厂家消息通知@@@]OnMessage ：厂家状态(CurStatus：16；CurStatusName：休息；)厂家消息(休息开始。)程序状态(PS05_休息)
2016-11-03 17:06:54,261 [1] INFO  Holly--[64812] [(null)] - [HollyContactHelper] 获取厂家信息 ==落地号码->
2016-11-03 17:06:54,262 [1] INFO  Holly--[64812] [(null)] - [@@@厂家消息通知@@@]OnMessage ：厂家状态(CurStatus：16；CurStatusName：休息；)厂家消息(示闲成功。)程序状态(PS05_休息)
2016-11-03 17:06:54,267 [1] INFO  Holly--[64812] [(null)] - [HollyContactHelper] 获取厂家信息 ==落地号码->
2016-11-03 17:06:54,267 [1] INFO  Holly--[64812] [(null)] - [@@@厂家消息通知@@@]OnMessage ：厂家状态(CurStatus：16；CurStatusName：休息；)厂家消息(签入成功。)程序状态(PS05_休息)
2016-11-03 17:06:59,296 [1] INFO  Holly--[64812] [(null)] - [MainJs] [SendToWeb] 发送网页消息：0 次数，指定页面ID：WebPage00001
2016-11-03 17:06:59,299 [1] INFO  Holly--[64812] [(null)] - [MainUI] [SendMesToWeb] 获取到了当前指定webPageID的页面：WebPage00001
2016-11-03 17:06:59,301 [1] INFO  Holly--[64812] [(null)] - [MainJs] [SendMesToWeb] CTIEventMsg msg：UserEvent=Notice&Action=SaveWindowsName&Data=WebPage00001&outBoundType=-2
2016-11-03 17:07:02,393 [1] INFO  Holly--[64812] [(null)] - [Main] 点击按钮==外呼
2016-11-03 17:07:51,462 [1] INFO  Holly--[64812] [(null)] - [客户端推送日志信息] 开始
2016-11-03 17:07:53,553 [1] INFO  Holly--[64812] [(null)] - [客户端推送日志信息] 获取到请求数：0
2016-11-03 17:08:53,566 [1] INFO  Holly--[64812] [(null)] - [客户端推送日志信息] 开始
2016-11-03 17:08:53,612 [1] INFO  Holly--[64812] [(null)] - [客户端推送日志信息] 获取到请求数：0
2016-11-03 17:09:51,438 [1] INFO  Holly--[64812] [(null)] - [***MDBFileHelper***][AdditionalRecording] 补录数据
2016-11-03 17:09:53,626 [1] INFO  Holly--[64812] [(null)] - [客户端推送日志信息] 开始
2016-11-03 17:09:53,638 [1] INFO  Holly--[64812] [(null)] - [客户端推送日志信息] 获取到请求数：0
2016-11-03 17:10:53,656 [1] INFO  Holly--[64812] [(null)] - [客户端推送日志信息] 开始
2016-11-03 17:10:53,666 [1] INFO  Holly--[64812] [(null)] - [客户端推送日志信息] 获取到请求数：0
2016-11-03 17:11:51,368 [1] INFO  Holly--[64812] [(null)] - [======Common======] GetCurrentTime ：获取当前服务器时间：CC系统服务器时间：2016-11-03 17:11:51.367，客户端时间：2016-11-03 17:11:51.368，（现有）计算时间差(毫秒)：-1
2016-11-03 17:11:51,369 [1] INFO  Holly--[64812] [(null)] - [Main]timer_LoginTime_Tick LoginOnOid=14
2016-11-03 17:11:53,686 [1] INFO  Holly--[64812] [(null)] - [客户端推送日志信息] 开始
2016-11-03 17:11:53,719 [1] INFO  Holly--[64812] [(null)] - [客户端推送日志信息] 获取到请求数：0
2016-11-03 17:12:50,228 [1] INFO  Holly--[64812] [(null)] - [登录登出模块] ExitLogin() Begin...
2016-11-03 17:12:50,249 [1] INFO  Holly--[64812] [(null)] - [======Common======] GetCurrentTime ：获取当前服务器时间：CC系统服务器时间：2016-11-03 17:12:50.248，客户端时间：2016-11-03 17:12:50.249，（现有）计算时间差(毫秒)：-1
2016-11-03 17:12:50,259 [1] INFO  Holly--[64812] [(null)] - [登录登出模块]DeleteAgentStateToDB...客服退出时 LoginOnOid....IS:14
2016-11-03 17:12:50,259 [1] INFO  Holly--[64812] [(null)] - [登录登出模块]DeleteAgentStateToDB...客服退出时 GetCurrentTime()....IS:2016-11-03 17:12:50
2016-11-03 17:12:50,260 [1] INFO  Holly--[64812] [(null)] - [登录登出模块]DeleteAgentStateToDB...退出成功....
2016-11-03 17:12:50,294 [1] INFO  Holly--[64812] [(null)] - [HollyContactHelper]用户操作==签出->True
2016-11-03 17:12:50,294 [1] INFO  Holly--[64812] [(null)] - [======Common======] GetCurrentTime ：获取当前服务器时间：CC系统服务器时间：2016-11-03 17:12:50.293，客户端时间：2016-11-03 17:12:50.294，（现有）计算时间差(毫秒)：-1
2016-11-03 17:12:50,300 [1] INFO  Holly--[64812] [(null)] - [Main] 更新上一个状态的结束时间 PreOid....IS:17
2016-11-03 17:12:51,595 [1] INFO  Holly--[64812] [(null)] - [HollyContactHelper]用户操作==卸载->True
2016-11-03 17:12:51,595 [1] INFO  Holly--[64812] [(null)] - [登录登出模块] ExitLogin() End.
