2016-07-29 15:33:36,579 [1] INFO  Holly--[18896] [(null)] - [登录窗口]btnLogin_Click Begin...
2016-07-29 15:33:36,736 [1] INFO  Holly--[18896] [(null)] - [HollyContactHelper]ModifySoftphoneINIByDN――根据DN35197,选择的SIPServerIP为：192.168.112.205
2016-07-29 15:33:37,430 [1] INFO  Holly--[18896] [(null)] - [HollyContactHelper]用户操作==装载及初始化->True
2016-07-29 15:33:37,430 [1] INFO  Holly--[18896] [(null)] - [登录窗口]btnLogin_Click： 异步加载，回调事件中继续登录
2016-07-29 15:33:37,430 [1] INFO  Holly--[18896] [(null)] - [登录窗口]btnLogin_Click End
2016-07-29 15:33:37,493 [1] INFO  Holly--[18896] [(null)] - [@@@厂家消息通知@@@]OnMessage ：厂家状态(CurStatus：0；CurStatusName：准备就绪状态；)厂家消息(服务器已上线:UserName=AgentUser,UserGOR=3342337)程序状态(PS01_就绪)
2016-07-29 15:33:37,508 [1] INFO  Holly--[18896] [(null)] - [@@@厂家消息通知@@@]OnMessage ：厂家状态(CurStatus：0；CurStatusName：准备就绪状态；)厂家消息(服务器已上线:UserName=LSUser,UserGOR=65537)程序状态(PS01_就绪)
2016-07-29 15:33:37,572 [1] INFO  Holly--[18896] [(null)] - [@@@厂家消息通知@@@]OnMessage ：厂家状态(CurStatus：0；CurStatusName：准备就绪状态；)厂家消息(服务器已上线:UserName=ASUser,UserGOR=1245185)程序状态(PS01_就绪)
2016-07-29 15:33:37,574 [1] INFO  Holly--[18896] [(null)] - [@@@厂家消息通知@@@]OnMessage ：厂家状态(CurStatus：0；CurStatusName：准备就绪状态；)厂家消息(服务器已上线:UserName=EDSUser,UserGOR=1638401)程序状态(PS01_就绪)
2016-07-29 15:33:37,577 [1] INFO  Holly--[18896] [(null)] - [@@@厂家消息通知@@@]OnMessage ：厂家状态(CurStatus：0；CurStatusName：准备就绪状态；)厂家消息(服务器已上线:UserName=StatEvent,UserGOR=851969)程序状态(PS01_就绪)
2016-07-29 15:33:37,580 [1] INFO  Holly--[18896] [(null)] - [@@@厂家消息通知@@@]OnMessage ：厂家状态(CurStatus：0；CurStatusName：准备就绪状态；)厂家消息(服务器已上线:UserName=StatUser,UserGOR=851970)程序状态(PS01_就绪)
2016-07-29 15:33:37,580 [1] INFO  Holly--[18896] [(null)] - 当前调用Load函数，返回的服务器信息条数为：6
2016-07-29 15:33:37,619 [1] INFO  Holly--[18896] [(null)] - [登录登出模块] Login ( masj, *** , 35197 ) 
2016-07-29 15:33:37,621 [1] INFO  Holly--[18896] [(null)] - [登录登出模块] DomainAccountLogin(masj, pwd) begin...
2016-07-29 15:33:37,683 [1] INFO  Holly--[18896] [(null)] - [登录登出模块] DomainAccountLogin(masj, pwd) end.return BitAuto.Services.Organization.Remoting.Employee
2016-07-29 15:33:38,380 [1] INFO  Holly--[18896] [(null)] - [登录登出模块] InitLoginUser() Begin...
2016-07-29 15:33:43,231 [1] INFO  Holly--[18896] [(null)] - [登录登出模块] InitLoginUser() 客服登录...AgentID is:10658,AgentNum is:13001,GroupName is:惠买车支持部（IM）,OutNum is:97
2016-07-29 15:33:43,231 [1] INFO  Holly--[18896] [(null)] - [登录登出模块] InitLoginUser() End...
2016-07-29 15:33:43,687 [1] INFO  Holly--[18896] [(null)] - [HollyContactHelper]用户操作==添加技能组->1099 3
2016-07-29 15:33:43,687 [1] INFO  Holly--[18896] [(null)] - [HollyContactHelper]用户操作==添加技能组->1094 3
2016-07-29 15:33:43,687 [1] INFO  Holly--[18896] [(null)] - [HollyContactHelper]用户操作==添加技能组->1096 3
2016-07-29 15:33:43,724 [1] INFO  Holly--[18896] [(null)] - [HollyContactHelper]用户操作==签入->True
2016-07-29 15:33:44,634 [1] INFO  Holly--[18896] [(null)] - [登录登出模块] InsertAgentState()更新退出时间....norecord
2016-07-29 15:33:45,112 [1] INFO  Holly--[18896] [(null)] - [登录登出模块] InsertAgentState()登录状态LoginOnOid....is:36
2016-07-29 15:33:45,113 [1] INFO  Holly--[18896] [(null)] - [登录登出模块] Login(masj, pwd, 35197) End.
2016-07-29 15:33:46,276 [1] INFO  Holly--[18896] [(null)] - [InitMainForm] 开始验证监控权限
2016-07-29 15:33:46,674 [1] INFO  Holly--[18896] [(null)] - [InitMainForm] 有 监控权限
2016-07-29 15:34:31,008 [1] INFO  Holly--[18896] [(null)] - [@@@厂家消息通知@@@]OnMessage ：厂家状态(CurStatus：0；CurStatusName：准备就绪状态；)厂家消息(座席签入成功)程序状态(PS01_就绪)
2016-07-29 15:34:31,422 [1] INFO  Holly--[18896] [(null)] - [事件][OnSignInSuccess] 签入成功事件
2016-07-29 15:34:32,160 [1] INFO  Holly--[18896] [(null)] - [登录登出模块] InsertAgentState()更新退出时间....initmsg
2016-07-29 15:34:32,171 [1] INFO  Holly--[18896] [(null)] - [登录登出模块] InsertAgentState()登录状态LoginOnOid....is:37
2016-07-29 15:34:32,175 [1] INFO  Holly--[18896] [(null)] - [@@@厂家消息通知@@@]OnMessage ：厂家状态(CurStatus：2；CurStatusName：置忙；)厂家消息(状态改变：准备就绪状态-->置忙)程序状态(PS04_置忙)
2016-07-29 15:34:32,177 [1] INFO  Holly--[18896] [(null)] - [>>>厂家状态变化<<<]OnStatusChange ：PS01_就绪(0) -> PS04_置忙(2)
2016-07-29 15:34:32,209 [1] INFO  Holly--[18896] [(null)] - [HollyContactHelper]用户操作==置闲->True
2016-07-29 15:34:32,463 [1] INFO  Holly--[18896] [(null)] - [HollyContactHelper]用户操作==休息(BS0_自动)->True
2016-07-29 15:34:32,464 [1] INFO  Holly--[18896] [(null)] - [事件][AxUniSoftPhone_OnStatusChange] 状态变化事件
2016-07-29 15:34:32,500 [1] INFO  Holly--[18896] [(null)] - [Main][SetMainStatus]设置状态：PS04_置忙(BS0_自动)
2016-07-29 15:34:33,528 [1] INFO  Holly--[18896] [(null)] - [@@@厂家消息通知@@@]OnMessage ：厂家状态(CurStatus：1；CurStatusName：空闲；)厂家消息(状态改变：置忙-->空闲)程序状态(PS03_置闲)
2016-07-29 15:34:33,529 [1] INFO  Holly--[18896] [(null)] - [>>>厂家状态变化<<<]OnStatusChange ：PS04_置忙(2) -> PS03_置闲(1)
2016-07-29 15:34:33,529 [1] INFO  Holly--[18896] [(null)] - [事件][AxUniSoftPhone_OnStatusChange] 状态变化事件
2016-07-29 15:34:33,529 [1] INFO  Holly--[18896] [(null)] - [Main][SetMainStatus]设置状态：PS03_置闲
2016-07-29 15:34:33,536 [1] INFO  Holly--[18896] [(null)] - [@@@厂家消息通知@@@]OnMessage ：厂家状态(CurStatus：16；CurStatusName：休息；)厂家消息(状态改变：空闲-->休息)程序状态(PS05_休息)
2016-07-29 15:34:33,536 [1] INFO  Holly--[18896] [(null)] - [>>>厂家状态变化<<<]OnStatusChange ：PS03_置闲(1) -> PS05_休息(16)
2016-07-29 15:34:33,536 [1] INFO  Holly--[18896] [(null)] - [事件][AxUniSoftPhone_OnStatusChange] 状态变化事件
2016-07-29 15:34:33,536 [1] INFO  Holly--[18896] [(null)] - [Main][SetMainStatus]设置状态：PS05_休息
2016-07-29 15:34:40,003 [1] INFO  Holly--[18896] [(null)] - [MainJs] [SendToWeb] 发送网页消息：0 次数，指定页面ID：WebPage00001
2016-07-29 15:34:40,008 [1] INFO  Holly--[18896] [(null)] - [MainUI] [SendMesToWeb] 获取到了当前指定webPageID的页面：WebPage00001
2016-07-29 15:34:40,157 [1] INFO  Holly--[18896] [(null)] - [MainJs] [SendMesToWeb] CTIEventMsg msg：UserEvent=Notice&Action=SaveWindowsName&Data=WebPage00001&outBoundType=-2
2016-07-29 15:34:41,503 [1] INFO  Holly--[18896] [(null)] - [HollyContactHelper] 获取厂家信息 ==落地号码->
2016-07-29 15:34:41,506 [1] INFO  Holly--[18896] [(null)] - [Main][UpdatAgentDB] 更新客服状态表AS4_置忙
2016-07-29 15:34:42,617 [1] INFO  Holly--[18896] [(null)] - [Main][UpdatAgentDB] 插入CAgent表
2016-07-29 15:34:42,981 [1] INFO  Holly--[18896] [(null)] - [Main][UpdatAgentDB] 插入新的状态 PreOid....IS:38
2016-07-29 15:34:42,981 [1] INFO  Holly--[18896] [(null)] - [@@@厂家消息通知@@@]OnMessage ：厂家状态(CurStatus：16；CurStatusName：休息；)厂家消息(休息开始。)程序状态(PS05_休息)
2016-07-29 15:34:43,018 [1] INFO  Holly--[18896] [(null)] - [HollyContactHelper] 获取厂家信息 ==落地号码->
2016-07-29 15:34:43,018 [1] INFO  Holly--[18896] [(null)] - [Main][UpdatAgentDB] 更新客服状态表AS3_置闲
2016-07-29 15:34:43,030 [1] INFO  Holly--[18896] [(null)] - [Main][UpdatAgentDB] 更新上一个状态的结束时间 PreOid....IS:38
2016-07-29 15:34:43,394 [1] INFO  Holly--[18896] [(null)] - [Main][UpdatAgentDB] 插入新的状态 PreOid....IS:39
2016-07-29 15:34:43,394 [1] INFO  Holly--[18896] [(null)] - [@@@厂家消息通知@@@]OnMessage ：厂家状态(CurStatus：16；CurStatusName：休息；)厂家消息(示闲成功。)程序状态(PS05_休息)
2016-07-29 15:34:43,404 [1] INFO  Holly--[18896] [(null)] - [HollyContactHelper] 获取厂家信息 ==落地号码->
2016-07-29 15:34:43,404 [1] INFO  Holly--[18896] [(null)] - [Main][UpdatAgentDB] 更新客服状态表AS4_置忙
2016-07-29 15:34:43,442 [1] INFO  Holly--[18896] [(null)] - [Main][UpdatAgentDB] 更新上一个状态的结束时间 PreOid....IS:39
2016-07-29 15:34:43,808 [1] INFO  Holly--[18896] [(null)] - [Main][UpdatAgentDB] 插入新的状态 PreOid....IS:40
2016-07-29 15:34:43,808 [1] INFO  Holly--[18896] [(null)] - [@@@厂家消息通知@@@]OnMessage ：厂家状态(CurStatus：16；CurStatusName：休息；)厂家消息(签入成功。)程序状态(PS05_休息)
2016-07-29 15:34:51,881 [1] INFO  Holly--[18896] [(null)] - [MainJs] [SendToWeb] 发送网页消息：0 次数，指定页面ID：WebPage00001
2016-07-29 15:34:51,881 [1] INFO  Holly--[18896] [(null)] - [MainUI] [SendMesToWeb] 获取到了当前指定webPageID的页面：WebPage00001
2016-07-29 15:34:51,882 [1] INFO  Holly--[18896] [(null)] - [MainJs] [SendMesToWeb] CTIEventMsg msg：UserEvent=Notice&Action=SaveWindowsName&Data=WebPage00001&outBoundType=-2
2016-07-29 15:34:55,625 [1] INFO  Holly--[18896] [(null)] - [MainJs] [MethodScript] urlPath /browsercontrol/newpage?url=/LeadsTask/CSLeadsTaskDeal.aspx%3FTaskID%3DCJK0040927%26number%3D1000
2016-07-29 15:34:55,631 [1] INFO  Holly--[18896] [(null)] - [MainUI] [NewPageForReq] address is:/LeadsTask/CSLeadsTaskDeal.aspx?TaskID=CJK0040927&number=1000
2016-07-29 15:34:55,653 [1] INFO  Holly--[18896] [(null)] - [MainUI] [ShowTabPagesLog] 全部页面 线索邀约=WebPage00001(); 新增页=WebPage00002(WebPage00001); 
2016-07-29 15:34:55,695 [1] INFO  Holly--[18896] [(null)] - [MainJs] [MethodScript] 命令调用完成，返回结果=ok
2016-07-29 15:34:56,221 [1] INFO  Holly--[18896] [(null)] - [MainJs] [SendToWeb] 发送网页消息：0 次数，指定页面ID：WebPage00002
2016-07-29 15:34:56,221 [1] INFO  Holly--[18896] [(null)] - [MainUI] [SendMesToWeb] 获取到了当前指定webPageID的页面：WebPage00002
2016-07-29 15:34:56,222 [1] INFO  Holly--[18896] [(null)] - [MainJs] [SendMesToWeb] CTIEventMsg msg：UserEvent=Notice&Action=SaveWindowsName&Data=WebPage00002&outBoundType=-2
2016-07-29 15:35:29,832 [1] INFO  Holly--[18896] [(null)] - [客户端推送日志信息] 开始
2016-07-29 15:35:32,194 [1] INFO  Holly--[18896] [(null)] - [客户端推送日志信息] 获取到请求数：0
2016-07-29 15:36:32,210 [1] INFO  Holly--[18896] [(null)] - [客户端推送日志信息] 开始
2016-07-29 15:36:32,223 [1] INFO  Holly--[18896] [(null)] - [客户端推送日志信息] 获取到请求数：0
2016-07-29 15:37:10,936 [1] INFO  Holly--[18896] [(null)] - [MainJs] [SendToWeb] 发送网页消息：0 次数，指定页面ID：WebPage00002
2016-07-29 15:37:10,937 [1] INFO  Holly--[18896] [(null)] - [MainUI] [SendMesToWeb] 获取到了当前指定webPageID的页面：WebPage00002
2016-07-29 15:37:10,983 [1] INFO  Holly--[18896] [(null)] - [MainJs] [SendMesToWeb] CTIEventMsg msg：UserEvent=Notice&Action=SaveWindowsName&Data=WebPage00002&outBoundType=-2
2016-07-29 15:37:14,754 [1] INFO  Holly--[18896] [(null)] - [MainJs] [MethodScript] urlPath /browsercontrol/closepagecallparentpagefun?parentpagecontrolid=btnSearch&WebPageID=WebPage00002
2016-07-29 15:37:14,876 [1] INFO  Holly--[18896] [(null)] - [MainJs] [GetWebPageIDFormParas] 关闭当前窗口，并自动点击父窗口查询按钮 命令中获取到了页面ID：WebPage00002 父页面ID：WebPage00001
2016-07-29 15:37:14,906 [1] INFO  Holly--[18896] [(null)] - [MainUI] [GetTabControlTabPagesCount] 可用页面数量=2
2016-07-29 15:37:15,018 [1] INFO  Holly--[18896] [(null)] - [MainUI] [SelectedIndexChanged] [切换页面] WebPage00001
2016-07-29 15:37:15,023 [1] INFO  Holly--[18896] [(null)] - [MainUI] [WebClosePageEvent] 网站关闭页面=WebPage00002，并且移除alowReceiveCallMsg_WebpageIDList[允许给iframe子页面推送话务消息列表]中的PageID：WebPage00002,结果=False
2016-07-29 15:37:15,023 [1] INFO  Holly--[18896] [(null)] - [MainUI] [ShowTabPagesLog] 全部页面 线索邀约=WebPage00001(); 
2016-07-29 15:37:15,920 [1] INFO  Holly--[18896] [(null)] - [MainJs] [MethodScript] 命令调用完成，返回结果=ok
2016-07-29 15:37:29,822 [1] INFO  Holly--[18896] [(null)] - [***MDBFileHelper***][AdditionalRecording] 补录数据
2016-07-29 15:37:32,237 [1] INFO  Holly--[18896] [(null)] - [客户端推送日志信息] 开始
2016-07-29 15:37:32,272 [1] INFO  Holly--[18896] [(null)] - [客户端推送日志信息] 获取到请求数：0
2016-07-29 15:38:32,806 [1] INFO  Holly--[18896] [(null)] - [客户端推送日志信息] 开始
2016-07-29 15:38:32,970 [1] INFO  Holly--[18896] [(null)] - [客户端推送日志信息] 获取到请求数：0
2016-07-29 15:38:52,148 [1] INFO  Holly--[18896] [(null)] - [MainJs] [MethodScript] urlPath /browsercontrol/newpage?url=/LeadsTask/CSLeadsTaskDeal.aspx%3FTaskID%3DCJK0003204%26number%3D1000
2016-07-29 15:38:52,148 [1] INFO  Holly--[18896] [(null)] - [MainUI] [NewPageForReq] address is:/LeadsTask/CSLeadsTaskDeal.aspx?TaskID=CJK0003204&number=1000
2016-07-29 15:38:52,165 [1] INFO  Holly--[18896] [(null)] - [MainUI] [ShowTabPagesLog] 全部页面 线索邀约=WebPage00001(); 新增页=WebPage00003(WebPage00001); 
2016-07-29 15:38:52,248 [1] INFO  Holly--[18896] [(null)] - [MainJs] [MethodScript] 命令调用完成，返回结果=ok
2016-07-29 15:38:52,818 [1] INFO  Holly--[18896] [(null)] - [MainJs] [SendToWeb] 发送网页消息：0 次数，指定页面ID：WebPage00003
2016-07-29 15:38:52,818 [1] INFO  Holly--[18896] [(null)] - [MainUI] [SendMesToWeb] 获取到了当前指定webPageID的页面：WebPage00003
2016-07-29 15:38:52,819 [1] INFO  Holly--[18896] [(null)] - [MainJs] [SendMesToWeb] CTIEventMsg msg：UserEvent=Notice&Action=SaveWindowsName&Data=WebPage00003&outBoundType=-2
2016-07-29 15:39:29,795 [1] INFO  Holly--[18896] [(null)] - [Main]timer_LoginTime_Tick LoginOnOid=37
2016-07-29 15:39:32,983 [1] INFO  Holly--[18896] [(null)] - [客户端推送日志信息] 开始
2016-07-29 15:39:32,997 [1] INFO  Holly--[18896] [(null)] - [客户端推送日志信息] 获取到请求数：0
2016-07-29 15:40:30,909 [1] INFO  Holly--[18896] [(null)] - [***MDBFileHelper***][AdditionalRecording] 补录数据
2016-07-29 15:40:33,010 [1] INFO  Holly--[18896] [(null)] - [客户端推送日志信息] 开始
2016-07-29 15:40:33,053 [1] INFO  Holly--[18896] [(null)] - [客户端推送日志信息] 获取到请求数：0
2016-07-29 15:41:22,426 [1] INFO  Holly--[18896] [(null)] - [MainUI] [GetTabControlTabPagesCount] 可用页面数量=2
2016-07-29 15:41:22,522 [1] INFO  Holly--[18896] [(null)] - [MainUI] [SelectedIndexChanged] [切换页面] WebPage00001
2016-07-29 15:41:22,524 [1] INFO  Holly--[18896] [(null)] - [MainUI] 手动关闭页面=WebPage00003，并且移除alowReceiveCallMsg_WebpageIDList[允许给iframe子页面推送话务消息列表]中的PageID：WebPage00003,结果=False
2016-07-29 15:41:22,524 [1] INFO  Holly--[18896] [(null)] - [MainUI] [ShowTabPagesLog] 全部页面 线索邀约=WebPage00001(); 
2016-07-29 15:41:24,368 [1] INFO  Holly--[18896] [(null)] - [MainJs] [MethodScript] urlPath /browsercontrol/newpage?url=/LeadsTask/CSLeadsTaskDeal.aspx%3FTaskID%3DCJK0003204%26number%3D1000
2016-07-29 15:41:24,368 [1] INFO  Holly--[18896] [(null)] - [MainUI] [NewPageForReq] address is:/LeadsTask/CSLeadsTaskDeal.aspx?TaskID=CJK0003204&number=1000
2016-07-29 15:41:24,386 [1] INFO  Holly--[18896] [(null)] - [MainUI] [ShowTabPagesLog] 全部页面 线索邀约=WebPage00001(); 新增页=WebPage00004(WebPage00001); 
2016-07-29 15:41:24,430 [1] INFO  Holly--[18896] [(null)] - [MainJs] [MethodScript] 命令调用完成，返回结果=ok
2016-07-29 15:41:28,648 [1] INFO  Holly--[18896] [(null)] - [MainJs] [SendToWeb] 发送网页消息：0 次数，指定页面ID：WebPage00004
2016-07-29 15:41:28,648 [1] INFO  Holly--[18896] [(null)] - [MainUI] [SendMesToWeb] 获取到了当前指定webPageID的页面：WebPage00004
2016-07-29 15:41:28,648 [1] INFO  Holly--[18896] [(null)] - [MainJs] [SendMesToWeb] CTIEventMsg msg：UserEvent=Notice&Action=SaveWindowsName&Data=WebPage00004&outBoundType=-2
2016-07-29 15:41:33,127 [1] INFO  Holly--[18896] [(null)] - [客户端推送日志信息] 开始
2016-07-29 15:41:33,745 [1] INFO  Holly--[18896] [(null)] - [客户端推送日志信息] 获取到请求数：0
2016-07-29 15:41:34,685 [1] INFO  Holly--[18896] [(null)] - [MainJs] [MethodScript] urlPath /browsercontrol/closepagecallparentpagefun?parentpagecontrolid=btnSearch&WebPageID=WebPage00004
2016-07-29 15:41:34,685 [1] INFO  Holly--[18896] [(null)] - [MainJs] [GetWebPageIDFormParas] 关闭当前窗口，并自动点击父窗口查询按钮 命令中获取到了页面ID：WebPage00004 父页面ID：WebPage00001
2016-07-29 15:41:34,685 [1] INFO  Holly--[18896] [(null)] - [MainUI] [GetTabControlTabPagesCount] 可用页面数量=2
2016-07-29 15:41:34,773 [1] INFO  Holly--[18896] [(null)] - [MainUI] [SelectedIndexChanged] [切换页面] WebPage00001
2016-07-29 15:41:34,778 [1] INFO  Holly--[18896] [(null)] - [MainUI] [WebClosePageEvent] 网站关闭页面=WebPage00004，并且移除alowReceiveCallMsg_WebpageIDList[允许给iframe子页面推送话务消息列表]中的PageID：WebPage00004,结果=False
2016-07-29 15:41:34,778 [1] INFO  Holly--[18896] [(null)] - [MainUI] [ShowTabPagesLog] 全部页面 线索邀约=WebPage00001(); 
2016-07-29 15:41:34,971 [1] INFO  Holly--[18896] [(null)] - [MainJs] [MethodScript] 命令调用完成，返回结果=ok
2016-07-29 15:42:14,013 [1] INFO  Holly--[18896] [(null)] - [MainJs] [MethodScript] urlPath /browsercontrol/newpage?url=/LeadsTask/CSLeadsTaskDeal.aspx%3FTaskID%3DCJK0003204%26number%3D1000
2016-07-29 15:42:14,013 [1] INFO  Holly--[18896] [(null)] - [MainUI] [NewPageForReq] address is:/LeadsTask/CSLeadsTaskDeal.aspx?TaskID=CJK0003204&number=1000
2016-07-29 15:42:14,051 [1] INFO  Holly--[18896] [(null)] - [MainUI] [ShowTabPagesLog] 全部页面 线索邀约=WebPage00001(); 新增页=WebPage00005(WebPage00001); 
2016-07-29 15:42:14,116 [1] INFO  Holly--[18896] [(null)] - [MainJs] [MethodScript] 命令调用完成，返回结果=ok
2016-07-29 15:42:16,612 [1] INFO  Holly--[18896] [(null)] - [MainJs] [SendToWeb] 发送网页消息：0 次数，指定页面ID：WebPage00005
2016-07-29 15:42:16,613 [1] INFO  Holly--[18896] [(null)] - [MainUI] [SendMesToWeb] 获取到了当前指定webPageID的页面：WebPage00005
2016-07-29 15:42:16,613 [1] INFO  Holly--[18896] [(null)] - [MainJs] [SendMesToWeb] CTIEventMsg msg：UserEvent=Notice&Action=SaveWindowsName&Data=WebPage00005&outBoundType=-2
2016-07-29 15:42:22,920 [1] INFO  Holly--[18896] [(null)] - [MainJs] [MethodScript] urlPath /browsercontrol/closepagecallparentpagefun?parentpagecontrolid=btnSearch&WebPageID=WebPage00005
2016-07-29 15:42:22,920 [1] INFO  Holly--[18896] [(null)] - [MainJs] [GetWebPageIDFormParas] 关闭当前窗口，并自动点击父窗口查询按钮 命令中获取到了页面ID：WebPage00005 父页面ID：WebPage00001
2016-07-29 15:42:22,920 [1] INFO  Holly--[18896] [(null)] - [MainUI] [GetTabControlTabPagesCount] 可用页面数量=2
2016-07-29 15:42:23,011 [1] INFO  Holly--[18896] [(null)] - [MainUI] [SelectedIndexChanged] [切换页面] WebPage00001
2016-07-29 15:42:23,015 [1] INFO  Holly--[18896] [(null)] - [MainUI] [WebClosePageEvent] 网站关闭页面=WebPage00005，并且移除alowReceiveCallMsg_WebpageIDList[允许给iframe子页面推送话务消息列表]中的PageID：WebPage00005,结果=False
2016-07-29 15:42:23,015 [1] INFO  Holly--[18896] [(null)] - [MainUI] [ShowTabPagesLog] 全部页面 线索邀约=WebPage00001(); 
2016-07-29 15:42:23,705 [1] INFO  Holly--[18896] [(null)] - [MainJs] [MethodScript] 命令调用完成，返回结果=ok
2016-07-29 15:42:33,756 [1] INFO  Holly--[18896] [(null)] - [客户端推送日志信息] 开始
2016-07-29 15:42:33,775 [1] INFO  Holly--[18896] [(null)] - [客户端推送日志信息] 获取到请求数：0
2016-07-29 15:42:56,204 [1] INFO  Holly--[18896] [(null)] - [MainJs] [MethodScript] urlPath /browsercontrol/newpage?url=/LeadsTask/CSLeadsTaskDeal.aspx%3FTaskID%3DCJK0003204%26number%3D1000
2016-07-29 15:42:56,213 [1] INFO  Holly--[18896] [(null)] - [MainUI] [NewPageForReq] address is:/LeadsTask/CSLeadsTaskDeal.aspx?TaskID=CJK0003204&number=1000
2016-07-29 15:42:56,310 [1] INFO  Holly--[18896] [(null)] - [MainUI] [ShowTabPagesLog] 全部页面 线索邀约=WebPage00001(); 新增页=WebPage00006(WebPage00001); 
2016-07-29 15:42:56,363 [1] INFO  Holly--[18896] [(null)] - [MainJs] [MethodScript] 命令调用完成，返回结果=ok
2016-07-29 15:42:56,801 [1] INFO  Holly--[18896] [(null)] - [MainJs] [SendToWeb] 发送网页消息：0 次数，指定页面ID：WebPage00006
2016-07-29 15:42:56,801 [1] INFO  Holly--[18896] [(null)] - [MainUI] [SendMesToWeb] 获取到了当前指定webPageID的页面：WebPage00006
2016-07-29 15:42:56,802 [1] INFO  Holly--[18896] [(null)] - [MainJs] [SendMesToWeb] CTIEventMsg msg：UserEvent=Notice&Action=SaveWindowsName&Data=WebPage00006&outBoundType=-2
2016-07-29 15:43:16,383 [1] INFO  Holly--[18896] [(null)] - [MainJs] [MethodScript] urlPath /browsercontrol/closepagecallparentpagefun?parentpagecontrolid=btnSearch&WebPageID=WebPage00006
2016-07-29 15:43:16,383 [1] INFO  Holly--[18896] [(null)] - [MainJs] [GetWebPageIDFormParas] 关闭当前窗口，并自动点击父窗口查询按钮 命令中获取到了页面ID：WebPage00006 父页面ID：WebPage00001
2016-07-29 15:43:16,383 [1] INFO  Holly--[18896] [(null)] - [MainUI] [GetTabControlTabPagesCount] 可用页面数量=2
2016-07-29 15:43:16,454 [1] INFO  Holly--[18896] [(null)] - [MainUI] [SelectedIndexChanged] [切换页面] WebPage00001
2016-07-29 15:43:16,459 [1] INFO  Holly--[18896] [(null)] - [MainUI] [WebClosePageEvent] 网站关闭页面=WebPage00006，并且移除alowReceiveCallMsg_WebpageIDList[允许给iframe子页面推送话务消息列表]中的PageID：WebPage00006,结果=False
2016-07-29 15:43:16,459 [1] INFO  Holly--[18896] [(null)] - [MainUI] [ShowTabPagesLog] 全部页面 线索邀约=WebPage00001(); 
2016-07-29 15:43:17,140 [1] INFO  Holly--[18896] [(null)] - [MainJs] [MethodScript] 命令调用完成，返回结果=ok
2016-07-29 15:43:30,963 [1] INFO  Holly--[18896] [(null)] - [***MDBFileHelper***][AdditionalRecording] 补录数据
2016-07-29 15:43:33,786 [1] INFO  Holly--[18896] [(null)] - [客户端推送日志信息] 开始
2016-07-29 15:43:33,823 [1] INFO  Holly--[18896] [(null)] - [客户端推送日志信息] 获取到请求数：0
2016-07-29 15:44:29,812 [1] INFO  Holly--[18896] [(null)] - [Main]timer_LoginTime_Tick LoginOnOid=37
2016-07-29 15:44:33,848 [1] INFO  Holly--[18896] [(null)] - [客户端推送日志信息] 开始
2016-07-29 15:44:33,861 [1] INFO  Holly--[18896] [(null)] - [客户端推送日志信息] 获取到请求数：0
2016-07-29 15:45:33,877 [1] INFO  Holly--[18896] [(null)] - [客户端推送日志信息] 开始
2016-07-29 15:45:33,890 [1] INFO  Holly--[18896] [(null)] - [客户端推送日志信息] 获取到请求数：0
2016-07-29 15:46:31,022 [1] INFO  Holly--[18896] [(null)] - [***MDBFileHelper***][AdditionalRecording] 补录数据
2016-07-29 15:46:33,907 [1] INFO  Holly--[18896] [(null)] - [客户端推送日志信息] 开始
2016-07-29 15:46:33,920 [1] INFO  Holly--[18896] [(null)] - [客户端推送日志信息] 获取到请求数：0
2016-07-29 15:47:12,936 [1] INFO  Holly--[18896] [(null)] - [MainJs] [MethodScript] urlPath /browsercontrol/newpage?url=/LeadsTask/CSLeadsTaskDeal.aspx%3FTaskID%3DCJK0003204%26number%3D1000
2016-07-29 15:47:12,936 [1] INFO  Holly--[18896] [(null)] - [MainUI] [NewPageForReq] address is:/LeadsTask/CSLeadsTaskDeal.aspx?TaskID=CJK0003204&number=1000
2016-07-29 15:47:12,953 [1] INFO  Holly--[18896] [(null)] - [MainUI] [ShowTabPagesLog] 全部页面 线索邀约=WebPage00001(); 新增页=WebPage00007(WebPage00001); 
2016-07-29 15:47:12,990 [1] INFO  Holly--[18896] [(null)] - [MainJs] [MethodScript] 命令调用完成，返回结果=ok
2016-07-29 15:47:13,500 [1] INFO  Holly--[18896] [(null)] - [MainJs] [SendToWeb] 发送网页消息：0 次数，指定页面ID：WebPage00007
2016-07-29 15:47:13,500 [1] INFO  Holly--[18896] [(null)] - [MainUI] [SendMesToWeb] 获取到了当前指定webPageID的页面：WebPage00007
2016-07-29 15:47:13,501 [1] INFO  Holly--[18896] [(null)] - [MainJs] [SendMesToWeb] CTIEventMsg msg：UserEvent=Notice&Action=SaveWindowsName&Data=WebPage00007&outBoundType=-2
2016-07-29 15:47:18,899 [1] INFO  Holly--[18896] [(null)] - [MainJs] [MethodScript] urlPath /browsercontrol/closepagecallparentpagefun?parentpagecontrolid=btnSearch&WebPageID=WebPage00007
2016-07-29 15:47:18,899 [1] INFO  Holly--[18896] [(null)] - [MainJs] [GetWebPageIDFormParas] 关闭当前窗口，并自动点击父窗口查询按钮 命令中获取到了页面ID：WebPage00007 父页面ID：WebPage00001
2016-07-29 15:47:18,899 [1] INFO  Holly--[18896] [(null)] - [MainUI] [GetTabControlTabPagesCount] 可用页面数量=2
2016-07-29 15:47:18,973 [1] INFO  Holly--[18896] [(null)] - [MainUI] [SelectedIndexChanged] [切换页面] WebPage00001
2016-07-29 15:47:18,978 [1] INFO  Holly--[18896] [(null)] - [MainUI] [WebClosePageEvent] 网站关闭页面=WebPage00007，并且移除alowReceiveCallMsg_WebpageIDList[允许给iframe子页面推送话务消息列表]中的PageID：WebPage00007,结果=False
2016-07-29 15:47:18,978 [1] INFO  Holly--[18896] [(null)] - [MainUI] [ShowTabPagesLog] 全部页面 线索邀约=WebPage00001(); 
2016-07-29 15:47:19,701 [1] INFO  Holly--[18896] [(null)] - [MainJs] [MethodScript] 命令调用完成，返回结果=ok
2016-07-29 15:47:33,948 [1] INFO  Holly--[18896] [(null)] - [客户端推送日志信息] 开始
2016-07-29 15:47:33,962 [1] INFO  Holly--[18896] [(null)] - [客户端推送日志信息] 获取到请求数：0
2016-07-29 15:48:33,978 [1] INFO  Holly--[18896] [(null)] - [客户端推送日志信息] 开始
2016-07-29 15:48:33,994 [1] INFO  Holly--[18896] [(null)] - [客户端推送日志信息] 获取到请求数：0
2016-07-29 15:49:29,826 [1] INFO  Holly--[18896] [(null)] - [Main]timer_LoginTime_Tick LoginOnOid=37
2016-07-29 15:49:31,219 [1] INFO  Holly--[18896] [(null)] - [***MDBFileHelper***][AdditionalRecording] 补录数据
2016-07-29 15:49:34,009 [1] INFO  Holly--[18896] [(null)] - [客户端推送日志信息] 开始
2016-07-29 15:49:34,023 [1] INFO  Holly--[18896] [(null)] - [客户端推送日志信息] 获取到请求数：0
2016-07-29 15:50:34,039 [1] INFO  Holly--[18896] [(null)] - [客户端推送日志信息] 开始
2016-07-29 15:50:34,053 [1] INFO  Holly--[18896] [(null)] - [客户端推送日志信息] 获取到请求数：0
2016-07-29 15:51:34,068 [1] INFO  Holly--[18896] [(null)] - [客户端推送日志信息] 开始
2016-07-29 15:51:34,089 [1] INFO  Holly--[18896] [(null)] - [客户端推送日志信息] 获取到请求数：0
2016-07-29 15:52:31,272 [1] INFO  Holly--[18896] [(null)] - [***MDBFileHelper***][AdditionalRecording] 补录数据
2016-07-29 15:52:34,110 [1] INFO  Holly--[18896] [(null)] - [客户端推送日志信息] 开始
2016-07-29 15:52:34,127 [1] INFO  Holly--[18896] [(null)] - [客户端推送日志信息] 获取到请求数：0
2016-07-29 15:53:34,156 [1] INFO  Holly--[18896] [(null)] - [客户端推送日志信息] 开始
2016-07-29 15:53:34,171 [1] INFO  Holly--[18896] [(null)] - [客户端推送日志信息] 获取到请求数：0
2016-07-29 15:54:29,838 [1] INFO  Holly--[18896] [(null)] - [Main]timer_LoginTime_Tick LoginOnOid=37
2016-07-29 15:54:34,182 [1] INFO  Holly--[18896] [(null)] - [客户端推送日志信息] 开始
2016-07-29 15:54:34,192 [1] INFO  Holly--[18896] [(null)] - [客户端推送日志信息] 获取到请求数：0
2016-07-29 15:55:31,345 [1] INFO  Holly--[18896] [(null)] - [***MDBFileHelper***][AdditionalRecording] 补录数据
2016-07-29 15:55:34,215 [1] INFO  Holly--[18896] [(null)] - [客户端推送日志信息] 开始
2016-07-29 15:55:34,268 [1] INFO  Holly--[18896] [(null)] - [客户端推送日志信息] 获取到请求数：0
2016-07-29 15:56:34,290 [1] INFO  Holly--[18896] [(null)] - [客户端推送日志信息] 开始
2016-07-29 15:56:34,303 [1] INFO  Holly--[18896] [(null)] - [客户端推送日志信息] 获取到请求数：0
2016-07-29 15:57:34,318 [1] INFO  Holly--[18896] [(null)] - [客户端推送日志信息] 开始
2016-07-29 15:57:34,332 [1] INFO  Holly--[18896] [(null)] - [客户端推送日志信息] 获取到请求数：0
2016-07-29 15:58:31,399 [1] INFO  Holly--[18896] [(null)] - [***MDBFileHelper***][AdditionalRecording] 补录数据
2016-07-29 15:58:34,348 [1] INFO  Holly--[18896] [(null)] - [客户端推送日志信息] 开始
2016-07-29 15:58:34,364 [1] INFO  Holly--[18896] [(null)] - [客户端推送日志信息] 获取到请求数：0
2016-07-29 15:59:29,854 [1] INFO  Holly--[18896] [(null)] - [Main]timer_LoginTime_Tick LoginOnOid=37
2016-07-29 15:59:34,377 [1] INFO  Holly--[18896] [(null)] - [客户端推送日志信息] 开始
2016-07-29 15:59:34,394 [1] INFO  Holly--[18896] [(null)] - [客户端推送日志信息] 获取到请求数：0
2016-07-29 16:00:34,407 [1] INFO  Holly--[18896] [(null)] - [客户端推送日志信息] 开始
2016-07-29 16:00:34,422 [1] INFO  Holly--[18896] [(null)] - [客户端推送日志信息] 获取到请求数：0
2016-07-29 16:01:31,503 [1] INFO  Holly--[18896] [(null)] - [***MDBFileHelper***][AdditionalRecording] 补录数据
2016-07-29 16:01:34,436 [1] INFO  Holly--[18896] [(null)] - [客户端推送日志信息] 开始
2016-07-29 16:01:48,820 [1] INFO  Holly--[18896] [(null)] - [客户端推送日志信息] 获取到请求数：0
2016-07-29 16:02:48,833 [1] INFO  Holly--[18896] [(null)] - [客户端推送日志信息] 开始
2016-07-29 16:03:38,545 [1] INFO  Holly--[18896] [(null)] - [客户端推送日志信息] 获取到请求数：0
2016-07-29 16:04:29,874 [1] INFO  Holly--[18896] [(null)] - [Main]timer_LoginTime_Tick LoginOnOid=37
2016-07-29 16:04:31,607 [1] INFO  Holly--[18896] [(null)] - [***MDBFileHelper***][AdditionalRecording] 补录数据
2016-07-29 16:04:38,564 [1] INFO  Holly--[18896] [(null)] - [客户端推送日志信息] 开始
2016-07-29 16:04:38,631 [1] INFO  Holly--[18896] [(null)] - [客户端推送日志信息] 获取到请求数：0
2016-07-29 16:05:38,640 [1] INFO  Holly--[18896] [(null)] - [客户端推送日志信息] 开始
2016-07-29 16:05:38,656 [1] INFO  Holly--[18896] [(null)] - [客户端推送日志信息] 获取到请求数：0
2016-07-29 16:06:38,670 [1] INFO  Holly--[18896] [(null)] - [客户端推送日志信息] 开始
2016-07-29 16:06:38,684 [1] INFO  Holly--[18896] [(null)] - [客户端推送日志信息] 获取到请求数：0
2016-07-29 16:07:31,704 [1] INFO  Holly--[18896] [(null)] - [***MDBFileHelper***][AdditionalRecording] 补录数据
2016-07-29 16:07:38,697 [1] INFO  Holly--[18896] [(null)] - [客户端推送日志信息] 开始
2016-07-29 16:07:38,710 [1] INFO  Holly--[18896] [(null)] - [客户端推送日志信息] 获取到请求数：0
2016-07-29 16:08:38,730 [1] INFO  Holly--[18896] [(null)] - [客户端推送日志信息] 开始
2016-07-29 16:08:38,747 [1] INFO  Holly--[18896] [(null)] - [客户端推送日志信息] 获取到请求数：0
2016-07-29 16:09:29,880 [1] INFO  Holly--[18896] [(null)] - [Main]timer_LoginTime_Tick LoginOnOid=37
2016-07-29 16:09:38,773 [1] INFO  Holly--[18896] [(null)] - [客户端推送日志信息] 开始
2016-07-29 16:09:38,787 [1] INFO  Holly--[18896] [(null)] - [客户端推送日志信息] 获取到请求数：0
2016-07-29 16:10:31,956 [1] INFO  Holly--[18896] [(null)] - [***MDBFileHelper***][AdditionalRecording] 补录数据
2016-07-29 16:10:38,799 [1] INFO  Holly--[18896] [(null)] - [客户端推送日志信息] 开始
2016-07-29 16:10:38,813 [1] INFO  Holly--[18896] [(null)] - [客户端推送日志信息] 获取到请求数：0
2016-07-29 16:11:38,831 [1] INFO  Holly--[18896] [(null)] - [客户端推送日志信息] 开始
2016-07-29 16:11:38,844 [1] INFO  Holly--[18896] [(null)] - [客户端推送日志信息] 获取到请求数：0
2016-07-29 16:12:38,860 [1] INFO  Holly--[18896] [(null)] - [客户端推送日志信息] 开始
2016-07-29 16:12:38,875 [1] INFO  Holly--[18896] [(null)] - [客户端推送日志信息] 获取到请求数：0
2016-07-29 16:13:32,103 [1] INFO  Holly--[18896] [(null)] - [***MDBFileHelper***][AdditionalRecording] 补录数据
2016-07-29 16:13:38,896 [1] INFO  Holly--[18896] [(null)] - [客户端推送日志信息] 开始
2016-07-29 16:13:38,913 [1] INFO  Holly--[18896] [(null)] - [客户端推送日志信息] 获取到请求数：0
2016-07-29 16:14:29,902 [1] INFO  Holly--[18896] [(null)] - [Main]timer_LoginTime_Tick LoginOnOid=37
2016-07-29 16:14:38,933 [1] INFO  Holly--[18896] [(null)] - [客户端推送日志信息] 开始
2016-07-29 16:14:38,947 [1] INFO  Holly--[18896] [(null)] - [客户端推送日志信息] 获取到请求数：0
2016-07-29 16:15:38,963 [1] INFO  Holly--[18896] [(null)] - [客户端推送日志信息] 开始
2016-07-29 16:15:38,977 [1] INFO  Holly--[18896] [(null)] - [客户端推送日志信息] 获取到请求数：0
2016-07-29 16:16:32,178 [1] INFO  Holly--[18896] [(null)] - [***MDBFileHelper***][AdditionalRecording] 补录数据
2016-07-29 16:16:38,990 [1] INFO  Holly--[18896] [(null)] - [客户端推送日志信息] 开始
2016-07-29 16:16:39,005 [1] INFO  Holly--[18896] [(null)] - [客户端推送日志信息] 获取到请求数：0
2016-07-29 16:17:39,020 [1] INFO  Holly--[18896] [(null)] - [客户端推送日志信息] 开始
2016-07-29 16:17:39,036 [1] INFO  Holly--[18896] [(null)] - [客户端推送日志信息] 获取到请求数：0
2016-07-29 16:18:39,051 [1] INFO  Holly--[18896] [(null)] - [客户端推送日志信息] 开始
2016-07-29 16:18:39,066 [1] INFO  Holly--[18896] [(null)] - [客户端推送日志信息] 获取到请求数：0
2016-07-29 16:19:29,922 [1] INFO  Holly--[18896] [(null)] - [Main]timer_LoginTime_Tick LoginOnOid=37
2016-07-29 16:19:32,388 [1] INFO  Holly--[18896] [(null)] - [***MDBFileHelper***][AdditionalRecording] 补录数据
2016-07-29 16:19:39,078 [1] INFO  Holly--[18896] [(null)] - [客户端推送日志信息] 开始
2016-07-29 16:19:39,094 [1] INFO  Holly--[18896] [(null)] - [客户端推送日志信息] 获取到请求数：0
2016-07-29 16:20:39,111 [1] INFO  Holly--[18896] [(null)] - [客户端推送日志信息] 开始
2016-07-29 16:20:39,126 [1] INFO  Holly--[18896] [(null)] - [客户端推送日志信息] 获取到请求数：0
2016-07-29 16:21:39,138 [1] INFO  Holly--[18896] [(null)] - [客户端推送日志信息] 开始
2016-07-29 16:21:39,502 [1] INFO  Holly--[18896] [(null)] - [客户端推送日志信息] 获取到请求数：0
2016-07-29 16:22:32,476 [1] INFO  Holly--[18896] [(null)] - [***MDBFileHelper***][AdditionalRecording] 补录数据
2016-07-29 16:22:39,527 [1] INFO  Holly--[18896] [(null)] - [客户端推送日志信息] 开始
2016-07-29 16:22:39,542 [1] INFO  Holly--[18896] [(null)] - [客户端推送日志信息] 获取到请求数：0
2016-07-29 16:23:39,555 [1] INFO  Holly--[18896] [(null)] - [客户端推送日志信息] 开始
2016-07-29 16:23:39,571 [1] INFO  Holly--[18896] [(null)] - [客户端推送日志信息] 获取到请求数：0
2016-07-29 16:24:29,929 [1] INFO  Holly--[18896] [(null)] - [Main]timer_LoginTime_Tick LoginOnOid=37
2016-07-29 16:24:39,585 [1] INFO  Holly--[18896] [(null)] - [客户端推送日志信息] 开始
2016-07-29 16:24:39,600 [1] INFO  Holly--[18896] [(null)] - [客户端推送日志信息] 获取到请求数：0
2016-07-29 16:25:32,531 [1] INFO  Holly--[18896] [(null)] - [***MDBFileHelper***][AdditionalRecording] 补录数据
2016-07-29 16:25:39,610 [1] INFO  Holly--[18896] [(null)] - [客户端推送日志信息] 开始
2016-07-29 16:25:39,617 [1] INFO  Holly--[18896] [(null)] - [客户端推送日志信息] 获取到请求数：0
2016-07-29 16:26:39,625 [1] INFO  Holly--[18896] [(null)] - [客户端推送日志信息] 开始
2016-07-29 16:26:39,638 [1] INFO  Holly--[18896] [(null)] - [客户端推送日志信息] 获取到请求数：0
2016-07-29 16:27:39,661 [1] INFO  Holly--[18896] [(null)] - [客户端推送日志信息] 开始
2016-07-29 16:27:39,678 [1] INFO  Holly--[18896] [(null)] - [客户端推送日志信息] 获取到请求数：0
2016-07-29 16:28:32,636 [1] INFO  Holly--[18896] [(null)] - [***MDBFileHelper***][AdditionalRecording] 补录数据
2016-07-29 16:28:39,700 [1] INFO  Holly--[18896] [(null)] - [客户端推送日志信息] 开始
2016-07-29 16:28:39,716 [1] INFO  Holly--[18896] [(null)] - [客户端推送日志信息] 获取到请求数：0
2016-07-29 16:29:29,947 [1] INFO  Holly--[18896] [(null)] - [Main]timer_LoginTime_Tick LoginOnOid=37
2016-07-29 16:29:39,731 [1] INFO  Holly--[18896] [(null)] - [客户端推送日志信息] 开始
2016-07-29 16:29:39,745 [1] INFO  Holly--[18896] [(null)] - [客户端推送日志信息] 获取到请求数：0
2016-07-29 16:30:39,760 [1] INFO  Holly--[18896] [(null)] - [客户端推送日志信息] 开始
2016-07-29 16:30:39,773 [1] INFO  Holly--[18896] [(null)] - [客户端推送日志信息] 获取到请求数：0
2016-07-29 16:31:32,815 [1] INFO  Holly--[18896] [(null)] - [***MDBFileHelper***][AdditionalRecording] 补录数据
2016-07-29 16:31:39,789 [1] INFO  Holly--[18896] [(null)] - [客户端推送日志信息] 开始
2016-07-29 16:31:39,805 [1] INFO  Holly--[18896] [(null)] - [客户端推送日志信息] 获取到请求数：0
2016-07-29 16:32:39,818 [1] INFO  Holly--[18896] [(null)] - [客户端推送日志信息] 开始
2016-07-29 16:32:39,836 [1] INFO  Holly--[18896] [(null)] - [客户端推送日志信息] 获取到请求数：0
2016-07-29 16:33:39,846 [1] INFO  Holly--[18896] [(null)] - [客户端推送日志信息] 开始
2016-07-29 16:33:39,868 [1] INFO  Holly--[18896] [(null)] - [客户端推送日志信息] 获取到请求数：0
2016-07-29 16:34:29,955 [1] INFO  Holly--[18896] [(null)] - [Main]timer_LoginTime_Tick LoginOnOid=37
2016-07-29 16:34:32,954 [1] INFO  Holly--[18896] [(null)] - [***MDBFileHelper***][AdditionalRecording] 补录数据
2016-07-29 16:34:39,893 [1] INFO  Holly--[18896] [(null)] - [客户端推送日志信息] 开始
2016-07-29 16:34:39,908 [1] INFO  Holly--[18896] [(null)] - [客户端推送日志信息] 获取到请求数：0
2016-07-29 16:35:39,921 [1] INFO  Holly--[18896] [(null)] - [客户端推送日志信息] 开始
2016-07-29 16:35:39,937 [1] INFO  Holly--[18896] [(null)] - [客户端推送日志信息] 获取到请求数：0
2016-07-29 16:36:39,950 [1] INFO  Holly--[18896] [(null)] - [客户端推送日志信息] 开始
2016-07-29 16:36:39,964 [1] INFO  Holly--[18896] [(null)] - [客户端推送日志信息] 获取到请求数：0
2016-07-29 16:37:33,100 [1] INFO  Holly--[18896] [(null)] - [***MDBFileHelper***][AdditionalRecording] 补录数据
2016-07-29 16:37:39,979 [1] INFO  Holly--[18896] [(null)] - [客户端推送日志信息] 开始
2016-07-29 16:37:39,994 [1] INFO  Holly--[18896] [(null)] - [客户端推送日志信息] 获取到请求数：0
2016-07-29 16:38:40,009 [1] INFO  Holly--[18896] [(null)] - [客户端推送日志信息] 开始
2016-07-29 16:38:40,024 [1] INFO  Holly--[18896] [(null)] - [客户端推送日志信息] 获取到请求数：0
2016-07-29 16:39:29,975 [1] INFO  Holly--[18896] [(null)] - [Main]timer_LoginTime_Tick LoginOnOid=37
2016-07-29 16:39:40,037 [1] INFO  Holly--[18896] [(null)] - [客户端推送日志信息] 开始
2016-07-29 16:39:40,052 [1] INFO  Holly--[18896] [(null)] - [客户端推送日志信息] 获取到请求数：0
2016-07-29 16:40:33,220 [1] INFO  Holly--[18896] [(null)] - [***MDBFileHelper***][AdditionalRecording] 补录数据
2016-07-29 16:40:40,067 [1] INFO  Holly--[18896] [(null)] - [客户端推送日志信息] 开始
2016-07-29 16:40:40,082 [1] INFO  Holly--[18896] [(null)] - [客户端推送日志信息] 获取到请求数：0
2016-07-29 16:41:40,097 [1] INFO  Holly--[18896] [(null)] - [客户端推送日志信息] 开始
2016-07-29 16:41:40,112 [1] INFO  Holly--[18896] [(null)] - [客户端推送日志信息] 获取到请求数：0
2016-07-29 16:42:40,126 [1] INFO  Holly--[18896] [(null)] - [客户端推送日志信息] 开始
2016-07-29 16:42:40,141 [1] INFO  Holly--[18896] [(null)] - [客户端推送日志信息] 获取到请求数：0
2016-07-29 16:43:33,399 [1] INFO  Holly--[18896] [(null)] - [***MDBFileHelper***][AdditionalRecording] 补录数据
2016-07-29 16:43:40,154 [1] INFO  Holly--[18896] [(null)] - [客户端推送日志信息] 开始
2016-07-29 16:43:40,168 [1] INFO  Holly--[18896] [(null)] - [客户端推送日志信息] 获取到请求数：0
2016-07-29 16:44:29,977 [1] INFO  Holly--[18896] [(null)] - [Main]timer_LoginTime_Tick LoginOnOid=37
2016-07-29 16:44:40,184 [1] INFO  Holly--[18896] [(null)] - [客户端推送日志信息] 开始
2016-07-29 16:44:40,198 [1] INFO  Holly--[18896] [(null)] - [客户端推送日志信息] 获取到请求数：0
2016-07-29 16:45:40,214 [1] INFO  Holly--[18896] [(null)] - [客户端推送日志信息] 开始
2016-07-29 16:45:40,229 [1] INFO  Holly--[18896] [(null)] - [客户端推送日志信息] 获取到请求数：0
2016-07-29 16:46:33,457 [1] INFO  Holly--[18896] [(null)] - [***MDBFileHelper***][AdditionalRecording] 补录数据
2016-07-29 16:46:40,241 [1] INFO  Holly--[18896] [(null)] - [客户端推送日志信息] 开始
2016-07-29 16:46:40,257 [1] INFO  Holly--[18896] [(null)] - [客户端推送日志信息] 获取到请求数：0
2016-07-29 16:47:40,272 [1] INFO  Holly--[18896] [(null)] - [客户端推送日志信息] 开始
2016-07-29 16:47:40,290 [1] INFO  Holly--[18896] [(null)] - [客户端推送日志信息] 获取到请求数：0
2016-07-29 16:48:40,302 [1] INFO  Holly--[18896] [(null)] - [客户端推送日志信息] 开始
2016-07-29 16:48:40,321 [1] INFO  Holly--[18896] [(null)] - [客户端推送日志信息] 获取到请求数：0
2016-07-29 16:49:29,987 [1] INFO  Holly--[18896] [(null)] - [Main]timer_LoginTime_Tick LoginOnOid=37
2016-07-29 16:49:33,952 [1] INFO  Holly--[18896] [(null)] - [***MDBFileHelper***][AdditionalRecording] 补录数据
2016-07-29 16:49:40,330 [1] INFO  Holly--[18896] [(null)] - [客户端推送日志信息] 开始
2016-07-29 16:49:40,345 [1] INFO  Holly--[18896] [(null)] - [客户端推送日志信息] 获取到请求数：0
2016-07-29 16:50:40,359 [1] INFO  Holly--[18896] [(null)] - [客户端推送日志信息] 开始
2016-07-29 16:50:40,374 [1] INFO  Holly--[18896] [(null)] - [客户端推送日志信息] 获取到请求数：0
2016-07-29 16:51:40,389 [1] INFO  Holly--[18896] [(null)] - [客户端推送日志信息] 开始
2016-07-29 16:51:40,405 [1] INFO  Holly--[18896] [(null)] - [客户端推送日志信息] 获取到请求数：0
2016-07-29 16:52:34,008 [1] INFO  Holly--[18896] [(null)] - [***MDBFileHelper***][AdditionalRecording] 补录数据
2016-07-29 16:52:40,434 [1] INFO  Holly--[18896] [(null)] - [客户端推送日志信息] 开始
2016-07-29 16:52:40,448 [1] INFO  Holly--[18896] [(null)] - [客户端推送日志信息] 获取到请求数：0
2016-07-29 16:53:40,461 [1] INFO  Holly--[18896] [(null)] - [客户端推送日志信息] 开始
2016-07-29 16:53:40,476 [1] INFO  Holly--[18896] [(null)] - [客户端推送日志信息] 获取到请求数：0
2016-07-29 16:54:30,009 [1] INFO  Holly--[18896] [(null)] - [Main]timer_LoginTime_Tick LoginOnOid=37
2016-07-29 16:54:40,494 [1] INFO  Holly--[18896] [(null)] - [客户端推送日志信息] 开始
2016-07-29 16:54:40,527 [1] INFO  Holly--[18896] [(null)] - [客户端推送日志信息] 获取到请求数：0
2016-07-29 16:55:34,140 [1] INFO  Holly--[18896] [(null)] - [***MDBFileHelper***][AdditionalRecording] 补录数据
2016-07-29 16:55:40,552 [1] INFO  Holly--[18896] [(null)] - [客户端推送日志信息] 开始
2016-07-29 16:55:40,586 [1] INFO  Holly--[18896] [(null)] - [客户端推送日志信息] 获取到请求数：0
2016-07-29 16:56:40,595 [1] INFO  Holly--[18896] [(null)] - [客户端推送日志信息] 开始
2016-07-29 16:56:40,610 [1] INFO  Holly--[18896] [(null)] - [客户端推送日志信息] 获取到请求数：0
2016-07-29 16:57:40,627 [1] INFO  Holly--[18896] [(null)] - [客户端推送日志信息] 开始
2016-07-29 16:57:40,641 [1] INFO  Holly--[18896] [(null)] - [客户端推送日志信息] 获取到请求数：0
2016-07-29 16:58:34,274 [1] INFO  Holly--[18896] [(null)] - [***MDBFileHelper***][AdditionalRecording] 补录数据
2016-07-29 16:58:40,655 [1] INFO  Holly--[18896] [(null)] - [客户端推送日志信息] 开始
2016-07-29 16:58:40,669 [1] INFO  Holly--[18896] [(null)] - [客户端推送日志信息] 获取到请求数：0
2016-07-29 16:59:30,032 [1] INFO  Holly--[18896] [(null)] - [Main]timer_LoginTime_Tick LoginOnOid=37
2016-07-29 16:59:40,686 [1] INFO  Holly--[18896] [(null)] - [客户端推送日志信息] 开始
2016-07-29 16:59:40,700 [1] INFO  Holly--[18896] [(null)] - [客户端推送日志信息] 获取到请求数：0
2016-07-29 17:00:40,712 [1] INFO  Holly--[18896] [(null)] - [客户端推送日志信息] 开始
2016-07-29 17:00:40,726 [1] INFO  Holly--[18896] [(null)] - [客户端推送日志信息] 获取到请求数：0
2016-07-29 17:01:34,409 [1] INFO  Holly--[18896] [(null)] - [***MDBFileHelper***][AdditionalRecording] 补录数据
2016-07-29 17:01:40,743 [1] INFO  Holly--[18896] [(null)] - [客户端推送日志信息] 开始
2016-07-29 17:01:41,107 [1] INFO  Holly--[18896] [(null)] - [客户端推送日志信息] 获取到请求数：0
2016-07-29 17:02:41,131 [1] INFO  Holly--[18896] [(null)] - [客户端推送日志信息] 开始
2016-07-29 17:02:41,147 [1] INFO  Holly--[18896] [(null)] - [客户端推送日志信息] 获取到请求数：0
2016-07-29 17:03:41,160 [1] INFO  Holly--[18896] [(null)] - [客户端推送日志信息] 开始
2016-07-29 17:03:41,175 [1] INFO  Holly--[18896] [(null)] - [客户端推送日志信息] 获取到请求数：0
2016-07-29 17:04:30,050 [1] INFO  Holly--[18896] [(null)] - [Main]timer_LoginTime_Tick LoginOnOid=37
2016-07-29 17:04:34,591 [1] INFO  Holly--[18896] [(null)] - [***MDBFileHelper***][AdditionalRecording] 补录数据
2016-07-29 17:04:41,189 [1] INFO  Holly--[18896] [(null)] - [客户端推送日志信息] 开始
2016-07-29 17:04:41,202 [1] INFO  Holly--[18896] [(null)] - [客户端推送日志信息] 获取到请求数：0
2016-07-29 17:05:41,217 [1] INFO  Holly--[18896] [(null)] - [客户端推送日志信息] 开始
2016-07-29 17:05:41,251 [1] INFO  Holly--[18896] [(null)] - [客户端推送日志信息] 获取到请求数：0
2016-07-29 17:06:03,177 [1] INFO  Holly--[18896] [(null)] - [MainJs] [MethodScript] urlPath /browsercontrol/newpage?url=/LeadsTask/CSLeadsTaskDeal.aspx%3FTaskID%3DCJK0003204%26number%3D1000
2016-07-29 17:06:03,177 [1] INFO  Holly--[18896] [(null)] - [MainUI] [NewPageForReq] address is:/LeadsTask/CSLeadsTaskDeal.aspx?TaskID=CJK0003204&number=1000
2016-07-29 17:06:03,210 [1] INFO  Holly--[18896] [(null)] - [MainUI] [ShowTabPagesLog] 全部页面 线索邀约=WebPage00001(); 新增页=WebPage00008(WebPage00001); 
2016-07-29 17:06:03,268 [1] INFO  Holly--[18896] [(null)] - [MainJs] [MethodScript] 命令调用完成，返回结果=ok
2016-07-29 17:06:04,826 [1] INFO  Holly--[18896] [(null)] - [MainJs] [SendToWeb] 发送网页消息：0 次数，指定页面ID：WebPage00008
2016-07-29 17:06:04,826 [1] INFO  Holly--[18896] [(null)] - [MainUI] [SendMesToWeb] 获取到了当前指定webPageID的页面：WebPage00008
2016-07-29 17:06:04,827 [1] INFO  Holly--[18896] [(null)] - [MainJs] [SendMesToWeb] CTIEventMsg msg：UserEvent=Notice&Action=SaveWindowsName&Data=WebPage00008&outBoundType=-2
2016-07-29 17:06:41,264 [1] INFO  Holly--[18896] [(null)] - [客户端推送日志信息] 开始
2016-07-29 17:06:41,302 [1] INFO  Holly--[18896] [(null)] - [客户端推送日志信息] 获取到请求数：0
2016-07-29 17:07:34,648 [1] INFO  Holly--[18896] [(null)] - [***MDBFileHelper***][AdditionalRecording] 补录数据
2016-07-29 17:07:41,323 [1] INFO  Holly--[18896] [(null)] - [客户端推送日志信息] 开始
2016-07-29 17:07:41,337 [1] INFO  Holly--[18896] [(null)] - [客户端推送日志信息] 获取到请求数：0
2016-07-29 17:08:41,352 [1] INFO  Holly--[18896] [(null)] - [客户端推送日志信息] 开始
2016-07-29 17:08:41,417 [1] INFO  Holly--[18896] [(null)] - [客户端推送日志信息] 获取到请求数：0
2016-07-29 17:09:30,072 [1] INFO  Holly--[18896] [(null)] - [Main]timer_LoginTime_Tick LoginOnOid=37
2016-07-29 17:09:41,427 [1] INFO  Holly--[18896] [(null)] - [客户端推送日志信息] 开始
2016-07-29 17:09:41,449 [1] INFO  Holly--[18896] [(null)] - [客户端推送日志信息] 获取到请求数：0
2016-07-29 17:10:34,703 [1] INFO  Holly--[18896] [(null)] - [***MDBFileHelper***][AdditionalRecording] 补录数据
2016-07-29 17:10:41,473 [1] INFO  Holly--[18896] [(null)] - [客户端推送日志信息] 开始
2016-07-29 17:10:41,837 [1] INFO  Holly--[18896] [(null)] - [客户端推送日志信息] 获取到请求数：0
2016-07-29 17:11:34,888 [1] INFO  Holly--[18896] [(null)] - [MainUI] [GetTabControlTabPagesCount] 可用页面数量=2
2016-07-29 17:11:34,979 [1] INFO  Holly--[18896] [(null)] - [MainUI] [SelectedIndexChanged] [切换页面] WebPage00001
2016-07-29 17:11:34,980 [1] INFO  Holly--[18896] [(null)] - [MainUI] 手动关闭页面=WebPage00008，并且移除alowReceiveCallMsg_WebpageIDList[允许给iframe子页面推送话务消息列表]中的PageID：WebPage00008,结果=False
2016-07-29 17:11:34,980 [1] INFO  Holly--[18896] [(null)] - [MainUI] [ShowTabPagesLog] 全部页面 线索邀约=WebPage00001(); 
2016-07-29 17:11:36,462 [1] INFO  Holly--[18896] [(null)] - [MainJs] [MethodScript] urlPath /browsercontrol/newpage?url=/LeadsTask/CSLeadsTaskDeal.aspx%3FTaskID%3DCJK0003204%26number%3D1000
2016-07-29 17:11:36,462 [1] INFO  Holly--[18896] [(null)] - [MainUI] [NewPageForReq] address is:/LeadsTask/CSLeadsTaskDeal.aspx?TaskID=CJK0003204&number=1000
2016-07-29 17:11:36,495 [1] INFO  Holly--[18896] [(null)] - [MainUI] [ShowTabPagesLog] 全部页面 线索邀约=WebPage00001(); 新增页=WebPage00009(WebPage00001); 
2016-07-29 17:11:36,552 [1] INFO  Holly--[18896] [(null)] - [MainJs] [MethodScript] 命令调用完成，返回结果=ok
2016-07-29 17:11:38,819 [1] INFO  Holly--[18896] [(null)] - [MainJs] [SendToWeb] 发送网页消息：0 次数，指定页面ID：WebPage00009
2016-07-29 17:11:38,819 [1] INFO  Holly--[18896] [(null)] - [MainUI] [SendMesToWeb] 获取到了当前指定webPageID的页面：WebPage00009
2016-07-29 17:11:38,821 [1] INFO  Holly--[18896] [(null)] - [MainJs] [SendMesToWeb] CTIEventMsg msg：UserEvent=Notice&Action=SaveWindowsName&Data=WebPage00009&outBoundType=-2
2016-07-29 17:11:41,847 [1] INFO  Holly--[18896] [(null)] - [客户端推送日志信息] 开始
2016-07-29 17:11:41,862 [1] INFO  Holly--[18896] [(null)] - [客户端推送日志信息] 获取到请求数：0
2016-07-29 17:12:41,874 [1] INFO  Holly--[18896] [(null)] - [客户端推送日志信息] 开始
2016-07-29 17:12:41,890 [1] INFO  Holly--[18896] [(null)] - [客户端推送日志信息] 获取到请求数：0
2016-07-29 17:13:34,912 [1] INFO  Holly--[18896] [(null)] - [***MDBFileHelper***][AdditionalRecording] 补录数据
2016-07-29 17:13:41,905 [1] INFO  Holly--[18896] [(null)] - [客户端推送日志信息] 开始
2016-07-29 17:13:41,920 [1] INFO  Holly--[18896] [(null)] - [客户端推送日志信息] 获取到请求数：0
2016-07-29 17:14:30,093 [1] INFO  Holly--[18896] [(null)] - [Main]timer_LoginTime_Tick LoginOnOid=37
2016-07-29 17:14:41,932 [1] INFO  Holly--[18896] [(null)] - [客户端推送日志信息] 开始
2016-07-29 17:14:41,946 [1] INFO  Holly--[18896] [(null)] - [客户端推送日志信息] 获取到请求数：0
2016-07-29 17:15:41,963 [1] INFO  Holly--[18896] [(null)] - [客户端推送日志信息] 开始
2016-07-29 17:15:41,978 [1] INFO  Holly--[18896] [(null)] - [客户端推送日志信息] 获取到请求数：0
2016-07-29 17:16:35,081 [1] INFO  Holly--[18896] [(null)] - [***MDBFileHelper***][AdditionalRecording] 补录数据
2016-07-29 17:16:41,990 [1] INFO  Holly--[18896] [(null)] - [客户端推送日志信息] 开始
2016-07-29 17:16:42,005 [1] INFO  Holly--[18896] [(null)] - [客户端推送日志信息] 获取到请求数：0
2016-07-29 17:17:42,021 [1] INFO  Holly--[18896] [(null)] - [客户端推送日志信息] 开始
2016-07-29 17:17:42,035 [1] INFO  Holly--[18896] [(null)] - [客户端推送日志信息] 获取到请求数：0
2016-07-29 17:18:42,051 [1] INFO  Holly--[18896] [(null)] - [客户端推送日志信息] 开始
2016-07-29 17:18:42,065 [1] INFO  Holly--[18896] [(null)] - [客户端推送日志信息] 获取到请求数：0
2016-07-29 17:19:30,114 [1] INFO  Holly--[18896] [(null)] - [Main]timer_LoginTime_Tick LoginOnOid=37
2016-07-29 17:19:35,250 [1] INFO  Holly--[18896] [(null)] - [***MDBFileHelper***][AdditionalRecording] 补录数据
2016-07-29 17:19:42,078 [1] INFO  Holly--[18896] [(null)] - [客户端推送日志信息] 开始
2016-07-29 17:19:42,091 [1] INFO  Holly--[18896] [(null)] - [客户端推送日志信息] 获取到请求数：0
2016-07-29 17:20:42,109 [1] INFO  Holly--[18896] [(null)] - [客户端推送日志信息] 开始
2016-07-29 17:20:42,125 [1] INFO  Holly--[18896] [(null)] - [客户端推送日志信息] 获取到请求数：0
2016-07-29 17:21:42,136 [1] INFO  Holly--[18896] [(null)] - [客户端推送日志信息] 开始
2016-07-29 17:21:42,151 [1] INFO  Holly--[18896] [(null)] - [客户端推送日志信息] 获取到请求数：0
2016-07-29 17:22:35,411 [1] INFO  Holly--[18896] [(null)] - [***MDBFileHelper***][AdditionalRecording] 补录数据
2016-07-29 17:22:42,167 [1] INFO  Holly--[18896] [(null)] - [客户端推送日志信息] 开始
2016-07-29 17:22:42,183 [1] INFO  Holly--[18896] [(null)] - [客户端推送日志信息] 获取到请求数：0
2016-07-29 17:23:42,197 [1] INFO  Holly--[18896] [(null)] - [客户端推送日志信息] 开始
2016-07-29 17:23:42,273 [1] INFO  Holly--[18896] [(null)] - [客户端推送日志信息] 获取到请求数：0
2016-07-29 17:24:30,134 [1] INFO  Holly--[18896] [(null)] - [Main]timer_LoginTime_Tick LoginOnOid=37
2016-07-29 17:24:42,287 [1] INFO  Holly--[18896] [(null)] - [客户端推送日志信息] 开始
2016-07-29 17:24:42,301 [1] INFO  Holly--[18896] [(null)] - [客户端推送日志信息] 获取到请求数：0
2016-07-29 17:25:35,656 [1] INFO  Holly--[18896] [(null)] - [***MDBFileHelper***][AdditionalRecording] 补录数据
2016-07-29 17:25:42,316 [1] INFO  Holly--[18896] [(null)] - [客户端推送日志信息] 开始
2016-07-29 17:25:42,331 [1] INFO  Holly--[18896] [(null)] - [客户端推送日志信息] 获取到请求数：0
2016-07-29 17:26:42,346 [1] INFO  Holly--[18896] [(null)] - [客户端推送日志信息] 开始
2016-07-29 17:26:42,361 [1] INFO  Holly--[18896] [(null)] - [客户端推送日志信息] 获取到请求数：0
2016-07-29 17:27:42,375 [1] INFO  Holly--[18896] [(null)] - [客户端推送日志信息] 开始
2016-07-29 17:27:42,389 [1] INFO  Holly--[18896] [(null)] - [客户端推送日志信息] 获取到请求数：0
2016-07-29 17:28:35,837 [1] INFO  Holly--[18896] [(null)] - [***MDBFileHelper***][AdditionalRecording] 补录数据
2016-07-29 17:28:42,404 [1] INFO  Holly--[18896] [(null)] - [客户端推送日志信息] 开始
2016-07-29 17:28:42,424 [1] INFO  Holly--[18896] [(null)] - [客户端推送日志信息] 获取到请求数：0
2016-07-29 17:29:30,156 [1] INFO  Holly--[18896] [(null)] - [Main]timer_LoginTime_Tick LoginOnOid=37
2016-07-29 17:29:42,450 [1] INFO  Holly--[18896] [(null)] - [客户端推送日志信息] 开始
2016-07-29 17:29:42,464 [1] INFO  Holly--[18896] [(null)] - [客户端推送日志信息] 获取到请求数：0
2016-07-29 17:30:42,480 [1] INFO  Holly--[18896] [(null)] - [客户端推送日志信息] 开始
2016-07-29 17:30:42,497 [1] INFO  Holly--[18896] [(null)] - [客户端推送日志信息] 获取到请求数：0
2016-07-29 17:31:36,002 [1] INFO  Holly--[18896] [(null)] - [***MDBFileHelper***][AdditionalRecording] 补录数据
2016-07-29 17:31:42,528 [1] INFO  Holly--[18896] [(null)] - [客户端推送日志信息] 开始
2016-07-29 17:31:42,553 [1] INFO  Holly--[18896] [(null)] - [客户端推送日志信息] 获取到请求数：0
2016-07-29 17:32:42,567 [1] INFO  Holly--[18896] [(null)] - [客户端推送日志信息] 开始
2016-07-29 17:32:42,580 [1] INFO  Holly--[18896] [(null)] - [客户端推送日志信息] 获取到请求数：0
2016-07-29 17:33:42,596 [1] INFO  Holly--[18896] [(null)] - [客户端推送日志信息] 开始
2016-07-29 17:33:42,611 [1] INFO  Holly--[18896] [(null)] - [客户端推送日志信息] 获取到请求数：0
2016-07-29 17:34:30,181 [1] INFO  Holly--[18896] [(null)] - [Main]timer_LoginTime_Tick LoginOnOid=37
2016-07-29 17:34:36,246 [1] INFO  Holly--[18896] [(null)] - [***MDBFileHelper***][AdditionalRecording] 补录数据
2016-07-29 17:34:42,624 [1] INFO  Holly--[18896] [(null)] - [客户端推送日志信息] 开始
2016-07-29 17:34:42,636 [1] INFO  Holly--[18896] [(null)] - [客户端推送日志信息] 获取到请求数：0
2016-07-29 17:35:42,656 [1] INFO  Holly--[18896] [(null)] - [客户端推送日志信息] 开始
2016-07-29 17:35:43,019 [1] INFO  Holly--[18896] [(null)] - [客户端推送日志信息] 获取到请求数：0
2016-07-29 17:36:43,044 [1] INFO  Holly--[18896] [(null)] - [客户端推送日志信息] 开始
2016-07-29 17:36:43,059 [1] INFO  Holly--[18896] [(null)] - [客户端推送日志信息] 获取到请求数：0
2016-07-29 17:37:36,333 [1] INFO  Holly--[18896] [(null)] - [***MDBFileHelper***][AdditionalRecording] 补录数据
2016-07-29 17:37:43,072 [1] INFO  Holly--[18896] [(null)] - [客户端推送日志信息] 开始
2016-07-29 17:37:43,087 [1] INFO  Holly--[18896] [(null)] - [客户端推送日志信息] 获取到请求数：0
2016-07-29 17:38:43,105 [1] INFO  Holly--[18896] [(null)] - [客户端推送日志信息] 开始
2016-07-29 17:38:43,123 [1] INFO  Holly--[18896] [(null)] - [客户端推送日志信息] 获取到请求数：0
2016-07-29 17:39:30,198 [1] INFO  Holly--[18896] [(null)] - [Main]timer_LoginTime_Tick LoginOnOid=37
2016-07-29 17:39:43,143 [1] INFO  Holly--[18896] [(null)] - [客户端推送日志信息] 开始
2016-07-29 17:39:43,156 [1] INFO  Holly--[18896] [(null)] - [客户端推送日志信息] 获取到请求数：0
2016-07-29 17:40:36,860 [1] INFO  Holly--[18896] [(null)] - [***MDBFileHelper***][AdditionalRecording] 补录数据
2016-07-29 17:40:43,176 [1] INFO  Holly--[18896] [(null)] - [客户端推送日志信息] 开始
2016-07-29 17:40:43,193 [1] INFO  Holly--[18896] [(null)] - [客户端推送日志信息] 获取到请求数：0
2016-07-29 17:41:43,206 [1] INFO  Holly--[18896] [(null)] - [客户端推送日志信息] 开始
2016-07-29 17:41:43,222 [1] INFO  Holly--[18896] [(null)] - [客户端推送日志信息] 获取到请求数：0
2016-07-29 17:42:43,234 [1] INFO  Holly--[18896] [(null)] - [客户端推送日志信息] 开始
2016-07-29 17:42:43,249 [1] INFO  Holly--[18896] [(null)] - [客户端推送日志信息] 获取到请求数：0
2016-07-29 17:43:34,416 [1] INFO  Holly--[18896] [(null)] - [登录登出模块] ExitLogin() Begin...
2016-07-29 17:43:34,511 [1] INFO  Holly--[18896] [(null)] - [登录登出模块]DeleteAgentStateToDB...客服退出时 LoginOnOid....IS:37
2016-07-29 17:43:34,512 [1] INFO  Holly--[18896] [(null)] - [登录登出模块]DeleteAgentStateToDB...客服退出时 GetCurrentTime()....IS:2016-07-29 17:43:34
2016-07-29 17:43:34,513 [1] INFO  Holly--[18896] [(null)] - [登录登出模块]DeleteAgentStateToDB...退出成功....
2016-07-29 17:43:34,697 [1] INFO  Holly--[18896] [(null)] - [HollyContactHelper]用户操作==签出->True
2016-07-29 17:43:34,699 [1] INFO  Holly--[18896] [(null)] - [Main] 更新上一个状态的结束时间 PreOid....IS:40
2016-07-29 17:43:36,167 [1] INFO  Holly--[18896] [(null)] - [HollyContactHelper]用户操作==卸载->True
2016-07-29 17:43:36,167 [1] INFO  Holly--[18896] [(null)] - [登录登出模块] ExitLogin() End.
2016-07-29 17:44:53,869 [1] INFO  Holly--[14460] [(null)] - [登录窗口]btnLogin_Click Begin...
2016-07-29 17:44:53,995 [1] INFO  Holly--[14460] [(null)] - [HollyContactHelper]ModifySoftphoneINIByDN――根据DN35197,选择的SIPServerIP为：192.168.112.205
2016-07-29 17:44:54,537 [1] INFO  Holly--[14460] [(null)] - [HollyContactHelper]用户操作==装载及初始化->True
2016-07-29 17:44:54,538 [1] INFO  Holly--[14460] [(null)] - [登录窗口]btnLogin_Click： 异步加载，回调事件中继续登录
2016-07-29 17:44:54,538 [1] INFO  Holly--[14460] [(null)] - [登录窗口]btnLogin_Click End
2016-07-29 17:44:54,598 [1] INFO  Holly--[14460] [(null)] - [@@@厂家消息通知@@@]OnMessage ：厂家状态(CurStatus：0；CurStatusName：准备就绪状态；)厂家消息(服务器已上线:UserName=AgentUser,UserGOR=3538945)程序状态(PS01_就绪)
2016-07-29 17:44:54,616 [1] INFO  Holly--[14460] [(null)] - [@@@厂家消息通知@@@]OnMessage ：厂家状态(CurStatus：0；CurStatusName：准备就绪状态；)厂家消息(服务器已上线:UserName=LSUser,UserGOR=65537)程序状态(PS01_就绪)
2016-07-29 17:44:54,669 [1] INFO  Holly--[14460] [(null)] - [@@@厂家消息通知@@@]OnMessage ：厂家状态(CurStatus：0；CurStatusName：准备就绪状态；)厂家消息(服务器已上线:UserName=ASUser,UserGOR=1245185)程序状态(PS01_就绪)
2016-07-29 17:44:54,674 [1] INFO  Holly--[14460] [(null)] - [@@@厂家消息通知@@@]OnMessage ：厂家状态(CurStatus：0；CurStatusName：准备就绪状态；)厂家消息(服务器已上线:UserName=EDSUser,UserGOR=1638401)程序状态(PS01_就绪)
2016-07-29 17:44:54,676 [1] INFO  Holly--[14460] [(null)] - [@@@厂家消息通知@@@]OnMessage ：厂家状态(CurStatus：0；CurStatusName：准备就绪状态；)厂家消息(服务器已上线:UserName=StatEvent,UserGOR=851969)程序状态(PS01_就绪)
2016-07-29 17:44:54,678 [1] INFO  Holly--[14460] [(null)] - [@@@厂家消息通知@@@]OnMessage ：厂家状态(CurStatus：0；CurStatusName：准备就绪状态；)厂家消息(服务器已上线:UserName=StatUser,UserGOR=851970)程序状态(PS01_就绪)
2016-07-29 17:44:54,679 [1] INFO  Holly--[14460] [(null)] - 当前调用Load函数，返回的服务器信息条数为：6
2016-07-29 17:44:54,701 [1] INFO  Holly--[14460] [(null)] - [登录登出模块] Login ( masj, *** , 35197 ) 
2016-07-29 17:44:54,702 [1] INFO  Holly--[14460] [(null)] - [登录登出模块] DomainAccountLogin(masj, pwd) begin...
2016-07-29 17:44:54,765 [1] INFO  Holly--[14460] [(null)] - [登录登出模块] DomainAccountLogin(masj, pwd) end.return BitAuto.Services.Organization.Remoting.Employee
2016-07-29 17:44:56,134 [1] INFO  Holly--[14460] [(null)] - [登录登出模块] InitLoginUser() Begin...
2016-07-29 17:44:59,420 [1] INFO  Holly--[14460] [(null)] - [登录登出模块] InitLoginUser() 客服登录...AgentID is:10658,AgentNum is:1897,GroupName is:综合管理组（北京）,OutNum is:98
2016-07-29 17:44:59,420 [1] INFO  Holly--[14460] [(null)] - [登录登出模块] InitLoginUser() End...
2016-07-29 17:45:00,117 [1] INFO  Holly--[14460] [(null)] - [HollyContactHelper]用户操作==添加技能组->1099 3
2016-07-29 17:45:00,117 [1] INFO  Holly--[14460] [(null)] - [HollyContactHelper]用户操作==添加技能组->1096 3
2016-07-29 17:45:00,161 [1] INFO  Holly--[14460] [(null)] - [HollyContactHelper]用户操作==签入->True
2016-07-29 17:45:00,948 [1] INFO  Holly--[14460] [(null)] - [登录登出模块] InsertAgentState()更新退出时间....norecord
2016-07-29 17:45:01,326 [1] INFO  Holly--[14460] [(null)] - [登录登出模块] InsertAgentState()登录状态LoginOnOid....is:110635
2016-07-29 17:45:01,326 [1] INFO  Holly--[14460] [(null)] - [登录登出模块] Login(masj, pwd, 35197) End.
2016-07-29 17:45:01,900 [1] INFO  Holly--[14460] [(null)] - [InitMainForm] 开始验证监控权限
2016-07-29 17:45:02,299 [1] INFO  Holly--[14460] [(null)] - [InitMainForm] 有 监控权限
2016-07-29 17:45:04,016 [1] INFO  Holly--[14460] [(null)] - [@@@厂家消息通知@@@]OnMessage ：厂家状态(CurStatus：0；CurStatusName：准备就绪状态；)厂家消息(座席签入成功)程序状态(PS01_就绪)
2016-07-29 17:45:04,049 [1] INFO  Holly--[14460] [(null)] - [事件][OnSignInSuccess] 签入成功事件
2016-07-29 17:45:04,436 [1] INFO  Holly--[14460] [(null)] - [登录登出模块] InsertAgentState()更新退出时间....initmsg
2016-07-29 17:45:04,803 [1] INFO  Holly--[14460] [(null)] - [登录登出模块] InsertAgentState()登录状态LoginOnOid....is:110640
2016-07-29 17:45:04,806 [1] INFO  Holly--[14460] [(null)] - [@@@厂家消息通知@@@]OnMessage ：厂家状态(CurStatus：2；CurStatusName：置忙；)厂家消息(状态改变：准备就绪状态-->置忙)程序状态(PS04_置忙)
2016-07-29 17:45:04,808 [1] INFO  Holly--[14460] [(null)] - [>>>厂家状态变化<<<]OnStatusChange ：PS01_就绪(0) -> PS04_置忙(2)
2016-07-29 17:45:04,839 [1] INFO  Holly--[14460] [(null)] - [HollyContactHelper]用户操作==置闲->True
2016-07-29 17:45:05,093 [1] INFO  Holly--[14460] [(null)] - [HollyContactHelper]用户操作==休息(BS0_自动)->True
2016-07-29 17:45:05,094 [1] INFO  Holly--[14460] [(null)] - [事件][AxUniSoftPhone_OnStatusChange] 状态变化事件
2016-07-29 17:45:05,097 [1] INFO  Holly--[14460] [(null)] - [Main][SetMainStatus]设置状态：PS04_置忙(BS0_自动)
2016-07-29 17:45:05,700 [1] INFO  Holly--[14460] [(null)] - [@@@厂家消息通知@@@]OnMessage ：厂家状态(CurStatus：1；CurStatusName：空闲；)厂家消息(状态改变：置忙-->空闲)程序状态(PS03_置闲)
2016-07-29 17:45:05,700 [1] INFO  Holly--[14460] [(null)] - [>>>厂家状态变化<<<]OnStatusChange ：PS04_置忙(2) -> PS03_置闲(1)
2016-07-29 17:45:05,700 [1] INFO  Holly--[14460] [(null)] - [事件][AxUniSoftPhone_OnStatusChange] 状态变化事件
2016-07-29 17:45:05,700 [1] INFO  Holly--[14460] [(null)] - [Main][SetMainStatus]设置状态：PS03_置闲
2016-07-29 17:45:05,705 [1] INFO  Holly--[14460] [(null)] - [@@@厂家消息通知@@@]OnMessage ：厂家状态(CurStatus：16；CurStatusName：休息；)厂家消息(状态改变：空闲-->休息)程序状态(PS05_休息)
2016-07-29 17:45:05,719 [1] INFO  Holly--[14460] [(null)] - [>>>厂家状态变化<<<]OnStatusChange ：PS03_置闲(1) -> PS05_休息(16)
2016-07-29 17:45:05,719 [1] INFO  Holly--[14460] [(null)] - [事件][AxUniSoftPhone_OnStatusChange] 状态变化事件
2016-07-29 17:45:05,720 [1] INFO  Holly--[14460] [(null)] - [Main][SetMainStatus]设置状态：PS05_休息
2016-07-29 17:45:06,783 [1] INFO  Holly--[14460] [(null)] - [HollyContactHelper] 获取厂家信息 ==落地号码->
2016-07-29 17:45:06,786 [1] INFO  Holly--[14460] [(null)] - [Main][UpdatAgentDB] 更新客服状态表AS4_置忙
2016-07-29 17:45:07,172 [1] INFO  Holly--[14460] [(null)] - [Main][UpdatAgentDB] 插入CAgent表
2016-07-29 17:45:07,189 [1] INFO  Holly--[14460] [(null)] - [Main][UpdatAgentDB] 插入新的状态 PreOid....IS:110643
2016-07-29 17:45:07,189 [1] INFO  Holly--[14460] [(null)] - [@@@厂家消息通知@@@]OnMessage ：厂家状态(CurStatus：16；CurStatusName：休息；)厂家消息(休息开始。)程序状态(PS05_休息)
2016-07-29 17:45:07,445 [1] INFO  Holly--[14460] [(null)] - [HollyContactHelper] 获取厂家信息 ==落地号码->
2016-07-29 17:45:07,445 [1] INFO  Holly--[14460] [(null)] - [Main][UpdatAgentDB] 更新客服状态表AS3_置闲
2016-07-29 17:45:07,461 [1] INFO  Holly--[14460] [(null)] - [Main][UpdatAgentDB] 更新上一个状态的结束时间 PreOid....IS:110643
2016-07-29 17:45:07,834 [1] INFO  Holly--[14460] [(null)] - [Main][UpdatAgentDB] 插入新的状态 PreOid....IS:110645
2016-07-29 17:45:07,835 [1] INFO  Holly--[14460] [(null)] - [@@@厂家消息通知@@@]OnMessage ：厂家状态(CurStatus：16；CurStatusName：休息；)厂家消息(示闲成功。)程序状态(PS05_休息)
2016-07-29 17:45:08,448 [1] INFO  Holly--[14460] [(null)] - [MainJs] [SendToWeb] 发送网页消息：0 次数，指定页面ID：WebPage00001
2016-07-29 17:45:08,450 [1] INFO  Holly--[14460] [(null)] - [MainUI] [SendMesToWeb] 获取到了当前指定webPageID的页面：WebPage00001
2016-07-29 17:45:08,453 [1] INFO  Holly--[14460] [(null)] - [MainJs] [SendMesToWeb] CTIEventMsg msg：UserEvent=Notice&Action=SaveWindowsName&Data=WebPage00001&outBoundType=-2
2016-07-29 17:45:08,529 [1] INFO  Holly--[14460] [(null)] - [HollyContactHelper] 获取厂家信息 ==落地号码->
2016-07-29 17:45:08,529 [1] INFO  Holly--[14460] [(null)] - [Main][UpdatAgentDB] 更新客服状态表AS4_置忙
2016-07-29 17:45:08,535 [1] INFO  Holly--[14460] [(null)] - [Main][UpdatAgentDB] 更新上一个状态的结束时间 PreOid....IS:110645
2016-07-29 17:45:08,563 [1] INFO  Holly--[14460] [(null)] - [Main][UpdatAgentDB] 插入新的状态 PreOid....IS:110646
2016-07-29 17:45:08,564 [1] INFO  Holly--[14460] [(null)] - [@@@厂家消息通知@@@]OnMessage ：厂家状态(CurStatus：16；CurStatusName：休息；)厂家消息(签入成功。)程序状态(PS05_休息)
2016-07-29 17:45:09,071 [1] INFO  Holly--[14460] [(null)] - [MainUI] [ShowTabPagesLog] 全部页面 客户核实=WebPage00001(); 新增页=WebPage00002(WebPage00001); 
2016-07-29 17:45:09,401 [1] INFO  Holly--[14460] [(null)] - [MainJs] [SendToWeb] 发送网页消息：0 次数，指定页面ID：WebPage00002
2016-07-29 17:45:09,402 [1] INFO  Holly--[14460] [(null)] - [MainUI] [SendMesToWeb] 获取到了当前指定webPageID的页面：WebPage00002
2016-07-29 17:45:09,402 [1] INFO  Holly--[14460] [(null)] - [MainJs] [SendMesToWeb] CTIEventMsg msg：UserEvent=Notice&Action=SaveWindowsName&Data=WebPage00002&outBoundType=-2
2016-07-29 17:45:17,188 [1] INFO  Holly--[14460] [(null)] - [MainJs] [SendToWeb] 发送网页消息：0 次数，指定页面ID：WebPage00002
2016-07-29 17:45:17,189 [1] INFO  Holly--[14460] [(null)] - [MainUI] [SendMesToWeb] 获取到了当前指定webPageID的页面：WebPage00002
2016-07-29 17:45:17,190 [1] INFO  Holly--[14460] [(null)] - [MainJs] [SendMesToWeb] CTIEventMsg msg：UserEvent=Notice&Action=SaveWindowsName&Data=WebPage00002&outBoundType=-2
2016-07-29 17:45:24,780 [1] INFO  Holly--[14460] [(null)] - [MainJs] [SendToWeb] 发送网页消息：0 次数，指定页面ID：WebPage00002
2016-07-29 17:45:24,780 [1] INFO  Holly--[14460] [(null)] - [MainUI] [SendMesToWeb] 获取到了当前指定webPageID的页面：WebPage00002
2016-07-29 17:45:24,780 [1] INFO  Holly--[14460] [(null)] - [MainJs] [SendMesToWeb] CTIEventMsg msg：UserEvent=Notice&Action=SaveWindowsName&Data=WebPage00002&outBoundType=-2
2016-07-29 17:45:27,879 [1] INFO  Holly--[14460] [(null)] - [MainJs] [MethodScript] urlPath /browsercontrol/newpage?url=/LeadsTask/CSLeadsTaskDeal.aspx%3FTaskID%3DCJK0762968%26number%3D1000
2016-07-29 17:45:27,884 [1] INFO  Holly--[14460] [(null)] - [MainUI] [NewPageForReq] address is:/LeadsTask/CSLeadsTaskDeal.aspx?TaskID=CJK0762968&number=1000
2016-07-29 17:45:27,906 [1] INFO  Holly--[14460] [(null)] - [MainUI] [ShowTabPagesLog] 全部页面 客户核实=WebPage00001(); 线索邀约=WebPage00002(WebPage00001); 新增页=WebPage00003(WebPage00002); 
2016-07-29 17:45:27,953 [1] INFO  Holly--[14460] [(null)] - [MainJs] [MethodScript] 命令调用完成，返回结果=ok
2016-07-29 17:45:29,088 [1] INFO  Holly--[14460] [(null)] - [MainJs] [SendToWeb] 发送网页消息：0 次数，指定页面ID：WebPage00003
2016-07-29 17:45:29,089 [1] INFO  Holly--[14460] [(null)] - [MainUI] [SendMesToWeb] 获取到了当前指定webPageID的页面：WebPage00003
2016-07-29 17:45:29,089 [1] INFO  Holly--[14460] [(null)] - [MainJs] [SendMesToWeb] CTIEventMsg msg：UserEvent=Notice&Action=SaveWindowsName&Data=WebPage00003&outBoundType=-2
2016-07-29 17:45:35,192 [1] INFO  Holly--[14460] [(null)] - [MainJs] [MethodScript] urlPath /browsercontrol/closepagecallparentpagefun?parentpagecontrolid=btnSearch&WebPageID=WebPage00003
2016-07-29 17:45:35,242 [1] INFO  Holly--[14460] [(null)] - [MainJs] [GetWebPageIDFormParas] 关闭当前窗口，并自动点击父窗口查询按钮 命令中获取到了页面ID：WebPage00003 父页面ID：WebPage00002
2016-07-29 17:45:35,244 [1] INFO  Holly--[14460] [(null)] - [MainUI] [GetTabControlTabPagesCount] 可用页面数量=3
2016-07-29 17:45:35,337 [1] INFO  Holly--[14460] [(null)] - [MainUI] [SelectedIndexChanged] [切换页面] WebPage00001
2016-07-29 17:45:35,343 [1] INFO  Holly--[14460] [(null)] - [MainUI] [WebClosePageEvent] 网站关闭页面=WebPage00003，并且移除alowReceiveCallMsg_WebpageIDList[允许给iframe子页面推送话务消息列表]中的PageID：WebPage00003,结果=False
2016-07-29 17:45:35,343 [1] INFO  Holly--[14460] [(null)] - [MainUI] [ShowTabPagesLog] 全部页面 客户核实=WebPage00001(); 线索邀约=WebPage00002(WebPage00001); 
2016-07-29 17:45:35,386 [1] INFO  Holly--[14460] [(null)] - [MainUI] [SelectedIndexChanged] [切换页面] WebPage00002
2016-07-29 17:45:40,275 [1] INFO  Holly--[14460] [(null)] - [MainJs] [MethodScript] 命令调用完成，返回结果=ok
2016-07-29 17:46:03,186 [1] INFO  Holly--[14460] [(null)] - [客户端推送日志信息] 开始
2016-07-29 17:46:05,165 [1] INFO  Holly--[14460] [(null)] - [客户端推送日志信息] 获取到请求数：0
2016-07-29 17:47:05,195 [1] INFO  Holly--[14460] [(null)] - [客户端推送日志信息] 开始
2016-07-29 17:47:05,567 [1] INFO  Holly--[14460] [(null)] - [客户端推送日志信息] 获取到请求数：0
2016-07-29 17:48:03,249 [1] INFO  Holly--[14460] [(null)] - [***MDBFileHelper***][AdditionalRecording] 补录数据
2016-07-29 17:48:05,583 [1] INFO  Holly--[14460] [(null)] - [客户端推送日志信息] 开始
2016-07-29 17:48:05,605 [1] INFO  Holly--[14460] [(null)] - [客户端推送日志信息] 获取到请求数：0
2016-07-29 17:48:44,371 [1] INFO  Holly--[14460] [(null)] - [登录登出模块] ExitLogin() Begin...
2016-07-29 17:48:44,418 [1] INFO  Holly--[14460] [(null)] - [登录登出模块]DeleteAgentStateToDB...客服退出时 LoginOnOid....IS:110640
2016-07-29 17:48:44,418 [1] INFO  Holly--[14460] [(null)] - [登录登出模块]DeleteAgentStateToDB...客服退出时 GetCurrentTime()....IS:2016-07-29 17:48:28
2016-07-29 17:48:44,421 [1] INFO  Holly--[14460] [(null)] - [登录登出模块]DeleteAgentStateToDB...退出成功....
2016-07-29 17:48:44,452 [1] INFO  Holly--[14460] [(null)] - [HollyContactHelper]用户操作==签出->True
2016-07-29 17:48:44,492 [1] INFO  Holly--[14460] [(null)] - [Main] 更新上一个状态的结束时间 PreOid....IS:110646
2016-07-29 17:48:45,792 [1] INFO  Holly--[14460] [(null)] - [HollyContactHelper]用户操作==卸载->True
2016-07-29 17:48:45,793 [1] INFO  Holly--[14460] [(null)] - [登录登出模块] ExitLogin() End.
