2016-08-08 14:52:37,959 [1] INFO  Holly--[11624] [(null)] - [登录窗口]btnLogin_Click Begin...
2016-08-08 14:52:38,059 [1] INFO  Holly--[11624] [(null)] - [HollyContactHelper]ModifySoftphoneINIByDN――根据DN35197,选择的SIPServerIP为：192.168.112.205
2016-08-08 14:52:38,504 [1] INFO  Holly--[11624] [(null)] - [HollyContactHelper]用户操作==装载及初始化->True
2016-08-08 14:52:38,504 [1] INFO  Holly--[11624] [(null)] - [登录窗口]btnLogin_Click： 异步加载，回调事件中继续登录
2016-08-08 14:52:38,504 [1] INFO  Holly--[11624] [(null)] - [登录窗口]btnLogin_Click End
2016-08-08 14:52:38,576 [1] INFO  Holly--[11624] [(null)] - [@@@厂家消息通知@@@]OnMessage ：厂家状态(CurStatus：0；CurStatusName：准备就绪状态；)厂家消息(服务器已上线:UserName=AgentUser,UserGOR=11730945)程序状态(PS01_就绪)
2016-08-08 14:52:38,596 [1] INFO  Holly--[11624] [(null)] - [@@@厂家消息通知@@@]OnMessage ：厂家状态(CurStatus：0；CurStatusName：准备就绪状态；)厂家消息(服务器已上线:UserName=LSUser,UserGOR=65537)程序状态(PS01_就绪)
2016-08-08 14:52:38,660 [1] INFO  Holly--[11624] [(null)] - [@@@厂家消息通知@@@]OnMessage ：厂家状态(CurStatus：0；CurStatusName：准备就绪状态；)厂家消息(服务器已上线:UserName=ASUser,UserGOR=1245185)程序状态(PS01_就绪)
2016-08-08 14:52:38,663 [1] INFO  Holly--[11624] [(null)] - [@@@厂家消息通知@@@]OnMessage ：厂家状态(CurStatus：0；CurStatusName：准备就绪状态；)厂家消息(服务器已上线:UserName=EDSUser,UserGOR=1638401)程序状态(PS01_就绪)
2016-08-08 14:52:38,665 [1] INFO  Holly--[11624] [(null)] - [@@@厂家消息通知@@@]OnMessage ：厂家状态(CurStatus：0；CurStatusName：准备就绪状态；)厂家消息(服务器已上线:UserName=StatEvent,UserGOR=851969)程序状态(PS01_就绪)
2016-08-08 14:52:38,666 [1] INFO  Holly--[11624] [(null)] - [@@@厂家消息通知@@@]OnMessage ：厂家状态(CurStatus：0；CurStatusName：准备就绪状态；)厂家消息(服务器已上线:UserName=StatUser,UserGOR=851970)程序状态(PS01_就绪)
2016-08-08 14:52:38,667 [1] INFO  Holly--[11624] [(null)] - 当前调用Load函数，返回的服务器信息条数为：6
2016-08-08 14:52:38,688 [1] INFO  Holly--[11624] [(null)] - [登录登出模块] Login ( masj, *** , 35197 ) 
2016-08-08 14:52:38,690 [1] INFO  Holly--[11624] [(null)] - [登录登出模块] DomainAccountLogin(masj, pwd) begin...
2016-08-08 14:52:38,813 [1] INFO  Holly--[11624] [(null)] - [登录登出模块] DomainAccountLogin(masj, pwd) end.return BitAuto.Services.Organization.Remoting.Employee
2016-08-08 14:52:39,380 [1] INFO  Holly--[11624] [(null)] - [登录登出模块] InitLoginUser() Begin...
2016-08-08 14:52:41,747 [1] INFO  Holly--[11624] [(null)] - [登录登出模块] InitLoginUser() 客服登录...AgentID is:10658,AgentNum is:1897,GroupName is:综合管理组（北京）,OutNum is:98
2016-08-08 14:52:41,747 [1] INFO  Holly--[11624] [(null)] - [登录登出模块] InitLoginUser() End...
2016-08-08 14:52:42,087 [1] INFO  Holly--[11624] [(null)] - [HollyContactHelper]用户操作==添加技能组->1099 3
2016-08-08 14:52:42,087 [1] INFO  Holly--[11624] [(null)] - [HollyContactHelper]用户操作==添加技能组->1096 3
2016-08-08 14:52:42,124 [1] INFO  Holly--[11624] [(null)] - [HollyContactHelper]用户操作==签入->True
2016-08-08 14:52:42,564 [1] INFO  Holly--[11624] [(null)] - [登录登出模块] InsertAgentState()更新退出时间....norecord
2016-08-08 14:52:42,618 [1] INFO  Holly--[11624] [(null)] - [登录登出模块] InsertAgentState()登录状态LoginOnOid....is:78743
2016-08-08 14:52:42,618 [1] INFO  Holly--[11624] [(null)] - [登录登出模块] Login(masj, pwd, 35197) End.
2016-08-08 14:52:43,323 [1] INFO  Holly--[11624] [(null)] - [InitMainForm] 开始验证监控权限
2016-08-08 14:52:43,369 [1] INFO  Holly--[11624] [(null)] - [InitMainForm] 有 监控权限
2016-08-08 14:52:49,005 [1] INFO  Holly--[11624] [(null)] - [@@@厂家消息通知@@@]OnMessage ：厂家状态(CurStatus：0；CurStatusName：准备就绪状态；)厂家消息(座席签入成功)程序状态(PS01_就绪)
2016-08-08 14:52:49,037 [1] INFO  Holly--[11624] [(null)] - [事件][OnSignInSuccess] 签入成功事件
2016-08-08 14:52:49,088 [1] INFO  Holly--[11624] [(null)] - [登录登出模块] InsertAgentState()更新退出时间....initmsg
2016-08-08 14:52:49,120 [1] INFO  Holly--[11624] [(null)] - [登录登出模块] InsertAgentState()登录状态LoginOnOid....is:78750
2016-08-08 14:52:49,123 [1] INFO  Holly--[11624] [(null)] - [@@@厂家消息通知@@@]OnMessage ：厂家状态(CurStatus：2；CurStatusName：置忙；)厂家消息(状态改变：准备就绪状态-->置忙)程序状态(PS04_置忙)
2016-08-08 14:52:49,125 [1] INFO  Holly--[11624] [(null)] - [>>>厂家状态变化<<<]OnStatusChange ：PS01_就绪(0) -> PS04_置忙(2)
2016-08-08 14:52:49,156 [1] INFO  Holly--[11624] [(null)] - [HollyContactHelper]用户操作==置闲->True
2016-08-08 14:52:49,411 [1] INFO  Holly--[11624] [(null)] - [HollyContactHelper]用户操作==休息(BS0_自动)->True
2016-08-08 14:52:49,412 [1] INFO  Holly--[11624] [(null)] - [事件][AxUniSoftPhone_OnStatusChange] 状态变化事件
2016-08-08 14:52:49,415 [1] INFO  Holly--[11624] [(null)] - [Main][SetMainStatus]设置状态：PS04_置忙(BS0_自动)
2016-08-08 14:52:49,488 [1] INFO  Holly--[11624] [(null)] - [@@@厂家消息通知@@@]OnMessage ：厂家状态(CurStatus：1；CurStatusName：空闲；)厂家消息(状态改变：置忙-->空闲)程序状态(PS03_置闲)
2016-08-08 14:52:49,488 [1] INFO  Holly--[11624] [(null)] - [>>>厂家状态变化<<<]OnStatusChange ：PS04_置忙(2) -> PS03_置闲(1)
2016-08-08 14:52:49,488 [1] INFO  Holly--[11624] [(null)] - [事件][AxUniSoftPhone_OnStatusChange] 状态变化事件
2016-08-08 14:52:49,488 [1] INFO  Holly--[11624] [(null)] - [Main][SetMainStatus]设置状态：PS03_置闲
2016-08-08 14:52:50,051 [1] INFO  Holly--[11624] [(null)] - [@@@厂家消息通知@@@]OnMessage ：厂家状态(CurStatus：16；CurStatusName：休息；)厂家消息(状态改变：空闲-->休息)程序状态(PS05_休息)
2016-08-08 14:52:50,052 [1] INFO  Holly--[11624] [(null)] - [>>>厂家状态变化<<<]OnStatusChange ：PS03_置闲(1) -> PS05_休息(16)
2016-08-08 14:52:50,052 [1] INFO  Holly--[11624] [(null)] - [事件][AxUniSoftPhone_OnStatusChange] 状态变化事件
2016-08-08 14:52:50,052 [1] INFO  Holly--[11624] [(null)] - [Main][SetMainStatus]设置状态：PS05_休息
2016-08-08 14:52:51,123 [1] INFO  Holly--[11624] [(null)] - [HollyContactHelper] 获取厂家信息 ==落地号码->
2016-08-08 14:52:51,125 [1] INFO  Holly--[11624] [(null)] - [Main][UpdatAgentDB] 更新客服状态表AS4_置忙
2016-08-08 14:52:51,199 [1] INFO  Holly--[11624] [(null)] - [Main][UpdatAgentDB] 插入CAgent表
2016-08-08 14:52:51,276 [1] INFO  Holly--[11624] [(null)] - [Main][UpdatAgentDB] 插入新的状态 PreOid....IS:78756
2016-08-08 14:52:51,276 [1] INFO  Holly--[11624] [(null)] - [@@@厂家消息通知@@@]OnMessage ：厂家状态(CurStatus：16；CurStatusName：休息；)厂家消息(休息开始。)程序状态(PS05_休息)
2016-08-08 14:52:52,081 [1] INFO  Holly--[11624] [(null)] - [MainJs] [SendToWeb] 发送网页消息：0 次数，指定页面ID：WebPage00001
2016-08-08 14:52:52,084 [1] INFO  Holly--[11624] [(null)] - [MainUI] [SendMesToWeb] 获取到了当前指定webPageID的页面：WebPage00001
2016-08-08 14:52:52,086 [1] INFO  Holly--[11624] [(null)] - [MainJs] [SendMesToWeb] CTIEventMsg msg：UserEvent=Notice&Action=SaveWindowsName&Data=WebPage00001&outBoundType=-2
2016-08-08 14:52:52,142 [1] INFO  Holly--[11624] [(null)] - [HollyContactHelper] 获取厂家信息 ==落地号码->
2016-08-08 14:52:52,142 [1] INFO  Holly--[11624] [(null)] - [Main][UpdatAgentDB] 更新客服状态表AS3_置闲
2016-08-08 14:52:52,164 [1] INFO  Holly--[11624] [(null)] - [Main][UpdatAgentDB] 更新上一个状态的结束时间 PreOid....IS:78756
2016-08-08 14:52:52,200 [1] INFO  Holly--[11624] [(null)] - [Main][UpdatAgentDB] 插入新的状态 PreOid....IS:78768
2016-08-08 14:52:52,200 [1] INFO  Holly--[11624] [(null)] - [@@@厂家消息通知@@@]OnMessage ：厂家状态(CurStatus：16；CurStatusName：休息；)厂家消息(示闲成功。)程序状态(PS05_休息)
2016-08-08 14:52:52,204 [1] INFO  Holly--[11624] [(null)] - [HollyContactHelper] 获取厂家信息 ==落地号码->
2016-08-08 14:52:52,204 [1] INFO  Holly--[11624] [(null)] - [Main][UpdatAgentDB] 更新客服状态表AS4_置忙
2016-08-08 14:52:52,207 [1] INFO  Holly--[11624] [(null)] - [Main][UpdatAgentDB] 更新上一个状态的结束时间 PreOid....IS:78768
2016-08-08 14:52:52,288 [1] INFO  Holly--[11624] [(null)] - [Main][UpdatAgentDB] 插入新的状态 PreOid....IS:78769
2016-08-08 14:52:52,289 [1] INFO  Holly--[11624] [(null)] - [@@@厂家消息通知@@@]OnMessage ：厂家状态(CurStatus：16；CurStatusName：休息；)厂家消息(签入成功。)程序状态(PS05_休息)
2016-08-08 14:52:59,391 [1] INFO  Holly--[11624] [(null)] - [MainJs] [SendToWeb] 发送网页消息：0 次数，指定页面ID：WebPage00001
2016-08-08 14:52:59,392 [1] INFO  Holly--[11624] [(null)] - [MainUI] [SendMesToWeb] 获取到了当前指定webPageID的页面：WebPage00001
2016-08-08 14:52:59,392 [1] INFO  Holly--[11624] [(null)] - [MainJs] [SendMesToWeb] CTIEventMsg msg：UserEvent=Notice&Action=SaveWindowsName&Data=WebPage00001&outBoundType=-2
2016-08-08 14:53:02,027 [1] INFO  Holly--[11624] [(null)] - [MainUI] [ShowTabPagesLog] 全部页面 回访客户列表页=WebPage00001(); 新增页=WebPage00002(WebPage00001); 
2016-08-08 14:53:04,393 [1] INFO  Holly--[11624] [(null)] - [MainJs] [SendToWeb] 发送网页消息：0 次数，指定页面ID：WebPage00002
2016-08-08 14:53:04,394 [1] INFO  Holly--[11624] [(null)] - [MainUI] [SendMesToWeb] 获取到了当前指定webPageID的页面：WebPage00002
2016-08-08 14:53:04,394 [1] INFO  Holly--[11624] [(null)] - [MainJs] [SendMesToWeb] CTIEventMsg msg：UserEvent=Notice&Action=SaveWindowsName&Data=WebPage00002&outBoundType=-2
2016-08-08 14:53:18,991 [1] INFO  Holly--[11624] [(null)] - [MainJs] [SendToWeb] 发送网页消息：0 次数，指定页面ID：WebPage00002
2016-08-08 14:53:18,991 [1] INFO  Holly--[11624] [(null)] - [MainUI] [SendMesToWeb] 获取到了当前指定webPageID的页面：WebPage00002
2016-08-08 14:53:18,992 [1] INFO  Holly--[11624] [(null)] - [MainJs] [SendMesToWeb] CTIEventMsg msg：UserEvent=Notice&Action=SaveWindowsName&Data=WebPage00002&outBoundType=-2
2016-08-08 14:53:48,565 [1] INFO  Holly--[11624] [(null)] - [客户端推送日志信息] 开始
2016-08-08 14:53:49,988 [1] INFO  Holly--[11624] [(null)] - [客户端推送日志信息] 获取到请求数：0
2016-08-08 14:54:49,994 [1] INFO  Holly--[11624] [(null)] - [客户端推送日志信息] 开始
2016-08-08 14:54:50,011 [1] INFO  Holly--[11624] [(null)] - [客户端推送日志信息] 获取到请求数：0
2016-08-08 14:55:48,581 [1] INFO  Holly--[11624] [(null)] - [***MDBFileHelper***][AdditionalRecording] 补录数据
2016-08-08 14:55:50,023 [1] INFO  Holly--[11624] [(null)] - [客户端推送日志信息] 开始
2016-08-08 14:55:50,042 [1] INFO  Holly--[11624] [(null)] - [客户端推送日志信息] 获取到请求数：0
2016-08-08 14:56:50,053 [1] INFO  Holly--[11624] [(null)] - [客户端推送日志信息] 开始
2016-08-08 14:56:50,069 [1] INFO  Holly--[11624] [(null)] - [客户端推送日志信息] 获取到请求数：0
2016-08-08 14:57:48,521 [1] INFO  Holly--[11624] [(null)] - [Main]timer_LoginTime_Tick LoginOnOid=78750
2016-08-08 14:57:50,081 [1] INFO  Holly--[11624] [(null)] - [客户端推送日志信息] 开始
2016-08-08 14:57:50,147 [1] INFO  Holly--[11624] [(null)] - [客户端推送日志信息] 获取到请求数：0
2016-08-08 14:58:49,189 [1] INFO  Holly--[11624] [(null)] - [***MDBFileHelper***][AdditionalRecording] 补录数据
2016-08-08 14:58:50,157 [1] INFO  Holly--[11624] [(null)] - [客户端推送日志信息] 开始
2016-08-08 14:58:50,189 [1] INFO  Holly--[11624] [(null)] - [客户端推送日志信息] 获取到请求数：0
2016-08-08 14:59:50,200 [1] INFO  Holly--[11624] [(null)] - [客户端推送日志信息] 开始
2016-08-08 15:00:09,150 [1] INFO  Holly--[11624] [(null)] - [客户端推送日志信息] 获取到请求数：0
2016-08-08 15:00:09,155 [1] INFO  Holly--[11624] [(null)] - [^^^厂家错误通知^^^]OnError ：CTIErrorCode:0   ErrorCode:10  ErrorDesc:服务器已下线:UserName=StatUser,UserGOR=851970
2016-08-08 15:00:09,160 [1] INFO  Holly--[11624] [(null)] - [^^^厂家错误通知^^^]OnError ：CTIErrorCode:0   ErrorCode:10  ErrorDesc:服务器已下线:UserName=StatEvent,UserGOR=851969
2016-08-08 15:00:09,163 [1] INFO  Holly--[11624] [(null)] - [^^^厂家错误通知^^^]OnError ：CTIErrorCode:0   ErrorCode:10  ErrorDesc:服务器已下线:UserName=ASUser,UserGOR=1245185
2016-08-08 15:00:09,164 [1] INFO  Holly--[11624] [(null)] - [@@@厂家消息通知@@@]OnMessage ：厂家状态(CurStatus：16；CurStatusName：休息；)厂家消息(签出成功。)程序状态(PS05_休息)
2016-08-08 15:00:09,165 [1] INFO  Holly--[11624] [(null)] - [事件][OnSignOutSuccess] 签出成功事件
2016-08-08 15:00:09,240 [1] INFO  Holly--[11624] [(null)] - [登录登出模块]DeleteAgentStateToDB...客服退出时 LoginOnOid....IS:78750
2016-08-08 15:00:09,240 [1] INFO  Holly--[11624] [(null)] - [登录登出模块]DeleteAgentStateToDB...客服退出时 GetCurrentTime()....IS:2016-08-08 14:59:11
2016-08-08 15:00:09,241 [1] INFO  Holly--[11624] [(null)] - [登录登出模块]DeleteAgentStateToDB...退出成功....
2016-08-08 15:00:09,242 [1] INFO  Holly--[11624] [(null)] - [@@@厂家消息通知@@@]OnMessage ：厂家状态(CurStatus：14；CurStatusName：签出；)厂家消息(状态改变：休息-->签出)程序状态(PS02_签出)
2016-08-08 15:00:09,242 [1] INFO  Holly--[11624] [(null)] - [>>>厂家状态变化<<<]OnStatusChange ：PS05_休息(16) -> PS02_签出(14)
2016-08-08 15:00:09,242 [1] INFO  Holly--[11624] [(null)] - [事件][AxUniSoftPhone_OnStatusChange] 状态变化事件
2016-08-08 15:00:09,242 [1] INFO  Holly--[11624] [(null)] - [Main][SetMainStatus]设置状态：PS02_签出
2016-08-08 15:00:09,250 [1] INFO  Holly--[11624] [(null)] - [^^^厂家错误通知^^^]OnError ：CTIErrorCode:0   ErrorCode:10  ErrorDesc:服务器已下线:UserName=LSUser,UserGOR=65537
2016-08-08 15:00:09,716 [1] INFO  Holly--[11624] [(null)] - [^^^厂家错误通知^^^]OnError ：CTIErrorCode:0   ErrorCode:10  ErrorDesc:服务器已下线:UserName=EDSUser,UserGOR=1638401
2016-08-08 15:00:09,726 [1] INFO  Holly--[11624] [(null)] - [HollyContactHelper] 获取厂家信息 ==落地号码->
2016-08-08 15:00:09,727 [1] INFO  Holly--[11624] [(null)] - [Main][UpdatAgentDB] 更新客服状态表AS1_签出
2016-08-08 15:00:09,729 [1] INFO  Holly--[11624] [(null)] - [Main] 更新上一个状态的结束时间 PreOid....IS:78769
2016-08-08 15:01:08,661 [1] INFO  Holly--[11624] [(null)] - [@@@厂家消息通知@@@]OnMessage ：厂家状态(CurStatus：14；CurStatusName：签出；)厂家消息(服务器已上线:UserName=EDSUser,UserGOR=1638401)程序状态(PS02_签出)
2016-08-08 15:01:09,155 [1] INFO  Holly--[11624] [(null)] - [客户端推送日志信息] 开始
2016-08-08 15:01:09,175 [1] INFO  Holly--[11624] [(null)] - [客户端推送日志信息] 获取到请求数：0
2016-08-08 15:01:09,257 [1] INFO  Holly--[11624] [(null)] - [@@@厂家消息通知@@@]OnMessage ：厂家状态(CurStatus：14；CurStatusName：签出；)厂家消息(服务器已上线:UserName=LSUser,UserGOR=65537)程序状态(PS02_签出)
2016-08-08 15:01:09,259 [1] INFO  Holly--[11624] [(null)] - [@@@厂家消息通知@@@]OnMessage ：厂家状态(CurStatus：14；CurStatusName：签出；)厂家消息(服务器已上线:UserName=StatEvent,UserGOR=851969)程序状态(PS02_签出)
2016-08-08 15:01:09,262 [1] INFO  Holly--[11624] [(null)] - [@@@厂家消息通知@@@]OnMessage ：厂家状态(CurStatus：14；CurStatusName：签出；)厂家消息(服务器已上线:UserName=StatUser,UserGOR=851970)程序状态(PS02_签出)
2016-08-08 15:01:09,389 [1] INFO  Holly--[11624] [(null)] - [@@@厂家消息通知@@@]OnMessage ：厂家状态(CurStatus：14；CurStatusName：签出；)厂家消息(服务器已上线:UserName=ASUser,UserGOR=1245185)程序状态(PS02_签出)
2016-08-08 15:01:15,401 [1] INFO  Holly--[11624] [(null)] - [@@@厂家消息通知@@@]OnMessage ：厂家状态(CurStatus：14；CurStatusName：签出；)厂家消息(座席签入成功)程序状态(PS02_签出)
2016-08-08 15:01:15,404 [1] INFO  Holly--[11624] [(null)] - [事件][OnSignInSuccess] 签入成功事件
2016-08-08 15:01:15,623 [1] INFO  Holly--[11624] [(null)] - [登录登出模块] InsertAgentState()更新退出时间....initmsg
2016-08-08 15:01:15,644 [1] INFO  Holly--[11624] [(null)] - [登录登出模块] InsertAgentState()登录状态LoginOnOid....is:81229
2016-08-08 15:01:15,644 [1] INFO  Holly--[11624] [(null)] - [@@@厂家消息通知@@@]OnMessage ：厂家状态(CurStatus：2；CurStatusName：置忙；)厂家消息(状态改变：签出-->置忙)程序状态(PS04_置忙)
2016-08-08 15:01:15,645 [1] INFO  Holly--[11624] [(null)] - [>>>厂家状态变化<<<]OnStatusChange ：PS02_签出(14) -> PS04_置忙(2)
2016-08-08 15:01:15,707 [1] INFO  Holly--[11624] [(null)] - [HollyContactHelper]用户操作==置闲->True
2016-08-08 15:01:16,015 [1] INFO  Holly--[11624] [(null)] - [HollyContactHelper]用户操作==休息(BS0_自动)->True
2016-08-08 15:01:16,015 [1] INFO  Holly--[11624] [(null)] - [事件][AxUniSoftPhone_OnStatusChange] 状态变化事件
2016-08-08 15:01:16,015 [1] INFO  Holly--[11624] [(null)] - [Main][SetMainStatus]设置状态：PS04_置忙(BS0_自动)
2016-08-08 15:01:16,019 [1] INFO  Holly--[11624] [(null)] - [@@@厂家消息通知@@@]OnMessage ：厂家状态(CurStatus：1；CurStatusName：空闲；)厂家消息(状态改变：置忙-->空闲)程序状态(PS03_置闲)
2016-08-08 15:01:16,019 [1] INFO  Holly--[11624] [(null)] - [>>>厂家状态变化<<<]OnStatusChange ：PS04_置忙(2) -> PS03_置闲(1)
2016-08-08 15:01:16,020 [1] INFO  Holly--[11624] [(null)] - [事件][AxUniSoftPhone_OnStatusChange] 状态变化事件
2016-08-08 15:01:16,020 [1] INFO  Holly--[11624] [(null)] - [Main][SetMainStatus]设置状态：PS03_置闲
2016-08-08 15:01:16,023 [1] INFO  Holly--[11624] [(null)] - [@@@厂家消息通知@@@]OnMessage ：厂家状态(CurStatus：16；CurStatusName：休息；)厂家消息(状态改变：空闲-->休息)程序状态(PS05_休息)
2016-08-08 15:01:16,023 [1] INFO  Holly--[11624] [(null)] - [>>>厂家状态变化<<<]OnStatusChange ：PS03_置闲(1) -> PS05_休息(16)
2016-08-08 15:01:16,023 [1] INFO  Holly--[11624] [(null)] - [事件][AxUniSoftPhone_OnStatusChange] 状态变化事件
2016-08-08 15:01:16,023 [1] INFO  Holly--[11624] [(null)] - [Main][SetMainStatus]设置状态：PS05_休息
2016-08-08 15:01:16,029 [1] INFO  Holly--[11624] [(null)] - [HollyContactHelper] 获取厂家信息 ==落地号码->
2016-08-08 15:01:16,029 [1] INFO  Holly--[11624] [(null)] - [Main][UpdatAgentDB] 更新客服状态表AS4_置忙
2016-08-08 15:01:16,031 [1] INFO  Holly--[11624] [(null)] - [Main][UpdatAgentDB] 插入CAgent表
2016-08-08 15:01:16,413 [1] INFO  Holly--[11624] [(null)] - [Main][UpdatAgentDB] 插入新的状态 PreOid....IS:81230
2016-08-08 15:01:16,414 [1] INFO  Holly--[11624] [(null)] - [@@@厂家消息通知@@@]OnMessage ：厂家状态(CurStatus：16；CurStatusName：休息；)厂家消息(休息开始。)程序状态(PS05_休息)
2016-08-08 15:01:16,418 [1] INFO  Holly--[11624] [(null)] - [HollyContactHelper] 获取厂家信息 ==落地号码->
2016-08-08 15:01:16,418 [1] INFO  Holly--[11624] [(null)] - [Main][UpdatAgentDB] 更新客服状态表AS3_置闲
2016-08-08 15:01:16,421 [1] INFO  Holly--[11624] [(null)] - [Main][UpdatAgentDB] 更新上一个状态的结束时间 PreOid....IS:81230
2016-08-08 15:01:16,500 [1] INFO  Holly--[11624] [(null)] - [Main][UpdatAgentDB] 插入新的状态 PreOid....IS:81231
2016-08-08 15:01:16,501 [1] INFO  Holly--[11624] [(null)] - [@@@厂家消息通知@@@]OnMessage ：厂家状态(CurStatus：16；CurStatusName：休息；)厂家消息(示闲成功。)程序状态(PS05_休息)
2016-08-08 15:01:16,502 [1] INFO  Holly--[11624] [(null)] - [HollyContactHelper] 获取厂家信息 ==落地号码->
2016-08-08 15:01:16,502 [1] INFO  Holly--[11624] [(null)] - [Main][UpdatAgentDB] 更新客服状态表AS4_置忙
2016-08-08 15:01:16,508 [1] INFO  Holly--[11624] [(null)] - [Main][UpdatAgentDB] 更新上一个状态的结束时间 PreOid....IS:81231
2016-08-08 15:01:16,879 [1] INFO  Holly--[11624] [(null)] - [Main][UpdatAgentDB] 插入新的状态 PreOid....IS:81233
2016-08-08 15:01:16,880 [1] INFO  Holly--[11624] [(null)] - [@@@厂家消息通知@@@]OnMessage ：厂家状态(CurStatus：16；CurStatusName：休息；)厂家消息(签入成功。)程序状态(PS05_休息)
2016-08-08 15:01:53,853 [1] INFO  Holly--[11624] [(null)] - [***MDBFileHelper***][AdditionalRecording] 补录数据
2016-08-08 15:02:13,791 [1] INFO  Holly--[11624] [(null)] - [客户端推送日志信息] 开始
2016-08-08 15:02:13,811 [1] INFO  Holly--[11624] [(null)] - [客户端推送日志信息] 获取到请求数：0
2016-08-08 15:02:53,542 [1] INFO  Holly--[11624] [(null)] - [Main]timer_LoginTime_Tick LoginOnOid=81229
2016-08-08 15:03:13,819 [1] INFO  Holly--[11624] [(null)] - [客户端推送日志信息] 开始
2016-08-08 15:03:13,839 [1] INFO  Holly--[11624] [(null)] - [客户端推送日志信息] 获取到请求数：0
2016-08-08 15:04:07,557 [1] INFO  Holly--[11624] [(null)] - [^^^厂家错误通知^^^]OnError ：CTIErrorCode:0   ErrorCode:10  ErrorDesc:服务器已下线:UserName=EDSUser,UserGOR=1638401
2016-08-08 15:04:08,156 [1] INFO  Holly--[11624] [(null)] - [^^^厂家错误通知^^^]OnError ：CTIErrorCode:0   ErrorCode:10  ErrorDesc:服务器已下线:UserName=StatUser,UserGOR=851970
2016-08-08 15:04:08,159 [1] INFO  Holly--[11624] [(null)] - [^^^厂家错误通知^^^]OnError ：CTIErrorCode:0   ErrorCode:10  ErrorDesc:服务器已下线:UserName=StatEvent,UserGOR=851969
2016-08-08 15:04:08,161 [1] INFO  Holly--[11624] [(null)] - [^^^厂家错误通知^^^]OnError ：CTIErrorCode:0   ErrorCode:10  ErrorDesc:服务器已下线:UserName=ASUser,UserGOR=1245185
2016-08-08 15:04:08,164 [1] INFO  Holly--[11624] [(null)] - [@@@厂家消息通知@@@]OnMessage ：厂家状态(CurStatus：16；CurStatusName：休息；)厂家消息(签出成功。)程序状态(PS05_休息)
2016-08-08 15:04:08,164 [1] INFO  Holly--[11624] [(null)] - [事件][OnSignOutSuccess] 签出成功事件
2016-08-08 15:04:08,217 [1] INFO  Holly--[11624] [(null)] - [登录登出模块]DeleteAgentStateToDB...客服退出时 LoginOnOid....IS:81229
2016-08-08 15:04:08,217 [1] INFO  Holly--[11624] [(null)] - [登录登出模块]DeleteAgentStateToDB...客服退出时 GetCurrentTime()....IS:2016-08-08 15:03:06
2016-08-08 15:04:08,221 [1] INFO  Holly--[11624] [(null)] - [登录登出模块]DeleteAgentStateToDB...退出成功....
2016-08-08 15:04:08,221 [1] INFO  Holly--[11624] [(null)] - [@@@厂家消息通知@@@]OnMessage ：厂家状态(CurStatus：14；CurStatusName：签出；)厂家消息(状态改变：休息-->签出)程序状态(PS02_签出)
2016-08-08 15:04:08,221 [1] INFO  Holly--[11624] [(null)] - [>>>厂家状态变化<<<]OnStatusChange ：PS05_休息(16) -> PS02_签出(14)
2016-08-08 15:04:08,222 [1] INFO  Holly--[11624] [(null)] - [事件][AxUniSoftPhone_OnStatusChange] 状态变化事件
2016-08-08 15:04:08,222 [1] INFO  Holly--[11624] [(null)] - [Main][SetMainStatus]设置状态：PS02_签出
2016-08-08 15:04:08,224 [1] INFO  Holly--[11624] [(null)] - [^^^厂家错误通知^^^]OnError ：CTIErrorCode:0   ErrorCode:10  ErrorDesc:服务器已下线:UserName=LSUser,UserGOR=65537
2016-08-08 15:04:08,227 [1] INFO  Holly--[11624] [(null)] - [HollyContactHelper] 获取厂家信息 ==落地号码->
2016-08-08 15:04:08,227 [1] INFO  Holly--[11624] [(null)] - [Main][UpdatAgentDB] 更新客服状态表AS1_签出
2016-08-08 15:04:08,241 [1] INFO  Holly--[11624] [(null)] - [Main] 更新上一个状态的结束时间 PreOid....IS:81233
2016-08-08 15:04:08,632 [1] INFO  Holly--[11624] [(null)] - [@@@厂家消息通知@@@]OnMessage ：厂家状态(CurStatus：14；CurStatusName：签出；)厂家消息(服务器已上线:UserName=StatEvent,UserGOR=851969)程序状态(PS02_签出)
2016-08-08 15:04:08,634 [1] INFO  Holly--[11624] [(null)] - [@@@厂家消息通知@@@]OnMessage ：厂家状态(CurStatus：14；CurStatusName：签出；)厂家消息(服务器已上线:UserName=StatUser,UserGOR=851970)程序状态(PS02_签出)
2016-08-08 15:04:08,668 [1] INFO  Holly--[11624] [(null)] - [@@@厂家消息通知@@@]OnMessage ：厂家状态(CurStatus：14；CurStatusName：签出；)厂家消息(服务器已上线:UserName=EDSUser,UserGOR=1638401)程序状态(PS02_签出)
2016-08-08 15:04:08,697 [1] INFO  Holly--[11624] [(null)] - [@@@厂家消息通知@@@]OnMessage ：厂家状态(CurStatus：14；CurStatusName：签出；)厂家消息(服务器已上线:UserName=ASUser,UserGOR=1245185)程序状态(PS02_签出)
2016-08-08 15:04:08,701 [1] INFO  Holly--[11624] [(null)] - [@@@厂家消息通知@@@]OnMessage ：厂家状态(CurStatus：14；CurStatusName：签出；)厂家消息(服务器已上线:UserName=LSUser,UserGOR=65537)程序状态(PS02_签出)
2016-08-08 15:04:10,271 [1] INFO  Holly--[11624] [(null)] - [@@@厂家消息通知@@@]OnMessage ：厂家状态(CurStatus：14；CurStatusName：签出；)厂家消息(座席签入成功)程序状态(PS02_签出)
2016-08-08 15:04:10,273 [1] INFO  Holly--[11624] [(null)] - [事件][OnSignInSuccess] 签入成功事件
2016-08-08 15:04:10,331 [1] INFO  Holly--[11624] [(null)] - [登录登出模块] InsertAgentState()更新退出时间....initmsg
2016-08-08 15:04:10,349 [1] INFO  Holly--[11624] [(null)] - [登录登出模块] InsertAgentState()登录状态LoginOnOid....is:82255
2016-08-08 15:04:10,350 [1] INFO  Holly--[11624] [(null)] - [@@@厂家消息通知@@@]OnMessage ：厂家状态(CurStatus：2；CurStatusName：置忙；)厂家消息(状态改变：签出-->置忙)程序状态(PS04_置忙)
2016-08-08 15:04:10,350 [1] INFO  Holly--[11624] [(null)] - [>>>厂家状态变化<<<]OnStatusChange ：PS02_签出(14) -> PS04_置忙(2)
2016-08-08 15:04:10,382 [1] INFO  Holly--[11624] [(null)] - [HollyContactHelper]用户操作==置闲->True
2016-08-08 15:04:10,642 [1] INFO  Holly--[11624] [(null)] - [HollyContactHelper]用户操作==休息(BS0_自动)->True
2016-08-08 15:04:10,642 [1] INFO  Holly--[11624] [(null)] - [事件][AxUniSoftPhone_OnStatusChange] 状态变化事件
2016-08-08 15:04:10,642 [1] INFO  Holly--[11624] [(null)] - [Main][SetMainStatus]设置状态：PS04_置忙(BS0_自动)
2016-08-08 15:04:10,646 [1] INFO  Holly--[11624] [(null)] - [@@@厂家消息通知@@@]OnMessage ：厂家状态(CurStatus：1；CurStatusName：空闲；)厂家消息(状态改变：置忙-->空闲)程序状态(PS03_置闲)
2016-08-08 15:04:10,646 [1] INFO  Holly--[11624] [(null)] - [>>>厂家状态变化<<<]OnStatusChange ：PS04_置忙(2) -> PS03_置闲(1)
2016-08-08 15:04:10,647 [1] INFO  Holly--[11624] [(null)] - [事件][AxUniSoftPhone_OnStatusChange] 状态变化事件
2016-08-08 15:04:10,647 [1] INFO  Holly--[11624] [(null)] - [Main][SetMainStatus]设置状态：PS03_置闲
2016-08-08 15:04:10,651 [1] INFO  Holly--[11624] [(null)] - [@@@厂家消息通知@@@]OnMessage ：厂家状态(CurStatus：16；CurStatusName：休息；)厂家消息(状态改变：空闲-->休息)程序状态(PS05_休息)
2016-08-08 15:04:10,651 [1] INFO  Holly--[11624] [(null)] - [>>>厂家状态变化<<<]OnStatusChange ：PS03_置闲(1) -> PS05_休息(16)
2016-08-08 15:04:10,651 [1] INFO  Holly--[11624] [(null)] - [事件][AxUniSoftPhone_OnStatusChange] 状态变化事件
2016-08-08 15:04:10,651 [1] INFO  Holly--[11624] [(null)] - [Main][SetMainStatus]设置状态：PS05_休息
2016-08-08 15:04:10,655 [1] INFO  Holly--[11624] [(null)] - [HollyContactHelper] 获取厂家信息 ==落地号码->
2016-08-08 15:04:10,655 [1] INFO  Holly--[11624] [(null)] - [Main][UpdatAgentDB] 更新客服状态表AS4_置忙
2016-08-08 15:04:10,656 [1] INFO  Holly--[11624] [(null)] - [Main][UpdatAgentDB] 插入CAgent表
2016-08-08 15:04:11,024 [1] INFO  Holly--[11624] [(null)] - [Main][UpdatAgentDB] 插入新的状态 PreOid....IS:82259
2016-08-08 15:04:11,024 [1] INFO  Holly--[11624] [(null)] - [@@@厂家消息通知@@@]OnMessage ：厂家状态(CurStatus：16；CurStatusName：休息；)厂家消息(休息开始。)程序状态(PS05_休息)
2016-08-08 15:04:11,029 [1] INFO  Holly--[11624] [(null)] - [HollyContactHelper] 获取厂家信息 ==落地号码->
2016-08-08 15:04:11,029 [1] INFO  Holly--[11624] [(null)] - [Main][UpdatAgentDB] 更新客服状态表AS3_置闲
2016-08-08 15:04:11,033 [1] INFO  Holly--[11624] [(null)] - [Main][UpdatAgentDB] 更新上一个状态的结束时间 PreOid....IS:82259
2016-08-08 15:04:11,088 [1] INFO  Holly--[11624] [(null)] - [Main][UpdatAgentDB] 插入新的状态 PreOid....IS:82260
2016-08-08 15:04:11,089 [1] INFO  Holly--[11624] [(null)] - [@@@厂家消息通知@@@]OnMessage ：厂家状态(CurStatus：16；CurStatusName：休息；)厂家消息(示闲成功。)程序状态(PS05_休息)
2016-08-08 15:04:11,090 [1] INFO  Holly--[11624] [(null)] - [HollyContactHelper] 获取厂家信息 ==落地号码->
2016-08-08 15:04:11,090 [1] INFO  Holly--[11624] [(null)] - [Main][UpdatAgentDB] 更新客服状态表AS4_置忙
2016-08-08 15:04:11,093 [1] INFO  Holly--[11624] [(null)] - [Main][UpdatAgentDB] 更新上一个状态的结束时间 PreOid....IS:82260
2016-08-08 15:04:11,111 [1] INFO  Holly--[11624] [(null)] - [Main][UpdatAgentDB] 插入新的状态 PreOid....IS:82261
2016-08-08 15:04:11,111 [1] INFO  Holly--[11624] [(null)] - [@@@厂家消息通知@@@]OnMessage ：厂家状态(CurStatus：16；CurStatusName：休息；)厂家消息(签入成功。)程序状态(PS05_休息)
2016-08-08 15:04:14,144 [1] INFO  Holly--[11624] [(null)] - [客户端推送日志信息] 开始
2016-08-08 15:04:14,165 [1] INFO  Holly--[11624] [(null)] - [客户端推送日志信息] 获取到请求数：0
2016-08-08 15:04:54,206 [1] INFO  Holly--[11624] [(null)] - [***MDBFileHelper***][AdditionalRecording] 补录数据
2016-08-08 15:05:14,173 [1] INFO  Holly--[11624] [(null)] - [客户端推送日志信息] 开始
2016-08-08 15:05:14,194 [1] INFO  Holly--[11624] [(null)] - [客户端推送日志信息] 获取到请求数：0
2016-08-08 15:06:14,203 [1] INFO  Holly--[11624] [(null)] - [客户端推送日志信息] 开始
2016-08-08 15:06:14,222 [1] INFO  Holly--[11624] [(null)] - [客户端推送日志信息] 获取到请求数：0
2016-08-08 15:07:14,231 [1] INFO  Holly--[11624] [(null)] - [客户端推送日志信息] 开始
2016-08-08 15:07:14,251 [1] INFO  Holly--[11624] [(null)] - [客户端推送日志信息] 获取到请求数：0
2016-08-08 15:07:54,012 [1] INFO  Holly--[11624] [(null)] - [Main]timer_LoginTime_Tick LoginOnOid=82255
2016-08-08 15:07:54,265 [1] INFO  Holly--[11624] [(null)] - [***MDBFileHelper***][AdditionalRecording] 补录数据
2016-08-08 15:08:14,261 [1] INFO  Holly--[11624] [(null)] - [客户端推送日志信息] 开始
2016-08-08 15:08:14,284 [1] INFO  Holly--[11624] [(null)] - [客户端推送日志信息] 获取到请求数：0
2016-08-08 15:09:14,291 [1] INFO  Holly--[11624] [(null)] - [客户端推送日志信息] 开始
2016-08-08 15:09:15,138 [1] INFO  Holly--[11624] [(null)] - [客户端推送日志信息] 获取到请求数：0
2016-08-08 15:10:15,146 [1] INFO  Holly--[11624] [(null)] - [客户端推送日志信息] 开始
2016-08-08 15:10:15,169 [1] INFO  Holly--[11624] [(null)] - [客户端推送日志信息] 获取到请求数：0
2016-08-08 15:10:54,320 [1] INFO  Holly--[11624] [(null)] - [***MDBFileHelper***][AdditionalRecording] 补录数据
2016-08-08 15:11:15,175 [1] INFO  Holly--[11624] [(null)] - [客户端推送日志信息] 开始
2016-08-08 15:11:15,198 [1] INFO  Holly--[11624] [(null)] - [客户端推送日志信息] 获取到请求数：0
2016-08-08 15:12:15,205 [1] INFO  Holly--[11624] [(null)] - [客户端推送日志信息] 开始
2016-08-08 15:12:15,228 [1] INFO  Holly--[11624] [(null)] - [客户端推送日志信息] 获取到请求数：0
2016-08-08 15:12:54,142 [1] INFO  Holly--[11624] [(null)] - [Main]timer_LoginTime_Tick LoginOnOid=82255
2016-08-08 15:13:15,236 [1] INFO  Holly--[11624] [(null)] - [客户端推送日志信息] 开始
2016-08-08 15:13:15,257 [1] INFO  Holly--[11624] [(null)] - [客户端推送日志信息] 获取到请求数：0
2016-08-08 15:13:54,373 [1] INFO  Holly--[11624] [(null)] - [***MDBFileHelper***][AdditionalRecording] 补录数据
2016-08-08 15:14:15,263 [1] INFO  Holly--[11624] [(null)] - [客户端推送日志信息] 开始
2016-08-08 15:14:15,299 [1] INFO  Holly--[11624] [(null)] - [客户端推送日志信息] 获取到请求数：0
2016-08-08 15:15:15,308 [1] INFO  Holly--[11624] [(null)] - [客户端推送日志信息] 开始
2016-08-08 15:15:15,713 [1] INFO  Holly--[11624] [(null)] - [客户端推送日志信息] 获取到请求数：0
2016-08-08 15:16:15,726 [1] INFO  Holly--[11624] [(null)] - [客户端推送日志信息] 开始
2016-08-08 15:16:16,108 [1] INFO  Holly--[11624] [(null)] - [客户端推送日志信息] 获取到请求数：0
2016-08-08 15:16:54,429 [1] INFO  Holly--[11624] [(null)] - [***MDBFileHelper***][AdditionalRecording] 补录数据
2016-08-08 15:17:16,114 [1] INFO  Holly--[11624] [(null)] - [客户端推送日志信息] 开始
2016-08-08 15:17:16,146 [1] INFO  Holly--[11624] [(null)] - [客户端推送日志信息] 获取到请求数：0
2016-08-08 15:17:54,211 [1] INFO  Holly--[11624] [(null)] - [Main]timer_LoginTime_Tick LoginOnOid=82255
2016-08-08 15:18:16,159 [1] INFO  Holly--[11624] [(null)] - [客户端推送日志信息] 开始
2016-08-08 15:18:16,201 [1] INFO  Holly--[11624] [(null)] - [客户端推送日志信息] 获取到请求数：0
2016-08-08 15:19:16,220 [1] INFO  Holly--[11624] [(null)] - [客户端推送日志信息] 开始
2016-08-08 15:19:16,601 [1] INFO  Holly--[11624] [(null)] - [客户端推送日志信息] 获取到请求数：0
2016-08-08 15:19:54,488 [1] INFO  Holly--[11624] [(null)] - [***MDBFileHelper***][AdditionalRecording] 补录数据
2016-08-08 15:20:16,607 [1] INFO  Holly--[11624] [(null)] - [客户端推送日志信息] 开始
2016-08-08 15:20:16,722 [1] INFO  Holly--[11624] [(null)] - [客户端推送日志信息] 获取到请求数：0
2016-08-08 15:21:16,730 [1] INFO  Holly--[11624] [(null)] - [客户端推送日志信息] 开始
2016-08-08 15:21:17,114 [1] INFO  Holly--[11624] [(null)] - [客户端推送日志信息] 获取到请求数：0
2016-08-08 15:22:17,118 [1] INFO  Holly--[11624] [(null)] - [客户端推送日志信息] 开始
2016-08-08 15:22:17,150 [1] INFO  Holly--[11624] [(null)] - [客户端推送日志信息] 获取到请求数：0
2016-08-08 15:22:54,542 [1] INFO  Holly--[11624] [(null)] - [***MDBFileHelper***][AdditionalRecording] 补录数据
2016-08-08 15:22:54,699 [1] INFO  Holly--[11624] [(null)] - [Main]timer_LoginTime_Tick LoginOnOid=82255
2016-08-08 15:23:17,164 [1] INFO  Holly--[11624] [(null)] - [客户端推送日志信息] 开始
2016-08-08 15:23:17,190 [1] INFO  Holly--[11624] [(null)] - [客户端推送日志信息] 获取到请求数：0
2016-08-08 15:24:17,210 [1] INFO  Holly--[11624] [(null)] - [客户端推送日志信息] 开始
2016-08-08 15:24:17,625 [1] INFO  Holly--[11624] [(null)] - [客户端推送日志信息] 获取到请求数：0
2016-08-08 15:25:17,646 [1] INFO  Holly--[11624] [(null)] - [客户端推送日志信息] 开始
2016-08-08 15:25:17,679 [1] INFO  Holly--[11624] [(null)] - [客户端推送日志信息] 获取到请求数：0
2016-08-08 15:25:54,599 [1] INFO  Holly--[11624] [(null)] - [***MDBFileHelper***][AdditionalRecording] 补录数据
2016-08-08 15:26:17,688 [1] INFO  Holly--[11624] [(null)] - [客户端推送日志信息] 开始
2016-08-08 15:26:18,098 [1] INFO  Holly--[11624] [(null)] - [客户端推送日志信息] 获取到请求数：0
2016-08-08 15:27:18,108 [1] INFO  Holly--[11624] [(null)] - [客户端推送日志信息] 开始
2016-08-08 15:27:18,513 [1] INFO  Holly--[11624] [(null)] - [客户端推送日志信息] 获取到请求数：0
2016-08-08 15:27:54,751 [1] INFO  Holly--[11624] [(null)] - [Main]timer_LoginTime_Tick LoginOnOid=82255
2016-08-08 15:28:18,528 [1] INFO  Holly--[11624] [(null)] - [客户端推送日志信息] 开始
2016-08-08 15:28:18,575 [1] INFO  Holly--[11624] [(null)] - [客户端推送日志信息] 获取到请求数：0
2016-08-08 15:28:54,658 [1] INFO  Holly--[11624] [(null)] - [***MDBFileHelper***][AdditionalRecording] 补录数据
2016-08-08 15:29:18,587 [1] INFO  Holly--[11624] [(null)] - [客户端推送日志信息] 开始
2016-08-08 15:29:19,454 [1] INFO  Holly--[11624] [(null)] - [客户端推送日志信息] 获取到请求数：0
2016-08-08 15:30:19,459 [1] INFO  Holly--[11624] [(null)] - [客户端推送日志信息] 开始
2016-08-08 15:30:19,834 [1] INFO  Holly--[11624] [(null)] - [客户端推送日志信息] 获取到请求数：0
2016-08-08 15:31:19,844 [1] INFO  Holly--[11624] [(null)] - [客户端推送日志信息] 开始
2016-08-08 15:31:19,880 [1] INFO  Holly--[11624] [(null)] - [客户端推送日志信息] 获取到请求数：0
2016-08-08 15:31:54,713 [1] INFO  Holly--[11624] [(null)] - [***MDBFileHelper***][AdditionalRecording] 补录数据
2016-08-08 15:32:19,891 [1] INFO  Holly--[11624] [(null)] - [客户端推送日志信息] 开始
2016-08-08 15:32:19,957 [1] INFO  Holly--[11624] [(null)] - [客户端推送日志信息] 获取到请求数：0
2016-08-08 15:32:55,279 [1] INFO  Holly--[11624] [(null)] - [Main]timer_LoginTime_Tick LoginOnOid=82255
2016-08-08 15:33:19,967 [1] INFO  Holly--[11624] [(null)] - [客户端推送日志信息] 开始
2016-08-08 15:33:19,997 [1] INFO  Holly--[11624] [(null)] - [客户端推送日志信息] 获取到请求数：0
2016-08-08 15:34:20,012 [1] INFO  Holly--[11624] [(null)] - [客户端推送日志信息] 开始
2016-08-08 15:34:20,049 [1] INFO  Holly--[11624] [(null)] - [客户端推送日志信息] 获取到请求数：0
2016-08-08 15:34:54,768 [1] INFO  Holly--[11624] [(null)] - [***MDBFileHelper***][AdditionalRecording] 补录数据
2016-08-08 15:35:20,056 [1] INFO  Holly--[11624] [(null)] - [客户端推送日志信息] 开始
2016-08-08 15:35:20,089 [1] INFO  Holly--[11624] [(null)] - [客户端推送日志信息] 获取到请求数：0
2016-08-08 15:36:20,102 [1] INFO  Holly--[11624] [(null)] - [客户端推送日志信息] 开始
2016-08-08 15:36:20,143 [1] INFO  Holly--[11624] [(null)] - [客户端推送日志信息] 获取到请求数：0
2016-08-08 15:37:20,162 [1] INFO  Holly--[11624] [(null)] - [客户端推送日志信息] 开始
2016-08-08 15:37:20,536 [1] INFO  Holly--[11624] [(null)] - [客户端推送日志信息] 获取到请求数：0
2016-08-08 15:37:54,828 [1] INFO  Holly--[11624] [(null)] - [***MDBFileHelper***][AdditionalRecording] 补录数据
2016-08-08 15:37:55,418 [1] INFO  Holly--[11624] [(null)] - [Main]timer_LoginTime_Tick LoginOnOid=82255
2016-08-08 15:38:20,550 [1] INFO  Holly--[11624] [(null)] - [客户端推送日志信息] 开始
2016-08-08 15:38:20,930 [1] INFO  Holly--[11624] [(null)] - [客户端推送日志信息] 获取到请求数：0
2016-08-08 15:39:20,937 [1] INFO  Holly--[11624] [(null)] - [客户端推送日志信息] 开始
2016-08-08 15:39:20,999 [1] INFO  Holly--[11624] [(null)] - [客户端推送日志信息] 获取到请求数：0
2016-08-08 15:40:21,014 [1] INFO  Holly--[11624] [(null)] - [客户端推送日志信息] 开始
2016-08-08 15:40:21,407 [1] INFO  Holly--[11624] [(null)] - [客户端推送日志信息] 获取到请求数：0
2016-08-08 15:40:54,883 [1] INFO  Holly--[11624] [(null)] - [***MDBFileHelper***][AdditionalRecording] 补录数据
2016-08-08 15:41:21,418 [1] INFO  Holly--[11624] [(null)] - [客户端推送日志信息] 开始
2016-08-08 15:41:21,809 [1] INFO  Holly--[11624] [(null)] - [客户端推送日志信息] 获取到请求数：0
2016-08-08 15:42:21,821 [1] INFO  Holly--[11624] [(null)] - [客户端推送日志信息] 开始
2016-08-08 15:42:22,620 [1] INFO  Holly--[11624] [(null)] - [客户端推送日志信息] 获取到请求数：0
2016-08-08 15:42:54,089 [1] INFO  Holly--[11624] [(null)] - [登录登出模块] ExitLogin() Begin...
2016-08-08 15:42:54,494 [1] INFO  Holly--[11624] [(null)] - [登录登出模块]DeleteAgentStateToDB...客服退出时 LoginOnOid....IS:82255
2016-08-08 15:42:54,494 [1] INFO  Holly--[11624] [(null)] - [登录登出模块]DeleteAgentStateToDB...客服退出时 GetCurrentTime()....IS:2016-08-08 15:41:52
2016-08-08 15:42:54,496 [1] INFO  Holly--[11624] [(null)] - [登录登出模块]DeleteAgentStateToDB...退出成功....
2016-08-08 15:42:54,668 [1] INFO  Holly--[11624] [(null)] - [HollyContactHelper]用户操作==签出->True
2016-08-08 15:42:54,670 [1] INFO  Holly--[11624] [(null)] - [Main] 更新上一个状态的结束时间 PreOid....IS:82261
2016-08-08 15:42:56,513 [1] INFO  Holly--[11624] [(null)] - [HollyContactHelper]用户操作==卸载->True
2016-08-08 15:42:56,513 [1] INFO  Holly--[11624] [(null)] - [登录登出模块] ExitLogin() End.
