2016-09-21 15:17:11,407 [1] INFO  Holly--[16008] [(null)] - [登录窗口]btnLogin_Click Begin...
2016-09-21 15:17:12,061 [1] INFO  Holly--[16008] [(null)] - [HollyContactHelper]ModifySoftphoneINIByDN――根据DN35197,选择的SIPServerIP为：192.168.112.205
2016-09-21 15:17:13,226 [1] INFO  Holly--[16008] [(null)] - [HollyContactHelper]用户操作==装载及初始化->True
2016-09-21 15:17:13,226 [1] INFO  Holly--[16008] [(null)] - [登录窗口]btnLogin_Click： 异步加载，回调事件中继续登录
2016-09-21 15:17:13,226 [1] INFO  Holly--[16008] [(null)] - [登录窗口]btnLogin_Click End
2016-09-21 15:17:13,311 [1] INFO  Holly--[16008] [(null)] - [@@@厂家消息通知@@@]OnMessage ：厂家状态(CurStatus：0；CurStatusName：准备就绪状态；)厂家消息(服务器已上线:UserName=AgentUser,UserGOR=58654721)程序状态(PS01_就绪)
2016-09-21 15:17:13,328 [1] INFO  Holly--[16008] [(null)] - [@@@厂家消息通知@@@]OnMessage ：厂家状态(CurStatus：0；CurStatusName：准备就绪状态；)厂家消息(服务器已上线:UserName=LSUser,UserGOR=65537)程序状态(PS01_就绪)
2016-09-21 15:17:13,382 [1] INFO  Holly--[16008] [(null)] - [@@@厂家消息通知@@@]OnMessage ：厂家状态(CurStatus：0；CurStatusName：准备就绪状态；)厂家消息(服务器已上线:UserName=ASUser,UserGOR=1245185)程序状态(PS01_就绪)
2016-09-21 15:17:13,384 [1] INFO  Holly--[16008] [(null)] - [@@@厂家消息通知@@@]OnMessage ：厂家状态(CurStatus：0；CurStatusName：准备就绪状态；)厂家消息(服务器已上线:UserName=EDSUser,UserGOR=1638401)程序状态(PS01_就绪)
2016-09-21 15:17:13,386 [1] INFO  Holly--[16008] [(null)] - [@@@厂家消息通知@@@]OnMessage ：厂家状态(CurStatus：0；CurStatusName：准备就绪状态；)厂家消息(服务器已上线:UserName=StatEvent,UserGOR=851969)程序状态(PS01_就绪)
2016-09-21 15:17:13,388 [1] INFO  Holly--[16008] [(null)] - [@@@厂家消息通知@@@]OnMessage ：厂家状态(CurStatus：0；CurStatusName：准备就绪状态；)厂家消息(服务器已上线:UserName=StatUser,UserGOR=851970)程序状态(PS01_就绪)
2016-09-21 15:17:13,388 [1] INFO  Holly--[16008] [(null)] - 当前调用Load函数，返回的服务器信息条数为：6
2016-09-21 15:17:13,462 [1] INFO  Holly--[16008] [(null)] - [登录登出模块] Login ( masj, *** , 35197 ) 
2016-09-21 15:17:13,464 [1] INFO  Holly--[16008] [(null)] - [登录登出模块] DomainAccountLogin(masj, pwd) begin...
2016-09-21 15:17:13,692 [1] INFO  Holly--[16008] [(null)] - [登录登出模块] DomainAccountLogin(masj, pwd) end.return BitAuto.Services.Organization.Remoting.Employee
2016-09-21 15:17:18,215 [1] INFO  Holly--[16008] [(null)] - [登录登出模块] InitLoginUser() Begin...
2016-09-21 15:17:25,552 [1] INFO  Holly--[16008] [(null)] - [登录登出模块] InitLoginUser() 客服登录...AgentID is:10658,AgentNum is:13001,GroupName is:惠买车支持部（IM）,OutNum is:97
2016-09-21 15:17:25,553 [1] INFO  Holly--[16008] [(null)] - [登录登出模块] InitLoginUser() End...
2016-09-21 15:17:26,132 [1] INFO  Holly--[16008] [(null)] - [HollyContactHelper]用户操作==添加技能组->1099 3
2016-09-21 15:17:26,132 [1] INFO  Holly--[16008] [(null)] - [HollyContactHelper]用户操作==添加技能组->1094 3
2016-09-21 15:17:26,133 [1] INFO  Holly--[16008] [(null)] - [HollyContactHelper]用户操作==添加技能组->1096 3
2016-09-21 15:17:26,170 [1] INFO  Holly--[16008] [(null)] - [HollyContactHelper]用户操作==签入->True
2016-09-21 15:17:26,187 [1] INFO  Holly--[16008] [(null)] - [======Common======] GetCurrentTime ：获取当前服务器时间：CC系统服务器时间：2016-09-21 15:15:50.539，客户端时间：2016-09-21 15:17:26.187，（生成）计算时间差(毫秒)：-95647.8918
2016-09-21 15:17:26,265 [1] INFO  Holly--[16008] [(null)] - [登录登出模块] InsertAgentState()更新退出时间....norecord
2016-09-21 15:17:26,282 [1] INFO  Holly--[16008] [(null)] - [登录登出模块] InsertAgentState()登录状态LoginOnOid....is:10
2016-09-21 15:17:26,282 [1] INFO  Holly--[16008] [(null)] - [登录登出模块] Login(masj, pwd, 35197) End.
2016-09-21 15:17:27,810 [1] INFO  Holly--[16008] [(null)] - [InitMainForm] 开始验证监控权限
2016-09-21 15:17:27,940 [1] INFO  Holly--[16008] [(null)] - [InitMainForm] 有 监控权限
2016-09-21 15:17:08,017 [1] INFO  Holly--[16008] [(null)] - [@@@厂家消息通知@@@]OnMessage ：厂家状态(CurStatus：0；CurStatusName：准备就绪状态；)厂家消息(座席签入成功)程序状态(PS01_就绪)
2016-09-21 15:17:08,084 [1] INFO  Holly--[16008] [(null)] - [事件][OnSignInSuccess] 签入成功事件
2016-09-21 15:17:08,084 [1] INFO  Holly--[16008] [(null)] - [======Common======] GetCurrentTime ：获取当前服务器时间：CC系统服务器时间：2016-09-21 15:15:32.436，客户端时间：2016-09-21 15:17:08.084，（现有）计算时间差(毫秒)：-95647.8918
2016-09-21 15:17:08,101 [1] INFO  Holly--[16008] [(null)] - [登录登出模块] InsertAgentState()更新退出时间....initmsg
2016-09-21 15:17:08,109 [1] INFO  Holly--[16008] [(null)] - [登录登出模块] InsertAgentState()登录状态LoginOnOid....is:11
2016-09-21 15:17:08,111 [1] INFO  Holly--[16008] [(null)] - [@@@厂家消息通知@@@]OnMessage ：厂家状态(CurStatus：2；CurStatusName：置忙；)厂家消息(状态改变：准备就绪状态-->置忙)程序状态(PS04_置忙)
2016-09-21 15:17:08,113 [1] INFO  Holly--[16008] [(null)] - [>>>厂家状态变化<<<]OnStatusChange ：PS01_就绪(0) -> PS04_置忙(2)
2016-09-21 15:17:08,147 [1] INFO  Holly--[16008] [(null)] - [HollyContactHelper]用户操作==置闲->True
2016-09-21 15:17:08,411 [1] INFO  Holly--[16008] [(null)] - [HollyContactHelper]用户操作==休息(BS0_自动)->True
2016-09-21 15:17:08,412 [1] INFO  Holly--[16008] [(null)] - [事件][AxUniSoftPhone_OnStatusChange] 状态变化事件
2016-09-21 15:17:08,414 [3] INFO  Holly--[16008] [(null)] - [Main][UpdatAgentDB] 更新客服状态表AS4_置忙
2016-09-21 15:17:08,415 [3] INFO  Holly--[16008] [(null)] - [======Common======] GetCurrentTime ：获取当前服务器时间：CC系统服务器时间：2016-09-21 15:15:32.767，客户端时间：2016-09-21 15:17:08.415，（现有）计算时间差(毫秒)：-95647.8918
2016-09-21 15:17:08,425 [1] INFO  Holly--[16008] [(null)] - [Main][SetMainStatus]设置状态：PS04_置忙(BS0_自动)
2016-09-21 15:17:08,539 [1] INFO  Holly--[16008] [(null)] - [@@@厂家消息通知@@@]OnMessage ：厂家状态(CurStatus：1；CurStatusName：空闲；)厂家消息(状态改变：置忙-->空闲)程序状态(PS03_置闲)
2016-09-21 15:17:08,539 [1] INFO  Holly--[16008] [(null)] - [>>>厂家状态变化<<<]OnStatusChange ：PS04_置忙(2) -> PS03_置闲(1)
2016-09-21 15:17:08,539 [1] INFO  Holly--[16008] [(null)] - [事件][AxUniSoftPhone_OnStatusChange] 状态变化事件
2016-09-21 15:17:08,539 [1] INFO  Holly--[16008] [(null)] - [Main][SetMainStatus]设置状态：PS03_置闲
2016-09-21 15:17:08,540 [6] INFO  Holly--[16008] [(null)] - [Main][UpdatAgentDB] 更新客服状态表AS3_置闲
2016-09-21 15:17:08,540 [6] INFO  Holly--[16008] [(null)] - [======Common======] GetCurrentTime ：获取当前服务器时间：CC系统服务器时间：2016-09-21 15:15:32.892，客户端时间：2016-09-21 15:17:08.540，（现有）计算时间差(毫秒)：-95647.8918
2016-09-21 15:17:08,708 [6] INFO  Holly--[16008] [(null)] - [Main][UpdatAgentDB] 插入CAgent表
2016-09-21 15:17:08,782 [3] INFO  Holly--[16008] [(null)] - [Main][UpdatAgentDB] 插入CAgent表
2016-09-21 15:17:08,789 [3] INFO  Holly--[16008] [(null)] - [Main][UpdatAgentDB] 插入新的状态 PreOid....IS:12
2016-09-21 15:17:08,802 [6] INFO  Holly--[16008] [(null)] - [Main][UpdatAgentDB] 插入新的状态 PreOid....IS:13
2016-09-21 15:17:09,482 [1] INFO  Holly--[16008] [(null)] - [@@@厂家消息通知@@@]OnMessage ：厂家状态(CurStatus：16；CurStatusName：休息；)厂家消息(状态改变：空闲-->休息)程序状态(PS05_休息)
2016-09-21 15:17:09,483 [1] INFO  Holly--[16008] [(null)] - [>>>厂家状态变化<<<]OnStatusChange ：PS03_置闲(1) -> PS05_休息(16)
2016-09-21 15:17:09,483 [1] INFO  Holly--[16008] [(null)] - [事件][AxUniSoftPhone_OnStatusChange] 状态变化事件
2016-09-21 15:17:09,483 [1] INFO  Holly--[16008] [(null)] - [Main][SetMainStatus]设置状态：PS05_休息
2016-09-21 15:17:09,483 [11] INFO  Holly--[16008] [(null)] - [Main][UpdatAgentDB] 更新客服状态表AS4_置忙
2016-09-21 15:17:09,483 [11] INFO  Holly--[16008] [(null)] - [======Common======] GetCurrentTime ：获取当前服务器时间：CC系统服务器时间：2016-09-21 15:15:33.835，客户端时间：2016-09-21 15:17:09.483，（现有）计算时间差(毫秒)：-95647.8918
2016-09-21 15:17:09,495 [11] INFO  Holly--[16008] [(null)] - [Main][UpdatAgentDB] 更新上一个状态的结束时间 PreOid....IS:13,结束时间为：2016-9-21 15:15:33
2016-09-21 15:17:09,501 [11] INFO  Holly--[16008] [(null)] - [Main][UpdatAgentDB] 插入新的状态 PreOid....IS:14
2016-09-21 15:17:11,888 [1] INFO  Holly--[16008] [(null)] - [HollyContactHelper] 获取厂家信息 ==落地号码->
2016-09-21 15:17:11,891 [1] INFO  Holly--[16008] [(null)] - [@@@厂家消息通知@@@]OnMessage ：厂家状态(CurStatus：16；CurStatusName：休息；)厂家消息(休息开始。)程序状态(PS05_休息)
2016-09-21 15:17:11,897 [1] INFO  Holly--[16008] [(null)] - [HollyContactHelper] 获取厂家信息 ==落地号码->
2016-09-21 15:17:11,897 [1] INFO  Holly--[16008] [(null)] - [@@@厂家消息通知@@@]OnMessage ：厂家状态(CurStatus：16；CurStatusName：休息；)厂家消息(示闲成功。)程序状态(PS05_休息)
2016-09-21 15:17:11,902 [1] INFO  Holly--[16008] [(null)] - [HollyContactHelper] 获取厂家信息 ==落地号码->
2016-09-21 15:17:11,903 [1] INFO  Holly--[16008] [(null)] - [@@@厂家消息通知@@@]OnMessage ：厂家状态(CurStatus：16；CurStatusName：休息；)厂家消息(签入成功。)程序状态(PS05_休息)
2016-09-21 15:17:14,607 [1] INFO  Holly--[16008] [(null)] - [MainJs] [SendToWeb] 发送网页消息：0 次数，指定页面ID：WebPage00001
2016-09-21 15:17:14,610 [1] INFO  Holly--[16008] [(null)] - [MainUI] [SendMesToWeb] 获取到了当前指定webPageID的页面：WebPage00001
2016-09-21 15:17:14,613 [1] INFO  Holly--[16008] [(null)] - [MainJs] [SendMesToWeb] CTIEventMsg msg：UserEvent=Notice&Action=SaveWindowsName&Data=WebPage00001&outBoundType=-2
2016-09-21 15:18:06,883 [1] INFO  Holly--[16008] [(null)] - [客户端推送日志信息] 开始
2016-09-21 15:18:09,305 [1] INFO  Holly--[16008] [(null)] - [客户端推送日志信息] 获取到请求数：0
2016-09-21 15:19:09,312 [1] INFO  Holly--[16008] [(null)] - [客户端推送日志信息] 开始
2016-09-21 15:19:09,325 [1] INFO  Holly--[16008] [(null)] - [客户端推送日志信息] 获取到请求数：0
2016-09-21 15:20:06,803 [1] INFO  Holly--[16008] [(null)] - [***MDBFileHelper***][AdditionalRecording] 补录数据
2016-09-21 15:20:09,340 [1] INFO  Holly--[16008] [(null)] - [客户端推送日志信息] 开始
2016-09-21 15:20:09,350 [1] INFO  Holly--[16008] [(null)] - [客户端推送日志信息] 获取到请求数：0
2016-09-21 15:21:09,357 [1] INFO  Holly--[16008] [(null)] - [客户端推送日志信息] 开始
2016-09-21 15:21:09,368 [1] INFO  Holly--[16008] [(null)] - [客户端推送日志信息] 获取到请求数：0
2016-09-21 15:22:06,743 [1] INFO  Holly--[16008] [(null)] - [======Common======] GetCurrentTime ：获取当前服务器时间：CC系统服务器时间：2016-09-21 15:20:51.193，客户端时间：2016-09-21 15:22:06.743，（生成）计算时间差(毫秒)：-75549.8471
2016-09-21 15:22:06,743 [1] INFO  Holly--[16008] [(null)] - [Main]timer_LoginTime_Tick LoginOnOid=11
2016-09-21 15:22:09,386 [1] INFO  Holly--[16008] [(null)] - [客户端推送日志信息] 开始
2016-09-21 15:22:09,411 [1] INFO  Holly--[16008] [(null)] - [客户端推送日志信息] 获取到请求数：0
2016-09-21 15:23:08,011 [1] INFO  Holly--[16008] [(null)] - [***MDBFileHelper***][AdditionalRecording] 补录数据
2016-09-21 15:23:09,430 [1] INFO  Holly--[16008] [(null)] - [客户端推送日志信息] 开始
2016-09-21 15:23:09,441 [1] INFO  Holly--[16008] [(null)] - [客户端推送日志信息] 获取到请求数：0
2016-09-21 15:24:09,458 [1] INFO  Holly--[16008] [(null)] - [客户端推送日志信息] 开始
2016-09-21 15:24:09,468 [1] INFO  Holly--[16008] [(null)] - [客户端推送日志信息] 获取到请求数：0
2016-09-21 15:25:09,473 [1] INFO  Holly--[16008] [(null)] - [客户端推送日志信息] 开始
2016-09-21 15:25:09,484 [1] INFO  Holly--[16008] [(null)] - [客户端推送日志信息] 获取到请求数：0
2016-09-21 15:26:08,065 [1] INFO  Holly--[16008] [(null)] - [***MDBFileHelper***][AdditionalRecording] 补录数据
2016-09-21 15:26:09,499 [1] INFO  Holly--[16008] [(null)] - [客户端推送日志信息] 开始
2016-09-21 15:26:09,514 [1] INFO  Holly--[16008] [(null)] - [客户端推送日志信息] 获取到请求数：0
2016-09-21 15:27:06,754 [1] INFO  Holly--[16008] [(null)] - [======Common======] GetCurrentTime ：获取当前服务器时间：CC系统服务器时间：2016-09-21 15:25:51.204，客户端时间：2016-09-21 15:27:06.754，（现有）计算时间差(毫秒)：-75549.8471
2016-09-21 15:27:06,755 [1] INFO  Holly--[16008] [(null)] - [Main]timer_LoginTime_Tick LoginOnOid=11
2016-09-21 15:27:09,529 [1] INFO  Holly--[16008] [(null)] - [客户端推送日志信息] 开始
2016-09-21 15:27:09,663 [1] INFO  Holly--[16008] [(null)] - [客户端推送日志信息] 获取到请求数：0
2016-09-21 15:28:09,667 [1] INFO  Holly--[16008] [(null)] - [客户端推送日志信息] 开始
2016-09-21 15:28:09,680 [1] INFO  Holly--[16008] [(null)] - [客户端推送日志信息] 获取到请求数：0
2016-09-21 15:29:08,126 [1] INFO  Holly--[16008] [(null)] - [***MDBFileHelper***][AdditionalRecording] 补录数据
2016-09-21 15:29:09,702 [1] INFO  Holly--[16008] [(null)] - [客户端推送日志信息] 开始
2016-09-21 15:29:09,715 [1] INFO  Holly--[16008] [(null)] - [客户端推送日志信息] 获取到请求数：0
2016-09-21 15:30:09,728 [1] INFO  Holly--[16008] [(null)] - [客户端推送日志信息] 开始
2016-09-21 15:30:09,756 [1] INFO  Holly--[16008] [(null)] - [客户端推送日志信息] 获取到请求数：0
2016-09-21 15:31:09,774 [1] INFO  Holly--[16008] [(null)] - [客户端推送日志信息] 开始
2016-09-21 15:31:09,785 [1] INFO  Holly--[16008] [(null)] - [客户端推送日志信息] 获取到请求数：0
2016-09-21 15:32:06,777 [1] INFO  Holly--[16008] [(null)] - [======Common======] GetCurrentTime ：获取当前服务器时间：CC系统服务器时间：2016-09-21 15:30:51.227，客户端时间：2016-09-21 15:32:06.777，（现有）计算时间差(毫秒)：-75549.8471
2016-09-21 15:32:06,777 [1] INFO  Holly--[16008] [(null)] - [Main]timer_LoginTime_Tick LoginOnOid=11
2016-09-21 15:32:08,180 [1] INFO  Holly--[16008] [(null)] - [***MDBFileHelper***][AdditionalRecording] 补录数据
2016-09-21 15:32:09,802 [1] INFO  Holly--[16008] [(null)] - [客户端推送日志信息] 开始
2016-09-21 15:32:09,814 [1] INFO  Holly--[16008] [(null)] - [客户端推送日志信息] 获取到请求数：0
2016-09-21 15:33:09,831 [1] INFO  Holly--[16008] [(null)] - [客户端推送日志信息] 开始
2016-09-21 15:33:09,843 [1] INFO  Holly--[16008] [(null)] - [客户端推送日志信息] 获取到请求数：0
2016-09-21 15:34:09,861 [1] INFO  Holly--[16008] [(null)] - [客户端推送日志信息] 开始
2016-09-21 15:34:09,872 [1] INFO  Holly--[16008] [(null)] - [客户端推送日志信息] 获取到请求数：0
2016-09-21 15:35:08,239 [1] INFO  Holly--[16008] [(null)] - [***MDBFileHelper***][AdditionalRecording] 补录数据
2016-09-21 15:35:09,890 [1] INFO  Holly--[16008] [(null)] - [客户端推送日志信息] 开始
2016-09-21 15:35:09,902 [1] INFO  Holly--[16008] [(null)] - [客户端推送日志信息] 获取到请求数：0
2016-09-21 15:36:09,917 [1] INFO  Holly--[16008] [(null)] - [客户端推送日志信息] 开始
2016-09-21 15:36:09,928 [1] INFO  Holly--[16008] [(null)] - [客户端推送日志信息] 获取到请求数：0
2016-09-21 15:37:06,890 [1] INFO  Holly--[16008] [(null)] - [======Common======] GetCurrentTime ：获取当前服务器时间：CC系统服务器时间：2016-09-21 15:35:51.340，客户端时间：2016-09-21 15:37:06.890，（现有）计算时间差(毫秒)：-75549.8471
2016-09-21 15:37:06,890 [1] INFO  Holly--[16008] [(null)] - [Main]timer_LoginTime_Tick LoginOnOid=11
2016-09-21 15:37:09,952 [1] INFO  Holly--[16008] [(null)] - [客户端推送日志信息] 开始
2016-09-21 15:37:09,968 [1] INFO  Holly--[16008] [(null)] - [客户端推送日志信息] 获取到请求数：0
2016-09-21 15:38:08,340 [1] INFO  Holly--[16008] [(null)] - [***MDBFileHelper***][AdditionalRecording] 补录数据
2016-09-21 15:38:09,979 [1] INFO  Holly--[16008] [(null)] - [客户端推送日志信息] 开始
2016-09-21 15:38:09,990 [1] INFO  Holly--[16008] [(null)] - [客户端推送日志信息] 获取到请求数：0
2016-09-21 15:39:04,136 [1] INFO  Holly--[16008] [(null)] - [Main] 点击按钮==外呼
2016-09-21 15:39:10,006 [1] INFO  Holly--[16008] [(null)] - [客户端推送日志信息] 开始
2016-09-21 15:39:10,018 [1] INFO  Holly--[16008] [(null)] - [客户端推送日志信息] 获取到请求数：0
2016-09-21 15:39:31,378 [1] INFO  Holly--[16008] [(null)] - [@@@厂家消息通知@@@]OnMessage ：厂家状态(CurStatus：16；CurStatusName：休息；)厂家消息(摘机：ContactID=20160921153946218_1_775_UIP5,CurrStatus=22,LastStatus=21,ResonCode=45,ResonDesc=CauseOffHook)程序状态(PS05_休息)
2016-09-21 15:39:31,412 [1] INFO  Holly--[16008] [(null)] - [@@@厂家消息通知@@@]OnMessage ：厂家状态(CurStatus：16；CurStatusName：休息；)厂家消息(座席话务处理)程序状态(PS05_休息)
2016-09-21 15:39:31,413 [1] INFO  Holly--[16008] [(null)] - [@@@厂家消息通知@@@]OnMessage ：厂家状态(CurStatus：16；CurStatusName：休息；)厂家消息(摘机：ContactID=20160921153946218_1_775_UIP5,CurrStatus=22,LastStatus=22,ResonCode=45,ResonDesc=CauseOffHook)程序状态(PS05_休息)
2016-09-21 15:39:51,398 [1] INFO  Holly--[16008] [(null)] - [@@@厂家消息通知@@@]OnMessage ：厂家状态(CurStatus：16；CurStatusName：休息；)厂家消息(话路被挂断：ContactID=20160921153946218_1_775_UIP5,CurrStatus=21,LastStatus=25,OtherParty=35190,ResonCode=16,ResonDesc=ActTpDisconnected)程序状态(PS05_休息)
2016-09-21 15:39:51,625 [1] INFO  Holly--[16008] [(null)] - [@@@厂家消息通知@@@]OnMessage ：厂家状态(CurStatus：15；CurStatusName：工作整理；)厂家消息(状态改变：休息-->工作整理)程序状态(PS06_话后)
2016-09-21 15:39:51,626 [1] INFO  Holly--[16008] [(null)] - [>>>厂家状态变化<<<]OnStatusChange ：PS05_休息(16) -> PS06_话后(15)
2016-09-21 15:39:51,626 [1] INFO  Holly--[16008] [(null)] - [事件][AxUniSoftPhone_OnStatusChange] 状态变化事件
2016-09-21 15:39:51,626 [1] INFO  Holly--[16008] [(null)] - [Main][SetMainStatus]设置状态：PS06_话后
2016-09-21 15:39:51,626 [15] INFO  Holly--[16008] [(null)] - [Main][UpdatAgentDB] 更新客服状态表AS5_话后
2016-09-21 15:39:51,627 [15] INFO  Holly--[16008] [(null)] - [======Common======] GetCurrentTime ：获取当前服务器时间：CC系统服务器时间：2016-09-21 15:38:36.078，客户端时间：2016-09-21 15:39:51.627，（现有）计算时间差(毫秒)：-75549.8471
2016-09-21 15:39:51,632 [1] INFO  Holly--[16008] [(null)] - [HollyContactHelper] 获取厂家信息 ==主叫号码->35197
2016-09-21 15:39:51,632 [1] INFO  Holly--[16008] [(null)] - [HollyContactHelper] >>>> HaoMaProcess 处理前>>>> 35197
2016-09-21 15:39:51,634 [1] INFO  Holly--[16008] [(null)] - [HollyContactHelper] >>>> HaoMaProcess 处理后>>>> 35197
2016-09-21 15:39:51,635 [1] INFO  Holly--[16008] [(null)] - [HollyContactHelper] 获取厂家信息 ==被叫号码->随路数据为空，通过方法获取->35190
2016-09-21 15:39:51,635 [1] INFO  Holly--[16008] [(null)] - [HollyContactHelper] >>>> HaoMaProcess 处理前>>>> 35190
2016-09-21 15:39:51,635 [1] INFO  Holly--[16008] [(null)] - [HollyContactHelper] >>>> HaoMaProcess 处理后>>>> 35190
2016-09-21 15:39:51,635 [1] INFO  Holly--[16008] [(null)] - [HollyContactHelper] 获取厂家信息 ==落地号码->空
2016-09-21 15:39:51,636 [1] INFO  Holly--[16008] [(null)] - [@@@厂家消息通知@@@]OnMessage ：厂家状态(CurStatus：15；CurStatusName：工作整理；)厂家消息(整理工作开始。)程序状态(PS06_话后)
2016-09-21 15:39:51,692 [15] INFO  Holly--[16008] [(null)] - [Main][UpdatAgentDB] 更新上一个状态的结束时间 PreOid....IS:14,结束时间为：2016-9-21 15:38:36
2016-09-21 15:39:51,706 [15] INFO  Holly--[16008] [(null)] - [Main][UpdatAgentDB] 插入新的状态 PreOid....IS:15
2016-09-21 15:40:10,035 [1] INFO  Holly--[16008] [(null)] - [客户端推送日志信息] 开始
2016-09-21 15:40:10,047 [1] INFO  Holly--[16008] [(null)] - [客户端推送日志信息] 获取到请求数：0
2016-09-21 15:40:45,414 [1] INFO  Holly--[16008] [(null)] - [@@@厂家消息通知@@@]OnMessage ：厂家状态(CurStatus：15；CurStatusName：工作整理；)厂家消息(话路被挂断：ContactID=,CurrStatus=21,LastStatus=21,OtherParty=,ResonCode=16,ResonDesc=ActTpDisconnected)程序状态(PS06_话后)
2016-09-21 15:41:00,455 [1] INFO  Holly--[16008] [(null)] - [@@@厂家消息通知@@@]OnMessage ：厂家状态(CurStatus：15；CurStatusName：工作整理；)厂家消息(摘机：ContactID=20160921154115333_1_779_UIP5,CurrStatus=22,LastStatus=21,ResonCode=45,ResonDesc=CauseOffHook)程序状态(PS06_话后)
2016-09-21 15:41:00,459 [1] INFO  Holly--[16008] [(null)] - [@@@厂家消息通知@@@]OnMessage ：厂家状态(CurStatus：10；CurStatusName：呼出拨号中；)厂家消息(状态改变：工作整理-->呼出拨号中)程序状态(PS14_呼出拨号中)
2016-09-21 15:41:00,459 [1] INFO  Holly--[16008] [(null)] - [>>>厂家状态变化<<<]OnStatusChange ：PS06_话后(15) -> PS14_呼出拨号中(10)
2016-09-21 15:41:00,459 [1] INFO  Holly--[16008] [(null)] - [事件][AxUniSoftPhone_OnStatusChange] 状态变化事件
2016-09-21 15:41:00,460 [1] INFO  Holly--[16008] [(null)] - [Main][SetMainStatus]设置状态：PS14_呼出拨号中
2016-09-21 15:41:00,460 [15] INFO  Holly--[16008] [(null)] - [Main][UpdatAgentDB] 更新客服状态表AS8_振铃
2016-09-21 15:41:00,460 [15] INFO  Holly--[16008] [(null)] - [======Common======] GetCurrentTime ：获取当前服务器时间：CC系统服务器时间：2016-09-21 15:39:44.911，客户端时间：2016-09-21 15:41:00.460，（现有）计算时间差(毫秒)：-75549.8471
2016-09-21 15:41:00,462 [15] INFO  Holly--[16008] [(null)] - [Main][UpdatAgentDB] 更新上一个状态的结束时间 PreOid....IS:15,结束时间为：2016-9-21 15:39:44
2016-09-21 15:41:00,464 [1] INFO  Holly--[16008] [(null)] - [HollyContactHelper] >>>> HaoMaProcess 处理前>>>> 
2016-09-21 15:41:00,464 [1] INFO  Holly--[16008] [(null)] - [HollyContactHelper] >>>> HaoMaProcess 处理后>>>> 
2016-09-21 15:41:00,464 [1] INFO  Holly--[16008] [(null)] - [HollyContactHelper] 获取厂家信息 ==落地号码->
2016-09-21 15:41:00,465 [1] INFO  Holly--[16008] [(null)] - [@@@厂家消息通知@@@]OnMessage ：厂家状态(CurStatus：10；CurStatusName：呼出拨号中；)厂家消息(呼出拨号开始。)程序状态(PS14_呼出拨号中)
2016-09-21 15:41:00,598 [1] INFO  Holly--[16008] [(null)] - [@@@厂家消息通知@@@]OnMessage ：厂家状态(CurStatus：10；CurStatusName：呼出拨号中；)厂家消息(座席话务处理)程序状态(PS14_呼出拨号中)
2016-09-21 15:41:00,599 [1] INFO  Holly--[16008] [(null)] - [@@@厂家消息通知@@@]OnMessage ：厂家状态(CurStatus：10；CurStatusName：呼出拨号中；)厂家消息(摘机：ContactID=20160921154115333_1_779_UIP5,CurrStatus=22,LastStatus=22,ResonCode=45,ResonDesc=CauseOffHook)程序状态(PS14_呼出拨号中)
2016-09-21 15:41:00,604 [15] INFO  Holly--[16008] [(null)] - [Main][UpdatAgentDB] 插入新的状态 PreOid....IS:16
2016-09-21 15:41:00,862 [1] INFO  Holly--[16008] [(null)] - [@@@厂家消息通知@@@]OnMessage ：厂家状态(CurStatus：10；CurStatusName：呼出拨号中；)厂家消息(录音开始：ContactID=20160921154115333_1_779_UIP5,ANI=35197,DNIS=98013301331575,ResonCode=77,ResonDesc=_??? (77))程序状态(PS14_呼出拨号中)
2016-09-21 15:41:08,395 [1] INFO  Holly--[16008] [(null)] - [***MDBFileHelper***][AdditionalRecording] 补录数据
2016-09-21 15:41:10,064 [1] INFO  Holly--[16008] [(null)] - [客户端推送日志信息] 开始
2016-09-21 15:41:10,075 [1] INFO  Holly--[16008] [(null)] - [客户端推送日志信息] 获取到请求数：0
2016-09-21 15:41:11,267 [1] INFO  Holly--[16008] [(null)] - [@@@厂家消息通知@@@]OnMessage ：厂家状态(CurStatus：5；CurStatusName：两方通话；)厂家消息(状态改变：呼出拨号中-->两方通话)程序状态(PS08_普通通话)
2016-09-21 15:41:11,267 [1] INFO  Holly--[16008] [(null)] - [>>>厂家状态变化<<<]OnStatusChange ：PS14_呼出拨号中(10) -> PS08_普通通话(5)
2016-09-21 15:41:11,267 [1] INFO  Holly--[16008] [(null)] - [事件][AxUniSoftPhone_OnStatusChange] 状态变化事件
2016-09-21 15:41:11,268 [1] INFO  Holly--[16008] [(null)] - [Main][SetMainStatus]设置状态：PS08_普通通话
2016-09-21 15:41:11,268 [12] INFO  Holly--[16008] [(null)] - [Main][UpdatAgentDB] 更新客服状态表AS9_通话中
2016-09-21 15:41:11,268 [12] INFO  Holly--[16008] [(null)] - [======Common======] GetCurrentTime ：获取当前服务器时间：CC系统服务器时间：2016-09-21 15:39:55.718，客户端时间：2016-09-21 15:41:11.268，（现有）计算时间差(毫秒)：-75549.8471
2016-09-21 15:41:11,270 [12] INFO  Holly--[16008] [(null)] - [Main][UpdatAgentDB] 更新上一个状态的结束时间 PreOid....IS:16,结束时间为：2016-9-21 15:39:55
2016-09-21 15:41:11,281 [12] INFO  Holly--[16008] [(null)] - [Main][UpdatAgentDB] 插入新的状态 PreOid....IS:17
2016-09-21 15:41:11,303 [1] INFO  Holly--[16008] [(null)] - [HollyContactHelper] 获取厂家信息 ==主叫号码->35197
2016-09-21 15:41:11,303 [1] INFO  Holly--[16008] [(null)] - [HollyContactHelper] >>>> HaoMaProcess 处理前>>>> 35197
2016-09-21 15:41:11,303 [1] INFO  Holly--[16008] [(null)] - [HollyContactHelper] >>>> HaoMaProcess 处理后>>>> 35197
2016-09-21 15:41:11,303 [1] INFO  Holly--[16008] [(null)] - [HollyContactHelper] 获取厂家信息 ==被叫号码->随路数据为空，通过方法获取->98013301331575
2016-09-21 15:41:11,304 [1] INFO  Holly--[16008] [(null)] - [HollyContactHelper] >>>> HaoMaProcess 处理前>>>> 98013301331575
2016-09-21 15:41:11,304 [1] INFO  Holly--[16008] [(null)] - [HollyContactHelper] >>>> HaoMaProcess 处理后>>>> 13301331575
2016-09-21 15:41:11,304 [1] INFO  Holly--[16008] [(null)] - [HollyContactHelper] 获取厂家信息 ==落地号码->空
2016-09-21 15:41:11,307 [1] INFO  Holly--[16008] [(null)] - [事件][CallOutSuccess] 外呼接起成功事件 ：呼出_外拨呼叫 监控：非监控
2016-09-21 15:41:11,309 [1] INFO  Holly--[16008] [(null)] - [事件][CustomerOutCome_OnAnswer] 合力BUG：假失败；需要重新出发初始化和振铃事件--
2016-09-21 15:41:11,309 [1] INFO  Holly--[16008] [(null)] - [事件][OnCallOutInitiated][自制] 外呼初始化事件
2016-09-21 15:41:11,310 [1] INFO  Holly--[16008] [(null)] - [事件][CustomerOutCome_OnInit] 外呼建立
2016-09-21 15:41:11,310 [1] INFO  Holly--[16008] [(null)] - [======Common======] GetCurrentTime ：获取当前服务器时间：CC系统服务器时间：2016-09-21 15:39:55.760，客户端时间：2016-09-21 15:41:11.310，（现有）计算时间差(毫秒)：-75549.8471
2016-09-21 15:41:11,353 [1] INFO  Holly--[16008] [(null)] - [======Common======] GetNewCallID ：生成新CallID时 date：2016-9-21 15:39:55 timestamp：1474443595
2016-09-21 15:41:11,354 [1] INFO  Holly--[16008] [(null)] - [======Common======] GetNewCallID ：生成新CallID：351971474443595415
2016-09-21 15:41:11,373 [1] INFO  Holly--[16008] [(null)] - [HollyContactHelper] 获取厂家信息 ==主叫号码->35197
2016-09-21 15:41:11,373 [1] INFO  Holly--[16008] [(null)] - [HollyContactHelper] >>>> HaoMaProcess 处理前>>>> 35197
2016-09-21 15:41:11,373 [1] INFO  Holly--[16008] [(null)] - [HollyContactHelper] >>>> HaoMaProcess 处理后>>>> 35197
2016-09-21 15:41:11,374 [1] INFO  Holly--[16008] [(null)] - [HollyContactHelper] 获取厂家信息 ==被叫号码->随路数据为空，通过方法获取->98013301331575
2016-09-21 15:41:11,374 [1] INFO  Holly--[16008] [(null)] - [HollyContactHelper] >>>> HaoMaProcess 处理前>>>> 98013301331575
2016-09-21 15:41:11,374 [1] INFO  Holly--[16008] [(null)] - [HollyContactHelper] >>>> HaoMaProcess 处理后>>>> 13301331575
2016-09-21 15:41:11,375 [1] INFO  Holly--[16008] [(null)] - [HollyContactHelper] 获取厂家信息 ==落地号码->空
2016-09-21 15:41:11,376 [1] INFO  Holly--[16008] [(null)] - [==BusinessProcess=] >>>> PhoneNumAndAni >>>> 35197->13301331575
2016-09-21 15:41:11,376 [1] INFO  Holly--[16008] [(null)] - [==BusinessProcess=] >>>> SwitchINNum >>>> 
2016-09-21 15:41:11,376 [1] INFO  Holly--[16008] [(null)] - [==BusinessProcess=] >>>> SkillGroup >>>> 
2016-09-21 15:41:11,377 [1] INFO  Holly--[16008] [(null)] - [======Common======] GetCurrentTime ：获取当前服务器时间：CC系统服务器时间：2016-09-21 15:39:55.827，客户端时间：2016-09-21 15:41:11.377，（现有）计算时间差(毫秒)：-75549.8471
2016-09-21 15:41:11,379 [1] INFO  Holly--[16008] [(null)] - [HollyContactHelper] 获取厂家信息 ==厂家ID->20160921154115333_1_779_UIP5
2016-09-21 15:41:11,379 [1] INFO  Holly--[16008] [(null)] - [HollyContactHelper] 获取厂家信息 ==厂家ID->20160921154115333_1_779_UIP5
2016-09-21 15:41:11,380 [1] INFO  Holly--[16008] [(null)] - [==BusinessProcess=] InitCallRecordORIG callid：351971474443595415-calltype：C2_呼出
2016-09-21 15:41:11,380 [1] INFO  Holly--[16008] [(null)] - [==BusinessProcess=] >>>> InitiatedTime >>>> 2016-9-21 15:39:55
2016-09-21 15:41:11,383 [1] INFO  Holly--[16008] [(null)] - [HollyContactHelper] 获取厂家信息 ==落地号码->空
2016-09-21 15:41:11,384 [1] INFO  Holly--[16008] [(null)] - [HollyContactHelper] 获取厂家信息 ==厂家ID->20160921154115333_1_779_UIP5
2016-09-21 15:41:11,385 [1] INFO  Holly--[16008] [(null)] - [==BusinessProcess=] InitUserEventData Initiated-351971474443595415-C2_呼出-2016-9-21 15:39:55
2016-09-21 15:41:11,558 [1] INFO  Holly--[16008] [(null)] - [MainJs] [SendToWeb] 发送网页消息：0 次数，指定页面ID：
2016-09-21 15:41:11,559 [1] INFO  Holly--[16008] [(null)] - [MainUI] [SendMesToWeb] 获取当前默认标签页
2016-09-21 15:41:11,560 [1] INFO  Holly--[16008] [(null)] - [MainJs] [SendMesToWeb] CTIEventMsg msg：UserEvent=Initiated&UserName=35197&CalledNum=35197&CallerNum=13301331575&CallID=351971474443595415&UserChoice=&CallType=2&MediaType=-2&CallState=-2&CurrentDate=2016-09-21%2015%3A39%3A55&SYS_DNIS=&RecordID=20160921154115333_1_779_UIP5&RecordIDURL=&IsEstablished=False&EstablishedStartTime=&TaskID=&TaskType=&outBoundType=-2
2016-09-21 15:41:11,560 [1] INFO  Holly--[16008] [(null)] - [事件][OnReached][自制] 外呼振铃达到事件
2016-09-21 15:41:11,561 [1] INFO  Holly--[16008] [(null)] - [事件][CustomerOutCome_OnBelling] 外呼振铃
2016-09-21 15:41:11,561 [1] INFO  Holly--[16008] [(null)] - [======Common======] GetCurrentTime ：获取当前服务器时间：CC系统服务器时间：2016-09-21 15:39:56.011，客户端时间：2016-09-21 15:41:11.561，（现有）计算时间差(毫秒)：-75549.8471
2016-09-21 15:41:11,561 [1] INFO  Holly--[16008] [(null)] - [==BusinessProcess=] >>>> RingingTime >>>> 2016-9-21 15:39:56
2016-09-21 15:41:11,562 [1] INFO  Holly--[16008] [(null)] - [HollyContactHelper] 获取厂家信息 ==落地号码->空
2016-09-21 15:41:11,562 [1] INFO  Holly--[16008] [(null)] - [HollyContactHelper] 获取厂家信息 ==厂家ID->20160921154115333_1_779_UIP5
2016-09-21 15:41:11,562 [1] INFO  Holly--[16008] [(null)] - [==BusinessProcess=] InitUserEventData NetworkReached-351971474443595415-C2_呼出-2016-9-21 15:39:56
2016-09-21 15:41:11,562 [1] INFO  Holly--[16008] [(null)] - [MainJs] [SendToWeb] 发送网页消息：0 次数，指定页面ID：
2016-09-21 15:41:11,562 [1] INFO  Holly--[16008] [(null)] - [MainUI] [SendMesToWeb] 获取当前默认标签页
2016-09-21 15:41:11,563 [1] INFO  Holly--[16008] [(null)] - [MainJs] [SendMesToWeb] CTIEventMsg msg：UserEvent=NetworkReached&UserName=35197&CalledNum=35197&CallerNum=13301331575&CallID=351971474443595415&UserChoice=&CallType=2&MediaType=-2&CallState=-2&CurrentDate=2016-09-21%2015%3A39%3A56&SYS_DNIS=&RecordID=20160921154115333_1_779_UIP5&RecordIDURL=&IsEstablished=False&EstablishedStartTime=&TaskID=&TaskType=&outBoundType=-2
2016-09-21 15:41:11,563 [1] INFO  Holly--[16008] [(null)] - [事件][CustomerOutCome_OnAnswer] 合力BUG：假失败；完成重新出发初始化和振铃事件--
2016-09-21 15:41:11,563 [1] INFO  Holly--[16008] [(null)] - [事件][CustomerOutCome_OnAnswer] 外呼应答
2016-09-21 15:41:11,563 [1] INFO  Holly--[16008] [(null)] - [======Common======] GetCurrentTime ：获取当前服务器时间：CC系统服务器时间：2016-09-21 15:39:56.013，客户端时间：2016-09-21 15:41:11.563，（现有）计算时间差(毫秒)：-75549.8471
2016-09-21 15:41:11,564 [1] INFO  Holly--[16008] [(null)] - [HollyContactHelper] 获取厂家信息 ==主叫号码->35197
2016-09-21 15:41:11,564 [1] INFO  Holly--[16008] [(null)] - [HollyContactHelper] >>>> HaoMaProcess 处理前>>>> 35197
2016-09-21 15:41:11,564 [1] INFO  Holly--[16008] [(null)] - [HollyContactHelper] >>>> HaoMaProcess 处理后>>>> 35197
2016-09-21 15:41:11,564 [1] INFO  Holly--[16008] [(null)] - [HollyContactHelper] 获取厂家信息 ==被叫号码->随路数据为空，通过方法获取->98013301331575
2016-09-21 15:41:11,564 [1] INFO  Holly--[16008] [(null)] - [HollyContactHelper] >>>> HaoMaProcess 处理前>>>> 98013301331575
2016-09-21 15:41:11,564 [1] INFO  Holly--[16008] [(null)] - [HollyContactHelper] >>>> HaoMaProcess 处理后>>>> 13301331575
2016-09-21 15:41:11,564 [1] INFO  Holly--[16008] [(null)] - [HollyContactHelper] 获取厂家信息 ==落地号码->空
2016-09-21 15:41:11,564 [1] INFO  Holly--[16008] [(null)] - [==BusinessProcess=] >>>> PhoneNumAndAni >>>> 35197->13301331575
2016-09-21 15:41:11,564 [1] INFO  Holly--[16008] [(null)] - [==BusinessProcess=] >>>> SwitchINNum >>>> 
2016-09-21 15:41:11,564 [1] INFO  Holly--[16008] [(null)] - [==BusinessProcess=] >>>> SkillGroup >>>> 
2016-09-21 15:41:11,565 [1] INFO  Holly--[16008] [(null)] - [==BusinessProcess=] >>>> EstablishedTime >>>> 2016-9-21 15:39:56-hollycallid：20160921154115333_1_779_UIP5
2016-09-21 15:41:11,565 [1] INFO  Holly--[16008] [(null)] - [HollyContactHelper] 获取厂家信息 ==落地号码->空
2016-09-21 15:41:11,565 [1] INFO  Holly--[16008] [(null)] - [HollyContactHelper] 获取厂家信息 ==厂家ID->20160921154115333_1_779_UIP5
2016-09-21 15:41:11,565 [1] INFO  Holly--[16008] [(null)] - [==BusinessProcess=] InitUserEventData Established-351971474443595415-C2_呼出-2016-9-21 15:39:56
2016-09-21 15:41:11,565 [1] INFO  Holly--[16008] [(null)] - [MainJs] [SendToWeb] 发送网页消息：0 次数，指定页面ID：
2016-09-21 15:41:11,565 [1] INFO  Holly--[16008] [(null)] - [MainUI] [SendMesToWeb] 获取当前默认标签页
2016-09-21 15:41:11,565 [1] INFO  Holly--[16008] [(null)] - [MainJs] [SendMesToWeb] CTIEventMsg msg：UserEvent=Established&UserName=35197&CalledNum=35197&CallerNum=13301331575&CallID=351971474443595415&UserChoice=&CallType=2&MediaType=-2&CallState=-2&CurrentDate=2016-09-21%2015%3A39%3A56&SYS_DNIS=&RecordID=20160921154115333_1_779_UIP5&RecordIDURL=&IsEstablished=True&EstablishedStartTime=2016-09-21%2015%3A39%3A56&TaskID=&TaskType=&outBoundType=-2
2016-09-21 15:41:11,566 [1] INFO  Holly--[16008] [(null)] - [@@@厂家消息通知@@@]OnMessage ：厂家状态(CurStatus：5；CurStatusName：两方通话；)厂家消息(外拨成功。)程序状态(PS08_普通通话)
2016-09-21 15:42:06,909 [1] INFO  Holly--[16008] [(null)] - [======Common======] GetCurrentTime ：获取当前服务器时间：CC系统服务器时间：2016-09-21 15:40:51.359，客户端时间：2016-09-21 15:42:06.909，（现有）计算时间差(毫秒)：-75549.8471
2016-09-21 15:42:06,909 [1] INFO  Holly--[16008] [(null)] - [Main]timer_LoginTime_Tick LoginOnOid=11
2016-09-21 15:42:10,092 [1] INFO  Holly--[16008] [(null)] - [客户端推送日志信息] 开始
2016-09-21 15:42:10,102 [1] INFO  Holly--[16008] [(null)] - [客户端推送日志信息] 获取到请求数：0
2016-09-21 15:42:31,054 [1] INFO  Holly--[16008] [(null)] - [@@@厂家消息通知@@@]OnMessage ：厂家状态(CurStatus：5；CurStatusName：两方通话；)厂家消息(通知：ContactID=20160921154115333_1_779_UIP5,CurrStatus=28,LastStatus=28,OtherParty=98013301331575,ResonCode=15,ResonDesc=ActOpDisconnected)程序状态(PS08_普通通话)
2016-09-21 15:42:31,091 [1] INFO  Holly--[16008] [(null)] - [@@@厂家消息通知@@@]OnMessage ：厂家状态(CurStatus：5；CurStatusName：两方通话；)厂家消息(录音停止：ContactID=20160921154115333_1_779_UIP5,ANI=35197,DNIS=98013301331575,FileName=/var/spool/hollyRecord/2016/09/35197/35197_20160921154115378.mp3,TimeLen=90530,ResonCode=78,ResonDesc=_??? (78))程序状态(PS08_普通通话)
2016-09-21 15:42:31,092 [1] INFO  Holly--[16008] [(null)] - [@@@厂家消息通知@@@]OnMessage ：厂家状态(CurStatus：5；CurStatusName：两方通话；)厂家消息(话路被挂断：ContactID=20160921154115333_1_779_UIP5,CurrStatus=21,LastStatus=28,OtherParty=154258,ResonCode=16,ResonDesc=ActTpDisconnected)程序状态(PS08_普通通话)
2016-09-21 15:42:31,094 [1] INFO  Holly--[16008] [(null)] - [@@@厂家消息通知@@@]OnMessage ：厂家状态(CurStatus：5；CurStatusName：两方通话；)厂家消息(通话结束。)程序状态(PS08_普通通话)
2016-09-21 15:42:31,099 [1] INFO  Holly--[16008] [(null)] - [事件][OnHangup] 挂断事件 ：对方用户挂机-呼出_外拨呼叫 监控：非监控
2016-09-21 15:42:31,100 [1] INFO  Holly--[16008] [(null)] - [事件][OnHangup] 挂断
2016-09-21 15:42:31,104 [1] INFO  Holly--[16008] [(null)] - [Main][ActionEvent] 添加监控事件 >>到达话后时触发-呼出结束话后 ID=1 总事件数=1
2016-09-21 15:42:31,104 [1] INFO  Holly--[16008] [(null)] - [======Common======] GetCurrentTime ：获取当前服务器时间：CC系统服务器时间：2016-09-21 15:41:15.554，客户端时间：2016-09-21 15:42:31.104，（现有）计算时间差(毫秒)：-75549.8471
2016-09-21 15:42:31,106 [1] INFO  Holly--[16008] [(null)] - [HollyContactHelper] 获取厂家信息 ==厂家ID->20160921154115333_1_779_UIP5
2016-09-21 15:42:31,106 [1] INFO  Holly--[16008] [(null)] - [HollyContactHelper] 获取厂家信息 ==厂家ID->20160921154115333_1_779_UIP5
2016-09-21 15:42:31,106 [1] INFO  Holly--[16008] [(null)] - [HollyContactHelper] 获取厂家信息 ==主叫号码->35197
2016-09-21 15:42:31,106 [1] INFO  Holly--[16008] [(null)] - [HollyContactHelper] >>>> HaoMaProcess 处理前>>>> 35197
2016-09-21 15:42:31,106 [1] INFO  Holly--[16008] [(null)] - [HollyContactHelper] >>>> HaoMaProcess 处理后>>>> 35197
2016-09-21 15:42:31,106 [1] INFO  Holly--[16008] [(null)] - [HollyContactHelper] 获取厂家信息 ==被叫号码->随路数据为空，通过方法获取->98013301331575
2016-09-21 15:42:31,106 [1] INFO  Holly--[16008] [(null)] - [HollyContactHelper] >>>> HaoMaProcess 处理前>>>> 98013301331575
2016-09-21 15:42:31,106 [1] INFO  Holly--[16008] [(null)] - [HollyContactHelper] >>>> HaoMaProcess 处理后>>>> 13301331575
2016-09-21 15:42:31,106 [1] INFO  Holly--[16008] [(null)] - [HollyContactHelper] 获取厂家信息 ==落地号码->空
2016-09-21 15:42:31,106 [1] INFO  Holly--[16008] [(null)] - [==BusinessProcess=] >>>> PhoneNumAndAni >>>> 35197->13301331575
2016-09-21 15:42:31,106 [1] INFO  Holly--[16008] [(null)] - [==BusinessProcess=] >>>> SwitchINNum >>>> 
2016-09-21 15:42:31,107 [1] INFO  Holly--[16008] [(null)] - [==BusinessProcess=] >>>> SkillGroup >>>> 
2016-09-21 15:42:31,107 [1] INFO  Holly--[16008] [(null)] - [==BusinessProcess=] >>>> CustomerReleaseTime >>>> 2016-9-21 15:41:15
2016-09-21 15:42:31,107 [1] INFO  Holly--[16008] [(null)] - [==BusinessProcess=] >>>> AfterWorkBeginTime >>>> 2016-9-21 15:41:15
2016-09-21 15:42:31,109 [1] INFO  Holly--[16008] [(null)] - [==BusinessProcess=] >>>> AudioURL >>>> http://192.168.112.208/var/spool/hollyRecord/2016/09/35197/35197_20160921154115378.mp3
2016-09-21 15:42:31,109 [1] INFO  Holly--[16008] [(null)] - [==BusinessProcess=] >>>> TallTime >>>> 79.5405495
2016-09-21 15:42:33,022 [1] INFO  Holly--[16008] [(null)] - [CallRecordHelper][InsertCallRecordNew] 成功
2016-09-21 15:42:33,126 [1] INFO  Holly--[16008] [(null)] - [HollyContactHelper] 获取厂家信息 ==落地号码->空
2016-09-21 15:42:33,127 [1] INFO  Holly--[16008] [(null)] - [HollyContactHelper] 获取厂家信息 ==厂家ID->20160921154115333_1_779_UIP5
2016-09-21 15:42:33,127 [1] INFO  Holly--[16008] [(null)] - [==BusinessProcess=] InitUserEventData Released-351971474443595415-C2_呼出-2016-9-21 15:41:15
2016-09-21 15:42:33,127 [1] INFO  Holly--[16008] [(null)] - [MainJs] [SendToWeb] 发送网页消息：0 次数，指定页面ID：
2016-09-21 15:42:33,127 [1] INFO  Holly--[16008] [(null)] - [MainUI] [SendMesToWeb] 获取当前默认标签页
2016-09-21 15:42:33,128 [1] INFO  Holly--[16008] [(null)] - [MainJs] [SendMesToWeb] CTIEventMsg msg：UserEvent=Released&UserName=35197&CalledNum=35197&CallerNum=13301331575&CallID=351971474443595415&UserChoice=&CallType=2&MediaType=-2&CallState=-2&CurrentDate=2016-09-21%2015%3A41%3A15&SYS_DNIS=&RecordID=20160921154115333_1_779_UIP5&RecordIDURL=http://192.168.112.208/var/spool/hollyRecord/2016/09/35197/35197_20160921154115378.mp3&IsEstablished=True&EstablishedStartTime=2016-09-21%2015%3A39%3A56&TaskID=&TaskType=&outBoundType=-2
2016-09-21 15:42:33,128 [1] INFO  Holly--[16008] [(null)] - [MainJs] [CurrentOutBoundTabPageName] 挂断清空
2016-09-21 15:42:33,129 [1] INFO  Holly--[16008] [(null)] - [@@@厂家消息通知@@@]OnMessage ：厂家状态(CurStatus：15；CurStatusName：工作整理；)厂家消息(状态改变：两方通话-->工作整理)程序状态(PS06_话后)
2016-09-21 15:42:33,129 [1] INFO  Holly--[16008] [(null)] - [>>>厂家状态变化<<<]OnStatusChange ：PS08_普通通话(5) -> PS06_话后(15)
2016-09-21 15:42:33,129 [1] INFO  Holly--[16008] [(null)] - [事件][AxUniSoftPhone_OnStatusChange] 状态变化事件
2016-09-21 15:42:33,129 [15] INFO  Holly--[16008] [(null)] - [Main][UpdatAgentDB] 更新客服状态表AS5_话后
2016-09-21 15:42:33,129 [15] INFO  Holly--[16008] [(null)] - [======Common======] GetCurrentTime ：获取当前服务器时间：CC系统服务器时间：2016-09-21 15:41:17.579，客户端时间：2016-09-21 15:42:33.129，（现有）计算时间差(毫秒)：-75549.8471
2016-09-21 15:42:33,131 [15] INFO  Holly--[16008] [(null)] - [Main][UpdatAgentDB] 更新上一个状态的结束时间 PreOid....IS:17,结束时间为：2016-9-21 15:41:17
2016-09-21 15:42:33,145 [15] INFO  Holly--[16008] [(null)] - [Main][UpdatAgentDB] 插入新的状态 PreOid....IS:18
2016-09-21 15:42:33,163 [1] INFO  Holly--[16008] [(null)] - [HollyContactHelper]用户操作==话后结束->True
2016-09-21 15:42:33,163 [1] INFO  Holly--[16008] [(null)] - [==BusinessProcess=][UpdateCallRecordAfterTime] 呼出时退出话后更新话后信息
2016-09-21 15:42:33,164 [1] INFO  Holly--[16008] [(null)] - [======Common======] GetCurrentTime ：获取当前服务器时间：CC系统服务器时间：2016-09-21 15:41:17.614，客户端时间：2016-09-21 15:42:33.164，（现有）计算时间差(毫秒)：-75549.8471
2016-09-21 15:42:33,165 [1] INFO  Holly--[16008] [(null)] - [==BusinessProcess=] >>>> AfterWorkTime >>>> 2016-9-21 15:41:17-2.0601178秒
2016-09-21 15:42:33,233 [1] INFO  Holly--[16008] [(null)] - [CallRecordHelper][InsertCallRecordNew] 成功
2016-09-21 15:42:33,241 [1] INFO  Holly--[16008] [(null)] - [==BusinessProcess=][UpdateCallRecordAfterTime] 更新话后信息 True
2016-09-21 15:42:33,241 [1] INFO  Holly--[16008] [(null)] - [Main][ActionEvent] 触发监控事件 >>到达话后时触发-呼出结束话后已完成 ID=1总事件数=0
2016-09-21 15:42:33,241 [1] INFO  Holly--[16008] [(null)] - [Main][SetMainStatus]设置状态：PS06_话后
2016-09-21 15:42:33,252 [1] INFO  Holly--[16008] [(null)] - [HollyContactHelper] 获取厂家信息 ==主叫号码->35197
2016-09-21 15:42:33,252 [1] INFO  Holly--[16008] [(null)] - [HollyContactHelper] >>>> HaoMaProcess 处理前>>>> 35197
2016-09-21 15:42:33,252 [1] INFO  Holly--[16008] [(null)] - [HollyContactHelper] >>>> HaoMaProcess 处理后>>>> 35197
2016-09-21 15:42:33,252 [1] INFO  Holly--[16008] [(null)] - [HollyContactHelper] 获取厂家信息 ==被叫号码->随路数据为空，通过方法获取->98013301331575
2016-09-21 15:42:33,252 [1] INFO  Holly--[16008] [(null)] - [HollyContactHelper] >>>> HaoMaProcess 处理前>>>> 98013301331575
2016-09-21 15:42:33,252 [1] INFO  Holly--[16008] [(null)] - [HollyContactHelper] >>>> HaoMaProcess 处理后>>>> 13301331575
2016-09-21 15:42:33,253 [1] INFO  Holly--[16008] [(null)] - [HollyContactHelper] 获取厂家信息 ==落地号码->空
2016-09-21 15:42:33,254 [1] INFO  Holly--[16008] [(null)] - [@@@厂家消息通知@@@]OnMessage ：厂家状态(CurStatus：15；CurStatusName：工作整理；)厂家消息(整理工作开始。)程序状态(PS06_话后)
2016-09-21 15:42:33,385 [1] INFO  Holly--[16008] [(null)] - [@@@厂家消息通知@@@]OnMessage ：厂家状态(CurStatus：1；CurStatusName：空闲；)厂家消息(状态改变：工作整理-->空闲)程序状态(PS03_置闲)
2016-09-21 15:42:33,385 [1] INFO  Holly--[16008] [(null)] - [>>>厂家状态变化<<<]OnStatusChange ：PS06_话后(15) -> PS03_置闲(1)
2016-09-21 15:42:33,385 [1] INFO  Holly--[16008] [(null)] - [事件][AxUniSoftPhone_OnStatusChange] 状态变化事件
2016-09-21 15:42:33,385 [12] INFO  Holly--[16008] [(null)] - [Main][UpdatAgentDB] 更新客服状态表AS3_置闲
2016-09-21 15:42:33,385 [12] INFO  Holly--[16008] [(null)] - [======Common======] GetCurrentTime ：获取当前服务器时间：CC系统服务器时间：2016-09-21 15:41:17.835，客户端时间：2016-09-21 15:42:33.385，（现有）计算时间差(毫秒)：-75549.8471
2016-09-21 15:42:33,385 [1] INFO  Holly--[16008] [(null)] - [Main][SetMainStatus]设置状态：PS03_置闲
2016-09-21 15:42:33,387 [12] INFO  Holly--[16008] [(null)] - [Main][UpdatAgentDB] 更新上一个状态的结束时间 PreOid....IS:18,结束时间为：2016-9-21 15:41:17
2016-09-21 15:42:33,390 [1] INFO  Holly--[16008] [(null)] - [HollyContactHelper] 获取厂家信息 ==落地号码->空
2016-09-21 15:42:33,390 [1] INFO  Holly--[16008] [(null)] - [@@@厂家消息通知@@@]OnMessage ：厂家状态(CurStatus：1；CurStatusName：空闲；)厂家消息(示闲成功。)程序状态(PS03_置闲)
2016-09-21 15:42:33,398 [12] INFO  Holly--[16008] [(null)] - [Main][UpdatAgentDB] 插入新的状态 PreOid....IS:19
2016-09-21 15:43:10,122 [1] INFO  Holly--[16008] [(null)] - [客户端推送日志信息] 开始
2016-09-21 15:43:10,134 [1] INFO  Holly--[16008] [(null)] - [客户端推送日志信息] 获取到请求数：0
2016-09-21 15:44:08,452 [1] INFO  Holly--[16008] [(null)] - [***MDBFileHelper***][AdditionalRecording] 补录数据
2016-09-21 15:44:10,151 [1] INFO  Holly--[16008] [(null)] - [客户端推送日志信息] 开始
2016-09-21 15:44:10,164 [1] INFO  Holly--[16008] [(null)] - [客户端推送日志信息] 获取到请求数：0
2016-09-21 15:45:10,182 [1] INFO  Holly--[16008] [(null)] - [客户端推送日志信息] 开始
2016-09-21 15:45:10,194 [1] INFO  Holly--[16008] [(null)] - [客户端推送日志信息] 获取到请求数：0
2016-09-21 15:46:10,210 [1] INFO  Holly--[16008] [(null)] - [客户端推送日志信息] 开始
2016-09-21 15:46:10,221 [1] INFO  Holly--[16008] [(null)] - [客户端推送日志信息] 获取到请求数：0
2016-09-21 15:47:06,923 [1] INFO  Holly--[16008] [(null)] - [======Common======] GetCurrentTime ：获取当前服务器时间：CC系统服务器时间：2016-09-21 15:45:51.374，客户端时间：2016-09-21 15:47:06.923，（现有）计算时间差(毫秒)：-75549.8471
2016-09-21 15:47:06,924 [1] INFO  Holly--[16008] [(null)] - [Main]timer_LoginTime_Tick LoginOnOid=11
2016-09-21 15:47:08,510 [1] INFO  Holly--[16008] [(null)] - [***MDBFileHelper***][AdditionalRecording] 补录数据
2016-09-21 15:47:10,242 [1] INFO  Holly--[16008] [(null)] - [客户端推送日志信息] 开始
2016-09-21 15:47:10,254 [1] INFO  Holly--[16008] [(null)] - [客户端推送日志信息] 获取到请求数：0
2016-09-21 15:48:10,269 [1] INFO  Holly--[16008] [(null)] - [客户端推送日志信息] 开始
2016-09-21 15:48:10,282 [1] INFO  Holly--[16008] [(null)] - [客户端推送日志信息] 获取到请求数：0
2016-09-21 15:49:10,297 [1] INFO  Holly--[16008] [(null)] - [客户端推送日志信息] 开始
2016-09-21 15:49:10,309 [1] INFO  Holly--[16008] [(null)] - [客户端推送日志信息] 获取到请求数：0
2016-09-21 15:50:08,612 [1] INFO  Holly--[16008] [(null)] - [***MDBFileHelper***][AdditionalRecording] 补录数据
2016-09-21 15:50:10,330 [1] INFO  Holly--[16008] [(null)] - [客户端推送日志信息] 开始
2016-09-21 15:50:10,345 [1] INFO  Holly--[16008] [(null)] - [客户端推送日志信息] 获取到请求数：0
2016-09-21 15:51:10,357 [1] INFO  Holly--[16008] [(null)] - [客户端推送日志信息] 开始
2016-09-21 15:51:10,367 [1] INFO  Holly--[16008] [(null)] - [客户端推送日志信息] 获取到请求数：0
2016-09-21 15:52:06,970 [1] INFO  Holly--[16008] [(null)] - [======Common======] GetCurrentTime ：获取当前服务器时间：CC系统服务器时间：2016-09-21 15:50:51.420，客户端时间：2016-09-21 15:52:06.970，（现有）计算时间差(毫秒)：-75549.8471
2016-09-21 15:52:06,970 [1] INFO  Holly--[16008] [(null)] - [Main]timer_LoginTime_Tick LoginOnOid=11
2016-09-21 15:52:10,386 [1] INFO  Holly--[16008] [(null)] - [客户端推送日志信息] 开始
2016-09-21 15:52:10,397 [1] INFO  Holly--[16008] [(null)] - [客户端推送日志信息] 获取到请求数：0
2016-09-21 15:53:08,667 [1] INFO  Holly--[16008] [(null)] - [***MDBFileHelper***][AdditionalRecording] 补录数据
2016-09-21 15:53:10,414 [1] INFO  Holly--[16008] [(null)] - [客户端推送日志信息] 开始
2016-09-21 15:53:10,425 [1] INFO  Holly--[16008] [(null)] - [客户端推送日志信息] 获取到请求数：0
2016-09-21 15:54:10,443 [1] INFO  Holly--[16008] [(null)] - [客户端推送日志信息] 开始
2016-09-21 15:54:10,455 [1] INFO  Holly--[16008] [(null)] - [客户端推送日志信息] 获取到请求数：0
2016-09-21 15:55:10,473 [1] INFO  Holly--[16008] [(null)] - [客户端推送日志信息] 开始
2016-09-21 15:55:10,483 [1] INFO  Holly--[16008] [(null)] - [客户端推送日志信息] 获取到请求数：0
2016-09-21 15:56:08,722 [1] INFO  Holly--[16008] [(null)] - [***MDBFileHelper***][AdditionalRecording] 补录数据
2016-09-21 15:56:10,502 [1] INFO  Holly--[16008] [(null)] - [客户端推送日志信息] 开始
2016-09-21 15:56:10,514 [1] INFO  Holly--[16008] [(null)] - [客户端推送日志信息] 获取到请求数：0
2016-09-21 15:57:06,992 [1] INFO  Holly--[16008] [(null)] - [======Common======] GetCurrentTime ：获取当前服务器时间：CC系统服务器时间：2016-09-21 15:55:51.442，客户端时间：2016-09-21 15:57:06.992，（现有）计算时间差(毫秒)：-75549.8471
2016-09-21 15:57:06,992 [1] INFO  Holly--[16008] [(null)] - [Main]timer_LoginTime_Tick LoginOnOid=11
2016-09-21 15:57:10,532 [1] INFO  Holly--[16008] [(null)] - [客户端推送日志信息] 开始
2016-09-21 15:57:10,544 [1] INFO  Holly--[16008] [(null)] - [客户端推送日志信息] 获取到请求数：0
2016-09-21 15:58:10,559 [1] INFO  Holly--[16008] [(null)] - [客户端推送日志信息] 开始
2016-09-21 15:58:10,572 [1] INFO  Holly--[16008] [(null)] - [客户端推送日志信息] 获取到请求数：0
2016-09-21 15:58:28,384 [1] INFO  Holly--[16008] [(null)] - [登录登出模块] ExitLogin() Begin...
2016-09-21 15:58:28,397 [1] INFO  Holly--[16008] [(null)] - [======Common======] GetCurrentTime ：获取当前服务器时间：CC系统服务器时间：2016-09-21 15:57:12.848，客户端时间：2016-09-21 15:58:28.397，（现有）计算时间差(毫秒)：-75549.8471
2016-09-21 15:58:28,404 [1] INFO  Holly--[16008] [(null)] - [登录登出模块]DeleteAgentStateToDB...客服退出时 LoginOnOid....IS:11
2016-09-21 15:58:28,404 [1] INFO  Holly--[16008] [(null)] - [登录登出模块]DeleteAgentStateToDB...客服退出时 GetCurrentTime()....IS:2016-09-21 15:57:12
2016-09-21 15:58:28,408 [1] INFO  Holly--[16008] [(null)] - [登录登出模块]DeleteAgentStateToDB...退出成功....
2016-09-21 15:58:28,439 [1] INFO  Holly--[16008] [(null)] - [HollyContactHelper]用户操作==签出->True
2016-09-21 15:58:28,440 [1] INFO  Holly--[16008] [(null)] - [======Common======] GetCurrentTime ：获取当前服务器时间：CC系统服务器时间：2016-09-21 15:57:12.891，客户端时间：2016-09-21 15:58:28.440，（现有）计算时间差(毫秒)：-75549.8471
2016-09-21 15:58:28,441 [1] INFO  Holly--[16008] [(null)] - [Main] 更新上一个状态的结束时间 PreOid....IS:19
2016-09-21 15:58:29,794 [1] INFO  Holly--[16008] [(null)] - [HollyContactHelper]用户操作==卸载->True
2016-09-21 15:58:29,794 [1] INFO  Holly--[16008] [(null)] - [登录登出模块] ExitLogin() End.
