2016-05-17 13:52:39,376 [1] INFO  Holly--[35244] [(null)] - [登录窗口]btnLogin_Click Begin...
2016-05-17 13:52:39,485 [1] INFO  Holly--[35244] [(null)] - [HollyContactHelper]ModifySoftphoneINIByDN――根据DN35197,选择的SIPServerIP为：192.168.112.205
2016-05-17 13:52:39,717 [1] INFO  Holly--[35244] [(null)] - [HollyContactHelper]用户操作==装载及初始化->True
2016-05-17 13:52:39,717 [1] INFO  Holly--[35244] [(null)] - [登录窗口]btnLogin_Click： 异步加载，回调事件中继续登录
2016-05-17 13:52:39,717 [1] INFO  Holly--[35244] [(null)] - [登录窗口]btnLogin_Click End
2016-05-17 13:52:40,009 [1] INFO  Holly--[35244] [(null)] - [@@@厂家消息通知@@@]OnMessage ：厂家状态(CurStatus：0；CurStatusName：准备就绪状态；)厂家消息(服务器已上线:UserName=AgentUser,UserGOR=27656193)程序状态(PS01_就绪)
2016-05-17 13:52:40,032 [1] INFO  Holly--[35244] [(null)] - [@@@厂家消息通知@@@]OnMessage ：厂家状态(CurStatus：0；CurStatusName：准备就绪状态；)厂家消息(服务器已上线:UserName=LSUser,UserGOR=65537)程序状态(PS01_就绪)
2016-05-17 13:52:40,087 [1] INFO  Holly--[35244] [(null)] - [@@@厂家消息通知@@@]OnMessage ：厂家状态(CurStatus：0；CurStatusName：准备就绪状态；)厂家消息(服务器已上线:UserName=ASUser,UserGOR=655361)程序状态(PS01_就绪)
2016-05-17 13:52:40,089 [1] INFO  Holly--[35244] [(null)] - [@@@厂家消息通知@@@]OnMessage ：厂家状态(CurStatus：0；CurStatusName：准备就绪状态；)厂家消息(服务器已上线:UserName=EDSUser,UserGOR=983041)程序状态(PS01_就绪)
2016-05-17 13:52:40,091 [1] INFO  Holly--[35244] [(null)] - [@@@厂家消息通知@@@]OnMessage ：厂家状态(CurStatus：0；CurStatusName：准备就绪状态；)厂家消息(服务器已上线:UserName=StatEvent,UserGOR=262145)程序状态(PS01_就绪)
2016-05-17 13:52:40,092 [1] INFO  Holly--[35244] [(null)] - [@@@厂家消息通知@@@]OnMessage ：厂家状态(CurStatus：0；CurStatusName：准备就绪状态；)厂家消息(服务器已上线:UserName=StatUser,UserGOR=262146)程序状态(PS01_就绪)
2016-05-17 13:52:40,092 [1] INFO  Holly--[35244] [(null)] - 当前调用Load函数，返回的服务器信息条数为：6
2016-05-17 13:52:40,132 [1] INFO  Holly--[35244] [(null)] - [登录登出模块] Login ( masj, *** , 35197 ) 
2016-05-17 13:52:40,133 [1] INFO  Holly--[35244] [(null)] - [登录登出模块] DomainAccountLogin(masj, pwd) begin...
2016-05-17 13:52:40,183 [1] INFO  Holly--[35244] [(null)] - [登录登出模块] DomainAccountLogin(masj, pwd) end.return BitAuto.Services.Organization.Remoting.Employee
2016-05-17 13:52:40,471 [1] INFO  Holly--[35244] [(null)] - [登录登出模块] InitLoginUser() Begin...
2016-05-17 13:53:06,704 [1] INFO  Holly--[35244] [(null)] - [登录登出模块] InitLoginUser() 客服登录...AgentID is:10658,AgentNum is:11897,GroupName is:测试测试测试,OutNum is:86
2016-05-17 13:53:06,704 [1] INFO  Holly--[35244] [(null)] - [登录登出模块] InitLoginUser() End...
2016-05-17 13:53:07,726 [1] INFO  Holly--[35244] [(null)] - [HollyContactHelper]用户操作==添加技能组->1094 2
2016-05-17 13:53:07,727 [1] INFO  Holly--[35244] [(null)] - [HollyContactHelper]用户操作==添加技能组->1095 1
2016-05-17 13:53:07,766 [1] INFO  Holly--[35244] [(null)] - [HollyContactHelper]用户操作==签入->True
2016-05-17 13:53:08,233 [1] INFO  Holly--[35244] [(null)] - [登录登出模块] InsertAgentState()更新退出时间....norecord
2016-05-17 13:53:08,498 [1] INFO  Holly--[35244] [(null)] - [登录登出模块] InsertAgentState()登录状态LoginOnOid....is:1
2016-05-17 13:53:08,498 [1] INFO  Holly--[35244] [(null)] - [登录登出模块] Login(masj, pwd, 35197) End.
2016-05-17 13:53:09,134 [1] INFO  Holly--[35244] [(null)] - [InitMainForm] 开始验证监控权限
2016-05-17 13:53:09,236 [1] INFO  Holly--[35244] [(null)] - [InitMainForm] 有 监控权限
2016-05-17 13:52:40,006 [1] INFO  Holly--[35244] [(null)] - [@@@厂家消息通知@@@]OnMessage ：厂家状态(CurStatus：0；CurStatusName：准备就绪状态；)厂家消息(座席签入成功)程序状态(PS01_就绪)
2016-05-17 13:52:40,051 [1] INFO  Holly--[35244] [(null)] - [事件][OnSignInSuccess] 签入成功事件
2016-05-17 13:52:40,114 [1] INFO  Holly--[35244] [(null)] - [登录登出模块] InsertAgentState()更新退出时间....initmsg
2016-05-17 13:52:40,130 [1] INFO  Holly--[35244] [(null)] - [登录登出模块] InsertAgentState()登录状态LoginOnOid....is:2
2016-05-17 13:52:40,132 [1] INFO  Holly--[35244] [(null)] - [@@@厂家消息通知@@@]OnMessage ：厂家状态(CurStatus：2；CurStatusName：置忙；)厂家消息(状态改变：准备就绪状态-->置忙)程序状态(PS04_置忙)
2016-05-17 13:52:40,134 [1] INFO  Holly--[35244] [(null)] - [>>>厂家状态变化<<<]OnStatusChange ：PS01_就绪(0) -> PS04_置忙(2)
2016-05-17 13:52:40,166 [1] INFO  Holly--[35244] [(null)] - [HollyContactHelper]用户操作==置闲->True
2016-05-17 13:52:40,424 [1] INFO  Holly--[35244] [(null)] - [HollyContactHelper]用户操作==休息(BS0_自动)->True
2016-05-17 13:52:40,425 [1] INFO  Holly--[35244] [(null)] - [事件][AxUniSoftPhone_OnStatusChange] 状态变化事件
2016-05-17 13:52:40,425 [1] INFO  Holly--[35244] [(null)] - [Main][SetMainStatus]设置状态：PS04_置忙(BS0_自动)
2016-05-17 13:52:40,439 [1] INFO  Holly--[35244] [(null)] - [@@@厂家消息通知@@@]OnMessage ：厂家状态(CurStatus：1；CurStatusName：空闲；)厂家消息(状态改变：置忙-->空闲)程序状态(PS03_置闲)
2016-05-17 13:52:40,439 [1] INFO  Holly--[35244] [(null)] - [>>>厂家状态变化<<<]OnStatusChange ：PS04_置忙(2) -> PS03_置闲(1)
2016-05-17 13:52:40,439 [1] INFO  Holly--[35244] [(null)] - [事件][AxUniSoftPhone_OnStatusChange] 状态变化事件
2016-05-17 13:52:40,439 [1] INFO  Holly--[35244] [(null)] - [Main][SetMainStatus]设置状态：PS03_置闲
2016-05-17 13:52:40,449 [1] INFO  Holly--[35244] [(null)] - [@@@厂家消息通知@@@]OnMessage ：厂家状态(CurStatus：16；CurStatusName：休息；)厂家消息(状态改变：空闲-->休息)程序状态(PS05_休息)
2016-05-17 13:52:40,449 [1] INFO  Holly--[35244] [(null)] - [>>>厂家状态变化<<<]OnStatusChange ：PS03_置闲(1) -> PS05_休息(16)
2016-05-17 13:52:40,449 [1] INFO  Holly--[35244] [(null)] - [事件][AxUniSoftPhone_OnStatusChange] 状态变化事件
2016-05-17 13:52:40,449 [1] INFO  Holly--[35244] [(null)] - [Main][SetMainStatus]设置状态：PS05_休息
2016-05-17 13:52:40,610 [1] INFO  Holly--[35244] [(null)] - [Main][UpdatAgentDB] 更新客服状态表AS4_置忙
2016-05-17 13:52:40,681 [1] INFO  Holly--[35244] [(null)] - [Main][UpdatAgentDB] 插入CAgent表
2016-05-17 13:52:40,863 [1] INFO  Holly--[35244] [(null)] - [Main][UpdatAgentDB] 插入新的状态 PreOid....IS:3
2016-05-17 13:52:40,866 [1] INFO  Holly--[35244] [(null)] - [HollyContactHelper] 获取厂家信息 ==落地号码->
2016-05-17 13:52:40,868 [1] INFO  Holly--[35244] [(null)] - [@@@厂家消息通知@@@]OnMessage ：厂家状态(CurStatus：16；CurStatusName：休息；)厂家消息(休息开始。)程序状态(PS05_休息)
2016-05-17 13:52:40,872 [1] INFO  Holly--[35244] [(null)] - [Main][UpdatAgentDB] 更新客服状态表AS3_置闲
2016-05-17 13:52:40,879 [1] INFO  Holly--[35244] [(null)] - [Main][UpdatAgentDB] 更新上一个状态的结束时间 PreOid....IS:3
2016-05-17 13:52:41,897 [1] INFO  Holly--[35244] [(null)] - [Main][UpdatAgentDB] 插入新的状态 PreOid....IS:4
2016-05-17 13:52:41,897 [1] INFO  Holly--[35244] [(null)] - [HollyContactHelper] 获取厂家信息 ==落地号码->
2016-05-17 13:52:41,897 [1] INFO  Holly--[35244] [(null)] - [@@@厂家消息通知@@@]OnMessage ：厂家状态(CurStatus：16；CurStatusName：休息；)厂家消息(示闲成功。)程序状态(PS05_休息)
2016-05-17 13:52:41,900 [1] INFO  Holly--[35244] [(null)] - [Main][UpdatAgentDB] 更新客服状态表AS4_置忙
2016-05-17 13:52:41,901 [1] INFO  Holly--[35244] [(null)] - [Main][UpdatAgentDB] 更新上一个状态的结束时间 PreOid....IS:4
2016-05-17 13:52:41,973 [1] INFO  Holly--[35244] [(null)] - [Main][UpdatAgentDB] 插入新的状态 PreOid....IS:5
2016-05-17 13:52:41,973 [1] INFO  Holly--[35244] [(null)] - [HollyContactHelper] 获取厂家信息 ==落地号码->
2016-05-17 13:52:41,974 [1] INFO  Holly--[35244] [(null)] - [@@@厂家消息通知@@@]OnMessage ：厂家状态(CurStatus：16；CurStatusName：休息；)厂家消息(签入成功。)程序状态(PS05_休息)
2016-05-17 13:53:41,908 [1] INFO  Holly--[35244] [(null)] - [客户端推送日志信息] 开始
2016-05-17 13:53:42,275 [1] INFO  Holly--[35244] [(null)] - [客户端推送日志信息] 获取到请求数：0
2016-05-17 13:54:42,339 [1] INFO  Holly--[35244] [(null)] - [客户端推送日志信息] 开始
2016-05-17 13:54:44,778 [1] INFO  Holly--[35244] [(null)] - [客户端推送日志信息] 获取到请求数：0
2016-05-17 13:55:39,682 [1] INFO  Holly--[35244] [(null)] - [***MDBFileHelper***][AdditionalRecording] 补录数据
2016-05-17 13:55:44,811 [1] INFO  Holly--[35244] [(null)] - [客户端推送日志信息] 开始
2016-05-17 13:55:44,835 [1] INFO  Holly--[35244] [(null)] - [客户端推送日志信息] 获取到请求数：0
2016-05-17 13:56:44,858 [1] INFO  Holly--[35244] [(null)] - [客户端推送日志信息] 开始
2016-05-17 13:56:44,888 [1] INFO  Holly--[35244] [(null)] - [客户端推送日志信息] 获取到请求数：0
2016-05-17 13:57:39,608 [1] INFO  Holly--[35244] [(null)] - [Main]timer_LoginTime_Tick LoginOnOid=2
2016-05-17 13:57:44,919 [1] INFO  Holly--[35244] [(null)] - [客户端推送日志信息] 开始
2016-05-17 13:57:44,944 [1] INFO  Holly--[35244] [(null)] - [客户端推送日志信息] 获取到请求数：0
2016-05-17 13:58:40,310 [1] INFO  Holly--[35244] [(null)] - [***MDBFileHelper***][AdditionalRecording] 补录数据
2016-05-17 13:58:44,968 [1] INFO  Holly--[35244] [(null)] - [客户端推送日志信息] 开始
2016-05-17 13:58:45,053 [1] INFO  Holly--[35244] [(null)] - [客户端推送日志信息] 获取到请求数：0
2016-05-17 13:59:45,124 [1] INFO  Holly--[35244] [(null)] - [客户端推送日志信息] 开始
2016-05-17 13:59:45,207 [1] INFO  Holly--[35244] [(null)] - [客户端推送日志信息] 获取到请求数：0
2016-05-17 14:00:45,278 [1] INFO  Holly--[35244] [(null)] - [客户端推送日志信息] 开始
2016-05-17 14:00:45,368 [1] INFO  Holly--[35244] [(null)] - [客户端推送日志信息] 获取到请求数：0
2016-05-17 14:01:40,377 [1] INFO  Holly--[35244] [(null)] - [***MDBFileHelper***][AdditionalRecording] 补录数据
2016-05-17 14:01:45,432 [1] INFO  Holly--[35244] [(null)] - [客户端推送日志信息] 开始
2016-05-17 14:01:45,563 [1] INFO  Holly--[35244] [(null)] - [客户端推送日志信息] 获取到请求数：0
2016-05-17 14:02:39,642 [1] INFO  Holly--[35244] [(null)] - [Main]timer_LoginTime_Tick LoginOnOid=2
2016-05-17 14:02:45,643 [1] INFO  Holly--[35244] [(null)] - [客户端推送日志信息] 开始
2016-05-17 14:02:45,692 [1] INFO  Holly--[35244] [(null)] - [客户端推送日志信息] 获取到请求数：0
2016-05-17 14:03:45,720 [1] INFO  Holly--[35244] [(null)] - [客户端推送日志信息] 开始
2016-05-17 14:03:45,845 [1] INFO  Holly--[35244] [(null)] - [客户端推送日志信息] 获取到请求数：0
2016-05-17 14:04:40,440 [1] INFO  Holly--[35244] [(null)] - [***MDBFileHelper***][AdditionalRecording] 补录数据
2016-05-17 14:04:45,877 [1] INFO  Holly--[35244] [(null)] - [客户端推送日志信息] 开始
2016-05-17 14:04:46,072 [1] INFO  Holly--[35244] [(null)] - [客户端推送日志信息] 获取到请求数：0
2016-05-17 14:05:46,095 [1] INFO  Holly--[35244] [(null)] - [客户端推送日志信息] 开始
2016-05-17 14:05:46,134 [1] INFO  Holly--[35244] [(null)] - [客户端推送日志信息] 获取到请求数：0
2016-05-17 14:06:46,157 [1] INFO  Holly--[35244] [(null)] - [客户端推送日志信息] 开始
2016-05-17 14:06:46,455 [1] INFO  Holly--[35244] [(null)] - [客户端推送日志信息] 获取到请求数：0
2016-05-17 14:07:39,706 [1] INFO  Holly--[35244] [(null)] - [Main]timer_LoginTime_Tick LoginOnOid=2
2016-05-17 14:07:40,501 [1] INFO  Holly--[35244] [(null)] - [***MDBFileHelper***][AdditionalRecording] 补录数据
2016-05-17 14:07:46,488 [1] INFO  Holly--[35244] [(null)] - [客户端推送日志信息] 开始
2016-05-17 14:07:46,523 [1] INFO  Holly--[35244] [(null)] - [客户端推送日志信息] 获取到请求数：0
2016-05-17 14:08:46,551 [1] INFO  Holly--[35244] [(null)] - [客户端推送日志信息] 开始
2016-05-17 14:08:46,603 [1] INFO  Holly--[35244] [(null)] - [客户端推送日志信息] 获取到请求数：0
2016-05-17 14:09:49,422 [1] INFO  Holly--[35244] [(null)] - [客户端推送日志信息] 开始
2016-05-17 14:09:50,204 [1] INFO  Holly--[35244] [(null)] - [客户端推送日志信息] 获取到请求数：0
2016-05-17 14:10:40,567 [1] INFO  Holly--[35244] [(null)] - [***MDBFileHelper***][AdditionalRecording] 补录数据
2016-05-17 14:10:50,292 [1] INFO  Holly--[35244] [(null)] - [客户端推送日志信息] 开始
2016-05-17 14:10:50,417 [1] INFO  Holly--[35244] [(null)] - [客户端推送日志信息] 获取到请求数：0
2016-05-17 14:11:50,437 [1] INFO  Holly--[35244] [(null)] - [客户端推送日志信息] 开始
2016-05-17 14:11:50,478 [1] INFO  Holly--[35244] [(null)] - [客户端推送日志信息] 获取到请求数：0
2016-05-17 14:12:39,729 [1] INFO  Holly--[35244] [(null)] - [Main]timer_LoginTime_Tick LoginOnOid=2
2016-05-17 14:12:50,500 [1] INFO  Holly--[35244] [(null)] - [客户端推送日志信息] 开始
2016-05-17 14:12:53,180 [1] INFO  Holly--[35244] [(null)] - [客户端推送日志信息] 获取到请求数：0
2016-05-17 14:13:40,631 [1] INFO  Holly--[35244] [(null)] - [***MDBFileHelper***][AdditionalRecording] 补录数据
2016-05-17 14:13:53,256 [1] INFO  Holly--[35244] [(null)] - [客户端推送日志信息] 开始
2016-05-17 14:13:53,284 [1] INFO  Holly--[35244] [(null)] - [客户端推送日志信息] 获取到请求数：0
2016-05-17 14:14:53,308 [1] INFO  Holly--[35244] [(null)] - [客户端推送日志信息] 开始
2016-05-17 14:14:53,520 [1] INFO  Holly--[35244] [(null)] - [客户端推送日志信息] 获取到请求数：0
2016-05-17 14:15:53,542 [1] INFO  Holly--[35244] [(null)] - [客户端推送日志信息] 开始
2016-05-17 14:15:53,707 [1] INFO  Holly--[35244] [(null)] - [客户端推送日志信息] 获取到请求数：0
2016-05-17 14:16:40,694 [1] INFO  Holly--[35244] [(null)] - [***MDBFileHelper***][AdditionalRecording] 补录数据
2016-05-17 14:16:53,730 [1] INFO  Holly--[35244] [(null)] - [客户端推送日志信息] 开始
2016-05-17 14:16:53,742 [1] INFO  Holly--[35244] [(null)] - [客户端推送日志信息] 获取到请求数：0
2016-05-17 14:17:39,759 [1] INFO  Holly--[35244] [(null)] - [Main]timer_LoginTime_Tick LoginOnOid=2
2016-05-17 14:17:53,761 [1] INFO  Holly--[35244] [(null)] - [客户端推送日志信息] 开始
2016-05-17 14:17:53,776 [1] INFO  Holly--[35244] [(null)] - [客户端推送日志信息] 获取到请求数：0
2016-05-17 14:18:53,811 [1] INFO  Holly--[35244] [(null)] - [客户端推送日志信息] 开始
2016-05-17 14:18:53,834 [1] INFO  Holly--[35244] [(null)] - [客户端推送日志信息] 获取到请求数：0
2016-05-17 14:19:40,757 [1] INFO  Holly--[35244] [(null)] - [***MDBFileHelper***][AdditionalRecording] 补录数据
2016-05-17 14:19:53,858 [1] INFO  Holly--[35244] [(null)] - [客户端推送日志信息] 开始
2016-05-17 14:19:53,895 [1] INFO  Holly--[35244] [(null)] - [客户端推送日志信息] 获取到请求数：0
2016-05-17 14:20:53,919 [1] INFO  Holly--[35244] [(null)] - [客户端推送日志信息] 开始
2016-05-17 14:20:53,974 [1] INFO  Holly--[35244] [(null)] - [客户端推送日志信息] 获取到请求数：0
2016-05-17 14:21:53,999 [1] INFO  Holly--[35244] [(null)] - [客户端推送日志信息] 开始
2016-05-17 14:21:54,017 [1] INFO  Holly--[35244] [(null)] - [客户端推送日志信息] 获取到请求数：0
2016-05-17 14:22:39,780 [1] INFO  Holly--[35244] [(null)] - [Main]timer_LoginTime_Tick LoginOnOid=2
2016-05-17 14:22:40,822 [1] INFO  Holly--[35244] [(null)] - [***MDBFileHelper***][AdditionalRecording] 补录数据
2016-05-17 14:22:54,044 [1] INFO  Holly--[35244] [(null)] - [客户端推送日志信息] 开始
2016-05-17 14:22:54,087 [1] INFO  Holly--[35244] [(null)] - [客户端推送日志信息] 获取到请求数：0
2016-05-17 14:23:54,108 [1] INFO  Holly--[35244] [(null)] - [客户端推送日志信息] 开始
2016-05-17 14:23:54,150 [1] INFO  Holly--[35244] [(null)] - [客户端推送日志信息] 获取到请求数：0
2016-05-17 14:24:54,173 [1] INFO  Holly--[35244] [(null)] - [客户端推送日志信息] 开始
2016-05-17 14:24:54,203 [1] INFO  Holly--[35244] [(null)] - [客户端推送日志信息] 获取到请求数：0
2016-05-17 14:25:40,890 [1] INFO  Holly--[35244] [(null)] - [***MDBFileHelper***][AdditionalRecording] 补录数据
2016-05-17 14:25:54,233 [1] INFO  Holly--[35244] [(null)] - [客户端推送日志信息] 开始
2016-05-17 14:25:54,256 [1] INFO  Holly--[35244] [(null)] - [客户端推送日志信息] 获取到请求数：0
2016-05-17 14:26:54,283 [1] INFO  Holly--[35244] [(null)] - [客户端推送日志信息] 开始
2016-05-17 14:26:54,305 [1] INFO  Holly--[35244] [(null)] - [客户端推送日志信息] 获取到请求数：0
2016-05-17 14:27:39,814 [1] INFO  Holly--[35244] [(null)] - [Main]timer_LoginTime_Tick LoginOnOid=2
2016-05-17 14:27:54,328 [1] INFO  Holly--[35244] [(null)] - [客户端推送日志信息] 开始
2016-05-17 14:27:54,342 [1] INFO  Holly--[35244] [(null)] - [客户端推送日志信息] 获取到请求数：0
2016-05-17 14:28:40,950 [1] INFO  Holly--[35244] [(null)] - [***MDBFileHelper***][AdditionalRecording] 补录数据
2016-05-17 14:28:54,368 [1] INFO  Holly--[35244] [(null)] - [客户端推送日志信息] 开始
2016-05-17 14:28:54,380 [1] INFO  Holly--[35244] [(null)] - [客户端推送日志信息] 获取到请求数：0
2016-05-17 14:29:54,459 [1] INFO  Holly--[35244] [(null)] - [客户端推送日志信息] 开始
2016-05-17 14:29:54,473 [1] INFO  Holly--[35244] [(null)] - [客户端推送日志信息] 获取到请求数：0
2016-05-17 14:30:54,506 [1] INFO  Holly--[35244] [(null)] - [客户端推送日志信息] 开始
2016-05-17 14:30:54,706 [1] INFO  Holly--[35244] [(null)] - [客户端推送日志信息] 获取到请求数：0
2016-05-17 14:31:41,016 [1] INFO  Holly--[35244] [(null)] - [***MDBFileHelper***][AdditionalRecording] 补录数据
2016-05-17 14:31:54,778 [1] INFO  Holly--[35244] [(null)] - [客户端推送日志信息] 开始
2016-05-17 14:31:55,004 [1] INFO  Holly--[35244] [(null)] - [客户端推送日志信息] 获取到请求数：0
2016-05-17 14:32:39,850 [1] INFO  Holly--[35244] [(null)] - [Main]timer_LoginTime_Tick LoginOnOid=2
2016-05-17 14:32:55,035 [1] INFO  Holly--[35244] [(null)] - [客户端推送日志信息] 开始
2016-05-17 14:32:55,048 [1] INFO  Holly--[35244] [(null)] - [客户端推送日志信息] 获取到请求数：0
2016-05-17 14:33:55,090 [1] INFO  Holly--[35244] [(null)] - [客户端推送日志信息] 开始
2016-05-17 14:33:55,216 [1] INFO  Holly--[35244] [(null)] - [客户端推送日志信息] 获取到请求数：0
2016-05-17 14:34:41,080 [1] INFO  Holly--[35244] [(null)] - [***MDBFileHelper***][AdditionalRecording] 补录数据
2016-05-17 14:34:55,240 [1] INFO  Holly--[35244] [(null)] - [客户端推送日志信息] 开始
2016-05-17 14:34:55,365 [1] INFO  Holly--[35244] [(null)] - [客户端推送日志信息] 获取到请求数：0
2016-05-17 14:35:55,395 [1] INFO  Holly--[35244] [(null)] - [客户端推送日志信息] 开始
2016-05-17 14:35:55,430 [1] INFO  Holly--[35244] [(null)] - [客户端推送日志信息] 获取到请求数：0
2016-05-17 14:36:55,458 [1] INFO  Holly--[35244] [(null)] - [客户端推送日志信息] 开始
2016-05-17 14:36:55,492 [1] INFO  Holly--[35244] [(null)] - [客户端推送日志信息] 获取到请求数：0
2016-05-17 14:37:39,881 [1] INFO  Holly--[35244] [(null)] - [Main]timer_LoginTime_Tick LoginOnOid=2
2016-05-17 14:37:41,144 [1] INFO  Holly--[35244] [(null)] - [***MDBFileHelper***][AdditionalRecording] 补录数据
2016-05-17 14:37:55,524 [1] INFO  Holly--[35244] [(null)] - [客户端推送日志信息] 开始
2016-05-17 14:37:55,747 [1] INFO  Holly--[35244] [(null)] - [客户端推送日志信息] 获取到请求数：0
2016-05-17 14:38:55,774 [1] INFO  Holly--[35244] [(null)] - [客户端推送日志信息] 开始
2016-05-17 14:38:56,927 [1] INFO  Holly--[35244] [(null)] - [客户端推送日志信息] 获取到请求数：0
2016-05-17 14:39:56,957 [1] INFO  Holly--[35244] [(null)] - [客户端推送日志信息] 开始
2016-05-17 14:39:56,984 [1] INFO  Holly--[35244] [(null)] - [客户端推送日志信息] 获取到请求数：0
2016-05-17 14:40:41,210 [1] INFO  Holly--[35244] [(null)] - [***MDBFileHelper***][AdditionalRecording] 补录数据
2016-05-17 14:40:57,005 [1] INFO  Holly--[35244] [(null)] - [客户端推送日志信息] 开始
2016-05-17 14:40:57,055 [1] INFO  Holly--[35244] [(null)] - [客户端推送日志信息] 获取到请求数：0
2016-05-17 14:41:57,084 [1] INFO  Holly--[35244] [(null)] - [客户端推送日志信息] 开始
2016-05-17 14:41:57,151 [1] INFO  Holly--[35244] [(null)] - [客户端推送日志信息] 获取到请求数：0
2016-05-17 14:42:39,910 [1] INFO  Holly--[35244] [(null)] - [Main]timer_LoginTime_Tick LoginOnOid=2
2016-05-17 14:42:57,177 [1] INFO  Holly--[35244] [(null)] - [客户端推送日志信息] 开始
2016-05-17 14:42:57,235 [1] INFO  Holly--[35244] [(null)] - [客户端推送日志信息] 获取到请求数：0
2016-05-17 14:43:41,271 [1] INFO  Holly--[35244] [(null)] - [***MDBFileHelper***][AdditionalRecording] 补录数据
2016-05-17 14:43:57,253 [1] INFO  Holly--[35244] [(null)] - [客户端推送日志信息] 开始
2016-05-17 14:43:57,297 [1] INFO  Holly--[35244] [(null)] - [客户端推送日志信息] 获取到请求数：0
2016-05-17 14:44:57,321 [1] INFO  Holly--[35244] [(null)] - [客户端推送日志信息] 开始
2016-05-17 14:44:57,357 [1] INFO  Holly--[35244] [(null)] - [客户端推送日志信息] 获取到请求数：0
2016-05-17 14:45:57,376 [1] INFO  Holly--[35244] [(null)] - [客户端推送日志信息] 开始
2016-05-17 14:45:57,429 [1] INFO  Holly--[35244] [(null)] - [客户端推送日志信息] 获取到请求数：0
2016-05-17 14:46:41,334 [1] INFO  Holly--[35244] [(null)] - [***MDBFileHelper***][AdditionalRecording] 补录数据
2016-05-17 14:46:57,458 [1] INFO  Holly--[35244] [(null)] - [客户端推送日志信息] 开始
2016-05-17 14:46:57,499 [1] INFO  Holly--[35244] [(null)] - [客户端推送日志信息] 获取到请求数：0
2016-05-17 14:47:39,934 [1] INFO  Holly--[35244] [(null)] - [Main]timer_LoginTime_Tick LoginOnOid=2
2016-05-17 14:47:57,522 [1] INFO  Holly--[35244] [(null)] - [客户端推送日志信息] 开始
2016-05-17 14:47:57,618 [1] INFO  Holly--[35244] [(null)] - [客户端推送日志信息] 获取到请求数：0
2016-05-17 14:48:57,649 [1] INFO  Holly--[35244] [(null)] - [客户端推送日志信息] 开始
2016-05-17 14:48:57,666 [1] INFO  Holly--[35244] [(null)] - [客户端推送日志信息] 获取到请求数：0
2016-05-17 14:49:41,400 [1] INFO  Holly--[35244] [(null)] - [***MDBFileHelper***][AdditionalRecording] 补录数据
2016-05-17 14:49:57,693 [1] INFO  Holly--[35244] [(null)] - [客户端推送日志信息] 开始
2016-05-17 14:49:57,705 [1] INFO  Holly--[35244] [(null)] - [客户端推送日志信息] 获取到请求数：0
2016-05-17 14:50:57,731 [1] INFO  Holly--[35244] [(null)] - [客户端推送日志信息] 开始
2016-05-17 14:50:57,746 [1] INFO  Holly--[35244] [(null)] - [客户端推送日志信息] 获取到请求数：0
2016-05-17 14:51:57,774 [1] INFO  Holly--[35244] [(null)] - [客户端推送日志信息] 开始
2016-05-17 14:51:57,807 [1] INFO  Holly--[35244] [(null)] - [客户端推送日志信息] 获取到请求数：0
2016-05-17 14:52:39,964 [1] INFO  Holly--[35244] [(null)] - [Main]timer_LoginTime_Tick LoginOnOid=2
2016-05-17 14:52:41,463 [1] INFO  Holly--[35244] [(null)] - [***MDBFileHelper***][AdditionalRecording] 补录数据
2016-05-17 14:52:57,836 [1] INFO  Holly--[35244] [(null)] - [客户端推送日志信息] 开始
2016-05-17 14:52:57,852 [1] INFO  Holly--[35244] [(null)] - [客户端推送日志信息] 获取到请求数：0
2016-05-17 14:53:57,883 [1] INFO  Holly--[35244] [(null)] - [客户端推送日志信息] 开始
2016-05-17 14:53:57,895 [1] INFO  Holly--[35244] [(null)] - [客户端推送日志信息] 获取到请求数：0
2016-05-17 14:54:57,918 [1] INFO  Holly--[35244] [(null)] - [客户端推送日志信息] 开始
2016-05-17 14:54:57,930 [1] INFO  Holly--[35244] [(null)] - [客户端推送日志信息] 获取到请求数：0
2016-05-17 14:55:41,529 [1] INFO  Holly--[35244] [(null)] - [***MDBFileHelper***][AdditionalRecording] 补录数据
2016-05-17 14:55:57,962 [1] INFO  Holly--[35244] [(null)] - [客户端推送日志信息] 开始
2016-05-17 14:55:57,977 [1] INFO  Holly--[35244] [(null)] - [客户端推送日志信息] 获取到请求数：0
2016-05-17 14:56:58,003 [1] INFO  Holly--[35244] [(null)] - [客户端推送日志信息] 开始
2016-05-17 14:56:58,013 [1] INFO  Holly--[35244] [(null)] - [客户端推送日志信息] 获取到请求数：0
2016-05-17 14:57:39,984 [1] INFO  Holly--[35244] [(null)] - [Main]timer_LoginTime_Tick LoginOnOid=2
2016-05-17 14:57:58,043 [1] INFO  Holly--[35244] [(null)] - [客户端推送日志信息] 开始
2016-05-17 14:57:58,327 [1] INFO  Holly--[35244] [(null)] - [客户端推送日志信息] 获取到请求数：0
2016-05-17 14:58:41,593 [1] INFO  Holly--[35244] [(null)] - [***MDBFileHelper***][AdditionalRecording] 补录数据
2016-05-17 14:58:58,352 [1] INFO  Holly--[35244] [(null)] - [客户端推送日志信息] 开始
2016-05-17 14:58:58,396 [1] INFO  Holly--[35244] [(null)] - [客户端推送日志信息] 获取到请求数：0
2016-05-17 14:59:58,419 [1] INFO  Holly--[35244] [(null)] - [客户端推送日志信息] 开始
2016-05-17 14:59:58,437 [1] INFO  Holly--[35244] [(null)] - [客户端推送日志信息] 获取到请求数：0
2016-05-17 15:00:58,461 [1] INFO  Holly--[35244] [(null)] - [客户端推送日志信息] 开始
2016-05-17 15:00:58,471 [1] INFO  Holly--[35244] [(null)] - [客户端推送日志信息] 获取到请求数：0
2016-05-17 15:01:41,654 [1] INFO  Holly--[35244] [(null)] - [***MDBFileHelper***][AdditionalRecording] 补录数据
2016-05-17 15:01:58,498 [1] INFO  Holly--[35244] [(null)] - [客户端推送日志信息] 开始
2016-05-17 15:01:58,516 [1] INFO  Holly--[35244] [(null)] - [客户端推送日志信息] 获取到请求数：0
2016-05-17 15:02:40,018 [1] INFO  Holly--[35244] [(null)] - [Main]timer_LoginTime_Tick LoginOnOid=2
2016-05-17 15:02:58,544 [1] INFO  Holly--[35244] [(null)] - [客户端推送日志信息] 开始
2016-05-17 15:02:58,601 [1] INFO  Holly--[35244] [(null)] - [客户端推送日志信息] 获取到请求数：0
2016-05-17 15:03:58,624 [1] INFO  Holly--[35244] [(null)] - [客户端推送日志信息] 开始
2016-05-17 15:03:58,640 [1] INFO  Holly--[35244] [(null)] - [客户端推送日志信息] 获取到请求数：0
2016-05-17 15:04:41,723 [1] INFO  Holly--[35244] [(null)] - [***MDBFileHelper***][AdditionalRecording] 补录数据
2016-05-17 15:04:58,666 [1] INFO  Holly--[35244] [(null)] - [客户端推送日志信息] 开始
2016-05-17 15:04:58,677 [1] INFO  Holly--[35244] [(null)] - [客户端推送日志信息] 获取到请求数：0
2016-05-17 15:05:58,702 [1] INFO  Holly--[35244] [(null)] - [客户端推送日志信息] 开始
2016-05-17 15:05:58,718 [1] INFO  Holly--[35244] [(null)] - [客户端推送日志信息] 获取到请求数：0
2016-05-17 15:06:58,749 [1] INFO  Holly--[35244] [(null)] - [客户端推送日志信息] 开始
2016-05-17 15:06:58,763 [1] INFO  Holly--[35244] [(null)] - [客户端推送日志信息] 获取到请求数：0
2016-05-17 15:07:40,036 [1] INFO  Holly--[35244] [(null)] - [Main]timer_LoginTime_Tick LoginOnOid=2
2016-05-17 15:07:41,783 [1] INFO  Holly--[35244] [(null)] - [***MDBFileHelper***][AdditionalRecording] 补录数据
2016-05-17 15:07:58,799 [1] INFO  Holly--[35244] [(null)] - [客户端推送日志信息] 开始
2016-05-17 15:07:58,819 [1] INFO  Holly--[35244] [(null)] - [客户端推送日志信息] 获取到请求数：0
2016-05-17 15:08:58,843 [1] INFO  Holly--[35244] [(null)] - [客户端推送日志信息] 开始
2016-05-17 15:08:58,858 [1] INFO  Holly--[35244] [(null)] - [客户端推送日志信息] 获取到请求数：0
2016-05-17 15:09:58,892 [1] INFO  Holly--[35244] [(null)] - [客户端推送日志信息] 开始
2016-05-17 15:09:58,910 [1] INFO  Holly--[35244] [(null)] - [客户端推送日志信息] 获取到请求数：0
2016-05-17 15:10:41,847 [1] INFO  Holly--[35244] [(null)] - [***MDBFileHelper***][AdditionalRecording] 补录数据
2016-05-17 15:10:58,938 [1] INFO  Holly--[35244] [(null)] - [客户端推送日志信息] 开始
2016-05-17 15:10:58,955 [1] INFO  Holly--[35244] [(null)] - [客户端推送日志信息] 获取到请求数：0
2016-05-17 15:11:58,986 [1] INFO  Holly--[35244] [(null)] - [客户端推送日志信息] 开始
2016-05-17 15:11:59,016 [1] INFO  Holly--[35244] [(null)] - [客户端推送日志信息] 获取到请求数：0
2016-05-17 15:12:40,072 [1] INFO  Holly--[35244] [(null)] - [Main]timer_LoginTime_Tick LoginOnOid=2
2016-05-17 15:12:59,051 [1] INFO  Holly--[35244] [(null)] - [客户端推送日志信息] 开始
2016-05-17 15:12:59,068 [1] INFO  Holly--[35244] [(null)] - [客户端推送日志信息] 获取到请求数：0
2016-05-17 15:13:41,911 [1] INFO  Holly--[35244] [(null)] - [***MDBFileHelper***][AdditionalRecording] 补录数据
2016-05-17 15:14:10,634 [1] INFO  Holly--[35244] [(null)] - [客户端推送日志信息] 开始
2016-05-17 15:14:10,843 [1] INFO  Holly--[35244] [(null)] - [客户端推送日志信息] 获取到请求数：0
2016-05-17 15:15:10,895 [1] INFO  Holly--[35244] [(null)] - [客户端推送日志信息] 开始
2016-05-17 15:15:10,934 [1] INFO  Holly--[35244] [(null)] - [客户端推送日志信息] 获取到请求数：0
2016-05-17 15:16:10,946 [1] INFO  Holly--[35244] [(null)] - [客户端推送日志信息] 开始
2016-05-17 15:16:10,954 [1] INFO  Holly--[35244] [(null)] - [客户端推送日志信息] 获取到请求数：0
2016-05-17 15:16:42,037 [1] INFO  Holly--[35244] [(null)] - [***MDBFileHelper***][AdditionalRecording] 补录数据
2016-05-17 15:17:10,991 [1] INFO  Holly--[35244] [(null)] - [客户端推送日志信息] 开始
2016-05-17 15:17:11,005 [1] INFO  Holly--[35244] [(null)] - [客户端推送日志信息] 获取到请求数：0
2016-05-17 15:17:40,103 [1] INFO  Holly--[35244] [(null)] - [Main]timer_LoginTime_Tick LoginOnOid=2
2016-05-17 15:18:11,036 [1] INFO  Holly--[35244] [(null)] - [客户端推送日志信息] 开始
2016-05-17 15:18:11,045 [1] INFO  Holly--[35244] [(null)] - [客户端推送日志信息] 获取到请求数：0
2016-05-17 15:19:11,066 [1] INFO  Holly--[35244] [(null)] - [客户端推送日志信息] 开始
2016-05-17 15:19:11,075 [1] INFO  Holly--[35244] [(null)] - [客户端推送日志信息] 获取到请求数：0
2016-05-17 15:19:42,102 [1] INFO  Holly--[35244] [(null)] - [***MDBFileHelper***][AdditionalRecording] 补录数据
2016-05-17 15:20:11,099 [1] INFO  Holly--[35244] [(null)] - [客户端推送日志信息] 开始
2016-05-17 15:20:11,109 [1] INFO  Holly--[35244] [(null)] - [客户端推送日志信息] 获取到请求数：0
2016-05-17 15:21:11,130 [1] INFO  Holly--[35244] [(null)] - [客户端推送日志信息] 开始
2016-05-17 15:21:11,143 [1] INFO  Holly--[35244] [(null)] - [客户端推送日志信息] 获取到请求数：0
2016-05-17 15:22:11,177 [1] INFO  Holly--[35244] [(null)] - [客户端推送日志信息] 开始
2016-05-17 15:22:11,192 [1] INFO  Holly--[35244] [(null)] - [客户端推送日志信息] 获取到请求数：0
2016-05-17 15:22:40,121 [1] INFO  Holly--[35244] [(null)] - [Main]timer_LoginTime_Tick LoginOnOid=2
2016-05-17 15:22:42,169 [1] INFO  Holly--[35244] [(null)] - [***MDBFileHelper***][AdditionalRecording] 补录数据
2016-05-17 15:23:11,223 [1] INFO  Holly--[35244] [(null)] - [客户端推送日志信息] 开始
2016-05-17 15:23:11,231 [1] INFO  Holly--[35244] [(null)] - [客户端推送日志信息] 获取到请求数：0
2016-05-17 15:24:19,067 [1] INFO  Holly--[35244] [(null)] - [客户端推送日志信息] 开始
2016-05-17 15:24:19,123 [1] INFO  Holly--[35244] [(null)] - [客户端推送日志信息] 获取到请求数：0
2016-05-17 15:25:19,150 [1] INFO  Holly--[35244] [(null)] - [客户端推送日志信息] 开始
2016-05-17 15:25:19,159 [1] INFO  Holly--[35244] [(null)] - [客户端推送日志信息] 获取到请求数：0
2016-05-17 15:25:42,229 [1] INFO  Holly--[35244] [(null)] - [***MDBFileHelper***][AdditionalRecording] 补录数据
2016-05-17 15:26:19,182 [1] INFO  Holly--[35244] [(null)] - [客户端推送日志信息] 开始
2016-05-17 15:26:19,193 [1] INFO  Holly--[35244] [(null)] - [客户端推送日志信息] 获取到请求数：0
2016-05-17 15:27:19,219 [1] INFO  Holly--[35244] [(null)] - [客户端推送日志信息] 开始
2016-05-17 15:27:19,234 [1] INFO  Holly--[35244] [(null)] - [客户端推送日志信息] 获取到请求数：0
2016-05-17 15:27:40,142 [1] INFO  Holly--[35244] [(null)] - [Main]timer_LoginTime_Tick LoginOnOid=2
2016-05-17 15:28:19,264 [1] INFO  Holly--[35244] [(null)] - [客户端推送日志信息] 开始
2016-05-17 15:28:19,279 [1] INFO  Holly--[35244] [(null)] - [客户端推送日志信息] 获取到请求数：0
2016-05-17 15:28:42,297 [1] INFO  Holly--[35244] [(null)] - [***MDBFileHelper***][AdditionalRecording] 补录数据
2016-05-17 15:29:19,305 [1] INFO  Holly--[35244] [(null)] - [客户端推送日志信息] 开始
2016-05-17 15:29:19,316 [1] INFO  Holly--[35244] [(null)] - [客户端推送日志信息] 获取到请求数：0
2016-05-17 15:30:19,339 [1] INFO  Holly--[35244] [(null)] - [客户端推送日志信息] 开始
2016-05-17 15:30:19,347 [1] INFO  Holly--[35244] [(null)] - [客户端推送日志信息] 获取到请求数：0
2016-05-17 15:31:19,372 [1] INFO  Holly--[35244] [(null)] - [客户端推送日志信息] 开始
2016-05-17 15:31:19,387 [1] INFO  Holly--[35244] [(null)] - [客户端推送日志信息] 获取到请求数：0
2016-05-17 15:31:42,360 [1] INFO  Holly--[35244] [(null)] - [***MDBFileHelper***][AdditionalRecording] 补录数据
2016-05-17 15:32:19,418 [1] INFO  Holly--[35244] [(null)] - [客户端推送日志信息] 开始
2016-05-17 15:32:19,434 [1] INFO  Holly--[35244] [(null)] - [客户端推送日志信息] 获取到请求数：0
2016-05-17 15:32:40,178 [1] INFO  Holly--[35244] [(null)] - [Main]timer_LoginTime_Tick LoginOnOid=2
2016-05-17 15:33:19,468 [1] INFO  Holly--[35244] [(null)] - [客户端推送日志信息] 开始
2016-05-17 15:33:19,487 [1] INFO  Holly--[35244] [(null)] - [客户端推送日志信息] 获取到请求数：0
2016-05-17 15:34:19,516 [1] INFO  Holly--[35244] [(null)] - [客户端推送日志信息] 开始
2016-05-17 15:34:19,524 [1] INFO  Holly--[35244] [(null)] - [客户端推送日志信息] 获取到请求数：0
2016-05-17 15:34:42,425 [1] INFO  Holly--[35244] [(null)] - [***MDBFileHelper***][AdditionalRecording] 补录数据
2016-05-17 15:35:19,545 [1] INFO  Holly--[35244] [(null)] - [客户端推送日志信息] 开始
2016-05-17 15:35:19,561 [1] INFO  Holly--[35244] [(null)] - [客户端推送日志信息] 获取到请求数：0
2016-05-17 15:36:19,592 [1] INFO  Holly--[35244] [(null)] - [客户端推送日志信息] 开始
2016-05-17 15:36:19,608 [1] INFO  Holly--[35244] [(null)] - [客户端推送日志信息] 获取到请求数：0
2016-05-17 15:37:19,640 [1] INFO  Holly--[35244] [(null)] - [客户端推送日志信息] 开始
2016-05-17 15:37:19,651 [1] INFO  Holly--[35244] [(null)] - [客户端推送日志信息] 获取到请求数：0
2016-05-17 15:37:40,208 [1] INFO  Holly--[35244] [(null)] - [Main]timer_LoginTime_Tick LoginOnOid=2
2016-05-17 15:37:42,486 [1] INFO  Holly--[35244] [(null)] - [***MDBFileHelper***][AdditionalRecording] 补录数据
2016-05-17 15:38:19,672 [1] INFO  Holly--[35244] [(null)] - [客户端推送日志信息] 开始
2016-05-17 15:38:19,685 [1] INFO  Holly--[35244] [(null)] - [客户端推送日志信息] 获取到请求数：0
2016-05-17 15:39:19,720 [1] INFO  Holly--[35244] [(null)] - [客户端推送日志信息] 开始
2016-05-17 15:39:19,731 [1] INFO  Holly--[35244] [(null)] - [客户端推送日志信息] 获取到请求数：0
2016-05-17 15:40:19,766 [1] INFO  Holly--[35244] [(null)] - [客户端推送日志信息] 开始
2016-05-17 15:40:19,777 [1] INFO  Holly--[35244] [(null)] - [客户端推送日志信息] 获取到请求数：0
2016-05-17 15:40:42,550 [1] INFO  Holly--[35244] [(null)] - [***MDBFileHelper***][AdditionalRecording] 补录数据
2016-05-17 15:41:19,800 [1] INFO  Holly--[35244] [(null)] - [客户端推送日志信息] 开始
2016-05-17 15:41:19,809 [1] INFO  Holly--[35244] [(null)] - [客户端推送日志信息] 获取到请求数：0
2016-05-17 15:42:19,891 [1] INFO  Holly--[35244] [(null)] - [客户端推送日志信息] 开始
2016-05-17 15:42:20,078 [1] INFO  Holly--[35244] [(null)] - [客户端推送日志信息] 获取到请求数：0
2016-05-17 15:42:40,226 [1] INFO  Holly--[35244] [(null)] - [Main]timer_LoginTime_Tick LoginOnOid=2
2016-05-17 15:43:20,159 [1] INFO  Holly--[35244] [(null)] - [客户端推送日志信息] 开始
2016-05-17 15:43:20,170 [1] INFO  Holly--[35244] [(null)] - [客户端推送日志信息] 获取到请求数：0
2016-05-17 15:43:42,613 [1] INFO  Holly--[35244] [(null)] - [***MDBFileHelper***][AdditionalRecording] 补录数据
2016-05-17 15:44:20,189 [1] INFO  Holly--[35244] [(null)] - [客户端推送日志信息] 开始
2016-05-17 15:44:20,200 [1] INFO  Holly--[35244] [(null)] - [客户端推送日志信息] 获取到请求数：0
2016-05-17 15:45:20,221 [1] INFO  Holly--[35244] [(null)] - [客户端推送日志信息] 开始
2016-05-17 15:45:20,242 [1] INFO  Holly--[35244] [(null)] - [客户端推送日志信息] 获取到请求数：0
2016-05-17 15:46:20,273 [1] INFO  Holly--[35244] [(null)] - [客户端推送日志信息] 开始
2016-05-17 15:46:20,286 [1] INFO  Holly--[35244] [(null)] - [客户端推送日志信息] 获取到请求数：0
2016-05-17 15:46:42,679 [1] INFO  Holly--[35244] [(null)] - [***MDBFileHelper***][AdditionalRecording] 补录数据
2016-05-17 15:47:20,315 [1] INFO  Holly--[35244] [(null)] - [客户端推送日志信息] 开始
2016-05-17 15:47:20,326 [1] INFO  Holly--[35244] [(null)] - [客户端推送日志信息] 获取到请求数：0
2016-05-17 15:47:40,250 [1] INFO  Holly--[35244] [(null)] - [Main]timer_LoginTime_Tick LoginOnOid=2
2016-05-17 15:48:20,351 [1] INFO  Holly--[35244] [(null)] - [客户端推送日志信息] 开始
2016-05-17 15:48:20,366 [1] INFO  Holly--[35244] [(null)] - [客户端推送日志信息] 获取到请求数：0
2016-05-17 15:49:20,394 [1] INFO  Holly--[35244] [(null)] - [客户端推送日志信息] 开始
2016-05-17 15:49:20,403 [1] INFO  Holly--[35244] [(null)] - [客户端推送日志信息] 获取到请求数：0
2016-05-17 15:49:42,746 [1] INFO  Holly--[35244] [(null)] - [***MDBFileHelper***][AdditionalRecording] 补录数据
2016-05-17 15:50:20,427 [1] INFO  Holly--[35244] [(null)] - [客户端推送日志信息] 开始
2016-05-17 15:50:20,439 [1] INFO  Holly--[35244] [(null)] - [客户端推送日志信息] 获取到请求数：0
2016-05-17 15:51:20,460 [1] INFO  Holly--[35244] [(null)] - [客户端推送日志信息] 开始
2016-05-17 15:51:20,471 [1] INFO  Holly--[35244] [(null)] - [客户端推送日志信息] 获取到请求数：0
2016-05-17 15:52:20,507 [1] INFO  Holly--[35244] [(null)] - [客户端推送日志信息] 开始
2016-05-17 15:52:20,523 [1] INFO  Holly--[35244] [(null)] - [客户端推送日志信息] 获取到请求数：0
2016-05-17 15:52:40,279 [1] INFO  Holly--[35244] [(null)] - [Main]timer_LoginTime_Tick LoginOnOid=2
2016-05-17 15:52:42,807 [1] INFO  Holly--[35244] [(null)] - [***MDBFileHelper***][AdditionalRecording] 补录数据
2016-05-17 15:53:20,552 [1] INFO  Holly--[35244] [(null)] - [客户端推送日志信息] 开始
2016-05-17 15:53:20,564 [1] INFO  Holly--[35244] [(null)] - [客户端推送日志信息] 获取到请求数：0
2016-05-17 15:54:20,587 [1] INFO  Holly--[35244] [(null)] - [客户端推送日志信息] 开始
2016-05-17 15:54:20,598 [1] INFO  Holly--[35244] [(null)] - [客户端推送日志信息] 获取到请求数：0
2016-05-17 15:55:20,618 [1] INFO  Holly--[35244] [(null)] - [客户端推送日志信息] 开始
2016-05-17 15:55:20,637 [1] INFO  Holly--[35244] [(null)] - [客户端推送日志信息] 获取到请求数：0
2016-05-17 15:55:42,873 [1] INFO  Holly--[35244] [(null)] - [***MDBFileHelper***][AdditionalRecording] 补录数据
2016-05-17 15:56:20,665 [1] INFO  Holly--[35244] [(null)] - [客户端推送日志信息] 开始
2016-05-17 15:56:20,679 [1] INFO  Holly--[35244] [(null)] - [客户端推送日志信息] 获取到请求数：0
2016-05-17 15:57:20,713 [1] INFO  Holly--[35244] [(null)] - [客户端推送日志信息] 开始
2016-05-17 15:57:20,726 [1] INFO  Holly--[35244] [(null)] - [客户端推送日志信息] 获取到请求数：0
2016-05-17 15:57:40,297 [1] INFO  Holly--[35244] [(null)] - [Main]timer_LoginTime_Tick LoginOnOid=2
2016-05-17 15:58:20,767 [1] INFO  Holly--[35244] [(null)] - [客户端推送日志信息] 开始
2016-05-17 15:58:20,781 [1] INFO  Holly--[35244] [(null)] - [客户端推送日志信息] 获取到请求数：0
2016-05-17 15:58:42,938 [1] INFO  Holly--[35244] [(null)] - [***MDBFileHelper***][AdditionalRecording] 补录数据
2016-05-17 15:59:20,810 [1] INFO  Holly--[35244] [(null)] - [客户端推送日志信息] 开始
2016-05-17 15:59:20,823 [1] INFO  Holly--[35244] [(null)] - [客户端推送日志信息] 获取到请求数：0
2016-05-17 16:00:20,856 [1] INFO  Holly--[35244] [(null)] - [客户端推送日志信息] 开始
2016-05-17 16:00:20,868 [1] INFO  Holly--[35244] [(null)] - [客户端推送日志信息] 获取到请求数：0
2016-05-17 16:01:20,899 [1] INFO  Holly--[35244] [(null)] - [客户端推送日志信息] 开始
2016-05-17 16:01:20,911 [1] INFO  Holly--[35244] [(null)] - [客户端推送日志信息] 获取到请求数：0
2016-05-17 16:01:43,000 [1] INFO  Holly--[35244] [(null)] - [***MDBFileHelper***][AdditionalRecording] 补录数据
2016-05-17 16:02:20,933 [1] INFO  Holly--[35244] [(null)] - [客户端推送日志信息] 开始
2016-05-17 16:02:20,949 [1] INFO  Holly--[35244] [(null)] - [客户端推送日志信息] 获取到请求数：0
2016-05-17 16:02:40,315 [1] INFO  Holly--[35244] [(null)] - [Main]timer_LoginTime_Tick LoginOnOid=2
2016-05-17 16:03:20,985 [1] INFO  Holly--[35244] [(null)] - [客户端推送日志信息] 开始
2016-05-17 16:03:21,002 [1] INFO  Holly--[35244] [(null)] - [客户端推送日志信息] 获取到请求数：0
2016-05-17 16:04:21,027 [1] INFO  Holly--[35244] [(null)] - [客户端推送日志信息] 开始
2016-05-17 16:04:21,038 [1] INFO  Holly--[35244] [(null)] - [客户端推送日志信息] 获取到请求数：0
2016-05-17 16:04:43,063 [1] INFO  Holly--[35244] [(null)] - [***MDBFileHelper***][AdditionalRecording] 补录数据
2016-05-17 16:05:21,058 [1] INFO  Holly--[35244] [(null)] - [客户端推送日志信息] 开始
2016-05-17 16:05:21,100 [1] INFO  Holly--[35244] [(null)] - [客户端推送日志信息] 获取到请求数：0
2016-05-17 16:06:21,113 [1] INFO  Holly--[35244] [(null)] - [客户端推送日志信息] 开始
2016-05-17 16:06:21,124 [1] INFO  Holly--[35244] [(null)] - [客户端推送日志信息] 获取到请求数：0
2016-05-17 16:07:21,141 [1] INFO  Holly--[35244] [(null)] - [客户端推送日志信息] 开始
2016-05-17 16:07:21,158 [1] INFO  Holly--[35244] [(null)] - [客户端推送日志信息] 获取到请求数：0
2016-05-17 16:07:40,324 [1] INFO  Holly--[35244] [(null)] - [Main]timer_LoginTime_Tick LoginOnOid=2
2016-05-17 16:07:43,112 [1] INFO  Holly--[35244] [(null)] - [***MDBFileHelper***][AdditionalRecording] 补录数据
2016-05-17 16:08:21,182 [1] INFO  Holly--[35244] [(null)] - [客户端推送日志信息] 开始
2016-05-17 16:08:21,196 [1] INFO  Holly--[35244] [(null)] - [客户端推送日志信息] 获取到请求数：0
2016-05-17 16:09:21,223 [1] INFO  Holly--[35244] [(null)] - [客户端推送日志信息] 开始
2016-05-17 16:09:21,236 [1] INFO  Holly--[35244] [(null)] - [客户端推送日志信息] 获取到请求数：0
2016-05-17 16:10:21,264 [1] INFO  Holly--[35244] [(null)] - [客户端推送日志信息] 开始
2016-05-17 16:10:21,275 [1] INFO  Holly--[35244] [(null)] - [客户端推送日志信息] 获取到请求数：0
2016-05-17 16:10:43,156 [1] INFO  Holly--[35244] [(null)] - [***MDBFileHelper***][AdditionalRecording] 补录数据
2016-05-17 16:11:21,293 [1] INFO  Holly--[35244] [(null)] - [客户端推送日志信息] 开始
2016-05-17 16:11:21,301 [1] INFO  Holly--[35244] [(null)] - [客户端推送日志信息] 获取到请求数：0
2016-05-17 16:12:21,334 [1] INFO  Holly--[35244] [(null)] - [客户端推送日志信息] 开始
2016-05-17 16:12:21,344 [1] INFO  Holly--[35244] [(null)] - [客户端推送日志信息] 获取到请求数：0
2016-05-17 16:12:40,323 [1] INFO  Holly--[35244] [(null)] - [Main]timer_LoginTime_Tick LoginOnOid=2
2016-05-17 16:13:21,371 [1] INFO  Holly--[35244] [(null)] - [客户端推送日志信息] 开始
2016-05-17 16:13:21,389 [1] INFO  Holly--[35244] [(null)] - [客户端推送日志信息] 获取到请求数：0
2016-05-17 16:13:43,204 [1] INFO  Holly--[35244] [(null)] - [***MDBFileHelper***][AdditionalRecording] 补录数据
2016-05-17 16:14:21,431 [1] INFO  Holly--[35244] [(null)] - [客户端推送日志信息] 开始
2016-05-17 16:14:21,447 [1] INFO  Holly--[35244] [(null)] - [客户端推送日志信息] 获取到请求数：0
2016-05-17 16:15:21,469 [1] INFO  Holly--[35244] [(null)] - [客户端推送日志信息] 开始
2016-05-17 16:15:21,487 [1] INFO  Holly--[35244] [(null)] - [客户端推送日志信息] 获取到请求数：0
2016-05-17 16:16:21,553 [1] INFO  Holly--[35244] [(null)] - [客户端推送日志信息] 开始
2016-05-17 16:16:21,574 [1] INFO  Holly--[35244] [(null)] - [客户端推送日志信息] 获取到请求数：0
2016-05-17 16:16:43,248 [1] INFO  Holly--[35244] [(null)] - [***MDBFileHelper***][AdditionalRecording] 补录数据
2016-05-17 16:17:21,596 [1] INFO  Holly--[35244] [(null)] - [客户端推送日志信息] 开始
2016-05-17 16:17:21,602 [1] INFO  Holly--[35244] [(null)] - [客户端推送日志信息] 获取到请求数：0
2016-05-17 16:17:40,308 [1] INFO  Holly--[35244] [(null)] - [Main]timer_LoginTime_Tick LoginOnOid=2
2016-05-17 16:18:21,623 [1] INFO  Holly--[35244] [(null)] - [客户端推送日志信息] 开始
2016-05-17 16:18:21,629 [1] INFO  Holly--[35244] [(null)] - [客户端推送日志信息] 获取到请求数：0
2016-05-17 16:19:21,650 [1] INFO  Holly--[35244] [(null)] - [客户端推送日志信息] 开始
2016-05-17 16:19:21,656 [1] INFO  Holly--[35244] [(null)] - [客户端推送日志信息] 获取到请求数：0
2016-05-17 16:19:43,294 [1] INFO  Holly--[35244] [(null)] - [***MDBFileHelper***][AdditionalRecording] 补录数据
2016-05-17 16:20:21,674 [1] INFO  Holly--[35244] [(null)] - [客户端推送日志信息] 开始
2016-05-17 16:20:21,680 [1] INFO  Holly--[35244] [(null)] - [客户端推送日志信息] 获取到请求数：0
2016-05-17 16:21:21,703 [1] INFO  Holly--[35244] [(null)] - [客户端推送日志信息] 开始
2016-05-17 16:21:21,714 [1] INFO  Holly--[35244] [(null)] - [客户端推送日志信息] 获取到请求数：0
2016-05-17 16:22:21,728 [1] INFO  Holly--[35244] [(null)] - [客户端推送日志信息] 开始
2016-05-17 16:22:21,734 [1] INFO  Holly--[35244] [(null)] - [客户端推送日志信息] 获取到请求数：0
2016-05-17 16:22:40,299 [1] INFO  Holly--[35244] [(null)] - [Main]timer_LoginTime_Tick LoginOnOid=2
2016-05-17 16:22:43,356 [1] INFO  Holly--[35244] [(null)] - [***MDBFileHelper***][AdditionalRecording] 补录数据
2016-05-17 16:23:21,751 [1] INFO  Holly--[35244] [(null)] - [客户端推送日志信息] 开始
2016-05-17 16:23:21,761 [1] INFO  Holly--[35244] [(null)] - [客户端推送日志信息] 获取到请求数：0
2016-05-17 16:24:21,778 [1] INFO  Holly--[35244] [(null)] - [客户端推送日志信息] 开始
2016-05-17 16:24:21,784 [1] INFO  Holly--[35244] [(null)] - [客户端推送日志信息] 获取到请求数：0
2016-05-17 16:25:21,804 [1] INFO  Holly--[35244] [(null)] - [客户端推送日志信息] 开始
2016-05-17 16:25:21,811 [1] INFO  Holly--[35244] [(null)] - [客户端推送日志信息] 获取到请求数：0
2016-05-17 16:25:43,404 [1] INFO  Holly--[35244] [(null)] - [***MDBFileHelper***][AdditionalRecording] 补录数据
2016-05-17 16:26:21,837 [1] INFO  Holly--[35244] [(null)] - [客户端推送日志信息] 开始
2016-05-17 16:26:21,843 [1] INFO  Holly--[35244] [(null)] - [客户端推送日志信息] 获取到请求数：0
2016-05-17 16:27:21,856 [1] INFO  Holly--[35244] [(null)] - [客户端推送日志信息] 开始
2016-05-17 16:27:21,865 [1] INFO  Holly--[35244] [(null)] - [客户端推送日志信息] 获取到请求数：0
2016-05-17 16:27:40,288 [1] INFO  Holly--[35244] [(null)] - [Main]timer_LoginTime_Tick LoginOnOid=2
2016-05-17 16:28:21,882 [1] INFO  Holly--[35244] [(null)] - [客户端推送日志信息] 开始
2016-05-17 16:28:21,892 [1] INFO  Holly--[35244] [(null)] - [客户端推送日志信息] 获取到请求数：0
2016-05-17 16:28:43,448 [1] INFO  Holly--[35244] [(null)] - [***MDBFileHelper***][AdditionalRecording] 补录数据
2016-05-17 16:29:21,912 [1] INFO  Holly--[35244] [(null)] - [客户端推送日志信息] 开始
2016-05-17 16:29:21,924 [1] INFO  Holly--[35244] [(null)] - [客户端推送日志信息] 获取到请求数：0
2016-05-17 16:30:21,949 [1] INFO  Holly--[35244] [(null)] - [客户端推送日志信息] 开始
2016-05-17 16:30:21,955 [1] INFO  Holly--[35244] [(null)] - [客户端推送日志信息] 获取到请求数：0
2016-05-17 16:31:21,975 [1] INFO  Holly--[35244] [(null)] - [客户端推送日志信息] 开始
2016-05-17 16:31:21,982 [1] INFO  Holly--[35244] [(null)] - [客户端推送日志信息] 获取到请求数：0
2016-05-17 16:31:43,497 [1] INFO  Holly--[35244] [(null)] - [***MDBFileHelper***][AdditionalRecording] 补录数据
2016-05-17 16:32:22,000 [1] INFO  Holly--[35244] [(null)] - [客户端推送日志信息] 开始
2016-05-17 16:32:22,007 [1] INFO  Holly--[35244] [(null)] - [客户端推送日志信息] 获取到请求数：0
2016-05-17 16:32:40,277 [1] INFO  Holly--[35244] [(null)] - [Main]timer_LoginTime_Tick LoginOnOid=2
2016-05-17 16:33:22,024 [1] INFO  Holly--[35244] [(null)] - [客户端推送日志信息] 开始
2016-05-17 16:33:22,031 [1] INFO  Holly--[35244] [(null)] - [客户端推送日志信息] 获取到请求数：0
2016-05-17 16:34:22,052 [1] INFO  Holly--[35244] [(null)] - [客户端推送日志信息] 开始
2016-05-17 16:34:22,100 [1] INFO  Holly--[35244] [(null)] - [客户端推送日志信息] 获取到请求数：0
2016-05-17 16:34:43,542 [1] INFO  Holly--[35244] [(null)] - [***MDBFileHelper***][AdditionalRecording] 补录数据
2016-05-17 16:35:22,126 [1] INFO  Holly--[35244] [(null)] - [客户端推送日志信息] 开始
2016-05-17 16:35:22,132 [1] INFO  Holly--[35244] [(null)] - [客户端推送日志信息] 获取到请求数：0
2016-05-17 16:36:22,150 [1] INFO  Holly--[35244] [(null)] - [客户端推送日志信息] 开始
2016-05-17 16:36:22,165 [1] INFO  Holly--[35244] [(null)] - [客户端推送日志信息] 获取到请求数：0
2016-05-17 16:37:22,177 [1] INFO  Holly--[35244] [(null)] - [客户端推送日志信息] 开始
2016-05-17 16:37:22,187 [1] INFO  Holly--[35244] [(null)] - [客户端推送日志信息] 获取到请求数：0
2016-05-17 16:37:40,263 [1] INFO  Holly--[35244] [(null)] - [Main]timer_LoginTime_Tick LoginOnOid=2
2016-05-17 16:37:43,586 [1] INFO  Holly--[35244] [(null)] - [***MDBFileHelper***][AdditionalRecording] 补录数据
2016-05-17 16:38:18,434 [1] INFO  Holly--[35244] [(null)] - [@@@厂家消息通知@@@]OnMessage ：厂家状态(CurStatus：16；CurStatusName：休息；)厂家消息(摘机：ContactID=20160517163847214_1_328_UIP5,CurrStatus=22,LastStatus=21,ResonCode=45,ResonDesc=CauseOffHook)程序状态(PS05_休息)
2016-05-17 16:38:19,171 [1] INFO  Holly--[35244] [(null)] - [@@@厂家消息通知@@@]OnMessage ：厂家状态(CurStatus：16；CurStatusName：休息；)厂家消息(座席话务处理)程序状态(PS05_休息)
2016-05-17 16:38:19,174 [1] INFO  Holly--[35244] [(null)] - [@@@厂家消息通知@@@]OnMessage ：厂家状态(CurStatus：16；CurStatusName：休息；)厂家消息(摘机：ContactID=20160517163847214_1_328_UIP5,CurrStatus=22,LastStatus=22,ResonCode=45,ResonDesc=CauseOffHook)程序状态(PS05_休息)
2016-05-17 16:38:22,201 [1] INFO  Holly--[35244] [(null)] - [客户端推送日志信息] 开始
2016-05-17 16:38:22,210 [1] INFO  Holly--[35244] [(null)] - [客户端推送日志信息] 获取到请求数：0
2016-05-17 16:38:22,280 [1] INFO  Holly--[35244] [(null)] - [@@@厂家消息通知@@@]OnMessage ：厂家状态(CurStatus：16；CurStatusName：休息；)厂家消息(录音开始：ContactID=20160517163847214_1_328_UIP5,ANI=35197,DNIS=35194,ResonCode=77,ResonDesc=_??? (77))程序状态(PS05_休息)
2016-05-17 16:39:22,227 [1] INFO  Holly--[35244] [(null)] - [客户端推送日志信息] 开始
2016-05-17 16:39:22,237 [1] INFO  Holly--[35244] [(null)] - [客户端推送日志信息] 获取到请求数：0
2016-05-17 16:40:22,252 [1] INFO  Holly--[35244] [(null)] - [客户端推送日志信息] 开始
2016-05-17 16:40:22,260 [1] INFO  Holly--[35244] [(null)] - [客户端推送日志信息] 获取到请求数：0
2016-05-17 16:40:43,632 [1] INFO  Holly--[35244] [(null)] - [***MDBFileHelper***][AdditionalRecording] 补录数据
2016-05-17 16:41:22,277 [1] INFO  Holly--[35244] [(null)] - [客户端推送日志信息] 开始
2016-05-17 16:41:22,287 [1] INFO  Holly--[35244] [(null)] - [客户端推送日志信息] 获取到请求数：0
2016-05-17 16:42:22,304 [1] INFO  Holly--[35244] [(null)] - [客户端推送日志信息] 开始
2016-05-17 16:42:22,314 [1] INFO  Holly--[35244] [(null)] - [客户端推送日志信息] 获取到请求数：0
2016-05-17 16:42:40,253 [1] INFO  Holly--[35244] [(null)] - [Main]timer_LoginTime_Tick LoginOnOid=2
2016-05-17 16:43:22,329 [1] INFO  Holly--[35244] [(null)] - [客户端推送日志信息] 开始
2016-05-17 16:43:22,360 [1] INFO  Holly--[35244] [(null)] - [客户端推送日志信息] 获取到请求数：0
2016-05-17 16:43:43,679 [1] INFO  Holly--[35244] [(null)] - [***MDBFileHelper***][AdditionalRecording] 补录数据
2016-05-17 16:43:51,061 [1] INFO  Holly--[35244] [(null)] - [@@@厂家消息通知@@@]OnMessage ：厂家状态(CurStatus：16；CurStatusName：休息；)厂家消息(通知：ContactID=20160517163847214_1_328_UIP5,CurrStatus=28,LastStatus=28,OtherParty=35194,ResonCode=15,ResonDesc=ActOpDisconnected)程序状态(PS05_休息)
2016-05-17 16:43:51,095 [1] INFO  Holly--[35244] [(null)] - [@@@厂家消息通知@@@]OnMessage ：厂家状态(CurStatus：16；CurStatusName：休息；)厂家消息(录音停止：ContactID=20160517163847214_1_328_UIP5,ANI=35197,DNIS=35194,FileName=/var/spool/hollyRecord/2016/05/35197/35197_20160517163850876.mp3,TimeLen=328989,ResonCode=78,ResonDesc=_??? (78))程序状态(PS05_休息)
2016-05-17 16:43:51,099 [1] INFO  Holly--[35244] [(null)] - [@@@厂家消息通知@@@]OnMessage ：厂家状态(CurStatus：16；CurStatusName：休息；)厂家消息(话路被挂断：ContactID=20160517163847214_1_328_UIP5,CurrStatus=21,LastStatus=28,OtherParty=35194,ResonCode=16,ResonDesc=ActTpDisconnected)程序状态(PS05_休息)
2016-05-17 16:43:51,144 [1] INFO  Holly--[35244] [(null)] - [@@@厂家消息通知@@@]OnMessage ：厂家状态(CurStatus：15；CurStatusName：工作整理；)厂家消息(状态改变：休息-->工作整理)程序状态(PS06_话后)
2016-05-17 16:43:51,144 [1] INFO  Holly--[35244] [(null)] - [>>>厂家状态变化<<<]OnStatusChange ：PS05_休息(16) -> PS06_话后(15)
2016-05-17 16:43:51,144 [1] INFO  Holly--[35244] [(null)] - [事件][AxUniSoftPhone_OnStatusChange] 状态变化事件
2016-05-17 16:43:51,144 [1] INFO  Holly--[35244] [(null)] - [Main][SetMainStatus]设置状态：PS06_话后
2016-05-17 16:43:51,150 [1] INFO  Holly--[35244] [(null)] - [Main][UpdatAgentDB] 更新客服状态表AS5_话后
2016-05-17 16:43:51,178 [1] INFO  Holly--[35244] [(null)] - [Main][UpdatAgentDB] 更新上一个状态的结束时间 PreOid....IS:5
2016-05-17 16:43:51,271 [1] INFO  Holly--[35244] [(null)] - [Main][UpdatAgentDB] 插入新的状态 PreOid....IS:6
2016-05-17 16:43:51,305 [1] INFO  Holly--[35244] [(null)] - [HollyContactHelper] 获取厂家信息 ==主叫号码->35197
2016-05-17 16:43:51,306 [1] INFO  Holly--[35244] [(null)] - [HollyContactHelper] >>>> HaoMaProcess 处理前>>>> 35197
2016-05-17 16:43:51,320 [1] INFO  Holly--[35244] [(null)] - [HollyContactHelper] >>>> HaoMaProcess 处理后>>>> 35197
2016-05-17 16:43:51,320 [1] INFO  Holly--[35244] [(null)] - [HollyContactHelper] 获取厂家信息 ==主叫号码->35197 ()
2016-05-17 16:43:51,322 [1] INFO  Holly--[35244] [(null)] - [HollyContactHelper] 获取厂家信息 ==被叫号码->随路数据为空，通过方法获取->35194
2016-05-17 16:43:51,322 [1] INFO  Holly--[35244] [(null)] - [HollyContactHelper] >>>> HaoMaProcess 处理前>>>> 35194
2016-05-17 16:43:51,322 [1] INFO  Holly--[35244] [(null)] - [HollyContactHelper] >>>> HaoMaProcess 处理后>>>> 35194
2016-05-17 16:43:51,322 [1] INFO  Holly--[35244] [(null)] - [HollyContactHelper] 获取厂家信息 ==被叫号码->35194 ()
2016-05-17 16:43:51,323 [1] INFO  Holly--[35244] [(null)] - [HollyContactHelper] 获取厂家信息 ==落地号码->空
2016-05-17 16:43:51,324 [1] INFO  Holly--[35244] [(null)] - [@@@厂家消息通知@@@]OnMessage ：厂家状态(CurStatus：15；CurStatusName：工作整理；)厂家消息(整理工作开始。)程序状态(PS06_话后)
2016-05-17 16:44:22,370 [1] INFO  Holly--[35244] [(null)] - [客户端推送日志信息] 开始
2016-05-17 16:44:22,416 [1] INFO  Holly--[35244] [(null)] - [客户端推送日志信息] 获取到请求数：0
2016-05-17 16:45:22,430 [1] INFO  Holly--[35244] [(null)] - [客户端推送日志信息] 开始
2016-05-17 16:45:22,443 [1] INFO  Holly--[35244] [(null)] - [客户端推送日志信息] 获取到请求数：0
2016-05-17 16:46:22,494 [1] INFO  Holly--[35244] [(null)] - [客户端推送日志信息] 开始
2016-05-17 16:46:22,505 [1] INFO  Holly--[35244] [(null)] - [客户端推送日志信息] 获取到请求数：0
2016-05-17 16:46:43,727 [1] INFO  Holly--[35244] [(null)] - [***MDBFileHelper***][AdditionalRecording] 补录数据
2016-05-17 16:47:22,529 [1] INFO  Holly--[35244] [(null)] - [客户端推送日志信息] 开始
2016-05-17 16:47:22,543 [1] INFO  Holly--[35244] [(null)] - [客户端推送日志信息] 获取到请求数：0
2016-05-17 16:47:40,238 [1] INFO  Holly--[35244] [(null)] - [Main]timer_LoginTime_Tick LoginOnOid=2
2016-05-17 16:48:22,569 [1] INFO  Holly--[35244] [(null)] - [客户端推送日志信息] 开始
2016-05-17 16:48:22,578 [1] INFO  Holly--[35244] [(null)] - [客户端推送日志信息] 获取到请求数：0
2016-05-17 16:49:07,294 [1] INFO  Holly--[35244] [(null)] - [登录登出模块] ExitLogin() Begin...
2016-05-17 16:49:07,387 [1] INFO  Holly--[35244] [(null)] - [登录登出模块]DeleteAgentStateToDB...客服退出时 LoginOnOid....IS:2
2016-05-17 16:49:07,387 [1] INFO  Holly--[35244] [(null)] - [登录登出模块]DeleteAgentStateToDB...客服退出时 GetCurrentTime()....IS:2016-05-17 16:49:07
2016-05-17 16:49:07,388 [1] INFO  Holly--[35244] [(null)] - [登录登出模块]DeleteAgentStateToDB...退出成功....
2016-05-17 16:49:07,434 [1] INFO  Holly--[35244] [(null)] - [HollyContactHelper]用户操作==签出->True
2016-05-17 16:49:07,440 [1] INFO  Holly--[35244] [(null)] - [Main] 更新上一个状态的结束时间 PreOid....IS:6
2016-05-17 16:49:08,911 [1] INFO  Holly--[35244] [(null)] - [HollyContactHelper]用户操作==卸载->True
2016-05-17 16:49:08,911 [1] INFO  Holly--[35244] [(null)] - [登录登出模块] ExitLogin() End.
