2016-03-22 11:31:30,627 [1] INFO  Holly- [(null)] - [登录窗口]btnLogin_Click Begin...
2016-03-22 11:31:30,699 [1] INFO  Holly- [(null)] - [HollyContactHelper]ModifySoftphoneINIByDN――根据DN35197,选择的SIPServerIP为：192.168.112.205
2016-03-22 11:31:30,987 [1] INFO  Holly- [(null)] - [HollyContactHelper]用户操作==装载及初始化->True
2016-03-22 11:31:30,987 [1] INFO  Holly- [(null)] - [登录窗口]btnLogin_Click： 异步加载，回调事件中继续登录
2016-03-22 11:31:30,987 [1] INFO  Holly- [(null)] - [登录窗口]btnLogin_Click End
2016-03-22 11:31:32,453 [1] INFO  Holly- [(null)] - [@@@厂家消息通知@@@]OnMessage ：厂家状态(CurStatus：0；CurStatusName：准备就绪状态；)厂家消息(服务器已上线:UserName=AgentUser,UserGOR=41025537)程序状态(PS01_就绪)
2016-03-22 11:31:32,478 [1] INFO  Holly- [(null)] - [@@@厂家消息通知@@@]OnMessage ：厂家状态(CurStatus：0；CurStatusName：准备就绪状态；)厂家消息(服务器已上线:UserName=LSUser,UserGOR=65537)程序状态(PS01_就绪)
2016-03-22 11:31:32,538 [1] INFO  Holly- [(null)] - [@@@厂家消息通知@@@]OnMessage ：厂家状态(CurStatus：0；CurStatusName：准备就绪状态；)厂家消息(服务器已上线:UserName=ASUser,UserGOR=720897)程序状态(PS01_就绪)
2016-03-22 11:31:32,539 [1] INFO  Holly- [(null)] - [@@@厂家消息通知@@@]OnMessage ：厂家状态(CurStatus：0；CurStatusName：准备就绪状态；)厂家消息(服务器已上线:UserName=StatEvent,UserGOR=327681)程序状态(PS01_就绪)
2016-03-22 11:31:32,541 [1] INFO  Holly- [(null)] - [@@@厂家消息通知@@@]OnMessage ：厂家状态(CurStatus：0；CurStatusName：准备就绪状态；)厂家消息(服务器已上线:UserName=StatUser,UserGOR=327682)程序状态(PS01_就绪)
2016-03-22 11:31:32,543 [1] INFO  Holly- [(null)] - [@@@厂家消息通知@@@]OnMessage ：厂家状态(CurStatus：0；CurStatusName：准备就绪状态；)厂家消息(服务器已上线:UserName=EDSUser,UserGOR=131073)程序状态(PS01_就绪)
2016-03-22 11:31:32,543 [1] INFO  Holly- [(null)] - 当前调用Load函数，返回的服务器信息条数为：6
2016-03-22 11:31:32,586 [1] INFO  Holly- [(null)] - [登录登出模块] Login(masj, pwd, 35197) Begin...
2016-03-22 11:31:32,588 [1] INFO  Holly- [(null)] - [登录登出模块] DomainAccountLogin(masj, pwd) begin...
2016-03-22 11:31:32,639 [1] INFO  Holly- [(null)] - [登录登出模块] DomainAccountLogin(masj, pwd) end.return BitAuto.Services.Organization.Remoting.Employee
2016-03-22 11:31:33,019 [1] INFO  Holly- [(null)] - [登录登出模块] InitLoginUser() Begin...
2016-03-22 11:31:45,229 [1] INFO  Holly- [(null)] - [登录登出模块] InitLoginUser() 客服登录...AgentID is:10658,AgentNum is:1100,GroupName is:易车商城组,OutNum is:0
2016-03-22 11:31:45,229 [1] INFO  Holly- [(null)] - [登录登出模块] InitLoginUser() End...
2016-03-22 11:31:45,768 [1] INFO  Holly- [(null)] - [HollyContactHelper]用户操作==添加技能组->1081 3
2016-03-22 11:31:45,768 [1] INFO  Holly- [(null)] - [HollyContactHelper]用户操作==添加技能组->1094 3
2016-03-22 11:31:45,768 [1] INFO  Holly- [(null)] - [HollyContactHelper]用户操作==添加技能组->1096 3
2016-03-22 11:31:45,806 [1] INFO  Holly- [(null)] - [HollyContactHelper]用户操作==签入->True
2016-03-22 11:31:45,904 [1] INFO  Holly- [(null)] - [登录登出模块] InsertAgentState()更新退出时间....initmsg
2016-03-22 11:31:45,928 [1] INFO  Holly- [(null)] - [登录登出模块] InsertAgentState()登录状态LoginOnOid....is:12
2016-03-22 11:31:45,928 [1] INFO  Holly- [(null)] - [登录登出模块] Login(masj, pwd, 35197) End.
2016-03-22 11:31:46,161 [1] INFO  Holly- [(null)] - [InitMainForm] 开始验证监控权限
2016-03-22 11:31:46,214 [1] INFO  Holly- [(null)] - [InitMainForm] 有 监控权限
2016-03-22 11:31:33,005 [1] INFO  Holly- [(null)] - [@@@厂家消息通知@@@]OnMessage ：厂家状态(CurStatus：0；CurStatusName：准备就绪状态；)厂家消息(座席签入成功)程序状态(PS01_就绪)
2016-03-22 11:31:33,037 [1] INFO  Holly- [(null)] - [事件][OnSignInSuccess] 签入成功事件
2016-03-22 11:31:33,051 [1] INFO  Holly- [(null)] - [登录登出模块] InsertAgentState()更新退出时间....success
2016-03-22 11:31:33,056 [1] INFO  Holly- [(null)] - [登录登出模块] InsertAgentState()登录状态LoginOnOid....is:13
2016-03-22 11:31:33,057 [1] INFO  Holly- [(null)] - [@@@厂家消息通知@@@]OnMessage ：厂家状态(CurStatus：2；CurStatusName：置忙；)厂家消息(状态改变：准备就绪状态-->置忙)程序状态(PS04_置忙)
2016-03-22 11:31:33,058 [1] INFO  Holly- [(null)] - [>>>厂家状态变化<<<]OnStatusChange ：PS01_就绪(0) -> PS04_置忙(2)
2016-03-22 11:31:33,435 [1] INFO  Holly- [(null)] - [HollyContactHelper]用户操作==置闲->True
2016-03-22 11:31:33,696 [1] INFO  Holly- [(null)] - [HollyContactHelper]用户操作==休息(BS0_自动)->True
2016-03-22 11:31:33,697 [1] INFO  Holly- [(null)] - [Main][SetMainStatus]设置状态：PS04_置忙(BS0_自动)
2016-03-22 11:31:33,706 [1] INFO  Holly- [(null)] - [@@@厂家消息通知@@@]OnMessage ：厂家状态(CurStatus：1；CurStatusName：空闲；)厂家消息(状态改变：置忙-->空闲)程序状态(PS03_置闲)
2016-03-22 11:31:33,706 [1] INFO  Holly- [(null)] - [>>>厂家状态变化<<<]OnStatusChange ：PS04_置忙(2) -> PS03_置闲(1)
2016-03-22 11:31:33,706 [1] INFO  Holly- [(null)] - [Main][SetMainStatus]设置状态：PS03_置闲
2016-03-22 11:31:33,708 [1] INFO  Holly- [(null)] - [@@@厂家消息通知@@@]OnMessage ：厂家状态(CurStatus：16；CurStatusName：休息；)厂家消息(状态改变：空闲-->休息)程序状态(PS05_休息)
2016-03-22 11:31:33,708 [1] INFO  Holly- [(null)] - [>>>厂家状态变化<<<]OnStatusChange ：PS03_置闲(1) -> PS05_休息(16)
2016-03-22 11:31:33,708 [1] INFO  Holly- [(null)] - [Main][SetMainStatus]设置状态：PS05_休息
2016-03-22 11:31:33,767 [1] INFO  Holly- [(null)] - [HollyContactHelper] 获取厂家信息 ==落地号码->
2016-03-22 11:31:33,769 [1] INFO  Holly- [(null)] - [@@@厂家消息通知@@@]OnMessage ：厂家状态(CurStatus：16；CurStatusName：休息；)厂家消息(休息开始。)程序状态(PS05_休息)
2016-03-22 11:31:33,790 [1] INFO  Holly- [(null)] - [HollyContactHelper] 获取厂家信息 ==落地号码->
2016-03-22 11:31:33,790 [1] INFO  Holly- [(null)] - [@@@厂家消息通知@@@]OnMessage ：厂家状态(CurStatus：16；CurStatusName：休息；)厂家消息(示闲成功。)程序状态(PS05_休息)
2016-03-22 11:31:33,801 [1] INFO  Holly- [(null)] - [HollyContactHelper] 获取厂家信息 ==落地号码->
2016-03-22 11:31:33,802 [1] INFO  Holly- [(null)] - [@@@厂家消息通知@@@]OnMessage ：厂家状态(CurStatus：16；CurStatusName：休息；)厂家消息(签入成功。)程序状态(PS05_休息)
2016-03-22 11:31:49,360 [1] INFO  Holly- [(null)] - [@@@厂家消息通知@@@]OnMessage ：厂家状态(CurStatus：16；CurStatusName：休息；)厂家消息(摘机：ContactID=20160322113203256_1_425_UIP5,CurrStatus=22,LastStatus=21,ResonCode=45,ResonDesc=CauseOffHook)程序状态(PS05_休息)
2016-03-22 11:31:49,436 [1] INFO  Holly- [(null)] - [@@@厂家消息通知@@@]OnMessage ：厂家状态(CurStatus：16；CurStatusName：休息；)厂家消息(座席话务处理)程序状态(PS05_休息)
2016-03-22 11:31:49,437 [1] INFO  Holly- [(null)] - [@@@厂家消息通知@@@]OnMessage ：厂家状态(CurStatus：16；CurStatusName：休息；)厂家消息(摘机：ContactID=20160322113203256_1_425_UIP5,CurrStatus=22,LastStatus=22,ResonCode=45,ResonDesc=CauseOffHook)程序状态(PS05_休息)
2016-03-22 11:31:49,698 [1] INFO  Holly- [(null)] - [@@@厂家消息通知@@@]OnMessage ：厂家状态(CurStatus：16；CurStatusName：休息；)厂家消息(录音开始：ContactID=20160322113203256_1_425_UIP5,ANI=35197,DNIS=9887237722,ResonCode=77,ResonDesc=_??? (77))程序状态(PS05_休息)
2016-03-22 11:32:16,037 [1] INFO  Holly- [(null)] - [Main] 点击按钮==置闲
2016-03-22 11:32:16,538 [1] INFO  Holly- [(null)] - [HollyContactHelper]用户操作==结束休息->False
2016-03-22 11:32:29,868 [1] INFO  Holly- [(null)] - [@@@厂家消息通知@@@]OnMessage ：厂家状态(CurStatus：16；CurStatusName：休息；)厂家消息(通知：ContactID=20160322113203256_1_425_UIP5,CurrStatus=28,LastStatus=28,OtherParty=9887237722,ResonCode=15,ResonDesc=ActOpDisconnected)程序状态(PS05_休息)
2016-03-22 11:32:29,908 [1] INFO  Holly- [(null)] - [@@@厂家消息通知@@@]OnMessage ：厂家状态(CurStatus：16；CurStatusName：休息；)厂家消息(录音停止：ContactID=20160322113203256_1_425_UIP5,ANI=35197,DNIS=9887237722,FileName=/var/spool/hollyRecord/2016/03/35197/35197_20160322113203303.mp3,TimeLen=40435,ResonCode=78,ResonDesc=_??? (78))程序状态(PS05_休息)
2016-03-22 11:32:29,909 [1] INFO  Holly- [(null)] - [@@@厂家消息通知@@@]OnMessage ：厂家状态(CurStatus：16；CurStatusName：休息；)厂家消息(话路被挂断：ContactID=20160322113203256_1_425_UIP5,CurrStatus=21,LastStatus=28,OtherParty=154038,ResonCode=16,ResonDesc=ActTpDisconnected)程序状态(PS05_休息)
2016-03-22 11:32:29,911 [1] INFO  Holly- [(null)] - [@@@厂家消息通知@@@]OnMessage ：厂家状态(CurStatus：15；CurStatusName：工作整理；)厂家消息(状态改变：休息-->工作整理)程序状态(PS06_话后)
2016-03-22 11:32:29,911 [1] INFO  Holly- [(null)] - [>>>厂家状态变化<<<]OnStatusChange ：PS05_休息(16) -> PS06_话后(15)
2016-03-22 11:32:29,911 [1] INFO  Holly- [(null)] - [Main][SetMainStatus]设置状态：PS06_话后
2016-03-22 11:32:32,272 [1] INFO  Holly- [(null)] - [HollyContactHelper] 获取厂家信息 ==主叫号码->35197
2016-03-22 11:32:32,273 [1] INFO  Holly- [(null)] - [HollyContactHelper] >>>> HaoMaProcess 处理前>>>> 35197
2016-03-22 11:32:32,275 [1] INFO  Holly- [(null)] - [HollyContactHelper] >>>> HaoMaProcess 处理后>>>> 35197
2016-03-22 11:32:32,275 [1] INFO  Holly- [(null)] - [HollyContactHelper] 获取厂家信息 ==主叫号码->35197 ()
2016-03-22 11:32:32,276 [1] INFO  Holly- [(null)] - [HollyContactHelper] 获取厂家信息 ==被叫号码->随路数据为空，通过方法获取->9887237722
2016-03-22 11:32:32,276 [1] INFO  Holly- [(null)] - [HollyContactHelper] >>>> HaoMaProcess 处理前>>>> 9887237722
2016-03-22 11:32:32,276 [1] INFO  Holly- [(null)] - [HollyContactHelper] >>>> HaoMaProcess 处理后>>>> 02987237722
2016-03-22 11:32:32,276 [1] INFO  Holly- [(null)] - [HollyContactHelper] 获取厂家信息 ==被叫号码->02987237722 (9887237722)
2016-03-22 11:32:32,277 [1] INFO  Holly- [(null)] - [HollyContactHelper] 获取厂家信息 ==落地号码->空
2016-03-22 11:32:32,277 [1] INFO  Holly- [(null)] - [@@@厂家消息通知@@@]OnMessage ：厂家状态(CurStatus：15；CurStatusName：工作整理；)厂家消息(整理工作开始。)程序状态(PS06_话后)
2016-03-22 11:32:32,850 [1] INFO  Holly- [(null)] - [客户端推送日志信息] 开始
2016-03-22 11:32:34,668 [1] INFO  Holly- [(null)] - [客户端推送日志信息] 获取到请求数：0
2016-03-22 11:33:29,467 [1] INFO  Holly- [(null)] - [Main] 点击按钮==置闲
2016-03-22 11:33:29,501 [1] INFO  Holly- [(null)] - [HollyContactHelper]用户操作==置闲->True
2016-03-22 11:33:29,728 [1] INFO  Holly- [(null)] - [@@@厂家消息通知@@@]OnMessage ：厂家状态(CurStatus：1；CurStatusName：空闲；)厂家消息(状态改变：工作整理-->空闲)程序状态(PS03_置闲)
2016-03-22 11:33:29,728 [1] INFO  Holly- [(null)] - [>>>厂家状态变化<<<]OnStatusChange ：PS06_话后(15) -> PS03_置闲(1)
2016-03-22 11:33:29,728 [1] INFO  Holly- [(null)] - [Main][SetMainStatus]设置状态：PS03_置闲
2016-03-22 11:33:30,658 [1] INFO  Holly- [(null)] - [HollyContactHelper] 获取厂家信息 ==落地号码->空
2016-03-22 11:33:30,658 [1] INFO  Holly- [(null)] - [@@@厂家消息通知@@@]OnMessage ：厂家状态(CurStatus：1；CurStatusName：空闲；)厂家消息(示闲成功。)程序状态(PS03_置闲)
2016-03-22 11:33:32,846 [1] INFO  Holly- [(null)] - [***MDBFileHelper***][AdditionalRecording] 补录数据
2016-03-22 11:33:34,686 [1] INFO  Holly- [(null)] - [客户端推送日志信息] 开始
2016-03-22 11:33:34,696 [1] INFO  Holly- [(null)] - [客户端推送日志信息] 获取到请求数：0
2016-03-22 11:34:27,959 [1] INFO  Holly- [(null)] - [@@@厂家消息通知@@@]OnMessage ：厂家状态(CurStatus：1；CurStatusName：空闲；)厂家消息(座席被锁定)程序状态(PS03_置闲)
2016-03-22 11:34:27,959 [1] INFO  Holly- [(null)] - [Main][SetMainStatus]设置状态：PS18_客服被锁定
2016-03-22 11:34:33,481 [1] INFO  Holly- [(null)] - [@@@厂家消息通知@@@]OnMessage ：厂家状态(CurStatus：3；CurStatusName：震铃；)厂家消息(状态改变：空闲-->震铃)程序状态(PS07_来电振铃)
2016-03-22 11:34:33,481 [1] INFO  Holly- [(null)] - [>>>厂家状态变化<<<]OnStatusChange ：PS03_置闲(1) -> PS07_来电振铃(3)
2016-03-22 11:34:33,481 [1] INFO  Holly- [(null)] - [Main][SetMainStatus]设置状态：PS07_来电振铃
2016-03-22 11:34:33,490 [1] INFO  Holly- [(null)] - [@@@厂家消息通知@@@]OnMessage ：厂家状态(CurStatus：3；CurStatusName：震铃；)厂家消息(座席话务处理)程序状态(PS07_来电振铃)
2016-03-22 11:34:35,851 [1] INFO  Holly- [(null)] - [HollyContactHelper] 普通进行 == 主叫号码->01068492026
2016-03-22 11:34:35,851 [1] INFO  Holly- [(null)] - [HollyContactHelper] 获取厂家信息 ==主叫号码->01068492026
2016-03-22 11:34:35,851 [1] INFO  Holly- [(null)] - [HollyContactHelper] >>>> HaoMaProcess 处理前>>>> 01068492026
2016-03-22 11:34:35,851 [1] INFO  Holly- [(null)] - [HollyContactHelper] >>>> HaoMaProcess 处理后>>>> 01068492026
2016-03-22 11:34:35,851 [1] INFO  Holly- [(null)] - [HollyContactHelper] 获取厂家信息 ==主叫号码->01068492026 ()
2016-03-22 11:34:35,852 [1] INFO  Holly- [(null)] - [HollyContactHelper] 获取厂家信息 ==被叫号码->35197
2016-03-22 11:34:35,854 [1] INFO  Holly- [(null)] - [HollyContactHelper] 获取厂家信息 ==落地号码->02987237722
2016-03-22 11:34:35,905 [1] INFO  Holly- [(null)] - [事件][OnBelling] 呼入振铃事件 ：呼入_分配接入 监控：非监控
2016-03-22 11:34:35,909 [1] INFO  Holly- [(null)] - [事件][CustomerInCome_OnBelling] 客服振铃
2016-03-22 11:34:35,910 [1] INFO  Holly- [(null)] - [======Common======] GetNewCallID ：生成新CallID时 date：2016-3-22 11:34:35 timestamp：1458617675
2016-03-22 11:34:35,911 [1] INFO  Holly- [(null)] - [======Common======] GetNewCallID ：生成新CallID：351971458617675413
2016-03-22 11:34:35,911 [1] INFO  Holly- [(null)] - [HollyContactHelper] [判断入线类型] == Skill_ID->1096 skillId-> sysAni-> mphone-> Key_IContact_ANI->01068492026 zhujiao->01068492026 beijiao->87237722
2016-03-22 11:34:35,911 [1] INFO  Holly- [(null)] - [HollyContactHelper] [判断入线类型] 普通呼入
2016-03-22 11:34:35,911 [1] INFO  Holly- [(null)] - [事件][CustomerInCome_OnBelling] 判断呼入类型：普通呼入
2016-03-22 11:34:36,014 [1] INFO  Holly- [(null)] - [HollyContactHelper] 普通进行 == 主叫号码->01068492026
2016-03-22 11:34:36,014 [1] INFO  Holly- [(null)] - [HollyContactHelper] 获取厂家信息 ==主叫号码->01068492026
2016-03-22 11:34:36,014 [1] INFO  Holly- [(null)] - [HollyContactHelper] >>>> HaoMaProcess 处理前>>>> 01068492026
2016-03-22 11:34:36,014 [1] INFO  Holly- [(null)] - [HollyContactHelper] >>>> HaoMaProcess 处理后>>>> 01068492026
2016-03-22 11:34:36,014 [1] INFO  Holly- [(null)] - [HollyContactHelper] 获取厂家信息 ==主叫号码->01068492026 ()
2016-03-22 11:34:36,014 [1] INFO  Holly- [(null)] - [HollyContactHelper] 获取厂家信息 ==被叫号码->35197
2016-03-22 11:34:36,015 [1] INFO  Holly- [(null)] - [HollyContactHelper] 获取厂家信息 ==落地号码->02987237722
2016-03-22 11:34:36,118 [1] INFO  Holly- [(null)] - [==BusinessProcess=] >>>> PhoneNumAndAni >>>> 01068492026->35197
2016-03-22 11:34:36,119 [1] INFO  Holly- [(null)] - [==BusinessProcess=] >>>> SwitchINNum >>>> 02987237722
2016-03-22 11:34:36,119 [1] INFO  Holly- [(null)] - [==BusinessProcess=] >>>> SkillGroup >>>> CS03
2016-03-22 11:34:36,121 [1] INFO  Holly- [(null)] - [==BusinessProcess=] InitCallRecordORIG callid：351971458617675413-calltype：C1_呼入
2016-03-22 11:34:36,122 [1] INFO  Holly- [(null)] - [==BusinessProcess=] >>>> InitiatedTime >>>> 2016-3-22 11:34:35
2016-03-22 11:34:36,122 [1] INFO  Holly- [(null)] - [==BusinessProcess=] >>>> RingingTime >>>> 2016-3-22 11:34:35
2016-03-22 11:34:36,126 [1] INFO  Holly- [(null)] - [HollyContactHelper] 获取厂家信息 ==落地号码->02987237722
2016-03-22 11:34:36,127 [1] INFO  Holly- [(null)] - [HollyContactHelper] 获取厂家信息 ==厂家ID->20160322113424934_1_431_UIP5
2016-03-22 11:34:36,128 [1] INFO  Holly- [(null)] - [==BusinessProcess=] InitUserEventData Transferred-351971458617675413-C33_JS呼入通话-2016-3-22 11:34:35
2016-03-22 11:34:36,135 [1] INFO  Holly- [(null)] - [MainJs] [SendToWeb] 发送网页消息：0 次数
2016-03-22 11:34:36,135 [1] INFO  Holly- [(null)] - [MainJs] [CurrentOutBoundTabPageName] 当前通话网页名称：
2016-03-22 11:34:36,146 [1] INFO  Holly- [(null)] - [MainUI] [SendMesToWeb] 获取当前默认标签页
2016-03-22 11:34:36,146 [1] INFO  Holly- [(null)] - [MainJs] [SendMesToWeb] 弹屏 http://ncc.sys1.bitauto.com/CTI/PopTransfer.aspx
2016-03-22 11:34:36,147 [1] INFO  Holly- [(null)] - [MainUI] [NewPageForReq] address is:http://ncc.sys1.bitauto.com/CTI/PopTransfer.aspx?UserEvent=Transferred&UserName=35197&CalledNum=35197&CallerNum=01068492026&CallID=351971458617675413&UserChoice=CS03&CallType=33&MediaType=-2&CallState=-2&CurrentDate=%u0032%u0030%u0031%u0036%u002D%u0030%u0033%u002D%u0032%u0032%u0020%u0031%u0031%u003A%u0033%u0034%u003A%u0033%u0035&SYS_DNIS=02987237722&RecordID=20160322113424934_1_431_UIP5&RecordIDURL=&IsEstablished=False&EstablishedStartTime=&TaskID=&TaskType=&outBoundType=-2
2016-03-22 11:34:36,148 [1] INFO  Holly- [(null)] - [MainUI] [CurrentOutBoundTabPageName] 呼入通话网页名称=新建：00ce5448-1365-4ae3-ae6e-343dfef56f6d
2016-03-22 11:34:36,159 [1] INFO  Holly- [(null)] - [MainUI] [ShowTabPagesLog] 全部页面 客户核实=4b0be12c-acd1-4431-82c1-e43e694f3949(); 新增页=00ce5448-1365-4ae3-ae6e-343dfef56f6d(4b0be12c-acd1-4431-82c1-e43e694f3949); 
2016-03-22 11:34:36,183 [1] INFO  Holly- [(null)] - [MainJs] [SendMesToWeb] CTIEventMsg msg：UserEvent=Transferred&UserName=35197&CalledNum=35197&CallerNum=01068492026&CallID=351971458617675413&UserChoice=CS03&CallType=33&MediaType=-2&CallState=-2&CurrentDate=%u0032%u0030%u0031%u0036%u002D%u0030%u0033%u002D%u0032%u0032%u0020%u0031%u0031%u003A%u0033%u0034%u003A%u0033%u0035&SYS_DNIS=02987237722&RecordID=20160322113424934_1_431_UIP5&RecordIDURL=&IsEstablished=False&EstablishedStartTime=&TaskID=&TaskType=&outBoundType=-2
2016-03-22 11:34:36,232 [1] INFO  Holly- [(null)] - [客户端推送日志信息] 开始
2016-03-22 11:34:36,241 [1] INFO  Holly- [(null)] - [客户端推送日志信息] 获取到请求数：0
2016-03-22 11:34:36,245 [1] INFO  Holly- [(null)] - [@@@厂家消息通知@@@]OnMessage ：厂家状态(CurStatus：3；CurStatusName：震铃；)厂家消息(来电振铃。)程序状态(PS07_来电振铃)
2016-03-22 11:34:38,772 [1] INFO  Holly- [(null)] - [@@@厂家消息通知@@@]OnMessage ：厂家状态(CurStatus：5；CurStatusName：两方通话；)厂家消息(状态改变：震铃-->两方通话)程序状态(PS08_普通通话)
2016-03-22 11:34:38,772 [1] INFO  Holly- [(null)] - [>>>厂家状态变化<<<]OnStatusChange ：PS07_来电振铃(3) -> PS08_普通通话(5)
2016-03-22 11:34:38,772 [1] INFO  Holly- [(null)] - [Main][SetMainStatus]设置状态：PS08_普通通话
2016-03-22 11:34:38,872 [1] INFO  Holly- [(null)] - [HollyContactHelper] 普通进行 == 主叫号码->01068492026
2016-03-22 11:34:38,872 [1] INFO  Holly- [(null)] - [HollyContactHelper] 获取厂家信息 ==主叫号码->01068492026
2016-03-22 11:34:38,872 [1] INFO  Holly- [(null)] - [HollyContactHelper] >>>> HaoMaProcess 处理前>>>> 01068492026
2016-03-22 11:34:38,872 [1] INFO  Holly- [(null)] - [HollyContactHelper] >>>> HaoMaProcess 处理后>>>> 01068492026
2016-03-22 11:34:38,872 [1] INFO  Holly- [(null)] - [HollyContactHelper] 获取厂家信息 ==主叫号码->01068492026 ()
2016-03-22 11:34:38,872 [1] INFO  Holly- [(null)] - [HollyContactHelper] 获取厂家信息 ==被叫号码->35197
2016-03-22 11:34:38,873 [1] INFO  Holly- [(null)] - [HollyContactHelper] 获取厂家信息 ==落地号码->02987237722
2016-03-22 11:34:38,887 [1] INFO  Holly- [(null)] - [事件][OnAnswerSuccess] 呼入接通成功事件 ：呼入_分配接入 监控：非监控
2016-03-22 11:34:38,888 [1] INFO  Holly- [(null)] - [事件][CustomerInCome_OnAnswer] 客服接通
2016-03-22 11:34:38,889 [1] INFO  Holly- [(null)] - [HollyContactHelper] 普通进行 == 主叫号码->01068492026
2016-03-22 11:34:38,889 [1] INFO  Holly- [(null)] - [HollyContactHelper] 获取厂家信息 ==主叫号码->01068492026
2016-03-22 11:34:38,889 [1] INFO  Holly- [(null)] - [HollyContactHelper] >>>> HaoMaProcess 处理前>>>> 01068492026
2016-03-22 11:34:38,889 [1] INFO  Holly- [(null)] - [HollyContactHelper] >>>> HaoMaProcess 处理后>>>> 01068492026
2016-03-22 11:34:38,889 [1] INFO  Holly- [(null)] - [HollyContactHelper] 获取厂家信息 ==主叫号码->01068492026 ()
2016-03-22 11:34:38,889 [1] INFO  Holly- [(null)] - [HollyContactHelper] 获取厂家信息 ==被叫号码->35197
2016-03-22 11:34:38,890 [1] INFO  Holly- [(null)] - [HollyContactHelper] 获取厂家信息 ==落地号码->02987237722
2016-03-22 11:34:38,890 [1] INFO  Holly- [(null)] - [==BusinessProcess=] >>>> PhoneNumAndAni >>>> 01068492026->35197
2016-03-22 11:34:38,890 [1] INFO  Holly- [(null)] - [==BusinessProcess=] >>>> SwitchINNum >>>> 02987237722
2016-03-22 11:34:38,890 [1] INFO  Holly- [(null)] - [==BusinessProcess=] >>>> SkillGroup >>>> CS03
2016-03-22 11:34:38,890 [1] INFO  Holly- [(null)] - [==BusinessProcess=] >>>> EstablishedTime >>>> 2016-3-22 11:34:38-hollycallid：
2016-03-22 11:34:38,891 [1] INFO  Holly- [(null)] - [HollyContactHelper] 获取厂家信息 ==落地号码->02987237722
2016-03-22 11:34:38,891 [1] INFO  Holly- [(null)] - [HollyContactHelper] 获取厂家信息 ==厂家ID->20160322113424934_1_431_UIP5
2016-03-22 11:34:38,892 [1] INFO  Holly- [(null)] - [==BusinessProcess=] InitUserEventData Established-351971458617675413-C33_JS呼入通话-2016-3-22 11:34:38
2016-03-22 11:34:38,892 [1] INFO  Holly- [(null)] - [MainJs] [SendToWeb] 发送网页消息：0 次数
2016-03-22 11:34:38,892 [1] INFO  Holly- [(null)] - [MainJs] [CurrentOutBoundTabPageName] 当前通话网页名称：00ce5448-1365-4ae3-ae6e-343dfef56f6d
2016-03-22 11:34:38,893 [1] INFO  Holly- [(null)] - [MainUI] [SendMesToWeb] getCurrentOutBoundBrowser 值是否为空 False
2016-03-22 11:34:38,893 [1] INFO  Holly- [(null)] - [MainUI] [SendMesToWeb] Document 值是否为空 True
2016-03-22 11:34:38,954 [1] ERROR Holly- [(null)] - 客户端回调函数出错：未将对象引用设置到对象的实例。|   在 CC2015_HollyFormsApp.Main.GetCurrentIHTMLWindow2() 位置 D:\TFS-Root\A5信息系统研发\销售业务管理平台\客户关系管理\BitAuto.DSC.CC2015.ClientApp\CC2015_HollyFormsApp\Form\Main\MainUI.cs:行号 282
   在 CC2015_HollyFormsApp.Main.SendToWeb(String msg, Int32 recount) 位置 D:\TFS-Root\A5信息系统研发\销售业务管理平台\客户关系管理\BitAuto.DSC.CC2015.ClientApp\CC2015_HollyFormsApp\Form\Main\MainJs.cs:行号 84
2016-03-22 11:34:38,956 [1] INFO  Holly- [(null)] - [@@@厂家消息通知@@@]OnMessage ：厂家状态(CurStatus：5；CurStatusName：两方通话；)厂家消息(应答成功。)程序状态(PS08_普通通话)
2016-03-22 11:34:38,998 [1] INFO  Holly- [(null)] - [@@@厂家消息通知@@@]OnMessage ：厂家状态(CurStatus：5；CurStatusName：两方通话；)厂家消息(录音开始：ContactID=20160322113424934_1_431_UIP5,ANI=01068492026,DNIS=87237722,ResonCode=77,ResonDesc=_??? (77))程序状态(PS08_普通通话)
2016-03-22 11:34:40,963 [1] INFO  Holly- [(null)] - [MainJs] [SendToWeb] 发送网页消息：1 次数
2016-03-22 11:34:40,963 [1] INFO  Holly- [(null)] - [MainJs] [CurrentOutBoundTabPageName] 当前通话网页名称：00ce5448-1365-4ae3-ae6e-343dfef56f6d
2016-03-22 11:34:40,963 [1] INFO  Holly- [(null)] - [MainUI] [SendMesToWeb] getCurrentOutBoundBrowser 值是否为空 False
2016-03-22 11:34:40,963 [1] INFO  Holly- [(null)] - [MainUI] [SendMesToWeb] Document 值是否为空 True
2016-03-22 11:34:40,964 [1] ERROR Holly- [(null)] - 客户端回调函数出错：未将对象引用设置到对象的实例。|   在 CC2015_HollyFormsApp.Main.GetCurrentIHTMLWindow2() 位置 D:\TFS-Root\A5信息系统研发\销售业务管理平台\客户关系管理\BitAuto.DSC.CC2015.ClientApp\CC2015_HollyFormsApp\Form\Main\MainUI.cs:行号 282
   在 CC2015_HollyFormsApp.Main.SendToWeb(String msg, Int32 recount) 位置 D:\TFS-Root\A5信息系统研发\销售业务管理平台\客户关系管理\BitAuto.DSC.CC2015.ClientApp\CC2015_HollyFormsApp\Form\Main\MainJs.cs:行号 84
2016-03-22 11:34:42,966 [1] INFO  Holly- [(null)] - [MainJs] [SendToWeb] 发送网页消息：2 次数
2016-03-22 11:34:42,966 [1] INFO  Holly- [(null)] - [MainJs] [CurrentOutBoundTabPageName] 当前通话网页名称：00ce5448-1365-4ae3-ae6e-343dfef56f6d
2016-03-22 11:34:42,966 [1] INFO  Holly- [(null)] - [MainUI] [SendMesToWeb] getCurrentOutBoundBrowser 值是否为空 False
2016-03-22 11:34:42,966 [1] INFO  Holly- [(null)] - [MainUI] [SendMesToWeb] Document 值是否为空 True
2016-03-22 11:34:42,967 [1] ERROR Holly- [(null)] - 客户端回调函数出错：未将对象引用设置到对象的实例。|   在 CC2015_HollyFormsApp.Main.GetCurrentIHTMLWindow2() 位置 D:\TFS-Root\A5信息系统研发\销售业务管理平台\客户关系管理\BitAuto.DSC.CC2015.ClientApp\CC2015_HollyFormsApp\Form\Main\MainUI.cs:行号 282
   在 CC2015_HollyFormsApp.Main.SendToWeb(String msg, Int32 recount) 位置 D:\TFS-Root\A5信息系统研发\销售业务管理平台\客户关系管理\BitAuto.DSC.CC2015.ClientApp\CC2015_HollyFormsApp\Form\Main\MainJs.cs:行号 84
2016-03-22 11:34:45,667 [1] INFO  Holly- [(null)] - [MainJs] [MethodScript] urlPath:/time/time?msg=%E5%AE%A2%E6%88%B7%E4%BF%A1%E6%81%AFjs%E5%8A%A0%E8%BD%BD%E5%BC%80%E5%A7%8B
2016-03-22 11:34:45,670 [1] INFO  Holly- [(null)] - [=====计时日志=====] 客户信息js加载开始
2016-03-22 11:34:45,670 [1] INFO  Holly- [(null)] - [MainJs] [MethodScript] msg:
2016-03-22 11:34:45,689 [1] INFO  Holly- [(null)] - [MainJs] [MethodScript] urlPath:/time/time?msg=%E5%AE%A2%E6%88%B7%E4%BF%A1%E6%81%AFjs%E5%8A%A0%E8%BD%BD%E5%AE%8C%E6%88%90%EF%BC%9A0.1s
2016-03-22 11:34:45,690 [1] INFO  Holly- [(null)] - [=====计时日志=====] 客户信息js加载完成：0.1s
2016-03-22 11:34:45,690 [1] INFO  Holly- [(null)] - [MainJs] [MethodScript] msg:
2016-03-22 11:34:45,690 [1] INFO  Holly- [(null)] - [MainJs] [MethodScript] urlPath:/time/time?msg=%E4%B9%B0%E8%BD%A6%E6%8E%A7%E4%BB%B6%E5%8A%A0%E8%BD%BD%E5%AE%8C%E6%88%90%20%EF%BC%88%E5%B7%B20.20s%EF%BC%89%EF%BC%9B
2016-03-22 11:34:45,690 [1] INFO  Holly- [(null)] - [=====计时日志=====] 买车控件加载完成 （已0.20s）；
2016-03-22 11:34:45,690 [1] INFO  Holly- [(null)] - [MainJs] [MethodScript] msg:
2016-03-22 11:34:45,690 [1] INFO  Holly- [(null)] - [MainJs] [MethodScript] urlPath:/time/time?msg=%E7%BB%8F%E9%94%80%E5%95%86%E6%8E%A7%E4%BB%B6%E5%8A%A0%E8%BD%BD%E5%AE%8C%E6%88%90%20%EF%BC%88%E5%B7%B20.07s%EF%BC%89%EF%BC%9B
2016-03-22 11:34:45,690 [1] INFO  Holly- [(null)] - [=====计时日志=====] 经销商控件加载完成 （已0.07s）；
2016-03-22 11:34:45,691 [1] INFO  Holly- [(null)] - [MainJs] [MethodScript] msg:
2016-03-22 11:34:45,694 [1] INFO  Holly- [(null)] - [MainJs] [MethodScript] urlPath:/time/time?msg=%E5%B7%A5%E5%8D%95-%E4%B8%AA%E4%BA%BA%E4%BF%A1%E6%81%AF%E5%8A%A0%E8%BD%BD%E5%AE%8C%E6%88%90%20%EF%BC%88%E6%97%A0%EF%BC%89
2016-03-22 11:34:45,694 [1] INFO  Holly- [(null)] - [=====计时日志=====] 工单-个人信息加载完成 （无）
2016-03-22 11:34:45,694 [1] INFO  Holly- [(null)] - [MainJs] [MethodScript] msg:
2016-03-22 11:34:45,699 [1] INFO  Holly- [(null)] - [MainJs] [MethodScript] urlPath:/time/time?msg=%E5%B7%A5%E5%8D%95-%E7%BB%8F%E9%94%80%E5%95%86%E4%BF%A1%E6%81%AF%E5%8A%A0%E8%BD%BD%E5%AE%8C%E6%88%90%20%EF%BC%88%E5%B7%B20.00s%EF%BC%89%EF%BC%9B
2016-03-22 11:34:45,699 [1] INFO  Holly- [(null)] - [=====计时日志=====] 工单-经销商信息加载完成 （已0.00s）；
2016-03-22 11:34:45,699 [1] INFO  Holly- [(null)] - [MainJs] [MethodScript] msg:
2016-03-22 11:34:46,202 [1] INFO  Holly- [(null)] - [MainJs] [SendToWeb] 发送网页消息：3 次数
2016-03-22 11:34:46,202 [1] INFO  Holly- [(null)] - [MainJs] [CurrentOutBoundTabPageName] 当前通话网页名称：00ce5448-1365-4ae3-ae6e-343dfef56f6d
2016-03-22 11:34:46,202 [1] INFO  Holly- [(null)] - [MainUI] [SendMesToWeb] getCurrentOutBoundBrowser 值是否为空 False
2016-03-22 11:34:46,202 [1] INFO  Holly- [(null)] - [MainUI] [SendMesToWeb] Document 值是否为空 False
2016-03-22 11:34:46,203 [1] INFO  Holly- [(null)] - [MainUI] [SendMesToWeb] Window 值是否为空 False
2016-03-22 11:34:46,203 [1] INFO  Holly- [(null)] - [MainUI] [SendMesToWeb] DomWindow 值是否为空 False
2016-03-22 11:34:46,203 [1] INFO  Holly- [(null)] - [MainUI] [SendMesToWeb] 获取当前通话网页名称：00ce5448-1365-4ae3-ae6e-343dfef56f6d
2016-03-22 11:34:46,206 [1] INFO  Holly- [(null)] - [MainJs] [SendMesToWeb] CTIEventMsg msg：UserEvent=Established&UserName=35197&CalledNum=35197&CallerNum=01068492026&CallID=351971458617675413&UserChoice=CS03&CallType=33&MediaType=-2&CallState=-2&CurrentDate=%u0032%u0030%u0031%u0036%u002D%u0030%u0033%u002D%u0032%u0032%u0020%u0031%u0031%u003A%u0033%u0034%u003A%u0033%u0038&SYS_DNIS=02987237722&RecordID=20160322113424934_1_431_UIP5&RecordIDURL=&IsEstablished=True&EstablishedStartTime=%u0032%u0030%u0031%u0036%u002D%u0030%u0033%u002D%u0032%u0032%u0020%u0031%u0031%u003A%u0033%u0034%u003A%u0033%u0038&TaskID=&TaskType=&outBoundType=-2
2016-03-22 11:35:32,968 [1] INFO  Holly- [(null)] - [***MDBFileHelper***][AdditionalRecording] 补录数据
2016-03-22 11:35:36,257 [1] INFO  Holly- [(null)] - [客户端推送日志信息] 开始
2016-03-22 11:35:38,582 [1] INFO  Holly- [(null)] - [客户端推送日志信息] 获取到请求数：0
2016-03-22 11:36:38,597 [1] INFO  Holly- [(null)] - [客户端推送日志信息] 开始
2016-03-22 11:36:38,607 [1] INFO  Holly- [(null)] - [客户端推送日志信息] 获取到请求数：0
2016-03-22 11:37:33,024 [1] INFO  Holly- [(null)] - [***MDBFileHelper***][AdditionalRecording] 补录数据
2016-03-22 11:37:38,625 [1] INFO  Holly- [(null)] - [客户端推送日志信息] 开始
2016-03-22 11:37:41,443 [1] INFO  Holly- [(null)] - [客户端推送日志信息] 获取到请求数：0
2016-03-22 11:38:10,858 [1] INFO  Holly- [(null)] - [@@@厂家消息通知@@@]OnMessage ：厂家状态(CurStatus：5；CurStatusName：两方通话；)厂家消息(录音停止：ContactID=20160322113424934_1_431_UIP5,ANI=01068492026,DNIS=87237722,FileName=/var/spool/hollyRecord/2016/03/35197/35197_20160322113452660.mp3,TimeLen=212067,ResonCode=78,ResonDesc=_??? (78))程序状态(PS08_普通通话)
2016-03-22 11:38:11,090 [1] INFO  Holly- [(null)] - [@@@厂家消息通知@@@]OnMessage ：厂家状态(CurStatus：5；CurStatusName：两方通话；)厂家消息(话路被挂断：ContactID=20160322113424934_1_431_UIP5,CurrStatus=21,LastStatus=28,OtherParty=151035,ResonCode=16,ResonDesc=ActTpDisconnected)程序状态(PS08_普通通话)
2016-03-22 11:38:11,091 [1] INFO  Holly- [(null)] - [@@@厂家消息通知@@@]OnMessage ：厂家状态(CurStatus：5；CurStatusName：两方通话；)厂家消息(通话结束。)程序状态(PS08_普通通话)
2016-03-22 11:38:11,095 [1] INFO  Holly- [(null)] - [事件][OnHangup] 挂断事件 ：对方用户挂机-呼入_分配接入 监控：非监控
2016-03-22 11:38:11,097 [1] INFO  Holly- [(null)] - [事件][OnHangup] 挂断
2016-03-22 11:38:11,121 [1] INFO  Holly- [(null)] - [HollyContactHelper] 获取厂家信息 ==厂家ID->20160322113424934_1_431_UIP5
2016-03-22 11:38:11,122 [1] INFO  Holly- [(null)] - [HollyContactHelper] 获取厂家信息 ==厂家ID->20160322113424934_1_431_UIP5
2016-03-22 11:38:11,123 [1] INFO  Holly- [(null)] - [HollyContactHelper] 普通进行 == 主叫号码->01068492026
2016-03-22 11:38:11,123 [1] INFO  Holly- [(null)] - [HollyContactHelper] 获取厂家信息 ==主叫号码->01068492026
2016-03-22 11:38:11,123 [1] INFO  Holly- [(null)] - [HollyContactHelper] >>>> HaoMaProcess 处理前>>>> 01068492026
2016-03-22 11:38:11,123 [1] INFO  Holly- [(null)] - [HollyContactHelper] >>>> HaoMaProcess 处理后>>>> 01068492026
2016-03-22 11:38:11,123 [1] INFO  Holly- [(null)] - [HollyContactHelper] 获取厂家信息 ==主叫号码->01068492026 ()
2016-03-22 11:38:11,123 [1] INFO  Holly- [(null)] - [HollyContactHelper] 获取厂家信息 ==被叫号码->35197
2016-03-22 11:38:11,123 [1] INFO  Holly- [(null)] - [HollyContactHelper] 获取厂家信息 ==落地号码->02987237722
2016-03-22 11:38:11,123 [1] INFO  Holly- [(null)] - [==BusinessProcess=] >>>> PhoneNumAndAni >>>> 01068492026->35197
2016-03-22 11:38:11,123 [1] INFO  Holly- [(null)] - [==BusinessProcess=] >>>> SwitchINNum >>>> 02987237722
2016-03-22 11:38:11,123 [1] INFO  Holly- [(null)] - [==BusinessProcess=] >>>> SkillGroup >>>> CS03
2016-03-22 11:38:11,124 [1] INFO  Holly- [(null)] - [==BusinessProcess=] >>>> CustomerReleaseTime >>>> 2016-3-22 11:38:11
2016-03-22 11:38:11,124 [1] INFO  Holly- [(null)] - [==BusinessProcess=] >>>> AfterWorkBeginTime >>>> 2016-3-22 11:38:11
2016-03-22 11:38:11,126 [1] INFO  Holly- [(null)] - [==BusinessProcess=] >>>> AudioURL >>>> http://192.168.112.208/var/spool/hollyRecord/2016/03/35197/35197_20160322113452660.mp3
2016-03-22 11:38:11,126 [1] INFO  Holly- [(null)] - [==BusinessProcess=] >>>> TallTime >>>> 212.231139
2016-03-22 11:38:12,439 [1] INFO  Holly- [(null)] - [CallRecordHelper][InsertCallRecordNew] 成功
2016-03-22 11:38:12,592 [1] INFO  Holly- [(null)] - [HollyContactHelper] 获取厂家信息 ==落地号码->02987237722
2016-03-22 11:38:12,592 [1] INFO  Holly- [(null)] - [HollyContactHelper] 获取厂家信息 ==厂家ID->20160322113424934_1_431_UIP5
2016-03-22 11:38:12,592 [1] INFO  Holly- [(null)] - [==BusinessProcess=] InitUserEventData Released-351971458617675413-C34_JS呼入挂断-2016-3-22 11:38:11
2016-03-22 11:38:12,592 [1] INFO  Holly- [(null)] - [MainJs] [SendToWeb] 发送网页消息：0 次数
2016-03-22 11:38:12,592 [1] INFO  Holly- [(null)] - [MainJs] [CurrentOutBoundTabPageName] 当前通话网页名称：00ce5448-1365-4ae3-ae6e-343dfef56f6d
2016-03-22 11:38:12,592 [1] INFO  Holly- [(null)] - [MainUI] [SendMesToWeb] getCurrentOutBoundBrowser 值是否为空 False
2016-03-22 11:38:12,593 [1] INFO  Holly- [(null)] - [MainUI] [SendMesToWeb] Document 值是否为空 False
2016-03-22 11:38:12,593 [1] INFO  Holly- [(null)] - [MainUI] [SendMesToWeb] Window 值是否为空 False
2016-03-22 11:38:12,593 [1] INFO  Holly- [(null)] - [MainUI] [SendMesToWeb] DomWindow 值是否为空 False
2016-03-22 11:38:12,593 [1] INFO  Holly- [(null)] - [MainUI] [SendMesToWeb] 获取当前通话网页名称：00ce5448-1365-4ae3-ae6e-343dfef56f6d
2016-03-22 11:38:12,597 [1] INFO  Holly- [(null)] - [MainJs] [SendMesToWeb] CTIEventMsg msg：UserEvent=Released&UserName=35197&CalledNum=35197&CallerNum=01068492026&CallID=351971458617675413&UserChoice=CS03&CallType=34&MediaType=-2&CallState=-2&CurrentDate=%u0032%u0030%u0031%u0036%u002D%u0030%u0033%u002D%u0032%u0032%u0020%u0031%u0031%u003A%u0033%u0038%u003A%u0031%u0031&SYS_DNIS=02987237722&RecordID=20160322113424934_1_431_UIP5&RecordIDURL=http://192.168.112.208/var/spool/hollyRecord/2016/03/35197/35197_20160322113452660.mp3&IsEstablished=True&EstablishedStartTime=%u0032%u0030%u0031%u0036%u002D%u0030%u0033%u002D%u0032%u0032%u0020%u0031%u0031%u003A%u0033%u0034%u003A%u0033%u0038&TaskID=&TaskType=&outBoundType=-2
2016-03-22 11:38:12,597 [1] INFO  Holly- [(null)] - [MainJs] [CurrentOutBoundTabPageName] 挂断清空
2016-03-22 11:38:12,598 [1] INFO  Holly- [(null)] - [@@@厂家消息通知@@@]OnMessage ：厂家状态(CurStatus：15；CurStatusName：工作整理；)厂家消息(状态改变：两方通话-->工作整理)程序状态(PS06_话后)
2016-03-22 11:38:12,599 [1] INFO  Holly- [(null)] - [>>>厂家状态变化<<<]OnStatusChange ：PS08_普通通话(5) -> PS06_话后(15)
2016-03-22 11:38:12,599 [1] INFO  Holly- [(null)] - [Main][SetMainStatus]设置状态：PS06_话后
2016-03-22 11:38:15,711 [1] INFO  Holly- [(null)] - [Main] 点击按钮==置闲
2016-03-22 11:38:15,748 [1] INFO  Holly- [(null)] - [HollyContactHelper]用户操作==置闲->True
2016-03-22 11:38:16,077 [1] INFO  Holly- [(null)] - [HollyContactHelper] 普通进行 == 主叫号码->01068492026
2016-03-22 11:38:16,077 [1] INFO  Holly- [(null)] - [HollyContactHelper] 获取厂家信息 ==主叫号码->01068492026
2016-03-22 11:38:16,077 [1] INFO  Holly- [(null)] - [HollyContactHelper] >>>> HaoMaProcess 处理前>>>> 01068492026
2016-03-22 11:38:16,077 [1] INFO  Holly- [(null)] - [HollyContactHelper] >>>> HaoMaProcess 处理后>>>> 01068492026
2016-03-22 11:38:16,077 [1] INFO  Holly- [(null)] - [HollyContactHelper] 获取厂家信息 ==主叫号码->01068492026 ()
2016-03-22 11:38:16,078 [1] INFO  Holly- [(null)] - [HollyContactHelper] 获取厂家信息 ==被叫号码->35197
2016-03-22 11:38:16,079 [1] INFO  Holly- [(null)] - [HollyContactHelper] 获取厂家信息 ==落地号码->02987237722
2016-03-22 11:38:16,110 [1] INFO  Holly- [(null)] - [@@@厂家消息通知@@@]OnMessage ：厂家状态(CurStatus：15；CurStatusName：工作整理；)厂家消息(整理工作开始。)程序状态(PS06_话后)
2016-03-22 11:38:16,113 [1] INFO  Holly- [(null)] - [@@@厂家消息通知@@@]OnMessage ：厂家状态(CurStatus：1；CurStatusName：空闲；)厂家消息(状态改变：工作整理-->空闲)程序状态(PS03_置闲)
2016-03-22 11:38:16,113 [1] INFO  Holly- [(null)] - [>>>厂家状态变化<<<]OnStatusChange ：PS06_话后(15) -> PS03_置闲(1)
2016-03-22 11:38:16,113 [1] INFO  Holly- [(null)] - [Main][SetMainStatus]设置状态：PS03_置闲
2016-03-22 11:38:16,242 [1] INFO  Holly- [(null)] - [HollyContactHelper] 获取厂家信息 ==落地号码->
2016-03-22 11:38:16,244 [1] INFO  Holly- [(null)] - [==BusinessProcess=] >>>> AfterWorkTime >>>> 2016-3-22 11:38:16-5.123293秒
2016-03-22 11:38:16,295 [1] INFO  Holly- [(null)] - [CallRecordHelper][InsertCallRecordNew] 成功
2016-03-22 11:38:16,308 [1] INFO  Holly- [(null)] - [@@@厂家消息通知@@@]OnMessage ：厂家状态(CurStatus：1；CurStatusName：空闲；)厂家消息(示闲成功。)程序状态(PS03_置闲)
2016-03-22 11:38:19,293 [1] INFO  Holly- [(null)] - [MainUI]IsCallingTel判断是否有电话正在通话SelectedTab.Name:00ce5448-1365-4ae3-ae6e-343dfef56f6d
2016-03-22 11:38:19,294 [1] INFO  Holly- [(null)] - [MainUI] [GetTabControlTabPagesCount] 可用页面数量=2
2016-03-22 11:38:41,464 [1] INFO  Holly- [(null)] - [客户端推送日志信息] 开始
2016-03-22 11:38:43,785 [1] INFO  Holly- [(null)] - [客户端推送日志信息] 获取到请求数：0
2016-03-22 11:39:06,968 [1] INFO  Holly- [(null)] - [@@@厂家消息通知@@@]OnMessage ：厂家状态(CurStatus：1；CurStatusName：空闲；)厂家消息(座席被锁定)程序状态(PS03_置闲)
2016-03-22 11:39:06,968 [1] INFO  Holly- [(null)] - [Main][SetMainStatus]设置状态：PS18_客服被锁定
2016-03-22 11:39:13,291 [1] INFO  Holly- [(null)] - [@@@厂家消息通知@@@]OnMessage ：厂家状态(CurStatus：3；CurStatusName：震铃；)厂家消息(状态改变：空闲-->震铃)程序状态(PS07_来电振铃)
2016-03-22 11:39:13,291 [1] INFO  Holly- [(null)] - [>>>厂家状态变化<<<]OnStatusChange ：PS03_置闲(1) -> PS07_来电振铃(3)
2016-03-22 11:39:13,291 [1] INFO  Holly- [(null)] - [Main][SetMainStatus]设置状态：PS07_来电振铃
2016-03-22 11:39:13,296 [1] INFO  Holly- [(null)] - [@@@厂家消息通知@@@]OnMessage ：厂家状态(CurStatus：3；CurStatusName：震铃；)厂家消息(座席话务处理)程序状态(PS07_来电振铃)
2016-03-22 11:39:15,655 [1] INFO  Holly- [(null)] - [HollyContactHelper] 普通进行 == 主叫号码->01068492026
2016-03-22 11:39:15,655 [1] INFO  Holly- [(null)] - [HollyContactHelper] 获取厂家信息 ==主叫号码->01068492026
2016-03-22 11:39:15,655 [1] INFO  Holly- [(null)] - [HollyContactHelper] >>>> HaoMaProcess 处理前>>>> 01068492026
2016-03-22 11:39:15,655 [1] INFO  Holly- [(null)] - [HollyContactHelper] >>>> HaoMaProcess 处理后>>>> 01068492026
2016-03-22 11:39:15,655 [1] INFO  Holly- [(null)] - [HollyContactHelper] 获取厂家信息 ==主叫号码->01068492026 ()
2016-03-22 11:39:15,656 [1] INFO  Holly- [(null)] - [HollyContactHelper] 获取厂家信息 ==被叫号码->35197
2016-03-22 11:39:15,657 [1] INFO  Holly- [(null)] - [HollyContactHelper] 获取厂家信息 ==落地号码->02987237722
2016-03-22 11:39:15,666 [1] INFO  Holly- [(null)] - [事件][OnBelling] 呼入振铃事件 ：呼入_分配接入 监控：非监控
2016-03-22 11:39:15,666 [1] INFO  Holly- [(null)] - [事件][CustomerInCome_OnBelling] 客服振铃
2016-03-22 11:39:15,666 [1] INFO  Holly- [(null)] - [======Common======] GetNewCallID ：生成新CallID时 date：2016-3-22 11:39:15 timestamp：1458617955
2016-03-22 11:39:15,666 [1] INFO  Holly- [(null)] - [======Common======] GetNewCallID ：生成新CallID：351971458617955611
2016-03-22 11:39:15,666 [1] INFO  Holly- [(null)] - [HollyContactHelper] [判断入线类型] == Skill_ID->1096 skillId-> sysAni-> mphone-> Key_IContact_ANI->01068492026 zhujiao->01068492026 beijiao->1005
2016-03-22 11:39:15,666 [1] INFO  Holly- [(null)] - [HollyContactHelper] [判断入线类型] 普通呼入
2016-03-22 11:39:15,666 [1] INFO  Holly- [(null)] - [事件][CustomerInCome_OnBelling] 判断呼入类型：普通呼入
2016-03-22 11:39:15,667 [1] INFO  Holly- [(null)] - [HollyContactHelper] 普通进行 == 主叫号码->01068492026
2016-03-22 11:39:15,667 [1] INFO  Holly- [(null)] - [HollyContactHelper] 获取厂家信息 ==主叫号码->01068492026
2016-03-22 11:39:15,667 [1] INFO  Holly- [(null)] - [HollyContactHelper] >>>> HaoMaProcess 处理前>>>> 01068492026
2016-03-22 11:39:15,667 [1] INFO  Holly- [(null)] - [HollyContactHelper] >>>> HaoMaProcess 处理后>>>> 01068492026
2016-03-22 11:39:15,667 [1] INFO  Holly- [(null)] - [HollyContactHelper] 获取厂家信息 ==主叫号码->01068492026 ()
2016-03-22 11:39:15,667 [1] INFO  Holly- [(null)] - [HollyContactHelper] 获取厂家信息 ==被叫号码->35197
2016-03-22 11:39:15,667 [1] INFO  Holly- [(null)] - [HollyContactHelper] 获取厂家信息 ==落地号码->02987237722
2016-03-22 11:39:15,667 [1] INFO  Holly- [(null)] - [==BusinessProcess=] >>>> PhoneNumAndAni >>>> 01068492026->35197
2016-03-22 11:39:15,667 [1] INFO  Holly- [(null)] - [==BusinessProcess=] >>>> SwitchINNum >>>> 02987237722
2016-03-22 11:39:15,667 [1] INFO  Holly- [(null)] - [==BusinessProcess=] >>>> SkillGroup >>>> CS03
2016-03-22 11:39:15,667 [1] INFO  Holly- [(null)] - [==BusinessProcess=] InitCallRecordORIG callid：351971458617955611-calltype：C1_呼入
2016-03-22 11:39:15,667 [1] INFO  Holly- [(null)] - [==BusinessProcess=] >>>> InitiatedTime >>>> 2016-3-22 11:39:15
2016-03-22 11:39:15,667 [1] INFO  Holly- [(null)] - [==BusinessProcess=] >>>> RingingTime >>>> 2016-3-22 11:39:15
2016-03-22 11:39:15,668 [1] INFO  Holly- [(null)] - [HollyContactHelper] 获取厂家信息 ==落地号码->02987237722
2016-03-22 11:39:15,668 [1] INFO  Holly- [(null)] - [HollyContactHelper] 获取厂家信息 ==厂家ID->20160322113911960_1_442_UIP5
2016-03-22 11:39:15,668 [1] INFO  Holly- [(null)] - [==BusinessProcess=] InitUserEventData Transferred-351971458617955611-C33_JS呼入通话-2016-3-22 11:39:15
2016-03-22 11:39:15,668 [1] INFO  Holly- [(null)] - [MainJs] [SendToWeb] 发送网页消息：0 次数
2016-03-22 11:39:15,668 [1] INFO  Holly- [(null)] - [MainJs] [CurrentOutBoundTabPageName] 当前通话网页名称：
2016-03-22 11:39:15,668 [1] INFO  Holly- [(null)] - [MainUI] [SendMesToWeb] 获取当前默认标签页
2016-03-22 11:39:15,669 [1] INFO  Holly- [(null)] - [MainJs] [SendMesToWeb] 弹屏 http://ncc.sys1.bitauto.com/CTI/PopTransfer.aspx
2016-03-22 11:39:15,669 [1] INFO  Holly- [(null)] - [MainUI] [NewPageForReq] address is:http://ncc.sys1.bitauto.com/CTI/PopTransfer.aspx?UserEvent=Transferred&UserName=35197&CalledNum=35197&CallerNum=01068492026&CallID=351971458617955611&UserChoice=CS03&CallType=33&MediaType=-2&CallState=-2&CurrentDate=%u0032%u0030%u0031%u0036%u002D%u0030%u0033%u002D%u0032%u0032%u0020%u0031%u0031%u003A%u0033%u0039%u003A%u0031%u0035&SYS_DNIS=02987237722&RecordID=20160322113911960_1_442_UIP5&RecordIDURL=&IsEstablished=False&EstablishedStartTime=&TaskID=&TaskType=&outBoundType=-2
2016-03-22 11:39:15,669 [1] INFO  Holly- [(null)] - [MainUI] [CurrentOutBoundTabPageName] 呼入通话网页名称=新建：b311e464-05ac-4f9b-b149-1e9ad65900cc
2016-03-22 11:39:15,681 [1] INFO  Holly- [(null)] - [MainUI] [ShowTabPagesLog] 全部页面 客户核实=4b0be12c-acd1-4431-82c1-e43e694f3949(); 新增页=b311e464-05ac-4f9b-b149-1e9ad65900cc(4b0be12c-acd1-4431-82c1-e43e694f3949); 
2016-03-22 11:39:15,802 [1] INFO  Holly- [(null)] - [MainJs] [SendMesToWeb] CTIEventMsg msg：UserEvent=Transferred&UserName=35197&CalledNum=35197&CallerNum=01068492026&CallID=351971458617955611&UserChoice=CS03&CallType=33&MediaType=-2&CallState=-2&CurrentDate=%u0032%u0030%u0031%u0036%u002D%u0030%u0033%u002D%u0032%u0032%u0020%u0031%u0031%u003A%u0033%u0039%u003A%u0031%u0035&SYS_DNIS=02987237722&RecordID=20160322113911960_1_442_UIP5&RecordIDURL=&IsEstablished=False&EstablishedStartTime=&TaskID=&TaskType=&outBoundType=-2
2016-03-22 11:39:15,858 [1] INFO  Holly- [(null)] - [@@@厂家消息通知@@@]OnMessage ：厂家状态(CurStatus：3；CurStatusName：震铃；)厂家消息(来电振铃。)程序状态(PS07_来电振铃)
2016-03-22 11:39:17,411 [1] INFO  Holly- [(null)] - [MainJs] [MethodScript] urlPath:/time/time?msg=%E5%AE%A2%E6%88%B7%E4%BF%A1%E6%81%AFjs%E5%8A%A0%E8%BD%BD%E5%BC%80%E5%A7%8B
2016-03-22 11:39:17,411 [1] INFO  Holly- [(null)] - [=====计时日志=====] 客户信息js加载开始
2016-03-22 11:39:17,412 [1] INFO  Holly- [(null)] - [MainJs] [MethodScript] msg:
2016-03-22 11:39:17,429 [1] INFO  Holly- [(null)] - [MainJs] [MethodScript] urlPath:/time/time?msg=%E5%AE%A2%E6%88%B7%E4%BF%A1%E6%81%AFjs%E5%8A%A0%E8%BD%BD%E5%AE%8C%E6%88%90%EF%BC%9A0.018s
2016-03-22 11:39:17,430 [1] INFO  Holly- [(null)] - [=====计时日志=====] 客户信息js加载完成：0.018s
2016-03-22 11:39:17,430 [1] INFO  Holly- [(null)] - [MainJs] [MethodScript] msg:
2016-03-22 11:39:17,430 [1] INFO  Holly- [(null)] - [MainJs] [MethodScript] urlPath:/time/time?msg=%E4%B9%B0%E8%BD%A6%E6%8E%A7%E4%BB%B6%E5%8A%A0%E8%BD%BD%E5%AE%8C%E6%88%90%20%EF%BC%88%E5%B7%B20.01s%EF%BC%89%EF%BC%9B
2016-03-22 11:39:17,430 [1] INFO  Holly- [(null)] - [=====计时日志=====] 买车控件加载完成 （已0.01s）；
2016-03-22 11:39:17,430 [1] INFO  Holly- [(null)] - [MainJs] [MethodScript] msg:
2016-03-22 11:39:17,430 [1] INFO  Holly- [(null)] - [MainJs] [MethodScript] urlPath:/time/time?msg=%E7%BB%8F%E9%94%80%E5%95%86%E6%8E%A7%E4%BB%B6%E5%8A%A0%E8%BD%BD%E5%AE%8C%E6%88%90%20%EF%BC%88%E5%B7%B20.00s%EF%BC%89%EF%BC%9B
2016-03-22 11:39:17,431 [1] INFO  Holly- [(null)] - [=====计时日志=====] 经销商控件加载完成 （已0.00s）；
2016-03-22 11:39:17,431 [1] INFO  Holly- [(null)] - [MainJs] [MethodScript] msg:
2016-03-22 11:39:17,435 [1] INFO  Holly- [(null)] - [MainJs] [MethodScript] urlPath:/time/time?msg=%E5%B7%A5%E5%8D%95-%E4%B8%AA%E4%BA%BA%E4%BF%A1%E6%81%AF%E5%8A%A0%E8%BD%BD%E5%AE%8C%E6%88%90%20%EF%BC%88%E6%97%A0%EF%BC%89
2016-03-22 11:39:17,435 [1] INFO  Holly- [(null)] - [=====计时日志=====] 工单-个人信息加载完成 （无）
2016-03-22 11:39:17,435 [1] INFO  Holly- [(null)] - [MainJs] [MethodScript] msg:
2016-03-22 11:39:17,441 [1] INFO  Holly- [(null)] - [MainJs] [MethodScript] urlPath:/time/time?msg=%E5%B7%A5%E5%8D%95-%E7%BB%8F%E9%94%80%E5%95%86%E4%BF%A1%E6%81%AF%E5%8A%A0%E8%BD%BD%E5%AE%8C%E6%88%90%20%EF%BC%88%E5%B7%B20.00s%EF%BC%89%EF%BC%9B
2016-03-22 11:39:17,441 [1] INFO  Holly- [(null)] - [=====计时日志=====] 工单-经销商信息加载完成 （已0.00s）；
2016-03-22 11:39:17,441 [1] INFO  Holly- [(null)] - [MainJs] [MethodScript] msg:
2016-03-22 11:39:19,939 [1] INFO  Holly- [(null)] - [Main] 点击按钮==摘机/挂断
2016-03-22 11:39:19,941 [1] INFO  Holly- [(null)] - [HollyContactHelper]用户操作==应答->True
2016-03-22 11:39:21,282 [1] INFO  Holly- [(null)] - [@@@厂家消息通知@@@]OnMessage ：厂家状态(CurStatus：5；CurStatusName：两方通话；)厂家消息(状态改变：震铃-->两方通话)程序状态(PS08_普通通话)
2016-03-22 11:39:21,282 [1] INFO  Holly- [(null)] - [>>>厂家状态变化<<<]OnStatusChange ：PS07_来电振铃(3) -> PS08_普通通话(5)
2016-03-22 11:39:21,282 [1] INFO  Holly- [(null)] - [Main][SetMainStatus]设置状态：PS08_普通通话
2016-03-22 11:39:21,320 [1] INFO  Holly- [(null)] - [HollyContactHelper] 普通进行 == 主叫号码->01068492026
2016-03-22 11:39:21,320 [1] INFO  Holly- [(null)] - [HollyContactHelper] 获取厂家信息 ==主叫号码->01068492026
2016-03-22 11:39:21,320 [1] INFO  Holly- [(null)] - [HollyContactHelper] >>>> HaoMaProcess 处理前>>>> 01068492026
2016-03-22 11:39:21,320 [1] INFO  Holly- [(null)] - [HollyContactHelper] >>>> HaoMaProcess 处理后>>>> 01068492026
2016-03-22 11:39:21,320 [1] INFO  Holly- [(null)] - [HollyContactHelper] 获取厂家信息 ==主叫号码->01068492026 ()
2016-03-22 11:39:21,321 [1] INFO  Holly- [(null)] - [HollyContactHelper] 获取厂家信息 ==被叫号码->35197
2016-03-22 11:39:21,321 [1] INFO  Holly- [(null)] - [HollyContactHelper] 获取厂家信息 ==落地号码->02987237722
2016-03-22 11:39:21,331 [1] INFO  Holly- [(null)] - [事件][OnAnswerSuccess] 呼入接通成功事件 ：呼入_分配接入 监控：非监控
2016-03-22 11:39:21,331 [1] INFO  Holly- [(null)] - [事件][CustomerInCome_OnAnswer] 客服接通
2016-03-22 11:39:21,331 [1] INFO  Holly- [(null)] - [HollyContactHelper] 普通进行 == 主叫号码->01068492026
2016-03-22 11:39:21,331 [1] INFO  Holly- [(null)] - [HollyContactHelper] 获取厂家信息 ==主叫号码->01068492026
2016-03-22 11:39:21,331 [1] INFO  Holly- [(null)] - [HollyContactHelper] >>>> HaoMaProcess 处理前>>>> 01068492026
2016-03-22 11:39:21,331 [1] INFO  Holly- [(null)] - [HollyContactHelper] >>>> HaoMaProcess 处理后>>>> 01068492026
2016-03-22 11:39:21,331 [1] INFO  Holly- [(null)] - [HollyContactHelper] 获取厂家信息 ==主叫号码->01068492026 ()
2016-03-22 11:39:21,331 [1] INFO  Holly- [(null)] - [HollyContactHelper] 获取厂家信息 ==被叫号码->35197
2016-03-22 11:39:21,332 [1] INFO  Holly- [(null)] - [HollyContactHelper] 获取厂家信息 ==落地号码->02987237722
2016-03-22 11:39:21,332 [1] INFO  Holly- [(null)] - [==BusinessProcess=] >>>> PhoneNumAndAni >>>> 01068492026->35197
2016-03-22 11:39:21,332 [1] INFO  Holly- [(null)] - [==BusinessProcess=] >>>> SwitchINNum >>>> 02987237722
2016-03-22 11:39:21,332 [1] INFO  Holly- [(null)] - [==BusinessProcess=] >>>> SkillGroup >>>> CS03
2016-03-22 11:39:21,332 [1] INFO  Holly- [(null)] - [==BusinessProcess=] >>>> EstablishedTime >>>> 2016-3-22 11:39:21-hollycallid：
2016-03-22 11:39:21,332 [1] INFO  Holly- [(null)] - [HollyContactHelper] 获取厂家信息 ==落地号码->02987237722
2016-03-22 11:39:21,333 [1] INFO  Holly- [(null)] - [HollyContactHelper] 获取厂家信息 ==厂家ID->20160322113911960_1_442_UIP5
2016-03-22 11:39:21,333 [1] INFO  Holly- [(null)] - [==BusinessProcess=] InitUserEventData Established-351971458617955611-C33_JS呼入通话-2016-3-22 11:39:21
2016-03-22 11:39:21,333 [1] INFO  Holly- [(null)] - [MainJs] [SendToWeb] 发送网页消息：0 次数
2016-03-22 11:39:21,333 [1] INFO  Holly- [(null)] - [MainJs] [CurrentOutBoundTabPageName] 当前通话网页名称：b311e464-05ac-4f9b-b149-1e9ad65900cc
2016-03-22 11:39:21,333 [1] INFO  Holly- [(null)] - [MainUI] [SendMesToWeb] getCurrentOutBoundBrowser 值是否为空 False
2016-03-22 11:39:21,333 [1] INFO  Holly- [(null)] - [MainUI] [SendMesToWeb] Document 值是否为空 False
2016-03-22 11:39:21,333 [1] INFO  Holly- [(null)] - [MainUI] [SendMesToWeb] Window 值是否为空 False
2016-03-22 11:39:21,333 [1] INFO  Holly- [(null)] - [MainUI] [SendMesToWeb] DomWindow 值是否为空 False
2016-03-22 11:39:21,334 [1] INFO  Holly- [(null)] - [MainUI] [SendMesToWeb] 获取当前通话网页名称：b311e464-05ac-4f9b-b149-1e9ad65900cc
2016-03-22 11:39:21,336 [1] INFO  Holly- [(null)] - [MainJs] [SendMesToWeb] CTIEventMsg msg：UserEvent=Established&UserName=35197&CalledNum=35197&CallerNum=01068492026&CallID=351971458617955611&UserChoice=CS03&CallType=33&MediaType=-2&CallState=-2&CurrentDate=%u0032%u0030%u0031%u0036%u002D%u0030%u0033%u002D%u0032%u0032%u0020%u0031%u0031%u003A%u0033%u0039%u003A%u0032%u0031&SYS_DNIS=02987237722&RecordID=20160322113911960_1_442_UIP5&RecordIDURL=&IsEstablished=True&EstablishedStartTime=%u0032%u0030%u0031%u0036%u002D%u0030%u0033%u002D%u0032%u0032%u0020%u0031%u0031%u003A%u0033%u0039%u003A%u0032%u0031&TaskID=&TaskType=&outBoundType=-2
2016-03-22 11:39:21,336 [1] INFO  Holly- [(null)] - [@@@厂家消息通知@@@]OnMessage ：厂家状态(CurStatus：5；CurStatusName：两方通话；)厂家消息(应答成功。)程序状态(PS08_普通通话)
2016-03-22 11:39:21,517 [1] INFO  Holly- [(null)] - [@@@厂家消息通知@@@]OnMessage ：厂家状态(CurStatus：5；CurStatusName：两方通话；)厂家消息(录音开始：ContactID=20160322113911960_1_442_UIP5,ANI=01068492026,DNIS=1005,ResonCode=77,ResonDesc=_??? (77))程序状态(PS08_普通通话)
2016-03-22 11:39:33,085 [1] INFO  Holly- [(null)] - [***MDBFileHelper***][AdditionalRecording] 补录数据
2016-03-22 11:39:43,799 [1] INFO  Holly- [(null)] - [客户端推送日志信息] 开始
2016-03-22 11:39:43,809 [1] INFO  Holly- [(null)] - [客户端推送日志信息] 获取到请求数：0
2016-03-22 11:40:43,813 [1] INFO  Holly- [(null)] - [客户端推送日志信息] 开始
2016-03-22 11:40:43,851 [1] INFO  Holly- [(null)] - [客户端推送日志信息] 获取到请求数：0
2016-03-22 11:41:33,171 [1] INFO  Holly- [(null)] - [***MDBFileHelper***][AdditionalRecording] 补录数据
2016-03-22 11:41:43,859 [1] INFO  Holly- [(null)] - [客户端推送日志信息] 开始
2016-03-22 11:41:46,243 [1] INFO  Holly- [(null)] - [客户端推送日志信息] 获取到请求数：0
2016-03-22 11:42:46,260 [1] INFO  Holly- [(null)] - [客户端推送日志信息] 开始
2016-03-22 11:42:46,360 [1] INFO  Holly- [(null)] - [客户端推送日志信息] 获取到请求数：0
2016-03-22 11:43:33,232 [1] INFO  Holly- [(null)] - [***MDBFileHelper***][AdditionalRecording] 补录数据
2016-03-22 11:43:46,366 [1] INFO  Holly- [(null)] - [客户端推送日志信息] 开始
2016-03-22 11:43:46,418 [1] INFO  Holly- [(null)] - [客户端推送日志信息] 获取到请求数：0
2016-03-22 11:44:34,895 [1] INFO  Holly- [(null)] - [@@@厂家消息通知@@@]OnMessage ：厂家状态(CurStatus：5；CurStatusName：两方通话；)厂家消息(录音停止：ContactID=20160322113911960_1_442_UIP5,ANI=01068492026,DNIS=1005,FileName=/var/spool/hollyRecord/2016/03/35197/35197_20160322113935162.mp3,TimeLen=313587,ResonCode=78,ResonDesc=_??? (78))程序状态(PS08_普通通话)
2016-03-22 11:44:35,133 [1] INFO  Holly- [(null)] - [@@@厂家消息通知@@@]OnMessage ：厂家状态(CurStatus：5；CurStatusName：两方通话；)厂家消息(话路被挂断：ContactID=20160322113911960_1_442_UIP5,CurrStatus=21,LastStatus=28,OtherParty=151045,ResonCode=16,ResonDesc=ActTpDisconnected)程序状态(PS08_普通通话)
2016-03-22 11:44:35,136 [1] INFO  Holly- [(null)] - [@@@厂家消息通知@@@]OnMessage ：厂家状态(CurStatus：5；CurStatusName：两方通话；)厂家消息(通话结束。)程序状态(PS08_普通通话)
2016-03-22 11:44:35,137 [1] INFO  Holly- [(null)] - [事件][OnHangup] 挂断事件 ：对方用户挂机-呼入_分配接入 监控：非监控
2016-03-22 11:44:35,137 [1] INFO  Holly- [(null)] - [事件][OnHangup] 挂断
2016-03-22 11:44:35,179 [1] INFO  Holly- [(null)] - [HollyContactHelper] 获取厂家信息 ==厂家ID->20160322113911960_1_442_UIP5
2016-03-22 11:44:35,179 [1] INFO  Holly- [(null)] - [HollyContactHelper] 获取厂家信息 ==厂家ID->20160322113911960_1_442_UIP5
2016-03-22 11:44:35,179 [1] INFO  Holly- [(null)] - [HollyContactHelper] 普通进行 == 主叫号码->01068492026
2016-03-22 11:44:35,179 [1] INFO  Holly- [(null)] - [HollyContactHelper] 获取厂家信息 ==主叫号码->01068492026
2016-03-22 11:44:35,179 [1] INFO  Holly- [(null)] - [HollyContactHelper] >>>> HaoMaProcess 处理前>>>> 01068492026
2016-03-22 11:44:35,179 [1] INFO  Holly- [(null)] - [HollyContactHelper] >>>> HaoMaProcess 处理后>>>> 01068492026
2016-03-22 11:44:35,179 [1] INFO  Holly- [(null)] - [HollyContactHelper] 获取厂家信息 ==主叫号码->01068492026 ()
2016-03-22 11:44:35,180 [1] INFO  Holly- [(null)] - [HollyContactHelper] 获取厂家信息 ==被叫号码->35197
2016-03-22 11:44:35,180 [1] INFO  Holly- [(null)] - [HollyContactHelper] 获取厂家信息 ==落地号码->02987237722
2016-03-22 11:44:35,180 [1] INFO  Holly- [(null)] - [==BusinessProcess=] >>>> PhoneNumAndAni >>>> 01068492026->35197
2016-03-22 11:44:35,180 [1] INFO  Holly- [(null)] - [==BusinessProcess=] >>>> SwitchINNum >>>> 02987237722
2016-03-22 11:44:35,180 [1] INFO  Holly- [(null)] - [==BusinessProcess=] >>>> SkillGroup >>>> CS03
2016-03-22 11:44:35,180 [1] INFO  Holly- [(null)] - [==BusinessProcess=] >>>> CustomerReleaseTime >>>> 2016-3-22 11:44:35
2016-03-22 11:44:35,180 [1] INFO  Holly- [(null)] - [==BusinessProcess=] >>>> AfterWorkBeginTime >>>> 2016-3-22 11:44:35
2016-03-22 11:44:35,180 [1] INFO  Holly- [(null)] - [==BusinessProcess=] >>>> AudioURL >>>> http://192.168.112.208/var/spool/hollyRecord/2016/03/35197/35197_20160322113935162.mp3
2016-03-22 11:44:35,180 [1] INFO  Holly- [(null)] - [==BusinessProcess=] >>>> TallTime >>>> 313.847951
2016-03-22 11:44:41,766 [1] INFO  Holly- [(null)] - [CallRecordHelper][InsertCallRecordNew] 成功
2016-03-22 11:44:41,827 [1] INFO  Holly- [(null)] - [HollyContactHelper] 获取厂家信息 ==落地号码->02987237722
2016-03-22 11:44:41,828 [1] INFO  Holly- [(null)] - [HollyContactHelper] 获取厂家信息 ==厂家ID->20160322113911960_1_442_UIP5
2016-03-22 11:44:41,828 [1] INFO  Holly- [(null)] - [==BusinessProcess=] InitUserEventData Released-351971458617955611-C34_JS呼入挂断-2016-3-22 11:44:35
2016-03-22 11:44:41,828 [1] INFO  Holly- [(null)] - [MainJs] [SendToWeb] 发送网页消息：0 次数
2016-03-22 11:44:41,828 [1] INFO  Holly- [(null)] - [MainJs] [CurrentOutBoundTabPageName] 当前通话网页名称：b311e464-05ac-4f9b-b149-1e9ad65900cc
2016-03-22 11:44:41,828 [1] INFO  Holly- [(null)] - [MainUI] [SendMesToWeb] getCurrentOutBoundBrowser 值是否为空 False
2016-03-22 11:44:41,829 [1] INFO  Holly- [(null)] - [MainUI] [SendMesToWeb] Document 值是否为空 False
2016-03-22 11:44:41,830 [1] INFO  Holly- [(null)] - [MainUI] [SendMesToWeb] Window 值是否为空 False
2016-03-22 11:44:41,830 [1] INFO  Holly- [(null)] - [MainUI] [SendMesToWeb] DomWindow 值是否为空 False
2016-03-22 11:44:41,830 [1] INFO  Holly- [(null)] - [MainUI] [SendMesToWeb] 获取当前通话网页名称：b311e464-05ac-4f9b-b149-1e9ad65900cc
2016-03-22 11:44:41,834 [1] INFO  Holly- [(null)] - [MainJs] [SendMesToWeb] CTIEventMsg msg：UserEvent=Released&UserName=35197&CalledNum=35197&CallerNum=01068492026&CallID=351971458617955611&UserChoice=CS03&CallType=34&MediaType=-2&CallState=-2&CurrentDate=%u0032%u0030%u0031%u0036%u002D%u0030%u0033%u002D%u0032%u0032%u0020%u0031%u0031%u003A%u0034%u0034%u003A%u0033%u0035&SYS_DNIS=02987237722&RecordID=20160322113911960_1_442_UIP5&RecordIDURL=http://192.168.112.208/var/spool/hollyRecord/2016/03/35197/35197_20160322113935162.mp3&IsEstablished=True&EstablishedStartTime=%u0032%u0030%u0031%u0036%u002D%u0030%u0033%u002D%u0032%u0032%u0020%u0031%u0031%u003A%u0033%u0039%u003A%u0032%u0031&TaskID=&TaskType=&outBoundType=-2
2016-03-22 11:44:41,834 [1] INFO  Holly- [(null)] - [MainJs] [CurrentOutBoundTabPageName] 挂断清空
2016-03-22 11:44:41,835 [1] INFO  Holly- [(null)] - [@@@厂家消息通知@@@]OnMessage ：厂家状态(CurStatus：15；CurStatusName：工作整理；)厂家消息(状态改变：两方通话-->工作整理)程序状态(PS06_话后)
2016-03-22 11:44:41,835 [1] INFO  Holly- [(null)] - [>>>厂家状态变化<<<]OnStatusChange ：PS08_普通通话(5) -> PS06_话后(15)
2016-03-22 11:44:41,835 [1] INFO  Holly- [(null)] - [Main][SetMainStatus]设置状态：PS06_话后
2016-03-22 11:44:43,276 [1] INFO  Holly- [(null)] - [HollyContactHelper] 普通进行 == 主叫号码->01068492026
2016-03-22 11:44:43,276 [1] INFO  Holly- [(null)] - [HollyContactHelper] 获取厂家信息 ==主叫号码->01068492026
2016-03-22 11:44:43,276 [1] INFO  Holly- [(null)] - [HollyContactHelper] >>>> HaoMaProcess 处理前>>>> 01068492026
2016-03-22 11:44:43,276 [1] INFO  Holly- [(null)] - [HollyContactHelper] >>>> HaoMaProcess 处理后>>>> 01068492026
2016-03-22 11:44:43,276 [1] INFO  Holly- [(null)] - [HollyContactHelper] 获取厂家信息 ==主叫号码->01068492026 ()
2016-03-22 11:44:43,277 [1] INFO  Holly- [(null)] - [HollyContactHelper] 获取厂家信息 ==被叫号码->35197
2016-03-22 11:44:43,278 [1] INFO  Holly- [(null)] - [HollyContactHelper] 获取厂家信息 ==落地号码->02987237722
2016-03-22 11:44:43,286 [1] INFO  Holly- [(null)] - [@@@厂家消息通知@@@]OnMessage ：厂家状态(CurStatus：15；CurStatusName：工作整理；)厂家消息(整理工作开始。)程序状态(PS06_话后)
2016-03-22 11:44:46,428 [1] INFO  Holly- [(null)] - [客户端推送日志信息] 开始
2016-03-22 11:44:46,438 [1] INFO  Holly- [(null)] - [客户端推送日志信息] 获取到请求数：0
2016-03-22 11:45:33,288 [1] INFO  Holly- [(null)] - [***MDBFileHelper***][AdditionalRecording] 补录数据
2016-03-22 11:45:41,120 [1] INFO  Holly- [(null)] - [HollyContactHelper]用户操作==置闲->True
2016-03-22 11:45:41,673 [1] INFO  Holly- [(null)] - [@@@厂家消息通知@@@]OnMessage ：厂家状态(CurStatus：1；CurStatusName：空闲；)厂家消息(状态改变：工作整理-->空闲)程序状态(PS03_置闲)
2016-03-22 11:45:41,673 [1] INFO  Holly- [(null)] - [>>>厂家状态变化<<<]OnStatusChange ：PS06_话后(15) -> PS03_置闲(1)
2016-03-22 11:45:41,673 [1] INFO  Holly- [(null)] - [Main][SetMainStatus]设置状态：PS03_置闲
2016-03-22 11:45:44,203 [1] INFO  Holly- [(null)] - [HollyContactHelper] 获取厂家信息 ==落地号码->
2016-03-22 11:45:44,203 [1] INFO  Holly- [(null)] - [==BusinessProcess=] >>>> AfterWorkTime >>>> 2016-3-22 11:45:44-69.023948秒
2016-03-22 11:45:44,224 [1] INFO  Holly- [(null)] - [CallRecordHelper][InsertCallRecordNew] 成功
2016-03-22 11:45:44,235 [1] INFO  Holly- [(null)] - [@@@厂家消息通知@@@]OnMessage ：厂家状态(CurStatus：1；CurStatusName：空闲；)厂家消息(示闲成功。)程序状态(PS03_置闲)
2016-03-22 11:45:46,457 [1] INFO  Holly- [(null)] - [客户端推送日志信息] 开始
2016-03-22 11:45:46,465 [1] INFO  Holly- [(null)] - [客户端推送日志信息] 获取到请求数：0
2016-03-22 11:46:46,485 [1] INFO  Holly- [(null)] - [客户端推送日志信息] 开始
2016-03-22 11:46:46,534 [1] INFO  Holly- [(null)] - [客户端推送日志信息] 获取到请求数：0
2016-03-22 11:47:33,347 [1] INFO  Holly- [(null)] - [***MDBFileHelper***][AdditionalRecording] 补录数据
2016-03-22 11:47:46,546 [1] INFO  Holly- [(null)] - [客户端推送日志信息] 开始
2016-03-22 11:47:48,897 [1] INFO  Holly- [(null)] - [客户端推送日志信息] 获取到请求数：0
2016-03-22 11:48:48,914 [1] INFO  Holly- [(null)] - [客户端推送日志信息] 开始
2016-03-22 11:48:58,159 [1] INFO  Holly- [(null)] - [客户端推送日志信息] 获取到请求数：0
2016-03-22 11:49:33,404 [1] INFO  Holly- [(null)] - [***MDBFileHelper***][AdditionalRecording] 补录数据
2016-03-22 11:49:58,180 [1] INFO  Holly- [(null)] - [客户端推送日志信息] 开始
2016-03-22 11:49:58,191 [1] INFO  Holly- [(null)] - [客户端推送日志信息] 获取到请求数：0
2016-03-22 11:50:58,208 [1] INFO  Holly- [(null)] - [客户端推送日志信息] 开始
2016-03-22 11:50:58,220 [1] INFO  Holly- [(null)] - [客户端推送日志信息] 获取到请求数：0
2016-03-22 11:51:35,472 [1] INFO  Holly- [(null)] - [***MDBFileHelper***][AdditionalRecording] 补录数据
2016-03-22 11:51:58,236 [1] INFO  Holly- [(null)] - [客户端推送日志信息] 开始
2016-03-22 11:52:05,879 [1] INFO  Holly- [(null)] - [客户端推送日志信息] 获取到请求数：0
2016-03-22 11:53:05,896 [1] INFO  Holly- [(null)] - [客户端推送日志信息] 开始
2016-03-22 11:53:08,222 [1] INFO  Holly- [(null)] - [客户端推送日志信息] 获取到请求数：0
2016-03-22 11:53:35,535 [1] INFO  Holly- [(null)] - [***MDBFileHelper***][AdditionalRecording] 补录数据
2016-03-22 11:54:08,234 [1] INFO  Holly- [(null)] - [客户端推送日志信息] 开始
2016-03-22 11:54:08,244 [1] INFO  Holly- [(null)] - [客户端推送日志信息] 获取到请求数：0
2016-03-22 11:55:08,263 [1] INFO  Holly- [(null)] - [客户端推送日志信息] 开始
2016-03-22 11:55:13,180 [1] INFO  Holly- [(null)] - [客户端推送日志信息] 获取到请求数：0
2016-03-22 11:55:35,593 [1] INFO  Holly- [(null)] - [***MDBFileHelper***][AdditionalRecording] 补录数据
2016-03-22 11:56:13,190 [1] INFO  Holly- [(null)] - [客户端推送日志信息] 开始
2016-03-22 11:56:15,981 [1] INFO  Holly- [(null)] - [客户端推送日志信息] 获取到请求数：0
2016-03-22 11:56:34,166 [1] INFO  Holly- [(null)] - [登录登出模块] ExitLogin() Begin...
2016-03-22 11:56:34,244 [1] INFO  Holly- [(null)] - [登录登出模块]DeleteAgentStateToDB...客服退出时LoginOnOid....IS:13
2016-03-22 11:56:34,244 [1] INFO  Holly- [(null)] - [登录登出模块]DeleteAgentStateToDB...客服退出时GetCurrentTime()....IS:2016-03-22 11:56:34
2016-03-22 11:56:34,246 [1] INFO  Holly- [(null)] - [登录登出模块]DeleteAgentStateToDB...退出成功....
2016-03-22 11:56:34,281 [1] INFO  Holly- [(null)] - [HollyContactHelper]用户操作==签出->True
2016-03-22 11:56:35,583 [1] INFO  Holly- [(null)] - [HollyContactHelper]用户操作==卸载->True
2016-03-22 11:56:35,583 [1] INFO  Holly- [(null)] - [登录登出模块] ExitLogin() End.
