2016-08-19 10:18:06,641 [1] INFO  Holly--[17484] [(null)] - [登录窗口]btnLogin_Click Begin...
2016-08-19 10:18:06,777 [1] INFO  Holly--[17484] [(null)] - [HollyContactHelper]ModifySoftphoneINIByDN――根据DN35197,选择的SIPServerIP为：192.168.112.205
2016-08-19 10:18:07,333 [1] INFO  Holly--[17484] [(null)] - [HollyContactHelper]用户操作==装载及初始化->True
2016-08-19 10:18:07,333 [1] INFO  Holly--[17484] [(null)] - [登录窗口]btnLogin_Click： 异步加载，回调事件中继续登录
2016-08-19 10:18:07,333 [1] INFO  Holly--[17484] [(null)] - [登录窗口]btnLogin_Click End
2016-08-19 10:18:07,404 [1] INFO  Holly--[17484] [(null)] - [@@@厂家消息通知@@@]OnMessage ：厂家状态(CurStatus：0；CurStatusName：准备就绪状态；)厂家消息(服务器已上线:UserName=AgentUser,UserGOR=36241409)程序状态(PS01_就绪)
2016-08-19 10:18:07,429 [1] INFO  Holly--[17484] [(null)] - [@@@厂家消息通知@@@]OnMessage ：厂家状态(CurStatus：0；CurStatusName：准备就绪状态；)厂家消息(服务器已上线:UserName=LSUser,UserGOR=65537)程序状态(PS01_就绪)
2016-08-19 10:18:07,491 [1] INFO  Holly--[17484] [(null)] - [@@@厂家消息通知@@@]OnMessage ：厂家状态(CurStatus：0；CurStatusName：准备就绪状态；)厂家消息(服务器已上线:UserName=ASUser,UserGOR=1245185)程序状态(PS01_就绪)
2016-08-19 10:18:07,494 [1] INFO  Holly--[17484] [(null)] - [@@@厂家消息通知@@@]OnMessage ：厂家状态(CurStatus：0；CurStatusName：准备就绪状态；)厂家消息(服务器已上线:UserName=EDSUser,UserGOR=1638401)程序状态(PS01_就绪)
2016-08-19 10:18:07,496 [1] INFO  Holly--[17484] [(null)] - [@@@厂家消息通知@@@]OnMessage ：厂家状态(CurStatus：0；CurStatusName：准备就绪状态；)厂家消息(服务器已上线:UserName=StatEvent,UserGOR=851969)程序状态(PS01_就绪)
2016-08-19 10:18:07,498 [1] INFO  Holly--[17484] [(null)] - [@@@厂家消息通知@@@]OnMessage ：厂家状态(CurStatus：0；CurStatusName：准备就绪状态；)厂家消息(服务器已上线:UserName=StatUser,UserGOR=851970)程序状态(PS01_就绪)
2016-08-19 10:18:07,498 [1] INFO  Holly--[17484] [(null)] - 当前调用Load函数，返回的服务器信息条数为：6
2016-08-19 10:18:07,542 [1] INFO  Holly--[17484] [(null)] - [登录登出模块] Login ( masj, *** , 35197 ) 
2016-08-19 10:18:07,543 [1] INFO  Holly--[17484] [(null)] - [登录登出模块] DomainAccountLogin(masj, pwd) begin...
2016-08-19 10:18:07,682 [1] INFO  Holly--[17484] [(null)] - [登录登出模块] DomainAccountLogin(masj, pwd) end.return BitAuto.Services.Organization.Remoting.Employee
2016-08-19 10:18:08,345 [1] INFO  Holly--[17484] [(null)] - [登录登出模块] InitLoginUser() Begin...
2016-08-19 10:18:17,148 [1] INFO  Holly--[17484] [(null)] - [登录登出模块] InitLoginUser() 客服登录...AgentID is:10658,AgentNum is:11897,GroupName is:测试测试测试,OutNum is:86
2016-08-19 10:18:17,148 [1] INFO  Holly--[17484] [(null)] - [登录登出模块] InitLoginUser() End...
2016-08-19 10:18:18,030 [1] INFO  Holly--[17484] [(null)] - [HollyContactHelper]用户操作==添加技能组->1094 2
2016-08-19 10:18:18,030 [1] INFO  Holly--[17484] [(null)] - [HollyContactHelper]用户操作==添加技能组->1095 1
2016-08-19 10:18:18,065 [1] INFO  Holly--[17484] [(null)] - [HollyContactHelper]用户操作==签入->True
2016-08-19 10:18:18,098 [1] INFO  Holly--[17484] [(null)] - [======Common======] GetCurrentTime ：获取当前服务器时间：CC系统服务器时间：2016-08-19 10:18:18.079，客户端时间：2016-08-19 10:18:18.098，（生成）计算时间差(毫秒)：-19.0011
2016-08-19 10:18:18,367 [1] INFO  Holly--[17484] [(null)] - [登录登出模块] InsertAgentState()更新退出时间....norecord
2016-08-19 10:18:18,809 [1] INFO  Holly--[17484] [(null)] - [登录登出模块] InsertAgentState()登录状态LoginOnOid....is:1
2016-08-19 10:18:18,809 [1] INFO  Holly--[17484] [(null)] - [登录登出模块] Login(masj, pwd, 35197) End.
2016-08-19 10:18:19,698 [1] INFO  Holly--[17484] [(null)] - [InitMainForm] 开始验证监控权限
2016-08-19 10:18:19,790 [1] INFO  Holly--[17484] [(null)] - [InitMainForm] 有 监控权限
2016-08-19 10:18:12,010 [1] INFO  Holly--[17484] [(null)] - [@@@厂家消息通知@@@]OnMessage ：厂家状态(CurStatus：0；CurStatusName：准备就绪状态；)厂家消息(座席签入成功)程序状态(PS01_就绪)
2016-08-19 10:18:12,040 [1] INFO  Holly--[17484] [(null)] - [事件][OnSignInSuccess] 签入成功事件
2016-08-19 10:18:12,059 [1] INFO  Holly--[17484] [(null)] - [======Common======] GetCurrentTime ：获取当前服务器时间：CC系统服务器时间：2016-08-19 10:18:12.040，客户端时间：2016-08-19 10:18:12.059，（现有）计算时间差(毫秒)：-19.0011
2016-08-19 10:18:12,136 [1] INFO  Holly--[17484] [(null)] - [登录登出模块] InsertAgentState()更新退出时间....initmsg
2016-08-19 10:18:12,144 [1] INFO  Holly--[17484] [(null)] - [登录登出模块] InsertAgentState()登录状态LoginOnOid....is:2
2016-08-19 10:18:12,147 [1] INFO  Holly--[17484] [(null)] - [@@@厂家消息通知@@@]OnMessage ：厂家状态(CurStatus：2；CurStatusName：置忙；)厂家消息(状态改变：准备就绪状态-->置忙)程序状态(PS04_置忙)
2016-08-19 10:18:12,148 [1] INFO  Holly--[17484] [(null)] - [>>>厂家状态变化<<<]OnStatusChange ：PS01_就绪(0) -> PS04_置忙(2)
2016-08-19 10:18:12,178 [1] INFO  Holly--[17484] [(null)] - [HollyContactHelper]用户操作==置闲->True
2016-08-19 10:18:12,433 [1] INFO  Holly--[17484] [(null)] - [HollyContactHelper]用户操作==休息(BS0_自动)->True
2016-08-19 10:18:12,433 [1] INFO  Holly--[17484] [(null)] - [事件][AxUniSoftPhone_OnStatusChange] 状态变化事件
2016-08-19 10:18:12,446 [3] INFO  Holly--[17484] [(null)] - [Main][UpdatAgentDB] 更新客服状态表AS4_置忙
2016-08-19 10:18:12,446 [3] INFO  Holly--[17484] [(null)] - [======Common======] GetCurrentTime ：获取当前服务器时间：CC系统服务器时间：2016-08-19 10:18:12.427，客户端时间：2016-08-19 10:18:12.446，（现有）计算时间差(毫秒)：-19.0011
2016-08-19 10:18:12,447 [1] INFO  Holly--[17484] [(null)] - [Main][SetMainStatus]设置状态：PS04_置忙(BS0_自动)
2016-08-19 10:18:12,547 [1] INFO  Holly--[17484] [(null)] - [@@@厂家消息通知@@@]OnMessage ：厂家状态(CurStatus：1；CurStatusName：空闲；)厂家消息(状态改变：置忙-->空闲)程序状态(PS03_置闲)
2016-08-19 10:18:12,547 [1] INFO  Holly--[17484] [(null)] - [>>>厂家状态变化<<<]OnStatusChange ：PS04_置忙(2) -> PS03_置闲(1)
2016-08-19 10:18:12,547 [1] INFO  Holly--[17484] [(null)] - [事件][AxUniSoftPhone_OnStatusChange] 状态变化事件
2016-08-19 10:18:12,548 [1] INFO  Holly--[17484] [(null)] - [Main][SetMainStatus]设置状态：PS03_置闲
2016-08-19 10:18:12,548 [10] INFO  Holly--[17484] [(null)] - [Main][UpdatAgentDB] 更新客服状态表AS3_置闲
2016-08-19 10:18:12,548 [10] INFO  Holly--[17484] [(null)] - [======Common======] GetCurrentTime ：获取当前服务器时间：CC系统服务器时间：2016-08-19 10:18:12.529，客户端时间：2016-08-19 10:18:12.548，（现有）计算时间差(毫秒)：-19.0011
2016-08-19 10:18:12,554 [1] INFO  Holly--[17484] [(null)] - [@@@厂家消息通知@@@]OnMessage ：厂家状态(CurStatus：16；CurStatusName：休息；)厂家消息(状态改变：空闲-->休息)程序状态(PS05_休息)
2016-08-19 10:18:12,554 [1] INFO  Holly--[17484] [(null)] - [>>>厂家状态变化<<<]OnStatusChange ：PS03_置闲(1) -> PS05_休息(16)
2016-08-19 10:18:12,554 [1] INFO  Holly--[17484] [(null)] - [事件][AxUniSoftPhone_OnStatusChange] 状态变化事件
2016-08-19 10:18:12,554 [1] INFO  Holly--[17484] [(null)] - [Main][SetMainStatus]设置状态：PS05_休息
2016-08-19 10:18:12,555 [11] INFO  Holly--[17484] [(null)] - [Main][UpdatAgentDB] 更新客服状态表AS4_置忙
2016-08-19 10:18:12,555 [11] INFO  Holly--[17484] [(null)] - [======Common======] GetCurrentTime ：获取当前服务器时间：CC系统服务器时间：2016-08-19 10:18:12.536，客户端时间：2016-08-19 10:18:12.555，（现有）计算时间差(毫秒)：-19.0011
2016-08-19 10:18:12,704 [3] INFO  Holly--[17484] [(null)] - [Main][UpdatAgentDB] 插入CAgent表
2016-08-19 10:18:12,724 [11] INFO  Holly--[17484] [(null)] - [Main][UpdatAgentDB] 插入CAgent表
2016-08-19 10:18:12,725 [10] INFO  Holly--[17484] [(null)] - [Main][UpdatAgentDB] 插入CAgent表
2016-08-19 10:18:12,726 [3] INFO  Holly--[17484] [(null)] - [Main][UpdatAgentDB] 插入新的状态 PreOid....IS:3
2016-08-19 10:18:12,736 [11] INFO  Holly--[17484] [(null)] - [Main][UpdatAgentDB] 插入新的状态 PreOid....IS:4
2016-08-19 10:18:12,741 [10] INFO  Holly--[17484] [(null)] - [Main][UpdatAgentDB] 插入新的状态 PreOid....IS:5
2016-08-19 10:18:12,750 [1] INFO  Holly--[17484] [(null)] - [HollyContactHelper] 获取厂家信息 ==落地号码->
2016-08-19 10:18:12,752 [1] INFO  Holly--[17484] [(null)] - [@@@厂家消息通知@@@]OnMessage ：厂家状态(CurStatus：16；CurStatusName：休息；)厂家消息(休息开始。)程序状态(PS05_休息)
2016-08-19 10:18:12,771 [1] INFO  Holly--[17484] [(null)] - [HollyContactHelper] 获取厂家信息 ==落地号码->
2016-08-19 10:18:12,772 [1] INFO  Holly--[17484] [(null)] - [@@@厂家消息通知@@@]OnMessage ：厂家状态(CurStatus：16；CurStatusName：休息；)厂家消息(示闲成功。)程序状态(PS05_休息)
2016-08-19 10:18:12,777 [1] INFO  Holly--[17484] [(null)] - [HollyContactHelper] 获取厂家信息 ==落地号码->
2016-08-19 10:18:12,777 [1] INFO  Holly--[17484] [(null)] - [@@@厂家消息通知@@@]OnMessage ：厂家状态(CurStatus：16；CurStatusName：休息；)厂家消息(签入成功。)程序状态(PS05_休息)
2016-08-19 10:18:14,950 [1] INFO  Holly--[17484] [(null)] - [MainJs] [SendToWeb] 发送网页消息：0 次数，指定页面ID：WebPage00001
2016-08-19 10:18:14,952 [1] INFO  Holly--[17484] [(null)] - [MainUI] [SendMesToWeb] 获取到了当前指定webPageID的页面：WebPage00001
2016-08-19 10:18:14,954 [1] INFO  Holly--[17484] [(null)] - [MainJs] [SendMesToWeb] CTIEventMsg msg：UserEvent=Notice&Action=SaveWindowsName&Data=WebPage00001&outBoundType=-2
2016-08-19 10:18:27,514 [1] INFO  Holly--[17484] [(null)] - [MainJs] [SendToWeb] 发送网页消息：0 次数，指定页面ID：WebPage00001
2016-08-19 10:18:27,515 [1] INFO  Holly--[17484] [(null)] - [MainUI] [SendMesToWeb] 获取到了当前指定webPageID的页面：WebPage00001
2016-08-19 10:18:27,515 [1] INFO  Holly--[17484] [(null)] - [MainJs] [SendMesToWeb] CTIEventMsg msg：UserEvent=Notice&Action=SaveWindowsName&Data=WebPage00001&outBoundType=-2
2016-08-19 10:18:28,829 [1] INFO  Holly--[17484] [(null)] - [MainJs] [MethodScript] urlPath /browsercontrol/newpage?url=/WOrderV2/AddWOrderInfo.aspx?CallSource=0&ModuleSource=2&key=5D09E396B787F&r=1920597564
2016-08-19 10:18:28,834 [1] INFO  Holly--[17484] [(null)] - [MainUI] [NewPageForReq] address is:/WOrderV2/AddWOrderInfo.aspx?CallSource=0&ModuleSource=2&key=5D09E396B787F&r=1920597564
2016-08-19 10:18:28,863 [1] INFO  Holly--[17484] [(null)] - [MainUI] [ShowTabPagesLog] 全部页面 工单记录=WebPage00001(); 新增页=WebPage00002(WebPage00001); 
2016-08-19 10:18:28,898 [1] INFO  Holly--[17484] [(null)] - [MainJs] [MethodScript] 命令调用完成，返回结果=ok
2016-08-19 10:18:30,033 [1] INFO  Holly--[17484] [(null)] - [MainJs] [SendToWeb] 发送网页消息：0 次数，指定页面ID：WebPage00002
2016-08-19 10:18:30,033 [1] INFO  Holly--[17484] [(null)] - [MainUI] [SendMesToWeb] 获取到了当前指定webPageID的页面：WebPage00002
2016-08-19 10:18:30,034 [1] INFO  Holly--[17484] [(null)] - [MainJs] [SendMesToWeb] CTIEventMsg msg：UserEvent=Notice&Action=SaveWindowsName&Data=WebPage00002&outBoundType=-2
2016-08-19 10:18:32,320 [1] INFO  Holly--[17484] [(null)] - [MainJs] [SendToWeb] 发送网页消息：0 次数，指定页面ID：WebPage00002
2016-08-19 10:18:32,320 [1] INFO  Holly--[17484] [(null)] - [MainUI] [SendMesToWeb] 获取到了当前指定webPageID的页面：WebPage00002
2016-08-19 10:18:32,392 [1] INFO  Holly--[17484] [(null)] - [MainJs] [SendMesToWeb] CTIEventMsg msg：UserEvent=Notice&Action=SaveWindowsName&Data=WebPage00002&outBoundType=-2
2016-08-19 10:19:08,646 [1] INFO  Holly--[17484] [(null)] - [MainJs] [SendToWeb] 发送网页消息：0 次数，指定页面ID：WebPage00002
2016-08-19 10:19:08,647 [1] INFO  Holly--[17484] [(null)] - [MainUI] [SendMesToWeb] 获取到了当前指定webPageID的页面：WebPage00002
2016-08-19 10:19:08,648 [1] INFO  Holly--[17484] [(null)] - [MainJs] [SendMesToWeb] CTIEventMsg msg：UserEvent=Notice&Action=SaveWindowsName&Data=WebPage00002&outBoundType=-2
2016-08-19 10:19:11,476 [1] INFO  Holly--[17484] [(null)] - [客户端推送日志信息] 开始
2016-08-19 10:19:13,508 [1] INFO  Holly--[17484] [(null)] - [客户端推送日志信息] 获取到请求数：0
2016-08-19 10:19:35,636 [1] INFO  Holly--[17484] [(null)] - [MainJs] [SendToWeb] 发送网页消息：0 次数，指定页面ID：WebPage00002
2016-08-19 10:19:35,637 [1] INFO  Holly--[17484] [(null)] - [MainUI] [SendMesToWeb] 获取到了当前指定webPageID的页面：WebPage00002
2016-08-19 10:19:35,638 [1] INFO  Holly--[17484] [(null)] - [MainJs] [SendMesToWeb] CTIEventMsg msg：UserEvent=Notice&Action=SaveWindowsName&Data=WebPage00002&outBoundType=-2
2016-08-19 10:19:48,062 [1] INFO  Holly--[17484] [(null)] - [MainJs] [MethodScript] urlPath /pagecontrol/sendmsg?content=%E5%AE%A2%E6%88%B7%E5%85%B3%E6%B3%A8%E5%93%81%E7%89%8C%E4%B8%8A%E6%B5%B7%E5%A4%A7%E4%BC%97%E6%96%AF%E6%9F%AF%E8%BE%BE%20%E6%98%8A%E9%94%901.4TSI%20%E5%8F%8C%E7%A6%BB%E5%90%88%E5%99%A8%E6%89%8B%E8%87%AA%E5%8A%A8%E4%B8%80%E4%BD%93%20%E6%99%BA%E9%9B%85%E7%89%88%EF%BC%8C%E8%B4%AD%E8%BD%A6%E5%9F%8E%E5%B8%82%E5%93%88%E5%B0%94%E6%BB%A8%EF%BC%8C%E8%B4%AD%E8%BD%A6%E9%A2%84%E7%AE%978-10%E4%B8%87%EF%BC%8C%E8%81%94%E7%B3%BB%E4%BA%BAdddd%EF%BC%8C%E8%81%94%E7%B3%BB%E7%94%B5%E8%AF%9D13811112222
2016-08-19 10:19:48,157 [1] INFO  Holly--[17484] [(null)] - [MainJs] [MethodScript] 接收到网页的消息=客户关注品牌上海大众斯柯达 昊锐1.4TSI 双离合器手自动一体 智雅版，购车城市哈尔滨，购车预算8-10万，联系人dddd，联系电话13811112222
2016-08-19 10:19:48,192 [1] INFO  Holly--[17484] [(null)] - [MainJs] [MethodScript] 转发页面消息到 WebPage00002 content=%u5BA2%u6237%u5173%u6CE8%u54C1%u724C%u4E0A%u6D77%u5927%u4F17%u65AF%u67EF%u8FBE%20%u660A%u95101.4TSI%20%u53CC%u79BB%u5408%u5668%u624B%u81EA%u52A8%u4E00%u4F53%20%u667A%u96C5%u7248%uFF0C%u8D2D%u8F66%u57CE%u5E02%u54C8%u5C14%u6EE8%uFF0C%u8D2D%u8F66%u9884%u7B978-10%u4E07%uFF0C%u8054%u7CFB%u4EBAdddd%uFF0C%u8054%u7CFB%u7535%u8BDD13811112222
2016-08-19 10:19:48,192 [1] INFO  Holly--[17484] [(null)] - [MainJs] [SendToWeb] 发送网页消息：0 次数，指定页面ID：WebPage00002
2016-08-19 10:19:48,193 [1] INFO  Holly--[17484] [(null)] - [MainUI] [SendMesToWeb] 获取到了当前指定webPageID的页面：WebPage00002
2016-08-19 10:19:48,199 [1] INFO  Holly--[17484] [(null)] - [MainJs] [SendMesToWeb] CTIEventMsg msg：UserEvent=Notice&Action=SendMsgToWindows&Data=%u5BA2%u6237%u5173%u6CE8%u54C1%u724C%u4E0A%u6D77%u5927%u4F17%u65AF%u67EF%u8FBE%20%u660A%u95101.4TSI%20%u53CC%u79BB%u5408%u5668%u624B%u81EA%u52A8%u4E00%u4F53%20%u667A%u96C5%u7248%uFF0C%u8D2D%u8F66%u57CE%u5E02%u54C8%u5C14%u6EE8%uFF0C%u8D2D%u8F66%u9884%u7B978-10%u4E07%uFF0C%u8054%u7CFB%u4EBAdddd%uFF0C%u8054%u7CFB%u7535%u8BDD13811112222&outBoundType=-2
2016-08-19 10:19:48,199 [1] INFO  Holly--[17484] [(null)] - [MainJs] [MethodScript] 命令调用完成，返回结果=ok
2016-08-19 10:20:00,949 [1] INFO  Holly--[17484] [(null)] - [MainJs] [MethodScript] urlPath /pagecontrol/sendmsg?content=%E5%AE%A2%E6%88%B7%E5%85%B3%E6%B3%A8%E5%93%81%E7%89%8C%E4%B8%8A%E6%B5%B7%E5%A4%A7%E4%BC%97%E6%96%AF%E6%9F%AF%E8%BE%BE%20%E6%98%8A%E9%94%901.4TSI%20%E5%8F%8C%E7%A6%BB%E5%90%88%E5%99%A8%E6%89%8B%E8%87%AA%E5%8A%A8%E4%B8%80%E4%BD%93%20%E6%99%BA%E9%9B%85%E7%89%88%EF%BC%8C%E8%B4%AD%E8%BD%A6%E5%9F%8E%E5%B8%82%E5%93%88%E5%B0%94%E6%BB%A8%EF%BC%8C%E8%B4%AD%E8%BD%A6%E9%A2%84%E7%AE%978-10%E4%B8%87%EF%BC%8C%E8%81%94%E7%B3%BB%E4%BA%BAdddd%EF%BC%8C%E8%81%94%E7%B3%BB%E7%94%B5%E8%AF%9D13811112222
2016-08-19 10:20:00,949 [1] INFO  Holly--[17484] [(null)] - [MainJs] [MethodScript] 接收到网页的消息=客户关注品牌上海大众斯柯达 昊锐1.4TSI 双离合器手自动一体 智雅版，购车城市哈尔滨，购车预算8-10万，联系人dddd，联系电话13811112222
2016-08-19 10:20:00,949 [1] INFO  Holly--[17484] [(null)] - [MainJs] [MethodScript] 转发页面消息到 WebPage00002 content=%u5BA2%u6237%u5173%u6CE8%u54C1%u724C%u4E0A%u6D77%u5927%u4F17%u65AF%u67EF%u8FBE%20%u660A%u95101.4TSI%20%u53CC%u79BB%u5408%u5668%u624B%u81EA%u52A8%u4E00%u4F53%20%u667A%u96C5%u7248%uFF0C%u8D2D%u8F66%u57CE%u5E02%u54C8%u5C14%u6EE8%uFF0C%u8D2D%u8F66%u9884%u7B978-10%u4E07%uFF0C%u8054%u7CFB%u4EBAdddd%uFF0C%u8054%u7CFB%u7535%u8BDD13811112222
2016-08-19 10:20:00,949 [1] INFO  Holly--[17484] [(null)] - [MainJs] [SendToWeb] 发送网页消息：0 次数，指定页面ID：WebPage00002
2016-08-19 10:20:00,950 [1] INFO  Holly--[17484] [(null)] - [MainUI] [SendMesToWeb] 获取到了当前指定webPageID的页面：WebPage00002
2016-08-19 10:20:00,952 [1] INFO  Holly--[17484] [(null)] - [MainJs] [SendMesToWeb] CTIEventMsg msg：UserEvent=Notice&Action=SendMsgToWindows&Data=%u5BA2%u6237%u5173%u6CE8%u54C1%u724C%u4E0A%u6D77%u5927%u4F17%u65AF%u67EF%u8FBE%20%u660A%u95101.4TSI%20%u53CC%u79BB%u5408%u5668%u624B%u81EA%u52A8%u4E00%u4F53%20%u667A%u96C5%u7248%uFF0C%u8D2D%u8F66%u57CE%u5E02%u54C8%u5C14%u6EE8%uFF0C%u8D2D%u8F66%u9884%u7B978-10%u4E07%uFF0C%u8054%u7CFB%u4EBAdddd%uFF0C%u8054%u7CFB%u7535%u8BDD13811112222&outBoundType=-2
2016-08-19 10:20:00,986 [1] INFO  Holly--[17484] [(null)] - [MainJs] [MethodScript] 命令调用完成，返回结果=ok
2016-08-19 10:20:12,963 [1] INFO  Holly--[17484] [(null)] - [MainJs] [MethodScript] urlPath /pagecontrol/sendmsg?content=%E5%AE%A2%E6%88%B7%E5%85%B3%E6%B3%A8%E5%93%81%E7%89%8C%E4%B8%8A%E6%B5%B7%E5%A4%A7%E4%BC%97%E6%96%AF%E6%9F%AF%E8%BE%BE%20%E6%98%8A%E9%94%901.4TSI%20%E5%8F%8C%E7%A6%BB%E5%90%88%E5%99%A8%E6%89%8B%E8%87%AA%E5%8A%A8%E4%B8%80%E4%BD%93%20%E6%99%BA%E9%9B%85%E7%89%88%EF%BC%8C%E8%B4%AD%E8%BD%A6%E5%9F%8E%E5%B8%82%E5%93%88%E5%B0%94%E6%BB%A8%EF%BC%8C%E8%B4%AD%E8%BD%A6%E9%A2%84%E7%AE%978-10%E4%B8%87%EF%BC%8C%E8%81%94%E7%B3%BB%E4%BA%BA%E5%AE%A2%E6%88%B7%E5%A7%93%E5%90%8D%E6%B5%8B%E8%AF%95%EF%BC%8C%E8%81%94%E7%B3%BB%E7%94%B5%E8%AF%9D13811112222
2016-08-19 10:20:12,963 [1] INFO  Holly--[17484] [(null)] - [MainJs] [MethodScript] 接收到网页的消息=客户关注品牌上海大众斯柯达 昊锐1.4TSI 双离合器手自动一体 智雅版，购车城市哈尔滨，购车预算8-10万，联系人客户姓名测试，联系电话13811112222
2016-08-19 10:20:12,963 [1] INFO  Holly--[17484] [(null)] - [MainJs] [MethodScript] 转发页面消息到 WebPage00002 content=%u5BA2%u6237%u5173%u6CE8%u54C1%u724C%u4E0A%u6D77%u5927%u4F17%u65AF%u67EF%u8FBE%20%u660A%u95101.4TSI%20%u53CC%u79BB%u5408%u5668%u624B%u81EA%u52A8%u4E00%u4F53%20%u667A%u96C5%u7248%uFF0C%u8D2D%u8F66%u57CE%u5E02%u54C8%u5C14%u6EE8%uFF0C%u8D2D%u8F66%u9884%u7B978-10%u4E07%uFF0C%u8054%u7CFB%u4EBA%u5BA2%u6237%u59D3%u540D%u6D4B%u8BD5%uFF0C%u8054%u7CFB%u7535%u8BDD13811112222
2016-08-19 10:20:12,963 [1] INFO  Holly--[17484] [(null)] - [MainJs] [SendToWeb] 发送网页消息：0 次数，指定页面ID：WebPage00002
2016-08-19 10:20:12,963 [1] INFO  Holly--[17484] [(null)] - [MainUI] [SendMesToWeb] 获取到了当前指定webPageID的页面：WebPage00002
2016-08-19 10:20:12,967 [1] INFO  Holly--[17484] [(null)] - [MainJs] [SendMesToWeb] CTIEventMsg msg：UserEvent=Notice&Action=SendMsgToWindows&Data=%u5BA2%u6237%u5173%u6CE8%u54C1%u724C%u4E0A%u6D77%u5927%u4F17%u65AF%u67EF%u8FBE%20%u660A%u95101.4TSI%20%u53CC%u79BB%u5408%u5668%u624B%u81EA%u52A8%u4E00%u4F53%20%u667A%u96C5%u7248%uFF0C%u8D2D%u8F66%u57CE%u5E02%u54C8%u5C14%u6EE8%uFF0C%u8D2D%u8F66%u9884%u7B978-10%u4E07%uFF0C%u8054%u7CFB%u4EBA%u5BA2%u6237%u59D3%u540D%u6D4B%u8BD5%uFF0C%u8054%u7CFB%u7535%u8BDD13811112222&outBoundType=-2
2016-08-19 10:20:12,967 [1] INFO  Holly--[17484] [(null)] - [MainJs] [MethodScript] 命令调用完成，返回结果=ok
2016-08-19 10:20:13,518 [1] INFO  Holly--[17484] [(null)] - [客户端推送日志信息] 开始
2016-08-19 10:20:13,526 [1] INFO  Holly--[17484] [(null)] - [客户端推送日志信息] 获取到请求数：0
2016-08-19 10:20:16,154 [1] INFO  Holly--[17484] [(null)] - [MainJs] [MethodScript] urlPath /pagecontrol/sendmsg?content=%E5%AE%A2%E6%88%B7%E5%85%B3%E6%B3%A8%E5%93%81%E7%89%8C%E4%B8%8A%E6%B5%B7%E5%A4%A7%E4%BC%97%E6%96%AF%E6%9F%AF%E8%BE%BE%20%E6%98%8A%E9%94%901.4TSI%20%E5%8F%8C%E7%A6%BB%E5%90%88%E5%99%A8%E6%89%8B%E8%87%AA%E5%8A%A8%E4%B8%80%E4%BD%93%20%E6%99%BA%E9%9B%85%E7%89%88%EF%BC%8C%E8%B4%AD%E8%BD%A6%E5%9F%8E%E5%B8%82%E5%93%88%E5%B0%94%E6%BB%A8%EF%BC%8C%E8%B4%AD%E8%BD%A6%E9%A2%84%E7%AE%978-10%E4%B8%87%EF%BC%8C%E8%81%94%E7%B3%BB%E4%BA%BA%E5%AE%A2%E6%88%B7%E5%A7%93%E5%90%8D%E6%B5%8B%E8%AF%95%EF%BC%8C%E8%81%94%E7%B3%BB%E7%94%B5%E8%AF%9D13811112222
2016-08-19 10:20:16,154 [1] INFO  Holly--[17484] [(null)] - [MainJs] [MethodScript] 接收到网页的消息=客户关注品牌上海大众斯柯达 昊锐1.4TSI 双离合器手自动一体 智雅版，购车城市哈尔滨，购车预算8-10万，联系人客户姓名测试，联系电话13811112222
2016-08-19 10:20:16,154 [1] INFO  Holly--[17484] [(null)] - [MainJs] [MethodScript] 转发页面消息到 WebPage00002 content=%u5BA2%u6237%u5173%u6CE8%u54C1%u724C%u4E0A%u6D77%u5927%u4F17%u65AF%u67EF%u8FBE%20%u660A%u95101.4TSI%20%u53CC%u79BB%u5408%u5668%u624B%u81EA%u52A8%u4E00%u4F53%20%u667A%u96C5%u7248%uFF0C%u8D2D%u8F66%u57CE%u5E02%u54C8%u5C14%u6EE8%uFF0C%u8D2D%u8F66%u9884%u7B978-10%u4E07%uFF0C%u8054%u7CFB%u4EBA%u5BA2%u6237%u59D3%u540D%u6D4B%u8BD5%uFF0C%u8054%u7CFB%u7535%u8BDD13811112222
2016-08-19 10:20:16,155 [1] INFO  Holly--[17484] [(null)] - [MainJs] [SendToWeb] 发送网页消息：0 次数，指定页面ID：WebPage00002
2016-08-19 10:20:16,155 [1] INFO  Holly--[17484] [(null)] - [MainUI] [SendMesToWeb] 获取到了当前指定webPageID的页面：WebPage00002
2016-08-19 10:20:16,158 [1] INFO  Holly--[17484] [(null)] - [MainJs] [SendMesToWeb] CTIEventMsg msg：UserEvent=Notice&Action=SendMsgToWindows&Data=%u5BA2%u6237%u5173%u6CE8%u54C1%u724C%u4E0A%u6D77%u5927%u4F17%u65AF%u67EF%u8FBE%20%u660A%u95101.4TSI%20%u53CC%u79BB%u5408%u5668%u624B%u81EA%u52A8%u4E00%u4F53%20%u667A%u96C5%u7248%uFF0C%u8D2D%u8F66%u57CE%u5E02%u54C8%u5C14%u6EE8%uFF0C%u8D2D%u8F66%u9884%u7B978-10%u4E07%uFF0C%u8054%u7CFB%u4EBA%u5BA2%u6237%u59D3%u540D%u6D4B%u8BD5%uFF0C%u8054%u7CFB%u7535%u8BDD13811112222&outBoundType=-2
2016-08-19 10:20:16,158 [1] INFO  Holly--[17484] [(null)] - [MainJs] [MethodScript] 命令调用完成，返回结果=ok
2016-08-19 10:21:11,517 [1] INFO  Holly--[17484] [(null)] - [***MDBFileHelper***][AdditionalRecording] 补录数据
2016-08-19 10:21:13,547 [1] INFO  Holly--[17484] [(null)] - [客户端推送日志信息] 开始
2016-08-19 10:21:13,556 [1] INFO  Holly--[17484] [(null)] - [客户端推送日志信息] 获取到请求数：0
2016-08-19 10:22:13,560 [1] INFO  Holly--[17484] [(null)] - [客户端推送日志信息] 开始
2016-08-19 10:22:13,569 [1] INFO  Holly--[17484] [(null)] - [客户端推送日志信息] 获取到请求数：0
2016-08-19 10:22:32,252 [1] INFO  Holly--[17484] [(null)] - [MainJs] [MethodScript] urlPath /pagecontrol/sendmsg?content=%E5%AE%A2%E6%88%B7%E5%85%B3%E6%B3%A8%E5%93%81%E7%89%8C%E4%B8%8A%E6%B5%B7%E5%A4%A7%E4%BC%97%E6%96%AF%E6%9F%AF%E8%BE%BE%20%E6%98%8A%E9%94%901.4TSI%20%E5%8F%8C%E7%A6%BB%E5%90%88%E5%99%A8%E6%89%8B%E8%87%AA%E5%8A%A8%E4%B8%80%E4%BD%93%20%E6%99%BA%E9%9B%85%E7%89%88%EF%BC%8C%E8%B4%AD%E8%BD%A6%E5%9F%8E%E5%B8%82%E5%93%88%E5%B0%94%E6%BB%A8%EF%BC%8C%E8%B4%AD%E8%BD%A6%E9%A2%84%E7%AE%978-10%E4%B8%87%EF%BC%8C%E8%81%94%E7%B3%BB%E4%BA%BA%E5%AE%A2%E6%88%B7%E5%A7%93%E5%90%8D%E6%B5%8B%E8%AF%95%EF%BC%8C%E8%81%94%E7%B3%BB%E7%94%B5%E8%AF%9D13811112222
2016-08-19 10:22:32,252 [1] INFO  Holly--[17484] [(null)] - [MainJs] [MethodScript] 接收到网页的消息=客户关注品牌上海大众斯柯达 昊锐1.4TSI 双离合器手自动一体 智雅版，购车城市哈尔滨，购车预算8-10万，联系人客户姓名测试，联系电话13811112222
2016-08-19 10:22:32,252 [1] INFO  Holly--[17484] [(null)] - [MainJs] [MethodScript] 转发页面消息到 WebPage00002 content=%u5BA2%u6237%u5173%u6CE8%u54C1%u724C%u4E0A%u6D77%u5927%u4F17%u65AF%u67EF%u8FBE%20%u660A%u95101.4TSI%20%u53CC%u79BB%u5408%u5668%u624B%u81EA%u52A8%u4E00%u4F53%20%u667A%u96C5%u7248%uFF0C%u8D2D%u8F66%u57CE%u5E02%u54C8%u5C14%u6EE8%uFF0C%u8D2D%u8F66%u9884%u7B978-10%u4E07%uFF0C%u8054%u7CFB%u4EBA%u5BA2%u6237%u59D3%u540D%u6D4B%u8BD5%uFF0C%u8054%u7CFB%u7535%u8BDD13811112222
2016-08-19 10:22:32,252 [1] INFO  Holly--[17484] [(null)] - [MainJs] [SendToWeb] 发送网页消息：0 次数，指定页面ID：WebPage00002
2016-08-19 10:22:32,252 [1] INFO  Holly--[17484] [(null)] - [MainUI] [SendMesToWeb] 获取到了当前指定webPageID的页面：WebPage00002
2016-08-19 10:22:32,255 [1] INFO  Holly--[17484] [(null)] - [MainJs] [SendMesToWeb] CTIEventMsg msg：UserEvent=Notice&Action=SendMsgToWindows&Data=%u5BA2%u6237%u5173%u6CE8%u54C1%u724C%u4E0A%u6D77%u5927%u4F17%u65AF%u67EF%u8FBE%20%u660A%u95101.4TSI%20%u53CC%u79BB%u5408%u5668%u624B%u81EA%u52A8%u4E00%u4F53%20%u667A%u96C5%u7248%uFF0C%u8D2D%u8F66%u57CE%u5E02%u54C8%u5C14%u6EE8%uFF0C%u8D2D%u8F66%u9884%u7B978-10%u4E07%uFF0C%u8054%u7CFB%u4EBA%u5BA2%u6237%u59D3%u540D%u6D4B%u8BD5%uFF0C%u8054%u7CFB%u7535%u8BDD13811112222&outBoundType=-2
2016-08-19 10:22:32,255 [1] INFO  Holly--[17484] [(null)] - [MainJs] [MethodScript] 命令调用完成，返回结果=ok
2016-08-19 10:23:11,446 [1] INFO  Holly--[17484] [(null)] - [======Common======] GetCurrentTime ：获取当前服务器时间：CC系统服务器时间：2016-08-19 10:23:11.444，客户端时间：2016-08-19 10:23:11.446，（生成）计算时间差(毫秒)：-2.0001
2016-08-19 10:23:11,446 [1] INFO  Holly--[17484] [(null)] - [Main]timer_LoginTime_Tick LoginOnOid=2
2016-08-19 10:23:13,572 [1] INFO  Holly--[17484] [(null)] - [客户端推送日志信息] 开始
2016-08-19 10:23:13,582 [1] INFO  Holly--[17484] [(null)] - [客户端推送日志信息] 获取到请求数：0
2016-08-19 10:24:12,105 [1] INFO  Holly--[17484] [(null)] - [***MDBFileHelper***][AdditionalRecording] 补录数据
2016-08-19 10:24:13,588 [1] INFO  Holly--[17484] [(null)] - [客户端推送日志信息] 开始
2016-08-19 10:24:13,599 [1] INFO  Holly--[17484] [(null)] - [客户端推送日志信息] 获取到请求数：0
2016-08-19 10:25:13,617 [1] INFO  Holly--[17484] [(null)] - [客户端推送日志信息] 开始
2016-08-19 10:25:13,632 [1] INFO  Holly--[17484] [(null)] - [客户端推送日志信息] 获取到请求数：0
2016-08-19 10:26:13,646 [1] INFO  Holly--[17484] [(null)] - [客户端推送日志信息] 开始
2016-08-19 10:26:13,655 [1] INFO  Holly--[17484] [(null)] - [客户端推送日志信息] 获取到请求数：0
2016-08-19 10:27:12,161 [1] INFO  Holly--[17484] [(null)] - [***MDBFileHelper***][AdditionalRecording] 补录数据
2016-08-19 10:27:13,674 [1] INFO  Holly--[17484] [(null)] - [客户端推送日志信息] 开始
2016-08-19 10:27:13,685 [1] INFO  Holly--[17484] [(null)] - [客户端推送日志信息] 获取到请求数：0
2016-08-19 10:28:11,551 [1] INFO  Holly--[17484] [(null)] - [======Common======] GetCurrentTime ：获取当前服务器时间：CC系统服务器时间：2016-08-19 10:28:11.549，客户端时间：2016-08-19 10:28:11.551，（现有）计算时间差(毫秒)：-2.0001
2016-08-19 10:28:11,551 [1] INFO  Holly--[17484] [(null)] - [Main]timer_LoginTime_Tick LoginOnOid=2
2016-08-19 10:28:13,965 [1] INFO  Holly--[17484] [(null)] - [客户端推送日志信息] 开始
2016-08-19 10:28:13,973 [1] INFO  Holly--[17484] [(null)] - [客户端推送日志信息] 获取到请求数：0
2016-08-19 10:28:18,891 [1] INFO  Holly--[17484] [(null)] - [MainUI] [SelectedIndexChanged] [切换页面] WebPage00001
2016-08-19 10:28:20,646 [1] INFO  Holly--[17484] [(null)] - [MainUI] [SelectedIndexChanged] [切换页面] WebPage00002
2016-08-19 10:29:13,980 [1] INFO  Holly--[17484] [(null)] - [客户端推送日志信息] 开始
2016-08-19 10:29:13,986 [1] INFO  Holly--[17484] [(null)] - [客户端推送日志信息] 获取到请求数：0
2016-08-19 10:30:12,217 [1] INFO  Holly--[17484] [(null)] - [***MDBFileHelper***][AdditionalRecording] 补录数据
2016-08-19 10:30:13,996 [1] INFO  Holly--[17484] [(null)] - [客户端推送日志信息] 开始
2016-08-19 10:30:14,008 [1] INFO  Holly--[17484] [(null)] - [客户端推送日志信息] 获取到请求数：0
2016-08-19 10:31:14,025 [1] INFO  Holly--[17484] [(null)] - [客户端推送日志信息] 开始
2016-08-19 10:31:14,034 [1] INFO  Holly--[17484] [(null)] - [客户端推送日志信息] 获取到请求数：0
2016-08-19 10:32:14,055 [1] INFO  Holly--[17484] [(null)] - [客户端推送日志信息] 开始
2016-08-19 10:32:14,064 [1] INFO  Holly--[17484] [(null)] - [客户端推送日志信息] 获取到请求数：0
2016-08-19 10:33:12,274 [1] INFO  Holly--[17484] [(null)] - [***MDBFileHelper***][AdditionalRecording] 补录数据
2016-08-19 10:33:13,959 [1] INFO  Holly--[17484] [(null)] - [======Common======] GetCurrentTime ：获取当前服务器时间：CC系统服务器时间：2016-08-19 10:33:13.957，客户端时间：2016-08-19 10:33:13.959，（现有）计算时间差(毫秒)：-2.0001
2016-08-19 10:33:13,959 [1] INFO  Holly--[17484] [(null)] - [Main]timer_LoginTime_Tick LoginOnOid=2
2016-08-19 10:33:19,058 [1] INFO  Holly--[17484] [(null)] - [客户端推送日志信息] 开始
2016-08-19 10:33:19,381 [1] INFO  Holly--[17484] [(null)] - [客户端推送日志信息] 获取到请求数：0
2016-08-19 10:34:19,384 [1] INFO  Holly--[17484] [(null)] - [客户端推送日志信息] 开始
2016-08-19 10:34:20,936 [1] INFO  Holly--[17484] [(null)] - [客户端推送日志信息] 获取到请求数：0
2016-08-19 10:35:20,941 [1] INFO  Holly--[17484] [(null)] - [客户端推送日志信息] 开始
2016-08-19 10:35:28,998 [1] INFO  Holly--[17484] [(null)] - [客户端推送日志信息] 获取到请求数：0
2016-08-19 10:36:12,329 [1] INFO  Holly--[17484] [(null)] - [***MDBFileHelper***][AdditionalRecording] 补录数据
2016-08-19 10:36:29,003 [1] INFO  Holly--[17484] [(null)] - [客户端推送日志信息] 开始
2016-08-19 10:36:39,082 [1] INFO  Holly--[17484] [(null)] - [客户端推送日志信息] 获取到请求数：0
2016-08-19 10:37:39,098 [1] INFO  Holly--[17484] [(null)] - [客户端推送日志信息] 开始
2016-08-19 10:37:39,546 [1] INFO  Holly--[17484] [(null)] - [客户端推送日志信息] 获取到请求数：0
2016-08-19 10:38:19,051 [1] INFO  Holly--[17484] [(null)] - [======Common======] GetCurrentTime ：获取当前服务器时间：CC系统服务器时间：2016-08-19 10:38:19.049，客户端时间：2016-08-19 10:38:19.051，（现有）计算时间差(毫秒)：-2.0001
2016-08-19 10:38:19,051 [1] INFO  Holly--[17484] [(null)] - [Main]timer_LoginTime_Tick LoginOnOid=2
2016-08-19 10:38:39,564 [1] INFO  Holly--[17484] [(null)] - [客户端推送日志信息] 开始
2016-08-19 10:38:39,572 [1] INFO  Holly--[17484] [(null)] - [客户端推送日志信息] 获取到请求数：0
2016-08-19 10:39:12,370 [1] INFO  Holly--[17484] [(null)] - [***MDBFileHelper***][AdditionalRecording] 补录数据
2016-08-19 10:39:39,578 [1] INFO  Holly--[17484] [(null)] - [客户端推送日志信息] 开始
2016-08-19 10:39:41,326 [1] INFO  Holly--[17484] [(null)] - [客户端推送日志信息] 获取到请求数：0
2016-08-19 10:40:41,336 [1] INFO  Holly--[17484] [(null)] - [客户端推送日志信息] 开始
2016-08-19 10:40:41,340 [1] INFO  Holly--[17484] [(null)] - [客户端推送日志信息] 获取到请求数：0
2016-08-19 10:41:41,352 [1] INFO  Holly--[17484] [(null)] - [客户端推送日志信息] 开始
2016-08-19 10:41:41,360 [1] INFO  Holly--[17484] [(null)] - [客户端推送日志信息] 获取到请求数：0
2016-08-19 10:42:12,426 [1] INFO  Holly--[17484] [(null)] - [***MDBFileHelper***][AdditionalRecording] 补录数据
2016-08-19 10:42:41,367 [1] INFO  Holly--[17484] [(null)] - [客户端推送日志信息] 开始
2016-08-19 10:42:41,376 [1] INFO  Holly--[17484] [(null)] - [客户端推送日志信息] 获取到请求数：0
2016-08-19 10:43:19,243 [1] INFO  Holly--[17484] [(null)] - [======Common======] GetCurrentTime ：获取当前服务器时间：CC系统服务器时间：2016-08-19 10:43:19.241，客户端时间：2016-08-19 10:43:19.243，（现有）计算时间差(毫秒)：-2.0001
2016-08-19 10:43:19,243 [1] INFO  Holly--[17484] [(null)] - [Main]timer_LoginTime_Tick LoginOnOid=2
2016-08-19 10:43:41,392 [1] INFO  Holly--[17484] [(null)] - [客户端推送日志信息] 开始
2016-08-19 10:43:41,400 [1] INFO  Holly--[17484] [(null)] - [客户端推送日志信息] 获取到请求数：0
2016-08-19 10:43:56,965 [1] INFO  Holly--[17484] [(null)] - [MainUI] [SelectedIndexChanged] [切换页面] WebPage00001
2016-08-19 10:44:12,950 [1] INFO  Holly--[17484] [(null)] - [MainJs] [SendToWeb] 发送网页消息：0 次数，指定页面ID：WebPage00001
2016-08-19 10:44:12,951 [1] INFO  Holly--[17484] [(null)] - [MainUI] [SendMesToWeb] 获取到了当前指定webPageID的页面：WebPage00001
2016-08-19 10:44:12,951 [1] INFO  Holly--[17484] [(null)] - [MainJs] [SendMesToWeb] CTIEventMsg msg：UserEvent=Notice&Action=SaveWindowsName&Data=WebPage00001&outBoundType=-2
2016-08-19 10:44:19,053 [1] INFO  Holly--[17484] [(null)] - [MainJs] [SendToWeb] 发送网页消息：0 次数，指定页面ID：WebPage00001
2016-08-19 10:44:19,053 [1] INFO  Holly--[17484] [(null)] - [MainUI] [SendMesToWeb] 获取到了当前指定webPageID的页面：WebPage00001
2016-08-19 10:44:19,053 [1] INFO  Holly--[17484] [(null)] - [MainJs] [SendMesToWeb] CTIEventMsg msg：UserEvent=Notice&Action=SaveWindowsName&Data=WebPage00001&outBoundType=-2
2016-08-19 10:44:21,913 [1] INFO  Holly--[17484] [(null)] - [MainJs] [SendToWeb] 发送网页消息：0 次数，指定页面ID：WebPage00001
2016-08-19 10:44:21,913 [1] INFO  Holly--[17484] [(null)] - [MainUI] [SendMesToWeb] 获取到了当前指定webPageID的页面：WebPage00001
2016-08-19 10:44:21,914 [1] INFO  Holly--[17484] [(null)] - [MainJs] [SendMesToWeb] CTIEventMsg msg：UserEvent=Notice&Action=SaveWindowsName&Data=WebPage00001&outBoundType=-2
2016-08-19 10:44:23,548 [1] INFO  Holly--[17484] [(null)] - [MainJs] [SendToWeb] 发送网页消息：0 次数，指定页面ID：WebPage00001
2016-08-19 10:44:23,548 [1] INFO  Holly--[17484] [(null)] - [MainUI] [SendMesToWeb] 获取到了当前指定webPageID的页面：WebPage00001
2016-08-19 10:44:23,548 [1] INFO  Holly--[17484] [(null)] - [MainJs] [SendMesToWeb] CTIEventMsg msg：UserEvent=Notice&Action=SaveWindowsName&Data=WebPage00001&outBoundType=-2
2016-08-19 10:44:41,409 [1] INFO  Holly--[17484] [(null)] - [客户端推送日志信息] 开始
2016-08-19 10:44:41,420 [1] INFO  Holly--[17484] [(null)] - [客户端推送日志信息] 获取到请求数：0
2016-08-19 10:45:12,485 [1] INFO  Holly--[17484] [(null)] - [***MDBFileHelper***][AdditionalRecording] 补录数据
2016-08-19 10:45:41,438 [1] INFO  Holly--[17484] [(null)] - [客户端推送日志信息] 开始
2016-08-19 10:45:41,447 [1] INFO  Holly--[17484] [(null)] - [客户端推送日志信息] 获取到请求数：0
2016-08-19 10:46:41,450 [1] INFO  Holly--[17484] [(null)] - [客户端推送日志信息] 开始
2016-08-19 10:46:41,459 [1] INFO  Holly--[17484] [(null)] - [客户端推送日志信息] 获取到请求数：0
2016-08-19 10:47:41,466 [1] INFO  Holly--[17484] [(null)] - [客户端推送日志信息] 开始
2016-08-19 10:47:41,475 [1] INFO  Holly--[17484] [(null)] - [客户端推送日志信息] 获取到请求数：0
2016-08-19 10:48:12,539 [1] INFO  Holly--[17484] [(null)] - [***MDBFileHelper***][AdditionalRecording] 补录数据
2016-08-19 10:48:19,861 [1] INFO  Holly--[17484] [(null)] - [======Common======] GetCurrentTime ：获取当前服务器时间：CC系统服务器时间：2016-08-19 10:48:19.859，客户端时间：2016-08-19 10:48:19.861，（现有）计算时间差(毫秒)：-2.0001
2016-08-19 10:48:19,861 [1] INFO  Holly--[17484] [(null)] - [Main]timer_LoginTime_Tick LoginOnOid=2
2016-08-19 10:48:41,493 [1] INFO  Holly--[17484] [(null)] - [客户端推送日志信息] 开始
2016-08-19 10:48:41,502 [1] INFO  Holly--[17484] [(null)] - [客户端推送日志信息] 获取到请求数：0
2016-08-19 10:48:42,296 [1] INFO  Holly--[17484] [(null)] - [MainUI] [ShowTabPagesLog] 全部页面 工单记录=WebPage00001(); 新增工单=WebPage00002(WebPage00001); 新增页=WebPage00003(WebPage00001); 
2016-08-19 10:48:44,038 [1] INFO  Holly--[17484] [(null)] - [MainJs] [SendToWeb] 发送网页消息：0 次数，指定页面ID：WebPage00003
2016-08-19 10:48:44,039 [1] INFO  Holly--[17484] [(null)] - [MainUI] [SendMesToWeb] 获取到了当前指定webPageID的页面：WebPage00003
2016-08-19 10:48:44,039 [1] INFO  Holly--[17484] [(null)] - [MainJs] [SendMesToWeb] CTIEventMsg msg：UserEvent=Notice&Action=SaveWindowsName&Data=WebPage00003&outBoundType=-2
2016-08-19 10:49:04,031 [1] INFO  Holly--[17484] [(null)] - [MainJs] [SendToWeb] 发送网页消息：0 次数，指定页面ID：WebPage00003
2016-08-19 10:49:04,031 [1] INFO  Holly--[17484] [(null)] - [MainUI] [SendMesToWeb] 获取到了当前指定webPageID的页面：WebPage00003
2016-08-19 10:49:04,032 [1] INFO  Holly--[17484] [(null)] - [MainJs] [SendMesToWeb] CTIEventMsg msg：UserEvent=Notice&Action=SaveWindowsName&Data=WebPage00003&outBoundType=-2
2016-08-19 10:49:06,403 [1] INFO  Holly--[17484] [(null)] - [MainJs] [SendToWeb] 发送网页消息：0 次数，指定页面ID：WebPage00003
2016-08-19 10:49:06,403 [1] INFO  Holly--[17484] [(null)] - [MainUI] [SendMesToWeb] 获取到了当前指定webPageID的页面：WebPage00003
2016-08-19 10:49:06,403 [1] INFO  Holly--[17484] [(null)] - [MainJs] [SendMesToWeb] CTIEventMsg msg：UserEvent=Notice&Action=SaveWindowsName&Data=WebPage00003&outBoundType=-2
2016-08-19 10:49:09,390 [1] INFO  Holly--[17484] [(null)] - [MainJs] [MethodScript] urlPath /browsercontrol/newpage?url=/WOrderV2/AddWOrderInfo.aspx?CallSource=0&ModuleSource=2&key=5D09E396B787F&r=1724426118
2016-08-19 10:49:09,390 [1] INFO  Holly--[17484] [(null)] - [MainUI] [NewPageForReq] address is:/WOrderV2/AddWOrderInfo.aspx?CallSource=0&ModuleSource=2&key=5D09E396B787F&r=1724426118
2016-08-19 10:49:09,403 [1] INFO  Holly--[17484] [(null)] - [MainUI] [ShowTabPagesLog] 全部页面 工单记录=WebPage00001(); 新增工单=WebPage00002(WebPage00001); 工单记录=WebPage00003(WebPage00001); 新增页=WebPage00004(WebPage00003); 
2016-08-19 10:49:09,457 [1] INFO  Holly--[17484] [(null)] - [MainJs] [MethodScript] 命令调用完成，返回结果=ok
2016-08-19 10:49:10,383 [1] INFO  Holly--[17484] [(null)] - [MainJs] [SendToWeb] 发送网页消息：0 次数，指定页面ID：WebPage00004
2016-08-19 10:49:10,383 [1] INFO  Holly--[17484] [(null)] - [MainUI] [SendMesToWeb] 获取到了当前指定webPageID的页面：WebPage00004
2016-08-19 10:49:10,383 [1] INFO  Holly--[17484] [(null)] - [MainJs] [SendMesToWeb] CTIEventMsg msg：UserEvent=Notice&Action=SaveWindowsName&Data=WebPage00004&outBoundType=-2
2016-08-19 10:49:13,515 [1] INFO  Holly--[17484] [(null)] - [MainJs] [SendToWeb] 发送网页消息：0 次数，指定页面ID：WebPage00004
2016-08-19 10:49:13,515 [1] INFO  Holly--[17484] [(null)] - [MainUI] [SendMesToWeb] 获取到了当前指定webPageID的页面：WebPage00004
2016-08-19 10:49:13,516 [1] INFO  Holly--[17484] [(null)] - [MainJs] [SendMesToWeb] CTIEventMsg msg：UserEvent=Notice&Action=SaveWindowsName&Data=WebPage00004&outBoundType=-2
2016-08-19 10:49:13,716 [1] INFO  Holly--[17484] [(null)] - [MainJs] [SendToWeb] 发送网页消息：0 次数，指定页面ID：WebPage00004
2016-08-19 10:49:13,716 [1] INFO  Holly--[17484] [(null)] - [MainUI] [SendMesToWeb] 获取到了当前指定webPageID的页面：WebPage00004
2016-08-19 10:49:13,716 [1] INFO  Holly--[17484] [(null)] - [MainJs] [SendMesToWeb] CTIEventMsg msg：UserEvent=Notice&Action=SaveWindowsName&Data=WebPage00004&outBoundType=-2
2016-08-19 10:49:18,834 [1] INFO  Holly--[17484] [(null)] - [MainUI] [GetTabControlTabPagesCount] 可用页面数量=4
2016-08-19 10:49:18,987 [1] INFO  Holly--[17484] [(null)] - [MainUI] [SelectedIndexChanged] [切换页面] WebPage00001
2016-08-19 10:49:18,987 [1] INFO  Holly--[17484] [(null)] - [MainUI] 手动关闭页面=WebPage00004，并且移除alowReceiveCallMsg_WebpageIDList[允许给iframe子页面推送话务消息列表]中的PageID：WebPage00004,结果=False
2016-08-19 10:49:18,987 [1] INFO  Holly--[17484] [(null)] - [MainUI] [ShowTabPagesLog] 全部页面 工单记录=WebPage00001(); 新增工单=WebPage00002(WebPage00001); 工单记录=WebPage00003(WebPage00001); 
2016-08-19 10:49:24,255 [1] INFO  Holly--[17484] [(null)] - [MainJs] [SendToWeb] 发送网页消息：0 次数，指定页面ID：WebPage00001
2016-08-19 10:49:24,255 [1] INFO  Holly--[17484] [(null)] - [MainUI] [SendMesToWeb] 获取到了当前指定webPageID的页面：WebPage00001
2016-08-19 10:49:24,256 [1] INFO  Holly--[17484] [(null)] - [MainJs] [SendMesToWeb] CTIEventMsg msg：UserEvent=Notice&Action=SaveWindowsName&Data=WebPage00001&outBoundType=-2
2016-08-19 10:49:31,792 [1] INFO  Holly--[17484] [(null)] - [MainJs] [SendToWeb] 发送网页消息：0 次数，指定页面ID：WebPage00001
2016-08-19 10:49:31,795 [1] INFO  Holly--[17484] [(null)] - [MainUI] [SendMesToWeb] 获取到了当前指定webPageID的页面：WebPage00001
2016-08-19 10:49:31,795 [1] INFO  Holly--[17484] [(null)] - [MainJs] [SendMesToWeb] CTIEventMsg msg：UserEvent=Notice&Action=SaveWindowsName&Data=WebPage00001&outBoundType=-2
2016-08-19 10:49:32,869 [1] INFO  Holly--[17484] [(null)] - [MainUI] [ShowTabPagesLog] 全部页面 客户核实=WebPage00001(); 新增工单=WebPage00002(WebPage00001); 工单记录=WebPage00003(WebPage00001); 新增页=WebPage00005(WebPage00001); 
2016-08-19 10:49:33,115 [1] INFO  Holly--[17484] [(null)] - [MainJs] [SendToWeb] 发送网页消息：0 次数，指定页面ID：WebPage00005
2016-08-19 10:49:33,115 [1] INFO  Holly--[17484] [(null)] - [MainUI] [SendMesToWeb] 获取到了当前指定webPageID的页面：WebPage00005
2016-08-19 10:49:33,116 [1] INFO  Holly--[17484] [(null)] - [MainJs] [SendMesToWeb] CTIEventMsg msg：UserEvent=Notice&Action=SaveWindowsName&Data=WebPage00005&outBoundType=-2
2016-08-19 10:49:39,094 [1] INFO  Holly--[17484] [(null)] - [MainJs] [SendToWeb] 发送网页消息：0 次数，指定页面ID：WebPage00005
2016-08-19 10:49:39,095 [1] INFO  Holly--[17484] [(null)] - [MainUI] [SendMesToWeb] 获取到了当前指定webPageID的页面：WebPage00005
2016-08-19 10:49:39,095 [1] INFO  Holly--[17484] [(null)] - [MainJs] [SendMesToWeb] CTIEventMsg msg：UserEvent=Notice&Action=SaveWindowsName&Data=WebPage00005&outBoundType=-2
2016-08-19 10:49:41,142 [1] INFO  Holly--[17484] [(null)] - [MainJs] [SendToWeb] 发送网页消息：0 次数，指定页面ID：WebPage00005
2016-08-19 10:49:41,143 [1] INFO  Holly--[17484] [(null)] - [MainUI] [SendMesToWeb] 获取到了当前指定webPageID的页面：WebPage00005
2016-08-19 10:49:41,143 [1] INFO  Holly--[17484] [(null)] - [MainJs] [SendMesToWeb] CTIEventMsg msg：UserEvent=Notice&Action=SaveWindowsName&Data=WebPage00005&outBoundType=-2
2016-08-19 10:49:41,508 [1] INFO  Holly--[17484] [(null)] - [客户端推送日志信息] 开始
2016-08-19 10:49:41,516 [1] INFO  Holly--[17484] [(null)] - [客户端推送日志信息] 获取到请求数：0
2016-08-19 10:49:42,556 [1] INFO  Holly--[17484] [(null)] - [MainJs] [MethodScript] urlPath /browsercontrol/newpage?url=/WOrderV2/AddWOrderInfo.aspx?CallSource=0&ModuleSource=2&key=5D09E396B787F&r=2127016520
2016-08-19 10:49:42,556 [1] INFO  Holly--[17484] [(null)] - [MainUI] [NewPageForReq] address is:/WOrderV2/AddWOrderInfo.aspx?CallSource=0&ModuleSource=2&key=5D09E396B787F&r=2127016520
2016-08-19 10:49:42,570 [1] INFO  Holly--[17484] [(null)] - [MainUI] [ShowTabPagesLog] 全部页面 客户核实=WebPage00001(); 新增工单=WebPage00002(WebPage00001); 工单记录=WebPage00003(WebPage00001); 工单记录=WebPage00005(WebPage00001); 新增页=WebPage00006(WebPage00005); 
2016-08-19 10:49:42,647 [1] INFO  Holly--[17484] [(null)] - [MainJs] [MethodScript] 命令调用完成，返回结果=ok
2016-08-19 10:49:43,587 [1] INFO  Holly--[17484] [(null)] - [MainJs] [SendToWeb] 发送网页消息：0 次数，指定页面ID：WebPage00006
2016-08-19 10:49:43,587 [1] INFO  Holly--[17484] [(null)] - [MainUI] [SendMesToWeb] 获取到了当前指定webPageID的页面：WebPage00006
2016-08-19 10:49:43,588 [1] INFO  Holly--[17484] [(null)] - [MainJs] [SendMesToWeb] CTIEventMsg msg：UserEvent=Notice&Action=SaveWindowsName&Data=WebPage00006&outBoundType=-2
2016-08-19 10:49:44,908 [1] INFO  Holly--[17484] [(null)] - [MainJs] [SendToWeb] 发送网页消息：0 次数，指定页面ID：WebPage00006
2016-08-19 10:49:44,908 [1] INFO  Holly--[17484] [(null)] - [MainUI] [SendMesToWeb] 获取到了当前指定webPageID的页面：WebPage00006
2016-08-19 10:49:44,910 [1] INFO  Holly--[17484] [(null)] - [MainJs] [SendMesToWeb] CTIEventMsg msg：UserEvent=Notice&Action=SaveWindowsName&Data=WebPage00006&outBoundType=-2
2016-08-19 10:49:46,424 [1] INFO  Holly--[17484] [(null)] - [MainUI] [GetTabControlTabPagesCount] 可用页面数量=5
2016-08-19 10:49:46,577 [1] INFO  Holly--[17484] [(null)] - [MainUI] [SelectedIndexChanged] [切换页面] WebPage00001
2016-08-19 10:49:46,578 [1] INFO  Holly--[17484] [(null)] - [MainUI] 手动关闭页面=WebPage00006，并且移除alowReceiveCallMsg_WebpageIDList[允许给iframe子页面推送话务消息列表]中的PageID：WebPage00006,结果=False
2016-08-19 10:49:46,578 [1] INFO  Holly--[17484] [(null)] - [MainUI] [ShowTabPagesLog] 全部页面 客户核实=WebPage00001(); 新增工单=WebPage00002(WebPage00001); 工单记录=WebPage00003(WebPage00001); 工单记录=WebPage00005(WebPage00001); 
2016-08-19 10:49:47,445 [1] INFO  Holly--[17484] [(null)] - [MainUI] [SelectedIndexChanged] [切换页面] WebPage00005
2016-08-19 10:49:48,346 [1] INFO  Holly--[17484] [(null)] - [MainUI] [GetTabControlTabPagesCount] 可用页面数量=4
2016-08-19 10:49:48,434 [1] INFO  Holly--[17484] [(null)] - [MainUI] [SelectedIndexChanged] [切换页面] WebPage00001
2016-08-19 10:49:48,435 [1] INFO  Holly--[17484] [(null)] - [MainUI] 手动关闭页面=WebPage00005，并且移除alowReceiveCallMsg_WebpageIDList[允许给iframe子页面推送话务消息列表]中的PageID：WebPage00005,结果=False
2016-08-19 10:49:48,435 [1] INFO  Holly--[17484] [(null)] - [MainUI] [ShowTabPagesLog] 全部页面 客户核实=WebPage00001(); 新增工单=WebPage00002(WebPage00001); 工单记录=WebPage00003(WebPage00001); 
2016-08-19 10:49:48,959 [1] INFO  Holly--[17484] [(null)] - [MainUI] [SelectedIndexChanged] [切换页面] WebPage00003
2016-08-19 10:49:49,649 [1] INFO  Holly--[17484] [(null)] - [MainUI] [GetTabControlTabPagesCount] 可用页面数量=3
2016-08-19 10:49:49,719 [1] INFO  Holly--[17484] [(null)] - [MainUI] [SelectedIndexChanged] [切换页面] WebPage00001
2016-08-19 10:49:49,720 [1] INFO  Holly--[17484] [(null)] - [MainUI] 手动关闭页面=WebPage00003，并且移除alowReceiveCallMsg_WebpageIDList[允许给iframe子页面推送话务消息列表]中的PageID：WebPage00003,结果=False
2016-08-19 10:49:49,720 [1] INFO  Holly--[17484] [(null)] - [MainUI] [ShowTabPagesLog] 全部页面 客户核实=WebPage00001(); 新增工单=WebPage00002(WebPage00001); 
2016-08-19 10:49:50,467 [1] INFO  Holly--[17484] [(null)] - [MainUI] [SelectedIndexChanged] [切换页面] WebPage00002
2016-08-19 10:49:50,467 [1] INFO  Holly--[17484] [(null)] - [MainUI] [GetTabControlTabPagesCount] 可用页面数量=2
2016-08-19 10:49:50,604 [1] INFO  Holly--[17484] [(null)] - [MainUI] [SelectedIndexChanged] [切换页面] WebPage00001
2016-08-19 10:49:50,605 [1] INFO  Holly--[17484] [(null)] - [MainUI] 手动关闭页面=WebPage00002，并且移除alowReceiveCallMsg_WebpageIDList[允许给iframe子页面推送话务消息列表]中的PageID：WebPage00002,结果=False
2016-08-19 10:49:50,605 [1] INFO  Holly--[17484] [(null)] - [MainUI] [ShowTabPagesLog] 全部页面 客户核实=WebPage00001(); 
2016-08-19 10:50:41,521 [1] INFO  Holly--[17484] [(null)] - [客户端推送日志信息] 开始
2016-08-19 10:50:41,529 [1] INFO  Holly--[17484] [(null)] - [客户端推送日志信息] 获取到请求数：0
2016-08-19 10:51:12,597 [1] INFO  Holly--[17484] [(null)] - [***MDBFileHelper***][AdditionalRecording] 补录数据
2016-08-19 10:51:41,534 [1] INFO  Holly--[17484] [(null)] - [客户端推送日志信息] 开始
2016-08-19 10:51:41,544 [1] INFO  Holly--[17484] [(null)] - [客户端推送日志信息] 获取到请求数：0
2016-08-19 10:52:41,548 [1] INFO  Holly--[17484] [(null)] - [客户端推送日志信息] 开始
2016-08-19 10:52:41,556 [1] INFO  Holly--[17484] [(null)] - [客户端推送日志信息] 获取到请求数：0
2016-08-19 10:53:19,895 [1] INFO  Holly--[17484] [(null)] - [======Common======] GetCurrentTime ：获取当前服务器时间：CC系统服务器时间：2016-08-19 10:53:19.893，客户端时间：2016-08-19 10:53:19.895，（现有）计算时间差(毫秒)：-2.0001
2016-08-19 10:53:19,895 [1] INFO  Holly--[17484] [(null)] - [Main]timer_LoginTime_Tick LoginOnOid=2
2016-08-19 10:53:32,762 [1] INFO  Holly--[17484] [(null)] - [@@@厂家消息通知@@@]OnMessage ：厂家状态(CurStatus：16；CurStatusName：休息；)厂家消息(座席话务处理)程序状态(PS05_休息)
2016-08-19 10:53:35,930 [1] INFO  Holly--[17484] [(null)] - [@@@厂家消息通知@@@]OnMessage ：厂家状态(CurStatus：16；CurStatusName：休息；)厂家消息(录音开始：ContactID=20160819105344973_1_830_UIP5,ANI=35198,DNIS=35197,ResonCode=77,ResonDesc=_??? (77))程序状态(PS05_休息)
2016-08-19 10:53:41,560 [1] INFO  Holly--[17484] [(null)] - [客户端推送日志信息] 开始
2016-08-19 10:53:41,569 [1] INFO  Holly--[17484] [(null)] - [客户端推送日志信息] 获取到请求数：0
2016-08-19 10:54:12,655 [1] INFO  Holly--[17484] [(null)] - [***MDBFileHelper***][AdditionalRecording] 补录数据
2016-08-19 10:54:41,576 [1] INFO  Holly--[17484] [(null)] - [客户端推送日志信息] 开始
2016-08-19 10:54:41,585 [1] INFO  Holly--[17484] [(null)] - [客户端推送日志信息] 获取到请求数：0
2016-08-19 10:55:41,588 [1] INFO  Holly--[17484] [(null)] - [客户端推送日志信息] 开始
2016-08-19 10:55:41,598 [1] INFO  Holly--[17484] [(null)] - [客户端推送日志信息] 获取到请求数：0
2016-08-19 10:55:58,443 [1] INFO  Holly--[17484] [(null)] - [@@@厂家消息通知@@@]OnMessage ：厂家状态(CurStatus：16；CurStatusName：休息；)厂家消息(录音停止：ContactID=20160819105344973_1_830_UIP5,ANI=35198,DNIS=35197,FileName=/var/spool/hollyRecord/2016/08/35197/35197_20160819105348168.mp3,TimeLen=142751,ResonCode=78,ResonDesc=_??? (78))程序状态(PS05_休息)
2016-08-19 10:55:58,667 [1] INFO  Holly--[17484] [(null)] - [@@@厂家消息通知@@@]OnMessage ：厂家状态(CurStatus：16；CurStatusName：休息；)厂家消息(话路被挂断：ContactID=20160819105344973_1_830_UIP5,CurrStatus=21,LastStatus=28,OtherParty=35198,ResonCode=16,ResonDesc=ActTpDisconnected)程序状态(PS05_休息)
2016-08-19 10:55:58,669 [1] INFO  Holly--[17484] [(null)] - [@@@厂家消息通知@@@]OnMessage ：厂家状态(CurStatus：15；CurStatusName：工作整理；)厂家消息(状态改变：休息-->工作整理)程序状态(PS06_话后)
2016-08-19 10:55:58,669 [1] INFO  Holly--[17484] [(null)] - [>>>厂家状态变化<<<]OnStatusChange ：PS05_休息(16) -> PS06_话后(15)
2016-08-19 10:55:58,669 [1] INFO  Holly--[17484] [(null)] - [事件][AxUniSoftPhone_OnStatusChange] 状态变化事件
2016-08-19 10:55:58,670 [1] INFO  Holly--[17484] [(null)] - [Main][SetMainStatus]设置状态：PS06_话后
2016-08-19 10:55:58,670 [13] INFO  Holly--[17484] [(null)] - [Main][UpdatAgentDB] 更新客服状态表AS5_话后
2016-08-19 10:55:58,671 [13] INFO  Holly--[17484] [(null)] - [======Common======] GetCurrentTime ：获取当前服务器时间：CC系统服务器时间：2016-08-19 10:55:58.669，客户端时间：2016-08-19 10:55:58.671，（现有）计算时间差(毫秒)：-2.0001
2016-08-19 10:55:58,676 [1] INFO  Holly--[17484] [(null)] - [HollyContactHelper] 普通进行 == 主叫号码->35198
2016-08-19 10:55:58,676 [1] INFO  Holly--[17484] [(null)] - [HollyContactHelper] 获取厂家信息 ==主叫号码->35198
2016-08-19 10:55:58,677 [1] INFO  Holly--[17484] [(null)] - [HollyContactHelper] >>>> HaoMaProcess 处理前>>>> 35198
2016-08-19 10:55:58,679 [1] INFO  Holly--[17484] [(null)] - [HollyContactHelper] >>>> HaoMaProcess 处理后>>>> 35198
2016-08-19 10:55:58,680 [1] INFO  Holly--[17484] [(null)] - [HollyContactHelper] 获取厂家信息 ==被叫号码->35197
2016-08-19 10:55:58,681 [1] INFO  Holly--[17484] [(null)] - [HollyContactHelper] 获取厂家信息 ==落地号码->
2016-08-19 10:55:58,681 [1] INFO  Holly--[17484] [(null)] - [@@@厂家消息通知@@@]OnMessage ：厂家状态(CurStatus：15；CurStatusName：工作整理；)厂家消息(整理工作开始。)程序状态(PS06_话后)
2016-08-19 10:55:58,696 [13] INFO  Holly--[17484] [(null)] - [Main][UpdatAgentDB] 更新上一个状态的结束时间 PreOid....IS:5,结束时间为：2016-8-19 10:55:58
2016-08-19 10:55:58,717 [13] INFO  Holly--[17484] [(null)] - [Main][UpdatAgentDB] 插入新的状态 PreOid....IS:40
2016-08-19 10:56:41,601 [1] INFO  Holly--[17484] [(null)] - [客户端推送日志信息] 开始
2016-08-19 10:56:41,611 [1] INFO  Holly--[17484] [(null)] - [客户端推送日志信息] 获取到请求数：0
2016-08-19 10:57:12,709 [1] INFO  Holly--[17484] [(null)] - [***MDBFileHelper***][AdditionalRecording] 补录数据
2016-08-19 10:57:41,616 [1] INFO  Holly--[17484] [(null)] - [客户端推送日志信息] 开始
2016-08-19 10:57:41,625 [1] INFO  Holly--[17484] [(null)] - [客户端推送日志信息] 获取到请求数：0
2016-08-19 10:58:19,914 [1] INFO  Holly--[17484] [(null)] - [======Common======] GetCurrentTime ：获取当前服务器时间：CC系统服务器时间：2016-08-19 10:58:19.912，客户端时间：2016-08-19 10:58:19.914，（现有）计算时间差(毫秒)：-2.0001
2016-08-19 10:58:19,914 [1] INFO  Holly--[17484] [(null)] - [Main]timer_LoginTime_Tick LoginOnOid=2
2016-08-19 10:58:41,634 [1] INFO  Holly--[17484] [(null)] - [客户端推送日志信息] 开始
2016-08-19 10:58:41,645 [1] INFO  Holly--[17484] [(null)] - [客户端推送日志信息] 获取到请求数：0
2016-08-19 10:58:41,771 [1] INFO  Holly--[17484] [(null)] - [登录登出模块] ExitLogin() Begin...
2016-08-19 10:58:41,791 [1] INFO  Holly--[17484] [(null)] - [======Common======] GetCurrentTime ：获取当前服务器时间：CC系统服务器时间：2016-08-19 10:58:41.789，客户端时间：2016-08-19 10:58:41.791，（现有）计算时间差(毫秒)：-2.0001
2016-08-19 10:58:41,799 [1] INFO  Holly--[17484] [(null)] - [登录登出模块]DeleteAgentStateToDB...客服退出时 LoginOnOid....IS:2
2016-08-19 10:58:41,799 [1] INFO  Holly--[17484] [(null)] - [登录登出模块]DeleteAgentStateToDB...客服退出时 GetCurrentTime()....IS:2016-08-19 10:58:41
2016-08-19 10:58:41,802 [1] INFO  Holly--[17484] [(null)] - [登录登出模块]DeleteAgentStateToDB...退出成功....
2016-08-19 10:58:41,831 [1] INFO  Holly--[17484] [(null)] - [HollyContactHelper]用户操作==签出->True
2016-08-19 10:58:41,831 [1] INFO  Holly--[17484] [(null)] - [======Common======] GetCurrentTime ：获取当前服务器时间：CC系统服务器时间：2016-08-19 10:58:41.829，客户端时间：2016-08-19 10:58:41.831，（现有）计算时间差(毫秒)：-2.0001
2016-08-19 10:58:41,835 [1] INFO  Holly--[17484] [(null)] - [Main] 更新上一个状态的结束时间 PreOid....IS:40
2016-08-19 10:58:43,222 [1] INFO  Holly--[17484] [(null)] - [HollyContactHelper]用户操作==卸载->True
2016-08-19 10:58:43,222 [1] INFO  Holly--[17484] [(null)] - [登录登出模块] ExitLogin() End.
2016-08-19 11:46:05,322 [1] INFO  Holly--[18260] [(null)] - [登录窗口]btnLogin_Click Begin...
2016-08-19 11:46:05,422 [1] INFO  Holly--[18260] [(null)] - [HollyContactHelper]ModifySoftphoneINIByDN――根据DN35197,选择的SIPServerIP为：192.168.112.205
2016-08-19 11:46:05,546 [1] INFO  Holly--[18260] [(null)] - [HollyContactHelper]用户操作==装载及初始化->True
2016-08-19 11:46:05,546 [1] INFO  Holly--[18260] [(null)] - [登录窗口]btnLogin_Click： 异步加载，回调事件中继续登录
2016-08-19 11:46:05,546 [1] INFO  Holly--[18260] [(null)] - [登录窗口]btnLogin_Click End
2016-08-19 11:46:05,600 [1] INFO  Holly--[18260] [(null)] - [@@@厂家消息通知@@@]OnMessage ：厂家状态(CurStatus：0；CurStatusName：准备就绪状态；)厂家消息(服务器已上线:UserName=AgentUser,UserGOR=36503553)程序状态(PS01_就绪)
2016-08-19 11:46:05,621 [1] INFO  Holly--[18260] [(null)] - [@@@厂家消息通知@@@]OnMessage ：厂家状态(CurStatus：0；CurStatusName：准备就绪状态；)厂家消息(服务器已上线:UserName=LSUser,UserGOR=65537)程序状态(PS01_就绪)
2016-08-19 11:46:05,670 [1] INFO  Holly--[18260] [(null)] - [@@@厂家消息通知@@@]OnMessage ：厂家状态(CurStatus：0；CurStatusName：准备就绪状态；)厂家消息(服务器已上线:UserName=ASUser,UserGOR=1245185)程序状态(PS01_就绪)
2016-08-19 11:46:05,672 [1] INFO  Holly--[18260] [(null)] - [@@@厂家消息通知@@@]OnMessage ：厂家状态(CurStatus：0；CurStatusName：准备就绪状态；)厂家消息(服务器已上线:UserName=EDSUser,UserGOR=1638401)程序状态(PS01_就绪)
2016-08-19 11:46:05,674 [1] INFO  Holly--[18260] [(null)] - [@@@厂家消息通知@@@]OnMessage ：厂家状态(CurStatus：0；CurStatusName：准备就绪状态；)厂家消息(服务器已上线:UserName=StatEvent,UserGOR=851969)程序状态(PS01_就绪)
2016-08-19 11:46:05,676 [1] INFO  Holly--[18260] [(null)] - [@@@厂家消息通知@@@]OnMessage ：厂家状态(CurStatus：0；CurStatusName：准备就绪状态；)厂家消息(服务器已上线:UserName=StatUser,UserGOR=851970)程序状态(PS01_就绪)
2016-08-19 11:46:05,676 [1] INFO  Holly--[18260] [(null)] - 当前调用Load函数，返回的服务器信息条数为：6
2016-08-19 11:46:05,685 [1] INFO  Holly--[18260] [(null)] - [登录登出模块] Login ( masj, *** , 35197 ) 
2016-08-19 11:46:05,687 [1] INFO  Holly--[18260] [(null)] - [登录登出模块] DomainAccountLogin(masj, pwd) begin...
2016-08-19 11:46:05,749 [1] INFO  Holly--[18260] [(null)] - [登录登出模块] DomainAccountLogin(masj, pwd) end.return BitAuto.Services.Organization.Remoting.Employee
2016-08-19 11:46:06,124 [1] INFO  Holly--[18260] [(null)] - [登录登出模块] InitLoginUser() Begin...
2016-08-19 11:46:14,347 [1] INFO  Holly--[18260] [(null)] - [登录登出模块] InitLoginUser() 客服登录...AgentID is:10658,AgentNum is:13001,GroupName is:惠买车支持部（IM）,OutNum is:97
2016-08-19 11:46:14,347 [1] INFO  Holly--[18260] [(null)] - [登录登出模块] InitLoginUser() End...
2016-08-19 11:46:14,739 [1] INFO  Holly--[18260] [(null)] - [HollyContactHelper]用户操作==添加技能组->1099 3
2016-08-19 11:46:14,739 [1] INFO  Holly--[18260] [(null)] - [HollyContactHelper]用户操作==添加技能组->1094 3
2016-08-19 11:46:14,739 [1] INFO  Holly--[18260] [(null)] - [HollyContactHelper]用户操作==添加技能组->1096 3
2016-08-19 11:46:14,774 [1] INFO  Holly--[18260] [(null)] - [HollyContactHelper]用户操作==签入->True
2016-08-19 11:46:14,792 [1] INFO  Holly--[18260] [(null)] - [======Common======] GetCurrentTime ：获取当前服务器时间：CC系统服务器时间：2016-08-19 11:46:14.785，客户端时间：2016-08-19 11:46:14.792，（生成）计算时间差(毫秒)：-7.0004
2016-08-19 11:46:14,842 [1] INFO  Holly--[18260] [(null)] - [登录登出模块] InsertAgentState()更新退出时间....norecord
2016-08-19 11:46:14,867 [1] INFO  Holly--[18260] [(null)] - [登录登出模块] InsertAgentState()登录状态LoginOnOid....is:54
2016-08-19 11:46:14,867 [1] INFO  Holly--[18260] [(null)] - [登录登出模块] Login(masj, pwd, 35197) End.
2016-08-19 11:46:15,247 [1] INFO  Holly--[18260] [(null)] - [InitMainForm] 开始验证监控权限
2016-08-19 11:46:15,327 [1] INFO  Holly--[18260] [(null)] - [InitMainForm] 有 监控权限
2016-08-19 11:46:18,018 [1] INFO  Holly--[18260] [(null)] - [@@@厂家消息通知@@@]OnMessage ：厂家状态(CurStatus：0；CurStatusName：准备就绪状态；)厂家消息(座席签入成功)程序状态(PS01_就绪)
2016-08-19 11:46:18,048 [1] INFO  Holly--[18260] [(null)] - [事件][OnSignInSuccess] 签入成功事件
2016-08-19 11:46:18,048 [1] INFO  Holly--[18260] [(null)] - [======Common======] GetCurrentTime ：获取当前服务器时间：CC系统服务器时间：2016-08-19 11:46:18.041，客户端时间：2016-08-19 11:46:18.048，（现有）计算时间差(毫秒)：-7.0004
2016-08-19 11:46:18,072 [1] INFO  Holly--[18260] [(null)] - [登录登出模块] InsertAgentState()更新退出时间....initmsg
2016-08-19 11:46:18,082 [1] INFO  Holly--[18260] [(null)] - [登录登出模块] InsertAgentState()登录状态LoginOnOid....is:55
2016-08-19 11:46:18,084 [1] INFO  Holly--[18260] [(null)] - [@@@厂家消息通知@@@]OnMessage ：厂家状态(CurStatus：2；CurStatusName：置忙；)厂家消息(状态改变：准备就绪状态-->置忙)程序状态(PS04_置忙)
2016-08-19 11:46:18,087 [1] INFO  Holly--[18260] [(null)] - [>>>厂家状态变化<<<]OnStatusChange ：PS01_就绪(0) -> PS04_置忙(2)
2016-08-19 11:46:18,117 [1] INFO  Holly--[18260] [(null)] - [HollyContactHelper]用户操作==置闲->True
2016-08-19 11:46:18,194 [1] INFO  Holly--[18260] [(null)] - [HollyContactHelper]用户操作==休息(BS0_自动)->True
2016-08-19 11:46:18,195 [1] INFO  Holly--[18260] [(null)] - [事件][AxUniSoftPhone_OnStatusChange] 状态变化事件
2016-08-19 11:46:18,198 [3] INFO  Holly--[18260] [(null)] - [Main][UpdatAgentDB] 更新客服状态表AS4_置忙
2016-08-19 11:46:18,198 [3] INFO  Holly--[18260] [(null)] - [======Common======] GetCurrentTime ：获取当前服务器时间：CC系统服务器时间：2016-08-19 11:46:18.191，客户端时间：2016-08-19 11:46:18.198，（现有）计算时间差(毫秒)：-7.0004
2016-08-19 11:46:18,199 [1] INFO  Holly--[18260] [(null)] - [Main][SetMainStatus]设置状态：PS04_置忙(BS0_自动)
2016-08-19 11:46:18,204 [3] INFO  Holly--[18260] [(null)] - [Main][UpdatAgentDB] 插入CAgent表
2016-08-19 11:46:18,216 [1] INFO  Holly--[18260] [(null)] - [@@@厂家消息通知@@@]OnMessage ：厂家状态(CurStatus：1；CurStatusName：空闲；)厂家消息(状态改变：置忙-->空闲)程序状态(PS03_置闲)
2016-08-19 11:46:18,216 [1] INFO  Holly--[18260] [(null)] - [>>>厂家状态变化<<<]OnStatusChange ：PS04_置忙(2) -> PS03_置闲(1)
2016-08-19 11:46:18,216 [1] INFO  Holly--[18260] [(null)] - [事件][AxUniSoftPhone_OnStatusChange] 状态变化事件
2016-08-19 11:46:18,217 [1] INFO  Holly--[18260] [(null)] - [Main][SetMainStatus]设置状态：PS03_置闲
2016-08-19 11:46:18,217 [11] INFO  Holly--[18260] [(null)] - [Main][UpdatAgentDB] 更新客服状态表AS3_置闲
2016-08-19 11:46:18,217 [11] INFO  Holly--[18260] [(null)] - [======Common======] GetCurrentTime ：获取当前服务器时间：CC系统服务器时间：2016-08-19 11:46:18.210，客户端时间：2016-08-19 11:46:18.217，（现有）计算时间差(毫秒)：-7.0004
2016-08-19 11:46:18,220 [11] INFO  Holly--[18260] [(null)] - [Main][UpdatAgentDB] 插入CAgent表
2016-08-19 11:46:18,221 [1] INFO  Holly--[18260] [(null)] - [@@@厂家消息通知@@@]OnMessage ：厂家状态(CurStatus：16；CurStatusName：休息；)厂家消息(状态改变：空闲-->休息)程序状态(PS05_休息)
2016-08-19 11:46:18,222 [1] INFO  Holly--[18260] [(null)] - [>>>厂家状态变化<<<]OnStatusChange ：PS03_置闲(1) -> PS05_休息(16)
2016-08-19 11:46:18,222 [1] INFO  Holly--[18260] [(null)] - [事件][AxUniSoftPhone_OnStatusChange] 状态变化事件
2016-08-19 11:46:18,222 [1] INFO  Holly--[18260] [(null)] - [Main][SetMainStatus]设置状态：PS05_休息
2016-08-19 11:46:18,224 [12] INFO  Holly--[18260] [(null)] - [Main][UpdatAgentDB] 更新客服状态表AS4_置忙
2016-08-19 11:46:18,224 [12] INFO  Holly--[18260] [(null)] - [======Common======] GetCurrentTime ：获取当前服务器时间：CC系统服务器时间：2016-08-19 11:46:18.217，客户端时间：2016-08-19 11:46:18.224，（现有）计算时间差(毫秒)：-7.0004
2016-08-19 11:46:18,225 [12] INFO  Holly--[18260] [(null)] - [Main][UpdatAgentDB] 插入CAgent表
2016-08-19 11:46:18,227 [3] INFO  Holly--[18260] [(null)] - [Main][UpdatAgentDB] 插入新的状态 PreOid....IS:56
2016-08-19 11:46:18,251 [11] INFO  Holly--[18260] [(null)] - [Main][UpdatAgentDB] 插入新的状态 PreOid....IS:57
2016-08-19 11:46:18,259 [12] INFO  Holly--[18260] [(null)] - [Main][UpdatAgentDB] 插入新的状态 PreOid....IS:58
2016-08-19 11:46:18,343 [1] INFO  Holly--[18260] [(null)] - [HollyContactHelper] 获取厂家信息 ==落地号码->
2016-08-19 11:46:18,345 [1] INFO  Holly--[18260] [(null)] - [@@@厂家消息通知@@@]OnMessage ：厂家状态(CurStatus：16；CurStatusName：休息；)厂家消息(休息开始。)程序状态(PS05_休息)
2016-08-19 11:46:18,352 [1] INFO  Holly--[18260] [(null)] - [HollyContactHelper] 获取厂家信息 ==落地号码->
2016-08-19 11:46:18,352 [1] INFO  Holly--[18260] [(null)] - [@@@厂家消息通知@@@]OnMessage ：厂家状态(CurStatus：16；CurStatusName：休息；)厂家消息(示闲成功。)程序状态(PS05_休息)
2016-08-19 11:46:18,363 [1] INFO  Holly--[18260] [(null)] - [HollyContactHelper] 获取厂家信息 ==落地号码->
2016-08-19 11:46:18,363 [1] INFO  Holly--[18260] [(null)] - [@@@厂家消息通知@@@]OnMessage ：厂家状态(CurStatus：16；CurStatusName：休息；)厂家消息(签入成功。)程序状态(PS05_休息)
2016-08-19 11:46:19,462 [1] INFO  Holly--[18260] [(null)] - [MainJs] [SendToWeb] 发送网页消息：0 次数，指定页面ID：WebPage00001
2016-08-19 11:46:19,465 [1] INFO  Holly--[18260] [(null)] - [MainUI] [SendMesToWeb] 获取到了当前指定webPageID的页面：WebPage00001
2016-08-19 11:46:19,467 [1] INFO  Holly--[18260] [(null)] - [MainJs] [SendMesToWeb] CTIEventMsg msg：UserEvent=Notice&Action=SaveWindowsName&Data=WebPage00001&outBoundType=-2
2016-08-19 11:46:22,986 [1] INFO  Holly--[18260] [(null)] - [登录登出模块] ExitLogin() Begin...
2016-08-19 11:46:23,010 [1] INFO  Holly--[18260] [(null)] - [======Common======] GetCurrentTime ：获取当前服务器时间：CC系统服务器时间：2016-08-19 11:46:23.009，客户端时间：2016-08-19 11:46:23.010，（生成）计算时间差(毫秒)：-1.0001
2016-08-19 11:46:23,018 [1] INFO  Holly--[18260] [(null)] - [登录登出模块]DeleteAgentStateToDB...客服退出时 LoginOnOid....IS:55
2016-08-19 11:46:23,018 [1] INFO  Holly--[18260] [(null)] - [登录登出模块]DeleteAgentStateToDB...客服退出时 GetCurrentTime()....IS:2016-08-19 11:46:23
2016-08-19 11:46:23,026 [1] INFO  Holly--[18260] [(null)] - [登录登出模块]DeleteAgentStateToDB...退出成功....
2016-08-19 11:46:23,055 [1] INFO  Holly--[18260] [(null)] - [HollyContactHelper]用户操作==签出->True
2016-08-19 11:46:23,055 [1] INFO  Holly--[18260] [(null)] - [======Common======] GetCurrentTime ：获取当前服务器时间：CC系统服务器时间：2016-08-19 11:46:23.054，客户端时间：2016-08-19 11:46:23.055，（现有）计算时间差(毫秒)：-1.0001
2016-08-19 11:46:23,057 [1] INFO  Holly--[18260] [(null)] - [Main] 更新上一个状态的结束时间 PreOid....IS:58
2016-08-19 11:46:24,335 [1] INFO  Holly--[18260] [(null)] - [HollyContactHelper]用户操作==卸载->True
2016-08-19 11:46:24,335 [1] INFO  Holly--[18260] [(null)] - [登录登出模块] ExitLogin() End.
