2016-09-13 10:59:02,433 [1] INFO  Holly--[18628] [(null)] - [登录窗口]btnLogin_Click Begin...
2016-09-13 10:59:03,065 [1] INFO  Holly--[18628] [(null)] - [HollyContactHelper]ModifySoftphoneINIByDN――根据DN36997,选择的SIPServerIP为：192.168.112.200
2016-09-13 10:59:04,054 [1] INFO  Holly--[18628] [(null)] - [HollyContactHelper]用户操作==装载及初始化->True
2016-09-13 10:59:04,054 [1] INFO  Holly--[18628] [(null)] - [登录窗口]btnLogin_Click： 异步加载，回调事件中继续登录
2016-09-13 10:59:04,054 [1] INFO  Holly--[18628] [(null)] - [登录窗口]btnLogin_Click End
2016-09-13 10:59:04,112 [1] INFO  Holly--[18628] [(null)] - [@@@厂家消息通知@@@]OnMessage ：厂家状态(CurStatus：0；CurStatusName：准备就绪状态；)厂家消息(服务器已上线:UserName=AgentUser,UserGOR=7995393)程序状态(PS01_就绪)
2016-09-13 10:59:04,136 [1] INFO  Holly--[18628] [(null)] - [@@@厂家消息通知@@@]OnMessage ：厂家状态(CurStatus：0；CurStatusName：准备就绪状态；)厂家消息(服务器已上线:UserName=LSUser,UserGOR=65537)程序状态(PS01_就绪)
2016-09-13 10:59:04,163 [1] INFO  Holly--[18628] [(null)] - [@@@厂家消息通知@@@]OnMessage ：厂家状态(CurStatus：0；CurStatusName：准备就绪状态；)厂家消息(服务器已上线:UserName=EDSUser,UserGOR=1966081)程序状态(PS01_就绪)
2016-09-13 10:59:04,191 [1] INFO  Holly--[18628] [(null)] - [@@@厂家消息通知@@@]OnMessage ：厂家状态(CurStatus：0；CurStatusName：准备就绪状态；)厂家消息(服务器已上线:UserName=ASUser,UserGOR=1310721)程序状态(PS01_就绪)
2016-09-13 10:59:04,192 [1] INFO  Holly--[18628] [(null)] - [@@@厂家消息通知@@@]OnMessage ：厂家状态(CurStatus：0；CurStatusName：准备就绪状态；)厂家消息(服务器已上线:UserName=StatEvent,UserGOR=851969)程序状态(PS01_就绪)
2016-09-13 10:59:04,193 [1] INFO  Holly--[18628] [(null)] - [@@@厂家消息通知@@@]OnMessage ：厂家状态(CurStatus：0；CurStatusName：准备就绪状态；)厂家消息(服务器已上线:UserName=StatUser,UserGOR=851970)程序状态(PS01_就绪)
2016-09-13 10:59:04,193 [1] INFO  Holly--[18628] [(null)] - 当前调用Load函数，返回的服务器信息条数为：6
2016-09-13 10:59:04,281 [1] INFO  Holly--[18628] [(null)] - [登录登出模块] Login ( masj, *** , 36997 ) 
2016-09-13 10:59:04,282 [1] INFO  Holly--[18628] [(null)] - [登录登出模块] DomainAccountLogin(masj, pwd) begin...
2016-09-13 10:59:04,578 [1] INFO  Holly--[18628] [(null)] - [登录登出模块] DomainAccountLogin(masj, pwd) end.return BitAuto.Services.Organization.Remoting.Employee
2016-09-13 10:59:06,518 [1] INFO  Holly--[18628] [(null)] - [登录登出模块] InitLoginUser() Begin...
2016-09-13 10:59:12,284 [1] INFO  Holly--[18628] [(null)] - [登录登出模块] InitLoginUser() 客服登录...AgentID is:10658,AgentNum is:13001,GroupName is:惠买车支持部（IM）,OutNum is:97
2016-09-13 10:59:12,284 [1] INFO  Holly--[18628] [(null)] - [登录登出模块] InitLoginUser() End...
2016-09-13 10:59:13,186 [1] INFO  Holly--[18628] [(null)] - [HollyContactHelper]用户操作==添加技能组->1099 3
2016-09-13 10:59:13,186 [1] INFO  Holly--[18628] [(null)] - [HollyContactHelper]用户操作==添加技能组->1094 3
2016-09-13 10:59:13,186 [1] INFO  Holly--[18628] [(null)] - [HollyContactHelper]用户操作==添加技能组->1096 3
2016-09-13 10:59:13,220 [1] INFO  Holly--[18628] [(null)] - [HollyContactHelper]用户操作==签入->True
2016-09-13 10:59:13,238 [1] INFO  Holly--[18628] [(null)] - [======Common======] GetCurrentTime ：获取当前服务器时间：CC系统服务器时间：2016-09-13 10:58:36.916，客户端时间：2016-09-13 10:59:13.238，（生成）计算时间差(毫秒)：-36322.3789
2016-09-13 10:59:13,473 [1] INFO  Holly--[18628] [(null)] - [登录登出模块] InsertAgentState()更新退出时间....norecord
2016-09-13 10:59:13,523 [1] INFO  Holly--[18628] [(null)] - [登录登出模块] InsertAgentState()登录状态LoginOnOid....is:1
2016-09-13 10:59:13,523 [1] INFO  Holly--[18628] [(null)] - [登录登出模块] Login(masj, pwd, 36997) End.
2016-09-13 10:59:14,609 [1] INFO  Holly--[18628] [(null)] - [InitMainForm] 开始验证监控权限
2016-09-13 10:59:14,730 [1] INFO  Holly--[18628] [(null)] - [InitMainForm] 有 监控权限
2016-09-13 10:59:47,015 [1] INFO  Holly--[18628] [(null)] - [@@@厂家消息通知@@@]OnMessage ：厂家状态(CurStatus：0；CurStatusName：准备就绪状态；)厂家消息(座席签入成功)程序状态(PS01_就绪)
2016-09-13 10:59:47,052 [1] INFO  Holly--[18628] [(null)] - [事件][OnSignInSuccess] 签入成功事件
2016-09-13 10:59:47,053 [1] INFO  Holly--[18628] [(null)] - [======Common======] GetCurrentTime ：获取当前服务器时间：CC系统服务器时间：2016-09-13 10:59:10.729，客户端时间：2016-09-13 10:59:47.052，（现有）计算时间差(毫秒)：-36322.3789
2016-09-13 10:59:47,070 [1] INFO  Holly--[18628] [(null)] - [登录登出模块] InsertAgentState()更新退出时间....initmsg
2016-09-13 10:59:47,076 [1] INFO  Holly--[18628] [(null)] - [登录登出模块] InsertAgentState()登录状态LoginOnOid....is:2
2016-09-13 10:59:47,078 [1] INFO  Holly--[18628] [(null)] - [@@@厂家消息通知@@@]OnMessage ：厂家状态(CurStatus：2；CurStatusName：置忙；)厂家消息(状态改变：准备就绪状态-->置忙)程序状态(PS04_置忙)
2016-09-13 10:59:47,080 [1] INFO  Holly--[18628] [(null)] - [>>>厂家状态变化<<<]OnStatusChange ：PS01_就绪(0) -> PS04_置忙(2)
2016-09-13 10:59:47,111 [1] INFO  Holly--[18628] [(null)] - [HollyContactHelper]用户操作==置闲->True
2016-09-13 10:59:47,369 [1] INFO  Holly--[18628] [(null)] - [HollyContactHelper]用户操作==休息(BS0_自动)->True
2016-09-13 10:59:47,369 [1] INFO  Holly--[18628] [(null)] - [事件][AxUniSoftPhone_OnStatusChange] 状态变化事件
2016-09-13 10:59:47,372 [3] INFO  Holly--[18628] [(null)] - [Main][UpdatAgentDB] 更新客服状态表AS4_置忙
2016-09-13 10:59:47,372 [3] INFO  Holly--[18628] [(null)] - [======Common======] GetCurrentTime ：获取当前服务器时间：CC系统服务器时间：2016-09-13 10:59:11.049，客户端时间：2016-09-13 10:59:47.372，（现有）计算时间差(毫秒)：-36322.3789
2016-09-13 10:59:47,373 [1] INFO  Holly--[18628] [(null)] - [Main][SetMainStatus]设置状态：PS04_置忙(BS0_自动)
2016-09-13 10:59:47,406 [1] INFO  Holly--[18628] [(null)] - [@@@厂家消息通知@@@]OnMessage ：厂家状态(CurStatus：1；CurStatusName：空闲；)厂家消息(状态改变：置忙-->空闲)程序状态(PS03_置闲)
2016-09-13 10:59:47,406 [1] INFO  Holly--[18628] [(null)] - [>>>厂家状态变化<<<]OnStatusChange ：PS04_置忙(2) -> PS03_置闲(1)
2016-09-13 10:59:47,406 [1] INFO  Holly--[18628] [(null)] - [事件][AxUniSoftPhone_OnStatusChange] 状态变化事件
2016-09-13 10:59:47,407 [1] INFO  Holly--[18628] [(null)] - [Main][SetMainStatus]设置状态：PS03_置闲
2016-09-13 10:59:47,407 [11] INFO  Holly--[18628] [(null)] - [Main][UpdatAgentDB] 更新客服状态表AS3_置闲
2016-09-13 10:59:47,407 [11] INFO  Holly--[18628] [(null)] - [======Common======] GetCurrentTime ：获取当前服务器时间：CC系统服务器时间：2016-09-13 10:59:11.084，客户端时间：2016-09-13 10:59:47.407，（现有）计算时间差(毫秒)：-36322.3789
2016-09-13 10:59:47,411 [1] INFO  Holly--[18628] [(null)] - [@@@厂家消息通知@@@]OnMessage ：厂家状态(CurStatus：16；CurStatusName：休息；)厂家消息(状态改变：空闲-->休息)程序状态(PS05_休息)
2016-09-13 10:59:47,411 [1] INFO  Holly--[18628] [(null)] - [>>>厂家状态变化<<<]OnStatusChange ：PS03_置闲(1) -> PS05_休息(16)
2016-09-13 10:59:47,411 [1] INFO  Holly--[18628] [(null)] - [事件][AxUniSoftPhone_OnStatusChange] 状态变化事件
2016-09-13 10:59:47,412 [1] INFO  Holly--[18628] [(null)] - [Main][SetMainStatus]设置状态：PS05_休息
2016-09-13 10:59:47,412 [12] INFO  Holly--[18628] [(null)] - [Main][UpdatAgentDB] 更新客服状态表AS4_置忙
2016-09-13 10:59:47,412 [12] INFO  Holly--[18628] [(null)] - [======Common======] GetCurrentTime ：获取当前服务器时间：CC系统服务器时间：2016-09-13 10:59:11.089，客户端时间：2016-09-13 10:59:47.412，（现有）计算时间差(毫秒)：-36322.3789
2016-09-13 10:59:47,523 [11] INFO  Holly--[18628] [(null)] - [Main][UpdatAgentDB] 插入CAgent表
2016-09-13 10:59:47,566 [12] INFO  Holly--[18628] [(null)] - [Main][UpdatAgentDB] 插入CAgent表
2016-09-13 10:59:47,567 [3] INFO  Holly--[18628] [(null)] - [Main][UpdatAgentDB] 插入CAgent表
2016-09-13 10:59:47,588 [12] INFO  Holly--[18628] [(null)] - [Main][UpdatAgentDB] 插入新的状态 PreOid....IS:3
2016-09-13 10:59:47,590 [11] INFO  Holly--[18628] [(null)] - [Main][UpdatAgentDB] 插入新的状态 PreOid....IS:4
2016-09-13 10:59:47,595 [3] INFO  Holly--[18628] [(null)] - [Main][UpdatAgentDB] 插入新的状态 PreOid....IS:5
2016-09-13 10:59:47,639 [1] INFO  Holly--[18628] [(null)] - [HollyContactHelper] 获取厂家信息 ==落地号码->
2016-09-13 10:59:47,641 [1] INFO  Holly--[18628] [(null)] - [@@@厂家消息通知@@@]OnMessage ：厂家状态(CurStatus：16；CurStatusName：休息；)厂家消息(休息开始。)程序状态(PS05_休息)
2016-09-13 10:59:47,647 [1] INFO  Holly--[18628] [(null)] - [HollyContactHelper] 获取厂家信息 ==落地号码->
2016-09-13 10:59:47,648 [1] INFO  Holly--[18628] [(null)] - [@@@厂家消息通知@@@]OnMessage ：厂家状态(CurStatus：16；CurStatusName：休息；)厂家消息(示闲成功。)程序状态(PS05_休息)
2016-09-13 10:59:47,653 [1] INFO  Holly--[18628] [(null)] - [HollyContactHelper] 获取厂家信息 ==落地号码->
2016-09-13 10:59:47,653 [1] INFO  Holly--[18628] [(null)] - [@@@厂家消息通知@@@]OnMessage ：厂家状态(CurStatus：16；CurStatusName：休息；)厂家消息(签入成功。)程序状态(PS05_休息)
2016-09-13 11:00:04,229 [1] INFO  Holly--[18628] [(null)] - [MainJs] [SendToWeb] 发送网页消息：0 次数，指定页面ID：WebPage00001
2016-09-13 11:00:04,231 [1] INFO  Holly--[18628] [(null)] - [MainUI] [SendMesToWeb] 获取到了当前指定webPageID的页面：WebPage00001
2016-09-13 11:00:04,234 [1] INFO  Holly--[18628] [(null)] - [MainJs] [SendMesToWeb] CTIEventMsg msg：UserEvent=Notice&Action=SaveWindowsName&Data=WebPage00001&outBoundType=-2
2016-09-13 11:00:23,201 [1] INFO  Holly--[18628] [(null)] - [Main] 点击按钮==置闲
2016-09-13 11:00:23,232 [1] INFO  Holly--[18628] [(null)] - [HollyContactHelper]用户操作==结束休息->True
2016-09-13 11:00:23,463 [1] INFO  Holly--[18628] [(null)] - [@@@厂家消息通知@@@]OnMessage ：厂家状态(CurStatus：1；CurStatusName：空闲；)厂家消息(状态改变：休息-->空闲)程序状态(PS03_置闲)
2016-09-13 11:00:23,463 [1] INFO  Holly--[18628] [(null)] - [>>>厂家状态变化<<<]OnStatusChange ：PS05_休息(16) -> PS03_置闲(1)
2016-09-13 11:00:23,463 [1] INFO  Holly--[18628] [(null)] - [事件][AxUniSoftPhone_OnStatusChange] 状态变化事件
2016-09-13 11:00:23,463 [1] INFO  Holly--[18628] [(null)] - [Main][SetMainStatus]设置状态：PS03_置闲
2016-09-13 11:00:23,463 [11] INFO  Holly--[18628] [(null)] - [Main][UpdatAgentDB] 更新客服状态表AS3_置闲
2016-09-13 11:00:23,513 [11] INFO  Holly--[18628] [(null)] - [======Common======] GetCurrentTime ：获取当前服务器时间：CC系统服务器时间：2016-09-13 10:59:15.058，客户端时间：2016-09-13 11:00:23.513，（生成）计算时间差(毫秒)：-68454.1844
2016-09-13 11:00:23,523 [11] INFO  Holly--[18628] [(null)] - [Main][UpdatAgentDB] 更新上一个状态的结束时间 PreOid....IS:5,结束时间为：2016-9-13 10:59:15
2016-09-13 11:00:23,546 [11] INFO  Holly--[18628] [(null)] - [Main][UpdatAgentDB] 插入新的状态 PreOid....IS:6
2016-09-13 11:00:23,601 [1] INFO  Holly--[18628] [(null)] - [HollyContactHelper] 获取厂家信息 ==落地号码->
2016-09-13 11:00:23,601 [1] INFO  Holly--[18628] [(null)] - [@@@厂家消息通知@@@]OnMessage ：厂家状态(CurStatus：1；CurStatusName：空闲；)厂家消息(休息结束。)程序状态(PS03_置闲)
2016-09-13 11:00:46,300 [1] INFO  Holly--[18628] [(null)] - [客户端推送日志信息] 开始
2016-09-13 11:00:55,229 [1] INFO  Holly--[18628] [(null)] - [客户端推送日志信息] 获取到请求数：0
2016-09-13 11:01:30,244 [1] INFO  Holly--[18628] [(null)] - [@@@厂家消息通知@@@]OnMessage ：厂家状态(CurStatus：1；CurStatusName：空闲；)厂家消息(座席被锁定)程序状态(PS03_置闲)
2016-09-13 11:01:30,244 [1] INFO  Holly--[18628] [(null)] - [Main][SetMainStatus]设置状态：PS18_客服被锁定
2016-09-13 11:01:37,032 [1] INFO  Holly--[18628] [(null)] - [@@@厂家消息通知@@@]OnMessage ：厂家状态(CurStatus：3；CurStatusName：震铃；)厂家消息(状态改变：空闲-->震铃)程序状态(PS07_来电振铃)
2016-09-13 11:01:37,032 [1] INFO  Holly--[18628] [(null)] - [>>>厂家状态变化<<<]OnStatusChange ：PS03_置闲(1) -> PS07_来电振铃(3)
2016-09-13 11:01:37,032 [1] INFO  Holly--[18628] [(null)] - [事件][AxUniSoftPhone_OnStatusChange] 状态变化事件
2016-09-13 11:01:37,032 [1] INFO  Holly--[18628] [(null)] - [Main][SetMainStatus]设置状态：PS07_来电振铃
2016-09-13 11:01:37,032 [12] INFO  Holly--[18628] [(null)] - [Main][UpdatAgentDB] 更新客服状态表AS8_振铃
2016-09-13 11:01:37,032 [12] INFO  Holly--[18628] [(null)] - [======Common======] GetCurrentTime ：获取当前服务器时间：CC系统服务器时间：2016-09-13 11:00:28.578，客户端时间：2016-09-13 11:01:37.032，（现有）计算时间差(毫秒)：-68454.1844
2016-09-13 11:01:37,035 [12] INFO  Holly--[18628] [(null)] - [Main][UpdatAgentDB] 更新上一个状态的结束时间 PreOid....IS:6,结束时间为：2016-9-13 11:00:28
2016-09-13 11:01:37,043 [1] INFO  Holly--[18628] [(null)] - [@@@厂家消息通知@@@]OnMessage ：厂家状态(CurStatus：3；CurStatusName：震铃；)厂家消息(座席话务处理)程序状态(PS07_来电振铃)
2016-09-13 11:01:37,045 [1] INFO  Holly--[18628] [(null)] - [HollyContactHelper] 普通进行 == 主叫号码->18610633045
2016-09-13 11:01:37,045 [1] INFO  Holly--[18628] [(null)] - [HollyContactHelper] 获取厂家信息 ==主叫号码->18610633045
2016-09-13 11:01:37,045 [1] INFO  Holly--[18628] [(null)] - [HollyContactHelper] >>>> HaoMaProcess 处理前>>>> 18610633045
2016-09-13 11:01:37,047 [12] INFO  Holly--[18628] [(null)] - [Main][UpdatAgentDB] 插入新的状态 PreOid....IS:7
2016-09-13 11:01:37,047 [1] INFO  Holly--[18628] [(null)] - [HollyContactHelper] >>>> HaoMaProcess 处理后>>>> 18610633045
2016-09-13 11:01:37,048 [1] INFO  Holly--[18628] [(null)] - [HollyContactHelper] 获取厂家信息 ==被叫号码->36997
2016-09-13 11:01:37,049 [1] INFO  Holly--[18628] [(null)] - [HollyContactHelper] 获取厂家信息 ==落地号码->02987237722
2016-09-13 11:01:37,070 [1] INFO  Holly--[18628] [(null)] - [事件][OnBelling] 呼入振铃事件 ：呼入_分配接入 监控：非监控
2016-09-13 11:01:37,103 [1] INFO  Holly--[18628] [(null)] - [事件][CustomerInCome_OnBelling] 客服振铃
2016-09-13 11:01:37,103 [1] INFO  Holly--[18628] [(null)] - [======Common======] GetCurrentTime ：获取当前服务器时间：CC系统服务器时间：2016-09-13 11:00:28.649，客户端时间：2016-09-13 11:01:37.103，（现有）计算时间差(毫秒)：-68454.1844
2016-09-13 11:01:37,104 [1] INFO  Holly--[18628] [(null)] - [======Common======] GetNewCallID ：生成新CallID时 date：2016-9-13 11:00:28 timestamp：1473735628
2016-09-13 11:01:37,104 [1] INFO  Holly--[18628] [(null)] - [======Common======] GetNewCallID ：生成新CallID：369971473735628114
2016-09-13 11:01:37,105 [1] INFO  Holly--[18628] [(null)] - [HollyContactHelper] 普通进行 == 主叫号码->18610633045
2016-09-13 11:01:37,105 [1] INFO  Holly--[18628] [(null)] - [HollyContactHelper] 获取厂家信息 ==主叫号码->18610633045
2016-09-13 11:01:37,105 [1] INFO  Holly--[18628] [(null)] - [HollyContactHelper] >>>> HaoMaProcess 处理前>>>> 18610633045
2016-09-13 11:01:37,105 [1] INFO  Holly--[18628] [(null)] - [HollyContactHelper] >>>> HaoMaProcess 处理后>>>> 18610633045
2016-09-13 11:01:37,106 [1] INFO  Holly--[18628] [(null)] - [HollyContactHelper] [判断入线类型] == Skill_ID->1094 skillId-> sysAni-> mphone-> Key_IContact_ANI->18610633045 zhujiao->18610633045 beijiao->1006
2016-09-13 11:01:37,106 [1] INFO  Holly--[18628] [(null)] - [HollyContactHelper] [判断入线类型] 普通呼入
2016-09-13 11:01:37,106 [1] INFO  Holly--[18628] [(null)] - [事件][CustomerInCome_OnBelling] 判断呼入类型：普通呼入
2016-09-13 11:01:37,120 [1] INFO  Holly--[18628] [(null)] - [HollyContactHelper] 普通进行 == 主叫号码->18610633045
2016-09-13 11:01:37,120 [1] INFO  Holly--[18628] [(null)] - [HollyContactHelper] 获取厂家信息 ==主叫号码->18610633045
2016-09-13 11:01:37,120 [1] INFO  Holly--[18628] [(null)] - [HollyContactHelper] >>>> HaoMaProcess 处理前>>>> 18610633045
2016-09-13 11:01:37,120 [1] INFO  Holly--[18628] [(null)] - [HollyContactHelper] >>>> HaoMaProcess 处理后>>>> 18610633045
2016-09-13 11:01:37,120 [1] INFO  Holly--[18628] [(null)] - [HollyContactHelper] 获取厂家信息 ==被叫号码->36997
2016-09-13 11:01:37,121 [1] INFO  Holly--[18628] [(null)] - [HollyContactHelper] 获取厂家信息 ==落地号码->02987237722
2016-09-13 11:01:37,219 [1] INFO  Holly--[18628] [(null)] - [==BusinessProcess=] >>>> PhoneNumAndAni >>>> 18610633045->36997
2016-09-13 11:01:37,220 [1] INFO  Holly--[18628] [(null)] - [==BusinessProcess=] >>>> SwitchINNum >>>> 02987237722
2016-09-13 11:01:37,220 [1] INFO  Holly--[18628] [(null)] - [==BusinessProcess=] >>>> SkillGroup >>>> CS01
2016-09-13 11:01:37,221 [1] INFO  Holly--[18628] [(null)] - [======Common======] GetCurrentTime ：获取当前服务器时间：CC系统服务器时间：2016-09-13 11:00:28.767，客户端时间：2016-09-13 11:01:37.221，（现有）计算时间差(毫秒)：-68454.1844
2016-09-13 11:01:37,223 [1] INFO  Holly--[18628] [(null)] - [HollyContactHelper] 获取厂家信息 ==厂家ID->20160913110138241_1_439_UIP-BAK
2016-09-13 11:01:37,224 [1] INFO  Holly--[18628] [(null)] - [HollyContactHelper] 获取厂家信息 ==厂家ID->20160913110138241_1_439_UIP-BAK
2016-09-13 11:01:37,224 [1] INFO  Holly--[18628] [(null)] - [==BusinessProcess=] InitCallRecordORIG callid：369971473735628114-calltype：C1_呼入
2016-09-13 11:01:37,225 [1] INFO  Holly--[18628] [(null)] - [==BusinessProcess=] >>>> InitiatedTime >>>> 2016-9-13 11:00:28
2016-09-13 11:01:37,226 [1] INFO  Holly--[18628] [(null)] - [==BusinessProcess=] >>>> RingingTime >>>> 2016-9-13 11:00:28
2016-09-13 11:01:37,229 [1] INFO  Holly--[18628] [(null)] - [HollyContactHelper] 获取厂家信息 ==落地号码->02987237722
2016-09-13 11:01:37,229 [1] INFO  Holly--[18628] [(null)] - [HollyContactHelper] 获取厂家信息 ==厂家ID->20160913110138241_1_439_UIP-BAK
2016-09-13 11:01:37,231 [1] INFO  Holly--[18628] [(null)] - [==BusinessProcess=] InitUserEventData Transferred-369971473735628114-C1_呼入-2016-9-13 11:00:28
2016-09-13 11:01:37,288 [1] INFO  Holly--[18628] [(null)] - [MainJs] [SendToWeb] 发送网页消息：0 次数，指定页面ID：
2016-09-13 11:01:37,313 [1] INFO  Holly--[18628] [(null)] - [MainUI] [SendMesToWeb] 获取当前默认标签页
2016-09-13 11:01:37,315 [1] INFO  Holly--[18628] [(null)] - [======Common======] GetCurrentTime ：获取当前服务器时间：CC系统服务器时间：2016-09-13 11:00:28.861，客户端时间：2016-09-13 11:01:37.315，（现有）计算时间差(毫秒)：-68454.1844
2016-09-13 11:01:37,315 [1] INFO  Holly--[18628] [(null)] - [=====计时日志=====] 弹屏开始 2016-9-13 11:00:28
2016-09-13 11:01:37,315 [1] INFO  Holly--[18628] [(null)] - [MainJs] [SendMesToWeb] 弹屏 http://ncc.sys1.bitauto.com/CTI/PopTransfer.aspx
2016-09-13 11:01:37,316 [1] INFO  Holly--[18628] [(null)] - [MainUI] [NewPageForReq] address is:http://ncc.sys1.bitauto.com/CTI/PopTransfer.aspx?UserEvent=Transferred&UserName=36997&CalledNum=36997&CallerNum=18610633045&CallID=369971473735628114&UserChoice=CS01&CallType=1&MediaType=-2&CallState=-2&CurrentDate=2016-09-13%2011%3A00%3A28&SYS_DNIS=02987237722&RecordID=20160913110138241_1_439_UIP-BAK&RecordIDURL=&IsEstablished=False&EstablishedStartTime=&TaskID=&TaskType=&outBoundType=-2
2016-09-13 11:01:37,316 [1] INFO  Holly--[18628] [(null)] - [MainUI] [CurrentOutBoundTabPageName] 呼入通话网页名称=新建：WebPage00002
2016-09-13 11:01:37,326 [1] INFO  Holly--[18628] [(null)] - [MainUI] [ShowTabPagesLog] 全部页面 客户核实=WebPage00001(); 新增页=WebPage00002(WebPage00001); 
2016-09-13 11:01:37,347 [1] INFO  Holly--[18628] [(null)] - [MainJs] [SendMesToWeb] CTIEventMsg msg：UserEvent=Transferred&UserName=36997&CalledNum=36997&CallerNum=18610633045&CallID=369971473735628114&UserChoice=CS01&CallType=1&MediaType=-2&CallState=-2&CurrentDate=2016-09-13%2011%3A00%3A28&SYS_DNIS=02987237722&RecordID=20160913110138241_1_439_UIP-BAK&RecordIDURL=&IsEstablished=False&EstablishedStartTime=&TaskID=&TaskType=&outBoundType=-2
2016-09-13 11:01:37,348 [1] INFO  Holly--[18628] [(null)] - [HollyContactHelper] 当前电话是专属坐席电话 ==agentid->35051
2016-09-13 11:01:37,350 [1] INFO  Holly--[18628] [(null)] - [@@@厂家消息通知@@@]OnMessage ：厂家状态(CurStatus：3；CurStatusName：震铃；)厂家消息(来电振铃。)程序状态(PS07_来电振铃)
2016-09-13 11:01:40,411 [1] INFO  Holly--[18628] [(null)] - [Main] 点击按钮==摘机/挂断
2016-09-13 11:01:40,413 [1] INFO  Holly--[18628] [(null)] - [HollyContactHelper]用户操作==应答->True
2016-09-13 11:01:40,511 [1] INFO  Holly--[18628] [(null)] - [@@@厂家消息通知@@@]OnMessage ：厂家状态(CurStatus：5；CurStatusName：两方通话；)厂家消息(状态改变：震铃-->两方通话)程序状态(PS08_普通通话)
2016-09-13 11:01:40,511 [1] INFO  Holly--[18628] [(null)] - [>>>厂家状态变化<<<]OnStatusChange ：PS07_来电振铃(3) -> PS08_普通通话(5)
2016-09-13 11:01:40,511 [1] INFO  Holly--[18628] [(null)] - [事件][AxUniSoftPhone_OnStatusChange] 状态变化事件
2016-09-13 11:01:40,511 [1] INFO  Holly--[18628] [(null)] - [Main][SetMainStatus]设置状态：PS08_普通通话
2016-09-13 11:01:40,512 [11] INFO  Holly--[18628] [(null)] - [Main][UpdatAgentDB] 更新客服状态表AS9_通话中
2016-09-13 11:01:40,512 [11] INFO  Holly--[18628] [(null)] - [======Common======] GetCurrentTime ：获取当前服务器时间：CC系统服务器时间：2016-09-13 11:00:32.058，客户端时间：2016-09-13 11:01:40.512，（现有）计算时间差(毫秒)：-68454.1844
2016-09-13 11:01:40,514 [11] INFO  Holly--[18628] [(null)] - [Main][UpdatAgentDB] 更新上一个状态的结束时间 PreOid....IS:7,结束时间为：2016-9-13 11:00:32
2016-09-13 11:01:40,514 [1] INFO  Holly--[18628] [(null)] - [HollyContactHelper] 当前电话是专属坐席电话 ==agentid->35051
2016-09-13 11:01:40,525 [11] INFO  Holly--[18628] [(null)] - [Main][UpdatAgentDB] 插入新的状态 PreOid....IS:8
2016-09-13 11:01:40,539 [1] INFO  Holly--[18628] [(null)] - [HollyContactHelper] 普通进行 == 主叫号码->18610633045
2016-09-13 11:01:40,539 [1] INFO  Holly--[18628] [(null)] - [HollyContactHelper] 获取厂家信息 ==主叫号码->18610633045
2016-09-13 11:01:40,539 [1] INFO  Holly--[18628] [(null)] - [HollyContactHelper] >>>> HaoMaProcess 处理前>>>> 18610633045
2016-09-13 11:01:40,539 [1] INFO  Holly--[18628] [(null)] - [HollyContactHelper] >>>> HaoMaProcess 处理后>>>> 18610633045
2016-09-13 11:01:40,539 [1] INFO  Holly--[18628] [(null)] - [HollyContactHelper] 获取厂家信息 ==被叫号码->36997
2016-09-13 11:01:40,540 [1] INFO  Holly--[18628] [(null)] - [HollyContactHelper] 获取厂家信息 ==落地号码->02987237722
2016-09-13 11:01:40,548 [1] INFO  Holly--[18628] [(null)] - [事件][OnAnswerSuccess] 呼入接通成功事件 ：呼入_分配接入 监控：非监控
2016-09-13 11:01:40,549 [1] INFO  Holly--[18628] [(null)] - [事件][CustomerInCome_OnAnswer] 客服接通
2016-09-13 11:01:40,549 [1] INFO  Holly--[18628] [(null)] - [======Common======] GetCurrentTime ：获取当前服务器时间：CC系统服务器时间：2016-09-13 11:00:32.095，客户端时间：2016-09-13 11:01:40.549，（现有）计算时间差(毫秒)：-68454.1844
2016-09-13 11:01:40,550 [1] INFO  Holly--[18628] [(null)] - [HollyContactHelper] 普通进行 == 主叫号码->18610633045
2016-09-13 11:01:40,550 [1] INFO  Holly--[18628] [(null)] - [HollyContactHelper] 获取厂家信息 ==主叫号码->18610633045
2016-09-13 11:01:40,550 [1] INFO  Holly--[18628] [(null)] - [HollyContactHelper] >>>> HaoMaProcess 处理前>>>> 18610633045
2016-09-13 11:01:40,550 [1] INFO  Holly--[18628] [(null)] - [HollyContactHelper] >>>> HaoMaProcess 处理后>>>> 18610633045
2016-09-13 11:01:40,550 [1] INFO  Holly--[18628] [(null)] - [HollyContactHelper] 获取厂家信息 ==被叫号码->36997
2016-09-13 11:01:40,551 [1] INFO  Holly--[18628] [(null)] - [HollyContactHelper] 获取厂家信息 ==落地号码->02987237722
2016-09-13 11:01:40,551 [1] INFO  Holly--[18628] [(null)] - [==BusinessProcess=] >>>> PhoneNumAndAni >>>> 18610633045->36997
2016-09-13 11:01:40,551 [1] INFO  Holly--[18628] [(null)] - [==BusinessProcess=] >>>> SwitchINNum >>>> 02987237722
2016-09-13 11:01:40,551 [1] INFO  Holly--[18628] [(null)] - [==BusinessProcess=] >>>> SkillGroup >>>> CS01
2016-09-13 11:01:40,551 [1] INFO  Holly--[18628] [(null)] - [==BusinessProcess=] >>>> EstablishedTime >>>> 2016-9-13 11:00:32-hollycallid：20160913110138241_1_439_UIP-BAK
2016-09-13 11:01:40,552 [1] INFO  Holly--[18628] [(null)] - [HollyContactHelper] 获取厂家信息 ==落地号码->02987237722
2016-09-13 11:01:40,552 [1] INFO  Holly--[18628] [(null)] - [HollyContactHelper] 获取厂家信息 ==厂家ID->20160913110138241_1_439_UIP-BAK
2016-09-13 11:01:40,552 [1] INFO  Holly--[18628] [(null)] - [==BusinessProcess=] InitUserEventData Established-369971473735628114-C1_呼入-2016-9-13 11:00:32
2016-09-13 11:01:40,552 [1] INFO  Holly--[18628] [(null)] - [MainJs] [SendToWeb] 发送网页消息：0 次数，指定页面ID：WebPage00002
2016-09-13 11:01:40,585 [1] ERROR Holly--[18628] [(null)] - 客户端回调函数出错：未将对象引用设置到对象的实例。|   在 CC2015_HollyFormsApp.Main.GetIHTMLWindow2ByWebPageID(String webpageid) 位置 D:\TFS-Root\A5信息系统研发\销售业务管理平台\客户关系管理\BitAuto.DSC.CC2015.ClientApp\CC2015_HollyFormsApp\Form\Main\MainUI.cs:行号 312
   在 CC2015_HollyFormsApp.Main.SendToWeb(String msg, String webpageid, Int32 recount) 位置 D:\TFS-Root\A5信息系统研发\销售业务管理平台\客户关系管理\BitAuto.DSC.CC2015.ClientApp\CC2015_HollyFormsApp\Form\Main\MainJs.cs:行号 116
2016-09-13 11:01:40,586 [1] INFO  Holly--[18628] [(null)] - [@@@厂家消息通知@@@]OnMessage ：厂家状态(CurStatus：5；CurStatusName：两方通话；)厂家消息(应答成功。)程序状态(PS08_普通通话)
2016-09-13 11:01:40,729 [1] INFO  Holly--[18628] [(null)] - [@@@厂家消息通知@@@]OnMessage ：厂家状态(CurStatus：5；CurStatusName：两方通话；)厂家消息(录音开始：ContactID=20160913110138241_1_439_UIP-BAK,ANI=18610633045,DNIS=1006,ResonCode=77,ResonDesc=_??? (77))程序状态(PS08_普通通话)
2016-09-13 11:01:42,598 [1] INFO  Holly--[18628] [(null)] - [MainJs] [SendToWeb] 发送网页消息：1 次数，指定页面ID：WebPage00002
2016-09-13 11:01:42,599 [1] ERROR Holly--[18628] [(null)] - 客户端回调函数出错：未将对象引用设置到对象的实例。|   在 CC2015_HollyFormsApp.Main.GetIHTMLWindow2ByWebPageID(String webpageid) 位置 D:\TFS-Root\A5信息系统研发\销售业务管理平台\客户关系管理\BitAuto.DSC.CC2015.ClientApp\CC2015_HollyFormsApp\Form\Main\MainUI.cs:行号 312
   在 CC2015_HollyFormsApp.Main.SendToWeb(String msg, String webpageid, Int32 recount) 位置 D:\TFS-Root\A5信息系统研发\销售业务管理平台\客户关系管理\BitAuto.DSC.CC2015.ClientApp\CC2015_HollyFormsApp\Form\Main\MainJs.cs:行号 116
2016-09-13 11:01:44,607 [1] INFO  Holly--[18628] [(null)] - [MainJs] [SendToWeb] 发送网页消息：2 次数，指定页面ID：WebPage00002
2016-09-13 11:01:44,607 [1] INFO  Holly--[18628] [(null)] - [MainUI] [SendMesToWeb] 获取到了当前指定webPageID的页面：WebPage00002
2016-09-13 11:01:44,608 [1] INFO  Holly--[18628] [(null)] - [MainJs] [SendMesToWeb] CTIEventMsg msg：UserEvent=Established&UserName=36997&CalledNum=36997&CallerNum=18610633045&CallID=369971473735628114&UserChoice=CS01&CallType=1&MediaType=-2&CallState=-2&CurrentDate=2016-09-13%2011%3A00%3A32&SYS_DNIS=02987237722&RecordID=20160913110138241_1_439_UIP-BAK&RecordIDURL=&IsEstablished=True&EstablishedStartTime=2016-09-13%2011%3A00%3A32&TaskID=&TaskType=&outBoundType=-2
2016-09-13 11:01:44,882 [1] INFO  Holly--[18628] [(null)] - [MainJs] [SendToWeb] 发送网页消息：0 次数，指定页面ID：WebPage00002
2016-09-13 11:01:44,882 [1] INFO  Holly--[18628] [(null)] - [MainUI] [SendMesToWeb] 获取到了当前指定webPageID的页面：WebPage00002
2016-09-13 11:01:44,883 [1] INFO  Holly--[18628] [(null)] - [MainJs] [SendMesToWeb] CTIEventMsg msg：UserEvent=Notice&Action=SaveWindowsName&Data=WebPage00002&outBoundType=-2
2016-09-13 11:01:56,114 [1] INFO  Holly--[18628] [(null)] - [MainJs] [SendToWeb] 发送网页消息：0 次数，指定页面ID：WebPage00002
2016-09-13 11:01:56,115 [1] INFO  Holly--[18628] [(null)] - [MainUI] [SendMesToWeb] 获取到了当前指定webPageID的页面：WebPage00002
2016-09-13 11:01:56,115 [1] INFO  Holly--[18628] [(null)] - [MainJs] [SendMesToWeb] CTIEventMsg msg：UserEvent=Notice&Action=SaveWindowsName&Data=WebPage00002&outBoundType=-2
2016-09-13 11:01:56,719 [1] INFO  Holly--[18628] [(null)] - [客户端推送日志信息] 开始
2016-09-13 11:01:56,728 [1] INFO  Holly--[18628] [(null)] - [客户端推送日志信息] 获取到请求数：0
2016-09-13 11:02:06,164 [1] INFO  Holly--[18628] [(null)] - [Main] 点击按钮==转IVR
2016-09-13 11:02:06,408 [1] INFO  Holly--[18628] [(null)] - [HollyContactHelper]用户操作==转满意度(369971473735628114,4,58103008)->True
2016-09-13 11:02:06,518 [1] INFO  Holly--[18628] [(null)] - [@@@厂家消息通知@@@]OnMessage ：厂家状态(CurStatus：9；CurStatusName：转接中；)厂家消息(状态改变：两方通话-->转接中)程序状态(PS17_转接拨号中)
2016-09-13 11:02:06,518 [1] INFO  Holly--[18628] [(null)] - [>>>厂家状态变化<<<]OnStatusChange ：PS08_普通通话(5) -> PS17_转接拨号中(9)
2016-09-13 11:02:06,518 [1] INFO  Holly--[18628] [(null)] - [事件][AxUniSoftPhone_OnStatusChange] 状态变化事件
2016-09-13 11:02:06,518 [1] INFO  Holly--[18628] [(null)] - [Main][SetMainStatus]设置状态：PS17_转接拨号中
2016-09-13 11:02:06,519 [3] INFO  Holly--[18628] [(null)] - [Main][UpdatAgentDB] 更新客服状态表AS8_振铃
2016-09-13 11:02:06,519 [3] INFO  Holly--[18628] [(null)] - [======Common======] GetCurrentTime ：获取当前服务器时间：CC系统服务器时间：2016-09-13 11:00:58.065，客户端时间：2016-09-13 11:02:06.519，（现有）计算时间差(毫秒)：-68454.1844
2016-09-13 11:02:06,521 [3] INFO  Holly--[18628] [(null)] - [Main][UpdatAgentDB] 更新上一个状态的结束时间 PreOid....IS:8,结束时间为：2016-9-13 11:00:58
2016-09-13 11:02:06,525 [1] INFO  Holly--[18628] [(null)] - [@@@厂家消息通知@@@]OnMessage ：厂家状态(CurStatus：9；CurStatusName：转接中；)厂家消息(咨询摘机：ContactID=20160913110138241_1_439_UIP-BAK,CurrStatus=26,LastStatus=29,ResonCode=45,ResonDesc=CauseOffHook)程序状态(PS17_转接拨号中)
2016-09-13 11:02:06,526 [1] INFO  Holly--[18628] [(null)] - [@@@厂家消息通知@@@]OnMessage ：厂家状态(CurStatus：9；CurStatusName：转接中；)厂家消息(咨询拨号：ContactID=20160913110138241_1_439_UIP-BAK,CurrStatus=27,LastStatus=26,OtherParty=0000,ResonCode=47,ResonDesc=CauseDialing)程序状态(PS17_转接拨号中)
2016-09-13 11:02:06,532 [3] INFO  Holly--[18628] [(null)] - [Main][UpdatAgentDB] 插入新的状态 PreOid....IS:9
2016-09-13 11:02:06,554 [1] INFO  Holly--[18628] [(null)] - [HollyContactHelper] 普通进行 == 主叫号码->18610633045
2016-09-13 11:02:06,554 [1] INFO  Holly--[18628] [(null)] - [HollyContactHelper] 获取厂家信息 ==主叫号码->18610633045
2016-09-13 11:02:06,554 [1] INFO  Holly--[18628] [(null)] - [HollyContactHelper] >>>> HaoMaProcess 处理前>>>> 18610633045
2016-09-13 11:02:06,554 [1] INFO  Holly--[18628] [(null)] - [HollyContactHelper] >>>> HaoMaProcess 处理后>>>> 18610633045
2016-09-13 11:02:06,554 [1] INFO  Holly--[18628] [(null)] - [HollyContactHelper] 获取厂家信息 ==被叫号码->36997
2016-09-13 11:02:06,554 [1] INFO  Holly--[18628] [(null)] - [HollyContactHelper] 获取厂家信息 ==落地号码->02987237722
2016-09-13 11:02:06,561 [1] INFO  Holly--[18628] [(null)] - [@@@厂家消息通知@@@]OnMessage ：厂家状态(CurStatus：9；CurStatusName：转接中；)厂家消息(转接拨号开始。)程序状态(PS17_转接拨号中)
2016-09-13 11:02:06,740 [1] INFO  Holly--[18628] [(null)] - [@@@厂家消息通知@@@]OnMessage ：厂家状态(CurStatus：9；CurStatusName：转接中；)厂家消息(咨询接通：ContactID=20160913110138241_1_439_UIP-BAK,CurrStatus=31,LastStatus=27,OtherParty=0000,ResonCode=13,ResonDesc=ActOpAnswered)程序状态(PS17_转接拨号中)
2016-09-13 11:02:06,919 [1] INFO  Holly--[18628] [(null)] - [@@@厂家消息通知@@@]OnMessage ：厂家状态(CurStatus：9；CurStatusName：转接中；)厂家消息(录音停止：ContactID=20160913110138241_1_439_UIP-BAK,ANI=18610633045,DNIS=1006,FileName=/var/spool/hollyRecord/2016/09/36997/36997_20160913110152080.mp3,TimeLen=26249,ResonCode=78,ResonDesc=_??? (78))程序状态(PS17_转接拨号中)
2016-09-13 11:02:06,920 [1] INFO  Holly--[18628] [(null)] - [@@@厂家消息通知@@@]OnMessage ：厂家状态(CurStatus：9；CurStatusName：转接中；)厂家消息(话路被挂断：ContactID=20160913110138241_1_439_UIP-BAK,CurrStatus=21,LastStatus=31,OtherParty=0000,ResonCode=27,ResonDesc=ActTpTransferred)程序状态(PS17_转接拨号中)
2016-09-13 11:02:06,927 [1] INFO  Holly--[18628] [(null)] - [事件][OnHangup] 挂断事件 ：转IVR挂机-呼入_分配接入 监控：非监控
2016-09-13 11:02:06,997 [1] INFO  Holly--[18628] [(null)] - [事件][OnHangup] 挂断
2016-09-13 11:02:06,998 [1] INFO  Holly--[18628] [(null)] - [@@@厂家消息通知@@@]OnMessage ：厂家状态(CurStatus：9；CurStatusName：转接中；)厂家消息(话路被挂断：ContactID=20160913110138241_1_439_UIP-BAK,CurrStatus=21,LastStatus=21,OtherParty=0000,ResonCode=16,ResonDesc=ActTpDisconnected)程序状态(PS17_转接拨号中)
2016-09-13 11:02:07,022 [1] INFO  Holly--[18628] [(null)] - [======Common======] GetCurrentTime ：获取当前服务器时间：CC系统服务器时间：2016-09-13 11:00:58.567，客户端时间：2016-09-13 11:02:07.022，（现有）计算时间差(毫秒)：-68454.1844
2016-09-13 11:02:07,024 [1] INFO  Holly--[18628] [(null)] - [HollyContactHelper] 获取厂家信息 ==厂家ID->20160913110138241_1_439_UIP-BAK
2016-09-13 11:02:07,024 [1] INFO  Holly--[18628] [(null)] - [HollyContactHelper] 获取厂家信息 ==厂家ID->20160913110138241_1_439_UIP-BAK
2016-09-13 11:02:07,025 [1] INFO  Holly--[18628] [(null)] - [HollyContactHelper] 普通进行 == 主叫号码->18610633045
2016-09-13 11:02:07,025 [1] INFO  Holly--[18628] [(null)] - [HollyContactHelper] 获取厂家信息 ==主叫号码->18610633045
2016-09-13 11:02:07,025 [1] INFO  Holly--[18628] [(null)] - [HollyContactHelper] >>>> HaoMaProcess 处理前>>>> 18610633045
2016-09-13 11:02:07,025 [1] INFO  Holly--[18628] [(null)] - [HollyContactHelper] >>>> HaoMaProcess 处理后>>>> 18610633045
2016-09-13 11:02:07,025 [1] INFO  Holly--[18628] [(null)] - [HollyContactHelper] 获取厂家信息 ==被叫号码->36997
2016-09-13 11:02:07,025 [1] INFO  Holly--[18628] [(null)] - [HollyContactHelper] 获取厂家信息 ==落地号码->02987237722
2016-09-13 11:02:07,025 [1] INFO  Holly--[18628] [(null)] - [==BusinessProcess=] >>>> PhoneNumAndAni >>>> 18610633045->36997
2016-09-13 11:02:07,026 [1] INFO  Holly--[18628] [(null)] - [==BusinessProcess=] >>>> SwitchINNum >>>> 02987237722
2016-09-13 11:02:07,026 [1] INFO  Holly--[18628] [(null)] - [==BusinessProcess=] >>>> SkillGroup >>>> CS01
2016-09-13 11:02:07,026 [1] INFO  Holly--[18628] [(null)] - [==BusinessProcess=] >>>> AgentReleaseTime >>>> 2016-9-13 11:00:58
2016-09-13 11:02:07,026 [1] INFO  Holly--[18628] [(null)] - [==BusinessProcess=] >>>> AfterWorkBeginTime >>>> 2016-9-13 11:00:58
2016-09-13 11:02:07,028 [1] INFO  Holly--[18628] [(null)] - [==BusinessProcess=] >>>> AudioURL >>>> http://192.168.112.208/var/spool/hollyRecord/2016/09/36997/36997_20160913110152080.mp3
2016-09-13 11:02:07,029 [1] INFO  Holly--[18628] [(null)] - [==BusinessProcess=] >>>> TallTime >>>> 26.4725142
2016-09-13 11:02:08,924 [1] INFO  Holly--[18628] [(null)] - [CallRecordHelper][InsertCallRecordNew] 成功
2016-09-13 11:02:09,021 [1] INFO  Holly--[18628] [(null)] - [Main][ActionEvent] 添加监控事件 >>退出话后时执行-更新话后信息 ID=1 总事件数=1
2016-09-13 11:02:09,021 [1] INFO  Holly--[18628] [(null)] - [HollyContactHelper] 获取厂家信息 ==落地号码->02987237722
2016-09-13 11:02:09,022 [1] INFO  Holly--[18628] [(null)] - [HollyContactHelper] 获取厂家信息 ==厂家ID->20160913110138241_1_439_UIP-BAK
2016-09-13 11:02:09,022 [1] INFO  Holly--[18628] [(null)] - [==BusinessProcess=] InitUserEventData Released-369971473735628114-C1_呼入-2016-9-13 11:00:58
2016-09-13 11:02:09,022 [1] INFO  Holly--[18628] [(null)] - [MainJs] [SendToWeb] 发送网页消息：0 次数，指定页面ID：WebPage00002
2016-09-13 11:02:09,022 [1] INFO  Holly--[18628] [(null)] - [MainUI] [SendMesToWeb] 获取到了当前指定webPageID的页面：WebPage00002
2016-09-13 11:02:09,028 [1] INFO  Holly--[18628] [(null)] - [MainJs] [SendMesToWeb] CTIEventMsg msg：UserEvent=Released&UserName=36997&CalledNum=36997&CallerNum=18610633045&CallID=369971473735628114&UserChoice=CS01&CallType=1&MediaType=-2&CallState=-2&CurrentDate=2016-09-13%2011%3A00%3A58&SYS_DNIS=02987237722&RecordID=20160913110138241_1_439_UIP-BAK&RecordIDURL=http://192.168.112.208/var/spool/hollyRecord/2016/09/36997/36997_20160913110152080.mp3&IsEstablished=True&EstablishedStartTime=2016-09-13%2011%3A00%3A32&TaskID=&TaskType=&outBoundType=-2
2016-09-13 11:02:09,028 [1] INFO  Holly--[18628] [(null)] - [MainJs] [CurrentOutBoundTabPageName] 挂断清空
2016-09-13 11:02:09,029 [1] INFO  Holly--[18628] [(null)] - [@@@厂家消息通知@@@]OnMessage ：厂家状态(CurStatus：15；CurStatusName：工作整理；)厂家消息(状态改变：转接中-->工作整理)程序状态(PS06_话后)
2016-09-13 11:02:09,029 [1] INFO  Holly--[18628] [(null)] - [>>>厂家状态变化<<<]OnStatusChange ：PS17_转接拨号中(9) -> PS06_话后(15)
2016-09-13 11:02:09,029 [1] INFO  Holly--[18628] [(null)] - [事件][AxUniSoftPhone_OnStatusChange] 状态变化事件
2016-09-13 11:02:09,029 [3] INFO  Holly--[18628] [(null)] - [Main][UpdatAgentDB] 更新客服状态表AS5_话后
2016-09-13 11:02:09,029 [3] INFO  Holly--[18628] [(null)] - [======Common======] GetCurrentTime ：获取当前服务器时间：CC系统服务器时间：2016-09-13 11:01:00.574，客户端时间：2016-09-13 11:02:09.029，（现有）计算时间差(毫秒)：-68454.1844
2016-09-13 11:02:09,032 [3] INFO  Holly--[18628] [(null)] - [Main][UpdatAgentDB] 更新上一个状态的结束时间 PreOid....IS:9,结束时间为：2016-9-13 11:01:00
2016-09-13 11:02:09,032 [1] INFO  Holly--[18628] [(null)] - [Main][SetMainStatus]设置状态：PS06_话后
2016-09-13 11:02:09,038 [1] INFO  Holly--[18628] [(null)] - [HollyContactHelper] 普通进行 == 主叫号码->18610633045
2016-09-13 11:02:09,038 [1] INFO  Holly--[18628] [(null)] - [HollyContactHelper] 获取厂家信息 ==主叫号码->18610633045
2016-09-13 11:02:09,039 [1] INFO  Holly--[18628] [(null)] - [HollyContactHelper] >>>> HaoMaProcess 处理前>>>> 18610633045
2016-09-13 11:02:09,039 [1] INFO  Holly--[18628] [(null)] - [HollyContactHelper] >>>> HaoMaProcess 处理后>>>> 18610633045
2016-09-13 11:02:09,039 [1] INFO  Holly--[18628] [(null)] - [HollyContactHelper] 获取厂家信息 ==被叫号码->36997
2016-09-13 11:02:09,039 [1] INFO  Holly--[18628] [(null)] - [HollyContactHelper] 获取厂家信息 ==落地号码->02987237722
2016-09-13 11:02:09,044 [3] INFO  Holly--[18628] [(null)] - [Main][UpdatAgentDB] 插入新的状态 PreOid....IS:10
2016-09-13 11:02:09,046 [1] INFO  Holly--[18628] [(null)] - [@@@厂家消息通知@@@]OnMessage ：厂家状态(CurStatus：15；CurStatusName：工作整理；)厂家消息(整理工作开始。)程序状态(PS06_话后)
2016-09-13 11:02:27,930 [1] INFO  Holly--[18628] [(null)] - [Main] 点击按钮==置闲
2016-09-13 11:02:27,964 [1] INFO  Holly--[18628] [(null)] - [HollyContactHelper]用户操作==置闲->True
2016-09-13 11:02:28,191 [1] INFO  Holly--[18628] [(null)] - [@@@厂家消息通知@@@]OnMessage ：厂家状态(CurStatus：1；CurStatusName：空闲；)厂家消息(状态改变：工作整理-->空闲)程序状态(PS03_置闲)
2016-09-13 11:02:28,191 [1] INFO  Holly--[18628] [(null)] - [>>>厂家状态变化<<<]OnStatusChange ：PS06_话后(15) -> PS03_置闲(1)
2016-09-13 11:02:28,191 [1] INFO  Holly--[18628] [(null)] - [事件][AxUniSoftPhone_OnStatusChange] 状态变化事件
2016-09-13 11:02:28,192 [11] INFO  Holly--[18628] [(null)] - [Main][UpdatAgentDB] 更新客服状态表AS3_置闲
2016-09-13 11:02:28,192 [11] INFO  Holly--[18628] [(null)] - [======Common======] GetCurrentTime ：获取当前服务器时间：CC系统服务器时间：2016-09-13 11:01:19.738，客户端时间：2016-09-13 11:02:28.192，（现有）计算时间差(毫秒)：-68454.1844
2016-09-13 11:02:28,192 [1] INFO  Holly--[18628] [(null)] - [==BusinessProcess=][UpdateCallRecordAfterTime] 呼入时退出话后更新话后信息
2016-09-13 11:02:28,193 [1] INFO  Holly--[18628] [(null)] - [======Common======] GetCurrentTime ：获取当前服务器时间：CC系统服务器时间：2016-09-13 11:01:19.739，客户端时间：2016-09-13 11:02:28.193，（现有）计算时间差(毫秒)：-68454.1844
2016-09-13 11:02:28,194 [1] INFO  Holly--[18628] [(null)] - [==BusinessProcess=] >>>> AfterWorkTime >>>> 2016-9-13 11:01:19-21.1712109秒
2016-09-13 11:02:28,237 [11] INFO  Holly--[18628] [(null)] - [Main][UpdatAgentDB] 更新上一个状态的结束时间 PreOid....IS:10,结束时间为：2016-9-13 11:01:19
2016-09-13 11:02:28,263 [11] INFO  Holly--[18628] [(null)] - [Main][UpdatAgentDB] 插入新的状态 PreOid....IS:11
2016-09-13 11:02:28,423 [1] INFO  Holly--[18628] [(null)] - [CallRecordHelper][InsertCallRecordNew] 成功
2016-09-13 11:02:28,431 [1] INFO  Holly--[18628] [(null)] - [==BusinessProcess=][UpdateCallRecordAfterTime] 更新话后信息 True
2016-09-13 11:02:28,432 [1] INFO  Holly--[18628] [(null)] - [Main][ActionEvent] 触发监控事件 >>退出话后时执行-更新话后信息已完成 ID=1总事件数=0
2016-09-13 11:02:28,432 [1] INFO  Holly--[18628] [(null)] - [Main][SetMainStatus]设置状态：PS03_置闲
2016-09-13 11:02:28,502 [1] INFO  Holly--[18628] [(null)] - [HollyContactHelper] 获取厂家信息 ==落地号码->
2016-09-13 11:02:28,503 [1] INFO  Holly--[18628] [(null)] - [@@@厂家消息通知@@@]OnMessage ：厂家状态(CurStatus：1；CurStatusName：空闲；)厂家消息(示闲成功。)程序状态(PS03_置闲)
2016-09-13 11:02:46,152 [1] INFO  Holly--[18628] [(null)] - [***MDBFileHelper***][AdditionalRecording] 补录数据
2016-09-13 11:02:56,736 [1] INFO  Holly--[18628] [(null)] - [客户端推送日志信息] 开始
2016-09-13 11:02:56,747 [1] INFO  Holly--[18628] [(null)] - [客户端推送日志信息] 获取到请求数：0
2016-09-13 11:03:17,251 [1] INFO  Holly--[18628] [(null)] - [@@@厂家消息通知@@@]OnMessage ：厂家状态(CurStatus：1；CurStatusName：空闲；)厂家消息(座席被锁定)程序状态(PS03_置闲)
2016-09-13 11:03:17,251 [1] INFO  Holly--[18628] [(null)] - [Main][SetMainStatus]设置状态：PS18_客服被锁定
2016-09-13 11:03:23,482 [1] INFO  Holly--[18628] [(null)] - [@@@厂家消息通知@@@]OnMessage ：厂家状态(CurStatus：3；CurStatusName：震铃；)厂家消息(状态改变：空闲-->震铃)程序状态(PS07_来电振铃)
2016-09-13 11:03:23,482 [1] INFO  Holly--[18628] [(null)] - [>>>厂家状态变化<<<]OnStatusChange ：PS03_置闲(1) -> PS07_来电振铃(3)
2016-09-13 11:03:23,482 [1] INFO  Holly--[18628] [(null)] - [事件][AxUniSoftPhone_OnStatusChange] 状态变化事件
2016-09-13 11:03:23,483 [1] INFO  Holly--[18628] [(null)] - [Main][SetMainStatus]设置状态：PS07_来电振铃
2016-09-13 11:03:23,483 [13] INFO  Holly--[18628] [(null)] - [Main][UpdatAgentDB] 更新客服状态表AS8_振铃
2016-09-13 11:03:23,483 [13] INFO  Holly--[18628] [(null)] - [======Common======] GetCurrentTime ：获取当前服务器时间：CC系统服务器时间：2016-09-13 11:02:15.029，客户端时间：2016-09-13 11:03:23.483，（现有）计算时间差(毫秒)：-68454.1844
2016-09-13 11:03:23,485 [13] INFO  Holly--[18628] [(null)] - [Main][UpdatAgentDB] 更新上一个状态的结束时间 PreOid....IS:11,结束时间为：2016-9-13 11:02:15
2016-09-13 11:03:23,489 [1] INFO  Holly--[18628] [(null)] - [@@@厂家消息通知@@@]OnMessage ：厂家状态(CurStatus：3；CurStatusName：震铃；)厂家消息(座席话务处理)程序状态(PS07_来电振铃)
2016-09-13 11:03:23,490 [1] INFO  Holly--[18628] [(null)] - [HollyContactHelper] 普通进行 == 主叫号码->18610633045
2016-09-13 11:03:23,490 [1] INFO  Holly--[18628] [(null)] - [HollyContactHelper] 获取厂家信息 ==主叫号码->18610633045
2016-09-13 11:03:23,490 [1] INFO  Holly--[18628] [(null)] - [HollyContactHelper] >>>> HaoMaProcess 处理前>>>> 18610633045
2016-09-13 11:03:23,490 [1] INFO  Holly--[18628] [(null)] - [HollyContactHelper] >>>> HaoMaProcess 处理后>>>> 18610633045
2016-09-13 11:03:23,492 [1] INFO  Holly--[18628] [(null)] - [HollyContactHelper] 获取厂家信息 ==被叫号码->36997
2016-09-13 11:03:23,493 [1] INFO  Holly--[18628] [(null)] - [HollyContactHelper] 获取厂家信息 ==落地号码->02987237722
2016-09-13 11:03:23,498 [13] INFO  Holly--[18628] [(null)] - [Main][UpdatAgentDB] 插入新的状态 PreOid....IS:12
2016-09-13 11:03:23,499 [1] INFO  Holly--[18628] [(null)] - [事件][OnBelling] 呼入振铃事件 ：呼入_分配接入 监控：非监控
2016-09-13 11:03:23,499 [1] INFO  Holly--[18628] [(null)] - [事件][CustomerInCome_OnBelling] 客服振铃
2016-09-13 11:03:23,499 [1] INFO  Holly--[18628] [(null)] - [======Common======] GetCurrentTime ：获取当前服务器时间：CC系统服务器时间：2016-09-13 11:02:15.045，客户端时间：2016-09-13 11:03:23.499，（现有）计算时间差(毫秒)：-68454.1844
2016-09-13 11:03:23,499 [1] INFO  Holly--[18628] [(null)] - [======Common======] GetNewCallID ：生成新CallID时 date：2016-9-13 11:02:15 timestamp：1473735735
2016-09-13 11:03:23,499 [1] INFO  Holly--[18628] [(null)] - [======Common======] GetNewCallID ：生成新CallID：369971473735735471
2016-09-13 11:03:23,500 [1] INFO  Holly--[18628] [(null)] - [HollyContactHelper] 普通进行 == 主叫号码->18610633045
2016-09-13 11:03:23,500 [1] INFO  Holly--[18628] [(null)] - [HollyContactHelper] 获取厂家信息 ==主叫号码->18610633045
2016-09-13 11:03:23,500 [1] INFO  Holly--[18628] [(null)] - [HollyContactHelper] >>>> HaoMaProcess 处理前>>>> 18610633045
2016-09-13 11:03:23,500 [1] INFO  Holly--[18628] [(null)] - [HollyContactHelper] >>>> HaoMaProcess 处理后>>>> 18610633045
2016-09-13 11:03:23,500 [1] INFO  Holly--[18628] [(null)] - [HollyContactHelper] [判断入线类型] == Skill_ID->1094 skillId-> sysAni-> mphone-> Key_IContact_ANI->18610633045 zhujiao->18610633045 beijiao->1006
2016-09-13 11:03:23,500 [1] INFO  Holly--[18628] [(null)] - [HollyContactHelper] [判断入线类型] 普通呼入
2016-09-13 11:03:23,500 [1] INFO  Holly--[18628] [(null)] - [事件][CustomerInCome_OnBelling] 判断呼入类型：普通呼入
2016-09-13 11:03:23,500 [1] INFO  Holly--[18628] [(null)] - [HollyContactHelper] 普通进行 == 主叫号码->18610633045
2016-09-13 11:03:23,500 [1] INFO  Holly--[18628] [(null)] - [HollyContactHelper] 获取厂家信息 ==主叫号码->18610633045
2016-09-13 11:03:23,500 [1] INFO  Holly--[18628] [(null)] - [HollyContactHelper] >>>> HaoMaProcess 处理前>>>> 18610633045
2016-09-13 11:03:23,500 [1] INFO  Holly--[18628] [(null)] - [HollyContactHelper] >>>> HaoMaProcess 处理后>>>> 18610633045
2016-09-13 11:03:23,500 [1] INFO  Holly--[18628] [(null)] - [HollyContactHelper] 获取厂家信息 ==被叫号码->36997
2016-09-13 11:03:23,501 [1] INFO  Holly--[18628] [(null)] - [HollyContactHelper] 获取厂家信息 ==落地号码->02987237722
2016-09-13 11:03:23,501 [1] INFO  Holly--[18628] [(null)] - [==BusinessProcess=] >>>> PhoneNumAndAni >>>> 18610633045->36997
2016-09-13 11:03:23,501 [1] INFO  Holly--[18628] [(null)] - [==BusinessProcess=] >>>> SwitchINNum >>>> 02987237722
2016-09-13 11:03:23,501 [1] INFO  Holly--[18628] [(null)] - [==BusinessProcess=] >>>> SkillGroup >>>> CS01
2016-09-13 11:03:23,501 [1] INFO  Holly--[18628] [(null)] - [======Common======] GetCurrentTime ：获取当前服务器时间：CC系统服务器时间：2016-09-13 11:02:15.047，客户端时间：2016-09-13 11:03:23.501，（现有）计算时间差(毫秒)：-68454.1844
2016-09-13 11:03:23,501 [1] INFO  Holly--[18628] [(null)] - [HollyContactHelper] 获取厂家信息 ==厂家ID->20160913110324615_1_440_UIP-BAK
2016-09-13 11:03:23,501 [1] INFO  Holly--[18628] [(null)] - [HollyContactHelper] 获取厂家信息 ==厂家ID->20160913110324615_1_440_UIP-BAK
2016-09-13 11:03:23,501 [1] INFO  Holly--[18628] [(null)] - [==BusinessProcess=] InitCallRecordORIG callid：369971473735735471-calltype：C1_呼入
2016-09-13 11:03:23,502 [1] INFO  Holly--[18628] [(null)] - [==BusinessProcess=] >>>> InitiatedTime >>>> 2016-9-13 11:02:15
2016-09-13 11:03:23,502 [1] INFO  Holly--[18628] [(null)] - [==BusinessProcess=] >>>> RingingTime >>>> 2016-9-13 11:02:15
2016-09-13 11:03:23,502 [1] INFO  Holly--[18628] [(null)] - [HollyContactHelper] 获取厂家信息 ==落地号码->02987237722
2016-09-13 11:03:23,502 [1] INFO  Holly--[18628] [(null)] - [HollyContactHelper] 获取厂家信息 ==厂家ID->20160913110324615_1_440_UIP-BAK
2016-09-13 11:03:23,502 [1] INFO  Holly--[18628] [(null)] - [==BusinessProcess=] InitUserEventData Transferred-369971473735735471-C1_呼入-2016-9-13 11:02:15
2016-09-13 11:03:23,502 [1] INFO  Holly--[18628] [(null)] - [MainJs] [SendToWeb] 发送网页消息：0 次数，指定页面ID：
2016-09-13 11:03:23,503 [1] INFO  Holly--[18628] [(null)] - [MainUI] [SendMesToWeb] 获取当前默认标签页
2016-09-13 11:03:23,503 [1] INFO  Holly--[18628] [(null)] - [======Common======] GetCurrentTime ：获取当前服务器时间：CC系统服务器时间：2016-09-13 11:02:15.049，客户端时间：2016-09-13 11:03:23.503，（现有）计算时间差(毫秒)：-68454.1844
2016-09-13 11:03:23,503 [1] INFO  Holly--[18628] [(null)] - [=====计时日志=====] 弹屏开始 2016-9-13 11:02:15
2016-09-13 11:03:23,503 [1] INFO  Holly--[18628] [(null)] - [MainJs] [SendMesToWeb] 弹屏 http://ncc.sys1.bitauto.com/CTI/PopTransfer.aspx
2016-09-13 11:03:23,503 [1] INFO  Holly--[18628] [(null)] - [MainUI] [NewPageForReq] address is:http://ncc.sys1.bitauto.com/CTI/PopTransfer.aspx?UserEvent=Transferred&UserName=36997&CalledNum=36997&CallerNum=18610633045&CallID=369971473735735471&UserChoice=CS01&CallType=1&MediaType=-2&CallState=-2&CurrentDate=2016-09-13%2011%3A02%3A15&SYS_DNIS=02987237722&RecordID=20160913110324615_1_440_UIP-BAK&RecordIDURL=&IsEstablished=False&EstablishedStartTime=&TaskID=&TaskType=&outBoundType=-2
2016-09-13 11:03:23,503 [1] INFO  Holly--[18628] [(null)] - [MainUI] [CurrentOutBoundTabPageName] 呼入通话网页名称=新建：WebPage00003
2016-09-13 11:03:23,516 [1] INFO  Holly--[18628] [(null)] - [MainUI] [ShowTabPagesLog] 全部页面 客户核实=WebPage00001(); 新增工单=WebPage00002(WebPage00001); 新增页=WebPage00003(WebPage00002); 
2016-09-13 11:03:23,563 [1] INFO  Holly--[18628] [(null)] - [MainJs] [SendMesToWeb] CTIEventMsg msg：UserEvent=Transferred&UserName=36997&CalledNum=36997&CallerNum=18610633045&CallID=369971473735735471&UserChoice=CS01&CallType=1&MediaType=-2&CallState=-2&CurrentDate=2016-09-13%2011%3A02%3A15&SYS_DNIS=02987237722&RecordID=20160913110324615_1_440_UIP-BAK&RecordIDURL=&IsEstablished=False&EstablishedStartTime=&TaskID=&TaskType=&outBoundType=-2
2016-09-13 11:03:23,563 [1] INFO  Holly--[18628] [(null)] - [HollyContactHelper] 当前电话是专属坐席电话 ==agentid->35051
2016-09-13 11:03:23,566 [1] INFO  Holly--[18628] [(null)] - [@@@厂家消息通知@@@]OnMessage ：厂家状态(CurStatus：3；CurStatusName：震铃；)厂家消息(来电振铃。)程序状态(PS07_来电振铃)
2016-09-13 11:03:23,935 [1] INFO  Holly--[18628] [(null)] - [MainJs] [SendToWeb] 发送网页消息：0 次数，指定页面ID：WebPage00003
2016-09-13 11:03:23,935 [1] INFO  Holly--[18628] [(null)] - [MainUI] [SendMesToWeb] 获取到了当前指定webPageID的页面：WebPage00003
2016-09-13 11:03:23,936 [1] INFO  Holly--[18628] [(null)] - [MainJs] [SendMesToWeb] CTIEventMsg msg：UserEvent=Notice&Action=SaveWindowsName&Data=WebPage00003&outBoundType=-2
2016-09-13 11:03:25,031 [1] INFO  Holly--[18628] [(null)] - [MainJs] [SendToWeb] 发送网页消息：0 次数，指定页面ID：WebPage00003
2016-09-13 11:03:25,032 [1] INFO  Holly--[18628] [(null)] - [MainUI] [SendMesToWeb] 获取到了当前指定webPageID的页面：WebPage00003
2016-09-13 11:03:25,032 [1] INFO  Holly--[18628] [(null)] - [MainJs] [SendMesToWeb] CTIEventMsg msg：UserEvent=Notice&Action=SaveWindowsName&Data=WebPage00003&outBoundType=-2
2016-09-13 11:03:26,596 [1] INFO  Holly--[18628] [(null)] - [Main] 点击按钮==摘机/挂断
2016-09-13 11:03:26,597 [1] INFO  Holly--[18628] [(null)] - [HollyContactHelper]用户操作==应答->True
2016-09-13 11:03:26,741 [1] INFO  Holly--[18628] [(null)] - [@@@厂家消息通知@@@]OnMessage ：厂家状态(CurStatus：5；CurStatusName：两方通话；)厂家消息(状态改变：震铃-->两方通话)程序状态(PS08_普通通话)
2016-09-13 11:03:26,741 [1] INFO  Holly--[18628] [(null)] - [>>>厂家状态变化<<<]OnStatusChange ：PS07_来电振铃(3) -> PS08_普通通话(5)
2016-09-13 11:03:26,741 [1] INFO  Holly--[18628] [(null)] - [事件][AxUniSoftPhone_OnStatusChange] 状态变化事件
2016-09-13 11:03:26,741 [1] INFO  Holly--[18628] [(null)] - [Main][SetMainStatus]设置状态：PS08_普通通话
2016-09-13 11:03:26,741 [13] INFO  Holly--[18628] [(null)] - [Main][UpdatAgentDB] 更新客服状态表AS9_通话中
2016-09-13 11:03:26,741 [13] INFO  Holly--[18628] [(null)] - [======Common======] GetCurrentTime ：获取当前服务器时间：CC系统服务器时间：2016-09-13 11:02:18.287，客户端时间：2016-09-13 11:03:26.741，（现有）计算时间差(毫秒)：-68454.1844
2016-09-13 11:03:26,743 [13] INFO  Holly--[18628] [(null)] - [Main][UpdatAgentDB] 更新上一个状态的结束时间 PreOid....IS:12,结束时间为：2016-9-13 11:02:18
2016-09-13 11:03:26,744 [1] INFO  Holly--[18628] [(null)] - [HollyContactHelper] 当前电话是专属坐席电话 ==agentid->35051
2016-09-13 11:03:26,746 [1] INFO  Holly--[18628] [(null)] - [HollyContactHelper] 普通进行 == 主叫号码->18610633045
2016-09-13 11:03:26,746 [1] INFO  Holly--[18628] [(null)] - [HollyContactHelper] 获取厂家信息 ==主叫号码->18610633045
2016-09-13 11:03:26,746 [1] INFO  Holly--[18628] [(null)] - [HollyContactHelper] >>>> HaoMaProcess 处理前>>>> 18610633045
2016-09-13 11:03:26,746 [1] INFO  Holly--[18628] [(null)] - [HollyContactHelper] >>>> HaoMaProcess 处理后>>>> 18610633045
2016-09-13 11:03:26,746 [1] INFO  Holly--[18628] [(null)] - [HollyContactHelper] 获取厂家信息 ==被叫号码->36997
2016-09-13 11:03:26,747 [1] INFO  Holly--[18628] [(null)] - [HollyContactHelper] 获取厂家信息 ==落地号码->02987237722
2016-09-13 11:03:26,756 [1] INFO  Holly--[18628] [(null)] - [事件][OnAnswerSuccess] 呼入接通成功事件 ：呼入_分配接入 监控：非监控
2016-09-13 11:03:26,756 [1] INFO  Holly--[18628] [(null)] - [事件][CustomerInCome_OnAnswer] 客服接通
2016-09-13 11:03:26,756 [1] INFO  Holly--[18628] [(null)] - [======Common======] GetCurrentTime ：获取当前服务器时间：CC系统服务器时间：2016-09-13 11:02:18.302，客户端时间：2016-09-13 11:03:26.756，（现有）计算时间差(毫秒)：-68454.1844
2016-09-13 11:03:26,756 [1] INFO  Holly--[18628] [(null)] - [HollyContactHelper] 普通进行 == 主叫号码->18610633045
2016-09-13 11:03:26,756 [1] INFO  Holly--[18628] [(null)] - [HollyContactHelper] 获取厂家信息 ==主叫号码->18610633045
2016-09-13 11:03:26,756 [1] INFO  Holly--[18628] [(null)] - [HollyContactHelper] >>>> HaoMaProcess 处理前>>>> 18610633045
2016-09-13 11:03:26,756 [1] INFO  Holly--[18628] [(null)] - [HollyContactHelper] >>>> HaoMaProcess 处理后>>>> 18610633045
2016-09-13 11:03:26,756 [1] INFO  Holly--[18628] [(null)] - [HollyContactHelper] 获取厂家信息 ==被叫号码->36997
2016-09-13 11:03:26,756 [1] INFO  Holly--[18628] [(null)] - [HollyContactHelper] 获取厂家信息 ==落地号码->02987237722
2016-09-13 11:03:26,757 [1] INFO  Holly--[18628] [(null)] - [==BusinessProcess=] >>>> PhoneNumAndAni >>>> 18610633045->36997
2016-09-13 11:03:26,757 [1] INFO  Holly--[18628] [(null)] - [==BusinessProcess=] >>>> SwitchINNum >>>> 02987237722
2016-09-13 11:03:26,757 [1] INFO  Holly--[18628] [(null)] - [==BusinessProcess=] >>>> SkillGroup >>>> CS01
2016-09-13 11:03:26,757 [1] INFO  Holly--[18628] [(null)] - [==BusinessProcess=] >>>> EstablishedTime >>>> 2016-9-13 11:02:18-hollycallid：20160913110324615_1_440_UIP-BAK
2016-09-13 11:03:26,757 [1] INFO  Holly--[18628] [(null)] - [HollyContactHelper] 获取厂家信息 ==落地号码->02987237722
2016-09-13 11:03:26,757 [1] INFO  Holly--[18628] [(null)] - [HollyContactHelper] 获取厂家信息 ==厂家ID->20160913110324615_1_440_UIP-BAK
2016-09-13 11:03:26,757 [1] INFO  Holly--[18628] [(null)] - [==BusinessProcess=] InitUserEventData Established-369971473735735471-C1_呼入-2016-9-13 11:02:18
2016-09-13 11:03:26,757 [1] INFO  Holly--[18628] [(null)] - [MainJs] [SendToWeb] 发送网页消息：0 次数，指定页面ID：WebPage00003
2016-09-13 11:03:26,758 [13] INFO  Holly--[18628] [(null)] - [Main][UpdatAgentDB] 插入新的状态 PreOid....IS:13
2016-09-13 11:03:26,758 [1] INFO  Holly--[18628] [(null)] - [MainUI] [SendMesToWeb] 获取到了当前指定webPageID的页面：WebPage00003
2016-09-13 11:03:26,763 [1] INFO  Holly--[18628] [(null)] - [MainJs] [SendMesToWeb] CTIEventMsg msg：UserEvent=Established&UserName=36997&CalledNum=36997&CallerNum=18610633045&CallID=369971473735735471&UserChoice=CS01&CallType=1&MediaType=-2&CallState=-2&CurrentDate=2016-09-13%2011%3A02%3A18&SYS_DNIS=02987237722&RecordID=20160913110324615_1_440_UIP-BAK&RecordIDURL=&IsEstablished=True&EstablishedStartTime=2016-09-13%2011%3A02%3A18&TaskID=&TaskType=&outBoundType=-2
2016-09-13 11:03:26,764 [1] INFO  Holly--[18628] [(null)] - [@@@厂家消息通知@@@]OnMessage ：厂家状态(CurStatus：5；CurStatusName：两方通话；)厂家消息(应答成功。)程序状态(PS08_普通通话)
2016-09-13 11:03:26,965 [1] INFO  Holly--[18628] [(null)] - [@@@厂家消息通知@@@]OnMessage ：厂家状态(CurStatus：5；CurStatusName：两方通话；)厂家消息(录音开始：ContactID=20160913110324615_1_440_UIP-BAK,ANI=18610633045,DNIS=1006,ResonCode=77,ResonDesc=_??? (77))程序状态(PS08_普通通话)
2016-09-13 11:03:35,618 [1] INFO  Holly--[18628] [(null)] - [Main] 点击按钮==转IVR
2016-09-13 11:03:35,799 [1] INFO  Holly--[18628] [(null)] - [HollyContactHelper]用户操作==转满意度(369971473735735471,4,58103008)->True
2016-09-13 11:03:35,944 [1] INFO  Holly--[18628] [(null)] - [@@@厂家消息通知@@@]OnMessage ：厂家状态(CurStatus：9；CurStatusName：转接中；)厂家消息(状态改变：两方通话-->转接中)程序状态(PS17_转接拨号中)
2016-09-13 11:03:35,944 [1] INFO  Holly--[18628] [(null)] - [>>>厂家状态变化<<<]OnStatusChange ：PS08_普通通话(5) -> PS17_转接拨号中(9)
2016-09-13 11:03:35,944 [1] INFO  Holly--[18628] [(null)] - [事件][AxUniSoftPhone_OnStatusChange] 状态变化事件
2016-09-13 11:03:35,944 [1] INFO  Holly--[18628] [(null)] - [Main][SetMainStatus]设置状态：PS17_转接拨号中
2016-09-13 11:03:35,944 [11] INFO  Holly--[18628] [(null)] - [Main][UpdatAgentDB] 更新客服状态表AS8_振铃
2016-09-13 11:03:35,945 [11] INFO  Holly--[18628] [(null)] - [======Common======] GetCurrentTime ：获取当前服务器时间：CC系统服务器时间：2016-09-13 11:02:27.490，客户端时间：2016-09-13 11:03:35.945，（现有）计算时间差(毫秒)：-68454.1844
2016-09-13 11:03:35,947 [11] INFO  Holly--[18628] [(null)] - [Main][UpdatAgentDB] 更新上一个状态的结束时间 PreOid....IS:13,结束时间为：2016-9-13 11:02:27
2016-09-13 11:03:35,947 [1] INFO  Holly--[18628] [(null)] - [@@@厂家消息通知@@@]OnMessage ：厂家状态(CurStatus：9；CurStatusName：转接中；)厂家消息(咨询摘机：ContactID=20160913110324615_1_440_UIP-BAK,CurrStatus=26,LastStatus=29,ResonCode=45,ResonDesc=CauseOffHook)程序状态(PS17_转接拨号中)
2016-09-13 11:03:35,949 [1] INFO  Holly--[18628] [(null)] - [@@@厂家消息通知@@@]OnMessage ：厂家状态(CurStatus：9；CurStatusName：转接中；)厂家消息(咨询拨号：ContactID=20160913110324615_1_440_UIP-BAK,CurrStatus=27,LastStatus=26,OtherParty=0000,ResonCode=47,ResonDesc=CauseDialing)程序状态(PS17_转接拨号中)
2016-09-13 11:03:35,957 [11] INFO  Holly--[18628] [(null)] - [Main][UpdatAgentDB] 插入新的状态 PreOid....IS:14
2016-09-13 11:03:36,058 [1] INFO  Holly--[18628] [(null)] - [HollyContactHelper] 普通进行 == 主叫号码->18610633045
2016-09-13 11:03:36,058 [1] INFO  Holly--[18628] [(null)] - [HollyContactHelper] 获取厂家信息 ==主叫号码->18610633045
2016-09-13 11:03:36,058 [1] INFO  Holly--[18628] [(null)] - [HollyContactHelper] >>>> HaoMaProcess 处理前>>>> 18610633045
2016-09-13 11:03:36,058 [1] INFO  Holly--[18628] [(null)] - [HollyContactHelper] >>>> HaoMaProcess 处理后>>>> 18610633045
2016-09-13 11:03:36,058 [1] INFO  Holly--[18628] [(null)] - [HollyContactHelper] 获取厂家信息 ==被叫号码->36997
2016-09-13 11:03:36,059 [1] INFO  Holly--[18628] [(null)] - [HollyContactHelper] 获取厂家信息 ==落地号码->02987237722
2016-09-13 11:03:36,066 [1] INFO  Holly--[18628] [(null)] - [@@@厂家消息通知@@@]OnMessage ：厂家状态(CurStatus：9；CurStatusName：转接中；)厂家消息(转接拨号开始。)程序状态(PS17_转接拨号中)
2016-09-13 11:03:36,166 [1] INFO  Holly--[18628] [(null)] - [@@@厂家消息通知@@@]OnMessage ：厂家状态(CurStatus：9；CurStatusName：转接中；)厂家消息(咨询接通：ContactID=20160913110324615_1_440_UIP-BAK,CurrStatus=31,LastStatus=27,OtherParty=0000,ResonCode=13,ResonDesc=ActOpAnswered)程序状态(PS17_转接拨号中)
2016-09-13 11:03:36,346 [1] INFO  Holly--[18628] [(null)] - [@@@厂家消息通知@@@]OnMessage ：厂家状态(CurStatus：9；CurStatusName：转接中；)厂家消息(录音停止：ContactID=20160913110324615_1_440_UIP-BAK,ANI=18610633045,DNIS=1006,FileName=/var/spool/hollyRecord/2016/09/36997/36997_20160913110338307.mp3,TimeLen=9449,ResonCode=78,ResonDesc=_??? (78))程序状态(PS17_转接拨号中)
2016-09-13 11:03:36,348 [1] INFO  Holly--[18628] [(null)] - [@@@厂家消息通知@@@]OnMessage ：厂家状态(CurStatus：9；CurStatusName：转接中；)厂家消息(话路被挂断：ContactID=20160913110324615_1_440_UIP-BAK,CurrStatus=21,LastStatus=31,OtherParty=0000,ResonCode=27,ResonDesc=ActTpTransferred)程序状态(PS17_转接拨号中)
2016-09-13 11:03:36,349 [1] INFO  Holly--[18628] [(null)] - [事件][OnHangup] 挂断事件 ：转IVR挂机-呼入_分配接入 监控：非监控
2016-09-13 11:03:36,349 [1] INFO  Holly--[18628] [(null)] - [事件][OnHangup] 挂断
2016-09-13 11:03:36,350 [1] INFO  Holly--[18628] [(null)] - [@@@厂家消息通知@@@]OnMessage ：厂家状态(CurStatus：9；CurStatusName：转接中；)厂家消息(话路被挂断：ContactID=20160913110324615_1_440_UIP-BAK,CurrStatus=21,LastStatus=21,OtherParty=0000,ResonCode=16,ResonDesc=ActTpDisconnected)程序状态(PS17_转接拨号中)
2016-09-13 11:03:36,374 [1] INFO  Holly--[18628] [(null)] - [======Common======] GetCurrentTime ：获取当前服务器时间：CC系统服务器时间：2016-09-13 11:02:27.919，客户端时间：2016-09-13 11:03:36.374，（现有）计算时间差(毫秒)：-68454.1844
2016-09-13 11:03:36,375 [1] INFO  Holly--[18628] [(null)] - [HollyContactHelper] 获取厂家信息 ==厂家ID->20160913110324615_1_440_UIP-BAK
2016-09-13 11:03:36,375 [1] INFO  Holly--[18628] [(null)] - [HollyContactHelper] 获取厂家信息 ==厂家ID->20160913110324615_1_440_UIP-BAK
2016-09-13 11:03:36,375 [1] INFO  Holly--[18628] [(null)] - [HollyContactHelper] 普通进行 == 主叫号码->18610633045
2016-09-13 11:03:36,375 [1] INFO  Holly--[18628] [(null)] - [HollyContactHelper] 获取厂家信息 ==主叫号码->18610633045
2016-09-13 11:03:36,375 [1] INFO  Holly--[18628] [(null)] - [HollyContactHelper] >>>> HaoMaProcess 处理前>>>> 18610633045
2016-09-13 11:03:36,375 [1] INFO  Holly--[18628] [(null)] - [HollyContactHelper] >>>> HaoMaProcess 处理后>>>> 18610633045
2016-09-13 11:03:36,375 [1] INFO  Holly--[18628] [(null)] - [HollyContactHelper] 获取厂家信息 ==被叫号码->36997
2016-09-13 11:03:36,376 [1] INFO  Holly--[18628] [(null)] - [HollyContactHelper] 获取厂家信息 ==落地号码->02987237722
2016-09-13 11:03:36,376 [1] INFO  Holly--[18628] [(null)] - [==BusinessProcess=] >>>> PhoneNumAndAni >>>> 18610633045->36997
2016-09-13 11:03:36,376 [1] INFO  Holly--[18628] [(null)] - [==BusinessProcess=] >>>> SwitchINNum >>>> 02987237722
2016-09-13 11:03:36,376 [1] INFO  Holly--[18628] [(null)] - [==BusinessProcess=] >>>> SkillGroup >>>> CS01
2016-09-13 11:03:36,376 [1] INFO  Holly--[18628] [(null)] - [==BusinessProcess=] >>>> AgentReleaseTime >>>> 2016-9-13 11:02:27
2016-09-13 11:03:36,376 [1] INFO  Holly--[18628] [(null)] - [==BusinessProcess=] >>>> AfterWorkBeginTime >>>> 2016-9-13 11:02:27
2016-09-13 11:03:36,376 [1] INFO  Holly--[18628] [(null)] - [==BusinessProcess=] >>>> AudioURL >>>> http://192.168.112.208/var/spool/hollyRecord/2016/09/36997/36997_20160913110338307.mp3
2016-09-13 11:03:36,376 [1] INFO  Holly--[18628] [(null)] - [==BusinessProcess=] >>>> TallTime >>>> 9.6175501
2016-09-13 11:03:36,400 [1] INFO  Holly--[18628] [(null)] - [CallRecordHelper][InsertCallRecordNew] 成功
2016-09-13 11:03:36,410 [1] INFO  Holly--[18628] [(null)] - [Main][ActionEvent] 添加监控事件 >>退出话后时执行-更新话后信息 ID=2 总事件数=1
2016-09-13 11:03:36,411 [1] INFO  Holly--[18628] [(null)] - [HollyContactHelper] 获取厂家信息 ==落地号码->02987237722
2016-09-13 11:03:36,411 [1] INFO  Holly--[18628] [(null)] - [HollyContactHelper] 获取厂家信息 ==厂家ID->20160913110324615_1_440_UIP-BAK
2016-09-13 11:03:36,411 [1] INFO  Holly--[18628] [(null)] - [==BusinessProcess=] InitUserEventData Released-369971473735735471-C1_呼入-2016-9-13 11:02:27
2016-09-13 11:03:36,411 [1] INFO  Holly--[18628] [(null)] - [MainJs] [SendToWeb] 发送网页消息：0 次数，指定页面ID：WebPage00003
2016-09-13 11:03:36,412 [1] INFO  Holly--[18628] [(null)] - [MainUI] [SendMesToWeb] 获取到了当前指定webPageID的页面：WebPage00003
2016-09-13 11:03:36,416 [1] INFO  Holly--[18628] [(null)] - [MainJs] [SendMesToWeb] CTIEventMsg msg：UserEvent=Released&UserName=36997&CalledNum=36997&CallerNum=18610633045&CallID=369971473735735471&UserChoice=CS01&CallType=1&MediaType=-2&CallState=-2&CurrentDate=2016-09-13%2011%3A02%3A27&SYS_DNIS=02987237722&RecordID=20160913110324615_1_440_UIP-BAK&RecordIDURL=http://192.168.112.208/var/spool/hollyRecord/2016/09/36997/36997_20160913110338307.mp3&IsEstablished=True&EstablishedStartTime=2016-09-13%2011%3A02%3A18&TaskID=&TaskType=&outBoundType=-2
2016-09-13 11:03:36,417 [1] INFO  Holly--[18628] [(null)] - [MainJs] [CurrentOutBoundTabPageName] 挂断清空
2016-09-13 11:03:36,417 [1] INFO  Holly--[18628] [(null)] - [@@@厂家消息通知@@@]OnMessage ：厂家状态(CurStatus：15；CurStatusName：工作整理；)厂家消息(状态改变：转接中-->工作整理)程序状态(PS06_话后)
2016-09-13 11:03:36,418 [1] INFO  Holly--[18628] [(null)] - [>>>厂家状态变化<<<]OnStatusChange ：PS17_转接拨号中(9) -> PS06_话后(15)
2016-09-13 11:03:36,418 [1] INFO  Holly--[18628] [(null)] - [事件][AxUniSoftPhone_OnStatusChange] 状态变化事件
2016-09-13 11:03:36,418 [1] INFO  Holly--[18628] [(null)] - [Main][SetMainStatus]设置状态：PS06_话后
2016-09-13 11:03:36,418 [3] INFO  Holly--[18628] [(null)] - [Main][UpdatAgentDB] 更新客服状态表AS5_话后
2016-09-13 11:03:36,418 [3] INFO  Holly--[18628] [(null)] - [======Common======] GetCurrentTime ：获取当前服务器时间：CC系统服务器时间：2016-09-13 11:02:27.963，客户端时间：2016-09-13 11:03:36.418，（现有）计算时间差(毫秒)：-68454.1844
2016-09-13 11:03:36,420 [3] INFO  Holly--[18628] [(null)] - [Main][UpdatAgentDB] 更新上一个状态的结束时间 PreOid....IS:14,结束时间为：2016-9-13 11:02:27
2016-09-13 11:03:36,421 [1] INFO  Holly--[18628] [(null)] - [HollyContactHelper] 普通进行 == 主叫号码->18610633045
2016-09-13 11:03:36,421 [1] INFO  Holly--[18628] [(null)] - [HollyContactHelper] 获取厂家信息 ==主叫号码->18610633045
2016-09-13 11:03:36,421 [1] INFO  Holly--[18628] [(null)] - [HollyContactHelper] >>>> HaoMaProcess 处理前>>>> 18610633045
2016-09-13 11:03:36,421 [1] INFO  Holly--[18628] [(null)] - [HollyContactHelper] >>>> HaoMaProcess 处理后>>>> 18610633045
2016-09-13 11:03:36,422 [1] INFO  Holly--[18628] [(null)] - [HollyContactHelper] 获取厂家信息 ==被叫号码->36997
2016-09-13 11:03:36,422 [1] INFO  Holly--[18628] [(null)] - [HollyContactHelper] 获取厂家信息 ==落地号码->02987237722
2016-09-13 11:03:36,432 [3] INFO  Holly--[18628] [(null)] - [Main][UpdatAgentDB] 插入新的状态 PreOid....IS:15
2016-09-13 11:03:36,433 [1] INFO  Holly--[18628] [(null)] - [@@@厂家消息通知@@@]OnMessage ：厂家状态(CurStatus：15；CurStatusName：工作整理；)厂家消息(整理工作开始。)程序状态(PS06_话后)
2016-09-13 11:03:56,752 [1] INFO  Holly--[18628] [(null)] - [客户端推送日志信息] 开始
2016-09-13 11:03:56,763 [1] INFO  Holly--[18628] [(null)] - [客户端推送日志信息] 获取到请求数：0
2016-09-13 11:04:36,233 [1] INFO  Holly--[18628] [(null)] - [HollyContactHelper]用户操作==置闲->True
2016-09-13 11:04:36,468 [1] INFO  Holly--[18628] [(null)] - [@@@厂家消息通知@@@]OnMessage ：厂家状态(CurStatus：1；CurStatusName：空闲；)厂家消息(状态改变：工作整理-->空闲)程序状态(PS03_置闲)
2016-09-13 11:04:36,468 [1] INFO  Holly--[18628] [(null)] - [>>>厂家状态变化<<<]OnStatusChange ：PS06_话后(15) -> PS03_置闲(1)
2016-09-13 11:04:36,468 [1] INFO  Holly--[18628] [(null)] - [事件][AxUniSoftPhone_OnStatusChange] 状态变化事件
2016-09-13 11:04:36,469 [1] INFO  Holly--[18628] [(null)] - [==BusinessProcess=][UpdateCallRecordAfterTime] 呼入时退出话后更新话后信息
2016-09-13 11:04:36,469 [1] INFO  Holly--[18628] [(null)] - [======Common======] GetCurrentTime ：获取当前服务器时间：CC系统服务器时间：2016-09-13 11:03:28.015，客户端时间：2016-09-13 11:04:36.469，（现有）计算时间差(毫秒)：-68454.1844
2016-09-13 11:04:36,469 [1] INFO  Holly--[18628] [(null)] - [==BusinessProcess=] >>>> AfterWorkTime >>>> 2016-9-13 11:03:28-60.0954373秒
2016-09-13 11:04:36,469 [12] INFO  Holly--[18628] [(null)] - [Main][UpdatAgentDB] 更新客服状态表AS3_置闲
2016-09-13 11:04:36,469 [12] INFO  Holly--[18628] [(null)] - [======Common======] GetCurrentTime ：获取当前服务器时间：CC系统服务器时间：2016-09-13 11:03:28.015，客户端时间：2016-09-13 11:04:36.469，（现有）计算时间差(毫秒)：-68454.1844
2016-09-13 11:04:36,470 [12] INFO  Holly--[18628] [(null)] - [Main][UpdatAgentDB] 更新上一个状态的结束时间 PreOid....IS:15,结束时间为：2016-9-13 11:03:28
2016-09-13 11:04:36,487 [12] INFO  Holly--[18628] [(null)] - [Main][UpdatAgentDB] 插入新的状态 PreOid....IS:16
2016-09-13 11:04:36,518 [1] INFO  Holly--[18628] [(null)] - [CallRecordHelper][InsertCallRecordNew] 成功
2016-09-13 11:04:36,527 [1] INFO  Holly--[18628] [(null)] - [==BusinessProcess=][UpdateCallRecordAfterTime] 更新话后信息 True
2016-09-13 11:04:36,527 [1] INFO  Holly--[18628] [(null)] - [Main][ActionEvent] 触发监控事件 >>退出话后时执行-更新话后信息已完成 ID=2总事件数=0
2016-09-13 11:04:36,527 [1] INFO  Holly--[18628] [(null)] - [Main][SetMainStatus]设置状态：PS03_置闲
2016-09-13 11:04:36,553 [1] INFO  Holly--[18628] [(null)] - [HollyContactHelper] 获取厂家信息 ==落地号码->
2016-09-13 11:04:36,554 [1] INFO  Holly--[18628] [(null)] - [@@@厂家消息通知@@@]OnMessage ：厂家状态(CurStatus：1；CurStatusName：空闲；)厂家消息(示闲成功。)程序状态(PS03_置闲)
2016-09-13 11:04:42,250 [1] INFO  Holly--[18628] [(null)] - [@@@厂家消息通知@@@]OnMessage ：厂家状态(CurStatus：1；CurStatusName：空闲；)厂家消息(座席被锁定)程序状态(PS03_置闲)
2016-09-13 11:04:42,250 [1] INFO  Holly--[18628] [(null)] - [Main][SetMainStatus]设置状态：PS18_客服被锁定
2016-09-13 11:04:46,126 [1] INFO  Holly--[18628] [(null)] - [======Common======] GetCurrentTime ：获取当前服务器时间：CC系统服务器时间：2016-09-13 11:03:37.671，客户端时间：2016-09-13 11:04:46.126，（现有）计算时间差(毫秒)：-68454.1844
2016-09-13 11:04:46,126 [1] INFO  Holly--[18628] [(null)] - [Main]timer_LoginTime_Tick LoginOnOid=2
2016-09-13 11:04:48,731 [1] INFO  Holly--[18628] [(null)] - [@@@厂家消息通知@@@]OnMessage ：厂家状态(CurStatus：3；CurStatusName：震铃；)厂家消息(状态改变：空闲-->震铃)程序状态(PS07_来电振铃)
2016-09-13 11:04:48,731 [1] INFO  Holly--[18628] [(null)] - [>>>厂家状态变化<<<]OnStatusChange ：PS03_置闲(1) -> PS07_来电振铃(3)
2016-09-13 11:04:48,731 [1] INFO  Holly--[18628] [(null)] - [事件][AxUniSoftPhone_OnStatusChange] 状态变化事件
2016-09-13 11:04:48,731 [1] INFO  Holly--[18628] [(null)] - [Main][SetMainStatus]设置状态：PS07_来电振铃
2016-09-13 11:04:48,731 [13] INFO  Holly--[18628] [(null)] - [Main][UpdatAgentDB] 更新客服状态表AS8_振铃
2016-09-13 11:04:48,731 [13] INFO  Holly--[18628] [(null)] - [======Common======] GetCurrentTime ：获取当前服务器时间：CC系统服务器时间：2016-09-13 11:03:40.277，客户端时间：2016-09-13 11:04:48.731，（现有）计算时间差(毫秒)：-68454.1844
2016-09-13 11:04:48,733 [13] INFO  Holly--[18628] [(null)] - [Main][UpdatAgentDB] 更新上一个状态的结束时间 PreOid....IS:16,结束时间为：2016-9-13 11:03:40
2016-09-13 11:04:48,736 [1] INFO  Holly--[18628] [(null)] - [@@@厂家消息通知@@@]OnMessage ：厂家状态(CurStatus：3；CurStatusName：震铃；)厂家消息(座席话务处理)程序状态(PS07_来电振铃)
2016-09-13 11:04:48,745 [13] INFO  Holly--[18628] [(null)] - [Main][UpdatAgentDB] 插入新的状态 PreOid....IS:17
2016-09-13 11:04:48,763 [1] INFO  Holly--[18628] [(null)] - [HollyContactHelper] 普通进行 == 主叫号码->18610633045
2016-09-13 11:04:48,763 [1] INFO  Holly--[18628] [(null)] - [HollyContactHelper] 获取厂家信息 ==主叫号码->18610633045
2016-09-13 11:04:48,764 [1] INFO  Holly--[18628] [(null)] - [HollyContactHelper] >>>> HaoMaProcess 处理前>>>> 18610633045
2016-09-13 11:04:48,764 [1] INFO  Holly--[18628] [(null)] - [HollyContactHelper] >>>> HaoMaProcess 处理后>>>> 18610633045
2016-09-13 11:04:48,764 [1] INFO  Holly--[18628] [(null)] - [HollyContactHelper] 获取厂家信息 ==被叫号码->36997
2016-09-13 11:04:48,765 [1] INFO  Holly--[18628] [(null)] - [HollyContactHelper] 获取厂家信息 ==落地号码->02987237722
2016-09-13 11:04:48,771 [1] INFO  Holly--[18628] [(null)] - [事件][OnBelling] 呼入振铃事件 ：呼入_分配接入 监控：非监控
2016-09-13 11:04:48,771 [1] INFO  Holly--[18628] [(null)] - [事件][CustomerInCome_OnBelling] 客服振铃
2016-09-13 11:04:48,771 [1] INFO  Holly--[18628] [(null)] - [======Common======] GetCurrentTime ：获取当前服务器时间：CC系统服务器时间：2016-09-13 11:03:40.317，客户端时间：2016-09-13 11:04:48.771，（现有）计算时间差(毫秒)：-68454.1844
2016-09-13 11:04:48,771 [1] INFO  Holly--[18628] [(null)] - [======Common======] GetNewCallID ：生成新CallID时 date：2016-9-13 11:03:40 timestamp：1473735820
2016-09-13 11:04:48,771 [1] INFO  Holly--[18628] [(null)] - [======Common======] GetNewCallID ：生成新CallID：369971473735820657
2016-09-13 11:04:48,772 [1] INFO  Holly--[18628] [(null)] - [HollyContactHelper] 普通进行 == 主叫号码->18610633045
2016-09-13 11:04:48,772 [1] INFO  Holly--[18628] [(null)] - [HollyContactHelper] 获取厂家信息 ==主叫号码->18610633045
2016-09-13 11:04:48,772 [1] INFO  Holly--[18628] [(null)] - [HollyContactHelper] >>>> HaoMaProcess 处理前>>>> 18610633045
2016-09-13 11:04:48,772 [1] INFO  Holly--[18628] [(null)] - [HollyContactHelper] >>>> HaoMaProcess 处理后>>>> 18610633045
2016-09-13 11:04:48,772 [1] INFO  Holly--[18628] [(null)] - [HollyContactHelper] [判断入线类型] == Skill_ID->1094 skillId-> sysAni-> mphone-> Key_IContact_ANI->18610633045 zhujiao->18610633045 beijiao->1006
2016-09-13 11:04:48,772 [1] INFO  Holly--[18628] [(null)] - [HollyContactHelper] [判断入线类型] 普通呼入
2016-09-13 11:04:48,772 [1] INFO  Holly--[18628] [(null)] - [事件][CustomerInCome_OnBelling] 判断呼入类型：普通呼入
2016-09-13 11:04:48,773 [1] INFO  Holly--[18628] [(null)] - [HollyContactHelper] 普通进行 == 主叫号码->18610633045
2016-09-13 11:04:48,773 [1] INFO  Holly--[18628] [(null)] - [HollyContactHelper] 获取厂家信息 ==主叫号码->18610633045
2016-09-13 11:04:48,773 [1] INFO  Holly--[18628] [(null)] - [HollyContactHelper] >>>> HaoMaProcess 处理前>>>> 18610633045
2016-09-13 11:04:48,773 [1] INFO  Holly--[18628] [(null)] - [HollyContactHelper] >>>> HaoMaProcess 处理后>>>> 18610633045
2016-09-13 11:04:48,773 [1] INFO  Holly--[18628] [(null)] - [HollyContactHelper] 获取厂家信息 ==被叫号码->36997
2016-09-13 11:04:48,774 [1] INFO  Holly--[18628] [(null)] - [HollyContactHelper] 获取厂家信息 ==落地号码->02987237722
2016-09-13 11:04:48,774 [1] INFO  Holly--[18628] [(null)] - [==BusinessProcess=] >>>> PhoneNumAndAni >>>> 18610633045->36997
2016-09-13 11:04:48,774 [1] INFO  Holly--[18628] [(null)] - [==BusinessProcess=] >>>> SwitchINNum >>>> 02987237722
2016-09-13 11:04:48,774 [1] INFO  Holly--[18628] [(null)] - [==BusinessProcess=] >>>> SkillGroup >>>> CS01
2016-09-13 11:04:48,774 [1] INFO  Holly--[18628] [(null)] - [======Common======] GetCurrentTime ：获取当前服务器时间：CC系统服务器时间：2016-09-13 11:03:40.320，客户端时间：2016-09-13 11:04:48.774，（现有）计算时间差(毫秒)：-68454.1844
2016-09-13 11:04:48,774 [1] INFO  Holly--[18628] [(null)] - [HollyContactHelper] 获取厂家信息 ==厂家ID->20160913110444234_1_441_UIP-BAK
2016-09-13 11:04:48,775 [1] INFO  Holly--[18628] [(null)] - [HollyContactHelper] 获取厂家信息 ==厂家ID->20160913110444234_1_441_UIP-BAK
2016-09-13 11:04:48,775 [1] INFO  Holly--[18628] [(null)] - [==BusinessProcess=] InitCallRecordORIG callid：369971473735820657-calltype：C1_呼入
2016-09-13 11:04:48,775 [1] INFO  Holly--[18628] [(null)] - [==BusinessProcess=] >>>> InitiatedTime >>>> 2016-9-13 11:03:40
2016-09-13 11:04:48,775 [1] INFO  Holly--[18628] [(null)] - [==BusinessProcess=] >>>> RingingTime >>>> 2016-9-13 11:03:40
2016-09-13 11:04:48,775 [1] INFO  Holly--[18628] [(null)] - [HollyContactHelper] 获取厂家信息 ==落地号码->02987237722
2016-09-13 11:04:48,775 [1] INFO  Holly--[18628] [(null)] - [HollyContactHelper] 获取厂家信息 ==厂家ID->20160913110444234_1_441_UIP-BAK
2016-09-13 11:04:48,776 [1] INFO  Holly--[18628] [(null)] - [==BusinessProcess=] InitUserEventData Transferred-369971473735820657-C1_呼入-2016-9-13 11:03:40
2016-09-13 11:04:48,776 [1] INFO  Holly--[18628] [(null)] - [MainJs] [SendToWeb] 发送网页消息：0 次数，指定页面ID：
2016-09-13 11:04:48,776 [1] INFO  Holly--[18628] [(null)] - [MainUI] [SendMesToWeb] 获取当前默认标签页
2016-09-13 11:04:48,776 [1] INFO  Holly--[18628] [(null)] - [======Common======] GetCurrentTime ：获取当前服务器时间：CC系统服务器时间：2016-09-13 11:03:40.322，客户端时间：2016-09-13 11:04:48.776，（现有）计算时间差(毫秒)：-68454.1844
2016-09-13 11:04:48,776 [1] INFO  Holly--[18628] [(null)] - [=====计时日志=====] 弹屏开始 2016-9-13 11:03:40
2016-09-13 11:04:48,776 [1] INFO  Holly--[18628] [(null)] - [MainJs] [SendMesToWeb] 弹屏 http://ncc.sys1.bitauto.com/CTI/PopTransfer.aspx
2016-09-13 11:04:48,776 [1] INFO  Holly--[18628] [(null)] - [MainUI] [NewPageForReq] address is:http://ncc.sys1.bitauto.com/CTI/PopTransfer.aspx?UserEvent=Transferred&UserName=36997&CalledNum=36997&CallerNum=18610633045&CallID=369971473735820657&UserChoice=CS01&CallType=1&MediaType=-2&CallState=-2&CurrentDate=2016-09-13%2011%3A03%3A40&SYS_DNIS=02987237722&RecordID=20160913110444234_1_441_UIP-BAK&RecordIDURL=&IsEstablished=False&EstablishedStartTime=&TaskID=&TaskType=&outBoundType=-2
2016-09-13 11:04:48,776 [1] INFO  Holly--[18628] [(null)] - [MainUI] [CurrentOutBoundTabPageName] 呼入通话网页名称=新建：WebPage00004
2016-09-13 11:04:48,787 [1] INFO  Holly--[18628] [(null)] - [MainUI] [ShowTabPagesLog] 全部页面 客户核实=WebPage00001(); 新增工单=WebPage00002(WebPage00001); 新增工单=WebPage00003(WebPage00002); 新增页=WebPage00004(WebPage00003); 
2016-09-13 11:04:48,832 [1] INFO  Holly--[18628] [(null)] - [MainJs] [SendMesToWeb] CTIEventMsg msg：UserEvent=Transferred&UserName=36997&CalledNum=36997&CallerNum=18610633045&CallID=369971473735820657&UserChoice=CS01&CallType=1&MediaType=-2&CallState=-2&CurrentDate=2016-09-13%2011%3A03%3A40&SYS_DNIS=02987237722&RecordID=20160913110444234_1_441_UIP-BAK&RecordIDURL=&IsEstablished=False&EstablishedStartTime=&TaskID=&TaskType=&outBoundType=-2
2016-09-13 11:04:48,833 [1] INFO  Holly--[18628] [(null)] - [HollyContactHelper] 当前电话是专属坐席电话 ==agentid->35051
2016-09-13 11:04:49,083 [1] INFO  Holly--[18628] [(null)] - [@@@厂家消息通知@@@]OnMessage ：厂家状态(CurStatus：3；CurStatusName：震铃；)厂家消息(来电振铃。)程序状态(PS07_来电振铃)
2016-09-13 11:04:49,255 [1] INFO  Holly--[18628] [(null)] - [MainJs] [SendToWeb] 发送网页消息：0 次数，指定页面ID：WebPage00004
2016-09-13 11:04:49,255 [1] INFO  Holly--[18628] [(null)] - [MainUI] [SendMesToWeb] 获取到了当前指定webPageID的页面：WebPage00004
2016-09-13 11:04:49,256 [1] INFO  Holly--[18628] [(null)] - [MainJs] [SendMesToWeb] CTIEventMsg msg：UserEvent=Notice&Action=SaveWindowsName&Data=WebPage00004&outBoundType=-2
2016-09-13 11:04:50,455 [1] INFO  Holly--[18628] [(null)] - [MainJs] [SendToWeb] 发送网页消息：0 次数，指定页面ID：WebPage00004
2016-09-13 11:04:50,455 [1] INFO  Holly--[18628] [(null)] - [MainUI] [SendMesToWeb] 获取到了当前指定webPageID的页面：WebPage00004
2016-09-13 11:04:50,455 [1] INFO  Holly--[18628] [(null)] - [MainJs] [SendMesToWeb] CTIEventMsg msg：UserEvent=Notice&Action=SaveWindowsName&Data=WebPage00004&outBoundType=-2
2016-09-13 11:04:52,135 [1] INFO  Holly--[18628] [(null)] - [Main] 点击按钮==摘机/挂断
2016-09-13 11:04:52,137 [1] INFO  Holly--[18628] [(null)] - [HollyContactHelper]用户操作==应答->True
2016-09-13 11:04:52,233 [1] INFO  Holly--[18628] [(null)] - [@@@厂家消息通知@@@]OnMessage ：厂家状态(CurStatus：5；CurStatusName：两方通话；)厂家消息(状态改变：震铃-->两方通话)程序状态(PS08_普通通话)
2016-09-13 11:04:52,233 [1] INFO  Holly--[18628] [(null)] - [>>>厂家状态变化<<<]OnStatusChange ：PS07_来电振铃(3) -> PS08_普通通话(5)
2016-09-13 11:04:52,233 [1] INFO  Holly--[18628] [(null)] - [事件][AxUniSoftPhone_OnStatusChange] 状态变化事件
2016-09-13 11:04:52,233 [1] INFO  Holly--[18628] [(null)] - [Main][SetMainStatus]设置状态：PS08_普通通话
2016-09-13 11:04:52,233 [12] INFO  Holly--[18628] [(null)] - [Main][UpdatAgentDB] 更新客服状态表AS9_通话中
2016-09-13 11:04:52,234 [12] INFO  Holly--[18628] [(null)] - [======Common======] GetCurrentTime ：获取当前服务器时间：CC系统服务器时间：2016-09-13 11:03:43.780，客户端时间：2016-09-13 11:04:52.234，（现有）计算时间差(毫秒)：-68454.1844
2016-09-13 11:04:52,236 [12] INFO  Holly--[18628] [(null)] - [Main][UpdatAgentDB] 更新上一个状态的结束时间 PreOid....IS:17,结束时间为：2016-9-13 11:03:43
2016-09-13 11:04:52,236 [1] INFO  Holly--[18628] [(null)] - [HollyContactHelper] 当前电话是专属坐席电话 ==agentid->35051
2016-09-13 11:04:52,258 [1] INFO  Holly--[18628] [(null)] - [HollyContactHelper] 普通进行 == 主叫号码->18610633045
2016-09-13 11:04:52,259 [1] INFO  Holly--[18628] [(null)] - [HollyContactHelper] 获取厂家信息 ==主叫号码->18610633045
2016-09-13 11:04:52,259 [1] INFO  Holly--[18628] [(null)] - [HollyContactHelper] >>>> HaoMaProcess 处理前>>>> 18610633045
2016-09-13 11:04:52,259 [1] INFO  Holly--[18628] [(null)] - [HollyContactHelper] >>>> HaoMaProcess 处理后>>>> 18610633045
2016-09-13 11:04:52,259 [1] INFO  Holly--[18628] [(null)] - [HollyContactHelper] 获取厂家信息 ==被叫号码->36997
2016-09-13 11:04:52,259 [1] INFO  Holly--[18628] [(null)] - [HollyContactHelper] 获取厂家信息 ==落地号码->02987237722
2016-09-13 11:04:52,266 [1] INFO  Holly--[18628] [(null)] - [事件][OnAnswerSuccess] 呼入接通成功事件 ：呼入_分配接入 监控：非监控
2016-09-13 11:04:52,266 [1] INFO  Holly--[18628] [(null)] - [事件][CustomerInCome_OnAnswer] 客服接通
2016-09-13 11:04:52,266 [1] INFO  Holly--[18628] [(null)] - [======Common======] GetCurrentTime ：获取当前服务器时间：CC系统服务器时间：2016-09-13 11:03:43.812，客户端时间：2016-09-13 11:04:52.266，（现有）计算时间差(毫秒)：-68454.1844
2016-09-13 11:04:52,267 [1] INFO  Holly--[18628] [(null)] - [HollyContactHelper] 普通进行 == 主叫号码->18610633045
2016-09-13 11:04:52,267 [1] INFO  Holly--[18628] [(null)] - [HollyContactHelper] 获取厂家信息 ==主叫号码->18610633045
2016-09-13 11:04:52,267 [1] INFO  Holly--[18628] [(null)] - [HollyContactHelper] >>>> HaoMaProcess 处理前>>>> 18610633045
2016-09-13 11:04:52,267 [1] INFO  Holly--[18628] [(null)] - [HollyContactHelper] >>>> HaoMaProcess 处理后>>>> 18610633045
2016-09-13 11:04:52,267 [1] INFO  Holly--[18628] [(null)] - [HollyContactHelper] 获取厂家信息 ==被叫号码->36997
2016-09-13 11:04:52,267 [1] INFO  Holly--[18628] [(null)] - [HollyContactHelper] 获取厂家信息 ==落地号码->02987237722
2016-09-13 11:04:52,267 [1] INFO  Holly--[18628] [(null)] - [==BusinessProcess=] >>>> PhoneNumAndAni >>>> 18610633045->36997
2016-09-13 11:04:52,268 [1] INFO  Holly--[18628] [(null)] - [==BusinessProcess=] >>>> SwitchINNum >>>> 02987237722
2016-09-13 11:04:52,268 [1] INFO  Holly--[18628] [(null)] - [==BusinessProcess=] >>>> SkillGroup >>>> CS01
2016-09-13 11:04:52,268 [1] INFO  Holly--[18628] [(null)] - [==BusinessProcess=] >>>> EstablishedTime >>>> 2016-9-13 11:03:43-hollycallid：20160913110444234_1_441_UIP-BAK
2016-09-13 11:04:52,268 [1] INFO  Holly--[18628] [(null)] - [HollyContactHelper] 获取厂家信息 ==落地号码->02987237722
2016-09-13 11:04:52,268 [1] INFO  Holly--[18628] [(null)] - [HollyContactHelper] 获取厂家信息 ==厂家ID->20160913110444234_1_441_UIP-BAK
2016-09-13 11:04:52,268 [1] INFO  Holly--[18628] [(null)] - [==BusinessProcess=] InitUserEventData Established-369971473735820657-C1_呼入-2016-9-13 11:03:43
2016-09-13 11:04:52,269 [1] INFO  Holly--[18628] [(null)] - [MainJs] [SendToWeb] 发送网页消息：0 次数，指定页面ID：WebPage00004
2016-09-13 11:04:52,269 [1] INFO  Holly--[18628] [(null)] - [MainUI] [SendMesToWeb] 获取到了当前指定webPageID的页面：WebPage00004
2016-09-13 11:04:52,275 [1] INFO  Holly--[18628] [(null)] - [MainJs] [SendMesToWeb] CTIEventMsg msg：UserEvent=Established&UserName=36997&CalledNum=36997&CallerNum=18610633045&CallID=369971473735820657&UserChoice=CS01&CallType=1&MediaType=-2&CallState=-2&CurrentDate=2016-09-13%2011%3A03%3A43&SYS_DNIS=02987237722&RecordID=20160913110444234_1_441_UIP-BAK&RecordIDURL=&IsEstablished=True&EstablishedStartTime=2016-09-13%2011%3A03%3A43&TaskID=&TaskType=&outBoundType=-2
2016-09-13 11:04:52,275 [1] INFO  Holly--[18628] [(null)] - [@@@厂家消息通知@@@]OnMessage ：厂家状态(CurStatus：5；CurStatusName：两方通话；)厂家消息(应答成功。)程序状态(PS08_普通通话)
2016-09-13 11:04:52,284 [12] INFO  Holly--[18628] [(null)] - [Main][UpdatAgentDB] 插入新的状态 PreOid....IS:18
2016-09-13 11:04:52,466 [1] INFO  Holly--[18628] [(null)] - [@@@厂家消息通知@@@]OnMessage ：厂家状态(CurStatus：5；CurStatusName：两方通话；)厂家消息(录音开始：ContactID=20160913110444234_1_441_UIP-BAK,ANI=18610633045,DNIS=1006,ResonCode=77,ResonDesc=_??? (77))程序状态(PS08_普通通话)
2016-09-13 11:04:56,781 [1] INFO  Holly--[18628] [(null)] - [客户端推送日志信息] 开始
2016-09-13 11:04:56,831 [1] INFO  Holly--[18628] [(null)] - [客户端推送日志信息] 获取到请求数：0
2016-09-13 11:04:59,324 [1] INFO  Holly--[18628] [(null)] - [Main] 点击按钮==转IVR
2016-09-13 11:04:59,499 [1] INFO  Holly--[18628] [(null)] - [HollyContactHelper]用户操作==转满意度(369971473735820657,4,58103008)->True
2016-09-13 11:04:59,648 [1] INFO  Holly--[18628] [(null)] - [@@@厂家消息通知@@@]OnMessage ：厂家状态(CurStatus：9；CurStatusName：转接中；)厂家消息(状态改变：两方通话-->转接中)程序状态(PS17_转接拨号中)
2016-09-13 11:04:59,648 [1] INFO  Holly--[18628] [(null)] - [>>>厂家状态变化<<<]OnStatusChange ：PS08_普通通话(5) -> PS17_转接拨号中(9)
2016-09-13 11:04:59,648 [1] INFO  Holly--[18628] [(null)] - [事件][AxUniSoftPhone_OnStatusChange] 状态变化事件
2016-09-13 11:04:59,648 [1] INFO  Holly--[18628] [(null)] - [Main][SetMainStatus]设置状态：PS17_转接拨号中
2016-09-13 11:04:59,648 [12] INFO  Holly--[18628] [(null)] - [Main][UpdatAgentDB] 更新客服状态表AS8_振铃
2016-09-13 11:04:59,648 [12] INFO  Holly--[18628] [(null)] - [======Common======] GetCurrentTime ：获取当前服务器时间：CC系统服务器时间：2016-09-13 11:03:51.194，客户端时间：2016-09-13 11:04:59.648，（现有）计算时间差(毫秒)：-68454.1844
2016-09-13 11:04:59,653 [1] INFO  Holly--[18628] [(null)] - [@@@厂家消息通知@@@]OnMessage ：厂家状态(CurStatus：9；CurStatusName：转接中；)厂家消息(咨询摘机：ContactID=20160913110444234_1_441_UIP-BAK,CurrStatus=26,LastStatus=29,ResonCode=45,ResonDesc=CauseOffHook)程序状态(PS17_转接拨号中)
2016-09-13 11:04:59,654 [1] INFO  Holly--[18628] [(null)] - [@@@厂家消息通知@@@]OnMessage ：厂家状态(CurStatus：9；CurStatusName：转接中；)厂家消息(咨询拨号：ContactID=20160913110444234_1_441_UIP-BAK,CurrStatus=27,LastStatus=26,OtherParty=0000,ResonCode=47,ResonDesc=CauseDialing)程序状态(PS17_转接拨号中)
2016-09-13 11:04:59,696 [12] INFO  Holly--[18628] [(null)] - [Main][UpdatAgentDB] 更新上一个状态的结束时间 PreOid....IS:18,结束时间为：2016-9-13 11:03:51
2016-09-13 11:04:59,708 [12] INFO  Holly--[18628] [(null)] - [Main][UpdatAgentDB] 插入新的状态 PreOid....IS:19
2016-09-13 11:04:59,715 [1] INFO  Holly--[18628] [(null)] - [HollyContactHelper] 普通进行 == 主叫号码->18610633045
2016-09-13 11:04:59,715 [1] INFO  Holly--[18628] [(null)] - [HollyContactHelper] 获取厂家信息 ==主叫号码->18610633045
2016-09-13 11:04:59,715 [1] INFO  Holly--[18628] [(null)] - [HollyContactHelper] >>>> HaoMaProcess 处理前>>>> 18610633045
2016-09-13 11:04:59,715 [1] INFO  Holly--[18628] [(null)] - [HollyContactHelper] >>>> HaoMaProcess 处理后>>>> 18610633045
2016-09-13 11:04:59,715 [1] INFO  Holly--[18628] [(null)] - [HollyContactHelper] 获取厂家信息 ==被叫号码->36997
2016-09-13 11:04:59,716 [1] INFO  Holly--[18628] [(null)] - [HollyContactHelper] 获取厂家信息 ==落地号码->02987237722
2016-09-13 11:04:59,723 [1] INFO  Holly--[18628] [(null)] - [@@@厂家消息通知@@@]OnMessage ：厂家状态(CurStatus：9；CurStatusName：转接中；)厂家消息(转接拨号开始。)程序状态(PS17_转接拨号中)
2016-09-13 11:04:59,876 [1] INFO  Holly--[18628] [(null)] - [@@@厂家消息通知@@@]OnMessage ：厂家状态(CurStatus：9；CurStatusName：转接中；)厂家消息(咨询接通：ContactID=20160913110444234_1_441_UIP-BAK,CurrStatus=31,LastStatus=27,OtherParty=0000,ResonCode=13,ResonDesc=ActOpAnswered)程序状态(PS17_转接拨号中)
2016-09-13 11:05:00,057 [1] INFO  Holly--[18628] [(null)] - [@@@厂家消息通知@@@]OnMessage ：厂家状态(CurStatus：9；CurStatusName：转接中；)厂家消息(录音停止：ContactID=20160913110444234_1_441_UIP-BAK,ANI=18610633045,DNIS=1006,FileName=/var/spool/hollyRecord/2016/09/36997/36997_20160913110503796.mp3,TimeLen=7670,ResonCode=78,ResonDesc=_??? (78))程序状态(PS17_转接拨号中)
2016-09-13 11:05:00,058 [1] INFO  Holly--[18628] [(null)] - [@@@厂家消息通知@@@]OnMessage ：厂家状态(CurStatus：9；CurStatusName：转接中；)厂家消息(话路被挂断：ContactID=20160913110444234_1_441_UIP-BAK,CurrStatus=21,LastStatus=31,OtherParty=0000,ResonCode=27,ResonDesc=ActTpTransferred)程序状态(PS17_转接拨号中)
2016-09-13 11:05:00,059 [1] INFO  Holly--[18628] [(null)] - [事件][OnHangup] 挂断事件 ：转IVR挂机-呼入_分配接入 监控：非监控
2016-09-13 11:05:00,059 [1] INFO  Holly--[18628] [(null)] - [事件][OnHangup] 挂断
2016-09-13 11:05:00,060 [1] INFO  Holly--[18628] [(null)] - [@@@厂家消息通知@@@]OnMessage ：厂家状态(CurStatus：9；CurStatusName：转接中；)厂家消息(话路被挂断：ContactID=20160913110444234_1_441_UIP-BAK,CurrStatus=21,LastStatus=21,OtherParty=0000,ResonCode=16,ResonDesc=ActTpDisconnected)程序状态(PS17_转接拨号中)
2016-09-13 11:05:00,082 [1] INFO  Holly--[18628] [(null)] - [======Common======] GetCurrentTime ：获取当前服务器时间：CC系统服务器时间：2016-09-13 11:03:51.628，客户端时间：2016-09-13 11:05:00.082，（现有）计算时间差(毫秒)：-68454.1844
2016-09-13 11:05:00,082 [1] INFO  Holly--[18628] [(null)] - [HollyContactHelper] 获取厂家信息 ==厂家ID->20160913110444234_1_441_UIP-BAK
2016-09-13 11:05:00,082 [1] INFO  Holly--[18628] [(null)] - [HollyContactHelper] 获取厂家信息 ==厂家ID->20160913110444234_1_441_UIP-BAK
2016-09-13 11:05:00,083 [1] INFO  Holly--[18628] [(null)] - [HollyContactHelper] 普通进行 == 主叫号码->18610633045
2016-09-13 11:05:00,083 [1] INFO  Holly--[18628] [(null)] - [HollyContactHelper] 获取厂家信息 ==主叫号码->18610633045
2016-09-13 11:05:00,083 [1] INFO  Holly--[18628] [(null)] - [HollyContactHelper] >>>> HaoMaProcess 处理前>>>> 18610633045
2016-09-13 11:05:00,083 [1] INFO  Holly--[18628] [(null)] - [HollyContactHelper] >>>> HaoMaProcess 处理后>>>> 18610633045
2016-09-13 11:05:00,083 [1] INFO  Holly--[18628] [(null)] - [HollyContactHelper] 获取厂家信息 ==被叫号码->36997
2016-09-13 11:05:00,083 [1] INFO  Holly--[18628] [(null)] - [HollyContactHelper] 获取厂家信息 ==落地号码->02987237722
2016-09-13 11:05:00,083 [1] INFO  Holly--[18628] [(null)] - [==BusinessProcess=] >>>> PhoneNumAndAni >>>> 18610633045->36997
2016-09-13 11:05:00,083 [1] INFO  Holly--[18628] [(null)] - [==BusinessProcess=] >>>> SwitchINNum >>>> 02987237722
2016-09-13 11:05:00,083 [1] INFO  Holly--[18628] [(null)] - [==BusinessProcess=] >>>> SkillGroup >>>> CS01
2016-09-13 11:05:00,084 [1] INFO  Holly--[18628] [(null)] - [==BusinessProcess=] >>>> AgentReleaseTime >>>> 2016-9-13 11:03:51
2016-09-13 11:05:00,084 [1] INFO  Holly--[18628] [(null)] - [==BusinessProcess=] >>>> AfterWorkBeginTime >>>> 2016-9-13 11:03:51
2016-09-13 11:05:00,084 [1] INFO  Holly--[18628] [(null)] - [==BusinessProcess=] >>>> AudioURL >>>> http://192.168.112.208/var/spool/hollyRecord/2016/09/36997/36997_20160913110503796.mp3
2016-09-13 11:05:00,084 [1] INFO  Holly--[18628] [(null)] - [==BusinessProcess=] >>>> TallTime >>>> 7.8164471
2016-09-13 11:05:00,121 [1] INFO  Holly--[18628] [(null)] - [CallRecordHelper][InsertCallRecordNew] 成功
2016-09-13 11:05:00,131 [1] INFO  Holly--[18628] [(null)] - [Main][ActionEvent] 添加监控事件 >>退出话后时执行-更新话后信息 ID=3 总事件数=1
2016-09-13 11:05:00,131 [1] INFO  Holly--[18628] [(null)] - [HollyContactHelper] 获取厂家信息 ==落地号码->02987237722
2016-09-13 11:05:00,131 [1] INFO  Holly--[18628] [(null)] - [HollyContactHelper] 获取厂家信息 ==厂家ID->20160913110444234_1_441_UIP-BAK
2016-09-13 11:05:00,132 [1] INFO  Holly--[18628] [(null)] - [==BusinessProcess=] InitUserEventData Released-369971473735820657-C1_呼入-2016-9-13 11:03:51
2016-09-13 11:05:00,132 [1] INFO  Holly--[18628] [(null)] - [MainJs] [SendToWeb] 发送网页消息：0 次数，指定页面ID：WebPage00004
2016-09-13 11:05:00,132 [1] INFO  Holly--[18628] [(null)] - [MainUI] [SendMesToWeb] 获取到了当前指定webPageID的页面：WebPage00004
2016-09-13 11:05:00,137 [1] INFO  Holly--[18628] [(null)] - [MainJs] [SendMesToWeb] CTIEventMsg msg：UserEvent=Released&UserName=36997&CalledNum=36997&CallerNum=18610633045&CallID=369971473735820657&UserChoice=CS01&CallType=1&MediaType=-2&CallState=-2&CurrentDate=2016-09-13%2011%3A03%3A51&SYS_DNIS=02987237722&RecordID=20160913110444234_1_441_UIP-BAK&RecordIDURL=http://192.168.112.208/var/spool/hollyRecord/2016/09/36997/36997_20160913110503796.mp3&IsEstablished=True&EstablishedStartTime=2016-09-13%2011%3A03%3A43&TaskID=&TaskType=&outBoundType=-2
2016-09-13 11:05:00,137 [1] INFO  Holly--[18628] [(null)] - [MainJs] [CurrentOutBoundTabPageName] 挂断清空
2016-09-13 11:05:00,138 [1] INFO  Holly--[18628] [(null)] - [@@@厂家消息通知@@@]OnMessage ：厂家状态(CurStatus：15；CurStatusName：工作整理；)厂家消息(状态改变：转接中-->工作整理)程序状态(PS06_话后)
2016-09-13 11:05:00,138 [1] INFO  Holly--[18628] [(null)] - [>>>厂家状态变化<<<]OnStatusChange ：PS17_转接拨号中(9) -> PS06_话后(15)
2016-09-13 11:05:00,138 [1] INFO  Holly--[18628] [(null)] - [事件][AxUniSoftPhone_OnStatusChange] 状态变化事件
2016-09-13 11:05:00,138 [1] INFO  Holly--[18628] [(null)] - [Main][SetMainStatus]设置状态：PS06_话后
2016-09-13 11:05:00,138 [3] INFO  Holly--[18628] [(null)] - [Main][UpdatAgentDB] 更新客服状态表AS5_话后
2016-09-13 11:05:00,138 [3] INFO  Holly--[18628] [(null)] - [======Common======] GetCurrentTime ：获取当前服务器时间：CC系统服务器时间：2016-09-13 11:03:51.684，客户端时间：2016-09-13 11:05:00.138，（现有）计算时间差(毫秒)：-68454.1844
2016-09-13 11:05:00,140 [3] INFO  Holly--[18628] [(null)] - [Main][UpdatAgentDB] 更新上一个状态的结束时间 PreOid....IS:19,结束时间为：2016-9-13 11:03:51
2016-09-13 11:05:00,141 [1] INFO  Holly--[18628] [(null)] - [HollyContactHelper] 普通进行 == 主叫号码->18610633045
2016-09-13 11:05:00,142 [1] INFO  Holly--[18628] [(null)] - [HollyContactHelper] 获取厂家信息 ==主叫号码->18610633045
2016-09-13 11:05:00,142 [1] INFO  Holly--[18628] [(null)] - [HollyContactHelper] >>>> HaoMaProcess 处理前>>>> 18610633045
2016-09-13 11:05:00,142 [1] INFO  Holly--[18628] [(null)] - [HollyContactHelper] >>>> HaoMaProcess 处理后>>>> 18610633045
2016-09-13 11:05:00,142 [1] INFO  Holly--[18628] [(null)] - [HollyContactHelper] 获取厂家信息 ==被叫号码->36997
2016-09-13 11:05:00,142 [1] INFO  Holly--[18628] [(null)] - [HollyContactHelper] 获取厂家信息 ==落地号码->02987237722
2016-09-13 11:05:00,152 [3] INFO  Holly--[18628] [(null)] - [Main][UpdatAgentDB] 插入新的状态 PreOid....IS:20
2016-09-13 11:05:00,162 [1] INFO  Holly--[18628] [(null)] - [@@@厂家消息通知@@@]OnMessage ：厂家状态(CurStatus：15；CurStatusName：工作整理；)厂家消息(整理工作开始。)程序状态(PS06_话后)
2016-09-13 11:05:47,076 [1] INFO  Holly--[18628] [(null)] - [***MDBFileHelper***][AdditionalRecording] 补录数据
2016-09-13 11:05:56,842 [1] INFO  Holly--[18628] [(null)] - [客户端推送日志信息] 开始
2016-09-13 11:05:56,852 [1] INFO  Holly--[18628] [(null)] - [客户端推送日志信息] 获取到请求数：0
2016-09-13 11:05:59,931 [1] INFO  Holly--[18628] [(null)] - [HollyContactHelper]用户操作==置闲->True
2016-09-13 11:06:00,159 [1] INFO  Holly--[18628] [(null)] - [@@@厂家消息通知@@@]OnMessage ：厂家状态(CurStatus：1；CurStatusName：空闲；)厂家消息(状态改变：工作整理-->空闲)程序状态(PS03_置闲)
2016-09-13 11:06:00,159 [1] INFO  Holly--[18628] [(null)] - [>>>厂家状态变化<<<]OnStatusChange ：PS06_话后(15) -> PS03_置闲(1)
2016-09-13 11:06:00,159 [1] INFO  Holly--[18628] [(null)] - [事件][AxUniSoftPhone_OnStatusChange] 状态变化事件
2016-09-13 11:06:00,159 [1] INFO  Holly--[18628] [(null)] - [==BusinessProcess=][UpdateCallRecordAfterTime] 呼入时退出话后更新话后信息
2016-09-13 11:06:00,159 [1] INFO  Holly--[18628] [(null)] - [======Common======] GetCurrentTime ：获取当前服务器时间：CC系统服务器时间：2016-09-13 11:04:51.705，客户端时间：2016-09-13 11:06:00.159，（现有）计算时间差(毫秒)：-68454.1844
2016-09-13 11:06:00,159 [1] INFO  Holly--[18628] [(null)] - [==BusinessProcess=] >>>> AfterWorkTime >>>> 2016-9-13 11:04:51-60.0764362秒
2016-09-13 11:06:00,159 [13] INFO  Holly--[18628] [(null)] - [Main][UpdatAgentDB] 更新客服状态表AS3_置闲
2016-09-13 11:06:00,159 [13] INFO  Holly--[18628] [(null)] - [======Common======] GetCurrentTime ：获取当前服务器时间：CC系统服务器时间：2016-09-13 11:04:51.705，客户端时间：2016-09-13 11:06:00.159，（现有）计算时间差(毫秒)：-68454.1844
2016-09-13 11:06:00,161 [13] INFO  Holly--[18628] [(null)] - [Main][UpdatAgentDB] 更新上一个状态的结束时间 PreOid....IS:20,结束时间为：2016-9-13 11:04:51
2016-09-13 11:06:00,175 [13] INFO  Holly--[18628] [(null)] - [Main][UpdatAgentDB] 插入新的状态 PreOid....IS:21
2016-09-13 11:06:00,184 [1] INFO  Holly--[18628] [(null)] - [CallRecordHelper][InsertCallRecordNew] 成功
2016-09-13 11:06:00,192 [1] INFO  Holly--[18628] [(null)] - [==BusinessProcess=][UpdateCallRecordAfterTime] 更新话后信息 True
2016-09-13 11:06:00,192 [1] INFO  Holly--[18628] [(null)] - [Main][ActionEvent] 触发监控事件 >>退出话后时执行-更新话后信息已完成 ID=3总事件数=0
2016-09-13 11:06:00,192 [1] INFO  Holly--[18628] [(null)] - [Main][SetMainStatus]设置状态：PS03_置闲
2016-09-13 11:06:00,197 [1] INFO  Holly--[18628] [(null)] - [HollyContactHelper] 获取厂家信息 ==落地号码->
2016-09-13 11:06:00,198 [1] INFO  Holly--[18628] [(null)] - [@@@厂家消息通知@@@]OnMessage ：厂家状态(CurStatus：1；CurStatusName：空闲；)厂家消息(示闲成功。)程序状态(PS03_置闲)
2016-09-13 11:06:56,870 [1] INFO  Holly--[18628] [(null)] - [客户端推送日志信息] 开始
2016-09-13 11:06:56,921 [1] INFO  Holly--[18628] [(null)] - [客户端推送日志信息] 获取到请求数：0
2016-09-13 11:07:56,931 [1] INFO  Holly--[18628] [(null)] - [客户端推送日志信息] 开始
2016-09-13 11:07:56,981 [1] INFO  Holly--[18628] [(null)] - [客户端推送日志信息] 获取到请求数：0
2016-09-13 11:08:47,130 [1] INFO  Holly--[18628] [(null)] - [***MDBFileHelper***][AdditionalRecording] 补录数据
2016-09-13 11:08:56,991 [1] INFO  Holly--[18628] [(null)] - [客户端推送日志信息] 开始
2016-09-13 11:08:57,043 [1] INFO  Holly--[18628] [(null)] - [客户端推送日志信息] 获取到请求数：0
2016-09-13 11:09:46,164 [1] INFO  Holly--[18628] [(null)] - [======Common======] GetCurrentTime ：获取当前服务器时间：CC系统服务器时间：2016-09-13 11:08:37.710，客户端时间：2016-09-13 11:09:46.164，（现有）计算时间差(毫秒)：-68454.1844
2016-09-13 11:09:46,164 [1] INFO  Holly--[18628] [(null)] - [Main]timer_LoginTime_Tick LoginOnOid=2
2016-09-13 11:09:57,050 [1] INFO  Holly--[18628] [(null)] - [客户端推送日志信息] 开始
2016-09-13 11:09:57,100 [1] INFO  Holly--[18628] [(null)] - [客户端推送日志信息] 获取到请求数：0
2016-09-13 11:10:57,110 [1] INFO  Holly--[18628] [(null)] - [客户端推送日志信息] 开始
2016-09-13 11:10:57,163 [1] INFO  Holly--[18628] [(null)] - [客户端推送日志信息] 获取到请求数：0
2016-09-13 11:11:47,192 [1] INFO  Holly--[18628] [(null)] - [***MDBFileHelper***][AdditionalRecording] 补录数据
2016-09-13 11:11:57,170 [1] INFO  Holly--[18628] [(null)] - [客户端推送日志信息] 开始
2016-09-13 11:11:57,221 [1] INFO  Holly--[18628] [(null)] - [客户端推送日志信息] 获取到请求数：0
2016-09-13 11:12:57,233 [1] INFO  Holly--[18628] [(null)] - [客户端推送日志信息] 开始
2016-09-13 11:12:57,283 [1] INFO  Holly--[18628] [(null)] - [客户端推送日志信息] 获取到请求数：0
2016-09-13 11:13:57,292 [1] INFO  Holly--[18628] [(null)] - [客户端推送日志信息] 开始
2016-09-13 11:13:57,343 [1] INFO  Holly--[18628] [(null)] - [客户端推送日志信息] 获取到请求数：0
2016-09-13 11:14:46,216 [1] INFO  Holly--[18628] [(null)] - [======Common======] GetCurrentTime ：获取当前服务器时间：CC系统服务器时间：2016-09-13 11:13:37.762，客户端时间：2016-09-13 11:14:46.216，（现有）计算时间差(毫秒)：-68454.1844
2016-09-13 11:14:46,216 [1] INFO  Holly--[18628] [(null)] - [Main]timer_LoginTime_Tick LoginOnOid=2
2016-09-13 11:14:47,248 [1] INFO  Holly--[18628] [(null)] - [***MDBFileHelper***][AdditionalRecording] 补录数据
2016-09-13 11:14:57,354 [1] INFO  Holly--[18628] [(null)] - [客户端推送日志信息] 开始
2016-09-13 11:14:57,364 [1] INFO  Holly--[18628] [(null)] - [客户端推送日志信息] 获取到请求数：0
2016-09-13 11:15:51,660 [1] INFO  Holly--[18628] [(null)] - [登录登出模块] ExitLogin() Begin...
2016-09-13 11:15:51,720 [1] INFO  Holly--[18628] [(null)] - [======Common======] GetCurrentTime ：获取当前服务器时间：CC系统服务器时间：2016-09-13 11:14:43.265，客户端时间：2016-09-13 11:15:51.720，（现有）计算时间差(毫秒)：-68454.1844
2016-09-13 11:15:51,728 [1] INFO  Holly--[18628] [(null)] - [登录登出模块]DeleteAgentStateToDB...客服退出时 LoginOnOid....IS:2
2016-09-13 11:15:51,728 [1] INFO  Holly--[18628] [(null)] - [登录登出模块]DeleteAgentStateToDB...客服退出时 GetCurrentTime()....IS:2016-09-13 11:14:43
2016-09-13 11:15:51,729 [1] INFO  Holly--[18628] [(null)] - [登录登出模块]DeleteAgentStateToDB...退出成功....
2016-09-13 11:15:51,760 [1] INFO  Holly--[18628] [(null)] - [HollyContactHelper]用户操作==签出->True
2016-09-13 11:15:51,760 [1] INFO  Holly--[18628] [(null)] - [======Common======] GetCurrentTime ：获取当前服务器时间：CC系统服务器时间：2016-09-13 11:14:43.305，客户端时间：2016-09-13 11:15:51.760，（现有）计算时间差(毫秒)：-68454.1844
2016-09-13 11:15:51,762 [1] INFO  Holly--[18628] [(null)] - [Main] 更新上一个状态的结束时间 PreOid....IS:21
2016-09-13 11:15:53,093 [1] INFO  Holly--[18628] [(null)] - [HollyContactHelper]用户操作==卸载->True
2016-09-13 11:15:53,094 [1] INFO  Holly--[18628] [(null)] - [登录登出模块] ExitLogin() End.
