2016-09-07 16:02:09,430 [1] INFO  Holly--[14852] [(null)] - [登录窗口]btnLogin_Click Begin...
2016-09-07 16:02:09,519 [1] INFO  Holly--[14852] [(null)] - [HollyContactHelper]ModifySoftphoneINIByDN――根据DN36997,选择的SIPServerIP为：192.168.112.200
2016-09-07 16:02:10,278 [1] INFO  Holly--[14852] [(null)] - [HollyContactHelper]用户操作==装载及初始化->True
2016-09-07 16:02:10,278 [1] INFO  Holly--[14852] [(null)] - [登录窗口]btnLogin_Click： 异步加载，回调事件中继续登录
2016-09-07 16:02:10,278 [1] INFO  Holly--[14852] [(null)] - [登录窗口]btnLogin_Click End
2016-09-07 16:02:10,327 [1] INFO  Holly--[14852] [(null)] - [@@@厂家消息通知@@@]OnMessage ：厂家状态(CurStatus：0；CurStatusName：准备就绪状态；)厂家消息(服务器已上线:UserName=AgentUser,UserGOR=3997697)程序状态(PS01_就绪)
2016-09-07 16:02:10,349 [1] INFO  Holly--[14852] [(null)] - [@@@厂家消息通知@@@]OnMessage ：厂家状态(CurStatus：0；CurStatusName：准备就绪状态；)厂家消息(服务器已上线:UserName=LSUser,UserGOR=65537)程序状态(PS01_就绪)
2016-09-07 16:02:10,401 [1] INFO  Holly--[14852] [(null)] - [@@@厂家消息通知@@@]OnMessage ：厂家状态(CurStatus：0；CurStatusName：准备就绪状态；)厂家消息(服务器已上线:UserName=ASUser,UserGOR=1310721)程序状态(PS01_就绪)
2016-09-07 16:02:10,402 [1] INFO  Holly--[14852] [(null)] - [@@@厂家消息通知@@@]OnMessage ：厂家状态(CurStatus：0；CurStatusName：准备就绪状态；)厂家消息(服务器已上线:UserName=EDSUser,UserGOR=1966081)程序状态(PS01_就绪)
2016-09-07 16:02:10,402 [1] INFO  Holly--[14852] [(null)] - [@@@厂家消息通知@@@]OnMessage ：厂家状态(CurStatus：0；CurStatusName：准备就绪状态；)厂家消息(服务器已上线:UserName=StatEvent,UserGOR=851969)程序状态(PS01_就绪)
2016-09-07 16:02:10,403 [1] INFO  Holly--[14852] [(null)] - [@@@厂家消息通知@@@]OnMessage ：厂家状态(CurStatus：0；CurStatusName：准备就绪状态；)厂家消息(服务器已上线:UserName=StatUser,UserGOR=851970)程序状态(PS01_就绪)
2016-09-07 16:02:10,403 [1] INFO  Holly--[14852] [(null)] - 当前调用Load函数，返回的服务器信息条数为：6
2016-09-07 16:02:10,449 [1] INFO  Holly--[14852] [(null)] - [登录登出模块] Login ( masj, *** , 36997 ) 
2016-09-07 16:02:10,450 [1] INFO  Holly--[14852] [(null)] - [登录登出模块] DomainAccountLogin(masj, pwd) begin...
2016-09-07 16:02:10,659 [1] INFO  Holly--[14852] [(null)] - [登录登出模块] DomainAccountLogin(masj, pwd) end.return BitAuto.Services.Organization.Remoting.Employee
2016-09-07 16:02:14,428 [1] INFO  Holly--[14852] [(null)] - [登录登出模块] InitLoginUser() Begin...
2016-09-07 16:03:03,062 [1] INFO  Holly--[14852] [(null)] - [登录登出模块] InitLoginUser() 客服登录...AgentID is:10658,AgentNum is:13001,GroupName is:惠买车支持部（IM）,OutNum is:97
2016-09-07 16:03:03,062 [1] INFO  Holly--[14852] [(null)] - [登录登出模块] InitLoginUser() End...
2016-09-07 16:03:03,590 [1] INFO  Holly--[14852] [(null)] - [HollyContactHelper]用户操作==添加技能组->1099 3
2016-09-07 16:03:03,590 [1] INFO  Holly--[14852] [(null)] - [HollyContactHelper]用户操作==添加技能组->1094 3
2016-09-07 16:03:03,590 [1] INFO  Holly--[14852] [(null)] - [HollyContactHelper]用户操作==添加技能组->1096 3
2016-09-07 16:03:03,620 [1] INFO  Holly--[14852] [(null)] - [HollyContactHelper]用户操作==签入->True
2016-09-07 16:03:03,633 [1] INFO  Holly--[14852] [(null)] - [======Common======] GetCurrentTime ：获取当前服务器时间：CC系统服务器时间：2016-09-07 16:03:03.628，客户端时间：2016-09-07 16:03:03.633，（生成）计算时间差(毫秒)：-5.0003
2016-09-07 16:03:03,686 [1] INFO  Holly--[14852] [(null)] - [登录登出模块] InsertAgentState()更新退出时间....norecord
2016-09-07 16:03:03,702 [1] INFO  Holly--[14852] [(null)] - [登录登出模块] InsertAgentState()登录状态LoginOnOid....is:79
2016-09-07 16:03:03,702 [1] INFO  Holly--[14852] [(null)] - [登录登出模块] Login(masj, pwd, 36997) End.
2016-09-07 16:03:04,914 [1] INFO  Holly--[14852] [(null)] - [InitMainForm] 开始验证监控权限
2016-09-07 16:03:05,070 [1] INFO  Holly--[14852] [(null)] - [InitMainForm] 有 监控权限
2016-09-07 16:02:41,012 [1] INFO  Holly--[14852] [(null)] - [@@@厂家消息通知@@@]OnMessage ：厂家状态(CurStatus：0；CurStatusName：准备就绪状态；)厂家消息(座席签入成功)程序状态(PS01_就绪)
2016-09-07 16:02:41,042 [1] INFO  Holly--[14852] [(null)] - [事件][OnSignInSuccess] 签入成功事件
2016-09-07 16:02:41,042 [1] INFO  Holly--[14852] [(null)] - [======Common======] GetCurrentTime ：获取当前服务器时间：CC系统服务器时间：2016-09-07 16:02:41.037，客户端时间：2016-09-07 16:02:41.042，（现有）计算时间差(毫秒)：-5.0003
2016-09-07 16:02:41,062 [1] INFO  Holly--[14852] [(null)] - [登录登出模块] InsertAgentState()更新退出时间....initmsg
2016-09-07 16:02:41,073 [1] INFO  Holly--[14852] [(null)] - [登录登出模块] InsertAgentState()登录状态LoginOnOid....is:80
2016-09-07 16:02:41,075 [1] INFO  Holly--[14852] [(null)] - [@@@厂家消息通知@@@]OnMessage ：厂家状态(CurStatus：2；CurStatusName：置忙；)厂家消息(状态改变：准备就绪状态-->置忙)程序状态(PS04_置忙)
2016-09-07 16:02:41,078 [1] INFO  Holly--[14852] [(null)] - [>>>厂家状态变化<<<]OnStatusChange ：PS01_就绪(0) -> PS04_置忙(2)
2016-09-07 16:02:41,106 [1] INFO  Holly--[14852] [(null)] - [HollyContactHelper]用户操作==置闲->True
2016-09-07 16:02:41,440 [1] INFO  Holly--[14852] [(null)] - [HollyContactHelper]用户操作==休息(BS0_自动)->True
2016-09-07 16:02:41,441 [1] INFO  Holly--[14852] [(null)] - [事件][AxUniSoftPhone_OnStatusChange] 状态变化事件
2016-09-07 16:02:41,443 [3] INFO  Holly--[14852] [(null)] - [Main][UpdatAgentDB] 更新客服状态表AS4_置忙
2016-09-07 16:02:41,443 [3] INFO  Holly--[14852] [(null)] - [======Common======] GetCurrentTime ：获取当前服务器时间：CC系统服务器时间：2016-09-07 16:02:41.438，客户端时间：2016-09-07 16:02:41.443，（现有）计算时间差(毫秒)：-5.0003
2016-09-07 16:02:41,444 [1] INFO  Holly--[14852] [(null)] - [Main][SetMainStatus]设置状态：PS04_置忙(BS0_自动)
2016-09-07 16:02:41,461 [3] INFO  Holly--[14852] [(null)] - [Main][UpdatAgentDB] 插入CAgent表
2016-09-07 16:02:41,467 [1] INFO  Holly--[14852] [(null)] - [@@@厂家消息通知@@@]OnMessage ：厂家状态(CurStatus：1；CurStatusName：空闲；)厂家消息(状态改变：置忙-->空闲)程序状态(PS03_置闲)
2016-09-07 16:02:41,467 [1] INFO  Holly--[14852] [(null)] - [>>>厂家状态变化<<<]OnStatusChange ：PS04_置忙(2) -> PS03_置闲(1)
2016-09-07 16:02:41,467 [1] INFO  Holly--[14852] [(null)] - [事件][AxUniSoftPhone_OnStatusChange] 状态变化事件
2016-09-07 16:02:41,468 [1] INFO  Holly--[14852] [(null)] - [Main][SetMainStatus]设置状态：PS03_置闲
2016-09-07 16:02:41,471 [11] INFO  Holly--[14852] [(null)] - [Main][UpdatAgentDB] 更新客服状态表AS3_置闲
2016-09-07 16:02:41,471 [11] INFO  Holly--[14852] [(null)] - [======Common======] GetCurrentTime ：获取当前服务器时间：CC系统服务器时间：2016-09-07 16:02:41.466，客户端时间：2016-09-07 16:02:41.471，（现有）计算时间差(毫秒)：-5.0003
2016-09-07 16:02:41,472 [1] INFO  Holly--[14852] [(null)] - [@@@厂家消息通知@@@]OnMessage ：厂家状态(CurStatus：16；CurStatusName：休息；)厂家消息(状态改变：空闲-->休息)程序状态(PS05_休息)
2016-09-07 16:02:41,472 [1] INFO  Holly--[14852] [(null)] - [>>>厂家状态变化<<<]OnStatusChange ：PS03_置闲(1) -> PS05_休息(16)
2016-09-07 16:02:41,473 [1] INFO  Holly--[14852] [(null)] - [事件][AxUniSoftPhone_OnStatusChange] 状态变化事件
2016-09-07 16:02:41,473 [11] INFO  Holly--[14852] [(null)] - [Main][UpdatAgentDB] 插入CAgent表
2016-09-07 16:02:41,473 [1] INFO  Holly--[14852] [(null)] - [Main][SetMainStatus]设置状态：PS05_休息
2016-09-07 16:02:41,475 [12] INFO  Holly--[14852] [(null)] - [Main][UpdatAgentDB] 更新客服状态表AS4_置忙
2016-09-07 16:02:41,476 [12] INFO  Holly--[14852] [(null)] - [======Common======] GetCurrentTime ：获取当前服务器时间：CC系统服务器时间：2016-09-07 16:02:41.471，客户端时间：2016-09-07 16:02:41.476，（现有）计算时间差(毫秒)：-5.0003
2016-09-07 16:02:41,479 [3] INFO  Holly--[14852] [(null)] - [Main][UpdatAgentDB] 插入新的状态 PreOid....IS:81
2016-09-07 16:02:41,484 [11] INFO  Holly--[14852] [(null)] - [Main][UpdatAgentDB] 插入新的状态 PreOid....IS:82
2016-09-07 16:02:41,490 [12] INFO  Holly--[14852] [(null)] - [Main][UpdatAgentDB] 插入CAgent表
2016-09-07 16:02:41,497 [12] INFO  Holly--[14852] [(null)] - [Main][UpdatAgentDB] 插入新的状态 PreOid....IS:83
2016-09-07 16:02:41,595 [1] INFO  Holly--[14852] [(null)] - [HollyContactHelper] 获取厂家信息 ==落地号码->
2016-09-07 16:02:41,597 [1] INFO  Holly--[14852] [(null)] - [@@@厂家消息通知@@@]OnMessage ：厂家状态(CurStatus：16；CurStatusName：休息；)厂家消息(休息开始。)程序状态(PS05_休息)
2016-09-07 16:02:41,601 [1] INFO  Holly--[14852] [(null)] - [HollyContactHelper] 获取厂家信息 ==落地号码->
2016-09-07 16:02:41,602 [1] INFO  Holly--[14852] [(null)] - [@@@厂家消息通知@@@]OnMessage ：厂家状态(CurStatus：16；CurStatusName：休息；)厂家消息(示闲成功。)程序状态(PS05_休息)
2016-09-07 16:02:41,608 [1] INFO  Holly--[14852] [(null)] - [HollyContactHelper] 获取厂家信息 ==落地号码->
2016-09-07 16:02:41,609 [1] INFO  Holly--[14852] [(null)] - [@@@厂家消息通知@@@]OnMessage ：厂家状态(CurStatus：16；CurStatusName：休息；)厂家消息(签入成功。)程序状态(PS05_休息)
2016-09-07 16:02:55,054 [1] INFO  Holly--[14852] [(null)] - [MainJs] [SendToWeb] 发送网页消息：0 次数，指定页面ID：WebPage00001
2016-09-07 16:02:55,057 [1] INFO  Holly--[14852] [(null)] - [MainUI] [SendMesToWeb] 获取到了当前指定webPageID的页面：WebPage00001
2016-09-07 16:02:55,059 [1] INFO  Holly--[14852] [(null)] - [MainJs] [SendMesToWeb] CTIEventMsg msg：UserEvent=Notice&Action=SaveWindowsName&Data=WebPage00001&outBoundType=-2
2016-09-07 16:03:40,428 [1] INFO  Holly--[14852] [(null)] - [客户端推送日志信息] 开始
2016-09-07 16:03:42,287 [1] INFO  Holly--[14852] [(null)] - [客户端推送日志信息] 获取到请求数：0
2016-09-07 16:04:42,304 [1] INFO  Holly--[14852] [(null)] - [客户端推送日志信息] 开始
2016-09-07 16:04:42,353 [1] INFO  Holly--[14852] [(null)] - [客户端推送日志信息] 获取到请求数：0
2016-09-07 16:04:54,791 [1] INFO  Holly--[14852] [(null)] - [Main] 点击按钮==置闲
2016-09-07 16:04:54,819 [1] INFO  Holly--[14852] [(null)] - [HollyContactHelper]用户操作==结束休息->True
2016-09-07 16:04:55,048 [1] INFO  Holly--[14852] [(null)] - [@@@厂家消息通知@@@]OnMessage ：厂家状态(CurStatus：1；CurStatusName：空闲；)厂家消息(状态改变：休息-->空闲)程序状态(PS03_置闲)
2016-09-07 16:04:55,049 [1] INFO  Holly--[14852] [(null)] - [>>>厂家状态变化<<<]OnStatusChange ：PS05_休息(16) -> PS03_置闲(1)
2016-09-07 16:04:55,049 [1] INFO  Holly--[14852] [(null)] - [事件][AxUniSoftPhone_OnStatusChange] 状态变化事件
2016-09-07 16:04:55,049 [1] INFO  Holly--[14852] [(null)] - [Main][SetMainStatus]设置状态：PS03_置闲
2016-09-07 16:04:55,049 [12] INFO  Holly--[14852] [(null)] - [Main][UpdatAgentDB] 更新客服状态表AS3_置闲
2016-09-07 16:04:55,088 [1] INFO  Holly--[14852] [(null)] - [HollyContactHelper] 获取厂家信息 ==落地号码->
2016-09-07 16:04:55,089 [1] INFO  Holly--[14852] [(null)] - [@@@厂家消息通知@@@]OnMessage ：厂家状态(CurStatus：1；CurStatusName：空闲；)厂家消息(休息结束。)程序状态(PS03_置闲)
2016-09-07 16:04:55,096 [12] INFO  Holly--[14852] [(null)] - [======Common======] GetCurrentTime ：获取当前服务器时间：CC系统服务器时间：2016-09-07 16:04:55.094，客户端时间：2016-09-07 16:04:55.096，（生成）计算时间差(毫秒)：-2.0002
2016-09-07 16:04:55,108 [12] INFO  Holly--[14852] [(null)] - [Main][UpdatAgentDB] 更新上一个状态的结束时间 PreOid....IS:83,结束时间为：2016-9-7 16:04:55
2016-09-07 16:04:55,119 [12] INFO  Holly--[14852] [(null)] - [Main][UpdatAgentDB] 插入新的状态 PreOid....IS:84
2016-09-07 16:05:40,276 [1] INFO  Holly--[14852] [(null)] - [***MDBFileHelper***][AdditionalRecording] 补录数据
2016-09-07 16:05:42,365 [1] INFO  Holly--[14852] [(null)] - [客户端推送日志信息] 开始
2016-09-07 16:05:42,416 [1] INFO  Holly--[14852] [(null)] - [客户端推送日志信息] 获取到请求数：0
2016-09-07 16:06:42,423 [1] INFO  Holly--[14852] [(null)] - [客户端推送日志信息] 开始
2016-09-07 16:06:42,474 [1] INFO  Holly--[14852] [(null)] - [客户端推送日志信息] 获取到请求数：0
2016-09-07 16:07:40,223 [1] INFO  Holly--[14852] [(null)] - [======Common======] GetCurrentTime ：获取当前服务器时间：CC系统服务器时间：2016-09-07 16:07:40.221，客户端时间：2016-09-07 16:07:40.223，（现有）计算时间差(毫秒)：-2.0002
2016-09-07 16:07:40,224 [1] INFO  Holly--[14852] [(null)] - [Main]timer_LoginTime_Tick LoginOnOid=80
2016-09-07 16:07:42,485 [1] INFO  Holly--[14852] [(null)] - [客户端推送日志信息] 开始
2016-09-07 16:07:42,534 [1] INFO  Holly--[14852] [(null)] - [客户端推送日志信息] 获取到请求数：0
2016-09-07 16:08:41,111 [1] INFO  Holly--[14852] [(null)] - [***MDBFileHelper***][AdditionalRecording] 补录数据
2016-09-07 16:08:42,545 [1] INFO  Holly--[14852] [(null)] - [客户端推送日志信息] 开始
2016-09-07 16:08:42,553 [1] INFO  Holly--[14852] [(null)] - [客户端推送日志信息] 获取到请求数：0
2016-09-07 16:09:42,560 [1] INFO  Holly--[14852] [(null)] - [客户端推送日志信息] 开始
2016-09-07 16:09:42,569 [1] INFO  Holly--[14852] [(null)] - [客户端推送日志信息] 获取到请求数：0
2016-09-07 16:10:42,572 [1] INFO  Holly--[14852] [(null)] - [客户端推送日志信息] 开始
2016-09-07 16:10:42,581 [1] INFO  Holly--[14852] [(null)] - [客户端推送日志信息] 获取到请求数：0
2016-09-07 16:11:41,169 [1] INFO  Holly--[14852] [(null)] - [***MDBFileHelper***][AdditionalRecording] 补录数据
2016-09-07 16:11:42,585 [1] INFO  Holly--[14852] [(null)] - [客户端推送日志信息] 开始
2016-09-07 16:11:42,594 [1] INFO  Holly--[14852] [(null)] - [客户端推送日志信息] 获取到请求数：0
2016-09-07 16:12:40,277 [1] INFO  Holly--[14852] [(null)] - [======Common======] GetCurrentTime ：获取当前服务器时间：CC系统服务器时间：2016-09-07 16:12:40.275，客户端时间：2016-09-07 16:12:40.277，（现有）计算时间差(毫秒)：-2.0002
2016-09-07 16:12:40,277 [1] INFO  Holly--[14852] [(null)] - [Main]timer_LoginTime_Tick LoginOnOid=80
2016-09-07 16:12:42,601 [1] INFO  Holly--[14852] [(null)] - [客户端推送日志信息] 开始
2016-09-07 16:12:42,610 [1] INFO  Holly--[14852] [(null)] - [客户端推送日志信息] 获取到请求数：0
2016-09-07 16:13:42,627 [1] INFO  Holly--[14852] [(null)] - [客户端推送日志信息] 开始
2016-09-07 16:13:42,643 [1] INFO  Holly--[14852] [(null)] - [客户端推送日志信息] 获取到请求数：0
2016-09-07 16:14:41,223 [1] INFO  Holly--[14852] [(null)] - [***MDBFileHelper***][AdditionalRecording] 补录数据
2016-09-07 16:14:42,658 [1] INFO  Holly--[14852] [(null)] - [客户端推送日志信息] 开始
2016-09-07 16:14:42,667 [1] INFO  Holly--[14852] [(null)] - [客户端推送日志信息] 获取到请求数：0
2016-09-07 16:15:42,672 [1] INFO  Holly--[14852] [(null)] - [客户端推送日志信息] 开始
2016-09-07 16:15:42,723 [1] INFO  Holly--[14852] [(null)] - [客户端推送日志信息] 获取到请求数：0
2016-09-07 16:16:42,732 [1] INFO  Holly--[14852] [(null)] - [客户端推送日志信息] 开始
2016-09-07 16:16:42,781 [1] INFO  Holly--[14852] [(null)] - [客户端推送日志信息] 获取到请求数：0
2016-09-07 16:17:40,301 [1] INFO  Holly--[14852] [(null)] - [======Common======] GetCurrentTime ：获取当前服务器时间：CC系统服务器时间：2016-09-07 16:17:40.299，客户端时间：2016-09-07 16:17:40.301，（现有）计算时间差(毫秒)：-2.0002
2016-09-07 16:17:40,301 [1] INFO  Holly--[14852] [(null)] - [Main]timer_LoginTime_Tick LoginOnOid=80
2016-09-07 16:17:41,280 [1] INFO  Holly--[14852] [(null)] - [***MDBFileHelper***][AdditionalRecording] 补录数据
2016-09-07 16:17:42,793 [1] INFO  Holly--[14852] [(null)] - [客户端推送日志信息] 开始
2016-09-07 16:17:42,802 [1] INFO  Holly--[14852] [(null)] - [客户端推送日志信息] 获取到请求数：0
2016-09-07 16:18:01,669 [1] INFO  Holly--[14852] [(null)] - [@@@厂家消息通知@@@]OnMessage ：厂家状态(CurStatus：1；CurStatusName：空闲；)厂家消息(座席被锁定)程序状态(PS03_置闲)
2016-09-07 16:18:01,669 [1] INFO  Holly--[14852] [(null)] - [Main][SetMainStatus]设置状态：PS18_客服被锁定
2016-09-07 16:18:08,340 [1] INFO  Holly--[14852] [(null)] - [@@@厂家消息通知@@@]OnMessage ：厂家状态(CurStatus：3；CurStatusName：震铃；)厂家消息(状态改变：空闲-->震铃)程序状态(PS07_来电振铃)
2016-09-07 16:18:08,340 [1] INFO  Holly--[14852] [(null)] - [>>>厂家状态变化<<<]OnStatusChange ：PS03_置闲(1) -> PS07_来电振铃(3)
2016-09-07 16:18:08,340 [1] INFO  Holly--[14852] [(null)] - [事件][AxUniSoftPhone_OnStatusChange] 状态变化事件
2016-09-07 16:18:08,340 [1] INFO  Holly--[14852] [(null)] - [Main][SetMainStatus]设置状态：PS07_来电振铃
2016-09-07 16:18:08,340 [14] INFO  Holly--[14852] [(null)] - [Main][UpdatAgentDB] 更新客服状态表AS8_振铃
2016-09-07 16:18:08,340 [14] INFO  Holly--[14852] [(null)] - [======Common======] GetCurrentTime ：获取当前服务器时间：CC系统服务器时间：2016-09-07 16:18:08.338，客户端时间：2016-09-07 16:18:08.340，（现有）计算时间差(毫秒)：-2.0002
2016-09-07 16:18:08,345 [14] INFO  Holly--[14852] [(null)] - [Main][UpdatAgentDB] 更新上一个状态的结束时间 PreOid....IS:84,结束时间为：2016-9-7 16:18:08
2016-09-07 16:18:08,347 [1] INFO  Holly--[14852] [(null)] - [@@@厂家消息通知@@@]OnMessage ：厂家状态(CurStatus：3；CurStatusName：震铃；)厂家消息(座席话务处理)程序状态(PS07_来电振铃)
2016-09-07 16:18:08,350 [1] INFO  Holly--[14852] [(null)] - [HollyContactHelper] 普通进行 == 主叫号码->18610633045
2016-09-07 16:18:08,350 [1] INFO  Holly--[14852] [(null)] - [HollyContactHelper] 获取厂家信息 ==主叫号码->18610633045
2016-09-07 16:18:08,350 [1] INFO  Holly--[14852] [(null)] - [HollyContactHelper] >>>> HaoMaProcess 处理前>>>> 18610633045
2016-09-07 16:18:08,353 [1] INFO  Holly--[14852] [(null)] - [HollyContactHelper] >>>> HaoMaProcess 处理后>>>> 18610633045
2016-09-07 16:18:08,355 [1] INFO  Holly--[14852] [(null)] - [HollyContactHelper] 获取厂家信息 ==被叫号码->36997
2016-09-07 16:18:08,356 [1] INFO  Holly--[14852] [(null)] - [HollyContactHelper] 获取厂家信息 ==落地号码->02987237722
2016-09-07 16:18:08,356 [14] INFO  Holly--[14852] [(null)] - [Main][UpdatAgentDB] 插入新的状态 PreOid....IS:90
2016-09-07 16:18:08,382 [1] INFO  Holly--[14852] [(null)] - [事件][OnBelling] 呼入振铃事件 ：呼入_分配接入 监控：非监控
2016-09-07 16:18:08,389 [1] INFO  Holly--[14852] [(null)] - [事件][CustomerInCome_OnBelling] 客服振铃
2016-09-07 16:18:08,389 [1] INFO  Holly--[14852] [(null)] - [======Common======] GetCurrentTime ：获取当前服务器时间：CC系统服务器时间：2016-09-07 16:18:08.387，客户端时间：2016-09-07 16:18:08.389，（现有）计算时间差(毫秒)：-2.0002
2016-09-07 16:18:08,391 [1] INFO  Holly--[14852] [(null)] - [======Common======] GetNewCallID ：生成新CallID时 date：2016-9-7 16:18:08 timestamp：1473236288
2016-09-07 16:18:08,391 [1] INFO  Holly--[14852] [(null)] - [======Common======] GetNewCallID ：生成新CallID：369971473236288273
2016-09-07 16:18:08,392 [1] INFO  Holly--[14852] [(null)] - [HollyContactHelper] 普通进行 == 主叫号码->18610633045
2016-09-07 16:18:08,392 [1] INFO  Holly--[14852] [(null)] - [HollyContactHelper] 获取厂家信息 ==主叫号码->18610633045
2016-09-07 16:18:08,392 [1] INFO  Holly--[14852] [(null)] - [HollyContactHelper] >>>> HaoMaProcess 处理前>>>> 18610633045
2016-09-07 16:18:08,392 [1] INFO  Holly--[14852] [(null)] - [HollyContactHelper] >>>> HaoMaProcess 处理后>>>> 18610633045
2016-09-07 16:18:08,393 [1] INFO  Holly--[14852] [(null)] - [HollyContactHelper] [判断入线类型] == Skill_ID->1094 skillId-> sysAni-> mphone-> Key_IContact_ANI->18610633045 zhujiao->18610633045 beijiao->1006
2016-09-07 16:18:08,393 [1] INFO  Holly--[14852] [(null)] - [HollyContactHelper] [判断入线类型] 普通呼入
2016-09-07 16:18:08,393 [1] INFO  Holly--[14852] [(null)] - [事件][CustomerInCome_OnBelling] 判断呼入类型：普通呼入
2016-09-07 16:18:08,398 [1] INFO  Holly--[14852] [(null)] - [HollyContactHelper] 普通进行 == 主叫号码->18610633045
2016-09-07 16:18:08,398 [1] INFO  Holly--[14852] [(null)] - [HollyContactHelper] 获取厂家信息 ==主叫号码->18610633045
2016-09-07 16:18:08,398 [1] INFO  Holly--[14852] [(null)] - [HollyContactHelper] >>>> HaoMaProcess 处理前>>>> 18610633045
2016-09-07 16:18:08,398 [1] INFO  Holly--[14852] [(null)] - [HollyContactHelper] >>>> HaoMaProcess 处理后>>>> 18610633045
2016-09-07 16:18:08,398 [1] INFO  Holly--[14852] [(null)] - [HollyContactHelper] 获取厂家信息 ==被叫号码->36997
2016-09-07 16:18:08,399 [1] INFO  Holly--[14852] [(null)] - [HollyContactHelper] 获取厂家信息 ==落地号码->02987237722
2016-09-07 16:18:08,432 [1] INFO  Holly--[14852] [(null)] - [==BusinessProcess=] >>>> PhoneNumAndAni >>>> 18610633045->36997
2016-09-07 16:18:08,432 [1] INFO  Holly--[14852] [(null)] - [==BusinessProcess=] >>>> SwitchINNum >>>> 02987237722
2016-09-07 16:18:08,433 [1] INFO  Holly--[14852] [(null)] - [==BusinessProcess=] >>>> SkillGroup >>>> CS01
2016-09-07 16:18:08,433 [1] INFO  Holly--[14852] [(null)] - [======Common======] GetCurrentTime ：获取当前服务器时间：CC系统服务器时间：2016-09-07 16:18:08.431，客户端时间：2016-09-07 16:18:08.433，（现有）计算时间差(毫秒)：-2.0002
2016-09-07 16:18:08,435 [1] INFO  Holly--[14852] [(null)] - [HollyContactHelper] 获取厂家信息 ==厂家ID->20160907161847560_1_414_UIP-BAK
2016-09-07 16:18:08,435 [1] INFO  Holly--[14852] [(null)] - [HollyContactHelper] 获取厂家信息 ==厂家ID->20160907161847560_1_414_UIP-BAK
2016-09-07 16:18:08,436 [1] INFO  Holly--[14852] [(null)] - [==BusinessProcess=] InitCallRecordORIG callid：369971473236288273-calltype：C1_呼入
2016-09-07 16:18:08,437 [1] INFO  Holly--[14852] [(null)] - [==BusinessProcess=] >>>> InitiatedTime >>>> 2016-9-7 16:18:08
2016-09-07 16:18:08,437 [1] INFO  Holly--[14852] [(null)] - [==BusinessProcess=] >>>> RingingTime >>>> 2016-9-7 16:18:08
2016-09-07 16:18:08,440 [1] INFO  Holly--[14852] [(null)] - [HollyContactHelper] 获取厂家信息 ==落地号码->02987237722
2016-09-07 16:18:08,441 [1] INFO  Holly--[14852] [(null)] - [HollyContactHelper] 获取厂家信息 ==厂家ID->20160907161847560_1_414_UIP-BAK
2016-09-07 16:18:08,442 [1] INFO  Holly--[14852] [(null)] - [==BusinessProcess=] InitUserEventData Transferred-369971473236288273-C1_呼入-2016-9-7 16:18:08
2016-09-07 16:18:08,477 [1] INFO  Holly--[14852] [(null)] - [MainJs] [SendToWeb] 发送网页消息：0 次数，指定页面ID：
2016-09-07 16:18:08,478 [1] INFO  Holly--[14852] [(null)] - [MainUI] [SendMesToWeb] 获取当前默认标签页
2016-09-07 16:18:08,480 [1] INFO  Holly--[14852] [(null)] - [======Common======] GetCurrentTime ：获取当前服务器时间：CC系统服务器时间：2016-09-07 16:18:08.478，客户端时间：2016-09-07 16:18:08.480，（现有）计算时间差(毫秒)：-2.0002
2016-09-07 16:18:08,480 [1] INFO  Holly--[14852] [(null)] - [=====计时日志=====] 弹屏开始 2016-9-7 16:18:08
2016-09-07 16:18:08,480 [1] INFO  Holly--[14852] [(null)] - [MainJs] [SendMesToWeb] 弹屏 http://ncc.sys1.bitauto.com/CTI/PopTransfer.aspx
2016-09-07 16:18:08,481 [1] INFO  Holly--[14852] [(null)] - [MainUI] [NewPageForReq] address is:http://ncc.sys1.bitauto.com/CTI/PopTransfer.aspx?UserEvent=Transferred&UserName=36997&CalledNum=36997&CallerNum=18610633045&CallID=369971473236288273&UserChoice=CS01&CallType=1&MediaType=-2&CallState=-2&CurrentDate=2016-09-07%2016%3A18%3A08&SYS_DNIS=02987237722&RecordID=20160907161847560_1_414_UIP-BAK&RecordIDURL=&IsEstablished=False&EstablishedStartTime=&TaskID=&TaskType=&outBoundType=-2
2016-09-07 16:18:08,481 [1] INFO  Holly--[14852] [(null)] - [MainUI] [CurrentOutBoundTabPageName] 呼入通话网页名称=新建：WebPage00002
2016-09-07 16:18:08,496 [1] INFO  Holly--[14852] [(null)] - [MainUI] [ShowTabPagesLog] 全部页面 客户核实=WebPage00001(); 新增页=WebPage00002(WebPage00001); 
2016-09-07 16:18:08,515 [1] INFO  Holly--[14852] [(null)] - [MainJs] [SendMesToWeb] CTIEventMsg msg：UserEvent=Transferred&UserName=36997&CalledNum=36997&CallerNum=18610633045&CallID=369971473236288273&UserChoice=CS01&CallType=1&MediaType=-2&CallState=-2&CurrentDate=2016-09-07%2016%3A18%3A08&SYS_DNIS=02987237722&RecordID=20160907161847560_1_414_UIP-BAK&RecordIDURL=&IsEstablished=False&EstablishedStartTime=&TaskID=&TaskType=&outBoundType=-2
2016-09-07 16:18:08,516 [1] INFO  Holly--[14852] [(null)] - [HollyContactHelper] 当前电话是专属坐席电话 ==agentid->35051
2016-09-07 16:18:08,519 [1] INFO  Holly--[14852] [(null)] - [@@@厂家消息通知@@@]OnMessage ：厂家状态(CurStatus：3；CurStatusName：震铃；)厂家消息(来电振铃。)程序状态(PS07_来电振铃)
2016-09-07 16:18:10,691 [1] INFO  Holly--[14852] [(null)] - [MainJs] [SendToWeb] 发送网页消息：0 次数，指定页面ID：WebPage00002
2016-09-07 16:18:10,691 [1] INFO  Holly--[14852] [(null)] - [MainUI] [SendMesToWeb] 获取到了当前指定webPageID的页面：WebPage00002
2016-09-07 16:18:10,691 [1] INFO  Holly--[14852] [(null)] - [MainJs] [SendMesToWeb] CTIEventMsg msg：UserEvent=Notice&Action=SaveWindowsName&Data=WebPage00002&outBoundType=-2
2016-09-07 16:18:11,558 [1] INFO  Holly--[14852] [(null)] - [Main] 点击按钮==摘机/挂断
2016-09-07 16:18:11,560 [1] INFO  Holly--[14852] [(null)] - [HollyContactHelper]用户操作==应答->True
2016-09-07 16:18:12,218 [1] INFO  Holly--[14852] [(null)] - [@@@厂家消息通知@@@]OnMessage ：厂家状态(CurStatus：5；CurStatusName：两方通话；)厂家消息(状态改变：震铃-->两方通话)程序状态(PS08_普通通话)
2016-09-07 16:18:12,218 [1] INFO  Holly--[14852] [(null)] - [>>>厂家状态变化<<<]OnStatusChange ：PS07_来电振铃(3) -> PS08_普通通话(5)
2016-09-07 16:18:12,218 [1] INFO  Holly--[14852] [(null)] - [事件][AxUniSoftPhone_OnStatusChange] 状态变化事件
2016-09-07 16:18:12,219 [1] INFO  Holly--[14852] [(null)] - [Main][SetMainStatus]设置状态：PS08_普通通话
2016-09-07 16:18:12,219 [4] INFO  Holly--[14852] [(null)] - [Main][UpdatAgentDB] 更新客服状态表AS9_通话中
2016-09-07 16:18:12,219 [4] INFO  Holly--[14852] [(null)] - [======Common======] GetCurrentTime ：获取当前服务器时间：CC系统服务器时间：2016-09-07 16:18:12.217，客户端时间：2016-09-07 16:18:12.219，（现有）计算时间差(毫秒)：-2.0002
2016-09-07 16:18:12,222 [4] INFO  Holly--[14852] [(null)] - [Main][UpdatAgentDB] 更新上一个状态的结束时间 PreOid....IS:90,结束时间为：2016-9-7 16:18:12
2016-09-07 16:18:12,222 [1] INFO  Holly--[14852] [(null)] - [HollyContactHelper] 当前电话是专属坐席电话 ==agentid->35051
2016-09-07 16:18:12,225 [1] INFO  Holly--[14852] [(null)] - [HollyContactHelper] 普通进行 == 主叫号码->18610633045
2016-09-07 16:18:12,225 [1] INFO  Holly--[14852] [(null)] - [HollyContactHelper] 获取厂家信息 ==主叫号码->18610633045
2016-09-07 16:18:12,225 [1] INFO  Holly--[14852] [(null)] - [HollyContactHelper] >>>> HaoMaProcess 处理前>>>> 18610633045
2016-09-07 16:18:12,225 [1] INFO  Holly--[14852] [(null)] - [HollyContactHelper] >>>> HaoMaProcess 处理后>>>> 18610633045
2016-09-07 16:18:12,225 [1] INFO  Holly--[14852] [(null)] - [HollyContactHelper] 获取厂家信息 ==被叫号码->36997
2016-09-07 16:18:12,226 [1] INFO  Holly--[14852] [(null)] - [HollyContactHelper] 获取厂家信息 ==落地号码->02987237722
2016-09-07 16:18:12,237 [1] INFO  Holly--[14852] [(null)] - [事件][OnAnswerSuccess] 呼入接通成功事件 ：呼入_分配接入 监控：非监控
2016-09-07 16:18:12,237 [1] INFO  Holly--[14852] [(null)] - [事件][CustomerInCome_OnAnswer] 客服接通
2016-09-07 16:18:12,237 [1] INFO  Holly--[14852] [(null)] - [======Common======] GetCurrentTime ：获取当前服务器时间：CC系统服务器时间：2016-09-07 16:18:12.235，客户端时间：2016-09-07 16:18:12.237，（现有）计算时间差(毫秒)：-2.0002
2016-09-07 16:18:12,238 [1] INFO  Holly--[14852] [(null)] - [HollyContactHelper] 普通进行 == 主叫号码->18610633045
2016-09-07 16:18:12,239 [1] INFO  Holly--[14852] [(null)] - [HollyContactHelper] 获取厂家信息 ==主叫号码->18610633045
2016-09-07 16:18:12,239 [1] INFO  Holly--[14852] [(null)] - [HollyContactHelper] >>>> HaoMaProcess 处理前>>>> 18610633045
2016-09-07 16:18:12,239 [1] INFO  Holly--[14852] [(null)] - [HollyContactHelper] >>>> HaoMaProcess 处理后>>>> 18610633045
2016-09-07 16:18:12,239 [1] INFO  Holly--[14852] [(null)] - [HollyContactHelper] 获取厂家信息 ==被叫号码->36997
2016-09-07 16:18:12,239 [1] INFO  Holly--[14852] [(null)] - [HollyContactHelper] 获取厂家信息 ==落地号码->02987237722
2016-09-07 16:18:12,239 [1] INFO  Holly--[14852] [(null)] - [==BusinessProcess=] >>>> PhoneNumAndAni >>>> 18610633045->36997
2016-09-07 16:18:12,239 [1] INFO  Holly--[14852] [(null)] - [==BusinessProcess=] >>>> SwitchINNum >>>> 02987237722
2016-09-07 16:18:12,239 [1] INFO  Holly--[14852] [(null)] - [==BusinessProcess=] >>>> SkillGroup >>>> CS01
2016-09-07 16:18:12,239 [1] INFO  Holly--[14852] [(null)] - [==BusinessProcess=] >>>> EstablishedTime >>>> 2016-9-7 16:18:12-hollycallid：20160907161847560_1_414_UIP-BAK
2016-09-07 16:18:12,240 [4] INFO  Holly--[14852] [(null)] - [Main][UpdatAgentDB] 插入新的状态 PreOid....IS:91
2016-09-07 16:18:12,240 [1] INFO  Holly--[14852] [(null)] - [HollyContactHelper] 获取厂家信息 ==落地号码->02987237722
2016-09-07 16:18:12,240 [1] INFO  Holly--[14852] [(null)] - [HollyContactHelper] 获取厂家信息 ==厂家ID->20160907161847560_1_414_UIP-BAK
2016-09-07 16:18:12,240 [1] INFO  Holly--[14852] [(null)] - [==BusinessProcess=] InitUserEventData Established-369971473236288273-C1_呼入-2016-9-7 16:18:12
2016-09-07 16:18:12,240 [1] INFO  Holly--[14852] [(null)] - [MainJs] [SendToWeb] 发送网页消息：0 次数，指定页面ID：WebPage00002
2016-09-07 16:18:12,241 [1] INFO  Holly--[14852] [(null)] - [MainUI] [SendMesToWeb] 获取到了当前指定webPageID的页面：WebPage00002
2016-09-07 16:18:12,241 [1] INFO  Holly--[14852] [(null)] - [MainJs] [SendMesToWeb] CTIEventMsg msg：UserEvent=Established&UserName=36997&CalledNum=36997&CallerNum=18610633045&CallID=369971473236288273&UserChoice=CS01&CallType=1&MediaType=-2&CallState=-2&CurrentDate=2016-09-07%2016%3A18%3A12&SYS_DNIS=02987237722&RecordID=20160907161847560_1_414_UIP-BAK&RecordIDURL=&IsEstablished=True&EstablishedStartTime=2016-09-07%2016%3A18%3A12&TaskID=&TaskType=&outBoundType=-2
2016-09-07 16:18:12,242 [1] INFO  Holly--[14852] [(null)] - [@@@厂家消息通知@@@]OnMessage ：厂家状态(CurStatus：5；CurStatusName：两方通话；)厂家消息(应答成功。)程序状态(PS08_普通通话)
2016-09-07 16:18:12,439 [1] INFO  Holly--[14852] [(null)] - [@@@厂家消息通知@@@]OnMessage ：厂家状态(CurStatus：5；CurStatusName：两方通话；)厂家消息(录音开始：ContactID=20160907161847560_1_414_UIP-BAK,ANI=18610633045,DNIS=1006,ResonCode=77,ResonDesc=_??? (77))程序状态(PS08_普通通话)
2016-09-07 16:18:20,650 [1] INFO  Holly--[14852] [(null)] - [MainJs] [SendToWeb] 发送网页消息：0 次数，指定页面ID：WebPage00002
2016-09-07 16:18:20,651 [1] INFO  Holly--[14852] [(null)] - [MainUI] [SendMesToWeb] 获取到了当前指定webPageID的页面：WebPage00002
2016-09-07 16:18:20,651 [1] INFO  Holly--[14852] [(null)] - [MainJs] [SendMesToWeb] CTIEventMsg msg：UserEvent=Notice&Action=SaveWindowsName&Data=WebPage00002&outBoundType=-2
2016-09-07 16:18:35,842 [1] INFO  Holly--[14852] [(null)] - [Main] 点击按钮==转IVR
2016-09-07 16:18:36,018 [1] INFO  Holly--[14852] [(null)] - [HollyContactHelper]用户操作==转满意度(369971473236288273,4,58103008)->True
2016-09-07 16:18:36,164 [1] INFO  Holly--[14852] [(null)] - [@@@厂家消息通知@@@]OnMessage ：厂家状态(CurStatus：9；CurStatusName：转接中；)厂家消息(状态改变：两方通话-->转接中)程序状态(PS17_转接拨号中)
2016-09-07 16:18:36,164 [1] INFO  Holly--[14852] [(null)] - [>>>厂家状态变化<<<]OnStatusChange ：PS08_普通通话(5) -> PS17_转接拨号中(9)
2016-09-07 16:18:36,164 [1] INFO  Holly--[14852] [(null)] - [事件][AxUniSoftPhone_OnStatusChange] 状态变化事件
2016-09-07 16:18:36,164 [1] INFO  Holly--[14852] [(null)] - [Main][SetMainStatus]设置状态：PS17_转接拨号中
2016-09-07 16:18:36,164 [4] INFO  Holly--[14852] [(null)] - [Main][UpdatAgentDB] 更新客服状态表AS8_振铃
2016-09-07 16:18:36,164 [4] INFO  Holly--[14852] [(null)] - [======Common======] GetCurrentTime ：获取当前服务器时间：CC系统服务器时间：2016-09-07 16:18:36.162，客户端时间：2016-09-07 16:18:36.164，（现有）计算时间差(毫秒)：-2.0002
2016-09-07 16:18:36,167 [1] INFO  Holly--[14852] [(null)] - [@@@厂家消息通知@@@]OnMessage ：厂家状态(CurStatus：9；CurStatusName：转接中；)厂家消息(咨询摘机：ContactID=20160907161847560_1_414_UIP-BAK,CurrStatus=26,LastStatus=29,ResonCode=45,ResonDesc=CauseOffHook)程序状态(PS17_转接拨号中)
2016-09-07 16:18:36,167 [4] INFO  Holly--[14852] [(null)] - [Main][UpdatAgentDB] 更新上一个状态的结束时间 PreOid....IS:91,结束时间为：2016-9-7 16:18:36
2016-09-07 16:18:36,168 [1] INFO  Holly--[14852] [(null)] - [@@@厂家消息通知@@@]OnMessage ：厂家状态(CurStatus：9；CurStatusName：转接中；)厂家消息(咨询拨号：ContactID=20160907161847560_1_414_UIP-BAK,CurrStatus=27,LastStatus=26,OtherParty=0000,ResonCode=47,ResonDesc=CauseDialing)程序状态(PS17_转接拨号中)
2016-09-07 16:18:36,175 [4] INFO  Holly--[14852] [(null)] - [Main][UpdatAgentDB] 插入新的状态 PreOid....IS:92
2016-09-07 16:18:36,195 [1] INFO  Holly--[14852] [(null)] - [HollyContactHelper] 普通进行 == 主叫号码->18610633045
2016-09-07 16:18:36,195 [1] INFO  Holly--[14852] [(null)] - [HollyContactHelper] 获取厂家信息 ==主叫号码->18610633045
2016-09-07 16:18:36,195 [1] INFO  Holly--[14852] [(null)] - [HollyContactHelper] >>>> HaoMaProcess 处理前>>>> 18610633045
2016-09-07 16:18:36,195 [1] INFO  Holly--[14852] [(null)] - [HollyContactHelper] >>>> HaoMaProcess 处理后>>>> 18610633045
2016-09-07 16:18:36,195 [1] INFO  Holly--[14852] [(null)] - [HollyContactHelper] 获取厂家信息 ==被叫号码->36997
2016-09-07 16:18:36,196 [1] INFO  Holly--[14852] [(null)] - [HollyContactHelper] 获取厂家信息 ==落地号码->02987237722
2016-09-07 16:18:36,204 [1] INFO  Holly--[14852] [(null)] - [@@@厂家消息通知@@@]OnMessage ：厂家状态(CurStatus：9；CurStatusName：转接中；)厂家消息(转接拨号开始。)程序状态(PS17_转接拨号中)
2016-09-07 16:18:36,382 [1] INFO  Holly--[14852] [(null)] - [@@@厂家消息通知@@@]OnMessage ：厂家状态(CurStatus：9；CurStatusName：转接中；)厂家消息(咨询接通：ContactID=20160907161847560_1_414_UIP-BAK,CurrStatus=31,LastStatus=27,OtherParty=0000,ResonCode=13,ResonDesc=ActOpAnswered)程序状态(PS17_转接拨号中)
2016-09-07 16:18:36,642 [1] INFO  Holly--[14852] [(null)] - [@@@厂家消息通知@@@]OnMessage ：厂家状态(CurStatus：9；CurStatusName：转接中；)厂家消息(录音停止：ContactID=20160907161847560_1_414_UIP-BAK,ANI=18610633045,DNIS=1006,FileName=/var/spool/hollyRecord/2016/09/36997/36997_20160907161907364.mp3,TimeLen=24266,ResonCode=78,ResonDesc=_??? (78))程序状态(PS17_转接拨号中)
2016-09-07 16:18:36,644 [1] INFO  Holly--[14852] [(null)] - [@@@厂家消息通知@@@]OnMessage ：厂家状态(CurStatus：9；CurStatusName：转接中；)厂家消息(话路被挂断：ContactID=20160907161847560_1_414_UIP-BAK,CurrStatus=21,LastStatus=31,OtherParty=0000,ResonCode=27,ResonDesc=ActTpTransferred)程序状态(PS17_转接拨号中)
2016-09-07 16:18:36,651 [1] INFO  Holly--[14852] [(null)] - [事件][OnHangup] 挂断事件 ：转IVR挂机-呼入_分配接入 监控：非监控
2016-09-07 16:18:36,652 [1] INFO  Holly--[14852] [(null)] - [事件][OnHangup] 挂断
2016-09-07 16:18:36,654 [1] INFO  Holly--[14852] [(null)] - [@@@厂家消息通知@@@]OnMessage ：厂家状态(CurStatus：9；CurStatusName：转接中；)厂家消息(话路被挂断：ContactID=20160907161847560_1_414_UIP-BAK,CurrStatus=21,LastStatus=21,OtherParty=0000,ResonCode=16,ResonDesc=ActTpDisconnected)程序状态(PS17_转接拨号中)
2016-09-07 16:18:36,684 [1] INFO  Holly--[14852] [(null)] - [======Common======] GetCurrentTime ：获取当前服务器时间：CC系统服务器时间：2016-09-07 16:18:36.682，客户端时间：2016-09-07 16:18:36.684，（现有）计算时间差(毫秒)：-2.0002
2016-09-07 16:18:36,686 [1] INFO  Holly--[14852] [(null)] - [HollyContactHelper] 获取厂家信息 ==厂家ID->20160907161847560_1_414_UIP-BAK
2016-09-07 16:18:36,686 [1] INFO  Holly--[14852] [(null)] - [HollyContactHelper] 获取厂家信息 ==厂家ID->20160907161847560_1_414_UIP-BAK
2016-09-07 16:18:36,687 [1] INFO  Holly--[14852] [(null)] - [HollyContactHelper] 普通进行 == 主叫号码->18610633045
2016-09-07 16:18:36,687 [1] INFO  Holly--[14852] [(null)] - [HollyContactHelper] 获取厂家信息 ==主叫号码->18610633045
2016-09-07 16:18:36,687 [1] INFO  Holly--[14852] [(null)] - [HollyContactHelper] >>>> HaoMaProcess 处理前>>>> 18610633045
2016-09-07 16:18:36,687 [1] INFO  Holly--[14852] [(null)] - [HollyContactHelper] >>>> HaoMaProcess 处理后>>>> 18610633045
2016-09-07 16:18:36,687 [1] INFO  Holly--[14852] [(null)] - [HollyContactHelper] 获取厂家信息 ==被叫号码->36997
2016-09-07 16:18:36,687 [1] INFO  Holly--[14852] [(null)] - [HollyContactHelper] 获取厂家信息 ==落地号码->02987237722
2016-09-07 16:18:36,687 [1] INFO  Holly--[14852] [(null)] - [==BusinessProcess=] >>>> PhoneNumAndAni >>>> 18610633045->36997
2016-09-07 16:18:36,687 [1] INFO  Holly--[14852] [(null)] - [==BusinessProcess=] >>>> SwitchINNum >>>> 02987237722
2016-09-07 16:18:36,687 [1] INFO  Holly--[14852] [(null)] - [==BusinessProcess=] >>>> SkillGroup >>>> CS01
2016-09-07 16:18:36,688 [1] INFO  Holly--[14852] [(null)] - [==BusinessProcess=] >>>> AgentReleaseTime >>>> 2016-9-7 16:18:36
2016-09-07 16:18:36,689 [1] INFO  Holly--[14852] [(null)] - [==BusinessProcess=] >>>> AfterWorkBeginTime >>>> 2016-9-7 16:18:36
2016-09-07 16:18:36,691 [1] INFO  Holly--[14852] [(null)] - [==BusinessProcess=] >>>> AudioURL >>>> http://192.168.112.208/var/spool/hollyRecord/2016/09/36997/36997_20160907161907364.mp3
2016-09-07 16:18:36,691 [1] INFO  Holly--[14852] [(null)] - [==BusinessProcess=] >>>> TallTime >>>> 24.4473983
2016-09-07 16:18:37,506 [1] INFO  Holly--[14852] [(null)] - [CallRecordHelper][InsertCallRecordNew] 成功
2016-09-07 16:18:37,617 [1] INFO  Holly--[14852] [(null)] - [Main][ActionEvent] 添加监控事件 >>退出话后时执行-更新话后信息 ID=1 总事件数=1
2016-09-07 16:18:37,618 [1] INFO  Holly--[14852] [(null)] - [HollyContactHelper] 获取厂家信息 ==落地号码->02987237722
2016-09-07 16:18:37,618 [1] INFO  Holly--[14852] [(null)] - [HollyContactHelper] 获取厂家信息 ==厂家ID->20160907161847560_1_414_UIP-BAK
2016-09-07 16:18:37,618 [1] INFO  Holly--[14852] [(null)] - [==BusinessProcess=] InitUserEventData Released-369971473236288273-C1_呼入-2016-9-7 16:18:36
2016-09-07 16:18:37,618 [1] INFO  Holly--[14852] [(null)] - [MainJs] [SendToWeb] 发送网页消息：0 次数，指定页面ID：WebPage00002
2016-09-07 16:18:37,619 [1] INFO  Holly--[14852] [(null)] - [MainUI] [SendMesToWeb] 获取到了当前指定webPageID的页面：WebPage00002
2016-09-07 16:18:37,633 [1] INFO  Holly--[14852] [(null)] - [MainJs] [SendMesToWeb] CTIEventMsg msg：UserEvent=Released&UserName=36997&CalledNum=36997&CallerNum=18610633045&CallID=369971473236288273&UserChoice=CS01&CallType=1&MediaType=-2&CallState=-2&CurrentDate=2016-09-07%2016%3A18%3A36&SYS_DNIS=02987237722&RecordID=20160907161847560_1_414_UIP-BAK&RecordIDURL=http://192.168.112.208/var/spool/hollyRecord/2016/09/36997/36997_20160907161907364.mp3&IsEstablished=True&EstablishedStartTime=2016-09-07%2016%3A18%3A12&TaskID=&TaskType=&outBoundType=-2
2016-09-07 16:18:37,633 [1] INFO  Holly--[14852] [(null)] - [MainJs] [CurrentOutBoundTabPageName] 挂断清空
2016-09-07 16:18:37,634 [1] INFO  Holly--[14852] [(null)] - [@@@厂家消息通知@@@]OnMessage ：厂家状态(CurStatus：15；CurStatusName：工作整理；)厂家消息(状态改变：转接中-->工作整理)程序状态(PS06_话后)
2016-09-07 16:18:37,634 [1] INFO  Holly--[14852] [(null)] - [>>>厂家状态变化<<<]OnStatusChange ：PS17_转接拨号中(9) -> PS06_话后(15)
2016-09-07 16:18:37,634 [1] INFO  Holly--[14852] [(null)] - [事件][AxUniSoftPhone_OnStatusChange] 状态变化事件
2016-09-07 16:18:37,635 [4] INFO  Holly--[14852] [(null)] - [Main][UpdatAgentDB] 更新客服状态表AS5_话后
2016-09-07 16:18:37,635 [4] INFO  Holly--[14852] [(null)] - [======Common======] GetCurrentTime ：获取当前服务器时间：CC系统服务器时间：2016-09-07 16:18:37.633，客户端时间：2016-09-07 16:18:37.635，（现有）计算时间差(毫秒)：-2.0002
2016-09-07 16:18:37,636 [1] INFO  Holly--[14852] [(null)] - [Main][SetMainStatus]设置状态：PS06_话后
2016-09-07 16:18:37,637 [4] INFO  Holly--[14852] [(null)] - [Main][UpdatAgentDB] 更新上一个状态的结束时间 PreOid....IS:92,结束时间为：2016-9-7 16:18:37
2016-09-07 16:18:37,640 [1] INFO  Holly--[14852] [(null)] - [HollyContactHelper] 普通进行 == 主叫号码->18610633045
2016-09-07 16:18:37,640 [1] INFO  Holly--[14852] [(null)] - [HollyContactHelper] 获取厂家信息 ==主叫号码->18610633045
2016-09-07 16:18:37,640 [1] INFO  Holly--[14852] [(null)] - [HollyContactHelper] >>>> HaoMaProcess 处理前>>>> 18610633045
2016-09-07 16:18:37,640 [1] INFO  Holly--[14852] [(null)] - [HollyContactHelper] >>>> HaoMaProcess 处理后>>>> 18610633045
2016-09-07 16:18:37,641 [1] INFO  Holly--[14852] [(null)] - [HollyContactHelper] 获取厂家信息 ==被叫号码->36997
2016-09-07 16:18:37,641 [1] INFO  Holly--[14852] [(null)] - [HollyContactHelper] 获取厂家信息 ==落地号码->02987237722
2016-09-07 16:18:37,653 [1] INFO  Holly--[14852] [(null)] - [@@@厂家消息通知@@@]OnMessage ：厂家状态(CurStatus：15；CurStatusName：工作整理；)厂家消息(整理工作开始。)程序状态(PS06_话后)
2016-09-07 16:18:37,659 [4] INFO  Holly--[14852] [(null)] - [Main][UpdatAgentDB] 插入新的状态 PreOid....IS:93
2016-09-07 16:18:42,805 [1] INFO  Holly--[14852] [(null)] - [客户端推送日志信息] 开始
2016-09-07 16:18:42,815 [1] INFO  Holly--[14852] [(null)] - [客户端推送日志信息] 获取到请求数：0
2016-09-07 16:19:36,530 [1] INFO  Holly--[14852] [(null)] - [HollyContactHelper]用户操作==置闲->True
2016-09-07 16:19:36,758 [1] INFO  Holly--[14852] [(null)] - [@@@厂家消息通知@@@]OnMessage ：厂家状态(CurStatus：1；CurStatusName：空闲；)厂家消息(状态改变：工作整理-->空闲)程序状态(PS03_置闲)
2016-09-07 16:19:36,758 [1] INFO  Holly--[14852] [(null)] - [>>>厂家状态变化<<<]OnStatusChange ：PS06_话后(15) -> PS03_置闲(1)
2016-09-07 16:19:36,758 [1] INFO  Holly--[14852] [(null)] - [事件][AxUniSoftPhone_OnStatusChange] 状态变化事件
2016-09-07 16:19:36,759 [14] INFO  Holly--[14852] [(null)] - [Main][UpdatAgentDB] 更新客服状态表AS3_置闲
2016-09-07 16:19:36,759 [14] INFO  Holly--[14852] [(null)] - [======Common======] GetCurrentTime ：获取当前服务器时间：CC系统服务器时间：2016-09-07 16:19:36.757，客户端时间：2016-09-07 16:19:36.759，（现有）计算时间差(毫秒)：-2.0002
2016-09-07 16:19:36,759 [1] INFO  Holly--[14852] [(null)] - [==BusinessProcess=][UpdateCallRecordAfterTime] 呼入时退出话后更新话后信息
2016-09-07 16:19:36,759 [1] INFO  Holly--[14852] [(null)] - [======Common======] GetCurrentTime ：获取当前服务器时间：CC系统服务器时间：2016-09-07 16:19:36.757，客户端时间：2016-09-07 16:19:36.759，（现有）计算时间差(毫秒)：-2.0002
2016-09-07 16:19:36,760 [1] INFO  Holly--[14852] [(null)] - [==BusinessProcess=] >>>> AfterWorkTime >>>> 2016-9-7 16:19:36-60.0744361秒
2016-09-07 16:19:36,761 [14] INFO  Holly--[14852] [(null)] - [Main][UpdatAgentDB] 更新上一个状态的结束时间 PreOid....IS:93,结束时间为：2016-9-7 16:19:36
2016-09-07 16:19:36,779 [14] INFO  Holly--[14852] [(null)] - [Main][UpdatAgentDB] 插入新的状态 PreOid....IS:94
2016-09-07 16:19:36,784 [1] INFO  Holly--[14852] [(null)] - [CallRecordHelper][InsertCallRecordNew] 成功
2016-09-07 16:19:36,796 [1] INFO  Holly--[14852] [(null)] - [==BusinessProcess=][UpdateCallRecordAfterTime] 更新话后信息 True
2016-09-07 16:19:36,796 [1] INFO  Holly--[14852] [(null)] - [Main][ActionEvent] 触发监控事件 >>退出话后时执行-更新话后信息已完成 ID=1总事件数=0
2016-09-07 16:19:36,796 [1] INFO  Holly--[14852] [(null)] - [Main][SetMainStatus]设置状态：PS03_置闲
2016-09-07 16:19:36,801 [1] INFO  Holly--[14852] [(null)] - [HollyContactHelper] 获取厂家信息 ==落地号码->
2016-09-07 16:19:36,801 [1] INFO  Holly--[14852] [(null)] - [@@@厂家消息通知@@@]OnMessage ：厂家状态(CurStatus：1；CurStatusName：空闲；)厂家消息(示闲成功。)程序状态(PS03_置闲)
2016-09-07 16:19:42,820 [1] INFO  Holly--[14852] [(null)] - [客户端推送日志信息] 开始
2016-09-07 16:19:42,828 [1] INFO  Holly--[14852] [(null)] - [客户端推送日志信息] 获取到请求数：0
2016-09-07 16:20:41,337 [1] INFO  Holly--[14852] [(null)] - [***MDBFileHelper***][AdditionalRecording] 补录数据
2016-09-07 16:20:42,834 [1] INFO  Holly--[14852] [(null)] - [客户端推送日志信息] 开始
2016-09-07 16:20:42,843 [1] INFO  Holly--[14852] [(null)] - [客户端推送日志信息] 获取到请求数：0
2016-09-07 16:21:42,863 [1] INFO  Holly--[14852] [(null)] - [客户端推送日志信息] 开始
2016-09-07 16:21:42,872 [1] INFO  Holly--[14852] [(null)] - [客户端推送日志信息] 获取到请求数：0
2016-09-07 16:22:40,318 [1] INFO  Holly--[14852] [(null)] - [======Common======] GetCurrentTime ：获取当前服务器时间：CC系统服务器时间：2016-09-07 16:22:40.316，客户端时间：2016-09-07 16:22:40.318，（现有）计算时间差(毫秒)：-2.0002
2016-09-07 16:22:40,318 [1] INFO  Holly--[14852] [(null)] - [Main]timer_LoginTime_Tick LoginOnOid=80
2016-09-07 16:22:42,875 [1] INFO  Holly--[14852] [(null)] - [客户端推送日志信息] 开始
2016-09-07 16:22:42,925 [1] INFO  Holly--[14852] [(null)] - [客户端推送日志信息] 获取到请求数：0
2016-09-07 16:23:41,391 [1] INFO  Holly--[14852] [(null)] - [***MDBFileHelper***][AdditionalRecording] 补录数据
2016-09-07 16:23:42,957 [1] INFO  Holly--[14852] [(null)] - [客户端推送日志信息] 开始
2016-09-07 16:23:42,966 [1] INFO  Holly--[14852] [(null)] - [客户端推送日志信息] 获取到请求数：0
2016-09-07 16:24:42,980 [1] INFO  Holly--[14852] [(null)] - [客户端推送日志信息] 开始
2016-09-07 16:24:43,032 [1] INFO  Holly--[14852] [(null)] - [客户端推送日志信息] 获取到请求数：0
2016-09-07 16:25:43,043 [1] INFO  Holly--[14852] [(null)] - [客户端推送日志信息] 开始
2016-09-07 16:25:43,091 [1] INFO  Holly--[14852] [(null)] - [客户端推送日志信息] 获取到请求数：0
2016-09-07 16:26:41,447 [1] INFO  Holly--[14852] [(null)] - [***MDBFileHelper***][AdditionalRecording] 补录数据
2016-09-07 16:26:43,101 [1] INFO  Holly--[14852] [(null)] - [客户端推送日志信息] 开始
2016-09-07 16:26:43,149 [1] INFO  Holly--[14852] [(null)] - [客户端推送日志信息] 获取到请求数：0
2016-09-07 16:27:40,385 [1] INFO  Holly--[14852] [(null)] - [======Common======] GetCurrentTime ：获取当前服务器时间：CC系统服务器时间：2016-09-07 16:27:40.383，客户端时间：2016-09-07 16:27:40.385，（现有）计算时间差(毫秒)：-2.0002
2016-09-07 16:27:40,385 [1] INFO  Holly--[14852] [(null)] - [Main]timer_LoginTime_Tick LoginOnOid=80
2016-09-07 16:27:43,163 [1] INFO  Holly--[14852] [(null)] - [客户端推送日志信息] 开始
2016-09-07 16:27:43,172 [1] INFO  Holly--[14852] [(null)] - [客户端推送日志信息] 获取到请求数：0
2016-09-07 16:28:43,190 [1] INFO  Holly--[14852] [(null)] - [客户端推送日志信息] 开始
2016-09-07 16:28:43,238 [1] INFO  Holly--[14852] [(null)] - [客户端推送日志信息] 获取到请求数：0
2016-09-07 16:29:41,505 [1] INFO  Holly--[14852] [(null)] - [***MDBFileHelper***][AdditionalRecording] 补录数据
2016-09-07 16:29:43,251 [1] INFO  Holly--[14852] [(null)] - [客户端推送日志信息] 开始
2016-09-07 16:29:43,300 [1] INFO  Holly--[14852] [(null)] - [客户端推送日志信息] 获取到请求数：0
2016-09-07 16:30:43,312 [1] INFO  Holly--[14852] [(null)] - [客户端推送日志信息] 开始
2016-09-07 16:30:43,364 [1] INFO  Holly--[14852] [(null)] - [客户端推送日志信息] 获取到请求数：0
2016-09-07 16:31:43,371 [1] INFO  Holly--[14852] [(null)] - [客户端推送日志信息] 开始
2016-09-07 16:31:43,426 [1] INFO  Holly--[14852] [(null)] - [客户端推送日志信息] 获取到请求数：0
2016-09-07 16:32:40,435 [1] INFO  Holly--[14852] [(null)] - [======Common======] GetCurrentTime ：获取当前服务器时间：CC系统服务器时间：2016-09-07 16:32:40.433，客户端时间：2016-09-07 16:32:40.435，（现有）计算时间差(毫秒)：-2.0002
2016-09-07 16:32:40,435 [1] INFO  Holly--[14852] [(null)] - [Main]timer_LoginTime_Tick LoginOnOid=80
2016-09-07 16:32:41,561 [1] INFO  Holly--[14852] [(null)] - [***MDBFileHelper***][AdditionalRecording] 补录数据
2016-09-07 16:32:43,431 [1] INFO  Holly--[14852] [(null)] - [客户端推送日志信息] 开始
2016-09-07 16:32:43,439 [1] INFO  Holly--[14852] [(null)] - [客户端推送日志信息] 获取到请求数：0
2016-09-07 16:33:43,446 [1] INFO  Holly--[14852] [(null)] - [客户端推送日志信息] 开始
2016-09-07 16:33:43,456 [1] INFO  Holly--[14852] [(null)] - [客户端推送日志信息] 获取到请求数：0
2016-09-07 16:34:43,460 [1] INFO  Holly--[14852] [(null)] - [客户端推送日志信息] 开始
2016-09-07 16:34:43,468 [1] INFO  Holly--[14852] [(null)] - [客户端推送日志信息] 获取到请求数：0
2016-09-07 16:35:41,620 [1] INFO  Holly--[14852] [(null)] - [***MDBFileHelper***][AdditionalRecording] 补录数据
2016-09-07 16:35:43,476 [1] INFO  Holly--[14852] [(null)] - [客户端推送日志信息] 开始
2016-09-07 16:35:43,485 [1] INFO  Holly--[14852] [(null)] - [客户端推送日志信息] 获取到请求数：0
2016-09-07 16:36:43,501 [1] INFO  Holly--[14852] [(null)] - [客户端推送日志信息] 开始
2016-09-07 16:36:43,507 [1] INFO  Holly--[14852] [(null)] - [客户端推送日志信息] 获取到请求数：0
2016-09-07 16:37:40,488 [1] INFO  Holly--[14852] [(null)] - [======Common======] GetCurrentTime ：获取当前服务器时间：CC系统服务器时间：2016-09-07 16:37:40.486，客户端时间：2016-09-07 16:37:40.488，（现有）计算时间差(毫秒)：-2.0002
2016-09-07 16:37:40,488 [1] INFO  Holly--[14852] [(null)] - [Main]timer_LoginTime_Tick LoginOnOid=80
2016-09-07 16:37:43,517 [1] INFO  Holly--[14852] [(null)] - [客户端推送日志信息] 开始
2016-09-07 16:37:43,527 [1] INFO  Holly--[14852] [(null)] - [客户端推送日志信息] 获取到请求数：0
2016-09-07 16:38:25,141 [1] INFO  Holly--[14852] [(null)] - [登录登出模块] ExitLogin() Begin...
2016-09-07 16:38:25,161 [1] INFO  Holly--[14852] [(null)] - [======Common======] GetCurrentTime ：获取当前服务器时间：CC系统服务器时间：2016-09-07 16:38:25.159，客户端时间：2016-09-07 16:38:25.161，（现有）计算时间差(毫秒)：-2.0002
2016-09-07 16:38:25,169 [1] INFO  Holly--[14852] [(null)] - [登录登出模块]DeleteAgentStateToDB...客服退出时 LoginOnOid....IS:80
2016-09-07 16:38:25,169 [1] INFO  Holly--[14852] [(null)] - [登录登出模块]DeleteAgentStateToDB...客服退出时 GetCurrentTime()....IS:2016-09-07 16:38:25
2016-09-07 16:38:25,171 [1] INFO  Holly--[14852] [(null)] - [登录登出模块]DeleteAgentStateToDB...退出成功....
2016-09-07 16:38:25,199 [1] INFO  Holly--[14852] [(null)] - [HollyContactHelper]用户操作==签出->True
2016-09-07 16:38:25,199 [1] INFO  Holly--[14852] [(null)] - [======Common======] GetCurrentTime ：获取当前服务器时间：CC系统服务器时间：2016-09-07 16:38:25.197，客户端时间：2016-09-07 16:38:25.199，（现有）计算时间差(毫秒)：-2.0002
2016-09-07 16:38:25,202 [1] INFO  Holly--[14852] [(null)] - [Main] 更新上一个状态的结束时间 PreOid....IS:94
2016-09-07 16:38:26,518 [1] INFO  Holly--[14852] [(null)] - [HollyContactHelper]用户操作==卸载->True
2016-09-07 16:38:26,518 [1] INFO  Holly--[14852] [(null)] - [登录登出模块] ExitLogin() End.
