2017-07-19 11:25:36,912 [5] ERROR XYAuto.ITSC.Chitunion2017.BLL.Loger [(null)] - 退出赤兔系统时，出错
System.Threading.ThreadAbortException: 正在中止线程。
   在 System.Threading.Thread.AbortInternal()
   在 System.Threading.Thread.Abort(Object stateInfo)
   在 System.Web.HttpResponse.AbortCurrentThread()
   在 System.Web.HttpResponse.Redirect(String url, Boolean endResponse, Boolean permanent)
   在 XYAuto.ITSC.Chitunion2017.Web.Exit.Page_Load(Object sender, EventArgs e) 位置 D:\GitRoot（C）\A5信息系统研发\销售业务管理平台\赤兔联盟系统\XYAuto.ITSC.Chitunion2017.Web\Exit.aspx.cs:行号 25
2017-07-19 11:30:10,402 [41] ERROR XYAuto.ITSC.Chitunion2017.BLL.Loger [(null)] - 退出赤兔系统时，出错
System.Threading.ThreadAbortException: 正在中止线程。
   在 System.Threading.Thread.AbortInternal()
   在 System.Threading.Thread.Abort(Object stateInfo)
   在 System.Web.HttpResponse.AbortCurrentThread()
   在 System.Web.HttpResponse.Redirect(String url, Boolean endResponse, Boolean permanent)
   在 XYAuto.ITSC.Chitunion2017.Web.Exit.Page_Load(Object sender, EventArgs e) 位置 D:\GitRoot（C）\A5信息系统研发\销售业务管理平台\赤兔联盟系统\XYAuto.ITSC.Chitunion2017.Web\Exit.aspx.cs:行号 25
2017-07-19 11:33:32,453 [40] ERROR XYAuto.ITSC.Chitunion2017.BLL.Loger [(null)] - 退出赤兔系统时，出错
System.Threading.ThreadAbortException: 正在中止线程。
   在 System.Threading.Thread.AbortInternal()
   在 System.Threading.Thread.Abort(Object stateInfo)
   在 System.Web.HttpResponse.AbortCurrentThread()
   在 System.Web.HttpResponse.Redirect(String url, Boolean endResponse, Boolean permanent)
   在 XYAuto.ITSC.Chitunion2017.Web.Exit.Page_Load(Object sender, EventArgs e) 位置 D:\GitRoot（C）\A5信息系统研发\销售业务管理平台\赤兔联盟系统\XYAuto.ITSC.Chitunion2017.Web\Exit.aspx.cs:行号 25
