2017-06-27 09:51:08,281 [16] ERROR XYAuto.ITSC.Chitunion2017.BLL.Loger [(null)] - [Login]原始签名:chitunion38B5BB53-0719-4691-9BB8-48224EB27A8044635520170627095115011446355
2017-06-27 09:51:08,306 [16] ERROR XYAuto.ITSC.Chitunion2017.BLL.Loger [(null)] - [Login]SHA1BASE64签名:shmhyK3zdnoMVozfbr5wKGV3LYs=
2017-06-27 09:51:08,306 [16] ERROR XYAuto.ITSC.Chitunion2017.BLL.Loger [(null)] - [Login]UrlEncode签名:shmhyK3zdnoMVozfbr5wKGV3LYs%3d
2017-06-27 09:51:08,306 [16] ERROR XYAuto.ITSC.Chitunion2017.BLL.Loger [(null)] - [Login]httpUrl:http://api.xingyuanauto.com/chitunion/Login?appkey=chitunion&signature=shmhyK3zdnoMVozfbr5wKGV3LYs%3d&timestamp=201706270951
2017-06-27 09:51:08,413 [16] ERROR XYAuto.ITSC.Chitunion2017.BLL.Loger [(null)] - [Login]库存平台登录验证接口调用出错:Could not load file or assembly 'Newtonsoft.Json, Version=4.5.0.0, Culture=neutral, PublicKeyToken=30ad4fe6b2a6aeed' or one of its dependencies. The located assembly's manifest definition does not match the assembly reference. (Exception from HRESULT: 0x80131040)
2017-06-27 09:58:00,379 [21] ERROR XYAuto.ITSC.Chitunion2017.BLL.Loger [(null)] - [Login]原始签名:chitunion38B5BB53-0719-4691-9BB8-48224EB27A8044635520170627095815011446355
2017-06-27 09:58:00,397 [21] ERROR XYAuto.ITSC.Chitunion2017.BLL.Loger [(null)] - [Login]SHA1BASE64签名:ls2w8PHk2t4YSicgw2vKV+ROW0w=
2017-06-27 09:58:00,397 [21] ERROR XYAuto.ITSC.Chitunion2017.BLL.Loger [(null)] - [Login]UrlEncode签名:ls2w8PHk2t4YSicgw2vKV%2bROW0w%3d
2017-06-27 09:58:00,397 [21] ERROR XYAuto.ITSC.Chitunion2017.BLL.Loger [(null)] - [Login]httpUrl:http://api.xingyuanauto.com/chitunion/Login?appkey=chitunion&signature=ls2w8PHk2t4YSicgw2vKV%2bROW0w%3d&timestamp=201706270958
2017-06-27 09:58:01,712 [21] ERROR XYAuto.ITSC.Chitunion2017.BLL.Loger [(null)] - [Login]ErrorMessage:登录成功
2017-06-27 10:05:53,539 [40] ERROR XYAuto.ITSC.Chitunion2017.BLL.Loger [(null)] - [Login]原始签名:chitunion38B5BB53-0719-4691-9BB8-48224EB27A80446355ss20170627100515011446355
2017-06-27 10:05:53,556 [40] ERROR XYAuto.ITSC.Chitunion2017.BLL.Loger [(null)] - [Login]SHA1BASE64签名:2fmPwq3F8leGn5PAOpwKEIA/knM=
2017-06-27 10:05:53,556 [40] ERROR XYAuto.ITSC.Chitunion2017.BLL.Loger [(null)] - [Login]UrlEncode签名:2fmPwq3F8leGn5PAOpwKEIA%2fknM%3d
2017-06-27 10:05:53,556 [40] ERROR XYAuto.ITSC.Chitunion2017.BLL.Loger [(null)] - [Login]httpUrl:http://api.xingyuanauto.com/chitunion/Login?appkey=chitunion&signature=2fmPwq3F8leGn5PAOpwKEIA%2fknM%3d&timestamp=201706271005
2017-06-27 10:05:53,798 [40] ERROR XYAuto.ITSC.Chitunion2017.BLL.Loger [(null)] - [Login]ErrorMessage:登录失败
2017-06-27 10:08:53,930 [24] ERROR XYAuto.ITSC.Chitunion2017.BLL.Loger [(null)] - [Login]原始签名:chitunion38B5BB53-0719-4691-9BB8-48224EB27A80434523420170627100815011446355
2017-06-27 10:08:53,930 [24] ERROR XYAuto.ITSC.Chitunion2017.BLL.Loger [(null)] - [Login]SHA1BASE64签名:m03Q7WVhDWsSQ1x+YBJGr+NNxl0=
2017-06-27 10:08:53,930 [24] ERROR XYAuto.ITSC.Chitunion2017.BLL.Loger [(null)] - [Login]UrlEncode签名:m03Q7WVhDWsSQ1x%2bYBJGr%2bNNxl0%3d
2017-06-27 10:08:53,930 [24] ERROR XYAuto.ITSC.Chitunion2017.BLL.Loger [(null)] - [Login]httpUrl:http://api.xingyuanauto.com/chitunion/Login?appkey=chitunion&signature=m03Q7WVhDWsSQ1x%2bYBJGr%2bNNxl0%3d&timestamp=201706271008
2017-06-27 10:08:53,953 [24] ERROR XYAuto.ITSC.Chitunion2017.BLL.Loger [(null)] - [Login]ErrorMessage:登录失败
2017-06-27 10:16:20,775 [12] ERROR XYAuto.ITSC.Chitunion2017.BLL.Loger [(null)] - [Login]原始签名:chitunion38B5BB53-0719-4691-9BB8-48224EB27A8044635520170627101615011446355
2017-06-27 10:16:20,791 [12] ERROR XYAuto.ITSC.Chitunion2017.BLL.Loger [(null)] - [Login]SHA1BASE64签名:Tsbf8Cfby/x9Rp+3h4zLcsnoeNg=
2017-06-27 10:16:20,791 [12] ERROR XYAuto.ITSC.Chitunion2017.BLL.Loger [(null)] - [Login]UrlEncode签名:Tsbf8Cfby%2fx9Rp%2b3h4zLcsnoeNg%3d
2017-06-27 10:16:20,791 [12] ERROR XYAuto.ITSC.Chitunion2017.BLL.Loger [(null)] - [Login]httpUrl:http://api.xingyuanauto.com/chitunion/Login?appkey=chitunion&signature=Tsbf8Cfby%2fx9Rp%2b3h4zLcsnoeNg%3d&timestamp=201706271016
2017-06-27 10:16:21,011 [12] ERROR XYAuto.ITSC.Chitunion2017.BLL.Loger [(null)] - [Login]ErrorMessage:登录成功
2017-06-27 10:18:41,550 [9] ERROR XYAuto.ITSC.Chitunion2017.BLL.Loger [(null)] - [Login]原始签名:chitunion38B5BB53-0719-4691-9BB8-48224EB27A8044635520170627101815011446355
2017-06-27 10:18:41,550 [9] ERROR XYAuto.ITSC.Chitunion2017.BLL.Loger [(null)] - [Login]SHA1BASE64签名:Or6fDCAPAYfzcFlhQtyNS4jg1Bc=
2017-06-27 10:18:41,550 [9] ERROR XYAuto.ITSC.Chitunion2017.BLL.Loger [(null)] - [Login]UrlEncode签名:Or6fDCAPAYfzcFlhQtyNS4jg1Bc%3d
2017-06-27 10:18:41,550 [9] ERROR XYAuto.ITSC.Chitunion2017.BLL.Loger [(null)] - [Login]httpUrl:http://api.xingyuanauto.com/chitunion/Login?appkey=chitunion&signature=Or6fDCAPAYfzcFlhQtyNS4jg1Bc%3d&timestamp=201706271018
2017-06-27 10:18:41,587 [9] ERROR XYAuto.ITSC.Chitunion2017.BLL.Loger [(null)] - [Login]ErrorMessage:登录成功
2017-06-27 10:20:21,235 [11] ERROR XYAuto.ITSC.Chitunion2017.BLL.Loger [(null)] - [Login]原始签名:chitunion38B5BB53-0719-4691-9BB8-48224EB27A80sdfadsf20170627102015011446355
2017-06-27 10:20:21,235 [11] ERROR XYAuto.ITSC.Chitunion2017.BLL.Loger [(null)] - [Login]SHA1BASE64签名:h0CjzSVTlTbNalKoA+YQ9Y84Bdg=
2017-06-27 10:20:21,235 [11] ERROR XYAuto.ITSC.Chitunion2017.BLL.Loger [(null)] - [Login]UrlEncode签名:h0CjzSVTlTbNalKoA%2bYQ9Y84Bdg%3d
2017-06-27 10:20:21,235 [11] ERROR XYAuto.ITSC.Chitunion2017.BLL.Loger [(null)] - [Login]httpUrl:http://api.xingyuanauto.com/chitunion/Login?appkey=chitunion&signature=h0CjzSVTlTbNalKoA%2bYQ9Y84Bdg%3d&timestamp=201706271020
2017-06-27 10:20:21,277 [11] ERROR XYAuto.ITSC.Chitunion2017.BLL.Loger [(null)] - [Login]ErrorMessage:请求失败
2017-06-27 10:58:58,414 [11] ERROR XYAuto.ITSC.Chitunion2017.BLL.Loger [(null)] - [Login]原始签名:chitunion38B5BB53-0719-4691-9BB8-48224EB27A8044635520170627105815011446355
2017-06-27 10:58:58,432 [11] ERROR XYAuto.ITSC.Chitunion2017.BLL.Loger [(null)] - [Login]SHA1BASE64签名:SCwstLYQdwzBiIPUKkJJ506nArg=
2017-06-27 10:58:58,432 [11] ERROR XYAuto.ITSC.Chitunion2017.BLL.Loger [(null)] - [Login]UrlEncode签名:SCwstLYQdwzBiIPUKkJJ506nArg%3d
2017-06-27 10:58:58,432 [11] ERROR XYAuto.ITSC.Chitunion2017.BLL.Loger [(null)] - [Login]httpUrl:http://api.xingyuanauto.com/chitunion/Login?appkey=chitunion&signature=SCwstLYQdwzBiIPUKkJJ506nArg%3d&timestamp=201706271058
2017-06-27 10:58:58,689 [11] ERROR XYAuto.ITSC.Chitunion2017.BLL.Loger [(null)] - [Login]ErrorMessage:登录成功
2017-06-27 11:20:15,196 [6] ERROR XYAuto.ITSC.Chitunion2017.BLL.Loger [(null)] - [Login]原始签名:chitunion38B5BB53-0719-4691-9BB8-48224EB27A801234.abc2017062711201810707374
2017-06-27 11:20:15,215 [6] ERROR XYAuto.ITSC.Chitunion2017.BLL.Loger [(null)] - [Login]SHA1BASE64签名:OMH/kvo0/axZv5ezGovv0iJanAU=
2017-06-27 11:20:15,215 [6] ERROR XYAuto.ITSC.Chitunion2017.BLL.Loger [(null)] - [Login]UrlEncode签名:OMH%2fkvo0%2faxZv5ezGovv0iJanAU%3d
2017-06-27 11:20:15,215 [6] ERROR XYAuto.ITSC.Chitunion2017.BLL.Loger [(null)] - [Login]httpUrl:http://api.xingyuanauto.com/chitunion/Login?appkey=chitunion&signature=OMH%2fkvo0%2faxZv5ezGovv0iJanAU%3d&timestamp=201706271120
2017-06-27 11:20:15,482 [6] ERROR XYAuto.ITSC.Chitunion2017.BLL.Loger [(null)] - [Login]ErrorMessage:登录成功
