2017-05-17 10:37:38,596 [42] INFO  XYAuto.ITSC.Chitunion2017.BLL.Loger [(null)] - 上传文件物理路径：D:\GitRoot（C）\A5信息系统研发\销售业务管理平台\赤兔联盟系统\XYAuto.ITSC.Chitunion2017.Upload/UploadFiles/2017/5/17/10/粘贴图片$102a3027-9ca8-42f7-831a-cb9111cc75f7.jpg
2017-05-17 10:38:57,831 [37] INFO  XYAuto.ITSC.Chitunion2017.BLL.Loger [(null)] - 上传文件物理路径：D:\GitRoot（C）\A5信息系统研发\销售业务管理平台\赤兔联盟系统\XYAuto.ITSC.Chitunion2017.Upload/UploadFiles/2017/5/17/10/粘贴图片$6ed11895-efc5-4d0b-89bf-6f3712bd9097.jpg
2017-05-17 10:42:33,308 [34] INFO  XYAuto.ITSC.Chitunion2017.BLL.Loger [(null)] - 开始处理上传文件逻辑
2017-05-17 10:42:33,357 [34] INFO  XYAuto.ITSC.Chitunion2017.BLL.Loger [(null)] - 上传文件物理路径：D:\GitRoot（C）\A5信息系统研发\销售业务管理平台\赤兔联盟系统\XYAuto.ITSC.Chitunion2017.Upload/UploadFiles/2017/5/17/10/粘贴图片$abe60d47-8f78-4029-a630-868f8973b2c9.jpg
2017-05-17 10:43:25,988 [39] INFO  XYAuto.ITSC.Chitunion2017.BLL.Loger [(null)] - 开始处理上传文件逻辑
2017-05-17 10:43:26,031 [39] INFO  XYAuto.ITSC.Chitunion2017.BLL.Loger [(null)] - 上传文件物理路径：D:\GitRoot（C）\A5信息系统研发\销售业务管理平台\赤兔联盟系统\XYAuto.ITSC.Chitunion2017.Upload/UploadFiles/2017/5/17/10/粘贴图片$2ad9d2e1-6cb5-4703-b330-763e014072d3.jpg
2017-05-17 10:45:38,048 [33] INFO  XYAuto.ITSC.Chitunion2017.BLL.Loger [(null)] - 开始处理上传文件逻辑
2017-05-17 10:45:38,100 [33] INFO  XYAuto.ITSC.Chitunion2017.BLL.Loger [(null)] - 上传文件物理路径：D:\GitRoot（C）\A5信息系统研发\销售业务管理平台\赤兔联盟系统\XYAuto.ITSC.Chitunion2017.Upload/UploadFiles/2017/5/17/10/粘贴图片$56147ba4-68d2-4050-9fa3-1dd10bdaf482.jpg
2017-05-17 10:49:15,256 [28] INFO  XYAuto.ITSC.Chitunion2017.BLL.Loger [(null)] - 开始处理上传文件逻辑
2017-05-17 10:49:15,268 [28] INFO  XYAuto.ITSC.Chitunion2017.BLL.Loger [(null)] - 上传文件物理路径：D:\GitRoot（C）\A5信息系统研发\销售业务管理平台\赤兔联盟系统\XYAuto.ITSC.Chitunion2017.Upload/UploadFiles/2017/5/17/10/粘贴图片$ac9b7c1e-ac4e-4f5f-9522-69c19205f6a0.jpg
2017-05-17 10:53:18,234 [28] INFO  XYAuto.ITSC.Chitunion2017.BLL.Loger [(null)] - 开始处理上传文件逻辑
2017-05-17 10:53:18,239 [28] INFO  XYAuto.ITSC.Chitunion2017.BLL.Loger [(null)] - 上传文件物理路径：D:\GitRoot（C）\A5信息系统研发\销售业务管理平台\赤兔联盟系统\XYAuto.ITSC.Chitunion2017.Upload/UploadFiles/2017/5/17/10/abc$b707b492-2314-493c-b48b-53f8cfb45ab9.png
2017-05-17 10:54:56,247 [16] INFO  XYAuto.ITSC.Chitunion2017.BLL.Loger [(null)] - 开始处理上传文件逻辑
2017-05-17 10:54:56,252 [16] INFO  XYAuto.ITSC.Chitunion2017.BLL.Loger [(null)] - 上传文件物理路径：D:\GitRoot（C）\A5信息系统研发\销售业务管理平台\赤兔联盟系统\XYAuto.ITSC.Chitunion2017.Upload/UploadFiles/2017/5/17/10/abc$1e931420-067c-4d43-806e-26cfee78572d.png
2017-05-17 10:56:18,701 [7] INFO  XYAuto.ITSC.Chitunion2017.BLL.Loger [(null)] - 开始处理上传文件逻辑
2017-05-17 10:56:18,712 [7] INFO  XYAuto.ITSC.Chitunion2017.BLL.Loger [(null)] - 上传文件物理路径：D:\GitRoot（C）\A5信息系统研发\销售业务管理平台\赤兔联盟系统\XYAuto.ITSC.Chitunion2017.Upload/UploadFiles/2017/5/17/10/粘贴图片$058d4c1e-ba97-433a-a6e3-4d62e50c107a.jpg
2017-05-17 10:56:31,230 [8] INFO  XYAuto.ITSC.Chitunion2017.BLL.Loger [(null)] - 开始处理上传文件逻辑
2017-05-17 10:56:31,240 [8] INFO  XYAuto.ITSC.Chitunion2017.BLL.Loger [(null)] - 上传文件物理路径：D:\GitRoot（C）\A5信息系统研发\销售业务管理平台\赤兔联盟系统\XYAuto.ITSC.Chitunion2017.Upload/UploadFiles/2017/5/17/10/粘贴图片$815206db-2d42-4a90-813a-c5c505c82f2f.jpg
2017-05-17 17:17:35,525 [49] ERROR XYAuto.ITSC.Chitunion2017.BLL.Loger [(null)] - [HandlerImport]BatchImport
System.NullReferenceException: 未将对象引用设置到对象的实例。
   在 XYAuto.ITSC.Chitunion2017.Web.AjaxServers.UploadFile.SaveFile(String& fileName, String& filePath, UploadResult& ur) 位置 D:\GitRoot（C）\A5信息系统研发\销售业务管理平台\赤兔联盟系统\XYAuto.ITSC.Chitunion2017.Web\AjaxServers\UploadFile.ashx.cs:行号 179
   在 XYAuto.ITSC.Chitunion2017.Web.AjaxServers.UploadFile.BatchImport(UploadResult& ur) 位置 D:\GitRoot（C）\A5信息系统研发\销售业务管理平台\赤兔联盟系统\XYAuto.ITSC.Chitunion2017.Web\AjaxServers\UploadFile.ashx.cs:行号 150
2017-05-17 17:22:06,479 [36] ERROR XYAuto.ITSC.Chitunion2017.BLL.Loger [(null)] - [HandlerImport]BatchImport
System.NullReferenceException: 未将对象引用设置到对象的实例。
   在 XYAuto.ITSC.Chitunion2017.Web.AjaxServers.UploadFile.SaveFile(String& fileName, String& filePath, UploadResult& ur) 位置 D:\GitRoot（C）\A5信息系统研发\销售业务管理平台\赤兔联盟系统\XYAuto.ITSC.Chitunion2017.Web\AjaxServers\UploadFile.ashx.cs:行号 179
   在 XYAuto.ITSC.Chitunion2017.Web.AjaxServers.UploadFile.BatchImport(UploadResult& ur) 位置 D:\GitRoot（C）\A5信息系统研发\销售业务管理平台\赤兔联盟系统\XYAuto.ITSC.Chitunion2017.Web\AjaxServers\UploadFile.ashx.cs:行号 150
2017-05-17 17:23:25,410 [49] ERROR XYAuto.ITSC.Chitunion2017.BLL.Loger [(null)] - [HandlerImport]BatchImport
System.NullReferenceException: 未将对象引用设置到对象的实例。
   在 XYAuto.ITSC.Chitunion2017.Web.AjaxServers.UploadFile.SaveFile(String& fileName, String& filePath, UploadResult& ur) 位置 D:\GitRoot（C）\A5信息系统研发\销售业务管理平台\赤兔联盟系统\XYAuto.ITSC.Chitunion2017.Web\AjaxServers\UploadFile.ashx.cs:行号 179
   在 XYAuto.ITSC.Chitunion2017.Web.AjaxServers.UploadFile.BatchImport(UploadResult& ur) 位置 D:\GitRoot（C）\A5信息系统研发\销售业务管理平台\赤兔联盟系统\XYAuto.ITSC.Chitunion2017.Web\AjaxServers\UploadFile.ashx.cs:行号 150
2017-05-17 17:25:08,881 [61] ERROR XYAuto.ITSC.Chitunion2017.BLL.Loger [(null)] - [HandlerImport]BatchImport
System.NullReferenceException: 未将对象引用设置到对象的实例。
   在 XYAuto.ITSC.Chitunion2017.Web.AjaxServers.UploadFile.SaveFile(String& fileName, String& filePath, UploadResult& ur) 位置 D:\GitRoot（C）\A5信息系统研发\销售业务管理平台\赤兔联盟系统\XYAuto.ITSC.Chitunion2017.Web\AjaxServers\UploadFile.ashx.cs:行号 179
   在 XYAuto.ITSC.Chitunion2017.Web.AjaxServers.UploadFile.BatchImport(UploadResult& ur) 位置 D:\GitRoot（C）\A5信息系统研发\销售业务管理平台\赤兔联盟系统\XYAuto.ITSC.Chitunion2017.Web\AjaxServers\UploadFile.ashx.cs:行号 150
2017-05-17 17:31:35,686 [63] ERROR XYAuto.ITSC.Chitunion2017.BLL.Loger [(null)] - [HandlerImport]BatchImport
System.NullReferenceException: 未将对象引用设置到对象的实例。
   在 XYAuto.ITSC.Chitunion2017.Web.AjaxServers.UploadFile.SaveFile(String& fileName, String& filePath, UploadResult& ur) 位置 D:\GitRoot（C）\A5信息系统研发\销售业务管理平台\赤兔联盟系统\XYAuto.ITSC.Chitunion2017.Web\AjaxServers\UploadFile.ashx.cs:行号 179
   在 XYAuto.ITSC.Chitunion2017.Web.AjaxServers.UploadFile.BatchImport(UploadResult& ur) 位置 D:\GitRoot（C）\A5信息系统研发\销售业务管理平台\赤兔联盟系统\XYAuto.ITSC.Chitunion2017.Web\AjaxServers\UploadFile.ashx.cs:行号 150
2017-05-17 17:43:00,029 [44] ERROR XYAuto.ITSC.Chitunion2017.BLL.Loger [(null)] - [HandlerImport]BatchImport
System.NullReferenceException: 未将对象引用设置到对象的实例。
   在 XYAuto.ITSC.Chitunion2017.Web.AjaxServers.UploadFile.SaveFile(String& fileName, String& filePath, UploadResult& ur) 位置 D:\GitRoot（C）\A5信息系统研发\销售业务管理平台\赤兔联盟系统\XYAuto.ITSC.Chitunion2017.Web\AjaxServers\UploadFile.ashx.cs:行号 179
   在 XYAuto.ITSC.Chitunion2017.Web.AjaxServers.UploadFile.BatchImport(UploadResult& ur) 位置 D:\GitRoot（C）\A5信息系统研发\销售业务管理平台\赤兔联盟系统\XYAuto.ITSC.Chitunion2017.Web\AjaxServers\UploadFile.ashx.cs:行号 150
