2018-05-30 17:57:24,822 [7] INFO  BaseLog [(null)] - 
请求的url地址：http://admin1.chitunion.com/api/WeChatManage/GetMenuData
执行的时间:419.112ms
请求的参数:{}
返回的结果:{"Status":0,"Message":"OK","Result":[{"WxNum":"赤兔联盟","AppId":"wxf0eea6fec2756b45","AppSecret":null,"MenuClickList":[{"EventKey":"Communication","MediaId":"iILfQPvCWmUanyvN-9GyZKxZeTlMDUwcYiUQvOOy1rA","Desc":"活动・服务-社群福利"},{"EventKey":"Communication","MediaId":"iILfQPvCWmUanyvN-9GyZKxZeTlMDUwcYiUQvOOy1rA","Desc":"活动・服务-社群福利"}]}],"IsOverdue":null}

2018-05-30 17:57:35,264 [7] INFO  BaseLog [(null)] - 
请求的url地址：http://admin1.chitunion.com/api/WeChatManage/GetMenuData
执行的时间:0ms
请求的参数:{}
返回的结果:{"Status":0,"Message":"OK","Result":[{"WxNum":"赤兔联盟","AppId":"wxf0eea6fec2756b45","AppSecret":null,"MenuClickList":[{"EventKey":"Communication","MediaId":"iILfQPvCWmUanyvN-9GyZKxZeTlMDUwcYiUQvOOy1rA","Desc":"活动・服务-社群福利"},{"EventKey":"Communication","MediaId":"iILfQPvCWmUanyvN-9GyZKxZeTlMDUwcYiUQvOOy1rA","Desc":"活动・服务-社群福利"}]}],"IsOverdue":null}

2018-05-30 17:58:01,267 [8] INFO  BaseLog [(null)] - [IsAuthorized]IsCheckIP=False,IsCheckLogin=True,CheckModuleRight=,用户请求的地址=http://admin1.chitunion.com/api/WeChatManage/GetWxTempData,UrlRefer=http://admin1.chitunion.com/wechatmanager/sendtempmsg.html
2018-05-30 17:58:01,293 [8] INFO  BaseLog [(null)] - 
请求的url地址：http://admin1.chitunion.com/api/WeChatManage/GetWxTempData
执行的时间:10.0266ms
请求的参数:{"CheckLogin":true}
返回的结果:{"Status":0,"Message":"OK","Result":[{"WxNum":"赤兔联盟","AppId":"wxf0eea6fec2756b45","AppSecret":null,"TempList":[{"Id":"xcYZULiFuEkq5BXtY_EjLSiBXonOeVDhYmben6ub2QE","Title":"活动成行通知","Content":"{{first.DATA}}<br/>活动名：{{keyword1.DATA}}<br/>报名人数：{{keyword2.DATA}}<br/>{{remark.DATA}}","Desc":"你发起的活动太火，报名踊跃，活动已确定成行，您可以到活动页面去设置哪些人获得“早到奖”了。玩的开心！<br/>活动名：深圳的中秋活动<br/>报名人数：9<br/>感谢使用，查看活动详情>>;","Paras":"first,keyword1,keyword2,remark"},{"Id":"xxx","Title":"收益到账提醒","Content":"{{first.DATA}}<br/>到帐时间：{{keyword1.DATA}}<br/>到账金额：{{keyword2.DATA}}<br/>收益产品：{{keyword3.DATA}}<br/>{{remark.DATA}}","Desc":"您有一笔收益已经到账，请注意查收\r\n到帐时间：2015年5月13日  14：29：29<br/>到账金额：10000元<br/>收益产品：某某产品<br/>感谢您的支持！","Paras":"first,keyword1,keyword2,keyword3,remark"}]}],"IsOverdue":null}

2018-05-30 17:58:01,391 [7] INFO  BaseLog [(null)] - [IsAuthorized]IsCheckIP=False,IsCheckLogin=True,CheckModuleRight=,用户请求的地址=http://admin1.chitunion.com/api/Authorize/GetMenuInfo,UrlRefer=http://admin1.chitunion.com/wechatmanager/sendtempmsg.html
2018-05-30 18:02:15,022 [9] INFO  BaseLog [(null)] - 
请求的url地址：http://admin1.chitunion.com/api/WeChatManage/GetMenuData?appid=wxf0eea6fec2756b45
执行的时间:536.4327ms
请求的参数:{"appid":"wxf0eea6fec2756b45"}
返回的结果:{"Status":0,"Message":"","Result":{"button":[{"url":"http://wxtest-ct.qichedaquan.com/index.html?channel=h5ctlmcaidan","type":"view","name":"??抢单赚钱"},{"sub_button":[{"url":"http://wxtest-ct.qichedaquan.com/cashManager/accountInfo.html?channel=h5ctlmcaidan","type":"view","name":"余额提现"},{"url":"http://wxtest-ct.qichedaquan.com/accountManager/order_list.html?channel=h5ctlmcaidan","type":"view","name":"我的订单"},{"url":"http://wxtest-ct.qichedaquan.com/cashManager/profitList.html?channel=h5ctlmcaidan","type":"view","name":"收益明细"},{"url":"http://wxtest-ct.qichedaquan.com/userManager/userinfo.html?channel=h5ctlmcaidan","type":"view","name":"个人信息"}],"name":"我的收益"},{"sub_button":[{"url":"https://www.wjx.cn/jq/23812303.aspx","type":"view","name":"有奖问卷"},{"url":"https://mp.weixin.qq.com/s/Mqb8Va7uTBds44fWY_YFtA","type":"view","name":"签到有礼"},{"url":"http://wxtest-ct.qichedaquan.com/inviteManager/invite.html?channel=h5ctlmcaidan","type":"view","name":"邀请有礼"},{"key":"Communication","type":"click","name":"社群福利"},{"url":"http://wxtest-ct.qichedaquan.com/cashManager/rule.html?channel=h5ctlmcaidan","type":"view","name":"帮助中心"}],"name":"活动・服务"}]},"IsOverdue":null}

2018-05-30 18:10:28,776 [27] INFO  BaseLog [(null)] - 
请求的url地址：http://admin1.chitunion.com/api/WeChatManage/GetMenuData?appid=wxf0eea6fec2756b45
执行的时间:432.1512ms
请求的参数:{"appid":"wxf0eea6fec2756b45"}
返回的结果:{"Status":0,"Message":"","Result":[{"url":"http://wxtest-ct.qichedaquan.com/index.html?channel=h5ctlmcaidan","type":"view","name":"??抢单赚钱"},{"sub_button":[{"url":"http://wxtest-ct.qichedaquan.com/cashManager/accountInfo.html?channel=h5ctlmcaidan","type":"view","name":"余额提现"},{"url":"http://wxtest-ct.qichedaquan.com/accountManager/order_list.html?channel=h5ctlmcaidan","type":"view","name":"我的订单"},{"url":"http://wxtest-ct.qichedaquan.com/cashManager/profitList.html?channel=h5ctlmcaidan","type":"view","name":"收益明细"},{"url":"http://wxtest-ct.qichedaquan.com/userManager/userinfo.html?channel=h5ctlmcaidan","type":"view","name":"个人信息"}],"name":"我的收益"},{"sub_button":[{"url":"https://www.wjx.cn/jq/23812303.aspx","type":"view","name":"有奖问卷"},{"url":"https://mp.weixin.qq.com/s/Mqb8Va7uTBds44fWY_YFtA","type":"view","name":"签到有礼"},{"url":"http://wxtest-ct.qichedaquan.com/inviteManager/invite.html?channel=h5ctlmcaidan","type":"view","name":"邀请有礼"},{"key":"Communication","type":"click","name":"社群福利"},{"url":"http://wxtest-ct.qichedaquan.com/cashManager/rule.html?channel=h5ctlmcaidan","type":"view","name":"帮助中心"}],"name":"活动・服务"}],"IsOverdue":null}

