2018-02-02 19:45:09,346 [6] INFO  BaseLog [(null)] - AddWebCacheByMobile begin 手机号:13146611863，content:1234
2018-02-02 19:45:09,384 [6] INFO  BaseLog [(null)] - AddWebCacheByMobile出错 手机号:13146611863
2018-02-02 19:45:09,400 [6] INFO  BaseLog [(null)] - AddWebCacheByMobile出错:未将对象引用设置到对象的实例。,StackTrace:   在 XYAuto.ITSC.Chitunion2017.BLL.Util.AddWebCacheByMobile(String mobile, String content, Int32 times) 位置 D:\GitRoot（C）\A5信息系统研发\销售业务管理平台\赤兔联盟系统\XYAuto.ITSC.Chitunion2017.BLL\Util.cs:行号 2861
2018-02-02 19:45:09,401 [6] INFO  BaseLog [(null)] - GetMobileCheckCodeByCache begin mobile:13146611863
2018-02-02 19:45:09,401 [6] INFO  BaseLog [(null)] - GetMobileCheckCodeByCache出错 手机号:13146611863
2018-02-02 19:45:09,402 [6] INFO  BaseLog [(null)] - GetMobileCheckCodeByCache出错:未将对象引用设置到对象的实例。,StackTrace:   在 XYAuto.ITSC.Chitunion2017.BLL.Util.GetMobileCheckCodeByCache(String mobile) 位置 D:\GitRoot（C）\A5信息系统研发\销售业务管理平台\赤兔联盟系统\XYAuto.ITSC.Chitunion2017.BLL\Util.cs:行号 2892
2018-02-02 19:45:09,402 [6] INFO  BaseLog [(null)] - GetMobileCheckCodeByCache begin mobile:13146611863
2018-02-02 19:45:09,402 [6] INFO  BaseLog [(null)] - GetMobileCheckCodeByCache出错 手机号:13146611863
2018-02-02 19:45:09,402 [6] INFO  BaseLog [(null)] - GetMobileCheckCodeByCache出错:未将对象引用设置到对象的实例。,StackTrace:   在 XYAuto.ITSC.Chitunion2017.BLL.Util.GetMobileCheckCodeByCache(String mobile) 位置 D:\GitRoot（C）\A5信息系统研发\销售业务管理平台\赤兔联盟系统\XYAuto.ITSC.Chitunion2017.BLL\Util.cs:行号 2892
2018-02-02 19:45:09,402 [6] INFO  BaseLog [(null)] - GetMobileCheckCodeByCache begin mobile:13146611863
2018-02-02 19:45:09,402 [6] INFO  BaseLog [(null)] - GetMobileCheckCodeByCache出错 手机号:13146611863
2018-02-02 19:45:09,402 [6] INFO  BaseLog [(null)] - GetMobileCheckCodeByCache出错:未将对象引用设置到对象的实例。,StackTrace:   在 XYAuto.ITSC.Chitunion2017.BLL.Util.GetMobileCheckCodeByCache(String mobile) 位置 D:\GitRoot（C）\A5信息系统研发\销售业务管理平台\赤兔联盟系统\XYAuto.ITSC.Chitunion2017.BLL\Util.cs:行号 2892
2018-02-02 19:45:09,402 [6] INFO  BaseLog [(null)] - GetMobileCheckCodeByCache begin mobile:13146611863
2018-02-02 19:45:09,402 [6] INFO  BaseLog [(null)] - GetMobileCheckCodeByCache出错 手机号:13146611863
2018-02-02 19:45:09,402 [6] INFO  BaseLog [(null)] - GetMobileCheckCodeByCache出错:未将对象引用设置到对象的实例。,StackTrace:   在 XYAuto.ITSC.Chitunion2017.BLL.Util.GetMobileCheckCodeByCache(String mobile) 位置 D:\GitRoot（C）\A5信息系统研发\销售业务管理平台\赤兔联盟系统\XYAuto.ITSC.Chitunion2017.BLL\Util.cs:行号 2892
2018-02-02 19:45:59,012 [12] INFO  BaseLog [(null)] - AddWebCacheByMobile begin 手机号:13146611863，content:1234
2018-02-02 19:46:21,390 [12] INFO  BaseLog [(null)] - AddWebCacheByMobile出错 手机号:13146611863
2018-02-02 19:46:21,391 [12] INFO  BaseLog [(null)] - AddWebCacheByMobile出错:未将对象引用设置到对象的实例。,StackTrace:   在 XYAuto.ITSC.Chitunion2017.BLL.Util.AddWebCacheByMobile(String mobile, String content, Int32 times) 位置 D:\GitRoot（C）\A5信息系统研发\销售业务管理平台\赤兔联盟系统\XYAuto.ITSC.Chitunion2017.BLL\Util.cs:行号 2861
2018-02-02 19:46:21,391 [12] INFO  BaseLog [(null)] - GetMobileCheckCodeByCache begin mobile:13146611863
2018-02-02 19:46:21,469 [12] INFO  BaseLog [(null)] - GetMobileCheckCodeByCache出错 手机号:13146611863
2018-02-02 19:46:21,469 [12] INFO  BaseLog [(null)] - GetMobileCheckCodeByCache出错:未将对象引用设置到对象的实例。,StackTrace:   在 XYAuto.ITSC.Chitunion2017.BLL.Util.GetMobileCheckCodeByCache(String mobile) 位置 D:\GitRoot（C）\A5信息系统研发\销售业务管理平台\赤兔联盟系统\XYAuto.ITSC.Chitunion2017.BLL\Util.cs:行号 2892
2018-02-02 19:46:21,469 [12] INFO  BaseLog [(null)] - GetMobileCheckCodeByCache begin mobile:13146611863
2018-02-02 19:46:21,483 [12] INFO  BaseLog [(null)] - GetMobileCheckCodeByCache出错 手机号:13146611863
2018-02-02 19:46:21,483 [12] INFO  BaseLog [(null)] - GetMobileCheckCodeByCache出错:未将对象引用设置到对象的实例。,StackTrace:   在 XYAuto.ITSC.Chitunion2017.BLL.Util.GetMobileCheckCodeByCache(String mobile) 位置 D:\GitRoot（C）\A5信息系统研发\销售业务管理平台\赤兔联盟系统\XYAuto.ITSC.Chitunion2017.BLL\Util.cs:行号 2892
2018-02-02 19:46:21,483 [12] INFO  BaseLog [(null)] - GetMobileCheckCodeByCache begin mobile:13146611863
2018-02-02 19:46:21,502 [12] INFO  BaseLog [(null)] - GetMobileCheckCodeByCache出错 手机号:13146611863
2018-02-02 19:46:21,502 [12] INFO  BaseLog [(null)] - GetMobileCheckCodeByCache出错:未将对象引用设置到对象的实例。,StackTrace:   在 XYAuto.ITSC.Chitunion2017.BLL.Util.GetMobileCheckCodeByCache(String mobile) 位置 D:\GitRoot（C）\A5信息系统研发\销售业务管理平台\赤兔联盟系统\XYAuto.ITSC.Chitunion2017.BLL\Util.cs:行号 2892
2018-02-02 19:46:21,502 [12] INFO  BaseLog [(null)] - GetMobileCheckCodeByCache begin mobile:13146611863
2018-02-02 19:46:21,528 [12] INFO  BaseLog [(null)] - GetMobileCheckCodeByCache出错 手机号:13146611863
2018-02-02 19:46:21,529 [12] INFO  BaseLog [(null)] - GetMobileCheckCodeByCache出错:未将对象引用设置到对象的实例。,StackTrace:   在 XYAuto.ITSC.Chitunion2017.BLL.Util.GetMobileCheckCodeByCache(String mobile) 位置 D:\GitRoot（C）\A5信息系统研发\销售业务管理平台\赤兔联盟系统\XYAuto.ITSC.Chitunion2017.BLL\Util.cs:行号 2892
2018-02-02 19:46:30,105 [6] INFO  BaseLog [(null)] - AddWebCacheByMobile begin 手机号:13146611863，content:1234
2018-02-02 19:46:50,173 [6] INFO  BaseLog [(null)] - AddWebCacheByMobile出错 手机号:13146611863
2018-02-02 19:46:50,173 [6] INFO  BaseLog [(null)] - AddWebCacheByMobile出错:未将对象引用设置到对象的实例。,StackTrace:   在 XYAuto.ITSC.Chitunion2017.BLL.Util.AddWebCacheByMobile(String mobile, String content, Int32 times) 位置 D:\GitRoot（C）\A5信息系统研发\销售业务管理平台\赤兔联盟系统\XYAuto.ITSC.Chitunion2017.BLL\Util.cs:行号 2861
2018-02-02 19:46:50,173 [6] INFO  BaseLog [(null)] - GetMobileCheckCodeByCache begin mobile:13146611863
2018-02-02 19:46:50,173 [6] INFO  BaseLog [(null)] - GetMobileCheckCodeByCache出错 手机号:13146611863
2018-02-02 19:46:50,173 [6] INFO  BaseLog [(null)] - GetMobileCheckCodeByCache出错:未将对象引用设置到对象的实例。,StackTrace:   在 XYAuto.ITSC.Chitunion2017.BLL.Util.GetMobileCheckCodeByCache(String mobile) 位置 D:\GitRoot（C）\A5信息系统研发\销售业务管理平台\赤兔联盟系统\XYAuto.ITSC.Chitunion2017.BLL\Util.cs:行号 2892
2018-02-02 19:46:50,173 [6] INFO  BaseLog [(null)] - GetMobileCheckCodeByCache begin mobile:13146611863
2018-02-02 19:46:50,174 [6] INFO  BaseLog [(null)] - GetMobileCheckCodeByCache出错 手机号:13146611863
2018-02-02 19:46:50,174 [6] INFO  BaseLog [(null)] - GetMobileCheckCodeByCache出错:未将对象引用设置到对象的实例。,StackTrace:   在 XYAuto.ITSC.Chitunion2017.BLL.Util.GetMobileCheckCodeByCache(String mobile) 位置 D:\GitRoot（C）\A5信息系统研发\销售业务管理平台\赤兔联盟系统\XYAuto.ITSC.Chitunion2017.BLL\Util.cs:行号 2892
2018-02-02 19:46:50,174 [6] INFO  BaseLog [(null)] - GetMobileCheckCodeByCache begin mobile:13146611863
2018-02-02 19:46:50,174 [6] INFO  BaseLog [(null)] - GetMobileCheckCodeByCache出错 手机号:13146611863
2018-02-02 19:46:50,174 [6] INFO  BaseLog [(null)] - GetMobileCheckCodeByCache出错:未将对象引用设置到对象的实例。,StackTrace:   在 XYAuto.ITSC.Chitunion2017.BLL.Util.GetMobileCheckCodeByCache(String mobile) 位置 D:\GitRoot（C）\A5信息系统研发\销售业务管理平台\赤兔联盟系统\XYAuto.ITSC.Chitunion2017.BLL\Util.cs:行号 2892
2018-02-02 19:46:50,174 [6] INFO  BaseLog [(null)] - GetMobileCheckCodeByCache begin mobile:13146611863
2018-02-02 19:46:50,174 [6] INFO  BaseLog [(null)] - GetMobileCheckCodeByCache出错 手机号:13146611863
2018-02-02 19:46:50,174 [6] INFO  BaseLog [(null)] - GetMobileCheckCodeByCache出错:未将对象引用设置到对象的实例。,StackTrace:   在 XYAuto.ITSC.Chitunion2017.BLL.Util.GetMobileCheckCodeByCache(String mobile) 位置 D:\GitRoot（C）\A5信息系统研发\销售业务管理平台\赤兔联盟系统\XYAuto.ITSC.Chitunion2017.BLL\Util.cs:行号 2892
2018-02-02 19:47:39,167 [12] INFO  BaseLog [(null)] - AddWebCacheByMobile begin 手机号:13146611863，content:1234
2018-02-02 19:47:39,168 [12] INFO  BaseLog [(null)] - AddWebCacheByMobile出错 手机号:13146611863
2018-02-02 19:47:39,168 [12] INFO  BaseLog [(null)] - AddWebCacheByMobile出错:未将对象引用设置到对象的实例。,StackTrace:   在 XYAuto.ITSC.Chitunion2017.BLL.Util.AddWebCacheByMobile(String mobile, String content, Int32 times) 位置 D:\GitRoot（C）\A5信息系统研发\销售业务管理平台\赤兔联盟系统\XYAuto.ITSC.Chitunion2017.BLL\Util.cs:行号 2861
2018-02-02 19:47:39,168 [12] INFO  BaseLog [(null)] - GetMobileCheckCodeByCache begin mobile:13146611863
2018-02-02 19:47:39,168 [12] INFO  BaseLog [(null)] - GetMobileCheckCodeByCache出错 手机号:13146611863
2018-02-02 19:47:39,168 [12] INFO  BaseLog [(null)] - GetMobileCheckCodeByCache出错:未将对象引用设置到对象的实例。,StackTrace:   在 XYAuto.ITSC.Chitunion2017.BLL.Util.GetMobileCheckCodeByCache(String mobile) 位置 D:\GitRoot（C）\A5信息系统研发\销售业务管理平台\赤兔联盟系统\XYAuto.ITSC.Chitunion2017.BLL\Util.cs:行号 2892
2018-02-02 19:47:39,168 [12] INFO  BaseLog [(null)] - GetMobileCheckCodeByCache begin mobile:13146611863
2018-02-02 19:47:39,168 [12] INFO  BaseLog [(null)] - GetMobileCheckCodeByCache出错 手机号:13146611863
2018-02-02 19:47:39,168 [12] INFO  BaseLog [(null)] - GetMobileCheckCodeByCache出错:未将对象引用设置到对象的实例。,StackTrace:   在 XYAuto.ITSC.Chitunion2017.BLL.Util.GetMobileCheckCodeByCache(String mobile) 位置 D:\GitRoot（C）\A5信息系统研发\销售业务管理平台\赤兔联盟系统\XYAuto.ITSC.Chitunion2017.BLL\Util.cs:行号 2892
2018-02-02 19:47:39,168 [12] INFO  BaseLog [(null)] - GetMobileCheckCodeByCache begin mobile:13146611863
2018-02-02 19:47:39,169 [12] INFO  BaseLog [(null)] - GetMobileCheckCodeByCache出错 手机号:13146611863
2018-02-02 19:47:39,169 [12] INFO  BaseLog [(null)] - GetMobileCheckCodeByCache出错:未将对象引用设置到对象的实例。,StackTrace:   在 XYAuto.ITSC.Chitunion2017.BLL.Util.GetMobileCheckCodeByCache(String mobile) 位置 D:\GitRoot（C）\A5信息系统研发\销售业务管理平台\赤兔联盟系统\XYAuto.ITSC.Chitunion2017.BLL\Util.cs:行号 2892
2018-02-02 19:47:39,169 [12] INFO  BaseLog [(null)] - GetMobileCheckCodeByCache begin mobile:13146611863
2018-02-02 19:47:39,169 [12] INFO  BaseLog [(null)] - GetMobileCheckCodeByCache出错 手机号:13146611863
2018-02-02 19:47:39,169 [12] INFO  BaseLog [(null)] - GetMobileCheckCodeByCache出错:未将对象引用设置到对象的实例。,StackTrace:   在 XYAuto.ITSC.Chitunion2017.BLL.Util.GetMobileCheckCodeByCache(String mobile) 位置 D:\GitRoot（C）\A5信息系统研发\销售业务管理平台\赤兔联盟系统\XYAuto.ITSC.Chitunion2017.BLL\Util.cs:行号 2892
2018-02-02 19:48:21,473 [6] INFO  BaseLog [(null)] - AddWebCacheByMobile begin 手机号:13146611863，content:1234
2018-02-02 19:48:31,720 [6] INFO  BaseLog [(null)] - AddWebCacheByMobile出错 手机号:13146611863
2018-02-02 19:48:31,720 [6] INFO  BaseLog [(null)] - AddWebCacheByMobile出错:未将对象引用设置到对象的实例。,StackTrace:   在 XYAuto.ITSC.Chitunion2017.BLL.Util.AddWebCacheByMobile(String mobile, String content, Int32 times) 位置 D:\GitRoot（C）\A5信息系统研发\销售业务管理平台\赤兔联盟系统\XYAuto.ITSC.Chitunion2017.BLL\Util.cs:行号 2861
2018-02-02 19:48:31,720 [6] INFO  BaseLog [(null)] - GetMobileCheckCodeByCache begin mobile:13146611863
2018-02-02 19:48:31,721 [6] INFO  BaseLog [(null)] - GetMobileCheckCodeByCache出错 手机号:13146611863
2018-02-02 19:48:31,721 [6] INFO  BaseLog [(null)] - GetMobileCheckCodeByCache出错:未将对象引用设置到对象的实例。,StackTrace:   在 XYAuto.ITSC.Chitunion2017.BLL.Util.GetMobileCheckCodeByCache(String mobile) 位置 D:\GitRoot（C）\A5信息系统研发\销售业务管理平台\赤兔联盟系统\XYAuto.ITSC.Chitunion2017.BLL\Util.cs:行号 2892
2018-02-02 19:48:31,721 [6] INFO  BaseLog [(null)] - GetMobileCheckCodeByCache begin mobile:13146611863
2018-02-02 19:48:31,721 [6] INFO  BaseLog [(null)] - GetMobileCheckCodeByCache出错 手机号:13146611863
2018-02-02 19:48:31,721 [6] INFO  BaseLog [(null)] - GetMobileCheckCodeByCache出错:未将对象引用设置到对象的实例。,StackTrace:   在 XYAuto.ITSC.Chitunion2017.BLL.Util.GetMobileCheckCodeByCache(String mobile) 位置 D:\GitRoot（C）\A5信息系统研发\销售业务管理平台\赤兔联盟系统\XYAuto.ITSC.Chitunion2017.BLL\Util.cs:行号 2892
2018-02-02 19:48:31,721 [6] INFO  BaseLog [(null)] - GetMobileCheckCodeByCache begin mobile:13146611863
2018-02-02 19:48:31,721 [6] INFO  BaseLog [(null)] - GetMobileCheckCodeByCache出错 手机号:13146611863
2018-02-02 19:48:31,721 [6] INFO  BaseLog [(null)] - GetMobileCheckCodeByCache出错:未将对象引用设置到对象的实例。,StackTrace:   在 XYAuto.ITSC.Chitunion2017.BLL.Util.GetMobileCheckCodeByCache(String mobile) 位置 D:\GitRoot（C）\A5信息系统研发\销售业务管理平台\赤兔联盟系统\XYAuto.ITSC.Chitunion2017.BLL\Util.cs:行号 2892
2018-02-02 19:48:31,721 [6] INFO  BaseLog [(null)] - GetMobileCheckCodeByCache begin mobile:13146611863
2018-02-02 19:48:31,721 [6] INFO  BaseLog [(null)] - GetMobileCheckCodeByCache出错 手机号:13146611863
2018-02-02 19:48:31,721 [6] INFO  BaseLog [(null)] - GetMobileCheckCodeByCache出错:未将对象引用设置到对象的实例。,StackTrace:   在 XYAuto.ITSC.Chitunion2017.BLL.Util.GetMobileCheckCodeByCache(String mobile) 位置 D:\GitRoot（C）\A5信息系统研发\销售业务管理平台\赤兔联盟系统\XYAuto.ITSC.Chitunion2017.BLL\Util.cs:行号 2892
2018-02-02 19:49:22,626 [6] INFO  BaseLog [(null)] - AddWebCacheByMobile begin 手机号:13146611863，content:1234
2018-02-02 19:49:47,177 [6] INFO  BaseLog [(null)] - AddWebCacheByMobile出错 手机号:13146611863
2018-02-02 19:49:47,188 [6] INFO  BaseLog [(null)] - AddWebCacheByMobile出错:无法将类型为“System.Collections.Generic.Dictionary`2[System.String,System.Object]”的对象强制转换为类型“System.String”。,StackTrace:   在 XYAuto.ITSC.Chitunion2017.BLL.Util.AddWebCacheByMobile(String mobile, String content, Int32 times) 位置 D:\GitRoot（C）\A5信息系统研发\销售业务管理平台\赤兔联盟系统\XYAuto.ITSC.Chitunion2017.BLL\Util.cs:行号 2876
2018-02-02 19:49:47,189 [6] INFO  BaseLog [(null)] - GetMobileCheckCodeByCache begin mobile:13146611863
2018-02-02 19:49:47,189 [6] INFO  BaseLog [(null)] - GetMobileCheckCodeByCache end code:1234,Times=1
2018-02-02 19:49:47,189 [6] INFO  BaseLog [(null)] - GetMobileCheckCodeByCache begin mobile:13146611863
2018-02-02 19:49:47,189 [6] INFO  BaseLog [(null)] - GetMobileCheckCodeByCache end code:1234,Times=1
2018-02-02 19:49:47,189 [6] INFO  BaseLog [(null)] - GetMobileCheckCodeByCache begin mobile:13146611863
2018-02-02 19:49:47,189 [6] INFO  BaseLog [(null)] - GetMobileCheckCodeByCache end code:1234,Times=1
2018-02-02 19:49:47,189 [6] INFO  BaseLog [(null)] - GetMobileCheckCodeByCache begin mobile:13146611863
2018-02-02 19:49:47,189 [6] INFO  BaseLog [(null)] - GetMobileCheckCodeByCache end code:1234,Times=1
2018-02-02 19:50:39,359 [6] INFO  BaseLog [(null)] - AddWebCacheByMobile begin 手机号:13146611863，content:1234
2018-02-02 19:50:44,540 [6] INFO  BaseLog [(null)] - AddWebCacheByMobile end 手机号:13146611863,get:System.Collections.Generic.Dictionary`2[System.String,System.Object]
2018-02-02 19:50:54,960 [6] INFO  BaseLog [(null)] - GetMobileCheckCodeByCache begin mobile:13146611863
2018-02-02 19:51:09,683 [6] INFO  BaseLog [(null)] - GetMobileCheckCodeByCache end code:1234,Times=1
2018-02-02 19:51:24,497 [6] INFO  BaseLog [(null)] - GetMobileCheckCodeByCache begin mobile:13146611863
2018-02-02 19:51:24,497 [6] INFO  BaseLog [(null)] - GetMobileCheckCodeByCache end code:1234,Times=1
2018-02-02 19:51:24,497 [6] INFO  BaseLog [(null)] - GetMobileCheckCodeByCache begin mobile:13146611863
2018-02-02 19:51:24,497 [6] INFO  BaseLog [(null)] - GetMobileCheckCodeByCache end code:1234,Times=1
2018-02-02 19:51:24,497 [6] INFO  BaseLog [(null)] - GetMobileCheckCodeByCache begin mobile:13146611863
2018-02-02 19:51:24,497 [6] INFO  BaseLog [(null)] - GetMobileCheckCodeByCache end code:1234,Times=1
2018-02-02 19:53:03,139 [6] INFO  BaseLog [(null)] - AddWebCacheByMobile begin 手机号:13146611863，content:1234
2018-02-02 19:53:09,216 [6] INFO  BaseLog [(null)] - AddWebCacheByMobile end 手机号:13146611863,get:System.Collections.Generic.Dictionary`2[System.String,System.Object]
2018-02-02 19:53:22,824 [6] INFO  BaseLog [(null)] - GetMobileCheckCodeByCache begin mobile:13146611863
2018-02-02 19:53:34,802 [6] INFO  BaseLog [(null)] - GetMobileCheckCodeByCache end code:1234,Times=1
2018-02-02 19:53:46,564 [6] INFO  BaseLog [(null)] - AddWebCacheByMobile begin 手机号:13146611863，content:1234
2018-02-02 19:54:18,599 [6] INFO  BaseLog [(null)] - AddWebCacheByMobile出错 手机号:13146611863
2018-02-02 19:54:18,605 [6] INFO  BaseLog [(null)] - AddWebCacheByMobile出错:已添加了具有相同键的项。,StackTrace:   在 System.ThrowHelper.ThrowArgumentException(ExceptionResource resource)
   在 System.Collections.Generic.Dictionary`2.Insert(TKey key, TValue value, Boolean add)
   在 System.Collections.Generic.Dictionary`2.Add(TKey key, TValue value)
   在 XYAuto.ITSC.Chitunion2017.BLL.Util.AddWebCacheByMobile(String mobile, String content, Int32 times) 位置 D:\GitRoot（C）\A5信息系统研发\销售业务管理平台\赤兔联盟系统\XYAuto.ITSC.Chitunion2017.BLL\Util.cs:行号 2869
2018-02-02 19:54:18,605 [6] INFO  BaseLog [(null)] - GetMobileCheckCodeByCache begin mobile:13146611863
2018-02-02 19:54:18,605 [6] INFO  BaseLog [(null)] - GetMobileCheckCodeByCache end code:1234,Times=1
2018-02-02 19:54:18,605 [6] INFO  BaseLog [(null)] - AddWebCacheByMobile begin 手机号:13146611863，content:1234
2018-02-02 19:54:18,605 [6] INFO  BaseLog [(null)] - AddWebCacheByMobile出错 手机号:13146611863
2018-02-02 19:54:18,605 [6] INFO  BaseLog [(null)] - AddWebCacheByMobile出错:已添加了具有相同键的项。,StackTrace:   在 System.ThrowHelper.ThrowArgumentException(ExceptionResource resource)
   在 System.Collections.Generic.Dictionary`2.Insert(TKey key, TValue value, Boolean add)
   在 System.Collections.Generic.Dictionary`2.Add(TKey key, TValue value)
   在 XYAuto.ITSC.Chitunion2017.BLL.Util.AddWebCacheByMobile(String mobile, String content, Int32 times) 位置 D:\GitRoot（C）\A5信息系统研发\销售业务管理平台\赤兔联盟系统\XYAuto.ITSC.Chitunion2017.BLL\Util.cs:行号 2869
2018-02-02 19:54:18,605 [6] INFO  BaseLog [(null)] - GetMobileCheckCodeByCache begin mobile:13146611863
2018-02-02 19:54:18,605 [6] INFO  BaseLog [(null)] - GetMobileCheckCodeByCache end code:1234,Times=1
2018-02-02 19:54:18,605 [6] INFO  BaseLog [(null)] - AddWebCacheByMobile begin 手机号:13146611863，content:1234
2018-02-02 19:54:18,605 [6] INFO  BaseLog [(null)] - AddWebCacheByMobile出错 手机号:13146611863
2018-02-02 19:54:18,605 [6] INFO  BaseLog [(null)] - AddWebCacheByMobile出错:已添加了具有相同键的项。,StackTrace:   在 System.ThrowHelper.ThrowArgumentException(ExceptionResource resource)
   在 System.Collections.Generic.Dictionary`2.Insert(TKey key, TValue value, Boolean add)
   在 System.Collections.Generic.Dictionary`2.Add(TKey key, TValue value)
   在 XYAuto.ITSC.Chitunion2017.BLL.Util.AddWebCacheByMobile(String mobile, String content, Int32 times) 位置 D:\GitRoot（C）\A5信息系统研发\销售业务管理平台\赤兔联盟系统\XYAuto.ITSC.Chitunion2017.BLL\Util.cs:行号 2869
2018-02-02 19:54:18,605 [6] INFO  BaseLog [(null)] - GetMobileCheckCodeByCache begin mobile:13146611863
2018-02-02 19:54:18,605 [6] INFO  BaseLog [(null)] - GetMobileCheckCodeByCache end code:1234,Times=1
2018-02-02 19:54:18,605 [6] INFO  BaseLog [(null)] - AddWebCacheByMobile begin 手机号:13146611863，content:1234
2018-02-02 19:54:18,605 [6] INFO  BaseLog [(null)] - AddWebCacheByMobile出错 手机号:13146611863
2018-02-02 19:54:18,606 [6] INFO  BaseLog [(null)] - AddWebCacheByMobile出错:已添加了具有相同键的项。,StackTrace:   在 System.ThrowHelper.ThrowArgumentException(ExceptionResource resource)
   在 System.Collections.Generic.Dictionary`2.Insert(TKey key, TValue value, Boolean add)
   在 System.Collections.Generic.Dictionary`2.Add(TKey key, TValue value)
   在 XYAuto.ITSC.Chitunion2017.BLL.Util.AddWebCacheByMobile(String mobile, String content, Int32 times) 位置 D:\GitRoot（C）\A5信息系统研发\销售业务管理平台\赤兔联盟系统\XYAuto.ITSC.Chitunion2017.BLL\Util.cs:行号 2869
2018-02-02 19:57:14,141 [6] INFO  BaseLog [(null)] - AddWebCacheByMobile begin 手机号:13146611863，content:1234
2018-02-02 19:57:18,500 [6] INFO  BaseLog [(null)] - AddWebCacheByMobile end 手机号:13146611863,get:System.Collections.Generic.Dictionary`2[System.String,System.Object]
2018-02-02 19:57:22,798 [6] INFO  BaseLog [(null)] - GetMobileCheckCodeByCache begin mobile:13146611863
2018-02-02 19:57:27,576 [6] INFO  BaseLog [(null)] - GetMobileCheckCodeByCache end code:1234,Times=1
2018-02-02 19:57:33,309 [6] INFO  BaseLog [(null)] - AddWebCacheByMobile begin 手机号:13146611863，content:1234
2018-02-02 19:58:20,493 [6] INFO  BaseLog [(null)] - AddWebCacheByMobile end 手机号:13146611863,get:System.Collections.Generic.Dictionary`2[System.String,System.Object]
2018-02-02 19:58:20,493 [6] INFO  BaseLog [(null)] - GetMobileCheckCodeByCache begin mobile:13146611863
2018-02-02 19:58:20,494 [6] INFO  BaseLog [(null)] - GetMobileCheckCodeByCache end code:1234,Times=2
2018-02-02 19:58:20,494 [6] INFO  BaseLog [(null)] - GetMobileCheckCodeByCache begin mobile:13146611863
2018-02-02 19:58:20,494 [6] INFO  BaseLog [(null)] - GetMobileCheckCodeByCache end code:1234,Times=2
2018-02-02 19:58:20,494 [6] INFO  BaseLog [(null)] - GetMobileCheckCodeByCache begin mobile:13146611863
2018-02-02 19:58:20,494 [6] INFO  BaseLog [(null)] - GetMobileCheckCodeByCache end code:1234,Times=2
2018-02-02 20:00:26,776 [6] INFO  BaseLog [(null)] - AddWebCacheByMobile begin 手机号:13146611863，content:1234
2018-02-02 20:00:38,745 [6] INFO  BaseLog [(null)] - AddWebCacheByMobile end 手机号:13146611863,get:System.Collections.Generic.Dictionary`2[System.String,System.Object]
2018-02-02 20:00:43,843 [6] INFO  BaseLog [(null)] - GetMobileCheckCodeByCache begin mobile:13146611863
2018-02-02 20:00:46,360 [6] INFO  BaseLog [(null)] - GetMobileCheckCodeByCache end code:1234,Times=1
2018-02-02 20:00:55,835 [6] INFO  BaseLog [(null)] - AddWebCacheByMobile begin 手机号:13146611863，content:1234
2018-02-02 20:01:14,608 [6] INFO  BaseLog [(null)] - AddWebCacheByMobile end 手机号:13146611863,get:
2018-02-02 20:01:32,272 [6] INFO  BaseLog [(null)] - GetMobileCheckCodeByCache begin mobile:13146611863
2018-02-02 20:01:40,743 [6] INFO  BaseLog [(null)] - GetMobileCheckCodeByCache出错 手机号:13146611863
2018-02-02 20:01:40,946 [6] INFO  BaseLog [(null)] - GetMobileCheckCodeByCache出错:未将对象引用设置到对象的实例。,StackTrace:   在 XYAuto.ITSC.Chitunion2017.BLL.Util.GetMobileCheckCodeByCache(String mobile)
2018-02-02 20:01:47,821 [6] INFO  BaseLog [(null)] - GetMobileCheckCodeByCache begin mobile:13146611863
2018-02-02 20:02:14,720 [5] INFO  BaseLog [(null)] - AddWebCacheByMobile begin 手机号:13146611863，content:1234
2018-02-02 20:02:14,734 [5] INFO  BaseLog [(null)] - AddWebCacheByMobile end 手机号:13146611863,get:System.Collections.Generic.Dictionary`2[System.String,System.Object]
2018-02-02 20:02:14,734 [5] INFO  BaseLog [(null)] - GetMobileCheckCodeByCache begin mobile:13146611863
2018-02-02 20:02:14,734 [5] INFO  BaseLog [(null)] - GetMobileCheckCodeByCache end code:1234,Times=1
2018-02-02 20:02:14,734 [5] INFO  BaseLog [(null)] - AddWebCacheByMobile begin 手机号:13146611863，content:1234
2018-02-02 20:02:14,736 [5] INFO  BaseLog [(null)] - AddWebCacheByMobile end 手机号:13146611863,get:System.Collections.Generic.Dictionary`2[System.String,System.Object]
2018-02-02 20:02:14,736 [5] INFO  BaseLog [(null)] - GetMobileCheckCodeByCache begin mobile:13146611863
2018-02-02 20:02:14,736 [5] INFO  BaseLog [(null)] - GetMobileCheckCodeByCache end code:1234,Times=2
2018-02-02 20:02:14,737 [5] INFO  BaseLog [(null)] - GetMobileCheckCodeByCache begin mobile:13146611863
2018-02-02 20:02:14,737 [5] INFO  BaseLog [(null)] - GetMobileCheckCodeByCache出错 手机号:13146611863
2018-02-02 20:02:14,743 [5] INFO  BaseLog [(null)] - GetMobileCheckCodeByCache出错:未将对象引用设置到对象的实例。,StackTrace:   在 XYAuto.ITSC.Chitunion2017.BLL.Util.GetMobileCheckCodeByCache(String mobile) 位置 D:\GitRoot（C）\A5信息系统研发\销售业务管理平台\赤兔联盟系统\XYAuto.ITSC.Chitunion2017.BLL\Util.cs:行号 2893
2018-02-02 20:02:14,743 [5] INFO  BaseLog [(null)] - GetMobileCheckCodeByCache begin mobile:13146611863
2018-02-02 20:02:14,743 [5] INFO  BaseLog [(null)] - GetMobileCheckCodeByCache出错 手机号:13146611863
2018-02-02 20:02:14,743 [5] INFO  BaseLog [(null)] - GetMobileCheckCodeByCache出错:未将对象引用设置到对象的实例。,StackTrace:   在 XYAuto.ITSC.Chitunion2017.BLL.Util.GetMobileCheckCodeByCache(String mobile) 位置 D:\GitRoot（C）\A5信息系统研发\销售业务管理平台\赤兔联盟系统\XYAuto.ITSC.Chitunion2017.BLL\Util.cs:行号 2893
2018-02-02 20:04:06,070 [5] INFO  BaseLog [(null)] - AddWebCacheByMobile begin 手机号:13146611863，content:1234
2018-02-02 20:04:10,284 [5] INFO  BaseLog [(null)] - AddWebCacheByMobile end 手机号:13146611863,get:System.Collections.Generic.Dictionary`2[System.String,System.Object]
2018-02-02 20:04:13,913 [5] INFO  BaseLog [(null)] - GetMobileCheckCodeByCache begin mobile:13146611863
2018-02-02 20:04:17,082 [5] INFO  BaseLog [(null)] - GetMobileCheckCodeByCache end code:1234,Times=1
2018-02-02 20:04:22,230 [5] INFO  BaseLog [(null)] - AddWebCacheByMobile begin 手机号:13146611863，content:1234
2018-02-02 20:04:36,032 [5] INFO  BaseLog [(null)] - AddWebCacheByMobile end 手机号:13146611863,get:
2018-02-02 20:04:42,906 [5] INFO  BaseLog [(null)] - GetMobileCheckCodeByCache begin mobile:13146611863
2018-02-02 20:05:14,900 [5] INFO  BaseLog [(null)] - GetMobileCheckCodeByCache出错 手机号:13146611863
2018-02-02 20:05:14,904 [5] INFO  BaseLog [(null)] - GetMobileCheckCodeByCache出错:未将对象引用设置到对象的实例。,StackTrace:   在 XYAuto.ITSC.Chitunion2017.BLL.Util.GetMobileCheckCodeByCache(String mobile)
2018-02-02 20:05:14,904 [5] INFO  BaseLog [(null)] - GetMobileCheckCodeByCache begin mobile:13146611863
2018-02-02 20:05:14,904 [5] INFO  BaseLog [(null)] - GetMobileCheckCodeByCache出错 手机号:13146611863
2018-02-02 20:05:14,904 [5] INFO  BaseLog [(null)] - GetMobileCheckCodeByCache出错:未将对象引用设置到对象的实例。,StackTrace:   在 XYAuto.ITSC.Chitunion2017.BLL.Util.GetMobileCheckCodeByCache(String mobile)
2018-02-02 20:05:14,904 [5] INFO  BaseLog [(null)] - GetMobileCheckCodeByCache begin mobile:13146611863
2018-02-02 20:05:14,904 [5] INFO  BaseLog [(null)] - GetMobileCheckCodeByCache出错 手机号:13146611863
2018-02-02 20:05:14,904 [5] INFO  BaseLog [(null)] - GetMobileCheckCodeByCache出错:未将对象引用设置到对象的实例。,StackTrace:   在 XYAuto.ITSC.Chitunion2017.BLL.Util.GetMobileCheckCodeByCache(String mobile)
2018-02-02 20:06:11,133 [5] INFO  BaseLog [(null)] - AddWebCacheByMobile begin 手机号:13146611863，content:1234
2018-02-02 20:06:11,133 [5] INFO  BaseLog [(null)] - AddWebCacheByMobile end 手机号:13146611863,get:System.Collections.Generic.Dictionary`2[System.String,System.Object]
2018-02-02 20:06:11,133 [5] INFO  BaseLog [(null)] - GetMobileCheckCodeByCache begin mobile:13146611863
2018-02-02 20:06:11,133 [5] INFO  BaseLog [(null)] - GetMobileCheckCodeByCache end code:1234,Times=1
2018-02-02 20:06:11,133 [5] INFO  BaseLog [(null)] - AddWebCacheByMobile begin 手机号:13146611863，content:1234
2018-02-02 20:07:25,576 [5] INFO  BaseLog [(null)] - AddWebCacheByMobile end 手机号:13146611863,get:System.Collections.Generic.Dictionary`2[System.String,System.Object]
2018-02-02 20:07:25,576 [5] INFO  BaseLog [(null)] - GetMobileCheckCodeByCache begin mobile:13146611863
2018-02-02 20:07:25,577 [5] INFO  BaseLog [(null)] - GetMobileCheckCodeByCache end code:1234,Times=1
2018-02-02 20:07:25,577 [5] INFO  BaseLog [(null)] - AddWebCacheByMobile begin 手机号:13146611863，content:1234
2018-02-02 20:07:25,577 [5] INFO  BaseLog [(null)] - AddWebCacheByMobile end 手机号:13146611863,get:System.Collections.Generic.Dictionary`2[System.String,System.Object]
2018-02-02 20:07:25,577 [5] INFO  BaseLog [(null)] - GetMobileCheckCodeByCache begin mobile:13146611863
2018-02-02 20:07:25,577 [5] INFO  BaseLog [(null)] - GetMobileCheckCodeByCache end code:1234,Times=2
2018-02-02 20:07:25,577 [5] INFO  BaseLog [(null)] - GetMobileCheckCodeByCache begin mobile:13146611863
2018-02-02 20:07:25,577 [5] INFO  BaseLog [(null)] - GetMobileCheckCodeByCache end code:1234,Times=2
2018-02-02 20:08:09,774 [5] INFO  BaseLog [(null)] - AddWebCacheByMobile begin 手机号:13146611863，content:1234
2018-02-02 20:08:09,788 [5] INFO  BaseLog [(null)] - AddWebCacheByMobile end 手机号:13146611863,get:System.Collections.Generic.Dictionary`2[System.String,System.Object]
2018-02-02 20:08:09,789 [5] INFO  BaseLog [(null)] - GetMobileCheckCodeByCache begin mobile:13146611863
2018-02-02 20:08:09,789 [5] INFO  BaseLog [(null)] - GetMobileCheckCodeByCache end code:1234,Times=1
2018-02-02 20:08:09,789 [5] INFO  BaseLog [(null)] - AddWebCacheByMobile begin 手机号:13146611863，content:1234
2018-02-02 20:08:28,288 [5] INFO  BaseLog [(null)] - AddWebCacheByMobile end 手机号:13146611863,get:
2018-02-02 20:08:35,463 [5] INFO  BaseLog [(null)] - GetMobileCheckCodeByCache begin mobile:13146611863
2018-02-02 20:12:26,182 [5] INFO  BaseLog [(null)] - GetMobileCheckCodeByCache出错 手机号:13146611863
2018-02-02 20:12:26,188 [5] INFO  BaseLog [(null)] - GetMobileCheckCodeByCache出错:未将对象引用设置到对象的实例。,StackTrace:   在 XYAuto.ITSC.Chitunion2017.BLL.Util.GetMobileCheckCodeByCache(String mobile) 位置 D:\GitRoot（C）\A5信息系统研发\销售业务管理平台\赤兔联盟系统\XYAuto.ITSC.Chitunion2017.BLL\Util.cs:行号 2894
2018-02-02 20:12:26,188 [5] INFO  BaseLog [(null)] - GetMobileCheckCodeByCache begin mobile:13146611863
2018-02-02 20:12:26,188 [5] INFO  BaseLog [(null)] - GetMobileCheckCodeByCache出错 手机号:13146611863
2018-02-02 20:12:26,189 [5] INFO  BaseLog [(null)] - GetMobileCheckCodeByCache出错:未将对象引用设置到对象的实例。,StackTrace:   在 XYAuto.ITSC.Chitunion2017.BLL.Util.GetMobileCheckCodeByCache(String mobile) 位置 D:\GitRoot（C）\A5信息系统研发\销售业务管理平台\赤兔联盟系统\XYAuto.ITSC.Chitunion2017.BLL\Util.cs:行号 2894
2018-02-02 20:12:26,189 [5] INFO  BaseLog [(null)] - GetMobileCheckCodeByCache begin mobile:13146611863
2018-02-02 20:12:26,189 [5] INFO  BaseLog [(null)] - GetMobileCheckCodeByCache出错 手机号:13146611863
2018-02-02 20:12:26,189 [5] INFO  BaseLog [(null)] - GetMobileCheckCodeByCache出错:未将对象引用设置到对象的实例。,StackTrace:   在 XYAuto.ITSC.Chitunion2017.BLL.Util.GetMobileCheckCodeByCache(String mobile) 位置 D:\GitRoot（C）\A5信息系统研发\销售业务管理平台\赤兔联盟系统\XYAuto.ITSC.Chitunion2017.BLL\Util.cs:行号 2894
2018-02-02 20:16:31,619 [8] INFO  BaseLog [(null)] - AddWebCacheByMobile begin 手机号:13146611863，content:1234
2018-02-02 20:16:43,763 [8] INFO  BaseLog [(null)] - AddWebCacheByMobile end 手机号:13146611863,get:System.Collections.Generic.Dictionary`2[System.String,System.Object]
2018-02-02 20:16:48,123 [8] INFO  BaseLog [(null)] - GetMobileCheckCodeByCache begin mobile:13146611863
2018-02-02 20:16:52,992 [8] INFO  BaseLog [(null)] - GetMobileCheckCodeByCache end code:1234,Times=1
2018-02-02 20:17:03,868 [8] INFO  BaseLog [(null)] - AddWebCacheByMobile begin 手机号:13146611863，content:1234
2018-02-02 20:17:21,026 [8] INFO  BaseLog [(null)] - AddWebCacheByMobile end 手机号:13146611863,get:
2018-02-02 20:17:27,077 [8] INFO  BaseLog [(null)] - GetMobileCheckCodeByCache begin mobile:13146611863
2018-02-02 20:20:32,773 [8] INFO  BaseLog [(null)] - GetMobileCheckCodeByCache出错 手机号:13146611863
2018-02-02 20:20:32,780 [8] INFO  BaseLog [(null)] - GetMobileCheckCodeByCache出错:未将对象引用设置到对象的实例。,StackTrace:   在 XYAuto.ITSC.Chitunion2017.BLL.Util.GetMobileCheckCodeByCache(String mobile) 位置 D:\GitRoot（C）\A5信息系统研发\销售业务管理平台\赤兔联盟系统\XYAuto.ITSC.Chitunion2017.BLL\Util.cs:行号 2894
2018-02-02 20:20:32,780 [8] INFO  BaseLog [(null)] - GetMobileCheckCodeByCache begin mobile:13146611863
2018-02-02 20:20:32,780 [8] INFO  BaseLog [(null)] - GetMobileCheckCodeByCache出错 手机号:13146611863
2018-02-02 20:20:32,780 [8] INFO  BaseLog [(null)] - GetMobileCheckCodeByCache出错:未将对象引用设置到对象的实例。,StackTrace:   在 XYAuto.ITSC.Chitunion2017.BLL.Util.GetMobileCheckCodeByCache(String mobile) 位置 D:\GitRoot（C）\A5信息系统研发\销售业务管理平台\赤兔联盟系统\XYAuto.ITSC.Chitunion2017.BLL\Util.cs:行号 2894
2018-02-02 20:20:32,780 [8] INFO  BaseLog [(null)] - GetMobileCheckCodeByCache begin mobile:13146611863
2018-02-02 20:20:32,780 [8] INFO  BaseLog [(null)] - GetMobileCheckCodeByCache出错 手机号:13146611863
2018-02-02 20:20:32,781 [8] INFO  BaseLog [(null)] - GetMobileCheckCodeByCache出错:未将对象引用设置到对象的实例。,StackTrace:   在 XYAuto.ITSC.Chitunion2017.BLL.Util.GetMobileCheckCodeByCache(String mobile) 位置 D:\GitRoot（C）\A5信息系统研发\销售业务管理平台\赤兔联盟系统\XYAuto.ITSC.Chitunion2017.BLL\Util.cs:行号 2894
2018-02-02 20:22:35,342 [8] INFO  BaseLog [(null)] - AddWebCacheByMobile begin 手机号:13146611863，content:1234
2018-02-02 20:22:50,467 [8] INFO  BaseLog [(null)] - AddWebCacheByMobile end 手机号:13146611863,get:System.Collections.Generic.Dictionary`2[System.String,System.Object]
2018-02-02 20:22:52,875 [8] INFO  BaseLog [(null)] - GetMobileCheckCodeByCache begin mobile:13146611863
2018-02-02 20:22:52,875 [8] INFO  BaseLog [(null)] - GetMobileCheckCodeByCache end code:1234,Times=1
2018-02-02 20:22:52,875 [8] INFO  BaseLog [(null)] - AddWebCacheByMobile begin 手机号:13146611863，content:1234
2018-02-02 20:23:08,765 [8] INFO  BaseLog [(null)] - AddWebCacheByMobile end 手机号:13146611863,get:
2018-02-02 20:23:14,315 [8] INFO  BaseLog [(null)] - GetMobileCheckCodeByCache begin mobile:13146611863
2018-02-02 20:23:35,168 [8] INFO  BaseLog [(null)] - GetMobileCheckCodeByCache出错 手机号:13146611863
2018-02-02 20:23:35,175 [8] INFO  BaseLog [(null)] - GetMobileCheckCodeByCache出错:未将对象引用设置到对象的实例。,StackTrace:   在 XYAuto.ITSC.Chitunion2017.BLL.Util.GetMobileCheckCodeByCache(String mobile) 位置 D:\GitRoot（C）\A5信息系统研发\销售业务管理平台\赤兔联盟系统\XYAuto.ITSC.Chitunion2017.BLL\Util.cs:行号 2894
2018-02-02 20:23:35,175 [8] INFO  BaseLog [(null)] - GetMobileCheckCodeByCache begin mobile:13146611863
2018-02-02 20:23:35,175 [8] INFO  BaseLog [(null)] - GetMobileCheckCodeByCache出错 手机号:13146611863
2018-02-02 20:23:35,175 [8] INFO  BaseLog [(null)] - GetMobileCheckCodeByCache出错:未将对象引用设置到对象的实例。,StackTrace:   在 XYAuto.ITSC.Chitunion2017.BLL.Util.GetMobileCheckCodeByCache(String mobile) 位置 D:\GitRoot（C）\A5信息系统研发\销售业务管理平台\赤兔联盟系统\XYAuto.ITSC.Chitunion2017.BLL\Util.cs:行号 2894
2018-02-02 20:23:35,175 [8] INFO  BaseLog [(null)] - GetMobileCheckCodeByCache begin mobile:13146611863
2018-02-02 20:23:35,175 [8] INFO  BaseLog [(null)] - GetMobileCheckCodeByCache出错 手机号:13146611863
2018-02-02 20:23:35,175 [8] INFO  BaseLog [(null)] - GetMobileCheckCodeByCache出错:未将对象引用设置到对象的实例。,StackTrace:   在 XYAuto.ITSC.Chitunion2017.BLL.Util.GetMobileCheckCodeByCache(String mobile) 位置 D:\GitRoot（C）\A5信息系统研发\销售业务管理平台\赤兔联盟系统\XYAuto.ITSC.Chitunion2017.BLL\Util.cs:行号 2894
2018-02-02 20:26:14,660 [11] INFO  BaseLog [(null)] - AddWebCacheByMobile begin 手机号:13146611863，content:1234
2018-02-02 20:26:14,678 [11] INFO  BaseLog [(null)] - AddWebCacheByMobile end 手机号:13146611863,get:System.Collections.Generic.Dictionary`2[System.String,System.Object]
2018-02-02 20:26:14,678 [11] INFO  BaseLog [(null)] - GetMobileCheckCodeByCache begin mobile:13146611863
2018-02-02 20:26:14,678 [11] INFO  BaseLog [(null)] - GetMobileCheckCodeByCache end code:1234,Times=1
2018-02-02 20:26:14,678 [11] INFO  BaseLog [(null)] - AddWebCacheByMobile begin 手机号:13146611863，content:1234
2018-02-02 20:26:14,682 [11] INFO  BaseLog [(null)] - AddWebCacheByMobile end 手机号:13146611863,get:System.Collections.Generic.Dictionary`2[System.String,System.Object]
2018-02-02 20:26:14,682 [11] INFO  BaseLog [(null)] - GetMobileCheckCodeByCache begin mobile:13146611863
2018-02-02 20:26:14,682 [11] INFO  BaseLog [(null)] - GetMobileCheckCodeByCache end code:1234,Times=2
2018-02-02 20:26:14,682 [11] INFO  BaseLog [(null)] - GetMobileCheckCodeByCache begin mobile:13146611863
2018-02-02 20:26:14,682 [11] INFO  BaseLog [(null)] - GetMobileCheckCodeByCache end code:1234,Times=2
2018-02-02 20:26:14,682 [11] INFO  BaseLog [(null)] - GetMobileCheckCodeByCache begin mobile:13146611863
2018-02-02 20:26:14,682 [11] INFO  BaseLog [(null)] - GetMobileCheckCodeByCache end code:1234,Times=2
2018-02-02 20:32:35,949 [44] INFO  BaseLog [(null)] - AddWebCacheByMobile begin 手机号:13146611863，content:1234
2018-02-02 20:32:58,338 [44] INFO  BaseLog [(null)] - AddWebCacheByMobile end 手机号:13146611863,get:System.Collections.Generic.Dictionary`2[System.String,System.Object]
2018-02-02 20:33:02,636 [44] INFO  BaseLog [(null)] - GetMobileCheckCodeByCache begin mobile:13146611863
2018-02-02 20:33:11,991 [44] INFO  BaseLog [(null)] - GetMobileCheckCodeByCache end code:1234,Times=1
2018-02-02 20:33:15,209 [44] INFO  BaseLog [(null)] - AddWebCacheByMobile begin 手机号:13146611863，content:1234
2018-02-02 20:33:32,577 [44] INFO  BaseLog [(null)] - AddWebCacheByMobile end 手机号:13146611863,get:
2018-02-02 20:33:38,548 [44] INFO  BaseLog [(null)] - GetMobileCheckCodeByCache begin mobile:13146611863
2018-02-02 20:33:44,943 [44] INFO  BaseLog [(null)] - GetMobileCheckCodeByCache出错 手机号:13146611863
2018-02-02 20:33:44,948 [44] INFO  BaseLog [(null)] - GetMobileCheckCodeByCache出错:未将对象引用设置到对象的实例。,StackTrace:   在 XYAuto.ITSC.Chitunion2017.BLL.Util.GetMobileCheckCodeByCache(String mobile) 位置 D:\GitRoot（C）\A5信息系统研发\销售业务管理平台\赤兔联盟系统\XYAuto.ITSC.Chitunion2017.BLL\Util.cs:行号 2894
2018-02-02 20:33:44,948 [44] INFO  BaseLog [(null)] - GetMobileCheckCodeByCache begin mobile:13146611863
2018-02-02 20:33:44,948 [44] INFO  BaseLog [(null)] - GetMobileCheckCodeByCache出错 手机号:13146611863
2018-02-02 20:33:44,948 [44] INFO  BaseLog [(null)] - GetMobileCheckCodeByCache出错:未将对象引用设置到对象的实例。,StackTrace:   在 XYAuto.ITSC.Chitunion2017.BLL.Util.GetMobileCheckCodeByCache(String mobile) 位置 D:\GitRoot（C）\A5信息系统研发\销售业务管理平台\赤兔联盟系统\XYAuto.ITSC.Chitunion2017.BLL\Util.cs:行号 2894
2018-02-02 20:33:44,948 [44] INFO  BaseLog [(null)] - GetMobileCheckCodeByCache begin mobile:13146611863
2018-02-02 20:33:44,948 [44] INFO  BaseLog [(null)] - GetMobileCheckCodeByCache出错 手机号:13146611863
2018-02-02 20:33:44,948 [44] INFO  BaseLog [(null)] - GetMobileCheckCodeByCache出错:未将对象引用设置到对象的实例。,StackTrace:   在 XYAuto.ITSC.Chitunion2017.BLL.Util.GetMobileCheckCodeByCache(String mobile) 位置 D:\GitRoot（C）\A5信息系统研发\销售业务管理平台\赤兔联盟系统\XYAuto.ITSC.Chitunion2017.BLL\Util.cs:行号 2894
2018-02-02 20:35:40,198 [44] INFO  BaseLog [(null)] - AddWebCacheByMobile begin 手机号:13146611863，content:1234
2018-02-02 20:35:47,080 [44] INFO  BaseLog [(null)] - AddWebCacheByMobile end 手机号:13146611863,get:System.Collections.Generic.Dictionary`2[System.String,System.Object]
2018-02-02 20:35:51,300 [44] INFO  BaseLog [(null)] - GetMobileCheckCodeByCache begin mobile:13146611863
2018-02-02 20:36:04,169 [44] INFO  BaseLog [(null)] - GetMobileCheckCodeByCache end code:1234,Times=1
2018-02-02 20:36:11,831 [44] INFO  BaseLog [(null)] - AddWebCacheByMobile begin 手机号:13146611863，content:1234
2018-02-02 20:38:17,154 [44] INFO  BaseLog [(null)] - AddWebCacheByMobile begin 手机号:13146611863，content:1234
2018-02-02 20:40:09,165 [44] INFO  BaseLog [(null)] - AddWebCacheByMobile end 手机号:13146611863,get:System.Collections.Generic.Dictionary`2[System.String,System.Object]
2018-02-02 20:40:56,891 [44] INFO  BaseLog [(null)] - AddWebCacheByMobile end 手机号:13146611863,get:
2018-02-02 20:40:56,892 [44] INFO  BaseLog [(null)] - GetMobileCheckCodeByCache begin mobile:13146611863
2018-02-02 20:40:56,892 [44] INFO  BaseLog [(null)] - GetMobileCheckCodeByCache出错 手机号:13146611863
2018-02-02 20:40:56,898 [44] INFO  BaseLog [(null)] - GetMobileCheckCodeByCache出错:未将对象引用设置到对象的实例。,StackTrace:   在 XYAuto.ITSC.Chitunion2017.BLL.Util.GetMobileCheckCodeByCache(String mobile) 位置 D:\GitRoot（C）\A5信息系统研发\销售业务管理平台\赤兔联盟系统\XYAuto.ITSC.Chitunion2017.BLL\Util.cs:行号 2894
2018-02-02 20:40:56,898 [44] INFO  BaseLog [(null)] - GetMobileCheckCodeByCache begin mobile:13146611863
2018-02-02 20:40:56,898 [44] INFO  BaseLog [(null)] - GetMobileCheckCodeByCache出错 手机号:13146611863
2018-02-02 20:40:56,898 [44] INFO  BaseLog [(null)] - GetMobileCheckCodeByCache出错:未将对象引用设置到对象的实例。,StackTrace:   在 XYAuto.ITSC.Chitunion2017.BLL.Util.GetMobileCheckCodeByCache(String mobile) 位置 D:\GitRoot（C）\A5信息系统研发\销售业务管理平台\赤兔联盟系统\XYAuto.ITSC.Chitunion2017.BLL\Util.cs:行号 2894
2018-02-02 20:40:56,898 [44] INFO  BaseLog [(null)] - GetMobileCheckCodeByCache begin mobile:13146611863
2018-02-02 20:40:56,898 [44] INFO  BaseLog [(null)] - GetMobileCheckCodeByCache出错 手机号:13146611863
2018-02-02 20:40:56,898 [44] INFO  BaseLog [(null)] - GetMobileCheckCodeByCache出错:未将对象引用设置到对象的实例。,StackTrace:   在 XYAuto.ITSC.Chitunion2017.BLL.Util.GetMobileCheckCodeByCache(String mobile) 位置 D:\GitRoot（C）\A5信息系统研发\销售业务管理平台\赤兔联盟系统\XYAuto.ITSC.Chitunion2017.BLL\Util.cs:行号 2894
2018-02-02 20:43:16,103 [44] INFO  BaseLog [(null)] - AddWebCacheByMobile begin 手机号:13146611863，content:1234
2018-02-02 20:43:22,860 [44] INFO  BaseLog [(null)] - AddWebCacheByMobile end 手机号:13146611863,get:System.Collections.Generic.Dictionary`2[System.String,System.Object]
2018-02-02 20:43:26,537 [44] INFO  BaseLog [(null)] - GetMobileCheckCodeByCache begin mobile:13146611863
2018-02-02 20:43:28,047 [44] INFO  BaseLog [(null)] - GetMobileCheckCodeByCache end code:1234,Times=1
2018-02-02 20:43:30,648 [44] INFO  BaseLog [(null)] - AddWebCacheByMobile begin 手机号:13146611863，content:1234
2018-02-02 20:43:58,985 [44] INFO  BaseLog [(null)] - AddWebCacheByMobile end 手机号:13146611863,get:
2018-02-02 20:43:58,985 [44] INFO  BaseLog [(null)] - GetMobileCheckCodeByCache begin mobile:13146611863
2018-02-02 20:43:58,985 [44] INFO  BaseLog [(null)] - GetMobileCheckCodeByCache出错 手机号:13146611863
2018-02-02 20:43:58,993 [44] INFO  BaseLog [(null)] - GetMobileCheckCodeByCache出错:未将对象引用设置到对象的实例。,StackTrace:   在 XYAuto.ITSC.Chitunion2017.BLL.Util.GetMobileCheckCodeByCache(String mobile) 位置 D:\GitRoot（C）\A5信息系统研发\销售业务管理平台\赤兔联盟系统\XYAuto.ITSC.Chitunion2017.BLL\Util.cs:行号 2898
2018-02-02 20:43:58,993 [44] INFO  BaseLog [(null)] - GetMobileCheckCodeByCache begin mobile:13146611863
2018-02-02 20:43:58,993 [44] INFO  BaseLog [(null)] - GetMobileCheckCodeByCache出错 手机号:13146611863
2018-02-02 20:43:58,994 [44] INFO  BaseLog [(null)] - GetMobileCheckCodeByCache出错:未将对象引用设置到对象的实例。,StackTrace:   在 XYAuto.ITSC.Chitunion2017.BLL.Util.GetMobileCheckCodeByCache(String mobile) 位置 D:\GitRoot（C）\A5信息系统研发\销售业务管理平台\赤兔联盟系统\XYAuto.ITSC.Chitunion2017.BLL\Util.cs:行号 2898
2018-02-02 20:43:58,994 [44] INFO  BaseLog [(null)] - GetMobileCheckCodeByCache begin mobile:13146611863
2018-02-02 20:43:58,994 [44] INFO  BaseLog [(null)] - GetMobileCheckCodeByCache出错 手机号:13146611863
2018-02-02 20:43:58,994 [44] INFO  BaseLog [(null)] - GetMobileCheckCodeByCache出错:未将对象引用设置到对象的实例。,StackTrace:   在 XYAuto.ITSC.Chitunion2017.BLL.Util.GetMobileCheckCodeByCache(String mobile) 位置 D:\GitRoot（C）\A5信息系统研发\销售业务管理平台\赤兔联盟系统\XYAuto.ITSC.Chitunion2017.BLL\Util.cs:行号 2898
2018-02-02 20:45:00,655 [5] INFO  BaseLog [(null)] - AddWebCacheByMobile begin 手机号:13146611863，content:1234
2018-02-02 20:45:00,669 [5] INFO  BaseLog [(null)] - AddWebCacheByMobile end 手机号:13146611863,get:System.Collections.Generic.Dictionary`2[System.String,System.Object]
2018-02-02 20:45:00,669 [5] INFO  BaseLog [(null)] - GetMobileCheckCodeByCache begin mobile:13146611863
2018-02-02 20:45:00,670 [5] INFO  BaseLog [(null)] - GetMobileCheckCodeByCache end code:1234,Times=1
2018-02-02 20:45:00,670 [5] INFO  BaseLog [(null)] - AddWebCacheByMobile begin 手机号:13146611863，content:1234
2018-02-02 20:45:00,673 [5] INFO  BaseLog [(null)] - AddWebCacheByMobile end 手机号:13146611863,get:System.Collections.Generic.Dictionary`2[System.String,System.Object]
2018-02-02 20:45:00,673 [5] INFO  BaseLog [(null)] - GetMobileCheckCodeByCache begin mobile:13146611863
2018-02-02 20:45:00,673 [5] INFO  BaseLog [(null)] - GetMobileCheckCodeByCache end code:1234,Times=2
2018-02-02 20:45:00,673 [5] INFO  BaseLog [(null)] - GetMobileCheckCodeByCache begin mobile:13146611863
2018-02-02 20:45:00,673 [5] INFO  BaseLog [(null)] - GetMobileCheckCodeByCache end code:1234,Times=2
2018-02-02 20:45:00,673 [5] INFO  BaseLog [(null)] - GetMobileCheckCodeByCache begin mobile:13146611863
2018-02-02 20:45:00,673 [5] INFO  BaseLog [(null)] - GetMobileCheckCodeByCache end code:1234,Times=2
2018-02-02 20:45:18,069 [5] INFO  BaseLog [(null)] - AddWebCacheByMobile begin 手机号:13146611863，content:1234
2018-02-02 20:45:29,670 [5] INFO  BaseLog [(null)] - AddWebCacheByMobile end 手机号:13146611863,get:System.Collections.Generic.Dictionary`2[System.String,System.Object]
2018-02-02 20:45:32,012 [5] INFO  BaseLog [(null)] - GetMobileCheckCodeByCache begin mobile:13146611863
2018-02-02 20:45:32,012 [5] INFO  BaseLog [(null)] - GetMobileCheckCodeByCache end code:1234,Times=1
2018-02-02 20:45:32,012 [5] INFO  BaseLog [(null)] - AddWebCacheByMobile begin 手机号:13146611863，content:1234
2018-02-02 20:46:39,497 [5] INFO  BaseLog [(null)] - AddWebCacheByMobile end 手机号:13146611863,get:
2018-02-02 20:46:39,497 [5] INFO  BaseLog [(null)] - GetMobileCheckCodeByCache begin mobile:13146611863
2018-02-02 20:46:39,498 [5] INFO  BaseLog [(null)] - GetMobileCheckCodeByCache出错 手机号:13146611863
2018-02-02 20:46:39,508 [5] INFO  BaseLog [(null)] - GetMobileCheckCodeByCache出错:未将对象引用设置到对象的实例。,StackTrace:   在 XYAuto.ITSC.Chitunion2017.BLL.Util.GetMobileCheckCodeByCache(String mobile) 位置 D:\GitRoot（C）\A5信息系统研发\销售业务管理平台\赤兔联盟系统\XYAuto.ITSC.Chitunion2017.BLL\Util.cs:行号 2900
2018-02-02 20:46:39,508 [5] INFO  BaseLog [(null)] - GetMobileCheckCodeByCache begin mobile:13146611863
2018-02-02 20:46:39,508 [5] INFO  BaseLog [(null)] - GetMobileCheckCodeByCache出错 手机号:13146611863
2018-02-02 20:46:39,508 [5] INFO  BaseLog [(null)] - GetMobileCheckCodeByCache出错:未将对象引用设置到对象的实例。,StackTrace:   在 XYAuto.ITSC.Chitunion2017.BLL.Util.GetMobileCheckCodeByCache(String mobile) 位置 D:\GitRoot（C）\A5信息系统研发\销售业务管理平台\赤兔联盟系统\XYAuto.ITSC.Chitunion2017.BLL\Util.cs:行号 2900
2018-02-02 20:46:39,508 [5] INFO  BaseLog [(null)] - GetMobileCheckCodeByCache begin mobile:13146611863
2018-02-02 20:46:39,508 [5] INFO  BaseLog [(null)] - GetMobileCheckCodeByCache出错 手机号:13146611863
2018-02-02 20:46:39,509 [5] INFO  BaseLog [(null)] - GetMobileCheckCodeByCache出错:未将对象引用设置到对象的实例。,StackTrace:   在 XYAuto.ITSC.Chitunion2017.BLL.Util.GetMobileCheckCodeByCache(String mobile) 位置 D:\GitRoot（C）\A5信息系统研发\销售业务管理平台\赤兔联盟系统\XYAuto.ITSC.Chitunion2017.BLL\Util.cs:行号 2900
2018-02-02 20:47:26,455 [7] INFO  BaseLog [(null)] - AddWebCacheByMobile begin 手机号:13146611863，content:1234
2018-02-02 20:47:31,271 [7] INFO  BaseLog [(null)] - AddWebCacheByMobile end 手机号:13146611863,get:System.Collections.Generic.Dictionary`2[System.String,System.Object]
2018-02-02 20:47:33,059 [7] INFO  BaseLog [(null)] - GetMobileCheckCodeByCache begin mobile:13146611863
2018-02-02 20:47:33,059 [7] INFO  BaseLog [(null)] - GetMobileCheckCodeByCache end code:1234,Times=1
2018-02-02 20:47:33,059 [7] INFO  BaseLog [(null)] - AddWebCacheByMobile begin 手机号:13146611863，content:1234
2018-02-02 20:47:47,486 [7] INFO  BaseLog [(null)] - AddWebCacheByMobile end 手机号:13146611863,get:System.Collections.Generic.Dictionary`2[System.String,System.Object]
2018-02-02 20:47:52,655 [7] INFO  BaseLog [(null)] - GetMobileCheckCodeByCache begin mobile:13146611863
2018-02-02 20:47:52,655 [7] INFO  BaseLog [(null)] - GetMobileCheckCodeByCache end code:1234,Times=2
2018-02-02 20:47:53,089 [7] INFO  BaseLog [(null)] - GetMobileCheckCodeByCache begin mobile:13146611863
2018-02-02 20:47:53,089 [7] INFO  BaseLog [(null)] - GetMobileCheckCodeByCache end code:1234,Times=2
2018-02-02 20:47:56,973 [7] INFO  BaseLog [(null)] - GetMobileCheckCodeByCache begin mobile:13146611863
2018-02-02 20:47:59,479 [7] INFO  BaseLog [(null)] - GetMobileCheckCodeByCache end code:1234,Times=2
2018-02-02 20:48:06,226 [7] INFO  BaseLog [(null)] - AddWebCacheByMobile begin 手机号:13146611863，content:1234
2018-02-02 20:48:35,213 [7] INFO  BaseLog [(null)] - AddWebCacheByMobile end 手机号:13146611863,get:System.Collections.Generic.Dictionary`2[System.String,System.Object]
2018-02-02 20:55:32,526 [5] INFO  BaseLog [(null)] - AddWebCacheByMobile begin 手机号:13146611863，content:1234
2018-02-02 20:55:32,537 [5] INFO  BaseLog [(null)] - AddWebCacheByMobile end 手机号:13146611863,get:System.Collections.Generic.Dictionary`2[System.String,System.Object]
2018-02-02 20:55:32,537 [5] INFO  BaseLog [(null)] - GetMobileCheckCodeByCache begin mobile:13146611863
2018-02-02 20:55:32,537 [5] INFO  BaseLog [(null)] - GetMobileCheckCodeByCache end code:1234,Times=1
2018-02-02 20:55:32,537 [5] INFO  BaseLog [(null)] - AddWebCacheByMobile begin 手机号:13146611863，content:1234
2018-02-02 20:55:32,539 [5] INFO  BaseLog [(null)] - AddWebCacheByMobile end 手机号:13146611863,get:System.Collections.Generic.Dictionary`2[System.String,System.Object]
2018-02-02 20:55:32,539 [5] INFO  BaseLog [(null)] - GetMobileCheckCodeByCache begin mobile:13146611863
2018-02-02 20:55:32,539 [5] INFO  BaseLog [(null)] - GetMobileCheckCodeByCache end code:1234,Times=2
2018-02-02 20:55:32,539 [5] INFO  BaseLog [(null)] - GetMobileCheckCodeByCache begin mobile:13146611863
2018-02-02 20:55:32,539 [5] INFO  BaseLog [(null)] - GetMobileCheckCodeByCache end code:1234,Times=2
2018-02-02 20:55:32,539 [5] INFO  BaseLog [(null)] - GetMobileCheckCodeByCache begin mobile:13146611863
2018-02-02 20:55:32,539 [5] INFO  BaseLog [(null)] - GetMobileCheckCodeByCache end code:1234,Times=2
2018-02-02 20:55:44,785 [5] INFO  BaseLog [(null)] - AddWebCacheByMobile begin 手机号:13146611863，content:1234
2018-02-02 20:55:59,134 [5] INFO  BaseLog [(null)] - AddWebCacheByMobile end 手机号:13146611863,get:System.Collections.Generic.Dictionary`2[System.String,System.Object]
2018-02-02 20:56:08,202 [5] INFO  BaseLog [(null)] - GetMobileCheckCodeByCache begin mobile:13146611863
2018-02-02 20:56:08,203 [5] INFO  BaseLog [(null)] - GetMobileCheckCodeByCache end code:1234,Times=1
2018-02-02 20:56:08,203 [5] INFO  BaseLog [(null)] - AddWebCacheByMobile begin 手机号:13146611863，content:1234
2018-02-02 20:57:28,746 [5] INFO  BaseLog [(null)] - AddWebCacheByMobile end 手机号:13146611863,get:
2018-02-02 20:57:28,746 [5] INFO  BaseLog [(null)] - GetMobileCheckCodeByCache begin mobile:13146611863
2018-02-02 20:57:28,747 [5] INFO  BaseLog [(null)] - GetMobileCheckCodeByCache出错 手机号:13146611863
2018-02-02 20:57:28,756 [5] INFO  BaseLog [(null)] - GetMobileCheckCodeByCache出错:未将对象引用设置到对象的实例。,StackTrace:   在 XYAuto.ITSC.Chitunion2017.BLL.Util.GetMobileCheckCodeByCache(String mobile) 位置 D:\GitRoot（C）\A5信息系统研发\销售业务管理平台\赤兔联盟系统\XYAuto.ITSC.Chitunion2017.BLL\Util.cs:行号 2900
2018-02-02 20:57:28,756 [5] INFO  BaseLog [(null)] - GetMobileCheckCodeByCache begin mobile:13146611863
2018-02-02 20:57:28,756 [5] INFO  BaseLog [(null)] - GetMobileCheckCodeByCache出错 手机号:13146611863
2018-02-02 20:57:28,756 [5] INFO  BaseLog [(null)] - GetMobileCheckCodeByCache出错:未将对象引用设置到对象的实例。,StackTrace:   在 XYAuto.ITSC.Chitunion2017.BLL.Util.GetMobileCheckCodeByCache(String mobile) 位置 D:\GitRoot（C）\A5信息系统研发\销售业务管理平台\赤兔联盟系统\XYAuto.ITSC.Chitunion2017.BLL\Util.cs:行号 2900
2018-02-02 20:57:28,756 [5] INFO  BaseLog [(null)] - GetMobileCheckCodeByCache begin mobile:13146611863
2018-02-02 20:57:28,756 [5] INFO  BaseLog [(null)] - GetMobileCheckCodeByCache出错 手机号:13146611863
2018-02-02 20:57:28,756 [5] INFO  BaseLog [(null)] - GetMobileCheckCodeByCache出错:未将对象引用设置到对象的实例。,StackTrace:   在 XYAuto.ITSC.Chitunion2017.BLL.Util.GetMobileCheckCodeByCache(String mobile) 位置 D:\GitRoot（C）\A5信息系统研发\销售业务管理平台\赤兔联盟系统\XYAuto.ITSC.Chitunion2017.BLL\Util.cs:行号 2900
2018-02-02 21:00:36,094 [5] INFO  BaseLog [(null)] - AddWebCacheByMobile begin 手机号:13146611863，content:1234
2018-02-02 21:00:49,033 [5] INFO  BaseLog [(null)] - AddWebCacheByMobile end 手机号:13146611863,get:System.Collections.Generic.Dictionary`2[System.String,System.Object]
2018-02-02 21:00:53,651 [5] INFO  BaseLog [(null)] - GetMobileCheckCodeByCache begin mobile:13146611863
2018-02-02 21:00:53,651 [5] INFO  BaseLog [(null)] - GetMobileCheckCodeByCache end code:1234,Times=1
2018-02-02 21:00:53,651 [5] INFO  BaseLog [(null)] - AddWebCacheByMobile begin 手机号:13146611863，content:1234
2018-02-02 21:01:09,468 [5] INFO  BaseLog [(null)] - AddWebCacheByMobile end 手机号:13146611863,get:System.Collections.Generic.Dictionary`2[System.String,System.Object]
2018-02-02 21:01:22,506 [5] INFO  BaseLog [(null)] - GetMobileCheckCodeByCache begin mobile:13146611863
2018-02-02 21:01:22,506 [5] INFO  BaseLog [(null)] - GetMobileCheckCodeByCache end code:1234,Times=2
2018-02-02 21:01:25,363 [5] INFO  BaseLog [(null)] - GetMobileCheckCodeByCache begin mobile:13146611863
2018-02-02 21:01:26,886 [5] INFO  BaseLog [(null)] - GetMobileCheckCodeByCache end code:1234,Times=2
2018-02-02 21:01:32,391 [5] INFO  BaseLog [(null)] - AddWebCacheByMobile begin 手机号:13146611863，content:1234
2018-02-02 21:01:42,224 [5] INFO  BaseLog [(null)] - AddWebCacheByMobile end 手机号:13146611863,get:System.Collections.Generic.Dictionary`2[System.String,System.Object]
2018-02-02 21:01:44,516 [5] INFO  BaseLog [(null)] - GetMobileCheckCodeByCache begin mobile:13146611863
2018-02-02 21:01:44,516 [5] INFO  BaseLog [(null)] - GetMobileCheckCodeByCache end code:1234,Times=3
2018-02-02 21:01:48,197 [5] INFO  BaseLog [(null)] - AddWebCacheByMobile begin 手机号:13146611863，content:1234
2018-02-02 21:01:48,211 [5] INFO  BaseLog [(null)] - AddWebCacheByMobile end 手机号:13146611863,get:System.Collections.Generic.Dictionary`2[System.String,System.Object]
2018-02-02 21:01:48,212 [5] INFO  BaseLog [(null)] - GetMobileCheckCodeByCache begin mobile:13146611863
2018-02-02 21:01:48,212 [5] INFO  BaseLog [(null)] - GetMobileCheckCodeByCache end code:1234,Times=1
2018-02-02 21:01:48,212 [5] INFO  BaseLog [(null)] - AddWebCacheByMobile begin 手机号:13146611863，content:1234
2018-02-02 21:01:48,215 [5] INFO  BaseLog [(null)] - AddWebCacheByMobile end 手机号:13146611863,get:System.Collections.Generic.Dictionary`2[System.String,System.Object]
2018-02-02 21:01:48,215 [5] INFO  BaseLog [(null)] - GetMobileCheckCodeByCache begin mobile:13146611863
2018-02-02 21:01:48,215 [5] INFO  BaseLog [(null)] - GetMobileCheckCodeByCache end code:1234,Times=2
2018-02-02 21:01:48,215 [5] INFO  BaseLog [(null)] - GetMobileCheckCodeByCache begin mobile:13146611863
2018-02-02 21:01:48,215 [5] INFO  BaseLog [(null)] - GetMobileCheckCodeByCache end code:1234,Times=2
2018-02-02 21:01:48,215 [5] INFO  BaseLog [(null)] - GetMobileCheckCodeByCache begin mobile:13146611863
2018-02-02 21:01:48,215 [5] INFO  BaseLog [(null)] - GetMobileCheckCodeByCache end code:1234,Times=2
2018-02-02 21:02:40,489 [5] INFO  BaseLog [(null)] - AddWebCacheByMobile begin 手机号:13146611863，content:1234
2018-02-02 21:02:40,501 [5] INFO  BaseLog [(null)] - AddWebCacheByMobile end 手机号:13146611863,get:System.Collections.Generic.Dictionary`2[System.String,System.Object]
2018-02-02 21:02:45,780 [5] INFO  BaseLog [(null)] - GetMobileCheckCodeByCache begin mobile:13146611863
2018-02-02 21:02:45,780 [5] INFO  BaseLog [(null)] - GetMobileCheckCodeByCache end code:1234,Times=1
2018-02-02 21:02:45,780 [5] INFO  BaseLog [(null)] - AddWebCacheByMobile begin 手机号:13146611863，content:1234
2018-02-02 21:02:45,783 [5] INFO  BaseLog [(null)] - AddWebCacheByMobile end 手机号:13146611863,get:System.Collections.Generic.Dictionary`2[System.String,System.Object]
2018-02-02 21:02:49,025 [5] INFO  BaseLog [(null)] - GetMobileCheckCodeByCache begin mobile:13146611863
2018-02-02 21:02:49,025 [5] INFO  BaseLog [(null)] - GetMobileCheckCodeByCache end code:1234,Times=2
2018-02-02 21:02:49,025 [5] INFO  BaseLog [(null)] - AddWebCacheByMobile begin 手机号:13146611863，content:1234
2018-02-02 21:02:49,025 [5] INFO  BaseLog [(null)] - AddWebCacheByMobile end 手机号:13146611863,get:System.Collections.Generic.Dictionary`2[System.String,System.Object]
2018-02-02 21:03:01,035 [5] INFO  BaseLog [(null)] - GetMobileCheckCodeByCache begin mobile:13146611863
2018-02-02 21:03:01,035 [5] INFO  BaseLog [(null)] - GetMobileCheckCodeByCache end code:1234,Times=3
2018-02-02 21:03:21,449 [5] INFO  BaseLog [(null)] - GetMobileCheckCodeByCache begin mobile:13146611863
2018-02-02 21:03:21,453 [5] INFO  BaseLog [(null)] - GetMobileCheckCodeByCache end code:1234,Times=3
2018-02-02 21:03:25,397 [5] INFO  BaseLog [(null)] - AddWebCacheByMobile begin 手机号:13146611863，content:1234
2018-02-02 21:03:25,397 [5] INFO  BaseLog [(null)] - AddWebCacheByMobile end 手机号:13146611863,get:System.Collections.Generic.Dictionary`2[System.String,System.Object]
2018-02-02 21:03:26,433 [5] INFO  BaseLog [(null)] - GetMobileCheckCodeByCache begin mobile:13146611863
2018-02-02 21:03:26,433 [5] INFO  BaseLog [(null)] - GetMobileCheckCodeByCache end code:1234,Times=4
2018-02-02 21:03:37,971 [5] INFO  BaseLog [(null)] - AddWebCacheByMobile begin 手机号:13146611863，content:1234
2018-02-02 21:04:05,540 [5] INFO  BaseLog [(null)] - AddWebCacheByMobile end 手机号:13146611863,get:System.Collections.Generic.Dictionary`2[System.String,System.Object]
2018-02-02 21:04:09,209 [5] INFO  BaseLog [(null)] - GetMobileCheckCodeByCache begin mobile:13146611863
2018-02-02 21:04:09,209 [5] INFO  BaseLog [(null)] - GetMobileCheckCodeByCache end code:1234,Times=5
2018-02-02 21:04:12,429 [5] INFO  BaseLog [(null)] - GetMobileCheckCodeByCache begin mobile:13146611863
2018-02-02 21:04:12,429 [5] INFO  BaseLog [(null)] - GetMobileCheckCodeByCache end code:1234,Times=5
2018-02-02 21:04:12,429 [5] INFO  BaseLog [(null)] - GetMobileCheckCodeByCache begin mobile:13146611863
2018-02-02 21:04:12,429 [5] INFO  BaseLog [(null)] - GetMobileCheckCodeByCache end code:1234,Times=5
2018-02-02 21:04:12,429 [5] INFO  BaseLog [(null)] - GetMobileCheckCodeByCache begin mobile:13146611863
2018-02-02 21:04:12,429 [5] INFO  BaseLog [(null)] - GetMobileCheckCodeByCache end code:1234,Times=5
2018-02-02 21:14:37,955 [40] INFO  BaseLog [(null)] - GetMobileCheckCodeByCache begin mobile:13240110346
2018-02-02 21:14:37,966 [40] INFO  BaseLog [(null)] - GetMobileCheckCodeByCache出错 手机号:13240110346
2018-02-02 21:14:37,977 [40] INFO  BaseLog [(null)] - GetMobileCheckCodeByCache出错:未将对象引用设置到对象的实例。,StackTrace:   在 XYAuto.ITSC.Chitunion2017.BLL.Util.GetMobileCheckCodeTimesByCache(String mobile) 位置 D:\GitRoot（C）\A5信息系统研发\销售业务管理平台\赤兔联盟系统\XYAuto.ITSC.Chitunion2017.BLL\Util.cs:行号 2915
2018-02-02 21:14:37,978 [40] INFO  BaseLog [(null)] - GetMobileCheckCodeByCache begin mobile:13240110346
2018-02-02 21:14:37,978 [40] INFO  BaseLog [(null)] - GetMobileCheckCodeByCache出错 手机号:13240110346
2018-02-02 21:14:37,978 [40] INFO  BaseLog [(null)] - GetMobileCheckCodeByCache出错:未将对象引用设置到对象的实例。,StackTrace:   在 XYAuto.ITSC.Chitunion2017.BLL.Util.GetMobileCheckCodeByCache(String mobile) 位置 D:\GitRoot（C）\A5信息系统研发\销售业务管理平台\赤兔联盟系统\XYAuto.ITSC.Chitunion2017.BLL\Util.cs:行号 2893
2018-02-02 21:14:38,288 [40] INFO  BaseLog [(null)] - AddWebCacheByMobile begin 手机号:13240110346，content:1486
2018-02-02 21:14:38,290 [40] INFO  BaseLog [(null)] - AddWebCacheByMobile end 手机号:13240110346,get:System.Collections.Generic.Dictionary`2[System.String,System.Object]
2018-02-02 21:15:52,595 [40] INFO  BaseLog [(null)] - GetMobileCheckCodeByCache begin mobile:13240110346
2018-02-02 21:16:19,321 [40] INFO  BaseLog [(null)] - GetMobileCheckCodeByCache end code:1486,Times=1
2018-02-02 21:16:28,798 [40] INFO  BaseLog [(null)] - GetMobileCheckCodeByCache begin mobile:13240110346
2018-02-02 21:16:28,799 [40] INFO  BaseLog [(null)] - GetMobileCheckCodeByCache end code:1486,Times=1
2018-02-02 21:16:28,799 [40] INFO  BaseLog [(null)] - AddWebCacheByMobile begin 手机号:13240110346，content:1486
2018-02-02 21:16:28,801 [40] INFO  BaseLog [(null)] - AddWebCacheByMobile end 手机号:13240110346,get:System.Collections.Generic.Dictionary`2[System.String,System.Object]
2018-02-02 21:16:39,066 [40] INFO  BaseLog [(null)] - AddWebCacheByMobile begin 手机号:13240110346，content:1486
2018-02-02 21:16:57,980 [40] INFO  BaseLog [(null)] - AddWebCacheByMobile end 手机号:13240110346,get:System.Collections.Generic.Dictionary`2[System.String,System.Object]
2018-02-02 21:18:15,247 [31] INFO  BaseLog [(null)] - GetMobileCheckCodeByCache begin mobile:13240110346
2018-02-02 21:18:18,964 [31] INFO  BaseLog [(null)] - GetMobileCheckCodeByCache end code:1486,Times=3
2018-02-02 21:18:29,837 [30] INFO  BaseLog [(null)] - GetMobileCheckCodeByCache begin mobile:13240110346
2018-02-02 21:18:29,837 [30] INFO  BaseLog [(null)] - GetMobileCheckCodeByCache end code:1486,Times=3
2018-02-02 21:18:37,903 [30] INFO  RollingFileAppender [(null)] - 查询数据量：SELECT COUNT(*) FROM dbo.LogInfo
WHERE Module = 17007 AND ActionType = 1 AND SysID = 'SYS007' AND IP = '127.0.0.1'
AND CreateTime BETWEEN '2018-02-02 0:0:0' AND '2018-02-03 0:0:0'
2018-02-02 21:18:37,957 [30] INFO  RollingFileAppender [(null)] - 查询数据量：SELECT COUNT(*) FROM dbo.LogInfo
WHERE Module = 17007 AND ActionType = 1 AND SysID = 'SYS007' AND IP = '127.0.0.1'
AND CreateTime BETWEEN '2018-02-02 0:0:0' AND '2018-02-03 0:0:0'，最终结果为：0
2018-02-02 21:18:39,535 [38] INFO  RollingFileAppender [(null)] - 查询数据量：SELECT COUNT(*) FROM dbo.LogInfo
WHERE Module = 17007 AND ActionType = 1 AND SysID = 'SYS007' AND IP = '127.0.0.1'
AND CreateTime BETWEEN '2018-02-02 0:0:0' AND '2018-02-03 0:0:0'
2018-02-02 21:18:39,553 [38] INFO  RollingFileAppender [(null)] - 查询数据量：SELECT COUNT(*) FROM dbo.LogInfo
WHERE Module = 17007 AND ActionType = 1 AND SysID = 'SYS007' AND IP = '127.0.0.1'
AND CreateTime BETWEEN '2018-02-02 0:0:0' AND '2018-02-03 0:0:0'，最终结果为：0
2018-02-02 21:18:39,602 [38] INFO  BaseLog [(null)] - GetMobileCheckCodeByCache begin mobile:13240110346
2018-02-02 21:18:39,602 [38] INFO  BaseLog [(null)] - GetMobileCheckCodeByCache end code:1486,Times=3
2018-02-02 21:18:39,602 [38] INFO  BaseLog [(null)] - AddWebCacheByMobile begin 手机号:13240110346，content:1486
2018-02-02 21:18:39,602 [38] INFO  BaseLog [(null)] - AddWebCacheByMobile end 手机号:13240110346,get:System.Collections.Generic.Dictionary`2[System.String,System.Object]
2018-02-02 21:18:51,440 [25] INFO  RollingFileAppender [(null)] - 查询数据量：SELECT COUNT(*) FROM dbo.LogInfo
WHERE Module = 17007 AND ActionType = 1 AND SysID = 'SYS007' AND IP = '127.0.0.1'
AND CreateTime BETWEEN '2018-02-02 0:0:0' AND '2018-02-03 0:0:0'
2018-02-02 21:18:51,443 [25] INFO  RollingFileAppender [(null)] - 查询数据量：SELECT COUNT(*) FROM dbo.LogInfo
WHERE Module = 17007 AND ActionType = 1 AND SysID = 'SYS007' AND IP = '127.0.0.1'
AND CreateTime BETWEEN '2018-02-02 0:0:0' AND '2018-02-03 0:0:0'，最终结果为：0
2018-02-02 21:18:51,462 [28] INFO  RollingFileAppender [(null)] - 查询数据量：SELECT COUNT(*) FROM dbo.LogInfo
WHERE Module = 17007 AND ActionType = 1 AND SysID = 'SYS007' AND IP = '127.0.0.1'
AND CreateTime BETWEEN '2018-02-02 0:0:0' AND '2018-02-03 0:0:0'
2018-02-02 21:18:51,466 [28] INFO  RollingFileAppender [(null)] - 查询数据量：SELECT COUNT(*) FROM dbo.LogInfo
WHERE Module = 17007 AND ActionType = 1 AND SysID = 'SYS007' AND IP = '127.0.0.1'
AND CreateTime BETWEEN '2018-02-02 0:0:0' AND '2018-02-03 0:0:0'，最终结果为：0
2018-02-02 21:18:51,466 [28] INFO  BaseLog [(null)] - GetMobileCheckCodeByCache begin mobile:13240110346
2018-02-02 21:18:51,466 [28] INFO  BaseLog [(null)] - GetMobileCheckCodeByCache end code:1486,Times=4
2018-02-02 21:18:51,466 [28] INFO  BaseLog [(null)] - AddWebCacheByMobile begin 手机号:13240110346，content:1486
2018-02-02 21:18:51,466 [28] INFO  BaseLog [(null)] - AddWebCacheByMobile end 手机号:13240110346,get:System.Collections.Generic.Dictionary`2[System.String,System.Object]
2018-02-02 21:18:57,607 [18] INFO  RollingFileAppender [(null)] - 查询数据量：SELECT COUNT(*) FROM dbo.LogInfo
WHERE Module = 17007 AND ActionType = 1 AND SysID = 'SYS007' AND IP = '127.0.0.1'
AND CreateTime BETWEEN '2018-02-02 0:0:0' AND '2018-02-03 0:0:0'
2018-02-02 21:18:57,610 [18] INFO  RollingFileAppender [(null)] - 查询数据量：SELECT COUNT(*) FROM dbo.LogInfo
WHERE Module = 17007 AND ActionType = 1 AND SysID = 'SYS007' AND IP = '127.0.0.1'
AND CreateTime BETWEEN '2018-02-02 0:0:0' AND '2018-02-03 0:0:0'，最终结果为：0
2018-02-02 21:18:57,636 [39] INFO  RollingFileAppender [(null)] - 查询数据量：SELECT COUNT(*) FROM dbo.LogInfo
WHERE Module = 17007 AND ActionType = 1 AND SysID = 'SYS007' AND IP = '127.0.0.1'
AND CreateTime BETWEEN '2018-02-02 0:0:0' AND '2018-02-03 0:0:0'
2018-02-02 21:18:57,639 [39] INFO  RollingFileAppender [(null)] - 查询数据量：SELECT COUNT(*) FROM dbo.LogInfo
WHERE Module = 17007 AND ActionType = 1 AND SysID = 'SYS007' AND IP = '127.0.0.1'
AND CreateTime BETWEEN '2018-02-02 0:0:0' AND '2018-02-03 0:0:0'，最终结果为：0
2018-02-02 21:18:57,640 [39] INFO  BaseLog [(null)] - GetMobileCheckCodeByCache begin mobile:13240110346
2018-02-02 21:18:57,640 [39] INFO  BaseLog [(null)] - GetMobileCheckCodeByCache end code:1486,Times=5
2018-02-02 21:18:57,640 [39] INFO  BaseLog [(null)] - AddWebCacheByMobile begin 手机号:13240110346，content:1486
2018-02-02 21:18:57,640 [39] INFO  BaseLog [(null)] - AddWebCacheByMobile end 手机号:13240110346,get:System.Collections.Generic.Dictionary`2[System.String,System.Object]
2018-02-02 21:19:05,555 [35] INFO  BaseLog [(null)] - GetMobileCheckCodeByCache begin mobile:13240110346
2018-02-02 21:19:05,555 [35] INFO  BaseLog [(null)] - GetMobileCheckCodeByCache end code:1486,Times=6
2018-02-02 21:19:09,193 [26] INFO  BaseLog [(null)] - GetMobileCheckCodeByCache begin mobile:13240110346
2018-02-02 21:19:09,193 [26] INFO  BaseLog [(null)] - GetMobileCheckCodeByCache end code:1486,Times=6
2018-02-02 21:19:09,952 [38] INFO  BaseLog [(null)] - GetMobileCheckCodeByCache begin mobile:13240110346
2018-02-02 21:19:09,952 [38] INFO  BaseLog [(null)] - GetMobileCheckCodeByCache end code:1486,Times=6
2018-02-02 21:19:10,313 [28] INFO  BaseLog [(null)] - GetMobileCheckCodeByCache begin mobile:13240110346
2018-02-02 21:19:10,313 [28] INFO  BaseLog [(null)] - GetMobileCheckCodeByCache end code:1486,Times=6
2018-02-02 21:19:10,469 [40] INFO  BaseLog [(null)] - GetMobileCheckCodeByCache begin mobile:13240110346
2018-02-02 21:19:10,469 [40] INFO  BaseLog [(null)] - GetMobileCheckCodeByCache end code:1486,Times=6
2018-02-02 21:19:10,749 [30] INFO  BaseLog [(null)] - GetMobileCheckCodeByCache begin mobile:13240110346
2018-02-02 21:19:10,749 [30] INFO  BaseLog [(null)] - GetMobileCheckCodeByCache end code:1486,Times=6
2018-02-02 21:19:10,875 [35] INFO  BaseLog [(null)] - GetMobileCheckCodeByCache begin mobile:13240110346
2018-02-02 21:19:10,875 [35] INFO  BaseLog [(null)] - GetMobileCheckCodeByCache end code:1486,Times=6
2018-02-02 21:19:13,186 [24] INFO  BaseLog [(null)] - GetMobileCheckCodeByCache begin mobile:13240110346
2018-02-02 21:19:13,186 [24] INFO  BaseLog [(null)] - GetMobileCheckCodeByCache end code:1486,Times=6
2018-02-02 21:19:13,566 [21] INFO  BaseLog [(null)] - GetMobileCheckCodeByCache begin mobile:13240110346
2018-02-02 21:19:13,566 [21] INFO  BaseLog [(null)] - GetMobileCheckCodeByCache end code:1486,Times=6
2018-02-02 21:19:13,695 [26] INFO  BaseLog [(null)] - GetMobileCheckCodeByCache begin mobile:13240110346
2018-02-02 21:19:13,695 [26] INFO  BaseLog [(null)] - GetMobileCheckCodeByCache end code:1486,Times=6
2018-02-02 21:19:13,843 [31] INFO  BaseLog [(null)] - GetMobileCheckCodeByCache begin mobile:13240110346
2018-02-02 21:19:13,844 [31] INFO  BaseLog [(null)] - GetMobileCheckCodeByCache end code:1486,Times=6
2018-02-02 21:19:13,986 [25] INFO  BaseLog [(null)] - GetMobileCheckCodeByCache begin mobile:13240110346
2018-02-02 21:19:13,989 [25] INFO  BaseLog [(null)] - GetMobileCheckCodeByCache end code:1486,Times=6
2018-02-02 21:19:14,103 [33] INFO  BaseLog [(null)] - GetMobileCheckCodeByCache begin mobile:13240110346
2018-02-02 21:19:14,103 [33] INFO  BaseLog [(null)] - GetMobileCheckCodeByCache end code:1486,Times=6
2018-02-02 21:19:14,646 [22] INFO  BaseLog [(null)] - GetMobileCheckCodeByCache begin mobile:13240110346
2018-02-02 21:19:14,647 [22] INFO  BaseLog [(null)] - GetMobileCheckCodeByCache end code:1486,Times=6
2018-02-02 21:19:14,780 [18] INFO  BaseLog [(null)] - GetMobileCheckCodeByCache begin mobile:13240110346
2018-02-02 21:19:14,780 [18] INFO  BaseLog [(null)] - GetMobileCheckCodeByCache end code:1486,Times=6
2018-02-02 21:19:14,898 [28] INFO  BaseLog [(null)] - GetMobileCheckCodeByCache begin mobile:13240110346
2018-02-02 21:19:14,898 [28] INFO  BaseLog [(null)] - GetMobileCheckCodeByCache end code:1486,Times=6
2018-02-02 21:19:15,033 [30] INFO  BaseLog [(null)] - GetMobileCheckCodeByCache begin mobile:13240110346
2018-02-02 21:19:15,033 [30] INFO  BaseLog [(null)] - GetMobileCheckCodeByCache end code:1486,Times=6
2018-02-02 21:19:15,527 [35] INFO  BaseLog [(null)] - GetMobileCheckCodeByCache begin mobile:13240110346
2018-02-02 21:19:15,527 [35] INFO  BaseLog [(null)] - GetMobileCheckCodeByCache end code:1486,Times=6
2018-02-02 21:19:15,651 [24] INFO  BaseLog [(null)] - GetMobileCheckCodeByCache begin mobile:13240110346
2018-02-02 21:19:15,651 [24] INFO  BaseLog [(null)] - GetMobileCheckCodeByCache end code:1486,Times=6
2018-02-02 21:19:15,795 [25] INFO  BaseLog [(null)] - GetMobileCheckCodeByCache begin mobile:13240110346
2018-02-02 21:19:15,795 [25] INFO  BaseLog [(null)] - GetMobileCheckCodeByCache end code:1486,Times=6
2018-02-02 21:19:16,840 [22] INFO  BaseLog [(null)] - GetMobileCheckCodeByCache begin mobile:13240110346
2018-02-02 21:19:16,840 [22] INFO  BaseLog [(null)] - GetMobileCheckCodeByCache end code:1486,Times=6
2018-02-02 21:19:16,966 [19] INFO  BaseLog [(null)] - GetMobileCheckCodeByCache begin mobile:13240110346
2018-02-02 21:19:16,966 [19] INFO  BaseLog [(null)] - GetMobileCheckCodeByCache end code:1486,Times=6
2018-02-02 21:19:17,068 [28] INFO  BaseLog [(null)] - GetMobileCheckCodeByCache begin mobile:13240110346
2018-02-02 21:19:17,068 [28] INFO  BaseLog [(null)] - GetMobileCheckCodeByCache end code:1486,Times=6
