2018-01-16 20:43:39,427 [23] INFO  BaseLog [(null)] - GetMobileCheckCodeByCache begin mobile:13146611863
2018-01-16 20:43:39,444 [23] INFO  BaseLog [(null)] - GetMobileCheckCodeByCache end code:
2018-01-16 20:43:39,741 [23] INFO  BaseLog [(null)] - AddWebCacheByMobile begin 手机号:13146611863，content:2148
2018-01-16 20:43:39,745 [23] INFO  BaseLog [(null)] - AddWebCacheByMobile end 手机号:13146611863,get:2148
2018-01-16 20:43:56,277 [5] INFO  BaseLog [(null)] - GetMobileCheckCodeByCache begin mobile:13146611863
2018-01-16 20:43:56,277 [5] INFO  BaseLog [(null)] - GetMobileCheckCodeByCache end code:2148
2018-01-16 20:44:42,472 [35] INFO  BaseLog [(null)] - GetMobileCheckCodeByCache begin mobile:13146611863
2018-01-16 20:44:42,474 [35] INFO  BaseLog [(null)] - GetMobileCheckCodeByCache end code:
2018-01-16 20:45:07,281 [33] INFO  BaseLog [(null)] - GetMobileCheckCodeByCache begin mobile:13146611863
2018-01-16 20:45:07,281 [33] INFO  BaseLog [(null)] - GetMobileCheckCodeByCache end code:
2018-01-16 20:45:21,587 [5] INFO  BaseLog [(null)] - GetMobileCheckCodeByCache begin mobile:13146611863
2018-01-16 20:45:21,587 [5] INFO  BaseLog [(null)] - GetMobileCheckCodeByCache end code:
2018-01-16 20:45:21,699 [5] INFO  BaseLog [(null)] - AddWebCacheByMobile begin 手机号:13146611863，content:7153
2018-01-16 20:45:21,699 [5] INFO  BaseLog [(null)] - AddWebCacheByMobile end 手机号:13146611863,get:7153
2018-01-16 20:45:41,822 [42] INFO  BaseLog [(null)] - GetMobileCheckCodeByCache begin mobile:13146611863
2018-01-16 20:45:41,822 [42] INFO  BaseLog [(null)] - GetMobileCheckCodeByCache end code:7153
2018-01-16 20:51:57,384 [37] INFO  BaseLog [(null)] - GetMobileCheckCodeByCache begin mobile:13146611863
2018-01-16 20:51:57,393 [37] INFO  BaseLog [(null)] - GetMobileCheckCodeByCache end code:
2018-01-16 20:51:57,609 [37] INFO  BaseLog [(null)] - AddWebCacheByMobile begin 手机号:13146611863，content:5370
2018-01-16 20:51:57,610 [37] INFO  BaseLog [(null)] - AddWebCacheByMobile end 手机号:13146611863,get:5370
2018-01-16 20:52:37,675 [35] INFO  BaseLog [(null)] - GetMobileCheckCodeByCache begin mobile:13146611863
2018-01-16 20:52:37,675 [35] INFO  BaseLog [(null)] - GetMobileCheckCodeByCache end code:5370
2018-01-16 20:53:06,118 [35] INFO  BaseLog [(null)] - GetMobileCheckCodeByCache begin mobile:13146611863
2018-01-16 20:53:06,118 [35] INFO  BaseLog [(null)] - GetMobileCheckCodeByCache end code:
2018-01-16 21:03:01,740 [37] INFO  BaseLog [(null)] - GetMobileCheckCodeByCache begin mobile:13146611863
2018-01-16 21:03:01,740 [37] INFO  BaseLog [(null)] - GetMobileCheckCodeByCache end code:
