2017-07-24 11:30:50,687 [10] INFO  XYAuto.ITSC.Chitunion2017.BLL.Loger [(null)] - 同步微信文章明细数据-----服务开始
2017-07-24 11:30:51,734 [6] INFO  XYAuto.ITSC.Chitunion2017.BLL.Loger [(null)] - 同步微信文章及头条号数据-----开始
2017-07-24 11:30:51,834 [6] INFO  XYAuto.ITSC.Chitunion2017.BLL.Loger [(null)] - 同步微信文章数据-----开始
2017-07-24 12:04:06,210 [10] INFO  XYAuto.ITSC.Chitunion2017.BLL.Loger [(null)] - 同步微信文章明细数据-----服务开始
2017-07-24 12:04:07,229 [6] INFO  XYAuto.ITSC.Chitunion2017.BLL.Loger [(null)] - 同步微信文章及头条号数据-----开始
2017-07-24 12:04:07,356 [6] INFO  XYAuto.ITSC.Chitunion2017.BLL.Loger [(null)] - 同步微信文章数据-----开始
2017-07-24 12:04:08,081 [6] INFO  XYAuto.ITSC.Chitunion2017.BLL.Loger [(null)] - 文章ID为6eb1f34d697e46c48ccd73363dde7410中,共有8个img标签
2017-07-24 12:04:34,257 [10] INFO  XYAuto.ITSC.Chitunion2017.BLL.Loger [(null)] - 同步微信文章明细数据-----服务开始
2017-07-24 12:04:35,293 [6] INFO  XYAuto.ITSC.Chitunion2017.BLL.Loger [(null)] - 同步微信文章及头条号数据-----开始
2017-07-24 12:04:35,307 [6] INFO  XYAuto.ITSC.Chitunion2017.BLL.Loger [(null)] - 同步微信文章数据-----开始
2017-07-24 14:49:57,831 [9] INFO  XYAuto.ITSC.Chitunion2017.BLL.Loger [(null)] - 同步微信文章明细数据-----服务开始
2017-07-24 14:49:58,853 [10] INFO  XYAuto.ITSC.Chitunion2017.BLL.Loger [(null)] - 同步微信文章及头条号数据-----开始
2017-07-24 14:49:58,954 [10] INFO  XYAuto.ITSC.Chitunion2017.BLL.Loger [(null)] - 同步今日头条文章数据-----开始
2017-07-24 14:54:07,347 [10] INFO  XYAuto.ITSC.Chitunion2017.BLL.Loger [(null)] - 更新这些今日头条TouTiaoArticleInfo表中的主键ID[8551,8550],的状态为：2
2017-07-24 14:54:35,558 [9] INFO  XYAuto.ITSC.Chitunion2017.BLL.Loger [(null)] - 同步微信文章明细数据-----服务开始
2017-07-24 14:54:36,588 [11] INFO  XYAuto.ITSC.Chitunion2017.BLL.Loger [(null)] - 同步微信文章及头条号数据-----开始
2017-07-24 14:54:36,684 [11] INFO  XYAuto.ITSC.Chitunion2017.BLL.Loger [(null)] - 同步今日头条文章数据-----开始
2017-07-24 14:54:43,974 [11] INFO  XYAuto.ITSC.Chitunion2017.BLL.Loger [(null)] - 更新这些今日头条TouTiaoArticleInfo表中的主键ID[8551,8550],的状态为：2
2017-07-24 14:55:36,178 [9] INFO  XYAuto.ITSC.Chitunion2017.BLL.Loger [(null)] - 同步微信文章明细数据-----服务开始
2017-07-24 14:55:37,206 [11] INFO  XYAuto.ITSC.Chitunion2017.BLL.Loger [(null)] - 同步微信文章及头条号数据-----开始
2017-07-24 14:55:37,222 [11] INFO  XYAuto.ITSC.Chitunion2017.BLL.Loger [(null)] - 同步今日头条文章数据-----开始
2017-07-24 14:55:39,286 [11] INFO  XYAuto.ITSC.Chitunion2017.BLL.Loger [(null)] - 更新这些今日头条TouTiaoArticleInfo表中的主键ID[8549,8548],的状态为：1
2017-07-24 15:02:16,547 [8] INFO  XYAuto.ITSC.Chitunion2017.BLL.Loger [(null)] - 同步微信文章明细数据-----服务开始
2017-07-24 15:02:17,577 [10] INFO  XYAuto.ITSC.Chitunion2017.BLL.Loger [(null)] - 同步微信文章及头条号数据-----开始
2017-07-24 15:02:17,594 [10] INFO  XYAuto.ITSC.Chitunion2017.BLL.Loger [(null)] - 同步今日头条文章数据-----开始
2017-07-24 15:02:43,931 [10] INFO  XYAuto.ITSC.Chitunion2017.BLL.Loger [(null)] - 更新这些今日头条TouTiaoArticleInfo表中的主键ID[8547,8546],的状态为：1
2017-07-24 15:02:43,945 [10] INFO  XYAuto.ITSC.Chitunion2017.BLL.Loger [(null)] - 同步今日头条文章数据-----结束
2017-07-24 15:02:43,946 [10] INFO  XYAuto.ITSC.Chitunion2017.BLL.Loger [(null)] - 同步微信文章及头条号数据-----结束
2017-07-24 15:03:11,155 [10] INFO  XYAuto.ITSC.Chitunion2017.BLL.Loger [(null)] - 同步微信文章明细数据-----服务开始
2017-07-24 15:03:12,181 [6] INFO  XYAuto.ITSC.Chitunion2017.BLL.Loger [(null)] - 同步微信文章及头条号数据-----开始
2017-07-24 15:03:12,196 [6] INFO  XYAuto.ITSC.Chitunion2017.BLL.Loger [(null)] - 同步今日头条文章数据-----开始
2017-07-24 15:03:35,772 [6] INFO  XYAuto.ITSC.Chitunion2017.BLL.Loger [(null)] - 文章ID为8544中,共有1个包含有特定关键词的标签
2017-07-24 15:03:46,136 [6] INFO  XYAuto.ITSC.Chitunion2017.BLL.Loger [(null)] - 文章ID为8544中,共有1个包含有特定关键词的标签，已全部剔除
2017-07-24 15:04:15,987 [6] INFO  XYAuto.ITSC.Chitunion2017.BLL.Loger [(null)] - 文章ID为8527中,共有1个包含有特定关键词的标签
2017-07-24 15:04:15,987 [6] INFO  XYAuto.ITSC.Chitunion2017.BLL.Loger [(null)] - 文章ID为8527中,共有1个包含有特定关键词的标签，已全部剔除
2017-07-24 15:04:16,007 [6] INFO  XYAuto.ITSC.Chitunion2017.BLL.Loger [(null)] - 更新这些今日头条TouTiaoArticleInfo表中的主键ID[8545,8544,8543,8542,8541,8540,8539,8538,8537,8536,8535,8534,8533,8532,8531,8530,8529,8528,8527,8526],的状态为：1
2017-07-24 15:04:16,016 [6] INFO  XYAuto.ITSC.Chitunion2017.BLL.Loger [(null)] - 同步今日头条文章数据-----结束
2017-07-24 15:04:16,016 [6] INFO  XYAuto.ITSC.Chitunion2017.BLL.Loger [(null)] - 同步微信文章及头条号数据-----结束
2017-07-24 16:11:30,634 [9] INFO  XYAuto.ITSC.Chitunion2017.BLL.Loger [(null)] - 同步微信文章明细数据-----服务开始
2017-07-24 16:29:57,489 [10] INFO  XYAuto.ITSC.Chitunion2017.BLL.Loger [(null)] - 同步微信文章明细数据-----服务开始
2017-07-24 16:29:58,513 [6] INFO  XYAuto.ITSC.Chitunion2017.BLL.Loger [(null)] - 同步微信文章及头条号数据-----开始
2017-07-24 16:30:01,355 [6] INFO  XYAuto.ITSC.Chitunion2017.BLL.Loger [(null)] - 同步微信文章数据-----开始
2017-07-24 16:30:16,373 [6] INFO  XYAuto.ITSC.Chitunion2017.BLL.Loger [(null)] - 文章ID为993ce5e4eb06da916372282f138be5c5中,共有9个img标签
2017-07-24 16:30:39,496 [6] INFO  XYAuto.ITSC.Chitunion2017.BLL.Loger [(null)] - 此处图片[http://mmbiz.qpic.cn/mmbiz/b5sTXGr69CiaibcmGOC6JvmDHvLt5B0QKYLglJoOKaUpueK4Osc0KWGYtNYpNOcqxTiavR1plHWcC46oVnKSibib1gA/0?wx_fmt=gif&amp;wxfrom=5&amp;wx_lazy=1&amp;tp=webp]中高度小于200，需要移除,文章ID为：993ce5e4eb06da916372282f138be5c5
2017-07-24 16:30:39,664 [6] INFO  XYAuto.ITSC.Chitunion2017.BLL.Loger [(null)] - 此处图片[http://mmbiz.qpic.cn/mmbiz/byjjR5s9eHibcuT0z5h7Q5EwLy9UJeH68zBDteRwFG3wPY4NILcvxiahybwlBJfHqRTvXEHV8rwWLCNicQHeZxYLQ/640?wx_fmt=jpeg&amp;wxfrom=5&amp;wx_lazy=1&amp;tp=webp]中有二维码，需要移除,文章ID为：993ce5e4eb06da916372282f138be5c5
2017-07-24 16:36:08,468 [10] INFO  XYAuto.ITSC.Chitunion2017.BLL.Loger [(null)] - 同步微信文章明细数据-----服务开始
2017-07-24 16:36:09,497 [6] INFO  XYAuto.ITSC.Chitunion2017.BLL.Loger [(null)] - 同步微信文章及头条号数据-----开始
2017-07-24 16:36:15,508 [6] INFO  XYAuto.ITSC.Chitunion2017.BLL.Loger [(null)] - 同步微信文章数据-----开始
2017-07-24 16:36:18,696 [6] INFO  XYAuto.ITSC.Chitunion2017.BLL.Loger [(null)] - 文章ID为993ce5e4eb06da916372282f138be5c5中,共有9个img标签
