2017-08-10 11:48:31,088 [10] INFO  XYAuto.ITSC.Chitunion2017.BLL.Loger [(null)] - 同步微信文章明细数据-----服务开始
2017-08-10 11:48:32,194 [11] INFO  XYAuto.ITSC.Chitunion2017.BLL.Loger [(null)] - 同步文章数据-----开始
2017-08-10 11:48:32,195 [11] INFO  XYAuto.ITSC.Chitunion2017.BLL.Loger [(null)] - 同步文章数据-----结束
2017-08-10 11:48:32,197 [11] INFO  XYAuto.ITSC.Chitunion2017.BLL.Loger [(null)] - 同步微信文章数据 任务开始
2017-08-10 11:48:34,564 [11] INFO  XYAuto.ITSC.Chitunion2017.BLL.Loger [(null)] - 同步微信文章数据-----开始
2017-08-10 11:48:59,733 [11] INFO  XYAuto.ITSC.Chitunion2017.BLL.Loger [(null)] - 同步微信文章数据-----结束
2017-08-10 11:48:59,734 [11] INFO  XYAuto.ITSC.Chitunion2017.BLL.Loger [(null)] - 同步微信文章数据 任务完成 耗时：00:00:27.5359355
2017-08-10 11:49:23,195 [9] INFO  XYAuto.ITSC.Chitunion2017.BLL.Loger [(null)] - 同步微信文章明细数据-----服务开始
2017-08-10 11:49:24,248 [6] INFO  XYAuto.ITSC.Chitunion2017.BLL.Loger [(null)] - 同步文章数据-----开始
2017-08-10 11:49:24,248 [6] INFO  XYAuto.ITSC.Chitunion2017.BLL.Loger [(null)] - 同步文章数据-----结束
2017-08-10 11:49:24,252 [6] INFO  XYAuto.ITSC.Chitunion2017.BLL.Loger [(null)] - 同步微信文章数据 任务开始
2017-08-10 11:49:24,998 [6] INFO  XYAuto.ITSC.Chitunion2017.BLL.Loger [(null)] - 同步微信文章数据-----开始
2017-08-10 11:50:08,587 [6] INFO  XYAuto.ITSC.Chitunion2017.BLL.Loger [(null)] - 文章ID为c8a8d85c2e68a24181c28bd258f8988f中,内容有“sm”这个关键词
2017-08-10 11:50:33,287 [6] INFO  XYAuto.ITSC.Chitunion2017.BLL.Loger [(null)] - 文章ID为c8a8d85c2e68a24181c28bd258f8988f中,内容有“sm”这个关键词
2017-08-10 11:50:52,959 [6] INFO  XYAuto.ITSC.Chitunion2017.BLL.Loger [(null)] - 文章ID为e748c39434aeaddadb988720a45375c8中,内容有“sm”这个关键词
2017-08-10 11:50:55,509 [6] INFO  XYAuto.ITSC.Chitunion2017.BLL.Loger [(null)] - 文章ID为270baf16c3fb0cba8bdbd624484060ca中,共有11个img标签
2017-08-10 11:51:13,224 [10] INFO  XYAuto.ITSC.Chitunion2017.BLL.Loger [(null)] - 同步微信文章明细数据-----服务开始
2017-08-10 11:51:14,264 [6] INFO  XYAuto.ITSC.Chitunion2017.BLL.Loger [(null)] - 同步文章数据-----开始
2017-08-10 11:51:14,264 [6] INFO  XYAuto.ITSC.Chitunion2017.BLL.Loger [(null)] - 同步文章数据-----结束
2017-08-10 11:51:14,267 [6] INFO  XYAuto.ITSC.Chitunion2017.BLL.Loger [(null)] - 同步微信文章数据 任务开始
2017-08-10 11:51:16,261 [6] INFO  XYAuto.ITSC.Chitunion2017.BLL.Loger [(null)] - 同步微信文章数据-----开始
2017-08-10 11:51:18,362 [6] INFO  XYAuto.ITSC.Chitunion2017.BLL.Loger [(null)] - 文章ID为c36e25bffd8f630ea0d6be2227a43193中,内容有“TT”这个关键词
2017-08-10 11:51:24,110 [6] INFO  XYAuto.ITSC.Chitunion2017.BLL.Loger [(null)] - 文章ID为ead24794a03aaa6b97a8df22cadf9201中,共有4个img标签
2017-08-10 11:52:57,415 [10] INFO  XYAuto.ITSC.Chitunion2017.BLL.Loger [(null)] - 同步微信文章明细数据-----服务开始
2017-08-10 11:52:58,475 [6] INFO  XYAuto.ITSC.Chitunion2017.BLL.Loger [(null)] - 同步文章数据-----开始
2017-08-10 11:52:58,475 [6] INFO  XYAuto.ITSC.Chitunion2017.BLL.Loger [(null)] - 同步文章数据-----结束
2017-08-10 11:52:58,478 [6] INFO  XYAuto.ITSC.Chitunion2017.BLL.Loger [(null)] - 同步微信文章数据 任务开始
2017-08-10 11:52:58,500 [6] INFO  XYAuto.ITSC.Chitunion2017.BLL.Loger [(null)] - 同步微信文章数据-----开始
2017-08-10 11:52:58,975 [6] INFO  XYAuto.ITSC.Chitunion2017.BLL.Loger [(null)] - 文章ID为9961ec4189bca56b26a57972e8ce1120中,内容有“sm”这个关键词
2017-08-10 11:52:59,023 [6] INFO  XYAuto.ITSC.Chitunion2017.BLL.Loger [(null)] - 文章ID为043be804a284c18df8ae5b81e8d15105中,共有2个视频iframe标签
2017-08-10 11:52:59,091 [6] INFO  XYAuto.ITSC.Chitunion2017.BLL.Loger [(null)] - 文章ID为78d9b6a6a407fa0ac0caea9a42c1605c中,内容有“股票”这个关键词
2017-08-10 11:52:59,139 [6] INFO  XYAuto.ITSC.Chitunion2017.BLL.Loger [(null)] - 同步微信文章数据-----结束
2017-08-10 11:52:59,139 [6] INFO  XYAuto.ITSC.Chitunion2017.BLL.Loger [(null)] - 同步微信文章数据 任务完成 耗时：00:00:00.6612256
2017-08-10 11:53:09,280 [10] INFO  XYAuto.ITSC.Chitunion2017.BLL.Loger [(null)] - 同步微信文章明细数据-----服务开始
2017-08-10 11:53:10,311 [6] INFO  XYAuto.ITSC.Chitunion2017.BLL.Loger [(null)] - 同步文章数据-----开始
2017-08-10 11:53:10,312 [6] INFO  XYAuto.ITSC.Chitunion2017.BLL.Loger [(null)] - 同步文章数据-----结束
2017-08-10 11:53:10,315 [6] INFO  XYAuto.ITSC.Chitunion2017.BLL.Loger [(null)] - 同步微信文章数据 任务开始
2017-08-10 11:53:10,337 [6] INFO  XYAuto.ITSC.Chitunion2017.BLL.Loger [(null)] - 同步微信文章数据-----开始
2017-08-10 11:53:10,810 [6] INFO  XYAuto.ITSC.Chitunion2017.BLL.Loger [(null)] - 文章ID为249423d269cdc3af194c3fcfa2441206中,内容有“便秘”这个关键词
2017-08-10 11:53:10,866 [6] INFO  XYAuto.ITSC.Chitunion2017.BLL.Loger [(null)] - 文章ID为c5cc3a42a7c568530035cc711d3ed269中,共有1个视频iframe标签
2017-08-10 11:53:10,922 [6] INFO  XYAuto.ITSC.Chitunion2017.BLL.Loger [(null)] - 文章ID为dd3141f23439fde8ac28b6b15d053bf7中,内容有“sm”这个关键词
2017-08-10 11:53:10,967 [6] INFO  XYAuto.ITSC.Chitunion2017.BLL.Loger [(null)] - 文章ID为ee346ac053da554219939843abe77eae中,共有1个视频iframe标签
2017-08-10 11:53:10,968 [6] INFO  XYAuto.ITSC.Chitunion2017.BLL.Loger [(null)] - 同步微信文章数据-----结束
2017-08-10 11:53:10,968 [6] INFO  XYAuto.ITSC.Chitunion2017.BLL.Loger [(null)] - 同步微信文章数据 任务完成 耗时：00:00:00.6521220
2017-08-10 11:53:17,661 [10] INFO  XYAuto.ITSC.Chitunion2017.BLL.Loger [(null)] - 同步微信文章明细数据-----服务开始
2017-08-10 11:53:18,690 [6] INFO  XYAuto.ITSC.Chitunion2017.BLL.Loger [(null)] - 同步文章数据-----开始
2017-08-10 11:53:18,691 [6] INFO  XYAuto.ITSC.Chitunion2017.BLL.Loger [(null)] - 同步文章数据-----结束
2017-08-10 11:53:18,694 [6] INFO  XYAuto.ITSC.Chitunion2017.BLL.Loger [(null)] - 同步微信文章数据 任务开始
2017-08-10 11:53:18,720 [6] INFO  XYAuto.ITSC.Chitunion2017.BLL.Loger [(null)] - 同步微信文章数据-----开始
2017-08-10 11:53:19,179 [6] INFO  XYAuto.ITSC.Chitunion2017.BLL.Loger [(null)] - 文章ID为70262e066273f5d00f83806b7b8f5b5f中,共有1个音频标签
2017-08-10 11:53:19,225 [6] INFO  XYAuto.ITSC.Chitunion2017.BLL.Loger [(null)] - 文章ID为42318d7f39a02020b4ac45b7f4681751中,共有2个视频iframe标签
2017-08-10 11:53:19,279 [6] INFO  XYAuto.ITSC.Chitunion2017.BLL.Loger [(null)] - 文章ID为6ae90ce27e443dd322593a3229c9e9c4中,内容有“sm”这个关键词
2017-08-10 11:53:19,280 [6] INFO  XYAuto.ITSC.Chitunion2017.BLL.Loger [(null)] - 同步微信文章数据-----结束
2017-08-10 11:53:19,280 [6] INFO  XYAuto.ITSC.Chitunion2017.BLL.Loger [(null)] - 同步微信文章数据 任务完成 耗时：00:00:00.5852932
2017-08-10 11:53:36,812 [10] INFO  XYAuto.ITSC.Chitunion2017.BLL.Loger [(null)] - 同步微信文章明细数据-----服务开始
2017-08-10 11:53:37,866 [6] INFO  XYAuto.ITSC.Chitunion2017.BLL.Loger [(null)] - 同步文章数据-----开始
2017-08-10 11:53:37,867 [6] INFO  XYAuto.ITSC.Chitunion2017.BLL.Loger [(null)] - 同步文章数据-----结束
2017-08-10 11:53:37,870 [6] INFO  XYAuto.ITSC.Chitunion2017.BLL.Loger [(null)] - 同步微信文章数据 任务开始
2017-08-10 11:53:37,893 [6] INFO  XYAuto.ITSC.Chitunion2017.BLL.Loger [(null)] - 同步微信文章数据-----开始
2017-08-10 11:53:38,457 [6] INFO  XYAuto.ITSC.Chitunion2017.BLL.Loger [(null)] - 文章ID为54323bfb2321dc15ede14bd3fda75991中,内容有“sm”这个关键词
2017-08-10 11:53:38,572 [6] INFO  XYAuto.ITSC.Chitunion2017.BLL.Loger [(null)] - 文章ID为99d853688ce456ec74aa7c8f579e2f9a中,内容有“sm”这个关键词
2017-08-10 11:53:38,639 [6] INFO  XYAuto.ITSC.Chitunion2017.BLL.Loger [(null)] - 文章ID为e53050b9be47e1f3a338718dea53daf3中,内容有“sm”这个关键词
2017-08-10 11:53:38,698 [6] INFO  XYAuto.ITSC.Chitunion2017.BLL.Loger [(null)] - 文章ID为a0c462a99fd160ad011fa0c7543a095c中,内容有“sm”这个关键词
2017-08-10 11:53:38,749 [6] INFO  XYAuto.ITSC.Chitunion2017.BLL.Loger [(null)] - 文章ID为7eb86571cc378fe9d483ba1165104108中,共有1个视频iframe标签
2017-08-10 11:53:38,797 [6] INFO  XYAuto.ITSC.Chitunion2017.BLL.Loger [(null)] - 文章ID为971a0812a164410e0b41a62425df234d中,内容有“炮友”这个关键词
2017-08-10 11:53:42,936 [6] INFO  XYAuto.ITSC.Chitunion2017.BLL.Loger [(null)] - 文章ID为96ebafe249051012e5f78c9c813f303c中,共有6个img标签
2017-08-10 12:02:14,920 [10] INFO  XYAuto.ITSC.Chitunion2017.BLL.Loger [(null)] - 同步微信文章明细数据-----服务开始
2017-08-10 12:02:15,959 [6] INFO  XYAuto.ITSC.Chitunion2017.BLL.Loger [(null)] - 同步文章数据-----开始
2017-08-10 12:02:15,960 [6] INFO  XYAuto.ITSC.Chitunion2017.BLL.Loger [(null)] - 同步文章数据-----结束
2017-08-10 12:02:15,963 [6] INFO  XYAuto.ITSC.Chitunion2017.BLL.Loger [(null)] - 同步微信文章数据 任务开始
2017-08-10 12:02:15,985 [6] INFO  XYAuto.ITSC.Chitunion2017.BLL.Loger [(null)] - 同步微信文章数据-----开始
2017-08-10 12:02:20,719 [6] INFO  XYAuto.ITSC.Chitunion2017.BLL.Loger [(null)] - 文章ID为8130a76262c3f461bba110c2b516b757中,共有8个img标签
2017-08-10 12:02:35,471 [6] INFO  XYAuto.ITSC.Chitunion2017.BLL.Loger [(null)] - 此处图片[http://mmbiz.qpic.cn/mmbiz/ob53LmlLt3Cibz2nTXwSEVxjic0kkCJtic7dxCF6SjpYaUnvYC4X13jG7M6Xm4uWogFliax9HlqKWonoFCj82PqXSg/0?]中高度小于175，实际高度为29，需要移除,文章ID为：8130a76262c3f461bba110c2b516b757
2017-08-10 12:03:28,760 [10] INFO  XYAuto.ITSC.Chitunion2017.BLL.Loger [(null)] - 同步微信文章明细数据-----服务开始
2017-08-10 12:03:29,810 [6] INFO  XYAuto.ITSC.Chitunion2017.BLL.Loger [(null)] - 同步文章数据-----开始
2017-08-10 12:03:29,810 [6] INFO  XYAuto.ITSC.Chitunion2017.BLL.Loger [(null)] - 同步文章数据-----结束
2017-08-10 12:03:29,814 [6] INFO  XYAuto.ITSC.Chitunion2017.BLL.Loger [(null)] - 同步微信文章数据 任务开始
2017-08-10 12:03:30,037 [6] INFO  XYAuto.ITSC.Chitunion2017.BLL.Loger [(null)] - 同步微信文章数据-----开始
2017-08-10 12:03:30,588 [6] INFO  XYAuto.ITSC.Chitunion2017.BLL.Loger [(null)] - 文章ID为e28317fcc05a2a0d02547bf5a7d97081中,内容有“出轨”这个关键词
2017-08-10 12:03:37,809 [6] INFO  XYAuto.ITSC.Chitunion2017.BLL.Loger [(null)] - 文章ID为f0f968b6919484f4e9c29897b7e6b08c中,共有5个img标签
2017-08-10 12:03:43,659 [6] INFO  XYAuto.ITSC.Chitunion2017.BLL.Loger [(null)] - 此处图片[http://mmbiz.qpic.cn/mmbiz_gif/s3WzGvK50r6jqHtnXsyHlgmRcibF4YXCX9aWg3oic1OVgB5ArH0qJcLliaLTFIu6GVCLbyJCSNY5icLTgGBXFicPia0g/0?wx_fmt=gif]中高度小于175，实际高度为116，需要移除,文章ID为：f0f968b6919484f4e9c29897b7e6b08c
2017-08-10 12:03:47,714 [6] INFO  XYAuto.ITSC.Chitunion2017.BLL.Loger [(null)] - 此处图片[http://mmbiz.qpic.cn/mmbiz_png/s3WzGvK50r4BWBed1lSGeuKtWJ0XZvKhQSbiaoxFDp86lPxTr0G8ibzpjrF8x8FUvavmicmgUlcZMibLMC9X9plicFA/640?wx_fmt=png]中高度小于175，实际高度为38，需要移除,文章ID为：f0f968b6919484f4e9c29897b7e6b08c
2017-08-10 12:03:52,845 [6] INFO  XYAuto.ITSC.Chitunion2017.BLL.Loger [(null)] - 此处图片[http://mmbiz.qpic.cn/mmbiz_jpg/s3WzGvK50r6Iqeg5KaKichHSuuTlaFPBcECZ0ErQLbHIzg6gdkibjGGZAh26PjbLVSVI6JYbPpXuJJqAkX6XNSTA/640?wx_fmt=jpeg]中有二维码，需要移除,文章ID为：f0f968b6919484f4e9c29897b7e6b08c
2017-08-10 12:05:14,950 [10] INFO  XYAuto.ITSC.Chitunion2017.BLL.Loger [(null)] - 同步微信文章明细数据-----服务开始
2017-08-10 12:05:15,979 [6] INFO  XYAuto.ITSC.Chitunion2017.BLL.Loger [(null)] - 同步文章数据-----开始
2017-08-10 12:05:15,980 [6] INFO  XYAuto.ITSC.Chitunion2017.BLL.Loger [(null)] - 同步文章数据-----结束
2017-08-10 12:05:15,984 [6] INFO  XYAuto.ITSC.Chitunion2017.BLL.Loger [(null)] - 同步微信文章数据 任务开始
2017-08-10 12:05:16,007 [6] INFO  XYAuto.ITSC.Chitunion2017.BLL.Loger [(null)] - 同步微信文章数据-----开始
2017-08-10 12:05:19,524 [6] INFO  XYAuto.ITSC.Chitunion2017.BLL.Loger [(null)] - 文章ID为759cfdeda09a19e6dc45a76119f8c815中,共有8个img标签
2017-08-10 12:05:25,238 [6] INFO  XYAuto.ITSC.Chitunion2017.BLL.Loger [(null)] - 此处图片[http://mmbiz.qpic.cn/mmbiz/y5ia0E1uQpOLtOwU78VEwI7DppVJuxpib86ur5gB0WoZJrArAXp9rqzk0vTugw2hRzWzf7m6Hju7ALJNZM9ZSPpg/640?wx_fmt=jpeg]中高度小于175，实际高度为71，需要移除,文章ID为：759cfdeda09a19e6dc45a76119f8c815
2017-08-10 12:05:58,761 [6] INFO  XYAuto.ITSC.Chitunion2017.BLL.Loger [(null)] - 接口[https://api.aq.163.com/v3/image/check]，调用耗时：5663,返回数据为：{"code":200,"msg":"ok","result":[{"taskId":"a596b7c2700d46ed9c9db93d30d9b1f7","name":"http://mmbiz.qpic.cn/mmbiz_jpg/hHCgRL19ZjTRwUPrN2VGHc0GWzG75OlLhhGS02kx7icHNm19faP6Tcg3W8uGGbCntCiawhIZK2ueFZoyeOLnqZ5w/640?wx_fmt=jpeg","labels":[{"label":100,"level":0,"rate":0.0},{"label":110,"level":0,"rate":0.0},{"label":200,"level":0,"rate":0.0},{"label":210,"level":0,"rate":0.0},{"label":300,"level":0,"rate":0.0},{"label":400,"level":0,"rate":0.0}]}]}
2017-08-10 12:28:22,191 [9] INFO  XYAuto.ITSC.Chitunion2017.BLL.Loger [(null)] - 同步微信文章明细数据-----服务开始
2017-08-10 12:28:23,227 [11] INFO  XYAuto.ITSC.Chitunion2017.BLL.Loger [(null)] - 同步文章数据-----开始
2017-08-10 12:28:23,227 [11] INFO  XYAuto.ITSC.Chitunion2017.BLL.Loger [(null)] - 同步文章数据-----结束
2017-08-10 12:28:23,230 [11] INFO  XYAuto.ITSC.Chitunion2017.BLL.Loger [(null)] - 同步微信文章数据 任务开始
2017-08-10 12:28:23,252 [11] INFO  XYAuto.ITSC.Chitunion2017.BLL.Loger [(null)] - 同步微信文章数据-----开始
2017-08-10 12:28:23,725 [11] INFO  XYAuto.ITSC.Chitunion2017.BLL.Loger [(null)] - 文章ID为9d6f35e8aeb2d02efd991eb7c4a28b92中,内容有“胸大”这个关键词
2017-08-10 12:28:23,837 [11] INFO  XYAuto.ITSC.Chitunion2017.BLL.Loger [(null)] - 文章ID为8553c9927fb948d068e71ebc22702b39中,共有1个视频iframe标签
2017-08-10 12:28:23,885 [11] INFO  XYAuto.ITSC.Chitunion2017.BLL.Loger [(null)] - 文章ID为450881c4fe96e7f017d4b4a2aa6002a0中,共有2个img标签
2017-08-10 12:28:58,380 [9] INFO  XYAuto.ITSC.Chitunion2017.BLL.Loger [(null)] - 同步微信文章明细数据-----服务开始
2017-08-10 12:28:59,413 [6] INFO  XYAuto.ITSC.Chitunion2017.BLL.Loger [(null)] - 同步文章数据-----开始
2017-08-10 12:28:59,414 [6] INFO  XYAuto.ITSC.Chitunion2017.BLL.Loger [(null)] - 同步文章数据-----结束
2017-08-10 12:28:59,416 [6] INFO  XYAuto.ITSC.Chitunion2017.BLL.Loger [(null)] - 同步微信文章数据 任务开始
2017-08-10 12:28:59,439 [6] INFO  XYAuto.ITSC.Chitunion2017.BLL.Loger [(null)] - 同步微信文章数据-----开始
2017-08-10 12:28:59,961 [6] INFO  XYAuto.ITSC.Chitunion2017.BLL.Loger [(null)] - 文章ID为d6c6baae36603e071471875b6f8c6a34中,内容有“BB”这个关键词
2017-08-10 12:29:00,025 [6] INFO  XYAuto.ITSC.Chitunion2017.BLL.Loger [(null)] - 文章ID为d9f4d3ac5cdcf01e0e4c030a0edea7b5中,共有6个img标签
2017-08-10 12:29:00,257 [6] INFO  XYAuto.ITSC.Chitunion2017.BLL.Loger [(null)] - 此处图片[http://mmbiz.qpic.cn/mmbiz_gif/pRlVarpicHFb5TMKyhQicfvdgHuqIqrBvMqBQgjlGtJp5jTAibyn4ThcM0EHRyQdv5u6DTUIFIEpzIKiaiaIwzZdGWg/0?wx_fmt=gif]中高度小于175，实际高度为79，需要移除,文章ID为：d9f4d3ac5cdcf01e0e4c030a0edea7b5
2017-08-10 12:29:58,671 [9] INFO  XYAuto.ITSC.Chitunion2017.BLL.Loger [(null)] - 同步微信文章明细数据-----服务开始
2017-08-10 12:29:59,723 [11] INFO  XYAuto.ITSC.Chitunion2017.BLL.Loger [(null)] - 同步文章数据-----开始
2017-08-10 12:29:59,724 [11] INFO  XYAuto.ITSC.Chitunion2017.BLL.Loger [(null)] - 同步文章数据-----结束
2017-08-10 12:29:59,728 [11] INFO  XYAuto.ITSC.Chitunion2017.BLL.Loger [(null)] - 同步微信文章数据 任务开始
2017-08-10 12:29:59,749 [11] INFO  XYAuto.ITSC.Chitunion2017.BLL.Loger [(null)] - 同步微信文章数据-----开始
2017-08-10 12:30:00,267 [11] INFO  XYAuto.ITSC.Chitunion2017.BLL.Loger [(null)] - 文章ID为2032db194ebc6b54388b97ec14136538中,共有8个img标签
2017-08-10 12:30:00,408 [11] INFO  XYAuto.ITSC.Chitunion2017.BLL.Loger [(null)] - 此处图片[http://mmbiz.qpic.cn/mmbiz/q8Mibl7B27B0icShL7guS2af2uKypJcM2ORicQvb0sI4LNhCq9XVe15SlKhhvaXQc7zzRgaHF8dqHZBZv8nRxhbTw/640?wx_fmt=png]中高度小于175，实际高度为12，需要移除,文章ID为：2032db194ebc6b54388b97ec14136538
2017-08-10 12:30:07,906 [11] INFO  XYAuto.ITSC.Chitunion2017.BLL.Loger [(null)] - 接口[https://api.aq.163.com/v3/image/check]，调用耗时：668,返回数据为：{"code":200,"msg":"ok","result":[{"taskId":"26e1b3376fbd4d27920c6f108c5c4ae5","name":"http://mmbiz.qpic.cn/mmbiz/RzcTXYmt15DTx7GhJAS1FMZgzIdrhUsXc4lnmtyqRDyU1tOmXyNWRYqk3e9qC37ZEce2BdXyiavsUBYicGyI29tQ/640","labels":[{"label":200,"level":1,"rate":0.9901},{"label":100,"level":0,"rate":0.0},{"label":110,"level":0,"rate":0.0},{"label":210,"level":0,"rate":0.0},{"label":300,"level":0,"rate":0.0},{"label":400,"level":0,"rate":0.0}]}]}
2017-08-10 12:30:29,067 [11] INFO  XYAuto.ITSC.Chitunion2017.BLL.Loger [(null)] - 接口[https://api.aq.163.com/v3/image/check]，调用耗时：514,返回数据为：{"code":200,"msg":"ok","result":[{"taskId":"5bfc8acdeec54e91a424db9c5d4bc7cf","name":"http://mmbiz.qpic.cn/mmbiz/RzcTXYmt15DTx7GhJAS1FMZgzIdrhUsX2P8Lw5ibzrQ1ZOUlTciavJYnxicRWs72fSe99lmnLTibYrOFYm1Fwtf6nw/640","labels":[{"label":200,"level":1,"rate":0.9901},{"label":100,"level":0,"rate":0.0},{"label":110,"level":0,"rate":0.0},{"label":210,"level":0,"rate":0.0},{"label":300,"level":0,"rate":0.0},{"label":400,"level":0,"rate":0.0}]}]}
2017-08-10 12:30:37,601 [11] INFO  XYAuto.ITSC.Chitunion2017.BLL.Loger [(null)] - 接口[https://api.aq.163.com/v3/image/check]，调用耗时：601,返回数据为：{"code":200,"msg":"ok","result":[{"taskId":"557fac54b76d4a38b7ecdb44397421d2","name":"http://mmbiz.qpic.cn/mmbiz/RzcTXYmt15DTx7GhJAS1FMZgzIdrhUsXteAtWgYAiaM2DrY1aeQBD3OXvI8GyseB75j1Xj1Xia50ibSP3RCLzVWxw/640","labels":[{"label":100,"level":0,"rate":0.0},{"label":110,"level":0,"rate":0.0},{"label":200,"level":0,"rate":0.0},{"label":210,"level":0,"rate":0.0},{"label":300,"level":0,"rate":0.0},{"label":400,"level":0,"rate":0.0}]}]}
2017-08-10 12:30:45,005 [11] INFO  XYAuto.ITSC.Chitunion2017.BLL.Loger [(null)] - 接口[https://api.aq.163.com/v3/image/check]，调用耗时：684,返回数据为：{"code":200,"msg":"ok","result":[{"taskId":"1eaf0aa21a0f488fbcaf62c549193648","name":"http://mmbiz.qpic.cn/mmbiz/RzcTXYmt15DTx7GhJAS1FMZgzIdrhUsXX4VPuKrupRvKOy0FOy6giahsicjov8MV3iaFG0yH4cQicEPUu9ZrZwDVQA/640","labels":[{"label":200,"level":1,"rate":0.9801},{"label":100,"level":0,"rate":0.0},{"label":110,"level":0,"rate":0.0},{"label":210,"level":0,"rate":0.0},{"label":300,"level":0,"rate":0.0},{"label":400,"level":0,"rate":0.0}]}]}
2017-08-10 12:31:30,951 [9] INFO  XYAuto.ITSC.Chitunion2017.BLL.Loger [(null)] - 同步微信文章明细数据-----服务开始
2017-08-10 12:31:31,985 [11] INFO  XYAuto.ITSC.Chitunion2017.BLL.Loger [(null)] - 同步文章数据-----开始
2017-08-10 12:31:31,985 [11] INFO  XYAuto.ITSC.Chitunion2017.BLL.Loger [(null)] - 同步文章数据-----结束
2017-08-10 12:31:31,989 [11] INFO  XYAuto.ITSC.Chitunion2017.BLL.Loger [(null)] - 同步微信文章数据 任务开始
2017-08-10 12:31:32,027 [11] INFO  XYAuto.ITSC.Chitunion2017.BLL.Loger [(null)] - 同步微信文章数据-----开始
2017-08-10 12:31:32,478 [11] INFO  XYAuto.ITSC.Chitunion2017.BLL.Loger [(null)] - 文章ID为cc3b6c5a75c3a44d0a9b6b8238e73836中,内容有“sm”这个关键词
2017-08-10 12:31:32,530 [11] INFO  XYAuto.ITSC.Chitunion2017.BLL.Loger [(null)] - 文章ID为028e96e9cf44292420e0fca4b9ebb6e5中,共有2个视频iframe标签
2017-08-10 12:31:32,593 [11] INFO  XYAuto.ITSC.Chitunion2017.BLL.Loger [(null)] - 文章ID为62ce41e7c6db477b54c5ec23f32b0afe中,共有10个img标签
2017-08-10 12:31:32,728 [11] INFO  XYAuto.ITSC.Chitunion2017.BLL.Loger [(null)] - 此处图片[http://mmbiz.qpic.cn/mmbiz/4Akmg7ibPD0mhu1veYYRn6QsfWtnnT13ibEwamSm2MAOXSMfDuaXIFHX1szqYEvof54ibpzSQb80iceEuSRiaSQXknw/640?wx_fmt=jpeg]中高度小于175，实际高度为50，需要移除,文章ID为：62ce41e7c6db477b54c5ec23f32b0afe
2017-08-10 12:31:32,888 [11] INFO  XYAuto.ITSC.Chitunion2017.BLL.Loger [(null)] - 此处图片[http://mmbiz.qpic.cn/mmbiz/EBb5pGJYmryDpicLzFpYZXY3LIz2D6m3NhhriaFzarVNavCf0mp2G7P7zlaOdMRibm1ibEDaZTLAv9kJhXUE49T6jw/0?wx_fmt=gif]中高度小于175，实际高度为24，需要移除,文章ID为：62ce41e7c6db477b54c5ec23f32b0afe
2017-08-10 12:31:32,933 [11] INFO  XYAuto.ITSC.Chitunion2017.BLL.Loger [(null)] - 此处图片[http://mmbiz.qpic.cn/mmbiz_png/4Akmg7ibPD0nwQrNJZ3xM6qIx6tqibO6ClaMd0opy5SrINVAjvxx9jciboBH8bOSh0ZO38IJCla85wJCCiaPb69yicw/640?wx_fmt=png]中有二维码，需要移除,文章ID为：62ce41e7c6db477b54c5ec23f32b0afe
2017-08-10 12:31:32,934 [11] INFO  XYAuto.ITSC.Chitunion2017.BLL.Loger [(null)] - 文章ID为62ce41e7c6db477b54c5ec23f32b0afe中,共有10个img标签，其中移除二维码图片的标签共有1个,高度小于175的图片有2个，网易检测不符合规则的图片有0个。
2017-08-10 12:31:33,752 [11] INFO  XYAuto.ITSC.Chitunion2017.BLL.Loger [(null)] - 接口[https://api.aq.163.com/v3/text/check]，调用耗时：551,返回数据为：{"code":200,"msg":"ok","result":{"taskId":"8b400f03346d45f2ac2256a10aba0c7a","action":0,"labels":[]}}
2017-08-10 12:31:54,990 [11] ERROR XYAuto.ITSC.Chitunion2017.BLL.Loger [(null)] - 同步微信文章数据，出错;
System.Net.Sockets.SocketException (0x80004005): 由于连接方在一段时间后没有正确答复或连接的主机没有反应，连接尝试失败。 192.168.105.9:23004
   在 System.Net.Sockets.Socket.DoConnect(EndPoint endPointSnapshot, SocketAddress socketAddress)
   在 System.Net.Sockets.Socket.Connect(EndPoint remoteEP)
   在 System.Net.Sockets.TcpClient.Connect(IPEndPoint remoteEP)
   在 FastDFS.Client.Pool.GetPooldConncetion()
   在 FastDFS.Client.Pool.GetConnection()
   在 FastDFS.Client.ConnectionManager.GetStorageConnection(IPEndPoint endPoint)
   在 FastDFS.Client.UPLOAD_FILE.GetRequest(Object[] paramList)
   在 FastDFS.Client.FastDFSClient.UploadFile(StorageNode storageNode, Byte[] contentByte, String fileExt)
   在 Xy.ImageFastDFS.StreamFastDFSAdapter.Upload()
   在 XYAuto.ITSC.Chitunion2017.HBaseDataSync.Util.CleanImg(Image img) 位置 D:\GitRoot（C）\A5信息系统研发\销售业务管理平台\赤兔联盟系统\XYAuto.ITSC.Chitunion2017.HBaseDataSync\Util.cs:行号 468
   在 XYAuto.ITSC.Chitunion2017.HBaseDataSync.Util.CleanImg(String url) 位置 D:\GitRoot（C）\A5信息系统研发\销售业务管理平台\赤兔联盟系统\XYAuto.ITSC.Chitunion2017.HBaseDataSync\Util.cs:行号 486
   在 XYAuto.ITSC.Chitunion2017.HBaseDataSync.BusinessLL.ArticleInfo.SyncDataByWeixin(Int32 topNum) 位置 D:\GitRoot（C）\A5信息系统研发\销售业务管理平台\赤兔联盟系统\XYAuto.ITSC.Chitunion2017.HBaseDataSync\BusinessLL\ArticleInfo.cs:行号 78
2017-08-10 12:31:55,063 [11] INFO  XYAuto.ITSC.Chitunion2017.BLL.Loger [(null)] - 同步微信文章数据-----结束
2017-08-10 12:31:55,064 [11] INFO  XYAuto.ITSC.Chitunion2017.BLL.Loger [(null)] - 同步微信文章数据 任务完成 耗时：00:00:23.0745919
2017-08-10 12:32:38,845 [9] INFO  XYAuto.ITSC.Chitunion2017.BLL.Loger [(null)] - 同步微信文章明细数据-----服务开始
2017-08-10 12:32:39,874 [11] INFO  XYAuto.ITSC.Chitunion2017.BLL.Loger [(null)] - 同步文章数据-----开始
2017-08-10 12:32:39,875 [11] INFO  XYAuto.ITSC.Chitunion2017.BLL.Loger [(null)] - 同步文章数据-----结束
2017-08-10 12:32:39,878 [11] INFO  XYAuto.ITSC.Chitunion2017.BLL.Loger [(null)] - 同步微信文章数据 任务开始
2017-08-10 12:32:39,914 [11] INFO  XYAuto.ITSC.Chitunion2017.BLL.Loger [(null)] - 同步微信文章数据-----开始
2017-08-10 12:32:40,421 [11] INFO  XYAuto.ITSC.Chitunion2017.BLL.Loger [(null)] - 文章ID为ca28cdbb9967b5a7ab9155eb718b76d5中,内容有“BB”这个关键词
2017-08-10 12:32:40,522 [11] INFO  XYAuto.ITSC.Chitunion2017.BLL.Loger [(null)] - 文章ID为e0bdfc1ac009cb5fa29f018c1e8b3d3a中,共有1个视频iframe标签
2017-08-10 12:32:40,572 [11] INFO  XYAuto.ITSC.Chitunion2017.BLL.Loger [(null)] - 文章ID为9c27212a3cd0154d263ea88edf4b9699中,共有2个视频iframe标签
2017-08-10 12:32:40,629 [11] INFO  XYAuto.ITSC.Chitunion2017.BLL.Loger [(null)] - 文章ID为40ed2971b08b0b9350f250c1d8634cae中,内容有“抑郁”这个关键词
2017-08-10 12:32:40,697 [11] INFO  XYAuto.ITSC.Chitunion2017.BLL.Loger [(null)] - 文章ID为0dfa44fa2b6d12f58faad1f874b15514中,内容有“裸体”这个关键词
2017-08-10 12:32:40,755 [11] INFO  XYAuto.ITSC.Chitunion2017.BLL.Loger [(null)] - 文章ID为c5b2b3478f3fa1f4818a155d40f68d50中,内容有“群交”这个关键词
2017-08-10 12:32:40,809 [11] INFO  XYAuto.ITSC.Chitunion2017.BLL.Loger [(null)] - 文章ID为6424b23dad4ff3b2ac57a4c60ba305d6中,内容有“sm”这个关键词
2017-08-10 12:32:40,864 [11] INFO  XYAuto.ITSC.Chitunion2017.BLL.Loger [(null)] - 文章ID为e5ece66cc0c254e47061838f8c232594中,内容有“sm”这个关键词
2017-08-10 12:32:40,909 [11] INFO  XYAuto.ITSC.Chitunion2017.BLL.Loger [(null)] - 文章ID为6fe6dc4eeacb3428fa498e78f8a4f838中,共有1个视频iframe标签
2017-08-10 12:32:40,963 [11] INFO  XYAuto.ITSC.Chitunion2017.BLL.Loger [(null)] - 文章ID为499e67d74652b1e5c2e4847b237e9a4d中,共有1个视频iframe标签
2017-08-10 12:32:41,027 [11] INFO  XYAuto.ITSC.Chitunion2017.BLL.Loger [(null)] - 文章ID为93ce06754b6ba796252c7e0712f4f769中,内容有“征友”这个关键词
2017-08-10 12:32:41,085 [11] INFO  XYAuto.ITSC.Chitunion2017.BLL.Loger [(null)] - 文章ID为d862ac3ae8a401b534bda3b9e0c6fa6a中,内容有“性运动”这个关键词
2017-08-10 12:32:41,137 [11] INFO  XYAuto.ITSC.Chitunion2017.BLL.Loger [(null)] - 文章ID为c3679eb45dd6680b1e4d4377ac837d1c中,内容有“TT”这个关键词
2017-08-10 12:32:41,208 [11] INFO  XYAuto.ITSC.Chitunion2017.BLL.Loger [(null)] - 文章ID为7a7b9b0d50a1f9e28de09c6be1e6d90c中,内容有“sm”这个关键词
2017-08-10 12:32:41,255 [11] INFO  XYAuto.ITSC.Chitunion2017.BLL.Loger [(null)] - 文章ID为089759d5f9964e0c214fc98efa4c61d4中,共有1个视频iframe标签
2017-08-10 12:32:41,414 [11] INFO  XYAuto.ITSC.Chitunion2017.BLL.Loger [(null)] - 文章ID为309a3ad3d56223b92655eb14414c0acc中,内容有“sm”这个关键词
2017-08-10 12:32:41,461 [11] INFO  XYAuto.ITSC.Chitunion2017.BLL.Loger [(null)] - 文章ID为a029fad8b1ea0b3445c14caf99582eb9中,共有1个视频iframe标签
2017-08-10 12:32:41,622 [11] INFO  XYAuto.ITSC.Chitunion2017.BLL.Loger [(null)] - 文章ID为9c949fe75e5600527e817c6afd54582e中,共有8个img标签
2017-08-10 12:32:42,673 [11] INFO  XYAuto.ITSC.Chitunion2017.BLL.Loger [(null)] - 接口[https://api.aq.163.com/v3/image/check]，调用耗时：663,返回数据为：{"code":200,"msg":"ok","result":[{"taskId":"012edfccae704a02adf3af983b905416","name":"http://mmbiz.qpic.cn/mmbiz_jpg/gT4GjHbLK82Ucu614VdyiceecOARIuTYb2V8j768JJdOJ5gUYWEICvKmfODKYYa1DcwCxb1o9kAwBWpUicy2nFOw/0?wx_fmt=jpeg","labels":[{"label":100,"level":0,"rate":0.0},{"label":110,"level":0,"rate":0.0},{"label":200,"level":0,"rate":0.0},{"label":210,"level":0,"rate":0.0},{"label":300,"level":0,"rate":0.0},{"label":400,"level":0,"rate":0.0}]}]}
2017-08-10 12:32:47,182 [11] INFO  XYAuto.ITSC.Chitunion2017.BLL.Loger [(null)] - 此处图片[http://mmbiz.qpic.cn/mmbiz_png/gT4GjHbLK82Ucu614VdyiceecOARIuTYb3CUDA5xITHW3oNVk1PbZVtWkP6VHibhAn62hGxzToQeiaQBViaKIR8o6g/0?wx_fmt=png]中高度小于175，实际高度为55，需要移除,文章ID为：9c949fe75e5600527e817c6afd54582e
2017-08-10 12:32:56,215 [11] INFO  XYAuto.ITSC.Chitunion2017.BLL.Loger [(null)] - 接口[https://api.aq.163.com/v3/image/check]，调用耗时：515,返回数据为：{"code":200,"msg":"ok","result":[{"taskId":"4ecdc8bc74f54b5b9abff02eaca33b34","name":"http://mmbiz.qpic.cn/mmbiz_jpg/gT4GjHbLK82Ucu614VdyiceecOARIuTYbyiaDdEXXJPJgzUmAk6CFSesTg0jasdCwAjpSmUoOCDFKSq2DLhzCJgg/0?wx_fmt=jpeg","labels":[{"label":100,"level":0,"rate":0.0},{"label":110,"level":0,"rate":0.0},{"label":200,"level":0,"rate":0.0},{"label":210,"level":0,"rate":0.0},{"label":300,"level":0,"rate":0.0},{"label":400,"level":0,"rate":0.0}]}]}
2017-08-10 12:33:00,343 [11] INFO  XYAuto.ITSC.Chitunion2017.BLL.Loger [(null)] - 接口[https://api.aq.163.com/v3/image/check]，调用耗时：539,返回数据为：{"code":200,"msg":"ok","result":[{"taskId":"c3e11f8346764f3a8f68198d5513fc69","name":"http://mmbiz.qpic.cn/mmbiz_jpg/gT4GjHbLK82Ucu614VdyiceecOARIuTYbyiaDdEXXJPJgzUmAk6CFSesTg0jasdCwAjpSmUoOCDFKSq2DLhzCJgg/0?wx_fmt=jpeg","labels":[{"label":100,"level":0,"rate":0.0},{"label":110,"level":0,"rate":0.0},{"label":200,"level":0,"rate":0.0},{"label":210,"level":0,"rate":0.0},{"label":300,"level":0,"rate":0.0},{"label":400,"level":0,"rate":0.0}]}]}
2017-08-10 12:33:00,929 [11] INFO  XYAuto.ITSC.Chitunion2017.BLL.Loger [(null)] - 接口[https://api.aq.163.com/v3/image/check]，调用耗时：515,返回数据为：{"code":200,"msg":"ok","result":[{"taskId":"df713c9ce8ac4a7fbfa03ece093cdebc","name":"http://mmbiz.qpic.cn/mmbiz_jpg/gT4GjHbLK82Ucu614VdyiceecOARIuTYbwOOjtlYe7Qjn1YdZ5lQibVO4AfclSludVj9thkRjD9v6c0IiaGYZBmqg/0?wx_fmt=jpeg","labels":[{"label":100,"level":0,"rate":0.0},{"label":110,"level":0,"rate":0.0},{"label":200,"level":0,"rate":0.0},{"label":210,"level":0,"rate":0.0},{"label":300,"level":0,"rate":0.0},{"label":400,"level":0,"rate":0.0}]}]}
2017-08-10 12:33:01,669 [11] INFO  XYAuto.ITSC.Chitunion2017.BLL.Loger [(null)] - 接口[https://api.aq.163.com/v3/image/check]，调用耗时：616,返回数据为：{"code":200,"msg":"ok","result":[{"taskId":"56b38eddbd074ca1bea01533f81c64fa","name":"http://mmbiz.qpic.cn/mmbiz_jpg/gT4GjHbLK82Ucu614VdyiceecOARIuTYbHapJmyO3ficAgKz7fftIC55BLVKBC2RTg6ibCeDjukTYyXibtqicMoNhMg/0?wx_fmt=jpeg","labels":[{"label":200,"level":1,"rate":14.0},{"label":100,"level":0,"rate":0.0},{"label":110,"level":0,"rate":0.0},{"label":210,"level":0,"rate":0.0},{"label":300,"level":0,"rate":0.0},{"label":400,"level":0,"rate":0.0}]}]}
2017-08-10 12:33:02,440 [11] INFO  XYAuto.ITSC.Chitunion2017.BLL.Loger [(null)] - 接口[https://api.aq.163.com/v3/image/check]，调用耗时：696,返回数据为：{"code":200,"msg":"ok","result":[{"taskId":"333df329978e4861bacd9c9769a528ce","name":"http://mmbiz.qpic.cn/mmbiz_jpg/gT4GjHbLK82Ucu614VdyiceecOARIuTYbq9Yn8Pu9ZsXicVia8fUI4jAvAqUZ9rx8H6iaQAD1HmSicjGNLkpssKPgicQ/0?wx_fmt=jpeg","labels":[{"label":100,"level":0,"rate":0.0},{"label":110,"level":0,"rate":0.0},{"label":200,"level":0,"rate":0.0},{"label":210,"level":0,"rate":0.0},{"label":300,"level":0,"rate":0.0},{"label":400,"level":0,"rate":0.0}]}]}
2017-08-10 12:33:02,512 [11] INFO  XYAuto.ITSC.Chitunion2017.BLL.Loger [(null)] - 此处图片[http://mmbiz.qpic.cn/mmbiz_jpg/gT4GjHbLK82Ucu614VdyiceecOARIuTYbIic5XjKQlnJlZF2G7rfzV2FeltvOM3Mhjy17ib8lfesRTZLuLzIYIG3g/0?wx_fmt=jpeg]中高度小于175，实际高度为73，需要移除,文章ID为：9c949fe75e5600527e817c6afd54582e
2017-08-10 12:33:02,514 [11] INFO  XYAuto.ITSC.Chitunion2017.BLL.Loger [(null)] - 文章ID为9c949fe75e5600527e817c6afd54582e中,共有8个img标签，其中移除二维码图片的标签共有0个,高度小于175的图片有2个，网易检测不符合规则的图片有0个。
2017-08-10 12:33:03,006 [11] INFO  XYAuto.ITSC.Chitunion2017.BLL.Loger [(null)] - 接口[https://api.aq.163.com/v3/text/check]，调用耗时：341,返回数据为：{"code":200,"msg":"ok","result":{"taskId":"d73fa36b07b1415980e0cf3ea0279615","action":2,"labels":[{"label":200,"level":2,"details":{"hint":["感兴趣","报名电话02163816"]}}]}}
2017-08-10 12:33:03,078 [11] INFO  XYAuto.ITSC.Chitunion2017.BLL.Loger [(null)] - 文章ID为5ac44a2d9a553c731eb7af5eb09af143中,内容有“TT”这个关键词
2017-08-10 12:33:03,130 [11] INFO  XYAuto.ITSC.Chitunion2017.BLL.Loger [(null)] - 文章ID为19526d49f21e3b076e7e39380afdd791中,共有1个视频iframe标签
2017-08-10 12:33:03,191 [11] INFO  XYAuto.ITSC.Chitunion2017.BLL.Loger [(null)] - 文章ID为374007f819f6e5653c5dd66d7aaf0b5a中,共有1个视频iframe标签
2017-08-10 12:33:03,246 [11] INFO  XYAuto.ITSC.Chitunion2017.BLL.Loger [(null)] - 文章ID为f53ffc06f40ddb59cc6f063e7f713f7f中,共有1个视频iframe标签
2017-08-10 12:33:03,309 [11] INFO  XYAuto.ITSC.Chitunion2017.BLL.Loger [(null)] - 文章ID为aade1f4b4ac30c1cae3a9dc04576fe45中,共有1个视频iframe标签
2017-08-10 12:33:03,359 [11] INFO  XYAuto.ITSC.Chitunion2017.BLL.Loger [(null)] - 文章ID为a59e80862ea5956f4c11942dd38b3a21中,共有1个视频iframe标签
2017-08-10 12:33:03,466 [11] INFO  XYAuto.ITSC.Chitunion2017.BLL.Loger [(null)] - 文章ID为782cb51550c268bee9b5415020676096中,内容有“sm”这个关键词
2017-08-10 12:33:03,622 [11] INFO  XYAuto.ITSC.Chitunion2017.BLL.Loger [(null)] - 文章ID为0668922ef59f1bf898cdce31adc418e5中,共有1个视频iframe标签
2017-08-10 12:33:03,703 [11] INFO  XYAuto.ITSC.Chitunion2017.BLL.Loger [(null)] - 文章ID为915b9125e5cf2e1266711b74f979bb66中,共有36个img标签
2017-08-10 12:33:04,184 [11] INFO  XYAuto.ITSC.Chitunion2017.BLL.Loger [(null)] - 接口[https://api.aq.163.com/v3/image/check]，调用耗时：430,返回数据为：{"code":200,"msg":"ok","result":[{"taskId":"aaed0ff17a8345408c0e15cea9211756","name":"http://mmbiz.qpic.cn/mmbiz_jpg/xibRC2eoiaqM4K0BCK5VXKOoOdEyPaQq6ibVtjzkvGsUNxicaJpL2X30uvb0LcDqVhVyEqOkrGXQmOyuVuKqhLMHUQ/640?wx_fmt=jpeg","labels":[{"label":200,"level":1,"rate":0.9999},{"label":100,"level":0,"rate":0.0},{"label":110,"level":0,"rate":0.0},{"label":210,"level":0,"rate":0.0},{"label":300,"level":0,"rate":0.0},{"label":400,"level":0,"rate":0.0}]}]}
2017-08-10 12:33:04,787 [11] INFO  XYAuto.ITSC.Chitunion2017.BLL.Loger [(null)] - 接口[https://api.aq.163.com/v3/image/check]，调用耗时：534,返回数据为：{"code":200,"msg":"ok","result":[{"taskId":"049553bb45b847d6ace51f4f47a28921","name":"http://mmbiz.qpic.cn/mmbiz_jpg/xibRC2eoiaqM4K0BCK5VXKOoOdEyPaQq6ibvhKjOsInamiabiaCxwYABQsddiaibxqOaAku35a8Q0t1C017Sb9mK0E7Zw/640?wx_fmt=jpeg","labels":[{"label":100,"level":0,"rate":0.0},{"label":110,"level":0,"rate":0.0},{"label":200,"level":0,"rate":0.0},{"label":210,"level":0,"rate":0.0},{"label":300,"level":0,"rate":0.0},{"label":400,"level":0,"rate":0.0}]}]}
2017-08-10 12:33:05,713 [11] INFO  XYAuto.ITSC.Chitunion2017.BLL.Loger [(null)] - 接口[https://api.aq.163.com/v3/image/check]，调用耗时：857,返回数据为：{"code":200,"msg":"ok","result":[{"taskId":"320ccfefdb5d4bd48f8634fe848c2666","name":"http://mmbiz.qpic.cn/mmbiz_jpg/ggVicBRA407rRTtVYo8KKic9s1AbpGTqbHF5WS9TBVEbUicqxYMD5WbW9dWyrlfMLibZlX4aj9IcXgdggkSSZwWMxw/640?","labels":[{"label":100,"level":0,"rate":0.0},{"label":110,"level":0,"rate":0.0},{"label":200,"level":0,"rate":0.0},{"label":210,"level":0,"rate":0.0},{"label":300,"level":0,"rate":0.0},{"label":400,"level":0,"rate":0.0}]}]}
2017-08-10 12:33:06,434 [11] INFO  XYAuto.ITSC.Chitunion2017.BLL.Loger [(null)] - 接口[https://api.aq.163.com/v3/image/check]，调用耗时：564,返回数据为：{"code":200,"msg":"ok","result":[{"taskId":"31c4a79511834a7fa86aac1f39e93966","name":"http://mmbiz.qpic.cn/mmbiz_jpg/icwhiaGRTkpgsEev9G3a88xTbLAP2eROibmib3TwqTgc6BnzMet84Kbibfgyfz0RkGRn8dOgXS65iaoAEiasWrJRl5sXA/640?wx_fmt=jpeg","labels":[{"label":100,"level":0,"rate":0.0},{"label":110,"level":0,"rate":0.0},{"label":200,"level":0,"rate":0.0},{"label":210,"level":0,"rate":0.0},{"label":300,"level":0,"rate":0.0},{"label":400,"level":0,"rate":0.0}]}]}
2017-08-10 12:33:08,112 [11] INFO  XYAuto.ITSC.Chitunion2017.BLL.Loger [(null)] - 接口[https://api.aq.163.com/v3/image/check]，调用耗时：1529,返回数据为：{"code":200,"msg":"ok","result":[{"taskId":"344bf0a032da433497d15cf0d513d400","name":"http://mmbiz.qpic.cn/mmbiz_jpg/icwhiaGRTkpgsEev9G3a88xTbLAP2eROibmGI1iaT0gfeOVQeNJeYmFISoxtlZ8vysnlgRo2ibWWxpLsj0yeNrpdPLw/640?","labels":[{"label":200,"level":1,"rate":0.9701},{"label":100,"level":0,"rate":0.0},{"label":110,"level":0,"rate":0.0},{"label":210,"level":0,"rate":0.0},{"label":300,"level":0,"rate":0.0},{"label":400,"level":0,"rate":0.0}]}]}
2017-08-10 12:33:09,812 [11] INFO  XYAuto.ITSC.Chitunion2017.BLL.Loger [(null)] - 接口[https://api.aq.163.com/v3/image/check]，调用耗时：1622,返回数据为：{"code":200,"msg":"ok","result":[{"taskId":"b9dd3b2e2ddb44b0a65280a1778d8b1f","name":"http://mmbiz.qpic.cn/mmbiz_jpg/icwhiaGRTkpgsEev9G3a88xTbLAP2eROibmDoJ1o7xFPHSWJjVbqiagvxzvM3Q2Gb3RKFWcpPlhrJJNgibTAF4nFKFg/640?","labels":[{"label":100,"level":0,"rate":0.0},{"label":110,"level":0,"rate":0.0},{"label":200,"level":0,"rate":0.0},{"label":210,"level":0,"rate":0.0},{"label":300,"level":0,"rate":0.0},{"label":400,"level":0,"rate":0.0}]}]}
2017-08-10 12:33:12,409 [11] INFO  XYAuto.ITSC.Chitunion2017.BLL.Loger [(null)] - 接口[https://api.aq.163.com/v3/image/check]，调用耗时：2420,返回数据为：{"code":200,"msg":"ok","result":[{"taskId":"ec3f9321a7c84a6e873dbab21ec1947b","name":"http://mmbiz.qpic.cn/mmbiz_jpg/icwhiaGRTkpgsEev9G3a88xTbLAP2eROibmt5esltPMoJT3TM9sicoVUQbibmBXGEFU7FFAOTtALqFMrmMV8ztJ7sFw/640?","labels":[{"label":200,"level":1,"rate":0.9201},{"label":100,"level":0,"rate":0.0},{"label":110,"level":0,"rate":0.0},{"label":210,"level":0,"rate":0.0},{"label":300,"level":0,"rate":0.0},{"label":400,"level":0,"rate":0.0}]}]}
2017-08-10 12:33:13,213 [11] INFO  XYAuto.ITSC.Chitunion2017.BLL.Loger [(null)] - 接口[https://api.aq.163.com/v3/image/check]，调用耗时：771,返回数据为：{"code":200,"msg":"ok","result":[{"taskId":"23513a8e3a064e18a96ec520f1bdbcd4","name":"http://mmbiz.qpic.cn/mmbiz_jpg/ggVicBRA407rRTtVYo8KKic9s1AbpGTqbHibh8iaFhTcC3gu2UNHlSOYwf700b5MptAgttgarIicbciaF0hh0IPtcoXQ/640?wx_fmt=jpeg","labels":[{"label":100,"level":0,"rate":0.0},{"label":110,"level":0,"rate":0.0},{"label":200,"level":0,"rate":0.0},{"label":210,"level":0,"rate":0.0},{"label":300,"level":0,"rate":0.0},{"label":400,"level":0,"rate":0.0}]}]}
2017-08-10 12:33:14,643 [11] INFO  XYAuto.ITSC.Chitunion2017.BLL.Loger [(null)] - 接口[https://api.aq.163.com/v3/image/check]，调用耗时：1283,返回数据为：{"code":200,"msg":"ok","result":[{"taskId":"2848ad4de72349e8bb81481ec4f2023e","name":"http://mmbiz.qpic.cn/mmbiz_jpg/icwhiaGRTkpgsEev9G3a88xTbLAP2eROibmsvQyJ2ym2jVoic3iaYiaBKJaddFuera2XUM1HaJHicta7YzKkHLEZ9pgCQ/640?","labels":[{"label":200,"level":1,"rate":1.0},{"label":100,"level":0,"rate":0.0},{"label":110,"level":0,"rate":0.0},{"label":210,"level":0,"rate":0.0},{"label":300,"level":0,"rate":0.0},{"label":400,"level":0,"rate":0.0}]}]}
2017-08-10 12:33:15,688 [11] INFO  XYAuto.ITSC.Chitunion2017.BLL.Loger [(null)] - 接口[https://api.aq.163.com/v3/image/check]，调用耗时：980,返回数据为：{"code":200,"msg":"ok","result":[{"taskId":"eedeff9cc4974e7dbc806eae981706d5","name":"http://mmbiz.qpic.cn/mmbiz_jpg/icwhiaGRTkpgsEev9G3a88xTbLAP2eROibmU5TEuk7Vk9Rl1jW2RGwm0ibIBiccvVCb9ZZ6GfjRiayv3WtIszkcZDSMg/640?","labels":[{"label":100,"level":0,"rate":0.0},{"label":110,"level":0,"rate":0.0},{"label":200,"level":0,"rate":0.0},{"label":210,"level":0,"rate":0.0},{"label":300,"level":0,"rate":0.0},{"label":400,"level":0,"rate":0.0}]}]}
2017-08-10 12:33:17,095 [11] INFO  XYAuto.ITSC.Chitunion2017.BLL.Loger [(null)] - 接口[https://api.aq.163.com/v3/image/check]，调用耗时：1304,返回数据为：{"code":200,"msg":"ok","result":[{"taskId":"4a21b46a8ad9423ab050871d96e5fc15","name":"http://mmbiz.qpic.cn/mmbiz_jpg/icwhiaGRTkpgsEev9G3a88xTbLAP2eROibm8f8M11h9s1DbrA2uHSORBjJVbvHg5vFLWViaCiaIdQice5SSThgJyaJvQ/640?","labels":[{"label":200,"level":1,"rate":44.0},{"label":100,"level":0,"rate":0.0},{"label":110,"level":0,"rate":0.0},{"label":210,"level":0,"rate":0.0},{"label":300,"level":0,"rate":0.0},{"label":400,"level":0,"rate":0.0}]}]}
2017-08-10 12:33:17,849 [11] INFO  XYAuto.ITSC.Chitunion2017.BLL.Loger [(null)] - 接口[https://api.aq.163.com/v3/image/check]，调用耗时：682,返回数据为：{"code":200,"msg":"ok","result":[{"taskId":"dbf42d278de54e20941364fd61eb5203","name":"http://mmbiz.qpic.cn/mmbiz_jpg/ggVicBRA407rRTtVYo8KKic9s1AbpGTqbHOe3R4icEjPdwKVCxnJL3cTsANBYictDozCfyicj4UQicBhZ8PWboHmxs5w/640?","labels":[{"label":100,"level":0,"rate":0.0},{"label":110,"level":0,"rate":0.0},{"label":200,"level":0,"rate":0.0},{"label":210,"level":0,"rate":0.0},{"label":300,"level":0,"rate":0.0},{"label":400,"level":0,"rate":0.0}]}]}
2017-08-10 12:33:18,780 [11] INFO  XYAuto.ITSC.Chitunion2017.BLL.Loger [(null)] - 接口[https://api.aq.163.com/v3/image/check]，调用耗时：853,返回数据为：{"code":200,"msg":"ok","result":[{"taskId":"8e646dacdf6f492abd5926dc5dbed0e9","name":"http://mmbiz.qpic.cn/mmbiz_jpg/ggVicBRA407rRTtVYo8KKic9s1AbpGTqbHf4kiaMA0QJWMFzYs6TbR9omvYZnwIu80PibEm2G1sf2Aw16ibApvacUSQ/640?","labels":[{"label":100,"level":0,"rate":0.0},{"label":110,"level":0,"rate":0.0},{"label":200,"level":0,"rate":0.0},{"label":210,"level":0,"rate":0.0},{"label":300,"level":0,"rate":0.0},{"label":400,"level":0,"rate":0.0}]}]}
2017-08-10 12:33:19,558 [11] INFO  XYAuto.ITSC.Chitunion2017.BLL.Loger [(null)] - 接口[https://api.aq.163.com/v3/image/check]，调用耗时：705,返回数据为：{"code":200,"msg":"ok","result":[{"taskId":"3314752d3c8d4ab0a8f208f70df5d648","name":"http://mmbiz.qpic.cn/mmbiz/KjR6NvskAApiaN7gvMfCgD4JAkzjkSNIJtv9eoulaHlGqIFBoMd95g2xuZlvadZynvIZ4uJot1FkibWyXMvIh76w/640?","labels":[{"label":100,"level":0,"rate":0.0},{"label":110,"level":0,"rate":0.0},{"label":200,"level":0,"rate":0.0},{"label":210,"level":0,"rate":0.0},{"label":300,"level":0,"rate":0.0},{"label":400,"level":0,"rate":0.0}]}]}
2017-08-10 12:33:20,648 [11] INFO  XYAuto.ITSC.Chitunion2017.BLL.Loger [(null)] - 此处图片[http://mmbiz.qpic.cn/mmbiz_gif/xibRC2eoiaqM4K0BCK5VXKOoOdEyPaQq6ibybSy1y5sVia97b6CUqxVnCLu9ERtibKrKJJSy3lFAAzHIPLrbKKTVbHA/0?wx_fmt=gif]中高度小于175，实际高度为116，需要移除,文章ID为：915b9125e5cf2e1266711b74f979bb66
2017-08-10 12:33:22,737 [11] INFO  XYAuto.ITSC.Chitunion2017.BLL.Loger [(null)] - 此处图片[http://mmbiz.qpic.cn/mmbiz_gif/xibRC2eoiaqM4K0BCK5VXKOoOdEyPaQq6ib2fy6B1Eibq84SQlpvCd9PaHicPXTtHSjdP8PV9ugeP546dpJ5Gsk5zrg/0?wx_fmt=gif]中高度小于175，实际高度为116，需要移除,文章ID为：915b9125e5cf2e1266711b74f979bb66
2017-08-10 12:33:23,097 [11] INFO  XYAuto.ITSC.Chitunion2017.BLL.Loger [(null)] - 此处图片[http://mmbiz.qpic.cn/mmbiz_gif/xibRC2eoiaqM4K0BCK5VXKOoOdEyPaQq6ib6LRFLT9s6ZcRRV5TaiaqZgjpReibliatVEnicvkkOafMGjOic2YjJicKfLnw/0?wx_fmt=gif]中高度小于175，实际高度为116，需要移除,文章ID为：915b9125e5cf2e1266711b74f979bb66
2017-08-10 12:33:24,425 [11] INFO  XYAuto.ITSC.Chitunion2017.BLL.Loger [(null)] - 此处图片[http://mmbiz.qpic.cn/mmbiz_gif/xibRC2eoiaqM4K0BCK5VXKOoOdEyPaQq6ibNAqZ56SpHuOJX9T2l25nUiawyOYY8BcXfX4ibdBjlKpEtWlkohicEf1cQ/0?]中高度小于175，实际高度为116，需要移除,文章ID为：915b9125e5cf2e1266711b74f979bb66
2017-08-10 12:33:25,294 [11] INFO  XYAuto.ITSC.Chitunion2017.BLL.Loger [(null)] - 接口[https://api.aq.163.com/v3/image/check]，调用耗时：794,返回数据为：{"code":200,"msg":"ok","result":[{"taskId":"d4412353b138488897204e8bed808280","name":"http://mmbiz.qpic.cn/mmbiz_jpg/xibRC2eoiaqM4K0BCK5VXKOoOdEyPaQq6ibaVAWrTILu1YqdTtVRcWh5GS2c3DNvxsFfEG0pBh9tYTJWwhcUqU66w/640?wx_fmt=jpeg","labels":[{"label":100,"level":0,"rate":0.0},{"label":110,"level":0,"rate":0.0},{"label":200,"level":0,"rate":0.0},{"label":210,"level":0,"rate":0.0},{"label":300,"level":0,"rate":0.0},{"label":400,"level":0,"rate":0.0}]}]}
2017-08-10 12:33:26,215 [11] INFO  XYAuto.ITSC.Chitunion2017.BLL.Loger [(null)] - 接口[https://api.aq.163.com/v3/image/check]，调用耗时：808,返回数据为：{"code":200,"msg":"ok","result":[{"taskId":"20327eeb71d2423c80ce1c6baceb82f9","name":"http://mmbiz.qpic.cn/mmbiz_jpg/icwhiaGRTkpgsEev9G3a88xTbLAP2eROibm2IznLLQoianovbkP7SUdxB3nibdkdlzATukU8dGSGlDib5SISr39ZY0Sw/640?","labels":[{"label":100,"level":0,"rate":0.0},{"label":110,"level":0,"rate":0.0},{"label":200,"level":0,"rate":0.0},{"label":210,"level":0,"rate":0.0},{"label":300,"level":0,"rate":0.0},{"label":400,"level":0,"rate":0.0}]}]}
2017-08-10 12:33:27,190 [11] INFO  XYAuto.ITSC.Chitunion2017.BLL.Loger [(null)] - 接口[https://api.aq.163.com/v3/image/check]，调用耗时：804,返回数据为：{"code":200,"msg":"ok","result":[{"taskId":"65d46eaa60d6421b976f0e3ccda6e822","name":"http://mmbiz.qpic.cn/mmbiz_jpg/icwhiaGRTkpgsEev9G3a88xTbLAP2eROibmySTH1ibrpYPSicTiaJ0dpmmYALiaeWSZZYu6NQM75c8IoiasyWnP5oLVuyA/640?","labels":[{"label":100,"level":0,"rate":0.0},{"label":110,"level":0,"rate":0.0},{"label":200,"level":0,"rate":0.0},{"label":210,"level":0,"rate":0.0},{"label":300,"level":0,"rate":0.0},{"label":400,"level":0,"rate":0.0}]}]}
2017-08-10 12:33:28,056 [11] INFO  XYAuto.ITSC.Chitunion2017.BLL.Loger [(null)] - 接口[https://api.aq.163.com/v3/image/check]，调用耗时：759,返回数据为：{"code":200,"msg":"ok","result":[{"taskId":"eda9693bf1004eb68c0d12eb6c4b340d","name":"http://mmbiz.qpic.cn/mmbiz_jpg/icwhiaGRTkpgsEev9G3a88xTbLAP2eROibmNHULzJMWwV9sI2sQlcY6jWZJYaII3NM1EwxiceMkaFoXk0uGbeAWQ2A/640?","labels":[{"label":100,"level":0,"rate":0.0},{"label":110,"level":0,"rate":0.0},{"label":200,"level":0,"rate":0.0},{"label":210,"level":0,"rate":0.0},{"label":300,"level":0,"rate":0.0},{"label":400,"level":0,"rate":0.0}]}]}
2017-08-10 12:33:29,353 [11] INFO  XYAuto.ITSC.Chitunion2017.BLL.Loger [(null)] - 接口[https://api.aq.163.com/v3/image/check]，调用耗时：1206,返回数据为：{"code":200,"msg":"ok","result":[{"taskId":"76c11336faa54d639668ac6aec9d9e5f","name":"http://mmbiz.qpic.cn/mmbiz_jpg/icwhiaGRTkpgsEev9G3a88xTbLAP2eROibmQCDgggIgFVLF42plJNGeOOthAiawCKDY2rDmXml9UB87IJOxJpAzUXg/640?","labels":[{"label":100,"level":0,"rate":0.0},{"label":110,"level":0,"rate":0.0},{"label":200,"level":0,"rate":0.0},{"label":210,"level":0,"rate":0.0},{"label":300,"level":0,"rate":0.0},{"label":400,"level":0,"rate":0.0}]}]}
2017-08-10 12:33:30,307 [11] INFO  XYAuto.ITSC.Chitunion2017.BLL.Loger [(null)] - 接口[https://api.aq.163.com/v3/image/check]，调用耗时：824,返回数据为：{"code":200,"msg":"ok","result":[{"taskId":"d376e0d71d3e42a3b9200c8cb6692a94","name":"http://mmbiz.qpic.cn/mmbiz_jpg/icwhiaGRTkpgsEev9G3a88xTbLAP2eROibmCibOxA3K7bFwHmb06eF6ibw8rYBgtW6Df4W6icsSHYYUtWUjaibib0MBsNw/640?","labels":[{"label":100,"level":0,"rate":0.0},{"label":110,"level":0,"rate":0.0},{"label":200,"level":0,"rate":0.0},{"label":210,"level":0,"rate":0.0},{"label":300,"level":0,"rate":0.0},{"label":400,"level":0,"rate":0.0}]}]}
2017-08-10 12:33:31,179 [11] INFO  XYAuto.ITSC.Chitunion2017.BLL.Loger [(null)] - 接口[https://api.aq.163.com/v3/image/check]，调用耗时：701,返回数据为：{"code":200,"msg":"ok","result":[{"taskId":"3ab0b26ac719437da274276790460bb5","name":"http://mmbiz.qpic.cn/mmbiz_jpg/icwhiaGRTkpgsEev9G3a88xTbLAP2eROibmtYic3Q2btq73joqD7GkhuHFoU2Zl50jAG8ibYKubQr6OXPrOrcak7BVg/640?","labels":[{"label":200,"level":1,"rate":0.9901},{"label":100,"level":0,"rate":0.0},{"label":110,"level":0,"rate":0.0},{"label":210,"level":0,"rate":0.0},{"label":300,"level":0,"rate":0.0},{"label":400,"level":0,"rate":0.0}]}]}
2017-08-10 12:33:31,925 [11] INFO  XYAuto.ITSC.Chitunion2017.BLL.Loger [(null)] - 接口[https://api.aq.163.com/v3/image/check]，调用耗时：653,返回数据为：{"code":200,"msg":"ok","result":[{"taskId":"4de6177c2bec4303936e6bd902e1b441","name":"http://mmbiz.qpic.cn/mmbiz_jpg/ggVicBRA407rRTtVYo8KKic9s1AbpGTqbH3XO9ia2O5DfUyhGz9ic7vSIjQI89BCLEialrB4hjw1rDkib3DbASiaCWdicQ/640?","labels":[{"label":200,"level":1,"rate":0.9901},{"label":100,"level":0,"rate":0.0},{"label":110,"level":0,"rate":0.0},{"label":210,"level":0,"rate":0.0},{"label":300,"level":0,"rate":0.0},{"label":400,"level":0,"rate":0.0}]}]}
2017-08-10 12:33:33,102 [11] INFO  XYAuto.ITSC.Chitunion2017.BLL.Loger [(null)] - 接口[https://api.aq.163.com/v3/image/check]，调用耗时：1072,返回数据为：{"code":200,"msg":"ok","result":[{"taskId":"36a8c9551de348db9719dc7dc8bdb7eb","name":"http://mmbiz.qpic.cn/mmbiz_jpg/ggVicBRA407rRTtVYo8KKic9s1AbpGTqbHCG1Ip0tbhaVjbVQgQH3PU5ClCH09SU1ojS2CMkRCNLXgc9FCPFicMcg/640?","labels":[{"label":100,"level":0,"rate":0.0},{"label":110,"level":0,"rate":0.0},{"label":200,"level":0,"rate":0.0},{"label":210,"level":0,"rate":0.0},{"label":300,"level":0,"rate":0.0},{"label":400,"level":0,"rate":0.0}]}]}
2017-08-10 12:33:33,815 [11] INFO  XYAuto.ITSC.Chitunion2017.BLL.Loger [(null)] - 接口[https://api.aq.163.com/v3/image/check]，调用耗时：573,返回数据为：{"code":200,"msg":"ok","result":[{"taskId":"2d8261acb3d24245afe57a082831ff9b","name":"http://mmbiz.qpic.cn/mmbiz_jpg/xibRC2eoiaqM4K0BCK5VXKOoOdEyPaQq6ib3GlibrNJ4glwBuIS8FW6uATvJsRSzSoUibBrPPiciavwkVUd40EmWwaayg/640?wx_fmt=jpeg","labels":[{"label":100,"level":0,"rate":0.0},{"label":110,"level":0,"rate":0.0},{"label":200,"level":0,"rate":0.0},{"label":210,"level":0,"rate":0.0},{"label":300,"level":0,"rate":0.0},{"label":400,"level":0,"rate":0.0}]}]}
2017-08-10 12:33:34,916 [11] INFO  XYAuto.ITSC.Chitunion2017.BLL.Loger [(null)] - 接口[https://api.aq.163.com/v3/image/check]，调用耗时：997,返回数据为：{"code":200,"msg":"ok","result":[{"taskId":"7e8269d257614ee68f93e2abc79a1300","name":"http://mmbiz.qpic.cn/mmbiz_jpg/icwhiaGRTkpgsEev9G3a88xTbLAP2eROibmgCL8khXIoeibhsfAibVRKCBJEom0rHICUP7QDs1GJtuclJa0mkpsKlqA/640?","labels":[{"label":100,"level":0,"rate":0.0},{"label":110,"level":0,"rate":0.0},{"label":200,"level":0,"rate":0.0},{"label":210,"level":0,"rate":0.0},{"label":300,"level":0,"rate":0.0},{"label":400,"level":0,"rate":0.0}]}]}
2017-08-10 12:33:35,503 [11] INFO  XYAuto.ITSC.Chitunion2017.BLL.Loger [(null)] - 接口[https://api.aq.163.com/v3/image/check]，调用耗时：485,返回数据为：{"code":200,"msg":"ok","result":[{"taskId":"3d5b071c35874e709f8eabef3bf55bbb","name":"http://mmbiz.qpic.cn/mmbiz_jpg/icwhiaGRTkpgsEev9G3a88xTbLAP2eROibmu88fTicawTnEc9PDoTXuho6WA8IiavynkMxlCXzjHjj5lib6eIicpiaG0zg/640?","labels":[{"label":100,"level":0,"rate":0.0},{"label":110,"level":0,"rate":0.0},{"label":200,"level":0,"rate":0.0},{"label":210,"level":0,"rate":0.0},{"label":300,"level":0,"rate":0.0},{"label":400,"level":0,"rate":0.0}]}]}
2017-08-10 12:33:36,424 [11] INFO  XYAuto.ITSC.Chitunion2017.BLL.Loger [(null)] - 接口[https://api.aq.163.com/v3/image/check]，调用耗时：786,返回数据为：{"code":200,"msg":"ok","result":[{"taskId":"634d15f5188f4d1d8e1546217309dcb0","name":"http://mmbiz.qpic.cn/mmbiz_jpg/icwhiaGRTkpgsEev9G3a88xTbLAP2eROibmhLEtoddpHOicWUxgfOBdiceph5ZS49opAXqic4xGwW2kUu8LiazSvNByKQ/640?","labels":[{"label":400,"level":1,"rate":0.9},{"label":100,"level":0,"rate":0.0},{"label":110,"level":0,"rate":0.0},{"label":200,"level":0,"rate":0.0},{"label":210,"level":0,"rate":0.0},{"label":300,"level":0,"rate":0.0}]}]}
2017-08-10 12:33:36,968 [11] INFO  XYAuto.ITSC.Chitunion2017.BLL.Loger [(null)] - 接口[https://api.aq.163.com/v3/image/check]，调用耗时：486,返回数据为：{"code":200,"msg":"ok","result":[{"taskId":"f9a12bb97091489ab26a76bdf78af371","name":"http://mmbiz.qpic.cn/mmbiz_jpg/ggVicBRA407rRTtVYo8KKic9s1AbpGTqbHWiblTc4Eon61XKYBzHWxKOesr4LDjXia6y13Rfy329mrALtxJKAicYVOA/640?","labels":[{"label":200,"level":1,"rate":0.9901},{"label":100,"level":0,"rate":0.0},{"label":110,"level":0,"rate":0.0},{"label":210,"level":0,"rate":0.0},{"label":300,"level":0,"rate":0.0},{"label":400,"level":0,"rate":0.0}]}]}
2017-08-10 12:33:37,959 [11] INFO  XYAuto.ITSC.Chitunion2017.BLL.Loger [(null)] - 接口[https://api.aq.163.com/v3/image/check]，调用耗时：920,返回数据为：{"code":200,"msg":"ok","result":[{"taskId":"f0b770feb220413b98c549da6d1b282c","name":"http://mmbiz.qpic.cn/mmbiz_jpg/ggVicBRA407rRTtVYo8KKic9s1AbpGTqbHqVu3JpAD6MWOtWKqFxXvZ2I7p3bHoXGSde98X1UAclgav1Xfl5FkVw/640?","labels":[{"label":100,"level":0,"rate":0.0},{"label":110,"level":0,"rate":0.0},{"label":200,"level":0,"rate":0.0},{"label":210,"level":0,"rate":0.0},{"label":300,"level":0,"rate":0.0},{"label":400,"level":0,"rate":0.0}]}]}
2017-08-10 12:33:39,102 [11] INFO  XYAuto.ITSC.Chitunion2017.BLL.Loger [(null)] - 接口[https://api.aq.163.com/v3/image/check]，调用耗时：947,返回数据为：{"code":200,"msg":"ok","result":[{"taskId":"f54750f8311a40ed86ed6291eb169eb2","name":"http://mmbiz.qpic.cn/mmbiz_jpg/icwhiaGRTkpgsEev9G3a88xTbLAP2eROibmvtab7QpMGicohicTW9sPuOmyM7UVEUA991IiafzMgVa60toS7T9fOHL8Q/640?","labels":[{"label":100,"level":0,"rate":0.0},{"label":110,"level":0,"rate":0.0},{"label":200,"level":0,"rate":0.0},{"label":210,"level":0,"rate":0.0},{"label":300,"level":0,"rate":0.0},{"label":400,"level":0,"rate":0.0}]}]}
2017-08-10 12:33:40,561 [11] INFO  XYAuto.ITSC.Chitunion2017.BLL.Loger [(null)] - 接口[https://api.aq.163.com/v3/image/check]，调用耗时：1347,返回数据为：{"code":200,"msg":"ok","result":[{"taskId":"2d443b1e018a43c7ab1543ec14c0f576","name":"http://mmbiz.qpic.cn/mmbiz_jpg/ggVicBRA407rRTtVYo8KKic9s1AbpGTqbH2ibLGhVpnANQvH1lZCz4oeOOBgg9RRLwCZdsiatUjAIk5tBgDDqk3tsQ/640?","labels":[{"label":100,"level":0,"rate":0.0},{"label":110,"level":0,"rate":0.0},{"label":200,"level":0,"rate":0.0},{"label":210,"level":0,"rate":0.0},{"label":300,"level":0,"rate":0.0},{"label":400,"level":0,"rate":0.0}]}]}
2017-08-10 12:33:40,621 [11] INFO  XYAuto.ITSC.Chitunion2017.BLL.Loger [(null)] - 此处图片[http://mmbiz.qpic.cn/mmbiz/dCt2gl4dk5UaRRia7CjoyAUZ3uqIBmicOibOZW5Fl0l6DXjeicW2f2ic2sNoFR4vn0wL30gTZic7DQk8625l9lTxicwRQ/640?]中有二维码，需要移除,文章ID为：915b9125e5cf2e1266711b74f979bb66
2017-08-10 12:33:40,623 [11] INFO  XYAuto.ITSC.Chitunion2017.BLL.Loger [(null)] - 文章ID为915b9125e5cf2e1266711b74f979bb66中,共有36个img标签，其中移除二维码图片的标签共有1个,高度小于175的图片有4个，网易检测不符合规则的图片有0个。
2017-08-10 12:33:41,776 [11] INFO  XYAuto.ITSC.Chitunion2017.BLL.Loger [(null)] - 接口[https://api.aq.163.com/v3/text/check]，调用耗时：909,返回数据为：{"code":200,"msg":"ok","result":{"taskId":"b55be474082a4c80a75348ffeff458f4","action":1,"labels":[{"label":600,"level":1,"details":{"hint":["垃圾","装比","妈的"]}}]}}
2017-08-10 12:33:41,778 [11] INFO  XYAuto.ITSC.Chitunion2017.BLL.Loger [(null)] - 同步微信文章数据-----结束
2017-08-10 12:33:41,779 [11] INFO  XYAuto.ITSC.Chitunion2017.BLL.Loger [(null)] - 同步微信文章数据 任务完成 耗时：00:01:01.9012190
2017-08-10 12:35:22,755 [9] INFO  XYAuto.ITSC.Chitunion2017.BLL.Loger [(null)] - 同步微信文章明细数据-----服务开始
2017-08-10 12:35:23,791 [11] INFO  XYAuto.ITSC.Chitunion2017.BLL.Loger [(null)] - 同步文章数据-----开始
2017-08-10 12:35:23,791 [11] INFO  XYAuto.ITSC.Chitunion2017.BLL.Loger [(null)] - 同步文章数据-----结束
2017-08-10 12:35:23,794 [11] INFO  XYAuto.ITSC.Chitunion2017.BLL.Loger [(null)] - 同步微信文章数据 任务开始
2017-08-10 12:35:23,814 [11] INFO  XYAuto.ITSC.Chitunion2017.BLL.Loger [(null)] - 同步微信文章数据-----开始
2017-08-10 12:35:24,277 [11] INFO  XYAuto.ITSC.Chitunion2017.BLL.Loger [(null)] - 文章ID为6efc64c539cd95cb37b14bfb1dce7332中,共有1个视频iframe标签
2017-08-10 12:35:24,335 [11] INFO  XYAuto.ITSC.Chitunion2017.BLL.Loger [(null)] - 文章ID为b425b84f9de7009722d1094be3bfe1c8中,内容有“sm”这个关键词
2017-08-10 12:35:24,389 [11] INFO  XYAuto.ITSC.Chitunion2017.BLL.Loger [(null)] - 文章ID为be803e3d3e5985d5779a52fcf2a97734中,内容有“sm”这个关键词
2017-08-10 12:35:24,445 [11] INFO  XYAuto.ITSC.Chitunion2017.BLL.Loger [(null)] - 文章ID为ff5b4d5c4bedbe2c6d156c151d64db30中,共有1个视频iframe标签
2017-08-10 12:35:24,500 [11] INFO  XYAuto.ITSC.Chitunion2017.BLL.Loger [(null)] - 文章ID为2af2aba2eb7fdcdf1feafb64c2e54d6a中,共有4个img标签
2017-08-10 12:35:25,004 [11] INFO  XYAuto.ITSC.Chitunion2017.BLL.Loger [(null)] - 此处图片[http://mmbiz.qpic.cn/mmbiz_gif/s3WzGvK50r6jqHtnXsyHlgmRcibF4YXCX9aWg3oic1OVgB5ArH0qJcLliaLTFIu6GVCLbyJCSNY5icLTgGBXFicPia0g/0?wx_fmt=gif]中高度小于175，实际高度为116，需要移除,文章ID为：2af2aba2eb7fdcdf1feafb64c2e54d6a
2017-08-10 12:35:25,019 [11] INFO  XYAuto.ITSC.Chitunion2017.BLL.Loger [(null)] - 此处图片[http://mmbiz.qpic.cn/mmbiz_png/s3WzGvK50r4BWBed1lSGeuKtWJ0XZvKhQSbiaoxFDp86lPxTr0G8ibzpjrF8x8FUvavmicmgUlcZMibLMC9X9plicFA/640?wx_fmt=png]中高度小于175，实际高度为38，需要移除,文章ID为：2af2aba2eb7fdcdf1feafb64c2e54d6a
2017-08-10 12:35:25,406 [11] INFO  XYAuto.ITSC.Chitunion2017.BLL.Loger [(null)] - 此处图片[http://mmbiz.qpic.cn/mmbiz_jpg/s3WzGvK50r6Iqeg5KaKichHSuuTlaFPBcECZ0ErQLbHIzg6gdkibjGGZAh26PjbLVSVI6JYbPpXuJJqAkX6XNSTA/640?wx_fmt=jpeg]中有二维码，需要移除,文章ID为：2af2aba2eb7fdcdf1feafb64c2e54d6a
2017-08-10 12:35:25,551 [11] INFO  XYAuto.ITSC.Chitunion2017.BLL.Loger [(null)] - 此处图片[http://mmbiz.qpic.cn/mmbiz_png/s3WzGvK50r74icGBaZjrQPU81EEW9YWk16I1GHlp5Z00MkZicwO8pibdvJNloIliczOib4CEP9WfVg7V0uVatRXeuWg/0?wx_fmt=png]中有二维码，需要移除,文章ID为：2af2aba2eb7fdcdf1feafb64c2e54d6a
2017-08-10 12:35:25,551 [11] INFO  XYAuto.ITSC.Chitunion2017.BLL.Loger [(null)] - 文章ID为2af2aba2eb7fdcdf1feafb64c2e54d6a中,共有4个img标签，其中移除二维码图片的标签共有2个,高度小于175的图片有2个，网易检测不符合规则的图片有0个。
2017-08-10 12:35:25,610 [11] INFO  XYAuto.ITSC.Chitunion2017.BLL.Loger [(null)] - 文章ID为2af2aba2eb7fdcdf1feafb64c2e54d6a中,共有1个包含有特定关键词的标签
2017-08-10 12:35:25,612 [11] INFO  XYAuto.ITSC.Chitunion2017.BLL.Loger [(null)] - 文章ID为2af2aba2eb7fdcdf1feafb64c2e54d6a中,共有1个包含有特定关键词的标签，已全部剔除
2017-08-10 12:35:26,932 [11] INFO  XYAuto.ITSC.Chitunion2017.BLL.Loger [(null)] - 接口[https://api.aq.163.com/v3/text/check]，调用耗时：1169,返回数据为：{"code":200,"msg":"ok","result":{"taskId":"5ca57668b6974d40b6a5160241044530","action":1,"labels":[{"label":600,"level":1,"details":{"hint":["(鸡+巴)","死人","你妈","(鸡+把)"]}}]}}
2017-08-10 12:35:27,526 [11] INFO  XYAuto.ITSC.Chitunion2017.BLL.Loger [(null)] - 接口[https://api.aq.163.com/v3/text/check]，调用耗时：274,返回数据为：{"code":200,"msg":"ok","result":{"taskId":"4b5c38333c1949d7920086813b33f0e9","action":0,"labels":[]}}
2017-08-10 12:35:48,649 [11] ERROR XYAuto.ITSC.Chitunion2017.BLL.Loger [(null)] - 同步微信文章数据，出错;
System.Net.Sockets.SocketException (0x80004005): 由于连接方在一段时间后没有正确答复或连接的主机没有反应，连接尝试失败。 192.168.105.13:23004
   在 System.Net.Sockets.Socket.DoConnect(EndPoint endPointSnapshot, SocketAddress socketAddress)
   在 System.Net.Sockets.Socket.Connect(EndPoint remoteEP)
   在 System.Net.Sockets.TcpClient.Connect(IPEndPoint remoteEP)
   在 FastDFS.Client.Pool.GetPooldConncetion()
   在 FastDFS.Client.Pool.GetConnection()
   在 FastDFS.Client.ConnectionManager.GetStorageConnection(IPEndPoint endPoint)
   在 FastDFS.Client.UPLOAD_FILE.GetRequest(Object[] paramList)
   在 FastDFS.Client.FastDFSClient.UploadFile(StorageNode storageNode, Byte[] contentByte, String fileExt)
   在 Xy.ImageFastDFS.StreamFastDFSAdapter.Upload()
   在 XYAuto.ITSC.Chitunion2017.HBaseDataSync.Util.CleanImg(Image img) 位置 D:\GitRoot（C）\A5信息系统研发\销售业务管理平台\赤兔联盟系统\XYAuto.ITSC.Chitunion2017.HBaseDataSync\Util.cs:行号 468
   在 XYAuto.ITSC.Chitunion2017.HBaseDataSync.Util.CleanImg(String url) 位置 D:\GitRoot（C）\A5信息系统研发\销售业务管理平台\赤兔联盟系统\XYAuto.ITSC.Chitunion2017.HBaseDataSync\Util.cs:行号 486
   在 XYAuto.ITSC.Chitunion2017.HBaseDataSync.BusinessLL.ArticleInfo.SyncDataByWeixin(Int32 topNum) 位置 D:\GitRoot（C）\A5信息系统研发\销售业务管理平台\赤兔联盟系统\XYAuto.ITSC.Chitunion2017.HBaseDataSync\BusinessLL\ArticleInfo.cs:行号 78
2017-08-10 12:35:48,659 [11] INFO  XYAuto.ITSC.Chitunion2017.BLL.Loger [(null)] - 同步微信文章数据-----结束
2017-08-10 12:35:48,660 [11] INFO  XYAuto.ITSC.Chitunion2017.BLL.Loger [(null)] - 同步微信文章数据 任务完成 耗时：00:00:24.8655953
2017-08-10 12:35:55,671 [10] INFO  XYAuto.ITSC.Chitunion2017.BLL.Loger [(null)] - 同步微信文章明细数据-----服务开始
2017-08-10 12:35:56,704 [6] INFO  XYAuto.ITSC.Chitunion2017.BLL.Loger [(null)] - 同步文章数据-----开始
2017-08-10 12:35:56,704 [6] INFO  XYAuto.ITSC.Chitunion2017.BLL.Loger [(null)] - 同步文章数据-----结束
2017-08-10 12:35:56,707 [6] INFO  XYAuto.ITSC.Chitunion2017.BLL.Loger [(null)] - 同步微信文章数据 任务开始
2017-08-10 12:35:56,726 [6] INFO  XYAuto.ITSC.Chitunion2017.BLL.Loger [(null)] - 同步微信文章数据-----开始
2017-08-10 12:35:57,200 [6] INFO  XYAuto.ITSC.Chitunion2017.BLL.Loger [(null)] - 文章ID为14044b27232707afc88228da9a945b5f中,内容有“BB”这个关键词
2017-08-10 12:35:57,713 [6] INFO  XYAuto.ITSC.Chitunion2017.BLL.Loger [(null)] - 接口[https://api.aq.163.com/v3/text/check]，调用耗时：236,返回数据为：{"code":200,"msg":"ok","result":{"taskId":"b0dc72376c2347d5b35e8c6e6e69250f","action":0,"labels":[]}}
2017-08-10 12:36:18,962 [6] ERROR XYAuto.ITSC.Chitunion2017.BLL.Loger [(null)] - 同步微信文章数据，出错;
System.Net.Sockets.SocketException (0x80004005): 由于连接方在一段时间后没有正确答复或连接的主机没有反应，连接尝试失败。 192.168.105.9:23004
   在 System.Net.Sockets.Socket.DoConnect(EndPoint endPointSnapshot, SocketAddress socketAddress)
   在 System.Net.Sockets.Socket.Connect(EndPoint remoteEP)
   在 System.Net.Sockets.TcpClient.Connect(IPEndPoint remoteEP)
   在 FastDFS.Client.Pool.GetPooldConncetion()
   在 FastDFS.Client.Pool.GetConnection()
   在 FastDFS.Client.ConnectionManager.GetStorageConnection(IPEndPoint endPoint)
   在 FastDFS.Client.UPLOAD_FILE.GetRequest(Object[] paramList)
   在 FastDFS.Client.FastDFSClient.UploadFile(StorageNode storageNode, Byte[] contentByte, String fileExt)
   在 Xy.ImageFastDFS.StreamFastDFSAdapter.Upload()
   在 XYAuto.ITSC.Chitunion2017.HBaseDataSync.Util.CleanImg(Image img) 位置 D:\GitRoot（C）\A5信息系统研发\销售业务管理平台\赤兔联盟系统\XYAuto.ITSC.Chitunion2017.HBaseDataSync\Util.cs:行号 468
   在 XYAuto.ITSC.Chitunion2017.HBaseDataSync.Util.CleanImg(String url) 位置 D:\GitRoot（C）\A5信息系统研发\销售业务管理平台\赤兔联盟系统\XYAuto.ITSC.Chitunion2017.HBaseDataSync\Util.cs:行号 486
   在 XYAuto.ITSC.Chitunion2017.HBaseDataSync.BusinessLL.ArticleInfo.SyncDataByWeixin(Int32 topNum) 位置 D:\GitRoot（C）\A5信息系统研发\销售业务管理平台\赤兔联盟系统\XYAuto.ITSC.Chitunion2017.HBaseDataSync\BusinessLL\ArticleInfo.cs:行号 78
2017-08-10 12:36:18,970 [6] INFO  XYAuto.ITSC.Chitunion2017.BLL.Loger [(null)] - 同步微信文章数据-----结束
2017-08-10 12:36:18,971 [6] INFO  XYAuto.ITSC.Chitunion2017.BLL.Loger [(null)] - 同步微信文章数据 任务完成 耗时：00:00:22.2647638
2017-08-10 12:36:34,714 [10] INFO  XYAuto.ITSC.Chitunion2017.BLL.Loger [(null)] - 同步微信文章明细数据-----服务开始
2017-08-10 12:36:35,736 [6] INFO  XYAuto.ITSC.Chitunion2017.BLL.Loger [(null)] - 同步文章数据-----开始
2017-08-10 12:36:35,736 [6] INFO  XYAuto.ITSC.Chitunion2017.BLL.Loger [(null)] - 同步文章数据-----结束
2017-08-10 12:36:35,746 [6] INFO  XYAuto.ITSC.Chitunion2017.BLL.Loger [(null)] - 同步微信文章数据 任务开始
2017-08-10 12:36:35,850 [6] INFO  XYAuto.ITSC.Chitunion2017.BLL.Loger [(null)] - 同步微信文章数据-----开始
2017-08-10 12:36:36,437 [6] INFO  XYAuto.ITSC.Chitunion2017.BLL.Loger [(null)] - 文章ID为5d4463309950468c841a0cf274e9595e中,内容有“sm”这个关键词
2017-08-10 12:36:36,508 [6] INFO  XYAuto.ITSC.Chitunion2017.BLL.Loger [(null)] - 文章ID为c88f798561def00b14ce14fb444e39e8中,共有8个img标签
2017-08-10 12:36:45,084 [6] INFO  XYAuto.ITSC.Chitunion2017.BLL.Loger [(null)] - 此处图片[http://mmbiz.qpic.cn/mmbiz/4Agbbav4TWP4kPzP3775JdmX7C29ze4FM1U4NN0dBbvq8DmEh5PveuvJIm1VFsK2KN6orxvmbwNXxteJwz2PaA/0?]中高度小于175，实际高度为12，需要移除,文章ID为：c88f798561def00b14ce14fb444e39e8
2017-08-10 12:37:04,621 [6] INFO  XYAuto.ITSC.Chitunion2017.BLL.Loger [(null)] - 接口[https://api.aq.163.com/v3/image/check]，调用耗时：867,返回数据为：{"code":200,"msg":"ok","result":[{"taskId":"1cb4fc578e4f4ca0abec04627091da0c","name":"http://mmbiz.qpic.cn/mmbiz_jpg/icwhiaGRTkpgsEev9G3a88xTbLAP2eROibmhLEtoddpHOicWUxgfOBdiceph5ZS49opAXqic4xGwW2kUu8LiazSvNByKQ/640?","labels":[{"label":100,"level":0,"rate":0.0},{"label":110,"level":0,"rate":0.0},{"label":200,"level":0,"rate":0.0},{"label":210,"level":0,"rate":0.0},{"label":300,"level":0,"rate":0.0},{"label":400,"level":0,"rate":0.0}]}]}
2017-08-10 12:38:49,456 [9] INFO  XYAuto.ITSC.Chitunion2017.BLL.Loger [(null)] - 同步微信文章明细数据-----服务开始
2017-08-10 12:38:50,486 [6] INFO  XYAuto.ITSC.Chitunion2017.BLL.Loger [(null)] - 同步文章数据-----开始
2017-08-10 12:38:50,486 [6] INFO  XYAuto.ITSC.Chitunion2017.BLL.Loger [(null)] - 同步文章数据-----结束
2017-08-10 12:38:50,489 [6] INFO  XYAuto.ITSC.Chitunion2017.BLL.Loger [(null)] - 同步微信文章数据 任务开始
2017-08-10 12:38:50,510 [6] INFO  XYAuto.ITSC.Chitunion2017.BLL.Loger [(null)] - 同步微信文章数据-----开始
2017-08-10 12:38:50,959 [6] INFO  XYAuto.ITSC.Chitunion2017.BLL.Loger [(null)] - 文章ID为13a532d96b57aaf1c6eff64bcee78c29中,内容有“sm”这个关键词
2017-08-10 12:38:51,026 [6] INFO  XYAuto.ITSC.Chitunion2017.BLL.Loger [(null)] - 文章ID为203a36383faba9fa3a28615cac6d9cf9中,内容有“BB”这个关键词
2017-08-10 12:38:51,084 [6] INFO  XYAuto.ITSC.Chitunion2017.BLL.Loger [(null)] - 文章ID为430edc9dbf20b4126b78c2490b467732中,内容有“BB”这个关键词
2017-08-10 12:38:51,141 [6] INFO  XYAuto.ITSC.Chitunion2017.BLL.Loger [(null)] - 文章ID为53224ff2947cdaeb2fb2930beb2dd4f3中,共有1个视频iframe标签
2017-08-10 12:38:51,198 [6] INFO  XYAuto.ITSC.Chitunion2017.BLL.Loger [(null)] - 文章ID为fba55adbef2ec45b5e4dbe35fd23698e中,共有1个视频iframe标签
2017-08-10 12:38:51,253 [6] INFO  XYAuto.ITSC.Chitunion2017.BLL.Loger [(null)] - 文章ID为6208e86a9b64aff7387adc6c3d333bc7中,内容有“sm”这个关键词
2017-08-10 12:38:51,302 [6] INFO  XYAuto.ITSC.Chitunion2017.BLL.Loger [(null)] - 文章ID为d2c64f13e6c27c2551c2ef9aa9cd02d6中,内容有“sm”这个关键词
2017-08-10 12:38:51,406 [6] INFO  XYAuto.ITSC.Chitunion2017.BLL.Loger [(null)] - 文章ID为04728f00658e04217335c93f0102dc56中,内容有“屁股”这个关键词
2017-08-10 12:38:51,457 [6] INFO  XYAuto.ITSC.Chitunion2017.BLL.Loger [(null)] - 文章ID为ff800eaa5f435cc6075253387ad565b8中,内容有“胸大”这个关键词
2017-08-10 12:38:51,514 [6] INFO  XYAuto.ITSC.Chitunion2017.BLL.Loger [(null)] - 文章ID为b35dfe8d3e1ec3f8850307f39dc418f1中,内容有“sm”这个关键词
2017-08-10 12:38:51,577 [6] INFO  XYAuto.ITSC.Chitunion2017.BLL.Loger [(null)] - 文章ID为6b8ac3f9dcc384e858c5c0b9918212a5中,共有8个img标签
2017-08-10 12:39:04,662 [6] INFO  XYAuto.ITSC.Chitunion2017.BLL.Loger [(null)] - 接口[https://api.aq.163.com/v3/image/check]，调用耗时：5626,返回数据为：{"code":200,"msg":"ok","result":[{"taskId":"acb0b7f62a714f87be2ddf5eb8680c65","name":"http://img4.qcdqcdn.com/group4/M00/44/C4/QQ0DAFmL0i-AYRPGABpmtUNgJpI385.jpg","labels":[{"label":300,"level":1,"rate":0.8640718},{"label":100,"level":0,"rate":0.0},{"label":110,"level":0,"rate":0.0},{"label":200,"level":0,"rate":0.0},{"label":210,"level":0,"rate":0.0},{"label":400,"level":0,"rate":0.0}]}]}
