2017-07-18 17:41:25,479 [10] INFO  XYAuto.ITSC.Chitunion2017.BLL.Loger [(null)] - 同步微信文章明细数据-----服务开始
2017-07-18 17:42:25,620 [12] INFO  XYAuto.ITSC.Chitunion2017.BLL.Loger [(null)] - 同步微信文章明细数据-----Run......
2017-07-18 17:42:25,647 [12] INFO  XYAuto.ITSC.Chitunion2017.BLL.Loger [(null)] - 同步微信文章明细数据-----OperateMinute:40，当前Hour:17,Minute:42,SyncByTimeEnable:1,GetAppSettings:1
2017-07-18 17:42:44,783 [12] INFO  XYAuto.ITSC.Chitunion2017.BLL.Loger [(null)] - 同步获取明细数据-----方法开始
2017-07-18 17:43:25,623 [13] INFO  XYAuto.ITSC.Chitunion2017.BLL.Loger [(null)] - 同步微信文章明细数据-----Run......
2017-07-18 17:43:25,633 [13] INFO  XYAuto.ITSC.Chitunion2017.BLL.Loger [(null)] - 同步微信文章明细数据-----OperateMinute:40，当前Hour:17,Minute:43,SyncByTimeEnable:1,GetAppSettings:1
2017-07-18 17:44:44,220 [13] INFO  XYAuto.ITSC.Chitunion2017.BLL.Loger [(null)] - 同步微信文章明细数据-----Run......
2017-07-18 17:44:46,911 [13] INFO  XYAuto.ITSC.Chitunion2017.BLL.Loger [(null)] - 同步微信文章明细数据-----OperateMinute:40，当前Hour:17,Minute:44,SyncByTimeEnable:1,GetAppSettings:1
2017-07-18 17:45:25,627 [14] INFO  XYAuto.ITSC.Chitunion2017.BLL.Loger [(null)] - 同步微信文章明细数据-----Run......
2017-07-18 17:45:25,635 [14] INFO  XYAuto.ITSC.Chitunion2017.BLL.Loger [(null)] - 同步微信文章明细数据-----OperateMinute:40，当前Hour:17,Minute:45,SyncByTimeEnable:1,GetAppSettings:1
2017-07-18 17:45:40,610 [12] INFO  XYAuto.ITSC.Chitunion2017.BLL.Loger [(null)] - 同步获取明细数据<2017071816>-----查询HBase结束,总记数：76条!
2017-07-18 17:46:39,230 [15] INFO  XYAuto.ITSC.Chitunion2017.BLL.Loger [(null)] - 同步微信文章明细数据-----Run......
2017-07-18 17:46:39,249 [15] INFO  XYAuto.ITSC.Chitunion2017.BLL.Loger [(null)] - 同步微信文章明细数据-----OperateMinute:40，当前Hour:17,Minute:46,SyncByTimeEnable:1,GetAppSettings:1
2017-07-18 17:48:30,919 [10] INFO  XYAuto.ITSC.Chitunion2017.BLL.Loger [(null)] - 同步微信文章明细数据-----服务开始
2017-07-18 17:48:32,028 [12] INFO  XYAuto.ITSC.Chitunion2017.BLL.Loger [(null)] - 同步微信文章明细数据-----Run......
2017-07-18 17:48:32,055 [12] INFO  XYAuto.ITSC.Chitunion2017.BLL.Loger [(null)] - 同步微信文章明细数据-----OperateMinute:40，当前Hour:17,Minute:48,SyncByTimeEnable:1,GetAppSettings:1
2017-07-18 17:48:43,665 [12] INFO  XYAuto.ITSC.Chitunion2017.BLL.Loger [(null)] - 同步获取明细数据-----方法开始
2017-07-18 17:51:44,716 [12] INFO  XYAuto.ITSC.Chitunion2017.BLL.Loger [(null)] - 同步获取明细数据<2017071816>-----查询HBase结束,总记数：76条!
2017-07-18 17:53:10,833 [10] INFO  XYAuto.ITSC.Chitunion2017.BLL.Loger [(null)] - 同步微信文章明细数据-----服务开始
2017-07-18 17:53:11,892 [6] INFO  XYAuto.ITSC.Chitunion2017.BLL.Loger [(null)] - 同步微信文章明细数据-----Run......
2017-07-18 17:53:11,928 [6] INFO  XYAuto.ITSC.Chitunion2017.BLL.Loger [(null)] - 同步微信文章明细数据-----OperateMinute:40，当前Hour:17,Minute:53,SyncByTimeEnable:1,GetAppSettings:1
2017-07-18 17:53:18,231 [6] INFO  XYAuto.ITSC.Chitunion2017.BLL.Loger [(null)] - 同步获取明细数据-----方法开始
2017-07-18 17:55:51,797 [6] INFO  XYAuto.ITSC.Chitunion2017.BLL.Loger [(null)] - 同步获取明细数据<2017071816>-----查询HBase结束,总记数：76条!
2017-07-18 17:58:24,185 [6] INFO  XYAuto.ITSC.Chitunion2017.BLL.Loger [(null)] - 同步获取明细数据批次<0>-----出错：无法访问目标表“Weixin_ArticleInfo”。
2017-07-18 18:08:03,772 [10] INFO  XYAuto.ITSC.Chitunion2017.BLL.Loger [(null)] - 同步微信文章明细数据-----服务开始
2017-07-18 18:08:04,842 [12] INFO  XYAuto.ITSC.Chitunion2017.BLL.Loger [(null)] - 同步微信文章明细数据-----Run......
2017-07-18 18:08:04,862 [12] INFO  XYAuto.ITSC.Chitunion2017.BLL.Loger [(null)] - 同步微信文章明细数据-----OperateMinute:40，当前Hour:18,Minute:8,SyncByTimeEnable:1,GetAppSettings:1
2017-07-18 18:08:11,552 [12] INFO  XYAuto.ITSC.Chitunion2017.BLL.Loger [(null)] - 同步获取明细数据-----方法开始
2017-07-18 18:10:45,641 [12] INFO  XYAuto.ITSC.Chitunion2017.BLL.Loger [(null)] - 同步获取明细数据<2017071817>-----查询HBase结束,总记数：82条!
2017-07-18 18:15:15,754 [12] INFO  XYAuto.ITSC.Chitunion2017.BLL.Loger [(null)] - 同步获取明细数据<2017071817>-----方法结束
2017-07-18 18:38:01,129 [10] INFO  XYAuto.ITSC.Chitunion2017.BLL.Loger [(null)] - 同步微信文章明细数据-----服务开始
2017-07-18 18:38:02,232 [7] INFO  XYAuto.ITSC.Chitunion2017.BLL.Loger [(null)] - 同步微信文章明细数据-----Run......
2017-07-18 18:38:02,251 [7] INFO  XYAuto.ITSC.Chitunion2017.BLL.Loger [(null)] - 同步微信文章明细数据-----OperateMinute:40，当前Hour:18,Minute:38,SyncByTimeEnable:1,GetAppSettings:1
2017-07-18 18:38:10,881 [7] INFO  XYAuto.ITSC.Chitunion2017.BLL.Loger [(null)] - 同步微信文章明细数据-----按时间段同步开始，开始时间:2017/7/11 0:00:00，结束时间:2017/7/18 17:00:00，相差天数:7，SyncByTimeEndTime.Date:2017/7/18 0:00:00
2017-07-18 18:38:16,062 [7] INFO  XYAuto.ITSC.Chitunion2017.BLL.Loger [(null)] - 同步微信文章明细数据-----按时间段同步，i:0
2017-07-18 18:38:24,546 [7] INFO  XYAuto.ITSC.Chitunion2017.BLL.Loger [(null)] - 同步微信文章明细数据-----按时间段同步，j:0,filter:2017071100
2017-07-18 18:38:29,916 [7] INFO  XYAuto.ITSC.Chitunion2017.BLL.Loger [(null)] - 同步获取明细数据<2017071100>-----方法开始
2017-07-18 18:41:17,594 [7] INFO  XYAuto.ITSC.Chitunion2017.BLL.Loger [(null)] - 同步获取明细数据-----查询HBase结束,总记数：0条!
2017-07-18 18:42:29,023 [1] INFO  XYAuto.ITSC.Chitunion2017.BLL.Loger [(null)] - 同步微信文章明细数据-----服务开始
2017-07-18 18:42:30,051 [4] INFO  XYAuto.ITSC.Chitunion2017.BLL.Loger [(null)] - 同步微信文章明细数据-----Run......
2017-07-18 18:42:30,070 [4] INFO  XYAuto.ITSC.Chitunion2017.BLL.Loger [(null)] - 同步微信文章明细数据-----OperateMinute:40，当前Hour:18,Minute:42,SyncByTimeEnable:1,GetAppSettings:1
2017-07-18 18:42:30,083 [4] INFO  XYAuto.ITSC.Chitunion2017.BLL.Loger [(null)] - 同步微信文章明细数据-----按时间段同步开始，开始时间:2017/7/11 0:00:00，结束时间:2017/7/18 17:00:00，相差天数:7，SyncByTimeEndTime.Date:2017/7/18 0:00:00
2017-07-18 18:42:30,087 [4] INFO  XYAuto.ITSC.Chitunion2017.BLL.Loger [(null)] - 同步微信文章明细数据-----按时间段同步，i:0
2017-07-18 18:42:30,126 [4] INFO  XYAuto.ITSC.Chitunion2017.BLL.Loger [(null)] - 同步微信文章明细数据-----按时间段同步，j:0,filter:2017071100
2017-07-18 18:42:30,166 [4] INFO  XYAuto.ITSC.Chitunion2017.BLL.Loger [(null)] - 同步获取明细数据<2017071100>-----方法开始
2017-07-18 18:45:05,314 [4] INFO  XYAuto.ITSC.Chitunion2017.BLL.Loger [(null)] - 同步获取明细数据-----查询HBase结束,总记数：0条!
2017-07-18 18:45:05,388 [4] INFO  XYAuto.ITSC.Chitunion2017.BLL.Loger [(null)] - 同步获取明细数据<2017071100>-----方法结束
2017-07-18 18:45:05,389 [4] INFO  XYAuto.ITSC.Chitunion2017.BLL.Loger [(null)] - 同步微信文章明细数据-----按时间段同步，j:1,filter:2017071101
2017-07-18 18:45:05,389 [4] INFO  XYAuto.ITSC.Chitunion2017.BLL.Loger [(null)] - 同步获取明细数据<2017071101>-----方法开始
2017-07-18 18:47:40,965 [4] INFO  XYAuto.ITSC.Chitunion2017.BLL.Loger [(null)] - 同步获取明细数据-----查询HBase结束,总记数：0条!
2017-07-18 18:47:40,965 [4] INFO  XYAuto.ITSC.Chitunion2017.BLL.Loger [(null)] - 同步获取明细数据<2017071101>-----方法结束
2017-07-18 18:47:40,965 [4] INFO  XYAuto.ITSC.Chitunion2017.BLL.Loger [(null)] - 同步微信文章明细数据-----按时间段同步，j:2,filter:2017071102
2017-07-18 18:47:40,965 [4] INFO  XYAuto.ITSC.Chitunion2017.BLL.Loger [(null)] - 同步获取明细数据<2017071102>-----方法开始
2017-07-18 18:50:15,305 [4] INFO  XYAuto.ITSC.Chitunion2017.BLL.Loger [(null)] - 同步获取明细数据-----查询HBase结束,总记数：0条!
2017-07-18 18:50:15,306 [4] INFO  XYAuto.ITSC.Chitunion2017.BLL.Loger [(null)] - 同步获取明细数据<2017071102>-----方法结束
2017-07-18 18:50:15,306 [4] INFO  XYAuto.ITSC.Chitunion2017.BLL.Loger [(null)] - 同步微信文章明细数据-----按时间段同步，j:3,filter:2017071103
2017-07-18 18:50:15,306 [4] INFO  XYAuto.ITSC.Chitunion2017.BLL.Loger [(null)] - 同步获取明细数据<2017071103>-----方法开始
2017-07-18 18:52:51,124 [4] INFO  XYAuto.ITSC.Chitunion2017.BLL.Loger [(null)] - 同步获取明细数据-----查询HBase结束,总记数：0条!
2017-07-18 18:52:51,124 [4] INFO  XYAuto.ITSC.Chitunion2017.BLL.Loger [(null)] - 同步获取明细数据<2017071103>-----方法结束
2017-07-18 18:52:51,124 [4] INFO  XYAuto.ITSC.Chitunion2017.BLL.Loger [(null)] - 同步微信文章明细数据-----按时间段同步，j:4,filter:2017071104
2017-07-18 18:52:51,125 [4] INFO  XYAuto.ITSC.Chitunion2017.BLL.Loger [(null)] - 同步获取明细数据<2017071104>-----方法开始
2017-07-18 18:55:27,235 [4] INFO  XYAuto.ITSC.Chitunion2017.BLL.Loger [(null)] - 同步获取明细数据-----查询HBase结束,总记数：0条!
2017-07-18 18:55:27,235 [4] INFO  XYAuto.ITSC.Chitunion2017.BLL.Loger [(null)] - 同步获取明细数据<2017071104>-----方法结束
2017-07-18 18:55:27,235 [4] INFO  XYAuto.ITSC.Chitunion2017.BLL.Loger [(null)] - 同步微信文章明细数据-----按时间段同步，j:5,filter:2017071105
2017-07-18 18:55:27,236 [4] INFO  XYAuto.ITSC.Chitunion2017.BLL.Loger [(null)] - 同步获取明细数据<2017071105>-----方法开始
2017-07-18 18:56:34,547 [1] INFO  XYAuto.ITSC.Chitunion2017.BLL.Loger [(null)] - 同步微信文章明细数据-----服务开始
2017-07-18 18:56:35,575 [4] INFO  XYAuto.ITSC.Chitunion2017.BLL.Loger [(null)] - 同步微信文章明细数据-----Run......
2017-07-18 18:56:35,591 [4] INFO  XYAuto.ITSC.Chitunion2017.BLL.Loger [(null)] - 同步微信文章明细数据-----OperateMinute:40，当前Hour:18,Minute:56,SyncByTimeEnable:1,GetAppSettings:1
2017-07-18 18:56:35,604 [4] INFO  XYAuto.ITSC.Chitunion2017.BLL.Loger [(null)] - 同步微信文章明细数据-----按时间段同步开始，开始时间:2017/7/18 0:00:00，结束时间:2017/7/18 17:00:00，相差天数:0，SyncByTimeEndTime.Date:2017/7/18 0:00:00
2017-07-18 18:56:35,628 [4] INFO  XYAuto.ITSC.Chitunion2017.BLL.Loger [(null)] - 同步微信文章明细数据-----按时间段同步，i:0
2017-07-18 18:56:35,690 [4] INFO  XYAuto.ITSC.Chitunion2017.BLL.Loger [(null)] - 同步微信文章明细数据-----按时间段同步，j:0,filter:2017071800
2017-07-18 18:56:35,739 [4] INFO  XYAuto.ITSC.Chitunion2017.BLL.Loger [(null)] - 同步获取明细数据<2017071800>-----方法开始
2017-07-18 18:59:10,533 [4] INFO  XYAuto.ITSC.Chitunion2017.BLL.Loger [(null)] - 同步获取明细数据-----查询HBase结束,总记数：15条!
2017-07-18 18:59:10,548 [4] INFO  XYAuto.ITSC.Chitunion2017.BLL.Loger [(null)] - 同步获取明细数据出错;给定关键字不在字典中。
2017-07-18 18:59:10,548 [4] INFO  XYAuto.ITSC.Chitunion2017.BLL.Loger [(null)] - 同步微信文章明细数据-----按时间段同步，j:1,filter:2017071801
2017-07-18 18:59:10,548 [4] INFO  XYAuto.ITSC.Chitunion2017.BLL.Loger [(null)] - 同步获取明细数据<2017071801>-----方法开始
2017-07-18 19:01:47,008 [4] INFO  XYAuto.ITSC.Chitunion2017.BLL.Loger [(null)] - 同步获取明细数据-----查询HBase结束,总记数：0条!
2017-07-18 19:01:47,008 [4] INFO  XYAuto.ITSC.Chitunion2017.BLL.Loger [(null)] - 同步获取明细数据<2017071801>-----方法结束
2017-07-18 19:01:47,009 [4] INFO  XYAuto.ITSC.Chitunion2017.BLL.Loger [(null)] - 同步微信文章明细数据-----按时间段同步，j:2,filter:2017071802
2017-07-18 19:01:47,009 [4] INFO  XYAuto.ITSC.Chitunion2017.BLL.Loger [(null)] - 同步获取明细数据<2017071802>-----方法开始
2017-07-18 19:04:14,552 [1] INFO  XYAuto.ITSC.Chitunion2017.BLL.Loger [(null)] - 同步微信文章明细数据-----服务开始
2017-07-18 19:04:15,592 [4] INFO  XYAuto.ITSC.Chitunion2017.BLL.Loger [(null)] - 同步微信文章明细数据-----Run......
2017-07-18 19:04:15,631 [4] INFO  XYAuto.ITSC.Chitunion2017.BLL.Loger [(null)] - 同步微信文章明细数据-----OperateMinute:40，当前Hour:19,Minute:4,SyncByTimeEnable:1,GetAppSettings:1
2017-07-18 19:04:15,654 [4] INFO  XYAuto.ITSC.Chitunion2017.BLL.Loger [(null)] - 同步微信文章明细数据-----按时间段同步开始，开始时间:2017/7/18 0:00:00，结束时间:2017/7/18 17:00:00，相差天数:0，SyncByTimeEndTime.Date:2017/7/18 0:00:00
2017-07-18 19:04:15,654 [4] INFO  XYAuto.ITSC.Chitunion2017.BLL.Loger [(null)] - 同步微信文章明细数据-----按时间段同步，i:0
2017-07-18 19:04:15,654 [4] INFO  XYAuto.ITSC.Chitunion2017.BLL.Loger [(null)] - 同步微信文章明细数据-----按时间段同步，j:0,filter:2017071800
2017-07-18 19:04:15,655 [4] INFO  XYAuto.ITSC.Chitunion2017.BLL.Loger [(null)] - 同步获取明细数据<2017071800>-----方法开始
2017-07-18 19:06:46,513 [4] INFO  XYAuto.ITSC.Chitunion2017.BLL.Loger [(null)] - 同步获取明细数据-----查询HBase结束,总记数：15条!
2017-07-18 19:06:46,695 [4] INFO  XYAuto.ITSC.Chitunion2017.BLL.Loger [(null)] - 同步获取明细数据<2017071800>-----方法结束
2017-07-18 19:06:46,695 [4] INFO  XYAuto.ITSC.Chitunion2017.BLL.Loger [(null)] - 同步微信文章明细数据-----按时间段同步，j:1,filter:2017071801
2017-07-18 19:06:46,696 [4] INFO  XYAuto.ITSC.Chitunion2017.BLL.Loger [(null)] - 同步获取明细数据<2017071801>-----方法开始
2017-07-18 19:09:17,211 [4] INFO  XYAuto.ITSC.Chitunion2017.BLL.Loger [(null)] - 同步获取明细数据-----查询HBase结束,总记数：0条!
2017-07-18 19:09:17,212 [4] INFO  XYAuto.ITSC.Chitunion2017.BLL.Loger [(null)] - 同步获取明细数据<2017071801>-----方法结束
2017-07-18 19:09:17,212 [4] INFO  XYAuto.ITSC.Chitunion2017.BLL.Loger [(null)] - 同步微信文章明细数据-----按时间段同步，j:2,filter:2017071802
2017-07-18 19:09:17,212 [4] INFO  XYAuto.ITSC.Chitunion2017.BLL.Loger [(null)] - 同步获取明细数据<2017071802>-----方法开始
2017-07-18 19:11:48,680 [4] INFO  XYAuto.ITSC.Chitunion2017.BLL.Loger [(null)] - 同步获取明细数据-----查询HBase结束,总记数：0条!
2017-07-18 19:11:48,681 [4] INFO  XYAuto.ITSC.Chitunion2017.BLL.Loger [(null)] - 同步获取明细数据<2017071802>-----方法结束
2017-07-18 19:11:48,684 [4] INFO  XYAuto.ITSC.Chitunion2017.BLL.Loger [(null)] - 同步微信文章明细数据-----按时间段同步，j:3,filter:2017071803
2017-07-18 19:11:48,685 [4] INFO  XYAuto.ITSC.Chitunion2017.BLL.Loger [(null)] - 同步获取明细数据<2017071803>-----方法开始
2017-07-18 19:14:20,437 [4] INFO  XYAuto.ITSC.Chitunion2017.BLL.Loger [(null)] - 同步获取明细数据-----查询HBase结束,总记数：0条!
2017-07-18 19:14:20,438 [4] INFO  XYAuto.ITSC.Chitunion2017.BLL.Loger [(null)] - 同步获取明细数据<2017071803>-----方法结束
2017-07-18 19:14:20,438 [4] INFO  XYAuto.ITSC.Chitunion2017.BLL.Loger [(null)] - 同步微信文章明细数据-----按时间段同步，j:4,filter:2017071804
2017-07-18 19:14:20,438 [4] INFO  XYAuto.ITSC.Chitunion2017.BLL.Loger [(null)] - 同步获取明细数据<2017071804>-----方法开始
2017-07-18 19:16:52,874 [4] INFO  XYAuto.ITSC.Chitunion2017.BLL.Loger [(null)] - 同步获取明细数据-----查询HBase结束,总记数：0条!
2017-07-18 19:16:52,875 [4] INFO  XYAuto.ITSC.Chitunion2017.BLL.Loger [(null)] - 同步获取明细数据<2017071804>-----方法结束
2017-07-18 19:16:52,875 [4] INFO  XYAuto.ITSC.Chitunion2017.BLL.Loger [(null)] - 同步微信文章明细数据-----按时间段同步，j:5,filter:2017071805
2017-07-18 19:16:52,875 [4] INFO  XYAuto.ITSC.Chitunion2017.BLL.Loger [(null)] - 同步获取明细数据<2017071805>-----方法开始
2017-07-18 19:19:24,945 [4] INFO  XYAuto.ITSC.Chitunion2017.BLL.Loger [(null)] - 同步获取明细数据-----查询HBase结束,总记数：0条!
2017-07-18 19:19:24,945 [4] INFO  XYAuto.ITSC.Chitunion2017.BLL.Loger [(null)] - 同步获取明细数据<2017071805>-----方法结束
2017-07-18 19:19:24,945 [4] INFO  XYAuto.ITSC.Chitunion2017.BLL.Loger [(null)] - 同步微信文章明细数据-----按时间段同步，j:6,filter:2017071806
2017-07-18 19:19:24,945 [4] INFO  XYAuto.ITSC.Chitunion2017.BLL.Loger [(null)] - 同步获取明细数据<2017071806>-----方法开始
2017-07-18 19:22:00,593 [4] INFO  XYAuto.ITSC.Chitunion2017.BLL.Loger [(null)] - 同步获取明细数据-----查询HBase结束,总记数：0条!
2017-07-18 19:22:00,595 [4] INFO  XYAuto.ITSC.Chitunion2017.BLL.Loger [(null)] - 同步获取明细数据<2017071806>-----方法结束
2017-07-18 19:22:00,596 [4] INFO  XYAuto.ITSC.Chitunion2017.BLL.Loger [(null)] - 同步微信文章明细数据-----按时间段同步，j:7,filter:2017071807
2017-07-18 19:22:00,596 [4] INFO  XYAuto.ITSC.Chitunion2017.BLL.Loger [(null)] - 同步获取明细数据<2017071807>-----方法开始
2017-07-18 19:24:35,310 [4] INFO  XYAuto.ITSC.Chitunion2017.BLL.Loger [(null)] - 同步获取明细数据-----查询HBase结束,总记数：0条!
2017-07-18 19:24:35,310 [4] INFO  XYAuto.ITSC.Chitunion2017.BLL.Loger [(null)] - 同步获取明细数据<2017071807>-----方法结束
2017-07-18 19:24:35,310 [4] INFO  XYAuto.ITSC.Chitunion2017.BLL.Loger [(null)] - 同步微信文章明细数据-----按时间段同步，j:8,filter:2017071808
2017-07-18 19:24:35,310 [4] INFO  XYAuto.ITSC.Chitunion2017.BLL.Loger [(null)] - 同步获取明细数据<2017071808>-----方法开始
2017-07-18 19:27:07,443 [4] INFO  XYAuto.ITSC.Chitunion2017.BLL.Loger [(null)] - 同步获取明细数据-----查询HBase结束,总记数：0条!
2017-07-18 19:27:07,443 [4] INFO  XYAuto.ITSC.Chitunion2017.BLL.Loger [(null)] - 同步获取明细数据<2017071808>-----方法结束
2017-07-18 19:27:07,443 [4] INFO  XYAuto.ITSC.Chitunion2017.BLL.Loger [(null)] - 同步微信文章明细数据-----按时间段同步，j:9,filter:2017071809
2017-07-18 19:27:07,443 [4] INFO  XYAuto.ITSC.Chitunion2017.BLL.Loger [(null)] - 同步获取明细数据<2017071809>-----方法开始
2017-07-18 19:29:56,269 [4] INFO  XYAuto.ITSC.Chitunion2017.BLL.Loger [(null)] - 同步获取明细数据-----查询HBase结束,总记数：819条!
2017-07-18 19:29:56,903 [4] INFO  XYAuto.ITSC.Chitunion2017.BLL.Loger [(null)] - 同步获取明细数据<2017071809>-----方法结束
2017-07-18 19:29:56,903 [4] INFO  XYAuto.ITSC.Chitunion2017.BLL.Loger [(null)] - 同步微信文章明细数据-----按时间段同步，j:10,filter:2017071810
2017-07-18 19:29:56,904 [4] INFO  XYAuto.ITSC.Chitunion2017.BLL.Loger [(null)] - 同步获取明细数据<2017071810>-----方法开始
2017-07-18 19:32:48,040 [4] INFO  XYAuto.ITSC.Chitunion2017.BLL.Loger [(null)] - 同步获取明细数据-----查询HBase结束,总记数：925条!
2017-07-18 19:32:48,793 [4] INFO  XYAuto.ITSC.Chitunion2017.BLL.Loger [(null)] - 同步获取明细数据<2017071810>-----方法结束
2017-07-18 19:32:48,795 [4] INFO  XYAuto.ITSC.Chitunion2017.BLL.Loger [(null)] - 同步微信文章明细数据-----按时间段同步，j:11,filter:2017071811
2017-07-18 19:32:48,795 [4] INFO  XYAuto.ITSC.Chitunion2017.BLL.Loger [(null)] - 同步获取明细数据<2017071811>-----方法开始
2017-07-18 19:35:21,584 [4] INFO  XYAuto.ITSC.Chitunion2017.BLL.Loger [(null)] - 同步获取明细数据-----查询HBase结束,总记数：31条!
2017-07-18 19:35:21,623 [4] INFO  XYAuto.ITSC.Chitunion2017.BLL.Loger [(null)] - 同步获取明细数据<2017071811>-----方法结束
2017-07-18 19:35:21,624 [4] INFO  XYAuto.ITSC.Chitunion2017.BLL.Loger [(null)] - 同步微信文章明细数据-----按时间段同步，j:12,filter:2017071812
2017-07-18 19:35:21,624 [4] INFO  XYAuto.ITSC.Chitunion2017.BLL.Loger [(null)] - 同步获取明细数据<2017071812>-----方法开始
2017-07-18 19:37:54,630 [4] INFO  XYAuto.ITSC.Chitunion2017.BLL.Loger [(null)] - 同步获取明细数据-----查询HBase结束,总记数：117条!
2017-07-18 19:37:54,717 [4] INFO  XYAuto.ITSC.Chitunion2017.BLL.Loger [(null)] - 同步获取明细数据<2017071812>-----方法结束
2017-07-18 19:37:54,719 [4] INFO  XYAuto.ITSC.Chitunion2017.BLL.Loger [(null)] - 同步微信文章明细数据-----按时间段同步，j:13,filter:2017071813
2017-07-18 19:37:54,719 [4] INFO  XYAuto.ITSC.Chitunion2017.BLL.Loger [(null)] - 同步获取明细数据<2017071813>-----方法开始
2017-07-18 19:40:27,180 [4] INFO  XYAuto.ITSC.Chitunion2017.BLL.Loger [(null)] - 同步获取明细数据-----查询HBase结束,总记数：126条!
2017-07-18 19:40:27,245 [4] INFO  XYAuto.ITSC.Chitunion2017.BLL.Loger [(null)] - 同步获取明细数据<2017071813>-----方法结束
2017-07-18 19:40:27,247 [4] INFO  XYAuto.ITSC.Chitunion2017.BLL.Loger [(null)] - 同步微信文章明细数据-----按时间段同步，j:14,filter:2017071814
2017-07-18 19:40:27,248 [4] INFO  XYAuto.ITSC.Chitunion2017.BLL.Loger [(null)] - 同步获取明细数据<2017071814>-----方法开始
2017-07-18 19:42:59,958 [4] INFO  XYAuto.ITSC.Chitunion2017.BLL.Loger [(null)] - 同步获取明细数据-----查询HBase结束,总记数：127条!
2017-07-18 19:43:00,028 [4] INFO  XYAuto.ITSC.Chitunion2017.BLL.Loger [(null)] - 同步获取明细数据<2017071814>-----方法结束
2017-07-18 19:43:00,029 [4] INFO  XYAuto.ITSC.Chitunion2017.BLL.Loger [(null)] - 同步微信文章明细数据-----按时间段同步，j:15,filter:2017071815
2017-07-18 19:43:00,030 [4] INFO  XYAuto.ITSC.Chitunion2017.BLL.Loger [(null)] - 同步获取明细数据<2017071815>-----方法开始
2017-07-18 19:45:33,444 [4] INFO  XYAuto.ITSC.Chitunion2017.BLL.Loger [(null)] - 同步获取明细数据-----查询HBase结束,总记数：115条!
2017-07-18 19:45:33,510 [4] INFO  XYAuto.ITSC.Chitunion2017.BLL.Loger [(null)] - 同步获取明细数据<2017071815>-----方法结束
2017-07-18 19:45:33,511 [4] INFO  XYAuto.ITSC.Chitunion2017.BLL.Loger [(null)] - 同步微信文章明细数据-----按时间段同步，j:16,filter:2017071816
2017-07-18 19:45:33,512 [4] INFO  XYAuto.ITSC.Chitunion2017.BLL.Loger [(null)] - 同步获取明细数据<2017071816>-----方法开始
2017-07-18 19:48:05,142 [4] INFO  XYAuto.ITSC.Chitunion2017.BLL.Loger [(null)] - 同步获取明细数据-----查询HBase结束,总记数：76条!
2017-07-18 19:48:05,198 [4] INFO  XYAuto.ITSC.Chitunion2017.BLL.Loger [(null)] - 同步获取明细数据<2017071816>-----方法结束
2017-07-18 19:48:05,690 [4] INFO  XYAuto.ITSC.Chitunion2017.BLL.Loger [(null)] - 同步微信文章明细数据-----按时间段同步，j:17,filter:2017071817
2017-07-18 19:48:05,692 [4] INFO  XYAuto.ITSC.Chitunion2017.BLL.Loger [(null)] - 同步获取明细数据<2017071817>-----方法开始
2017-07-18 19:50:36,650 [4] INFO  XYAuto.ITSC.Chitunion2017.BLL.Loger [(null)] - 同步获取明细数据-----查询HBase结束,总记数：82条!
2017-07-18 19:50:36,718 [4] INFO  XYAuto.ITSC.Chitunion2017.BLL.Loger [(null)] - 同步获取明细数据<2017071817>-----方法结束
2017-07-18 19:50:36,719 [4] INFO  XYAuto.ITSC.Chitunion2017.BLL.Loger [(null)] - 同步微信文章明细数据-----按时间段同步，j:18,filter:2017071818
2017-07-18 19:50:36,720 [4] INFO  XYAuto.ITSC.Chitunion2017.BLL.Loger [(null)] - 同步获取明细数据<2017071818>-----方法开始
2017-07-18 19:53:07,693 [4] INFO  XYAuto.ITSC.Chitunion2017.BLL.Loger [(null)] - 同步获取明细数据-----查询HBase结束,总记数：90条!
2017-07-18 19:53:07,742 [4] INFO  XYAuto.ITSC.Chitunion2017.BLL.Loger [(null)] - 同步获取明细数据<2017071818>-----方法结束
2017-07-18 19:53:07,742 [4] INFO  XYAuto.ITSC.Chitunion2017.BLL.Loger [(null)] - 同步微信文章明细数据-----按时间段同步，j:19,filter:2017071819
2017-07-18 19:53:07,742 [4] INFO  XYAuto.ITSC.Chitunion2017.BLL.Loger [(null)] - 同步获取明细数据<2017071819>-----方法开始
2017-07-18 19:55:36,619 [4] INFO  XYAuto.ITSC.Chitunion2017.BLL.Loger [(null)] - 同步获取明细数据-----查询HBase结束,总记数：64条!
2017-07-18 19:55:36,646 [4] INFO  XYAuto.ITSC.Chitunion2017.BLL.Loger [(null)] - 同步获取明细数据<2017071819>-----方法结束
2017-07-18 19:55:36,646 [4] INFO  XYAuto.ITSC.Chitunion2017.BLL.Loger [(null)] - 同步微信文章明细数据-----按时间段同步，j:20,filter:2017071820
2017-07-18 19:55:36,646 [4] INFO  XYAuto.ITSC.Chitunion2017.BLL.Loger [(null)] - 同步获取明细数据<2017071820>-----方法开始
2017-07-18 19:58:06,801 [4] INFO  XYAuto.ITSC.Chitunion2017.BLL.Loger [(null)] - 同步获取明细数据-----查询HBase结束,总记数：0条!
2017-07-18 19:58:06,801 [4] INFO  XYAuto.ITSC.Chitunion2017.BLL.Loger [(null)] - 同步获取明细数据<2017071820>-----方法结束
2017-07-18 19:58:06,802 [4] INFO  XYAuto.ITSC.Chitunion2017.BLL.Loger [(null)] - 同步微信文章明细数据-----按时间段同步，j:21,filter:2017071821
2017-07-18 19:58:06,802 [4] INFO  XYAuto.ITSC.Chitunion2017.BLL.Loger [(null)] - 同步获取明细数据<2017071821>-----方法开始
2017-07-18 20:09:42,867 [10] INFO  XYAuto.ITSC.Chitunion2017.BLL.Loger [(null)] - 同步微信文章明细数据-----服务开始
2017-07-18 20:09:44,050 [7] INFO  XYAuto.ITSC.Chitunion2017.BLL.Loger [(null)] - 同步微信文章明细数据-----Run......
2017-07-18 20:09:44,161 [7] INFO  XYAuto.ITSC.Chitunion2017.BLL.Loger [(null)] - 同步微信文章明细数据-----OperateMinute:40，当前Hour:20,Minute:9,SyncByTimeEnable:1,GetAppSettings:1
2017-07-18 20:09:46,417 [7] INFO  XYAuto.ITSC.Chitunion2017.BLL.Loger [(null)] - 同步微信文章明细数据-----按时间段同步开始，开始时间:2017/7/18 17:00:00，结束时间:2017/7/18 20:00:00，相差天数:0，SyncByTimeEndTime.Date:2017/7/18 0:00:00
2017-07-18 20:09:46,429 [7] INFO  XYAuto.ITSC.Chitunion2017.BLL.Loger [(null)] - 同步微信文章明细数据-----按时间段同步，i:0
2017-07-18 20:09:46,429 [7] INFO  XYAuto.ITSC.Chitunion2017.BLL.Loger [(null)] - 同步微信文章明细数据-----按时间段同步，j:17,filter:2017071817
2017-07-18 20:09:46,430 [7] INFO  XYAuto.ITSC.Chitunion2017.BLL.Loger [(null)] - 同步获取明细数据<2017071817>-----方法开始
2017-07-18 20:12:22,828 [7] INFO  XYAuto.ITSC.Chitunion2017.BLL.Loger [(null)] - 同步获取明细数据-----查询HBase结束,总记数：82条!
2017-07-18 20:14:30,875 [1] INFO  XYAuto.ITSC.Chitunion2017.BLL.Loger [(null)] - 同步微信文章明细数据-----服务开始
2017-07-18 20:14:31,908 [4] INFO  XYAuto.ITSC.Chitunion2017.BLL.Loger [(null)] - 同步微信文章明细数据-----Run......
2017-07-18 20:14:31,931 [4] INFO  XYAuto.ITSC.Chitunion2017.BLL.Loger [(null)] - 同步微信文章明细数据-----OperateMinute:40，当前Hour:20,Minute:14,SyncByTimeEnable:1,GetAppSettings:1
2017-07-18 20:14:31,945 [4] INFO  XYAuto.ITSC.Chitunion2017.BLL.Loger [(null)] - 同步微信文章明细数据-----按时间段同步开始，开始时间:2017/7/18 9:00:00，结束时间:2017/7/18 20:00:00，相差天数:0，SyncByTimeEndTime.Date:2017/7/18 0:00:00
2017-07-18 20:14:31,946 [4] INFO  XYAuto.ITSC.Chitunion2017.BLL.Loger [(null)] - 同步微信文章明细数据-----按时间段同步，i:0
2017-07-18 20:14:31,946 [4] INFO  XYAuto.ITSC.Chitunion2017.BLL.Loger [(null)] - 同步微信文章明细数据-----按时间段同步，j:9,filter:2017071809
2017-07-18 20:14:31,946 [4] INFO  XYAuto.ITSC.Chitunion2017.BLL.Loger [(null)] - 同步获取明细数据<2017071809>-----方法开始
2017-07-18 20:17:19,180 [4] INFO  XYAuto.ITSC.Chitunion2017.BLL.Loger [(null)] - 同步获取明细数据-----查询HBase结束,总记数：819条!
2017-07-18 20:17:19,835 [4] INFO  XYAuto.ITSC.Chitunion2017.BLL.Loger [(null)] - 同步获取明细数据<2017071809>-----方法结束
2017-07-18 20:17:19,835 [4] INFO  XYAuto.ITSC.Chitunion2017.BLL.Loger [(null)] - 同步微信文章明细数据-----按时间段同步，j:10,filter:2017071810
2017-07-18 20:17:19,835 [4] INFO  XYAuto.ITSC.Chitunion2017.BLL.Loger [(null)] - 同步获取明细数据<2017071810>-----方法开始
2017-07-18 20:20:09,894 [4] INFO  XYAuto.ITSC.Chitunion2017.BLL.Loger [(null)] - 同步获取明细数据-----查询HBase结束,总记数：925条!
2017-07-18 20:20:10,596 [4] INFO  XYAuto.ITSC.Chitunion2017.BLL.Loger [(null)] - 同步获取明细数据<2017071810>-----方法结束
2017-07-18 20:20:10,597 [4] INFO  XYAuto.ITSC.Chitunion2017.BLL.Loger [(null)] - 同步微信文章明细数据-----按时间段同步，j:11,filter:2017071811
2017-07-18 20:20:10,597 [4] INFO  XYAuto.ITSC.Chitunion2017.BLL.Loger [(null)] - 同步获取明细数据<2017071811>-----方法开始
2017-07-18 20:22:44,784 [4] INFO  XYAuto.ITSC.Chitunion2017.BLL.Loger [(null)] - 同步获取明细数据-----查询HBase结束,总记数：31条!
2017-07-18 20:22:44,818 [4] INFO  XYAuto.ITSC.Chitunion2017.BLL.Loger [(null)] - 同步获取明细数据<2017071811>-----方法结束
2017-07-18 20:22:44,819 [4] INFO  XYAuto.ITSC.Chitunion2017.BLL.Loger [(null)] - 同步微信文章明细数据-----按时间段同步，j:12,filter:2017071812
2017-07-18 20:22:44,819 [4] INFO  XYAuto.ITSC.Chitunion2017.BLL.Loger [(null)] - 同步获取明细数据<2017071812>-----方法开始
2017-07-18 20:25:19,747 [4] INFO  XYAuto.ITSC.Chitunion2017.BLL.Loger [(null)] - 同步获取明细数据-----查询HBase结束,总记数：117条!
2017-07-18 20:25:19,841 [4] INFO  XYAuto.ITSC.Chitunion2017.BLL.Loger [(null)] - 同步获取明细数据<2017071812>-----方法结束
2017-07-18 20:25:19,842 [4] INFO  XYAuto.ITSC.Chitunion2017.BLL.Loger [(null)] - 同步微信文章明细数据-----按时间段同步，j:13,filter:2017071813
2017-07-18 20:25:19,843 [4] INFO  XYAuto.ITSC.Chitunion2017.BLL.Loger [(null)] - 同步获取明细数据<2017071813>-----方法开始
2017-07-18 20:27:52,451 [4] INFO  XYAuto.ITSC.Chitunion2017.BLL.Loger [(null)] - 同步获取明细数据-----查询HBase结束,总记数：126条!
2017-07-18 20:27:52,543 [4] INFO  XYAuto.ITSC.Chitunion2017.BLL.Loger [(null)] - 同步获取明细数据<2017071813>-----方法结束
2017-07-18 20:27:52,545 [4] INFO  XYAuto.ITSC.Chitunion2017.BLL.Loger [(null)] - 同步微信文章明细数据-----按时间段同步，j:14,filter:2017071814
2017-07-18 20:27:52,546 [4] INFO  XYAuto.ITSC.Chitunion2017.BLL.Loger [(null)] - 同步获取明细数据<2017071814>-----方法开始
2017-07-18 20:30:25,393 [4] INFO  XYAuto.ITSC.Chitunion2017.BLL.Loger [(null)] - 同步获取明细数据-----查询HBase结束,总记数：127条!
2017-07-18 20:30:25,477 [4] INFO  XYAuto.ITSC.Chitunion2017.BLL.Loger [(null)] - 同步获取明细数据<2017071814>-----方法结束
2017-07-18 20:30:25,479 [4] INFO  XYAuto.ITSC.Chitunion2017.BLL.Loger [(null)] - 同步微信文章明细数据-----按时间段同步，j:15,filter:2017071815
2017-07-18 20:30:25,480 [4] INFO  XYAuto.ITSC.Chitunion2017.BLL.Loger [(null)] - 同步获取明细数据<2017071815>-----方法开始
2017-07-18 20:32:58,881 [4] INFO  XYAuto.ITSC.Chitunion2017.BLL.Loger [(null)] - 同步获取明细数据-----查询HBase结束,总记数：115条!
2017-07-18 20:32:58,951 [4] INFO  XYAuto.ITSC.Chitunion2017.BLL.Loger [(null)] - 同步获取明细数据<2017071815>-----方法结束
2017-07-18 20:32:58,953 [4] INFO  XYAuto.ITSC.Chitunion2017.BLL.Loger [(null)] - 同步微信文章明细数据-----按时间段同步，j:16,filter:2017071816
2017-07-18 20:32:58,953 [4] INFO  XYAuto.ITSC.Chitunion2017.BLL.Loger [(null)] - 同步获取明细数据<2017071816>-----方法开始
2017-07-18 20:35:29,166 [4] INFO  XYAuto.ITSC.Chitunion2017.BLL.Loger [(null)] - 同步获取明细数据-----查询HBase结束,总记数：76条!
2017-07-18 20:35:29,218 [4] INFO  XYAuto.ITSC.Chitunion2017.BLL.Loger [(null)] - 同步获取明细数据<2017071816>-----方法结束
2017-07-18 20:35:29,218 [4] INFO  XYAuto.ITSC.Chitunion2017.BLL.Loger [(null)] - 同步微信文章明细数据-----按时间段同步，j:17,filter:2017071817
2017-07-18 20:35:29,218 [4] INFO  XYAuto.ITSC.Chitunion2017.BLL.Loger [(null)] - 同步获取明细数据<2017071817>-----方法开始
2017-07-18 20:38:00,427 [4] INFO  XYAuto.ITSC.Chitunion2017.BLL.Loger [(null)] - 同步获取明细数据-----查询HBase结束,总记数：82条!
2017-07-18 20:38:00,499 [4] INFO  XYAuto.ITSC.Chitunion2017.BLL.Loger [(null)] - 同步获取明细数据<2017071817>-----方法结束
2017-07-18 20:38:00,501 [4] INFO  XYAuto.ITSC.Chitunion2017.BLL.Loger [(null)] - 同步微信文章明细数据-----按时间段同步，j:18,filter:2017071818
2017-07-18 20:38:00,501 [4] INFO  XYAuto.ITSC.Chitunion2017.BLL.Loger [(null)] - 同步获取明细数据<2017071818>-----方法开始
2017-07-18 20:40:31,102 [4] INFO  XYAuto.ITSC.Chitunion2017.BLL.Loger [(null)] - 同步获取明细数据-----查询HBase结束,总记数：90条!
2017-07-18 20:40:31,158 [4] INFO  XYAuto.ITSC.Chitunion2017.BLL.Loger [(null)] - 同步获取明细数据<2017071818>-----方法结束
2017-07-18 20:40:31,159 [4] INFO  XYAuto.ITSC.Chitunion2017.BLL.Loger [(null)] - 同步微信文章明细数据-----按时间段同步，j:19,filter:2017071819
2017-07-18 20:40:31,159 [4] INFO  XYAuto.ITSC.Chitunion2017.BLL.Loger [(null)] - 同步获取明细数据<2017071819>-----方法开始
2017-07-18 20:43:01,758 [4] INFO  XYAuto.ITSC.Chitunion2017.BLL.Loger [(null)] - 同步获取明细数据-----查询HBase结束,总记数：64条!
2017-07-18 20:43:01,782 [4] INFO  XYAuto.ITSC.Chitunion2017.BLL.Loger [(null)] - 同步获取明细数据<2017071819>-----方法结束
2017-07-18 20:43:01,782 [4] INFO  XYAuto.ITSC.Chitunion2017.BLL.Loger [(null)] - 同步微信文章明细数据-----按时间段同步，j:20,filter:2017071820
2017-07-18 20:43:01,783 [4] INFO  XYAuto.ITSC.Chitunion2017.BLL.Loger [(null)] - 同步获取明细数据<2017071820>-----方法开始
2017-07-18 20:45:32,043 [4] INFO  XYAuto.ITSC.Chitunion2017.BLL.Loger [(null)] - 同步获取明细数据-----查询HBase结束,总记数：0条!
2017-07-18 20:45:32,044 [4] INFO  XYAuto.ITSC.Chitunion2017.BLL.Loger [(null)] - 同步获取明细数据<2017071820>-----方法结束
2017-07-18 20:45:32,044 [4] INFO  XYAuto.ITSC.Chitunion2017.BLL.Loger [(null)] - 同步微信文章明细数据-----按时间段同步，j:21,filter:2017071821
2017-07-18 20:45:32,044 [4] INFO  XYAuto.ITSC.Chitunion2017.BLL.Loger [(null)] - 同步获取明细数据<2017071821>-----方法开始
