2017-08-07 16:15:28,325 [1] INFO  XYAuto.ITSC.Chitunion2017.BLL.Loger [(null)] - 同步微信文章明细数据-----服务开始
2017-08-07 16:15:29,352 [5] INFO  XYAuto.ITSC.Chitunion2017.BLL.Loger [(null)] - 同步微信文章明细数据-----Run......
2017-08-07 16:15:29,369 [5] INFO  XYAuto.ITSC.Chitunion2017.BLL.Loger [(null)] - 同步微信文章明细数据-----OperateMinute:40，当前Hour:16,Minute:15,SyncByTimeEnable:0,GetAppSettings:0
2017-08-07 16:15:30,350 [6] INFO  XYAuto.ITSC.Chitunion2017.BLL.Loger [(null)] - 同步微信文章明细数据-----Run......
2017-08-07 16:15:30,357 [6] INFO  XYAuto.ITSC.Chitunion2017.BLL.Loger [(null)] - 同步微信文章明细数据-----OperateMinute:40，当前Hour:16,Minute:15,SyncByTimeEnable:0,GetAppSettings:0
2017-08-07 16:15:31,350 [5] INFO  XYAuto.ITSC.Chitunion2017.BLL.Loger [(null)] - 同步微信文章明细数据-----Run......
2017-08-07 16:15:31,358 [5] INFO  XYAuto.ITSC.Chitunion2017.BLL.Loger [(null)] - 同步微信文章明细数据-----OperateMinute:40，当前Hour:16,Minute:15,SyncByTimeEnable:0,GetAppSettings:0
2017-08-07 16:15:32,351 [6] INFO  XYAuto.ITSC.Chitunion2017.BLL.Loger [(null)] - 同步微信文章明细数据-----Run......
2017-08-07 16:15:32,358 [6] INFO  XYAuto.ITSC.Chitunion2017.BLL.Loger [(null)] - 同步微信文章明细数据-----OperateMinute:40，当前Hour:16,Minute:15,SyncByTimeEnable:0,GetAppSettings:0
2017-08-07 16:17:03,605 [1] INFO  XYAuto.ITSC.Chitunion2017.BLL.Loger [(null)] - 同步微信文章明细数据-----服务开始
2017-08-07 16:17:04,626 [5] INFO  XYAuto.ITSC.Chitunion2017.BLL.Loger [(null)] - 同步微信文章明细数据-----Run......
2017-08-07 16:17:04,645 [5] INFO  XYAuto.ITSC.Chitunion2017.BLL.Loger [(null)] - 同步微信文章明细数据-----OperateMinute:40，当前Hour:16,Minute:17,SyncByTimeEnable:0,GetAppSettings:0
2017-08-07 16:17:05,623 [4] INFO  XYAuto.ITSC.Chitunion2017.BLL.Loger [(null)] - 同步微信文章明细数据-----Run......
2017-08-07 16:17:05,630 [4] INFO  XYAuto.ITSC.Chitunion2017.BLL.Loger [(null)] - 同步微信文章明细数据-----OperateMinute:40，当前Hour:16,Minute:17,SyncByTimeEnable:0,GetAppSettings:0
2017-08-07 16:17:06,623 [6] INFO  XYAuto.ITSC.Chitunion2017.BLL.Loger [(null)] - 同步微信文章明细数据-----Run......
2017-08-07 16:17:06,630 [6] INFO  XYAuto.ITSC.Chitunion2017.BLL.Loger [(null)] - 同步微信文章明细数据-----OperateMinute:40，当前Hour:16,Minute:17,SyncByTimeEnable:0,GetAppSettings:0
2017-08-07 16:17:07,625 [5] INFO  XYAuto.ITSC.Chitunion2017.BLL.Loger [(null)] - 同步微信文章明细数据-----Run......
2017-08-07 16:17:07,632 [5] INFO  XYAuto.ITSC.Chitunion2017.BLL.Loger [(null)] - 同步微信文章明细数据-----OperateMinute:40，当前Hour:16,Minute:17,SyncByTimeEnable:0,GetAppSettings:0
2017-08-07 16:17:08,625 [6] INFO  XYAuto.ITSC.Chitunion2017.BLL.Loger [(null)] - 同步微信文章明细数据-----Run......
2017-08-07 16:17:08,632 [6] INFO  XYAuto.ITSC.Chitunion2017.BLL.Loger [(null)] - 同步微信文章明细数据-----OperateMinute:40，当前Hour:16,Minute:17,SyncByTimeEnable:0,GetAppSettings:0
2017-08-07 16:17:09,626 [5] INFO  XYAuto.ITSC.Chitunion2017.BLL.Loger [(null)] - 同步微信文章明细数据-----Run......
2017-08-07 16:17:09,633 [5] INFO  XYAuto.ITSC.Chitunion2017.BLL.Loger [(null)] - 同步微信文章明细数据-----OperateMinute:40，当前Hour:16,Minute:17,SyncByTimeEnable:0,GetAppSettings:0
2017-08-07 16:17:42,617 [1] INFO  XYAuto.ITSC.Chitunion2017.BLL.Loger [(null)] - 同步微信文章明细数据-----服务开始
2017-08-07 16:17:43,637 [4] INFO  XYAuto.ITSC.Chitunion2017.BLL.Loger [(null)] - 同步微信文章及头条号数据-----开始
2017-08-07 16:17:43,759 [4] INFO  XYAuto.ITSC.Chitunion2017.BLL.Loger [(null)] - 同步搜狐文章数据-----开始
