2017-08-25 10:07:58,060 [10] INFO  XYAuto.ITSC.Chitunion2017.BLL.Loger [(null)] - 同步微信文章明细数据-----服务开始
2017-08-25 10:07:59,105 [11] INFO  XYAuto.ITSC.Chitunion2017.BLL.Loger [(null)] - 同步文章数据-----开始
2017-08-25 10:08:02,309 [11] INFO  XYAuto.ITSC.Chitunion2017.BLL.Loger [(null)] - 同步微信文章数据-----开始
2017-08-25 10:08:29,099 [11] INFO  XYAuto.ITSC.Chitunion2017.BLL.Loger [(null)] - 微信文章数据,目前循环到第1个，总共需要16条数据要清洗
2017-08-25 10:08:38,368 [11] ERROR XYAuto.ITSC.Chitunion2017.BLL.Loger [(null)] - GetImageByURL-Error
System.Net.WebException: 基础连接已经关闭: 接收时发生错误。 ---> System.IO.IOException: 无法从传输连接中读取数据: 远程主机强迫关闭了一个现有的连接。。 ---> System.Net.Sockets.SocketException: 远程主机强迫关闭了一个现有的连接。
   在 System.Net.Sockets.Socket.Receive(Byte[] buffer, Int32 offset, Int32 size, SocketFlags socketFlags)
   在 System.Net.Sockets.NetworkStream.Read(Byte[] buffer, Int32 offset, Int32 size)
   --- 内部异常堆栈跟踪的结尾 ---
   在 System.Net.Sockets.NetworkStream.Read(Byte[] buffer, Int32 offset, Int32 size)
   在 System.Net.PooledStream.Read(Byte[] buffer, Int32 offset, Int32 size)
   在 System.Net.Connection.SyncRead(HttpWebRequest request, Boolean userRetrievedStream, Boolean probeRead)
   --- 内部异常堆栈跟踪的结尾 ---
   在 System.Net.HttpWebRequest.GetResponse()
   在 XYAuto.ITSC.Chitunion2017.HBaseDataSync.Util.GetImageByURL(String imgUrl) 位置 D:\GitRoot（C）\A5信息系统研发\销售业务管理平台\赤兔联盟系统\XYAuto.ITSC.Chitunion2017.HBaseDataSync\Util.cs:行号 609
2017-08-25 10:08:40,647 [11] INFO  XYAuto.ITSC.Chitunion2017.BLL.Loger [(null)] - 微信文章数据,SN=8de223693f184b4c46b82de6bcc333ce，没有头图，已剔除
2017-08-25 10:08:43,745 [11] INFO  XYAuto.ITSC.Chitunion2017.BLL.Loger [(null)] - 微信文章数据,目前循环到第2个，总共需要16条数据要清洗
2017-08-25 10:08:46,021 [11] ERROR XYAuto.ITSC.Chitunion2017.BLL.Loger [(null)] - GetImageByURL-Error
System.Net.WebException: 基础连接已经关闭: 接收时发生错误。 ---> System.IO.IOException: 无法从传输连接中读取数据: 远程主机强迫关闭了一个现有的连接。。 ---> System.Net.Sockets.SocketException: 远程主机强迫关闭了一个现有的连接。
   在 System.Net.Sockets.Socket.Receive(Byte[] buffer, Int32 offset, Int32 size, SocketFlags socketFlags)
   在 System.Net.Sockets.NetworkStream.Read(Byte[] buffer, Int32 offset, Int32 size)
   --- 内部异常堆栈跟踪的结尾 ---
   在 System.Net.Sockets.NetworkStream.Read(Byte[] buffer, Int32 offset, Int32 size)
   在 System.Net.PooledStream.Read(Byte[] buffer, Int32 offset, Int32 size)
   在 System.Net.Connection.SyncRead(HttpWebRequest request, Boolean userRetrievedStream, Boolean probeRead)
   --- 内部异常堆栈跟踪的结尾 ---
   在 System.Net.HttpWebRequest.GetResponse()
   在 XYAuto.ITSC.Chitunion2017.HBaseDataSync.Util.GetImageByURL(String imgUrl) 位置 D:\GitRoot（C）\A5信息系统研发\销售业务管理平台\赤兔联盟系统\XYAuto.ITSC.Chitunion2017.HBaseDataSync\Util.cs:行号 609
2017-08-25 10:08:47,533 [11] INFO  XYAuto.ITSC.Chitunion2017.BLL.Loger [(null)] - 微信文章数据,SN=f7aa4050c2e74326e2b52a4981bad97b，没有头图，已剔除
2017-08-25 10:08:48,867 [11] INFO  XYAuto.ITSC.Chitunion2017.BLL.Loger [(null)] - 微信文章数据,目前循环到第3个，总共需要16条数据要清洗
2017-08-25 10:09:25,200 [9] INFO  XYAuto.ITSC.Chitunion2017.BLL.Loger [(null)] - 同步微信文章明细数据-----服务开始
2017-08-25 10:09:26,266 [10] INFO  XYAuto.ITSC.Chitunion2017.BLL.Loger [(null)] - 同步文章数据-----开始
2017-08-25 10:09:31,611 [10] INFO  XYAuto.ITSC.Chitunion2017.BLL.Loger [(null)] - 同步今日头条文章数据-----开始
2017-08-25 10:11:06,101 [10] INFO  XYAuto.ITSC.Chitunion2017.BLL.Loger [(null)] - 同步微信文章明细数据-----服务开始
2017-08-25 10:11:07,177 [6] INFO  XYAuto.ITSC.Chitunion2017.BLL.Loger [(null)] - 同步文章数据-----开始
2017-08-25 10:11:12,398 [6] INFO  XYAuto.ITSC.Chitunion2017.BLL.Loger [(null)] - 同步今日头条文章数据-----开始
2017-08-25 10:11:50,527 [10] INFO  XYAuto.ITSC.Chitunion2017.BLL.Loger [(null)] - 同步微信文章明细数据-----服务开始
2017-08-25 10:11:51,574 [6] INFO  XYAuto.ITSC.Chitunion2017.BLL.Loger [(null)] - 同步文章数据-----开始
2017-08-25 10:11:55,137 [6] INFO  XYAuto.ITSC.Chitunion2017.BLL.Loger [(null)] - 同步今日头条文章数据-----开始
2017-08-25 10:13:16,342 [9] INFO  XYAuto.ITSC.Chitunion2017.BLL.Loger [(null)] - 同步微信文章明细数据-----服务开始
2017-08-25 10:13:17,377 [11] INFO  XYAuto.ITSC.Chitunion2017.BLL.Loger [(null)] - 同步文章数据-----开始
2017-08-25 10:13:19,545 [11] INFO  XYAuto.ITSC.Chitunion2017.BLL.Loger [(null)] - 同步搜狐文章数据-----开始
