2017-09-09 13:59:42,349 [10] INFO  BaseLog [(null)] - 同步微信文章明细数据-----服务开始
2017-09-09 13:59:48,469 [10] INFO  BaseLog [(null)] - 同步文章数据-----开始
2017-09-09 13:59:52,517 [11] INFO  BaseLog [(null)] - 同步微信文章数据 任务开始
2017-09-09 13:59:52,517 [12] INFO  BaseLog [(null)] - 同步头条号数据 任务开始
2017-09-09 13:59:53,457 [13] INFO  BaseLog [(null)] - 同步搜狐文章数据 任务开始
2017-09-09 13:59:53,484 [10] INFO  BaseLog [(null)] - 同步文章数据-----结束
2017-09-09 14:00:04,335 [10] INFO  BaseLog [(null)] - 当前线程等待5秒
2017-09-09 14:12:48,752 [8] INFO  BaseLog [(null)] - 同步微信文章明细数据-----服务开始
2017-09-09 14:12:51,223 [8] INFO  BaseLog [(null)] - 同步文章数据-----开始
2017-09-09 14:13:02,703 [9] INFO  BaseLog [(null)] - 同步微信文章数据 任务开始
2017-09-09 14:13:02,703 [11] INFO  BaseLog [(null)] - 同步头条号数据 任务开始
2017-09-09 14:13:02,726 [10] INFO  BaseLog [(null)] - 同步搜狐文章数据 任务开始
2017-09-09 14:13:03,503 [11] INFO  BaseLog [(null)] - 同步头条号数据 任务完成 耗时：00:00:00
2017-09-09 14:13:05,544 [10] INFO  BaseLog [(null)] - 同步搜狐文章数据 任务完成 耗时：00:00:00
2017-09-09 14:13:05,566 [8] INFO  BaseLog [(null)] - 同步文章数据-----结束
2017-09-09 14:13:07,793 [9] INFO  BaseLog [(null)] - 同步微信文章数据 任务完成 耗时：00:00:00.9355140
2017-09-09 14:13:14,683 [9] INFO  BaseLog [(null)] - 当前线程等待5秒
2017-09-09 14:13:29,079 [9] INFO  BaseLog [(null)] - 同步微信文章数据 任务开始
2017-09-09 14:13:31,284 [9] INFO  BaseLog [(null)] - 同步微信文章数据 任务完成 耗时：00:00:00.9615446
2017-09-09 14:13:32,859 [9] INFO  BaseLog [(null)] - 当前线程等待5秒
