2017-08-24 16:58:04,940 [9] INFO  XYAuto.ITSC.Chitunion2017.BLL.Loger [(null)] - 同步微信文章明细数据-----服务开始
2017-08-24 16:58:06,016 [11] INFO  XYAuto.ITSC.Chitunion2017.BLL.Loger [(null)] - 同步文章数据-----开始
2017-08-24 16:58:06,239 [11] INFO  XYAuto.ITSC.Chitunion2017.BLL.Loger [(null)] - 同步今日头条文章数据-----开始
2017-08-24 16:58:09,637 [11] INFO  XYAuto.ITSC.Chitunion2017.BLL.Loger [(null)] - 今日头条文章数据,目前循环到第1个，总共需要16条数据要清洗
2017-08-24 16:58:38,415 [11] ERROR XYAuto.ITSC.Chitunion2017.BLL.Loger [(null)] - 同步今日头条文章数据，出错;
System.Net.Sockets.SocketException (0x80004005): 由于连接方在一段时间后没有正确答复或连接的主机没有反应，连接尝试失败。 192.168.105.13:23004
   在 System.Net.Sockets.Socket.DoConnect(EndPoint endPointSnapshot, SocketAddress socketAddress)
   在 System.Net.Sockets.Socket.Connect(EndPoint remoteEP)
   在 System.Net.Sockets.TcpClient.Connect(IPEndPoint remoteEP)
   在 FastDFS.Client.Pool.GetPooldConncetion()
   在 FastDFS.Client.Pool.GetConnection()
   在 FastDFS.Client.ConnectionManager.GetStorageConnection(IPEndPoint endPoint)
   在 FastDFS.Client.UPLOAD_FILE.GetRequest(Object[] paramList)
   在 FastDFS.Client.FastDFSClient.UploadFile(StorageNode storageNode, Byte[] contentByte, String fileExt)
   在 Xy.ImageFastDFS.StreamFastDFSAdapter.Upload()
   在 XYAuto.ITSC.Chitunion2017.HBaseDataSync.Util.CleanImg(Image img) 位置 D:\GitRoot（C）\A5信息系统研发\销售业务管理平台\赤兔联盟系统\XYAuto.ITSC.Chitunion2017.HBaseDataSync\Util.cs:行号 473
   在 XYAuto.ITSC.Chitunion2017.HBaseDataSync.Util.CleanImg(String url) 位置 D:\GitRoot（C）\A5信息系统研发\销售业务管理平台\赤兔联盟系统\XYAuto.ITSC.Chitunion2017.HBaseDataSync\Util.cs:行号 491
   在 XYAuto.ITSC.Chitunion2017.HBaseDataSync.BusinessLL.ArticleInfo.SyncDataByJinRiTouTiao(Int32 topNum) 位置 D:\GitRoot（C）\A5信息系统研发\销售业务管理平台\赤兔联盟系统\XYAuto.ITSC.Chitunion2017.HBaseDataSync\BusinessLL\ArticleInfo.cs:行号 311
2017-08-24 16:58:39,178 [11] INFO  XYAuto.ITSC.Chitunion2017.BLL.Loger [(null)] - 同步今日头条文章数据-----结束
2017-08-24 16:58:48,130 [10] INFO  XYAuto.ITSC.Chitunion2017.BLL.Loger [(null)] - 同步微信文章明细数据-----服务开始
2017-08-24 16:58:49,174 [6] INFO  XYAuto.ITSC.Chitunion2017.BLL.Loger [(null)] - 同步文章数据-----开始
2017-08-24 16:58:49,198 [6] INFO  XYAuto.ITSC.Chitunion2017.BLL.Loger [(null)] - 同步今日头条文章数据-----开始
2017-08-24 16:58:56,557 [6] INFO  XYAuto.ITSC.Chitunion2017.BLL.Loger [(null)] - 今日头条文章数据,目前循环到第1个，总共需要16条数据要清洗
2017-08-24 17:00:10,922 [6] INFO  XYAuto.ITSC.Chitunion2017.BLL.Loger [(null)] - 更新这些今日头条TouTiaoArticleInfo表中的主键ID[36084,36083,36082,36081,36080,36079,36078,36077,36076,36075,36074,36073,36072,36071,36070,36069],的状态为：1
