2016-05-23 10:29:54,287 [1] INFO  HollyContact5_Demo.Loger [(null)] - [HollyContactHelper]用户操作==装载及初始化->True
2016-05-23 10:29:54,398 [1] INFO  HollyContact5_Demo.Loger [(null)] - [@@@厂家消息通知@@@]OnMessage ：厂家状态（CurStatus：0；CurStatusName：准备就绪状态；）厂家消息（服务器已上线:UserName=AgentUser,UserGOR=31653889）程序状态（PS01_就绪）
2016-05-23 10:29:54,418 [1] INFO  HollyContact5_Demo.Loger [(null)] - [@@@厂家消息通知@@@]OnMessage ：厂家状态（CurStatus：0；CurStatusName：准备就绪状态；）厂家消息（服务器已上线:UserName=LSUser,UserGOR=65537）程序状态（PS01_就绪）
2016-05-23 10:29:54,459 [1] INFO  HollyContact5_Demo.Loger [(null)] - [@@@厂家消息通知@@@]OnMessage ：厂家状态（CurStatus：0；CurStatusName：准备就绪状态；）厂家消息（服务器已上线:UserName=ASUser,UserGOR=655361）程序状态（PS01_就绪）
2016-05-23 10:29:54,466 [1] INFO  HollyContact5_Demo.Loger [(null)] - [@@@厂家消息通知@@@]OnMessage ：厂家状态（CurStatus：0；CurStatusName：准备就绪状态；）厂家消息（服务器已上线:UserName=EDSUser,UserGOR=983041）程序状态（PS01_就绪）
2016-05-23 10:29:54,478 [1] INFO  HollyContact5_Demo.Loger [(null)] - [@@@厂家消息通知@@@]OnMessage ：厂家状态（CurStatus：0；CurStatusName：准备就绪状态；）厂家消息（服务器已上线:UserName=StatEvent,UserGOR=262145）程序状态（PS01_就绪）
2016-05-23 10:29:54,493 [1] INFO  HollyContact5_Demo.Loger [(null)] - [@@@厂家消息通知@@@]OnMessage ：厂家状态（CurStatus：0；CurStatusName：准备就绪状态；）厂家消息（服务器已上线:UserName=StatUser,UserGOR=262146）程序状态（PS01_就绪）
2016-05-23 10:29:55,453 [1] INFO  HollyContact5_Demo.Loger [(null)] - [HollyContactHelper]用户操作==添加技能组->1098 1
2016-05-23 10:29:56,436 [1] INFO  HollyContact5_Demo.Loger [(null)] - [HollyContactHelper]用户操作==签入->True
2016-05-23 10:29:56,678 [1] INFO  HollyContact5_Demo.Loger [(null)] - [@@@厂家消息通知@@@]OnMessage ：厂家状态（CurStatus：0；CurStatusName：准备就绪状态；）厂家消息（座席签入成功）程序状态（PS01_就绪）
2016-05-23 10:29:56,934 [1] INFO  HollyContact5_Demo.Loger [(null)] - [@@@厂家消息通知@@@]OnMessage ：厂家状态（CurStatus：2；CurStatusName：置忙；）厂家消息（状态改变：准备就绪状态-->置忙）程序状态（PS04_置忙）
2016-05-23 10:29:56,948 [1] INFO  HollyContact5_Demo.Loger [(null)] - [>>>厂家状态变化<<<]OnStatusChange ：PS01_就绪（0） -> PS04_置忙（2）
2016-05-23 10:29:56,979 [1] INFO  HollyContact5_Demo.Loger [(null)] - [@@@厂家消息通知@@@]OnMessage ：厂家状态（CurStatus：2；CurStatusName：置忙；）厂家消息（签入成功。）程序状态（PS04_置忙）
2016-05-23 10:29:57,224 [1] INFO  HollyContact5_Demo.Loger [(null)] - [HollyContactHelper]用户操作==置闲->True
2016-05-23 10:29:57,464 [1] INFO  HollyContact5_Demo.Loger [(null)] - [@@@厂家消息通知@@@]OnMessage ：厂家状态（CurStatus：1；CurStatusName：空闲；）厂家消息（状态改变：置忙-->空闲）程序状态（PS03_置闲）
2016-05-23 10:29:57,475 [1] INFO  HollyContact5_Demo.Loger [(null)] - [>>>厂家状态变化<<<]OnStatusChange ：PS04_置忙（2） -> PS03_置闲（1）
2016-05-23 10:29:57,483 [1] INFO  HollyContact5_Demo.Loger [(null)] - [@@@厂家消息通知@@@]OnMessage ：厂家状态（CurStatus：1；CurStatusName：空闲；）厂家消息（示闲成功。）程序状态（PS03_置闲）
2016-05-23 10:30:12,802 [1] INFO  HollyContact5_Demo.Loger [(null)] - [@@@厂家消息通知@@@]OnMessage ：厂家状态（CurStatus：1；CurStatusName：空闲；）厂家消息（座席被锁定）程序状态（PS03_置闲）
2016-05-23 10:30:32,809 [1] INFO  HollyContact5_Demo.Loger [(null)] - [@@@厂家消息通知@@@]OnMessage ：厂家状态（CurStatus：2；CurStatusName：置忙；）厂家消息（状态改变：空闲-->置忙）程序状态（PS04_置忙）
2016-05-23 10:30:32,815 [1] INFO  HollyContact5_Demo.Loger [(null)] - [>>>厂家状态变化<<<]OnStatusChange ：PS03_置闲（1） -> PS04_置忙（2）
2016-05-23 10:30:32,820 [1] INFO  HollyContact5_Demo.Loger [(null)] - [@@@厂家消息通知@@@]OnMessage ：厂家状态（CurStatus：2；CurStatusName：置忙；）厂家消息（示忙成功。）程序状态（PS04_置忙）
2016-05-23 10:30:36,388 [1] INFO  HollyContact5_Demo.Loger [(null)] - [HollyContactHelper]用户操作==置闲->True
2016-05-23 10:30:36,663 [1] INFO  HollyContact5_Demo.Loger [(null)] - [@@@厂家消息通知@@@]OnMessage ：厂家状态（CurStatus：1；CurStatusName：空闲；）厂家消息（状态改变：置忙-->空闲）程序状态（PS03_置闲）
2016-05-23 10:30:36,669 [1] INFO  HollyContact5_Demo.Loger [(null)] - [>>>厂家状态变化<<<]OnStatusChange ：PS04_置忙（2） -> PS03_置闲（1）
2016-05-23 10:30:36,676 [1] INFO  HollyContact5_Demo.Loger [(null)] - [@@@厂家消息通知@@@]OnMessage ：厂家状态（CurStatus：1；CurStatusName：空闲；）厂家消息（示闲成功。）程序状态（PS03_置闲）
2016-05-23 10:31:00,647 [1] INFO  HollyContact5_Demo.Loger [(null)] - [@@@厂家消息通知@@@]OnMessage ：厂家状态（CurStatus：1；CurStatusName：空闲；）厂家消息（座席被锁定）程序状态（PS03_置闲）
2016-05-23 10:31:20,649 [1] INFO  HollyContact5_Demo.Loger [(null)] - [@@@厂家消息通知@@@]OnMessage ：厂家状态（CurStatus：2；CurStatusName：置忙；）厂家消息（状态改变：空闲-->置忙）程序状态（PS04_置忙）
2016-05-23 10:31:20,659 [1] INFO  HollyContact5_Demo.Loger [(null)] - [>>>厂家状态变化<<<]OnStatusChange ：PS03_置闲（1） -> PS04_置忙（2）
2016-05-23 10:31:20,670 [1] INFO  HollyContact5_Demo.Loger [(null)] - [@@@厂家消息通知@@@]OnMessage ：厂家状态（CurStatus：2；CurStatusName：置忙；）厂家消息（示忙成功。）程序状态（PS04_置忙）
2016-05-23 11:06:42,729 [1] INFO  HollyContact5_Demo.Loger [(null)] - [^^^厂家错误通知^^^]OnError ：CTIErrorCode:0   ErrorCode:5  ErrorDesc:服务器已下线:UserName=LSUser,UserGOR=65537
2016-05-23 11:06:42,759 [1] INFO  HollyContact5_Demo.Loger [(null)] - [^^^厂家错误通知^^^]OnError ：CTIErrorCode:0   ErrorCode:5  ErrorDesc:服务器已下线:UserName=ASUser,UserGOR=655361
2016-05-23 11:06:42,784 [1] INFO  HollyContact5_Demo.Loger [(null)] - [@@@厂家消息通知@@@]OnMessage ：厂家状态（CurStatus：2；CurStatusName：置忙；）厂家消息（签出成功。）程序状态（PS04_置忙）
2016-05-23 11:06:42,798 [1] INFO  HollyContact5_Demo.Loger [(null)] - [@@@厂家消息通知@@@]OnMessage ：厂家状态（CurStatus：14；CurStatusName：签出；）厂家消息（状态改变：置忙-->签出）程序状态（PS02_签出）
2016-05-23 11:06:42,803 [1] INFO  HollyContact5_Demo.Loger [(null)] - [>>>厂家状态变化<<<]OnStatusChange ：PS04_置忙（2） -> PS02_签出（14）
2016-05-23 11:06:42,808 [1] INFO  HollyContact5_Demo.Loger [(null)] - [^^^厂家错误通知^^^]OnError ：CTIErrorCode:0   ErrorCode:5  ErrorDesc:服务器已下线:UserName=StatUser,UserGOR=262146
2016-05-23 11:06:42,827 [1] INFO  HollyContact5_Demo.Loger [(null)] - [^^^厂家错误通知^^^]OnError ：CTIErrorCode:0   ErrorCode:5  ErrorDesc:服务器已下线:UserName=StatEvent,UserGOR=262145
2016-05-23 11:06:42,839 [1] INFO  HollyContact5_Demo.Loger [(null)] - [^^^厂家错误通知^^^]OnError ：CTIErrorCode:0   ErrorCode:5  ErrorDesc:服务器已下线:UserName=EDSUser,UserGOR=983041
2016-05-23 11:07:43,874 [1] INFO  HollyContact5_Demo.Loger [(null)] - [@@@厂家消息通知@@@]OnMessage ：厂家状态（CurStatus：14；CurStatusName：签出；）厂家消息（服务器已上线:UserName=LSUser,UserGOR=65537）程序状态（PS02_签出）
2016-05-23 11:07:43,882 [1] INFO  HollyContact5_Demo.Loger [(null)] - [@@@厂家消息通知@@@]OnMessage ：厂家状态（CurStatus：14；CurStatusName：签出；）厂家消息（服务器已上线:UserName=EDSUser,UserGOR=983041）程序状态（PS02_签出）
2016-05-23 11:07:53,898 [1] INFO  HollyContact5_Demo.Loger [(null)] - [@@@厂家消息通知@@@]OnMessage ：厂家状态（CurStatus：14；CurStatusName：签出；）厂家消息（服务器已上线:UserName=ASUser,UserGOR=655361）程序状态（PS02_签出）
2016-05-23 11:07:53,907 [1] INFO  HollyContact5_Demo.Loger [(null)] - [@@@厂家消息通知@@@]OnMessage ：厂家状态（CurStatus：14；CurStatusName：签出；）厂家消息（服务器已上线:UserName=StatEvent,UserGOR=262145）程序状态（PS02_签出）
2016-05-23 11:07:53,919 [1] INFO  HollyContact5_Demo.Loger [(null)] - [@@@厂家消息通知@@@]OnMessage ：厂家状态（CurStatus：14；CurStatusName：签出；）厂家消息（服务器已上线:UserName=StatUser,UserGOR=262146）程序状态（PS02_签出）
2016-05-23 11:07:55,495 [1] INFO  HollyContact5_Demo.Loger [(null)] - [^^^厂家错误通知^^^]OnError ：CTIErrorCode:525   ErrorCode:5  ErrorDesc:St_UnregisteredState
2016-05-23 11:07:55,577 [1] INFO  HollyContact5_Demo.Loger [(null)] - [^^^厂家错误通知^^^]OnError ：CTIErrorCode:1342308354   ErrorCode:5  ErrorDesc:_??? (1342308354)
2016-05-23 11:07:56,469 [1] INFO  HollyContact5_Demo.Loger [(null)] - [^^^厂家错误通知^^^]OnError ：CTIErrorCode:1343225862   ErrorCode:5  ErrorDesc:Err_IContact_AgentIDInService
2016-05-23 11:07:56,477 [1] INFO  HollyContact5_Demo.Loger [(null)] - [^^^厂家错误通知^^^]OnError ：CTIErrorCode:1342308354   ErrorCode:5  ErrorDesc:_??? (1342308354)
2016-05-23 11:07:57,485 [1] INFO  HollyContact5_Demo.Loger [(null)] - [^^^厂家错误通知^^^]OnError ：CTIErrorCode:1343225862   ErrorCode:5  ErrorDesc:Err_IContact_AgentIDInService
2016-05-23 11:07:57,494 [1] INFO  HollyContact5_Demo.Loger [(null)] - [^^^厂家错误通知^^^]OnError ：CTIErrorCode:1342308354   ErrorCode:5  ErrorDesc:_??? (1342308354)
2016-05-23 11:07:58,499 [1] INFO  HollyContact5_Demo.Loger [(null)] - [^^^厂家错误通知^^^]OnError ：CTIErrorCode:1343225909   ErrorCode:5  ErrorDesc:Err_IContact_AgentTimerExpired
2016-05-23 11:07:58,508 [1] INFO  HollyContact5_Demo.Loger [(null)] - [^^^厂家错误通知^^^]OnError ：CTIErrorCode:525   ErrorCode:5  ErrorDesc:St_UnregisteredState
2016-05-23 11:07:58,522 [1] INFO  HollyContact5_Demo.Loger [(null)] - [^^^厂家错误通知^^^]OnError ：CTIErrorCode:1342308354   ErrorCode:5  ErrorDesc:_??? (1342308354)
2016-05-23 11:07:59,512 [1] INFO  HollyContact5_Demo.Loger [(null)] - [^^^厂家错误通知^^^]OnError ：CTIErrorCode:1343225862   ErrorCode:5  ErrorDesc:Err_IContact_AgentIDInService
2016-05-23 11:07:59,521 [1] INFO  HollyContact5_Demo.Loger [(null)] - [^^^厂家错误通知^^^]OnError ：CTIErrorCode:1342308354   ErrorCode:5  ErrorDesc:_??? (1342308354)
2016-05-23 11:08:00,530 [1] INFO  HollyContact5_Demo.Loger [(null)] - [^^^厂家错误通知^^^]OnError ：CTIErrorCode:1343225862   ErrorCode:5  ErrorDesc:Err_IContact_AgentIDInService
2016-05-23 11:08:00,539 [1] INFO  HollyContact5_Demo.Loger [(null)] - [^^^厂家错误通知^^^]OnError ：CTIErrorCode:1342308354   ErrorCode:5  ErrorDesc:_??? (1342308354)
2016-05-23 11:08:01,540 [1] INFO  HollyContact5_Demo.Loger [(null)] - [^^^厂家错误通知^^^]OnError ：CTIErrorCode:1343225909   ErrorCode:5  ErrorDesc:Err_IContact_AgentTimerExpired
2016-05-23 11:08:01,551 [1] INFO  HollyContact5_Demo.Loger [(null)] - [^^^厂家错误通知^^^]OnError ：CTIErrorCode:525   ErrorCode:5  ErrorDesc:St_UnregisteredState
2016-05-23 11:08:01,563 [1] INFO  HollyContact5_Demo.Loger [(null)] - [^^^厂家错误通知^^^]OnError ：CTIErrorCode:1342308354   ErrorCode:5  ErrorDesc:_??? (1342308354)
2016-05-23 11:08:02,555 [1] INFO  HollyContact5_Demo.Loger [(null)] - [^^^厂家错误通知^^^]OnError ：CTIErrorCode:1343225862   ErrorCode:5  ErrorDesc:Err_IContact_AgentIDInService
2016-05-23 11:08:02,565 [1] INFO  HollyContact5_Demo.Loger [(null)] - [^^^厂家错误通知^^^]OnError ：CTIErrorCode:1342308354   ErrorCode:5  ErrorDesc:_??? (1342308354)
2016-05-23 11:08:03,568 [1] INFO  HollyContact5_Demo.Loger [(null)] - [^^^厂家错误通知^^^]OnError ：CTIErrorCode:1343225862   ErrorCode:5  ErrorDesc:Err_IContact_AgentIDInService
2016-05-23 11:08:03,578 [1] INFO  HollyContact5_Demo.Loger [(null)] - [^^^厂家错误通知^^^]OnError ：CTIErrorCode:1342308354   ErrorCode:5  ErrorDesc:_??? (1342308354)
2016-05-23 11:08:04,589 [1] INFO  HollyContact5_Demo.Loger [(null)] - [^^^厂家错误通知^^^]OnError ：CTIErrorCode:1343225909   ErrorCode:5  ErrorDesc:Err_IContact_AgentTimerExpired
2016-05-23 11:08:04,599 [1] INFO  HollyContact5_Demo.Loger [(null)] - [^^^厂家错误通知^^^]OnError ：CTIErrorCode:525   ErrorCode:5  ErrorDesc:St_UnregisteredState
2016-05-23 11:08:04,610 [1] INFO  HollyContact5_Demo.Loger [(null)] - [^^^厂家错误通知^^^]OnError ：CTIErrorCode:1342308354   ErrorCode:5  ErrorDesc:_??? (1342308354)
2016-05-23 11:08:05,597 [1] INFO  HollyContact5_Demo.Loger [(null)] - [^^^厂家错误通知^^^]OnError ：CTIErrorCode:1343225862   ErrorCode:5  ErrorDesc:Err_IContact_AgentIDInService
2016-05-23 11:08:05,608 [1] INFO  HollyContact5_Demo.Loger [(null)] - [^^^厂家错误通知^^^]OnError ：CTIErrorCode:1342308354   ErrorCode:5  ErrorDesc:_??? (1342308354)
2016-05-23 11:08:06,617 [1] INFO  HollyContact5_Demo.Loger [(null)] - [^^^厂家错误通知^^^]OnError ：CTIErrorCode:1343225862   ErrorCode:5  ErrorDesc:Err_IContact_AgentIDInService
2016-05-23 11:08:06,634 [1] INFO  HollyContact5_Demo.Loger [(null)] - [^^^厂家错误通知^^^]OnError ：CTIErrorCode:1342308354   ErrorCode:5  ErrorDesc:_??? (1342308354)
2016-05-23 11:08:07,625 [1] INFO  HollyContact5_Demo.Loger [(null)] - [^^^厂家错误通知^^^]OnError ：CTIErrorCode:1343225909   ErrorCode:5  ErrorDesc:Err_IContact_AgentTimerExpired
2016-05-23 11:08:07,638 [1] INFO  HollyContact5_Demo.Loger [(null)] - [^^^厂家错误通知^^^]OnError ：CTIErrorCode:525   ErrorCode:5  ErrorDesc:St_UnregisteredState
2016-05-23 11:08:07,650 [1] INFO  HollyContact5_Demo.Loger [(null)] - [^^^厂家错误通知^^^]OnError ：CTIErrorCode:1342308354   ErrorCode:5  ErrorDesc:_??? (1342308354)
2016-05-23 11:08:08,639 [1] INFO  HollyContact5_Demo.Loger [(null)] - [^^^厂家错误通知^^^]OnError ：CTIErrorCode:1343225862   ErrorCode:5  ErrorDesc:Err_IContact_AgentIDInService
2016-05-23 11:08:08,651 [1] INFO  HollyContact5_Demo.Loger [(null)] - [^^^厂家错误通知^^^]OnError ：CTIErrorCode:1342308354   ErrorCode:5  ErrorDesc:_??? (1342308354)
2016-05-23 11:08:09,653 [1] INFO  HollyContact5_Demo.Loger [(null)] - [^^^厂家错误通知^^^]OnError ：CTIErrorCode:1343225862   ErrorCode:5  ErrorDesc:Err_IContact_AgentIDInService
2016-05-23 11:08:09,670 [1] INFO  HollyContact5_Demo.Loger [(null)] - [^^^厂家错误通知^^^]OnError ：CTIErrorCode:1342308354   ErrorCode:5  ErrorDesc:_??? (1342308354)
2016-05-23 11:08:10,673 [1] INFO  HollyContact5_Demo.Loger [(null)] - [^^^厂家错误通知^^^]OnError ：CTIErrorCode:1343225909   ErrorCode:5  ErrorDesc:Err_IContact_AgentTimerExpired
2016-05-23 11:08:10,694 [1] INFO  HollyContact5_Demo.Loger [(null)] - [^^^厂家错误通知^^^]OnError ：CTIErrorCode:525   ErrorCode:5  ErrorDesc:St_UnregisteredState
2016-05-23 11:08:10,708 [1] INFO  HollyContact5_Demo.Loger [(null)] - [^^^厂家错误通知^^^]OnError ：CTIErrorCode:1342308354   ErrorCode:5  ErrorDesc:_??? (1342308354)
2016-05-23 11:08:11,681 [1] INFO  HollyContact5_Demo.Loger [(null)] - [^^^厂家错误通知^^^]OnError ：CTIErrorCode:1343225862   ErrorCode:5  ErrorDesc:Err_IContact_AgentIDInService
2016-05-23 11:08:11,694 [1] INFO  HollyContact5_Demo.Loger [(null)] - [^^^厂家错误通知^^^]OnError ：CTIErrorCode:1342308354   ErrorCode:5  ErrorDesc:_??? (1342308354)
2016-05-23 11:08:12,696 [1] INFO  HollyContact5_Demo.Loger [(null)] - [^^^厂家错误通知^^^]OnError ：CTIErrorCode:1343225862   ErrorCode:5  ErrorDesc:Err_IContact_AgentIDInService
2016-05-23 11:08:12,710 [1] INFO  HollyContact5_Demo.Loger [(null)] - [^^^厂家错误通知^^^]OnError ：CTIErrorCode:1342308354   ErrorCode:5  ErrorDesc:_??? (1342308354)
2016-05-23 11:08:13,716 [1] INFO  HollyContact5_Demo.Loger [(null)] - [^^^厂家错误通知^^^]OnError ：CTIErrorCode:1343225909   ErrorCode:5  ErrorDesc:Err_IContact_AgentTimerExpired
2016-05-23 11:08:13,733 [1] INFO  HollyContact5_Demo.Loger [(null)] - [^^^厂家错误通知^^^]OnError ：CTIErrorCode:525   ErrorCode:5  ErrorDesc:St_UnregisteredState
2016-05-23 11:08:13,750 [1] INFO  HollyContact5_Demo.Loger [(null)] - [^^^厂家错误通知^^^]OnError ：CTIErrorCode:1342308354   ErrorCode:5  ErrorDesc:_??? (1342308354)
2016-05-23 11:08:14,728 [1] INFO  HollyContact5_Demo.Loger [(null)] - [^^^厂家错误通知^^^]OnError ：CTIErrorCode:1343225862   ErrorCode:5  ErrorDesc:Err_IContact_AgentIDInService
2016-05-23 11:08:14,742 [1] INFO  HollyContact5_Demo.Loger [(null)] - [^^^厂家错误通知^^^]OnError ：CTIErrorCode:1342308354   ErrorCode:5  ErrorDesc:_??? (1342308354)
2016-05-23 11:08:15,738 [1] INFO  HollyContact5_Demo.Loger [(null)] - [^^^厂家错误通知^^^]OnError ：CTIErrorCode:1343225862   ErrorCode:5  ErrorDesc:Err_IContact_AgentIDInService
2016-05-23 11:08:15,752 [1] INFO  HollyContact5_Demo.Loger [(null)] - [^^^厂家错误通知^^^]OnError ：CTIErrorCode:1342308354   ErrorCode:5  ErrorDesc:_??? (1342308354)
2016-05-23 11:08:16,749 [1] INFO  HollyContact5_Demo.Loger [(null)] - [^^^厂家错误通知^^^]OnError ：CTIErrorCode:1343225909   ErrorCode:5  ErrorDesc:Err_IContact_AgentTimerExpired
2016-05-23 11:08:16,761 [1] INFO  HollyContact5_Demo.Loger [(null)] - [^^^厂家错误通知^^^]OnError ：CTIErrorCode:525   ErrorCode:5  ErrorDesc:St_UnregisteredState
2016-05-23 11:08:16,773 [1] INFO  HollyContact5_Demo.Loger [(null)] - [^^^厂家错误通知^^^]OnError ：CTIErrorCode:1342308354   ErrorCode:5  ErrorDesc:_??? (1342308354)
2016-05-23 11:08:17,777 [1] INFO  HollyContact5_Demo.Loger [(null)] - [^^^厂家错误通知^^^]OnError ：CTIErrorCode:1343225862   ErrorCode:5  ErrorDesc:Err_IContact_AgentIDInService
2016-05-23 11:08:17,794 [1] INFO  HollyContact5_Demo.Loger [(null)] - [^^^厂家错误通知^^^]OnError ：CTIErrorCode:1342308354   ErrorCode:5  ErrorDesc:_??? (1342308354)
2016-05-23 11:08:18,787 [1] INFO  HollyContact5_Demo.Loger [(null)] - [^^^厂家错误通知^^^]OnError ：CTIErrorCode:1343225862   ErrorCode:5  ErrorDesc:Err_IContact_AgentIDInService
2016-05-23 11:08:18,803 [1] INFO  HollyContact5_Demo.Loger [(null)] - [^^^厂家错误通知^^^]OnError ：CTIErrorCode:1342308354   ErrorCode:5  ErrorDesc:_??? (1342308354)
2016-05-23 11:08:19,801 [1] INFO  HollyContact5_Demo.Loger [(null)] - [^^^厂家错误通知^^^]OnError ：CTIErrorCode:1343225909   ErrorCode:5  ErrorDesc:Err_IContact_AgentTimerExpired
2016-05-23 11:08:19,817 [1] INFO  HollyContact5_Demo.Loger [(null)] - [^^^厂家错误通知^^^]OnError ：CTIErrorCode:525   ErrorCode:5  ErrorDesc:St_UnregisteredState
2016-05-23 11:08:19,833 [1] INFO  HollyContact5_Demo.Loger [(null)] - [^^^厂家错误通知^^^]OnError ：CTIErrorCode:1342308354   ErrorCode:5  ErrorDesc:_??? (1342308354)
2016-05-23 11:08:20,811 [1] INFO  HollyContact5_Demo.Loger [(null)] - [^^^厂家错误通知^^^]OnError ：CTIErrorCode:1343225862   ErrorCode:5  ErrorDesc:Err_IContact_AgentIDInService
2016-05-23 11:08:20,831 [1] INFO  HollyContact5_Demo.Loger [(null)] - [^^^厂家错误通知^^^]OnError ：CTIErrorCode:1342308354   ErrorCode:5  ErrorDesc:_??? (1342308354)
2016-05-23 11:08:21,336 [1] INFO  HollyContact5_Demo.Loger [(null)] - [@@@厂家消息通知@@@]OnMessage ：厂家状态（CurStatus：14；CurStatusName：签出；）厂家消息（座席签入成功）程序状态（PS02_签出）
2016-05-23 11:08:21,370 [1] INFO  HollyContact5_Demo.Loger [(null)] - [@@@厂家消息通知@@@]OnMessage ：厂家状态（CurStatus：2；CurStatusName：置忙；）厂家消息（状态改变：签出-->置忙）程序状态（PS04_置忙）
2016-05-23 11:08:21,394 [1] INFO  HollyContact5_Demo.Loger [(null)] - [>>>厂家状态变化<<<]OnStatusChange ：PS02_签出（14） -> PS04_置忙（2）
2016-05-23 11:08:21,411 [1] INFO  HollyContact5_Demo.Loger [(null)] - [@@@厂家消息通知@@@]OnMessage ：厂家状态（CurStatus：2；CurStatusName：置忙；）厂家消息（签入成功。）程序状态（PS04_置忙）
2016-05-23 11:08:21,582 [1] INFO  HollyContact5_Demo.Loger [(null)] - [^^^厂家错误通知^^^]OnError ：CTIErrorCode:1343225862   ErrorCode:5  ErrorDesc:Err_IContact_AgentIDInService
2016-05-23 11:09:35,168 [1] INFO  HollyContact5_Demo.Loger [(null)] - [@@@厂家消息通知@@@]OnMessage ：厂家状态（CurStatus：2；CurStatusName：置忙；）厂家消息（摘机：ContactID=20160523110935711_1_808_UIP5,CurrStatus=22,LastStatus=21,ResonCode=45,ResonDesc=CauseOffHook）程序状态（PS04_置忙）
2016-05-23 11:09:35,189 [1] INFO  HollyContact5_Demo.Loger [(null)] - [@@@厂家消息通知@@@]OnMessage ：厂家状态（CurStatus：10；CurStatusName：呼出拨号中；）厂家消息（状态改变：置忙-->呼出拨号中）程序状态（PS14_呼出拨号中）
2016-05-23 11:09:35,213 [1] INFO  HollyContact5_Demo.Loger [(null)] - [>>>厂家状态变化<<<]OnStatusChange ：PS04_置忙（2） -> PS14_呼出拨号中（10）
2016-05-23 11:09:35,232 [1] INFO  HollyContact5_Demo.Loger [(null)] - [@@@厂家消息通知@@@]OnMessage ：厂家状态（CurStatus：10；CurStatusName：呼出拨号中；）厂家消息（呼出拨号开始。）程序状态（PS14_呼出拨号中）
2016-05-23 11:09:35,267 [1] INFO  HollyContact5_Demo.Loger [(null)] - [@@@厂家消息通知@@@]OnMessage ：厂家状态（CurStatus：10；CurStatusName：呼出拨号中；）厂家消息（座席话务处理）程序状态（PS14_呼出拨号中）
2016-05-23 11:09:35,289 [1] INFO  HollyContact5_Demo.Loger [(null)] - [@@@厂家消息通知@@@]OnMessage ：厂家状态（CurStatus：10；CurStatusName：呼出拨号中；）厂家消息（摘机：ContactID=20160523110935711_1_808_UIP5,CurrStatus=22,LastStatus=22,ResonCode=45,ResonDesc=CauseOffHook）程序状态（PS14_呼出拨号中）
2016-05-23 11:09:35,477 [1] INFO  HollyContact5_Demo.Loger [(null)] - [@@@厂家消息通知@@@]OnMessage ：厂家状态（CurStatus：10；CurStatusName：呼出拨号中；）厂家消息（录音开始：ContactID=20160523110935711_1_808_UIP5,ANI=35197,DNIS=9868211301,ResonCode=77,ResonDesc=_??? (77)）程序状态（PS14_呼出拨号中）
2016-05-23 11:09:40,189 [1] INFO  HollyContact5_Demo.Loger [(null)] - [@@@厂家消息通知@@@]OnMessage ：厂家状态（CurStatus：5；CurStatusName：两方通话；）厂家消息（状态改变：呼出拨号中-->两方通话）程序状态（PS08_普通通话）
2016-05-23 11:09:40,208 [1] INFO  HollyContact5_Demo.Loger [(null)] - [>>>厂家状态变化<<<]OnStatusChange ：PS14_呼出拨号中（10） -> PS08_普通通话（5）
2016-05-23 11:09:40,255 [1] INFO  HollyContact5_Demo.Loger [(null)] - [@@@厂家消息通知@@@]OnMessage ：厂家状态（CurStatus：5；CurStatusName：两方通话；）厂家消息（外拨成功。）程序状态（PS08_普通通话）
2016-05-23 12:01:21,052 [1] INFO  HollyContact5_Demo.Loger [(null)] - [@@@厂家消息通知@@@]OnMessage ：厂家状态（CurStatus：5；CurStatusName：两方通话；）厂家消息（通知：ContactID=20160523110935711_1_808_UIP5,CurrStatus=28,LastStatus=28,OtherParty=9868211301,ResonCode=15,ResonDesc=ActOpDisconnected）程序状态（PS08_普通通话）
2016-05-23 12:01:21,118 [1] INFO  HollyContact5_Demo.Loger [(null)] - [@@@厂家消息通知@@@]OnMessage ：厂家状态（CurStatus：5；CurStatusName：两方通话；）厂家消息（录音停止：ContactID=20160523110935711_1_808_UIP5,ANI=35197,DNIS=9868211301,FileName=/var/spool/hollyRecord/2016/05/35197/35197_20160523110935718.mp3,TimeLen=3105677,ResonCode=78,ResonDesc=_??? (78)）程序状态（PS08_普通通话）
2016-05-23 12:01:21,154 [1] INFO  HollyContact5_Demo.Loger [(null)] - [@@@厂家消息通知@@@]OnMessage ：厂家状态（CurStatus：5；CurStatusName：两方通话；）厂家消息（话路被挂断：ContactID=20160523110935711_1_808_UIP5,CurrStatus=21,LastStatus=28,OtherParty=154077,ResonCode=16,ResonDesc=ActTpDisconnected）程序状态（PS08_普通通话）
2016-05-23 12:01:21,177 [1] INFO  HollyContact5_Demo.Loger [(null)] - [@@@厂家消息通知@@@]OnMessage ：厂家状态（CurStatus：5；CurStatusName：两方通话；）厂家消息（通话结束。）程序状态（PS08_普通通话）
2016-05-23 12:01:21,245 [1] INFO  HollyContact5_Demo.Loger [(null)] - [@@@厂家消息通知@@@]OnMessage ：厂家状态（CurStatus：15；CurStatusName：工作整理；）厂家消息（状态改变：两方通话-->工作整理）程序状态（PS06_话后）
2016-05-23 12:01:21,270 [1] INFO  HollyContact5_Demo.Loger [(null)] - [>>>厂家状态变化<<<]OnStatusChange ：PS08_普通通话（5） -> PS06_话后（15）
2016-05-23 12:01:21,292 [1] INFO  HollyContact5_Demo.Loger [(null)] - [@@@厂家消息通知@@@]OnMessage ：厂家状态（CurStatus：15；CurStatusName：工作整理；）厂家消息（整理工作开始。）程序状态（PS06_话后）
2016-05-23 12:01:45,458 [1] INFO  HollyContact5_Demo.Loger [(null)] - [^^^厂家错误通知^^^]OnError ：CTIErrorCode:0   ErrorCode:5  ErrorDesc:服务器已下线:UserName=EDSUser,UserGOR=983041
2016-05-23 12:01:45,467 [1] INFO  HollyContact5_Demo.Loger [(null)] - [^^^厂家错误通知^^^]OnError ：CTIErrorCode:0   ErrorCode:5  ErrorDesc:服务器已下线:UserName=ASUser,UserGOR=655361
2016-05-23 12:01:45,481 [1] INFO  HollyContact5_Demo.Loger [(null)] - [@@@厂家消息通知@@@]OnMessage ：厂家状态（CurStatus：15；CurStatusName：工作整理；）厂家消息（签出成功。）程序状态（PS06_话后）
2016-05-23 12:01:45,498 [1] INFO  HollyContact5_Demo.Loger [(null)] - [@@@厂家消息通知@@@]OnMessage ：厂家状态（CurStatus：14；CurStatusName：签出；）厂家消息（状态改变：工作整理-->签出）程序状态（PS02_签出）
2016-05-23 12:01:45,507 [1] INFO  HollyContact5_Demo.Loger [(null)] - [>>>厂家状态变化<<<]OnStatusChange ：PS06_话后（15） -> PS02_签出（14）
2016-05-23 12:01:45,515 [1] INFO  HollyContact5_Demo.Loger [(null)] - [^^^厂家错误通知^^^]OnError ：CTIErrorCode:0   ErrorCode:5  ErrorDesc:服务器已下线:UserName=StatUser,UserGOR=262146
2016-05-23 12:01:45,526 [1] INFO  HollyContact5_Demo.Loger [(null)] - [^^^厂家错误通知^^^]OnError ：CTIErrorCode:0   ErrorCode:5  ErrorDesc:服务器已下线:UserName=StatEvent,UserGOR=262145
2016-05-23 12:01:45,537 [1] INFO  HollyContact5_Demo.Loger [(null)] - [^^^厂家错误通知^^^]OnError ：CTIErrorCode:0   ErrorCode:5  ErrorDesc:服务器已下线:UserName=LSUser,UserGOR=65537
2016-05-23 12:20:33,874 [1] INFO  HollyContact5_Demo.Loger [(null)] - [@@@厂家消息通知@@@]OnMessage ：厂家状态（CurStatus：14；CurStatusName：签出；）厂家消息（服务器已上线:UserName=LSUser,UserGOR=65537）程序状态（PS02_签出）
2016-05-23 12:20:33,914 [1] INFO  HollyContact5_Demo.Loger [(null)] - [@@@厂家消息通知@@@]OnMessage ：厂家状态（CurStatus：14；CurStatusName：签出；）厂家消息（服务器已上线:UserName=ASUser,UserGOR=655361）程序状态（PS02_签出）
2016-05-23 12:20:33,925 [1] INFO  HollyContact5_Demo.Loger [(null)] - [@@@厂家消息通知@@@]OnMessage ：厂家状态（CurStatus：14；CurStatusName：签出；）厂家消息（服务器已上线:UserName=EDSUser,UserGOR=983041）程序状态（PS02_签出）
2016-05-23 12:20:33,934 [1] INFO  HollyContact5_Demo.Loger [(null)] - [@@@厂家消息通知@@@]OnMessage ：厂家状态（CurStatus：14；CurStatusName：签出；）厂家消息（服务器已上线:UserName=StatEvent,UserGOR=262145）程序状态（PS02_签出）
2016-05-23 12:20:33,945 [1] INFO  HollyContact5_Demo.Loger [(null)] - [@@@厂家消息通知@@@]OnMessage ：厂家状态（CurStatus：14；CurStatusName：签出；）厂家消息（服务器已上线:UserName=StatUser,UserGOR=262146）程序状态（PS02_签出）
2016-05-23 12:20:34,923 [1] INFO  HollyContact5_Demo.Loger [(null)] - [@@@厂家消息通知@@@]OnMessage ：厂家状态（CurStatus：14；CurStatusName：签出；）厂家消息（座席签入成功）程序状态（PS02_签出）
2016-05-23 12:20:34,946 [1] INFO  HollyContact5_Demo.Loger [(null)] - [@@@厂家消息通知@@@]OnMessage ：厂家状态（CurStatus：2；CurStatusName：置忙；）厂家消息（状态改变：签出-->置忙）程序状态（PS04_置忙）
2016-05-23 12:20:34,957 [1] INFO  HollyContact5_Demo.Loger [(null)] - [>>>厂家状态变化<<<]OnStatusChange ：PS02_签出（14） -> PS04_置忙（2）
2016-05-23 12:20:34,968 [1] INFO  HollyContact5_Demo.Loger [(null)] - [@@@厂家消息通知@@@]OnMessage ：厂家状态（CurStatus：2；CurStatusName：置忙；）厂家消息（签入成功。）程序状态（PS04_置忙）
2016-05-23 12:36:04,616 [1] INFO  HollyContact5_Demo.Loger [(null)] - [@@@厂家消息通知@@@]OnMessage ：厂家状态（CurStatus：2；CurStatusName：置忙；）厂家消息（摘机：ContactID=20160523123605238_1_015_UIP5,CurrStatus=22,LastStatus=21,ResonCode=45,ResonDesc=CauseOffHook）程序状态（PS04_置忙）
2016-05-23 12:36:04,642 [1] INFO  HollyContact5_Demo.Loger [(null)] - [@@@厂家消息通知@@@]OnMessage ：厂家状态（CurStatus：10；CurStatusName：呼出拨号中；）厂家消息（状态改变：置忙-->呼出拨号中）程序状态（PS14_呼出拨号中）
2016-05-23 12:36:04,671 [1] INFO  HollyContact5_Demo.Loger [(null)] - [>>>厂家状态变化<<<]OnStatusChange ：PS04_置忙（2） -> PS14_呼出拨号中（10）
2016-05-23 12:36:04,699 [1] INFO  HollyContact5_Demo.Loger [(null)] - [@@@厂家消息通知@@@]OnMessage ：厂家状态（CurStatus：10；CurStatusName：呼出拨号中；）厂家消息（呼出拨号开始。）程序状态（PS14_呼出拨号中）
2016-05-23 12:36:04,740 [1] INFO  HollyContact5_Demo.Loger [(null)] - [@@@厂家消息通知@@@]OnMessage ：厂家状态（CurStatus：10；CurStatusName：呼出拨号中；）厂家消息（座席话务处理）程序状态（PS14_呼出拨号中）
2016-05-23 12:36:04,774 [1] INFO  HollyContact5_Demo.Loger [(null)] - [@@@厂家消息通知@@@]OnMessage ：厂家状态（CurStatus：10；CurStatusName：呼出拨号中；）厂家消息（摘机：ContactID=20160523123605238_1_015_UIP5,CurrStatus=22,LastStatus=22,ResonCode=45,ResonDesc=CauseOffHook）程序状态（PS14_呼出拨号中）
2016-05-23 12:36:05,071 [1] INFO  HollyContact5_Demo.Loger [(null)] - [@@@厂家消息通知@@@]OnMessage ：厂家状态（CurStatus：10；CurStatusName：呼出拨号中；）厂家消息（录音开始：ContactID=20160523123605238_1_015_UIP5,ANI=35197,DNIS=98018611453303,ResonCode=77,ResonDesc=_??? (77)）程序状态（PS14_呼出拨号中）
2016-05-23 12:36:14,913 [1] INFO  HollyContact5_Demo.Loger [(null)] - [@@@厂家消息通知@@@]OnMessage ：厂家状态（CurStatus：5；CurStatusName：两方通话；）厂家消息（状态改变：呼出拨号中-->两方通话）程序状态（PS08_普通通话）
2016-05-23 12:36:14,946 [1] INFO  HollyContact5_Demo.Loger [(null)] - [>>>厂家状态变化<<<]OnStatusChange ：PS14_呼出拨号中（10） -> PS08_普通通话（5）
2016-05-23 12:36:15,007 [1] INFO  HollyContact5_Demo.Loger [(null)] - [@@@厂家消息通知@@@]OnMessage ：厂家状态（CurStatus：5；CurStatusName：两方通话；）厂家消息（外拨成功。）程序状态（PS08_普通通话）
2016-05-23 12:37:22,819 [1] INFO  HollyContact5_Demo.Loger [(null)] - [@@@厂家消息通知@@@]OnMessage ：厂家状态（CurStatus：5；CurStatusName：两方通话；）厂家消息（通知：ContactID=20160523123605238_1_015_UIP5,CurrStatus=28,LastStatus=28,OtherParty=98018611453303,ResonCode=15,ResonDesc=ActOpDisconnected）程序状态（PS08_普通通话）
2016-05-23 12:37:22,859 [1] INFO  HollyContact5_Demo.Loger [(null)] - [@@@厂家消息通知@@@]OnMessage ：厂家状态（CurStatus：5；CurStatusName：两方通话；）厂家消息（录音停止：ContactID=20160523123605238_1_015_UIP5,ANI=35197,DNIS=98018611453303,FileName=/var/spool/hollyRecord/2016/05/35197/35197_20160523123605281.mp3,TimeLen=78101,ResonCode=78,ResonDesc=_??? (78)）程序状态（PS08_普通通话）
2016-05-23 12:37:22,900 [1] INFO  HollyContact5_Demo.Loger [(null)] - [@@@厂家消息通知@@@]OnMessage ：厂家状态（CurStatus：5；CurStatusName：两方通话；）厂家消息（话路被挂断：ContactID=20160523123605238_1_015_UIP5,CurrStatus=21,LastStatus=28,OtherParty=154183,ResonCode=16,ResonDesc=ActTpDisconnected）程序状态（PS08_普通通话）
2016-05-23 12:37:22,934 [1] INFO  HollyContact5_Demo.Loger [(null)] - [@@@厂家消息通知@@@]OnMessage ：厂家状态（CurStatus：5；CurStatusName：两方通话；）厂家消息（通话结束。）程序状态（PS08_普通通话）
2016-05-23 12:37:23,035 [1] INFO  HollyContact5_Demo.Loger [(null)] - [@@@厂家消息通知@@@]OnMessage ：厂家状态（CurStatus：15；CurStatusName：工作整理；）厂家消息（状态改变：两方通话-->工作整理）程序状态（PS06_话后）
2016-05-23 12:37:23,070 [1] INFO  HollyContact5_Demo.Loger [(null)] - [>>>厂家状态变化<<<]OnStatusChange ：PS08_普通通话（5） -> PS06_话后（15）
2016-05-23 12:37:23,102 [1] INFO  HollyContact5_Demo.Loger [(null)] - [@@@厂家消息通知@@@]OnMessage ：厂家状态（CurStatus：15；CurStatusName：工作整理；）厂家消息（整理工作开始。）程序状态（PS06_话后）
