2016-03-17 09:37:20,989 [1] INFO  HollyContact5_Demo.Loger [(null)] - [HollyContactHelper]用户操作==装载及初始化->True
2016-03-17 09:37:21,286 [1] INFO  HollyContact5_Demo.Loger [(null)] - [@@@厂家消息通知@@@]OnMessage ：厂家状态（CurStatus：0；CurStatusName：准备就绪状态；）厂家消息（服务器已上线:UserName=AgentUser,UserGOR=35192833）程序状态（PS01_就绪）
2016-03-17 09:37:21,413 [1] INFO  HollyContact5_Demo.Loger [(null)] - [@@@厂家消息通知@@@]OnMessage ：厂家状态（CurStatus：0；CurStatusName：准备就绪状态；）厂家消息（服务器已上线:UserName=LSUser,UserGOR=65537）程序状态（PS01_就绪）
2016-03-17 09:37:21,427 [1] INFO  HollyContact5_Demo.Loger [(null)] - [@@@厂家消息通知@@@]OnMessage ：厂家状态（CurStatus：0；CurStatusName：准备就绪状态；）厂家消息（服务器已上线:UserName=ASUser,UserGOR=720897）程序状态（PS01_就绪）
2016-03-17 09:37:21,435 [1] INFO  HollyContact5_Demo.Loger [(null)] - [@@@厂家消息通知@@@]OnMessage ：厂家状态（CurStatus：0；CurStatusName：准备就绪状态；）厂家消息（服务器已上线:UserName=EDSUser,UserGOR=131073）程序状态（PS01_就绪）
2016-03-17 09:37:21,448 [1] INFO  HollyContact5_Demo.Loger [(null)] - [@@@厂家消息通知@@@]OnMessage ：厂家状态（CurStatus：0；CurStatusName：准备就绪状态；）厂家消息（服务器已上线:UserName=StatEvent,UserGOR=327681）程序状态（PS01_就绪）
2016-03-17 09:37:21,465 [1] INFO  HollyContact5_Demo.Loger [(null)] - [@@@厂家消息通知@@@]OnMessage ：厂家状态（CurStatus：0；CurStatusName：准备就绪状态；）厂家消息（服务器已上线:UserName=StatUser,UserGOR=327682）程序状态（PS01_就绪）
2016-03-17 09:37:19,672 [1] INFO  HollyContact5_Demo.Loger [(null)] - [HollyContactHelper]用户操作==添加技能组->1098 1
2016-03-17 09:37:21,022 [1] INFO  HollyContact5_Demo.Loger [(null)] - [HollyContactHelper]用户操作==签入->True
2016-03-17 09:37:21,243 [1] INFO  HollyContact5_Demo.Loger [(null)] - [@@@厂家消息通知@@@]OnMessage ：厂家状态（CurStatus：0；CurStatusName：准备就绪状态；）厂家消息（座席签入成功）程序状态（PS01_就绪）
2016-03-17 09:37:21,269 [1] INFO  HollyContact5_Demo.Loger [(null)] - [@@@厂家消息通知@@@]OnMessage ：厂家状态（CurStatus：2；CurStatusName：置忙；）厂家消息（状态改变：准备就绪状态-->置忙）程序状态（PS04_置忙）
2016-03-17 09:37:21,282 [1] INFO  HollyContact5_Demo.Loger [(null)] - [>>>厂家状态变化<<<]OnStatusChange ：PS01_就绪（0） -> PS04_置忙（2）
2016-03-17 09:37:21,294 [1] INFO  HollyContact5_Demo.Loger [(null)] - [@@@厂家消息通知@@@]OnMessage ：厂家状态（CurStatus：2；CurStatusName：置忙；）厂家消息（签入成功。）程序状态（PS04_置忙）
2016-03-17 09:37:27,346 [1] INFO  HollyContact5_Demo.Loger [(null)] - [^^^厂家错误通知^^^]OnError ：CTIErrorCode:0   ErrorCode:1  ErrorDesc:当前状态不允许该操作、必须是空闲状态。
2016-03-17 09:37:30,294 [1] INFO  HollyContact5_Demo.Loger [(null)] - [HollyContactHelper]用户操作==置闲->True
2016-03-17 09:37:30,430 [1] INFO  HollyContact5_Demo.Loger [(null)] - [@@@厂家消息通知@@@]OnMessage ：厂家状态（CurStatus：1；CurStatusName：空闲；）厂家消息（状态改变：置忙-->空闲）程序状态（PS03_置闲）
2016-03-17 09:37:30,434 [1] INFO  HollyContact5_Demo.Loger [(null)] - [>>>厂家状态变化<<<]OnStatusChange ：PS04_置忙（2） -> PS03_置闲（1）
2016-03-17 09:37:30,443 [1] INFO  HollyContact5_Demo.Loger [(null)] - [@@@厂家消息通知@@@]OnMessage ：厂家状态（CurStatus：1；CurStatusName：空闲；）厂家消息（示闲成功。）程序状态（PS03_置闲）
2016-03-17 09:39:31,582 [1] INFO  HollyContact5_Demo.Loger [(null)] - [@@@厂家消息通知@@@]OnMessage ：厂家状态（CurStatus：1；CurStatusName：空闲；）厂家消息（座席被锁定）程序状态（PS03_置闲）
2016-03-17 09:39:37,460 [1] INFO  HollyContact5_Demo.Loger [(null)] - [@@@厂家消息通知@@@]OnMessage ：厂家状态（CurStatus：3；CurStatusName：震铃；）厂家消息（状态改变：空闲-->震铃）程序状态（PS07_来电震铃）
2016-03-17 09:39:37,465 [1] INFO  HollyContact5_Demo.Loger [(null)] - [>>>厂家状态变化<<<]OnStatusChange ：PS03_置闲（1） -> PS07_来电震铃（3）
2016-03-17 09:39:37,480 [1] INFO  HollyContact5_Demo.Loger [(null)] - [@@@厂家消息通知@@@]OnMessage ：厂家状态（CurStatus：3；CurStatusName：震铃；）厂家消息（来电振铃。）程序状态（PS07_来电震铃）
2016-03-17 09:39:37,489 [1] INFO  HollyContact5_Demo.Loger [(null)] - [@@@厂家消息通知@@@]OnMessage ：厂家状态（CurStatus：3；CurStatusName：震铃；）厂家消息（座席话务处理）程序状态（PS07_来电震铃）
2016-03-17 09:39:37,505 [1] INFO  HollyContact5_Demo.Loger [(null)] - [@@@厂家消息通知@@@]OnMessage ：厂家状态（CurStatus：5；CurStatusName：两方通话；）厂家消息（状态改变：震铃-->两方通话）程序状态（PS08_普通通话）
2016-03-17 09:39:37,514 [1] INFO  HollyContact5_Demo.Loger [(null)] - [>>>厂家状态变化<<<]OnStatusChange ：PS07_来电震铃（3） -> PS08_普通通话（5）
2016-03-17 09:39:37,530 [1] INFO  HollyContact5_Demo.Loger [(null)] - [@@@厂家消息通知@@@]OnMessage ：厂家状态（CurStatus：5；CurStatusName：两方通话；）厂家消息（应答成功。）程序状态（PS08_普通通话）
2016-03-17 09:39:37,541 [1] INFO  HollyContact5_Demo.Loger [(null)] - [@@@厂家消息通知@@@]OnMessage ：厂家状态（CurStatus：5；CurStatusName：两方通话；）厂家消息（录音开始：ContactID=20160317093922522_1_061_UIP5,ANI=68210111,DNIS=1005,ResonCode=77,ResonDesc=_??? (77)）程序状态（PS08_普通通话）
2016-03-17 09:39:53,001 [1] INFO  HollyContact5_Demo.Loger [(null)] - [@@@厂家消息通知@@@]OnMessage ：厂家状态（CurStatus：5；CurStatusName：两方通话；）厂家消息（录音停止：ContactID=20160317093922522_1_061_UIP5,ANI=68210111,DNIS=1005,FileName=/var/spool/hollyRecord/2016/03/35196/35196_20160317093937673.mp3,TimeLen=15575,ResonCode=78,ResonDesc=_??? (78)）程序状态（PS08_普通通话）
2016-03-17 09:39:53,257 [1] INFO  HollyContact5_Demo.Loger [(null)] - [@@@厂家消息通知@@@]OnMessage ：厂家状态（CurStatus：5；CurStatusName：两方通话；）厂家消息（话路被挂断：ContactID=20160317093922522_1_061_UIP5,CurrStatus=21,LastStatus=28,OtherParty=151298,ResonCode=16,ResonDesc=ActTpDisconnected）程序状态（PS08_普通通话）
2016-03-17 09:39:53,288 [1] INFO  HollyContact5_Demo.Loger [(null)] - [@@@厂家消息通知@@@]OnMessage ：厂家状态（CurStatus：5；CurStatusName：两方通话；）厂家消息（通话结束。）程序状态（PS08_普通通话）
2016-03-17 09:39:53,318 [1] INFO  HollyContact5_Demo.Loger [(null)] - [@@@厂家消息通知@@@]OnMessage ：厂家状态（CurStatus：15；CurStatusName：工作整理；）厂家消息（状态改变：两方通话-->工作整理）程序状态（PS06_话后）
2016-03-17 09:39:53,328 [1] INFO  HollyContact5_Demo.Loger [(null)] - [>>>厂家状态变化<<<]OnStatusChange ：PS08_普通通话（5） -> PS06_话后（15）
2016-03-17 09:39:53,342 [1] INFO  HollyContact5_Demo.Loger [(null)] - [@@@厂家消息通知@@@]OnMessage ：厂家状态（CurStatus：15；CurStatusName：工作整理；）厂家消息（整理工作开始。）程序状态（PS06_话后）
2016-03-17 11:38:12,152 [1] INFO  HollyContact5_Demo.Loger [(null)] - [HollyContactHelper]用户操作==装载及初始化->True
2016-03-17 11:38:12,220 [1] INFO  HollyContact5_Demo.Loger [(null)] - [@@@厂家消息通知@@@]OnMessage ：厂家状态（CurStatus：0；CurStatusName：准备就绪状态；）厂家消息（服务器已上线:UserName=AgentUser,UserGOR=37486593）程序状态（PS01_就绪）
2016-03-17 11:38:12,239 [1] INFO  HollyContact5_Demo.Loger [(null)] - [@@@厂家消息通知@@@]OnMessage ：厂家状态（CurStatus：0；CurStatusName：准备就绪状态；）厂家消息（服务器已上线:UserName=LSUser,UserGOR=65537）程序状态（PS01_就绪）
2016-03-17 11:38:12,250 [1] INFO  HollyContact5_Demo.Loger [(null)] - [@@@厂家消息通知@@@]OnMessage ：厂家状态（CurStatus：0；CurStatusName：准备就绪状态；）厂家消息（服务器已上线:UserName=ASUser,UserGOR=720897）程序状态（PS01_就绪）
2016-03-17 11:38:12,263 [1] INFO  HollyContact5_Demo.Loger [(null)] - [@@@厂家消息通知@@@]OnMessage ：厂家状态（CurStatus：0；CurStatusName：准备就绪状态；）厂家消息（服务器已上线:UserName=EDSUser,UserGOR=131073）程序状态（PS01_就绪）
2016-03-17 11:38:12,271 [1] INFO  HollyContact5_Demo.Loger [(null)] - [@@@厂家消息通知@@@]OnMessage ：厂家状态（CurStatus：0；CurStatusName：准备就绪状态；）厂家消息（服务器已上线:UserName=StatEvent,UserGOR=327681）程序状态（PS01_就绪）
2016-03-17 11:38:12,287 [1] INFO  HollyContact5_Demo.Loger [(null)] - [@@@厂家消息通知@@@]OnMessage ：厂家状态（CurStatus：0；CurStatusName：准备就绪状态；）厂家消息（服务器已上线:UserName=StatUser,UserGOR=327682）程序状态（PS01_就绪）
2016-03-17 11:38:18,489 [1] INFO  HollyContact5_Demo.Loger [(null)] - [HollyContactHelper]用户操作==添加技能组->1096 1
2016-03-17 11:38:19,155 [1] INFO  HollyContact5_Demo.Loger [(null)] - [HollyContactHelper]用户操作==签入->True
2016-03-17 11:38:19,380 [1] INFO  HollyContact5_Demo.Loger [(null)] - [@@@厂家消息通知@@@]OnMessage ：厂家状态（CurStatus：0；CurStatusName：准备就绪状态；）厂家消息（座席签入成功）程序状态（PS01_就绪）
2016-03-17 11:38:19,407 [1] INFO  HollyContact5_Demo.Loger [(null)] - [@@@厂家消息通知@@@]OnMessage ：厂家状态（CurStatus：2；CurStatusName：置忙；）厂家消息（状态改变：准备就绪状态-->置忙）程序状态（PS04_置忙）
2016-03-17 11:38:19,420 [1] INFO  HollyContact5_Demo.Loger [(null)] - [>>>厂家状态变化<<<]OnStatusChange ：PS01_就绪（0） -> PS04_置忙（2）
2016-03-17 11:38:19,428 [1] INFO  HollyContact5_Demo.Loger [(null)] - [@@@厂家消息通知@@@]OnMessage ：厂家状态（CurStatus：2；CurStatusName：置忙；）厂家消息（签入成功。）程序状态（PS04_置忙）
2016-03-17 11:38:20,027 [1] INFO  HollyContact5_Demo.Loger [(null)] - [HollyContactHelper]用户操作==置闲->True
2016-03-17 11:38:20,238 [1] INFO  HollyContact5_Demo.Loger [(null)] - [@@@厂家消息通知@@@]OnMessage ：厂家状态（CurStatus：1；CurStatusName：空闲；）厂家消息（状态改变：置忙-->空闲）程序状态（PS03_置闲）
2016-03-17 11:38:20,251 [1] INFO  HollyContact5_Demo.Loger [(null)] - [>>>厂家状态变化<<<]OnStatusChange ：PS04_置忙（2） -> PS03_置闲（1）
2016-03-17 11:38:20,262 [1] INFO  HollyContact5_Demo.Loger [(null)] - [@@@厂家消息通知@@@]OnMessage ：厂家状态（CurStatus：1；CurStatusName：空闲；）厂家消息（示闲成功。）程序状态（PS03_置闲）
2016-03-17 11:38:39,179 [1] INFO  HollyContact5_Demo.Loger [(null)] - [@@@厂家消息通知@@@]OnMessage ：厂家状态（CurStatus：1；CurStatusName：空闲；）厂家消息（座席被锁定）程序状态（PS03_置闲）
2016-03-17 11:38:43,119 [1] INFO  HollyContact5_Demo.Loger [(null)] - [@@@厂家消息通知@@@]OnMessage ：厂家状态（CurStatus：1；CurStatusName：空闲；）厂家消息（话路被挂断：ContactID=20160317113830328_1_245_UIP5,CurrStatus=21,LastStatus=0,OtherParty=,ResonCode=0,ResonDesc=ActNULL）程序状态（PS03_置闲）
2016-03-17 11:39:09,655 [1] INFO  HollyContact5_Demo.Loger [(null)] - [@@@厂家消息通知@@@]OnMessage ：厂家状态（CurStatus：2；CurStatusName：置忙；）厂家消息（状态改变：空闲-->置忙）程序状态（PS04_置忙）
2016-03-17 11:39:09,661 [1] INFO  HollyContact5_Demo.Loger [(null)] - [>>>厂家状态变化<<<]OnStatusChange ：PS03_置闲（1） -> PS04_置忙（2）
2016-03-17 11:39:09,667 [1] INFO  HollyContact5_Demo.Loger [(null)] - [@@@厂家消息通知@@@]OnMessage ：厂家状态（CurStatus：2；CurStatusName：置忙；）厂家消息（示忙成功。）程序状态（PS04_置忙）
2016-03-17 11:39:09,836 [1] INFO  HollyContact5_Demo.Loger [(null)] - [HollyContactHelper]用户操作==签出->True
2016-03-17 11:39:10,050 [1] INFO  HollyContact5_Demo.Loger [(null)] - [@@@厂家消息通知@@@]OnMessage ：厂家状态（CurStatus：2；CurStatusName：置忙；）厂家消息（签出成功。）程序状态（PS04_置忙）
2016-03-17 11:39:10,068 [1] INFO  HollyContact5_Demo.Loger [(null)] - [@@@厂家消息通知@@@]OnMessage ：厂家状态（CurStatus：14；CurStatusName：签出；）厂家消息（状态改变：置忙-->签出）程序状态（PS02_签出）
2016-03-17 11:39:10,077 [1] INFO  HollyContact5_Demo.Loger [(null)] - [>>>厂家状态变化<<<]OnStatusChange ：PS04_置忙（2） -> PS02_签出（14）
2016-03-17 11:39:10,851 [1] INFO  HollyContact5_Demo.Loger [(null)] - [HollyContactHelper]用户操作==卸载->True
2016-03-17 11:39:37,505 [1] INFO  HollyContact5_Demo.Loger [(null)] - [HollyContactHelper]用户操作==装载及初始化->True
2016-03-17 11:39:37,537 [1] INFO  HollyContact5_Demo.Loger [(null)] - [@@@厂家消息通知@@@]OnMessage ：厂家状态（CurStatus：0；CurStatusName：准备就绪状态；）厂家消息（服务器已上线:UserName=AgentUser,UserGOR=37552129）程序状态（PS01_就绪）
2016-03-17 11:39:37,550 [1] INFO  HollyContact5_Demo.Loger [(null)] - [@@@厂家消息通知@@@]OnMessage ：厂家状态（CurStatus：0；CurStatusName：准备就绪状态；）厂家消息（服务器已上线:UserName=LSUser,UserGOR=65537）程序状态（PS01_就绪）
2016-03-17 11:39:37,568 [1] INFO  HollyContact5_Demo.Loger [(null)] - [@@@厂家消息通知@@@]OnMessage ：厂家状态（CurStatus：0；CurStatusName：准备就绪状态；）厂家消息（服务器已上线:UserName=ASUser,UserGOR=720897）程序状态（PS01_就绪）
2016-03-17 11:39:37,581 [1] INFO  HollyContact5_Demo.Loger [(null)] - [@@@厂家消息通知@@@]OnMessage ：厂家状态（CurStatus：0；CurStatusName：准备就绪状态；）厂家消息（服务器已上线:UserName=EDSUser,UserGOR=131073）程序状态（PS01_就绪）
2016-03-17 11:39:37,591 [1] INFO  HollyContact5_Demo.Loger [(null)] - [@@@厂家消息通知@@@]OnMessage ：厂家状态（CurStatus：0；CurStatusName：准备就绪状态；）厂家消息（服务器已上线:UserName=StatEvent,UserGOR=327681）程序状态（PS01_就绪）
2016-03-17 11:39:37,614 [1] INFO  HollyContact5_Demo.Loger [(null)] - [@@@厂家消息通知@@@]OnMessage ：厂家状态（CurStatus：0；CurStatusName：准备就绪状态；）厂家消息（服务器已上线:UserName=StatUser,UserGOR=327682）程序状态（PS01_就绪）
2016-03-17 11:39:38,374 [1] INFO  HollyContact5_Demo.Loger [(null)] - [HollyContactHelper]用户操作==添加技能组->1096 1
2016-03-17 11:39:38,843 [1] INFO  HollyContact5_Demo.Loger [(null)] - [HollyContactHelper]用户操作==签入->True
2016-03-17 11:39:39,056 [1] INFO  HollyContact5_Demo.Loger [(null)] - [@@@厂家消息通知@@@]OnMessage ：厂家状态（CurStatus：0；CurStatusName：准备就绪状态；）厂家消息（座席签入成功）程序状态（PS01_就绪）
2016-03-17 11:39:39,086 [1] INFO  HollyContact5_Demo.Loger [(null)] - [@@@厂家消息通知@@@]OnMessage ：厂家状态（CurStatus：2；CurStatusName：置忙；）厂家消息（状态改变：准备就绪状态-->置忙）程序状态（PS04_置忙）
2016-03-17 11:39:39,095 [1] INFO  HollyContact5_Demo.Loger [(null)] - [>>>厂家状态变化<<<]OnStatusChange ：PS01_就绪（0） -> PS04_置忙（2）
2016-03-17 11:39:39,108 [1] INFO  HollyContact5_Demo.Loger [(null)] - [@@@厂家消息通知@@@]OnMessage ：厂家状态（CurStatus：2；CurStatusName：置忙；）厂家消息（签入成功。）程序状态（PS04_置忙）
2016-03-17 11:39:39,556 [1] INFO  HollyContact5_Demo.Loger [(null)] - [HollyContactHelper]用户操作==置闲->True
2016-03-17 11:39:39,769 [1] INFO  HollyContact5_Demo.Loger [(null)] - [@@@厂家消息通知@@@]OnMessage ：厂家状态（CurStatus：1；CurStatusName：空闲；）厂家消息（状态改变：置忙-->空闲）程序状态（PS03_置闲）
2016-03-17 11:39:39,779 [1] INFO  HollyContact5_Demo.Loger [(null)] - [>>>厂家状态变化<<<]OnStatusChange ：PS04_置忙（2） -> PS03_置闲（1）
2016-03-17 11:39:39,790 [1] INFO  HollyContact5_Demo.Loger [(null)] - [@@@厂家消息通知@@@]OnMessage ：厂家状态（CurStatus：1；CurStatusName：空闲；）厂家消息（示闲成功。）程序状态（PS03_置闲）
2016-03-17 11:40:00,554 [1] INFO  HollyContact5_Demo.Loger [(null)] - [@@@厂家消息通知@@@]OnMessage ：厂家状态（CurStatus：1；CurStatusName：空闲；）厂家消息（座席被锁定）程序状态（PS03_置闲）
2016-03-17 11:40:06,953 [1] INFO  HollyContact5_Demo.Loger [(null)] - [@@@厂家消息通知@@@]OnMessage ：厂家状态（CurStatus：3；CurStatusName：震铃；）厂家消息（状态改变：空闲-->震铃）程序状态（PS07_来电震铃）
2016-03-17 11:40:06,959 [1] INFO  HollyContact5_Demo.Loger [(null)] - [>>>厂家状态变化<<<]OnStatusChange ：PS03_置闲（1） -> PS07_来电震铃（3）
2016-03-17 11:40:06,981 [1] INFO  HollyContact5_Demo.Loger [(null)] - [@@@厂家消息通知@@@]OnMessage ：厂家状态（CurStatus：3；CurStatusName：震铃；）厂家消息（来电振铃。）程序状态（PS07_来电震铃）
2016-03-17 11:40:06,988 [1] INFO  HollyContact5_Demo.Loger [(null)] - [@@@厂家消息通知@@@]OnMessage ：厂家状态（CurStatus：3；CurStatusName：震铃；）厂家消息（座席话务处理）程序状态（PS07_来电震铃）
2016-03-17 11:40:07,001 [1] INFO  HollyContact5_Demo.Loger [(null)] - [@@@厂家消息通知@@@]OnMessage ：厂家状态（CurStatus：5；CurStatusName：两方通话；）厂家消息（状态改变：震铃-->两方通话）程序状态（PS08_普通通话）
2016-03-17 11:40:07,013 [1] INFO  HollyContact5_Demo.Loger [(null)] - [>>>厂家状态变化<<<]OnStatusChange ：PS07_来电震铃（3） -> PS08_普通通话（5）
2016-03-17 11:40:07,033 [1] INFO  HollyContact5_Demo.Loger [(null)] - [@@@厂家消息通知@@@]OnMessage ：厂家状态（CurStatus：5；CurStatusName：两方通话；）厂家消息（应答成功。）程序状态（PS08_普通通话）
2016-03-17 11:40:07,044 [1] INFO  HollyContact5_Demo.Loger [(null)] - [@@@厂家消息通知@@@]OnMessage ：厂家状态（CurStatus：5；CurStatusName：两方通话；）厂家消息（录音开始：ContactID=20160317113947371_1_246_UIP5,ANI=68210111,DNIS=87237722,ResonCode=77,ResonDesc=_??? (77)）程序状态（PS08_普通通话）
2016-03-17 11:40:10,024 [1] INFO  HollyContact5_Demo.Loger [(null)] - [HollyContactHelper]用户操作==挂机->True
2016-03-17 11:40:10,062 [1] INFO  HollyContact5_Demo.Loger [(null)] - [@@@厂家消息通知@@@]OnMessage ：厂家状态（CurStatus：5；CurStatusName：两方通话；）厂家消息（录音停止：ContactID=20160317113947371_1_246_UIP5,ANI=68210111,DNIS=87237722,FileName=/var/spool/hollyRecord/2016/03/35196/35196_20160317114007198.mp3,TimeLen=3117,ResonCode=78,ResonDesc=_??? (78)）程序状态（PS08_普通通话）
2016-03-17 11:40:10,085 [1] INFO  HollyContact5_Demo.Loger [(null)] - [@@@厂家消息通知@@@]OnMessage ：厂家状态（CurStatus：5；CurStatusName：两方通话；）厂家消息（话路被挂断：ContactID=20160317113947371_1_246_UIP5,CurrStatus=21,LastStatus=28,OtherParty=151182,ResonCode=16,ResonDesc=ActTpDisconnected）程序状态（PS08_普通通话）
2016-03-17 11:40:10,102 [1] INFO  HollyContact5_Demo.Loger [(null)] - [@@@厂家消息通知@@@]OnMessage ：厂家状态（CurStatus：5；CurStatusName：两方通话；）厂家消息（通话结束。）程序状态（PS08_普通通话）
2016-03-17 11:40:10,135 [1] INFO  HollyContact5_Demo.Loger [(null)] - [@@@厂家消息通知@@@]OnMessage ：厂家状态（CurStatus：15；CurStatusName：工作整理；）厂家消息（状态改变：两方通话-->工作整理）程序状态（PS06_话后）
2016-03-17 11:40:10,146 [1] INFO  HollyContact5_Demo.Loger [(null)] - [>>>厂家状态变化<<<]OnStatusChange ：PS08_普通通话（5） -> PS06_话后（15）
2016-03-17 11:40:10,160 [1] INFO  HollyContact5_Demo.Loger [(null)] - [@@@厂家消息通知@@@]OnMessage ：厂家状态（CurStatus：15；CurStatusName：工作整理；）厂家消息（整理工作开始。）程序状态（PS06_话后）
2016-03-17 11:40:13,842 [1] INFO  HollyContact5_Demo.Loger [(null)] - [@@@厂家消息通知@@@]OnMessage ：厂家状态（CurStatus：2；CurStatusName：置忙；）厂家消息（状态改变：工作整理-->置忙）程序状态（PS04_置忙）
2016-03-17 11:40:13,855 [1] INFO  HollyContact5_Demo.Loger [(null)] - [>>>厂家状态变化<<<]OnStatusChange ：PS06_话后（15） -> PS04_置忙（2）
2016-03-17 11:40:13,866 [1] INFO  HollyContact5_Demo.Loger [(null)] - [@@@厂家消息通知@@@]OnMessage ：厂家状态（CurStatus：2；CurStatusName：置忙；）厂家消息（示忙成功。）程序状态（PS04_置忙）
2016-03-17 11:40:14,228 [1] INFO  HollyContact5_Demo.Loger [(null)] - [HollyContactHelper]用户操作==签出->True
2016-03-17 11:40:14,442 [1] INFO  HollyContact5_Demo.Loger [(null)] - [@@@厂家消息通知@@@]OnMessage ：厂家状态（CurStatus：2；CurStatusName：置忙；）厂家消息（签出成功。）程序状态（PS04_置忙）
2016-03-17 11:40:14,469 [1] INFO  HollyContact5_Demo.Loger [(null)] - [@@@厂家消息通知@@@]OnMessage ：厂家状态（CurStatus：14；CurStatusName：签出；）厂家消息（状态改变：置忙-->签出）程序状态（PS02_签出）
2016-03-17 11:40:14,483 [1] INFO  HollyContact5_Demo.Loger [(null)] - [>>>厂家状态变化<<<]OnStatusChange ：PS04_置忙（2） -> PS02_签出（14）
2016-03-17 11:40:16,577 [1] INFO  HollyContact5_Demo.Loger [(null)] - [HollyContactHelper]用户操作==卸载->True
2016-03-17 11:40:24,403 [1] INFO  HollyContact5_Demo.Loger [(null)] - [HollyContactHelper]用户操作==装载及初始化->True
2016-03-17 11:40:24,428 [1] INFO  HollyContact5_Demo.Loger [(null)] - [@@@厂家消息通知@@@]OnMessage ：厂家状态（CurStatus：0；CurStatusName：准备就绪状态；）厂家消息（服务器已上线:UserName=AgentUser,UserGOR=37617665）程序状态（PS01_就绪）
2016-03-17 11:40:24,442 [1] INFO  HollyContact5_Demo.Loger [(null)] - [@@@厂家消息通知@@@]OnMessage ：厂家状态（CurStatus：0；CurStatusName：准备就绪状态；）厂家消息（服务器已上线:UserName=LSUser,UserGOR=65537）程序状态（PS01_就绪）
2016-03-17 11:40:24,458 [1] INFO  HollyContact5_Demo.Loger [(null)] - [@@@厂家消息通知@@@]OnMessage ：厂家状态（CurStatus：0；CurStatusName：准备就绪状态；）厂家消息（服务器已上线:UserName=EDSUser,UserGOR=131073）程序状态（PS01_就绪）
2016-03-17 11:40:24,483 [1] INFO  HollyContact5_Demo.Loger [(null)] - [@@@厂家消息通知@@@]OnMessage ：厂家状态（CurStatus：0；CurStatusName：准备就绪状态；）厂家消息（服务器已上线:UserName=ASUser,UserGOR=720897）程序状态（PS01_就绪）
2016-03-17 11:40:24,499 [1] INFO  HollyContact5_Demo.Loger [(null)] - [@@@厂家消息通知@@@]OnMessage ：厂家状态（CurStatus：0；CurStatusName：准备就绪状态；）厂家消息（服务器已上线:UserName=StatEvent,UserGOR=327681）程序状态（PS01_就绪）
2016-03-17 11:40:24,534 [1] INFO  HollyContact5_Demo.Loger [(null)] - [@@@厂家消息通知@@@]OnMessage ：厂家状态（CurStatus：0；CurStatusName：准备就绪状态；）厂家消息（服务器已上线:UserName=StatUser,UserGOR=327682）程序状态（PS01_就绪）
2016-03-17 11:40:24,435 [1] INFO  HollyContact5_Demo.Loger [(null)] - [HollyContactHelper]用户操作==添加技能组->1096 1
2016-03-17 11:40:24,934 [1] INFO  HollyContact5_Demo.Loger [(null)] - [HollyContactHelper]用户操作==签入->True
2016-03-17 11:40:25,154 [1] INFO  HollyContact5_Demo.Loger [(null)] - [@@@厂家消息通知@@@]OnMessage ：厂家状态（CurStatus：0；CurStatusName：准备就绪状态；）厂家消息（座席签入成功）程序状态（PS01_就绪）
2016-03-17 11:40:25,190 [1] INFO  HollyContact5_Demo.Loger [(null)] - [@@@厂家消息通知@@@]OnMessage ：厂家状态（CurStatus：2；CurStatusName：置忙；）厂家消息（状态改变：准备就绪状态-->置忙）程序状态（PS04_置忙）
2016-03-17 11:40:25,204 [1] INFO  HollyContact5_Demo.Loger [(null)] - [>>>厂家状态变化<<<]OnStatusChange ：PS01_就绪（0） -> PS04_置忙（2）
2016-03-17 11:40:25,219 [1] INFO  HollyContact5_Demo.Loger [(null)] - [@@@厂家消息通知@@@]OnMessage ：厂家状态（CurStatus：2；CurStatusName：置忙；）厂家消息（签入成功。）程序状态（PS04_置忙）
2016-03-17 11:40:25,673 [1] INFO  HollyContact5_Demo.Loger [(null)] - [HollyContactHelper]用户操作==置闲->True
2016-03-17 11:40:25,887 [1] INFO  HollyContact5_Demo.Loger [(null)] - [@@@厂家消息通知@@@]OnMessage ：厂家状态（CurStatus：1；CurStatusName：空闲；）厂家消息（状态改变：置忙-->空闲）程序状态（PS03_置闲）
2016-03-17 11:40:25,904 [1] INFO  HollyContact5_Demo.Loger [(null)] - [>>>厂家状态变化<<<]OnStatusChange ：PS04_置忙（2） -> PS03_置闲（1）
2016-03-17 11:40:25,920 [1] INFO  HollyContact5_Demo.Loger [(null)] - [@@@厂家消息通知@@@]OnMessage ：厂家状态（CurStatus：1；CurStatusName：空闲；）厂家消息（示闲成功。）程序状态（PS03_置闲）
2016-03-17 11:40:45,026 [1] INFO  HollyContact5_Demo.Loger [(null)] - [@@@厂家消息通知@@@]OnMessage ：厂家状态（CurStatus：1；CurStatusName：空闲；）厂家消息（座席被锁定）程序状态（PS03_置闲）
2016-03-17 11:40:49,429 [1] INFO  HollyContact5_Demo.Loger [(null)] - [@@@厂家消息通知@@@]OnMessage ：厂家状态（CurStatus：1；CurStatusName：空闲；）厂家消息（话路被挂断：ContactID=20160317114036666_1_248_UIP5,CurrStatus=21,LastStatus=0,OtherParty=,ResonCode=0,ResonDesc=ActNULL）程序状态（PS03_置闲）
2016-03-17 11:41:01,038 [1] INFO  HollyContact5_Demo.Loger [(null)] - [HollyContactHelper]用户操作==签出->True
2016-03-17 11:41:01,315 [1] INFO  HollyContact5_Demo.Loger [(null)] - [@@@厂家消息通知@@@]OnMessage ：厂家状态（CurStatus：1；CurStatusName：空闲；）厂家消息（签出成功。）程序状态（PS03_置闲）
2016-03-17 11:41:01,331 [1] INFO  HollyContact5_Demo.Loger [(null)] - [@@@厂家消息通知@@@]OnMessage ：厂家状态（CurStatus：14；CurStatusName：签出；）厂家消息（状态改变：空闲-->签出）程序状态（PS02_签出）
2016-03-17 11:41:01,341 [1] INFO  HollyContact5_Demo.Loger [(null)] - [>>>厂家状态变化<<<]OnStatusChange ：PS03_置闲（1） -> PS02_签出（14）
2016-03-17 11:41:02,219 [1] INFO  HollyContact5_Demo.Loger [(null)] - [HollyContactHelper]用户操作==卸载->True
2016-03-17 11:41:02,885 [1] INFO  HollyContact5_Demo.Loger [(null)] - [HollyContactHelper]用户操作==装载及初始化->True
2016-03-17 11:41:02,898 [1] INFO  HollyContact5_Demo.Loger [(null)] - [@@@厂家消息通知@@@]OnMessage ：厂家状态（CurStatus：0；CurStatusName：准备就绪状态；）厂家消息（服务器已上线:UserName=AgentUser,UserGOR=37683201）程序状态（PS01_就绪）
2016-03-17 11:41:02,907 [1] INFO  HollyContact5_Demo.Loger [(null)] - [@@@厂家消息通知@@@]OnMessage ：厂家状态（CurStatus：0；CurStatusName：准备就绪状态；）厂家消息（服务器已上线:UserName=LSUser,UserGOR=65537）程序状态（PS01_就绪）
2016-03-17 11:41:02,921 [1] INFO  HollyContact5_Demo.Loger [(null)] - [@@@厂家消息通知@@@]OnMessage ：厂家状态（CurStatus：0；CurStatusName：准备就绪状态；）厂家消息（服务器已上线:UserName=ASUser,UserGOR=720897）程序状态（PS01_就绪）
2016-03-17 11:41:02,934 [1] INFO  HollyContact5_Demo.Loger [(null)] - [@@@厂家消息通知@@@]OnMessage ：厂家状态（CurStatus：0；CurStatusName：准备就绪状态；）厂家消息（服务器已上线:UserName=EDSUser,UserGOR=131073）程序状态（PS01_就绪）
2016-03-17 11:41:02,948 [1] INFO  HollyContact5_Demo.Loger [(null)] - [@@@厂家消息通知@@@]OnMessage ：厂家状态（CurStatus：0；CurStatusName：准备就绪状态；）厂家消息（服务器已上线:UserName=StatEvent,UserGOR=327681）程序状态（PS01_就绪）
2016-03-17 11:41:02,967 [1] INFO  HollyContact5_Demo.Loger [(null)] - [@@@厂家消息通知@@@]OnMessage ：厂家状态（CurStatus：0；CurStatusName：准备就绪状态；）厂家消息（服务器已上线:UserName=StatUser,UserGOR=327682）程序状态（PS01_就绪）
2016-03-17 11:41:03,384 [1] INFO  HollyContact5_Demo.Loger [(null)] - [HollyContactHelper]用户操作==添加技能组->1096 1
2016-03-17 11:41:04,082 [1] INFO  HollyContact5_Demo.Loger [(null)] - [HollyContactHelper]用户操作==签入->True
2016-03-17 11:41:04,294 [1] INFO  HollyContact5_Demo.Loger [(null)] - [@@@厂家消息通知@@@]OnMessage ：厂家状态（CurStatus：0；CurStatusName：准备就绪状态；）厂家消息（座席签入成功）程序状态（PS01_就绪）
2016-03-17 11:41:04,323 [1] INFO  HollyContact5_Demo.Loger [(null)] - [@@@厂家消息通知@@@]OnMessage ：厂家状态（CurStatus：2；CurStatusName：置忙；）厂家消息（状态改变：准备就绪状态-->置忙）程序状态（PS04_置忙）
2016-03-17 11:41:04,332 [1] INFO  HollyContact5_Demo.Loger [(null)] - [>>>厂家状态变化<<<]OnStatusChange ：PS01_就绪（0） -> PS04_置忙（2）
2016-03-17 11:41:04,342 [1] INFO  HollyContact5_Demo.Loger [(null)] - [@@@厂家消息通知@@@]OnMessage ：厂家状态（CurStatus：2；CurStatusName：置忙；）厂家消息（签入成功。）程序状态（PS04_置忙）
2016-03-17 11:41:07,757 [1] INFO  HollyContact5_Demo.Loger [(null)] - [HollyContactHelper]用户操作==置闲->True
2016-03-17 11:41:07,975 [1] INFO  HollyContact5_Demo.Loger [(null)] - [@@@厂家消息通知@@@]OnMessage ：厂家状态（CurStatus：1；CurStatusName：空闲；）厂家消息（状态改变：置忙-->空闲）程序状态（PS03_置闲）
2016-03-17 11:41:07,984 [1] INFO  HollyContact5_Demo.Loger [(null)] - [>>>厂家状态变化<<<]OnStatusChange ：PS04_置忙（2） -> PS03_置闲（1）
2016-03-17 11:41:07,996 [1] INFO  HollyContact5_Demo.Loger [(null)] - [@@@厂家消息通知@@@]OnMessage ：厂家状态（CurStatus：1；CurStatusName：空闲；）厂家消息（示闲成功。）程序状态（PS03_置闲）
2016-03-17 11:41:17,267 [1] INFO  HollyContact5_Demo.Loger [(null)] - [^^^厂家错误通知^^^]OnError ：CTIErrorCode:0   ErrorCode:5  ErrorDesc:当前状态不允许该操作,必须是置忙、整理等状态。
2016-03-17 11:41:17,268 [1] INFO  HollyContact5_Demo.Loger [(null)] - [HollyContactHelper]用户操作==置闲->False
2016-03-17 11:41:29,059 [1] INFO  HollyContact5_Demo.Loger [(null)] - [@@@厂家消息通知@@@]OnMessage ：厂家状态（CurStatus：1；CurStatusName：空闲；）厂家消息（座席被锁定）程序状态（PS03_置闲）
2016-03-17 11:41:33,960 [1] INFO  HollyContact5_Demo.Loger [(null)] - [@@@厂家消息通知@@@]OnMessage ：厂家状态（CurStatus：1；CurStatusName：空闲；）厂家消息（话路被挂断：ContactID=20160317114121043_1_249_UIP5,CurrStatus=21,LastStatus=0,OtherParty=,ResonCode=0,ResonDesc=ActNULL）程序状态（PS03_置闲）
2016-03-17 11:42:11,282 [1] INFO  HollyContact5_Demo.Loger [(null)] - [HollyContactHelper]用户操作==签出->True
2016-03-17 11:42:11,494 [1] INFO  HollyContact5_Demo.Loger [(null)] - [@@@厂家消息通知@@@]OnMessage ：厂家状态（CurStatus：1；CurStatusName：空闲；）厂家消息（签出成功。）程序状态（PS03_置闲）
2016-03-17 11:42:11,501 [1] INFO  HollyContact5_Demo.Loger [(null)] - [@@@厂家消息通知@@@]OnMessage ：厂家状态（CurStatus：14；CurStatusName：签出；）厂家消息（状态改变：空闲-->签出）程序状态（PS02_签出）
2016-03-17 11:42:11,506 [1] INFO  HollyContact5_Demo.Loger [(null)] - [>>>厂家状态变化<<<]OnStatusChange ：PS03_置闲（1） -> PS02_签出（14）
2016-03-17 11:42:12,158 [1] INFO  HollyContact5_Demo.Loger [(null)] - [HollyContactHelper]用户操作==卸载->True
2016-03-17 11:42:16,551 [1] INFO  HollyContact5_Demo.Loger [(null)] - [HollyContactHelper]用户操作==装载及初始化->True
2016-03-17 11:42:16,569 [1] INFO  HollyContact5_Demo.Loger [(null)] - [@@@厂家消息通知@@@]OnMessage ：厂家状态（CurStatus：0；CurStatusName：准备就绪状态；）厂家消息（服务器已上线:UserName=AgentUser,UserGOR=37748737）程序状态（PS01_就绪）
2016-03-17 11:42:16,581 [1] INFO  HollyContact5_Demo.Loger [(null)] - [@@@厂家消息通知@@@]OnMessage ：厂家状态（CurStatus：0；CurStatusName：准备就绪状态；）厂家消息（服务器已上线:UserName=LSUser,UserGOR=65537）程序状态（PS01_就绪）
2016-03-17 11:42:16,594 [1] INFO  HollyContact5_Demo.Loger [(null)] - [@@@厂家消息通知@@@]OnMessage ：厂家状态（CurStatus：0；CurStatusName：准备就绪状态；）厂家消息（服务器已上线:UserName=ASUser,UserGOR=720897）程序状态（PS01_就绪）
2016-03-17 11:42:16,604 [1] INFO  HollyContact5_Demo.Loger [(null)] - [@@@厂家消息通知@@@]OnMessage ：厂家状态（CurStatus：0；CurStatusName：准备就绪状态；）厂家消息（服务器已上线:UserName=EDSUser,UserGOR=131073）程序状态（PS01_就绪）
2016-03-17 11:42:16,616 [1] INFO  HollyContact5_Demo.Loger [(null)] - [@@@厂家消息通知@@@]OnMessage ：厂家状态（CurStatus：0；CurStatusName：准备就绪状态；）厂家消息（服务器已上线:UserName=StatEvent,UserGOR=327681）程序状态（PS01_就绪）
2016-03-17 11:42:16,634 [1] INFO  HollyContact5_Demo.Loger [(null)] - [@@@厂家消息通知@@@]OnMessage ：厂家状态（CurStatus：0；CurStatusName：准备就绪状态；）厂家消息（服务器已上线:UserName=StatUser,UserGOR=327682）程序状态（PS01_就绪）
2016-03-17 11:42:17,491 [1] INFO  HollyContact5_Demo.Loger [(null)] - [HollyContactHelper]用户操作==添加技能组->1096 1
2016-03-17 11:42:18,051 [1] INFO  HollyContact5_Demo.Loger [(null)] - [HollyContactHelper]用户操作==签入->True
2016-03-17 11:42:18,259 [1] INFO  HollyContact5_Demo.Loger [(null)] - [@@@厂家消息通知@@@]OnMessage ：厂家状态（CurStatus：0；CurStatusName：准备就绪状态；）厂家消息（座席签入成功）程序状态（PS01_就绪）
2016-03-17 11:42:18,286 [1] INFO  HollyContact5_Demo.Loger [(null)] - [@@@厂家消息通知@@@]OnMessage ：厂家状态（CurStatus：2；CurStatusName：置忙；）厂家消息（状态改变：准备就绪状态-->置忙）程序状态（PS04_置忙）
2016-03-17 11:42:18,296 [1] INFO  HollyContact5_Demo.Loger [(null)] - [>>>厂家状态变化<<<]OnStatusChange ：PS01_就绪（0） -> PS04_置忙（2）
2016-03-17 11:42:18,307 [1] INFO  HollyContact5_Demo.Loger [(null)] - [@@@厂家消息通知@@@]OnMessage ：厂家状态（CurStatus：2；CurStatusName：置忙；）厂家消息（签入成功。）程序状态（PS04_置忙）
2016-03-17 11:42:18,903 [1] INFO  HollyContact5_Demo.Loger [(null)] - [HollyContactHelper]用户操作==置闲->True
2016-03-17 11:42:19,119 [1] INFO  HollyContact5_Demo.Loger [(null)] - [@@@厂家消息通知@@@]OnMessage ：厂家状态（CurStatus：1；CurStatusName：空闲；）厂家消息（状态改变：置忙-->空闲）程序状态（PS03_置闲）
2016-03-17 11:42:19,130 [1] INFO  HollyContact5_Demo.Loger [(null)] - [>>>厂家状态变化<<<]OnStatusChange ：PS04_置忙（2） -> PS03_置闲（1）
2016-03-17 11:42:19,142 [1] INFO  HollyContact5_Demo.Loger [(null)] - [@@@厂家消息通知@@@]OnMessage ：厂家状态（CurStatus：1；CurStatusName：空闲；）厂家消息（示闲成功。）程序状态（PS03_置闲）
2016-03-17 11:42:25,913 [1] INFO  HollyContact5_Demo.Loger [(null)] - [HollyContactHelper]用户操作==签出->True
2016-03-17 11:42:26,131 [1] INFO  HollyContact5_Demo.Loger [(null)] - [@@@厂家消息通知@@@]OnMessage ：厂家状态（CurStatus：1；CurStatusName：空闲；）厂家消息（签出成功。）程序状态（PS03_置闲）
2016-03-17 11:42:26,182 [1] INFO  HollyContact5_Demo.Loger [(null)] - [@@@厂家消息通知@@@]OnMessage ：厂家状态（CurStatus：14；CurStatusName：签出；）厂家消息（状态改变：空闲-->签出）程序状态（PS02_签出）
2016-03-17 11:42:26,196 [1] INFO  HollyContact5_Demo.Loger [(null)] - [>>>厂家状态变化<<<]OnStatusChange ：PS03_置闲（1） -> PS02_签出（14）
2016-03-17 11:42:27,292 [1] INFO  HollyContact5_Demo.Loger [(null)] - [HollyContactHelper]用户操作==卸载->True
2016-03-17 11:42:33,383 [1] INFO  HollyContact5_Demo.Loger [(null)] - [HollyContactHelper]用户操作==装载及初始化->True
2016-03-17 11:42:33,409 [1] INFO  HollyContact5_Demo.Loger [(null)] - [@@@厂家消息通知@@@]OnMessage ：厂家状态（CurStatus：0；CurStatusName：准备就绪状态；）厂家消息（服务器已上线:UserName=AgentUser,UserGOR=37814273）程序状态（PS01_就绪）
2016-03-17 11:42:33,423 [1] INFO  HollyContact5_Demo.Loger [(null)] - [@@@厂家消息通知@@@]OnMessage ：厂家状态（CurStatus：0；CurStatusName：准备就绪状态；）厂家消息（服务器已上线:UserName=LSUser,UserGOR=65537）程序状态（PS01_就绪）
2016-03-17 11:42:33,438 [1] INFO  HollyContact5_Demo.Loger [(null)] - [@@@厂家消息通知@@@]OnMessage ：厂家状态（CurStatus：0；CurStatusName：准备就绪状态；）厂家消息（服务器已上线:UserName=ASUser,UserGOR=720897）程序状态（PS01_就绪）
2016-03-17 11:42:33,450 [1] INFO  HollyContact5_Demo.Loger [(null)] - [@@@厂家消息通知@@@]OnMessage ：厂家状态（CurStatus：0；CurStatusName：准备就绪状态；）厂家消息（服务器已上线:UserName=EDSUser,UserGOR=131073）程序状态（PS01_就绪）
2016-03-17 11:42:33,464 [1] INFO  HollyContact5_Demo.Loger [(null)] - [@@@厂家消息通知@@@]OnMessage ：厂家状态（CurStatus：0；CurStatusName：准备就绪状态；）厂家消息（服务器已上线:UserName=StatEvent,UserGOR=327681）程序状态（PS01_就绪）
2016-03-17 11:42:33,496 [1] INFO  HollyContact5_Demo.Loger [(null)] - [@@@厂家消息通知@@@]OnMessage ：厂家状态（CurStatus：0；CurStatusName：准备就绪状态；）厂家消息（服务器已上线:UserName=StatUser,UserGOR=327682）程序状态（PS01_就绪）
2016-03-17 11:42:34,070 [1] INFO  HollyContact5_Demo.Loger [(null)] - [HollyContactHelper]用户操作==添加技能组->1094 1
2016-03-17 11:42:34,671 [1] INFO  HollyContact5_Demo.Loger [(null)] - [HollyContactHelper]用户操作==签入->True
2016-03-17 11:42:34,884 [1] INFO  HollyContact5_Demo.Loger [(null)] - [@@@厂家消息通知@@@]OnMessage ：厂家状态（CurStatus：0；CurStatusName：准备就绪状态；）厂家消息（座席签入成功）程序状态（PS01_就绪）
2016-03-17 11:42:35,001 [1] INFO  HollyContact5_Demo.Loger [(null)] - [@@@厂家消息通知@@@]OnMessage ：厂家状态（CurStatus：2；CurStatusName：置忙；）厂家消息（状态改变：准备就绪状态-->置忙）程序状态（PS04_置忙）
2016-03-17 11:42:35,013 [1] INFO  HollyContact5_Demo.Loger [(null)] - [>>>厂家状态变化<<<]OnStatusChange ：PS01_就绪（0） -> PS04_置忙（2）
2016-03-17 11:42:35,026 [1] INFO  HollyContact5_Demo.Loger [(null)] - [@@@厂家消息通知@@@]OnMessage ：厂家状态（CurStatus：2；CurStatusName：置忙；）厂家消息（签入成功。）程序状态（PS04_置忙）
2016-03-17 11:42:36,000 [1] INFO  HollyContact5_Demo.Loger [(null)] - [HollyContactHelper]用户操作==置闲->True
2016-03-17 11:42:36,213 [1] INFO  HollyContact5_Demo.Loger [(null)] - [@@@厂家消息通知@@@]OnMessage ：厂家状态（CurStatus：1；CurStatusName：空闲；）厂家消息（状态改变：置忙-->空闲）程序状态（PS03_置闲）
2016-03-17 11:42:36,241 [1] INFO  HollyContact5_Demo.Loger [(null)] - [>>>厂家状态变化<<<]OnStatusChange ：PS04_置忙（2） -> PS03_置闲（1）
2016-03-17 11:42:36,264 [1] INFO  HollyContact5_Demo.Loger [(null)] - [@@@厂家消息通知@@@]OnMessage ：厂家状态（CurStatus：1；CurStatusName：空闲；）厂家消息（示闲成功。）程序状态（PS03_置闲）
2016-03-17 11:42:52,932 [1] INFO  HollyContact5_Demo.Loger [(null)] - [@@@厂家消息通知@@@]OnMessage ：厂家状态（CurStatus：1；CurStatusName：空闲；）厂家消息（座席被锁定）程序状态（PS03_置闲）
2016-03-17 11:42:57,241 [1] INFO  HollyContact5_Demo.Loger [(null)] - [@@@厂家消息通知@@@]OnMessage ：厂家状态（CurStatus：1；CurStatusName：空闲；）厂家消息（话路被挂断：ContactID=20160317114239993_1_252_UIP5,CurrStatus=21,LastStatus=0,OtherParty=,ResonCode=0,ResonDesc=ActNULL）程序状态（PS03_置闲）
2016-03-17 11:43:42,937 [1] INFO  HollyContact5_Demo.Loger [(null)] - [@@@厂家消息通知@@@]OnMessage ：厂家状态（CurStatus：1；CurStatusName：空闲；）厂家消息（座席被锁定）程序状态（PS03_置闲）
2016-03-17 11:43:49,661 [1] INFO  HollyContact5_Demo.Loger [(null)] - [@@@厂家消息通知@@@]OnMessage ：厂家状态（CurStatus：3；CurStatusName：震铃；）厂家消息（状态改变：空闲-->震铃）程序状态（PS07_来电震铃）
2016-03-17 11:43:49,676 [1] INFO  HollyContact5_Demo.Loger [(null)] - [>>>厂家状态变化<<<]OnStatusChange ：PS03_置闲（1） -> PS07_来电震铃（3）
2016-03-17 11:43:49,704 [1] INFO  HollyContact5_Demo.Loger [(null)] - [@@@厂家消息通知@@@]OnMessage ：厂家状态（CurStatus：3；CurStatusName：震铃；）厂家消息（来电振铃。）程序状态（PS07_来电震铃）
2016-03-17 11:43:49,720 [1] INFO  HollyContact5_Demo.Loger [(null)] - [@@@厂家消息通知@@@]OnMessage ：厂家状态（CurStatus：3；CurStatusName：震铃；）厂家消息（座席话务处理）程序状态（PS07_来电震铃）
2016-03-17 11:43:49,737 [1] INFO  HollyContact5_Demo.Loger [(null)] - [@@@厂家消息通知@@@]OnMessage ：厂家状态（CurStatus：5；CurStatusName：两方通话；）厂家消息（状态改变：震铃-->两方通话）程序状态（PS08_普通通话）
2016-03-17 11:43:49,754 [1] INFO  HollyContact5_Demo.Loger [(null)] - [>>>厂家状态变化<<<]OnStatusChange ：PS07_来电震铃（3） -> PS08_普通通话（5）
2016-03-17 11:43:49,789 [1] INFO  HollyContact5_Demo.Loger [(null)] - [@@@厂家消息通知@@@]OnMessage ：厂家状态（CurStatus：5；CurStatusName：两方通话；）厂家消息（应答成功。）程序状态（PS08_普通通话）
2016-03-17 11:43:49,809 [1] INFO  HollyContact5_Demo.Loger [(null)] - [@@@厂家消息通知@@@]OnMessage ：厂家状态（CurStatus：5；CurStatusName：两方通话；）厂家消息（录音开始：ContactID=20160317114333268_1_255_UIP5,ANI=87237756,DNIS=1005,ResonCode=77,ResonDesc=_??? (77)）程序状态（PS08_普通通话）
2016-03-17 11:44:06,852 [1] INFO  HollyContact5_Demo.Loger [(null)] - [@@@厂家消息通知@@@]OnMessage ：厂家状态（CurStatus：5；CurStatusName：两方通话；）厂家消息（录音停止：ContactID=20160317114333268_1_255_UIP5,ANI=87237756,DNIS=1005,FileName=/var/spool/hollyRecord/2016/03/35196/35196_20160317114350529.mp3,TimeLen=17218,ResonCode=78,ResonDesc=_??? (78)）程序状态（PS08_普通通话）
2016-03-17 11:44:07,057 [1] INFO  HollyContact5_Demo.Loger [(null)] - [@@@厂家消息通知@@@]OnMessage ：厂家状态（CurStatus：5；CurStatusName：两方通话；）厂家消息（话路被挂断：ContactID=20160317114333268_1_255_UIP5,CurrStatus=21,LastStatus=28,OtherParty=151190,ResonCode=16,ResonDesc=ActTpDisconnected）程序状态（PS08_普通通话）
2016-03-17 11:44:07,084 [1] INFO  HollyContact5_Demo.Loger [(null)] - [@@@厂家消息通知@@@]OnMessage ：厂家状态（CurStatus：5；CurStatusName：两方通话；）厂家消息（通话结束。）程序状态（PS08_普通通话）
2016-03-17 11:44:07,126 [1] INFO  HollyContact5_Demo.Loger [(null)] - [@@@厂家消息通知@@@]OnMessage ：厂家状态（CurStatus：15；CurStatusName：工作整理；）厂家消息（状态改变：两方通话-->工作整理）程序状态（PS06_话后）
2016-03-17 11:44:07,146 [1] INFO  HollyContact5_Demo.Loger [(null)] - [>>>厂家状态变化<<<]OnStatusChange ：PS08_普通通话（5） -> PS06_话后（15）
2016-03-17 11:44:07,171 [1] INFO  HollyContact5_Demo.Loger [(null)] - [@@@厂家消息通知@@@]OnMessage ：厂家状态（CurStatus：15；CurStatusName：工作整理；）厂家消息（整理工作开始。）程序状态（PS06_话后）
2016-03-17 11:44:16,604 [1] INFO  HollyContact5_Demo.Loger [(null)] - [HollyContactHelper]用户操作==置闲->True
2016-03-17 11:44:16,803 [1] INFO  HollyContact5_Demo.Loger [(null)] - [@@@厂家消息通知@@@]OnMessage ：厂家状态（CurStatus：1；CurStatusName：空闲；）厂家消息（状态改变：工作整理-->空闲）程序状态（PS03_置闲）
2016-03-17 11:44:16,812 [1] INFO  HollyContact5_Demo.Loger [(null)] - [>>>厂家状态变化<<<]OnStatusChange ：PS06_话后（15） -> PS03_置闲（1）
2016-03-17 11:44:16,818 [1] INFO  HollyContact5_Demo.Loger [(null)] - [@@@厂家消息通知@@@]OnMessage ：厂家状态（CurStatus：1；CurStatusName：空闲；）厂家消息（示闲成功。）程序状态（PS03_置闲）
2016-03-17 11:44:41,644 [1] INFO  HollyContact5_Demo.Loger [(null)] - [HollyContactHelper]用户操作==休息（BS0_自动）->True
2016-03-17 11:44:41,853 [1] INFO  HollyContact5_Demo.Loger [(null)] - [@@@厂家消息通知@@@]OnMessage ：厂家状态（CurStatus：16；CurStatusName：休息；）厂家消息（状态改变：空闲-->休息）程序状态（PS05_休息）
2016-03-17 11:44:41,857 [1] INFO  HollyContact5_Demo.Loger [(null)] - [>>>厂家状态变化<<<]OnStatusChange ：PS03_置闲（1） -> PS05_休息（16）
2016-03-17 11:44:41,926 [1] INFO  HollyContact5_Demo.Loger [(null)] - [@@@厂家消息通知@@@]OnMessage ：厂家状态（CurStatus：16；CurStatusName：休息；）厂家消息（休息开始。）程序状态（PS05_休息）
2016-03-17 11:44:43,126 [1] INFO  HollyContact5_Demo.Loger [(null)] - [HollyContactHelper]用户操作==结束休息->True
2016-03-17 11:44:43,333 [1] INFO  HollyContact5_Demo.Loger [(null)] - [@@@厂家消息通知@@@]OnMessage ：厂家状态（CurStatus：1；CurStatusName：空闲；）厂家消息（状态改变：休息-->空闲）程序状态（PS03_置闲）
2016-03-17 11:44:43,339 [1] INFO  HollyContact5_Demo.Loger [(null)] - [>>>厂家状态变化<<<]OnStatusChange ：PS05_休息（16） -> PS03_置闲（1）
2016-03-17 11:44:43,352 [1] INFO  HollyContact5_Demo.Loger [(null)] - [@@@厂家消息通知@@@]OnMessage ：厂家状态（CurStatus：1；CurStatusName：空闲；）厂家消息（休息结束。）程序状态（PS03_置闲）
2016-03-17 11:44:44,347 [1] INFO  HollyContact5_Demo.Loger [(null)] - [@@@厂家消息通知@@@]OnMessage ：厂家状态（CurStatus：2；CurStatusName：置忙；）厂家消息（状态改变：空闲-->置忙）程序状态（PS04_置忙）
2016-03-17 11:44:44,354 [1] INFO  HollyContact5_Demo.Loger [(null)] - [>>>厂家状态变化<<<]OnStatusChange ：PS03_置闲（1） -> PS04_置忙（2）
2016-03-17 11:44:44,366 [1] INFO  HollyContact5_Demo.Loger [(null)] - [@@@厂家消息通知@@@]OnMessage ：厂家状态（CurStatus：2；CurStatusName：置忙；）厂家消息（示忙成功。）程序状态（PS04_置忙）
2016-03-17 11:44:44,909 [1] INFO  HollyContact5_Demo.Loger [(null)] - [HollyContactHelper]用户操作==置闲->True
2016-03-17 11:44:45,126 [1] INFO  HollyContact5_Demo.Loger [(null)] - [@@@厂家消息通知@@@]OnMessage ：厂家状态（CurStatus：1；CurStatusName：空闲；）厂家消息（状态改变：置忙-->空闲）程序状态（PS03_置闲）
2016-03-17 11:44:45,133 [1] INFO  HollyContact5_Demo.Loger [(null)] - [>>>厂家状态变化<<<]OnStatusChange ：PS04_置忙（2） -> PS03_置闲（1）
2016-03-17 11:44:45,145 [1] INFO  HollyContact5_Demo.Loger [(null)] - [@@@厂家消息通知@@@]OnMessage ：厂家状态（CurStatus：1；CurStatusName：空闲；）厂家消息（示闲成功。）程序状态（PS03_置闲）
2016-03-17 11:45:28,931 [1] INFO  HollyContact5_Demo.Loger [(null)] - [@@@厂家消息通知@@@]OnMessage ：厂家状态（CurStatus：1；CurStatusName：空闲；）厂家消息（座席被锁定）程序状态（PS03_置闲）
2016-03-17 11:45:33,853 [1] INFO  HollyContact5_Demo.Loger [(null)] - [@@@厂家消息通知@@@]OnMessage ：厂家状态（CurStatus：1；CurStatusName：空闲；）厂家消息（话路被挂断：ContactID=20160317114520978_1_258_UIP5,CurrStatus=21,LastStatus=0,OtherParty=,ResonCode=0,ResonDesc=ActNULL）程序状态（PS03_置闲）
2016-03-17 11:45:55,178 [1] INFO  HollyContact5_Demo.Loger [(null)] - [HollyContactHelper]用户操作==休息（BS0_自动）->True
2016-03-17 11:45:55,381 [1] INFO  HollyContact5_Demo.Loger [(null)] - [@@@厂家消息通知@@@]OnMessage ：厂家状态（CurStatus：16；CurStatusName：休息；）厂家消息（状态改变：空闲-->休息）程序状态（PS05_休息）
2016-03-17 11:45:55,390 [1] INFO  HollyContact5_Demo.Loger [(null)] - [>>>厂家状态变化<<<]OnStatusChange ：PS03_置闲（1） -> PS05_休息（16）
2016-03-17 11:45:55,395 [1] INFO  HollyContact5_Demo.Loger [(null)] - [@@@厂家消息通知@@@]OnMessage ：厂家状态（CurStatus：16；CurStatusName：休息；）厂家消息（休息开始。）程序状态（PS05_休息）
2016-03-17 11:45:55,877 [1] INFO  HollyContact5_Demo.Loger [(null)] - [HollyContactHelper]用户操作==结束休息->True
2016-03-17 11:45:56,088 [1] INFO  HollyContact5_Demo.Loger [(null)] - [@@@厂家消息通知@@@]OnMessage ：厂家状态（CurStatus：1；CurStatusName：空闲；）厂家消息（状态改变：休息-->空闲）程序状态（PS03_置闲）
2016-03-17 11:45:56,094 [1] INFO  HollyContact5_Demo.Loger [(null)] - [>>>厂家状态变化<<<]OnStatusChange ：PS05_休息（16） -> PS03_置闲（1）
2016-03-17 11:45:56,101 [1] INFO  HollyContact5_Demo.Loger [(null)] - [@@@厂家消息通知@@@]OnMessage ：厂家状态（CurStatus：1；CurStatusName：空闲；）厂家消息（休息结束。）程序状态（PS03_置闲）
2016-03-17 11:45:56,674 [1] INFO  HollyContact5_Demo.Loger [(null)] - [@@@厂家消息通知@@@]OnMessage ：厂家状态（CurStatus：2；CurStatusName：置忙；）厂家消息（状态改变：空闲-->置忙）程序状态（PS04_置忙）
2016-03-17 11:45:56,683 [1] INFO  HollyContact5_Demo.Loger [(null)] - [>>>厂家状态变化<<<]OnStatusChange ：PS03_置闲（1） -> PS04_置忙（2）
2016-03-17 11:45:56,692 [1] INFO  HollyContact5_Demo.Loger [(null)] - [@@@厂家消息通知@@@]OnMessage ：厂家状态（CurStatus：2；CurStatusName：置忙；）厂家消息（示忙成功。）程序状态（PS04_置忙）
2016-03-17 11:45:57,100 [1] INFO  HollyContact5_Demo.Loger [(null)] - [HollyContactHelper]用户操作==置闲->True
2016-03-17 11:45:57,304 [1] INFO  HollyContact5_Demo.Loger [(null)] - [@@@厂家消息通知@@@]OnMessage ：厂家状态（CurStatus：1；CurStatusName：空闲；）厂家消息（状态改变：置忙-->空闲）程序状态（PS03_置闲）
2016-03-17 11:45:57,314 [1] INFO  HollyContact5_Demo.Loger [(null)] - [>>>厂家状态变化<<<]OnStatusChange ：PS04_置忙（2） -> PS03_置闲（1）
2016-03-17 11:45:57,322 [1] INFO  HollyContact5_Demo.Loger [(null)] - [@@@厂家消息通知@@@]OnMessage ：厂家状态（CurStatus：1；CurStatusName：空闲；）厂家消息（示闲成功。）程序状态（PS03_置闲）
2016-03-17 11:47:43,932 [1] INFO  HollyContact5_Demo.Loger [(null)] - [@@@厂家消息通知@@@]OnMessage ：厂家状态（CurStatus：1；CurStatusName：空闲；）厂家消息（座席被锁定）程序状态（PS03_置闲）
2016-03-17 11:47:48,462 [1] INFO  HollyContact5_Demo.Loger [(null)] - [@@@厂家消息通知@@@]OnMessage ：厂家状态（CurStatus：1；CurStatusName：空闲；）厂家消息（话路被挂断：ContactID=20160317114728362_1_261_UIP5,CurrStatus=21,LastStatus=0,OtherParty=,ResonCode=0,ResonDesc=ActNULL）程序状态（PS03_置闲）
2016-03-17 11:59:10,492 [1] INFO  HollyContact5_Demo.Loger [(null)] - [HollyContactHelper]用户操作==签出->True
2016-03-17 11:59:10,704 [1] INFO  HollyContact5_Demo.Loger [(null)] - [@@@厂家消息通知@@@]OnMessage ：厂家状态（CurStatus：1；CurStatusName：空闲；）厂家消息（签出成功。）程序状态（PS03_置闲）
2016-03-17 11:59:10,720 [1] INFO  HollyContact5_Demo.Loger [(null)] - [@@@厂家消息通知@@@]OnMessage ：厂家状态（CurStatus：14；CurStatusName：签出；）厂家消息（状态改变：空闲-->签出）程序状态（PS02_签出）
2016-03-17 11:59:10,732 [1] INFO  HollyContact5_Demo.Loger [(null)] - [>>>厂家状态变化<<<]OnStatusChange ：PS03_置闲（1） -> PS02_签出（14）
2016-03-17 11:59:11,506 [1] INFO  HollyContact5_Demo.Loger [(null)] - [HollyContactHelper]用户操作==卸载->True
2016-03-17 16:51:01,703 [1] INFO  HollyContact5_Demo.Loger [(null)] - [HollyContactHelper]用户操作==装载及初始化->True
2016-03-17 16:51:01,798 [1] INFO  HollyContact5_Demo.Loger [(null)] - [@@@厂家消息通知@@@]OnMessage ：厂家状态（CurStatus：0；CurStatusName：准备就绪状态；）厂家消息（服务器已上线:UserName=AgentUser,UserGOR=37879809）程序状态（PS01_就绪）
2016-03-17 16:51:01,813 [1] INFO  HollyContact5_Demo.Loger [(null)] - [@@@厂家消息通知@@@]OnMessage ：厂家状态（CurStatus：0；CurStatusName：准备就绪状态；）厂家消息（服务器已上线:UserName=ASUser,UserGOR=720897）程序状态（PS01_就绪）
2016-03-17 16:51:01,824 [1] INFO  HollyContact5_Demo.Loger [(null)] - [@@@厂家消息通知@@@]OnMessage ：厂家状态（CurStatus：0；CurStatusName：准备就绪状态；）厂家消息（服务器已上线:UserName=EDSUser,UserGOR=131073）程序状态（PS01_就绪）
2016-03-17 16:51:01,832 [1] INFO  HollyContact5_Demo.Loger [(null)] - [@@@厂家消息通知@@@]OnMessage ：厂家状态（CurStatus：0；CurStatusName：准备就绪状态；）厂家消息（服务器已上线:UserName=StatEvent,UserGOR=327681）程序状态（PS01_就绪）
2016-03-17 16:51:01,844 [1] INFO  HollyContact5_Demo.Loger [(null)] - [@@@厂家消息通知@@@]OnMessage ：厂家状态（CurStatus：0；CurStatusName：准备就绪状态；）厂家消息（服务器已上线:UserName=StatUser,UserGOR=327682）程序状态（PS01_就绪）
2016-03-17 16:51:01,863 [1] INFO  HollyContact5_Demo.Loger [(null)] - [@@@厂家消息通知@@@]OnMessage ：厂家状态（CurStatus：0；CurStatusName：准备就绪状态；）厂家消息（服务器已上线:UserName=LSUser,UserGOR=65537）程序状态（PS01_就绪）
2016-03-17 16:51:02,371 [1] INFO  HollyContact5_Demo.Loger [(null)] - [HollyContactHelper]用户操作==添加技能组->1096 1
2016-03-17 16:51:03,074 [1] INFO  HollyContact5_Demo.Loger [(null)] - [HollyContactHelper]用户操作==签入->True
2016-03-17 16:51:03,283 [1] INFO  HollyContact5_Demo.Loger [(null)] - [@@@厂家消息通知@@@]OnMessage ：厂家状态（CurStatus：0；CurStatusName：准备就绪状态；）厂家消息（座席签入成功）程序状态（PS01_就绪）
2016-03-17 16:51:03,309 [1] INFO  HollyContact5_Demo.Loger [(null)] - [@@@厂家消息通知@@@]OnMessage ：厂家状态（CurStatus：2；CurStatusName：置忙；）厂家消息（状态改变：准备就绪状态-->置忙）程序状态（PS04_置忙）
2016-03-17 16:51:03,323 [1] INFO  HollyContact5_Demo.Loger [(null)] - [>>>厂家状态变化<<<]OnStatusChange ：PS01_就绪（0） -> PS04_置忙（2）
2016-03-17 16:51:03,335 [1] INFO  HollyContact5_Demo.Loger [(null)] - [@@@厂家消息通知@@@]OnMessage ：厂家状态（CurStatus：2；CurStatusName：置忙；）厂家消息（签入成功。）程序状态（PS04_置忙）
2016-03-17 16:51:03,687 [1] INFO  HollyContact5_Demo.Loger [(null)] - [HollyContactHelper]用户操作==置闲->True
2016-03-17 16:51:03,902 [1] INFO  HollyContact5_Demo.Loger [(null)] - [@@@厂家消息通知@@@]OnMessage ：厂家状态（CurStatus：1；CurStatusName：空闲；）厂家消息（状态改变：置忙-->空闲）程序状态（PS03_置闲）
2016-03-17 16:51:03,912 [1] INFO  HollyContact5_Demo.Loger [(null)] - [>>>厂家状态变化<<<]OnStatusChange ：PS04_置忙（2） -> PS03_置闲（1）
2016-03-17 16:51:03,924 [1] INFO  HollyContact5_Demo.Loger [(null)] - [@@@厂家消息通知@@@]OnMessage ：厂家状态（CurStatus：1；CurStatusName：空闲；）厂家消息（示闲成功。）程序状态（PS03_置闲）
2016-03-17 16:51:36,641 [1] INFO  HollyContact5_Demo.Loger [(null)] - [@@@厂家消息通知@@@]OnMessage ：厂家状态（CurStatus：1；CurStatusName：空闲；）厂家消息（座席被锁定）程序状态（PS03_置闲）
2016-03-17 16:51:42,922 [1] INFO  HollyContact5_Demo.Loger [(null)] - [@@@厂家消息通知@@@]OnMessage ：厂家状态（CurStatus：3；CurStatusName：震铃；）厂家消息（状态改变：空闲-->震铃）程序状态（PS07_来电震铃）
2016-03-17 16:51:42,931 [1] INFO  HollyContact5_Demo.Loger [(null)] - [>>>厂家状态变化<<<]OnStatusChange ：PS03_置闲（1） -> PS07_来电震铃（3）
2016-03-17 16:51:42,949 [1] INFO  HollyContact5_Demo.Loger [(null)] - [@@@厂家消息通知@@@]OnMessage ：厂家状态（CurStatus：3；CurStatusName：震铃；）厂家消息（来电振铃。）程序状态（PS07_来电震铃）
2016-03-17 16:51:42,962 [1] INFO  HollyContact5_Demo.Loger [(null)] - [@@@厂家消息通知@@@]OnMessage ：厂家状态（CurStatus：3；CurStatusName：震铃；）厂家消息（座席话务处理）程序状态（PS07_来电震铃）
2016-03-17 16:51:42,976 [1] INFO  HollyContact5_Demo.Loger [(null)] - [@@@厂家消息通知@@@]OnMessage ：厂家状态（CurStatus：5；CurStatusName：两方通话；）厂家消息（状态改变：震铃-->两方通话）程序状态（PS08_普通通话）
2016-03-17 16:51:42,983 [1] INFO  HollyContact5_Demo.Loger [(null)] - [>>>厂家状态变化<<<]OnStatusChange ：PS07_来电震铃（3） -> PS08_普通通话（5）
2016-03-17 16:51:43,004 [1] INFO  HollyContact5_Demo.Loger [(null)] - [@@@厂家消息通知@@@]OnMessage ：厂家状态（CurStatus：5；CurStatusName：两方通话；）厂家消息（应答成功。）程序状态（PS08_普通通话）
2016-03-17 16:51:43,013 [1] INFO  HollyContact5_Demo.Loger [(null)] - [@@@厂家消息通知@@@]OnMessage ：厂家状态（CurStatus：5；CurStatusName：两方通话；）厂家消息（录音开始：ContactID=20160317165127950_1_598_UIP5,ANI=68210111,DNIS=1005,ResonCode=77,ResonDesc=_??? (77)）程序状态（PS08_普通通话）
2016-03-17 16:51:47,559 [1] INFO  HollyContact5_Demo.Loger [(null)] - [HollyContactHelper]用户操作==挂机->True
2016-03-17 16:51:47,628 [1] INFO  HollyContact5_Demo.Loger [(null)] - [@@@厂家消息通知@@@]OnMessage ：厂家状态（CurStatus：5；CurStatusName：两方通话；）厂家消息（录音停止：ContactID=20160317165127950_1_598_UIP5,ANI=68210111,DNIS=1005,FileName=/var/spool/hollyRecord/2016/03/35196/35196_20160317165143084.mp3,TimeLen=4681,ResonCode=78,ResonDesc=_??? (78)）程序状态（PS08_普通通话）
2016-03-17 16:51:47,642 [1] INFO  HollyContact5_Demo.Loger [(null)] - [@@@厂家消息通知@@@]OnMessage ：厂家状态（CurStatus：5；CurStatusName：两方通话；）厂家消息（话路被挂断：ContactID=20160317165127950_1_598_UIP5,CurrStatus=21,LastStatus=28,OtherParty=151232,ResonCode=16,ResonDesc=ActTpDisconnected）程序状态（PS08_普通通话）
2016-03-17 16:51:47,676 [1] INFO  HollyContact5_Demo.Loger [(null)] - [@@@厂家消息通知@@@]OnMessage ：厂家状态（CurStatus：5；CurStatusName：两方通话；）厂家消息（通话结束。）程序状态（PS08_普通通话）
2016-03-17 16:51:47,705 [1] INFO  HollyContact5_Demo.Loger [(null)] - [@@@厂家消息通知@@@]OnMessage ：厂家状态（CurStatus：15；CurStatusName：工作整理；）厂家消息（状态改变：两方通话-->工作整理）程序状态（PS06_话后）
2016-03-17 16:51:47,723 [1] INFO  HollyContact5_Demo.Loger [(null)] - [>>>厂家状态变化<<<]OnStatusChange ：PS08_普通通话（5） -> PS06_话后（15）
2016-03-17 16:51:47,736 [1] INFO  HollyContact5_Demo.Loger [(null)] - [@@@厂家消息通知@@@]OnMessage ：厂家状态（CurStatus：15；CurStatusName：工作整理；）厂家消息（整理工作开始。）程序状态（PS06_话后）
2016-03-17 16:51:52,895 [1] INFO  HollyContact5_Demo.Loger [(null)] - [HollyContactHelper]用户操作==签出->True
2016-03-17 16:51:53,115 [1] INFO  HollyContact5_Demo.Loger [(null)] - [@@@厂家消息通知@@@]OnMessage ：厂家状态（CurStatus：15；CurStatusName：工作整理；）厂家消息（签出成功。）程序状态（PS06_话后）
2016-03-17 16:51:53,149 [1] INFO  HollyContact5_Demo.Loger [(null)] - [@@@厂家消息通知@@@]OnMessage ：厂家状态（CurStatus：14；CurStatusName：签出；）厂家消息（状态改变：工作整理-->签出）程序状态（PS02_签出）
2016-03-17 16:51:53,164 [1] INFO  HollyContact5_Demo.Loger [(null)] - [>>>厂家状态变化<<<]OnStatusChange ：PS06_话后（15） -> PS02_签出（14）
2016-03-17 16:51:53,927 [1] INFO  HollyContact5_Demo.Loger [(null)] - [HollyContactHelper]用户操作==卸载->True
2016-03-17 16:51:57,262 [1] INFO  HollyContact5_Demo.Loger [(null)] - [HollyContactHelper]用户操作==装载及初始化->True
2016-03-17 16:51:57,299 [1] INFO  HollyContact5_Demo.Loger [(null)] - [@@@厂家消息通知@@@]OnMessage ：厂家状态（CurStatus：0；CurStatusName：准备就绪状态；）厂家消息（服务器已上线:UserName=AgentUser,UserGOR=37945345）程序状态（PS01_就绪）
2016-03-17 16:51:57,314 [1] INFO  HollyContact5_Demo.Loger [(null)] - [@@@厂家消息通知@@@]OnMessage ：厂家状态（CurStatus：0；CurStatusName：准备就绪状态；）厂家消息（服务器已上线:UserName=LSUser,UserGOR=65537）程序状态（PS01_就绪）
2016-03-17 16:51:57,340 [1] INFO  HollyContact5_Demo.Loger [(null)] - [@@@厂家消息通知@@@]OnMessage ：厂家状态（CurStatus：0；CurStatusName：准备就绪状态；）厂家消息（服务器已上线:UserName=ASUser,UserGOR=720897）程序状态（PS01_就绪）
2016-03-17 16:51:57,363 [1] INFO  HollyContact5_Demo.Loger [(null)] - [@@@厂家消息通知@@@]OnMessage ：厂家状态（CurStatus：0；CurStatusName：准备就绪状态；）厂家消息（服务器已上线:UserName=EDSUser,UserGOR=131073）程序状态（PS01_就绪）
2016-03-17 16:51:57,382 [1] INFO  HollyContact5_Demo.Loger [(null)] - [@@@厂家消息通知@@@]OnMessage ：厂家状态（CurStatus：0；CurStatusName：准备就绪状态；）厂家消息（服务器已上线:UserName=StatEvent,UserGOR=327681）程序状态（PS01_就绪）
2016-03-17 16:51:57,426 [1] INFO  HollyContact5_Demo.Loger [(null)] - [@@@厂家消息通知@@@]OnMessage ：厂家状态（CurStatus：0；CurStatusName：准备就绪状态；）厂家消息（服务器已上线:UserName=StatUser,UserGOR=327682）程序状态（PS01_就绪）
2016-03-17 16:51:57,677 [1] INFO  HollyContact5_Demo.Loger [(null)] - [HollyContactHelper]用户操作==添加技能组->1096 1
2016-03-17 16:51:58,271 [1] INFO  HollyContact5_Demo.Loger [(null)] - [HollyContactHelper]用户操作==签入->True
2016-03-17 16:51:58,488 [1] INFO  HollyContact5_Demo.Loger [(null)] - [@@@厂家消息通知@@@]OnMessage ：厂家状态（CurStatus：0；CurStatusName：准备就绪状态；）厂家消息（座席签入成功）程序状态（PS01_就绪）
2016-03-17 16:51:58,524 [1] INFO  HollyContact5_Demo.Loger [(null)] - [@@@厂家消息通知@@@]OnMessage ：厂家状态（CurStatus：2；CurStatusName：置忙；）厂家消息（状态改变：准备就绪状态-->置忙）程序状态（PS04_置忙）
2016-03-17 16:51:58,539 [1] INFO  HollyContact5_Demo.Loger [(null)] - [>>>厂家状态变化<<<]OnStatusChange ：PS01_就绪（0） -> PS04_置忙（2）
2016-03-17 16:51:58,553 [1] INFO  HollyContact5_Demo.Loger [(null)] - [@@@厂家消息通知@@@]OnMessage ：厂家状态（CurStatus：2；CurStatusName：置忙；）厂家消息（签入成功。）程序状态（PS04_置忙）
2016-03-17 16:52:00,513 [1] INFO  HollyContact5_Demo.Loger [(null)] - [HollyContactHelper]用户操作==置闲->True
2016-03-17 16:52:00,727 [1] INFO  HollyContact5_Demo.Loger [(null)] - [@@@厂家消息通知@@@]OnMessage ：厂家状态（CurStatus：1；CurStatusName：空闲；）厂家消息（状态改变：置忙-->空闲）程序状态（PS03_置闲）
2016-03-17 16:52:00,744 [1] INFO  HollyContact5_Demo.Loger [(null)] - [>>>厂家状态变化<<<]OnStatusChange ：PS04_置忙（2） -> PS03_置闲（1）
2016-03-17 16:52:00,760 [1] INFO  HollyContact5_Demo.Loger [(null)] - [@@@厂家消息通知@@@]OnMessage ：厂家状态（CurStatus：1；CurStatusName：空闲；）厂家消息（示闲成功。）程序状态（PS03_置闲）
2016-03-17 16:52:19,234 [1] INFO  HollyContact5_Demo.Loger [(null)] - [@@@厂家消息通知@@@]OnMessage ：厂家状态（CurStatus：1；CurStatusName：空闲；）厂家消息（座席被锁定）程序状态（PS03_置闲）
2016-03-17 16:52:23,514 [1] INFO  HollyContact5_Demo.Loger [(null)] - [@@@厂家消息通知@@@]OnMessage ：厂家状态（CurStatus：1；CurStatusName：空闲；）厂家消息（话路被挂断：ContactID=20160317165210323_1_601_UIP5,CurrStatus=21,LastStatus=0,OtherParty=,ResonCode=0,ResonDesc=ActNULL）程序状态（PS03_置闲）
2016-03-17 16:52:31,821 [1] INFO  HollyContact5_Demo.Loger [(null)] - [@@@厂家消息通知@@@]OnMessage ：厂家状态（CurStatus：2；CurStatusName：置忙；）厂家消息（状态改变：空闲-->置忙）程序状态（PS04_置忙）
2016-03-17 16:52:31,838 [1] INFO  HollyContact5_Demo.Loger [(null)] - [>>>厂家状态变化<<<]OnStatusChange ：PS03_置闲（1） -> PS04_置忙（2）
2016-03-17 16:52:31,857 [1] INFO  HollyContact5_Demo.Loger [(null)] - [@@@厂家消息通知@@@]OnMessage ：厂家状态（CurStatus：2；CurStatusName：置忙；）厂家消息（示忙成功。）程序状态（PS04_置忙）
2016-03-17 16:52:32,146 [1] INFO  HollyContact5_Demo.Loger [(null)] - [HollyContactHelper]用户操作==签出->True
2016-03-17 16:52:32,370 [1] INFO  HollyContact5_Demo.Loger [(null)] - [@@@厂家消息通知@@@]OnMessage ：厂家状态（CurStatus：2；CurStatusName：置忙；）厂家消息（签出成功。）程序状态（PS04_置忙）
2016-03-17 16:52:32,410 [1] INFO  HollyContact5_Demo.Loger [(null)] - [@@@厂家消息通知@@@]OnMessage ：厂家状态（CurStatus：14；CurStatusName：签出；）厂家消息（状态改变：置忙-->签出）程序状态（PS02_签出）
2016-03-17 16:52:32,427 [1] INFO  HollyContact5_Demo.Loger [(null)] - [>>>厂家状态变化<<<]OnStatusChange ：PS04_置忙（2） -> PS02_签出（14）
2016-03-17 16:52:32,984 [1] INFO  HollyContact5_Demo.Loger [(null)] - [HollyContactHelper]用户操作==卸载->True
2016-03-17 16:56:46,811 [1] INFO  HollyContact5_Demo.Loger [(null)] - [HollyContactHelper]用户操作==装载及初始化->True
2016-03-17 16:56:46,870 [1] INFO  HollyContact5_Demo.Loger [(null)] - [@@@厂家消息通知@@@]OnMessage ：厂家状态（CurStatus：0；CurStatusName：准备就绪状态；）厂家消息（服务器已上线:UserName=AgentUser,UserGOR=38076417）程序状态（PS01_就绪）
2016-03-17 16:56:46,877 [1] INFO  HollyContact5_Demo.Loger [(null)] - [@@@厂家消息通知@@@]OnMessage ：厂家状态（CurStatus：0；CurStatusName：准备就绪状态；）厂家消息（服务器已上线:UserName=LSUser,UserGOR=65537）程序状态（PS01_就绪）
2016-03-17 16:56:46,899 [1] INFO  HollyContact5_Demo.Loger [(null)] - [@@@厂家消息通知@@@]OnMessage ：厂家状态（CurStatus：0；CurStatusName：准备就绪状态；）厂家消息（服务器已上线:UserName=ASUser,UserGOR=720897）程序状态（PS01_就绪）
2016-03-17 16:56:46,912 [1] INFO  HollyContact5_Demo.Loger [(null)] - [@@@厂家消息通知@@@]OnMessage ：厂家状态（CurStatus：0；CurStatusName：准备就绪状态；）厂家消息（服务器已上线:UserName=EDSUser,UserGOR=131073）程序状态（PS01_就绪）
2016-03-17 16:56:46,920 [1] INFO  HollyContact5_Demo.Loger [(null)] - [@@@厂家消息通知@@@]OnMessage ：厂家状态（CurStatus：0；CurStatusName：准备就绪状态；）厂家消息（服务器已上线:UserName=StatEvent,UserGOR=327681）程序状态（PS01_就绪）
2016-03-17 16:56:46,940 [1] INFO  HollyContact5_Demo.Loger [(null)] - [@@@厂家消息通知@@@]OnMessage ：厂家状态（CurStatus：0；CurStatusName：准备就绪状态；）厂家消息（服务器已上线:UserName=StatUser,UserGOR=327682）程序状态（PS01_就绪）
2016-03-17 16:56:47,454 [1] INFO  HollyContact5_Demo.Loger [(null)] - [HollyContactHelper]用户操作==添加技能组->1096 1
2016-03-17 16:56:48,010 [1] INFO  HollyContact5_Demo.Loger [(null)] - [HollyContactHelper]用户操作==签入->True
2016-03-17 16:56:48,222 [1] INFO  HollyContact5_Demo.Loger [(null)] - [@@@厂家消息通知@@@]OnMessage ：厂家状态（CurStatus：0；CurStatusName：准备就绪状态；）厂家消息（座席签入成功）程序状态（PS01_就绪）
2016-03-17 16:56:48,248 [1] INFO  HollyContact5_Demo.Loger [(null)] - [@@@厂家消息通知@@@]OnMessage ：厂家状态（CurStatus：2；CurStatusName：置忙；）厂家消息（状态改变：准备就绪状态-->置忙）程序状态（PS04_置忙）
2016-03-17 16:56:48,260 [1] INFO  HollyContact5_Demo.Loger [(null)] - [>>>厂家状态变化<<<]OnStatusChange ：PS01_就绪（0） -> PS04_置忙（2）
2016-03-17 16:56:48,271 [1] INFO  HollyContact5_Demo.Loger [(null)] - [@@@厂家消息通知@@@]OnMessage ：厂家状态（CurStatus：2；CurStatusName：置忙；）厂家消息（签入成功。）程序状态（PS04_置忙）
2016-03-17 16:56:48,568 [1] INFO  HollyContact5_Demo.Loger [(null)] - [HollyContactHelper]用户操作==置闲->True
2016-03-17 16:56:48,773 [1] INFO  HollyContact5_Demo.Loger [(null)] - [@@@厂家消息通知@@@]OnMessage ：厂家状态（CurStatus：1；CurStatusName：空闲；）厂家消息（状态改变：置忙-->空闲）程序状态（PS03_置闲）
2016-03-17 16:56:48,782 [1] INFO  HollyContact5_Demo.Loger [(null)] - [>>>厂家状态变化<<<]OnStatusChange ：PS04_置忙（2） -> PS03_置闲（1）
2016-03-17 16:56:48,792 [1] INFO  HollyContact5_Demo.Loger [(null)] - [@@@厂家消息通知@@@]OnMessage ：厂家状态（CurStatus：1；CurStatusName：空闲；）厂家消息（示闲成功。）程序状态（PS03_置闲）
2016-03-17 16:57:07,254 [1] INFO  HollyContact5_Demo.Loger [(null)] - [@@@厂家消息通知@@@]OnMessage ：厂家状态（CurStatus：1；CurStatusName：空闲；）厂家消息（座席被锁定）程序状态（PS03_置闲）
2016-03-17 16:57:11,994 [1] INFO  HollyContact5_Demo.Loger [(null)] - [@@@厂家消息通知@@@]OnMessage ：厂家状态（CurStatus：1；CurStatusName：空闲；）厂家消息（话路被挂断：ContactID=20160317165652698_1_606_UIP5,CurrStatus=21,LastStatus=0,OtherParty=,ResonCode=0,ResonDesc=ActNULL）程序状态（PS03_置闲）
2016-03-17 16:57:18,983 [1] INFO  HollyContact5_Demo.Loger [(null)] - [^^^厂家错误通知^^^]OnError ：CTIErrorCode:0   ErrorCode:5  ErrorDesc:当前状态不允许该操作,必须是置忙、整理等状态。
2016-03-17 16:57:18,983 [1] INFO  HollyContact5_Demo.Loger [(null)] - [HollyContactHelper]用户操作==置闲->False
2016-03-17 16:57:19,585 [1] INFO  HollyContact5_Demo.Loger [(null)] - [HollyContactHelper]用户操作==签出->True
2016-03-17 16:57:19,795 [1] INFO  HollyContact5_Demo.Loger [(null)] - [@@@厂家消息通知@@@]OnMessage ：厂家状态（CurStatus：1；CurStatusName：空闲；）厂家消息（签出成功。）程序状态（PS03_置闲）
2016-03-17 16:57:19,816 [1] INFO  HollyContact5_Demo.Loger [(null)] - [@@@厂家消息通知@@@]OnMessage ：厂家状态（CurStatus：14；CurStatusName：签出；）厂家消息（状态改变：空闲-->签出）程序状态（PS02_签出）
2016-03-17 16:57:19,828 [1] INFO  HollyContact5_Demo.Loger [(null)] - [>>>厂家状态变化<<<]OnStatusChange ：PS03_置闲（1） -> PS02_签出（14）
2016-03-17 16:57:20,687 [1] INFO  HollyContact5_Demo.Loger [(null)] - [HollyContactHelper]用户操作==卸载->True
2016-03-17 17:55:48,806 [1] INFO  HollyContact5_Demo.Loger [(null)] - [HollyContactHelper]用户操作==装载及初始化->True
2016-03-17 17:55:48,871 [1] INFO  HollyContact5_Demo.Loger [(null)] - [@@@厂家消息通知@@@]OnMessage ：厂家状态（CurStatus：0；CurStatusName：准备就绪状态；）厂家消息（服务器已上线:UserName=AgentUser,UserGOR=105381889）程序状态（PS01_就绪）
2016-03-17 17:55:48,884 [1] INFO  HollyContact5_Demo.Loger [(null)] - [@@@厂家消息通知@@@]OnMessage ：厂家状态（CurStatus：0；CurStatusName：准备就绪状态；）厂家消息（服务器已上线:UserName=LSUser,UserGOR=65537）程序状态（PS01_就绪）
2016-03-17 17:55:48,898 [1] INFO  HollyContact5_Demo.Loger [(null)] - [@@@厂家消息通知@@@]OnMessage ：厂家状态（CurStatus：0；CurStatusName：准备就绪状态；）厂家消息（服务器已上线:UserName=ASUser,UserGOR=655361）程序状态（PS01_就绪）
2016-03-17 17:55:48,913 [1] INFO  HollyContact5_Demo.Loger [(null)] - [@@@厂家消息通知@@@]OnMessage ：厂家状态（CurStatus：0；CurStatusName：准备就绪状态；）厂家消息（服务器已上线:UserName=EDSUser,UserGOR=983041）程序状态（PS01_就绪）
2016-03-17 17:55:48,922 [1] INFO  HollyContact5_Demo.Loger [(null)] - [@@@厂家消息通知@@@]OnMessage ：厂家状态（CurStatus：0；CurStatusName：准备就绪状态；）厂家消息（服务器已上线:UserName=StatEvent,UserGOR=262145）程序状态（PS01_就绪）
2016-03-17 17:55:48,940 [1] INFO  HollyContact5_Demo.Loger [(null)] - [@@@厂家消息通知@@@]OnMessage ：厂家状态（CurStatus：0；CurStatusName：准备就绪状态；）厂家消息（服务器已上线:UserName=StatUser,UserGOR=262146）程序状态（PS01_就绪）
2016-03-17 17:55:49,876 [1] INFO  HollyContact5_Demo.Loger [(null)] - [HollyContactHelper]用户操作==添加技能组->1096 1
2016-03-17 17:55:51,336 [1] INFO  HollyContact5_Demo.Loger [(null)] - [HollyContactHelper]用户操作==签入->False
2016-03-17 17:55:51,357 [1] INFO  HollyContact5_Demo.Loger [(null)] - [^^^厂家错误通知^^^]OnError ：CTIErrorCode:525   ErrorCode:1  ErrorDesc:St_UnregisteredState
2016-03-17 17:55:53,873 [1] INFO  HollyContact5_Demo.Loger [(null)] - [^^^厂家错误通知^^^]OnError ：CTIErrorCode:1343225909   ErrorCode:1  ErrorDesc:Err_IContact_AgentTimerExpired
2016-03-17 17:55:55,280 [1] INFO  HollyContact5_Demo.Loger [(null)] - [^^^厂家错误通知^^^]OnError ：CTIErrorCode:0   ErrorCode:1  ErrorDesc:当前状态不允许该操作,必须是置忙、整理等状态。
2016-03-17 17:55:55,281 [1] INFO  HollyContact5_Demo.Loger [(null)] - [HollyContactHelper]用户操作==置闲->False
2016-03-17 17:55:56,806 [1] INFO  HollyContact5_Demo.Loger [(null)] - [^^^厂家错误通知^^^]OnError ：CTIErrorCode:0   ErrorCode:1  ErrorDesc:当前状态不允许该操作、必须是空闲状态。
2016-03-17 17:55:57,729 [1] INFO  HollyContact5_Demo.Loger [(null)] - [HollyContactHelper]用户操作==签出->False
2016-03-17 17:55:57,744 [1] INFO  HollyContact5_Demo.Loger [(null)] - [^^^厂家错误通知^^^]OnError ：CTIErrorCode:1343225873   ErrorCode:2  ErrorDesc:Err_IContact_InvalidAgentID
2016-03-17 17:55:58,483 [1] INFO  HollyContact5_Demo.Loger [(null)] - [HollyContactHelper]用户操作==卸载->True
2016-03-17 17:57:00,736 [1] INFO  HollyContact5_Demo.Loger [(null)] - [HollyContactHelper]用户操作==装载及初始化->True
2016-03-17 17:57:00,792 [1] INFO  HollyContact5_Demo.Loger [(null)] - [@@@厂家消息通知@@@]OnMessage ：厂家状态（CurStatus：0；CurStatusName：准备就绪状态；）厂家消息（服务器已上线:UserName=AgentUser,UserGOR=105447425）程序状态（PS01_就绪）
2016-03-17 17:57:00,800 [1] INFO  HollyContact5_Demo.Loger [(null)] - [@@@厂家消息通知@@@]OnMessage ：厂家状态（CurStatus：0；CurStatusName：准备就绪状态；）厂家消息（服务器已上线:UserName=LSUser,UserGOR=65537）程序状态（PS01_就绪）
2016-03-17 17:57:00,814 [1] INFO  HollyContact5_Demo.Loger [(null)] - [@@@厂家消息通知@@@]OnMessage ：厂家状态（CurStatus：0；CurStatusName：准备就绪状态；）厂家消息（服务器已上线:UserName=ASUser,UserGOR=655361）程序状态（PS01_就绪）
2016-03-17 17:57:00,824 [1] INFO  HollyContact5_Demo.Loger [(null)] - [@@@厂家消息通知@@@]OnMessage ：厂家状态（CurStatus：0；CurStatusName：准备就绪状态；）厂家消息（服务器已上线:UserName=EDSUser,UserGOR=983041）程序状态（PS01_就绪）
2016-03-17 17:57:00,833 [1] INFO  HollyContact5_Demo.Loger [(null)] - [@@@厂家消息通知@@@]OnMessage ：厂家状态（CurStatus：0；CurStatusName：准备就绪状态；）厂家消息（服务器已上线:UserName=StatEvent,UserGOR=262145）程序状态（PS01_就绪）
2016-03-17 17:57:00,848 [1] INFO  HollyContact5_Demo.Loger [(null)] - [@@@厂家消息通知@@@]OnMessage ：厂家状态（CurStatus：0；CurStatusName：准备就绪状态；）厂家消息（服务器已上线:UserName=StatUser,UserGOR=262146）程序状态（PS01_就绪）
2016-03-17 17:57:01,565 [1] INFO  HollyContact5_Demo.Loger [(null)] - [HollyContactHelper]用户操作==添加技能组->1096 1
2016-03-17 17:57:02,874 [1] INFO  HollyContact5_Demo.Loger [(null)] - [HollyContactHelper]用户操作==签入->False
2016-03-17 17:57:02,896 [1] INFO  HollyContact5_Demo.Loger [(null)] - [^^^厂家错误通知^^^]OnError ：CTIErrorCode:525   ErrorCode:1  ErrorDesc:St_UnregisteredState
2016-03-17 17:57:05,392 [1] INFO  HollyContact5_Demo.Loger [(null)] - [^^^厂家错误通知^^^]OnError ：CTIErrorCode:1343225909   ErrorCode:1  ErrorDesc:Err_IContact_AgentTimerExpired
2016-03-17 17:57:33,379 [1] INFO  HollyContact5_Demo.Loger [(null)] - [HollyContactHelper]用户操作==装载及初始化->True
2016-03-17 17:57:33,435 [1] INFO  HollyContact5_Demo.Loger [(null)] - [@@@厂家消息通知@@@]OnMessage ：厂家状态（CurStatus：0；CurStatusName：准备就绪状态；）厂家消息（服务器已上线:UserName=AgentUser,UserGOR=105512961）程序状态（PS01_就绪）
2016-03-17 17:57:33,442 [1] INFO  HollyContact5_Demo.Loger [(null)] - [@@@厂家消息通知@@@]OnMessage ：厂家状态（CurStatus：0；CurStatusName：准备就绪状态；）厂家消息（服务器已上线:UserName=LSUser,UserGOR=65537）程序状态（PS01_就绪）
2016-03-17 17:57:33,455 [1] INFO  HollyContact5_Demo.Loger [(null)] - [@@@厂家消息通知@@@]OnMessage ：厂家状态（CurStatus：0；CurStatusName：准备就绪状态；）厂家消息（服务器已上线:UserName=ASUser,UserGOR=655361）程序状态（PS01_就绪）
2016-03-17 17:57:33,467 [1] INFO  HollyContact5_Demo.Loger [(null)] - [@@@厂家消息通知@@@]OnMessage ：厂家状态（CurStatus：0；CurStatusName：准备就绪状态；）厂家消息（服务器已上线:UserName=EDSUser,UserGOR=983041）程序状态（PS01_就绪）
2016-03-17 17:57:33,475 [1] INFO  HollyContact5_Demo.Loger [(null)] - [@@@厂家消息通知@@@]OnMessage ：厂家状态（CurStatus：0；CurStatusName：准备就绪状态；）厂家消息（服务器已上线:UserName=StatEvent,UserGOR=262145）程序状态（PS01_就绪）
2016-03-17 17:57:33,497 [1] INFO  HollyContact5_Demo.Loger [(null)] - [@@@厂家消息通知@@@]OnMessage ：厂家状态（CurStatus：0；CurStatusName：准备就绪状态；）厂家消息（服务器已上线:UserName=StatUser,UserGOR=262146）程序状态（PS01_就绪）
2016-03-17 17:57:33,492 [1] INFO  HollyContact5_Demo.Loger [(null)] - [HollyContactHelper]用户操作==添加技能组->1096 1
2016-03-17 17:57:34,728 [1] INFO  HollyContact5_Demo.Loger [(null)] - [HollyContactHelper]用户操作==签入->False
2016-03-17 17:57:34,748 [1] INFO  HollyContact5_Demo.Loger [(null)] - [^^^厂家错误通知^^^]OnError ：CTIErrorCode:525   ErrorCode:1  ErrorDesc:St_UnregisteredState
2016-03-17 17:57:35,414 [1] INFO  HollyContact5_Demo.Loger [(null)] - [^^^厂家错误通知^^^]OnError ：CTIErrorCode:0   ErrorCode:1  ErrorDesc:当前状态不允许该操作,必须是置忙、整理等状态。
2016-03-17 17:57:35,414 [1] INFO  HollyContact5_Demo.Loger [(null)] - [HollyContactHelper]用户操作==置闲->False
2016-03-17 17:57:37,094 [1] INFO  HollyContact5_Demo.Loger [(null)] - [^^^厂家错误通知^^^]OnError ：CTIErrorCode:0   ErrorCode:1  ErrorDesc:当前状态不允许该操作、必须是空闲状态。
2016-03-17 17:57:37,244 [1] INFO  HollyContact5_Demo.Loger [(null)] - [^^^厂家错误通知^^^]OnError ：CTIErrorCode:1343225909   ErrorCode:1  ErrorDesc:Err_IContact_AgentTimerExpired
2016-03-17 17:57:38,119 [1] INFO  HollyContact5_Demo.Loger [(null)] - [HollyContactHelper]用户操作==签出->False
2016-03-17 17:57:38,137 [1] INFO  HollyContact5_Demo.Loger [(null)] - [^^^厂家错误通知^^^]OnError ：CTIErrorCode:1343225873   ErrorCode:2  ErrorDesc:Err_IContact_InvalidAgentID
2016-03-17 17:57:39,495 [1] INFO  HollyContact5_Demo.Loger [(null)] - [HollyContactHelper]用户操作==卸载->True
