2016-03-08 10:59:27,623 [1] INFO  HollyContact5_Demo.Loger [(null)] - [HollyContactHelper]用户操作==装载及初始化->True
2016-03-08 10:59:27,707 [1] INFO  HollyContact5_Demo.Loger [(null)] - [@@@厂家消息通知@@@]OnMessage ：厂家状态（CurStatus：0；CurStatusName：准备就绪状态；）厂家消息（服务器已上线:UserName=AgentUser,UserGOR=2031617）程序状态（PS01_就绪）
2016-03-08 10:59:27,715 [1] INFO  HollyContact5_Demo.Loger [(null)] - [@@@厂家消息通知@@@]OnMessage ：厂家状态（CurStatus：0；CurStatusName：准备就绪状态；）厂家消息（服务器已上线:UserName=LSUser,UserGOR=65537）程序状态（PS01_就绪）
2016-03-08 10:59:27,724 [1] INFO  HollyContact5_Demo.Loger [(null)] - [@@@厂家消息通知@@@]OnMessage ：厂家状态（CurStatus：0；CurStatusName：准备就绪状态；）厂家消息（服务器已上线:UserName=EDSUser,UserGOR=1900545）程序状态（PS01_就绪）
2016-03-08 10:59:27,731 [1] INFO  HollyContact5_Demo.Loger [(null)] - [@@@厂家消息通知@@@]OnMessage ：厂家状态（CurStatus：0；CurStatusName：准备就绪状态；）厂家消息（服务器已上线:UserName=StatEvent,UserGOR=720897）程序状态（PS01_就绪）
2016-03-08 10:59:27,741 [1] INFO  HollyContact5_Demo.Loger [(null)] - [@@@厂家消息通知@@@]OnMessage ：厂家状态（CurStatus：0；CurStatusName：准备就绪状态；）厂家消息（服务器已上线:UserName=StatUser,UserGOR=720898）程序状态（PS01_就绪）
2016-03-08 10:59:27,793 [1] INFO  HollyContact5_Demo.Loger [(null)] - [@@@厂家消息通知@@@]OnMessage ：厂家状态（CurStatus：0；CurStatusName：准备就绪状态；）厂家消息（服务器已上线:UserName=ASUser,UserGOR=1179649）程序状态（PS01_就绪）
2016-03-08 10:48:41,984 [1] INFO  HollyContact5_Demo.Loger [(null)] - [HollyContactHelper]用户操作==添加技能组->1098 1
2016-03-08 10:48:42,855 [1] INFO  HollyContact5_Demo.Loger [(null)] - [HollyContactHelper]用户操作==签入->True
2016-03-08 10:48:43,077 [1] INFO  HollyContact5_Demo.Loger [(null)] - [@@@厂家消息通知@@@]OnMessage ：厂家状态（CurStatus：0；CurStatusName：准备就绪状态；）厂家消息（座席签入成功）程序状态（PS01_就绪）
2016-03-08 10:48:43,113 [1] INFO  HollyContact5_Demo.Loger [(null)] - [@@@厂家消息通知@@@]OnMessage ：厂家状态（CurStatus：2；CurStatusName：置忙；）厂家消息（状态改变：准备就绪状态-->置忙）程序状态（PS04_置忙）
2016-03-08 10:48:43,129 [1] INFO  HollyContact5_Demo.Loger [(null)] - [>>>厂家状态变化<<<]OnStatusChange ：PS01_就绪（0） -> PS04_置忙（2）
2016-03-08 10:48:43,144 [1] INFO  HollyContact5_Demo.Loger [(null)] - [@@@厂家消息通知@@@]OnMessage ：厂家状态（CurStatus：2；CurStatusName：置忙；）厂家消息（签入成功。）程序状态（PS04_置忙）
2016-03-08 10:48:43,792 [1] INFO  HollyContact5_Demo.Loger [(null)] - [HollyContactHelper]用户操作==置闲->True
2016-03-08 10:48:43,997 [1] INFO  HollyContact5_Demo.Loger [(null)] - [@@@厂家消息通知@@@]OnMessage ：厂家状态（CurStatus：1；CurStatusName：空闲；）厂家消息（状态改变：置忙-->空闲）程序状态（PS03_置闲）
2016-03-08 10:48:44,005 [1] INFO  HollyContact5_Demo.Loger [(null)] - [>>>厂家状态变化<<<]OnStatusChange ：PS04_置忙（2） -> PS03_置闲（1）
2016-03-08 10:48:44,018 [1] INFO  HollyContact5_Demo.Loger [(null)] - [@@@厂家消息通知@@@]OnMessage ：厂家状态（CurStatus：1；CurStatusName：空闲；）厂家消息（示闲成功。）程序状态（PS03_置闲）
2016-03-08 10:48:51,903 [1] INFO  HollyContact5_Demo.Loger [(null)] - [HollyContactHelper]用户操作==外呼（外线号码,9013146611863）->True
2016-03-08 10:48:52,083 [1] INFO  HollyContact5_Demo.Loger [(null)] - [@@@厂家消息通知@@@]OnMessage ：厂家状态（CurStatus：1；CurStatusName：空闲；）厂家消息（摘机：ContactID=20160308104852842_1_003_UIP-1,CurrStatus=22,LastStatus=21,ResonCode=45,ResonDesc=CauseOffHook）程序状态（PS03_置闲）
2016-03-08 10:48:52,100 [1] INFO  HollyContact5_Demo.Loger [(null)] - [@@@厂家消息通知@@@]OnMessage ：厂家状态（CurStatus：10；CurStatusName：呼出拨号中；）厂家消息（状态改变：空闲-->呼出拨号中）程序状态（PS14_呼出拨号中）
2016-03-08 10:48:52,113 [1] INFO  HollyContact5_Demo.Loger [(null)] - [>>>厂家状态变化<<<]OnStatusChange ：PS03_置闲（1） -> PS14_呼出拨号中（10）
2016-03-08 10:48:52,122 [1] INFO  HollyContact5_Demo.Loger [(null)] - [@@@厂家消息通知@@@]OnMessage ：厂家状态（CurStatus：10；CurStatusName：呼出拨号中；）厂家消息（呼出拨号开始。）程序状态（PS14_呼出拨号中）
2016-03-08 10:48:52,138 [1] INFO  HollyContact5_Demo.Loger [(null)] - [@@@厂家消息通知@@@]OnMessage ：厂家状态（CurStatus：10；CurStatusName：呼出拨号中；）厂家消息（座席话务处理）程序状态（PS14_呼出拨号中）
2016-03-08 10:48:52,151 [1] INFO  HollyContact5_Demo.Loger [(null)] - [@@@厂家消息通知@@@]OnMessage ：厂家状态（CurStatus：10；CurStatusName：呼出拨号中；）厂家消息（摘机：ContactID=20160308104852842_1_003_UIP-1,CurrStatus=22,LastStatus=22,ResonCode=45,ResonDesc=CauseOffHook）程序状态（PS14_呼出拨号中）
2016-03-08 10:48:52,304 [1] INFO  HollyContact5_Demo.Loger [(null)] - [@@@厂家消息通知@@@]OnMessage ：厂家状态（CurStatus：10；CurStatusName：呼出拨号中；）厂家消息（录音开始：ContactID=20160308104852842_1_003_UIP-1,ANI=3010,DNIS=9013146611863,ResonCode=77,ResonDesc=_??? (77)）程序状态（PS14_呼出拨号中）
2016-03-08 10:48:55,643 [1] INFO  HollyContact5_Demo.Loger [(null)] - [@@@厂家消息通知@@@]OnMessage ：厂家状态（CurStatus：5；CurStatusName：两方通话；）厂家消息（状态改变：呼出拨号中-->两方通话）程序状态（PS08_普通通话）
2016-03-08 10:48:55,659 [1] INFO  HollyContact5_Demo.Loger [(null)] - [>>>厂家状态变化<<<]OnStatusChange ：PS14_呼出拨号中（10） -> PS08_普通通话（5）
2016-03-08 10:48:55,691 [1] INFO  HollyContact5_Demo.Loger [(null)] - [@@@厂家消息通知@@@]OnMessage ：厂家状态（CurStatus：5；CurStatusName：两方通话；）厂家消息（外拨成功。）程序状态（PS08_普通通话）
2016-03-08 10:49:17,031 [1] INFO  HollyContact5_Demo.Loger [(null)] - [^^^厂家错误通知^^^]OnError ：CTIErrorCode:0   ErrorCode:8  ErrorDesc:当前状态不允许该操作,必须是休息状态。
2016-03-08 10:49:17,031 [1] INFO  HollyContact5_Demo.Loger [(null)] - [HollyContactHelper]用户操作==结束休息->False
2016-03-08 10:49:18,492 [1] INFO  HollyContact5_Demo.Loger [(null)] - [^^^厂家错误通知^^^]OnError ：CTIErrorCode:0   ErrorCode:8  ErrorDesc:当前状态不允许该操作,必须是休息状态。
2016-03-08 10:49:18,492 [1] INFO  HollyContact5_Demo.Loger [(null)] - [HollyContactHelper]用户操作==结束休息->False
2016-03-08 10:49:20,824 [1] INFO  HollyContact5_Demo.Loger [(null)] - [@@@厂家消息通知@@@]OnMessage ：厂家状态（CurStatus：5；CurStatusName：两方通话；）厂家消息（录音停止：ContactID=20160308104852842_1_003_UIP-1,ANI=3010,DNIS=9013146611863,FileName=/var/spool/hollyRecord/2016/03/3010/3010_20160308104852962.mp3,TimeLen=28598,ResonCode=78,ResonDesc=_??? (78)）程序状态（PS08_普通通话）
2016-03-08 10:49:21,037 [1] INFO  HollyContact5_Demo.Loger [(null)] - [@@@厂家消息通知@@@]OnMessage ：厂家状态（CurStatus：5；CurStatusName：两方通话；）厂家消息（话路被挂断：ContactID=20160308104852842_1_003_UIP-1,CurrStatus=21,LastStatus=28,OtherParty=SIP/SIPToMX8-b7622fc8,ResonCode=16,ResonDesc=ActTpDisconnected）程序状态（PS08_普通通话）
2016-03-08 10:49:21,069 [1] INFO  HollyContact5_Demo.Loger [(null)] - [@@@厂家消息通知@@@]OnMessage ：厂家状态（CurStatus：5；CurStatusName：两方通话；）厂家消息（通话结束。）程序状态（PS08_普通通话）
2016-03-08 10:49:21,140 [1] INFO  HollyContact5_Demo.Loger [(null)] - [@@@厂家消息通知@@@]OnMessage ：厂家状态（CurStatus：15；CurStatusName：工作整理；）厂家消息（状态改变：两方通话-->工作整理）程序状态（PS06_话后）
2016-03-08 10:49:21,156 [1] INFO  HollyContact5_Demo.Loger [(null)] - [>>>厂家状态变化<<<]OnStatusChange ：PS08_普通通话（5） -> PS06_话后（15）
2016-03-08 10:49:21,171 [1] INFO  HollyContact5_Demo.Loger [(null)] - [@@@厂家消息通知@@@]OnMessage ：厂家状态（CurStatus：15；CurStatusName：工作整理；）厂家消息（整理工作开始。）程序状态（PS06_话后）
2016-03-08 10:50:25,243 [1] INFO  HollyContact5_Demo.Loger [(null)] - [@@@厂家消息通知@@@]OnMessage ：厂家状态（CurStatus：2；CurStatusName：置忙；）厂家消息（状态改变：工作整理-->置忙）程序状态（PS04_置忙）
2016-03-08 10:50:25,249 [1] INFO  HollyContact5_Demo.Loger [(null)] - [>>>厂家状态变化<<<]OnStatusChange ：PS06_话后（15） -> PS04_置忙（2）
2016-03-08 10:50:25,256 [1] INFO  HollyContact5_Demo.Loger [(null)] - [@@@厂家消息通知@@@]OnMessage ：厂家状态（CurStatus：2；CurStatusName：置忙；）厂家消息（示忙成功。）程序状态（PS04_置忙）
2016-03-08 10:50:25,821 [1] INFO  HollyContact5_Demo.Loger [(null)] - [HollyContactHelper]用户操作==签出->True
2016-03-08 10:50:26,036 [1] INFO  HollyContact5_Demo.Loger [(null)] - [@@@厂家消息通知@@@]OnMessage ：厂家状态（CurStatus：2；CurStatusName：置忙；）厂家消息（签出成功。）程序状态（PS04_置忙）
2016-03-08 10:50:26,053 [1] INFO  HollyContact5_Demo.Loger [(null)] - [@@@厂家消息通知@@@]OnMessage ：厂家状态（CurStatus：14；CurStatusName：签出；）厂家消息（状态改变：置忙-->签出）程序状态（PS02_签出）
2016-03-08 10:50:26,062 [1] INFO  HollyContact5_Demo.Loger [(null)] - [>>>厂家状态变化<<<]OnStatusChange ：PS04_置忙（2） -> PS02_签出（14）
2016-03-08 10:50:26,828 [1] INFO  HollyContact5_Demo.Loger [(null)] - [HollyContactHelper]用户操作==卸载->True
2016-03-08 10:50:32,900 [1] INFO  HollyContact5_Demo.Loger [(null)] - [HollyContactHelper]用户操作==装载及初始化->True
2016-03-08 10:50:32,929 [1] INFO  HollyContact5_Demo.Loger [(null)] - [@@@厂家消息通知@@@]OnMessage ：厂家状态（CurStatus：0；CurStatusName：准备就绪状态；）厂家消息（服务器已上线:UserName=AgentUser,UserGOR=2097153）程序状态（PS01_就绪）
2016-03-08 10:50:32,940 [1] INFO  HollyContact5_Demo.Loger [(null)] - [@@@厂家消息通知@@@]OnMessage ：厂家状态（CurStatus：0；CurStatusName：准备就绪状态；）厂家消息（服务器已上线:UserName=LSUser,UserGOR=65537）程序状态（PS01_就绪）
2016-03-08 10:50:32,955 [1] INFO  HollyContact5_Demo.Loger [(null)] - [@@@厂家消息通知@@@]OnMessage ：厂家状态（CurStatus：0；CurStatusName：准备就绪状态；）厂家消息（服务器已上线:UserName=ASUser,UserGOR=1179649）程序状态（PS01_就绪）
2016-03-08 10:50:32,965 [1] INFO  HollyContact5_Demo.Loger [(null)] - [@@@厂家消息通知@@@]OnMessage ：厂家状态（CurStatus：0；CurStatusName：准备就绪状态；）厂家消息（服务器已上线:UserName=StatEvent,UserGOR=720897）程序状态（PS01_就绪）
2016-03-08 10:50:32,975 [1] INFO  HollyContact5_Demo.Loger [(null)] - [@@@厂家消息通知@@@]OnMessage ：厂家状态（CurStatus：0；CurStatusName：准备就绪状态；）厂家消息（服务器已上线:UserName=StatUser,UserGOR=720898）程序状态（PS01_就绪）
2016-03-08 10:50:33,000 [1] INFO  HollyContact5_Demo.Loger [(null)] - [@@@厂家消息通知@@@]OnMessage ：厂家状态（CurStatus：0；CurStatusName：准备就绪状态；）厂家消息（服务器已上线:UserName=EDSUser,UserGOR=1900545）程序状态（PS01_就绪）
2016-03-08 10:50:33,684 [1] INFO  HollyContact5_Demo.Loger [(null)] - [HollyContactHelper]用户操作==添加技能组->1094 1
2016-03-08 10:50:34,264 [1] INFO  HollyContact5_Demo.Loger [(null)] - [HollyContactHelper]用户操作==签入->True
2016-03-08 10:50:34,474 [1] INFO  HollyContact5_Demo.Loger [(null)] - [@@@厂家消息通知@@@]OnMessage ：厂家状态（CurStatus：0；CurStatusName：准备就绪状态；）厂家消息（座席签入成功）程序状态（PS01_就绪）
2016-03-08 10:50:34,500 [1] INFO  HollyContact5_Demo.Loger [(null)] - [@@@厂家消息通知@@@]OnMessage ：厂家状态（CurStatus：2；CurStatusName：置忙；）厂家消息（状态改变：准备就绪状态-->置忙）程序状态（PS04_置忙）
2016-03-08 10:50:34,513 [1] INFO  HollyContact5_Demo.Loger [(null)] - [>>>厂家状态变化<<<]OnStatusChange ：PS01_就绪（0） -> PS04_置忙（2）
2016-03-08 10:50:34,528 [1] INFO  HollyContact5_Demo.Loger [(null)] - [@@@厂家消息通知@@@]OnMessage ：厂家状态（CurStatus：2；CurStatusName：置忙；）厂家消息（签入成功。）程序状态（PS04_置忙）
2016-03-08 10:50:35,104 [1] INFO  HollyContact5_Demo.Loger [(null)] - [HollyContactHelper]用户操作==置闲->True
2016-03-08 10:50:35,320 [1] INFO  HollyContact5_Demo.Loger [(null)] - [@@@厂家消息通知@@@]OnMessage ：厂家状态（CurStatus：1；CurStatusName：空闲；）厂家消息（状态改变：置忙-->空闲）程序状态（PS03_置闲）
2016-03-08 10:50:35,329 [1] INFO  HollyContact5_Demo.Loger [(null)] - [>>>厂家状态变化<<<]OnStatusChange ：PS04_置忙（2） -> PS03_置闲（1）
2016-03-08 10:50:35,341 [1] INFO  HollyContact5_Demo.Loger [(null)] - [@@@厂家消息通知@@@]OnMessage ：厂家状态（CurStatus：1；CurStatusName：空闲；）厂家消息（示闲成功。）程序状态（PS03_置闲）
2016-03-08 10:57:06,540 [1] INFO  HollyContact5_Demo.Loger [(null)] - [HollyContactHelper]用户操作==签出->True
2016-03-08 10:57:06,750 [1] INFO  HollyContact5_Demo.Loger [(null)] - [@@@厂家消息通知@@@]OnMessage ：厂家状态（CurStatus：1；CurStatusName：空闲；）厂家消息（签出成功。）程序状态（PS03_置闲）
2016-03-08 10:57:06,762 [1] INFO  HollyContact5_Demo.Loger [(null)] - [@@@厂家消息通知@@@]OnMessage ：厂家状态（CurStatus：14；CurStatusName：签出；）厂家消息（状态改变：空闲-->签出）程序状态（PS02_签出）
2016-03-08 10:57:06,767 [1] INFO  HollyContact5_Demo.Loger [(null)] - [>>>厂家状态变化<<<]OnStatusChange ：PS03_置闲（1） -> PS02_签出（14）
2016-03-08 10:57:07,920 [1] INFO  HollyContact5_Demo.Loger [(null)] - [HollyContactHelper]用户操作==卸载->True
2016-03-08 10:57:10,616 [1] INFO  HollyContact5_Demo.Loger [(null)] - [HollyContactHelper]用户操作==装载及初始化->True
2016-03-08 10:57:10,650 [1] INFO  HollyContact5_Demo.Loger [(null)] - [@@@厂家消息通知@@@]OnMessage ：厂家状态（CurStatus：0；CurStatusName：准备就绪状态；）厂家消息（服务器已上线:UserName=AgentUser,UserGOR=2228225）程序状态（PS01_就绪）
2016-03-08 10:57:10,662 [1] INFO  HollyContact5_Demo.Loger [(null)] - [@@@厂家消息通知@@@]OnMessage ：厂家状态（CurStatus：0；CurStatusName：准备就绪状态；）厂家消息（服务器已上线:UserName=LSUser,UserGOR=65537）程序状态（PS01_就绪）
2016-03-08 10:57:10,678 [1] INFO  HollyContact5_Demo.Loger [(null)] - [@@@厂家消息通知@@@]OnMessage ：厂家状态（CurStatus：0；CurStatusName：准备就绪状态；）厂家消息（服务器已上线:UserName=ASUser,UserGOR=1179649）程序状态（PS01_就绪）
2016-03-08 10:57:10,691 [1] INFO  HollyContact5_Demo.Loger [(null)] - [@@@厂家消息通知@@@]OnMessage ：厂家状态（CurStatus：0；CurStatusName：准备就绪状态；）厂家消息（服务器已上线:UserName=StatEvent,UserGOR=720897）程序状态（PS01_就绪）
2016-03-08 10:57:10,703 [1] INFO  HollyContact5_Demo.Loger [(null)] - [@@@厂家消息通知@@@]OnMessage ：厂家状态（CurStatus：0；CurStatusName：准备就绪状态；）厂家消息（服务器已上线:UserName=StatUser,UserGOR=720898）程序状态（PS01_就绪）
2016-03-08 10:57:10,725 [1] INFO  HollyContact5_Demo.Loger [(null)] - [@@@厂家消息通知@@@]OnMessage ：厂家状态（CurStatus：0；CurStatusName：准备就绪状态；）厂家消息（服务器已上线:UserName=EDSUser,UserGOR=1900545）程序状态（PS01_就绪）
2016-03-08 10:57:11,392 [1] INFO  HollyContact5_Demo.Loger [(null)] - [HollyContactHelper]用户操作==添加技能组->1090 1
2016-03-08 10:57:11,891 [1] INFO  HollyContact5_Demo.Loger [(null)] - [HollyContactHelper]用户操作==签入->True
2016-03-08 10:57:12,095 [1] INFO  HollyContact5_Demo.Loger [(null)] - [@@@厂家消息通知@@@]OnMessage ：厂家状态（CurStatus：0；CurStatusName：准备就绪状态；）厂家消息（座席签入成功）程序状态（PS01_就绪）
2016-03-08 10:57:12,129 [1] INFO  HollyContact5_Demo.Loger [(null)] - [@@@厂家消息通知@@@]OnMessage ：厂家状态（CurStatus：2；CurStatusName：置忙；）厂家消息（状态改变：准备就绪状态-->置忙）程序状态（PS04_置忙）
2016-03-08 10:57:12,137 [1] INFO  HollyContact5_Demo.Loger [(null)] - [>>>厂家状态变化<<<]OnStatusChange ：PS01_就绪（0） -> PS04_置忙（2）
2016-03-08 10:57:12,150 [1] INFO  HollyContact5_Demo.Loger [(null)] - [@@@厂家消息通知@@@]OnMessage ：厂家状态（CurStatus：2；CurStatusName：置忙；）厂家消息（签入成功。）程序状态（PS04_置忙）
2016-03-08 10:57:12,597 [1] INFO  HollyContact5_Demo.Loger [(null)] - [HollyContactHelper]用户操作==置闲->True
2016-03-08 10:57:12,811 [1] INFO  HollyContact5_Demo.Loger [(null)] - [@@@厂家消息通知@@@]OnMessage ：厂家状态（CurStatus：1；CurStatusName：空闲；）厂家消息（状态改变：置忙-->空闲）程序状态（PS03_置闲）
2016-03-08 10:57:12,822 [1] INFO  HollyContact5_Demo.Loger [(null)] - [>>>厂家状态变化<<<]OnStatusChange ：PS04_置忙（2） -> PS03_置闲（1）
2016-03-08 10:57:12,834 [1] INFO  HollyContact5_Demo.Loger [(null)] - [@@@厂家消息通知@@@]OnMessage ：厂家状态（CurStatus：1；CurStatusName：空闲；）厂家消息（示闲成功。）程序状态（PS03_置闲）
2016-03-08 10:57:42,484 [1] INFO  HollyContact5_Demo.Loger [(null)] - [@@@厂家消息通知@@@]OnMessage ：厂家状态（CurStatus：1；CurStatusName：空闲；）厂家消息（座席被锁定）程序状态（PS03_置闲）
2016-03-08 10:57:49,672 [1] INFO  HollyContact5_Demo.Loger [(null)] - [@@@厂家消息通知@@@]OnMessage ：厂家状态（CurStatus：3；CurStatusName：震铃；）厂家消息（状态改变：空闲-->震铃）程序状态（PS07_来电震铃）
2016-03-08 10:57:49,690 [1] INFO  HollyContact5_Demo.Loger [(null)] - [>>>厂家状态变化<<<]OnStatusChange ：PS03_置闲（1） -> PS07_来电震铃（3）
2016-03-08 10:57:49,726 [1] INFO  HollyContact5_Demo.Loger [(null)] - [@@@厂家消息通知@@@]OnMessage ：厂家状态（CurStatus：3；CurStatusName：震铃；）厂家消息（来电振铃。）程序状态（PS07_来电震铃）
2016-03-08 10:57:49,747 [1] INFO  HollyContact5_Demo.Loger [(null)] - [@@@厂家消息通知@@@]OnMessage ：厂家状态（CurStatus：3；CurStatusName：震铃；）厂家消息（座席话务处理）程序状态（PS07_来电震铃）
2016-03-08 10:57:49,765 [1] INFO  HollyContact5_Demo.Loger [(null)] - [@@@厂家消息通知@@@]OnMessage ：厂家状态（CurStatus：5；CurStatusName：两方通话；）厂家消息（状态改变：震铃-->两方通话）程序状态（PS08_普通通话）
2016-03-08 10:57:49,781 [1] INFO  HollyContact5_Demo.Loger [(null)] - [>>>厂家状态变化<<<]OnStatusChange ：PS07_来电震铃（3） -> PS08_普通通话（5）
2016-03-08 10:57:49,825 [1] INFO  HollyContact5_Demo.Loger [(null)] - [@@@厂家消息通知@@@]OnMessage ：厂家状态（CurStatus：5；CurStatusName：两方通话；）厂家消息（应答成功。）程序状态（PS08_普通通话）
2016-03-08 10:57:49,874 [1] INFO  HollyContact5_Demo.Loger [(null)] - [@@@厂家消息通知@@@]OnMessage ：厂家状态（CurStatus：5；CurStatusName：两方通话；）厂家消息（录音开始：ContactID=20160308105726919_1_005_UIP-1,ANI=02987237756,DNIS=68492026,ResonCode=77,ResonDesc=_??? (77)）程序状态（PS08_普通通话）
2016-03-08 10:58:47,853 [1] INFO  HollyContact5_Demo.Loger [(null)] - [@@@厂家消息通知@@@]OnMessage ：厂家状态（CurStatus：9；CurStatusName：转接中；）厂家消息（状态改变：两方通话-->转接中）程序状态（PS17_转接拨号中）
2016-03-08 10:58:47,861 [1] INFO  HollyContact5_Demo.Loger [(null)] - [>>>厂家状态变化<<<]OnStatusChange ：PS08_普通通话（5） -> PS17_转接拨号中（9）
2016-03-08 10:58:47,873 [1] INFO  HollyContact5_Demo.Loger [(null)] - [@@@厂家消息通知@@@]OnMessage ：厂家状态（CurStatus：9；CurStatusName：转接中；）厂家消息（转接拨号开始。）程序状态（PS17_转接拨号中）
2016-03-08 10:58:48,054 [1] INFO  HollyContact5_Demo.Loger [(null)] - [@@@厂家消息通知@@@]OnMessage ：厂家状态（CurStatus：9；CurStatusName：转接中；）厂家消息（咨询摘机：ContactID=20160308105726919_1_005_UIP-1,CurrStatus=26,LastStatus=29,ResonCode=45,ResonDesc=CauseOffHook）程序状态（PS17_转接拨号中）
2016-03-08 10:58:48,062 [1] INFO  HollyContact5_Demo.Loger [(null)] - [@@@厂家消息通知@@@]OnMessage ：厂家状态（CurStatus：9；CurStatusName：转接中；）厂家消息（咨询拨号：ContactID=20160308105726919_1_005_UIP-1,CurrStatus=27,LastStatus=26,OtherParty=0000,ResonCode=47,ResonDesc=CauseDialing）程序状态（PS17_转接拨号中）
2016-03-08 10:58:48,249 [1] INFO  HollyContact5_Demo.Loger [(null)] - [@@@厂家消息通知@@@]OnMessage ：厂家状态（CurStatus：9；CurStatusName：转接中；）厂家消息（咨询接通：ContactID=20160308105726919_1_005_UIP-1,CurrStatus=31,LastStatus=27,OtherParty=0000,ResonCode=13,ResonDesc=ActOpAnswered）程序状态（PS17_转接拨号中）
2016-03-08 10:58:48,468 [1] INFO  HollyContact5_Demo.Loger [(null)] - [@@@厂家消息通知@@@]OnMessage ：厂家状态（CurStatus：9；CurStatusName：转接中；）厂家消息（录音停止：ContactID=20160308105726919_1_005_UIP-1,ANI=02987237756,DNIS=68492026,FileName=/var/spool/hollyRecord/2016/03/3010/3010_20160308105750142.mp3,TimeLen=58603,ResonCode=78,ResonDesc=_??? (78)）程序状态（PS17_转接拨号中）
2016-03-08 10:58:48,595 [1] INFO  HollyContact5_Demo.Loger [(null)] - [@@@厂家消息通知@@@]OnMessage ：厂家状态（CurStatus：9；CurStatusName：转接中；）厂家消息（话路被挂断：ContactID=20160308105726919_1_005_UIP-1,CurrStatus=21,LastStatus=31,OtherParty=0000,ResonCode=27,ResonDesc=ActTpTransferred）程序状态（PS17_转接拨号中）
2016-03-08 10:58:48,625 [1] INFO  HollyContact5_Demo.Loger [(null)] - [@@@厂家消息通知@@@]OnMessage ：厂家状态（CurStatus：15；CurStatusName：工作整理；）厂家消息（状态改变：转接中-->工作整理）程序状态（PS06_话后）
2016-03-08 10:58:48,639 [1] INFO  HollyContact5_Demo.Loger [(null)] - [>>>厂家状态变化<<<]OnStatusChange ：PS17_转接拨号中（9） -> PS06_话后（15）
2016-03-08 10:58:48,649 [1] INFO  HollyContact5_Demo.Loger [(null)] - [@@@厂家消息通知@@@]OnMessage ：厂家状态（CurStatus：15；CurStatusName：工作整理；）厂家消息（整理工作开始。）程序状态（PS06_话后）
2016-03-08 10:58:48,671 [1] INFO  HollyContact5_Demo.Loger [(null)] - [@@@厂家消息通知@@@]OnMessage ：厂家状态（CurStatus：15；CurStatusName：工作整理；）厂家消息（话路被挂断：ContactID=20160308105726919_1_005_UIP-1,CurrStatus=21,LastStatus=21,OtherParty=0000,ResonCode=16,ResonDesc=ActTpDisconnected）程序状态（PS06_话后）
2016-03-08 11:04:28,576 [1] INFO  HollyContact5_Demo.Loger [(null)] - [HollyContactHelper]用户操作==签出->True
2016-03-08 11:04:28,776 [1] INFO  HollyContact5_Demo.Loger [(null)] - [@@@厂家消息通知@@@]OnMessage ：厂家状态（CurStatus：15；CurStatusName：工作整理；）厂家消息（签出成功。）程序状态（PS06_话后）
2016-03-08 11:04:28,789 [1] INFO  HollyContact5_Demo.Loger [(null)] - [@@@厂家消息通知@@@]OnMessage ：厂家状态（CurStatus：14；CurStatusName：签出；）厂家消息（状态改变：工作整理-->签出）程序状态（PS02_签出）
2016-03-08 11:04:28,800 [1] INFO  HollyContact5_Demo.Loger [(null)] - [>>>厂家状态变化<<<]OnStatusChange ：PS06_话后（15） -> PS02_签出（14）
2016-03-08 11:04:29,506 [1] INFO  HollyContact5_Demo.Loger [(null)] - [HollyContactHelper]用户操作==卸载->True
