2016-04-08 09:34:30,750 [1] INFO  HollyContact5_Demo.Loger [(null)] - [HollyContactHelper]用户操作==装载及初始化->False
2016-04-08 09:34:53,465 [1] INFO  HollyContact5_Demo.Loger [(null)] - [HollyContactHelper]用户操作==装载及初始化->True
2016-04-08 09:34:53,526 [1] INFO  HollyContact5_Demo.Loger [(null)] - [@@@厂家消息通知@@@]OnMessage ：厂家状态（CurStatus：0；CurStatusName：准备就绪状态；）厂家消息（服务器已上线:UserName=AgentUser,UserGOR=5898241）程序状态（PS01_就绪）
2016-04-08 09:34:53,540 [1] INFO  HollyContact5_Demo.Loger [(null)] - [@@@厂家消息通知@@@]OnMessage ：厂家状态（CurStatus：0；CurStatusName：准备就绪状态；）厂家消息（服务器已上线:UserName=LSUser,UserGOR=65537）程序状态（PS01_就绪）
2016-04-08 09:34:53,577 [1] INFO  HollyContact5_Demo.Loger [(null)] - [@@@厂家消息通知@@@]OnMessage ：厂家状态（CurStatus：0；CurStatusName：准备就绪状态；）厂家消息（服务器已上线:UserName=ASUser,UserGOR=1507329）程序状态（PS01_就绪）
2016-04-08 09:34:53,592 [1] INFO  HollyContact5_Demo.Loger [(null)] - [@@@厂家消息通知@@@]OnMessage ：厂家状态（CurStatus：0；CurStatusName：准备就绪状态；）厂家消息（服务器已上线:UserName=EDSUser,UserGOR=1900545）程序状态（PS01_就绪）
2016-04-08 09:34:53,600 [1] INFO  HollyContact5_Demo.Loger [(null)] - [@@@厂家消息通知@@@]OnMessage ：厂家状态（CurStatus：0；CurStatusName：准备就绪状态；）厂家消息（服务器已上线:UserName=StatEvent,UserGOR=1179649）程序状态（PS01_就绪）
2016-04-08 09:34:53,623 [1] INFO  HollyContact5_Demo.Loger [(null)] - [@@@厂家消息通知@@@]OnMessage ：厂家状态（CurStatus：0；CurStatusName：准备就绪状态；）厂家消息（服务器已上线:UserName=StatUser,UserGOR=1179650）程序状态（PS01_就绪）
2016-04-08 09:34:52,378 [1] INFO  HollyContact5_Demo.Loger [(null)] - [HollyContactHelper]用户操作==添加技能组->1056 1
2016-04-08 09:34:53,490 [1] INFO  HollyContact5_Demo.Loger [(null)] - [HollyContactHelper]用户操作==签入->False
2016-04-08 09:34:53,510 [1] INFO  HollyContact5_Demo.Loger [(null)] - [^^^厂家错误通知^^^]OnError ：CTIErrorCode:1343225862   ErrorCode:1  ErrorDesc:Err_IContact_AgentIDInService
2016-04-08 09:47:53,246 [1] INFO  HollyContact5_Demo.Loger [(null)] - [HollyContactHelper]用户操作==装载及初始化->True
2016-04-08 09:47:53,370 [1] INFO  HollyContact5_Demo.Loger [(null)] - [@@@厂家消息通知@@@]OnMessage ：厂家状态（CurStatus：0；CurStatusName：准备就绪状态；）厂家消息（服务器已上线:UserName=AgentUser,UserGOR=1048577）程序状态（PS01_就绪）
2016-04-08 09:47:53,376 [1] INFO  HollyContact5_Demo.Loger [(null)] - [@@@厂家消息通知@@@]OnMessage ：厂家状态（CurStatus：0；CurStatusName：准备就绪状态；）厂家消息（服务器已上线:UserName=LSUser,UserGOR=65537）程序状态（PS01_就绪）
2016-04-08 09:47:53,417 [1] INFO  HollyContact5_Demo.Loger [(null)] - [@@@厂家消息通知@@@]OnMessage ：厂家状态（CurStatus：0；CurStatusName：准备就绪状态；）厂家消息（服务器已上线:UserName=ASUser,UserGOR=655361）程序状态（PS01_就绪）
2016-04-08 09:47:53,427 [1] INFO  HollyContact5_Demo.Loger [(null)] - [@@@厂家消息通知@@@]OnMessage ：厂家状态（CurStatus：0；CurStatusName：准备就绪状态；）厂家消息（服务器已上线:UserName=EDSUser,UserGOR=983041）程序状态（PS01_就绪）
2016-04-08 09:47:53,437 [1] INFO  HollyContact5_Demo.Loger [(null)] - [@@@厂家消息通知@@@]OnMessage ：厂家状态（CurStatus：0；CurStatusName：准备就绪状态；）厂家消息（服务器已上线:UserName=StatEvent,UserGOR=262145）程序状态（PS01_就绪）
2016-04-08 09:47:53,456 [1] INFO  HollyContact5_Demo.Loger [(null)] - [@@@厂家消息通知@@@]OnMessage ：厂家状态（CurStatus：0；CurStatusName：准备就绪状态；）厂家消息（服务器已上线:UserName=StatUser,UserGOR=262146）程序状态（PS01_就绪）
2016-04-08 09:47:54,589 [1] INFO  HollyContact5_Demo.Loger [(null)] - [HollyContactHelper]用户操作==添加技能组->1234 1
2016-04-08 09:47:55,892 [1] INFO  HollyContact5_Demo.Loger [(null)] - [HollyContactHelper]用户操作==签入->False
2016-04-08 09:47:55,911 [1] INFO  HollyContact5_Demo.Loger [(null)] - [^^^厂家错误通知^^^]OnError ：CTIErrorCode:1343225872   ErrorCode:1  ErrorDesc:Err_IContact_SkillNotExist
2016-04-08 09:47:59,340 [1] INFO  HollyContact5_Demo.Loger [(null)] - [HollyContactHelper]用户操作==签入->False
2016-04-08 09:47:59,358 [1] INFO  HollyContact5_Demo.Loger [(null)] - [^^^厂家错误通知^^^]OnError ：CTIErrorCode:1343225872   ErrorCode:1  ErrorDesc:Err_IContact_SkillNotExist
2016-04-08 09:48:01,044 [1] INFO  HollyContact5_Demo.Loger [(null)] - [HollyContactHelper]用户操作==签出->False
2016-04-08 09:48:01,064 [1] INFO  HollyContact5_Demo.Loger [(null)] - [^^^厂家错误通知^^^]OnError ：CTIErrorCode:1343225873   ErrorCode:2  ErrorDesc:Err_IContact_InvalidAgentID
2016-04-08 09:48:01,673 [1] INFO  HollyContact5_Demo.Loger [(null)] - [HollyContactHelper]用户操作==卸载->True
2016-04-08 09:48:02,164 [1] INFO  HollyContact5_Demo.Loger [(null)] - [HollyContactHelper]用户操作==装载及初始化->True
2016-04-08 09:48:02,232 [1] INFO  HollyContact5_Demo.Loger [(null)] - [@@@厂家消息通知@@@]OnMessage ：厂家状态（CurStatus：0；CurStatusName：准备就绪状态；）厂家消息（服务器已上线:UserName=AgentUser,UserGOR=1114113）程序状态（PS01_就绪）
2016-04-08 09:48:02,260 [1] INFO  HollyContact5_Demo.Loger [(null)] - [@@@厂家消息通知@@@]OnMessage ：厂家状态（CurStatus：0；CurStatusName：准备就绪状态；）厂家消息（服务器已上线:UserName=LSUser,UserGOR=65537）程序状态（PS01_就绪）
2016-04-08 09:48:02,318 [1] INFO  HollyContact5_Demo.Loger [(null)] - [@@@厂家消息通知@@@]OnMessage ：厂家状态（CurStatus：0；CurStatusName：准备就绪状态；）厂家消息（服务器已上线:UserName=ASUser,UserGOR=655361）程序状态（PS01_就绪）
2016-04-08 09:48:02,330 [1] INFO  HollyContact5_Demo.Loger [(null)] - [@@@厂家消息通知@@@]OnMessage ：厂家状态（CurStatus：0；CurStatusName：准备就绪状态；）厂家消息（服务器已上线:UserName=StatEvent,UserGOR=262145）程序状态（PS01_就绪）
2016-04-08 09:48:02,341 [1] INFO  HollyContact5_Demo.Loger [(null)] - [@@@厂家消息通知@@@]OnMessage ：厂家状态（CurStatus：0；CurStatusName：准备就绪状态；）厂家消息（服务器已上线:UserName=StatUser,UserGOR=262146）程序状态（PS01_就绪）
2016-04-08 09:48:02,375 [1] INFO  HollyContact5_Demo.Loger [(null)] - [@@@厂家消息通知@@@]OnMessage ：厂家状态（CurStatus：0；CurStatusName：准备就绪状态；）厂家消息（服务器已上线:UserName=EDSUser,UserGOR=983041）程序状态（PS01_就绪）
2016-04-08 09:48:02,269 [1] INFO  HollyContact5_Demo.Loger [(null)] - [HollyContactHelper]用户操作==添加技能组->1234 1
2016-04-08 09:48:03,367 [1] INFO  HollyContact5_Demo.Loger [(null)] - [HollyContactHelper]用户操作==签入->False
2016-04-08 09:48:03,395 [1] INFO  HollyContact5_Demo.Loger [(null)] - [^^^厂家错误通知^^^]OnError ：CTIErrorCode:1343225872   ErrorCode:1  ErrorDesc:Err_IContact_SkillNotExist
2016-04-08 09:48:41,214 [1] INFO  HollyContact5_Demo.Loger [(null)] - [HollyContactHelper]用户操作==装载及初始化->False
2016-04-08 09:48:57,908 [1] INFO  HollyContact5_Demo.Loger [(null)] - [HollyContactHelper]用户操作==装载及初始化->True
2016-04-08 09:48:57,965 [1] INFO  HollyContact5_Demo.Loger [(null)] - [@@@厂家消息通知@@@]OnMessage ：厂家状态（CurStatus：0；CurStatusName：准备就绪状态；）厂家消息（服务器已上线:UserName=AgentUser,UserGOR=1179649）程序状态（PS01_就绪）
2016-04-08 09:48:57,979 [1] INFO  HollyContact5_Demo.Loger [(null)] - [@@@厂家消息通知@@@]OnMessage ：厂家状态（CurStatus：0；CurStatusName：准备就绪状态；）厂家消息（服务器已上线:UserName=LSUser,UserGOR=65537）程序状态（PS01_就绪）
2016-04-08 09:48:58,014 [1] INFO  HollyContact5_Demo.Loger [(null)] - [@@@厂家消息通知@@@]OnMessage ：厂家状态（CurStatus：0；CurStatusName：准备就绪状态；）厂家消息（服务器已上线:UserName=ASUser,UserGOR=655361）程序状态（PS01_就绪）
2016-04-08 09:48:58,028 [1] INFO  HollyContact5_Demo.Loger [(null)] - [@@@厂家消息通知@@@]OnMessage ：厂家状态（CurStatus：0；CurStatusName：准备就绪状态；）厂家消息（服务器已上线:UserName=StatEvent,UserGOR=262145）程序状态（PS01_就绪）
2016-04-08 09:48:58,055 [1] INFO  HollyContact5_Demo.Loger [(null)] - [@@@厂家消息通知@@@]OnMessage ：厂家状态（CurStatus：0；CurStatusName：准备就绪状态；）厂家消息（服务器已上线:UserName=StatUser,UserGOR=262146）程序状态（PS01_就绪）
2016-04-08 09:48:58,082 [1] INFO  HollyContact5_Demo.Loger [(null)] - [@@@厂家消息通知@@@]OnMessage ：厂家状态（CurStatus：0；CurStatusName：准备就绪状态；）厂家消息（服务器已上线:UserName=EDSUser,UserGOR=983041）程序状态（PS01_就绪）
2016-04-08 09:48:58,457 [1] INFO  HollyContact5_Demo.Loger [(null)] - [HollyContactHelper]用户操作==添加技能组->1234 1
2016-04-08 09:48:59,777 [1] INFO  HollyContact5_Demo.Loger [(null)] - [HollyContactHelper]用户操作==签入->False
2016-04-08 09:48:59,793 [1] INFO  HollyContact5_Demo.Loger [(null)] - [^^^厂家错误通知^^^]OnError ：CTIErrorCode:1343225872   ErrorCode:1  ErrorDesc:Err_IContact_SkillNotExist
2016-04-08 09:49:29,975 [1] INFO  HollyContact5_Demo.Loger [(null)] - [HollyContactHelper]用户操作==装载及初始化->True
2016-04-08 09:49:30,034 [1] INFO  HollyContact5_Demo.Loger [(null)] - [@@@厂家消息通知@@@]OnMessage ：厂家状态（CurStatus：0；CurStatusName：准备就绪状态；）厂家消息（服务器已上线:UserName=AgentUser,UserGOR=1245185）程序状态（PS01_就绪）
2016-04-08 09:49:30,045 [1] INFO  HollyContact5_Demo.Loger [(null)] - [@@@厂家消息通知@@@]OnMessage ：厂家状态（CurStatus：0；CurStatusName：准备就绪状态；）厂家消息（服务器已上线:UserName=LSUser,UserGOR=65537）程序状态（PS01_就绪）
2016-04-08 09:49:30,080 [1] INFO  HollyContact5_Demo.Loger [(null)] - [@@@厂家消息通知@@@]OnMessage ：厂家状态（CurStatus：0；CurStatusName：准备就绪状态；）厂家消息（服务器已上线:UserName=ASUser,UserGOR=655361）程序状态（PS01_就绪）
2016-04-08 09:49:30,092 [1] INFO  HollyContact5_Demo.Loger [(null)] - [@@@厂家消息通知@@@]OnMessage ：厂家状态（CurStatus：0；CurStatusName：准备就绪状态；）厂家消息（服务器已上线:UserName=EDSUser,UserGOR=983041）程序状态（PS01_就绪）
2016-04-08 09:49:30,103 [1] INFO  HollyContact5_Demo.Loger [(null)] - [@@@厂家消息通知@@@]OnMessage ：厂家状态（CurStatus：0；CurStatusName：准备就绪状态；）厂家消息（服务器已上线:UserName=StatEvent,UserGOR=262145）程序状态（PS01_就绪）
2016-04-08 09:49:30,122 [1] INFO  HollyContact5_Demo.Loger [(null)] - [@@@厂家消息通知@@@]OnMessage ：厂家状态（CurStatus：0；CurStatusName：准备就绪状态；）厂家消息（服务器已上线:UserName=StatUser,UserGOR=262146）程序状态（PS01_就绪）
2016-04-08 09:49:30,436 [1] INFO  HollyContact5_Demo.Loger [(null)] - [HollyContactHelper]用户操作==添加技能组->1234 1
2016-04-08 09:49:31,770 [1] INFO  HollyContact5_Demo.Loger [(null)] - [HollyContactHelper]用户操作==签入->False
2016-04-08 09:49:31,790 [1] INFO  HollyContact5_Demo.Loger [(null)] - [^^^厂家错误通知^^^]OnError ：CTIErrorCode:1343225872   ErrorCode:1  ErrorDesc:Err_IContact_SkillNotExist
2016-04-08 09:49:46,773 [1] INFO  HollyContact5_Demo.Loger [(null)] - [HollyContactHelper]用户操作==装载及初始化->True
2016-04-08 09:49:46,835 [1] INFO  HollyContact5_Demo.Loger [(null)] - [@@@厂家消息通知@@@]OnMessage ：厂家状态（CurStatus：0；CurStatusName：准备就绪状态；）厂家消息（服务器已上线:UserName=AgentUser,UserGOR=1310721）程序状态（PS01_就绪）
2016-04-08 09:49:46,867 [1] INFO  HollyContact5_Demo.Loger [(null)] - [@@@厂家消息通知@@@]OnMessage ：厂家状态（CurStatus：0；CurStatusName：准备就绪状态；）厂家消息（服务器已上线:UserName=LSUser,UserGOR=65537）程序状态（PS01_就绪）
2016-04-08 09:49:46,926 [1] INFO  HollyContact5_Demo.Loger [(null)] - [@@@厂家消息通知@@@]OnMessage ：厂家状态（CurStatus：0；CurStatusName：准备就绪状态；）厂家消息（服务器已上线:UserName=ASUser,UserGOR=655361）程序状态（PS01_就绪）
2016-04-08 09:49:46,935 [1] INFO  HollyContact5_Demo.Loger [(null)] - [@@@厂家消息通知@@@]OnMessage ：厂家状态（CurStatus：0；CurStatusName：准备就绪状态；）厂家消息（服务器已上线:UserName=EDSUser,UserGOR=983041）程序状态（PS01_就绪）
2016-04-08 09:49:46,953 [1] INFO  HollyContact5_Demo.Loger [(null)] - [@@@厂家消息通知@@@]OnMessage ：厂家状态（CurStatus：0；CurStatusName：准备就绪状态；）厂家消息（服务器已上线:UserName=StatEvent,UserGOR=262145）程序状态（PS01_就绪）
2016-04-08 09:49:46,975 [1] INFO  HollyContact5_Demo.Loger [(null)] - [@@@厂家消息通知@@@]OnMessage ：厂家状态（CurStatus：0；CurStatusName：准备就绪状态；）厂家消息（服务器已上线:UserName=StatUser,UserGOR=262146）程序状态（PS01_就绪）
2016-04-08 09:49:47,201 [1] INFO  HollyContact5_Demo.Loger [(null)] - [HollyContactHelper]用户操作==添加技能组->1096 1
2016-04-08 09:49:47,774 [1] INFO  HollyContact5_Demo.Loger [(null)] - [HollyContactHelper]用户操作==签入->True
2016-04-08 09:49:48,011 [1] INFO  HollyContact5_Demo.Loger [(null)] - [@@@厂家消息通知@@@]OnMessage ：厂家状态（CurStatus：0；CurStatusName：准备就绪状态；）厂家消息（座席签入成功）程序状态（PS01_就绪）
2016-04-08 09:49:48,070 [1] INFO  HollyContact5_Demo.Loger [(null)] - [@@@厂家消息通知@@@]OnMessage ：厂家状态（CurStatus：2；CurStatusName：置忙；）厂家消息（状态改变：准备就绪状态-->置忙）程序状态（PS04_置忙）
2016-04-08 09:49:48,086 [1] INFO  HollyContact5_Demo.Loger [(null)] - [>>>厂家状态变化<<<]OnStatusChange ：PS01_就绪（0） -> PS04_置忙（2）
2016-04-08 09:49:48,100 [1] INFO  HollyContact5_Demo.Loger [(null)] - [@@@厂家消息通知@@@]OnMessage ：厂家状态（CurStatus：2；CurStatusName：置忙；）厂家消息（签入成功。）程序状态（PS04_置忙）
2016-04-08 09:49:49,230 [1] INFO  HollyContact5_Demo.Loger [(null)] - [HollyContactHelper]用户操作==置闲->True
2016-04-08 09:49:49,474 [1] INFO  HollyContact5_Demo.Loger [(null)] - [@@@厂家消息通知@@@]OnMessage ：厂家状态（CurStatus：1；CurStatusName：空闲；）厂家消息（状态改变：置忙-->空闲）程序状态（PS03_置闲）
2016-04-08 09:49:49,483 [1] INFO  HollyContact5_Demo.Loger [(null)] - [>>>厂家状态变化<<<]OnStatusChange ：PS04_置忙（2） -> PS03_置闲（1）
2016-04-08 09:49:49,495 [1] INFO  HollyContact5_Demo.Loger [(null)] - [@@@厂家消息通知@@@]OnMessage ：厂家状态（CurStatus：1；CurStatusName：空闲；）厂家消息（示闲成功。）程序状态（PS03_置闲）
2016-04-08 09:49:53,943 [1] INFO  HollyContact5_Demo.Loger [(null)] - [HollyContactHelper]用户操作==签出->True
2016-04-08 09:49:54,184 [1] INFO  HollyContact5_Demo.Loger [(null)] - [@@@厂家消息通知@@@]OnMessage ：厂家状态（CurStatus：1；CurStatusName：空闲；）厂家消息（签出成功。）程序状态（PS03_置闲）
2016-04-08 09:49:54,206 [1] INFO  HollyContact5_Demo.Loger [(null)] - [@@@厂家消息通知@@@]OnMessage ：厂家状态（CurStatus：14；CurStatusName：签出；）厂家消息（状态改变：空闲-->签出）程序状态（PS02_签出）
2016-04-08 09:49:54,220 [1] INFO  HollyContact5_Demo.Loger [(null)] - [>>>厂家状态变化<<<]OnStatusChange ：PS03_置闲（1） -> PS02_签出（14）
2016-04-08 09:49:54,876 [1] INFO  HollyContact5_Demo.Loger [(null)] - [HollyContactHelper]用户操作==卸载->True
2016-04-08 09:51:05,523 [1] INFO  HollyContact5_Demo.Loger [(null)] - [HollyContactHelper]用户操作==装载及初始化->True
2016-04-08 09:51:05,602 [1] INFO  HollyContact5_Demo.Loger [(null)] - [@@@厂家消息通知@@@]OnMessage ：厂家状态（CurStatus：0；CurStatusName：准备就绪状态；）厂家消息（服务器已上线:UserName=AgentUser,UserGOR=1376257）程序状态（PS01_就绪）
2016-04-08 09:51:05,623 [1] INFO  HollyContact5_Demo.Loger [(null)] - [@@@厂家消息通知@@@]OnMessage ：厂家状态（CurStatus：0；CurStatusName：准备就绪状态；）厂家消息（服务器已上线:UserName=LSUser,UserGOR=65537）程序状态（PS01_就绪）
2016-04-08 09:51:05,685 [1] INFO  HollyContact5_Demo.Loger [(null)] - [@@@厂家消息通知@@@]OnMessage ：厂家状态（CurStatus：0；CurStatusName：准备就绪状态；）厂家消息（服务器已上线:UserName=ASUser,UserGOR=655361）程序状态（PS01_就绪）
2016-04-08 09:51:05,699 [1] INFO  HollyContact5_Demo.Loger [(null)] - [@@@厂家消息通知@@@]OnMessage ：厂家状态（CurStatus：0；CurStatusName：准备就绪状态；）厂家消息（服务器已上线:UserName=EDSUser,UserGOR=983041）程序状态（PS01_就绪）
2016-04-08 09:51:05,716 [1] INFO  HollyContact5_Demo.Loger [(null)] - [@@@厂家消息通知@@@]OnMessage ：厂家状态（CurStatus：0；CurStatusName：准备就绪状态；）厂家消息（服务器已上线:UserName=StatEvent,UserGOR=262145）程序状态（PS01_就绪）
2016-04-08 09:51:05,751 [1] INFO  HollyContact5_Demo.Loger [(null)] - [@@@厂家消息通知@@@]OnMessage ：厂家状态（CurStatus：0；CurStatusName：准备就绪状态；）厂家消息（服务器已上线:UserName=StatUser,UserGOR=262146）程序状态（PS01_就绪）
2016-04-08 09:51:06,205 [1] INFO  HollyContact5_Demo.Loger [(null)] - [HollyContactHelper]用户操作==添加技能组->1096 1
2016-04-08 09:51:07,103 [1] INFO  HollyContact5_Demo.Loger [(null)] - [HollyContactHelper]用户操作==签入->True
2016-04-08 09:51:07,345 [1] INFO  HollyContact5_Demo.Loger [(null)] - [@@@厂家消息通知@@@]OnMessage ：厂家状态（CurStatus：0；CurStatusName：准备就绪状态；）厂家消息（座席签入成功）程序状态（PS01_就绪）
2016-04-08 09:51:07,409 [1] INFO  HollyContact5_Demo.Loger [(null)] - [@@@厂家消息通知@@@]OnMessage ：厂家状态（CurStatus：2；CurStatusName：置忙；）厂家消息（状态改变：准备就绪状态-->置忙）程序状态（PS04_置忙）
2016-04-08 09:51:07,425 [1] INFO  HollyContact5_Demo.Loger [(null)] - [>>>厂家状态变化<<<]OnStatusChange ：PS01_就绪（0） -> PS04_置忙（2）
2016-04-08 09:51:07,441 [1] INFO  HollyContact5_Demo.Loger [(null)] - [@@@厂家消息通知@@@]OnMessage ：厂家状态（CurStatus：2；CurStatusName：置忙；）厂家消息（签入成功。）程序状态（PS04_置忙）
2016-04-08 09:51:21,446 [1] INFO  HollyContact5_Demo.Loger [(null)] - [HollyContactHelper]用户操作==置闲->True
2016-04-08 09:51:21,680 [1] INFO  HollyContact5_Demo.Loger [(null)] - [@@@厂家消息通知@@@]OnMessage ：厂家状态（CurStatus：1；CurStatusName：空闲；）厂家消息（状态改变：置忙-->空闲）程序状态（PS03_置闲）
2016-04-08 09:51:21,685 [1] INFO  HollyContact5_Demo.Loger [(null)] - [>>>厂家状态变化<<<]OnStatusChange ：PS04_置忙（2） -> PS03_置闲（1）
2016-04-08 09:51:21,695 [1] INFO  HollyContact5_Demo.Loger [(null)] - [@@@厂家消息通知@@@]OnMessage ：厂家状态（CurStatus：1；CurStatusName：空闲；）厂家消息（示闲成功。）程序状态（PS03_置闲）
2016-04-08 09:51:21,702 [1] INFO  HollyContact5_Demo.Loger [(null)] - [@@@厂家消息通知@@@]OnMessage ：厂家状态（CurStatus：1；CurStatusName：空闲；）厂家消息（座席被锁定）程序状态（PS03_置闲）
2016-04-08 09:51:27,206 [1] INFO  HollyContact5_Demo.Loger [(null)] - [@@@厂家消息通知@@@]OnMessage ：厂家状态（CurStatus：3；CurStatusName：震铃；）厂家消息（状态改变：空闲-->震铃）程序状态（PS07_来电震铃）
2016-04-08 09:51:27,214 [1] INFO  HollyContact5_Demo.Loger [(null)] - [>>>厂家状态变化<<<]OnStatusChange ：PS03_置闲（1） -> PS07_来电震铃（3）
2016-04-08 09:51:27,234 [1] INFO  HollyContact5_Demo.Loger [(null)] - [@@@厂家消息通知@@@]OnMessage ：厂家状态（CurStatus：3；CurStatusName：震铃；）厂家消息（来电振铃。）程序状态（PS07_来电震铃）
2016-04-08 09:51:27,243 [1] INFO  HollyContact5_Demo.Loger [(null)] - [@@@厂家消息通知@@@]OnMessage ：厂家状态（CurStatus：3；CurStatusName：震铃；）厂家消息（座席话务处理）程序状态（PS07_来电震铃）
2016-04-08 09:51:28,980 [1] INFO  HollyContact5_Demo.Loger [(null)] - [HollyContactHelper]用户操作==应答->True
2016-04-08 09:51:29,086 [1] INFO  HollyContact5_Demo.Loger [(null)] - [@@@厂家消息通知@@@]OnMessage ：厂家状态（CurStatus：5；CurStatusName：两方通话；）厂家消息（状态改变：震铃-->两方通话）程序状态（PS08_普通通话）
2016-04-08 09:51:29,096 [1] INFO  HollyContact5_Demo.Loger [(null)] - [>>>厂家状态变化<<<]OnStatusChange ：PS07_来电震铃（3） -> PS08_普通通话（5）
2016-04-08 09:51:29,126 [1] INFO  HollyContact5_Demo.Loger [(null)] - [@@@厂家消息通知@@@]OnMessage ：厂家状态（CurStatus：5；CurStatusName：两方通话；）厂家消息（应答成功。）程序状态（PS08_普通通话）
2016-04-08 09:51:29,314 [1] INFO  HollyContact5_Demo.Loger [(null)] - [@@@厂家消息通知@@@]OnMessage ：厂家状态（CurStatus：5；CurStatusName：两方通话；）厂家消息（录音开始：ContactID=20160408095109436_1_137_UIP5,ANI=01068492026,DNIS=1005,ResonCode=77,ResonDesc=_??? (77)）程序状态（PS08_普通通话）
2016-04-08 09:51:34,678 [1] INFO  HollyContact5_Demo.Loger [(null)] - [HollyContactHelper]用户操作==挂机->True
2016-04-08 09:51:34,774 [1] INFO  HollyContact5_Demo.Loger [(null)] - [@@@厂家消息通知@@@]OnMessage ：厂家状态（CurStatus：5；CurStatusName：两方通话；）厂家消息（录音停止：ContactID=20160408095109436_1_137_UIP5,ANI=01068492026,DNIS=1005,FileName=/var/spool/hollyRecord/2016/04/35197/35197_20160408095129679.mp3,TimeLen=5598,ResonCode=78,ResonDesc=_??? (78)）程序状态（PS08_普通通话）
2016-04-08 09:51:34,788 [1] INFO  HollyContact5_Demo.Loger [(null)] - [@@@厂家消息通知@@@]OnMessage ：厂家状态（CurStatus：5；CurStatusName：两方通话；）厂家消息（话路被挂断：ContactID=20160408095109436_1_137_UIP5,CurrStatus=21,LastStatus=28,OtherParty=151134,ResonCode=16,ResonDesc=ActTpDisconnected）程序状态（PS08_普通通话）
2016-04-08 09:51:34,806 [1] INFO  HollyContact5_Demo.Loger [(null)] - [@@@厂家消息通知@@@]OnMessage ：厂家状态（CurStatus：5；CurStatusName：两方通话；）厂家消息（通话结束。）程序状态（PS08_普通通话）
2016-04-08 09:51:34,835 [1] INFO  HollyContact5_Demo.Loger [(null)] - [@@@厂家消息通知@@@]OnMessage ：厂家状态（CurStatus：15；CurStatusName：工作整理；）厂家消息（状态改变：两方通话-->工作整理）程序状态（PS06_话后）
2016-04-08 09:51:34,851 [1] INFO  HollyContact5_Demo.Loger [(null)] - [>>>厂家状态变化<<<]OnStatusChange ：PS08_普通通话（5） -> PS06_话后（15）
2016-04-08 09:51:34,866 [1] INFO  HollyContact5_Demo.Loger [(null)] - [@@@厂家消息通知@@@]OnMessage ：厂家状态（CurStatus：15；CurStatusName：工作整理；）厂家消息（整理工作开始。）程序状态（PS06_话后）
2016-04-08 09:51:54,849 [1] INFO  HollyContact5_Demo.Loger [(null)] - [HollyContactHelper]用户操作==置闲->True
2016-04-08 09:51:55,095 [1] INFO  HollyContact5_Demo.Loger [(null)] - [@@@厂家消息通知@@@]OnMessage ：厂家状态（CurStatus：1；CurStatusName：空闲；）厂家消息（状态改变：工作整理-->空闲）程序状态（PS03_置闲）
2016-04-08 09:51:55,110 [1] INFO  HollyContact5_Demo.Loger [(null)] - [>>>厂家状态变化<<<]OnStatusChange ：PS06_话后（15） -> PS03_置闲（1）
2016-04-08 09:51:55,126 [1] INFO  HollyContact5_Demo.Loger [(null)] - [@@@厂家消息通知@@@]OnMessage ：厂家状态（CurStatus：1；CurStatusName：空闲；）厂家消息（示闲成功。）程序状态（PS03_置闲）
2016-04-08 09:52:13,452 [1] INFO  HollyContact5_Demo.Loger [(null)] - [HollyContactHelper]用户操作==外呼（外线号码,8601068492026）->True
2016-04-08 09:52:13,553 [1] INFO  HollyContact5_Demo.Loger [(null)] - [@@@厂家消息通知@@@]OnMessage ：厂家状态（CurStatus：1；CurStatusName：空闲；）厂家消息（摘机：ContactID=20160408095214104_1_139_UIP5,CurrStatus=22,LastStatus=21,ResonCode=45,ResonDesc=CauseOffHook）程序状态（PS03_置闲）
2016-04-08 09:52:13,571 [1] INFO  HollyContact5_Demo.Loger [(null)] - [@@@厂家消息通知@@@]OnMessage ：厂家状态（CurStatus：10；CurStatusName：呼出拨号中；）厂家消息（状态改变：空闲-->呼出拨号中）程序状态（PS14_呼出拨号中）
2016-04-08 09:52:13,585 [1] INFO  HollyContact5_Demo.Loger [(null)] - [>>>厂家状态变化<<<]OnStatusChange ：PS03_置闲（1） -> PS14_呼出拨号中（10）
2016-04-08 09:52:13,600 [1] INFO  HollyContact5_Demo.Loger [(null)] - [@@@厂家消息通知@@@]OnMessage ：厂家状态（CurStatus：10；CurStatusName：呼出拨号中；）厂家消息（呼出拨号开始。）程序状态（PS14_呼出拨号中）
2016-04-08 09:52:13,617 [1] INFO  HollyContact5_Demo.Loger [(null)] - [@@@厂家消息通知@@@]OnMessage ：厂家状态（CurStatus：10；CurStatusName：呼出拨号中；）厂家消息（座席话务处理）程序状态（PS14_呼出拨号中）
2016-04-08 09:52:13,634 [1] INFO  HollyContact5_Demo.Loger [(null)] - [@@@厂家消息通知@@@]OnMessage ：厂家状态（CurStatus：10；CurStatusName：呼出拨号中；）厂家消息（摘机：ContactID=20160408095214104_1_139_UIP5,CurrStatus=22,LastStatus=22,ResonCode=45,ResonDesc=CauseOffHook）程序状态（PS14_呼出拨号中）
2016-04-08 09:52:14,070 [1] INFO  HollyContact5_Demo.Loger [(null)] - [@@@厂家消息通知@@@]OnMessage ：厂家状态（CurStatus：10；CurStatusName：呼出拨号中；）厂家消息（录音开始：ContactID=20160408095214104_1_139_UIP5,ANI=35197,DNIS=8601068492026,ResonCode=77,ResonDesc=_??? (77)）程序状态（PS14_呼出拨号中）
2016-04-08 09:52:19,126 [1] INFO  HollyContact5_Demo.Loger [(null)] - [@@@厂家消息通知@@@]OnMessage ：厂家状态（CurStatus：5；CurStatusName：两方通话；）厂家消息（状态改变：呼出拨号中-->两方通话）程序状态（PS08_普通通话）
2016-04-08 09:52:19,144 [1] INFO  HollyContact5_Demo.Loger [(null)] - [>>>厂家状态变化<<<]OnStatusChange ：PS14_呼出拨号中（10） -> PS08_普通通话（5）
2016-04-08 09:52:19,174 [1] INFO  HollyContact5_Demo.Loger [(null)] - [@@@厂家消息通知@@@]OnMessage ：厂家状态（CurStatus：5；CurStatusName：两方通话；）厂家消息（外拨成功。）程序状态（PS08_普通通话）
2016-04-08 09:53:41,517 [1] INFO  HollyContact5_Demo.Loger [(null)] - [@@@厂家消息通知@@@]OnMessage ：厂家状态（CurStatus：5；CurStatusName：两方通话；）厂家消息（录音开始：ContactID=20160408095339907_1_146_UIP5,ANI=35197,DNIS=35198,ResonCode=77,ResonDesc=_??? (77)）程序状态（PS08_普通通话）
2016-04-08 10:02:59,719 [1] INFO  HollyContact5_Demo.Loger [(null)] - [@@@厂家消息通知@@@]OnMessage ：厂家状态（CurStatus：5；CurStatusName：两方通话；）厂家消息（通知：ContactID=20160408095339907_1_146_UIP5,CurrStatus=28,LastStatus=28,OtherParty=35198,ResonCode=15,ResonDesc=ActOpDisconnected）程序状态（PS08_普通通话）
2016-04-08 10:02:59,760 [1] INFO  HollyContact5_Demo.Loger [(null)] - [@@@厂家消息通知@@@]OnMessage ：厂家状态（CurStatus：5；CurStatusName：两方通话；）厂家消息（录音停止：ContactID=20160408095339907_1_146_UIP5,ANI=35197,DNIS=35198,FileName=/var/spool/hollyRecord/2016/04/35197/35197_20160408095341873.mp3,TimeLen=558381,ResonCode=78,ResonDesc=_??? (78)）程序状态（PS08_普通通话）
2016-04-08 10:02:59,773 [1] INFO  HollyContact5_Demo.Loger [(null)] - [@@@厂家消息通知@@@]OnMessage ：厂家状态（CurStatus：5；CurStatusName：两方通话；）厂家消息（话路被挂断：ContactID=20160408095339907_1_146_UIP5,CurrStatus=21,LastStatus=28,OtherParty=35198,ResonCode=16,ResonDesc=ActTpDisconnected）程序状态（PS08_普通通话）
2016-04-08 10:02:59,790 [1] INFO  HollyContact5_Demo.Loger [(null)] - [@@@厂家消息通知@@@]OnMessage ：厂家状态（CurStatus：5；CurStatusName：两方通话；）厂家消息（通话结束。）程序状态（PS08_普通通话）
2016-04-08 10:02:59,832 [1] INFO  HollyContact5_Demo.Loger [(null)] - [@@@厂家消息通知@@@]OnMessage ：厂家状态（CurStatus：15；CurStatusName：工作整理；）厂家消息（状态改变：两方通话-->工作整理）程序状态（PS06_话后）
2016-04-08 10:02:59,846 [1] INFO  HollyContact5_Demo.Loger [(null)] - [>>>厂家状态变化<<<]OnStatusChange ：PS08_普通通话（5） -> PS06_话后（15）
2016-04-08 10:02:59,862 [1] INFO  HollyContact5_Demo.Loger [(null)] - [@@@厂家消息通知@@@]OnMessage ：厂家状态（CurStatus：15；CurStatusName：工作整理；）厂家消息（整理工作开始。）程序状态（PS06_话后）
2016-04-08 10:04:09,177 [1] INFO  HollyContact5_Demo.Loger [(null)] - [HollyContactHelper]用户操作==外呼（外线号码,8401068492026）->True
2016-04-08 10:04:09,242 [1] INFO  HollyContact5_Demo.Loger [(null)] - [@@@厂家消息通知@@@]OnMessage ：厂家状态（CurStatus：15；CurStatusName：工作整理；）厂家消息（摘机：ContactID=20160408100409768_1_164_UIP5,CurrStatus=22,LastStatus=21,ResonCode=45,ResonDesc=CauseOffHook）程序状态（PS06_话后）
2016-04-08 10:04:09,267 [1] INFO  HollyContact5_Demo.Loger [(null)] - [@@@厂家消息通知@@@]OnMessage ：厂家状态（CurStatus：10；CurStatusName：呼出拨号中；）厂家消息（状态改变：工作整理-->呼出拨号中）程序状态（PS14_呼出拨号中）
2016-04-08 10:04:09,287 [1] INFO  HollyContact5_Demo.Loger [(null)] - [>>>厂家状态变化<<<]OnStatusChange ：PS06_话后（15） -> PS14_呼出拨号中（10）
2016-04-08 10:04:09,307 [1] INFO  HollyContact5_Demo.Loger [(null)] - [@@@厂家消息通知@@@]OnMessage ：厂家状态（CurStatus：10；CurStatusName：呼出拨号中；）厂家消息（呼出拨号开始。）程序状态（PS14_呼出拨号中）
2016-04-08 10:04:09,336 [1] INFO  HollyContact5_Demo.Loger [(null)] - [@@@厂家消息通知@@@]OnMessage ：厂家状态（CurStatus：10；CurStatusName：呼出拨号中；）厂家消息（座席话务处理）程序状态（PS14_呼出拨号中）
2016-04-08 10:04:09,363 [1] INFO  HollyContact5_Demo.Loger [(null)] - [@@@厂家消息通知@@@]OnMessage ：厂家状态（CurStatus：10；CurStatusName：呼出拨号中；）厂家消息（摘机：ContactID=20160408100409768_1_164_UIP5,CurrStatus=22,LastStatus=22,ResonCode=45,ResonDesc=CauseOffHook）程序状态（PS14_呼出拨号中）
2016-04-08 10:04:09,508 [1] INFO  HollyContact5_Demo.Loger [(null)] - [@@@厂家消息通知@@@]OnMessage ：厂家状态（CurStatus：10；CurStatusName：呼出拨号中；）厂家消息（录音开始：ContactID=20160408100409768_1_164_UIP5,ANI=35197,DNIS=8401068492026,ResonCode=77,ResonDesc=_??? (77)）程序状态（PS14_呼出拨号中）
2016-04-08 10:04:14,896 [1] INFO  HollyContact5_Demo.Loger [(null)] - [@@@厂家消息通知@@@]OnMessage ：厂家状态（CurStatus：5；CurStatusName：两方通话；）厂家消息（状态改变：呼出拨号中-->两方通话）程序状态（PS08_普通通话）
2016-04-08 10:04:14,922 [1] INFO  HollyContact5_Demo.Loger [(null)] - [>>>厂家状态变化<<<]OnStatusChange ：PS14_呼出拨号中（10） -> PS08_普通通话（5）
2016-04-08 10:04:14,968 [1] INFO  HollyContact5_Demo.Loger [(null)] - [@@@厂家消息通知@@@]OnMessage ：厂家状态（CurStatus：5；CurStatusName：两方通话；）厂家消息（外拨成功。）程序状态（PS08_普通通话）
2016-04-08 10:04:21,592 [1] INFO  HollyContact5_Demo.Loger [(null)] - [HollyContactHelper]用户操作==挂机->True
2016-04-08 10:04:21,670 [1] INFO  HollyContact5_Demo.Loger [(null)] - [@@@厂家消息通知@@@]OnMessage ：厂家状态（CurStatus：5；CurStatusName：两方通话；）厂家消息（通知：ContactID=20160408100409768_1_164_UIP5,CurrStatus=28,LastStatus=28,OtherParty=8401068492026,ResonCode=15,ResonDesc=ActOpDisconnected）程序状态（PS08_普通通话）
2016-04-08 10:04:21,693 [1] INFO  HollyContact5_Demo.Loger [(null)] - [@@@厂家消息通知@@@]OnMessage ：厂家状态（CurStatus：5；CurStatusName：两方通话；）厂家消息（录音停止：ContactID=20160408100409768_1_164_UIP5,ANI=35197,DNIS=8401068492026,FileName=/var/spool/hollyRecord/2016/04/35197/35197_20160408100409979.mp3,TimeLen=12188,ResonCode=78,ResonDesc=_??? (78)）程序状态（PS08_普通通话）
2016-04-08 10:04:21,720 [1] INFO  HollyContact5_Demo.Loger [(null)] - [@@@厂家消息通知@@@]OnMessage ：厂家状态（CurStatus：5；CurStatusName：两方通话；）厂家消息（话路被挂断：ContactID=20160408100409768_1_164_UIP5,CurrStatus=21,LastStatus=28,OtherParty=154007,ResonCode=16,ResonDesc=ActTpDisconnected）程序状态（PS08_普通通话）
2016-04-08 10:04:21,750 [1] INFO  HollyContact5_Demo.Loger [(null)] - [@@@厂家消息通知@@@]OnMessage ：厂家状态（CurStatus：5；CurStatusName：两方通话；）厂家消息（通话结束。）程序状态（PS08_普通通话）
2016-04-08 10:04:21,826 [1] INFO  HollyContact5_Demo.Loger [(null)] - [@@@厂家消息通知@@@]OnMessage ：厂家状态（CurStatus：15；CurStatusName：工作整理；）厂家消息（状态改变：两方通话-->工作整理）程序状态（PS06_话后）
2016-04-08 10:04:21,853 [1] INFO  HollyContact5_Demo.Loger [(null)] - [>>>厂家状态变化<<<]OnStatusChange ：PS08_普通通话（5） -> PS06_话后（15）
2016-04-08 10:04:21,877 [1] INFO  HollyContact5_Demo.Loger [(null)] - [@@@厂家消息通知@@@]OnMessage ：厂家状态（CurStatus：15；CurStatusName：工作整理；）厂家消息（整理工作开始。）程序状态（PS06_话后）
2016-04-08 10:04:27,789 [1] INFO  HollyContact5_Demo.Loger [(null)] - [^^^厂家错误通知^^^]OnError ：CTIErrorCode:0   ErrorCode:14  ErrorDesc:当前状态不允许该操作,必须是通话状态。
2016-04-08 10:04:27,789 [1] INFO  HollyContact5_Demo.Loger [(null)] - [HollyContactHelper]用户操作==保持开始->False
2016-04-08 10:04:29,132 [1] INFO  HollyContact5_Demo.Loger [(null)] - [HollyContactHelper]用户操作==外呼（外线号码,84013146611863）->True
2016-04-08 10:04:29,239 [1] INFO  HollyContact5_Demo.Loger [(null)] - [@@@厂家消息通知@@@]OnMessage ：厂家状态（CurStatus：15；CurStatusName：工作整理；）厂家消息（摘机：ContactID=20160408100429761_1_165_UIP5,CurrStatus=22,LastStatus=21,ResonCode=45,ResonDesc=CauseOffHook）程序状态（PS06_话后）
2016-04-08 10:04:29,270 [1] INFO  HollyContact5_Demo.Loger [(null)] - [@@@厂家消息通知@@@]OnMessage ：厂家状态（CurStatus：10；CurStatusName：呼出拨号中；）厂家消息（状态改变：工作整理-->呼出拨号中）程序状态（PS14_呼出拨号中）
2016-04-08 10:04:29,297 [1] INFO  HollyContact5_Demo.Loger [(null)] - [>>>厂家状态变化<<<]OnStatusChange ：PS06_话后（15） -> PS14_呼出拨号中（10）
2016-04-08 10:04:29,327 [1] INFO  HollyContact5_Demo.Loger [(null)] - [@@@厂家消息通知@@@]OnMessage ：厂家状态（CurStatus：10；CurStatusName：呼出拨号中；）厂家消息（呼出拨号开始。）程序状态（PS14_呼出拨号中）
2016-04-08 10:04:29,361 [1] INFO  HollyContact5_Demo.Loger [(null)] - [@@@厂家消息通知@@@]OnMessage ：厂家状态（CurStatus：10；CurStatusName：呼出拨号中；）厂家消息（座席话务处理）程序状态（PS14_呼出拨号中）
2016-04-08 10:04:29,396 [1] INFO  HollyContact5_Demo.Loger [(null)] - [@@@厂家消息通知@@@]OnMessage ：厂家状态（CurStatus：10；CurStatusName：呼出拨号中；）厂家消息（摘机：ContactID=20160408100429761_1_165_UIP5,CurrStatus=22,LastStatus=22,ResonCode=45,ResonDesc=CauseOffHook）程序状态（PS14_呼出拨号中）
2016-04-08 10:04:29,740 [1] INFO  HollyContact5_Demo.Loger [(null)] - [@@@厂家消息通知@@@]OnMessage ：厂家状态（CurStatus：10；CurStatusName：呼出拨号中；）厂家消息（录音开始：ContactID=20160408100429761_1_165_UIP5,ANI=35197,DNIS=84013146611863,ResonCode=77,ResonDesc=_??? (77)）程序状态（PS14_呼出拨号中）
2016-04-08 10:04:41,591 [1] INFO  HollyContact5_Demo.Loger [(null)] - [HollyContactHelper]用户操作==挂机->True
2016-04-08 10:04:41,701 [1] INFO  HollyContact5_Demo.Loger [(null)] - [@@@厂家消息通知@@@]OnMessage ：厂家状态（CurStatus：10；CurStatusName：呼出拨号中；）厂家消息（录音停止：ContactID=20160408100429761_1_165_UIP5,ANI=35197,DNIS=84013146611863,FileName=/var/spool/hollyRecord/2016/04/35197/35197_20160408100430011.mp3,TimeLen=12153,ResonCode=78,ResonDesc=_??? (78)）程序状态（PS14_呼出拨号中）
2016-04-08 10:04:41,733 [1] INFO  HollyContact5_Demo.Loger [(null)] - [@@@厂家消息通知@@@]OnMessage ：厂家状态（CurStatus：10；CurStatusName：呼出拨号中；）厂家消息（话路被挂断：ContactID=20160408100429761_1_165_UIP5,CurrStatus=21,LastStatus=25,OtherParty=154008,ResonCode=16,ResonDesc=ActTpDisconnected）程序状态（PS14_呼出拨号中）
2016-04-08 10:04:41,795 [1] INFO  HollyContact5_Demo.Loger [(null)] - [@@@厂家消息通知@@@]OnMessage ：厂家状态（CurStatus：10；CurStatusName：呼出拨号中；）厂家消息（通话结束。）程序状态（PS14_呼出拨号中）
2016-04-08 10:04:41,867 [1] INFO  HollyContact5_Demo.Loger [(null)] - [@@@厂家消息通知@@@]OnMessage ：厂家状态（CurStatus：15；CurStatusName：工作整理；）厂家消息（状态改变：呼出拨号中-->工作整理）程序状态（PS06_话后）
2016-04-08 10:04:41,897 [1] INFO  HollyContact5_Demo.Loger [(null)] - [>>>厂家状态变化<<<]OnStatusChange ：PS14_呼出拨号中（10） -> PS06_话后（15）
2016-04-08 10:04:41,926 [1] INFO  HollyContact5_Demo.Loger [(null)] - [@@@厂家消息通知@@@]OnMessage ：厂家状态（CurStatus：15；CurStatusName：工作整理；）厂家消息（整理工作开始。）程序状态（PS06_话后）
2016-04-08 10:04:45,761 [1] INFO  HollyContact5_Demo.Loger [(null)] - [HollyContactHelper]用户操作==外呼（外线号码,83013146611863）->True
2016-04-08 10:04:45,871 [1] INFO  HollyContact5_Demo.Loger [(null)] - [@@@厂家消息通知@@@]OnMessage ：厂家状态（CurStatus：15；CurStatusName：工作整理；）厂家消息（摘机：ContactID=20160408100446389_1_166_UIP5,CurrStatus=22,LastStatus=21,ResonCode=45,ResonDesc=CauseOffHook）程序状态（PS06_话后）
2016-04-08 10:04:45,906 [1] INFO  HollyContact5_Demo.Loger [(null)] - [@@@厂家消息通知@@@]OnMessage ：厂家状态（CurStatus：10；CurStatusName：呼出拨号中；）厂家消息（状态改变：工作整理-->呼出拨号中）程序状态（PS14_呼出拨号中）
2016-04-08 10:04:45,937 [1] INFO  HollyContact5_Demo.Loger [(null)] - [>>>厂家状态变化<<<]OnStatusChange ：PS06_话后（15） -> PS14_呼出拨号中（10）
2016-04-08 10:04:45,970 [1] INFO  HollyContact5_Demo.Loger [(null)] - [@@@厂家消息通知@@@]OnMessage ：厂家状态（CurStatus：10；CurStatusName：呼出拨号中；）厂家消息（呼出拨号开始。）程序状态（PS14_呼出拨号中）
2016-04-08 10:04:46,008 [1] INFO  HollyContact5_Demo.Loger [(null)] - [@@@厂家消息通知@@@]OnMessage ：厂家状态（CurStatus：10；CurStatusName：呼出拨号中；）厂家消息（座席话务处理）程序状态（PS14_呼出拨号中）
2016-04-08 10:04:46,042 [1] INFO  HollyContact5_Demo.Loger [(null)] - [@@@厂家消息通知@@@]OnMessage ：厂家状态（CurStatus：10；CurStatusName：呼出拨号中；）厂家消息（摘机：ContactID=20160408100446389_1_166_UIP5,CurrStatus=22,LastStatus=22,ResonCode=45,ResonDesc=CauseOffHook）程序状态（PS14_呼出拨号中）
2016-04-08 10:04:46,461 [1] INFO  HollyContact5_Demo.Loger [(null)] - [@@@厂家消息通知@@@]OnMessage ：厂家状态（CurStatus：10；CurStatusName：呼出拨号中；）厂家消息（录音开始：ContactID=20160408100446389_1_166_UIP5,ANI=35197,DNIS=83013146611863,ResonCode=77,ResonDesc=_??? (77)）程序状态（PS14_呼出拨号中）
2016-04-08 10:04:53,574 [1] INFO  HollyContact5_Demo.Loger [(null)] - [HollyContactHelper]用户操作==挂机->True
2016-04-08 10:04:53,644 [1] INFO  HollyContact5_Demo.Loger [(null)] - [@@@厂家消息通知@@@]OnMessage ：厂家状态（CurStatus：10；CurStatusName：呼出拨号中；）厂家消息（录音停止：ContactID=20160408100446389_1_166_UIP5,ANI=35197,DNIS=83013146611863,FileName=/var/spool/hollyRecord/2016/04/35197/35197_20160408100446694.mp3,TimeLen=7454,ResonCode=78,ResonDesc=_??? (78)）程序状态（PS14_呼出拨号中）
2016-04-08 10:04:53,668 [1] INFO  HollyContact5_Demo.Loger [(null)] - [@@@厂家消息通知@@@]OnMessage ：厂家状态（CurStatus：10；CurStatusName：呼出拨号中；）厂家消息（话路被挂断：ContactID=20160408100446389_1_166_UIP5,CurrStatus=21,LastStatus=25,OtherParty=154009,ResonCode=16,ResonDesc=ActTpDisconnected）程序状态（PS14_呼出拨号中）
2016-04-08 10:04:53,713 [1] INFO  HollyContact5_Demo.Loger [(null)] - [@@@厂家消息通知@@@]OnMessage ：厂家状态（CurStatus：10；CurStatusName：呼出拨号中；）厂家消息（通话结束。）程序状态（PS14_呼出拨号中）
2016-04-08 10:04:53,762 [1] INFO  HollyContact5_Demo.Loger [(null)] - [@@@厂家消息通知@@@]OnMessage ：厂家状态（CurStatus：15；CurStatusName：工作整理；）厂家消息（状态改变：呼出拨号中-->工作整理）程序状态（PS06_话后）
2016-04-08 10:04:53,784 [1] INFO  HollyContact5_Demo.Loger [(null)] - [>>>厂家状态变化<<<]OnStatusChange ：PS14_呼出拨号中（10） -> PS06_话后（15）
2016-04-08 10:04:53,808 [1] INFO  HollyContact5_Demo.Loger [(null)] - [@@@厂家消息通知@@@]OnMessage ：厂家状态（CurStatus：15；CurStatusName：工作整理；）厂家消息（整理工作开始。）程序状态（PS06_话后）
2016-04-08 10:07:21,696 [1] INFO  HollyContact5_Demo.Loger [(null)] - [HollyContactHelper]用户操作==签出->True
2016-04-08 10:07:21,965 [1] INFO  HollyContact5_Demo.Loger [(null)] - [@@@厂家消息通知@@@]OnMessage ：厂家状态（CurStatus：15；CurStatusName：工作整理；）厂家消息（签出成功。）程序状态（PS06_话后）
2016-04-08 10:07:22,041 [1] INFO  HollyContact5_Demo.Loger [(null)] - [@@@厂家消息通知@@@]OnMessage ：厂家状态（CurStatus：14；CurStatusName：签出；）厂家消息（状态改变：工作整理-->签出）程序状态（PS02_签出）
2016-04-08 10:07:22,076 [1] INFO  HollyContact5_Demo.Loger [(null)] - [>>>厂家状态变化<<<]OnStatusChange ：PS06_话后（15） -> PS02_签出（14）
2016-04-08 10:07:22,962 [1] INFO  HollyContact5_Demo.Loger [(null)] - [HollyContactHelper]用户操作==卸载->True
2016-04-08 10:07:33,677 [1] INFO  HollyContact5_Demo.Loger [(null)] - [HollyContactHelper]用户操作==装载及初始化->True
2016-04-08 10:07:33,738 [1] INFO  HollyContact5_Demo.Loger [(null)] - [@@@厂家消息通知@@@]OnMessage ：厂家状态（CurStatus：0；CurStatusName：准备就绪状态；）厂家消息（服务器已上线:UserName=AgentUser,UserGOR=1441793）程序状态（PS01_就绪）
2016-04-08 10:07:33,745 [1] INFO  HollyContact5_Demo.Loger [(null)] - [@@@厂家消息通知@@@]OnMessage ：厂家状态（CurStatus：0；CurStatusName：准备就绪状态；）厂家消息（服务器已上线:UserName=LSUser,UserGOR=65537）程序状态（PS01_就绪）
2016-04-08 10:07:33,755 [1] INFO  HollyContact5_Demo.Loger [(null)] - [@@@厂家消息通知@@@]OnMessage ：厂家状态（CurStatus：0；CurStatusName：准备就绪状态；）厂家消息（服务器已上线:UserName=StatEvent,UserGOR=262145）程序状态（PS01_就绪）
2016-04-08 10:07:33,763 [1] INFO  HollyContact5_Demo.Loger [(null)] - [@@@厂家消息通知@@@]OnMessage ：厂家状态（CurStatus：0；CurStatusName：准备就绪状态；）厂家消息（服务器已上线:UserName=StatUser,UserGOR=262146）程序状态（PS01_就绪）
2016-04-08 10:07:33,772 [1] INFO  HollyContact5_Demo.Loger [(null)] - [@@@厂家消息通知@@@]OnMessage ：厂家状态（CurStatus：0；CurStatusName：准备就绪状态；）厂家消息（服务器已上线:UserName=EDSUser,UserGOR=983041）程序状态（PS01_就绪）
2016-04-08 10:07:33,817 [1] INFO  HollyContact5_Demo.Loger [(null)] - [@@@厂家消息通知@@@]OnMessage ：厂家状态（CurStatus：0；CurStatusName：准备就绪状态；）厂家消息（服务器已上线:UserName=ASUser,UserGOR=655361）程序状态（PS01_就绪）
2016-04-08 10:07:35,338 [1] INFO  HollyContact5_Demo.Loger [(null)] - [HollyContactHelper]用户操作==添加技能组->1096 1
2016-04-08 10:07:36,171 [1] INFO  HollyContact5_Demo.Loger [(null)] - [HollyContactHelper]用户操作==签入->True
2016-04-08 10:07:36,405 [1] INFO  HollyContact5_Demo.Loger [(null)] - [@@@厂家消息通知@@@]OnMessage ：厂家状态（CurStatus：0；CurStatusName：准备就绪状态；）厂家消息（座席签入成功）程序状态（PS01_就绪）
2016-04-08 10:07:36,453 [1] INFO  HollyContact5_Demo.Loger [(null)] - [@@@厂家消息通知@@@]OnMessage ：厂家状态（CurStatus：2；CurStatusName：置忙；）厂家消息（状态改变：准备就绪状态-->置忙）程序状态（PS04_置忙）
2016-04-08 10:07:36,508 [1] INFO  HollyContact5_Demo.Loger [(null)] - [>>>厂家状态变化<<<]OnStatusChange ：PS01_就绪（0） -> PS04_置忙（2）
2016-04-08 10:07:36,515 [1] INFO  HollyContact5_Demo.Loger [(null)] - [@@@厂家消息通知@@@]OnMessage ：厂家状态（CurStatus：2；CurStatusName：置忙；）厂家消息（签入成功。）程序状态（PS04_置忙）
2016-04-08 10:07:37,980 [1] INFO  HollyContact5_Demo.Loger [(null)] - [HollyContactHelper]用户操作==置闲->True
2016-04-08 10:07:38,216 [1] INFO  HollyContact5_Demo.Loger [(null)] - [@@@厂家消息通知@@@]OnMessage ：厂家状态（CurStatus：1；CurStatusName：空闲；）厂家消息（状态改变：置忙-->空闲）程序状态（PS03_置闲）
2016-04-08 10:07:38,228 [1] INFO  HollyContact5_Demo.Loger [(null)] - [>>>厂家状态变化<<<]OnStatusChange ：PS04_置忙（2） -> PS03_置闲（1）
2016-04-08 10:07:38,240 [1] INFO  HollyContact5_Demo.Loger [(null)] - [@@@厂家消息通知@@@]OnMessage ：厂家状态（CurStatus：1；CurStatusName：空闲；）厂家消息（示闲成功。）程序状态（PS03_置闲）
2016-04-08 10:08:59,562 [1] INFO  HollyContact5_Demo.Loger [(null)] - [@@@厂家消息通知@@@]OnMessage ：厂家状态（CurStatus：1；CurStatusName：空闲；）厂家消息（座席被锁定）程序状态（PS03_置闲）
2016-04-08 10:09:05,803 [1] INFO  HollyContact5_Demo.Loger [(null)] - [@@@厂家消息通知@@@]OnMessage ：厂家状态（CurStatus：3；CurStatusName：震铃；）厂家消息（状态改变：空闲-->震铃）程序状态（PS07_来电震铃）
2016-04-08 10:09:05,818 [1] INFO  HollyContact5_Demo.Loger [(null)] - [>>>厂家状态变化<<<]OnStatusChange ：PS03_置闲（1） -> PS07_来电震铃（3）
2016-04-08 10:09:05,853 [1] INFO  HollyContact5_Demo.Loger [(null)] - [@@@厂家消息通知@@@]OnMessage ：厂家状态（CurStatus：3；CurStatusName：震铃；）厂家消息（来电振铃。）程序状态（PS07_来电震铃）
2016-04-08 10:09:05,867 [1] INFO  HollyContact5_Demo.Loger [(null)] - [@@@厂家消息通知@@@]OnMessage ：厂家状态（CurStatus：3；CurStatusName：震铃；）厂家消息（座席话务处理）程序状态（PS07_来电震铃）
2016-04-08 10:09:07,443 [1] INFO  HollyContact5_Demo.Loger [(null)] - [@@@厂家消息通知@@@]OnMessage ：厂家状态（CurStatus：5；CurStatusName：两方通话；）厂家消息（状态改变：震铃-->两方通话）程序状态（PS08_普通通话）
2016-04-08 10:09:07,452 [1] INFO  HollyContact5_Demo.Loger [(null)] - [>>>厂家状态变化<<<]OnStatusChange ：PS07_来电震铃（3） -> PS08_普通通话（5）
2016-04-08 10:09:07,477 [1] INFO  HollyContact5_Demo.Loger [(null)] - [@@@厂家消息通知@@@]OnMessage ：厂家状态（CurStatus：5；CurStatusName：两方通话；）厂家消息（应答成功。）程序状态（PS08_普通通话）
2016-04-08 10:09:07,664 [1] INFO  HollyContact5_Demo.Loger [(null)] - [@@@厂家消息通知@@@]OnMessage ：厂家状态（CurStatus：5；CurStatusName：两方通话；）厂家消息（录音开始：ContactID=20160408100854172_1_177_UIP5,ANI=13167383173,DNIS=87237722,ResonCode=77,ResonDesc=_??? (77)）程序状态（PS08_普通通话）
2016-04-08 10:09:16,478 [1] INFO  HollyContact5_Demo.Loger [(null)] - [HollyContactHelper]用户操作==挂机->True
2016-04-08 10:09:16,604 [1] INFO  HollyContact5_Demo.Loger [(null)] - [@@@厂家消息通知@@@]OnMessage ：厂家状态（CurStatus：5；CurStatusName：两方通话；）厂家消息（录音停止：ContactID=20160408100854172_1_177_UIP5,ANI=13167383173,DNIS=87237722,FileName=/var/spool/hollyRecord/2016/04/35197/35197_20160408100907810.mp3,TimeLen=9052,ResonCode=78,ResonDesc=_??? (78)）程序状态（PS08_普通通话）
2016-04-08 10:09:16,623 [1] INFO  HollyContact5_Demo.Loger [(null)] - [@@@厂家消息通知@@@]OnMessage ：厂家状态（CurStatus：5；CurStatusName：两方通话；）厂家消息（话路被挂断：ContactID=20160408100854172_1_177_UIP5,CurrStatus=21,LastStatus=28,OtherParty=151166,ResonCode=16,ResonDesc=ActTpDisconnected）程序状态（PS08_普通通话）
2016-04-08 10:09:16,636 [1] INFO  HollyContact5_Demo.Loger [(null)] - [@@@厂家消息通知@@@]OnMessage ：厂家状态（CurStatus：5；CurStatusName：两方通话；）厂家消息（通话结束。）程序状态（PS08_普通通话）
2016-04-08 10:09:16,663 [1] INFO  HollyContact5_Demo.Loger [(null)] - [@@@厂家消息通知@@@]OnMessage ：厂家状态（CurStatus：15；CurStatusName：工作整理；）厂家消息（状态改变：两方通话-->工作整理）程序状态（PS06_话后）
2016-04-08 10:09:16,679 [1] INFO  HollyContact5_Demo.Loger [(null)] - [>>>厂家状态变化<<<]OnStatusChange ：PS08_普通通话（5） -> PS06_话后（15）
2016-04-08 10:09:16,697 [1] INFO  HollyContact5_Demo.Loger [(null)] - [@@@厂家消息通知@@@]OnMessage ：厂家状态（CurStatus：15；CurStatusName：工作整理；）厂家消息（整理工作开始。）程序状态（PS06_话后）
2016-04-08 10:09:31,841 [1] INFO  HollyContact5_Demo.Loger [(null)] - [HollyContactHelper]用户操作==签出->True
2016-04-08 10:09:32,080 [1] INFO  HollyContact5_Demo.Loger [(null)] - [@@@厂家消息通知@@@]OnMessage ：厂家状态（CurStatus：15；CurStatusName：工作整理；）厂家消息（签出成功。）程序状态（PS06_话后）
2016-04-08 10:09:32,108 [1] INFO  HollyContact5_Demo.Loger [(null)] - [@@@厂家消息通知@@@]OnMessage ：厂家状态（CurStatus：14；CurStatusName：签出；）厂家消息（状态改变：工作整理-->签出）程序状态（PS02_签出）
2016-04-08 10:09:32,124 [1] INFO  HollyContact5_Demo.Loger [(null)] - [>>>厂家状态变化<<<]OnStatusChange ：PS06_话后（15） -> PS02_签出（14）
2016-04-08 10:09:32,863 [1] INFO  HollyContact5_Demo.Loger [(null)] - [HollyContactHelper]用户操作==卸载->True
2016-04-08 10:09:36,348 [1] INFO  HollyContact5_Demo.Loger [(null)] - [HollyContactHelper]用户操作==装载及初始化->True
2016-04-08 10:09:36,442 [1] INFO  HollyContact5_Demo.Loger [(null)] - [@@@厂家消息通知@@@]OnMessage ：厂家状态（CurStatus：0；CurStatusName：准备就绪状态；）厂家消息（服务器已上线:UserName=AgentUser,UserGOR=1572865）程序状态（PS01_就绪）
2016-04-08 10:09:36,477 [1] INFO  HollyContact5_Demo.Loger [(null)] - [@@@厂家消息通知@@@]OnMessage ：厂家状态（CurStatus：0；CurStatusName：准备就绪状态；）厂家消息（服务器已上线:UserName=LSUser,UserGOR=65537）程序状态（PS01_就绪）
2016-04-08 10:09:36,540 [1] INFO  HollyContact5_Demo.Loger [(null)] - [@@@厂家消息通知@@@]OnMessage ：厂家状态（CurStatus：0；CurStatusName：准备就绪状态；）厂家消息（服务器已上线:UserName=ASUser,UserGOR=655361）程序状态（PS01_就绪）
2016-04-08 10:09:36,557 [1] INFO  HollyContact5_Demo.Loger [(null)] - [@@@厂家消息通知@@@]OnMessage ：厂家状态（CurStatus：0；CurStatusName：准备就绪状态；）厂家消息（服务器已上线:UserName=EDSUser,UserGOR=983041）程序状态（PS01_就绪）
2016-04-08 10:09:36,584 [1] INFO  HollyContact5_Demo.Loger [(null)] - [@@@厂家消息通知@@@]OnMessage ：厂家状态（CurStatus：0；CurStatusName：准备就绪状态；）厂家消息（服务器已上线:UserName=StatEvent,UserGOR=262145）程序状态（PS01_就绪）
2016-04-08 10:09:36,617 [1] INFO  HollyContact5_Demo.Loger [(null)] - [@@@厂家消息通知@@@]OnMessage ：厂家状态（CurStatus：0；CurStatusName：准备就绪状态；）厂家消息（服务器已上线:UserName=StatUser,UserGOR=262146）程序状态（PS01_就绪）
2016-04-08 10:09:36,254 [1] INFO  HollyContact5_Demo.Loger [(null)] - [HollyContactHelper]用户操作==添加技能组->1096 1
2016-04-08 10:09:36,853 [1] INFO  HollyContact5_Demo.Loger [(null)] - [HollyContactHelper]用户操作==签入->True
2016-04-08 10:09:37,103 [1] INFO  HollyContact5_Demo.Loger [(null)] - [@@@厂家消息通知@@@]OnMessage ：厂家状态（CurStatus：0；CurStatusName：准备就绪状态；）厂家消息（座席签入成功）程序状态（PS01_就绪）
2016-04-08 10:09:37,185 [1] INFO  HollyContact5_Demo.Loger [(null)] - [@@@厂家消息通知@@@]OnMessage ：厂家状态（CurStatus：2；CurStatusName：置忙；）厂家消息（状态改变：准备就绪状态-->置忙）程序状态（PS04_置忙）
2016-04-08 10:09:37,201 [1] INFO  HollyContact5_Demo.Loger [(null)] - [>>>厂家状态变化<<<]OnStatusChange ：PS01_就绪（0） -> PS04_置忙（2）
2016-04-08 10:09:37,218 [1] INFO  HollyContact5_Demo.Loger [(null)] - [@@@厂家消息通知@@@]OnMessage ：厂家状态（CurStatus：2；CurStatusName：置忙；）厂家消息（签入成功。）程序状态（PS04_置忙）
2016-04-08 10:09:38,089 [1] INFO  HollyContact5_Demo.Loger [(null)] - [HollyContactHelper]用户操作==置闲->True
2016-04-08 10:09:38,342 [1] INFO  HollyContact5_Demo.Loger [(null)] - [@@@厂家消息通知@@@]OnMessage ：厂家状态（CurStatus：1；CurStatusName：空闲；）厂家消息（状态改变：置忙-->空闲）程序状态（PS03_置闲）
2016-04-08 10:09:38,360 [1] INFO  HollyContact5_Demo.Loger [(null)] - [>>>厂家状态变化<<<]OnStatusChange ：PS04_置忙（2） -> PS03_置闲（1）
2016-04-08 10:09:38,381 [1] INFO  HollyContact5_Demo.Loger [(null)] - [@@@厂家消息通知@@@]OnMessage ：厂家状态（CurStatus：1；CurStatusName：空闲；）厂家消息（示闲成功。）程序状态（PS03_置闲）
2016-04-08 10:10:24,514 [1] INFO  HollyContact5_Demo.Loger [(null)] - [@@@厂家消息通知@@@]OnMessage ：厂家状态（CurStatus：2；CurStatusName：置忙；）厂家消息（状态改变：空闲-->置忙）程序状态（PS04_置忙）
2016-04-08 10:10:24,530 [1] INFO  HollyContact5_Demo.Loger [(null)] - [>>>厂家状态变化<<<]OnStatusChange ：PS03_置闲（1） -> PS04_置忙（2）
2016-04-08 10:10:24,548 [1] INFO  HollyContact5_Demo.Loger [(null)] - [@@@厂家消息通知@@@]OnMessage ：厂家状态（CurStatus：2；CurStatusName：置忙；）厂家消息（示忙成功。）程序状态（PS04_置忙）
2016-04-08 10:10:24,787 [1] INFO  HollyContact5_Demo.Loger [(null)] - [HollyContactHelper]用户操作==签出->True
2016-04-08 10:10:25,034 [1] INFO  HollyContact5_Demo.Loger [(null)] - [@@@厂家消息通知@@@]OnMessage ：厂家状态（CurStatus：2；CurStatusName：置忙；）厂家消息（签出成功。）程序状态（PS04_置忙）
2016-04-08 10:10:25,074 [1] INFO  HollyContact5_Demo.Loger [(null)] - [@@@厂家消息通知@@@]OnMessage ：厂家状态（CurStatus：14；CurStatusName：签出；）厂家消息（状态改变：置忙-->签出）程序状态（PS02_签出）
2016-04-08 10:10:25,094 [1] INFO  HollyContact5_Demo.Loger [(null)] - [>>>厂家状态变化<<<]OnStatusChange ：PS04_置忙（2） -> PS02_签出（14）
2016-04-08 10:10:25,982 [1] INFO  HollyContact5_Demo.Loger [(null)] - [HollyContactHelper]用户操作==卸载->True
2016-04-08 10:10:29,911 [1] INFO  HollyContact5_Demo.Loger [(null)] - [HollyContactHelper]用户操作==装载及初始化->True
2016-04-08 10:10:29,988 [1] INFO  HollyContact5_Demo.Loger [(null)] - [@@@厂家消息通知@@@]OnMessage ：厂家状态（CurStatus：0；CurStatusName：准备就绪状态；）厂家消息（服务器已上线:UserName=AgentUser,UserGOR=1638401）程序状态（PS01_就绪）
2016-04-08 10:10:30,014 [1] INFO  HollyContact5_Demo.Loger [(null)] - [@@@厂家消息通知@@@]OnMessage ：厂家状态（CurStatus：0；CurStatusName：准备就绪状态；）厂家消息（服务器已上线:UserName=LSUser,UserGOR=65537）程序状态（PS01_就绪）
2016-04-08 10:10:30,070 [1] INFO  HollyContact5_Demo.Loger [(null)] - [@@@厂家消息通知@@@]OnMessage ：厂家状态（CurStatus：0；CurStatusName：准备就绪状态；）厂家消息（服务器已上线:UserName=ASUser,UserGOR=655361）程序状态（PS01_就绪）
2016-04-08 10:10:30,096 [1] INFO  HollyContact5_Demo.Loger [(null)] - [@@@厂家消息通知@@@]OnMessage ：厂家状态（CurStatus：0；CurStatusName：准备就绪状态；）厂家消息（服务器已上线:UserName=EDSUser,UserGOR=983041）程序状态（PS01_就绪）
2016-04-08 10:10:30,118 [1] INFO  HollyContact5_Demo.Loger [(null)] - [@@@厂家消息通知@@@]OnMessage ：厂家状态（CurStatus：0；CurStatusName：准备就绪状态；）厂家消息（服务器已上线:UserName=StatEvent,UserGOR=262145）程序状态（PS01_就绪）
2016-04-08 10:10:30,165 [1] INFO  HollyContact5_Demo.Loger [(null)] - [@@@厂家消息通知@@@]OnMessage ：厂家状态（CurStatus：0；CurStatusName：准备就绪状态；）厂家消息（服务器已上线:UserName=StatUser,UserGOR=262146）程序状态（PS01_就绪）
2016-04-08 10:10:31,283 [1] INFO  HollyContact5_Demo.Loger [(null)] - [HollyContactHelper]用户操作==添加技能组->1094 1
2016-04-08 10:10:31,812 [1] INFO  HollyContact5_Demo.Loger [(null)] - [HollyContactHelper]用户操作==签入->True
2016-04-08 10:10:32,053 [1] INFO  HollyContact5_Demo.Loger [(null)] - [@@@厂家消息通知@@@]OnMessage ：厂家状态（CurStatus：0；CurStatusName：准备就绪状态；）厂家消息（座席签入成功）程序状态（PS01_就绪）
2016-04-08 10:10:32,129 [1] INFO  HollyContact5_Demo.Loger [(null)] - [@@@厂家消息通知@@@]OnMessage ：厂家状态（CurStatus：2；CurStatusName：置忙；）厂家消息（状态改变：准备就绪状态-->置忙）程序状态（PS04_置忙）
2016-04-08 10:10:32,150 [1] INFO  HollyContact5_Demo.Loger [(null)] - [>>>厂家状态变化<<<]OnStatusChange ：PS01_就绪（0） -> PS04_置忙（2）
2016-04-08 10:10:32,179 [1] INFO  HollyContact5_Demo.Loger [(null)] - [@@@厂家消息通知@@@]OnMessage ：厂家状态（CurStatus：2；CurStatusName：置忙；）厂家消息（签入成功。）程序状态（PS04_置忙）
2016-04-08 10:10:32,520 [1] INFO  HollyContact5_Demo.Loger [(null)] - [HollyContactHelper]用户操作==置闲->True
2016-04-08 10:10:32,772 [1] INFO  HollyContact5_Demo.Loger [(null)] - [@@@厂家消息通知@@@]OnMessage ：厂家状态（CurStatus：1；CurStatusName：空闲；）厂家消息（状态改变：置忙-->空闲）程序状态（PS03_置闲）
2016-04-08 10:10:32,795 [1] INFO  HollyContact5_Demo.Loger [(null)] - [>>>厂家状态变化<<<]OnStatusChange ：PS04_置忙（2） -> PS03_置闲（1）
2016-04-08 10:10:32,821 [1] INFO  HollyContact5_Demo.Loger [(null)] - [@@@厂家消息通知@@@]OnMessage ：厂家状态（CurStatus：1；CurStatusName：空闲；）厂家消息（示闲成功。）程序状态（PS03_置闲）
2016-04-08 10:10:45,793 [1] INFO  HollyContact5_Demo.Loger [(null)] - [@@@厂家消息通知@@@]OnMessage ：厂家状态（CurStatus：1；CurStatusName：空闲；）厂家消息（座席被锁定）程序状态（PS03_置闲）
2016-04-08 10:10:49,978 [1] INFO  HollyContact5_Demo.Loger [(null)] - [@@@厂家消息通知@@@]OnMessage ：厂家状态（CurStatus：1；CurStatusName：空闲；）厂家消息（话路被挂断：ContactID=20160408101036418_1_180_UIP5,CurrStatus=21,LastStatus=0,OtherParty=,ResonCode=0,ResonDesc=ActNULL）程序状态（PS03_置闲）
2016-04-08 10:12:55,925 [1] INFO  HollyContact5_Demo.Loger [(null)] - [HollyContactHelper]用户操作==装载及初始化->False
2016-04-08 10:13:26,356 [1] INFO  HollyContact5_Demo.Loger [(null)] - [HollyContactHelper]用户操作==装载及初始化->True
2016-04-08 10:13:26,412 [1] INFO  HollyContact5_Demo.Loger [(null)] - [@@@厂家消息通知@@@]OnMessage ：厂家状态（CurStatus：0；CurStatusName：准备就绪状态；）厂家消息（服务器已上线:UserName=AgentUser,UserGOR=1703937）程序状态（PS01_就绪）
2016-04-08 10:13:26,418 [1] INFO  HollyContact5_Demo.Loger [(null)] - [@@@厂家消息通知@@@]OnMessage ：厂家状态（CurStatus：0；CurStatusName：准备就绪状态；）厂家消息（服务器已上线:UserName=LSUser,UserGOR=65537）程序状态（PS01_就绪）
2016-04-08 10:13:26,452 [1] INFO  HollyContact5_Demo.Loger [(null)] - [@@@厂家消息通知@@@]OnMessage ：厂家状态（CurStatus：0；CurStatusName：准备就绪状态；）厂家消息（服务器已上线:UserName=ASUser,UserGOR=655361）程序状态（PS01_就绪）
2016-04-08 10:13:26,463 [1] INFO  HollyContact5_Demo.Loger [(null)] - [@@@厂家消息通知@@@]OnMessage ：厂家状态（CurStatus：0；CurStatusName：准备就绪状态；）厂家消息（服务器已上线:UserName=EDSUser,UserGOR=983041）程序状态（PS01_就绪）
2016-04-08 10:13:26,473 [1] INFO  HollyContact5_Demo.Loger [(null)] - [@@@厂家消息通知@@@]OnMessage ：厂家状态（CurStatus：0；CurStatusName：准备就绪状态；）厂家消息（服务器已上线:UserName=StatEvent,UserGOR=262145）程序状态（PS01_就绪）
2016-04-08 10:13:26,491 [1] INFO  HollyContact5_Demo.Loger [(null)] - [@@@厂家消息通知@@@]OnMessage ：厂家状态（CurStatus：0；CurStatusName：准备就绪状态；）厂家消息（服务器已上线:UserName=StatUser,UserGOR=262146）程序状态（PS01_就绪）
2016-04-08 10:13:26,616 [1] INFO  HollyContact5_Demo.Loger [(null)] - [HollyContactHelper]用户操作==添加技能组->1098 1
2016-04-08 10:13:27,502 [1] INFO  HollyContact5_Demo.Loger [(null)] - [HollyContactHelper]用户操作==签入->True
2016-04-08 10:13:27,734 [1] INFO  HollyContact5_Demo.Loger [(null)] - [@@@厂家消息通知@@@]OnMessage ：厂家状态（CurStatus：0；CurStatusName：准备就绪状态；）厂家消息（座席签入成功）程序状态（PS01_就绪）
2016-04-08 10:13:27,782 [1] INFO  HollyContact5_Demo.Loger [(null)] - [@@@厂家消息通知@@@]OnMessage ：厂家状态（CurStatus：2；CurStatusName：置忙；）厂家消息（状态改变：准备就绪状态-->置忙）程序状态（PS04_置忙）
2016-04-08 10:13:27,795 [1] INFO  HollyContact5_Demo.Loger [(null)] - [>>>厂家状态变化<<<]OnStatusChange ：PS01_就绪（0） -> PS04_置忙（2）
2016-04-08 10:13:27,802 [1] INFO  HollyContact5_Demo.Loger [(null)] - [@@@厂家消息通知@@@]OnMessage ：厂家状态（CurStatus：2；CurStatusName：置忙；）厂家消息（签入成功。）程序状态（PS04_置忙）
2016-04-08 10:13:28,350 [1] INFO  HollyContact5_Demo.Loger [(null)] - [HollyContactHelper]用户操作==置闲->True
2016-04-08 10:13:28,589 [1] INFO  HollyContact5_Demo.Loger [(null)] - [@@@厂家消息通知@@@]OnMessage ：厂家状态（CurStatus：1；CurStatusName：空闲；）厂家消息（状态改变：置忙-->空闲）程序状态（PS03_置闲）
2016-04-08 10:13:28,598 [1] INFO  HollyContact5_Demo.Loger [(null)] - [>>>厂家状态变化<<<]OnStatusChange ：PS04_置忙（2） -> PS03_置闲（1）
2016-04-08 10:13:28,607 [1] INFO  HollyContact5_Demo.Loger [(null)] - [@@@厂家消息通知@@@]OnMessage ：厂家状态（CurStatus：1；CurStatusName：空闲；）厂家消息（示闲成功。）程序状态（PS03_置闲）
2016-04-08 10:13:53,014 [1] INFO  HollyContact5_Demo.Loger [(null)] - [@@@厂家消息通知@@@]OnMessage ：厂家状态（CurStatus：1；CurStatusName：空闲；）厂家消息（座席被锁定）程序状态（PS03_置闲）
2016-04-08 10:13:59,232 [1] INFO  HollyContact5_Demo.Loger [(null)] - [@@@厂家消息通知@@@]OnMessage ：厂家状态（CurStatus：3；CurStatusName：震铃；）厂家消息（状态改变：空闲-->震铃）程序状态（PS07_来电震铃）
2016-04-08 10:13:59,242 [1] INFO  HollyContact5_Demo.Loger [(null)] - [>>>厂家状态变化<<<]OnStatusChange ：PS03_置闲（1） -> PS07_来电震铃（3）
2016-04-08 10:13:59,258 [1] INFO  HollyContact5_Demo.Loger [(null)] - [@@@厂家消息通知@@@]OnMessage ：厂家状态（CurStatus：3；CurStatusName：震铃；）厂家消息（来电振铃。）程序状态（PS07_来电震铃）
2016-04-08 10:13:59,266 [1] INFO  HollyContact5_Demo.Loger [(null)] - [@@@厂家消息通知@@@]OnMessage ：厂家状态（CurStatus：3；CurStatusName：震铃；）厂家消息（座席话务处理）程序状态（PS07_来电震铃）
2016-04-08 10:14:03,929 [1] INFO  HollyContact5_Demo.Loger [(null)] - [@@@厂家消息通知@@@]OnMessage ：厂家状态（CurStatus：5；CurStatusName：两方通话；）厂家消息（状态改变：震铃-->两方通话）程序状态（PS08_普通通话）
2016-04-08 10:14:03,939 [1] INFO  HollyContact5_Demo.Loger [(null)] - [>>>厂家状态变化<<<]OnStatusChange ：PS07_来电震铃（3） -> PS08_普通通话（5）
2016-04-08 10:14:03,958 [1] INFO  HollyContact5_Demo.Loger [(null)] - [@@@厂家消息通知@@@]OnMessage ：厂家状态（CurStatus：5；CurStatusName：两方通话；）厂家消息（应答成功。）程序状态（PS08_普通通话）
2016-04-08 10:14:04,159 [1] INFO  HollyContact5_Demo.Loger [(null)] - [@@@厂家消息通知@@@]OnMessage ：厂家状态（CurStatus：5；CurStatusName：两方通话；）厂家消息（录音开始：ContactID=20160408101353344_1_183_UIP5,ANI=13167383173,DNIS=1005,ResonCode=77,ResonDesc=_??? (77)）程序状态（PS08_普通通话）
2016-04-08 10:14:22,706 [1] INFO  HollyContact5_Demo.Loger [(null)] - [@@@厂家消息通知@@@]OnMessage ：厂家状态（CurStatus：5；CurStatusName：两方通话；）厂家消息（录音停止：ContactID=20160408101353344_1_183_UIP5,ANI=13167383173,DNIS=1005,FileName=/var/spool/hollyRecord/2016/04/35197/35197_20160408101404582.mp3,TimeLen=18758,ResonCode=78,ResonDesc=_??? (78)）程序状态（PS08_普通通话）
2016-04-08 10:14:22,930 [1] INFO  HollyContact5_Demo.Loger [(null)] - [@@@厂家消息通知@@@]OnMessage ：厂家状态（CurStatus：5；CurStatusName：两方通话；）厂家消息（话路被挂断：ContactID=20160408101353344_1_183_UIP5,CurrStatus=21,LastStatus=28,OtherParty=151172,ResonCode=16,ResonDesc=ActTpDisconnected）程序状态（PS08_普通通话）
2016-04-08 10:14:22,949 [1] INFO  HollyContact5_Demo.Loger [(null)] - [@@@厂家消息通知@@@]OnMessage ：厂家状态（CurStatus：5；CurStatusName：两方通话；）厂家消息（通话结束。）程序状态（PS08_普通通话）
2016-04-08 10:14:22,974 [1] INFO  HollyContact5_Demo.Loger [(null)] - [@@@厂家消息通知@@@]OnMessage ：厂家状态（CurStatus：15；CurStatusName：工作整理；）厂家消息（状态改变：两方通话-->工作整理）程序状态（PS06_话后）
2016-04-08 10:14:22,989 [1] INFO  HollyContact5_Demo.Loger [(null)] - [>>>厂家状态变化<<<]OnStatusChange ：PS08_普通通话（5） -> PS06_话后（15）
2016-04-08 10:14:23,004 [1] INFO  HollyContact5_Demo.Loger [(null)] - [@@@厂家消息通知@@@]OnMessage ：厂家状态（CurStatus：15；CurStatusName：工作整理；）厂家消息（整理工作开始。）程序状态（PS06_话后）
