2015-12-04 09:22:45,735 [1] INFO  HollyContact5_Demo.Loger [(null)] - [HollyContactHelper]用户操作==装载及初始化->True
2015-12-04 09:22:45,855 [1] INFO  HollyContact5_Demo.Loger [(null)] - [@@@厂家消息通知@@@]OnMessage ：厂家状态（CurStatus：0；CurStatusName：准备就绪状态；）厂家消息（服务器已上线:UserName=AgentUser,UserGOR=44367873）程序状态（PS01_就绪）
2015-12-04 09:22:45,862 [1] INFO  HollyContact5_Demo.Loger [(null)] - [@@@厂家消息通知@@@]OnMessage ：厂家状态（CurStatus：0；CurStatusName：准备就绪状态；）厂家消息（服务器已上线:UserName=LSUser,UserGOR=65537）程序状态（PS01_就绪）
2015-12-04 09:22:45,898 [1] INFO  HollyContact5_Demo.Loger [(null)] - [@@@厂家消息通知@@@]OnMessage ：厂家状态（CurStatus：0；CurStatusName：准备就绪状态；）厂家消息（服务器已上线:UserName=ASUser,UserGOR=1310721）程序状态（PS01_就绪）
2015-12-04 09:22:45,904 [1] INFO  HollyContact5_Demo.Loger [(null)] - [@@@厂家消息通知@@@]OnMessage ：厂家状态（CurStatus：0；CurStatusName：准备就绪状态；）厂家消息（服务器已上线:UserName=EDSUser,UserGOR=1638401）程序状态（PS01_就绪）
2015-12-04 09:22:45,911 [1] INFO  HollyContact5_Demo.Loger [(null)] - [@@@厂家消息通知@@@]OnMessage ：厂家状态（CurStatus：0；CurStatusName：准备就绪状态；）厂家消息（服务器已上线:UserName=StatEvent,UserGOR=786433）程序状态（PS01_就绪）
2015-12-04 09:22:45,920 [1] INFO  HollyContact5_Demo.Loger [(null)] - [@@@厂家消息通知@@@]OnMessage ：厂家状态（CurStatus：0；CurStatusName：准备就绪状态；）厂家消息（服务器已上线:UserName=StatUser,UserGOR=786434）程序状态（PS01_就绪）
2015-12-04 09:22:53,360 [1] INFO  HollyContact5_Demo.Loger [(null)] - [HollyContactHelper]用户操作==添加技能组->1098 1
2015-12-04 09:22:54,374 [1] INFO  HollyContact5_Demo.Loger [(null)] - [HollyContactHelper]用户操作==签入->True
2015-12-04 09:22:54,609 [1] INFO  HollyContact5_Demo.Loger [(null)] - [@@@厂家消息通知@@@]OnMessage ：厂家状态（CurStatus：0；CurStatusName：准备就绪状态；）厂家消息（座席签入成功）程序状态（PS01_就绪）
2015-12-04 09:22:54,652 [1] INFO  HollyContact5_Demo.Loger [(null)] - [@@@厂家消息通知@@@]OnMessage ：厂家状态（CurStatus：2；CurStatusName：置忙；）厂家消息（状态改变：准备就绪状态-->置忙）程序状态（PS04_置忙）
2015-12-04 09:22:54,659 [1] INFO  HollyContact5_Demo.Loger [(null)] - [>>>厂家状态变化<<<]OnStatusChange ：PS01_就绪（0） -> PS04_置忙（2）
2015-12-04 09:22:54,664 [1] INFO  HollyContact5_Demo.Loger [(null)] - [@@@厂家消息通知@@@]OnMessage ：厂家状态（CurStatus：2；CurStatusName：置忙；）厂家消息（签入成功。）程序状态（PS04_置忙）
2015-12-04 09:23:24,532 [1] INFO  HollyContact5_Demo.Loger [(null)] - [HollyContactHelper]用户操作==开始监听（座席工号,1193）->True
2015-12-04 09:23:24,561 [1] INFO  HollyContact5_Demo.Loger [(null)] - [^^^厂家错误通知^^^]OnError ：CTIErrorCode:1343225873   ErrorCode:15  ErrorDesc:Err_IContact_InvalidAgentID
2015-12-04 09:23:24,569 [1] INFO  HollyContact5_Demo.Loger [(null)] - [^^^厂家错误通知^^^]OnError ：CTIErrorCode:1342308354   ErrorCode:15  ErrorDesc:_??? (1342308354)
2015-12-04 09:23:29,887 [1] INFO  HollyContact5_Demo.Loger [(null)] - [HollyContactHelper]用户操作==置闲->True
2015-12-04 09:23:30,124 [1] INFO  HollyContact5_Demo.Loger [(null)] - [@@@厂家消息通知@@@]OnMessage ：厂家状态（CurStatus：1；CurStatusName：空闲；）厂家消息（状态改变：置忙-->空闲）程序状态（PS03_置闲）
2015-12-04 09:23:30,132 [1] INFO  HollyContact5_Demo.Loger [(null)] - [>>>厂家状态变化<<<]OnStatusChange ：PS04_置忙（2） -> PS03_置闲（1）
2015-12-04 09:23:30,136 [1] INFO  HollyContact5_Demo.Loger [(null)] - [@@@厂家消息通知@@@]OnMessage ：厂家状态（CurStatus：1；CurStatusName：空闲；）厂家消息（示闲成功。）程序状态（PS03_置闲）
2015-12-04 09:23:32,321 [1] INFO  HollyContact5_Demo.Loger [(null)] - [HollyContactHelper]用户操作==开始监听（座席工号,1193）->False
2015-12-04 09:23:32,340 [1] INFO  HollyContact5_Demo.Loger [(null)] - [^^^厂家错误通知^^^]OnError ：CTIErrorCode:1343225873   ErrorCode:15  ErrorDesc:Err_IContact_InvalidAgentID
2015-12-04 09:25:49,948 [1] INFO  HollyContact5_Demo.Loger [(null)] - [HollyContactHelper]用户操作==装载及初始化->True
2015-12-04 09:25:49,991 [1] INFO  HollyContact5_Demo.Loger [(null)] - [@@@厂家消息通知@@@]OnMessage ：厂家状态（CurStatus：0；CurStatusName：准备就绪状态；）厂家消息（服务器已上线:UserName=AgentUser,UserGOR=44433409）程序状态（PS01_就绪）
2015-12-04 09:25:49,995 [1] INFO  HollyContact5_Demo.Loger [(null)] - [@@@厂家消息通知@@@]OnMessage ：厂家状态（CurStatus：0；CurStatusName：准备就绪状态；）厂家消息（服务器已上线:UserName=LSUser,UserGOR=65537）程序状态（PS01_就绪）
2015-12-04 09:25:50,032 [1] INFO  HollyContact5_Demo.Loger [(null)] - [@@@厂家消息通知@@@]OnMessage ：厂家状态（CurStatus：0；CurStatusName：准备就绪状态；）厂家消息（服务器已上线:UserName=ASUser,UserGOR=1310721）程序状态（PS01_就绪）
2015-12-04 09:25:50,039 [1] INFO  HollyContact5_Demo.Loger [(null)] - [@@@厂家消息通知@@@]OnMessage ：厂家状态（CurStatus：0；CurStatusName：准备就绪状态；）厂家消息（服务器已上线:UserName=EDSUser,UserGOR=1638401）程序状态（PS01_就绪）
2015-12-04 09:25:50,047 [1] INFO  HollyContact5_Demo.Loger [(null)] - [@@@厂家消息通知@@@]OnMessage ：厂家状态（CurStatus：0；CurStatusName：准备就绪状态；）厂家消息（服务器已上线:UserName=StatEvent,UserGOR=786433）程序状态（PS01_就绪）
2015-12-04 09:25:50,063 [1] INFO  HollyContact5_Demo.Loger [(null)] - [@@@厂家消息通知@@@]OnMessage ：厂家状态（CurStatus：0；CurStatusName：准备就绪状态；）厂家消息（服务器已上线:UserName=StatUser,UserGOR=786434）程序状态（PS01_就绪）
2015-12-04 09:25:50,394 [1] INFO  HollyContact5_Demo.Loger [(null)] - [HollyContactHelper]用户操作==添加技能组->1098 1
2015-12-04 09:25:51,031 [1] INFO  HollyContact5_Demo.Loger [(null)] - [HollyContactHelper]用户操作==签入->True
2015-12-04 09:25:51,273 [1] INFO  HollyContact5_Demo.Loger [(null)] - [@@@厂家消息通知@@@]OnMessage ：厂家状态（CurStatus：0；CurStatusName：准备就绪状态；）厂家消息（座席签入成功）程序状态（PS01_就绪）
2015-12-04 09:25:51,318 [1] INFO  HollyContact5_Demo.Loger [(null)] - [@@@厂家消息通知@@@]OnMessage ：厂家状态（CurStatus：2；CurStatusName：置忙；）厂家消息（状态改变：准备就绪状态-->置忙）程序状态（PS04_置忙）
2015-12-04 09:25:51,326 [1] INFO  HollyContact5_Demo.Loger [(null)] - [>>>厂家状态变化<<<]OnStatusChange ：PS01_就绪（0） -> PS04_置忙（2）
2015-12-04 09:25:51,331 [1] INFO  HollyContact5_Demo.Loger [(null)] - [@@@厂家消息通知@@@]OnMessage ：厂家状态（CurStatus：2；CurStatusName：置忙；）厂家消息（签入成功。）程序状态（PS04_置忙）
2015-12-04 09:25:57,855 [1] INFO  HollyContact5_Demo.Loger [(null)] - [HollyContactHelper]用户操作==开始监听（座席工号,1132）->True
2015-12-04 09:25:57,865 [1] INFO  HollyContact5_Demo.Loger [(null)] - [^^^厂家错误通知^^^]OnError ：CTIErrorCode:1343225873   ErrorCode:15  ErrorDesc:Err_IContact_InvalidAgentID
2015-12-04 09:25:57,870 [1] INFO  HollyContact5_Demo.Loger [(null)] - [^^^厂家错误通知^^^]OnError ：CTIErrorCode:1342308354   ErrorCode:15  ErrorDesc:_??? (1342308354)
2015-12-04 09:26:36,515 [1] INFO  HollyContact5_Demo.Loger [(null)] - [HollyContactHelper]用户操作==开始监听（座席工号,1244）->True
2015-12-04 09:26:36,517 [1] INFO  HollyContact5_Demo.Loger [(null)] - [^^^厂家错误通知^^^]OnError ：CTIErrorCode:1343225873   ErrorCode:15  ErrorDesc:Err_IContact_InvalidAgentID
2015-12-04 09:26:36,522 [1] INFO  HollyContact5_Demo.Loger [(null)] - [^^^厂家错误通知^^^]OnError ：CTIErrorCode:1342308354   ErrorCode:15  ErrorDesc:_??? (1342308354)
2015-12-04 09:26:50,702 [1] INFO  HollyContact5_Demo.Loger [(null)] - [^^^厂家错误通知^^^]OnError ：CTIErrorCode:0   ErrorCode:15  ErrorDesc:当前状态不允许该操作、必须是空闲状态。
2015-12-04 09:26:51,461 [1] INFO  HollyContact5_Demo.Loger [(null)] - [HollyContactHelper]用户操作==签出->True
2015-12-04 09:26:51,763 [1] INFO  HollyContact5_Demo.Loger [(null)] - [@@@厂家消息通知@@@]OnMessage ：厂家状态（CurStatus：2；CurStatusName：置忙；）厂家消息（签出成功。）程序状态（PS04_置忙）
2015-12-04 09:26:51,772 [1] INFO  HollyContact5_Demo.Loger [(null)] - [@@@厂家消息通知@@@]OnMessage ：厂家状态（CurStatus：14；CurStatusName：签出；）厂家消息（状态改变：置忙-->签出）程序状态（PS02_签出）
2015-12-04 09:26:51,778 [1] INFO  HollyContact5_Demo.Loger [(null)] - [>>>厂家状态变化<<<]OnStatusChange ：PS04_置忙（2） -> PS02_签出（14）
2015-12-04 09:27:00,520 [1] INFO  HollyContact5_Demo.Loger [(null)] - [HollyContactHelper]用户操作==装载及初始化->True
2015-12-04 09:27:00,568 [1] INFO  HollyContact5_Demo.Loger [(null)] - [@@@厂家消息通知@@@]OnMessage ：厂家状态（CurStatus：0；CurStatusName：准备就绪状态；）厂家消息（服务器已上线:UserName=AgentUser,UserGOR=44498945）程序状态（PS01_就绪）
2015-12-04 09:27:00,575 [1] INFO  HollyContact5_Demo.Loger [(null)] - [@@@厂家消息通知@@@]OnMessage ：厂家状态（CurStatus：0；CurStatusName：准备就绪状态；）厂家消息（服务器已上线:UserName=LSUser,UserGOR=65537）程序状态（PS01_就绪）
2015-12-04 09:27:00,612 [1] INFO  HollyContact5_Demo.Loger [(null)] - [@@@厂家消息通知@@@]OnMessage ：厂家状态（CurStatus：0；CurStatusName：准备就绪状态；）厂家消息（服务器已上线:UserName=ASUser,UserGOR=1310721）程序状态（PS01_就绪）
2015-12-04 09:27:00,622 [1] INFO  HollyContact5_Demo.Loger [(null)] - [@@@厂家消息通知@@@]OnMessage ：厂家状态（CurStatus：0；CurStatusName：准备就绪状态；）厂家消息（服务器已上线:UserName=EDSUser,UserGOR=1638401）程序状态（PS01_就绪）
2015-12-04 09:27:00,629 [1] INFO  HollyContact5_Demo.Loger [(null)] - [@@@厂家消息通知@@@]OnMessage ：厂家状态（CurStatus：0；CurStatusName：准备就绪状态；）厂家消息（服务器已上线:UserName=StatEvent,UserGOR=786433）程序状态（PS01_就绪）
2015-12-04 09:27:00,642 [1] INFO  HollyContact5_Demo.Loger [(null)] - [@@@厂家消息通知@@@]OnMessage ：厂家状态（CurStatus：0；CurStatusName：准备就绪状态；）厂家消息（服务器已上线:UserName=StatUser,UserGOR=786434）程序状态（PS01_就绪）
2015-12-04 09:27:01,389 [1] INFO  HollyContact5_Demo.Loger [(null)] - [HollyContactHelper]用户操作==添加技能组->1098 1
2015-12-04 09:27:02,236 [1] INFO  HollyContact5_Demo.Loger [(null)] - [HollyContactHelper]用户操作==签入->True
2015-12-04 09:27:02,476 [1] INFO  HollyContact5_Demo.Loger [(null)] - [@@@厂家消息通知@@@]OnMessage ：厂家状态（CurStatus：0；CurStatusName：准备就绪状态；）厂家消息（座席签入成功）程序状态（PS01_就绪）
2015-12-04 09:27:02,529 [1] INFO  HollyContact5_Demo.Loger [(null)] - [@@@厂家消息通知@@@]OnMessage ：厂家状态（CurStatus：2；CurStatusName：置忙；）厂家消息（状态改变：准备就绪状态-->置忙）程序状态（PS04_置忙）
2015-12-04 09:27:02,544 [1] INFO  HollyContact5_Demo.Loger [(null)] - [>>>厂家状态变化<<<]OnStatusChange ：PS01_就绪（0） -> PS04_置忙（2）
2015-12-04 09:27:02,557 [1] INFO  HollyContact5_Demo.Loger [(null)] - [@@@厂家消息通知@@@]OnMessage ：厂家状态（CurStatus：2；CurStatusName：置忙；）厂家消息（签入成功。）程序状态（PS04_置忙）
2015-12-04 09:27:02,899 [1] INFO  HollyContact5_Demo.Loger [(null)] - [HollyContactHelper]用户操作==置闲->True
2015-12-04 09:27:03,139 [1] INFO  HollyContact5_Demo.Loger [(null)] - [@@@厂家消息通知@@@]OnMessage ：厂家状态（CurStatus：1；CurStatusName：空闲；）厂家消息（状态改变：置忙-->空闲）程序状态（PS03_置闲）
2015-12-04 09:27:03,150 [1] INFO  HollyContact5_Demo.Loger [(null)] - [>>>厂家状态变化<<<]OnStatusChange ：PS04_置忙（2） -> PS03_置闲（1）
2015-12-04 09:27:03,162 [1] INFO  HollyContact5_Demo.Loger [(null)] - [@@@厂家消息通知@@@]OnMessage ：厂家状态（CurStatus：1；CurStatusName：空闲；）厂家消息（示闲成功。）程序状态（PS03_置闲）
2015-12-04 09:27:15,929 [1] INFO  HollyContact5_Demo.Loger [(null)] - [HollyContactHelper]用户操作==开始监听（座席工号,1235）->False
2015-12-04 09:27:15,933 [1] INFO  HollyContact5_Demo.Loger [(null)] - [^^^厂家错误通知^^^]OnError ：CTIErrorCode:1343225873   ErrorCode:15  ErrorDesc:Err_IContact_InvalidAgentID
2015-12-04 09:27:21,385 [1] INFO  HollyContact5_Demo.Loger [(null)] - [HollyContactHelper]用户操作==开始监听（座席工号,1235）->False
2015-12-04 09:27:21,390 [1] INFO  HollyContact5_Demo.Loger [(null)] - [^^^厂家错误通知^^^]OnError ：CTIErrorCode:1343225873   ErrorCode:15  ErrorDesc:Err_IContact_InvalidAgentID
2015-12-04 09:27:24,687 [1] INFO  HollyContact5_Demo.Loger [(null)] - [^^^厂家错误通知^^^]OnError ：CTIErrorCode:0   ErrorCode:15  ErrorDesc:当前状态不允许该操作,必须是置忙、整理等状态。
2015-12-04 09:27:24,687 [1] INFO  HollyContact5_Demo.Loger [(null)] - [HollyContactHelper]用户操作==置闲->False
2015-12-04 09:27:27,356 [1] INFO  HollyContact5_Demo.Loger [(null)] - [@@@厂家消息通知@@@]OnMessage ：厂家状态（CurStatus：2；CurStatusName：置忙；）厂家消息（状态改变：空闲-->置忙）程序状态（PS04_置忙）
2015-12-04 09:27:27,357 [1] INFO  HollyContact5_Demo.Loger [(null)] - [>>>厂家状态变化<<<]OnStatusChange ：PS03_置闲（1） -> PS04_置忙（2）
2015-12-04 09:27:27,361 [1] INFO  HollyContact5_Demo.Loger [(null)] - [@@@厂家消息通知@@@]OnMessage ：厂家状态（CurStatus：2；CurStatusName：置忙；）厂家消息（示忙成功。）程序状态（PS04_置忙）
2015-12-04 09:27:28,335 [1] INFO  HollyContact5_Demo.Loger [(null)] - [HollyContactHelper]用户操作==置闲->True
2015-12-04 09:27:28,569 [1] INFO  HollyContact5_Demo.Loger [(null)] - [@@@厂家消息通知@@@]OnMessage ：厂家状态（CurStatus：1；CurStatusName：空闲；）厂家消息（状态改变：置忙-->空闲）程序状态（PS03_置闲）
2015-12-04 09:27:28,576 [1] INFO  HollyContact5_Demo.Loger [(null)] - [>>>厂家状态变化<<<]OnStatusChange ：PS04_置忙（2） -> PS03_置闲（1）
2015-12-04 09:27:28,583 [1] INFO  HollyContact5_Demo.Loger [(null)] - [@@@厂家消息通知@@@]OnMessage ：厂家状态（CurStatus：1；CurStatusName：空闲；）厂家消息（示闲成功。）程序状态（PS03_置闲）
2015-12-04 09:27:36,704 [1] INFO  HollyContact5_Demo.Loger [(null)] - [HollyContactHelper]用户操作==开始监听（座席工号,1235）->False
2015-12-04 09:27:36,708 [1] INFO  HollyContact5_Demo.Loger [(null)] - [^^^厂家错误通知^^^]OnError ：CTIErrorCode:1343225873   ErrorCode:15  ErrorDesc:Err_IContact_InvalidAgentID
2015-12-04 09:28:15,415 [1] INFO  HollyContact5_Demo.Loger [(null)] - [HollyContactHelper]用户操作==签出->True
2015-12-04 09:28:15,691 [1] INFO  HollyContact5_Demo.Loger [(null)] - [@@@厂家消息通知@@@]OnMessage ：厂家状态（CurStatus：1；CurStatusName：空闲；）厂家消息（签出成功。）程序状态（PS03_置闲）
2015-12-04 09:28:15,702 [1] INFO  HollyContact5_Demo.Loger [(null)] - [@@@厂家消息通知@@@]OnMessage ：厂家状态（CurStatus：14；CurStatusName：签出；）厂家消息（状态改变：空闲-->签出）程序状态（PS02_签出）
2015-12-04 09:28:15,708 [1] INFO  HollyContact5_Demo.Loger [(null)] - [>>>厂家状态变化<<<]OnStatusChange ：PS03_置闲（1） -> PS02_签出（14）
2015-12-04 09:28:17,011 [1] INFO  HollyContact5_Demo.Loger [(null)] - [HollyContactHelper]用户操作==卸载->True
2015-12-04 09:28:18,122 [1] INFO  HollyContact5_Demo.Loger [(null)] - [HollyContactHelper]用户操作==装载及初始化->True
2015-12-04 09:28:18,203 [1] INFO  HollyContact5_Demo.Loger [(null)] - [@@@厂家消息通知@@@]OnMessage ：厂家状态（CurStatus：0；CurStatusName：准备就绪状态；）厂家消息（服务器已上线:UserName=AgentUser,UserGOR=44564481）程序状态（PS01_就绪）
2015-12-04 09:28:18,241 [1] INFO  HollyContact5_Demo.Loger [(null)] - [@@@厂家消息通知@@@]OnMessage ：厂家状态（CurStatus：0；CurStatusName：准备就绪状态；）厂家消息（服务器已上线:UserName=LSUser,UserGOR=65537）程序状态（PS01_就绪）
2015-12-04 09:28:18,335 [1] INFO  HollyContact5_Demo.Loger [(null)] - [@@@厂家消息通知@@@]OnMessage ：厂家状态（CurStatus：0；CurStatusName：准备就绪状态；）厂家消息（服务器已上线:UserName=ASUser,UserGOR=1310721）程序状态（PS01_就绪）
2015-12-04 09:28:18,345 [1] INFO  HollyContact5_Demo.Loger [(null)] - [@@@厂家消息通知@@@]OnMessage ：厂家状态（CurStatus：0；CurStatusName：准备就绪状态；）厂家消息（服务器已上线:UserName=EDSUser,UserGOR=1638401）程序状态（PS01_就绪）
2015-12-04 09:28:18,356 [1] INFO  HollyContact5_Demo.Loger [(null)] - [@@@厂家消息通知@@@]OnMessage ：厂家状态（CurStatus：0；CurStatusName：准备就绪状态；）厂家消息（服务器已上线:UserName=StatEvent,UserGOR=786433）程序状态（PS01_就绪）
2015-12-04 09:28:18,372 [1] INFO  HollyContact5_Demo.Loger [(null)] - [@@@厂家消息通知@@@]OnMessage ：厂家状态（CurStatus：0；CurStatusName：准备就绪状态；）厂家消息（服务器已上线:UserName=StatUser,UserGOR=786434）程序状态（PS01_就绪）
2015-12-04 09:28:18,260 [1] INFO  HollyContact5_Demo.Loger [(null)] - [HollyContactHelper]用户操作==添加技能组->1098 1
2015-12-04 09:28:18,909 [1] INFO  HollyContact5_Demo.Loger [(null)] - [HollyContactHelper]用户操作==签入->True
2015-12-04 09:28:19,163 [1] INFO  HollyContact5_Demo.Loger [(null)] - [@@@厂家消息通知@@@]OnMessage ：厂家状态（CurStatus：0；CurStatusName：准备就绪状态；）厂家消息（座席签入成功）程序状态（PS01_就绪）
2015-12-04 09:28:19,227 [1] INFO  HollyContact5_Demo.Loger [(null)] - [@@@厂家消息通知@@@]OnMessage ：厂家状态（CurStatus：2；CurStatusName：置忙；）厂家消息（状态改变：准备就绪状态-->置忙）程序状态（PS04_置忙）
2015-12-04 09:28:19,235 [1] INFO  HollyContact5_Demo.Loger [(null)] - [>>>厂家状态变化<<<]OnStatusChange ：PS01_就绪（0） -> PS04_置忙（2）
2015-12-04 09:28:19,247 [1] INFO  HollyContact5_Demo.Loger [(null)] - [@@@厂家消息通知@@@]OnMessage ：厂家状态（CurStatus：2；CurStatusName：置忙；）厂家消息（签入成功。）程序状态（PS04_置忙）
2015-12-04 09:28:30,224 [1] INFO  HollyContact5_Demo.Loger [(null)] - [HollyContactHelper]用户操作==外呼（分机号,35197）->True
2015-12-04 09:28:30,332 [1] INFO  HollyContact5_Demo.Loger [(null)] - [@@@厂家消息通知@@@]OnMessage ：厂家状态（CurStatus：2；CurStatusName：置忙；）厂家消息（摘机：ContactID=20151204092830684_1_122_UIP5,CurrStatus=22,LastStatus=21,ResonCode=45,ResonDesc=CauseOffHook）程序状态（PS04_置忙）
2015-12-04 09:28:30,345 [1] INFO  HollyContact5_Demo.Loger [(null)] - [@@@厂家消息通知@@@]OnMessage ：厂家状态（CurStatus：10；CurStatusName：呼出拨号中；）厂家消息（状态改变：置忙-->呼出拨号中）程序状态（PS14_呼出拨号中）
2015-12-04 09:28:30,355 [1] INFO  HollyContact5_Demo.Loger [(null)] - [>>>厂家状态变化<<<]OnStatusChange ：PS04_置忙（2） -> PS14_呼出拨号中（10）
2015-12-04 09:28:30,371 [1] INFO  HollyContact5_Demo.Loger [(null)] - [@@@厂家消息通知@@@]OnMessage ：厂家状态（CurStatus：10；CurStatusName：呼出拨号中；）厂家消息（呼出拨号开始。）程序状态（PS14_呼出拨号中）
2015-12-04 09:28:30,386 [1] INFO  HollyContact5_Demo.Loger [(null)] - [@@@厂家消息通知@@@]OnMessage ：厂家状态（CurStatus：10；CurStatusName：呼出拨号中；）厂家消息（座席话务处理）程序状态（PS14_呼出拨号中）
2015-12-04 09:28:30,406 [1] INFO  HollyContact5_Demo.Loger [(null)] - [@@@厂家消息通知@@@]OnMessage ：厂家状态（CurStatus：10；CurStatusName：呼出拨号中；）厂家消息（摘机：ContactID=20151204092830684_1_122_UIP5,CurrStatus=22,LastStatus=22,ResonCode=45,ResonDesc=CauseOffHook）程序状态（PS14_呼出拨号中）
2015-12-04 09:28:32,502 [1] INFO  HollyContact5_Demo.Loger [(null)] - [@@@厂家消息通知@@@]OnMessage ：厂家状态（CurStatus：5；CurStatusName：两方通话；）厂家消息（状态改变：呼出拨号中-->两方通话）程序状态（PS08_普通通话）
2015-12-04 09:28:32,510 [1] INFO  HollyContact5_Demo.Loger [(null)] - [>>>厂家状态变化<<<]OnStatusChange ：PS14_呼出拨号中（10） -> PS08_普通通话（5）
2015-12-04 09:28:32,526 [1] INFO  HollyContact5_Demo.Loger [(null)] - [@@@厂家消息通知@@@]OnMessage ：厂家状态（CurStatus：5；CurStatusName：两方通话；）厂家消息（外拨成功。）程序状态（PS08_普通通话）
2015-12-04 09:28:32,732 [1] INFO  HollyContact5_Demo.Loger [(null)] - [@@@厂家消息通知@@@]OnMessage ：厂家状态（CurStatus：5；CurStatusName：两方通话；）厂家消息（录音开始：ContactID=20151204092830684_1_122_UIP5,ANI=40001,DNIS=35197,ResonCode=77,ResonDesc=_??? (77)）程序状态（PS08_普通通话）
2015-12-04 09:28:33,032 [1] INFO  HollyContact5_Demo.Loger [(null)] - [@@@厂家消息通知@@@]OnMessage ：厂家状态（CurStatus：5；CurStatusName：两方通话；）厂家消息（通知：ContactID=20151204092830684_1_122_UIP5,CurrStatus=28,LastStatus=28,OtherParty=35197,ResonCode=15,ResonDesc=ActOpDisconnected）程序状态（PS08_普通通话）
2015-12-04 09:28:33,538 [1] INFO  HollyContact5_Demo.Loger [(null)] - [@@@厂家消息通知@@@]OnMessage ：厂家状态（CurStatus：5；CurStatusName：两方通话；）厂家消息（录音停止：ContactID=20151204092830684_1_122_UIP5,ANI=40001,DNIS=35197,FileName=/var/spool/hollyRecord/2015/12/40001/40001_20151204092832945.mp3,TimeLen=494,ResonCode=78,ResonDesc=_??? (78)）程序状态（PS08_普通通话）
2015-12-04 09:28:33,551 [1] INFO  HollyContact5_Demo.Loger [(null)] - [@@@厂家消息通知@@@]OnMessage ：厂家状态（CurStatus：5；CurStatusName：两方通话；）厂家消息（话路被挂断：ContactID=20151204092830684_1_122_UIP5,CurrStatus=21,LastStatus=28,OtherParty=35197,ResonCode=16,ResonDesc=ActTpDisconnected）程序状态（PS08_普通通话）
2015-12-04 09:28:33,649 [1] INFO  HollyContact5_Demo.Loger [(null)] - [@@@厂家消息通知@@@]OnMessage ：厂家状态（CurStatus：5；CurStatusName：两方通话；）厂家消息（通话结束。）程序状态（PS08_普通通话）
2015-12-04 09:28:33,680 [1] INFO  HollyContact5_Demo.Loger [(null)] - [@@@厂家消息通知@@@]OnMessage ：厂家状态（CurStatus：15；CurStatusName：工作整理；）厂家消息（状态改变：两方通话-->工作整理）程序状态（PS06_话后）
2015-12-04 09:28:33,689 [1] INFO  HollyContact5_Demo.Loger [(null)] - [>>>厂家状态变化<<<]OnStatusChange ：PS08_普通通话（5） -> PS06_话后（15）
2015-12-04 09:28:33,700 [1] INFO  HollyContact5_Demo.Loger [(null)] - [@@@厂家消息通知@@@]OnMessage ：厂家状态（CurStatus：15；CurStatusName：工作整理；）厂家消息（整理工作开始。）程序状态（PS06_话后）
2015-12-04 09:28:37,809 [1] INFO  HollyContact5_Demo.Loger [(null)] - [HollyContactHelper]用户操作==置闲->True
2015-12-04 09:28:38,054 [1] INFO  HollyContact5_Demo.Loger [(null)] - [@@@厂家消息通知@@@]OnMessage ：厂家状态（CurStatus：1；CurStatusName：空闲；）厂家消息（状态改变：工作整理-->空闲）程序状态（PS03_置闲）
2015-12-04 09:28:38,068 [1] INFO  HollyContact5_Demo.Loger [(null)] - [>>>厂家状态变化<<<]OnStatusChange ：PS06_话后（15） -> PS03_置闲（1）
2015-12-04 09:28:38,083 [1] INFO  HollyContact5_Demo.Loger [(null)] - [@@@厂家消息通知@@@]OnMessage ：厂家状态（CurStatus：1；CurStatusName：空闲；）厂家消息（示闲成功。）程序状态（PS03_置闲）
2015-12-04 09:28:58,474 [1] INFO  HollyContact5_Demo.Loger [(null)] - [HollyContactHelper]用户操作==开始监听（座席工号,1365）->False
2015-12-04 09:28:58,487 [1] INFO  HollyContact5_Demo.Loger [(null)] - [^^^厂家错误通知^^^]OnError ：CTIErrorCode:1343225873   ErrorCode:15  ErrorDesc:Err_IContact_InvalidAgentID
2015-12-04 09:29:05,011 [1] INFO  HollyContact5_Demo.Loger [(null)] - [HollyContactHelper]用户操作==开始监听（座席工号,1365）->False
2015-12-04 09:29:05,014 [1] INFO  HollyContact5_Demo.Loger [(null)] - [^^^厂家错误通知^^^]OnError ：CTIErrorCode:1343225873   ErrorCode:15  ErrorDesc:Err_IContact_InvalidAgentID
2015-12-04 09:30:47,936 [1] INFO  HollyContact5_Demo.Loger [(null)] - [HollyContactHelper]用户操作==开始监听（座席工号,1365）->False
2015-12-04 09:30:47,961 [1] INFO  HollyContact5_Demo.Loger [(null)] - [^^^厂家错误通知^^^]OnError ：CTIErrorCode:1343225873   ErrorCode:15  ErrorDesc:Err_IContact_InvalidAgentID
2015-12-04 09:32:18,740 [1] INFO  HollyContact5_Demo.Loger [(null)] - [HollyContactHelper]用户操作==装载及初始化->True
2015-12-04 09:32:18,793 [1] INFO  HollyContact5_Demo.Loger [(null)] - [@@@厂家消息通知@@@]OnMessage ：厂家状态（CurStatus：0；CurStatusName：准备就绪状态；）厂家消息（服务器已上线:UserName=AgentUser,UserGOR=44630017）程序状态（PS01_就绪）
2015-12-04 09:32:18,799 [1] INFO  HollyContact5_Demo.Loger [(null)] - [@@@厂家消息通知@@@]OnMessage ：厂家状态（CurStatus：0；CurStatusName：准备就绪状态；）厂家消息（服务器已上线:UserName=LSUser,UserGOR=65537）程序状态（PS01_就绪）
2015-12-04 09:32:18,836 [1] INFO  HollyContact5_Demo.Loger [(null)] - [@@@厂家消息通知@@@]OnMessage ：厂家状态（CurStatus：0；CurStatusName：准备就绪状态；）厂家消息（服务器已上线:UserName=ASUser,UserGOR=1310721）程序状态（PS01_就绪）
2015-12-04 09:32:18,847 [1] INFO  HollyContact5_Demo.Loger [(null)] - [@@@厂家消息通知@@@]OnMessage ：厂家状态（CurStatus：0；CurStatusName：准备就绪状态；）厂家消息（服务器已上线:UserName=EDSUser,UserGOR=1638401）程序状态（PS01_就绪）
2015-12-04 09:32:18,854 [1] INFO  HollyContact5_Demo.Loger [(null)] - [@@@厂家消息通知@@@]OnMessage ：厂家状态（CurStatus：0；CurStatusName：准备就绪状态；）厂家消息（服务器已上线:UserName=StatEvent,UserGOR=786433）程序状态（PS01_就绪）
2015-12-04 09:32:18,868 [1] INFO  HollyContact5_Demo.Loger [(null)] - [@@@厂家消息通知@@@]OnMessage ：厂家状态（CurStatus：0；CurStatusName：准备就绪状态；）厂家消息（服务器已上线:UserName=StatUser,UserGOR=786434）程序状态（PS01_就绪）
2015-12-04 09:32:19,447 [1] INFO  HollyContact5_Demo.Loger [(null)] - [HollyContactHelper]用户操作==添加技能组->1098 1
2015-12-04 09:32:20,235 [1] INFO  HollyContact5_Demo.Loger [(null)] - [HollyContactHelper]用户操作==签入->True
2015-12-04 09:32:20,475 [1] INFO  HollyContact5_Demo.Loger [(null)] - [@@@厂家消息通知@@@]OnMessage ：厂家状态（CurStatus：0；CurStatusName：准备就绪状态；）厂家消息（座席签入成功）程序状态（PS01_就绪）
2015-12-04 09:32:20,527 [1] INFO  HollyContact5_Demo.Loger [(null)] - [@@@厂家消息通知@@@]OnMessage ：厂家状态（CurStatus：2；CurStatusName：置忙；）厂家消息（状态改变：准备就绪状态-->置忙）程序状态（PS04_置忙）
2015-12-04 09:32:20,539 [1] INFO  HollyContact5_Demo.Loger [(null)] - [>>>厂家状态变化<<<]OnStatusChange ：PS01_就绪（0） -> PS04_置忙（2）
2015-12-04 09:32:20,548 [1] INFO  HollyContact5_Demo.Loger [(null)] - [@@@厂家消息通知@@@]OnMessage ：厂家状态（CurStatus：2；CurStatusName：置忙；）厂家消息（签入成功。）程序状态（PS04_置忙）
2015-12-04 09:32:37,708 [1] INFO  HollyContact5_Demo.Loger [(null)] - [HollyContactHelper]用户操作==置闲->True
2015-12-04 09:32:37,980 [1] INFO  HollyContact5_Demo.Loger [(null)] - [@@@厂家消息通知@@@]OnMessage ：厂家状态（CurStatus：1；CurStatusName：空闲；）厂家消息（状态改变：置忙-->空闲）程序状态（PS03_置闲）
2015-12-04 09:32:37,987 [1] INFO  HollyContact5_Demo.Loger [(null)] - [>>>厂家状态变化<<<]OnStatusChange ：PS04_置忙（2） -> PS03_置闲（1）
2015-12-04 09:32:37,995 [1] INFO  HollyContact5_Demo.Loger [(null)] - [@@@厂家消息通知@@@]OnMessage ：厂家状态（CurStatus：1；CurStatusName：空闲；）厂家消息（示闲成功。）程序状态（PS03_置闲）
2015-12-04 09:32:40,825 [1] INFO  HollyContact5_Demo.Loger [(null)] - [HollyContactHelper]用户操作==开始监听（座席工号,1299）->False
2015-12-04 09:32:40,832 [1] INFO  HollyContact5_Demo.Loger [(null)] - [^^^厂家错误通知^^^]OnError ：CTIErrorCode:1343225873   ErrorCode:15  ErrorDesc:Err_IContact_InvalidAgentID
2015-12-04 09:33:14,890 [1] INFO  HollyContact5_Demo.Loger [(null)] - [HollyContactHelper]用户操作==签出->True
2015-12-04 09:33:15,126 [1] INFO  HollyContact5_Demo.Loger [(null)] - [@@@厂家消息通知@@@]OnMessage ：厂家状态（CurStatus：1；CurStatusName：空闲；）厂家消息（签出成功。）程序状态（PS03_置闲）
2015-12-04 09:33:15,141 [1] INFO  HollyContact5_Demo.Loger [(null)] - [HollyContactHelper]ModifySoftphoneINIByDN――根据DN32003,选择的SIPServerIP为：192.168.112.202
2015-12-04 09:33:16,438 [1] INFO  HollyContact5_Demo.Loger [(null)] - [HollyContactHelper]用户操作==卸载->True
2015-12-04 09:33:16,532 [1] INFO  HollyContact5_Demo.Loger [(null)] - [HollyContactHelper]用户操作==装载及初始化->True
2015-12-04 09:33:16,543 [1] INFO  HollyContact5_Demo.Loger [(null)] - [^^^厂家错误通知^^^]OnError ：CTIErrorCode:0   ErrorCode:18  ErrorDesc:TryEnterLogout Call Happen Exception
2015-12-04 09:33:16,654 [1] INFO  HollyContact5_Demo.Loger [(null)] - [@@@厂家消息通知@@@]OnMessage ：厂家状态（CurStatus：0；CurStatusName：准备就绪状态；）厂家消息（服务器已上线:UserName=AgentUser,UserGOR=69206017）程序状态（PS01_就绪）
2015-12-04 09:33:16,668 [1] INFO  HollyContact5_Demo.Loger [(null)] - [@@@厂家消息通知@@@]OnMessage ：厂家状态（CurStatus：0；CurStatusName：准备就绪状态；）厂家消息（服务器已上线:UserName=LSUser,UserGOR=65537）程序状态（PS01_就绪）
2015-12-04 09:33:16,714 [1] INFO  HollyContact5_Demo.Loger [(null)] - [@@@厂家消息通知@@@]OnMessage ：厂家状态（CurStatus：0；CurStatusName：准备就绪状态；）厂家消息（服务器已上线:UserName=ASUser,UserGOR=655361）程序状态（PS01_就绪）
2015-12-04 09:33:16,728 [1] INFO  HollyContact5_Demo.Loger [(null)] - [@@@厂家消息通知@@@]OnMessage ：厂家状态（CurStatus：0；CurStatusName：准备就绪状态；）厂家消息（服务器已上线:UserName=EDSUser,UserGOR=1245185）程序状态（PS01_就绪）
2015-12-04 09:33:16,739 [1] INFO  HollyContact5_Demo.Loger [(null)] - [@@@厂家消息通知@@@]OnMessage ：厂家状态（CurStatus：0；CurStatusName：准备就绪状态；）厂家消息（服务器已上线:UserName=StatEvent,UserGOR=196609）程序状态（PS01_就绪）
2015-12-04 09:33:16,761 [1] INFO  HollyContact5_Demo.Loger [(null)] - [HollyContactHelper]用户操作==添加技能组->1098 1
2015-12-04 09:33:16,807 [1] INFO  HollyContact5_Demo.Loger [(null)] - [HollyContactHelper]用户操作==签入->True
2015-12-04 09:33:16,820 [1] INFO  HollyContact5_Demo.Loger [(null)] - [@@@厂家消息通知@@@]OnMessage ：厂家状态（CurStatus：0；CurStatusName：准备就绪状态；）厂家消息（服务器已上线:UserName=StatUser,UserGOR=196610）程序状态（PS01_就绪）
2015-12-04 09:33:14,224 [1] INFO  HollyContact5_Demo.Loger [(null)] - [@@@厂家消息通知@@@]OnMessage ：厂家状态（CurStatus：0；CurStatusName：准备就绪状态；）厂家消息（座席签入成功）程序状态（PS01_就绪）
2015-12-04 09:33:14,279 [1] INFO  HollyContact5_Demo.Loger [(null)] - [@@@厂家消息通知@@@]OnMessage ：厂家状态（CurStatus：2；CurStatusName：置忙；）厂家消息（状态改变：准备就绪状态-->置忙）程序状态（PS04_置忙）
2015-12-04 09:33:14,288 [1] INFO  HollyContact5_Demo.Loger [(null)] - [>>>厂家状态变化<<<]OnStatusChange ：PS01_就绪（0） -> PS04_置忙（2）
2015-12-04 09:33:14,335 [1] INFO  HollyContact5_Demo.Loger [(null)] - [HollyContactHelper]用户操作==置闲->True
2015-12-04 09:33:14,343 [1] INFO  HollyContact5_Demo.Loger [(null)] - [@@@厂家消息通知@@@]OnMessage ：厂家状态（CurStatus：2；CurStatusName：置忙；）厂家消息（签入成功。）程序状态（PS04_置忙）
2015-12-04 09:33:14,573 [1] INFO  HollyContact5_Demo.Loger [(null)] - [@@@厂家消息通知@@@]OnMessage ：厂家状态（CurStatus：1；CurStatusName：空闲；）厂家消息（状态改变：置忙-->空闲）程序状态（PS03_置闲）
2015-12-04 09:33:14,583 [1] INFO  HollyContact5_Demo.Loger [(null)] - [>>>厂家状态变化<<<]OnStatusChange ：PS04_置忙（2） -> PS03_置闲（1）
2015-12-04 09:33:15,093 [1] INFO  HollyContact5_Demo.Loger [(null)] - [HollyContactHelper]用户操作==开始监听（座席工号,1299）->False
2015-12-04 09:33:15,107 [1] INFO  HollyContact5_Demo.Loger [(null)] - [@@@厂家消息通知@@@]OnMessage ：厂家状态（CurStatus：1；CurStatusName：空闲；）厂家消息（示闲成功。）程序状态（PS03_置闲）
2015-12-04 09:33:15,116 [1] INFO  HollyContact5_Demo.Loger [(null)] - [^^^厂家错误通知^^^]OnError ：CTIErrorCode:1343225873   ErrorCode:15  ErrorDesc:Err_IContact_InvalidAgentID
2015-12-04 09:33:47,258 [1] INFO  HollyContact5_Demo.Loger [(null)] - [HollyContactHelper]用户操作==签出->True
2015-12-04 09:33:47,493 [1] INFO  HollyContact5_Demo.Loger [(null)] - [@@@厂家消息通知@@@]OnMessage ：厂家状态（CurStatus：1；CurStatusName：空闲；）厂家消息（签出成功。）程序状态（PS03_置闲）
2015-12-04 09:33:47,515 [1] INFO  HollyContact5_Demo.Loger [(null)] - [@@@厂家消息通知@@@]OnMessage ：厂家状态（CurStatus：14；CurStatusName：签出；）厂家消息（状态改变：空闲-->签出）程序状态（PS02_签出）
2015-12-04 09:33:47,524 [1] INFO  HollyContact5_Demo.Loger [(null)] - [>>>厂家状态变化<<<]OnStatusChange ：PS03_置闲（1） -> PS02_签出（14）
2015-12-04 09:33:57,778 [1] INFO  HollyContact5_Demo.Loger [(null)] - [HollyContactHelper]用户操作==装载及初始化->True
2015-12-04 09:33:57,821 [1] INFO  HollyContact5_Demo.Loger [(null)] - [@@@厂家消息通知@@@]OnMessage ：厂家状态（CurStatus：0；CurStatusName：准备就绪状态；）厂家消息（服务器已上线:UserName=AgentUser,UserGOR=69271553）程序状态（PS01_就绪）
2015-12-04 09:33:57,826 [1] INFO  HollyContact5_Demo.Loger [(null)] - [@@@厂家消息通知@@@]OnMessage ：厂家状态（CurStatus：0；CurStatusName：准备就绪状态；）厂家消息（服务器已上线:UserName=LSUser,UserGOR=65537）程序状态（PS01_就绪）
2015-12-04 09:33:57,864 [1] INFO  HollyContact5_Demo.Loger [(null)] - [@@@厂家消息通知@@@]OnMessage ：厂家状态（CurStatus：0；CurStatusName：准备就绪状态；）厂家消息（服务器已上线:UserName=ASUser,UserGOR=655361）程序状态（PS01_就绪）
2015-12-04 09:33:57,870 [1] INFO  HollyContact5_Demo.Loger [(null)] - [@@@厂家消息通知@@@]OnMessage ：厂家状态（CurStatus：0；CurStatusName：准备就绪状态；）厂家消息（服务器已上线:UserName=EDSUser,UserGOR=1245185）程序状态（PS01_就绪）
2015-12-04 09:33:57,876 [1] INFO  HollyContact5_Demo.Loger [(null)] - [@@@厂家消息通知@@@]OnMessage ：厂家状态（CurStatus：0；CurStatusName：准备就绪状态；）厂家消息（服务器已上线:UserName=StatEvent,UserGOR=196609）程序状态（PS01_就绪）
2015-12-04 09:33:57,887 [1] INFO  HollyContact5_Demo.Loger [(null)] - [@@@厂家消息通知@@@]OnMessage ：厂家状态（CurStatus：0；CurStatusName：准备就绪状态；）厂家消息（服务器已上线:UserName=StatUser,UserGOR=196610）程序状态（PS01_就绪）
2015-12-04 09:34:01,197 [1] INFO  HollyContact5_Demo.Loger [(null)] - [HollyContactHelper]用户操作==添加技能组->1098 1
2015-12-04 09:34:02,295 [1] INFO  HollyContact5_Demo.Loger [(null)] - [HollyContactHelper]用户操作==签入->True
2015-12-04 09:34:02,536 [1] INFO  HollyContact5_Demo.Loger [(null)] - [@@@厂家消息通知@@@]OnMessage ：厂家状态（CurStatus：0；CurStatusName：准备就绪状态；）厂家消息（座席签入成功）程序状态（PS01_就绪）
2015-12-04 09:34:02,626 [1] INFO  HollyContact5_Demo.Loger [(null)] - [@@@厂家消息通知@@@]OnMessage ：厂家状态（CurStatus：2；CurStatusName：置忙；）厂家消息（状态改变：准备就绪状态-->置忙）程序状态（PS04_置忙）
2015-12-04 09:34:02,643 [1] INFO  HollyContact5_Demo.Loger [(null)] - [>>>厂家状态变化<<<]OnStatusChange ：PS01_就绪（0） -> PS04_置忙（2）
2015-12-04 09:34:02,651 [1] INFO  HollyContact5_Demo.Loger [(null)] - [@@@厂家消息通知@@@]OnMessage ：厂家状态（CurStatus：2；CurStatusName：置忙；）厂家消息（签入成功。）程序状态（PS04_置忙）
2015-12-04 09:34:17,460 [1] INFO  HollyContact5_Demo.Loger [(null)] - [HollyContactHelper]用户操作==置闲->True
2015-12-04 09:34:17,699 [1] INFO  HollyContact5_Demo.Loger [(null)] - [@@@厂家消息通知@@@]OnMessage ：厂家状态（CurStatus：1；CurStatusName：空闲；）厂家消息（状态改变：置忙-->空闲）程序状态（PS03_置闲）
2015-12-04 09:34:17,704 [1] INFO  HollyContact5_Demo.Loger [(null)] - [>>>厂家状态变化<<<]OnStatusChange ：PS04_置忙（2） -> PS03_置闲（1）
2015-12-04 09:34:17,711 [1] INFO  HollyContact5_Demo.Loger [(null)] - [@@@厂家消息通知@@@]OnMessage ：厂家状态（CurStatus：1；CurStatusName：空闲；）厂家消息（示闲成功。）程序状态（PS03_置闲）
2015-12-04 09:38:33,514 [1] INFO  HollyContact5_Demo.Loger [(null)] - [HollyContactHelper]用户操作==装载及初始化->True
2015-12-04 09:38:33,560 [1] INFO  HollyContact5_Demo.Loger [(null)] - [@@@厂家消息通知@@@]OnMessage ：厂家状态（CurStatus：0；CurStatusName：准备就绪状态；）厂家消息（服务器已上线:UserName=AgentUser,UserGOR=69664769）程序状态（PS01_就绪）
2015-12-04 09:38:33,567 [1] INFO  HollyContact5_Demo.Loger [(null)] - [@@@厂家消息通知@@@]OnMessage ：厂家状态（CurStatus：0；CurStatusName：准备就绪状态；）厂家消息（服务器已上线:UserName=LSUser,UserGOR=65537）程序状态（PS01_就绪）
2015-12-04 09:38:33,605 [1] INFO  HollyContact5_Demo.Loger [(null)] - [@@@厂家消息通知@@@]OnMessage ：厂家状态（CurStatus：0；CurStatusName：准备就绪状态；）厂家消息（服务器已上线:UserName=ASUser,UserGOR=655361）程序状态（PS01_就绪）
2015-12-04 09:38:33,614 [1] INFO  HollyContact5_Demo.Loger [(null)] - [@@@厂家消息通知@@@]OnMessage ：厂家状态（CurStatus：0；CurStatusName：准备就绪状态；）厂家消息（服务器已上线:UserName=EDSUser,UserGOR=1245185）程序状态（PS01_就绪）
2015-12-04 09:38:33,620 [1] INFO  HollyContact5_Demo.Loger [(null)] - [@@@厂家消息通知@@@]OnMessage ：厂家状态（CurStatus：0；CurStatusName：准备就绪状态；）厂家消息（服务器已上线:UserName=StatEvent,UserGOR=196609）程序状态（PS01_就绪）
2015-12-04 09:38:33,635 [1] INFO  HollyContact5_Demo.Loger [(null)] - [@@@厂家消息通知@@@]OnMessage ：厂家状态（CurStatus：0；CurStatusName：准备就绪状态；）厂家消息（服务器已上线:UserName=StatUser,UserGOR=196610）程序状态（PS01_就绪）
2015-12-04 09:38:33,388 [1] INFO  HollyContact5_Demo.Loger [(null)] - [HollyContactHelper]用户操作==添加技能组->1098 1
2015-12-04 09:38:34,117 [1] INFO  HollyContact5_Demo.Loger [(null)] - [HollyContactHelper]用户操作==签入->True
2015-12-04 09:38:34,358 [1] INFO  HollyContact5_Demo.Loger [(null)] - [@@@厂家消息通知@@@]OnMessage ：厂家状态（CurStatus：0；CurStatusName：准备就绪状态；）厂家消息（座席签入成功）程序状态（PS01_就绪）
2015-12-04 09:38:34,412 [1] INFO  HollyContact5_Demo.Loger [(null)] - [@@@厂家消息通知@@@]OnMessage ：厂家状态（CurStatus：2；CurStatusName：置忙；）厂家消息（状态改变：准备就绪状态-->置忙）程序状态（PS04_置忙）
2015-12-04 09:38:34,423 [1] INFO  HollyContact5_Demo.Loger [(null)] - [>>>厂家状态变化<<<]OnStatusChange ：PS01_就绪（0） -> PS04_置忙（2）
2015-12-04 09:38:34,434 [1] INFO  HollyContact5_Demo.Loger [(null)] - [@@@厂家消息通知@@@]OnMessage ：厂家状态（CurStatus：2；CurStatusName：置忙；）厂家消息（签入成功。）程序状态（PS04_置忙）
2015-12-04 09:38:46,445 [1] INFO  HollyContact5_Demo.Loger [(null)] - [HollyContactHelper]用户操作==置闲->True
2015-12-04 09:38:46,723 [1] INFO  HollyContact5_Demo.Loger [(null)] - [@@@厂家消息通知@@@]OnMessage ：厂家状态（CurStatus：1；CurStatusName：空闲；）厂家消息（状态改变：置忙-->空闲）程序状态（PS03_置闲）
2015-12-04 09:38:46,732 [1] INFO  HollyContact5_Demo.Loger [(null)] - [>>>厂家状态变化<<<]OnStatusChange ：PS04_置忙（2） -> PS03_置闲（1）
2015-12-04 09:38:46,740 [1] INFO  HollyContact5_Demo.Loger [(null)] - [@@@厂家消息通知@@@]OnMessage ：厂家状态（CurStatus：1；CurStatusName：空闲；）厂家消息（示闲成功。）程序状态（PS03_置闲）
2015-12-04 09:38:48,977 [1] INFO  HollyContact5_Demo.Loger [(null)] - [HollyContactHelper]用户操作==签出->True
2015-12-04 09:38:49,249 [1] INFO  HollyContact5_Demo.Loger [(null)] - [@@@厂家消息通知@@@]OnMessage ：厂家状态（CurStatus：1；CurStatusName：空闲；）厂家消息（签出成功。）程序状态（PS03_置闲）
2015-12-04 09:38:49,277 [1] INFO  HollyContact5_Demo.Loger [(null)] - [HollyContactHelper]ModifySoftphoneINIByDN――根据DN31006,选择的SIPServerIP为：192.168.112.201
2015-12-04 09:38:50,551 [1] INFO  HollyContact5_Demo.Loger [(null)] - [HollyContactHelper]用户操作==卸载->True
2015-12-04 09:38:50,695 [1] INFO  HollyContact5_Demo.Loger [(null)] - [HollyContactHelper]用户操作==装载及初始化->True
2015-12-04 09:38:50,706 [1] INFO  HollyContact5_Demo.Loger [(null)] - [^^^厂家错误通知^^^]OnError ：CTIErrorCode:0   ErrorCode:18  ErrorDesc:TryEnterLogout Call Happen Exception
2015-12-04 09:38:50,842 [1] INFO  HollyContact5_Demo.Loger [(null)] - [@@@厂家消息通知@@@]OnMessage ：厂家状态（CurStatus：0；CurStatusName：准备就绪状态；）厂家消息（服务器已上线:UserName=AgentUser,UserGOR=156041217）程序状态（PS01_就绪）
2015-12-04 09:38:50,913 [1] INFO  HollyContact5_Demo.Loger [(null)] - [@@@厂家消息通知@@@]OnMessage ：厂家状态（CurStatus：0；CurStatusName：准备就绪状态；）厂家消息（服务器已上线:UserName=LSUser,UserGOR=65537）程序状态（PS01_就绪）
2015-12-04 09:38:50,991 [1] INFO  HollyContact5_Demo.Loger [(null)] - [@@@厂家消息通知@@@]OnMessage ：厂家状态（CurStatus：0；CurStatusName：准备就绪状态；）厂家消息（服务器已上线:UserName=StatEvent,UserGOR=196609）程序状态（PS01_就绪）
2015-12-04 09:38:51,002 [1] INFO  HollyContact5_Demo.Loger [(null)] - [@@@厂家消息通知@@@]OnMessage ：厂家状态（CurStatus：0；CurStatusName：准备就绪状态；）厂家消息（服务器已上线:UserName=StatUser,UserGOR=196610）程序状态（PS01_就绪）
2015-12-04 09:38:51,015 [1] INFO  HollyContact5_Demo.Loger [(null)] - [@@@厂家消息通知@@@]OnMessage ：厂家状态（CurStatus：0；CurStatusName：准备就绪状态；）厂家消息（服务器已上线:UserName=EDSUser,UserGOR=983041）程序状态（PS01_就绪）
2015-12-04 09:38:51,363 [1] INFO  HollyContact5_Demo.Loger [(null)] - [HollyContactHelper]用户操作==添加技能组->1098 1
2015-12-04 09:38:51,448 [1] INFO  HollyContact5_Demo.Loger [(null)] - [HollyContactHelper]用户操作==签入->True
2015-12-04 09:38:51,454 [1] INFO  HollyContact5_Demo.Loger [(null)] - [@@@厂家消息通知@@@]OnMessage ：厂家状态（CurStatus：0；CurStatusName：准备就绪状态；）厂家消息（服务器已上线:UserName=ASUser,UserGOR=655361）程序状态（PS01_就绪）
2015-12-04 09:39:02,277 [1] INFO  HollyContact5_Demo.Loger [(null)] - [@@@厂家消息通知@@@]OnMessage ：厂家状态（CurStatus：0；CurStatusName：准备就绪状态；）厂家消息（座席签入成功）程序状态（PS01_就绪）
2015-12-04 09:39:02,362 [1] INFO  HollyContact5_Demo.Loger [(null)] - [@@@厂家消息通知@@@]OnMessage ：厂家状态（CurStatus：2；CurStatusName：置忙；）厂家消息（状态改变：准备就绪状态-->置忙）程序状态（PS04_置忙）
2015-12-04 09:39:02,378 [1] INFO  HollyContact5_Demo.Loger [(null)] - [>>>厂家状态变化<<<]OnStatusChange ：PS01_就绪（0） -> PS04_置忙（2）
2015-12-04 09:39:02,439 [1] INFO  HollyContact5_Demo.Loger [(null)] - [HollyContactHelper]用户操作==置闲->True
2015-12-04 09:39:02,447 [1] INFO  HollyContact5_Demo.Loger [(null)] - [@@@厂家消息通知@@@]OnMessage ：厂家状态（CurStatus：2；CurStatusName：置忙；）厂家消息（签入成功。）程序状态（PS04_置忙）
2015-12-04 09:39:02,703 [1] INFO  HollyContact5_Demo.Loger [(null)] - [@@@厂家消息通知@@@]OnMessage ：厂家状态（CurStatus：1；CurStatusName：空闲；）厂家消息（状态改变：置忙-->空闲）程序状态（PS03_置闲）
2015-12-04 09:39:02,714 [1] INFO  HollyContact5_Demo.Loger [(null)] - [>>>厂家状态变化<<<]OnStatusChange ：PS04_置忙（2） -> PS03_置闲（1）
2015-12-04 09:39:02,789 [1] INFO  HollyContact5_Demo.Loger [(null)] - [HollyContactHelper]用户操作==开始监听（座席工号,1365）->True
2015-12-04 09:39:02,797 [1] INFO  HollyContact5_Demo.Loger [(null)] - [@@@厂家消息通知@@@]OnMessage ：厂家状态（CurStatus：1；CurStatusName：空闲；）厂家消息（示闲成功。）程序状态（PS03_置闲）
2015-12-04 09:39:03,060 [1] INFO  HollyContact5_Demo.Loger [(null)] - [@@@厂家消息通知@@@]OnMessage ：厂家状态（CurStatus：1；CurStatusName：空闲；）厂家消息（监听开始：ContactID=20151204093736383_1_461_UIP1,CurrStatus=35,LastStatus=21,OtherParty=31006,ResonCode=21,ResonDesc=ActTpConferenced）程序状态（PS03_置闲）
2015-12-04 09:39:03,071 [1] INFO  HollyContact5_Demo.Loger [(null)] - [@@@厂家消息通知@@@]OnMessage ：厂家状态（CurStatus：1；CurStatusName：空闲；）厂家消息（座席话务处理）程序状态（PS03_置闲）
2015-12-04 09:41:28,356 [1] INFO  HollyContact5_Demo.Loger [(null)] - [@@@厂家消息通知@@@]OnMessage ：厂家状态（CurStatus：1；CurStatusName：空闲；）厂家消息（话路被挂断：ContactID=20151204093736383_1_461_UIP1,CurrStatus=21,LastStatus=35,OtherParty=31006,ResonCode=16,ResonDesc=ActTpDisconnected）程序状态（PS03_置闲）
2015-12-04 09:41:28,375 [1] INFO  HollyContact5_Demo.Loger [(null)] - [@@@厂家消息通知@@@]OnMessage ：厂家状态（CurStatus：15；CurStatusName：工作整理；）厂家消息（状态改变：空闲-->工作整理）程序状态（PS06_话后）
2015-12-04 09:41:28,387 [1] INFO  HollyContact5_Demo.Loger [(null)] - [>>>厂家状态变化<<<]OnStatusChange ：PS03_置闲（1） -> PS06_话后（15）
2015-12-04 09:41:28,401 [1] INFO  HollyContact5_Demo.Loger [(null)] - [@@@厂家消息通知@@@]OnMessage ：厂家状态（CurStatus：15；CurStatusName：工作整理；）厂家消息（整理工作开始。）程序状态（PS06_话后）
