2016-03-18 09:57:47,722 [1] INFO  HollyContact5_Demo.Loger [(null)] - [HollyContactHelper]用户操作==装载及初始化->True
2016-03-18 09:57:47,799 [1] INFO  HollyContact5_Demo.Loger [(null)] - [@@@厂家消息通知@@@]OnMessage ：厂家状态（CurStatus：0；CurStatusName：准备就绪状态；）厂家消息（服务器已上线:UserName=AgentUser,UserGOR=110231553）程序状态（PS01_就绪）
2016-03-18 09:57:47,810 [1] INFO  HollyContact5_Demo.Loger [(null)] - [@@@厂家消息通知@@@]OnMessage ：厂家状态（CurStatus：0；CurStatusName：准备就绪状态；）厂家消息（服务器已上线:UserName=LSUser,UserGOR=65537）程序状态（PS01_就绪）
2016-03-18 09:57:47,840 [1] INFO  HollyContact5_Demo.Loger [(null)] - [@@@厂家消息通知@@@]OnMessage ：厂家状态（CurStatus：0；CurStatusName：准备就绪状态；）厂家消息（服务器已上线:UserName=ASUser,UserGOR=655361）程序状态（PS01_就绪）
2016-03-18 09:57:47,851 [1] INFO  HollyContact5_Demo.Loger [(null)] - [@@@厂家消息通知@@@]OnMessage ：厂家状态（CurStatus：0；CurStatusName：准备就绪状态；）厂家消息（服务器已上线:UserName=EDSUser,UserGOR=983041）程序状态（PS01_就绪）
2016-03-18 09:57:47,859 [1] INFO  HollyContact5_Demo.Loger [(null)] - [@@@厂家消息通知@@@]OnMessage ：厂家状态（CurStatus：0；CurStatusName：准备就绪状态；）厂家消息（服务器已上线:UserName=StatEvent,UserGOR=262145）程序状态（PS01_就绪）
2016-03-18 09:57:47,883 [1] INFO  HollyContact5_Demo.Loger [(null)] - [@@@厂家消息通知@@@]OnMessage ：厂家状态（CurStatus：0；CurStatusName：准备就绪状态；）厂家消息（服务器已上线:UserName=StatUser,UserGOR=262146）程序状态（PS01_就绪）
2016-03-18 09:57:47,467 [1] INFO  HollyContact5_Demo.Loger [(null)] - [HollyContactHelper]用户操作==添加技能组->1096 1
2016-03-18 09:57:48,212 [1] INFO  HollyContact5_Demo.Loger [(null)] - [HollyContactHelper]用户操作==签入->True
2016-03-18 09:57:48,423 [1] INFO  HollyContact5_Demo.Loger [(null)] - [@@@厂家消息通知@@@]OnMessage ：厂家状态（CurStatus：0；CurStatusName：准备就绪状态；）厂家消息（座席签入成功）程序状态（PS01_就绪）
2016-03-18 09:57:48,449 [1] INFO  HollyContact5_Demo.Loger [(null)] - [@@@厂家消息通知@@@]OnMessage ：厂家状态（CurStatus：2；CurStatusName：置忙；）厂家消息（状态改变：准备就绪状态-->置忙）程序状态（PS04_置忙）
2016-03-18 09:57:48,463 [1] INFO  HollyContact5_Demo.Loger [(null)] - [>>>厂家状态变化<<<]OnStatusChange ：PS01_就绪（0） -> PS04_置忙（2）
2016-03-18 09:57:48,470 [1] INFO  HollyContact5_Demo.Loger [(null)] - [@@@厂家消息通知@@@]OnMessage ：厂家状态（CurStatus：2；CurStatusName：置忙；）厂家消息（签入成功。）程序状态（PS04_置忙）
2016-03-18 09:57:49,756 [1] INFO  HollyContact5_Demo.Loger [(null)] - [HollyContactHelper]用户操作==置闲->True
2016-03-18 09:57:49,980 [1] INFO  HollyContact5_Demo.Loger [(null)] - [@@@厂家消息通知@@@]OnMessage ：厂家状态（CurStatus：1；CurStatusName：空闲；）厂家消息（状态改变：置忙-->空闲）程序状态（PS03_置闲）
2016-03-18 09:57:49,996 [1] INFO  HollyContact5_Demo.Loger [(null)] - [>>>厂家状态变化<<<]OnStatusChange ：PS04_置忙（2） -> PS03_置闲（1）
2016-03-18 09:57:50,005 [1] INFO  HollyContact5_Demo.Loger [(null)] - [@@@厂家消息通知@@@]OnMessage ：厂家状态（CurStatus：1；CurStatusName：空闲；）厂家消息（示闲成功。）程序状态（PS03_置闲）
2016-03-18 09:57:58,294 [1] INFO  HollyContact5_Demo.Loger [(null)] - [@@@厂家消息通知@@@]OnMessage ：厂家状态（CurStatus：2；CurStatusName：置忙；）厂家消息（状态改变：空闲-->置忙）程序状态（PS04_置忙）
2016-03-18 09:57:58,307 [1] INFO  HollyContact5_Demo.Loger [(null)] - [>>>厂家状态变化<<<]OnStatusChange ：PS03_置闲（1） -> PS04_置忙（2）
2016-03-18 09:57:58,315 [1] INFO  HollyContact5_Demo.Loger [(null)] - [@@@厂家消息通知@@@]OnMessage ：厂家状态（CurStatus：2；CurStatusName：置忙；）厂家消息（示忙成功。）程序状态（PS04_置忙）
2016-03-18 09:58:11,824 [1] INFO  HollyContact5_Demo.Loger [(null)] - [^^^厂家错误通知^^^]OnError ：CTIErrorCode:0   ErrorCode:4  ErrorDesc:当前状态不允许该操作、必须是空闲状态。
2016-03-18 09:58:12,183 [1] INFO  HollyContact5_Demo.Loger [(null)] - [HollyContactHelper]用户操作==签出->True
2016-03-18 09:58:12,394 [1] INFO  HollyContact5_Demo.Loger [(null)] - [@@@厂家消息通知@@@]OnMessage ：厂家状态（CurStatus：2；CurStatusName：置忙；）厂家消息（签出成功。）程序状态（PS04_置忙）
2016-03-18 09:58:12,414 [1] INFO  HollyContact5_Demo.Loger [(null)] - [@@@厂家消息通知@@@]OnMessage ：厂家状态（CurStatus：14；CurStatusName：签出；）厂家消息（状态改变：置忙-->签出）程序状态（PS02_签出）
2016-03-18 09:58:12,428 [1] INFO  HollyContact5_Demo.Loger [(null)] - [>>>厂家状态变化<<<]OnStatusChange ：PS04_置忙（2） -> PS02_签出（14）
2016-03-18 09:58:13,120 [1] INFO  HollyContact5_Demo.Loger [(null)] - [HollyContactHelper]用户操作==卸载->True
2016-03-18 09:58:29,599 [1] INFO  HollyContact5_Demo.Loger [(null)] - [HollyContactHelper]用户操作==装载及初始化->True
2016-03-18 09:58:29,624 [1] INFO  HollyContact5_Demo.Loger [(null)] - [@@@厂家消息通知@@@]OnMessage ：厂家状态（CurStatus：0；CurStatusName：准备就绪状态；）厂家消息（服务器已上线:UserName=AgentUser,UserGOR=110297089）程序状态（PS01_就绪）
2016-03-18 09:58:29,640 [1] INFO  HollyContact5_Demo.Loger [(null)] - [@@@厂家消息通知@@@]OnMessage ：厂家状态（CurStatus：0；CurStatusName：准备就绪状态；）厂家消息（服务器已上线:UserName=LSUser,UserGOR=65537）程序状态（PS01_就绪）
2016-03-18 09:58:29,664 [1] INFO  HollyContact5_Demo.Loger [(null)] - [@@@厂家消息通知@@@]OnMessage ：厂家状态（CurStatus：0；CurStatusName：准备就绪状态；）厂家消息（服务器已上线:UserName=ASUser,UserGOR=655361）程序状态（PS01_就绪）
2016-03-18 09:58:29,679 [1] INFO  HollyContact5_Demo.Loger [(null)] - [@@@厂家消息通知@@@]OnMessage ：厂家状态（CurStatus：0；CurStatusName：准备就绪状态；）厂家消息（服务器已上线:UserName=EDSUser,UserGOR=983041）程序状态（PS01_就绪）
2016-03-18 09:58:29,696 [1] INFO  HollyContact5_Demo.Loger [(null)] - [@@@厂家消息通知@@@]OnMessage ：厂家状态（CurStatus：0；CurStatusName：准备就绪状态；）厂家消息（服务器已上线:UserName=StatEvent,UserGOR=262145）程序状态（PS01_就绪）
2016-03-18 09:58:29,727 [1] INFO  HollyContact5_Demo.Loger [(null)] - [@@@厂家消息通知@@@]OnMessage ：厂家状态（CurStatus：0；CurStatusName：准备就绪状态；）厂家消息（服务器已上线:UserName=StatUser,UserGOR=262146）程序状态（PS01_就绪）
2016-03-18 09:58:30,376 [1] INFO  HollyContact5_Demo.Loger [(null)] - [HollyContactHelper]用户操作==添加技能组->1096 1
2016-03-18 09:58:30,835 [1] INFO  HollyContact5_Demo.Loger [(null)] - [HollyContactHelper]用户操作==签入->True
2016-03-18 09:58:31,043 [1] INFO  HollyContact5_Demo.Loger [(null)] - [@@@厂家消息通知@@@]OnMessage ：厂家状态（CurStatus：0；CurStatusName：准备就绪状态；）厂家消息（座席签入成功）程序状态（PS01_就绪）
2016-03-18 09:58:31,076 [1] INFO  HollyContact5_Demo.Loger [(null)] - [@@@厂家消息通知@@@]OnMessage ：厂家状态（CurStatus：2；CurStatusName：置忙；）厂家消息（状态改变：准备就绪状态-->置忙）程序状态（PS04_置忙）
2016-03-18 09:58:31,091 [1] INFO  HollyContact5_Demo.Loger [(null)] - [>>>厂家状态变化<<<]OnStatusChange ：PS01_就绪（0） -> PS04_置忙（2）
2016-03-18 09:58:31,106 [1] INFO  HollyContact5_Demo.Loger [(null)] - [@@@厂家消息通知@@@]OnMessage ：厂家状态（CurStatus：2；CurStatusName：置忙；）厂家消息（签入成功。）程序状态（PS04_置忙）
2016-03-18 09:58:31,481 [1] INFO  HollyContact5_Demo.Loger [(null)] - [HollyContactHelper]用户操作==置闲->True
2016-03-18 09:58:31,702 [1] INFO  HollyContact5_Demo.Loger [(null)] - [@@@厂家消息通知@@@]OnMessage ：厂家状态（CurStatus：1；CurStatusName：空闲；）厂家消息（状态改变：置忙-->空闲）程序状态（PS03_置闲）
2016-03-18 09:58:31,716 [1] INFO  HollyContact5_Demo.Loger [(null)] - [>>>厂家状态变化<<<]OnStatusChange ：PS04_置忙（2） -> PS03_置闲（1）
2016-03-18 09:58:31,732 [1] INFO  HollyContact5_Demo.Loger [(null)] - [@@@厂家消息通知@@@]OnMessage ：厂家状态（CurStatus：1；CurStatusName：空闲；）厂家消息（示闲成功。）程序状态（PS03_置闲）
2016-03-18 09:59:20,313 [1] INFO  HollyContact5_Demo.Loger [(null)] - [@@@厂家消息通知@@@]OnMessage ：厂家状态（CurStatus：1；CurStatusName：空闲；）厂家消息（座席被锁定）程序状态（PS03_置闲）
2016-03-18 09:59:25,154 [1] INFO  HollyContact5_Demo.Loger [(null)] - [@@@厂家消息通知@@@]OnMessage ：厂家状态（CurStatus：1；CurStatusName：空闲；）厂家消息（话路被挂断：ContactID=20160318095837498_1_692_UIP3,CurrStatus=21,LastStatus=0,OtherParty=,ResonCode=0,ResonDesc=ActNULL）程序状态（PS03_置闲）
2016-03-18 14:27:59,956 [1] INFO  HollyContact5_Demo.Loger [(null)] - [HollyContactHelper]用户操作==装载及初始化->False
2016-03-18 14:28:07,505 [1] INFO  HollyContact5_Demo.Loger [(null)] - [HollyContactHelper]用户操作==装载及初始化->False
2016-03-18 14:28:12,109 [1] INFO  HollyContact5_Demo.Loger [(null)] - [HollyContactHelper]用户操作==装载及初始化->False
2016-03-18 14:35:05,620 [1] INFO  HollyContact5_Demo.Loger [(null)] - [HollyContactHelper]用户操作==装载及初始化->True
2016-03-18 14:35:05,681 [1] INFO  HollyContact5_Demo.Loger [(null)] - [@@@厂家消息通知@@@]OnMessage ：厂家状态（CurStatus：0；CurStatusName：准备就绪状态；）厂家消息（服务器已上线:UserName=AgentUser,UserGOR=38731777）程序状态（PS01_就绪）
2016-03-18 14:35:05,694 [1] INFO  HollyContact5_Demo.Loger [(null)] - [@@@厂家消息通知@@@]OnMessage ：厂家状态（CurStatus：0；CurStatusName：准备就绪状态；）厂家消息（服务器已上线:UserName=LSUser,UserGOR=65537）程序状态（PS01_就绪）
2016-03-18 14:35:05,713 [1] INFO  HollyContact5_Demo.Loger [(null)] - [@@@厂家消息通知@@@]OnMessage ：厂家状态（CurStatus：0；CurStatusName：准备就绪状态；）厂家消息（服务器已上线:UserName=ASUser,UserGOR=720897）程序状态（PS01_就绪）
2016-03-18 14:35:05,722 [1] INFO  HollyContact5_Demo.Loger [(null)] - [@@@厂家消息通知@@@]OnMessage ：厂家状态（CurStatus：0；CurStatusName：准备就绪状态；）厂家消息（服务器已上线:UserName=EDSUser,UserGOR=131073）程序状态（PS01_就绪）
2016-03-18 14:35:05,733 [1] INFO  HollyContact5_Demo.Loger [(null)] - [@@@厂家消息通知@@@]OnMessage ：厂家状态（CurStatus：0；CurStatusName：准备就绪状态；）厂家消息（服务器已上线:UserName=StatEvent,UserGOR=327681）程序状态（PS01_就绪）
2016-03-18 14:35:05,751 [1] INFO  HollyContact5_Demo.Loger [(null)] - [@@@厂家消息通知@@@]OnMessage ：厂家状态（CurStatus：0；CurStatusName：准备就绪状态；）厂家消息（服务器已上线:UserName=StatUser,UserGOR=327682）程序状态（PS01_就绪）
2016-03-18 14:35:05,459 [1] INFO  HollyContact5_Demo.Loger [(null)] - [HollyContactHelper]用户操作==添加技能组->1096 1
2016-03-18 14:35:06,168 [1] INFO  HollyContact5_Demo.Loger [(null)] - [HollyContactHelper]用户操作==签入->True
2016-03-18 14:35:06,378 [1] INFO  HollyContact5_Demo.Loger [(null)] - [@@@厂家消息通知@@@]OnMessage ：厂家状态（CurStatus：0；CurStatusName：准备就绪状态；）厂家消息（座席签入成功）程序状态（PS01_就绪）
2016-03-18 14:35:06,408 [1] INFO  HollyContact5_Demo.Loger [(null)] - [@@@厂家消息通知@@@]OnMessage ：厂家状态（CurStatus：2；CurStatusName：置忙；）厂家消息（状态改变：准备就绪状态-->置忙）程序状态（PS04_置忙）
2016-03-18 14:35:06,421 [1] INFO  HollyContact5_Demo.Loger [(null)] - [>>>厂家状态变化<<<]OnStatusChange ：PS01_就绪（0） -> PS04_置忙（2）
2016-03-18 14:35:06,428 [1] INFO  HollyContact5_Demo.Loger [(null)] - [@@@厂家消息通知@@@]OnMessage ：厂家状态（CurStatus：2；CurStatusName：置忙；）厂家消息（签入成功。）程序状态（PS04_置忙）
2016-03-18 14:35:07,381 [1] INFO  HollyContact5_Demo.Loger [(null)] - [HollyContactHelper]用户操作==置闲->True
2016-03-18 14:35:07,596 [1] INFO  HollyContact5_Demo.Loger [(null)] - [@@@厂家消息通知@@@]OnMessage ：厂家状态（CurStatus：1；CurStatusName：空闲；）厂家消息（状态改变：置忙-->空闲）程序状态（PS03_置闲）
2016-03-18 14:35:07,605 [1] INFO  HollyContact5_Demo.Loger [(null)] - [>>>厂家状态变化<<<]OnStatusChange ：PS04_置忙（2） -> PS03_置闲（1）
2016-03-18 14:35:07,614 [1] INFO  HollyContact5_Demo.Loger [(null)] - [@@@厂家消息通知@@@]OnMessage ：厂家状态（CurStatus：1；CurStatusName：空闲；）厂家消息（示闲成功。）程序状态（PS03_置闲）
2016-03-18 14:35:28,527 [1] INFO  HollyContact5_Demo.Loger [(null)] - [@@@厂家消息通知@@@]OnMessage ：厂家状态（CurStatus：1；CurStatusName：空闲；）厂家消息（座席被锁定）程序状态（PS03_置闲）
2016-03-18 14:35:34,562 [1] INFO  HollyContact5_Demo.Loger [(null)] - [@@@厂家消息通知@@@]OnMessage ：厂家状态（CurStatus：3；CurStatusName：震铃；）厂家消息（状态改变：空闲-->震铃）程序状态（PS07_来电震铃）
2016-03-18 14:35:34,568 [1] INFO  HollyContact5_Demo.Loger [(null)] - [>>>厂家状态变化<<<]OnStatusChange ：PS03_置闲（1） -> PS07_来电震铃（3）
2016-03-18 14:35:34,587 [1] INFO  HollyContact5_Demo.Loger [(null)] - [@@@厂家消息通知@@@]OnMessage ：厂家状态（CurStatus：3；CurStatusName：震铃；）厂家消息（来电振铃。）程序状态（PS07_来电震铃）
2016-03-18 14:35:34,601 [1] INFO  HollyContact5_Demo.Loger [(null)] - [@@@厂家消息通知@@@]OnMessage ：厂家状态（CurStatus：3；CurStatusName：震铃；）厂家消息（座席话务处理）程序状态（PS07_来电震铃）
2016-03-18 14:35:34,616 [1] INFO  HollyContact5_Demo.Loger [(null)] - [@@@厂家消息通知@@@]OnMessage ：厂家状态（CurStatus：5；CurStatusName：两方通话；）厂家消息（状态改变：震铃-->两方通话）程序状态（PS08_普通通话）
2016-03-18 14:35:34,628 [1] INFO  HollyContact5_Demo.Loger [(null)] - [>>>厂家状态变化<<<]OnStatusChange ：PS07_来电震铃（3） -> PS08_普通通话（5）
2016-03-18 14:35:34,654 [1] INFO  HollyContact5_Demo.Loger [(null)] - [@@@厂家消息通知@@@]OnMessage ：厂家状态（CurStatus：5；CurStatusName：两方通话；）厂家消息（应答成功。）程序状态（PS08_普通通话）
2016-03-18 14:35:34,663 [1] INFO  HollyContact5_Demo.Loger [(null)] - [@@@厂家消息通知@@@]OnMessage ：厂家状态（CurStatus：5；CurStatusName：两方通话；）厂家消息（录音开始：ContactID=20160318143517519_1_184_UIP5,ANI=68210111,DNIS=1005,ResonCode=77,ResonDesc=_??? (77)）程序状态（PS08_普通通话）
2016-03-18 14:35:48,153 [1] INFO  HollyContact5_Demo.Loger [(null)] - [@@@厂家消息通知@@@]OnMessage ：厂家状态（CurStatus：5；CurStatusName：两方通话；）厂家消息（录音停止：ContactID=20160318143517519_1_184_UIP5,ANI=68210111,DNIS=1005,FileName=/var/spool/hollyRecord/2016/03/35196/35196_20160318143534824.mp3,TimeLen=13627,ResonCode=78,ResonDesc=_??? (78)）程序状态（PS08_普通通话）
2016-03-18 14:35:48,357 [1] INFO  HollyContact5_Demo.Loger [(null)] - [@@@厂家消息通知@@@]OnMessage ：厂家状态（CurStatus：5；CurStatusName：两方通话；）厂家消息（话路被挂断：ContactID=20160318143517519_1_184_UIP5,CurrStatus=21,LastStatus=28,OtherParty=151214,ResonCode=16,ResonDesc=ActTpDisconnected）程序状态（PS08_普通通话）
2016-03-18 14:35:48,374 [1] INFO  HollyContact5_Demo.Loger [(null)] - [@@@厂家消息通知@@@]OnMessage ：厂家状态（CurStatus：5；CurStatusName：两方通话；）厂家消息（通话结束。）程序状态（PS08_普通通话）
2016-03-18 14:35:48,405 [1] INFO  HollyContact5_Demo.Loger [(null)] - [@@@厂家消息通知@@@]OnMessage ：厂家状态（CurStatus：15；CurStatusName：工作整理；）厂家消息（状态改变：两方通话-->工作整理）程序状态（PS06_话后）
2016-03-18 14:35:48,421 [1] INFO  HollyContact5_Demo.Loger [(null)] - [>>>厂家状态变化<<<]OnStatusChange ：PS08_普通通话（5） -> PS06_话后（15）
2016-03-18 14:35:48,438 [1] INFO  HollyContact5_Demo.Loger [(null)] - [@@@厂家消息通知@@@]OnMessage ：厂家状态（CurStatus：15；CurStatusName：工作整理；）厂家消息（整理工作开始。）程序状态（PS06_话后）
2016-03-18 14:42:20,197 [1] INFO  HollyContact5_Demo.Loger [(null)] - [HollyContactHelper]用户操作==置闲->True
2016-03-18 14:42:20,407 [1] INFO  HollyContact5_Demo.Loger [(null)] - [@@@厂家消息通知@@@]OnMessage ：厂家状态（CurStatus：1；CurStatusName：空闲；）厂家消息（状态改变：工作整理-->空闲）程序状态（PS03_置闲）
2016-03-18 14:42:20,420 [1] INFO  HollyContact5_Demo.Loger [(null)] - [>>>厂家状态变化<<<]OnStatusChange ：PS06_话后（15） -> PS03_置闲（1）
2016-03-18 14:42:20,435 [1] INFO  HollyContact5_Demo.Loger [(null)] - [@@@厂家消息通知@@@]OnMessage ：厂家状态（CurStatus：1；CurStatusName：空闲；）厂家消息（示闲成功。）程序状态（PS03_置闲）
2016-03-18 14:42:33,548 [1] INFO  HollyContact5_Demo.Loger [(null)] - [@@@厂家消息通知@@@]OnMessage ：厂家状态（CurStatus：1；CurStatusName：空闲；）厂家消息（座席被锁定）程序状态（PS03_置闲）
2016-03-18 14:42:39,330 [1] INFO  HollyContact5_Demo.Loger [(null)] - [@@@厂家消息通知@@@]OnMessage ：厂家状态（CurStatus：3；CurStatusName：震铃；）厂家消息（状态改变：空闲-->震铃）程序状态（PS07_来电震铃）
2016-03-18 14:42:39,332 [1] INFO  HollyContact5_Demo.Loger [(null)] - [>>>厂家状态变化<<<]OnStatusChange ：PS03_置闲（1） -> PS07_来电震铃（3）
2016-03-18 14:42:39,344 [1] INFO  HollyContact5_Demo.Loger [(null)] - [@@@厂家消息通知@@@]OnMessage ：厂家状态（CurStatus：3；CurStatusName：震铃；）厂家消息（来电振铃。）程序状态（PS07_来电震铃）
2016-03-18 14:42:39,355 [1] INFO  HollyContact5_Demo.Loger [(null)] - [@@@厂家消息通知@@@]OnMessage ：厂家状态（CurStatus：3；CurStatusName：震铃；）厂家消息（座席话务处理）程序状态（PS07_来电震铃）
2016-03-18 14:42:39,364 [1] INFO  HollyContact5_Demo.Loger [(null)] - [@@@厂家消息通知@@@]OnMessage ：厂家状态（CurStatus：5；CurStatusName：两方通话；）厂家消息（状态改变：震铃-->两方通话）程序状态（PS08_普通通话）
2016-03-18 14:42:39,374 [1] INFO  HollyContact5_Demo.Loger [(null)] - [>>>厂家状态变化<<<]OnStatusChange ：PS07_来电震铃（3） -> PS08_普通通话（5）
2016-03-18 14:42:39,391 [1] INFO  HollyContact5_Demo.Loger [(null)] - [@@@厂家消息通知@@@]OnMessage ：厂家状态（CurStatus：5；CurStatusName：两方通话；）厂家消息（应答成功。）程序状态（PS08_普通通话）
2016-03-18 14:42:39,399 [1] INFO  HollyContact5_Demo.Loger [(null)] - [@@@厂家消息通知@@@]OnMessage ：厂家状态（CurStatus：5；CurStatusName：两方通话；）厂家消息（录音开始：ContactID=20160318144216775_1_192_UIP5,ANI=68211258,DNIS=87237722,ResonCode=77,ResonDesc=_??? (77)）程序状态（PS08_普通通话）
2016-03-18 14:42:43,315 [1] INFO  HollyContact5_Demo.Loger [(null)] - [@@@厂家消息通知@@@]OnMessage ：厂家状态（CurStatus：5；CurStatusName：两方通话；）厂家消息（录音停止：ContactID=20160318144216775_1_192_UIP5,ANI=68211258,DNIS=87237722,FileName=/var/spool/hollyRecord/2016/03/35196/35196_20160318144239582.mp3,TimeLen=4013,ResonCode=78,ResonDesc=_??? (78)）程序状态（PS08_普通通话）
2016-03-18 14:42:43,977 [1] INFO  HollyContact5_Demo.Loger [(null)] - [@@@厂家消息通知@@@]OnMessage ：厂家状态（CurStatus：5；CurStatusName：两方通话；）厂家消息（话路被挂断：ContactID=20160318144216775_1_192_UIP5,CurrStatus=21,LastStatus=28,OtherParty=151222,ResonCode=16,ResonDesc=ActTpDisconnected）程序状态（PS08_普通通话）
2016-03-18 14:42:43,987 [1] INFO  HollyContact5_Demo.Loger [(null)] - [@@@厂家消息通知@@@]OnMessage ：厂家状态（CurStatus：5；CurStatusName：两方通话；）厂家消息（通话结束。）程序状态（PS08_普通通话）
2016-03-18 14:42:44,009 [1] INFO  HollyContact5_Demo.Loger [(null)] - [@@@厂家消息通知@@@]OnMessage ：厂家状态（CurStatus：15；CurStatusName：工作整理；）厂家消息（状态改变：两方通话-->工作整理）程序状态（PS06_话后）
2016-03-18 14:42:44,025 [1] INFO  HollyContact5_Demo.Loger [(null)] - [>>>厂家状态变化<<<]OnStatusChange ：PS08_普通通话（5） -> PS06_话后（15）
2016-03-18 14:42:44,039 [1] INFO  HollyContact5_Demo.Loger [(null)] - [@@@厂家消息通知@@@]OnMessage ：厂家状态（CurStatus：15；CurStatusName：工作整理；）厂家消息（整理工作开始。）程序状态（PS06_话后）
2016-03-18 14:42:49,738 [1] INFO  HollyContact5_Demo.Loger [(null)] - [HollyContactHelper]用户操作==签出->True
2016-03-18 14:42:49,955 [1] INFO  HollyContact5_Demo.Loger [(null)] - [@@@厂家消息通知@@@]OnMessage ：厂家状态（CurStatus：15；CurStatusName：工作整理；）厂家消息（签出成功。）程序状态（PS06_话后）
2016-03-18 14:42:49,979 [1] INFO  HollyContact5_Demo.Loger [(null)] - [@@@厂家消息通知@@@]OnMessage ：厂家状态（CurStatus：14；CurStatusName：签出；）厂家消息（状态改变：工作整理-->签出）程序状态（PS02_签出）
2016-03-18 14:42:49,990 [1] INFO  HollyContact5_Demo.Loger [(null)] - [>>>厂家状态变化<<<]OnStatusChange ：PS06_话后（15） -> PS02_签出（14）
2016-03-18 14:42:50,565 [1] INFO  HollyContact5_Demo.Loger [(null)] - [HollyContactHelper]用户操作==卸载->True
2016-03-18 14:42:54,211 [1] INFO  HollyContact5_Demo.Loger [(null)] - [HollyContactHelper]用户操作==装载及初始化->True
2016-03-18 14:42:54,243 [1] INFO  HollyContact5_Demo.Loger [(null)] - [@@@厂家消息通知@@@]OnMessage ：厂家状态（CurStatus：0；CurStatusName：准备就绪状态；）厂家消息（服务器已上线:UserName=AgentUser,UserGOR=38797313）程序状态（PS01_就绪）
2016-03-18 14:42:54,257 [1] INFO  HollyContact5_Demo.Loger [(null)] - [@@@厂家消息通知@@@]OnMessage ：厂家状态（CurStatus：0；CurStatusName：准备就绪状态；）厂家消息（服务器已上线:UserName=LSUser,UserGOR=65537）程序状态（PS01_就绪）
2016-03-18 14:42:54,275 [1] INFO  HollyContact5_Demo.Loger [(null)] - [@@@厂家消息通知@@@]OnMessage ：厂家状态（CurStatus：0；CurStatusName：准备就绪状态；）厂家消息（服务器已上线:UserName=ASUser,UserGOR=720897）程序状态（PS01_就绪）
2016-03-18 14:42:54,292 [1] INFO  HollyContact5_Demo.Loger [(null)] - [@@@厂家消息通知@@@]OnMessage ：厂家状态（CurStatus：0；CurStatusName：准备就绪状态；）厂家消息（服务器已上线:UserName=EDSUser,UserGOR=131073）程序状态（PS01_就绪）
2016-03-18 14:42:54,308 [1] INFO  HollyContact5_Demo.Loger [(null)] - [@@@厂家消息通知@@@]OnMessage ：厂家状态（CurStatus：0；CurStatusName：准备就绪状态；）厂家消息（服务器已上线:UserName=StatEvent,UserGOR=327681）程序状态（PS01_就绪）
2016-03-18 14:42:54,336 [1] INFO  HollyContact5_Demo.Loger [(null)] - [@@@厂家消息通知@@@]OnMessage ：厂家状态（CurStatus：0；CurStatusName：准备就绪状态；）厂家消息（服务器已上线:UserName=StatUser,UserGOR=327682）程序状态（PS01_就绪）
2016-03-18 14:42:54,418 [1] INFO  HollyContact5_Demo.Loger [(null)] - [HollyContactHelper]用户操作==添加技能组->1096 1
2016-03-18 14:42:55,007 [1] INFO  HollyContact5_Demo.Loger [(null)] - [HollyContactHelper]用户操作==签入->True
2016-03-18 14:42:55,228 [1] INFO  HollyContact5_Demo.Loger [(null)] - [@@@厂家消息通知@@@]OnMessage ：厂家状态（CurStatus：0；CurStatusName：准备就绪状态；）厂家消息（座席签入成功）程序状态（PS01_就绪）
2016-03-18 14:42:55,270 [1] INFO  HollyContact5_Demo.Loger [(null)] - [@@@厂家消息通知@@@]OnMessage ：厂家状态（CurStatus：2；CurStatusName：置忙；）厂家消息（状态改变：准备就绪状态-->置忙）程序状态（PS04_置忙）
2016-03-18 14:42:55,282 [1] INFO  HollyContact5_Demo.Loger [(null)] - [>>>厂家状态变化<<<]OnStatusChange ：PS01_就绪（0） -> PS04_置忙（2）
2016-03-18 14:42:55,296 [1] INFO  HollyContact5_Demo.Loger [(null)] - [@@@厂家消息通知@@@]OnMessage ：厂家状态（CurStatus：2；CurStatusName：置忙；）厂家消息（签入成功。）程序状态（PS04_置忙）
2016-03-18 14:42:55,763 [1] INFO  HollyContact5_Demo.Loger [(null)] - [HollyContactHelper]用户操作==置闲->True
2016-03-18 14:42:55,976 [1] INFO  HollyContact5_Demo.Loger [(null)] - [@@@厂家消息通知@@@]OnMessage ：厂家状态（CurStatus：1；CurStatusName：空闲；）厂家消息（状态改变：置忙-->空闲）程序状态（PS03_置闲）
2016-03-18 14:42:55,992 [1] INFO  HollyContact5_Demo.Loger [(null)] - [>>>厂家状态变化<<<]OnStatusChange ：PS04_置忙（2） -> PS03_置闲（1）
2016-03-18 14:42:56,008 [1] INFO  HollyContact5_Demo.Loger [(null)] - [@@@厂家消息通知@@@]OnMessage ：厂家状态（CurStatus：1；CurStatusName：空闲；）厂家消息（示闲成功。）程序状态（PS03_置闲）
2016-03-18 14:43:17,207 [1] INFO  HollyContact5_Demo.Loger [(null)] - [@@@厂家消息通知@@@]OnMessage ：厂家状态（CurStatus：1；CurStatusName：空闲；）厂家消息（座席被锁定）程序状态（PS03_置闲）
2016-03-18 14:43:21,192 [1] INFO  HollyContact5_Demo.Loger [(null)] - [@@@厂家消息通知@@@]OnMessage ：厂家状态（CurStatus：1；CurStatusName：空闲；）厂家消息（话路被挂断：ContactID=20160318144308161_1_194_UIP5,CurrStatus=21,LastStatus=0,OtherParty=,ResonCode=0,ResonDesc=ActNULL）程序状态（PS03_置闲）
2016-03-18 14:44:37,839 [1] INFO  HollyContact5_Demo.Loger [(null)] - [HollyContactHelper]用户操作==签出->True
2016-03-18 14:44:38,047 [1] INFO  HollyContact5_Demo.Loger [(null)] - [@@@厂家消息通知@@@]OnMessage ：厂家状态（CurStatus：1；CurStatusName：空闲；）厂家消息（签出成功。）程序状态（PS03_置闲）
2016-03-18 14:44:38,059 [1] INFO  HollyContact5_Demo.Loger [(null)] - [@@@厂家消息通知@@@]OnMessage ：厂家状态（CurStatus：14；CurStatusName：签出；）厂家消息（状态改变：空闲-->签出）程序状态（PS02_签出）
2016-03-18 14:44:38,065 [1] INFO  HollyContact5_Demo.Loger [(null)] - [>>>厂家状态变化<<<]OnStatusChange ：PS03_置闲（1） -> PS02_签出（14）
2016-03-18 14:44:38,658 [1] INFO  HollyContact5_Demo.Loger [(null)] - [HollyContactHelper]用户操作==卸载->True
2016-03-18 17:10:23,213 [1] INFO  HollyContact5_Demo.Loger [(null)] - [HollyContactHelper]用户操作==装载及初始化->True
2016-03-18 17:10:23,457 [1] INFO  HollyContact5_Demo.Loger [(null)] - [@@@厂家消息通知@@@]OnMessage ：厂家状态（CurStatus：0；CurStatusName：准备就绪状态；）厂家消息（服务器已上线:UserName=AgentUser,UserGOR=39321601）程序状态（PS01_就绪）
2016-03-18 17:10:23,464 [1] INFO  HollyContact5_Demo.Loger [(null)] - [@@@厂家消息通知@@@]OnMessage ：厂家状态（CurStatus：0；CurStatusName：准备就绪状态；）厂家消息（服务器已上线:UserName=LSUser,UserGOR=65537）程序状态（PS01_就绪）
2016-03-18 17:10:23,478 [1] INFO  HollyContact5_Demo.Loger [(null)] - [@@@厂家消息通知@@@]OnMessage ：厂家状态（CurStatus：0；CurStatusName：准备就绪状态；）厂家消息（服务器已上线:UserName=ASUser,UserGOR=720897）程序状态（PS01_就绪）
2016-03-18 17:10:23,487 [1] INFO  HollyContact5_Demo.Loger [(null)] - [@@@厂家消息通知@@@]OnMessage ：厂家状态（CurStatus：0；CurStatusName：准备就绪状态；）厂家消息（服务器已上线:UserName=EDSUser,UserGOR=131073）程序状态（PS01_就绪）
2016-03-18 17:10:23,495 [1] INFO  HollyContact5_Demo.Loger [(null)] - [@@@厂家消息通知@@@]OnMessage ：厂家状态（CurStatus：0；CurStatusName：准备就绪状态；）厂家消息（服务器已上线:UserName=StatEvent,UserGOR=327681）程序状态（PS01_就绪）
2016-03-18 17:10:23,510 [1] INFO  HollyContact5_Demo.Loger [(null)] - [@@@厂家消息通知@@@]OnMessage ：厂家状态（CurStatus：0；CurStatusName：准备就绪状态；）厂家消息（服务器已上线:UserName=StatUser,UserGOR=327682）程序状态（PS01_就绪）
2016-03-18 17:10:35,523 [1] INFO  HollyContact5_Demo.Loger [(null)] - [HollyContactHelper]用户操作==添加技能组->1096 1
2016-03-18 17:10:36,427 [1] INFO  HollyContact5_Demo.Loger [(null)] - [HollyContactHelper]用户操作==签入->True
2016-03-18 17:10:36,677 [1] INFO  HollyContact5_Demo.Loger [(null)] - [@@@厂家消息通知@@@]OnMessage ：厂家状态（CurStatus：0；CurStatusName：准备就绪状态；）厂家消息（座席签入成功）程序状态（PS01_就绪）
2016-03-18 17:10:36,713 [1] INFO  HollyContact5_Demo.Loger [(null)] - [@@@厂家消息通知@@@]OnMessage ：厂家状态（CurStatus：2；CurStatusName：置忙；）厂家消息（状态改变：准备就绪状态-->置忙）程序状态（PS04_置忙）
2016-03-18 17:10:36,723 [1] INFO  HollyContact5_Demo.Loger [(null)] - [>>>厂家状态变化<<<]OnStatusChange ：PS01_就绪（0） -> PS04_置忙（2）
2016-03-18 17:10:36,744 [1] INFO  HollyContact5_Demo.Loger [(null)] - [@@@厂家消息通知@@@]OnMessage ：厂家状态（CurStatus：2；CurStatusName：置忙；）厂家消息（签入成功。）程序状态（PS04_置忙）
2016-03-18 17:10:37,249 [1] INFO  HollyContact5_Demo.Loger [(null)] - [HollyContactHelper]用户操作==置闲->True
2016-03-18 17:10:37,467 [1] INFO  HollyContact5_Demo.Loger [(null)] - [@@@厂家消息通知@@@]OnMessage ：厂家状态（CurStatus：1；CurStatusName：空闲；）厂家消息（状态改变：置忙-->空闲）程序状态（PS03_置闲）
2016-03-18 17:10:37,480 [1] INFO  HollyContact5_Demo.Loger [(null)] - [>>>厂家状态变化<<<]OnStatusChange ：PS04_置忙（2） -> PS03_置闲（1）
2016-03-18 17:10:37,492 [1] INFO  HollyContact5_Demo.Loger [(null)] - [@@@厂家消息通知@@@]OnMessage ：厂家状态（CurStatus：1；CurStatusName：空闲；）厂家消息（示闲成功。）程序状态（PS03_置闲）
2016-03-18 17:11:02,606 [1] INFO  HollyContact5_Demo.Loger [(null)] - [@@@厂家消息通知@@@]OnMessage ：厂家状态（CurStatus：1；CurStatusName：空闲；）厂家消息（座席被锁定）程序状态（PS03_置闲）
2016-03-18 17:11:08,215 [1] INFO  HollyContact5_Demo.Loger [(null)] - [@@@厂家消息通知@@@]OnMessage ：厂家状态（CurStatus：3；CurStatusName：震铃；）厂家消息（状态改变：空闲-->震铃）程序状态（PS07_来电震铃）
2016-03-18 17:11:08,224 [1] INFO  HollyContact5_Demo.Loger [(null)] - [>>>厂家状态变化<<<]OnStatusChange ：PS03_置闲（1） -> PS07_来电震铃（3）
2016-03-18 17:11:08,242 [1] INFO  HollyContact5_Demo.Loger [(null)] - [@@@厂家消息通知@@@]OnMessage ：厂家状态（CurStatus：3；CurStatusName：震铃；）厂家消息（来电振铃。）程序状态（PS07_来电震铃）
2016-03-18 17:11:08,258 [1] INFO  HollyContact5_Demo.Loger [(null)] - [@@@厂家消息通知@@@]OnMessage ：厂家状态（CurStatus：3；CurStatusName：震铃；）厂家消息（座席话务处理）程序状态（PS07_来电震铃）
2016-03-18 17:11:08,274 [1] INFO  HollyContact5_Demo.Loger [(null)] - [@@@厂家消息通知@@@]OnMessage ：厂家状态（CurStatus：5；CurStatusName：两方通话；）厂家消息（状态改变：震铃-->两方通话）程序状态（PS08_普通通话）
2016-03-18 17:11:08,285 [1] INFO  HollyContact5_Demo.Loger [(null)] - [>>>厂家状态变化<<<]OnStatusChange ：PS07_来电震铃（3） -> PS08_普通通话（5）
2016-03-18 17:11:08,315 [1] INFO  HollyContact5_Demo.Loger [(null)] - [@@@厂家消息通知@@@]OnMessage ：厂家状态（CurStatus：5；CurStatusName：两方通话；）厂家消息（应答成功。）程序状态（PS08_普通通话）
2016-03-18 17:11:08,443 [1] INFO  HollyContact5_Demo.Loger [(null)] - [@@@厂家消息通知@@@]OnMessage ：厂家状态（CurStatus：5；CurStatusName：两方通话；）厂家消息（录音开始：ContactID=20160318171052992_1_386_UIP5,ANI=68211258,DNIS=1005,ResonCode=77,ResonDesc=_??? (77)）程序状态（PS08_普通通话）
2016-03-18 17:11:11,698 [1] INFO  HollyContact5_Demo.Loger [(null)] - [HollyContactHelper]用户操作==挂机->True
2016-03-18 17:11:11,734 [1] INFO  HollyContact5_Demo.Loger [(null)] - [@@@厂家消息通知@@@]OnMessage ：厂家状态（CurStatus：5；CurStatusName：两方通话；）厂家消息（录音停止：ContactID=20160318171052992_1_386_UIP5,ANI=68211258,DNIS=1005,FileName=/var/spool/hollyRecord/2016/03/35196/35196_20160318171108442.mp3,TimeLen=3477,ResonCode=78,ResonDesc=_??? (78)）程序状态（PS08_普通通话）
2016-03-18 17:11:11,754 [1] INFO  HollyContact5_Demo.Loger [(null)] - [@@@厂家消息通知@@@]OnMessage ：厂家状态（CurStatus：5；CurStatusName：两方通话；）厂家消息（话路被挂断：ContactID=20160318171052992_1_386_UIP5,CurrStatus=21,LastStatus=28,OtherParty=151114,ResonCode=16,ResonDesc=ActTpDisconnected）程序状态（PS08_普通通话）
2016-03-18 17:11:11,785 [1] INFO  HollyContact5_Demo.Loger [(null)] - [@@@厂家消息通知@@@]OnMessage ：厂家状态（CurStatus：5；CurStatusName：两方通话；）厂家消息（通话结束。）程序状态（PS08_普通通话）
2016-03-18 17:11:11,811 [1] INFO  HollyContact5_Demo.Loger [(null)] - [@@@厂家消息通知@@@]OnMessage ：厂家状态（CurStatus：15；CurStatusName：工作整理；）厂家消息（状态改变：两方通话-->工作整理）程序状态（PS06_话后）
2016-03-18 17:11:11,822 [1] INFO  HollyContact5_Demo.Loger [(null)] - [>>>厂家状态变化<<<]OnStatusChange ：PS08_普通通话（5） -> PS06_话后（15）
2016-03-18 17:11:11,843 [1] INFO  HollyContact5_Demo.Loger [(null)] - [@@@厂家消息通知@@@]OnMessage ：厂家状态（CurStatus：15；CurStatusName：工作整理；）厂家消息（整理工作开始。）程序状态（PS06_话后）
2016-03-18 17:11:15,902 [1] INFO  HollyContact5_Demo.Loger [(null)] - [HollyContactHelper]用户操作==置闲->True
2016-03-18 17:11:16,123 [1] INFO  HollyContact5_Demo.Loger [(null)] - [@@@厂家消息通知@@@]OnMessage ：厂家状态（CurStatus：1；CurStatusName：空闲；）厂家消息（状态改变：工作整理-->空闲）程序状态（PS03_置闲）
2016-03-18 17:11:16,138 [1] INFO  HollyContact5_Demo.Loger [(null)] - [>>>厂家状态变化<<<]OnStatusChange ：PS06_话后（15） -> PS03_置闲（1）
2016-03-18 17:11:16,152 [1] INFO  HollyContact5_Demo.Loger [(null)] - [@@@厂家消息通知@@@]OnMessage ：厂家状态（CurStatus：1；CurStatusName：空闲；）厂家消息（示闲成功。）程序状态（PS03_置闲）
2016-03-18 17:11:33,607 [1] INFO  HollyContact5_Demo.Loger [(null)] - [@@@厂家消息通知@@@]OnMessage ：厂家状态（CurStatus：1；CurStatusName：空闲；）厂家消息（座席被锁定）程序状态（PS03_置闲）
2016-03-18 17:11:39,385 [1] INFO  HollyContact5_Demo.Loger [(null)] - [@@@厂家消息通知@@@]OnMessage ：厂家状态（CurStatus：3；CurStatusName：震铃；）厂家消息（状态改变：空闲-->震铃）程序状态（PS07_来电震铃）
2016-03-18 17:11:39,397 [1] INFO  HollyContact5_Demo.Loger [(null)] - [>>>厂家状态变化<<<]OnStatusChange ：PS03_置闲（1） -> PS07_来电震铃（3）
2016-03-18 17:11:39,427 [1] INFO  HollyContact5_Demo.Loger [(null)] - [@@@厂家消息通知@@@]OnMessage ：厂家状态（CurStatus：3；CurStatusName：震铃；）厂家消息（来电振铃。）程序状态（PS07_来电震铃）
2016-03-18 17:11:39,440 [1] INFO  HollyContact5_Demo.Loger [(null)] - [@@@厂家消息通知@@@]OnMessage ：厂家状态（CurStatus：3；CurStatusName：震铃；）厂家消息（座席话务处理）程序状态（PS07_来电震铃）
2016-03-18 17:11:39,459 [1] INFO  HollyContact5_Demo.Loger [(null)] - [@@@厂家消息通知@@@]OnMessage ：厂家状态（CurStatus：5；CurStatusName：两方通话；）厂家消息（状态改变：震铃-->两方通话）程序状态（PS08_普通通话）
2016-03-18 17:11:39,472 [1] INFO  HollyContact5_Demo.Loger [(null)] - [>>>厂家状态变化<<<]OnStatusChange ：PS07_来电震铃（3） -> PS08_普通通话（5）
2016-03-18 17:11:39,528 [1] INFO  HollyContact5_Demo.Loger [(null)] - [@@@厂家消息通知@@@]OnMessage ：厂家状态（CurStatus：5；CurStatusName：两方通话；）厂家消息（应答成功。）程序状态（PS08_普通通话）
2016-03-18 17:11:39,542 [1] INFO  HollyContact5_Demo.Loger [(null)] - [@@@厂家消息通知@@@]OnMessage ：厂家状态（CurStatus：5；CurStatusName：两方通话；）厂家消息（录音开始：ContactID=20160318171120573_1_387_UIP5,ANI=68211258,DNIS=87237722,ResonCode=77,ResonDesc=_??? (77)）程序状态（PS08_普通通话）
2016-03-18 17:11:47,885 [1] INFO  HollyContact5_Demo.Loger [(null)] - [HollyContactHelper]用户操作==挂机->True
2016-03-18 17:11:48,019 [1] INFO  HollyContact5_Demo.Loger [(null)] - [@@@厂家消息通知@@@]OnMessage ：厂家状态（CurStatus：5；CurStatusName：两方通话；）厂家消息（录音停止：ContactID=20160318171120573_1_387_UIP5,ANI=68211258,DNIS=87237722,FileName=/var/spool/hollyRecord/2016/03/35196/35196_20160318171139575.mp3,TimeLen=8540,ResonCode=78,ResonDesc=_??? (78)）程序状态（PS08_普通通话）
2016-03-18 17:11:48,036 [1] INFO  HollyContact5_Demo.Loger [(null)] - [@@@厂家消息通知@@@]OnMessage ：厂家状态（CurStatus：5；CurStatusName：两方通话；）厂家消息（话路被挂断：ContactID=20160318171120573_1_387_UIP5,CurrStatus=21,LastStatus=28,OtherParty=151115,ResonCode=16,ResonDesc=ActTpDisconnected）程序状态（PS08_普通通话）
2016-03-18 17:11:48,054 [1] INFO  HollyContact5_Demo.Loger [(null)] - [@@@厂家消息通知@@@]OnMessage ：厂家状态（CurStatus：5；CurStatusName：两方通话；）厂家消息（通话结束。）程序状态（PS08_普通通话）
2016-03-18 17:11:48,093 [1] INFO  HollyContact5_Demo.Loger [(null)] - [@@@厂家消息通知@@@]OnMessage ：厂家状态（CurStatus：15；CurStatusName：工作整理；）厂家消息（状态改变：两方通话-->工作整理）程序状态（PS06_话后）
2016-03-18 17:11:48,108 [1] INFO  HollyContact5_Demo.Loger [(null)] - [>>>厂家状态变化<<<]OnStatusChange ：PS08_普通通话（5） -> PS06_话后（15）
2016-03-18 17:11:48,125 [1] INFO  HollyContact5_Demo.Loger [(null)] - [@@@厂家消息通知@@@]OnMessage ：厂家状态（CurStatus：15；CurStatusName：工作整理；）厂家消息（整理工作开始。）程序状态（PS06_话后）
2016-03-18 17:12:00,364 [1] INFO  HollyContact5_Demo.Loger [(null)] - [HollyContactHelper]用户操作==置闲->True
2016-03-18 17:12:00,580 [1] INFO  HollyContact5_Demo.Loger [(null)] - [@@@厂家消息通知@@@]OnMessage ：厂家状态（CurStatus：1；CurStatusName：空闲；）厂家消息（状态改变：工作整理-->空闲）程序状态（PS03_置闲）
2016-03-18 17:12:00,596 [1] INFO  HollyContact5_Demo.Loger [(null)] - [>>>厂家状态变化<<<]OnStatusChange ：PS06_话后（15） -> PS03_置闲（1）
2016-03-18 17:12:00,616 [1] INFO  HollyContact5_Demo.Loger [(null)] - [@@@厂家消息通知@@@]OnMessage ：厂家状态（CurStatus：1；CurStatusName：空闲；）厂家消息（示闲成功。）程序状态（PS03_置闲）
2016-03-18 17:12:16,614 [1] INFO  HollyContact5_Demo.Loger [(null)] - [@@@厂家消息通知@@@]OnMessage ：厂家状态（CurStatus：1；CurStatusName：空闲；）厂家消息（座席被锁定）程序状态（PS03_置闲）
2016-03-18 17:12:22,645 [1] INFO  HollyContact5_Demo.Loger [(null)] - [@@@厂家消息通知@@@]OnMessage ：厂家状态（CurStatus：3；CurStatusName：震铃；）厂家消息（状态改变：空闲-->震铃）程序状态（PS07_来电震铃）
2016-03-18 17:12:22,663 [1] INFO  HollyContact5_Demo.Loger [(null)] - [>>>厂家状态变化<<<]OnStatusChange ：PS03_置闲（1） -> PS07_来电震铃（3）
2016-03-18 17:12:22,696 [1] INFO  HollyContact5_Demo.Loger [(null)] - [@@@厂家消息通知@@@]OnMessage ：厂家状态（CurStatus：3；CurStatusName：震铃；）厂家消息（来电振铃。）程序状态（PS07_来电震铃）
2016-03-18 17:12:22,712 [1] INFO  HollyContact5_Demo.Loger [(null)] - [@@@厂家消息通知@@@]OnMessage ：厂家状态（CurStatus：3；CurStatusName：震铃；）厂家消息（座席话务处理）程序状态（PS07_来电震铃）
2016-03-18 17:12:22,841 [1] INFO  HollyContact5_Demo.Loger [(null)] - [@@@厂家消息通知@@@]OnMessage ：厂家状态（CurStatus：5；CurStatusName：两方通话；）厂家消息（状态改变：震铃-->两方通话）程序状态（PS08_普通通话）
2016-03-18 17:12:22,856 [1] INFO  HollyContact5_Demo.Loger [(null)] - [>>>厂家状态变化<<<]OnStatusChange ：PS07_来电震铃（3） -> PS08_普通通话（5）
2016-03-18 17:12:22,890 [1] INFO  HollyContact5_Demo.Loger [(null)] - [@@@厂家消息通知@@@]OnMessage ：厂家状态（CurStatus：5；CurStatusName：两方通话；）厂家消息（应答成功。）程序状态（PS08_普通通话）
2016-03-18 17:12:22,910 [1] INFO  HollyContact5_Demo.Loger [(null)] - [@@@厂家消息通知@@@]OnMessage ：厂家状态（CurStatus：5；CurStatusName：两方通话；）厂家消息（录音开始：ContactID=20160318171157139_1_388_UIP5,ANI=68211258,DNIS=87237722,ResonCode=77,ResonDesc=_??? (77)）程序状态（PS08_普通通话）
2016-03-18 17:12:31,939 [1] INFO  HollyContact5_Demo.Loger [(null)] - [HollyContactHelper]用户操作==挂机->True
2016-03-18 17:12:32,019 [1] INFO  HollyContact5_Demo.Loger [(null)] - [@@@厂家消息通知@@@]OnMessage ：厂家状态（CurStatus：5；CurStatusName：两方通话；）厂家消息（录音停止：ContactID=20160318171157139_1_388_UIP5,ANI=68211258,DNIS=87237722,FileName=/var/spool/hollyRecord/2016/03/35196/35196_20160318171222883.mp3,TimeLen=9268,ResonCode=78,ResonDesc=_??? (78)）程序状态（PS08_普通通话）
2016-03-18 17:12:32,043 [1] INFO  HollyContact5_Demo.Loger [(null)] - [@@@厂家消息通知@@@]OnMessage ：厂家状态（CurStatus：5；CurStatusName：两方通话；）厂家消息（话路被挂断：ContactID=20160318171157139_1_388_UIP5,CurrStatus=21,LastStatus=28,OtherParty=151116,ResonCode=16,ResonDesc=ActTpDisconnected）程序状态（PS08_普通通话）
2016-03-18 17:12:32,063 [1] INFO  HollyContact5_Demo.Loger [(null)] - [@@@厂家消息通知@@@]OnMessage ：厂家状态（CurStatus：5；CurStatusName：两方通话；）厂家消息（通话结束。）程序状态（PS08_普通通话）
2016-03-18 17:12:32,109 [1] INFO  HollyContact5_Demo.Loger [(null)] - [@@@厂家消息通知@@@]OnMessage ：厂家状态（CurStatus：15；CurStatusName：工作整理；）厂家消息（状态改变：两方通话-->工作整理）程序状态（PS06_话后）
2016-03-18 17:12:32,130 [1] INFO  HollyContact5_Demo.Loger [(null)] - [>>>厂家状态变化<<<]OnStatusChange ：PS08_普通通话（5） -> PS06_话后（15）
2016-03-18 17:12:32,155 [1] INFO  HollyContact5_Demo.Loger [(null)] - [@@@厂家消息通知@@@]OnMessage ：厂家状态（CurStatus：15；CurStatusName：工作整理；）厂家消息（整理工作开始。）程序状态（PS06_话后）
2016-03-18 17:12:34,822 [1] INFO  HollyContact5_Demo.Loger [(null)] - [@@@厂家消息通知@@@]OnMessage ：厂家状态（CurStatus：2；CurStatusName：置忙；）厂家消息（状态改变：工作整理-->置忙）程序状态（PS04_置忙）
2016-03-18 17:12:34,843 [1] INFO  HollyContact5_Demo.Loger [(null)] - [>>>厂家状态变化<<<]OnStatusChange ：PS06_话后（15） -> PS04_置忙（2）
2016-03-18 17:12:34,867 [1] INFO  HollyContact5_Demo.Loger [(null)] - [@@@厂家消息通知@@@]OnMessage ：厂家状态（CurStatus：2；CurStatusName：置忙；）厂家消息（示忙成功。）程序状态（PS04_置忙）
2016-03-18 17:12:36,132 [1] INFO  HollyContact5_Demo.Loger [(null)] - [HollyContactHelper]用户操作==签出->True
2016-03-18 17:12:36,359 [1] INFO  HollyContact5_Demo.Loger [(null)] - [@@@厂家消息通知@@@]OnMessage ：厂家状态（CurStatus：2；CurStatusName：置忙；）厂家消息（签出成功。）程序状态（PS04_置忙）
2016-03-18 17:12:36,410 [1] INFO  HollyContact5_Demo.Loger [(null)] - [@@@厂家消息通知@@@]OnMessage ：厂家状态（CurStatus：14；CurStatusName：签出；）厂家消息（状态改变：置忙-->签出）程序状态（PS02_签出）
2016-03-18 17:12:36,431 [1] INFO  HollyContact5_Demo.Loger [(null)] - [>>>厂家状态变化<<<]OnStatusChange ：PS04_置忙（2） -> PS02_签出（14）
2016-03-18 17:12:39,587 [1] INFO  HollyContact5_Demo.Loger [(null)] - [HollyContactHelper]用户操作==卸载->True
2016-03-18 17:12:42,940 [1] INFO  HollyContact5_Demo.Loger [(null)] - [HollyContactHelper]用户操作==装载及初始化->True
2016-03-18 17:12:42,987 [1] INFO  HollyContact5_Demo.Loger [(null)] - [@@@厂家消息通知@@@]OnMessage ：厂家状态（CurStatus：0；CurStatusName：准备就绪状态；）厂家消息（服务器已上线:UserName=AgentUser,UserGOR=39387137）程序状态（PS01_就绪）
2016-03-18 17:12:43,014 [1] INFO  HollyContact5_Demo.Loger [(null)] - [@@@厂家消息通知@@@]OnMessage ：厂家状态（CurStatus：0；CurStatusName：准备就绪状态；）厂家消息（服务器已上线:UserName=LSUser,UserGOR=65537）程序状态（PS01_就绪）
2016-03-18 17:12:43,043 [1] INFO  HollyContact5_Demo.Loger [(null)] - [@@@厂家消息通知@@@]OnMessage ：厂家状态（CurStatus：0；CurStatusName：准备就绪状态；）厂家消息（服务器已上线:UserName=ASUser,UserGOR=720897）程序状态（PS01_就绪）
2016-03-18 17:12:43,067 [1] INFO  HollyContact5_Demo.Loger [(null)] - [@@@厂家消息通知@@@]OnMessage ：厂家状态（CurStatus：0；CurStatusName：准备就绪状态；）厂家消息（服务器已上线:UserName=EDSUser,UserGOR=131073）程序状态（PS01_就绪）
2016-03-18 17:12:43,099 [1] INFO  HollyContact5_Demo.Loger [(null)] - [@@@厂家消息通知@@@]OnMessage ：厂家状态（CurStatus：0；CurStatusName：准备就绪状态；）厂家消息（服务器已上线:UserName=StatEvent,UserGOR=327681）程序状态（PS01_就绪）
2016-03-18 17:12:43,150 [1] INFO  HollyContact5_Demo.Loger [(null)] - [@@@厂家消息通知@@@]OnMessage ：厂家状态（CurStatus：0；CurStatusName：准备就绪状态；）厂家消息（服务器已上线:UserName=StatUser,UserGOR=327682）程序状态（PS01_就绪）
2016-03-18 17:12:43,484 [1] INFO  HollyContact5_Demo.Loger [(null)] - [HollyContactHelper]用户操作==添加技能组->1096 1
2016-03-18 17:12:44,104 [1] INFO  HollyContact5_Demo.Loger [(null)] - [HollyContactHelper]用户操作==签入->True
2016-03-18 17:12:44,330 [1] INFO  HollyContact5_Demo.Loger [(null)] - [@@@厂家消息通知@@@]OnMessage ：厂家状态（CurStatus：0；CurStatusName：准备就绪状态；）厂家消息（座席签入成功）程序状态（PS01_就绪）
2016-03-18 17:12:44,389 [1] INFO  HollyContact5_Demo.Loger [(null)] - [@@@厂家消息通知@@@]OnMessage ：厂家状态（CurStatus：2；CurStatusName：置忙；）厂家消息（状态改变：准备就绪状态-->置忙）程序状态（PS04_置忙）
2016-03-18 17:12:44,418 [1] INFO  HollyContact5_Demo.Loger [(null)] - [>>>厂家状态变化<<<]OnStatusChange ：PS01_就绪（0） -> PS04_置忙（2）
2016-03-18 17:12:44,442 [1] INFO  HollyContact5_Demo.Loger [(null)] - [@@@厂家消息通知@@@]OnMessage ：厂家状态（CurStatus：2；CurStatusName：置忙；）厂家消息（签入成功。）程序状态（PS04_置忙）
2016-03-18 17:12:44,797 [1] INFO  HollyContact5_Demo.Loger [(null)] - [HollyContactHelper]用户操作==置闲->True
2016-03-18 17:12:45,026 [1] INFO  HollyContact5_Demo.Loger [(null)] - [@@@厂家消息通知@@@]OnMessage ：厂家状态（CurStatus：1；CurStatusName：空闲；）厂家消息（状态改变：置忙-->空闲）程序状态（PS03_置闲）
2016-03-18 17:12:45,050 [1] INFO  HollyContact5_Demo.Loger [(null)] - [>>>厂家状态变化<<<]OnStatusChange ：PS04_置忙（2） -> PS03_置闲（1）
2016-03-18 17:12:45,077 [1] INFO  HollyContact5_Demo.Loger [(null)] - [@@@厂家消息通知@@@]OnMessage ：厂家状态（CurStatus：1；CurStatusName：空闲；）厂家消息（示闲成功。）程序状态（PS03_置闲）
2016-03-18 17:13:07,474 [1] INFO  HollyContact5_Demo.Loger [(null)] - [@@@厂家消息通知@@@]OnMessage ：厂家状态（CurStatus：1；CurStatusName：空闲；）厂家消息（座席被锁定）程序状态（PS03_置闲）
2016-03-18 17:13:11,959 [1] INFO  HollyContact5_Demo.Loger [(null)] - [@@@厂家消息通知@@@]OnMessage ：厂家状态（CurStatus：1；CurStatusName：空闲；）厂家消息（话路被挂断：ContactID=20160318171258498_1_390_UIP5,CurrStatus=21,LastStatus=0,OtherParty=,ResonCode=0,ResonDesc=ActNULL）程序状态（PS03_置闲）
2016-03-18 17:13:19,538 [1] INFO  HollyContact5_Demo.Loger [(null)] - [^^^厂家错误通知^^^]OnError ：CTIErrorCode:0   ErrorCode:5  ErrorDesc:当前状态不允许该操作,必须是休息状态。
2016-03-18 17:13:19,538 [1] INFO  HollyContact5_Demo.Loger [(null)] - [HollyContactHelper]用户操作==结束休息->False
2016-03-18 17:13:20,941 [1] INFO  HollyContact5_Demo.Loger [(null)] - [@@@厂家消息通知@@@]OnMessage ：厂家状态（CurStatus：2；CurStatusName：置忙；）厂家消息（状态改变：空闲-->置忙）程序状态（PS04_置忙）
2016-03-18 17:13:20,969 [1] INFO  HollyContact5_Demo.Loger [(null)] - [>>>厂家状态变化<<<]OnStatusChange ：PS03_置闲（1） -> PS04_置忙（2）
2016-03-18 17:13:20,999 [1] INFO  HollyContact5_Demo.Loger [(null)] - [@@@厂家消息通知@@@]OnMessage ：厂家状态（CurStatus：2；CurStatusName：置忙；）厂家消息（示忙成功。）程序状态（PS04_置忙）
2016-03-18 17:13:21,166 [1] INFO  HollyContact5_Demo.Loger [(null)] - [HollyContactHelper]用户操作==签出->True
2016-03-18 17:13:21,389 [1] INFO  HollyContact5_Demo.Loger [(null)] - [@@@厂家消息通知@@@]OnMessage ：厂家状态（CurStatus：2；CurStatusName：置忙；）厂家消息（签出成功。）程序状态（PS04_置忙）
2016-03-18 17:13:21,445 [1] INFO  HollyContact5_Demo.Loger [(null)] - [@@@厂家消息通知@@@]OnMessage ：厂家状态（CurStatus：14；CurStatusName：签出；）厂家消息（状态改变：置忙-->签出）程序状态（PS02_签出）
2016-03-18 17:13:21,472 [1] INFO  HollyContact5_Demo.Loger [(null)] - [>>>厂家状态变化<<<]OnStatusChange ：PS04_置忙（2） -> PS02_签出（14）
2016-03-18 17:13:22,251 [1] INFO  HollyContact5_Demo.Loger [(null)] - [HollyContactHelper]用户操作==卸载->True
2016-03-18 17:14:36,715 [1] INFO  HollyContact5_Demo.Loger [(null)] - [HollyContactHelper]用户操作==装载及初始化->True
2016-03-18 17:14:36,749 [1] INFO  HollyContact5_Demo.Loger [(null)] - [@@@厂家消息通知@@@]OnMessage ：厂家状态（CurStatus：0；CurStatusName：准备就绪状态；）厂家消息（服务器已上线:UserName=AgentUser,UserGOR=39518209）程序状态（PS01_就绪）
2016-03-18 17:14:36,762 [1] INFO  HollyContact5_Demo.Loger [(null)] - [@@@厂家消息通知@@@]OnMessage ：厂家状态（CurStatus：0；CurStatusName：准备就绪状态；）厂家消息（服务器已上线:UserName=LSUser,UserGOR=65537）程序状态（PS01_就绪）
2016-03-18 17:14:36,781 [1] INFO  HollyContact5_Demo.Loger [(null)] - [@@@厂家消息通知@@@]OnMessage ：厂家状态（CurStatus：0；CurStatusName：准备就绪状态；）厂家消息（服务器已上线:UserName=ASUser,UserGOR=720897）程序状态（PS01_就绪）
2016-03-18 17:14:36,797 [1] INFO  HollyContact5_Demo.Loger [(null)] - [@@@厂家消息通知@@@]OnMessage ：厂家状态（CurStatus：0；CurStatusName：准备就绪状态；）厂家消息（服务器已上线:UserName=EDSUser,UserGOR=131073）程序状态（PS01_就绪）
2016-03-18 17:14:36,813 [1] INFO  HollyContact5_Demo.Loger [(null)] - [@@@厂家消息通知@@@]OnMessage ：厂家状态（CurStatus：0；CurStatusName：准备就绪状态；）厂家消息（服务器已上线:UserName=StatEvent,UserGOR=327681）程序状态（PS01_就绪）
2016-03-18 17:14:36,842 [1] INFO  HollyContact5_Demo.Loger [(null)] - [@@@厂家消息通知@@@]OnMessage ：厂家状态（CurStatus：0；CurStatusName：准备就绪状态；）厂家消息（服务器已上线:UserName=StatUser,UserGOR=327682）程序状态（PS01_就绪）
2016-03-18 17:14:37,412 [1] INFO  HollyContact5_Demo.Loger [(null)] - [HollyContactHelper]用户操作==添加技能组->1096 1
2016-03-18 17:14:37,927 [1] INFO  HollyContact5_Demo.Loger [(null)] - [HollyContactHelper]用户操作==签入->True
2016-03-18 17:14:38,420 [1] INFO  HollyContact5_Demo.Loger [(null)] - [@@@厂家消息通知@@@]OnMessage ：厂家状态（CurStatus：0；CurStatusName：准备就绪状态；）厂家消息（座席签入成功）程序状态（PS01_就绪）
2016-03-18 17:14:38,444 [1] INFO  HollyContact5_Demo.Loger [(null)] - [@@@厂家消息通知@@@]OnMessage ：厂家状态（CurStatus：2；CurStatusName：置忙；）厂家消息（状态改变：准备就绪状态-->置忙）程序状态（PS04_置忙）
2016-03-18 17:14:38,458 [1] INFO  HollyContact5_Demo.Loger [(null)] - [>>>厂家状态变化<<<]OnStatusChange ：PS01_就绪（0） -> PS04_置忙（2）
2016-03-18 17:14:38,468 [1] INFO  HollyContact5_Demo.Loger [(null)] - [@@@厂家消息通知@@@]OnMessage ：厂家状态（CurStatus：2；CurStatusName：置忙；）厂家消息（签入成功。）程序状态（PS04_置忙）
2016-03-18 17:14:39,782 [1] INFO  HollyContact5_Demo.Loger [(null)] - [HollyContactHelper]用户操作==置闲->True
2016-03-18 17:14:39,992 [1] INFO  HollyContact5_Demo.Loger [(null)] - [@@@厂家消息通知@@@]OnMessage ：厂家状态（CurStatus：1；CurStatusName：空闲；）厂家消息（状态改变：置忙-->空闲）程序状态（PS03_置闲）
2016-03-18 17:14:40,003 [1] INFO  HollyContact5_Demo.Loger [(null)] - [>>>厂家状态变化<<<]OnStatusChange ：PS04_置忙（2） -> PS03_置闲（1）
2016-03-18 17:14:40,014 [1] INFO  HollyContact5_Demo.Loger [(null)] - [@@@厂家消息通知@@@]OnMessage ：厂家状态（CurStatus：1；CurStatusName：空闲；）厂家消息（示闲成功。）程序状态（PS03_置闲）
2016-03-18 17:15:00,633 [1] INFO  HollyContact5_Demo.Loger [(null)] - [@@@厂家消息通知@@@]OnMessage ：厂家状态（CurStatus：1；CurStatusName：空闲；）厂家消息（座席被锁定）程序状态（PS03_置闲）
2016-03-18 17:15:06,253 [1] INFO  HollyContact5_Demo.Loger [(null)] - [@@@厂家消息通知@@@]OnMessage ：厂家状态（CurStatus：3；CurStatusName：震铃；）厂家消息（状态改变：空闲-->震铃）程序状态（PS07_来电震铃）
2016-03-18 17:15:06,285 [1] INFO  HollyContact5_Demo.Loger [(null)] - [>>>厂家状态变化<<<]OnStatusChange ：PS03_置闲（1） -> PS07_来电震铃（3）
2016-03-18 17:15:06,351 [1] INFO  HollyContact5_Demo.Loger [(null)] - [@@@厂家消息通知@@@]OnMessage ：厂家状态（CurStatus：3；CurStatusName：震铃；）厂家消息（来电振铃。）程序状态（PS07_来电震铃）
2016-03-18 17:15:06,385 [1] INFO  HollyContact5_Demo.Loger [(null)] - [@@@厂家消息通知@@@]OnMessage ：厂家状态（CurStatus：3；CurStatusName：震铃；）厂家消息（座席话务处理）程序状态（PS07_来电震铃）
2016-03-18 17:15:06,419 [1] INFO  HollyContact5_Demo.Loger [(null)] - [@@@厂家消息通知@@@]OnMessage ：厂家状态（CurStatus：5；CurStatusName：两方通话；）厂家消息（状态改变：震铃-->两方通话）程序状态（PS08_普通通话）
2016-03-18 17:15:06,451 [1] INFO  HollyContact5_Demo.Loger [(null)] - [>>>厂家状态变化<<<]OnStatusChange ：PS07_来电震铃（3） -> PS08_普通通话（5）
2016-03-18 17:15:06,525 [1] INFO  HollyContact5_Demo.Loger [(null)] - [@@@厂家消息通知@@@]OnMessage ：厂家状态（CurStatus：5；CurStatusName：两方通话；）厂家消息（应答成功。）程序状态（PS08_普通通话）
2016-03-18 17:15:06,559 [1] INFO  HollyContact5_Demo.Loger [(null)] - [@@@厂家消息通知@@@]OnMessage ：厂家状态（CurStatus：5；CurStatusName：两方通话；）厂家消息（录音开始：ContactID=20160318171451135_1_394_UIP5,ANI=68211258,DNIS=1005,ResonCode=77,ResonDesc=_??? (77)）程序状态（PS08_普通通话）
2016-03-18 17:15:09,012 [1] INFO  HollyContact5_Demo.Loger [(null)] - [HollyContactHelper]用户操作==挂机->True
2016-03-18 17:15:09,115 [1] INFO  HollyContact5_Demo.Loger [(null)] - [@@@厂家消息通知@@@]OnMessage ：厂家状态（CurStatus：5；CurStatusName：两方通话；）厂家消息（录音停止：ContactID=20160318171451135_1_394_UIP5,ANI=68211258,DNIS=1005,FileName=/var/spool/hollyRecord/2016/03/35196/35196_20160318171506436.mp3,TimeLen=2804,ResonCode=78,ResonDesc=_??? (78)）程序状态（PS08_普通通话）
2016-03-18 17:15:09,149 [1] INFO  HollyContact5_Demo.Loger [(null)] - [@@@厂家消息通知@@@]OnMessage ：厂家状态（CurStatus：5；CurStatusName：两方通话；）厂家消息（话路被挂断：ContactID=20160318171451135_1_394_UIP5,CurrStatus=21,LastStatus=28,OtherParty=151122,ResonCode=16,ResonDesc=ActTpDisconnected）程序状态（PS08_普通通话）
2016-03-18 17:15:09,183 [1] INFO  HollyContact5_Demo.Loger [(null)] - [@@@厂家消息通知@@@]OnMessage ：厂家状态（CurStatus：5；CurStatusName：两方通话；）厂家消息（通话结束。）程序状态（PS08_普通通话）
2016-03-18 17:15:09,267 [1] INFO  HollyContact5_Demo.Loger [(null)] - [@@@厂家消息通知@@@]OnMessage ：厂家状态（CurStatus：15；CurStatusName：工作整理；）厂家消息（状态改变：两方通话-->工作整理）程序状态（PS06_话后）
2016-03-18 17:15:09,308 [1] INFO  HollyContact5_Demo.Loger [(null)] - [>>>厂家状态变化<<<]OnStatusChange ：PS08_普通通话（5） -> PS06_话后（15）
2016-03-18 17:15:09,346 [1] INFO  HollyContact5_Demo.Loger [(null)] - [@@@厂家消息通知@@@]OnMessage ：厂家状态（CurStatus：15；CurStatusName：工作整理；）厂家消息（整理工作开始。）程序状态（PS06_话后）
2016-03-18 17:15:15,576 [1] INFO  HollyContact5_Demo.Loger [(null)] - [HollyContactHelper]用户操作==签出->True
2016-03-18 17:15:15,817 [1] INFO  HollyContact5_Demo.Loger [(null)] - [@@@厂家消息通知@@@]OnMessage ：厂家状态（CurStatus：15；CurStatusName：工作整理；）厂家消息（签出成功。）程序状态（PS06_话后）
2016-03-18 17:15:15,896 [1] INFO  HollyContact5_Demo.Loger [(null)] - [@@@厂家消息通知@@@]OnMessage ：厂家状态（CurStatus：14；CurStatusName：签出；）厂家消息（状态改变：工作整理-->签出）程序状态（PS02_签出）
2016-03-18 17:15:15,933 [1] INFO  HollyContact5_Demo.Loger [(null)] - [>>>厂家状态变化<<<]OnStatusChange ：PS06_话后（15） -> PS02_签出（14）
2016-03-18 17:15:16,991 [1] INFO  HollyContact5_Demo.Loger [(null)] - [HollyContactHelper]用户操作==卸载->True
2016-03-18 17:15:21,540 [1] INFO  HollyContact5_Demo.Loger [(null)] - [HollyContactHelper]用户操作==装载及初始化->True
2016-03-18 17:15:21,621 [1] INFO  HollyContact5_Demo.Loger [(null)] - [@@@厂家消息通知@@@]OnMessage ：厂家状态（CurStatus：0；CurStatusName：准备就绪状态；）厂家消息（服务器已上线:UserName=AgentUser,UserGOR=39583745）程序状态（PS01_就绪）
2016-03-18 17:15:21,660 [1] INFO  HollyContact5_Demo.Loger [(null)] - [@@@厂家消息通知@@@]OnMessage ：厂家状态（CurStatus：0；CurStatusName：准备就绪状态；）厂家消息（服务器已上线:UserName=LSUser,UserGOR=65537）程序状态（PS01_就绪）
2016-03-18 17:15:21,703 [1] INFO  HollyContact5_Demo.Loger [(null)] - [@@@厂家消息通知@@@]OnMessage ：厂家状态（CurStatus：0；CurStatusName：准备就绪状态；）厂家消息（服务器已上线:UserName=ASUser,UserGOR=720897）程序状态（PS01_就绪）
2016-03-18 17:15:21,742 [1] INFO  HollyContact5_Demo.Loger [(null)] - [@@@厂家消息通知@@@]OnMessage ：厂家状态（CurStatus：0；CurStatusName：准备就绪状态；）厂家消息（服务器已上线:UserName=EDSUser,UserGOR=131073）程序状态（PS01_就绪）
2016-03-18 17:15:21,783 [1] INFO  HollyContact5_Demo.Loger [(null)] - [@@@厂家消息通知@@@]OnMessage ：厂家状态（CurStatus：0；CurStatusName：准备就绪状态；）厂家消息（服务器已上线:UserName=StatEvent,UserGOR=327681）程序状态（PS01_就绪）
2016-03-18 17:15:21,863 [1] INFO  HollyContact5_Demo.Loger [(null)] - [@@@厂家消息通知@@@]OnMessage ：厂家状态（CurStatus：0；CurStatusName：准备就绪状态；）厂家消息（服务器已上线:UserName=StatUser,UserGOR=327682）程序状态（PS01_就绪）
2016-03-18 17:15:21,324 [1] INFO  HollyContact5_Demo.Loger [(null)] - [HollyContactHelper]用户操作==添加技能组->1096 1
2016-03-18 17:15:21,875 [1] INFO  HollyContact5_Demo.Loger [(null)] - [HollyContactHelper]用户操作==签入->True
2016-03-18 17:15:22,136 [1] INFO  HollyContact5_Demo.Loger [(null)] - [@@@厂家消息通知@@@]OnMessage ：厂家状态（CurStatus：0；CurStatusName：准备就绪状态；）厂家消息（座席签入成功）程序状态（PS01_就绪）
2016-03-18 17:15:22,219 [1] INFO  HollyContact5_Demo.Loger [(null)] - [@@@厂家消息通知@@@]OnMessage ：厂家状态（CurStatus：2；CurStatusName：置忙；）厂家消息（状态改变：准备就绪状态-->置忙）程序状态（PS04_置忙）
2016-03-18 17:15:22,260 [1] INFO  HollyContact5_Demo.Loger [(null)] - [>>>厂家状态变化<<<]OnStatusChange ：PS01_就绪（0） -> PS04_置忙（2）
2016-03-18 17:15:22,304 [1] INFO  HollyContact5_Demo.Loger [(null)] - [@@@厂家消息通知@@@]OnMessage ：厂家状态（CurStatus：2；CurStatusName：置忙；）厂家消息（签入成功。）程序状态（PS04_置忙）
2016-03-18 17:15:22,643 [1] INFO  HollyContact5_Demo.Loger [(null)] - [HollyContactHelper]用户操作==置闲->True
2016-03-18 17:15:22,882 [1] INFO  HollyContact5_Demo.Loger [(null)] - [@@@厂家消息通知@@@]OnMessage ：厂家状态（CurStatus：1；CurStatusName：空闲；）厂家消息（状态改变：置忙-->空闲）程序状态（PS03_置闲）
2016-03-18 17:15:22,923 [1] INFO  HollyContact5_Demo.Loger [(null)] - [>>>厂家状态变化<<<]OnStatusChange ：PS04_置忙（2） -> PS03_置闲（1）
2016-03-18 17:15:22,961 [1] INFO  HollyContact5_Demo.Loger [(null)] - [@@@厂家消息通知@@@]OnMessage ：厂家状态（CurStatus：1；CurStatusName：空闲；）厂家消息（示闲成功。）程序状态（PS03_置闲）
2016-03-18 17:15:44,748 [1] INFO  HollyContact5_Demo.Loger [(null)] - [@@@厂家消息通知@@@]OnMessage ：厂家状态（CurStatus：1；CurStatusName：空闲；）厂家消息（座席被锁定）程序状态（PS03_置闲）
2016-03-18 17:15:49,069 [1] INFO  HollyContact5_Demo.Loger [(null)] - [@@@厂家消息通知@@@]OnMessage ：厂家状态（CurStatus：1；CurStatusName：空闲；）厂家消息（话路被挂断：ContactID=20160318171536555_1_396_UIP5,CurrStatus=21,LastStatus=0,OtherParty=,ResonCode=0,ResonDesc=ActNULL）程序状态（PS03_置闲）
2016-03-18 17:25:16,152 [1] INFO  HollyContact5_Demo.Loger [(null)] - [@@@厂家消息通知@@@]OnMessage ：厂家状态（CurStatus：2；CurStatusName：置忙；）厂家消息（状态改变：空闲-->置忙）程序状态（PS04_置忙）
2016-03-18 17:25:16,160 [1] INFO  HollyContact5_Demo.Loger [(null)] - [>>>厂家状态变化<<<]OnStatusChange ：PS03_置闲（1） -> PS04_置忙（2）
2016-03-18 17:25:16,167 [1] INFO  HollyContact5_Demo.Loger [(null)] - [@@@厂家消息通知@@@]OnMessage ：厂家状态（CurStatus：2；CurStatusName：置忙；）厂家消息（示忙成功。）程序状态（PS04_置忙）
2016-03-18 17:25:16,374 [1] INFO  HollyContact5_Demo.Loger [(null)] - [HollyContactHelper]用户操作==签出->True
2016-03-18 17:25:16,577 [1] INFO  HollyContact5_Demo.Loger [(null)] - [@@@厂家消息通知@@@]OnMessage ：厂家状态（CurStatus：2；CurStatusName：置忙；）厂家消息（签出成功。）程序状态（PS04_置忙）
2016-03-18 17:25:16,593 [1] INFO  HollyContact5_Demo.Loger [(null)] - [@@@厂家消息通知@@@]OnMessage ：厂家状态（CurStatus：14；CurStatusName：签出；）厂家消息（状态改变：置忙-->签出）程序状态（PS02_签出）
2016-03-18 17:25:16,604 [1] INFO  HollyContact5_Demo.Loger [(null)] - [>>>厂家状态变化<<<]OnStatusChange ：PS04_置忙（2） -> PS02_签出（14）
2016-03-18 17:25:17,915 [1] INFO  HollyContact5_Demo.Loger [(null)] - [HollyContactHelper]用户操作==卸载->True
2016-03-18 17:25:23,773 [1] INFO  HollyContact5_Demo.Loger [(null)] - [HollyContactHelper]用户操作==装载及初始化->True
2016-03-18 17:25:23,808 [1] INFO  HollyContact5_Demo.Loger [(null)] - [@@@厂家消息通知@@@]OnMessage ：厂家状态（CurStatus：0；CurStatusName：准备就绪状态；）厂家消息（服务器已上线:UserName=AgentUser,UserGOR=39649281）程序状态（PS01_就绪）
2016-03-18 17:25:23,818 [1] INFO  HollyContact5_Demo.Loger [(null)] - [@@@厂家消息通知@@@]OnMessage ：厂家状态（CurStatus：0；CurStatusName：准备就绪状态；）厂家消息（服务器已上线:UserName=LSUser,UserGOR=65537）程序状态（PS01_就绪）
2016-03-18 17:25:23,834 [1] INFO  HollyContact5_Demo.Loger [(null)] - [@@@厂家消息通知@@@]OnMessage ：厂家状态（CurStatus：0；CurStatusName：准备就绪状态；）厂家消息（服务器已上线:UserName=ASUser,UserGOR=720897）程序状态（PS01_就绪）
2016-03-18 17:25:23,845 [1] INFO  HollyContact5_Demo.Loger [(null)] - [@@@厂家消息通知@@@]OnMessage ：厂家状态（CurStatus：0；CurStatusName：准备就绪状态；）厂家消息（服务器已上线:UserName=EDSUser,UserGOR=131073）程序状态（PS01_就绪）
2016-03-18 17:25:23,858 [1] INFO  HollyContact5_Demo.Loger [(null)] - [@@@厂家消息通知@@@]OnMessage ：厂家状态（CurStatus：0；CurStatusName：准备就绪状态；）厂家消息（服务器已上线:UserName=StatEvent,UserGOR=327681）程序状态（PS01_就绪）
2016-03-18 17:25:23,880 [1] INFO  HollyContact5_Demo.Loger [(null)] - [@@@厂家消息通知@@@]OnMessage ：厂家状态（CurStatus：0；CurStatusName：准备就绪状态；）厂家消息（服务器已上线:UserName=StatUser,UserGOR=327682）程序状态（PS01_就绪）
2016-03-18 17:25:24,455 [1] INFO  HollyContact5_Demo.Loger [(null)] - [HollyContactHelper]用户操作==添加技能组->1096 1
2016-03-18 17:25:24,922 [1] INFO  HollyContact5_Demo.Loger [(null)] - [HollyContactHelper]用户操作==签入->True
2016-03-18 17:25:25,133 [1] INFO  HollyContact5_Demo.Loger [(null)] - [@@@厂家消息通知@@@]OnMessage ：厂家状态（CurStatus：0；CurStatusName：准备就绪状态；）厂家消息（座席签入成功）程序状态（PS01_就绪）
2016-03-18 17:25:25,162 [1] INFO  HollyContact5_Demo.Loger [(null)] - [@@@厂家消息通知@@@]OnMessage ：厂家状态（CurStatus：2；CurStatusName：置忙；）厂家消息（状态改变：准备就绪状态-->置忙）程序状态（PS04_置忙）
2016-03-18 17:25:25,175 [1] INFO  HollyContact5_Demo.Loger [(null)] - [>>>厂家状态变化<<<]OnStatusChange ：PS01_就绪（0） -> PS04_置忙（2）
2016-03-18 17:25:25,185 [1] INFO  HollyContact5_Demo.Loger [(null)] - [@@@厂家消息通知@@@]OnMessage ：厂家状态（CurStatus：2；CurStatusName：置忙；）厂家消息（签入成功。）程序状态（PS04_置忙）
2016-03-18 17:25:25,608 [1] INFO  HollyContact5_Demo.Loger [(null)] - [HollyContactHelper]用户操作==置闲->True
2016-03-18 17:25:25,818 [1] INFO  HollyContact5_Demo.Loger [(null)] - [@@@厂家消息通知@@@]OnMessage ：厂家状态（CurStatus：1；CurStatusName：空闲；）厂家消息（状态改变：置忙-->空闲）程序状态（PS03_置闲）
2016-03-18 17:25:25,832 [1] INFO  HollyContact5_Demo.Loger [(null)] - [>>>厂家状态变化<<<]OnStatusChange ：PS04_置忙（2） -> PS03_置闲（1）
2016-03-18 17:25:25,846 [1] INFO  HollyContact5_Demo.Loger [(null)] - [@@@厂家消息通知@@@]OnMessage ：厂家状态（CurStatus：1；CurStatusName：空闲；）厂家消息（示闲成功。）程序状态（PS03_置闲）
2016-03-18 17:25:37,237 [1] INFO  HollyContact5_Demo.Loger [(null)] - [^^^厂家错误通知^^^]OnError ：CTIErrorCode:0   ErrorCode:5  ErrorDesc:当前状态不允许该操作,必须是置忙、整理等状态。
2016-03-18 17:25:37,237 [1] INFO  HollyContact5_Demo.Loger [(null)] - [HollyContactHelper]用户操作==置闲->False
2016-03-18 17:25:44,880 [1] INFO  HollyContact5_Demo.Loger [(null)] - [@@@厂家消息通知@@@]OnMessage ：厂家状态（CurStatus：1；CurStatusName：空闲；）厂家消息（座席被锁定）程序状态（PS03_置闲）
2016-03-18 17:25:50,684 [1] INFO  HollyContact5_Demo.Loger [(null)] - [@@@厂家消息通知@@@]OnMessage ：厂家状态（CurStatus：3；CurStatusName：震铃；）厂家消息（状态改变：空闲-->震铃）程序状态（PS07_来电震铃）
2016-03-18 17:25:50,697 [1] INFO  HollyContact5_Demo.Loger [(null)] - [>>>厂家状态变化<<<]OnStatusChange ：PS03_置闲（1） -> PS07_来电震铃（3）
2016-03-18 17:25:50,713 [1] INFO  HollyContact5_Demo.Loger [(null)] - [@@@厂家消息通知@@@]OnMessage ：厂家状态（CurStatus：3；CurStatusName：震铃；）厂家消息（来电振铃。）程序状态（PS07_来电震铃）
2016-03-18 17:25:50,725 [1] INFO  HollyContact5_Demo.Loger [(null)] - [@@@厂家消息通知@@@]OnMessage ：厂家状态（CurStatus：3；CurStatusName：震铃；）厂家消息（座席话务处理）程序状态（PS07_来电震铃）
2016-03-18 17:25:50,739 [1] INFO  HollyContact5_Demo.Loger [(null)] - [@@@厂家消息通知@@@]OnMessage ：厂家状态（CurStatus：5；CurStatusName：两方通话；）厂家消息（状态改变：震铃-->两方通话）程序状态（PS08_普通通话）
2016-03-18 17:25:50,747 [1] INFO  HollyContact5_Demo.Loger [(null)] - [>>>厂家状态变化<<<]OnStatusChange ：PS07_来电震铃（3） -> PS08_普通通话（5）
2016-03-18 17:25:50,777 [1] INFO  HollyContact5_Demo.Loger [(null)] - [@@@厂家消息通知@@@]OnMessage ：厂家状态（CurStatus：5；CurStatusName：两方通话；）厂家消息（应答成功。）程序状态（PS08_普通通话）
2016-03-18 17:25:50,789 [1] INFO  HollyContact5_Demo.Loger [(null)] - [@@@厂家消息通知@@@]OnMessage ：厂家状态（CurStatus：5；CurStatusName：两方通话；）厂家消息（录音开始：ContactID=20160318172536148_1_406_UIP5,ANI=68211258,DNIS=1005,ResonCode=77,ResonDesc=_??? (77)）程序状态（PS08_普通通话）
2016-03-18 17:26:04,090 [1] INFO  HollyContact5_Demo.Loger [(null)] - [HollyContactHelper]用户操作==挂机->True
2016-03-18 17:26:04,162 [1] INFO  HollyContact5_Demo.Loger [(null)] - [@@@厂家消息通知@@@]OnMessage ：厂家状态（CurStatus：5；CurStatusName：两方通话；）厂家消息（录音停止：ContactID=20160318172536148_1_406_UIP5,ANI=68211258,DNIS=1005,FileName=/var/spool/hollyRecord/2016/03/35196/35196_20160318172551580.mp3,TimeLen=13416,ResonCode=78,ResonDesc=_??? (78)）程序状态（PS08_普通通话）
2016-03-18 17:26:04,177 [1] INFO  HollyContact5_Demo.Loger [(null)] - [@@@厂家消息通知@@@]OnMessage ：厂家状态（CurStatus：5；CurStatusName：两方通话；）厂家消息（话路被挂断：ContactID=20160318172536148_1_406_UIP5,CurrStatus=21,LastStatus=28,OtherParty=151134,ResonCode=16,ResonDesc=ActTpDisconnected）程序状态（PS08_普通通话）
2016-03-18 17:26:04,190 [1] INFO  HollyContact5_Demo.Loger [(null)] - [@@@厂家消息通知@@@]OnMessage ：厂家状态（CurStatus：5；CurStatusName：两方通话；）厂家消息（通话结束。）程序状态（PS08_普通通话）
2016-03-18 17:26:04,209 [1] INFO  HollyContact5_Demo.Loger [(null)] - [@@@厂家消息通知@@@]OnMessage ：厂家状态（CurStatus：15；CurStatusName：工作整理；）厂家消息（状态改变：两方通话-->工作整理）程序状态（PS06_话后）
2016-03-18 17:26:04,222 [1] INFO  HollyContact5_Demo.Loger [(null)] - [>>>厂家状态变化<<<]OnStatusChange ：PS08_普通通话（5） -> PS06_话后（15）
2016-03-18 17:26:04,236 [1] INFO  HollyContact5_Demo.Loger [(null)] - [@@@厂家消息通知@@@]OnMessage ：厂家状态（CurStatus：15；CurStatusName：工作整理；）厂家消息（整理工作开始。）程序状态（PS06_话后）
2016-03-18 17:26:08,582 [1] INFO  HollyContact5_Demo.Loger [(null)] - [@@@厂家消息通知@@@]OnMessage ：厂家状态（CurStatus：2；CurStatusName：置忙；）厂家消息（状态改变：工作整理-->置忙）程序状态（PS04_置忙）
2016-03-18 17:26:08,594 [1] INFO  HollyContact5_Demo.Loger [(null)] - [>>>厂家状态变化<<<]OnStatusChange ：PS06_话后（15） -> PS04_置忙（2）
2016-03-18 17:26:08,607 [1] INFO  HollyContact5_Demo.Loger [(null)] - [@@@厂家消息通知@@@]OnMessage ：厂家状态（CurStatus：2；CurStatusName：置忙；）厂家消息（示忙成功。）程序状态（PS04_置忙）
2016-03-18 17:26:08,961 [1] INFO  HollyContact5_Demo.Loger [(null)] - [HollyContactHelper]用户操作==签出->True
2016-03-18 17:26:09,175 [1] INFO  HollyContact5_Demo.Loger [(null)] - [@@@厂家消息通知@@@]OnMessage ：厂家状态（CurStatus：2；CurStatusName：置忙；）厂家消息（签出成功。）程序状态（PS04_置忙）
2016-03-18 17:26:09,199 [1] INFO  HollyContact5_Demo.Loger [(null)] - [@@@厂家消息通知@@@]OnMessage ：厂家状态（CurStatus：14；CurStatusName：签出；）厂家消息（状态改变：置忙-->签出）程序状态（PS02_签出）
2016-03-18 17:26:09,209 [1] INFO  HollyContact5_Demo.Loger [(null)] - [>>>厂家状态变化<<<]OnStatusChange ：PS04_置忙（2） -> PS02_签出（14）
2016-03-18 17:26:09,857 [1] INFO  HollyContact5_Demo.Loger [(null)] - [HollyContactHelper]用户操作==卸载->True
2016-03-18 17:26:11,695 [1] INFO  HollyContact5_Demo.Loger [(null)] - [HollyContactHelper]用户操作==装载及初始化->True
2016-03-18 17:26:11,725 [1] INFO  HollyContact5_Demo.Loger [(null)] - [@@@厂家消息通知@@@]OnMessage ：厂家状态（CurStatus：0；CurStatusName：准备就绪状态；）厂家消息（服务器已上线:UserName=AgentUser,UserGOR=39714817）程序状态（PS01_就绪）
2016-03-18 17:26:11,740 [1] INFO  HollyContact5_Demo.Loger [(null)] - [@@@厂家消息通知@@@]OnMessage ：厂家状态（CurStatus：0；CurStatusName：准备就绪状态；）厂家消息（服务器已上线:UserName=LSUser,UserGOR=65537）程序状态（PS01_就绪）
2016-03-18 17:26:11,759 [1] INFO  HollyContact5_Demo.Loger [(null)] - [@@@厂家消息通知@@@]OnMessage ：厂家状态（CurStatus：0；CurStatusName：准备就绪状态；）厂家消息（服务器已上线:UserName=ASUser,UserGOR=720897）程序状态（PS01_就绪）
2016-03-18 17:26:11,776 [1] INFO  HollyContact5_Demo.Loger [(null)] - [@@@厂家消息通知@@@]OnMessage ：厂家状态（CurStatus：0；CurStatusName：准备就绪状态；）厂家消息（服务器已上线:UserName=EDSUser,UserGOR=131073）程序状态（PS01_就绪）
2016-03-18 17:26:11,791 [1] INFO  HollyContact5_Demo.Loger [(null)] - [@@@厂家消息通知@@@]OnMessage ：厂家状态（CurStatus：0；CurStatusName：准备就绪状态；）厂家消息（服务器已上线:UserName=StatEvent,UserGOR=327681）程序状态（PS01_就绪）
2016-03-18 17:26:11,821 [1] INFO  HollyContact5_Demo.Loger [(null)] - [@@@厂家消息通知@@@]OnMessage ：厂家状态（CurStatus：0；CurStatusName：准备就绪状态；）厂家消息（服务器已上线:UserName=StatUser,UserGOR=327682）程序状态（PS01_就绪）
2016-03-18 17:26:12,314 [1] INFO  HollyContact5_Demo.Loger [(null)] - [HollyContactHelper]用户操作==添加技能组->1096 1
2016-03-18 17:26:12,822 [1] INFO  HollyContact5_Demo.Loger [(null)] - [HollyContactHelper]用户操作==签入->True
2016-03-18 17:26:13,036 [1] INFO  HollyContact5_Demo.Loger [(null)] - [@@@厂家消息通知@@@]OnMessage ：厂家状态（CurStatus：0；CurStatusName：准备就绪状态；）厂家消息（座席签入成功）程序状态（PS01_就绪）
2016-03-18 17:26:13,072 [1] INFO  HollyContact5_Demo.Loger [(null)] - [@@@厂家消息通知@@@]OnMessage ：厂家状态（CurStatus：2；CurStatusName：置忙；）厂家消息（状态改变：准备就绪状态-->置忙）程序状态（PS04_置忙）
2016-03-18 17:26:13,088 [1] INFO  HollyContact5_Demo.Loger [(null)] - [>>>厂家状态变化<<<]OnStatusChange ：PS01_就绪（0） -> PS04_置忙（2）
2016-03-18 17:26:13,105 [1] INFO  HollyContact5_Demo.Loger [(null)] - [@@@厂家消息通知@@@]OnMessage ：厂家状态（CurStatus：2；CurStatusName：置忙；）厂家消息（签入成功。）程序状态（PS04_置忙）
2016-03-18 17:26:13,522 [1] INFO  HollyContact5_Demo.Loger [(null)] - [HollyContactHelper]用户操作==置闲->True
2016-03-18 17:26:13,743 [1] INFO  HollyContact5_Demo.Loger [(null)] - [@@@厂家消息通知@@@]OnMessage ：厂家状态（CurStatus：1；CurStatusName：空闲；）厂家消息（状态改变：置忙-->空闲）程序状态（PS03_置闲）
2016-03-18 17:26:13,759 [1] INFO  HollyContact5_Demo.Loger [(null)] - [>>>厂家状态变化<<<]OnStatusChange ：PS04_置忙（2） -> PS03_置闲（1）
2016-03-18 17:26:13,776 [1] INFO  HollyContact5_Demo.Loger [(null)] - [@@@厂家消息通知@@@]OnMessage ：厂家状态（CurStatus：1；CurStatusName：空闲；）厂家消息（示闲成功。）程序状态（PS03_置闲）
2016-03-18 17:26:33,058 [1] INFO  HollyContact5_Demo.Loger [(null)] - [@@@厂家消息通知@@@]OnMessage ：厂家状态（CurStatus：1；CurStatusName：空闲；）厂家消息（座席被锁定）程序状态（PS03_置闲）
2016-03-18 17:26:39,588 [1] INFO  HollyContact5_Demo.Loger [(null)] - [@@@厂家消息通知@@@]OnMessage ：厂家状态（CurStatus：3；CurStatusName：震铃；）厂家消息（状态改变：空闲-->震铃）程序状态（PS07_来电震铃）
2016-03-18 17:26:39,594 [1] INFO  HollyContact5_Demo.Loger [(null)] - [>>>厂家状态变化<<<]OnStatusChange ：PS03_置闲（1） -> PS07_来电震铃（3）
2016-03-18 17:26:39,608 [1] INFO  HollyContact5_Demo.Loger [(null)] - [@@@厂家消息通知@@@]OnMessage ：厂家状态（CurStatus：3；CurStatusName：震铃；）厂家消息（来电振铃。）程序状态（PS07_来电震铃）
2016-03-18 17:26:39,616 [1] INFO  HollyContact5_Demo.Loger [(null)] - [@@@厂家消息通知@@@]OnMessage ：厂家状态（CurStatus：3；CurStatusName：震铃；）厂家消息（座席话务处理）程序状态（PS07_来电震铃）
2016-03-18 17:26:39,628 [1] INFO  HollyContact5_Demo.Loger [(null)] - [@@@厂家消息通知@@@]OnMessage ：厂家状态（CurStatus：5；CurStatusName：两方通话；）厂家消息（状态改变：震铃-->两方通话）程序状态（PS08_普通通话）
2016-03-18 17:26:39,638 [1] INFO  HollyContact5_Demo.Loger [(null)] - [>>>厂家状态变化<<<]OnStatusChange ：PS07_来电震铃（3） -> PS08_普通通话（5）
2016-03-18 17:26:39,661 [1] INFO  HollyContact5_Demo.Loger [(null)] - [@@@厂家消息通知@@@]OnMessage ：厂家状态（CurStatus：5；CurStatusName：两方通话；）厂家消息（应答成功。）程序状态（PS08_普通通话）
2016-03-18 17:26:39,675 [1] INFO  HollyContact5_Demo.Loger [(null)] - [@@@厂家消息通知@@@]OnMessage ：厂家状态（CurStatus：5；CurStatusName：两方通话；）厂家消息（录音开始：ContactID=20160318172620529_1_407_UIP5,ANI=68211258,DNIS=87237722,ResonCode=77,ResonDesc=_??? (77)）程序状态（PS08_普通通话）
2016-03-18 17:26:43,691 [1] INFO  HollyContact5_Demo.Loger [(null)] - [@@@厂家消息通知@@@]OnMessage ：厂家状态（CurStatus：5；CurStatusName：两方通话；）厂家消息（录音停止：ContactID=20160318172620529_1_407_UIP5,ANI=68211258,DNIS=87237722,FileName=/var/spool/hollyRecord/2016/03/35196/35196_20160318172640307.mp3,TimeLen=4100,ResonCode=78,ResonDesc=_??? (78)）程序状态（PS08_普通通话）
2016-03-18 17:26:43,890 [1] INFO  HollyContact5_Demo.Loger [(null)] - [@@@厂家消息通知@@@]OnMessage ：厂家状态（CurStatus：5；CurStatusName：两方通话；）厂家消息（话路被挂断：ContactID=20160318172620529_1_407_UIP5,CurrStatus=21,LastStatus=28,OtherParty=151135,ResonCode=16,ResonDesc=ActTpDisconnected）程序状态（PS08_普通通话）
2016-03-18 17:26:43,901 [1] INFO  HollyContact5_Demo.Loger [(null)] - [@@@厂家消息通知@@@]OnMessage ：厂家状态（CurStatus：5；CurStatusName：两方通话；）厂家消息（通话结束。）程序状态（PS08_普通通话）
2016-03-18 17:26:43,926 [1] INFO  HollyContact5_Demo.Loger [(null)] - [@@@厂家消息通知@@@]OnMessage ：厂家状态（CurStatus：15；CurStatusName：工作整理；）厂家消息（状态改变：两方通话-->工作整理）程序状态（PS06_话后）
2016-03-18 17:26:43,937 [1] INFO  HollyContact5_Demo.Loger [(null)] - [>>>厂家状态变化<<<]OnStatusChange ：PS08_普通通话（5） -> PS06_话后（15）
2016-03-18 17:26:43,948 [1] INFO  HollyContact5_Demo.Loger [(null)] - [@@@厂家消息通知@@@]OnMessage ：厂家状态（CurStatus：15；CurStatusName：工作整理；）厂家消息（整理工作开始。）程序状态（PS06_话后）
2016-03-18 17:26:54,163 [1] INFO  HollyContact5_Demo.Loger [(null)] - [HollyContactHelper]用户操作==置闲->True
2016-03-18 17:26:54,383 [1] INFO  HollyContact5_Demo.Loger [(null)] - [@@@厂家消息通知@@@]OnMessage ：厂家状态（CurStatus：1；CurStatusName：空闲；）厂家消息（状态改变：工作整理-->空闲）程序状态（PS03_置闲）
2016-03-18 17:26:54,396 [1] INFO  HollyContact5_Demo.Loger [(null)] - [>>>厂家状态变化<<<]OnStatusChange ：PS06_话后（15） -> PS03_置闲（1）
2016-03-18 17:26:54,407 [1] INFO  HollyContact5_Demo.Loger [(null)] - [@@@厂家消息通知@@@]OnMessage ：厂家状态（CurStatus：1；CurStatusName：空闲；）厂家消息（示闲成功。）程序状态（PS03_置闲）
2016-03-18 17:27:17,074 [1] INFO  HollyContact5_Demo.Loger [(null)] - [@@@厂家消息通知@@@]OnMessage ：厂家状态（CurStatus：1；CurStatusName：空闲；）厂家消息（座席被锁定）程序状态（PS03_置闲）
2016-03-18 17:27:23,869 [1] INFO  HollyContact5_Demo.Loger [(null)] - [@@@厂家消息通知@@@]OnMessage ：厂家状态（CurStatus：3；CurStatusName：震铃；）厂家消息（状态改变：空闲-->震铃）程序状态（PS07_来电震铃）
2016-03-18 17:27:23,885 [1] INFO  HollyContact5_Demo.Loger [(null)] - [>>>厂家状态变化<<<]OnStatusChange ：PS03_置闲（1） -> PS07_来电震铃（3）
2016-03-18 17:27:23,916 [1] INFO  HollyContact5_Demo.Loger [(null)] - [@@@厂家消息通知@@@]OnMessage ：厂家状态（CurStatus：3；CurStatusName：震铃；）厂家消息（来电振铃。）程序状态（PS07_来电震铃）
2016-03-18 17:27:23,933 [1] INFO  HollyContact5_Demo.Loger [(null)] - [@@@厂家消息通知@@@]OnMessage ：厂家状态（CurStatus：3；CurStatusName：震铃；）厂家消息（座席话务处理）程序状态（PS07_来电震铃）
2016-03-18 17:27:23,948 [1] INFO  HollyContact5_Demo.Loger [(null)] - [@@@厂家消息通知@@@]OnMessage ：厂家状态（CurStatus：5；CurStatusName：两方通话；）厂家消息（状态改变：震铃-->两方通话）程序状态（PS08_普通通话）
2016-03-18 17:27:23,960 [1] INFO  HollyContact5_Demo.Loger [(null)] - [>>>厂家状态变化<<<]OnStatusChange ：PS07_来电震铃（3） -> PS08_普通通话（5）
2016-03-18 17:27:23,987 [1] INFO  HollyContact5_Demo.Loger [(null)] - [@@@厂家消息通知@@@]OnMessage ：厂家状态（CurStatus：5；CurStatusName：两方通话；）厂家消息（应答成功。）程序状态（PS08_普通通话）
2016-03-18 17:27:24,008 [1] INFO  HollyContact5_Demo.Loger [(null)] - [@@@厂家消息通知@@@]OnMessage ：厂家状态（CurStatus：5；CurStatusName：两方通话；）厂家消息（录音开始：ContactID=20160318172708445_1_409_UIP5,ANI=68211258,DNIS=1005,ResonCode=77,ResonDesc=_??? (77)）程序状态（PS08_普通通话）
2016-03-18 17:27:27,584 [1] INFO  HollyContact5_Demo.Loger [(null)] - [HollyContactHelper]用户操作==挂机->True
2016-03-18 17:27:27,664 [1] INFO  HollyContact5_Demo.Loger [(null)] - [@@@厂家消息通知@@@]OnMessage ：厂家状态（CurStatus：5；CurStatusName：两方通话；）厂家消息（录音停止：ContactID=20160318172708445_1_409_UIP5,ANI=68211258,DNIS=1005,FileName=/var/spool/hollyRecord/2016/03/35196/35196_20160318172724582.mp3,TimeLen=3740,ResonCode=78,ResonDesc=_??? (78)）程序状态（PS08_普通通话）
2016-03-18 17:27:27,682 [1] INFO  HollyContact5_Demo.Loger [(null)] - [@@@厂家消息通知@@@]OnMessage ：厂家状态（CurStatus：5；CurStatusName：两方通话；）厂家消息（话路被挂断：ContactID=20160318172708445_1_409_UIP5,CurrStatus=21,LastStatus=28,OtherParty=151137,ResonCode=16,ResonDesc=ActTpDisconnected）程序状态（PS08_普通通话）
2016-03-18 17:27:27,702 [1] INFO  HollyContact5_Demo.Loger [(null)] - [@@@厂家消息通知@@@]OnMessage ：厂家状态（CurStatus：5；CurStatusName：两方通话；）厂家消息（通话结束。）程序状态（PS08_普通通话）
2016-03-18 17:27:27,740 [1] INFO  HollyContact5_Demo.Loger [(null)] - [@@@厂家消息通知@@@]OnMessage ：厂家状态（CurStatus：15；CurStatusName：工作整理；）厂家消息（状态改变：两方通话-->工作整理）程序状态（PS06_话后）
2016-03-18 17:27:27,756 [1] INFO  HollyContact5_Demo.Loger [(null)] - [>>>厂家状态变化<<<]OnStatusChange ：PS08_普通通话（5） -> PS06_话后（15）
2016-03-18 17:27:27,772 [1] INFO  HollyContact5_Demo.Loger [(null)] - [@@@厂家消息通知@@@]OnMessage ：厂家状态（CurStatus：15；CurStatusName：工作整理；）厂家消息（整理工作开始。）程序状态（PS06_话后）
2016-03-18 17:27:29,905 [1] INFO  HollyContact5_Demo.Loger [(null)] - [@@@厂家消息通知@@@]OnMessage ：厂家状态（CurStatus：2；CurStatusName：置忙；）厂家消息（状态改变：工作整理-->置忙）程序状态（PS04_置忙）
2016-03-18 17:27:29,923 [1] INFO  HollyContact5_Demo.Loger [(null)] - [>>>厂家状态变化<<<]OnStatusChange ：PS06_话后（15） -> PS04_置忙（2）
2016-03-18 17:27:29,940 [1] INFO  HollyContact5_Demo.Loger [(null)] - [@@@厂家消息通知@@@]OnMessage ：厂家状态（CurStatus：2；CurStatusName：置忙；）厂家消息（示忙成功。）程序状态（PS04_置忙）
2016-03-18 17:27:30,149 [1] INFO  HollyContact5_Demo.Loger [(null)] - [HollyContactHelper]用户操作==签出->True
2016-03-18 17:27:30,365 [1] INFO  HollyContact5_Demo.Loger [(null)] - [@@@厂家消息通知@@@]OnMessage ：厂家状态（CurStatus：2；CurStatusName：置忙；）厂家消息（签出成功。）程序状态（PS04_置忙）
2016-03-18 17:27:30,401 [1] INFO  HollyContact5_Demo.Loger [(null)] - [@@@厂家消息通知@@@]OnMessage ：厂家状态（CurStatus：14；CurStatusName：签出；）厂家消息（状态改变：置忙-->签出）程序状态（PS02_签出）
2016-03-18 17:27:30,418 [1] INFO  HollyContact5_Demo.Loger [(null)] - [>>>厂家状态变化<<<]OnStatusChange ：PS04_置忙（2） -> PS02_签出（14）
2016-03-18 17:27:31,063 [1] INFO  HollyContact5_Demo.Loger [(null)] - [HollyContactHelper]用户操作==卸载->True
2016-03-18 17:27:36,272 [1] INFO  HollyContact5_Demo.Loger [(null)] - [HollyContactHelper]用户操作==装载及初始化->True
2016-03-18 17:27:36,315 [1] INFO  HollyContact5_Demo.Loger [(null)] - [@@@厂家消息通知@@@]OnMessage ：厂家状态（CurStatus：0；CurStatusName：准备就绪状态；）厂家消息（服务器已上线:UserName=AgentUser,UserGOR=39780353）程序状态（PS01_就绪）
2016-03-18 17:27:36,336 [1] INFO  HollyContact5_Demo.Loger [(null)] - [@@@厂家消息通知@@@]OnMessage ：厂家状态（CurStatus：0；CurStatusName：准备就绪状态；）厂家消息（服务器已上线:UserName=LSUser,UserGOR=65537）程序状态（PS01_就绪）
2016-03-18 17:27:36,363 [1] INFO  HollyContact5_Demo.Loger [(null)] - [@@@厂家消息通知@@@]OnMessage ：厂家状态（CurStatus：0；CurStatusName：准备就绪状态；）厂家消息（服务器已上线:UserName=ASUser,UserGOR=720897）程序状态（PS01_就绪）
2016-03-18 17:27:36,383 [1] INFO  HollyContact5_Demo.Loger [(null)] - [@@@厂家消息通知@@@]OnMessage ：厂家状态（CurStatus：0；CurStatusName：准备就绪状态；）厂家消息（服务器已上线:UserName=EDSUser,UserGOR=131073）程序状态（PS01_就绪）
2016-03-18 17:27:36,406 [1] INFO  HollyContact5_Demo.Loger [(null)] - [@@@厂家消息通知@@@]OnMessage ：厂家状态（CurStatus：0；CurStatusName：准备就绪状态；）厂家消息（服务器已上线:UserName=StatEvent,UserGOR=327681）程序状态（PS01_就绪）
2016-03-18 17:27:36,445 [1] INFO  HollyContact5_Demo.Loger [(null)] - [@@@厂家消息通知@@@]OnMessage ：厂家状态（CurStatus：0；CurStatusName：准备就绪状态；）厂家消息（服务器已上线:UserName=StatUser,UserGOR=327682）程序状态（PS01_就绪）
2016-03-18 17:27:37,293 [1] INFO  HollyContact5_Demo.Loger [(null)] - [HollyContactHelper]用户操作==添加技能组->1096 1
2016-03-18 17:27:37,799 [1] INFO  HollyContact5_Demo.Loger [(null)] - [HollyContactHelper]用户操作==签入->True
2016-03-18 17:27:38,022 [1] INFO  HollyContact5_Demo.Loger [(null)] - [@@@厂家消息通知@@@]OnMessage ：厂家状态（CurStatus：0；CurStatusName：准备就绪状态；）厂家消息（座席签入成功）程序状态（PS01_就绪）
2016-03-18 17:27:38,071 [1] INFO  HollyContact5_Demo.Loger [(null)] - [@@@厂家消息通知@@@]OnMessage ：厂家状态（CurStatus：2；CurStatusName：置忙；）厂家消息（状态改变：准备就绪状态-->置忙）程序状态（PS04_置忙）
2016-03-18 17:27:38,090 [1] INFO  HollyContact5_Demo.Loger [(null)] - [>>>厂家状态变化<<<]OnStatusChange ：PS01_就绪（0） -> PS04_置忙（2）
2016-03-18 17:27:38,112 [1] INFO  HollyContact5_Demo.Loger [(null)] - [@@@厂家消息通知@@@]OnMessage ：厂家状态（CurStatus：2；CurStatusName：置忙；）厂家消息（签入成功。）程序状态（PS04_置忙）
2016-03-18 17:27:38,447 [1] INFO  HollyContact5_Demo.Loger [(null)] - [HollyContactHelper]用户操作==置闲->True
2016-03-18 17:27:38,676 [1] INFO  HollyContact5_Demo.Loger [(null)] - [@@@厂家消息通知@@@]OnMessage ：厂家状态（CurStatus：1；CurStatusName：空闲；）厂家消息（状态改变：置忙-->空闲）程序状态（PS03_置闲）
2016-03-18 17:27:38,696 [1] INFO  HollyContact5_Demo.Loger [(null)] - [>>>厂家状态变化<<<]OnStatusChange ：PS04_置忙（2） -> PS03_置闲（1）
2016-03-18 17:27:38,720 [1] INFO  HollyContact5_Demo.Loger [(null)] - [@@@厂家消息通知@@@]OnMessage ：厂家状态（CurStatus：1；CurStatusName：空闲；）厂家消息（示闲成功。）程序状态（PS03_置闲）
2016-03-18 17:27:39,299 [1] INFO  HollyContact5_Demo.Loger [(null)] - [HollyContactHelper]用户操作==休息（BS0_自动）->True
2016-03-18 17:27:39,523 [1] INFO  HollyContact5_Demo.Loger [(null)] - [@@@厂家消息通知@@@]OnMessage ：厂家状态（CurStatus：16；CurStatusName：休息；）厂家消息（状态改变：空闲-->休息）程序状态（PS05_休息）
2016-03-18 17:27:39,548 [1] INFO  HollyContact5_Demo.Loger [(null)] - [>>>厂家状态变化<<<]OnStatusChange ：PS03_置闲（1） -> PS05_休息（16）
2016-03-18 17:27:39,583 [1] INFO  HollyContact5_Demo.Loger [(null)] - [@@@厂家消息通知@@@]OnMessage ：厂家状态（CurStatus：16；CurStatusName：休息；）厂家消息（休息开始。）程序状态（PS05_休息）
2016-03-18 17:27:39,824 [1] INFO  HollyContact5_Demo.Loger [(null)] - [HollyContactHelper]用户操作==结束休息->True
2016-03-18 17:27:40,049 [1] INFO  HollyContact5_Demo.Loger [(null)] - [@@@厂家消息通知@@@]OnMessage ：厂家状态（CurStatus：1；CurStatusName：空闲；）厂家消息（状态改变：休息-->空闲）程序状态（PS03_置闲）
2016-03-18 17:27:40,071 [1] INFO  HollyContact5_Demo.Loger [(null)] - [>>>厂家状态变化<<<]OnStatusChange ：PS05_休息（16） -> PS03_置闲（1）
2016-03-18 17:27:40,096 [1] INFO  HollyContact5_Demo.Loger [(null)] - [@@@厂家消息通知@@@]OnMessage ：厂家状态（CurStatus：1；CurStatusName：空闲；）厂家消息（休息结束。）程序状态（PS03_置闲）
2016-03-18 17:27:40,559 [1] INFO  HollyContact5_Demo.Loger [(null)] - [^^^厂家错误通知^^^]OnError ：CTIErrorCode:0   ErrorCode:10  ErrorDesc:当前状态不允许该操作,必须是置忙、整理等状态。
2016-03-18 17:27:40,559 [1] INFO  HollyContact5_Demo.Loger [(null)] - [HollyContactHelper]用户操作==置闲->False
2016-03-18 17:27:59,609 [1] INFO  HollyContact5_Demo.Loger [(null)] - [@@@厂家消息通知@@@]OnMessage ：厂家状态（CurStatus：1；CurStatusName：空闲；）厂家消息（座席被锁定）程序状态（PS03_置闲）
2016-03-18 17:28:06,621 [1] INFO  HollyContact5_Demo.Loger [(null)] - [@@@厂家消息通知@@@]OnMessage ：厂家状态（CurStatus：3；CurStatusName：震铃；）厂家消息（状态改变：空闲-->震铃）程序状态（PS07_来电震铃）
2016-03-18 17:28:06,632 [1] INFO  HollyContact5_Demo.Loger [(null)] - [>>>厂家状态变化<<<]OnStatusChange ：PS03_置闲（1） -> PS07_来电震铃（3）
2016-03-18 17:28:06,650 [1] INFO  HollyContact5_Demo.Loger [(null)] - [@@@厂家消息通知@@@]OnMessage ：厂家状态（CurStatus：3；CurStatusName：震铃；）厂家消息（来电振铃。）程序状态（PS07_来电震铃）
2016-03-18 17:28:06,656 [1] INFO  HollyContact5_Demo.Loger [(null)] - [@@@厂家消息通知@@@]OnMessage ：厂家状态（CurStatus：3；CurStatusName：震铃；）厂家消息（座席话务处理）程序状态（PS07_来电震铃）
2016-03-18 17:28:06,670 [1] INFO  HollyContact5_Demo.Loger [(null)] - [@@@厂家消息通知@@@]OnMessage ：厂家状态（CurStatus：5；CurStatusName：两方通话；）厂家消息（状态改变：震铃-->两方通话）程序状态（PS08_普通通话）
2016-03-18 17:28:06,679 [1] INFO  HollyContact5_Demo.Loger [(null)] - [>>>厂家状态变化<<<]OnStatusChange ：PS07_来电震铃（3） -> PS08_普通通话（5）
2016-03-18 17:28:06,695 [1] INFO  HollyContact5_Demo.Loger [(null)] - [@@@厂家消息通知@@@]OnMessage ：厂家状态（CurStatus：5；CurStatusName：两方通话；）厂家消息（应答成功。）程序状态（PS08_普通通话）
2016-03-18 17:28:06,707 [1] INFO  HollyContact5_Demo.Loger [(null)] - [@@@厂家消息通知@@@]OnMessage ：厂家状态（CurStatus：5；CurStatusName：两方通话；）厂家消息（录音开始：ContactID=20160318172750811_1_411_UIP5,ANI=68211258,DNIS=1005,ResonCode=77,ResonDesc=_??? (77)）程序状态（PS08_普通通话）
2016-03-18 17:28:10,989 [1] INFO  HollyContact5_Demo.Loger [(null)] - [@@@厂家消息通知@@@]OnMessage ：厂家状态（CurStatus：5；CurStatusName：两方通话；）厂家消息（录音停止：ContactID=20160318172750811_1_411_UIP5,ANI=68211258,DNIS=1005,FileName=/var/spool/hollyRecord/2016/03/35196/35196_20160318172806801.mp3,TimeLen=4377,ResonCode=78,ResonDesc=_??? (78)）程序状态（PS08_普通通话）
2016-03-18 17:28:11,193 [1] INFO  HollyContact5_Demo.Loger [(null)] - [@@@厂家消息通知@@@]OnMessage ：厂家状态（CurStatus：5；CurStatusName：两方通话；）厂家消息（话路被挂断：ContactID=20160318172750811_1_411_UIP5,CurrStatus=21,LastStatus=28,OtherParty=151139,ResonCode=16,ResonDesc=ActTpDisconnected）程序状态（PS08_普通通话）
2016-03-18 17:28:11,203 [1] INFO  HollyContact5_Demo.Loger [(null)] - [@@@厂家消息通知@@@]OnMessage ：厂家状态（CurStatus：5；CurStatusName：两方通话；）厂家消息（通话结束。）程序状态（PS08_普通通话）
2016-03-18 17:28:11,234 [1] INFO  HollyContact5_Demo.Loger [(null)] - [@@@厂家消息通知@@@]OnMessage ：厂家状态（CurStatus：15；CurStatusName：工作整理；）厂家消息（状态改变：两方通话-->工作整理）程序状态（PS06_话后）
2016-03-18 17:28:11,244 [1] INFO  HollyContact5_Demo.Loger [(null)] - [>>>厂家状态变化<<<]OnStatusChange ：PS08_普通通话（5） -> PS06_话后（15）
2016-03-18 17:28:11,255 [1] INFO  HollyContact5_Demo.Loger [(null)] - [@@@厂家消息通知@@@]OnMessage ：厂家状态（CurStatus：15；CurStatusName：工作整理；）厂家消息（整理工作开始。）程序状态（PS06_话后）
2016-03-18 17:28:15,968 [1] INFO  HollyContact5_Demo.Loger [(null)] - [@@@厂家消息通知@@@]OnMessage ：厂家状态（CurStatus：2；CurStatusName：置忙；）厂家消息（状态改变：工作整理-->置忙）程序状态（PS04_置忙）
2016-03-18 17:28:15,979 [1] INFO  HollyContact5_Demo.Loger [(null)] - [>>>厂家状态变化<<<]OnStatusChange ：PS06_话后（15） -> PS04_置忙（2）
2016-03-18 17:28:15,992 [1] INFO  HollyContact5_Demo.Loger [(null)] - [@@@厂家消息通知@@@]OnMessage ：厂家状态（CurStatus：2；CurStatusName：置忙；）厂家消息（示忙成功。）程序状态（PS04_置忙）
2016-03-18 17:28:16,134 [1] INFO  HollyContact5_Demo.Loger [(null)] - [HollyContactHelper]用户操作==签出->True
2016-03-18 17:28:16,308 [1] INFO  HollyContact5_Demo.Loger [(null)] - [@@@厂家消息通知@@@]OnMessage ：厂家状态（CurStatus：2；CurStatusName：置忙；）厂家消息（签出成功。）程序状态（PS04_置忙）
2016-03-18 17:28:16,334 [1] INFO  HollyContact5_Demo.Loger [(null)] - [@@@厂家消息通知@@@]OnMessage ：厂家状态（CurStatus：14；CurStatusName：签出；）厂家消息（状态改变：置忙-->签出）程序状态（PS02_签出）
2016-03-18 17:28:16,349 [1] INFO  HollyContact5_Demo.Loger [(null)] - [>>>厂家状态变化<<<]OnStatusChange ：PS04_置忙（2） -> PS02_签出（14）
2016-03-18 17:28:17,037 [1] INFO  HollyContact5_Demo.Loger [(null)] - [HollyContactHelper]用户操作==卸载->True
2016-03-18 17:28:23,092 [1] INFO  HollyContact5_Demo.Loger [(null)] - [HollyContactHelper]用户操作==装载及初始化->True
2016-03-18 17:28:23,122 [1] INFO  HollyContact5_Demo.Loger [(null)] - [@@@厂家消息通知@@@]OnMessage ：厂家状态（CurStatus：0；CurStatusName：准备就绪状态；）厂家消息（服务器已上线:UserName=AgentUser,UserGOR=39845889）程序状态（PS01_就绪）
2016-03-18 17:28:23,137 [1] INFO  HollyContact5_Demo.Loger [(null)] - [@@@厂家消息通知@@@]OnMessage ：厂家状态（CurStatus：0；CurStatusName：准备就绪状态；）厂家消息（服务器已上线:UserName=LSUser,UserGOR=65537）程序状态（PS01_就绪）
2016-03-18 17:28:23,155 [1] INFO  HollyContact5_Demo.Loger [(null)] - [@@@厂家消息通知@@@]OnMessage ：厂家状态（CurStatus：0；CurStatusName：准备就绪状态；）厂家消息（服务器已上线:UserName=ASUser,UserGOR=720897）程序状态（PS01_就绪）
2016-03-18 17:28:23,170 [1] INFO  HollyContact5_Demo.Loger [(null)] - [@@@厂家消息通知@@@]OnMessage ：厂家状态（CurStatus：0；CurStatusName：准备就绪状态；）厂家消息（服务器已上线:UserName=EDSUser,UserGOR=131073）程序状态（PS01_就绪）
2016-03-18 17:28:23,185 [1] INFO  HollyContact5_Demo.Loger [(null)] - [@@@厂家消息通知@@@]OnMessage ：厂家状态（CurStatus：0；CurStatusName：准备就绪状态；）厂家消息（服务器已上线:UserName=StatEvent,UserGOR=327681）程序状态（PS01_就绪）
2016-03-18 17:28:23,214 [1] INFO  HollyContact5_Demo.Loger [(null)] - [@@@厂家消息通知@@@]OnMessage ：厂家状态（CurStatus：0；CurStatusName：准备就绪状态；）厂家消息（服务器已上线:UserName=StatUser,UserGOR=327682）程序状态（PS01_就绪）
2016-03-18 17:28:23,355 [1] INFO  HollyContact5_Demo.Loger [(null)] - [HollyContactHelper]用户操作==添加技能组->1096 1
2016-03-18 17:28:23,956 [1] INFO  HollyContact5_Demo.Loger [(null)] - [HollyContactHelper]用户操作==签入->True
2016-03-18 17:28:24,172 [1] INFO  HollyContact5_Demo.Loger [(null)] - [@@@厂家消息通知@@@]OnMessage ：厂家状态（CurStatus：0；CurStatusName：准备就绪状态；）厂家消息（座席签入成功）程序状态（PS01_就绪）
2016-03-18 17:28:24,214 [1] INFO  HollyContact5_Demo.Loger [(null)] - [@@@厂家消息通知@@@]OnMessage ：厂家状态（CurStatus：2；CurStatusName：置忙；）厂家消息（状态改变：准备就绪状态-->置忙）程序状态（PS04_置忙）
2016-03-18 17:28:24,226 [1] INFO  HollyContact5_Demo.Loger [(null)] - [>>>厂家状态变化<<<]OnStatusChange ：PS01_就绪（0） -> PS04_置忙（2）
2016-03-18 17:28:24,244 [1] INFO  HollyContact5_Demo.Loger [(null)] - [@@@厂家消息通知@@@]OnMessage ：厂家状态（CurStatus：2；CurStatusName：置忙；）厂家消息（签入成功。）程序状态（PS04_置忙）
2016-03-18 17:28:24,444 [1] INFO  HollyContact5_Demo.Loger [(null)] - [HollyContactHelper]用户操作==置闲->True
2016-03-18 17:28:24,667 [1] INFO  HollyContact5_Demo.Loger [(null)] - [@@@厂家消息通知@@@]OnMessage ：厂家状态（CurStatus：1；CurStatusName：空闲；）厂家消息（状态改变：置忙-->空闲）程序状态（PS03_置闲）
2016-03-18 17:28:24,684 [1] INFO  HollyContact5_Demo.Loger [(null)] - [>>>厂家状态变化<<<]OnStatusChange ：PS04_置忙（2） -> PS03_置闲（1）
2016-03-18 17:28:24,702 [1] INFO  HollyContact5_Demo.Loger [(null)] - [@@@厂家消息通知@@@]OnMessage ：厂家状态（CurStatus：1；CurStatusName：空闲；）厂家消息（示闲成功。）程序状态（PS03_置闲）
2016-03-18 17:29:08,413 [1] INFO  HollyContact5_Demo.Loger [(null)] - [@@@厂家消息通知@@@]OnMessage ：厂家状态（CurStatus：1；CurStatusName：空闲；）厂家消息（座席被锁定）程序状态（PS03_置闲）
2016-03-18 17:29:12,795 [1] INFO  HollyContact5_Demo.Loger [(null)] - [@@@厂家消息通知@@@]OnMessage ：厂家状态（CurStatus：1；CurStatusName：空闲；）厂家消息（话路被挂断：ContactID=20160318172859317_1_415_UIP5,CurrStatus=21,LastStatus=0,OtherParty=,ResonCode=0,ResonDesc=ActNULL）程序状态（PS03_置闲）
2016-03-18 18:39:34,361 [1] INFO  HollyContact5_Demo.Loger [(null)] - [^^^厂家错误通知^^^]OnError ：CTIErrorCode:0   ErrorCode:5  ErrorDesc:服务器已下线:UserName=EDSUser,UserGOR=131073
2016-03-18 18:39:34,372 [1] INFO  HollyContact5_Demo.Loger [(null)] - [^^^厂家错误通知^^^]OnError ：CTIErrorCode:0   ErrorCode:5  ErrorDesc:服务器已下线:UserName=StatUser,UserGOR=327682
2016-03-18 18:39:34,378 [1] INFO  HollyContact5_Demo.Loger [(null)] - [^^^厂家错误通知^^^]OnError ：CTIErrorCode:0   ErrorCode:5  ErrorDesc:服务器已下线:UserName=StatEvent,UserGOR=327681
2016-03-18 18:39:34,384 [1] INFO  HollyContact5_Demo.Loger [(null)] - [^^^厂家错误通知^^^]OnError ：CTIErrorCode:0   ErrorCode:5  ErrorDesc:服务器已下线:UserName=LSUser,UserGOR=65537
2016-03-18 18:39:34,389 [1] INFO  HollyContact5_Demo.Loger [(null)] - [^^^厂家错误通知^^^]OnError ：CTIErrorCode:0   ErrorCode:5  ErrorDesc:服务器已下线:UserName=ASUser,UserGOR=720897
2016-03-18 18:39:34,395 [1] INFO  HollyContact5_Demo.Loger [(null)] - [@@@厂家消息通知@@@]OnMessage ：厂家状态（CurStatus：1；CurStatusName：空闲；）厂家消息（签出成功。）程序状态（PS03_置闲）
2016-03-18 18:39:34,407 [1] INFO  HollyContact5_Demo.Loger [(null)] - [@@@厂家消息通知@@@]OnMessage ：厂家状态（CurStatus：14；CurStatusName：签出；）厂家消息（状态改变：空闲-->签出）程序状态（PS02_签出）
2016-03-18 18:39:34,411 [1] INFO  HollyContact5_Demo.Loger [(null)] - [>>>厂家状态变化<<<]OnStatusChange ：PS03_置闲（1） -> PS02_签出（14）
